<?xml version="1.0" encoding="utf-8"?>
<report xmlns:xsi="http://www.w3.org/2001/XMLSchema-instance" xmlns:xsd="http://www.w3.org/2001/XMLSchema" xmlns="http://www.gallio.org/">
  <testPackage shadowCopy="false" debug="false">
    <files>
      <file>C:\data\SubsonicRoot\ss2\SubSonic.Tests\bin\Debug\SubSonic.Tests.dll</file>
    </files>
    <hintDirectories />
    <excludedFrameworkIds />
    <properties />
  </testPackage>
  <testModel>
    <test id="c2722843734a7a54" name="Root" fullName="" isTestCase="false">
      <codeReference />
      <codeLocation />
      <metadata>
        <entry key="TestKind">
          <value>Root</value>
        </entry>
      </metadata>
      <children>
        <test id="af69a8159bbce33b" name="SubSonic.Tests" fullName="SubSonic.Tests" isTestCase="false">
          <codeReference assembly="SubSonic.Tests, Version=2.2.1.0, Culture=neutral, PublicKeyToken=null" />
          <codeLocation path="C:\data\SubsonicRoot\ss2\SubSonic.Tests\bin\Debug\SubSonic.Tests.DLL" />
          <metadata>
            <entry key="TestKind">
              <value>MbUnit v3 Assembly</value>
            </entry>
            <entry key="File">
              <value>C:\data\SubsonicRoot\ss2\SubSonic.Tests\bin\Debug\SubSonic.Tests.DLL</value>
            </entry>
            <entry key="CodeBase">
              <value>C:\data\SubsonicRoot\ss2\SubSonic.Tests\bin\Debug\SubSonic.Tests.DLL</value>
            </entry>
            <entry key="Copyright">
              <value>Copyright Â©2006-2009 The SubSonic Project</value>
            </entry>
            <entry key="FileVersion">
              <value>2.2.1.0</value>
            </entry>
            <entry key="Product">
              <value>SubSonic.Tests</value>
            </entry>
            <entry key="Title">
              <value>SubSonic.Tests</value>
            </entry>
            <entry key="Version">
              <value>2.2.1.0</value>
            </entry>
            <entry key="Framework">
              <value>MbUnit v3.2 build 749</value>
            </entry>
          </metadata>
          <children>
            <test id="f46067cf1bd4c990" name="QueryTest" fullName="SubSonic.Tests/QueryTest" isTestCase="false">
              <codeReference assembly="SubSonic.Tests, Version=2.2.1.0, Culture=neutral, PublicKeyToken=null" namespace="SubSonic.Tests" type="SubSonic.Tests.QueryTest" />
              <codeLocation path="C:\data\SubsonicRoot\ss2\SubSonic.Tests\QueryTest.cs" />
              <metadata>
                <entry key="TestKind">
                  <value>Fixture</value>
                </entry>
              </metadata>
              <children>
                <test id="70b492a14e103f32" name="Query_ORDER_BY_Expression" fullName="SubSonic.Tests/QueryTest/Query_ORDER_BY_Expression" isTestCase="true">
                  <codeReference assembly="SubSonic.Tests, Version=2.2.1.0, Culture=neutral, PublicKeyToken=null" namespace="SubSonic.Tests" type="SubSonic.Tests.QueryTest" member="Query_ORDER_BY_Expression" />
                  <codeLocation path="C:\data\SubsonicRoot\ss2\SubSonic.Tests\QueryTest.cs" line="715" />
                  <metadata>
                    <entry key="TestKind">
                      <value>Test</value>
                    </entry>
                  </metadata>
                  <children />
                  <parameters />
                </test>
                <test id="3cfaf24b508ac6bf" name="Query_ORDER_BY_DESC" fullName="SubSonic.Tests/QueryTest/Query_ORDER_BY_DESC" isTestCase="true">
                  <codeReference assembly="SubSonic.Tests, Version=2.2.1.0, Culture=neutral, PublicKeyToken=null" namespace="SubSonic.Tests" type="SubSonic.Tests.QueryTest" member="Query_ORDER_BY_DESC" />
                  <codeLocation path="C:\data\SubsonicRoot\ss2\SubSonic.Tests\QueryTest.cs" line="700" />
                  <metadata>
                    <entry key="TestKind">
                      <value>Test</value>
                    </entry>
                  </metadata>
                  <children />
                  <parameters />
                </test>
                <test id="38b6b7eb43f66658" name="Query_ORDER_BY_ExpressionDESC" fullName="SubSonic.Tests/QueryTest/Query_ORDER_BY_ExpressionDESC" isTestCase="true">
                  <codeReference assembly="SubSonic.Tests, Version=2.2.1.0, Culture=neutral, PublicKeyToken=null" namespace="SubSonic.Tests" type="SubSonic.Tests.QueryTest" member="Query_ORDER_BY_ExpressionDESC" />
                  <codeLocation path="C:\data\SubsonicRoot\ss2\SubSonic.Tests\QueryTest.cs" line="728" />
                  <metadata>
                    <entry key="TestKind">
                      <value>Test</value>
                    </entry>
                  </metadata>
                  <children />
                  <parameters />
                </test>
                <test id="1c7e35ab2fdd19c0" name="QueryExecuteJoinedDataSet_ORDER_BY_DESC" fullName="SubSonic.Tests/QueryTest/QueryExecuteJoinedDataSet_ORDER_BY_DESC" isTestCase="true">
                  <codeReference assembly="SubSonic.Tests, Version=2.2.1.0, Culture=neutral, PublicKeyToken=null" namespace="SubSonic.Tests" type="SubSonic.Tests.QueryTest" member="QueryExecuteJoinedDataSet_ORDER_BY_DESC" />
                  <codeLocation path="C:\data\SubsonicRoot\ss2\SubSonic.Tests\QueryTest.cs" line="756" />
                  <metadata>
                    <entry key="TestKind">
                      <value>Test</value>
                    </entry>
                  </metadata>
                  <children />
                  <parameters />
                </test>
                <test id="3a7d99bc8d4f20fb" name="QueryExecuteJoinedDataSet_ORDER_BY" fullName="SubSonic.Tests/QueryTest/QueryExecuteJoinedDataSet_ORDER_BY" isTestCase="true">
                  <codeReference assembly="SubSonic.Tests, Version=2.2.1.0, Culture=neutral, PublicKeyToken=null" namespace="SubSonic.Tests" type="SubSonic.Tests.QueryTest" member="QueryExecuteJoinedDataSet_ORDER_BY" />
                  <codeLocation path="C:\data\SubsonicRoot\ss2\SubSonic.Tests\QueryTest.cs" line="741" />
                  <metadata>
                    <entry key="TestKind">
                      <value>Test</value>
                    </entry>
                  </metadata>
                  <children />
                  <parameters />
                </test>
                <test id="79fb4ff1bee03d7d" name="Query_ORDER_BY" fullName="SubSonic.Tests/QueryTest/Query_ORDER_BY" isTestCase="true">
                  <codeReference assembly="SubSonic.Tests, Version=2.2.1.0, Culture=neutral, PublicKeyToken=null" namespace="SubSonic.Tests" type="SubSonic.Tests.QueryTest" member="Query_ORDER_BY" />
                  <codeLocation path="C:\data\SubsonicRoot\ss2\SubSonic.Tests\QueryTest.cs" line="685" />
                  <metadata>
                    <entry key="TestKind">
                      <value>Test</value>
                    </entry>
                  </metadata>
                  <children />
                  <parameters />
                </test>
                <test id="c51cd3763d8fcd4e" name="QueryExecuteJoinedDataSet_NOT_IN_ArrayList" fullName="SubSonic.Tests/QueryTest/QueryExecuteJoinedDataSet_NOT_IN_ArrayList" isTestCase="true">
                  <codeReference assembly="SubSonic.Tests, Version=2.2.1.0, Culture=neutral, PublicKeyToken=null" namespace="SubSonic.Tests" type="SubSonic.Tests.QueryTest" member="QueryExecuteJoinedDataSet_NOT_IN_ArrayList" />
                  <codeLocation path="C:\data\SubsonicRoot\ss2\SubSonic.Tests\QueryTest.cs" line="620" />
                  <metadata>
                    <entry key="TestKind">
                      <value>Test</value>
                    </entry>
                  </metadata>
                  <children />
                  <parameters />
                </test>
                <test id="80c7207db2b7b112" name="QueryExecuteJoinedDataSet_NOT_IN_ListCollection" fullName="SubSonic.Tests/QueryTest/QueryExecuteJoinedDataSet_NOT_IN_ListCollection" isTestCase="true">
                  <codeReference assembly="SubSonic.Tests, Version=2.2.1.0, Culture=neutral, PublicKeyToken=null" namespace="SubSonic.Tests" type="SubSonic.Tests.QueryTest" member="QueryExecuteJoinedDataSet_NOT_IN_ListCollection" />
                  <codeLocation path="C:\data\SubsonicRoot\ss2\SubSonic.Tests\QueryTest.cs" line="601" />
                  <metadata>
                    <entry key="TestKind">
                      <value>Test</value>
                    </entry>
                  </metadata>
                  <children />
                  <parameters />
                </test>
                <test id="a02573cbf60fe8c0" name="Query_JoinedDataSet_OrderByCollection" fullName="SubSonic.Tests/QueryTest/Query_JoinedDataSet_OrderByCollection" isTestCase="true">
                  <codeReference assembly="SubSonic.Tests, Version=2.2.1.0, Culture=neutral, PublicKeyToken=null" namespace="SubSonic.Tests" type="SubSonic.Tests.QueryTest" member="Query_JoinedDataSet_OrderByCollection" />
                  <codeLocation path="C:\data\SubsonicRoot\ss2\SubSonic.Tests\QueryTest.cs" line="635" />
                  <metadata>
                    <entry key="TestKind">
                      <value>Test</value>
                    </entry>
                  </metadata>
                  <children />
                  <parameters />
                </test>
                <test id="ac4c55aa97b4f782" name="Query_OrderBy" fullName="SubSonic.Tests/QueryTest/Query_OrderBy" isTestCase="true">
                  <codeReference assembly="SubSonic.Tests, Version=2.2.1.0, Culture=neutral, PublicKeyToken=null" namespace="SubSonic.Tests" type="SubSonic.Tests.QueryTest" member="Query_OrderBy" />
                  <codeLocation path="C:\data\SubsonicRoot\ss2\SubSonic.Tests\QueryTest.cs" line="669" />
                  <metadata>
                    <entry key="TestKind">
                      <value>Test</value>
                    </entry>
                  </metadata>
                  <children />
                  <parameters />
                </test>
                <test id="7fad8bfcd35f9aeb" name="Query_OrderByCollection" fullName="SubSonic.Tests/QueryTest/Query_OrderByCollection" isTestCase="true">
                  <codeReference assembly="SubSonic.Tests, Version=2.2.1.0, Culture=neutral, PublicKeyToken=null" namespace="SubSonic.Tests" type="SubSonic.Tests.QueryTest" member="Query_OrderByCollection" />
                  <codeLocation path="C:\data\SubsonicRoot\ss2\SubSonic.Tests\QueryTest.cs" line="652" />
                  <metadata>
                    <entry key="TestKind">
                      <value>Test</value>
                    </entry>
                  </metadata>
                  <children />
                  <parameters />
                </test>
                <test id="4af81c72f981aa27" name="QueryExecuteJoinedDataSet_ORDER_BY_DESC_Collection" fullName="SubSonic.Tests/QueryTest/QueryExecuteJoinedDataSet_ORDER_BY_DESC_Collection" isTestCase="true">
                  <codeReference assembly="SubSonic.Tests, Version=2.2.1.0, Culture=neutral, PublicKeyToken=null" namespace="SubSonic.Tests" type="SubSonic.Tests.QueryTest" member="QueryExecuteJoinedDataSet_ORDER_BY_DESC_Collection" />
                  <codeLocation path="C:\data\SubsonicRoot\ss2\SubSonic.Tests\QueryTest.cs" line="880" />
                  <metadata>
                    <entry key="TestKind">
                      <value>Test</value>
                    </entry>
                  </metadata>
                  <children />
                  <parameters />
                </test>
                <test id="f5a8a3b68cfd45ee" name="QueryExecuteJoinedDataSet_ORDER_BY_Collection" fullName="SubSonic.Tests/QueryTest/QueryExecuteJoinedDataSet_ORDER_BY_Collection" isTestCase="true">
                  <codeReference assembly="SubSonic.Tests, Version=2.2.1.0, Culture=neutral, PublicKeyToken=null" namespace="SubSonic.Tests" type="SubSonic.Tests.QueryTest" member="QueryExecuteJoinedDataSet_ORDER_BY_Collection" />
                  <codeLocation path="C:\data\SubsonicRoot\ss2\SubSonic.Tests\QueryTest.cs" line="863" />
                  <metadata>
                    <entry key="TestKind">
                      <value>Test</value>
                    </entry>
                  </metadata>
                  <children />
                  <parameters />
                </test>
                <test id="5526f38da62244ce" name="QueryExecuteJoinedDataSet_ORDER_BY_Expression_Collection" fullName="SubSonic.Tests/QueryTest/QueryExecuteJoinedDataSet_ORDER_BY_Expression_Collection" isTestCase="true">
                  <codeReference assembly="SubSonic.Tests, Version=2.2.1.0, Culture=neutral, PublicKeyToken=null" namespace="SubSonic.Tests" type="SubSonic.Tests.QueryTest" member="QueryExecuteJoinedDataSet_ORDER_BY_Expression_Collection" />
                  <codeLocation path="C:\data\SubsonicRoot\ss2\SubSonic.Tests\QueryTest.cs" line="897" />
                  <metadata>
                    <entry key="TestKind">
                      <value>Test</value>
                    </entry>
                  </metadata>
                  <children />
                  <parameters />
                </test>
                <test id="a2c88f14d4053e39" name="Query_Select" fullName="SubSonic.Tests/QueryTest/Query_Select" isTestCase="true">
                  <codeReference assembly="SubSonic.Tests, Version=2.2.1.0, Culture=neutral, PublicKeyToken=null" namespace="SubSonic.Tests" type="SubSonic.Tests.QueryTest" member="Query_Select" />
                  <codeLocation path="C:\data\SubsonicRoot\ss2\SubSonic.Tests\QueryTest.cs" line="36" />
                  <metadata>
                    <entry key="TestKind">
                      <value>Test</value>
                    </entry>
                  </metadata>
                  <children />
                  <parameters />
                </test>
                <test id="aac99ba1d79bba39" name="QueryExecuteJoinedDataSet_ORDER_BY_ExpressionDESC_Collection" fullName="SubSonic.Tests/QueryTest/QueryExecuteJoinedDataSet_ORDER_BY_ExpressionDESC_Collection" isTestCase="true">
                  <codeReference assembly="SubSonic.Tests, Version=2.2.1.0, Culture=neutral, PublicKeyToken=null" namespace="SubSonic.Tests" type="SubSonic.Tests.QueryTest" member="QueryExecuteJoinedDataSet_ORDER_BY_ExpressionDESC_Collection" />
                  <codeLocation path="C:\data\SubsonicRoot\ss2\SubSonic.Tests\QueryTest.cs" line="913" />
                  <metadata>
                    <entry key="TestKind">
                      <value>Test</value>
                    </entry>
                  </metadata>
                  <children />
                  <parameters />
                </test>
                <test id="cdf314a8da06c440" name="Query_ORDER_BY_ExpressionDESC_Collection" fullName="SubSonic.Tests/QueryTest/Query_ORDER_BY_ExpressionDESC_Collection" isTestCase="true">
                  <codeReference assembly="SubSonic.Tests, Version=2.2.1.0, Culture=neutral, PublicKeyToken=null" namespace="SubSonic.Tests" type="SubSonic.Tests.QueryTest" member="Query_ORDER_BY_ExpressionDESC_Collection" />
                  <codeLocation path="C:\data\SubsonicRoot\ss2\SubSonic.Tests\QueryTest.cs" line="847" />
                  <metadata>
                    <entry key="TestKind">
                      <value>Test</value>
                    </entry>
                  </metadata>
                  <children />
                  <parameters />
                </test>
                <test id="a824e63bdf5fe916" name="QueryExecuteJoinedDataSet_ORDER_BY_ExpressionDESC" fullName="SubSonic.Tests/QueryTest/QueryExecuteJoinedDataSet_ORDER_BY_ExpressionDESC" isTestCase="true">
                  <codeReference assembly="SubSonic.Tests, Version=2.2.1.0, Culture=neutral, PublicKeyToken=null" namespace="SubSonic.Tests" type="SubSonic.Tests.QueryTest" member="QueryExecuteJoinedDataSet_ORDER_BY_ExpressionDESC" />
                  <codeLocation path="C:\data\SubsonicRoot\ss2\SubSonic.Tests\QueryTest.cs" line="784" />
                  <metadata>
                    <entry key="TestKind">
                      <value>Test</value>
                    </entry>
                  </metadata>
                  <children />
                  <parameters />
                </test>
                <test id="7b83051614492264" name="QueryExecuteJoinedDataSet_ORDER_BY_Expression" fullName="SubSonic.Tests/QueryTest/QueryExecuteJoinedDataSet_ORDER_BY_Expression" isTestCase="true">
                  <codeReference assembly="SubSonic.Tests, Version=2.2.1.0, Culture=neutral, PublicKeyToken=null" namespace="SubSonic.Tests" type="SubSonic.Tests.QueryTest" member="QueryExecuteJoinedDataSet_ORDER_BY_Expression" />
                  <codeLocation path="C:\data\SubsonicRoot\ss2\SubSonic.Tests\QueryTest.cs" line="771" />
                  <metadata>
                    <entry key="TestKind">
                      <value>Test</value>
                    </entry>
                  </metadata>
                  <children />
                  <parameters />
                </test>
                <test id="63e295e82b0e0c70" name="Query_ORDER_BY_Collection" fullName="SubSonic.Tests/QueryTest/Query_ORDER_BY_Collection" isTestCase="true">
                  <codeReference assembly="SubSonic.Tests, Version=2.2.1.0, Culture=neutral, PublicKeyToken=null" namespace="SubSonic.Tests" type="SubSonic.Tests.QueryTest" member="Query_ORDER_BY_Collection" />
                  <codeLocation path="C:\data\SubsonicRoot\ss2\SubSonic.Tests\QueryTest.cs" line="797" />
                  <metadata>
                    <entry key="TestKind">
                      <value>Test</value>
                    </entry>
                  </metadata>
                  <children />
                  <parameters />
                </test>
                <test id="781e3bc274e255ba" name="Query_ORDER_BY_Expression_Collection" fullName="SubSonic.Tests/QueryTest/Query_ORDER_BY_Expression_Collection" isTestCase="true">
                  <codeReference assembly="SubSonic.Tests, Version=2.2.1.0, Culture=neutral, PublicKeyToken=null" namespace="SubSonic.Tests" type="SubSonic.Tests.QueryTest" member="Query_ORDER_BY_Expression_Collection" />
                  <codeLocation path="C:\data\SubsonicRoot\ss2\SubSonic.Tests\QueryTest.cs" line="831" />
                  <metadata>
                    <entry key="TestKind">
                      <value>Test</value>
                    </entry>
                  </metadata>
                  <children />
                  <parameters />
                </test>
                <test id="12c0523243a4b0ba" name="Query_ORDER_BY_DESC_Collection" fullName="SubSonic.Tests/QueryTest/Query_ORDER_BY_DESC_Collection" isTestCase="true">
                  <codeReference assembly="SubSonic.Tests, Version=2.2.1.0, Culture=neutral, PublicKeyToken=null" namespace="SubSonic.Tests" type="SubSonic.Tests.QueryTest" member="Query_ORDER_BY_DESC_Collection" />
                  <codeLocation path="C:\data\SubsonicRoot\ss2\SubSonic.Tests\QueryTest.cs" line="814" />
                  <metadata>
                    <entry key="TestKind">
                      <value>Test</value>
                    </entry>
                  </metadata>
                  <children />
                  <parameters />
                </test>
                <test id="4cc3e80c5ac0e249" name="Query_NOT_IN_ArrayList" fullName="SubSonic.Tests/QueryTest/Query_NOT_IN_ArrayList" isTestCase="true">
                  <codeReference assembly="SubSonic.Tests, Version=2.2.1.0, Culture=neutral, PublicKeyToken=null" namespace="SubSonic.Tests" type="SubSonic.Tests.QueryTest" member="Query_NOT_IN_ArrayList" />
                  <codeLocation path="C:\data\SubsonicRoot\ss2\SubSonic.Tests\QueryTest.cs" line="257" />
                  <metadata>
                    <entry key="TestKind">
                      <value>Test</value>
                    </entry>
                  </metadata>
                  <children />
                  <parameters />
                </test>
                <test id="1bc6d6cab297a103" name="Query_NOT_IN_ListCollection" fullName="SubSonic.Tests/QueryTest/Query_NOT_IN_ListCollection" isTestCase="true">
                  <codeReference assembly="SubSonic.Tests, Version=2.2.1.0, Culture=neutral, PublicKeyToken=null" namespace="SubSonic.Tests" type="SubSonic.Tests.QueryTest" member="Query_NOT_IN_ListCollection" />
                  <codeLocation path="C:\data\SubsonicRoot\ss2\SubSonic.Tests\QueryTest.cs" line="233" />
                  <metadata>
                    <entry key="TestKind">
                      <value>Test</value>
                    </entry>
                  </metadata>
                  <children />
                  <parameters />
                </test>
                <test id="bff6e72f5d9925d1" name="Query_NOT_IN_ObjectArray" fullName="SubSonic.Tests/QueryTest/Query_NOT_IN_ObjectArray" isTestCase="true">
                  <codeReference assembly="SubSonic.Tests, Version=2.2.1.0, Culture=neutral, PublicKeyToken=null" namespace="SubSonic.Tests" type="SubSonic.Tests.QueryTest" member="Query_NOT_IN_ObjectArray" />
                  <codeLocation path="C:\data\SubsonicRoot\ss2\SubSonic.Tests\QueryTest.cs" line="216" />
                  <metadata>
                    <entry key="TestKind">
                      <value>Test</value>
                    </entry>
                  </metadata>
                  <children />
                  <parameters />
                </test>
                <test id="8e0f7118782fd21c" name="Query_IsNotNull" fullName="SubSonic.Tests/QueryTest/Query_IsNotNull" isTestCase="true">
                  <codeReference assembly="SubSonic.Tests, Version=2.2.1.0, Culture=neutral, PublicKeyToken=null" namespace="SubSonic.Tests" type="SubSonic.Tests.QueryTest" member="Query_IsNotNull" />
                  <codeLocation path="C:\data\SubsonicRoot\ss2\SubSonic.Tests\QueryTest.cs" line="277" />
                  <metadata>
                    <entry key="TestKind">
                      <value>Test</value>
                    </entry>
                  </metadata>
                  <children />
                  <parameters />
                </test>
                <test id="4c48910813dc4eb1" name="Query_OR_ModerateWithExpressions" fullName="SubSonic.Tests/QueryTest/Query_OR_ModerateWithExpressions" isTestCase="true">
                  <codeReference assembly="SubSonic.Tests, Version=2.2.1.0, Culture=neutral, PublicKeyToken=null" namespace="SubSonic.Tests" type="SubSonic.Tests.QueryTest" member="Query_OR_ModerateWithExpressions" />
                  <codeLocation path="C:\data\SubsonicRoot\ss2\SubSonic.Tests\QueryTest.cs" line="330" />
                  <metadata>
                    <entry key="TestKind">
                      <value>Test</value>
                    </entry>
                  </metadata>
                  <children />
                  <parameters />
                </test>
                <test id="8ba9d1f171f2c098" name="Query_OR_Moderate" fullName="SubSonic.Tests/QueryTest/Query_OR_Moderate" isTestCase="true">
                  <codeReference assembly="SubSonic.Tests, Version=2.2.1.0, Culture=neutral, PublicKeyToken=null" namespace="SubSonic.Tests" type="SubSonic.Tests.QueryTest" member="Query_OR_Moderate" />
                  <codeLocation path="C:\data\SubsonicRoot\ss2\SubSonic.Tests\QueryTest.cs" line="311" />
                  <metadata>
                    <entry key="TestKind">
                      <value>Test</value>
                    </entry>
                  </metadata>
                  <children />
                  <parameters />
                </test>
                <test id="2ccc937c0a4864ae" name="Query_OR_Simple" fullName="SubSonic.Tests/QueryTest/Query_OR_Simple" isTestCase="true">
                  <codeReference assembly="SubSonic.Tests, Version=2.2.1.0, Culture=neutral, PublicKeyToken=null" namespace="SubSonic.Tests" type="SubSonic.Tests.QueryTest" member="Query_OR_Simple" />
                  <codeLocation path="C:\data\SubsonicRoot\ss2\SubSonic.Tests\QueryTest.cs" line="294" />
                  <metadata>
                    <entry key="TestKind">
                      <value>Test</value>
                    </entry>
                  </metadata>
                  <children />
                  <parameters />
                </test>
                <test id="8bf81810a4cc69e2" name="Query_IN_ArrayList" fullName="SubSonic.Tests/QueryTest/Query_IN_ArrayList" isTestCase="true">
                  <codeReference assembly="SubSonic.Tests, Version=2.2.1.0, Culture=neutral, PublicKeyToken=null" namespace="SubSonic.Tests" type="SubSonic.Tests.QueryTest" member="Query_IN_ArrayList" />
                  <codeLocation path="C:\data\SubsonicRoot\ss2\SubSonic.Tests\QueryTest.cs" line="196" />
                  <metadata>
                    <entry key="TestKind">
                      <value>Test</value>
                    </entry>
                  </metadata>
                  <children />
                  <parameters />
                </test>
                <test id="d808a23c9537051e" name="Query_BetweenAnd" fullName="SubSonic.Tests/QueryTest/Query_BetweenAnd" isTestCase="true">
                  <codeReference assembly="SubSonic.Tests, Version=2.2.1.0, Culture=neutral, PublicKeyToken=null" namespace="SubSonic.Tests" type="SubSonic.Tests.QueryTest" member="Query_BetweenAnd" />
                  <codeLocation path="C:\data\SubsonicRoot\ss2\SubSonic.Tests\QueryTest.cs" line="102" />
                  <metadata>
                    <entry key="TestKind">
                      <value>Test</value>
                    </entry>
                  </metadata>
                  <children />
                  <parameters />
                </test>
                <test id="272720888d8539d2" name="Query_Updates" fullName="SubSonic.Tests/QueryTest/Query_Updates" isTestCase="true">
                  <codeReference assembly="SubSonic.Tests, Version=2.2.1.0, Culture=neutral, PublicKeyToken=null" namespace="SubSonic.Tests" type="SubSonic.Tests.QueryTest" member="Query_Updates" />
                  <codeLocation path="C:\data\SubsonicRoot\ss2\SubSonic.Tests\QueryTest.cs" line="76" />
                  <metadata>
                    <entry key="TestKind">
                      <value>Test</value>
                    </entry>
                  </metadata>
                  <children />
                  <parameters />
                </test>
                <test id="c0b441dbc2631f42" name="Query_SelectTop" fullName="SubSonic.Tests/QueryTest/Query_SelectTop" isTestCase="true">
                  <codeReference assembly="SubSonic.Tests, Version=2.2.1.0, Culture=neutral, PublicKeyToken=null" namespace="SubSonic.Tests" type="SubSonic.Tests.QueryTest" member="Query_SelectTop" />
                  <codeLocation path="C:\data\SubsonicRoot\ss2\SubSonic.Tests\QueryTest.cs" line="49" />
                  <metadata>
                    <entry key="TestKind">
                      <value>Test</value>
                    </entry>
                  </metadata>
                  <children />
                  <parameters />
                </test>
                <test id="3ba9feda1f204305" name="Query_View" fullName="SubSonic.Tests/QueryTest/Query_View" isTestCase="true">
                  <codeReference assembly="SubSonic.Tests, Version=2.2.1.0, Culture=neutral, PublicKeyToken=null" namespace="SubSonic.Tests" type="SubSonic.Tests.QueryTest" member="Query_View" />
                  <codeLocation path="C:\data\SubsonicRoot\ss2\SubSonic.Tests\QueryTest.cs" line="121" />
                  <metadata>
                    <entry key="TestKind">
                      <value>Test</value>
                    </entry>
                  </metadata>
                  <children />
                  <parameters />
                </test>
                <test id="4ae6ad8f7041efb9" name="Query_IN_ListCollection" fullName="SubSonic.Tests/QueryTest/Query_IN_ListCollection" isTestCase="true">
                  <codeReference assembly="SubSonic.Tests, Version=2.2.1.0, Culture=neutral, PublicKeyToken=null" namespace="SubSonic.Tests" type="SubSonic.Tests.QueryTest" member="Query_IN_ListCollection" />
                  <codeLocation path="C:\data\SubsonicRoot\ss2\SubSonic.Tests\QueryTest.cs" line="172" />
                  <metadata>
                    <entry key="TestKind">
                      <value>Test</value>
                    </entry>
                  </metadata>
                  <children />
                  <parameters />
                </test>
                <test id="ca0b18762724c6a7" name="Query_IN_ObjectArray" fullName="SubSonic.Tests/QueryTest/Query_IN_ObjectArray" isTestCase="true">
                  <codeReference assembly="SubSonic.Tests, Version=2.2.1.0, Culture=neutral, PublicKeyToken=null" namespace="SubSonic.Tests" type="SubSonic.Tests.QueryTest" member="Query_IN_ObjectArray" />
                  <codeLocation path="C:\data\SubsonicRoot\ss2\SubSonic.Tests\QueryTest.cs" line="155" />
                  <metadata>
                    <entry key="TestKind">
                      <value>Test</value>
                    </entry>
                  </metadata>
                  <children />
                  <parameters />
                </test>
                <test id="859a4ecfc31fd653" name="Query_BetweenNumbers" fullName="SubSonic.Tests/QueryTest/Query_BetweenNumbers" isTestCase="true">
                  <codeReference assembly="SubSonic.Tests, Version=2.2.1.0, Culture=neutral, PublicKeyToken=null" namespace="SubSonic.Tests" type="SubSonic.Tests.QueryTest" member="Query_BetweenNumbers" />
                  <codeLocation path="C:\data\SubsonicRoot\ss2\SubSonic.Tests\QueryTest.cs" line="138" />
                  <metadata>
                    <entry key="TestKind">
                      <value>Test</value>
                    </entry>
                  </metadata>
                  <children />
                  <parameters />
                </test>
                <test id="bba33423ce91eb6b" name="Query_OR_Between" fullName="SubSonic.Tests/QueryTest/Query_OR_Between" isTestCase="true">
                  <codeReference assembly="SubSonic.Tests, Version=2.2.1.0, Culture=neutral, PublicKeyToken=null" namespace="SubSonic.Tests" type="SubSonic.Tests.QueryTest" member="Query_OR_Between" />
                  <codeLocation path="C:\data\SubsonicRoot\ss2\SubSonic.Tests\QueryTest.cs" line="348" />
                  <metadata>
                    <entry key="TestKind">
                      <value>Test</value>
                    </entry>
                  </metadata>
                  <children />
                  <parameters />
                </test>
                <test id="ea1e9dc1c4c51a8b" name="QueryExecuteJoinedDataSet_BETWEEN_AND_WithExtraWhereCondition" fullName="SubSonic.Tests/QueryTest/QueryExecuteJoinedDataSet_BETWEEN_AND_WithExtraWhereCondition" isTestCase="true">
                  <codeReference assembly="SubSonic.Tests, Version=2.2.1.0, Culture=neutral, PublicKeyToken=null" namespace="SubSonic.Tests" type="SubSonic.Tests.QueryTest" member="QueryExecuteJoinedDataSet_BETWEEN_AND_WithExtraWhereCondition" />
                  <codeLocation path="C:\data\SubsonicRoot\ss2\SubSonic.Tests\QueryTest.cs" line="529" />
                  <metadata>
                    <entry key="TestKind">
                      <value>Test</value>
                    </entry>
                  </metadata>
                  <children />
                  <parameters />
                </test>
                <test id="8d587e2a307ad8c7" name="QueryExecuteJoinedDataSet_BETWEEN_AND" fullName="SubSonic.Tests/QueryTest/QueryExecuteJoinedDataSet_BETWEEN_AND" isTestCase="true">
                  <codeReference assembly="SubSonic.Tests, Version=2.2.1.0, Culture=neutral, PublicKeyToken=null" namespace="SubSonic.Tests" type="SubSonic.Tests.QueryTest" member="QueryExecuteJoinedDataSet_BETWEEN_AND" />
                  <codeLocation path="C:\data\SubsonicRoot\ss2\SubSonic.Tests\QueryTest.cs" line="515" />
                  <metadata>
                    <entry key="TestKind">
                      <value>Test</value>
                    </entry>
                  </metadata>
                  <children />
                  <parameters />
                </test>
                <test id="eb0bb31b0dfbb705" name="QueryExecuteJoinedDataSet_AddBetweenAnd_WithExtraWhereCondition" fullName="SubSonic.Tests/QueryTest/QueryExecuteJoinedDataSet_AddBetweenAnd_WithExtraWhereCondition" isTestCase="true">
                  <codeReference assembly="SubSonic.Tests, Version=2.2.1.0, Culture=neutral, PublicKeyToken=null" namespace="SubSonic.Tests" type="SubSonic.Tests.QueryTest" member="QueryExecuteJoinedDataSet_AddBetweenAnd_WithExtraWhereCondition" />
                  <codeLocation path="C:\data\SubsonicRoot\ss2\SubSonic.Tests\QueryTest.cs" line="501" />
                  <metadata>
                    <entry key="TestKind">
                      <value>Test</value>
                    </entry>
                  </metadata>
                  <children />
                  <parameters />
                </test>
                <test id="870697a7f37cef92" name="QueryExecuteJoinedDataSet_IN_ObjectArray" fullName="SubSonic.Tests/QueryTest/QueryExecuteJoinedDataSet_IN_ObjectArray" isTestCase="true">
                  <codeReference assembly="SubSonic.Tests, Version=2.2.1.0, Culture=neutral, PublicKeyToken=null" namespace="SubSonic.Tests" type="SubSonic.Tests.QueryTest" member="QueryExecuteJoinedDataSet_IN_ObjectArray" />
                  <codeLocation path="C:\data\SubsonicRoot\ss2\SubSonic.Tests\QueryTest.cs" line="545" />
                  <metadata>
                    <entry key="TestKind">
                      <value>Test</value>
                    </entry>
                  </metadata>
                  <children />
                  <parameters />
                </test>
                <test id="c4a9d33534bc9118" name="QueryExecuteJoinedDataSet_NOT_IN_ObjectArray" fullName="SubSonic.Tests/QueryTest/QueryExecuteJoinedDataSet_NOT_IN_ObjectArray" isTestCase="true">
                  <codeReference assembly="SubSonic.Tests, Version=2.2.1.0, Culture=neutral, PublicKeyToken=null" namespace="SubSonic.Tests" type="SubSonic.Tests.QueryTest" member="QueryExecuteJoinedDataSet_NOT_IN_ObjectArray" />
                  <codeLocation path="C:\data\SubsonicRoot\ss2\SubSonic.Tests\QueryTest.cs" line="590" />
                  <metadata>
                    <entry key="TestKind">
                      <value>Test</value>
                    </entry>
                  </metadata>
                  <children />
                  <parameters />
                </test>
                <test id="c0b5e4308c07981a" name="QueryExecuteJoinedDataSet_IN_ArrayList" fullName="SubSonic.Tests/QueryTest/QueryExecuteJoinedDataSet_IN_ArrayList" isTestCase="true">
                  <codeReference assembly="SubSonic.Tests, Version=2.2.1.0, Culture=neutral, PublicKeyToken=null" namespace="SubSonic.Tests" type="SubSonic.Tests.QueryTest" member="QueryExecuteJoinedDataSet_IN_ArrayList" />
                  <codeLocation path="C:\data\SubsonicRoot\ss2\SubSonic.Tests\QueryTest.cs" line="575" />
                  <metadata>
                    <entry key="TestKind">
                      <value>Test</value>
                    </entry>
                  </metadata>
                  <children />
                  <parameters />
                </test>
                <test id="9d2ad9c822735e82" name="QueryExecuteJoinedDataSet_IN_ListCollection" fullName="SubSonic.Tests/QueryTest/QueryExecuteJoinedDataSet_IN_ListCollection" isTestCase="true">
                  <codeReference assembly="SubSonic.Tests, Version=2.2.1.0, Culture=neutral, PublicKeyToken=null" namespace="SubSonic.Tests" type="SubSonic.Tests.QueryTest" member="QueryExecuteJoinedDataSet_IN_ListCollection" />
                  <codeLocation path="C:\data\SubsonicRoot\ss2\SubSonic.Tests\QueryTest.cs" line="556" />
                  <metadata>
                    <entry key="TestKind">
                      <value>Test</value>
                    </entry>
                  </metadata>
                  <children />
                  <parameters />
                </test>
                <test id="f731cdc721ce1572" name="QueryExecuteJoinedDataSet_AddBetweenAnd" fullName="SubSonic.Tests/QueryTest/QueryExecuteJoinedDataSet_AddBetweenAnd" isTestCase="true">
                  <codeReference assembly="SubSonic.Tests, Version=2.2.1.0, Culture=neutral, PublicKeyToken=null" namespace="SubSonic.Tests" type="SubSonic.Tests.QueryTest" member="QueryExecuteJoinedDataSet_AddBetweenAnd" />
                  <codeLocation path="C:\data\SubsonicRoot\ss2\SubSonic.Tests\QueryTest.cs" line="488" />
                  <metadata>
                    <entry key="TestKind">
                      <value>Test</value>
                    </entry>
                  </metadata>
                  <children />
                  <parameters />
                </test>
                <test id="cdc4703821199e54" name="Query_PagingTest_View" fullName="SubSonic.Tests/QueryTest/Query_PagingTest_View" isTestCase="true">
                  <codeReference assembly="SubSonic.Tests, Version=2.2.1.0, Culture=neutral, PublicKeyToken=null" namespace="SubSonic.Tests" type="SubSonic.Tests.QueryTest" member="Query_PagingTest_View" />
                  <codeLocation path="C:\data\SubsonicRoot\ss2\SubSonic.Tests\QueryTest.cs" line="411" />
                  <metadata>
                    <entry key="TestKind">
                      <value>Test</value>
                    </entry>
                  </metadata>
                  <children />
                  <parameters />
                </test>
                <test id="5a81c6d8dc67efba" name="Query_PagingTest_Table" fullName="SubSonic.Tests/QueryTest/Query_PagingTest_Table" isTestCase="true">
                  <codeReference assembly="SubSonic.Tests, Version=2.2.1.0, Culture=neutral, PublicKeyToken=null" namespace="SubSonic.Tests" type="SubSonic.Tests.QueryTest" member="Query_PagingTest_Table" />
                  <codeLocation path="C:\data\SubsonicRoot\ss2\SubSonic.Tests\QueryTest.cs" line="390" />
                  <metadata>
                    <entry key="TestKind">
                      <value>Test</value>
                    </entry>
                  </metadata>
                  <children />
                  <parameters />
                </test>
                <test id="ad91cb18508fc3a6" name="Query_Expression" fullName="SubSonic.Tests/QueryTest/Query_Expression" isTestCase="true">
                  <codeReference assembly="SubSonic.Tests, Version=2.2.1.0, Culture=neutral, PublicKeyToken=null" namespace="SubSonic.Tests" type="SubSonic.Tests.QueryTest" member="Query_Expression" />
                  <codeLocation path="C:\data\SubsonicRoot\ss2\SubSonic.Tests\QueryTest.cs" line="373" />
                  <metadata>
                    <entry key="TestKind">
                      <value>Test</value>
                    </entry>
                  </metadata>
                  <children />
                  <parameters />
                </test>
                <test id="91d54299a1e93eec" name="Query_JoinedDataSet" fullName="SubSonic.Tests/QueryTest/Query_JoinedDataSet" isTestCase="true">
                  <codeReference assembly="SubSonic.Tests, Version=2.2.1.0, Culture=neutral, PublicKeyToken=null" namespace="SubSonic.Tests" type="SubSonic.Tests.QueryTest" member="Query_JoinedDataSet" />
                  <codeLocation path="C:\data\SubsonicRoot\ss2\SubSonic.Tests\QueryTest.cs" line="432" />
                  <metadata>
                    <entry key="TestKind">
                      <value>Test</value>
                    </entry>
                  </metadata>
                  <children />
                  <parameters />
                </test>
                <test id="f9fd37038a1e8e27" name="Query_JoinedDataSet_OrderByFK" fullName="SubSonic.Tests/QueryTest/Query_JoinedDataSet_OrderByFK" isTestCase="true">
                  <codeReference assembly="SubSonic.Tests, Version=2.2.1.0, Culture=neutral, PublicKeyToken=null" namespace="SubSonic.Tests" type="SubSonic.Tests.QueryTest" member="Query_JoinedDataSet_OrderByFK" />
                  <codeLocation path="C:\data\SubsonicRoot\ss2\SubSonic.Tests\QueryTest.cs" line="473" />
                  <metadata>
                    <entry key="TestKind">
                      <value>Test</value>
                    </entry>
                  </metadata>
                  <children />
                  <parameters />
                </test>
                <test id="ec2493bfaffe6a56" name="Query_ConstraintExpression" fullName="SubSonic.Tests/QueryTest/Query_ConstraintExpression" isTestCase="true">
                  <codeReference assembly="SubSonic.Tests, Version=2.2.1.0, Culture=neutral, PublicKeyToken=null" namespace="SubSonic.Tests" type="SubSonic.Tests.QueryTest" member="Query_ConstraintExpression" />
                  <codeLocation path="C:\data\SubsonicRoot\ss2\SubSonic.Tests\QueryTest.cs" line="457" />
                  <metadata>
                    <entry key="TestKind">
                      <value>Test</value>
                    </entry>
                  </metadata>
                  <children />
                  <parameters />
                </test>
                <test id="d5a4330fc92e527" name="ExecuteJoinedDataSet_Should_Accept_Parameters" fullName="SubSonic.Tests/QueryTest/ExecuteJoinedDataSet_Should_Accept_Parameters" isTestCase="true">
                  <codeReference assembly="SubSonic.Tests, Version=2.2.1.0, Culture=neutral, PublicKeyToken=null" namespace="SubSonic.Tests" type="SubSonic.Tests.QueryTest" member="ExecuteJoinedDataSet_Should_Accept_Parameters" />
                  <codeLocation path="C:\data\SubsonicRoot\ss2\SubSonic.Tests\QueryTest.cs" line="441" />
                  <metadata>
                    <entry key="TestKind">
                      <value>Test</value>
                    </entry>
                  </metadata>
                  <children />
                  <parameters />
                </test>
              </children>
              <parameters />
            </test>
            <test id="7a29c27c11dd12b4" name="DeleteTests" fullName="SubSonic.Tests/DeleteTests" isTestCase="false">
              <codeReference assembly="SubSonic.Tests, Version=2.2.1.0, Culture=neutral, PublicKeyToken=null" namespace="SubSonic.Tests.SqlQuery" type="SubSonic.Tests.SqlQuery.DeleteTests" />
              <codeLocation path="C:\data\SubsonicRoot\ss2\SubSonic.Tests\SqlQuery\DeleteTests.cs" />
              <metadata>
                <entry key="TestKind">
                  <value>Fixture</value>
                </entry>
              </metadata>
              <children>
                <test id="2596e467ffe54266" name="Delete_SimpleSqlCheck" fullName="SubSonic.Tests/DeleteTests/Delete_SimpleSqlCheck" isTestCase="true">
                  <codeReference assembly="SubSonic.Tests, Version=2.2.1.0, Culture=neutral, PublicKeyToken=null" namespace="SubSonic.Tests.SqlQuery" type="SubSonic.Tests.SqlQuery.DeleteTests" member="Delete_SimpleSqlCheck" />
                  <codeLocation path="C:\data\SubsonicRoot\ss2\SubSonic.Tests\SqlQuery\DeleteTests.cs" line="28" />
                  <metadata>
                    <entry key="TestKind">
                      <value>Test</value>
                    </entry>
                  </metadata>
                  <children />
                  <parameters />
                </test>
                <test id="b8449160df3bfc16" name="Delete_MultipleWithInsertBatch" fullName="SubSonic.Tests/DeleteTests/Delete_MultipleWithInsertBatch" isTestCase="true">
                  <codeReference assembly="SubSonic.Tests, Version=2.2.1.0, Culture=neutral, PublicKeyToken=null" namespace="SubSonic.Tests.SqlQuery" type="SubSonic.Tests.SqlQuery.DeleteTests" member="Delete_MultipleWithInsertBatch" />
                  <codeLocation path="C:\data\SubsonicRoot\ss2\SubSonic.Tests\SqlQuery\DeleteTests.cs" line="50" />
                  <metadata>
                    <entry key="TestKind">
                      <value>Test</value>
                    </entry>
                  </metadata>
                  <children />
                  <parameters />
                </test>
                <test id="5081633c8f2fb62f" name="Delete_Simple" fullName="SubSonic.Tests/DeleteTests/Delete_Simple" isTestCase="true">
                  <codeReference assembly="SubSonic.Tests, Version=2.2.1.0, Culture=neutral, PublicKeyToken=null" namespace="SubSonic.Tests.SqlQuery" type="SubSonic.Tests.SqlQuery.DeleteTests" member="Delete_Simple" />
                  <codeLocation path="C:\data\SubsonicRoot\ss2\SubSonic.Tests\SqlQuery\DeleteTests.cs" line="36" />
                  <metadata>
                    <entry key="TestKind">
                      <value>Test</value>
                    </entry>
                  </metadata>
                  <children />
                  <parameters />
                </test>
              </children>
              <parameters />
            </test>
            <test id="51fe5df55b58f055" name="AssemblyFixture" fullName="SubSonic.Tests/AssemblyFixture" isTestCase="false">
              <codeReference assembly="SubSonic.Tests, Version=2.2.1.0, Culture=neutral, PublicKeyToken=null" namespace="SubSonic.Tests" type="SubSonic.Tests.AssemblyFixture" />
              <codeLocation path="C:\data\SubsonicRoot\ss2\SubSonic.Tests\AssemblyCleaner.cs" />
              <metadata>
                <entry key="TestKind">
                  <value>Fixture</value>
                </entry>
              </metadata>
              <children />
              <parameters />
            </test>
            <test id="88947b5ff026bc84" name="SPs" fullName="SubSonic.Tests/SPs" isTestCase="false">
              <codeReference assembly="SubSonic.Tests, Version=2.2.1.0, Culture=neutral, PublicKeyToken=null" namespace="SubSonic.Tests" type="SubSonic.Tests.SPs" />
              <codeLocation path="C:\data\SubsonicRoot\ss2\SubSonic.Tests\SPs.cs" />
              <metadata>
                <entry key="TestKind">
                  <value>Fixture</value>
                </entry>
              </metadata>
              <children>
                <test id="62cc4104c2c8176a" name="SP_Should_Execute_Without_Parameter2" fullName="SubSonic.Tests/SPs/SP_Should_Execute_Without_Parameter2" isTestCase="true">
                  <codeReference assembly="SubSonic.Tests, Version=2.2.1.0, Culture=neutral, PublicKeyToken=null" namespace="SubSonic.Tests" type="SubSonic.Tests.SPs" member="SP_Should_Execute_Without_Parameter2" />
                  <codeLocation path="C:\data\SubsonicRoot\ss2\SubSonic.Tests\SPs.cs" line="215" />
                  <metadata>
                    <entry key="TestKind">
                      <value>Test</value>
                    </entry>
                  </metadata>
                  <children />
                  <parameters />
                </test>
                <test id="7ac2a8ddcd10c009" name="SP_Can_Execute_JSON_Result" fullName="SubSonic.Tests/SPs/SP_Can_Execute_JSON_Result" isTestCase="true">
                  <codeReference assembly="SubSonic.Tests, Version=2.2.1.0, Culture=neutral, PublicKeyToken=null" namespace="SubSonic.Tests" type="SubSonic.Tests.SPs" member="SP_Can_Execute_JSON_Result" />
                  <codeLocation path="C:\data\SubsonicRoot\ss2\SubSonic.Tests\SPs.cs" line="229" />
                  <metadata>
                    <entry key="TestKind">
                      <value>Test</value>
                    </entry>
                  </metadata>
                  <children />
                  <parameters />
                </test>
                <test id="2ad22264b70bd8d6" name="SP_Schema_Should_Load_10_SPs" fullName="SubSonic.Tests/SPs/SP_Schema_Should_Load_10_SPs" isTestCase="true">
                  <codeReference assembly="SubSonic.Tests, Version=2.2.1.0, Culture=neutral, PublicKeyToken=null" namespace="SubSonic.Tests" type="SubSonic.Tests.SPs" member="SP_Schema_Should_Load_10_SPs" />
                  <codeLocation path="C:\data\SubsonicRoot\ss2\SubSonic.Tests\SPs.cs" line="49" />
                  <metadata>
                    <entry key="TestKind">
                      <value>Test</value>
                    </entry>
                  </metadata>
                  <children />
                  <parameters />
                </test>
                <test id="a907c2ba9df3f9ba" name="SP_CustOrderHist_TypedSP_Should_Have_Qualified_CommandSQL" fullName="SubSonic.Tests/SPs/SP_CustOrderHist_TypedSP_Should_Have_Qualified_CommandSQL" isTestCase="true">
                  <codeReference assembly="SubSonic.Tests, Version=2.2.1.0, Culture=neutral, PublicKeyToken=null" namespace="SubSonic.Tests" type="SubSonic.Tests.SPs" member="SP_CustOrderHist_TypedSP_Should_Have_Qualified_CommandSQL" />
                  <codeLocation path="C:\data\SubsonicRoot\ss2\SubSonic.Tests\SPs.cs" line="81" />
                  <metadata>
                    <entry key="TestKind">
                      <value>Test</value>
                    </entry>
                  </metadata>
                  <children />
                  <parameters />
                </test>
                <test id="e282a136067cd032" name="SP_ReaderTest" fullName="SubSonic.Tests/SPs/SP_ReaderTest" isTestCase="true">
                  <codeReference assembly="SubSonic.Tests, Version=2.2.1.0, Culture=neutral, PublicKeyToken=null" namespace="SubSonic.Tests" type="SubSonic.Tests.SPs" member="SP_ReaderTest" />
                  <codeLocation path="C:\data\SubsonicRoot\ss2\SubSonic.Tests\SPs.cs" line="92" />
                  <metadata>
                    <entry key="TestKind">
                      <value>Test</value>
                    </entry>
                  </metadata>
                  <children />
                  <parameters />
                </test>
                <test id="c0e0813a8e24c5af" name="SP_ScalarTest" fullName="SubSonic.Tests/SPs/SP_ScalarTest" isTestCase="true">
                  <codeReference assembly="SubSonic.Tests, Version=2.2.1.0, Culture=neutral, PublicKeyToken=null" namespace="SubSonic.Tests" type="SubSonic.Tests.SPs" member="SP_ScalarTest" />
                  <codeLocation path="C:\data\SubsonicRoot\ss2\SubSonic.Tests\SPs.cs" line="112" />
                  <metadata>
                    <entry key="TestKind">
                      <value>Test</value>
                    </entry>
                  </metadata>
                  <children />
                  <parameters />
                </test>
                <test id="5a3b608b22e938aa" name="SP_Schema_Should_Load_With_Schema_Name" fullName="SubSonic.Tests/SPs/SP_Schema_Should_Load_With_Schema_Name" isTestCase="true">
                  <codeReference assembly="SubSonic.Tests, Version=2.2.1.0, Culture=neutral, PublicKeyToken=null" namespace="SubSonic.Tests" type="SubSonic.Tests.SPs" member="SP_Schema_Should_Load_With_Schema_Name" />
                  <codeLocation path="C:\data\SubsonicRoot\ss2\SubSonic.Tests\SPs.cs" line="57" />
                  <metadata>
                    <entry key="TestKind">
                      <value>Test</value>
                    </entry>
                  </metadata>
                  <children />
                  <parameters />
                </test>
                <test id="a9c9721192e7a74d" name="SP_CustOrderHist_Should_Have_QualifiedName" fullName="SubSonic.Tests/SPs/SP_CustOrderHist_Should_Have_QualifiedName" isTestCase="true">
                  <codeReference assembly="SubSonic.Tests, Version=2.2.1.0, Culture=neutral, PublicKeyToken=null" namespace="SubSonic.Tests" type="SubSonic.Tests.SPs" member="SP_CustOrderHist_Should_Have_QualifiedName" />
                  <codeLocation path="C:\data\SubsonicRoot\ss2\SubSonic.Tests\SPs.cs" line="65" />
                  <metadata>
                    <entry key="TestKind">
                      <value>Test</value>
                    </entry>
                  </metadata>
                  <children />
                  <parameters />
                </test>
                <test id="af9eeab672e34f3c" name="SP_CustOrderHist_Should_Have_Qualified_CommandSQL" fullName="SubSonic.Tests/SPs/SP_CustOrderHist_Should_Have_Qualified_CommandSQL" isTestCase="true">
                  <codeReference assembly="SubSonic.Tests, Version=2.2.1.0, Culture=neutral, PublicKeyToken=null" namespace="SubSonic.Tests" type="SubSonic.Tests.SPs" member="SP_CustOrderHist_Should_Have_Qualified_CommandSQL" />
                  <codeLocation path="C:\data\SubsonicRoot\ss2\SubSonic.Tests\SPs.cs" line="73" />
                  <metadata>
                    <entry key="TestKind">
                      <value>Test</value>
                    </entry>
                  </metadata>
                  <children />
                  <parameters />
                </test>
                <test id="433e79030503e791" name="SP_QuickReader" fullName="SubSonic.Tests/SPs/SP_QuickReader" isTestCase="true">
                  <codeReference assembly="SubSonic.Tests, Version=2.2.1.0, Culture=neutral, PublicKeyToken=null" namespace="SubSonic.Tests" type="SubSonic.Tests.SPs" member="SP_QuickReader" />
                  <codeLocation path="C:\data\SubsonicRoot\ss2\SubSonic.Tests\SPs.cs" line="180" />
                  <metadata>
                    <entry key="TestKind">
                      <value>Test</value>
                    </entry>
                  </metadata>
                  <children />
                  <parameters />
                </test>
                <test id="85f475848b5528df" name="SP_QuickDataSet" fullName="SubSonic.Tests/SPs/SP_QuickDataSet" isTestCase="true">
                  <codeReference assembly="SubSonic.Tests, Version=2.2.1.0, Culture=neutral, PublicKeyToken=null" namespace="SubSonic.Tests" type="SubSonic.Tests.SPs" member="SP_QuickDataSet" />
                  <codeLocation path="C:\data\SubsonicRoot\ss2\SubSonic.Tests\SPs.cs" line="197" />
                  <metadata>
                    <entry key="TestKind">
                      <value>Test</value>
                    </entry>
                  </metadata>
                  <children />
                  <parameters />
                </test>
                <test id="5ad8fc74df6a3527" name="SP_Should_Execute_Without_Parameter" fullName="SubSonic.Tests/SPs/SP_Should_Execute_Without_Parameter" isTestCase="true">
                  <codeReference assembly="SubSonic.Tests, Version=2.2.1.0, Culture=neutral, PublicKeyToken=null" namespace="SubSonic.Tests" type="SubSonic.Tests.SPs" member="SP_Should_Execute_Without_Parameter" />
                  <codeLocation path="C:\data\SubsonicRoot\ss2\SubSonic.Tests\SPs.cs" line="203" />
                  <metadata>
                    <entry key="TestKind">
                      <value>Test</value>
                    </entry>
                  </metadata>
                  <children />
                  <parameters />
                </test>
                <test id="7160661ba5b4f87" name="SP_DSTest" fullName="SubSonic.Tests/SPs/SP_DSTest" isTestCase="true">
                  <codeReference assembly="SubSonic.Tests, Version=2.2.1.0, Culture=neutral, PublicKeyToken=null" namespace="SubSonic.Tests" type="SubSonic.Tests.SPs" member="SP_DSTest" />
                  <codeLocation path="C:\data\SubsonicRoot\ss2\SubSonic.Tests\SPs.cs" line="126" />
                  <metadata>
                    <entry key="TestKind">
                      <value>Test</value>
                    </entry>
                  </metadata>
                  <children />
                  <parameters />
                </test>
                <test id="8a3e7cfbf064fdcd" name="SP_Outputs" fullName="SubSonic.Tests/SPs/SP_Outputs" isTestCase="true">
                  <codeReference assembly="SubSonic.Tests, Version=2.2.1.0, Culture=neutral, PublicKeyToken=null" namespace="SubSonic.Tests" type="SubSonic.Tests.SPs" member="SP_Outputs" />
                  <codeLocation path="C:\data\SubsonicRoot\ss2\SubSonic.Tests\SPs.cs" line="140" />
                  <metadata>
                    <entry key="TestKind">
                      <value>Test</value>
                    </entry>
                  </metadata>
                  <children />
                  <parameters />
                </test>
                <test id="54b385f985ea3ada" name="SP_Outputs_DefaultProvider" fullName="SubSonic.Tests/SPs/SP_Outputs_DefaultProvider" isTestCase="true">
                  <codeReference assembly="SubSonic.Tests, Version=2.2.1.0, Culture=neutral, PublicKeyToken=null" namespace="SubSonic.Tests" type="SubSonic.Tests.SPs" member="SP_Outputs_DefaultProvider" />
                  <codeLocation path="C:\data\SubsonicRoot\ss2\SubSonic.Tests\SPs.cs" line="160" />
                  <metadata>
                    <entry key="TestKind">
                      <value>Test</value>
                    </entry>
                  </metadata>
                  <children />
                  <parameters />
                </test>
              </children>
              <parameters />
            </test>
            <test id="7a8c3f10192cd9e6" name="NameTransformationTests" fullName="SubSonic.Tests/NameTransformationTests" isTestCase="false">
              <codeReference assembly="SubSonic.Tests, Version=2.2.1.0, Culture=neutral, PublicKeyToken=null" namespace="SubSonic.Tests" type="SubSonic.Tests.NameTransformationTests" />
              <codeLocation path="C:\data\SubsonicRoot\ss2\SubSonic.Tests\NameTransformationTests.cs" />
              <metadata>
                <entry key="TestKind">
                  <value>Fixture</value>
                </entry>
              </metadata>
              <children>
                <test id="24d41af1d98cd3cb" name="NameTransformation_ToPascalCase" fullName="SubSonic.Tests/NameTransformationTests/NameTransformation_ToPascalCase" isTestCase="true">
                  <codeReference assembly="SubSonic.Tests, Version=2.2.1.0, Culture=neutral, PublicKeyToken=null" namespace="SubSonic.Tests" type="SubSonic.Tests.NameTransformationTests" member="NameTransformation_ToPascalCase" />
                  <codeLocation path="C:\data\SubsonicRoot\ss2\SubSonic.Tests\NameTransformationTests.cs" line="30" />
                  <metadata>
                    <entry key="TestKind">
                      <value>Test</value>
                    </entry>
                  </metadata>
                  <children />
                  <parameters />
                </test>
              </children>
              <parameters />
            </test>
            <test id="6e5f3a8fac97c581" name="RepositoryTests" fullName="SubSonic.Tests/RepositoryTests" isTestCase="false">
              <codeReference assembly="SubSonic.Tests, Version=2.2.1.0, Culture=neutral, PublicKeyToken=null" namespace="SubSonic.Tests.Repository" type="SubSonic.Tests.Repository.RepositoryTests" />
              <codeLocation path="C:\data\SubsonicRoot\ss2\SubSonic.Tests\Repository\RepositoryTests.cs" />
              <metadata>
                <entry key="TestKind">
                  <value>Fixture</value>
                </entry>
              </metadata>
              <children>
                <test id="501bdffa4db407e3" name="Repository_Should_UpdateProductName" fullName="SubSonic.Tests/RepositoryTests/Repository_Should_UpdateProductName" isTestCase="true">
                  <codeReference assembly="SubSonic.Tests, Version=2.2.1.0, Culture=neutral, PublicKeyToken=null" namespace="SubSonic.Tests.Repository" type="SubSonic.Tests.Repository.RepositoryTests" member="Repository_Should_UpdateProductName" />
                  <codeLocation path="C:\data\SubsonicRoot\ss2\SubSonic.Tests\Repository\RepositoryTests.cs" line="87" />
                  <metadata>
                    <entry key="TestKind">
                      <value>Test</value>
                    </entry>
                  </metadata>
                  <children />
                  <parameters />
                </test>
                <test id="e89af05ec569a902" name="Repository_FullCRUD" fullName="SubSonic.Tests/RepositoryTests/Repository_FullCRUD" isTestCase="true">
                  <codeReference assembly="SubSonic.Tests, Version=2.2.1.0, Culture=neutral, PublicKeyToken=null" namespace="SubSonic.Tests.Repository" type="SubSonic.Tests.Repository.RepositoryTests" member="Repository_FullCRUD" />
                  <codeLocation path="C:\data\SubsonicRoot\ss2\SubSonic.Tests\Repository\RepositoryTests.cs" line="33" />
                  <metadata>
                    <entry key="TestKind">
                      <value>Test</value>
                    </entry>
                  </metadata>
                  <children />
                  <parameters />
                </test>
                <test id="a194cf2f72fa0da3" name="Repository_Simple_Select" fullName="SubSonic.Tests/RepositoryTests/Repository_Simple_Select" isTestCase="true">
                  <codeReference assembly="SubSonic.Tests, Version=2.2.1.0, Culture=neutral, PublicKeyToken=null" namespace="SubSonic.Tests.Repository" type="SubSonic.Tests.Repository.RepositoryTests" member="Repository_Simple_Select" />
                  <codeLocation path="C:\data\SubsonicRoot\ss2\SubSonic.Tests\Repository\RepositoryTests.cs" line="26" />
                  <metadata>
                    <entry key="TestKind">
                      <value>Test</value>
                    </entry>
                  </metadata>
                  <children />
                  <parameters />
                </test>
                <test id="e8bdbb96571b6b71" name="Repository_DeleteByKey" fullName="SubSonic.Tests/RepositoryTests/Repository_DeleteByKey" isTestCase="true">
                  <codeReference assembly="SubSonic.Tests, Version=2.2.1.0, Culture=neutral, PublicKeyToken=null" namespace="SubSonic.Tests.Repository" type="SubSonic.Tests.Repository.RepositoryTests" member="Repository_DeleteByKey" />
                  <codeLocation path="C:\data\SubsonicRoot\ss2\SubSonic.Tests\Repository\RepositoryTests.cs" line="112" />
                  <metadata>
                    <entry key="TestKind">
                      <value>Test</value>
                    </entry>
                  </metadata>
                  <children />
                  <parameters />
                </test>
                <test id="d366ccde4824190f" name="Repository_DestroyByKey" fullName="SubSonic.Tests/RepositoryTests/Repository_DestroyByKey" isTestCase="true">
                  <codeReference assembly="SubSonic.Tests, Version=2.2.1.0, Culture=neutral, PublicKeyToken=null" namespace="SubSonic.Tests.Repository" type="SubSonic.Tests.Repository.RepositoryTests" member="Repository_DestroyByKey" />
                  <codeLocation path="C:\data\SubsonicRoot\ss2\SubSonic.Tests\Repository\RepositoryTests.cs" line="144" />
                  <metadata>
                    <entry key="TestKind">
                      <value>Test</value>
                    </entry>
                  </metadata>
                  <children />
                  <parameters />
                </test>
                <test id="b277c675572095f6" name="Repository_ShouldNot_ThrowWhenNoColumnsChanged" fullName="SubSonic.Tests/RepositoryTests/Repository_ShouldNot_ThrowWhenNoColumnsChanged" isTestCase="true">
                  <codeReference assembly="SubSonic.Tests, Version=2.2.1.0, Culture=neutral, PublicKeyToken=null" namespace="SubSonic.Tests.Repository" type="SubSonic.Tests.Repository.RepositoryTests" member="Repository_ShouldNot_ThrowWhenNoColumnsChanged" />
                  <codeLocation path="C:\data\SubsonicRoot\ss2\SubSonic.Tests\Repository\RepositoryTests.cs" line="98" />
                  <metadata>
                    <entry key="TestKind">
                      <value>Test</value>
                    </entry>
                  </metadata>
                  <children />
                  <parameters />
                </test>
                <test id="436b3caa8a0dda25" name="Respository_CollectionLoad" fullName="SubSonic.Tests/RepositoryTests/Respository_CollectionLoad" isTestCase="true">
                  <codeReference assembly="SubSonic.Tests, Version=2.2.1.0, Culture=neutral, PublicKeyToken=null" namespace="SubSonic.Tests.Repository" type="SubSonic.Tests.Repository.RepositoryTests" member="Respository_CollectionLoad" />
                  <codeLocation path="C:\data\SubsonicRoot\ss2\SubSonic.Tests\Repository\RepositoryTests.cs" line="106" />
                  <metadata>
                    <entry key="TestKind">
                      <value>Test</value>
                    </entry>
                  </metadata>
                  <children />
                  <parameters />
                </test>
              </children>
              <parameters />
            </test>
            <test id="bc7166f99ef30223" name="ActiveListTests" fullName="SubSonic.Tests/ActiveListTests" isTestCase="false">
              <codeReference assembly="SubSonic.Tests, Version=2.2.1.0, Culture=neutral, PublicKeyToken=null" namespace="SubSonic.Tests" type="SubSonic.Tests.ActiveListTests" />
              <codeLocation path="C:\data\SubsonicRoot\ss2\SubSonic.Tests\ActiveListTests.cs" />
              <metadata>
                <entry key="TestKind">
                  <value>Fixture</value>
                </entry>
              </metadata>
              <children>
                <test id="c63e43da4f9829e6" name="ListTHelper" fullName="SubSonic.Tests/ActiveListTests/ListTHelper" isTestCase="true">
                  <codeReference assembly="SubSonic.Tests, Version=2.2.1.0, Culture=neutral, PublicKeyToken=null" namespace="SubSonic.Tests" type="SubSonic.Tests.ActiveListTests" member="ListTHelper" />
                  <codeLocation path="C:\data\SubsonicRoot\ss2\SubSonic.Tests\ActiveListTests.cs" line="88" />
                  <metadata>
                    <entry key="TestKind">
                      <value>Test</value>
                    </entry>
                  </metadata>
                  <children />
                  <parameters />
                </test>
                <test id="59081e8fe33bad22" name="BatchSaveInsert" fullName="SubSonic.Tests/ActiveListTests/BatchSaveInsert" isTestCase="true">
                  <codeReference assembly="SubSonic.Tests, Version=2.2.1.0, Culture=neutral, PublicKeyToken=null" namespace="SubSonic.Tests" type="SubSonic.Tests.ActiveListTests" member="BatchSaveInsert" />
                  <codeLocation path="C:\data\SubsonicRoot\ss2\SubSonic.Tests\ActiveListTests.cs" line="51" />
                  <metadata>
                    <entry key="TestKind">
                      <value>Test</value>
                    </entry>
                  </metadata>
                  <children />
                  <parameters />
                </test>
                <test id="828dd42707b21bbe" name="DeferredDelete" fullName="SubSonic.Tests/ActiveListTests/DeferredDelete" isTestCase="true">
                  <codeReference assembly="SubSonic.Tests, Version=2.2.1.0, Culture=neutral, PublicKeyToken=null" namespace="SubSonic.Tests" type="SubSonic.Tests.ActiveListTests" member="DeferredDelete" />
                  <codeLocation path="C:\data\SubsonicRoot\ss2\SubSonic.Tests\ActiveListTests.cs" line="66" />
                  <metadata>
                    <entry key="TestKind">
                      <value>Test</value>
                    </entry>
                  </metadata>
                  <children />
                  <parameters />
                </test>
                <test id="c10c3bb6a31302d5" name="BatchSaveUpdate" fullName="SubSonic.Tests/ActiveListTests/BatchSaveUpdate" isTestCase="true">
                  <codeReference assembly="SubSonic.Tests, Version=2.2.1.0, Culture=neutral, PublicKeyToken=null" namespace="SubSonic.Tests" type="SubSonic.Tests.ActiveListTests" member="BatchSaveUpdate" />
                  <codeLocation path="C:\data\SubsonicRoot\ss2\SubSonic.Tests\ActiveListTests.cs" line="130" />
                  <metadata>
                    <entry key="TestKind">
                      <value>Test</value>
                    </entry>
                  </metadata>
                  <children />
                  <parameters />
                </test>
                <test id="a1003a1d129446b2" name="BatchSaveUpdateNoChanges" fullName="SubSonic.Tests/ActiveListTests/BatchSaveUpdateNoChanges" isTestCase="true">
                  <codeReference assembly="SubSonic.Tests, Version=2.2.1.0, Culture=neutral, PublicKeyToken=null" namespace="SubSonic.Tests" type="SubSonic.Tests.ActiveListTests" member="BatchSaveUpdateNoChanges" />
                  <codeLocation path="C:\data\SubsonicRoot\ss2\SubSonic.Tests\ActiveListTests.cs" line="152" />
                  <metadata>
                    <entry key="TestKind">
                      <value>Test</value>
                    </entry>
                  </metadata>
                  <children />
                  <parameters />
                </test>
                <test id="dc06ea3eb5ecffc" name="ListSerialization" fullName="SubSonic.Tests/ActiveListTests/ListSerialization" isTestCase="true">
                  <codeReference assembly="SubSonic.Tests, Version=2.2.1.0, Culture=neutral, PublicKeyToken=null" namespace="SubSonic.Tests" type="SubSonic.Tests.ActiveListTests" member="ListSerialization" />
                  <codeLocation path="C:\data\SubsonicRoot\ss2\SubSonic.Tests\ActiveListTests.cs" line="173" />
                  <metadata>
                    <entry key="TestKind">
                      <value>Test</value>
                    </entry>
                  </metadata>
                  <children />
                  <parameters />
                </test>
              </children>
              <parameters />
            </test>
            <test id="621ae3895ea314a" name="MultiProvider" fullName="SubSonic.Tests/MultiProvider" isTestCase="false">
              <codeReference assembly="SubSonic.Tests, Version=2.2.1.0, Culture=neutral, PublicKeyToken=null" namespace="SubSonic.Tests" type="SubSonic.Tests.MultiProvider" />
              <codeLocation path="C:\data\SubsonicRoot\ss2\SubSonic.Tests\MultiProvider.cs" />
              <metadata>
                <entry key="TestKind">
                  <value>Fixture</value>
                </entry>
              </metadata>
              <children>
                <test id="e240560f583195d4" name="Multi_QueryTest" fullName="SubSonic.Tests/MultiProvider/Multi_QueryTest" isTestCase="true">
                  <codeReference assembly="SubSonic.Tests, Version=2.2.1.0, Culture=neutral, PublicKeyToken=null" namespace="SubSonic.Tests" type="SubSonic.Tests.MultiProvider" member="Multi_QueryTest" />
                  <codeLocation path="C:\data\SubsonicRoot\ss2\SubSonic.Tests\MultiProvider.cs" line="32" />
                  <metadata>
                    <entry key="TestKind">
                      <value>Test</value>
                    </entry>
                  </metadata>
                  <children />
                  <parameters />
                </test>
                <test id="44598ae75999557" name="Multiple_Providers_Should_Return_Correct_ProviderName" fullName="SubSonic.Tests/MultiProvider/Multiple_Providers_Should_Return_Correct_ProviderName" isTestCase="true">
                  <codeReference assembly="SubSonic.Tests, Version=2.2.1.0, Culture=neutral, PublicKeyToken=null" namespace="SubSonic.Tests" type="SubSonic.Tests.MultiProvider" member="Multiple_Providers_Should_Return_Correct_ProviderName" />
                  <codeLocation path="C:\data\SubsonicRoot\ss2\SubSonic.Tests\MultiProvider.cs" line="45" />
                  <metadata>
                    <entry key="TestKind">
                      <value>Test</value>
                    </entry>
                  </metadata>
                  <children />
                  <parameters />
                </test>
              </children>
              <parameters />
            </test>
            <test id="a42c7aab47bd124a" name="TransactionTests" fullName="SubSonic.Tests/TransactionTests" isTestCase="false">
              <codeReference assembly="SubSonic.Tests, Version=2.2.1.0, Culture=neutral, PublicKeyToken=null" namespace="SubSonic.Tests.SqlQuery" type="SubSonic.Tests.SqlQuery.TransactionTests" />
              <codeLocation path="C:\data\SubsonicRoot\ss2\SubSonic.Tests\SqlQuery\TransactionTests.cs" />
              <metadata>
                <entry key="TestKind">
                  <value>Fixture</value>
                </entry>
              </metadata>
              <children>
                <test id="ce0ea0d4bbeba445" name="Transaction_Simple" fullName="SubSonic.Tests/TransactionTests/Transaction_Simple" isTestCase="true">
                  <codeReference assembly="SubSonic.Tests, Version=2.2.1.0, Culture=neutral, PublicKeyToken=null" namespace="SubSonic.Tests.SqlQuery" type="SubSonic.Tests.SqlQuery.TransactionTests" member="Transaction_Simple" />
                  <codeLocation path="C:\data\SubsonicRoot\ss2\SubSonic.Tests\SqlQuery\TransactionTests.cs" line="27" />
                  <metadata>
                    <entry key="TestKind">
                      <value>Test</value>
                    </entry>
                  </metadata>
                  <children />
                  <parameters />
                </test>
              </children>
              <parameters />
            </test>
            <test id="82e4f995d1ef4b99" name="GeneratedObjectTests" fullName="SubSonic.Tests/GeneratedObjectTests" isTestCase="false">
              <codeReference assembly="SubSonic.Tests, Version=2.2.1.0, Culture=neutral, PublicKeyToken=null" namespace="SubSonic.Tests" type="SubSonic.Tests.GeneratedObjectTests" />
              <codeLocation path="C:\data\SubsonicRoot\ss2\SubSonic.Tests\GeneratedObjectTests.cs" />
              <metadata>
                <entry key="TestKind">
                  <value>Fixture</value>
                </entry>
              </metadata>
              <children>
                <test id="bb5648aa7aeca27d" name="Objects_DeletedTest" fullName="SubSonic.Tests/GeneratedObjectTests/Objects_DeletedTest" isTestCase="true">
                  <codeReference assembly="SubSonic.Tests, Version=2.2.1.0, Culture=neutral, PublicKeyToken=null" namespace="SubSonic.Tests" type="SubSonic.Tests.GeneratedObjectTests" member="Objects_DeletedTest" />
                  <codeLocation path="C:\data\SubsonicRoot\ss2\SubSonic.Tests\GeneratedObjectTests.cs" line="72" />
                  <metadata>
                    <entry key="TestKind">
                      <value>Test</value>
                    </entry>
                  </metadata>
                  <children />
                  <parameters />
                </test>
                <test id="3c3bbcc98ccd4e2f" name="Object_Query" fullName="SubSonic.Tests/GeneratedObjectTests/Object_Query" isTestCase="true">
                  <codeReference assembly="SubSonic.Tests, Version=2.2.1.0, Culture=neutral, PublicKeyToken=null" namespace="SubSonic.Tests" type="SubSonic.Tests.GeneratedObjectTests" member="Object_Query" />
                  <codeLocation path="C:\data\SubsonicRoot\ss2\SubSonic.Tests\GeneratedObjectTests.cs" line="85" />
                  <metadata>
                    <entry key="TestKind">
                      <value>Test</value>
                    </entry>
                  </metadata>
                  <children />
                  <parameters />
                </test>
                <test id="c7acc287a1bc8226" name="Collections_DeletedTest" fullName="SubSonic.Tests/GeneratedObjectTests/Collections_DeletedTest" isTestCase="true">
                  <codeReference assembly="SubSonic.Tests, Version=2.2.1.0, Culture=neutral, PublicKeyToken=null" namespace="SubSonic.Tests" type="SubSonic.Tests.GeneratedObjectTests" member="Collections_DeletedTest" />
                  <codeLocation path="C:\data\SubsonicRoot\ss2\SubSonic.Tests\GeneratedObjectTests.cs" line="51" />
                  <metadata>
                    <entry key="TestKind">
                      <value>Test</value>
                    </entry>
                  </metadata>
                  <children />
                  <parameters />
                </test>
                <test id="aeb613d93bc00de9" name="Objects_LoadListItems" fullName="SubSonic.Tests/GeneratedObjectTests/Objects_LoadListItems" isTestCase="true">
                  <codeReference assembly="SubSonic.Tests, Version=2.2.1.0, Culture=neutral, PublicKeyToken=null" namespace="SubSonic.Tests" type="SubSonic.Tests.GeneratedObjectTests" member="Objects_LoadListItems" />
                  <codeLocation path="C:\data\SubsonicRoot\ss2\SubSonic.Tests\GeneratedObjectTests.cs" line="62" />
                  <metadata>
                    <entry key="TestKind">
                      <value>Test</value>
                    </entry>
                  </metadata>
                  <children />
                  <parameters />
                </test>
                <test id="f95d8f08e78840f5" name="Object_DefaultSettings" fullName="SubSonic.Tests/GeneratedObjectTests/Object_DefaultSettings" isTestCase="true">
                  <codeReference assembly="SubSonic.Tests, Version=2.2.1.0, Culture=neutral, PublicKeyToken=null" namespace="SubSonic.Tests" type="SubSonic.Tests.GeneratedObjectTests" member="Object_DefaultSettings" />
                  <codeLocation path="C:\data\SubsonicRoot\ss2\SubSonic.Tests\GeneratedObjectTests.cs" line="155" />
                  <metadata>
                    <entry key="TestKind">
                      <value>Test</value>
                    </entry>
                  </metadata>
                  <children />
                  <parameters />
                </test>
                <test id="29e469fbe053c6cc" name="Object_SchemaDefinition" fullName="SubSonic.Tests/GeneratedObjectTests/Object_SchemaDefinition" isTestCase="true">
                  <codeReference assembly="SubSonic.Tests, Version=2.2.1.0, Culture=neutral, PublicKeyToken=null" namespace="SubSonic.Tests" type="SubSonic.Tests.GeneratedObjectTests" member="Object_SchemaDefinition" />
                  <codeLocation path="C:\data\SubsonicRoot\ss2\SubSonic.Tests\GeneratedObjectTests.cs" line="166" />
                  <metadata>
                    <entry key="TestKind">
                      <value>Test</value>
                    </entry>
                  </metadata>
                  <children />
                  <parameters />
                </test>
                <test id="40bb206d85a9b796" name="Object_CRUD" fullName="SubSonic.Tests/GeneratedObjectTests/Object_CRUD" isTestCase="true">
                  <codeReference assembly="SubSonic.Tests, Version=2.2.1.0, Culture=neutral, PublicKeyToken=null" namespace="SubSonic.Tests" type="SubSonic.Tests.GeneratedObjectTests" member="Object_CRUD" />
                  <codeLocation path="C:\data\SubsonicRoot\ss2\SubSonic.Tests\GeneratedObjectTests.cs" line="99" />
                  <metadata>
                    <entry key="TestKind">
                      <value>Test</value>
                    </entry>
                  </metadata>
                  <children />
                  <parameters />
                </test>
                <test id="14c17386f5fc54" name="Object_Validation" fullName="SubSonic.Tests/GeneratedObjectTests/Object_Validation" isTestCase="true">
                  <codeReference assembly="SubSonic.Tests, Version=2.2.1.0, Culture=neutral, PublicKeyToken=null" namespace="SubSonic.Tests" type="SubSonic.Tests.GeneratedObjectTests" member="Object_Validation" />
                  <codeLocation path="C:\data\SubsonicRoot\ss2\SubSonic.Tests\GeneratedObjectTests.cs" line="124" />
                  <metadata>
                    <entry key="TestKind">
                      <value>Test</value>
                    </entry>
                  </metadata>
                  <children />
                  <parameters />
                </test>
              </children>
              <parameters />
            </test>
            <test id="100d55b0e105bd89" name="DataServiceTest" fullName="SubSonic.Tests/DataServiceTest" isTestCase="false">
              <codeReference assembly="SubSonic.Tests, Version=2.2.1.0, Culture=neutral, PublicKeyToken=null" namespace="SubSonic.Tests" type="SubSonic.Tests.DataServiceTest" />
              <codeLocation path="C:\data\SubsonicRoot\ss2\SubSonic.Tests\DataServiceTest.cs" />
              <metadata>
                <entry key="TestKind">
                  <value>Fixture</value>
                </entry>
              </metadata>
              <children>
                <test id="b449a12d7036ab60" name="DataService_GetSchema" fullName="SubSonic.Tests/DataServiceTest/DataService_GetSchema" isTestCase="true">
                  <codeReference assembly="SubSonic.Tests, Version=2.2.1.0, Culture=neutral, PublicKeyToken=null" namespace="SubSonic.Tests" type="SubSonic.Tests.DataServiceTest" member="DataService_GetSchema" />
                  <codeLocation path="C:\data\SubsonicRoot\ss2\SubSonic.Tests\DataServiceTest.cs" line="49" />
                  <metadata>
                    <entry key="TestKind">
                      <value>Test</value>
                    </entry>
                  </metadata>
                  <children />
                  <parameters />
                </test>
                <test id="ee678df2e826a4e0" name="DataProvider_GetRecordCount" fullName="SubSonic.Tests/DataServiceTest/DataProvider_GetRecordCount" isTestCase="true">
                  <codeReference assembly="SubSonic.Tests, Version=2.2.1.0, Culture=neutral, PublicKeyToken=null" namespace="SubSonic.Tests" type="SubSonic.Tests.DataServiceTest" member="DataProvider_GetRecordCount" />
                  <codeLocation path="C:\data\SubsonicRoot\ss2\SubSonic.Tests\DataServiceTest.cs" line="69" />
                  <metadata>
                    <entry key="TestKind">
                      <value>Test</value>
                    </entry>
                  </metadata>
                  <children />
                  <parameters />
                </test>
                <test id="62b85bc2affcd08c" name="DataService_GetTableNames" fullName="SubSonic.Tests/DataServiceTest/DataService_GetTableNames" isTestCase="true">
                  <codeReference assembly="SubSonic.Tests, Version=2.2.1.0, Culture=neutral, PublicKeyToken=null" namespace="SubSonic.Tests" type="SubSonic.Tests.DataServiceTest" member="DataService_GetTableNames" />
                  <codeLocation path="C:\data\SubsonicRoot\ss2\SubSonic.Tests\DataServiceTest.cs" line="59" />
                  <metadata>
                    <entry key="TestKind">
                      <value>Test</value>
                    </entry>
                  </metadata>
                  <children />
                  <parameters />
                </test>
              </children>
              <parameters />
            </test>
            <test id="d555ee4381e205dd" name="MySqlGeneratorTests" fullName="SubSonic.Tests/MySqlGeneratorTests" isTestCase="false">
              <codeReference assembly="SubSonic.Tests, Version=2.2.1.0, Culture=neutral, PublicKeyToken=null" namespace="SubSonic.Tests.SqlGenerators" type="SubSonic.Tests.SqlGenerators.MySqlGeneratorTests" />
              <codeLocation path="C:\data\SubsonicRoot\ss2\SubSonic.Tests\SqlGenerators\MySqlGeneratorTests.cs" />
              <metadata>
                <entry key="TestKind">
                  <value>Fixture</value>
                </entry>
              </metadata>
              <children>
                <test id="86b9711ecc776484" name="Drop_Table" fullName="SubSonic.Tests/MySqlGeneratorTests/Drop_Table" isTestCase="true">
                  <codeReference assembly="SubSonic.Tests, Version=2.2.1.0, Culture=neutral, PublicKeyToken=null" namespace="SubSonic.Tests.SqlGenerators" type="SubSonic.Tests.SqlGenerators.MySqlGeneratorTests" member="Drop_Table" />
                  <codeLocation path="C:\data\SubsonicRoot\ss2\SubSonic.Tests\SqlGenerators\MySqlGeneratorTests.cs" line="23" />
                  <metadata>
                    <entry key="TestKind">
                      <value>Test</value>
                    </entry>
                  </metadata>
                  <children />
                  <parameters />
                </test>
                <test id="58690fbdcef5469f" name="Select_ColumnList_Specified" fullName="SubSonic.Tests/MySqlGeneratorTests/Select_ColumnList_Specified" isTestCase="true">
                  <codeReference assembly="SubSonic.Tests, Version=2.2.1.0, Culture=neutral, PublicKeyToken=null" namespace="SubSonic.Tests.SqlGenerators" type="SubSonic.Tests.SqlGenerators.MySqlGeneratorTests" member="Select_ColumnList_Specified" />
                  <codeLocation path="C:\data\SubsonicRoot\ss2\SubSonic.Tests\SqlGenerators\MySqlGeneratorTests.cs" line="12" />
                  <metadata>
                    <entry key="TestKind">
                      <value>Test</value>
                    </entry>
                  </metadata>
                  <children />
                  <parameters />
                </test>
                <test id="21f87b47ae716092" name="Create_Table" fullName="SubSonic.Tests/MySqlGeneratorTests/Create_Table" isTestCase="true">
                  <codeReference assembly="SubSonic.Tests, Version=2.2.1.0, Culture=neutral, PublicKeyToken=null" namespace="SubSonic.Tests.SqlGenerators" type="SubSonic.Tests.SqlGenerators.MySqlGeneratorTests" member="Create_Table" />
                  <codeLocation path="C:\data\SubsonicRoot\ss2\SubSonic.Tests\SqlGenerators\MySqlGeneratorTests.cs" line="31" />
                  <metadata>
                    <entry key="TestKind">
                      <value>Test</value>
                    </entry>
                  </metadata>
                  <children />
                  <parameters />
                </test>
                <test id="4b2410a3fffa3a15" name="Remove_Column" fullName="SubSonic.Tests/MySqlGeneratorTests/Remove_Column" isTestCase="true">
                  <codeReference assembly="SubSonic.Tests, Version=2.2.1.0, Culture=neutral, PublicKeyToken=null" namespace="SubSonic.Tests.SqlGenerators" type="SubSonic.Tests.SqlGenerators.MySqlGeneratorTests" member="Remove_Column" />
                  <codeLocation path="C:\data\SubsonicRoot\ss2\SubSonic.Tests\SqlGenerators\MySqlGeneratorTests.cs" line="73" />
                  <metadata>
                    <entry key="TestKind">
                      <value>Test</value>
                    </entry>
                  </metadata>
                  <children />
                  <parameters />
                </test>
                <test id="5a34a93f4a70d135" name="Alter_Column" fullName="SubSonic.Tests/MySqlGeneratorTests/Alter_Column" isTestCase="true">
                  <codeReference assembly="SubSonic.Tests, Version=2.2.1.0, Culture=neutral, PublicKeyToken=null" namespace="SubSonic.Tests.SqlGenerators" type="SubSonic.Tests.SqlGenerators.MySqlGeneratorTests" member="Alter_Column" />
                  <codeLocation path="C:\data\SubsonicRoot\ss2\SubSonic.Tests\SqlGenerators\MySqlGeneratorTests.cs" line="61" />
                  <metadata>
                    <entry key="TestKind">
                      <value>Test</value>
                    </entry>
                  </metadata>
                  <children />
                  <parameters />
                </test>
                <test id="f83464f45f4bb980" name="Add_Column" fullName="SubSonic.Tests/MySqlGeneratorTests/Add_Column" isTestCase="true">
                  <codeReference assembly="SubSonic.Tests, Version=2.2.1.0, Culture=neutral, PublicKeyToken=null" namespace="SubSonic.Tests.SqlGenerators" type="SubSonic.Tests.SqlGenerators.MySqlGeneratorTests" member="Add_Column" />
                  <codeLocation path="C:\data\SubsonicRoot\ss2\SubSonic.Tests\SqlGenerators\MySqlGeneratorTests.cs" line="46" />
                  <metadata>
                    <entry key="TestKind">
                      <value>Test</value>
                    </entry>
                  </metadata>
                  <children />
                  <parameters />
                </test>
              </children>
              <parameters />
            </test>
            <test id="4a525883a4c1bcb9" name="ManyToMany" fullName="SubSonic.Tests/ManyToMany" isTestCase="false">
              <codeReference assembly="SubSonic.Tests, Version=2.2.1.0, Culture=neutral, PublicKeyToken=null" namespace="SubSonic.Tests" type="SubSonic.Tests.ManyToMany" />
              <codeLocation path="C:\data\SubsonicRoot\ss2\SubSonic.Tests\bin\Debug\SubSonic.Tests.DLL" />
              <metadata>
                <entry key="TestKind">
                  <value>Fixture</value>
                </entry>
              </metadata>
              <children />
              <parameters />
            </test>
            <test id="60b90858aa342229" name="SqlServerParserTests" fullName="SubSonic.Tests/SqlServerParserTests" isTestCase="false">
              <codeReference assembly="SubSonic.Tests, Version=2.2.1.0, Culture=neutral, PublicKeyToken=null" namespace="SubSonic.Tests.SqlQuery" type="SubSonic.Tests.SqlQuery.SqlServerParserTests" />
              <codeLocation path="C:\data\SubsonicRoot\ss2\SubSonic.Tests\SqlGenerators\SqlServerGeneratorTests.cs" />
              <metadata>
                <entry key="TestKind">
                  <value>Fixture</value>
                </entry>
              </metadata>
              <children>
                <test id="b038d3afb3264e1f" name="Add_Column" fullName="SubSonic.Tests/SqlServerParserTests/Add_Column" isTestCase="true">
                  <codeReference assembly="SubSonic.Tests, Version=2.2.1.0, Culture=neutral, PublicKeyToken=null" namespace="SubSonic.Tests.SqlQuery" type="SubSonic.Tests.SqlQuery.SqlServerParserTests" member="Add_Column" />
                  <codeLocation path="C:\data\SubsonicRoot\ss2\SubSonic.Tests\SqlGenerators\SqlServerGeneratorTests.cs" line="258" />
                  <metadata>
                    <entry key="TestKind">
                      <value>Test</value>
                    </entry>
                  </metadata>
                  <children />
                  <parameters />
                </test>
                <test id="b23686f1b213f7ff" name="Create_Table" fullName="SubSonic.Tests/SqlServerParserTests/Create_Table" isTestCase="true">
                  <codeReference assembly="SubSonic.Tests, Version=2.2.1.0, Culture=neutral, PublicKeyToken=null" namespace="SubSonic.Tests.SqlQuery" type="SubSonic.Tests.SqlQuery.SqlServerParserTests" member="Create_Table" />
                  <codeLocation path="C:\data\SubsonicRoot\ss2\SubSonic.Tests\SqlGenerators\SqlServerGeneratorTests.cs" line="248" />
                  <metadata>
                    <entry key="TestKind">
                      <value>Test</value>
                    </entry>
                  </metadata>
                  <children />
                  <parameters />
                </test>
                <test id="76cb5cc148d15d12" name="Drop_Table" fullName="SubSonic.Tests/SqlServerParserTests/Drop_Table" isTestCase="true">
                  <codeReference assembly="SubSonic.Tests, Version=2.2.1.0, Culture=neutral, PublicKeyToken=null" namespace="SubSonic.Tests.SqlQuery" type="SubSonic.Tests.SqlQuery.SqlServerParserTests" member="Drop_Table" />
                  <codeLocation path="C:\data\SubsonicRoot\ss2\SubSonic.Tests\SqlGenerators\SqlServerGeneratorTests.cs" line="240" />
                  <metadata>
                    <entry key="TestKind">
                      <value>Test</value>
                    </entry>
                  </metadata>
                  <children />
                  <parameters />
                </test>
                <test id="f10c18f4e6e52a40" name="Select_ColumnList_Specified" fullName="SubSonic.Tests/SqlServerParserTests/Select_ColumnList_Specified" isTestCase="true">
                  <codeReference assembly="SubSonic.Tests, Version=2.2.1.0, Culture=neutral, PublicKeyToken=null" namespace="SubSonic.Tests.SqlQuery" type="SubSonic.Tests.SqlQuery.SqlServerParserTests" member="Select_ColumnList_Specified" />
                  <codeLocation path="C:\data\SubsonicRoot\ss2\SubSonic.Tests\SqlGenerators\SqlServerGeneratorTests.cs" line="27" />
                  <metadata>
                    <entry key="TestKind">
                      <value>Test</value>
                    </entry>
                  </metadata>
                  <children />
                  <parameters />
                </test>
                <test id="55d0b3a9aa2fc7b5" name="Remove_Column" fullName="SubSonic.Tests/SqlServerParserTests/Remove_Column" isTestCase="true">
                  <codeReference assembly="SubSonic.Tests, Version=2.2.1.0, Culture=neutral, PublicKeyToken=null" namespace="SubSonic.Tests.SqlQuery" type="SubSonic.Tests.SqlQuery.SqlServerParserTests" member="Remove_Column" />
                  <codeLocation path="C:\data\SubsonicRoot\ss2\SubSonic.Tests\SqlGenerators\SqlServerGeneratorTests.cs" line="288" />
                  <metadata>
                    <entry key="TestKind">
                      <value>Test</value>
                    </entry>
                  </metadata>
                  <children />
                  <parameters />
                </test>
                <test id="230b5d41c88cd9d3" name="Alter_Column" fullName="SubSonic.Tests/SqlServerParserTests/Alter_Column" isTestCase="true">
                  <codeReference assembly="SubSonic.Tests, Version=2.2.1.0, Culture=neutral, PublicKeyToken=null" namespace="SubSonic.Tests.SqlQuery" type="SubSonic.Tests.SqlQuery.SqlServerParserTests" member="Alter_Column" />
                  <codeLocation path="C:\data\SubsonicRoot\ss2\SubSonic.Tests\SqlGenerators\SqlServerGeneratorTests.cs" line="273" />
                  <metadata>
                    <entry key="TestKind">
                      <value>Test</value>
                    </entry>
                  </metadata>
                  <children />
                  <parameters />
                </test>
                <test id="a81dd1f180303cf2" name="Join_Unequal" fullName="SubSonic.Tests/SqlServerParserTests/Join_Unequal" isTestCase="true">
                  <codeReference assembly="SubSonic.Tests, Version=2.2.1.0, Culture=neutral, PublicKeyToken=null" namespace="SubSonic.Tests.SqlQuery" type="SubSonic.Tests.SqlQuery.SqlServerParserTests" member="Join_Unequal" />
                  <codeLocation path="C:\data\SubsonicRoot\ss2\SubSonic.Tests\SqlGenerators\SqlServerGeneratorTests.cs" line="228" />
                  <metadata>
                    <entry key="TestKind">
                      <value>Test</value>
                    </entry>
                  </metadata>
                  <children />
                  <parameters />
                </test>
                <test id="e8c503421ed75cc7" name="Where_Simple" fullName="SubSonic.Tests/SqlServerParserTests/Where_Simple" isTestCase="true">
                  <codeReference assembly="SubSonic.Tests, Version=2.2.1.0, Culture=neutral, PublicKeyToken=null" namespace="SubSonic.Tests.SqlQuery" type="SubSonic.Tests.SqlQuery.SqlServerParserTests" member="Where_Simple" />
                  <codeLocation path="C:\data\SubsonicRoot\ss2\SubSonic.Tests\SqlGenerators\SqlServerGeneratorTests.cs" line="81" />
                  <metadata>
                    <entry key="TestKind">
                      <value>Test</value>
                    </entry>
                  </metadata>
                  <children />
                  <parameters />
                </test>
                <test id="8e81f1b907805ac6" name="Where_And" fullName="SubSonic.Tests/SqlServerParserTests/Where_And" isTestCase="true">
                  <codeReference assembly="SubSonic.Tests, Version=2.2.1.0, Culture=neutral, PublicKeyToken=null" namespace="SubSonic.Tests.SqlQuery" type="SubSonic.Tests.SqlQuery.SqlServerParserTests" member="Where_And" />
                  <codeLocation path="C:\data\SubsonicRoot\ss2\SubSonic.Tests\SqlGenerators\SqlServerGeneratorTests.cs" line="90" />
                  <metadata>
                    <entry key="TestKind">
                      <value>Test</value>
                    </entry>
                  </metadata>
                  <children />
                  <parameters />
                </test>
                <test id="cd33398885417e68" name="Select_BetweenAnd" fullName="SubSonic.Tests/SqlServerParserTests/Select_BetweenAnd" isTestCase="true">
                  <codeReference assembly="SubSonic.Tests, Version=2.2.1.0, Culture=neutral, PublicKeyToken=null" namespace="SubSonic.Tests.SqlQuery" type="SubSonic.Tests.SqlQuery.SqlServerParserTests" member="Select_BetweenAnd" />
                  <codeLocation path="C:\data\SubsonicRoot\ss2\SubSonic.Tests\SqlGenerators\SqlServerGeneratorTests.cs" line="101" />
                  <metadata>
                    <entry key="TestKind">
                      <value>Test</value>
                    </entry>
                  </metadata>
                  <children />
                  <parameters />
                </test>
                <test id="93ecceb46b6af8ef" name="Join_CreateImplicit_Reversed" fullName="SubSonic.Tests/SqlServerParserTests/Join_CreateImplicit_Reversed" isTestCase="true">
                  <codeReference assembly="SubSonic.Tests, Version=2.2.1.0, Culture=neutral, PublicKeyToken=null" namespace="SubSonic.Tests.SqlQuery" type="SubSonic.Tests.SqlQuery.SqlServerParserTests" member="Join_CreateImplicit_Reversed" />
                  <codeLocation path="C:\data\SubsonicRoot\ss2\SubSonic.Tests\SqlGenerators\SqlServerGeneratorTests.cs" line="73" />
                  <metadata>
                    <entry key="TestKind">
                      <value>Test</value>
                    </entry>
                  </metadata>
                  <children />
                  <parameters />
                </test>
                <test id="9353a3d7f6f779c0" name="Select_Generate_FromList" fullName="SubSonic.Tests/SqlServerParserTests/Select_Generate_FromList" isTestCase="true">
                  <codeReference assembly="SubSonic.Tests, Version=2.2.1.0, Culture=neutral, PublicKeyToken=null" namespace="SubSonic.Tests.SqlQuery" type="SubSonic.Tests.SqlQuery.SqlServerParserTests" member="Select_Generate_FromList" />
                  <codeLocation path="C:\data\SubsonicRoot\ss2\SubSonic.Tests\SqlGenerators\SqlServerGeneratorTests.cs" line="38" />
                  <metadata>
                    <entry key="TestKind">
                      <value>Test</value>
                    </entry>
                  </metadata>
                  <children />
                  <parameters />
                </test>
                <test id="c16ca65665a60dcd" name="Select_Generate_JoinList" fullName="SubSonic.Tests/SqlServerParserTests/Select_Generate_JoinList" isTestCase="true">
                  <codeReference assembly="SubSonic.Tests, Version=2.2.1.0, Culture=neutral, PublicKeyToken=null" namespace="SubSonic.Tests.SqlQuery" type="SubSonic.Tests.SqlQuery.SqlServerParserTests" member="Select_Generate_JoinList" />
                  <codeLocation path="C:\data\SubsonicRoot\ss2\SubSonic.Tests\SqlGenerators\SqlServerGeneratorTests.cs" line="49" />
                  <metadata>
                    <entry key="TestKind">
                      <value>Test</value>
                    </entry>
                  </metadata>
                  <children />
                  <parameters />
                </test>
                <test id="6b04afe64d308ac5" name="Join_CreateImplicit" fullName="SubSonic.Tests/SqlServerParserTests/Join_CreateImplicit" isTestCase="true">
                  <codeReference assembly="SubSonic.Tests, Version=2.2.1.0, Culture=neutral, PublicKeyToken=null" namespace="SubSonic.Tests.SqlQuery" type="SubSonic.Tests.SqlQuery.SqlServerParserTests" member="Join_CreateImplicit" />
                  <codeLocation path="C:\data\SubsonicRoot\ss2\SubSonic.Tests\SqlGenerators\SqlServerGeneratorTests.cs" line="65" />
                  <metadata>
                    <entry key="TestKind">
                      <value>Test</value>
                    </entry>
                  </metadata>
                  <children />
                  <parameters />
                </test>
                <test id="fe33148885157218" name="Aggregate_Count" fullName="SubSonic.Tests/SqlServerParserTests/Aggregate_Count" isTestCase="true">
                  <codeReference assembly="SubSonic.Tests, Version=2.2.1.0, Culture=neutral, PublicKeyToken=null" namespace="SubSonic.Tests.SqlQuery" type="SubSonic.Tests.SqlQuery.SqlServerParserTests" member="Aggregate_Count" />
                  <codeLocation path="C:\data\SubsonicRoot\ss2\SubSonic.Tests\SqlGenerators\SqlServerGeneratorTests.cs" line="111" />
                  <metadata>
                    <entry key="TestKind">
                      <value>Test</value>
                    </entry>
                  </metadata>
                  <children />
                  <parameters />
                </test>
                <test id="ad7e1ee716b970b" name="Select_IN" fullName="SubSonic.Tests/SqlServerParserTests/Select_IN" isTestCase="true">
                  <codeReference assembly="SubSonic.Tests, Version=2.2.1.0, Culture=neutral, PublicKeyToken=null" namespace="SubSonic.Tests.SqlQuery" type="SubSonic.Tests.SqlQuery.SqlServerParserTests" member="Select_IN" />
                  <codeLocation path="C:\data\SubsonicRoot\ss2\SubSonic.Tests\SqlGenerators\SqlServerGeneratorTests.cs" line="196" />
                  <metadata>
                    <entry key="TestKind">
                      <value>Test</value>
                    </entry>
                  </metadata>
                  <children />
                  <parameters />
                </test>
                <test id="14656463e04d232d" name="Join_RightOuter" fullName="SubSonic.Tests/SqlServerParserTests/Join_RightOuter" isTestCase="true">
                  <codeReference assembly="SubSonic.Tests, Version=2.2.1.0, Culture=neutral, PublicKeyToken=null" namespace="SubSonic.Tests.SqlQuery" type="SubSonic.Tests.SqlQuery.SqlServerParserTests" member="Join_RightOuter" />
                  <codeLocation path="C:\data\SubsonicRoot\ss2\SubSonic.Tests\SqlGenerators\SqlServerGeneratorTests.cs" line="204" />
                  <metadata>
                    <entry key="TestKind">
                      <value>Test</value>
                    </entry>
                  </metadata>
                  <children />
                  <parameters />
                </test>
                <test id="145dc48b903294de" name="Join_Cross" fullName="SubSonic.Tests/SqlServerParserTests/Join_Cross" isTestCase="true">
                  <codeReference assembly="SubSonic.Tests, Version=2.2.1.0, Culture=neutral, PublicKeyToken=null" namespace="SubSonic.Tests.SqlQuery" type="SubSonic.Tests.SqlQuery.SqlServerParserTests" member="Join_Cross" />
                  <codeLocation path="C:\data\SubsonicRoot\ss2\SubSonic.Tests\SqlGenerators\SqlServerGeneratorTests.cs" line="216" />
                  <metadata>
                    <entry key="TestKind">
                      <value>Test</value>
                    </entry>
                  </metadata>
                  <children />
                  <parameters />
                </test>
                <test id="5fa0547ca29e973d" name="Select_PagedWithAggregate" fullName="SubSonic.Tests/SqlServerParserTests/Select_PagedWithAggregate" isTestCase="true">
                  <codeReference assembly="SubSonic.Tests, Version=2.2.1.0, Culture=neutral, PublicKeyToken=null" namespace="SubSonic.Tests.SqlQuery" type="SubSonic.Tests.SqlQuery.SqlServerParserTests" member="Select_PagedWithAggregate" />
                  <codeLocation path="C:\data\SubsonicRoot\ss2\SubSonic.Tests\SqlGenerators\SqlServerGeneratorTests.cs" line="178" />
                  <metadata>
                    <entry key="TestKind">
                      <value>Test</value>
                    </entry>
                  </metadata>
                  <children />
                  <parameters />
                </test>
                <test id="11814d6ca25ebd6" name="Where_Expression" fullName="SubSonic.Tests/SqlServerParserTests/Where_Expression" isTestCase="true">
                  <codeReference assembly="SubSonic.Tests, Version=2.2.1.0, Culture=neutral, PublicKeyToken=null" namespace="SubSonic.Tests.SqlQuery" type="SubSonic.Tests.SqlQuery.SqlServerParserTests" member="Where_Expression" />
                  <codeLocation path="C:\data\SubsonicRoot\ss2\SubSonic.Tests\SqlGenerators\SqlServerGeneratorTests.cs" line="126" />
                  <metadata>
                    <entry key="TestKind">
                      <value>Test</value>
                    </entry>
                  </metadata>
                  <children />
                  <parameters />
                </test>
                <test id="82c6a08c439adfeb" name="Select_Expression" fullName="SubSonic.Tests/SqlServerParserTests/Select_Expression" isTestCase="true">
                  <codeReference assembly="SubSonic.Tests, Version=2.2.1.0, Culture=neutral, PublicKeyToken=null" namespace="SubSonic.Tests.SqlQuery" type="SubSonic.Tests.SqlQuery.SqlServerParserTests" member="Select_Expression" />
                  <codeLocation path="C:\data\SubsonicRoot\ss2\SubSonic.Tests\SqlGenerators\SqlServerGeneratorTests.cs" line="138" />
                  <metadata>
                    <entry key="TestKind">
                      <value>Test</value>
                    </entry>
                  </metadata>
                  <children />
                  <parameters />
                </test>
                <test id="f8b3de9ebe602bca" name="Select_Paged" fullName="SubSonic.Tests/SqlServerParserTests/Select_Paged" isTestCase="true">
                  <codeReference assembly="SubSonic.Tests, Version=2.2.1.0, Culture=neutral, PublicKeyToken=null" namespace="SubSonic.Tests.SqlQuery" type="SubSonic.Tests.SqlQuery.SqlServerParserTests" member="Select_Paged" />
                  <codeLocation path="C:\data\SubsonicRoot\ss2\SubSonic.Tests\SqlGenerators\SqlServerGeneratorTests.cs" line="157" />
                  <metadata>
                    <entry key="TestKind">
                      <value>Test</value>
                    </entry>
                  </metadata>
                  <children />
                  <parameters />
                </test>
              </children>
              <parameters />
            </test>
            <test id="880abdbef59a7034" name="TransactionWithDtcOffTests" fullName="SubSonic.Tests/TransactionWithDtcOffTests" isTestCase="false">
              <codeReference assembly="SubSonic.Tests, Version=2.2.1.0, Culture=neutral, PublicKeyToken=null" namespace="SubSonic.Tests" type="SubSonic.Tests.TransactionWithDtcOffTests" />
              <codeLocation path="C:\data\SubsonicRoot\ss2\SubSonic.Tests\TransactionWithDtcOffTests.cs" />
              <metadata>
                <entry key="TestKind">
                  <value>Fixture</value>
                </entry>
              </metadata>
              <children>
                <test id="d05195082be18aed" name="RetrieveMultipleProducts_FailsWithoutSharedConnection" fullName="SubSonic.Tests/TransactionWithDtcOffTests/RetrieveMultipleProducts_FailsWithoutSharedConnection" isTestCase="true">
                  <codeReference assembly="SubSonic.Tests, Version=2.2.1.0, Culture=neutral, PublicKeyToken=null" namespace="SubSonic.Tests" type="SubSonic.Tests.TransactionWithDtcOffTests" member="RetrieveMultipleProducts_FailsWithoutSharedConnection" />
                  <codeLocation path="C:\data\SubsonicRoot\ss2\SubSonic.Tests\TransactionWithDtcOffTests.cs" line="78" />
                  <metadata>
                    <entry key="TestKind">
                      <value>Test</value>
                    </entry>
                  </metadata>
                  <children />
                  <parameters />
                </test>
                <test id="33bc997a3d7805bc" name="CanRetrieveMultipleEntities_FailsWithoutSharedConnectionScope" fullName="SubSonic.Tests/TransactionWithDtcOffTests/CanRetrieveMultipleEntities_FailsWithoutSharedConnectionScope" isTestCase="true">
                  <codeReference assembly="SubSonic.Tests, Version=2.2.1.0, Culture=neutral, PublicKeyToken=null" namespace="SubSonic.Tests" type="SubSonic.Tests.TransactionWithDtcOffTests" member="CanRetrieveMultipleEntities_FailsWithoutSharedConnectionScope" />
                  <codeLocation path="C:\data\SubsonicRoot\ss2\SubSonic.Tests\TransactionWithDtcOffTests.cs" line="104" />
                  <metadata>
                    <entry key="TestKind">
                      <value>Test</value>
                    </entry>
                  </metadata>
                  <children />
                  <parameters />
                </test>
                <test id="710aa2d766b9c833" name="CanRetrieveMultipleEntities_SucceedsWithSharedConnectionScope" fullName="SubSonic.Tests/TransactionWithDtcOffTests/CanRetrieveMultipleEntities_SucceedsWithSharedConnectionScope" isTestCase="true">
                  <codeReference assembly="SubSonic.Tests, Version=2.2.1.0, Culture=neutral, PublicKeyToken=null" namespace="SubSonic.Tests" type="SubSonic.Tests.TransactionWithDtcOffTests" member="CanRetrieveMultipleEntities_SucceedsWithSharedConnectionScope" />
                  <codeLocation path="C:\data\SubsonicRoot\ss2\SubSonic.Tests\TransactionWithDtcOffTests.cs" line="135" />
                  <metadata>
                    <entry key="TestKind">
                      <value>Test</value>
                    </entry>
                  </metadata>
                  <children />
                  <parameters />
                </test>
                <test id="9053402acf9b34da" name="NoTransactionScope_CanRetrieveSingleProduct" fullName="SubSonic.Tests/TransactionWithDtcOffTests/NoTransactionScope_CanRetrieveSingleProduct" isTestCase="true">
                  <codeReference assembly="SubSonic.Tests, Version=2.2.1.0, Culture=neutral, PublicKeyToken=null" namespace="SubSonic.Tests" type="SubSonic.Tests.TransactionWithDtcOffTests" member="NoTransactionScope_CanRetrieveSingleProduct" />
                  <codeLocation path="C:\data\SubsonicRoot\ss2\SubSonic.Tests\TransactionWithDtcOffTests.cs" line="55" />
                  <metadata>
                    <entry key="TestKind">
                      <value>Test</value>
                    </entry>
                  </metadata>
                  <children />
                  <parameters />
                </test>
                <test id="974661575d438355" name="NoTransactionScope_CanRetrieveMultipleProducts" fullName="SubSonic.Tests/TransactionWithDtcOffTests/NoTransactionScope_CanRetrieveMultipleProducts" isTestCase="true">
                  <codeReference assembly="SubSonic.Tests, Version=2.2.1.0, Culture=neutral, PublicKeyToken=null" namespace="SubSonic.Tests" type="SubSonic.Tests.TransactionWithDtcOffTests" member="NoTransactionScope_CanRetrieveMultipleProducts" />
                  <codeLocation path="C:\data\SubsonicRoot\ss2\SubSonic.Tests\TransactionWithDtcOffTests.cs" line="65" />
                  <metadata>
                    <entry key="TestKind">
                      <value>Test</value>
                    </entry>
                  </metadata>
                  <children />
                  <parameters />
                </test>
                <test id="c1645f8c4a9f20ab" name="UpdateSingleProduct_SucceedsUsingSharedConnection" fullName="SubSonic.Tests/TransactionWithDtcOffTests/UpdateSingleProduct_SucceedsUsingSharedConnection" isTestCase="true">
                  <codeReference assembly="SubSonic.Tests, Version=2.2.1.0, Culture=neutral, PublicKeyToken=null" namespace="SubSonic.Tests" type="SubSonic.Tests.TransactionWithDtcOffTests" member="UpdateSingleProduct_SucceedsUsingSharedConnection" />
                  <codeLocation path="C:\data\SubsonicRoot\ss2\SubSonic.Tests\TransactionWithDtcOffTests.cs" line="159" />
                  <metadata>
                    <entry key="TestKind">
                      <value>Test</value>
                    </entry>
                  </metadata>
                  <children />
                  <parameters />
                </test>
                <test id="2bfb29567a8c1e0a" name="UpdateMultipleProducts_FailsWithoutSharedConnection" fullName="SubSonic.Tests/TransactionWithDtcOffTests/UpdateMultipleProducts_FailsWithoutSharedConnection" isTestCase="true">
                  <codeReference assembly="SubSonic.Tests, Version=2.2.1.0, Culture=neutral, PublicKeyToken=null" namespace="SubSonic.Tests" type="SubSonic.Tests.TransactionWithDtcOffTests" member="UpdateMultipleProducts_FailsWithoutSharedConnection" />
                  <codeLocation path="C:\data\SubsonicRoot\ss2\SubSonic.Tests\TransactionWithDtcOffTests.cs" line="243" />
                  <metadata>
                    <entry key="TestKind">
                      <value>Test</value>
                    </entry>
                  </metadata>
                  <children />
                  <parameters />
                </test>
                <test id="cf8c2b87e86a6e43" name="UpdateMultipleProducts_SucceedsWithSharedConnection" fullName="SubSonic.Tests/TransactionWithDtcOffTests/UpdateMultipleProducts_SucceedsWithSharedConnection" isTestCase="true">
                  <codeReference assembly="SubSonic.Tests, Version=2.2.1.0, Culture=neutral, PublicKeyToken=null" namespace="SubSonic.Tests" type="SubSonic.Tests.TransactionWithDtcOffTests" member="UpdateMultipleProducts_SucceedsWithSharedConnection" />
                  <codeLocation path="C:\data\SubsonicRoot\ss2\SubSonic.Tests\TransactionWithDtcOffTests.cs" line="266" />
                  <metadata>
                    <entry key="TestKind">
                      <value>Test</value>
                    </entry>
                  </metadata>
                  <children />
                  <parameters />
                </test>
                <test id="bf6fc463aa4691af" name="CanNestSharedConnections" fullName="SubSonic.Tests/TransactionWithDtcOffTests/CanNestSharedConnections" isTestCase="true">
                  <codeReference assembly="SubSonic.Tests, Version=2.2.1.0, Culture=neutral, PublicKeyToken=null" namespace="SubSonic.Tests" type="SubSonic.Tests.TransactionWithDtcOffTests" member="CanNestSharedConnections" />
                  <codeLocation path="C:\data\SubsonicRoot\ss2\SubSonic.Tests\TransactionWithDtcOffTests.cs" line="288" />
                  <metadata>
                    <entry key="TestKind">
                      <value>Test</value>
                    </entry>
                  </metadata>
                  <children />
                  <parameters />
                </test>
                <test id="8e42c869bec9e786" name="UpdateSingleProductRetrieveMultipleProducts_FailsWithoutSharedConnection" fullName="SubSonic.Tests/TransactionWithDtcOffTests/UpdateSingleProductRetrieveMultipleProducts_FailsWithoutSharedConnection" isTestCase="true">
                  <codeReference assembly="SubSonic.Tests, Version=2.2.1.0, Culture=neutral, PublicKeyToken=null" namespace="SubSonic.Tests" type="SubSonic.Tests.TransactionWithDtcOffTests" member="UpdateSingleProductRetrieveMultipleProducts_FailsWithoutSharedConnection" />
                  <codeLocation path="C:\data\SubsonicRoot\ss2\SubSonic.Tests\TransactionWithDtcOffTests.cs" line="172" />
                  <metadata>
                    <entry key="TestKind">
                      <value>Test</value>
                    </entry>
                  </metadata>
                  <children />
                  <parameters />
                </test>
                <test id="32f81b0fb6408d6e" name="UpdateSingleProductRetrieveMultipleProducts_SucceedsWithSharedConnection" fullName="SubSonic.Tests/TransactionWithDtcOffTests/UpdateSingleProductRetrieveMultipleProducts_SucceedsWithSharedConnection" isTestCase="true">
                  <codeReference assembly="SubSonic.Tests, Version=2.2.1.0, Culture=neutral, PublicKeyToken=null" namespace="SubSonic.Tests" type="SubSonic.Tests.TransactionWithDtcOffTests" member="UpdateSingleProductRetrieveMultipleProducts_SucceedsWithSharedConnection" />
                  <codeLocation path="C:\data\SubsonicRoot\ss2\SubSonic.Tests\TransactionWithDtcOffTests.cs" line="197" />
                  <metadata>
                    <entry key="TestKind">
                      <value>Test</value>
                    </entry>
                  </metadata>
                  <children />
                  <parameters />
                </test>
                <test id="f61847d15bae9d7c" name="UpdateSingleProduct_CommitChangeToDatabase" fullName="SubSonic.Tests/TransactionWithDtcOffTests/UpdateSingleProduct_CommitChangeToDatabase" isTestCase="true">
                  <codeReference assembly="SubSonic.Tests, Version=2.2.1.0, Culture=neutral, PublicKeyToken=null" namespace="SubSonic.Tests" type="SubSonic.Tests.TransactionWithDtcOffTests" member="UpdateSingleProduct_CommitChangeToDatabase" />
                  <codeLocation path="C:\data\SubsonicRoot\ss2\SubSonic.Tests\TransactionWithDtcOffTests.cs" line="219" />
                  <metadata>
                    <entry key="TestKind">
                      <value>Test</value>
                    </entry>
                  </metadata>
                  <children />
                  <parameters />
                </test>
              </children>
              <parameters />
            </test>
            <test id="6588e506eeb48f18" name="UpdateTests" fullName="SubSonic.Tests/UpdateTests" isTestCase="false">
              <codeReference assembly="SubSonic.Tests, Version=2.2.1.0, Culture=neutral, PublicKeyToken=null" namespace="SubSonic.Tests.SqlQuery" type="SubSonic.Tests.SqlQuery.UpdateTests" />
              <codeLocation path="C:\data\SubsonicRoot\ss2\SubSonic.Tests\SqlQuery\UpdateTests.cs" />
              <metadata>
                <entry key="TestKind">
                  <value>Fixture</value>
                </entry>
              </metadata>
              <children>
                <test id="7643c0325899aef5" name="Update_SimpleSqlCheck" fullName="SubSonic.Tests/UpdateTests/Update_SimpleSqlCheck" isTestCase="true">
                  <codeReference assembly="SubSonic.Tests, Version=2.2.1.0, Culture=neutral, PublicKeyToken=null" namespace="SubSonic.Tests.SqlQuery" type="SubSonic.Tests.SqlQuery.UpdateTests" member="Update_SimpleSqlCheck" />
                  <codeLocation path="C:\data\SubsonicRoot\ss2\SubSonic.Tests\SqlQuery\UpdateTests.cs" line="27" />
                  <metadata>
                    <entry key="TestKind">
                      <value>Test</value>
                    </entry>
                  </metadata>
                  <children />
                  <parameters />
                </test>
                <test id="f7fa1b357aa3059d" name="Update_Simple" fullName="SubSonic.Tests/UpdateTests/Update_Simple" isTestCase="true">
                  <codeReference assembly="SubSonic.Tests, Version=2.2.1.0, Culture=neutral, PublicKeyToken=null" namespace="SubSonic.Tests.SqlQuery" type="SubSonic.Tests.SqlQuery.UpdateTests" member="Update_Simple" />
                  <codeLocation path="C:\data\SubsonicRoot\ss2\SubSonic.Tests\SqlQuery\UpdateTests.cs" line="35" />
                  <metadata>
                    <entry key="TestKind">
                      <value>Test</value>
                    </entry>
                  </metadata>
                  <children />
                  <parameters />
                </test>
                <test id="9018805426534641" name="Update_SimpleTyped" fullName="SubSonic.Tests/UpdateTests/Update_SimpleTyped" isTestCase="true">
                  <codeReference assembly="SubSonic.Tests, Version=2.2.1.0, Culture=neutral, PublicKeyToken=null" namespace="SubSonic.Tests.SqlQuery" type="SubSonic.Tests.SqlQuery.UpdateTests" member="Update_SimpleTyped" />
                  <codeLocation path="C:\data\SubsonicRoot\ss2\SubSonic.Tests\SqlQuery\UpdateTests.cs" line="74" />
                  <metadata>
                    <entry key="TestKind">
                      <value>Test</value>
                    </entry>
                  </metadata>
                  <children />
                  <parameters />
                </test>
                <test id="1c84229c354ae60d" name="Update_Expression" fullName="SubSonic.Tests/UpdateTests/Update_Expression" isTestCase="true">
                  <codeReference assembly="SubSonic.Tests, Version=2.2.1.0, Culture=neutral, PublicKeyToken=null" namespace="SubSonic.Tests.SqlQuery" type="SubSonic.Tests.SqlQuery.UpdateTests" member="Update_Expression" />
                  <codeLocation path="C:\data\SubsonicRoot\ss2\SubSonic.Tests\SqlQuery\UpdateTests.cs" line="52" />
                  <metadata>
                    <entry key="TestKind">
                      <value>Test</value>
                    </entry>
                  </metadata>
                  <children />
                  <parameters />
                </test>
              </children>
              <parameters />
            </test>
            <test id="973cf89c2152aa4a" name="ActiveRecordTest" fullName="SubSonic.Tests/ActiveRecordTest" isTestCase="false">
              <codeReference assembly="SubSonic.Tests, Version=2.2.1.0, Culture=neutral, PublicKeyToken=null" namespace="SubSonic.Tests" type="SubSonic.Tests.ActiveRecordTest" />
              <codeLocation path="C:\data\SubsonicRoot\ss2\SubSonic.Tests\ActiveRecordTest.cs" />
              <metadata>
                <entry key="TestKind">
                  <value>Fixture</value>
                </entry>
              </metadata>
              <children>
                <test id="79f2d4a9b8bf6477" name="Products_CollectionLoad" fullName="SubSonic.Tests/ActiveRecordTest/Products_CollectionLoad" isTestCase="true">
                  <codeReference assembly="SubSonic.Tests, Version=2.2.1.0, Culture=neutral, PublicKeyToken=null" namespace="SubSonic.Tests" type="SubSonic.Tests.ActiveRecordTest" member="Products_CollectionLoad" />
                  <codeLocation path="C:\data\SubsonicRoot\ss2\SubSonic.Tests\ActiveRecordTest.cs" line="116" />
                  <metadata>
                    <entry key="TestKind">
                      <value>Test</value>
                    </entry>
                  </metadata>
                  <children />
                  <parameters />
                </test>
                <test id="7d081ada19736f13" name="GetNewCommand" fullName="SubSonic.Tests/ActiveRecordTest/GetNewCommand" isTestCase="true">
                  <codeReference assembly="SubSonic.Tests, Version=2.2.1.0, Culture=neutral, PublicKeyToken=null" namespace="SubSonic.Tests" type="SubSonic.Tests.ActiveRecordTest" member="GetNewCommand" />
                  <codeLocation path="C:\data\SubsonicRoot\ss2\SubSonic.Tests\ActiveRecordTest.cs" line="132" />
                  <metadata>
                    <entry key="TestKind">
                      <value>Test</value>
                    </entry>
                  </metadata>
                  <children />
                  <parameters />
                </test>
                <test id="9c01227d5c205df6" name="Products_Crud" fullName="SubSonic.Tests/ActiveRecordTest/Products_Crud" isTestCase="true">
                  <codeReference assembly="SubSonic.Tests, Version=2.2.1.0, Culture=neutral, PublicKeyToken=null" namespace="SubSonic.Tests" type="SubSonic.Tests.ActiveRecordTest" member="Products_Crud" />
                  <codeLocation path="C:\data\SubsonicRoot\ss2\SubSonic.Tests\ActiveRecordTest.cs" line="51" />
                  <metadata>
                    <entry key="TestKind">
                      <value>Test</value>
                    </entry>
                  </metadata>
                  <children />
                  <parameters />
                </test>
                <test id="bc00b0d557b094a9" name="Products_NullCrud" fullName="SubSonic.Tests/ActiveRecordTest/Products_NullCrud" isTestCase="true">
                  <codeReference assembly="SubSonic.Tests, Version=2.2.1.0, Culture=neutral, PublicKeyToken=null" namespace="SubSonic.Tests" type="SubSonic.Tests.ActiveRecordTest" member="Products_NullCrud" />
                  <codeLocation path="C:\data\SubsonicRoot\ss2\SubSonic.Tests\ActiveRecordTest.cs" line="74" />
                  <metadata>
                    <entry key="TestKind">
                      <value>Test</value>
                    </entry>
                  </metadata>
                  <children />
                  <parameters />
                </test>
                <test id="417c38654e97c64e" name="GetUpdateCommand" fullName="SubSonic.Tests/ActiveRecordTest/GetUpdateCommand" isTestCase="true">
                  <codeReference assembly="SubSonic.Tests, Version=2.2.1.0, Culture=neutral, PublicKeyToken=null" namespace="SubSonic.Tests" type="SubSonic.Tests.ActiveRecordTest" member="GetUpdateCommand" />
                  <codeLocation path="C:\data\SubsonicRoot\ss2\SubSonic.Tests\ActiveRecordTest.cs" line="145" />
                  <metadata>
                    <entry key="TestKind">
                      <value>Test</value>
                    </entry>
                  </metadata>
                  <children />
                  <parameters />
                </test>
                <test id="95ba428346d485c8" name="DirtyColumnsExist" fullName="SubSonic.Tests/ActiveRecordTest/DirtyColumnsExist" isTestCase="true">
                  <codeReference assembly="SubSonic.Tests, Version=2.2.1.0, Culture=neutral, PublicKeyToken=null" namespace="SubSonic.Tests" type="SubSonic.Tests.ActiveRecordTest" member="DirtyColumnsExist" />
                  <codeLocation path="C:\data\SubsonicRoot\ss2\SubSonic.Tests\ActiveRecordTest.cs" line="257" />
                  <metadata>
                    <entry key="TestKind">
                      <value>Test</value>
                    </entry>
                  </metadata>
                  <children />
                  <parameters />
                </test>
                <test id="ab826f791528530e" name="GetNoChangesCommand" fullName="SubSonic.Tests/ActiveRecordTest/GetNoChangesCommand" isTestCase="true">
                  <codeReference assembly="SubSonic.Tests, Version=2.2.1.0, Culture=neutral, PublicKeyToken=null" namespace="SubSonic.Tests" type="SubSonic.Tests.ActiveRecordTest" member="GetNoChangesCommand" />
                  <codeLocation path="C:\data\SubsonicRoot\ss2\SubSonic.Tests\ActiveRecordTest.cs" line="161" />
                  <metadata>
                    <entry key="TestKind">
                      <value>Test</value>
                    </entry>
                  </metadata>
                  <children />
                  <parameters />
                </test>
                <test id="69b78c9817173632" name="SaveWhenNotDirty" fullName="SubSonic.Tests/ActiveRecordTest/SaveWhenNotDirty" isTestCase="true">
                  <codeReference assembly="SubSonic.Tests, Version=2.2.1.0, Culture=neutral, PublicKeyToken=null" namespace="SubSonic.Tests" type="SubSonic.Tests.ActiveRecordTest" member="SaveWhenNotDirty" />
                  <codeLocation path="C:\data\SubsonicRoot\ss2\SubSonic.Tests\ActiveRecordTest.cs" line="176" />
                  <metadata>
                    <entry key="TestKind">
                      <value>Test</value>
                    </entry>
                  </metadata>
                  <children />
                  <parameters />
                </test>
              </children>
              <parameters />
            </test>
            <test id="f44040825e281a9b" name="ForeignKeyTests" fullName="SubSonic.Tests/ForeignKeyTests" isTestCase="false">
              <codeReference assembly="SubSonic.Tests, Version=2.2.1.0, Culture=neutral, PublicKeyToken=null" namespace="SubSonic.Tests" type="SubSonic.Tests.ForeignKeyTests" />
              <codeLocation path="C:\data\SubsonicRoot\ss2\SubSonic.Tests\ForeignKeyTests.cs" />
              <metadata>
                <entry key="TestKind">
                  <value>Fixture</value>
                </entry>
              </metadata>
              <children>
                <test id="b91e0145401cd49" name="FK_LoadForeignKeys" fullName="SubSonic.Tests/ForeignKeyTests/FK_LoadForeignKeys" isTestCase="true">
                  <codeReference assembly="SubSonic.Tests, Version=2.2.1.0, Culture=neutral, PublicKeyToken=null" namespace="SubSonic.Tests" type="SubSonic.Tests.ForeignKeyTests" member="FK_LoadForeignKeys" />
                  <codeLocation path="C:\data\SubsonicRoot\ss2\SubSonic.Tests\ForeignKeyTests.cs" line="49" />
                  <metadata>
                    <entry key="TestKind">
                      <value>Test</value>
                    </entry>
                  </metadata>
                  <children />
                  <parameters />
                </test>
                <test id="9e8326ab86d748d5" name="FK_Properties" fullName="SubSonic.Tests/ForeignKeyTests/FK_Properties" isTestCase="true">
                  <codeReference assembly="SubSonic.Tests, Version=2.2.1.0, Culture=neutral, PublicKeyToken=null" namespace="SubSonic.Tests" type="SubSonic.Tests.ForeignKeyTests" member="FK_Properties" />
                  <codeLocation path="C:\data\SubsonicRoot\ss2\SubSonic.Tests\ForeignKeyTests.cs" line="69" />
                  <metadata>
                    <entry key="TestKind">
                      <value>Test</value>
                    </entry>
                  </metadata>
                  <children />
                  <parameters />
                </test>
                <test id="92c9a636a95bead0" name="FK_KeyCount" fullName="SubSonic.Tests/ForeignKeyTests/FK_KeyCount" isTestCase="true">
                  <codeReference assembly="SubSonic.Tests, Version=2.2.1.0, Culture=neutral, PublicKeyToken=null" namespace="SubSonic.Tests" type="SubSonic.Tests.ForeignKeyTests" member="FK_KeyCount" />
                  <codeLocation path="C:\data\SubsonicRoot\ss2\SubSonic.Tests\ForeignKeyTests.cs" line="59" />
                  <metadata>
                    <entry key="TestKind">
                      <value>Test</value>
                    </entry>
                  </metadata>
                  <children />
                  <parameters />
                </test>
              </children>
              <parameters />
            </test>
            <test id="ad7c7598a63cd1b4" name="ETL" fullName="SubSonic.Tests/ETL" isTestCase="false">
              <codeReference assembly="SubSonic.Tests, Version=2.2.1.0, Culture=neutral, PublicKeyToken=null" namespace="SubSonic.Tests" type="SubSonic.Tests.ETL" />
              <codeLocation path="C:\data\SubsonicRoot\ss2\SubSonic.Tests\ETL.cs" />
              <metadata>
                <entry key="TestKind">
                  <value>Fixture</value>
                </entry>
              </metadata>
              <children>
                <test id="f24ece17abffb775" name="ETL_CloneInstance" fullName="SubSonic.Tests/ETL/ETL_CloneInstance" isTestCase="true">
                  <codeReference assembly="SubSonic.Tests, Version=2.2.1.0, Culture=neutral, PublicKeyToken=null" namespace="SubSonic.Tests" type="SubSonic.Tests.ETL" member="ETL_CloneInstance" />
                  <codeLocation path="C:\data\SubsonicRoot\ss2\SubSonic.Tests\ETL.cs" line="50" />
                  <metadata>
                    <entry key="TestKind">
                      <value>Test</value>
                    </entry>
                  </metadata>
                  <children />
                  <parameters />
                </test>
                <test id="cbceecda1b6cb0f4" name="ETL_CloneCollection" fullName="SubSonic.Tests/ETL/ETL_CloneCollection" isTestCase="true">
                  <codeReference assembly="SubSonic.Tests, Version=2.2.1.0, Culture=neutral, PublicKeyToken=null" namespace="SubSonic.Tests" type="SubSonic.Tests.ETL" member="ETL_CloneCollection" />
                  <codeLocation path="C:\data\SubsonicRoot\ss2\SubSonic.Tests\ETL.cs" line="63" />
                  <metadata>
                    <entry key="TestKind">
                      <value>Test</value>
                    </entry>
                  </metadata>
                  <children />
                  <parameters />
                </test>
                <test id="6377c57e3d83cf09" name="ETL_CollectionToTable" fullName="SubSonic.Tests/ETL/ETL_CollectionToTable" isTestCase="true">
                  <codeReference assembly="SubSonic.Tests, Version=2.2.1.0, Culture=neutral, PublicKeyToken=null" namespace="SubSonic.Tests" type="SubSonic.Tests.ETL" member="ETL_CollectionToTable" />
                  <codeLocation path="C:\data\SubsonicRoot\ss2\SubSonic.Tests\ETL.cs" line="89" />
                  <metadata>
                    <entry key="TestKind">
                      <value>Test</value>
                    </entry>
                  </metadata>
                  <children />
                  <parameters />
                </test>
                <test id="cbb6eb256b8756a6" name="ETL_CopyCollection" fullName="SubSonic.Tests/ETL/ETL_CopyCollection" isTestCase="true">
                  <codeReference assembly="SubSonic.Tests, Version=2.2.1.0, Culture=neutral, PublicKeyToken=null" namespace="SubSonic.Tests" type="SubSonic.Tests.ETL" member="ETL_CopyCollection" />
                  <codeLocation path="C:\data\SubsonicRoot\ss2\SubSonic.Tests\ETL.cs" line="76" />
                  <metadata>
                    <entry key="TestKind">
                      <value>Test</value>
                    </entry>
                  </metadata>
                  <children />
                  <parameters />
                </test>
              </children>
              <parameters />
            </test>
            <test id="6ab4f5328a9660aa" name="InsertTests" fullName="SubSonic.Tests/InsertTests" isTestCase="false">
              <codeReference assembly="SubSonic.Tests, Version=2.2.1.0, Culture=neutral, PublicKeyToken=null" namespace="SubSonic.Tests.SqlQuery" type="SubSonic.Tests.SqlQuery.InsertTests" />
              <codeLocation path="C:\data\SubsonicRoot\ss2\SubSonic.Tests\SqlQuery\InsertTests.cs" />
              <metadata>
                <entry key="TestKind">
                  <value>Fixture</value>
                </entry>
              </metadata>
              <children>
                <test id="b303b9ae8f12c2ea" name="Insert_Simple" fullName="SubSonic.Tests/InsertTests/Insert_Simple" isTestCase="true">
                  <codeReference assembly="SubSonic.Tests, Version=2.2.1.0, Culture=neutral, PublicKeyToken=null" namespace="SubSonic.Tests.SqlQuery" type="SubSonic.Tests.SqlQuery.InsertTests" member="Insert_Simple" />
                  <codeLocation path="C:\data\SubsonicRoot\ss2\SubSonic.Tests\SqlQuery\InsertTests.cs" line="29" />
                  <metadata>
                    <entry key="TestKind">
                      <value>Test</value>
                    </entry>
                  </metadata>
                  <children />
                  <parameters />
                </test>
                <test id="ae153abf92394a57" name="Insert_SimpleWithSelectAndSchema" fullName="SubSonic.Tests/InsertTests/Insert_SimpleWithSelectAndSchema" isTestCase="true">
                  <codeReference assembly="SubSonic.Tests, Version=2.2.1.0, Culture=neutral, PublicKeyToken=null" namespace="SubSonic.Tests.SqlQuery" type="SubSonic.Tests.SqlQuery.InsertTests" member="Insert_SimpleWithSelectAndSchema" />
                  <codeLocation path="C:\data\SubsonicRoot\ss2\SubSonic.Tests\SqlQuery\InsertTests.cs" line="49" />
                  <metadata>
                    <entry key="TestKind">
                      <value>Test</value>
                    </entry>
                  </metadata>
                  <children />
                  <parameters />
                </test>
                <test id="b6299421cf76c62f" name="Insert_SimpleWithSelect" fullName="SubSonic.Tests/InsertTests/Insert_SimpleWithSelect" isTestCase="true">
                  <codeReference assembly="SubSonic.Tests, Version=2.2.1.0, Culture=neutral, PublicKeyToken=null" namespace="SubSonic.Tests.SqlQuery" type="SubSonic.Tests.SqlQuery.InsertTests" member="Insert_SimpleWithSelect" />
                  <codeLocation path="C:\data\SubsonicRoot\ss2\SubSonic.Tests\SqlQuery\InsertTests.cs" line="38" />
                  <metadata>
                    <entry key="TestKind">
                      <value>Test</value>
                    </entry>
                  </metadata>
                  <children />
                  <parameters />
                </test>
              </children>
              <parameters />
            </test>
            <test id="830415a07fe92f82" name="TurboTemplateTests" fullName="SubSonic.Tests/TurboTemplateTests" isTestCase="false">
              <codeReference assembly="SubSonic.Tests, Version=2.2.1.0, Culture=neutral, PublicKeyToken=null" namespace="SubSonic.Tests" type="SubSonic.Tests.TurboTemplateTests" />
              <codeLocation path="C:\data\SubsonicRoot\ss2\SubSonic.Tests\TurboTemplateTests.cs" />
              <metadata>
                <entry key="TestKind">
                  <value>Fixture</value>
                </entry>
              </metadata>
              <children>
                <test id="47fa02932e4efe5c" name="AssemblyDirectiveIsStrippedFromTemplate" fullName="SubSonic.Tests/TurboTemplateTests/AssemblyDirectiveIsStrippedFromTemplate" isTestCase="true">
                  <codeReference assembly="SubSonic.Tests, Version=2.2.1.0, Culture=neutral, PublicKeyToken=null" namespace="SubSonic.Tests" type="SubSonic.Tests.TurboTemplateTests" member="AssemblyDirectiveIsStrippedFromTemplate" />
                  <codeLocation path="C:\data\SubsonicRoot\ss2\SubSonic.Tests\TurboTemplateTests.cs" line="45" />
                  <metadata>
                    <entry key="TestKind">
                      <value>Test</value>
                    </entry>
                  </metadata>
                  <children />
                  <parameters />
                </test>
              </children>
              <parameters />
            </test>
            <test id="a55b2e3f81298baf" name="TransactionTests" fullName="SubSonic.Tests/TransactionTests" isTestCase="false">
              <codeReference assembly="SubSonic.Tests, Version=2.2.1.0, Culture=neutral, PublicKeyToken=null" namespace="SubSonic.Tests" type="SubSonic.Tests.TransactionTests" />
              <codeLocation path="C:\data\SubsonicRoot\ss2\SubSonic.Tests\TransactionTests.cs" />
              <metadata>
                <entry key="TestKind">
                  <value>Fixture</value>
                </entry>
              </metadata>
              <children>
                <test id="62339cc90cadd0f1" name="Transaction_CommitProduct" fullName="SubSonic.Tests/TransactionTests/Transaction_CommitProduct" isTestCase="true">
                  <codeReference assembly="SubSonic.Tests, Version=2.2.1.0, Culture=neutral, PublicKeyToken=null" namespace="SubSonic.Tests" type="SubSonic.Tests.TransactionTests" member="Transaction_CommitProduct" />
                  <codeLocation path="C:\data\SubsonicRoot\ss2\SubSonic.Tests\TransactionTests.cs" line="75" />
                  <metadata>
                    <entry key="TestKind">
                      <value>Test</value>
                    </entry>
                  </metadata>
                  <children />
                  <parameters />
                </test>
                <test id="7a4c3c6601f21a91" name="Transaction_RollbackProduct" fullName="SubSonic.Tests/TransactionTests/Transaction_RollbackProduct" isTestCase="true">
                  <codeReference assembly="SubSonic.Tests, Version=2.2.1.0, Culture=neutral, PublicKeyToken=null" namespace="SubSonic.Tests" type="SubSonic.Tests.TransactionTests" member="Transaction_RollbackProduct" />
                  <codeLocation path="C:\data\SubsonicRoot\ss2\SubSonic.Tests\TransactionTests.cs" line="56" />
                  <metadata>
                    <entry key="TestKind">
                      <value>Test</value>
                    </entry>
                  </metadata>
                  <children />
                  <parameters />
                </test>
              </children>
              <parameters />
            </test>
            <test id="c20a17c8fed4806e" name="ScriptersTest" fullName="SubSonic.Tests/ScriptersTest" isTestCase="false">
              <codeReference assembly="SubSonic.Tests, Version=2.2.1.0, Culture=neutral, PublicKeyToken=null" namespace="SubSonic.Tests" type="SubSonic.Tests.ScriptersTest" />
              <codeLocation path="C:\data\SubsonicRoot\ss2\SubSonic.Tests\ScriptersTest.cs" />
              <metadata>
                <entry key="TestKind">
                  <value>Fixture</value>
                </entry>
              </metadata>
              <children>
                <test id="e510f6b31c4e537c" name="Script_Data" fullName="SubSonic.Tests/ScriptersTest/Script_Data" isTestCase="true">
                  <codeReference assembly="SubSonic.Tests, Version=2.2.1.0, Culture=neutral, PublicKeyToken=null" namespace="SubSonic.Tests" type="SubSonic.Tests.ScriptersTest" member="Script_Data" />
                  <codeLocation path="C:\data\SubsonicRoot\ss2\SubSonic.Tests\ScriptersTest.cs" line="49" />
                  <metadata>
                    <entry key="TestKind">
                      <value>Test</value>
                    </entry>
                  </metadata>
                  <children />
                  <parameters />
                </test>
                <test id="cca7e142becda979" name="Script_AllData" fullName="SubSonic.Tests/ScriptersTest/Script_AllData" isTestCase="true">
                  <codeReference assembly="SubSonic.Tests, Version=2.2.1.0, Culture=neutral, PublicKeyToken=null" namespace="SubSonic.Tests" type="SubSonic.Tests.ScriptersTest" member="Script_AllData" />
                  <codeLocation path="C:\data\SubsonicRoot\ss2\SubSonic.Tests\ScriptersTest.cs" line="60" />
                  <metadata>
                    <entry key="TestKind">
                      <value>Test</value>
                    </entry>
                  </metadata>
                  <children />
                  <parameters />
                </test>
              </children>
              <parameters />
            </test>
            <test id="6be2c4890d451a28" name="SelectTests" fullName="SubSonic.Tests/SelectTests" isTestCase="false">
              <codeReference assembly="SubSonic.Tests, Version=2.2.1.0, Culture=neutral, PublicKeyToken=null" namespace="SubSonic.Tests.SqlQuery" type="SubSonic.Tests.SqlQuery.SelectTests" />
              <codeLocation path="C:\data\SubsonicRoot\ss2\SubSonic.Tests\SqlQuery\SelectTests.cs" />
              <metadata>
                <entry key="TestKind">
                  <value>Fixture</value>
                </entry>
              </metadata>
              <children>
                <test id="6d2dfb81d1d8eb09" name="Select_Should_Work_With_SameColumn_Joins_UsingQualifiedColumns" fullName="SubSonic.Tests/SelectTests/Select_Should_Work_With_SameColumn_Joins_UsingQualifiedColumns" isTestCase="true">
                  <codeReference assembly="SubSonic.Tests, Version=2.2.1.0, Culture=neutral, PublicKeyToken=null" namespace="SubSonic.Tests.SqlQuery" type="SubSonic.Tests.SqlQuery.SelectTests" member="Select_Should_Work_With_SameColumn_Joins_UsingQualifiedColumns" />
                  <codeLocation path="C:\data\SubsonicRoot\ss2\SubSonic.Tests\SqlQuery\SelectTests.cs" line="662" />
                  <metadata>
                    <entry key="TestKind">
                      <value>Test</value>
                    </entry>
                  </metadata>
                  <children />
                  <parameters />
                </test>
                <test id="56c2ce08c5f5f680" name="StoredProc_TypedList" fullName="SubSonic.Tests/SelectTests/StoredProc_TypedList" isTestCase="true">
                  <codeReference assembly="SubSonic.Tests, Version=2.2.1.0, Culture=neutral, PublicKeyToken=null" namespace="SubSonic.Tests.SqlQuery" type="SubSonic.Tests.SqlQuery.SelectTests" member="StoredProc_TypedList" />
                  <codeLocation path="C:\data\SubsonicRoot\ss2\SubSonic.Tests\SqlQuery\SelectTests.cs" line="653" />
                  <metadata>
                    <entry key="TestKind">
                      <value>Test</value>
                    </entry>
                  </metadata>
                  <children />
                  <parameters />
                </test>
                <test id="2c5da3bbf6b730ae" name="Exec_NotInWithSelect" fullName="SubSonic.Tests/SelectTests/Exec_NotInWithSelect" isTestCase="true">
                  <codeReference assembly="SubSonic.Tests, Version=2.2.1.0, Culture=neutral, PublicKeyToken=null" namespace="SubSonic.Tests.SqlQuery" type="SubSonic.Tests.SqlQuery.SelectTests" member="Exec_NotInWithSelect" />
                  <codeLocation path="C:\data\SubsonicRoot\ss2\SubSonic.Tests\SqlQuery\SelectTests.cs" line="623" />
                  <metadata>
                    <entry key="TestKind">
                      <value>Test</value>
                    </entry>
                  </metadata>
                  <children />
                  <parameters />
                </test>
                <test id="dfe54cb0dd5f98a6" name="Select_Using_Contains_Ch_ShouldReturn_14_Records" fullName="SubSonic.Tests/SelectTests/Select_Using_Contains_Ch_ShouldReturn_14_Records" isTestCase="true">
                  <codeReference assembly="SubSonic.Tests, Version=2.2.1.0, Culture=neutral, PublicKeyToken=null" namespace="SubSonic.Tests.SqlQuery" type="SubSonic.Tests.SqlQuery.SelectTests" member="Select_Using_Contains_Ch_ShouldReturn_14_Records" />
                  <codeLocation path="C:\data\SubsonicRoot\ss2\SubSonic.Tests\SqlQuery\SelectTests.cs" line="695" />
                  <metadata>
                    <entry key="TestKind">
                      <value>Test</value>
                    </entry>
                  </metadata>
                  <children />
                  <parameters />
                </test>
                <test id="673af2a86975950a" name="Select_Using_EndsWith_S_ShouldReturn_9_Records" fullName="SubSonic.Tests/SelectTests/Select_Using_EndsWith_S_ShouldReturn_9_Records" isTestCase="true">
                  <codeReference assembly="SubSonic.Tests, Version=2.2.1.0, Culture=neutral, PublicKeyToken=null" namespace="SubSonic.Tests.SqlQuery" type="SubSonic.Tests.SqlQuery.SelectTests" member="Select_Using_EndsWith_S_ShouldReturn_9_Records" />
                  <codeLocation path="C:\data\SubsonicRoot\ss2\SubSonic.Tests\SqlQuery\SelectTests.cs" line="685" />
                  <metadata>
                    <entry key="TestKind">
                      <value>Test</value>
                    </entry>
                  </metadata>
                  <children />
                  <parameters />
                </test>
                <test id="4823b2bae76ef92c" name="Select_Using_StartsWith_C_ShouldReturn_9_Records" fullName="SubSonic.Tests/SelectTests/Select_Using_StartsWith_C_ShouldReturn_9_Records" isTestCase="true">
                  <codeReference assembly="SubSonic.Tests, Version=2.2.1.0, Culture=neutral, PublicKeyToken=null" namespace="SubSonic.Tests.SqlQuery" type="SubSonic.Tests.SqlQuery.SelectTests" member="Select_Using_StartsWith_C_ShouldReturn_9_Records" />
                  <codeLocation path="C:\data\SubsonicRoot\ss2\SubSonic.Tests\SqlQuery\SelectTests.cs" line="676" />
                  <metadata>
                    <entry key="TestKind">
                      <value>Test</value>
                    </entry>
                  </metadata>
                  <children />
                  <parameters />
                </test>
                <test id="e43d556230ce8814" name="Products_CollectionSample" fullName="SubSonic.Tests/SelectTests/Products_CollectionSample" isTestCase="true">
                  <codeReference assembly="SubSonic.Tests, Version=2.2.1.0, Culture=neutral, PublicKeyToken=null" namespace="SubSonic.Tests.SqlQuery" type="SubSonic.Tests.SqlQuery.SelectTests" member="Products_CollectionSample" />
                  <codeLocation path="C:\data\SubsonicRoot\ss2\SubSonic.Tests\SqlQuery\SelectTests.cs" line="602" />
                  <metadata>
                    <entry key="TestKind">
                      <value>Test</value>
                    </entry>
                  </metadata>
                  <children />
                  <parameters />
                </test>
                <test id="bc1decbc9fdc85cf" name="Collection_LoadTypedObject" fullName="SubSonic.Tests/SelectTests/Collection_LoadTypedObject" isTestCase="true">
                  <codeReference assembly="SubSonic.Tests, Version=2.2.1.0, Culture=neutral, PublicKeyToken=null" namespace="SubSonic.Tests.SqlQuery" type="SubSonic.Tests.SqlQuery.SelectTests" member="Collection_LoadTypedObject" />
                  <codeLocation path="C:\data\SubsonicRoot\ss2\SubSonic.Tests\SqlQuery\SelectTests.cs" line="505" />
                  <metadata>
                    <entry key="TestKind">
                      <value>Test</value>
                    </entry>
                  </metadata>
                  <children />
                  <parameters />
                </test>
                <test id="4bae6bc711bf486" name="Exec_SimpleOr3" fullName="SubSonic.Tests/SelectTests/Exec_SimpleOr3" isTestCase="true">
                  <codeReference assembly="SubSonic.Tests, Version=2.2.1.0, Culture=neutral, PublicKeyToken=null" namespace="SubSonic.Tests.SqlQuery" type="SubSonic.Tests.SqlQuery.SelectTests" member="Exec_SimpleOr3" />
                  <codeLocation path="C:\data\SubsonicRoot\ss2\SubSonic.Tests\SqlQuery\SelectTests.cs" line="485" />
                  <metadata>
                    <entry key="TestKind">
                      <value>Test</value>
                    </entry>
                  </metadata>
                  <children />
                  <parameters />
                </test>
                <test id="33d0d25dfecbf6b1" name="Exec_SimpleOr2" fullName="SubSonic.Tests/SelectTests/Exec_SimpleOr2" isTestCase="true">
                  <codeReference assembly="SubSonic.Tests, Version=2.2.1.0, Culture=neutral, PublicKeyToken=null" namespace="SubSonic.Tests.SqlQuery" type="SubSonic.Tests.SqlQuery.SelectTests" member="Exec_SimpleOr2" />
                  <codeLocation path="C:\data\SubsonicRoot\ss2\SubSonic.Tests\SqlQuery\SelectTests.cs" line="471" />
                  <metadata>
                    <entry key="TestKind">
                      <value>Test</value>
                    </entry>
                  </metadata>
                  <children />
                  <parameters />
                </test>
                <test id="59070ef9a965d38c" name="Products_CollectionLoad2" fullName="SubSonic.Tests/SelectTests/Products_CollectionLoad2" isTestCase="true">
                  <codeReference assembly="SubSonic.Tests, Version=2.2.1.0, Culture=neutral, PublicKeyToken=null" namespace="SubSonic.Tests.SqlQuery" type="SubSonic.Tests.SqlQuery.SelectTests" member="Products_CollectionLoad2" />
                  <codeLocation path="C:\data\SubsonicRoot\ss2\SubSonic.Tests\SqlQuery\SelectTests.cs" line="590" />
                  <metadata>
                    <entry key="TestKind">
                      <value>Test</value>
                    </entry>
                  </metadata>
                  <children />
                  <parameters />
                </test>
                <test id="af960a2bc2f1179d" name="Products_Sample" fullName="SubSonic.Tests/SelectTests/Products_Sample" isTestCase="true">
                  <codeReference assembly="SubSonic.Tests, Version=2.2.1.0, Culture=neutral, PublicKeyToken=null" namespace="SubSonic.Tests.SqlQuery" type="SubSonic.Tests.SqlQuery.SelectTests" member="Products_Sample" />
                  <codeLocation path="C:\data\SubsonicRoot\ss2\SubSonic.Tests\SqlQuery\SelectTests.cs" line="572" />
                  <metadata>
                    <entry key="TestKind">
                      <value>Test</value>
                    </entry>
                  </metadata>
                  <children />
                  <parameters />
                </test>
                <test id="71365874b01a3619" name="Collection_LoadTypedActiveRecord" fullName="SubSonic.Tests/SelectTests/Collection_LoadTypedActiveRecord" isTestCase="true">
                  <codeReference assembly="SubSonic.Tests, Version=2.2.1.0, Culture=neutral, PublicKeyToken=null" namespace="SubSonic.Tests.SqlQuery" type="SubSonic.Tests.SqlQuery.SelectTests" member="Collection_LoadTypedActiveRecord" />
                  <codeLocation path="C:\data\SubsonicRoot\ss2\SubSonic.Tests\SqlQuery\SelectTests.cs" line="520" />
                  <metadata>
                    <entry key="TestKind">
                      <value>Test</value>
                    </entry>
                  </metadata>
                  <children />
                  <parameters />
                </test>
                <test id="7f5df6eba006a3b0" name="SqlQuery_when_setting_distinct_it_should_set_IsDistinct" fullName="SubSonic.Tests/SelectTests/SqlQuery_when_setting_distinct_it_should_set_IsDistinct" isTestCase="true">
                  <codeReference assembly="SubSonic.Tests, Version=2.2.1.0, Culture=neutral, PublicKeyToken=null" namespace="SubSonic.Tests.SqlQuery" type="SubSonic.Tests.SqlQuery.SelectTests" member="SqlQuery_when_setting_distinct_it_should_set_IsDistinct" />
                  <codeLocation path="C:\data\SubsonicRoot\ss2\SubSonic.Tests\SqlQuery\SelectTests.cs" line="735" />
                  <metadata>
                    <entry key="TestKind">
                      <value>Test</value>
                    </entry>
                  </metadata>
                  <children />
                  <parameters />
                </test>
                <test id="6882be85ac64b75c" name="Select_With_ExecuteTypedList_Should_Work_With_List_of_Guid" fullName="SubSonic.Tests/SelectTests/Select_With_ExecuteTypedList_Should_Work_With_List_of_Guid" isTestCase="true">
                  <codeReference assembly="SubSonic.Tests, Version=2.2.1.0, Culture=neutral, PublicKeyToken=null" namespace="SubSonic.Tests.SqlQuery" type="SubSonic.Tests.SqlQuery.SelectTests" member="Select_With_ExecuteTypedList_Should_Work_With_List_of_Guid" />
                  <codeLocation path="C:\data\SubsonicRoot\ss2\SubSonic.Tests\SqlQuery\SelectTests.cs" line="849" />
                  <metadata>
                    <entry key="TestKind">
                      <value>Test</value>
                    </entry>
                  </metadata>
                  <children />
                  <parameters />
                </test>
                <test id="9d6793bdba7ca3f4" name="Select_Paged_Can_Covert_To_SqlQuery" fullName="SubSonic.Tests/SelectTests/Select_Paged_Can_Covert_To_SqlQuery" isTestCase="true">
                  <codeReference assembly="SubSonic.Tests, Version=2.2.1.0, Culture=neutral, PublicKeyToken=null" namespace="SubSonic.Tests.SqlQuery" type="SubSonic.Tests.SqlQuery.SelectTests" member="Select_Paged_Can_Covert_To_SqlQuery" />
                  <codeLocation path="C:\data\SubsonicRoot\ss2\SubSonic.Tests\SqlQuery\SelectTests.cs" line="829" />
                  <metadata>
                    <entry key="TestKind">
                      <value>Test</value>
                    </entry>
                  </metadata>
                  <children />
                  <parameters />
                </test>
                <test id="4aa38a4c4fdd36a4" name="SelectAllColumns_With_WhereExpression_And_QualifiedColumn_Formats_Where_Correctly_And_Executes" fullName="SubSonic.Tests/SelectTests/SelectAllColumns_With_WhereExpression_And_QualifiedColumn_Formats_Where_Correctly_And_Executes" isTestCase="true">
                  <codeReference assembly="SubSonic.Tests, Version=2.2.1.0, Culture=neutral, PublicKeyToken=null" namespace="SubSonic.Tests.SqlQuery" type="SubSonic.Tests.SqlQuery.SelectTests" member="SelectAllColumns_With_WhereExpression_And_QualifiedColumn_Formats_Where_Correctly_And_Executes" />
                  <codeLocation path="C:\data\SubsonicRoot\ss2\SubSonic.Tests\SqlQuery\SelectTests.cs" line="818" />
                  <metadata>
                    <entry key="TestKind">
                      <value>Test</value>
                    </entry>
                  </metadata>
                  <children />
                  <parameters />
                </test>
                <test id="d943452b33fb4d6d" name="Exec_Simple" fullName="SubSonic.Tests/SelectTests/Exec_Simple" isTestCase="true">
                  <codeReference assembly="SubSonic.Tests, Version=2.2.1.0, Culture=neutral, PublicKeyToken=null" namespace="SubSonic.Tests.SqlQuery" type="SubSonic.Tests.SqlQuery.SelectTests" member="Exec_Simple" />
                  <codeLocation path="C:\data\SubsonicRoot\ss2\SubSonic.Tests\SqlQuery\SelectTests.cs" line="29" />
                  <metadata>
                    <entry key="TestKind">
                      <value>Test</value>
                    </entry>
                  </metadata>
                  <children />
                  <parameters />
                </test>
                <test id="6f93c3a1aa751344" name="MySql_Should_Set_Logical_Deletes" fullName="SubSonic.Tests/SelectTests/MySql_Should_Set_Logical_Deletes" isTestCase="true">
                  <codeReference assembly="SubSonic.Tests, Version=2.2.1.0, Culture=neutral, PublicKeyToken=null" namespace="SubSonic.Tests.SqlQuery" type="SubSonic.Tests.SqlQuery.SelectTests" member="MySql_Should_Set_Logical_Deletes" />
                  <codeLocation path="C:\data\SubsonicRoot\ss2\SubSonic.Tests\SqlQuery\SelectTests.cs" line="873" />
                  <metadata>
                    <entry key="TestKind">
                      <value>Test</value>
                    </entry>
                  </metadata>
                  <children />
                  <parameters />
                </test>
                <test id="925ff536a5b8ff4d" name="Saving_String_Property_With_StringValue_Null_Results_In_NullValue_In_DB" fullName="SubSonic.Tests/SelectTests/Saving_String_Property_With_StringValue_Null_Results_In_NullValue_In_DB" isTestCase="true">
                  <codeReference assembly="SubSonic.Tests, Version=2.2.1.0, Culture=neutral, PublicKeyToken=null" namespace="SubSonic.Tests.SqlQuery" type="SubSonic.Tests.SqlQuery.SelectTests" member="Saving_String_Property_With_StringValue_Null_Results_In_NullValue_In_DB" />
                  <codeLocation path="C:\data\SubsonicRoot\ss2\SubSonic.Tests\SqlQuery\SelectTests.cs" line="859" />
                  <metadata>
                    <entry key="TestKind">
                      <value>Test</value>
                    </entry>
                  </metadata>
                  <children />
                  <parameters />
                </test>
                <test id="aaf55d8ecf4a3aca" name="SelectAllColumns_With_WhereExpression_And_QualifiedColumn_Formats_Where_Correctly" fullName="SubSonic.Tests/SelectTests/SelectAllColumns_With_WhereExpression_And_QualifiedColumn_Formats_Where_Correctly" isTestCase="true">
                  <codeReference assembly="SubSonic.Tests, Version=2.2.1.0, Culture=neutral, PublicKeyToken=null" namespace="SubSonic.Tests.SqlQuery" type="SubSonic.Tests.SqlQuery.SelectTests" member="SelectAllColumns_With_WhereExpression_And_QualifiedColumn_Formats_Where_Correctly" />
                  <codeLocation path="C:\data\SubsonicRoot\ss2\SubSonic.Tests\SqlQuery\SelectTests.cs" line="807" />
                  <metadata>
                    <entry key="TestKind">
                      <value>Test</value>
                    </entry>
                  </metadata>
                  <children />
                  <parameters />
                </test>
                <test id="2df05ec3dee511f9" name="SqlQuery_Can_Compare_Columns" fullName="SubSonic.Tests/SelectTests/SqlQuery_Can_Compare_Columns" isTestCase="true">
                  <codeReference assembly="SubSonic.Tests, Version=2.2.1.0, Culture=neutral, PublicKeyToken=null" namespace="SubSonic.Tests.SqlQuery" type="SubSonic.Tests.SqlQuery.SelectTests" member="SqlQuery_Can_Compare_Columns" />
                  <codeLocation path="C:\data\SubsonicRoot\ss2\SubSonic.Tests\SqlQuery\SelectTests.cs" line="763" />
                  <metadata>
                    <entry key="TestKind">
                      <value>Test</value>
                    </entry>
                  </metadata>
                  <children />
                  <parameters />
                </test>
                <test id="dcd2987f84048384" name="SqlQuery_GetRecordCount_should_handle_distinct" fullName="SubSonic.Tests/SelectTests/SqlQuery_GetRecordCount_should_handle_distinct" isTestCase="true">
                  <codeReference assembly="SubSonic.Tests, Version=2.2.1.0, Culture=neutral, PublicKeyToken=null" namespace="SubSonic.Tests.SqlQuery" type="SubSonic.Tests.SqlQuery.SelectTests" member="SqlQuery_GetRecordCount_should_handle_distinct" />
                  <codeLocation path="C:\data\SubsonicRoot\ss2\SubSonic.Tests\SqlQuery\SelectTests.cs" line="756" />
                  <metadata>
                    <entry key="TestKind">
                      <value>Test</value>
                    </entry>
                  </metadata>
                  <children />
                  <parameters />
                </test>
                <test id="7f9d77cad15d8604" name="SqlQuery_should_handle_distinct" fullName="SubSonic.Tests/SelectTests/SqlQuery_should_handle_distinct" isTestCase="true">
                  <codeReference assembly="SubSonic.Tests, Version=2.2.1.0, Culture=neutral, PublicKeyToken=null" namespace="SubSonic.Tests.SqlQuery" type="SubSonic.Tests.SqlQuery.SelectTests" member="SqlQuery_should_handle_distinct" />
                  <codeLocation path="C:\data\SubsonicRoot\ss2\SubSonic.Tests\SqlQuery\SelectTests.cs" line="742" />
                  <metadata>
                    <entry key="TestKind">
                      <value>Test</value>
                    </entry>
                  </metadata>
                  <children />
                  <parameters />
                </test>
                <test id="4568dda4f4a5f281" name="Constraints_Should_Be_Valid_When_Table_Not_In_From" fullName="SubSonic.Tests/SelectTests/Constraints_Should_Be_Valid_When_Table_Not_In_From" isTestCase="true">
                  <codeReference assembly="SubSonic.Tests, Version=2.2.1.0, Culture=neutral, PublicKeyToken=null" namespace="SubSonic.Tests.SqlQuery" type="SubSonic.Tests.SqlQuery.SelectTests" member="Constraints_Should_Be_Valid_When_Table_Not_In_From" />
                  <codeLocation path="C:\data\SubsonicRoot\ss2\SubSonic.Tests\SqlQuery\SelectTests.cs" line="793" />
                  <metadata>
                    <entry key="TestKind">
                      <value>Test</value>
                    </entry>
                  </metadata>
                  <children />
                  <parameters />
                </test>
                <test id="236cc1b25668c8e1" name="ActiveRecord_IsLoaded_ShouldBe_False_When_Record_Not_Present_Using_Key_Constructor" fullName="SubSonic.Tests/SelectTests/ActiveRecord_IsLoaded_ShouldBe_False_When_Record_Not_Present_Using_Key_Constructor" isTestCase="true">
                  <codeReference assembly="SubSonic.Tests, Version=2.2.1.0, Culture=neutral, PublicKeyToken=null" namespace="SubSonic.Tests.SqlQuery" type="SubSonic.Tests.SqlQuery.SelectTests" member="ActiveRecord_IsLoaded_ShouldBe_False_When_Record_Not_Present_Using_Key_Constructor" />
                  <codeLocation path="C:\data\SubsonicRoot\ss2\SubSonic.Tests\SqlQuery\SelectTests.cs" line="782" />
                  <metadata>
                    <entry key="TestKind">
                      <value>Test</value>
                    </entry>
                  </metadata>
                  <children />
                  <parameters />
                </test>
                <test id="a6abaedebb5cfa84" name="ActiveRecord_IsLoaded_ShouldBe_False_When_Record_Not_Present_Using_PK_Constructor" fullName="SubSonic.Tests/SelectTests/ActiveRecord_IsLoaded_ShouldBe_False_When_Record_Not_Present_Using_PK_Constructor" isTestCase="true">
                  <codeReference assembly="SubSonic.Tests, Version=2.2.1.0, Culture=neutral, PublicKeyToken=null" namespace="SubSonic.Tests.SqlQuery" type="SubSonic.Tests.SqlQuery.SelectTests" member="ActiveRecord_IsLoaded_ShouldBe_False_When_Record_Not_Present_Using_PK_Constructor" />
                  <codeLocation path="C:\data\SubsonicRoot\ss2\SubSonic.Tests\SqlQuery\SelectTests.cs" line="772" />
                  <metadata>
                    <entry key="TestKind">
                      <value>Test</value>
                    </entry>
                  </metadata>
                  <children />
                  <parameters />
                </test>
                <test id="b370eaf8c520c214" name="Exec_LeftOuterJoin_With_Generics" fullName="SubSonic.Tests/SelectTests/Exec_LeftOuterJoin_With_Generics" isTestCase="true">
                  <codeReference assembly="SubSonic.Tests, Version=2.2.1.0, Culture=neutral, PublicKeyToken=null" namespace="SubSonic.Tests.SqlQuery" type="SubSonic.Tests.SqlQuery.SelectTests" member="Exec_LeftOuterJoin_With_Generics" />
                  <codeLocation path="C:\data\SubsonicRoot\ss2\SubSonic.Tests\SqlQuery\SelectTests.cs" line="142" />
                  <metadata>
                    <entry key="TestKind">
                      <value>Test</value>
                    </entry>
                  </metadata>
                  <children />
                  <parameters />
                </test>
                <test id="fed03b517481075a" name="Exec_LeftOuterJoin_With_String" fullName="SubSonic.Tests/SelectTests/Exec_LeftOuterJoin_With_String" isTestCase="true">
                  <codeReference assembly="SubSonic.Tests, Version=2.2.1.0, Culture=neutral, PublicKeyToken=null" namespace="SubSonic.Tests.SqlQuery" type="SubSonic.Tests.SqlQuery.SelectTests" member="Exec_LeftOuterJoin_With_String" />
                  <codeLocation path="C:\data\SubsonicRoot\ss2\SubSonic.Tests\SqlQuery\SelectTests.cs" line="153" />
                  <metadata>
                    <entry key="TestKind">
                      <value>Test</value>
                    </entry>
                  </metadata>
                  <children />
                  <parameters />
                </test>
                <test id="2567e98394606df2" name="Exec_MultiJoin" fullName="SubSonic.Tests/SelectTests/Exec_MultiJoin" isTestCase="true">
                  <codeReference assembly="SubSonic.Tests, Version=2.2.1.0, Culture=neutral, PublicKeyToken=null" namespace="SubSonic.Tests.SqlQuery" type="SubSonic.Tests.SqlQuery.SelectTests" member="Exec_MultiJoin" />
                  <codeLocation path="C:\data\SubsonicRoot\ss2\SubSonic.Tests\SqlQuery\SelectTests.cs" line="117" />
                  <metadata>
                    <entry key="TestKind">
                      <value>Test</value>
                    </entry>
                  </metadata>
                  <children />
                  <parameters />
                </test>
                <test id="3d2d9c292f0de222" name="Exec_LeftOuterJoin_With_TableColumn" fullName="SubSonic.Tests/SelectTests/Exec_LeftOuterJoin_With_TableColumn" isTestCase="true">
                  <codeReference assembly="SubSonic.Tests, Version=2.2.1.0, Culture=neutral, PublicKeyToken=null" namespace="SubSonic.Tests.SqlQuery" type="SubSonic.Tests.SqlQuery.SelectTests" member="Exec_LeftOuterJoin_With_TableColumn" />
                  <codeLocation path="C:\data\SubsonicRoot\ss2\SubSonic.Tests\SqlQuery\SelectTests.cs" line="131" />
                  <metadata>
                    <entry key="TestKind">
                      <value>Test</value>
                    </entry>
                  </metadata>
                  <children />
                  <parameters />
                </test>
                <test id="7fba649d1c73c23f" name="Exec_Select_Top_Ten" fullName="SubSonic.Tests/SelectTests/Exec_Select_Top_Ten" isTestCase="true">
                  <codeReference assembly="SubSonic.Tests, Version=2.2.1.0, Culture=neutral, PublicKeyToken=null" namespace="SubSonic.Tests.SqlQuery" type="SubSonic.Tests.SqlQuery.SelectTests" member="Exec_Select_Top_Ten" />
                  <codeLocation path="C:\data\SubsonicRoot\ss2\SubSonic.Tests\SqlQuery\SelectTests.cs" line="166" />
                  <metadata>
                    <entry key="TestKind">
                      <value>Test</value>
                    </entry>
                  </metadata>
                  <children />
                  <parameters />
                </test>
                <test id="a0cce410e7044202" name="Exec_Collection_JoinedWithLike" fullName="SubSonic.Tests/SelectTests/Exec_Collection_JoinedWithLike" isTestCase="true">
                  <codeReference assembly="SubSonic.Tests, Version=2.2.1.0, Culture=neutral, PublicKeyToken=null" namespace="SubSonic.Tests.SqlQuery" type="SubSonic.Tests.SqlQuery.SelectTests" member="Exec_Collection_JoinedWithLike" />
                  <codeLocation path="C:\data\SubsonicRoot\ss2\SubSonic.Tests\SqlQuery\SelectTests.cs" line="198" />
                  <metadata>
                    <entry key="TestKind">
                      <value>Test</value>
                    </entry>
                  </metadata>
                  <children />
                  <parameters />
                </test>
                <test id="132b24ca35d178c6" name="Exec_Collection_JoinedWithLike_Typed" fullName="SubSonic.Tests/SelectTests/Exec_Collection_JoinedWithLike_Typed" isTestCase="true">
                  <codeReference assembly="SubSonic.Tests, Version=2.2.1.0, Culture=neutral, PublicKeyToken=null" namespace="SubSonic.Tests.SqlQuery" type="SubSonic.Tests.SqlQuery.SelectTests" member="Exec_Collection_JoinedWithLike_Typed" />
                  <codeLocation path="C:\data\SubsonicRoot\ss2\SubSonic.Tests\SqlQuery\SelectTests.cs" line="209" />
                  <metadata>
                    <entry key="TestKind">
                      <value>Test</value>
                    </entry>
                  </metadata>
                  <children />
                  <parameters />
                </test>
                <test id="f724d8da54cedb9b" name="Exec_Collection_Simple" fullName="SubSonic.Tests/SelectTests/Exec_Collection_Simple" isTestCase="true">
                  <codeReference assembly="SubSonic.Tests, Version=2.2.1.0, Culture=neutral, PublicKeyToken=null" namespace="SubSonic.Tests.SqlQuery" type="SubSonic.Tests.SqlQuery.SelectTests" member="Exec_Collection_Simple" />
                  <codeLocation path="C:\data\SubsonicRoot\ss2\SubSonic.Tests\SqlQuery\SelectTests.cs" line="180" />
                  <metadata>
                    <entry key="TestKind">
                      <value>Test</value>
                    </entry>
                  </metadata>
                  <children />
                  <parameters />
                </test>
                <test id="31c9b4bee0126aad" name="Exec_Collection_Joined" fullName="SubSonic.Tests/SelectTests/Exec_Collection_Joined" isTestCase="true">
                  <codeReference assembly="SubSonic.Tests, Version=2.2.1.0, Culture=neutral, PublicKeyToken=null" namespace="SubSonic.Tests.SqlQuery" type="SubSonic.Tests.SqlQuery.SelectTests" member="Exec_Collection_Joined" />
                  <codeLocation path="C:\data\SubsonicRoot\ss2\SubSonic.Tests\SqlQuery\SelectTests.cs" line="188" />
                  <metadata>
                    <entry key="TestKind">
                      <value>Test</value>
                    </entry>
                  </metadata>
                  <children />
                  <parameters />
                </test>
                <test id="8381811bae387097" name="Exec_WithAllColumns" fullName="SubSonic.Tests/SelectTests/Exec_WithAllColumns" isTestCase="true">
                  <codeReference assembly="SubSonic.Tests, Version=2.2.1.0, Culture=neutral, PublicKeyToken=null" namespace="SubSonic.Tests.SqlQuery" type="SubSonic.Tests.SqlQuery.SelectTests" member="Exec_WithAllColumns" />
                  <codeLocation path="C:\data\SubsonicRoot\ss2\SubSonic.Tests\SqlQuery\SelectTests.cs" line="50" />
                  <metadata>
                    <entry key="TestKind">
                      <value>Test</value>
                    </entry>
                  </metadata>
                  <children />
                  <parameters />
                </test>
                <test id="351cac8e4ad5b3e1" name="Exec_SimpleWhere" fullName="SubSonic.Tests/SelectTests/Exec_SimpleWhere" isTestCase="true">
                  <codeReference assembly="SubSonic.Tests, Version=2.2.1.0, Culture=neutral, PublicKeyToken=null" namespace="SubSonic.Tests.SqlQuery" type="SubSonic.Tests.SqlQuery.SelectTests" member="Exec_SimpleWhere" />
                  <codeLocation path="C:\data\SubsonicRoot\ss2\SubSonic.Tests\SqlQuery\SelectTests.cs" line="57" />
                  <metadata>
                    <entry key="TestKind">
                      <value>Test</value>
                    </entry>
                  </metadata>
                  <children />
                  <parameters />
                </test>
                <test id="87ff466a71f0fac" name="Exec_SimpleWithTypedColumns" fullName="SubSonic.Tests/SelectTests/Exec_SimpleWithTypedColumns" isTestCase="true">
                  <codeReference assembly="SubSonic.Tests, Version=2.2.1.0, Culture=neutral, PublicKeyToken=null" namespace="SubSonic.Tests.SqlQuery" type="SubSonic.Tests.SqlQuery.SelectTests" member="Exec_SimpleWithTypedColumns" />
                  <codeLocation path="C:\data\SubsonicRoot\ss2\SubSonic.Tests\SqlQuery\SelectTests.cs" line="36" />
                  <metadata>
                    <entry key="TestKind">
                      <value>Test</value>
                    </entry>
                  </metadata>
                  <children />
                  <parameters />
                </test>
                <test id="55446d52438c14d0" name="Exec_SimpleAsSingle" fullName="SubSonic.Tests/SelectTests/Exec_SimpleAsSingle" isTestCase="true">
                  <codeReference assembly="SubSonic.Tests, Version=2.2.1.0, Culture=neutral, PublicKeyToken=null" namespace="SubSonic.Tests.SqlQuery" type="SubSonic.Tests.SqlQuery.SelectTests" member="Exec_SimpleAsSingle" />
                  <codeLocation path="C:\data\SubsonicRoot\ss2\SubSonic.Tests\SqlQuery\SelectTests.cs" line="43" />
                  <metadata>
                    <entry key="TestKind">
                      <value>Test</value>
                    </entry>
                  </metadata>
                  <children />
                  <parameters />
                </test>
                <test id="6a4d37a2d0f2d813" name="Exec_SimpleWhere2" fullName="SubSonic.Tests/SelectTests/Exec_SimpleWhere2" isTestCase="true">
                  <codeReference assembly="SubSonic.Tests, Version=2.2.1.0, Culture=neutral, PublicKeyToken=null" namespace="SubSonic.Tests.SqlQuery" type="SubSonic.Tests.SqlQuery.SelectTests" member="Exec_SimpleWhere2" />
                  <codeLocation path="C:\data\SubsonicRoot\ss2\SubSonic.Tests\SqlQuery\SelectTests.cs" line="64" />
                  <metadata>
                    <entry key="TestKind">
                      <value>Test</value>
                    </entry>
                  </metadata>
                  <children />
                  <parameters />
                </test>
                <test id="d4139761853f7fcd" name="Exec_SimpleJoin2" fullName="SubSonic.Tests/SelectTests/Exec_SimpleJoin2" isTestCase="true">
                  <codeReference assembly="SubSonic.Tests, Version=2.2.1.0, Culture=neutral, PublicKeyToken=null" namespace="SubSonic.Tests.SqlQuery" type="SubSonic.Tests.SqlQuery.SelectTests" member="Exec_SimpleJoin2" />
                  <codeLocation path="C:\data\SubsonicRoot\ss2\SubSonic.Tests\SqlQuery\SelectTests.cs" line="95" />
                  <metadata>
                    <entry key="TestKind">
                      <value>Test</value>
                    </entry>
                  </metadata>
                  <children />
                  <parameters />
                </test>
                <test id="7334c663cee4838c" name="Exec_SimpleJoin3" fullName="SubSonic.Tests/SelectTests/Exec_SimpleJoin3" isTestCase="true">
                  <codeReference assembly="SubSonic.Tests, Version=2.2.1.0, Culture=neutral, PublicKeyToken=null" namespace="SubSonic.Tests.SqlQuery" type="SubSonic.Tests.SqlQuery.SelectTests" member="Exec_SimpleJoin3" />
                  <codeLocation path="C:\data\SubsonicRoot\ss2\SubSonic.Tests\SqlQuery\SelectTests.cs" line="106" />
                  <metadata>
                    <entry key="TestKind">
                      <value>Test</value>
                    </entry>
                  </metadata>
                  <children />
                  <parameters />
                </test>
                <test id="d6451bb4fabcbc28" name="Exec_SimpleWhereAnd" fullName="SubSonic.Tests/SelectTests/Exec_SimpleWhereAnd" isTestCase="true">
                  <codeReference assembly="SubSonic.Tests, Version=2.2.1.0, Culture=neutral, PublicKeyToken=null" namespace="SubSonic.Tests.SqlQuery" type="SubSonic.Tests.SqlQuery.SelectTests" member="Exec_SimpleWhereAnd" />
                  <codeLocation path="C:\data\SubsonicRoot\ss2\SubSonic.Tests\SqlQuery\SelectTests.cs" line="71" />
                  <metadata>
                    <entry key="TestKind">
                      <value>Test</value>
                    </entry>
                  </metadata>
                  <children />
                  <parameters />
                </test>
                <test id="d908a282699d4650" name="Exec_SimpleJoin" fullName="SubSonic.Tests/SelectTests/Exec_SimpleJoin" isTestCase="true">
                  <codeReference assembly="SubSonic.Tests, Version=2.2.1.0, Culture=neutral, PublicKeyToken=null" namespace="SubSonic.Tests.SqlQuery" type="SubSonic.Tests.SqlQuery.SelectTests" member="Exec_SimpleJoin" />
                  <codeLocation path="C:\data\SubsonicRoot\ss2\SubSonic.Tests\SqlQuery\SelectTests.cs" line="84" />
                  <metadata>
                    <entry key="TestKind">
                      <value>Test</value>
                    </entry>
                  </metadata>
                  <children />
                  <parameters />
                </test>
                <test id="84acacf34f8286da" name="Exec_SimpleAnd" fullName="SubSonic.Tests/SelectTests/Exec_SimpleAnd" isTestCase="true">
                  <codeReference assembly="SubSonic.Tests, Version=2.2.1.0, Culture=neutral, PublicKeyToken=null" namespace="SubSonic.Tests.SqlQuery" type="SubSonic.Tests.SqlQuery.SelectTests" member="Exec_SimpleAnd" />
                  <codeLocation path="C:\data\SubsonicRoot\ss2\SubSonic.Tests\SqlQuery\SelectTests.cs" line="370" />
                  <metadata>
                    <entry key="TestKind">
                      <value>Test</value>
                    </entry>
                  </metadata>
                  <children />
                  <parameters />
                </test>
                <test id="f5a54afea386b971" name="Exec_SimpleAnd2" fullName="SubSonic.Tests/SelectTests/Exec_SimpleAnd2" isTestCase="true">
                  <codeReference assembly="SubSonic.Tests, Version=2.2.1.0, Culture=neutral, PublicKeyToken=null" namespace="SubSonic.Tests.SqlQuery" type="SubSonic.Tests.SqlQuery.SelectTests" member="Exec_SimpleAnd2" />
                  <codeLocation path="C:\data\SubsonicRoot\ss2\SubSonic.Tests\SqlQuery\SelectTests.cs" line="384" />
                  <metadata>
                    <entry key="TestKind">
                      <value>Test</value>
                    </entry>
                  </metadata>
                  <children />
                  <parameters />
                </test>
                <test id="df430da5e68d2630" name="Exec_PagedView" fullName="SubSonic.Tests/SelectTests/Exec_PagedView" isTestCase="true">
                  <codeReference assembly="SubSonic.Tests, Version=2.2.1.0, Culture=neutral, PublicKeyToken=null" namespace="SubSonic.Tests.SqlQuery" type="SubSonic.Tests.SqlQuery.SelectTests" member="Exec_PagedView" />
                  <codeLocation path="C:\data\SubsonicRoot\ss2\SubSonic.Tests\SqlQuery\SelectTests.cs" line="349" />
                  <metadata>
                    <entry key="TestKind">
                      <value>Test</value>
                    </entry>
                  </metadata>
                  <children />
                  <parameters />
                </test>
                <test id="a76cc2aa7909eef2" name="Exec_PagedViewJoined" fullName="SubSonic.Tests/SelectTests/Exec_PagedViewJoined" isTestCase="true">
                  <codeReference assembly="SubSonic.Tests, Version=2.2.1.0, Culture=neutral, PublicKeyToken=null" namespace="SubSonic.Tests.SqlQuery" type="SubSonic.Tests.SqlQuery.SelectTests" member="Exec_PagedViewJoined" />
                  <codeLocation path="C:\data\SubsonicRoot\ss2\SubSonic.Tests\SqlQuery\SelectTests.cs" line="357" />
                  <metadata>
                    <entry key="TestKind">
                      <value>Test</value>
                    </entry>
                  </metadata>
                  <children />
                  <parameters />
                </test>
                <test id="6c069a77c4600266" name="Exec_SimpleAnd3" fullName="SubSonic.Tests/SelectTests/Exec_SimpleAnd3" isTestCase="true">
                  <codeReference assembly="SubSonic.Tests, Version=2.2.1.0, Culture=neutral, PublicKeyToken=null" namespace="SubSonic.Tests.SqlQuery" type="SubSonic.Tests.SqlQuery.SelectTests" member="Exec_SimpleAnd3" />
                  <codeLocation path="C:\data\SubsonicRoot\ss2\SubSonic.Tests\SqlQuery\SelectTests.cs" line="398" />
                  <metadata>
                    <entry key="TestKind">
                      <value>Test</value>
                    </entry>
                  </metadata>
                  <children />
                  <parameters />
                </test>
                <test id="3bf89f1b0ab491f9" name="Exec_MultipleInWithAnd" fullName="SubSonic.Tests/SelectTests/Exec_MultipleInWithAnd" isTestCase="true">
                  <codeReference assembly="SubSonic.Tests, Version=2.2.1.0, Culture=neutral, PublicKeyToken=null" namespace="SubSonic.Tests.SqlQuery" type="SubSonic.Tests.SqlQuery.SelectTests" member="Exec_MultipleInWithAnd" />
                  <codeLocation path="C:\data\SubsonicRoot\ss2\SubSonic.Tests\SqlQuery\SelectTests.cs" line="440" />
                  <metadata>
                    <entry key="TestKind">
                      <value>Test</value>
                    </entry>
                  </metadata>
                  <children />
                  <parameters />
                </test>
                <test id="aa15f6300be00489" name="Exec_SimpleOr" fullName="SubSonic.Tests/SelectTests/Exec_SimpleOr" isTestCase="true">
                  <codeReference assembly="SubSonic.Tests, Version=2.2.1.0, Culture=neutral, PublicKeyToken=null" namespace="SubSonic.Tests.SqlQuery" type="SubSonic.Tests.SqlQuery.SelectTests" member="Exec_SimpleOr" />
                  <codeLocation path="C:\data\SubsonicRoot\ss2\SubSonic.Tests\SqlQuery\SelectTests.cs" line="457" />
                  <metadata>
                    <entry key="TestKind">
                      <value>Test</value>
                    </entry>
                  </metadata>
                  <children />
                  <parameters />
                </test>
                <test id="cc4967ca3f4a2c02" name="Exec_SimpleIn" fullName="SubSonic.Tests/SelectTests/Exec_SimpleIn" isTestCase="true">
                  <codeReference assembly="SubSonic.Tests, Version=2.2.1.0, Culture=neutral, PublicKeyToken=null" namespace="SubSonic.Tests.SqlQuery" type="SubSonic.Tests.SqlQuery.SelectTests" member="Exec_SimpleIn" />
                  <codeLocation path="C:\data\SubsonicRoot\ss2\SubSonic.Tests\SqlQuery\SelectTests.cs" line="418" />
                  <metadata>
                    <entry key="TestKind">
                      <value>Test</value>
                    </entry>
                  </metadata>
                  <children />
                  <parameters />
                </test>
                <test id="bd348406aaf1a6c0" name="Exec_InWithSelect" fullName="SubSonic.Tests/SelectTests/Exec_InWithSelect" isTestCase="true">
                  <codeReference assembly="SubSonic.Tests, Version=2.2.1.0, Culture=neutral, PublicKeyToken=null" namespace="SubSonic.Tests.SqlQuery" type="SubSonic.Tests.SqlQuery.SelectTests" member="Exec_InWithSelect" />
                  <codeLocation path="C:\data\SubsonicRoot\ss2\SubSonic.Tests\SqlQuery\SelectTests.cs" line="427" />
                  <metadata>
                    <entry key="TestKind">
                      <value>Test</value>
                    </entry>
                  </metadata>
                  <children />
                  <parameters />
                </test>
                <test id="5a2d7a12510dc65c" name="Exec_DistinctTypedList" fullName="SubSonic.Tests/SelectTests/Exec_DistinctTypedList" isTestCase="true">
                  <codeReference assembly="SubSonic.Tests, Version=2.2.1.0, Culture=neutral, PublicKeyToken=null" namespace="SubSonic.Tests.SqlQuery" type="SubSonic.Tests.SqlQuery.SelectTests" member="Exec_DistinctTypedList" />
                  <codeLocation path="C:\data\SubsonicRoot\ss2\SubSonic.Tests\SqlQuery\SelectTests.cs" line="260" />
                  <metadata>
                    <entry key="TestKind">
                      <value>Test</value>
                    </entry>
                  </metadata>
                  <children />
                  <parameters />
                </test>
                <test id="6b2d4c29e11f2d4a" name="Exec_DistinctWithWhere" fullName="SubSonic.Tests/SelectTests/Exec_DistinctWithWhere" isTestCase="true">
                  <codeReference assembly="SubSonic.Tests, Version=2.2.1.0, Culture=neutral, PublicKeyToken=null" namespace="SubSonic.Tests.SqlQuery" type="SubSonic.Tests.SqlQuery.SelectTests" member="Exec_DistinctWithWhere" />
                  <codeLocation path="C:\data\SubsonicRoot\ss2\SubSonic.Tests\SqlQuery\SelectTests.cs" line="269" />
                  <metadata>
                    <entry key="TestKind">
                      <value>Test</value>
                    </entry>
                  </metadata>
                  <children />
                  <parameters />
                </test>
                <test id="8e62c4902bbffe5a" name="Exec_ExpressionSimpleOr" fullName="SubSonic.Tests/SelectTests/Exec_ExpressionSimpleOr" isTestCase="true">
                  <codeReference assembly="SubSonic.Tests, Version=2.2.1.0, Culture=neutral, PublicKeyToken=null" namespace="SubSonic.Tests.SqlQuery" type="SubSonic.Tests.SqlQuery.SelectTests" member="Exec_ExpressionSimpleOr" />
                  <codeLocation path="C:\data\SubsonicRoot\ss2\SubSonic.Tests\SqlQuery\SelectTests.cs" line="225" />
                  <metadata>
                    <entry key="TestKind">
                      <value>Test</value>
                    </entry>
                  </metadata>
                  <children />
                  <parameters />
                </test>
                <test id="9fa32c4d90d19139" name="Exec_NestedExpression" fullName="SubSonic.Tests/SelectTests/Exec_NestedExpression" isTestCase="true">
                  <codeReference assembly="SubSonic.Tests, Version=2.2.1.0, Culture=neutral, PublicKeyToken=null" namespace="SubSonic.Tests.SqlQuery" type="SubSonic.Tests.SqlQuery.SelectTests" member="Exec_NestedExpression" />
                  <codeLocation path="C:\data\SubsonicRoot\ss2\SubSonic.Tests\SqlQuery\SelectTests.cs" line="236" />
                  <metadata>
                    <entry key="TestKind">
                      <value>Test</value>
                    </entry>
                  </metadata>
                  <children />
                  <parameters />
                </test>
                <test id="fd862e1efb5cce42" name="Exec_Distinct_JoinedWithLike" fullName="SubSonic.Tests/SelectTests/Exec_Distinct_JoinedWithLike" isTestCase="true">
                  <codeReference assembly="SubSonic.Tests, Version=2.2.1.0, Culture=neutral, PublicKeyToken=null" namespace="SubSonic.Tests.SqlQuery" type="SubSonic.Tests.SqlQuery.SelectTests" member="Exec_Distinct_JoinedWithLike" />
                  <codeLocation path="C:\data\SubsonicRoot\ss2\SubSonic.Tests\SqlQuery\SelectTests.cs" line="281" />
                  <metadata>
                    <entry key="TestKind">
                      <value>Test</value>
                    </entry>
                  </metadata>
                  <children />
                  <parameters />
                </test>
                <test id="c112fd3991361893" name="Exec_PagedWithAggregate" fullName="SubSonic.Tests/SelectTests/Exec_PagedWithAggregate" isTestCase="true">
                  <codeReference assembly="SubSonic.Tests, Version=2.2.1.0, Culture=neutral, PublicKeyToken=null" namespace="SubSonic.Tests.SqlQuery" type="SubSonic.Tests.SqlQuery.SelectTests" member="Exec_PagedWithAggregate" />
                  <codeLocation path="C:\data\SubsonicRoot\ss2\SubSonic.Tests\SqlQuery\SelectTests.cs" line="317" />
                  <metadata>
                    <entry key="TestKind">
                      <value>Test</value>
                    </entry>
                  </metadata>
                  <children />
                  <parameters />
                </test>
                <test id="e815c74b1a7225d2" name="Exec_PagedJoined" fullName="SubSonic.Tests/SelectTests/Exec_PagedJoined" isTestCase="true">
                  <codeReference assembly="SubSonic.Tests, Version=2.2.1.0, Culture=neutral, PublicKeyToken=null" namespace="SubSonic.Tests.SqlQuery" type="SubSonic.Tests.SqlQuery.SelectTests" member="Exec_PagedJoined" />
                  <codeLocation path="C:\data\SubsonicRoot\ss2\SubSonic.Tests\SqlQuery\SelectTests.cs" line="335" />
                  <metadata>
                    <entry key="TestKind">
                      <value>Test</value>
                    </entry>
                  </metadata>
                  <children />
                  <parameters />
                </test>
                <test id="b51a12706c7e1287" name="Exec_AggregateExpression" fullName="SubSonic.Tests/SelectTests/Exec_AggregateExpression" isTestCase="true">
                  <codeReference assembly="SubSonic.Tests, Version=2.2.1.0, Culture=neutral, PublicKeyToken=null" namespace="SubSonic.Tests.SqlQuery" type="SubSonic.Tests.SqlQuery.SelectTests" member="Exec_AggregateExpression" />
                  <codeLocation path="C:\data\SubsonicRoot\ss2\SubSonic.Tests\SqlQuery\SelectTests.cs" line="294" />
                  <metadata>
                    <entry key="TestKind">
                      <value>Test</value>
                    </entry>
                  </metadata>
                  <children />
                  <parameters />
                </test>
                <test id="2763a03853c61560" name="Exec_PagedSimple" fullName="SubSonic.Tests/SelectTests/Exec_PagedSimple" isTestCase="true">
                  <codeReference assembly="SubSonic.Tests, Version=2.2.1.0, Culture=neutral, PublicKeyToken=null" namespace="SubSonic.Tests.SqlQuery" type="SubSonic.Tests.SqlQuery.SelectTests" member="Exec_PagedSimple" />
                  <codeLocation path="C:\data\SubsonicRoot\ss2\SubSonic.Tests\SqlQuery\SelectTests.cs" line="310" />
                  <metadata>
                    <entry key="TestKind">
                      <value>Test</value>
                    </entry>
                  </metadata>
                  <children />
                  <parameters />
                </test>
              </children>
              <parameters />
            </test>
            <test id="7b08553eef1fbce5" name="AggregateTests" fullName="SubSonic.Tests/AggregateTests" isTestCase="false">
              <codeReference assembly="SubSonic.Tests, Version=2.2.1.0, Culture=neutral, PublicKeyToken=null" namespace="SubSonic.Tests.SqlQuery" type="SubSonic.Tests.SqlQuery.AggregateTests" />
              <codeLocation path="C:\data\SubsonicRoot\ss2\SubSonic.Tests\SqlQuery\AggregateTests.cs" />
              <metadata>
                <entry key="TestKind">
                  <value>Fixture</value>
                </entry>
              </metadata>
              <children>
                <test id="8afea2ace33d2bc5" name="Exec_AggregateMax" fullName="SubSonic.Tests/AggregateTests/Exec_AggregateMax" isTestCase="true">
                  <codeReference assembly="SubSonic.Tests, Version=2.2.1.0, Culture=neutral, PublicKeyToken=null" namespace="SubSonic.Tests.SqlQuery" type="SubSonic.Tests.SqlQuery.AggregateTests" member="Exec_AggregateMax" />
                  <codeLocation path="C:\data\SubsonicRoot\ss2\SubSonic.Tests\SqlQuery\AggregateTests.cs" line="72" />
                  <metadata>
                    <entry key="TestKind">
                      <value>Test</value>
                    </entry>
                  </metadata>
                  <children />
                  <parameters />
                </test>
                <test id="87181fd2e72dc1a" name="Exec_AggregateAvg" fullName="SubSonic.Tests/AggregateTests/Exec_AggregateAvg" isTestCase="true">
                  <codeReference assembly="SubSonic.Tests, Version=2.2.1.0, Culture=neutral, PublicKeyToken=null" namespace="SubSonic.Tests.SqlQuery" type="SubSonic.Tests.SqlQuery.AggregateTests" member="Exec_AggregateAvg" />
                  <codeLocation path="C:\data\SubsonicRoot\ss2\SubSonic.Tests\SqlQuery\AggregateTests.cs" line="38" />
                  <metadata>
                    <entry key="TestKind">
                      <value>Test</value>
                    </entry>
                  </metadata>
                  <children />
                  <parameters />
                </test>
                <test id="64b9671d42ac6226" name="Exec_AggregateExpression" fullName="SubSonic.Tests/AggregateTests/Exec_AggregateExpression" isTestCase="true">
                  <codeReference assembly="SubSonic.Tests, Version=2.2.1.0, Culture=neutral, PublicKeyToken=null" namespace="SubSonic.Tests.SqlQuery" type="SubSonic.Tests.SqlQuery.AggregateTests" member="Exec_AggregateExpression" />
                  <codeLocation path="C:\data\SubsonicRoot\ss2\SubSonic.Tests\SqlQuery\AggregateTests.cs" line="26" />
                  <metadata>
                    <entry key="TestKind">
                      <value>Test</value>
                    </entry>
                  </metadata>
                  <children />
                  <parameters />
                </test>
                <test id="fe177be2cb358e99" name="Exec_AggregateMin" fullName="SubSonic.Tests/AggregateTests/Exec_AggregateMin" isTestCase="true">
                  <codeReference assembly="SubSonic.Tests, Version=2.2.1.0, Culture=neutral, PublicKeyToken=null" namespace="SubSonic.Tests.SqlQuery" type="SubSonic.Tests.SqlQuery.AggregateTests" member="Exec_AggregateMin" />
                  <codeLocation path="C:\data\SubsonicRoot\ss2\SubSonic.Tests\SqlQuery\AggregateTests.cs" line="106" />
                  <metadata>
                    <entry key="TestKind">
                      <value>Test</value>
                    </entry>
                  </metadata>
                  <children />
                  <parameters />
                </test>
                <test id="11eeb8a06e6c0168" name="Exec_AggregateWithWhereAndHaving" fullName="SubSonic.Tests/AggregateTests/Exec_AggregateWithWhereAndHaving" isTestCase="true">
                  <codeReference assembly="SubSonic.Tests, Version=2.2.1.0, Culture=neutral, PublicKeyToken=null" namespace="SubSonic.Tests.SqlQuery" type="SubSonic.Tests.SqlQuery.AggregateTests" member="Exec_AggregateWithWhereAndHaving" />
                  <codeLocation path="C:\data\SubsonicRoot\ss2\SubSonic.Tests\SqlQuery\AggregateTests.cs" line="187" />
                  <metadata>
                    <entry key="TestKind">
                      <value>Test</value>
                    </entry>
                  </metadata>
                  <children />
                  <parameters />
                </test>
                <test id="370dec0cba5c19da" name="Exec_AggregateWithWhereNotHaving" fullName="SubSonic.Tests/AggregateTests/Exec_AggregateWithWhereNotHaving" isTestCase="true">
                  <codeReference assembly="SubSonic.Tests, Version=2.2.1.0, Culture=neutral, PublicKeyToken=null" namespace="SubSonic.Tests.SqlQuery" type="SubSonic.Tests.SqlQuery.AggregateTests" member="Exec_AggregateWithWhereNotHaving" />
                  <codeLocation path="C:\data\SubsonicRoot\ss2\SubSonic.Tests\SqlQuery\AggregateTests.cs" line="201" />
                  <metadata>
                    <entry key="TestKind">
                      <value>Test</value>
                    </entry>
                  </metadata>
                  <children />
                  <parameters />
                </test>
                <test id="332ed8a05646333b" name="Exec_AggregateStandardDeviation" fullName="SubSonic.Tests/AggregateTests/Exec_AggregateStandardDeviation" isTestCase="true">
                  <codeReference assembly="SubSonic.Tests, Version=2.2.1.0, Culture=neutral, PublicKeyToken=null" namespace="SubSonic.Tests.SqlQuery" type="SubSonic.Tests.SqlQuery.AggregateTests" member="Exec_AggregateStandardDeviation" />
                  <codeLocation path="C:\data\SubsonicRoot\ss2\SubSonic.Tests\SqlQuery\AggregateTests.cs" line="140" />
                  <metadata>
                    <entry key="TestKind">
                      <value>Test</value>
                    </entry>
                  </metadata>
                  <children />
                  <parameters />
                </test>
                <test id="6b842429dd9d95f8" name="Exec_SingleAggregateWithWhere" fullName="SubSonic.Tests/AggregateTests/Exec_SingleAggregateWithWhere" isTestCase="true">
                  <codeReference assembly="SubSonic.Tests, Version=2.2.1.0, Culture=neutral, PublicKeyToken=null" namespace="SubSonic.Tests.SqlQuery" type="SubSonic.Tests.SqlQuery.AggregateTests" member="Exec_SingleAggregateWithWhere" />
                  <codeLocation path="C:\data\SubsonicRoot\ss2\SubSonic.Tests\SqlQuery\AggregateTests.cs" line="174" />
                  <metadata>
                    <entry key="TestKind">
                      <value>Test</value>
                    </entry>
                  </metadata>
                  <children />
                  <parameters />
                </test>
              </children>
              <parameters />
            </test>
            <test id="68a95a4990db42f5" name="CodeGeneratorTests" fullName="SubSonic.Tests/CodeGeneratorTests" isTestCase="false">
              <codeReference assembly="SubSonic.Tests, Version=2.2.1.0, Culture=neutral, PublicKeyToken=null" namespace="SubSonic.Tests" type="SubSonic.Tests.CodeGeneratorTests" />
              <codeLocation path="C:\data\SubsonicRoot\ss2\SubSonic.Tests\CodeGeneratorTests.cs" />
              <metadata>
                <entry key="TestKind">
                  <value>Fixture</value>
                </entry>
              </metadata>
              <children>
                <test id="e7521bc44996209e" name="CodeGen2_RunViewTemplate" fullName="SubSonic.Tests/CodeGeneratorTests/CodeGen2_RunViewTemplate" isTestCase="true">
                  <codeReference assembly="SubSonic.Tests, Version=2.2.1.0, Culture=neutral, PublicKeyToken=null" namespace="SubSonic.Tests" type="SubSonic.Tests.CodeGeneratorTests" member="CodeGen2_RunViewTemplate" />
                  <codeLocation path="C:\data\SubsonicRoot\ss2\SubSonic.Tests\CodeGeneratorTests.cs" line="57" />
                  <metadata>
                    <entry key="TestKind">
                      <value>Test</value>
                    </entry>
                  </metadata>
                  <children />
                  <parameters />
                </test>
                <test id="573732acbb6181e2" name="CodeGen2_RunSPTemplate" fullName="SubSonic.Tests/CodeGeneratorTests/CodeGen2_RunSPTemplate" isTestCase="true">
                  <codeReference assembly="SubSonic.Tests, Version=2.2.1.0, Culture=neutral, PublicKeyToken=null" namespace="SubSonic.Tests" type="SubSonic.Tests.CodeGeneratorTests" member="CodeGen2_RunSPTemplate" />
                  <codeLocation path="C:\data\SubsonicRoot\ss2\SubSonic.Tests\CodeGeneratorTests.cs" line="45" />
                  <metadata>
                    <entry key="TestKind">
                      <value>Test</value>
                    </entry>
                  </metadata>
                  <children />
                  <parameters />
                </test>
                <test id="ab367a6e1fd0314f" name="CodeGen2_RunClassTemplate" fullName="SubSonic.Tests/CodeGeneratorTests/CodeGen2_RunClassTemplate" isTestCase="true">
                  <codeReference assembly="SubSonic.Tests, Version=2.2.1.0, Culture=neutral, PublicKeyToken=null" namespace="SubSonic.Tests" type="SubSonic.Tests.CodeGeneratorTests" member="CodeGen2_RunClassTemplate" />
                  <codeLocation path="C:\data\SubsonicRoot\ss2\SubSonic.Tests\CodeGeneratorTests.cs" line="32" />
                  <metadata>
                    <entry key="TestKind">
                      <value>Test</value>
                    </entry>
                  </metadata>
                  <children />
                  <parameters />
                </test>
                <test id="27cccb231a0e354c" name="CodeGen2_RunStructTemplate" fullName="SubSonic.Tests/CodeGeneratorTests/CodeGen2_RunStructTemplate" isTestCase="true">
                  <codeReference assembly="SubSonic.Tests, Version=2.2.1.0, Culture=neutral, PublicKeyToken=null" namespace="SubSonic.Tests" type="SubSonic.Tests.CodeGeneratorTests" member="CodeGen2_RunStructTemplate" />
                  <codeLocation path="C:\data\SubsonicRoot\ss2\SubSonic.Tests\CodeGeneratorTests.cs" line="69" />
                  <metadata>
                    <entry key="TestKind">
                      <value>Test</value>
                    </entry>
                  </metadata>
                  <children />
                  <parameters />
                </test>
                <test id="9838a277a9925ec8" name="CodeGen2_VBRunViewTemplate" fullName="SubSonic.Tests/CodeGeneratorTests/CodeGen2_VBRunViewTemplate" isTestCase="true">
                  <codeReference assembly="SubSonic.Tests, Version=2.2.1.0, Culture=neutral, PublicKeyToken=null" namespace="SubSonic.Tests" type="SubSonic.Tests.CodeGeneratorTests" member="CodeGen2_VBRunViewTemplate" />
                  <codeLocation path="C:\data\SubsonicRoot\ss2\SubSonic.Tests\CodeGeneratorTests.cs" line="105" />
                  <metadata>
                    <entry key="TestKind">
                      <value>Test</value>
                    </entry>
                  </metadata>
                  <children />
                  <parameters />
                </test>
                <test id="b7bffc3c3d64b19d" name="CodeGen2_VBRunStructTemplate" fullName="SubSonic.Tests/CodeGeneratorTests/CodeGen2_VBRunStructTemplate" isTestCase="true">
                  <codeReference assembly="SubSonic.Tests, Version=2.2.1.0, Culture=neutral, PublicKeyToken=null" namespace="SubSonic.Tests" type="SubSonic.Tests.CodeGeneratorTests" member="CodeGen2_VBRunStructTemplate" />
                  <codeLocation path="C:\data\SubsonicRoot\ss2\SubSonic.Tests\CodeGeneratorTests.cs" line="117" />
                  <metadata>
                    <entry key="TestKind">
                      <value>Test</value>
                    </entry>
                  </metadata>
                  <children />
                  <parameters />
                </test>
                <test id="842b6141754bee7d" name="CodeGen2_VBRunClassTemplate" fullName="SubSonic.Tests/CodeGeneratorTests/CodeGen2_VBRunClassTemplate" isTestCase="true">
                  <codeReference assembly="SubSonic.Tests, Version=2.2.1.0, Culture=neutral, PublicKeyToken=null" namespace="SubSonic.Tests" type="SubSonic.Tests.CodeGeneratorTests" member="CodeGen2_VBRunClassTemplate" />
                  <codeLocation path="C:\data\SubsonicRoot\ss2\SubSonic.Tests\CodeGeneratorTests.cs" line="81" />
                  <metadata>
                    <entry key="TestKind">
                      <value>Test</value>
                    </entry>
                  </metadata>
                  <children />
                  <parameters />
                </test>
                <test id="9d63ffb3fed84048" name="CodeGen2_VBRunSPTemplate" fullName="SubSonic.Tests/CodeGeneratorTests/CodeGen2_VBRunSPTemplate" isTestCase="true">
                  <codeReference assembly="SubSonic.Tests, Version=2.2.1.0, Culture=neutral, PublicKeyToken=null" namespace="SubSonic.Tests" type="SubSonic.Tests.CodeGeneratorTests" member="CodeGen2_VBRunSPTemplate" />
                  <codeLocation path="C:\data\SubsonicRoot\ss2\SubSonic.Tests\CodeGeneratorTests.cs" line="93" />
                  <metadata>
                    <entry key="TestKind">
                      <value>Test</value>
                    </entry>
                  </metadata>
                  <children />
                  <parameters />
                </test>
              </children>
              <parameters />
            </test>
            <test id="babe4e099f85aa64" name="SugarTests" fullName="SubSonic.Tests/SugarTests" isTestCase="false">
              <codeReference assembly="SubSonic.Tests, Version=2.2.1.0, Culture=neutral, PublicKeyToken=null" namespace="SubSonic.Tests" type="SubSonic.Tests.SugarTests" />
              <codeLocation path="C:\data\SubsonicRoot\ss2\SubSonic.Tests\SugarTests.cs" />
              <metadata>
                <entry key="TestKind">
                  <value>Fixture</value>
                </entry>
              </metadata>
              <children>
                <test id="af2b9a98fb7c9a0a" name="Numbers_IsNumeric" fullName="SubSonic.Tests/SugarTests/Numbers_IsNumeric" isTestCase="true">
                  <codeReference assembly="SubSonic.Tests, Version=2.2.1.0, Culture=neutral, PublicKeyToken=null" namespace="SubSonic.Tests" type="SubSonic.Tests.SugarTests" member="Numbers_IsNumeric" />
                  <codeLocation path="C:\data\SubsonicRoot\ss2\SubSonic.Tests\SugarTests.cs" line="46" />
                  <metadata>
                    <entry key="TestKind">
                      <value>Test</value>
                    </entry>
                  </metadata>
                  <children />
                  <parameters />
                </test>
                <test id="c69717b4d30d292a" name="Dates_DaysAgo" fullName="SubSonic.Tests/SugarTests/Dates_DaysAgo" isTestCase="true">
                  <codeReference assembly="SubSonic.Tests, Version=2.2.1.0, Culture=neutral, PublicKeyToken=null" namespace="SubSonic.Tests" type="SubSonic.Tests.SugarTests" member="Dates_DaysAgo" />
                  <codeLocation path="C:\data\SubsonicRoot\ss2\SubSonic.Tests\SugarTests.cs" line="33" />
                  <metadata>
                    <entry key="TestKind">
                      <value>Test</value>
                    </entry>
                  </metadata>
                  <children />
                  <parameters />
                </test>
                <test id="9d1f3b426e0830d0" name="Numbers_IsInteger" fullName="SubSonic.Tests/SugarTests/Numbers_IsInteger" isTestCase="true">
                  <codeReference assembly="SubSonic.Tests, Version=2.2.1.0, Culture=neutral, PublicKeyToken=null" namespace="SubSonic.Tests" type="SubSonic.Tests.SugarTests" member="Numbers_IsInteger" />
                  <codeLocation path="C:\data\SubsonicRoot\ss2\SubSonic.Tests\SugarTests.cs" line="66" />
                  <metadata>
                    <entry key="TestKind">
                      <value>Test</value>
                    </entry>
                  </metadata>
                  <children />
                  <parameters />
                </test>
                <test id="d3f05500890def04" name="Validation_IsCreditCardAny" fullName="SubSonic.Tests/SugarTests/Validation_IsCreditCardAny" isTestCase="true">
                  <codeReference assembly="SubSonic.Tests, Version=2.2.1.0, Culture=neutral, PublicKeyToken=null" namespace="SubSonic.Tests" type="SubSonic.Tests.SugarTests" member="Validation_IsCreditCardAny" />
                  <codeLocation path="C:\data\SubsonicRoot\ss2\SubSonic.Tests\SugarTests.cs" line="155" />
                  <metadata>
                    <entry key="TestKind">
                      <value>Test</value>
                    </entry>
                  </metadata>
                  <children />
                  <parameters>
                    <parameter id="d3f05500890def04@creditCardNumber" name="creditCardNumber">
                      <codeReference assembly="SubSonic.Tests, Version=2.2.1.0, Culture=neutral, PublicKeyToken=null" namespace="SubSonic.Tests" type="SubSonic.Tests.SugarTests" member="Validation_IsCreditCardAny" parameter="creditCardNumber" />
                      <codeLocation />
                      <metadata />
                    </parameter>
                    <parameter id="d3f05500890def04@expected" name="expected">
                      <codeReference assembly="SubSonic.Tests, Version=2.2.1.0, Culture=neutral, PublicKeyToken=null" namespace="SubSonic.Tests" type="SubSonic.Tests.SugarTests" member="Validation_IsCreditCardAny" parameter="expected" />
                      <codeLocation />
                      <metadata />
                    </parameter>
                  </parameters>
                </test>
                <test id="d6b2470982053183" name="Dates_ReadableDiff" fullName="SubSonic.Tests/SugarTests/Dates_ReadableDiff" isTestCase="true">
                  <codeReference assembly="SubSonic.Tests, Version=2.2.1.0, Culture=neutral, PublicKeyToken=null" namespace="SubSonic.Tests" type="SubSonic.Tests.SugarTests" member="Dates_ReadableDiff" />
                  <codeLocation path="C:\data\SubsonicRoot\ss2\SubSonic.Tests\SugarTests.cs" line="121" />
                  <metadata>
                    <entry key="TestKind">
                      <value>Test</value>
                    </entry>
                  </metadata>
                  <children />
                  <parameters>
                    <parameter id="d6b2470982053183@startTime" name="startTime">
                      <codeReference assembly="SubSonic.Tests, Version=2.2.1.0, Culture=neutral, PublicKeyToken=null" namespace="SubSonic.Tests" type="SubSonic.Tests.SugarTests" member="Dates_ReadableDiff" parameter="startTime" />
                      <codeLocation />
                      <metadata />
                    </parameter>
                    <parameter id="d6b2470982053183@endTime" name="endTime">
                      <codeReference assembly="SubSonic.Tests, Version=2.2.1.0, Culture=neutral, PublicKeyToken=null" namespace="SubSonic.Tests" type="SubSonic.Tests.SugarTests" member="Dates_ReadableDiff" parameter="endTime" />
                      <codeLocation />
                      <metadata />
                    </parameter>
                    <parameter id="d6b2470982053183@expected" name="expected">
                      <codeReference assembly="SubSonic.Tests, Version=2.2.1.0, Culture=neutral, PublicKeyToken=null" namespace="SubSonic.Tests" type="SubSonic.Tests.SugarTests" member="Dates_ReadableDiff" parameter="expected" />
                      <codeLocation />
                      <metadata />
                    </parameter>
                  </parameters>
                </test>
                <test id="465b4d4accd38006" name="Strings_IsAlpha" fullName="SubSonic.Tests/SugarTests/Strings_IsAlpha" isTestCase="true">
                  <codeReference assembly="SubSonic.Tests, Version=2.2.1.0, Culture=neutral, PublicKeyToken=null" namespace="SubSonic.Tests" type="SubSonic.Tests.SugarTests" member="Strings_IsAlpha" />
                  <codeLocation path="C:\data\SubsonicRoot\ss2\SubSonic.Tests\SugarTests.cs" line="82" />
                  <metadata>
                    <entry key="TestKind">
                      <value>Test</value>
                    </entry>
                  </metadata>
                  <children />
                  <parameters />
                </test>
              </children>
              <parameters />
            </test>
            <test id="ac150421ef5e6b01" name="MySqlTests" fullName="SubSonic.Tests/MySqlTests" isTestCase="false">
              <codeReference assembly="SubSonic.Tests, Version=2.2.1.0, Culture=neutral, PublicKeyToken=null" namespace="SubSonic.Tests" type="SubSonic.Tests.MySqlTests" />
              <codeLocation path="C:\data\SubsonicRoot\ss2\SubSonic.Tests\MySqlTests.cs" />
              <metadata>
                <entry key="TestKind">
                  <value>Fixture</value>
                </entry>
              </metadata>
              <children>
                <test id="be8622380961903f" name="CorrectSchemaLoad" fullName="SubSonic.Tests/MySqlTests/CorrectSchemaLoad" isTestCase="true">
                  <codeReference assembly="SubSonic.Tests, Version=2.2.1.0, Culture=neutral, PublicKeyToken=null" namespace="SubSonic.Tests" type="SubSonic.Tests.MySqlTests" member="CorrectSchemaLoad" />
                  <codeLocation path="C:\data\SubsonicRoot\ss2\SubSonic.Tests\MySqlTests.cs" line="28" />
                  <metadata>
                    <entry key="TestKind">
                      <value>Test</value>
                    </entry>
                  </metadata>
                  <children />
                  <parameters />
                </test>
              </children>
              <parameters />
            </test>
            <test id="a4b3d38ff5d95786" name="InlineQueryTests" fullName="SubSonic.Tests/InlineQueryTests" isTestCase="false">
              <codeReference assembly="SubSonic.Tests, Version=2.2.1.0, Culture=neutral, PublicKeyToken=null" namespace="SubSonic.Tests.SqlQuery" type="SubSonic.Tests.SqlQuery.InlineQueryTests" />
              <codeLocation path="C:\data\SubsonicRoot\ss2\SubSonic.Tests\SqlQuery\InlineQueryTests.cs" />
              <metadata>
                <entry key="TestKind">
                  <value>Fixture</value>
                </entry>
              </metadata>
              <children>
                <test id="701cd850fa67c6c9" name="Inline_Simple" fullName="SubSonic.Tests/InlineQueryTests/Inline_Simple" isTestCase="true">
                  <codeReference assembly="SubSonic.Tests, Version=2.2.1.0, Culture=neutral, PublicKeyToken=null" namespace="SubSonic.Tests.SqlQuery" type="SubSonic.Tests.SqlQuery.InlineQueryTests" member="Inline_Simple" />
                  <codeLocation path="C:\data\SubsonicRoot\ss2\SubSonic.Tests\SqlQuery\InlineQueryTests.cs" line="27" />
                  <metadata>
                    <entry key="TestKind">
                      <value>Test</value>
                    </entry>
                  </metadata>
                  <children />
                  <parameters />
                </test>
                <test id="505820a5874ad648" name="Inline_AsCollection" fullName="SubSonic.Tests/InlineQueryTests/Inline_AsCollection" isTestCase="true">
                  <codeReference assembly="SubSonic.Tests, Version=2.2.1.0, Culture=neutral, PublicKeyToken=null" namespace="SubSonic.Tests.SqlQuery" type="SubSonic.Tests.SqlQuery.InlineQueryTests" member="Inline_AsCollection" />
                  <codeLocation path="C:\data\SubsonicRoot\ss2\SubSonic.Tests\SqlQuery\InlineQueryTests.cs" line="43" />
                  <metadata>
                    <entry key="TestKind">
                      <value>Test</value>
                    </entry>
                  </metadata>
                  <children />
                  <parameters />
                </test>
                <test id="888f3066ed2a4bc1" name="Inline_WithCommands" fullName="SubSonic.Tests/InlineQueryTests/Inline_WithCommands" isTestCase="true">
                  <codeReference assembly="SubSonic.Tests, Version=2.2.1.0, Culture=neutral, PublicKeyToken=null" namespace="SubSonic.Tests.SqlQuery" type="SubSonic.Tests.SqlQuery.InlineQueryTests" member="Inline_WithCommands" />
                  <codeLocation path="C:\data\SubsonicRoot\ss2\SubSonic.Tests\SqlQuery\InlineQueryTests.cs" line="34" />
                  <metadata>
                    <entry key="TestKind">
                      <value>Test</value>
                    </entry>
                  </metadata>
                  <children />
                  <parameters />
                </test>
              </children>
              <parameters />
            </test>
            <test id="5bc31031dabd1cc3" name="MigrationTests" fullName="SubSonic.Tests/MigrationTests" isTestCase="false">
              <codeReference assembly="SubSonic.Tests, Version=2.2.1.0, Culture=neutral, PublicKeyToken=null" namespace="SubSonic.Tests.Migrations" type="SubSonic.Tests.Migrations.MigrationTests" />
              <codeLocation path="C:\data\SubsonicRoot\ss2\SubSonic.Tests\Migrations\MigrationTests.cs" />
              <metadata>
                <entry key="TestKind">
                  <value>Fixture</value>
                </entry>
              </metadata>
              <children>
                <test id="4191394411848969" name="CreateTable_Should_Allow_Char3_As_PrimaryKey" fullName="SubSonic.Tests/MigrationTests/CreateTable_Should_Allow_Char3_As_PrimaryKey" isTestCase="true">
                  <codeReference assembly="SubSonic.Tests, Version=2.2.1.0, Culture=neutral, PublicKeyToken=null" namespace="SubSonic.Tests.Migrations" type="SubSonic.Tests.Migrations.MigrationTests" member="CreateTable_Should_Allow_Char3_As_PrimaryKey" />
                  <codeLocation path="C:\data\SubsonicRoot\ss2\SubSonic.Tests\Migrations\MigrationTests.cs" line="286" />
                  <metadata>
                    <entry key="TestKind">
                      <value>Test</value>
                    </entry>
                  </metadata>
                  <children />
                  <parameters />
                </test>
                <test id="4abcbd35596f771b" name="MigrationMySql" fullName="SubSonic.Tests/MigrationTests/MigrationMySql" isTestCase="true">
                  <codeReference assembly="SubSonic.Tests, Version=2.2.1.0, Culture=neutral, PublicKeyToken=null" namespace="SubSonic.Tests.Migrations" type="SubSonic.Tests.Migrations.MigrationTests" member="MigrationMySql" />
                  <codeLocation path="C:\data\SubsonicRoot\ss2\SubSonic.Tests\Migrations\MigrationTests.cs" line="265" />
                  <metadata>
                    <entry key="TestKind">
                      <value>Test</value>
                    </entry>
                  </metadata>
                  <children />
                  <parameters />
                </test>
                <test id="6ad5e975aee08ddf" name="MigrationGenerateCreateTablesSql" fullName="SubSonic.Tests/MigrationTests/MigrationGenerateCreateTablesSql" isTestCase="true">
                  <codeReference assembly="SubSonic.Tests, Version=2.2.1.0, Culture=neutral, PublicKeyToken=null" namespace="SubSonic.Tests.Migrations" type="SubSonic.Tests.Migrations.MigrationTests" member="MigrationGenerateCreateTablesSql" />
                  <codeLocation path="C:\data\SubsonicRoot\ss2\SubSonic.Tests\Migrations\MigrationTests.cs" line="18" />
                  <metadata>
                    <entry key="TestKind">
                      <value>Test</value>
                    </entry>
                  </metadata>
                  <children />
                  <parameters />
                </test>
                <test id="fca4a854339d17cf" name="Dual_ForeignKey_Relationships_ShouldBe_Possible_From_One_To_Many" fullName="SubSonic.Tests/MigrationTests/Dual_ForeignKey_Relationships_ShouldBe_Possible_From_One_To_Many" isTestCase="true">
                  <codeReference assembly="SubSonic.Tests, Version=2.2.1.0, Culture=neutral, PublicKeyToken=null" namespace="SubSonic.Tests.Migrations" type="SubSonic.Tests.Migrations.MigrationTests" member="Dual_ForeignKey_Relationships_ShouldBe_Possible_From_One_To_Many" />
                  <codeLocation path="C:\data\SubsonicRoot\ss2\SubSonic.Tests\Migrations\MigrationTests.cs" line="310" />
                  <metadata>
                    <entry key="TestKind">
                      <value>Test</value>
                    </entry>
                  </metadata>
                  <children />
                  <parameters />
                </test>
                <test id="71cebd88972a170d" name="MigrateDownFromZero" fullName="SubSonic.Tests/MigrationTests/MigrateDownFromZero" isTestCase="true">
                  <codeReference assembly="SubSonic.Tests, Version=2.2.1.0, Culture=neutral, PublicKeyToken=null" namespace="SubSonic.Tests.Migrations" type="SubSonic.Tests.Migrations.MigrationTests" member="MigrateDownFromZero" />
                  <codeLocation path="C:\data\SubsonicRoot\ss2\SubSonic.Tests\Migrations\MigrationTests.cs" line="69" />
                  <metadata>
                    <entry key="TestKind">
                      <value>Test</value>
                    </entry>
                  </metadata>
                  <children />
                  <parameters />
                </test>
                <test id="bd66417745aec781" name="MigrateUpDownNegative1" fullName="SubSonic.Tests/MigrationTests/MigrateUpDownNegative1" isTestCase="true">
                  <codeReference assembly="SubSonic.Tests, Version=2.2.1.0, Culture=neutral, PublicKeyToken=null" namespace="SubSonic.Tests.Migrations" type="SubSonic.Tests.Migrations.MigrationTests" member="MigrateUpDownNegative1" />
                  <codeLocation path="C:\data\SubsonicRoot\ss2\SubSonic.Tests\Migrations\MigrationTests.cs" line="79" />
                  <metadata>
                    <entry key="TestKind">
                      <value>Test</value>
                    </entry>
                  </metadata>
                  <children />
                  <parameters />
                </test>
                <test id="79ec5c9c7b50141d" name="MigrationUpDown" fullName="SubSonic.Tests/MigrationTests/MigrationUpDown" isTestCase="true">
                  <codeReference assembly="SubSonic.Tests, Version=2.2.1.0, Culture=neutral, PublicKeyToken=null" namespace="SubSonic.Tests.Migrations" type="SubSonic.Tests.Migrations.MigrationTests" member="MigrationUpDown" />
                  <codeLocation path="C:\data\SubsonicRoot\ss2\SubSonic.Tests\Migrations\MigrationTests.cs" line="102" />
                  <metadata>
                    <entry key="TestKind">
                      <value>Test</value>
                    </entry>
                  </metadata>
                  <children />
                  <parameters />
                </test>
                <test id="1989de16e4cda26b" name="MigrationGenerateDropTablesSql" fullName="SubSonic.Tests/MigrationTests/MigrationGenerateDropTablesSql" isTestCase="true">
                  <codeReference assembly="SubSonic.Tests, Version=2.2.1.0, Culture=neutral, PublicKeyToken=null" namespace="SubSonic.Tests.Migrations" type="SubSonic.Tests.Migrations.MigrationTests" member="MigrationGenerateDropTablesSql" />
                  <codeLocation path="C:\data\SubsonicRoot\ss2\SubSonic.Tests\Migrations\MigrationTests.cs" line="29" />
                  <metadata>
                    <entry key="TestKind">
                      <value>Test</value>
                    </entry>
                  </metadata>
                  <children />
                  <parameters />
                </test>
                <test id="fc1403bbd9c21f26" name="Migration_SQL_Generation_AddRemoveColumns" fullName="SubSonic.Tests/MigrationTests/Migration_SQL_Generation_AddRemoveColumns" isTestCase="true">
                  <codeReference assembly="SubSonic.Tests, Version=2.2.1.0, Culture=neutral, PublicKeyToken=null" namespace="SubSonic.Tests.Migrations" type="SubSonic.Tests.Migrations.MigrationTests" member="Migration_SQL_Generation_AddRemoveColumns" />
                  <codeLocation path="C:\data\SubsonicRoot\ss2\SubSonic.Tests\Migrations\MigrationTests.cs" line="41" />
                  <metadata>
                    <entry key="TestKind">
                      <value>Test</value>
                    </entry>
                  </metadata>
                  <children />
                  <parameters />
                </test>
                <test id="c1db2d4e72754f2c" name="MigrationUpwithErrors" fullName="SubSonic.Tests/MigrationTests/MigrationUpwithErrors" isTestCase="true">
                  <codeReference assembly="SubSonic.Tests, Version=2.2.1.0, Culture=neutral, PublicKeyToken=null" namespace="SubSonic.Tests.Migrations" type="SubSonic.Tests.Migrations.MigrationTests" member="MigrationUpwithErrors" />
                  <codeLocation path="C:\data\SubsonicRoot\ss2\SubSonic.Tests\Migrations\MigrationTests.cs" line="127" />
                  <metadata>
                    <entry key="TestKind">
                      <value>Test</value>
                    </entry>
                  </metadata>
                  <children />
                  <parameters />
                </test>
                <test id="68b84e1f9a9c2bc8" name="MigrationShouldExecMultipleMigrations" fullName="SubSonic.Tests/MigrationTests/MigrationShouldExecMultipleMigrations" isTestCase="true">
                  <codeReference assembly="SubSonic.Tests, Version=2.2.1.0, Culture=neutral, PublicKeyToken=null" namespace="SubSonic.Tests.Migrations" type="SubSonic.Tests.Migrations.MigrationTests" member="MigrationShouldExecMultipleMigrations" />
                  <codeLocation path="C:\data\SubsonicRoot\ss2\SubSonic.Tests\Migrations\MigrationTests.cs" line="205" />
                  <metadata>
                    <entry key="TestKind">
                      <value>Test</value>
                    </entry>
                  </metadata>
                  <children />
                  <parameters />
                </test>
                <test id="9b9ec6dd8cf18626" name="MigrationOnDispose" fullName="SubSonic.Tests/MigrationTests/MigrationOnDispose" isTestCase="true">
                  <codeReference assembly="SubSonic.Tests, Version=2.2.1.0, Culture=neutral, PublicKeyToken=null" namespace="SubSonic.Tests.Migrations" type="SubSonic.Tests.Migrations.MigrationTests" member="MigrationOnDispose" />
                  <codeLocation path="C:\data\SubsonicRoot\ss2\SubSonic.Tests\Migrations\MigrationTests.cs" line="232" />
                  <metadata>
                    <entry key="TestKind">
                      <value>Test</value>
                    </entry>
                  </metadata>
                  <children />
                  <parameters />
                </test>
                <test id="bca569c17d71b8ce" name="MigrationExecute" fullName="SubSonic.Tests/MigrationTests/MigrationExecute" isTestCase="true">
                  <codeReference assembly="SubSonic.Tests, Version=2.2.1.0, Culture=neutral, PublicKeyToken=null" namespace="SubSonic.Tests.Migrations" type="SubSonic.Tests.Migrations.MigrationTests" member="MigrationExecute" />
                  <codeLocation path="C:\data\SubsonicRoot\ss2\SubSonic.Tests\Migrations\MigrationTests.cs" line="250" />
                  <metadata>
                    <entry key="TestKind">
                      <value>Test</value>
                    </entry>
                  </metadata>
                  <children />
                  <parameters />
                </test>
                <test id="941fe2e0ac31211e" name="MigrationAlterColumn" fullName="SubSonic.Tests/MigrationTests/MigrationAlterColumn" isTestCase="true">
                  <codeReference assembly="SubSonic.Tests, Version=2.2.1.0, Culture=neutral, PublicKeyToken=null" namespace="SubSonic.Tests.Migrations" type="SubSonic.Tests.Migrations.MigrationTests" member="MigrationAlterColumn" />
                  <codeLocation path="C:\data\SubsonicRoot\ss2\SubSonic.Tests\Migrations\MigrationTests.cs" line="148" />
                  <metadata>
                    <entry key="TestKind">
                      <value>Test</value>
                    </entry>
                  </metadata>
                  <children />
                  <parameters />
                </test>
                <test id="5fbd30d8d3c730d4" name="MigrationAddRemoveColumns" fullName="SubSonic.Tests/MigrationTests/MigrationAddRemoveColumns" isTestCase="true">
                  <codeReference assembly="SubSonic.Tests, Version=2.2.1.0, Culture=neutral, PublicKeyToken=null" namespace="SubSonic.Tests.Migrations" type="SubSonic.Tests.Migrations.MigrationTests" member="MigrationAddRemoveColumns" />
                  <codeLocation path="C:\data\SubsonicRoot\ss2\SubSonic.Tests\Migrations\MigrationTests.cs" line="171" />
                  <metadata>
                    <entry key="TestKind">
                      <value>Test</value>
                    </entry>
                  </metadata>
                  <children />
                  <parameters />
                </test>
                <test id="cfe29af00870094c" name="MigrationShouldCreateAndDropTestTable" fullName="SubSonic.Tests/MigrationTests/MigrationShouldCreateAndDropTestTable" isTestCase="true">
                  <codeReference assembly="SubSonic.Tests, Version=2.2.1.0, Culture=neutral, PublicKeyToken=null" namespace="SubSonic.Tests.Migrations" type="SubSonic.Tests.Migrations.MigrationTests" member="MigrationShouldCreateAndDropTestTable" />
                  <codeLocation path="C:\data\SubsonicRoot\ss2\SubSonic.Tests\Migrations\MigrationTests.cs" line="184" />
                  <metadata>
                    <entry key="TestKind">
                      <value>Test</value>
                    </entry>
                  </metadata>
                  <children />
                  <parameters />
                </test>
              </children>
              <parameters />
            </test>
          </children>
          <parameters />
        </test>
      </children>
      <parameters />
    </test>
    <annotations />
  </testModel>
  <testPackageRun startTime="2011-08-05T15:50:40.5868455+09:30" endTime="2011-08-05T15:51:15.2587205+09:30">
    <testStepRun startTime="2011-08-05T15:50:44.0399705+09:30" endTime="2011-08-05T15:51:15.2587205+09:30">
      <testStep id="45bed6ffaf3b4d25" name="Root" fullName="" testId="c2722843734a7a54" isPrimary="true" isTestCase="false" isDynamic="false">
        <codeReference />
        <codeLocation />
        <metadata>
          <entry key="TestKind">
            <value>Root</value>
          </entry>
        </metadata>
      </testStep>
      <children>
        <testStepRun startTime="2011-08-05T15:50:44.0399705+09:30" endTime="2011-08-05T15:51:13.6649705+09:30">
          <testStep id="75bada68b1147d22" name="SubSonic.Tests" fullName="SubSonic.Tests" testId="af69a8159bbce33b" isPrimary="true" isTestCase="false" isDynamic="false">
            <codeReference assembly="SubSonic.Tests, Version=2.2.1.0, Culture=neutral, PublicKeyToken=null" />
            <codeLocation path="C:\data\SubsonicRoot\ss2\SubSonic.Tests\bin\Debug\SubSonic.Tests.DLL" />
            <metadata>
              <entry key="TestKind">
                <value>MbUnit v3 Assembly</value>
              </entry>
              <entry key="File">
                <value>C:\data\SubsonicRoot\ss2\SubSonic.Tests\bin\Debug\SubSonic.Tests.DLL</value>
              </entry>
              <entry key="CodeBase">
                <value>C:\data\SubsonicRoot\ss2\SubSonic.Tests\bin\Debug\SubSonic.Tests.DLL</value>
              </entry>
              <entry key="Copyright">
                <value>Copyright Â©2006-2009 The SubSonic Project</value>
              </entry>
              <entry key="FileVersion">
                <value>2.2.1.0</value>
              </entry>
              <entry key="Product">
                <value>SubSonic.Tests</value>
              </entry>
              <entry key="Title">
                <value>SubSonic.Tests</value>
              </entry>
              <entry key="Version">
                <value>2.2.1.0</value>
              </entry>
              <entry key="Framework">
                <value>MbUnit v3.2 build 749</value>
              </entry>
            </metadata>
          </testStep>
          <children>
            <testStepRun startTime="2011-08-05T15:50:44.0399705+09:30" endTime="2011-08-05T15:50:50.5712205+09:30">
              <testStep id="96f27e147752ea1d" name="ActiveListTests" fullName="SubSonic.Tests/ActiveListTests" testId="bc7166f99ef30223" isPrimary="true" isTestCase="false" isDynamic="false">
                <codeReference assembly="SubSonic.Tests, Version=2.2.1.0, Culture=neutral, PublicKeyToken=null" namespace="SubSonic.Tests" type="SubSonic.Tests.ActiveListTests" />
                <codeLocation path="C:\data\SubsonicRoot\ss2\SubSonic.Tests\ActiveListTests.cs" />
                <metadata>
                  <entry key="TestKind">
                    <value>Fixture</value>
                  </entry>
                </metadata>
              </testStep>
              <children>
                <testStepRun startTime="2011-08-05T15:50:44.0399705+09:30" endTime="2011-08-05T15:50:47.4462205+09:30">
                  <testStep id="ad463dcd6e0cbf41" name="BatchSaveInsert" fullName="SubSonic.Tests/ActiveListTests/BatchSaveInsert" testId="59081e8fe33bad22" isPrimary="true" isTestCase="true" isDynamic="false">
                    <codeReference assembly="SubSonic.Tests, Version=2.2.1.0, Culture=neutral, PublicKeyToken=null" namespace="SubSonic.Tests" type="SubSonic.Tests.ActiveListTests" member="BatchSaveInsert" />
                    <codeLocation path="C:\data\SubsonicRoot\ss2\SubSonic.Tests\ActiveListTests.cs" line="51" />
                    <metadata>
                      <entry key="TestKind">
                        <value>Test</value>
                      </entry>
                    </metadata>
                  </testStep>
                  <children />
                  <result assertCount="1" duration="3.4408971">
                    <outcome status="failed" />
                  </result>
                  <testLog>
                    <streams>
                      <stream name="Failures">
                        <body>
                          <contents>
                            <section name="Execute">
                              <contents>
                                <marker class="Exception">
                                  <contents>
                                    <marker class="ExceptionType">
                                      <contents>
                                        <text><![CDATA[System.Data.SqlClient.SqlException]]></text>
                                      </contents>
                                      <attributes />
                                    </marker>
                                    <text><![CDATA[: ]]></text>
                                    <marker class="ExceptionMessage">
                                      <contents>
                                        <text><![CDATA[Incorrect syntax near the keyword 'ORDER'.]]></text>
                                      </contents>
                                      <attributes />
                                    </marker>
                                    <text><![CDATA[
]]></text>
                                    <marker class="ExceptionPropertyName">
                                      <contents>
                                        <text><![CDATA[Errors]]></text>
                                      </contents>
                                      <attributes />
                                    </marker>
                                    <text><![CDATA[: ]]></text>
                                    <marker class="ExceptionPropertyValue">
                                      <contents>
                                        <text><![CDATA[System.Data.SqlClient.SqlErrorCollection]]></text>
                                      </contents>
                                      <attributes />
                                    </marker>
                                    <text><![CDATA[
]]></text>
                                    <marker class="ExceptionPropertyName">
                                      <contents>
                                        <text><![CDATA[Class]]></text>
                                      </contents>
                                      <attributes />
                                    </marker>
                                    <text><![CDATA[: ]]></text>
                                    <marker class="ExceptionPropertyValue">
                                      <contents>
                                        <text><![CDATA[15]]></text>
                                      </contents>
                                      <attributes />
                                    </marker>
                                    <text><![CDATA[
]]></text>
                                    <marker class="ExceptionPropertyName">
                                      <contents>
                                        <text><![CDATA[LineNumber]]></text>
                                      </contents>
                                      <attributes />
                                    </marker>
                                    <text><![CDATA[: ]]></text>
                                    <marker class="ExceptionPropertyValue">
                                      <contents>
                                        <text><![CDATA[1]]></text>
                                      </contents>
                                      <attributes />
                                    </marker>
                                    <text><![CDATA[
]]></text>
                                    <marker class="ExceptionPropertyName">
                                      <contents>
                                        <text><![CDATA[Number]]></text>
                                      </contents>
                                      <attributes />
                                    </marker>
                                    <text><![CDATA[: ]]></text>
                                    <marker class="ExceptionPropertyValue">
                                      <contents>
                                        <text><![CDATA[156]]></text>
                                      </contents>
                                      <attributes />
                                    </marker>
                                    <text><![CDATA[
]]></text>
                                    <marker class="ExceptionPropertyName">
                                      <contents>
                                        <text><![CDATA[Procedure]]></text>
                                      </contents>
                                      <attributes />
                                    </marker>
                                    <text><![CDATA[: ]]></text>
                                    <marker class="ExceptionPropertyValue">
                                      <contents />
                                      <attributes />
                                    </marker>
                                    <text><![CDATA[
]]></text>
                                    <marker class="ExceptionPropertyName">
                                      <contents>
                                        <text><![CDATA[Server]]></text>
                                      </contents>
                                      <attributes />
                                    </marker>
                                    <text><![CDATA[: ]]></text>
                                    <marker class="ExceptionPropertyValue">
                                      <contents>
                                        <text><![CDATA[ANAXIMANDER\SQLEXPRESS]]></text>
                                      </contents>
                                      <attributes />
                                    </marker>
                                    <text><![CDATA[
]]></text>
                                    <marker class="ExceptionPropertyName">
                                      <contents>
                                        <text><![CDATA[State]]></text>
                                      </contents>
                                      <attributes />
                                    </marker>
                                    <text><![CDATA[: ]]></text>
                                    <marker class="ExceptionPropertyValue">
                                      <contents>
                                        <text><![CDATA[1]]></text>
                                      </contents>
                                      <attributes />
                                    </marker>
                                    <text><![CDATA[
]]></text>
                                    <marker class="ExceptionPropertyName">
                                      <contents>
                                        <text><![CDATA[ErrorCode]]></text>
                                      </contents>
                                      <attributes />
                                    </marker>
                                    <text><![CDATA[: ]]></text>
                                    <marker class="ExceptionPropertyValue">
                                      <contents>
                                        <text><![CDATA[-2146232060]]></text>
                                      </contents>
                                      <attributes />
                                    </marker>
                                    <text><![CDATA[
]]></text>
                                    <marker class="StackTrace">
                                      <contents>
                                        <text><![CDATA[   at System.Data.SqlClient.SqlConnection.OnError(SqlException exception, Boolean breakConnection)
   at System.Data.SqlClient.SqlInternalConnection.OnError(SqlException exception, Boolean breakConnection)
   at System.Data.SqlClient.TdsParser.ThrowExceptionAndWarning(TdsParserStateObject stateObj)
   at System.Data.SqlClient.TdsParser.Run(RunBehavior runBehavior, SqlCommand cmdHandler, SqlDataReader dataStream, BulkCopySimpleResultSet bulkCopyHandler, TdsParserStateObject stateObj)
   at System.Data.SqlClient.SqlDataReader.ConsumeMetaData()
   at System.Data.SqlClient.SqlDataReader.get_MetaData()
   at System.Data.SqlClient.SqlCommand.FinishExecuteReader(SqlDataReader ds, RunBehavior runBehavior, String resetOptionsString)
   at System.Data.SqlClient.SqlCommand.RunExecuteReaderTds(CommandBehavior cmdBehavior, RunBehavior runBehavior, Boolean returnStream, Boolean async)
   at System.Data.SqlClient.SqlCommand.RunExecuteReader(CommandBehavior cmdBehavior, RunBehavior runBehavior, Boolean returnStream, String method, DbAsyncResult result)
   at System.Data.SqlClient.SqlCommand.RunExecuteReader(CommandBehavior cmdBehavior, RunBehavior runBehavior, Boolean returnStream, String method)
   at System.Data.SqlClient.SqlCommand.ExecuteReader(CommandBehavior behavior, String method)
   at System.Data.SqlClient.SqlCommand.ExecuteReader(CommandBehavior behavior)
   at SubSonic.SqlDataProvider.GetReader(QueryCommand qry) in ]]></text>
                                        <marker class="CodeLocation">
                                          <contents>
                                            <text><![CDATA[C:\data\SubsonicRoot\ss2\SubSonic\DataProviders\SqlDataProvider.cs:line 384]]></text>
                                          </contents>
                                          <attributes>
                                            <attribute name="line" value="384" />
                                            <attribute name="path" value="C:\data\SubsonicRoot\ss2\SubSonic\DataProviders\SqlDataProvider.cs" />
                                          </attributes>
                                        </marker>
                                        <text><![CDATA[
   at SubSonic.DataService.GetReader(QueryCommand cmd) in ]]></text>
                                        <marker class="CodeLocation">
                                          <contents>
                                            <text><![CDATA[C:\data\SubsonicRoot\ss2\SubSonic\DataProviders\DataService.cs:line 506]]></text>
                                          </contents>
                                          <attributes>
                                            <attribute name="line" value="506" />
                                            <attribute name="path" value="C:\data\SubsonicRoot\ss2\SubSonic\DataProviders\DataService.cs" />
                                          </attributes>
                                        </marker>
                                        <text><![CDATA[
   at SubSonic.ReadOnlyRecord`1.FetchByParameter(String columnName, Comparison comparison, Object oValue) in ]]></text>
                                        <marker class="CodeLocation">
                                          <contents>
                                            <text><![CDATA[C:\data\SubsonicRoot\ss2\SubSonic\ActiveRecord\ReadOnlyRecord.cs:line 287]]></text>
                                          </contents>
                                          <attributes>
                                            <attribute name="line" value="287" />
                                            <attribute name="path" value="C:\data\SubsonicRoot\ss2\SubSonic\ActiveRecord\ReadOnlyRecord.cs" />
                                          </attributes>
                                        </marker>
                                        <text><![CDATA[
   at SubSonic.Tests.ActiveListTests.BatchSaveInsert() in ]]></text>
                                        <marker class="CodeLocation">
                                          <contents>
                                            <text><![CDATA[C:\data\SubsonicRoot\ss2\SubSonic.Tests\ActiveListTests.cs:line 56]]></text>
                                          </contents>
                                          <attributes>
                                            <attribute name="line" value="56" />
                                            <attribute name="path" value="C:\data\SubsonicRoot\ss2\SubSonic.Tests\ActiveListTests.cs" />
                                          </attributes>
                                        </marker>
                                      </contents>
                                      <attributes />
                                    </marker>
                                  </contents>
                                  <attributes />
                                </marker>
                              </contents>
                            </section>
                          </contents>
                        </body>
                      </stream>
                    </streams>
                    <attachments />
                  </testLog>
                </testStepRun>
                <testStepRun startTime="2011-08-05T15:50:47.4618455+09:30" endTime="2011-08-05T15:50:48.4774705+09:30">
                  <testStep id="26b3d10b873169b5" name="BatchSaveUpdate" fullName="SubSonic.Tests/ActiveListTests/BatchSaveUpdate" testId="c10c3bb6a31302d5" isPrimary="true" isTestCase="true" isDynamic="false">
                    <codeReference assembly="SubSonic.Tests, Version=2.2.1.0, Culture=neutral, PublicKeyToken=null" namespace="SubSonic.Tests" type="SubSonic.Tests.ActiveListTests" member="BatchSaveUpdate" />
                    <codeLocation path="C:\data\SubsonicRoot\ss2\SubSonic.Tests\ActiveListTests.cs" line="130" />
                    <metadata>
                      <entry key="TestKind">
                        <value>Test</value>
                      </entry>
                    </metadata>
                  </testStep>
                  <children />
                  <result assertCount="1" duration="0.9656269">
                    <outcome status="failed" />
                  </result>
                  <testLog>
                    <streams>
                      <stream name="Failures">
                        <body>
                          <contents>
                            <section name="Execute">
                              <contents>
                                <marker class="Exception">
                                  <contents>
                                    <marker class="ExceptionType">
                                      <contents>
                                        <text><![CDATA[System.Data.SqlClient.SqlException]]></text>
                                      </contents>
                                      <attributes />
                                    </marker>
                                    <text><![CDATA[: ]]></text>
                                    <marker class="ExceptionMessage">
                                      <contents>
                                        <text><![CDATA[Incorrect syntax near the keyword 'ORDER'.]]></text>
                                      </contents>
                                      <attributes />
                                    </marker>
                                    <text><![CDATA[
]]></text>
                                    <marker class="ExceptionPropertyName">
                                      <contents>
                                        <text><![CDATA[Errors]]></text>
                                      </contents>
                                      <attributes />
                                    </marker>
                                    <text><![CDATA[: ]]></text>
                                    <marker class="ExceptionPropertyValue">
                                      <contents>
                                        <text><![CDATA[System.Data.SqlClient.SqlErrorCollection]]></text>
                                      </contents>
                                      <attributes />
                                    </marker>
                                    <text><![CDATA[
]]></text>
                                    <marker class="ExceptionPropertyName">
                                      <contents>
                                        <text><![CDATA[Class]]></text>
                                      </contents>
                                      <attributes />
                                    </marker>
                                    <text><![CDATA[: ]]></text>
                                    <marker class="ExceptionPropertyValue">
                                      <contents>
                                        <text><![CDATA[15]]></text>
                                      </contents>
                                      <attributes />
                                    </marker>
                                    <text><![CDATA[
]]></text>
                                    <marker class="ExceptionPropertyName">
                                      <contents>
                                        <text><![CDATA[LineNumber]]></text>
                                      </contents>
                                      <attributes />
                                    </marker>
                                    <text><![CDATA[: ]]></text>
                                    <marker class="ExceptionPropertyValue">
                                      <contents>
                                        <text><![CDATA[1]]></text>
                                      </contents>
                                      <attributes />
                                    </marker>
                                    <text><![CDATA[
]]></text>
                                    <marker class="ExceptionPropertyName">
                                      <contents>
                                        <text><![CDATA[Number]]></text>
                                      </contents>
                                      <attributes />
                                    </marker>
                                    <text><![CDATA[: ]]></text>
                                    <marker class="ExceptionPropertyValue">
                                      <contents>
                                        <text><![CDATA[156]]></text>
                                      </contents>
                                      <attributes />
                                    </marker>
                                    <text><![CDATA[
]]></text>
                                    <marker class="ExceptionPropertyName">
                                      <contents>
                                        <text><![CDATA[Procedure]]></text>
                                      </contents>
                                      <attributes />
                                    </marker>
                                    <text><![CDATA[: ]]></text>
                                    <marker class="ExceptionPropertyValue">
                                      <contents />
                                      <attributes />
                                    </marker>
                                    <text><![CDATA[
]]></text>
                                    <marker class="ExceptionPropertyName">
                                      <contents>
                                        <text><![CDATA[Server]]></text>
                                      </contents>
                                      <attributes />
                                    </marker>
                                    <text><![CDATA[: ]]></text>
                                    <marker class="ExceptionPropertyValue">
                                      <contents>
                                        <text><![CDATA[ANAXIMANDER\SQLEXPRESS]]></text>
                                      </contents>
                                      <attributes />
                                    </marker>
                                    <text><![CDATA[
]]></text>
                                    <marker class="ExceptionPropertyName">
                                      <contents>
                                        <text><![CDATA[State]]></text>
                                      </contents>
                                      <attributes />
                                    </marker>
                                    <text><![CDATA[: ]]></text>
                                    <marker class="ExceptionPropertyValue">
                                      <contents>
                                        <text><![CDATA[1]]></text>
                                      </contents>
                                      <attributes />
                                    </marker>
                                    <text><![CDATA[
]]></text>
                                    <marker class="ExceptionPropertyName">
                                      <contents>
                                        <text><![CDATA[ErrorCode]]></text>
                                      </contents>
                                      <attributes />
                                    </marker>
                                    <text><![CDATA[: ]]></text>
                                    <marker class="ExceptionPropertyValue">
                                      <contents>
                                        <text><![CDATA[-2146232060]]></text>
                                      </contents>
                                      <attributes />
                                    </marker>
                                    <text><![CDATA[
]]></text>
                                    <marker class="StackTrace">
                                      <contents>
                                        <text><![CDATA[   at System.Data.SqlClient.SqlConnection.OnError(SqlException exception, Boolean breakConnection)
   at System.Data.SqlClient.SqlInternalConnection.OnError(SqlException exception, Boolean breakConnection)
   at System.Data.SqlClient.TdsParser.ThrowExceptionAndWarning(TdsParserStateObject stateObj)
   at System.Data.SqlClient.TdsParser.Run(RunBehavior runBehavior, SqlCommand cmdHandler, SqlDataReader dataStream, BulkCopySimpleResultSet bulkCopyHandler, TdsParserStateObject stateObj)
   at System.Data.SqlClient.SqlDataReader.ConsumeMetaData()
   at System.Data.SqlClient.SqlDataReader.get_MetaData()
   at System.Data.SqlClient.SqlCommand.FinishExecuteReader(SqlDataReader ds, RunBehavior runBehavior, String resetOptionsString)
   at System.Data.SqlClient.SqlCommand.RunExecuteReaderTds(CommandBehavior cmdBehavior, RunBehavior runBehavior, Boolean returnStream, Boolean async)
   at System.Data.SqlClient.SqlCommand.RunExecuteReader(CommandBehavior cmdBehavior, RunBehavior runBehavior, Boolean returnStream, String method, DbAsyncResult result)
   at System.Data.SqlClient.SqlCommand.RunExecuteReader(CommandBehavior cmdBehavior, RunBehavior runBehavior, Boolean returnStream, String method)
   at System.Data.SqlClient.SqlCommand.ExecuteReader(CommandBehavior behavior, String method)
   at System.Data.SqlClient.SqlCommand.ExecuteReader(CommandBehavior behavior)
   at SubSonic.SqlDataProvider.GetReader(QueryCommand qry) in ]]></text>
                                        <marker class="CodeLocation">
                                          <contents>
                                            <text><![CDATA[C:\data\SubsonicRoot\ss2\SubSonic\DataProviders\SqlDataProvider.cs:line 384]]></text>
                                          </contents>
                                          <attributes>
                                            <attribute name="line" value="384" />
                                            <attribute name="path" value="C:\data\SubsonicRoot\ss2\SubSonic\DataProviders\SqlDataProvider.cs" />
                                          </attributes>
                                        </marker>
                                        <text><![CDATA[
   at SubSonic.DataService.GetReader(QueryCommand cmd) in ]]></text>
                                        <marker class="CodeLocation">
                                          <contents>
                                            <text><![CDATA[C:\data\SubsonicRoot\ss2\SubSonic\DataProviders\DataService.cs:line 506]]></text>
                                          </contents>
                                          <attributes>
                                            <attribute name="line" value="506" />
                                            <attribute name="path" value="C:\data\SubsonicRoot\ss2\SubSonic\DataProviders\DataService.cs" />
                                          </attributes>
                                        </marker>
                                        <text><![CDATA[
   at SubSonic.ReadOnlyRecord`1.FetchByParameter(String columnName, Comparison comparison, Object oValue) in ]]></text>
                                        <marker class="CodeLocation">
                                          <contents>
                                            <text><![CDATA[C:\data\SubsonicRoot\ss2\SubSonic\ActiveRecord\ReadOnlyRecord.cs:line 287]]></text>
                                          </contents>
                                          <attributes>
                                            <attribute name="line" value="287" />
                                            <attribute name="path" value="C:\data\SubsonicRoot\ss2\SubSonic\ActiveRecord\ReadOnlyRecord.cs" />
                                          </attributes>
                                        </marker>
                                        <text><![CDATA[
   at SubSonic.Tests.ActiveListTests.FetchProductCollection() in ]]></text>
                                        <marker class="CodeLocation">
                                          <contents>
                                            <text><![CDATA[C:\data\SubsonicRoot\ss2\SubSonic.Tests\ActiveListTests.cs:line 208]]></text>
                                          </contents>
                                          <attributes>
                                            <attribute name="line" value="208" />
                                            <attribute name="path" value="C:\data\SubsonicRoot\ss2\SubSonic.Tests\ActiveListTests.cs" />
                                          </attributes>
                                        </marker>
                                        <text><![CDATA[
   at SubSonic.Tests.ActiveListTests.BatchSaveUpdate() in ]]></text>
                                        <marker class="CodeLocation">
                                          <contents>
                                            <text><![CDATA[C:\data\SubsonicRoot\ss2\SubSonic.Tests\ActiveListTests.cs:line 134]]></text>
                                          </contents>
                                          <attributes>
                                            <attribute name="line" value="134" />
                                            <attribute name="path" value="C:\data\SubsonicRoot\ss2\SubSonic.Tests\ActiveListTests.cs" />
                                          </attributes>
                                        </marker>
                                      </contents>
                                      <attributes />
                                    </marker>
                                  </contents>
                                  <attributes />
                                </marker>
                              </contents>
                            </section>
                          </contents>
                        </body>
                      </stream>
                    </streams>
                    <attachments />
                  </testLog>
                </testStepRun>
                <testStepRun startTime="2011-08-05T15:50:48.4774705+09:30" endTime="2011-08-05T15:50:49.5399705+09:30">
                  <testStep id="430612de04843abd" name="BatchSaveUpdateNoChanges" fullName="SubSonic.Tests/ActiveListTests/BatchSaveUpdateNoChanges" testId="a1003a1d129446b2" isPrimary="true" isTestCase="true" isDynamic="false">
                    <codeReference assembly="SubSonic.Tests, Version=2.2.1.0, Culture=neutral, PublicKeyToken=null" namespace="SubSonic.Tests" type="SubSonic.Tests.ActiveListTests" member="BatchSaveUpdateNoChanges" />
                    <codeLocation path="C:\data\SubsonicRoot\ss2\SubSonic.Tests\ActiveListTests.cs" line="152" />
                    <metadata>
                      <entry key="TestKind">
                        <value>Test</value>
                      </entry>
                    </metadata>
                  </testStep>
                  <children />
                  <result assertCount="1" duration="1.0583664">
                    <outcome status="failed" />
                  </result>
                  <testLog>
                    <streams>
                      <stream name="Failures">
                        <body>
                          <contents>
                            <section name="Execute">
                              <contents>
                                <marker class="Exception">
                                  <contents>
                                    <marker class="ExceptionType">
                                      <contents>
                                        <text><![CDATA[System.Data.SqlClient.SqlException]]></text>
                                      </contents>
                                      <attributes />
                                    </marker>
                                    <text><![CDATA[: ]]></text>
                                    <marker class="ExceptionMessage">
                                      <contents>
                                        <text><![CDATA[Incorrect syntax near the keyword 'ORDER'.]]></text>
                                      </contents>
                                      <attributes />
                                    </marker>
                                    <text><![CDATA[
]]></text>
                                    <marker class="ExceptionPropertyName">
                                      <contents>
                                        <text><![CDATA[Errors]]></text>
                                      </contents>
                                      <attributes />
                                    </marker>
                                    <text><![CDATA[: ]]></text>
                                    <marker class="ExceptionPropertyValue">
                                      <contents>
                                        <text><![CDATA[System.Data.SqlClient.SqlErrorCollection]]></text>
                                      </contents>
                                      <attributes />
                                    </marker>
                                    <text><![CDATA[
]]></text>
                                    <marker class="ExceptionPropertyName">
                                      <contents>
                                        <text><![CDATA[Class]]></text>
                                      </contents>
                                      <attributes />
                                    </marker>
                                    <text><![CDATA[: ]]></text>
                                    <marker class="ExceptionPropertyValue">
                                      <contents>
                                        <text><![CDATA[15]]></text>
                                      </contents>
                                      <attributes />
                                    </marker>
                                    <text><![CDATA[
]]></text>
                                    <marker class="ExceptionPropertyName">
                                      <contents>
                                        <text><![CDATA[LineNumber]]></text>
                                      </contents>
                                      <attributes />
                                    </marker>
                                    <text><![CDATA[: ]]></text>
                                    <marker class="ExceptionPropertyValue">
                                      <contents>
                                        <text><![CDATA[1]]></text>
                                      </contents>
                                      <attributes />
                                    </marker>
                                    <text><![CDATA[
]]></text>
                                    <marker class="ExceptionPropertyName">
                                      <contents>
                                        <text><![CDATA[Number]]></text>
                                      </contents>
                                      <attributes />
                                    </marker>
                                    <text><![CDATA[: ]]></text>
                                    <marker class="ExceptionPropertyValue">
                                      <contents>
                                        <text><![CDATA[156]]></text>
                                      </contents>
                                      <attributes />
                                    </marker>
                                    <text><![CDATA[
]]></text>
                                    <marker class="ExceptionPropertyName">
                                      <contents>
                                        <text><![CDATA[Procedure]]></text>
                                      </contents>
                                      <attributes />
                                    </marker>
                                    <text><![CDATA[: ]]></text>
                                    <marker class="ExceptionPropertyValue">
                                      <contents />
                                      <attributes />
                                    </marker>
                                    <text><![CDATA[
]]></text>
                                    <marker class="ExceptionPropertyName">
                                      <contents>
                                        <text><![CDATA[Server]]></text>
                                      </contents>
                                      <attributes />
                                    </marker>
                                    <text><![CDATA[: ]]></text>
                                    <marker class="ExceptionPropertyValue">
                                      <contents>
                                        <text><![CDATA[ANAXIMANDER\SQLEXPRESS]]></text>
                                      </contents>
                                      <attributes />
                                    </marker>
                                    <text><![CDATA[
]]></text>
                                    <marker class="ExceptionPropertyName">
                                      <contents>
                                        <text><![CDATA[State]]></text>
                                      </contents>
                                      <attributes />
                                    </marker>
                                    <text><![CDATA[: ]]></text>
                                    <marker class="ExceptionPropertyValue">
                                      <contents>
                                        <text><![CDATA[1]]></text>
                                      </contents>
                                      <attributes />
                                    </marker>
                                    <text><![CDATA[
]]></text>
                                    <marker class="ExceptionPropertyName">
                                      <contents>
                                        <text><![CDATA[ErrorCode]]></text>
                                      </contents>
                                      <attributes />
                                    </marker>
                                    <text><![CDATA[: ]]></text>
                                    <marker class="ExceptionPropertyValue">
                                      <contents>
                                        <text><![CDATA[-2146232060]]></text>
                                      </contents>
                                      <attributes />
                                    </marker>
                                    <text><![CDATA[
]]></text>
                                    <marker class="StackTrace">
                                      <contents>
                                        <text><![CDATA[   at System.Data.SqlClient.SqlConnection.OnError(SqlException exception, Boolean breakConnection)
   at System.Data.SqlClient.SqlInternalConnection.OnError(SqlException exception, Boolean breakConnection)
   at System.Data.SqlClient.TdsParser.ThrowExceptionAndWarning(TdsParserStateObject stateObj)
   at System.Data.SqlClient.TdsParser.Run(RunBehavior runBehavior, SqlCommand cmdHandler, SqlDataReader dataStream, BulkCopySimpleResultSet bulkCopyHandler, TdsParserStateObject stateObj)
   at System.Data.SqlClient.SqlDataReader.ConsumeMetaData()
   at System.Data.SqlClient.SqlDataReader.get_MetaData()
   at System.Data.SqlClient.SqlCommand.FinishExecuteReader(SqlDataReader ds, RunBehavior runBehavior, String resetOptionsString)
   at System.Data.SqlClient.SqlCommand.RunExecuteReaderTds(CommandBehavior cmdBehavior, RunBehavior runBehavior, Boolean returnStream, Boolean async)
   at System.Data.SqlClient.SqlCommand.RunExecuteReader(CommandBehavior cmdBehavior, RunBehavior runBehavior, Boolean returnStream, String method, DbAsyncResult result)
   at System.Data.SqlClient.SqlCommand.RunExecuteReader(CommandBehavior cmdBehavior, RunBehavior runBehavior, Boolean returnStream, String method)
   at System.Data.SqlClient.SqlCommand.ExecuteReader(CommandBehavior behavior, String method)
   at System.Data.SqlClient.SqlCommand.ExecuteReader(CommandBehavior behavior)
   at SubSonic.SqlDataProvider.GetReader(QueryCommand qry) in ]]></text>
                                        <marker class="CodeLocation">
                                          <contents>
                                            <text><![CDATA[C:\data\SubsonicRoot\ss2\SubSonic\DataProviders\SqlDataProvider.cs:line 384]]></text>
                                          </contents>
                                          <attributes>
                                            <attribute name="line" value="384" />
                                            <attribute name="path" value="C:\data\SubsonicRoot\ss2\SubSonic\DataProviders\SqlDataProvider.cs" />
                                          </attributes>
                                        </marker>
                                        <text><![CDATA[
   at SubSonic.DataService.GetReader(QueryCommand cmd) in ]]></text>
                                        <marker class="CodeLocation">
                                          <contents>
                                            <text><![CDATA[C:\data\SubsonicRoot\ss2\SubSonic\DataProviders\DataService.cs:line 506]]></text>
                                          </contents>
                                          <attributes>
                                            <attribute name="line" value="506" />
                                            <attribute name="path" value="C:\data\SubsonicRoot\ss2\SubSonic\DataProviders\DataService.cs" />
                                          </attributes>
                                        </marker>
                                        <text><![CDATA[
   at SubSonic.ReadOnlyRecord`1.FetchByParameter(String columnName, Comparison comparison, Object oValue) in ]]></text>
                                        <marker class="CodeLocation">
                                          <contents>
                                            <text><![CDATA[C:\data\SubsonicRoot\ss2\SubSonic\ActiveRecord\ReadOnlyRecord.cs:line 287]]></text>
                                          </contents>
                                          <attributes>
                                            <attribute name="line" value="287" />
                                            <attribute name="path" value="C:\data\SubsonicRoot\ss2\SubSonic\ActiveRecord\ReadOnlyRecord.cs" />
                                          </attributes>
                                        </marker>
                                        <text><![CDATA[
   at SubSonic.Tests.ActiveListTests.FetchProductCollection() in ]]></text>
                                        <marker class="CodeLocation">
                                          <contents>
                                            <text><![CDATA[C:\data\SubsonicRoot\ss2\SubSonic.Tests\ActiveListTests.cs:line 208]]></text>
                                          </contents>
                                          <attributes>
                                            <attribute name="line" value="208" />
                                            <attribute name="path" value="C:\data\SubsonicRoot\ss2\SubSonic.Tests\ActiveListTests.cs" />
                                          </attributes>
                                        </marker>
                                        <text><![CDATA[
   at SubSonic.Tests.ActiveListTests.BatchSaveUpdateNoChanges() in ]]></text>
                                        <marker class="CodeLocation">
                                          <contents>
                                            <text><![CDATA[C:\data\SubsonicRoot\ss2\SubSonic.Tests\ActiveListTests.cs:line 156]]></text>
                                          </contents>
                                          <attributes>
                                            <attribute name="line" value="156" />
                                            <attribute name="path" value="C:\data\SubsonicRoot\ss2\SubSonic.Tests\ActiveListTests.cs" />
                                          </attributes>
                                        </marker>
                                      </contents>
                                      <attributes />
                                    </marker>
                                  </contents>
                                  <attributes />
                                </marker>
                              </contents>
                            </section>
                          </contents>
                        </body>
                      </stream>
                    </streams>
                    <attachments />
                  </testLog>
                </testStepRun>
                <testStepRun startTime="2011-08-05T15:50:49.5399705+09:30" endTime="2011-08-05T15:50:50.4149705+09:30">
                  <testStep id="73e42ee743f1d47f" name="DeferredDelete" fullName="SubSonic.Tests/ActiveListTests/DeferredDelete" testId="828dd42707b21bbe" isPrimary="true" isTestCase="true" isDynamic="false">
                    <codeReference assembly="SubSonic.Tests, Version=2.2.1.0, Culture=neutral, PublicKeyToken=null" namespace="SubSonic.Tests" type="SubSonic.Tests.ActiveListTests" member="DeferredDelete" />
                    <codeLocation path="C:\data\SubsonicRoot\ss2\SubSonic.Tests\ActiveListTests.cs" line="66" />
                    <metadata>
                      <entry key="TestKind">
                        <value>Test</value>
                      </entry>
                    </metadata>
                  </testStep>
                  <children />
                  <result assertCount="1" duration="0.929149">
                    <outcome status="failed" />
                  </result>
                  <testLog>
                    <streams>
                      <stream name="Failures">
                        <body>
                          <contents>
                            <section name="Execute">
                              <contents>
                                <marker class="Exception">
                                  <contents>
                                    <marker class="ExceptionType">
                                      <contents>
                                        <text><![CDATA[System.Data.SqlClient.SqlException]]></text>
                                      </contents>
                                      <attributes />
                                    </marker>
                                    <text><![CDATA[: ]]></text>
                                    <marker class="ExceptionMessage">
                                      <contents>
                                        <text><![CDATA[Incorrect syntax near the keyword 'ORDER'.]]></text>
                                      </contents>
                                      <attributes />
                                    </marker>
                                    <text><![CDATA[
]]></text>
                                    <marker class="ExceptionPropertyName">
                                      <contents>
                                        <text><![CDATA[Errors]]></text>
                                      </contents>
                                      <attributes />
                                    </marker>
                                    <text><![CDATA[: ]]></text>
                                    <marker class="ExceptionPropertyValue">
                                      <contents>
                                        <text><![CDATA[System.Data.SqlClient.SqlErrorCollection]]></text>
                                      </contents>
                                      <attributes />
                                    </marker>
                                    <text><![CDATA[
]]></text>
                                    <marker class="ExceptionPropertyName">
                                      <contents>
                                        <text><![CDATA[Class]]></text>
                                      </contents>
                                      <attributes />
                                    </marker>
                                    <text><![CDATA[: ]]></text>
                                    <marker class="ExceptionPropertyValue">
                                      <contents>
                                        <text><![CDATA[15]]></text>
                                      </contents>
                                      <attributes />
                                    </marker>
                                    <text><![CDATA[
]]></text>
                                    <marker class="ExceptionPropertyName">
                                      <contents>
                                        <text><![CDATA[LineNumber]]></text>
                                      </contents>
                                      <attributes />
                                    </marker>
                                    <text><![CDATA[: ]]></text>
                                    <marker class="ExceptionPropertyValue">
                                      <contents>
                                        <text><![CDATA[1]]></text>
                                      </contents>
                                      <attributes />
                                    </marker>
                                    <text><![CDATA[
]]></text>
                                    <marker class="ExceptionPropertyName">
                                      <contents>
                                        <text><![CDATA[Number]]></text>
                                      </contents>
                                      <attributes />
                                    </marker>
                                    <text><![CDATA[: ]]></text>
                                    <marker class="ExceptionPropertyValue">
                                      <contents>
                                        <text><![CDATA[156]]></text>
                                      </contents>
                                      <attributes />
                                    </marker>
                                    <text><![CDATA[
]]></text>
                                    <marker class="ExceptionPropertyName">
                                      <contents>
                                        <text><![CDATA[Procedure]]></text>
                                      </contents>
                                      <attributes />
                                    </marker>
                                    <text><![CDATA[: ]]></text>
                                    <marker class="ExceptionPropertyValue">
                                      <contents />
                                      <attributes />
                                    </marker>
                                    <text><![CDATA[
]]></text>
                                    <marker class="ExceptionPropertyName">
                                      <contents>
                                        <text><![CDATA[Server]]></text>
                                      </contents>
                                      <attributes />
                                    </marker>
                                    <text><![CDATA[: ]]></text>
                                    <marker class="ExceptionPropertyValue">
                                      <contents>
                                        <text><![CDATA[ANAXIMANDER\SQLEXPRESS]]></text>
                                      </contents>
                                      <attributes />
                                    </marker>
                                    <text><![CDATA[
]]></text>
                                    <marker class="ExceptionPropertyName">
                                      <contents>
                                        <text><![CDATA[State]]></text>
                                      </contents>
                                      <attributes />
                                    </marker>
                                    <text><![CDATA[: ]]></text>
                                    <marker class="ExceptionPropertyValue">
                                      <contents>
                                        <text><![CDATA[1]]></text>
                                      </contents>
                                      <attributes />
                                    </marker>
                                    <text><![CDATA[
]]></text>
                                    <marker class="ExceptionPropertyName">
                                      <contents>
                                        <text><![CDATA[ErrorCode]]></text>
                                      </contents>
                                      <attributes />
                                    </marker>
                                    <text><![CDATA[: ]]></text>
                                    <marker class="ExceptionPropertyValue">
                                      <contents>
                                        <text><![CDATA[-2146232060]]></text>
                                      </contents>
                                      <attributes />
                                    </marker>
                                    <text><![CDATA[
]]></text>
                                    <marker class="StackTrace">
                                      <contents>
                                        <text><![CDATA[   at System.Data.SqlClient.SqlConnection.OnError(SqlException exception, Boolean breakConnection)
   at System.Data.SqlClient.SqlInternalConnection.OnError(SqlException exception, Boolean breakConnection)
   at System.Data.SqlClient.TdsParser.ThrowExceptionAndWarning(TdsParserStateObject stateObj)
   at System.Data.SqlClient.TdsParser.Run(RunBehavior runBehavior, SqlCommand cmdHandler, SqlDataReader dataStream, BulkCopySimpleResultSet bulkCopyHandler, TdsParserStateObject stateObj)
   at System.Data.SqlClient.SqlDataReader.ConsumeMetaData()
   at System.Data.SqlClient.SqlDataReader.get_MetaData()
   at System.Data.SqlClient.SqlCommand.FinishExecuteReader(SqlDataReader ds, RunBehavior runBehavior, String resetOptionsString)
   at System.Data.SqlClient.SqlCommand.RunExecuteReaderTds(CommandBehavior cmdBehavior, RunBehavior runBehavior, Boolean returnStream, Boolean async)
   at System.Data.SqlClient.SqlCommand.RunExecuteReader(CommandBehavior cmdBehavior, RunBehavior runBehavior, Boolean returnStream, String method, DbAsyncResult result)
   at System.Data.SqlClient.SqlCommand.RunExecuteReader(CommandBehavior cmdBehavior, RunBehavior runBehavior, Boolean returnStream, String method)
   at System.Data.SqlClient.SqlCommand.ExecuteReader(CommandBehavior behavior, String method)
   at System.Data.SqlClient.SqlCommand.ExecuteReader(CommandBehavior behavior)
   at SubSonic.SqlDataProvider.GetReader(QueryCommand qry) in ]]></text>
                                        <marker class="CodeLocation">
                                          <contents>
                                            <text><![CDATA[C:\data\SubsonicRoot\ss2\SubSonic\DataProviders\SqlDataProvider.cs:line 384]]></text>
                                          </contents>
                                          <attributes>
                                            <attribute name="line" value="384" />
                                            <attribute name="path" value="C:\data\SubsonicRoot\ss2\SubSonic\DataProviders\SqlDataProvider.cs" />
                                          </attributes>
                                        </marker>
                                        <text><![CDATA[
   at SubSonic.DataService.GetReader(QueryCommand cmd) in ]]></text>
                                        <marker class="CodeLocation">
                                          <contents>
                                            <text><![CDATA[C:\data\SubsonicRoot\ss2\SubSonic\DataProviders\DataService.cs:line 506]]></text>
                                          </contents>
                                          <attributes>
                                            <attribute name="line" value="506" />
                                            <attribute name="path" value="C:\data\SubsonicRoot\ss2\SubSonic\DataProviders\DataService.cs" />
                                          </attributes>
                                        </marker>
                                        <text><![CDATA[
   at SubSonic.ReadOnlyRecord`1.FetchByParameter(String columnName, Comparison comparison, Object oValue) in ]]></text>
                                        <marker class="CodeLocation">
                                          <contents>
                                            <text><![CDATA[C:\data\SubsonicRoot\ss2\SubSonic\ActiveRecord\ReadOnlyRecord.cs:line 287]]></text>
                                          </contents>
                                          <attributes>
                                            <attribute name="line" value="287" />
                                            <attribute name="path" value="C:\data\SubsonicRoot\ss2\SubSonic\ActiveRecord\ReadOnlyRecord.cs" />
                                          </attributes>
                                        </marker>
                                        <text><![CDATA[
   at SubSonic.Tests.ActiveListTests.DeferredDelete() in ]]></text>
                                        <marker class="CodeLocation">
                                          <contents>
                                            <text><![CDATA[C:\data\SubsonicRoot\ss2\SubSonic.Tests\ActiveListTests.cs:line 71]]></text>
                                          </contents>
                                          <attributes>
                                            <attribute name="line" value="71" />
                                            <attribute name="path" value="C:\data\SubsonicRoot\ss2\SubSonic.Tests\ActiveListTests.cs" />
                                          </attributes>
                                        </marker>
                                      </contents>
                                      <attributes />
                                    </marker>
                                  </contents>
                                  <attributes />
                                </marker>
                              </contents>
                            </section>
                          </contents>
                        </body>
                      </stream>
                    </streams>
                    <attachments />
                  </testLog>
                </testStepRun>
                <testStepRun startTime="2011-08-05T15:50:50.4305955+09:30" endTime="2011-08-05T15:50:50.5555955+09:30">
                  <testStep id="da5bff5cf57a8c08" name="ListSerialization" fullName="SubSonic.Tests/ActiveListTests/ListSerialization" testId="dc06ea3eb5ecffc" isPrimary="true" isTestCase="true" isDynamic="false">
                    <codeReference assembly="SubSonic.Tests, Version=2.2.1.0, Culture=neutral, PublicKeyToken=null" namespace="SubSonic.Tests" type="SubSonic.Tests.ActiveListTests" member="ListSerialization" />
                    <codeLocation path="C:\data\SubsonicRoot\ss2\SubSonic.Tests\ActiveListTests.cs" line="173" />
                    <metadata>
                      <entry key="TestKind">
                        <value>Test</value>
                      </entry>
                    </metadata>
                  </testStep>
                  <children />
                  <result assertCount="0" duration="0.0249242">
                    <outcome status="failed" />
                  </result>
                  <testLog>
                    <streams>
                      <stream name="Failures">
                        <body>
                          <contents>
                            <section name="Execute">
                              <contents>
                                <marker class="Exception">
                                  <contents>
                                    <marker class="ExceptionType">
                                      <contents>
                                        <text><![CDATA[System.Data.SqlClient.SqlException]]></text>
                                      </contents>
                                      <attributes />
                                    </marker>
                                    <text><![CDATA[: ]]></text>
                                    <marker class="ExceptionMessage">
                                      <contents>
                                        <text><![CDATA[Incorrect syntax near the keyword 'ORDER'.]]></text>
                                      </contents>
                                      <attributes />
                                    </marker>
                                    <text><![CDATA[
]]></text>
                                    <marker class="ExceptionPropertyName">
                                      <contents>
                                        <text><![CDATA[Errors]]></text>
                                      </contents>
                                      <attributes />
                                    </marker>
                                    <text><![CDATA[: ]]></text>
                                    <marker class="ExceptionPropertyValue">
                                      <contents>
                                        <text><![CDATA[System.Data.SqlClient.SqlErrorCollection]]></text>
                                      </contents>
                                      <attributes />
                                    </marker>
                                    <text><![CDATA[
]]></text>
                                    <marker class="ExceptionPropertyName">
                                      <contents>
                                        <text><![CDATA[Class]]></text>
                                      </contents>
                                      <attributes />
                                    </marker>
                                    <text><![CDATA[: ]]></text>
                                    <marker class="ExceptionPropertyValue">
                                      <contents>
                                        <text><![CDATA[15]]></text>
                                      </contents>
                                      <attributes />
                                    </marker>
                                    <text><![CDATA[
]]></text>
                                    <marker class="ExceptionPropertyName">
                                      <contents>
                                        <text><![CDATA[LineNumber]]></text>
                                      </contents>
                                      <attributes />
                                    </marker>
                                    <text><![CDATA[: ]]></text>
                                    <marker class="ExceptionPropertyValue">
                                      <contents>
                                        <text><![CDATA[1]]></text>
                                      </contents>
                                      <attributes />
                                    </marker>
                                    <text><![CDATA[
]]></text>
                                    <marker class="ExceptionPropertyName">
                                      <contents>
                                        <text><![CDATA[Number]]></text>
                                      </contents>
                                      <attributes />
                                    </marker>
                                    <text><![CDATA[: ]]></text>
                                    <marker class="ExceptionPropertyValue">
                                      <contents>
                                        <text><![CDATA[156]]></text>
                                      </contents>
                                      <attributes />
                                    </marker>
                                    <text><![CDATA[
]]></text>
                                    <marker class="ExceptionPropertyName">
                                      <contents>
                                        <text><![CDATA[Procedure]]></text>
                                      </contents>
                                      <attributes />
                                    </marker>
                                    <text><![CDATA[: ]]></text>
                                    <marker class="ExceptionPropertyValue">
                                      <contents />
                                      <attributes />
                                    </marker>
                                    <text><![CDATA[
]]></text>
                                    <marker class="ExceptionPropertyName">
                                      <contents>
                                        <text><![CDATA[Server]]></text>
                                      </contents>
                                      <attributes />
                                    </marker>
                                    <text><![CDATA[: ]]></text>
                                    <marker class="ExceptionPropertyValue">
                                      <contents>
                                        <text><![CDATA[ANAXIMANDER\SQLEXPRESS]]></text>
                                      </contents>
                                      <attributes />
                                    </marker>
                                    <text><![CDATA[
]]></text>
                                    <marker class="ExceptionPropertyName">
                                      <contents>
                                        <text><![CDATA[State]]></text>
                                      </contents>
                                      <attributes />
                                    </marker>
                                    <text><![CDATA[: ]]></text>
                                    <marker class="ExceptionPropertyValue">
                                      <contents>
                                        <text><![CDATA[1]]></text>
                                      </contents>
                                      <attributes />
                                    </marker>
                                    <text><![CDATA[
]]></text>
                                    <marker class="ExceptionPropertyName">
                                      <contents>
                                        <text><![CDATA[ErrorCode]]></text>
                                      </contents>
                                      <attributes />
                                    </marker>
                                    <text><![CDATA[: ]]></text>
                                    <marker class="ExceptionPropertyValue">
                                      <contents>
                                        <text><![CDATA[-2146232060]]></text>
                                      </contents>
                                      <attributes />
                                    </marker>
                                    <text><![CDATA[
]]></text>
                                    <marker class="StackTrace">
                                      <contents>
                                        <text><![CDATA[   at System.Data.SqlClient.SqlConnection.OnError(SqlException exception, Boolean breakConnection)
   at System.Data.SqlClient.SqlInternalConnection.OnError(SqlException exception, Boolean breakConnection)
   at System.Data.SqlClient.TdsParser.ThrowExceptionAndWarning(TdsParserStateObject stateObj)
   at System.Data.SqlClient.TdsParser.Run(RunBehavior runBehavior, SqlCommand cmdHandler, SqlDataReader dataStream, BulkCopySimpleResultSet bulkCopyHandler, TdsParserStateObject stateObj)
   at System.Data.SqlClient.SqlDataReader.ConsumeMetaData()
   at System.Data.SqlClient.SqlDataReader.get_MetaData()
   at System.Data.SqlClient.SqlCommand.FinishExecuteReader(SqlDataReader ds, RunBehavior runBehavior, String resetOptionsString)
   at System.Data.SqlClient.SqlCommand.RunExecuteReaderTds(CommandBehavior cmdBehavior, RunBehavior runBehavior, Boolean returnStream, Boolean async)
   at System.Data.SqlClient.SqlCommand.RunExecuteReader(CommandBehavior cmdBehavior, RunBehavior runBehavior, Boolean returnStream, String method, DbAsyncResult result)
   at System.Data.SqlClient.SqlCommand.RunExecuteReader(CommandBehavior cmdBehavior, RunBehavior runBehavior, Boolean returnStream, String method)
   at System.Data.SqlClient.SqlCommand.ExecuteReader(CommandBehavior behavior, String method)
   at System.Data.SqlClient.SqlCommand.ExecuteReader(CommandBehavior behavior)
   at SubSonic.SqlDataProvider.GetReader(QueryCommand qry) in ]]></text>
                                        <marker class="CodeLocation">
                                          <contents>
                                            <text><![CDATA[C:\data\SubsonicRoot\ss2\SubSonic\DataProviders\SqlDataProvider.cs:line 384]]></text>
                                          </contents>
                                          <attributes>
                                            <attribute name="line" value="384" />
                                            <attribute name="path" value="C:\data\SubsonicRoot\ss2\SubSonic\DataProviders\SqlDataProvider.cs" />
                                          </attributes>
                                        </marker>
                                        <text><![CDATA[
   at SubSonic.DataService.GetReader(QueryCommand cmd) in ]]></text>
                                        <marker class="CodeLocation">
                                          <contents>
                                            <text><![CDATA[C:\data\SubsonicRoot\ss2\SubSonic\DataProviders\DataService.cs:line 506]]></text>
                                          </contents>
                                          <attributes>
                                            <attribute name="line" value="506" />
                                            <attribute name="path" value="C:\data\SubsonicRoot\ss2\SubSonic\DataProviders\DataService.cs" />
                                          </attributes>
                                        </marker>
                                        <text><![CDATA[
   at SubSonic.ReadOnlyRecord`1.FetchByParameter(String columnName, Comparison comparison, Object oValue) in ]]></text>
                                        <marker class="CodeLocation">
                                          <contents>
                                            <text><![CDATA[C:\data\SubsonicRoot\ss2\SubSonic\ActiveRecord\ReadOnlyRecord.cs:line 287]]></text>
                                          </contents>
                                          <attributes>
                                            <attribute name="line" value="287" />
                                            <attribute name="path" value="C:\data\SubsonicRoot\ss2\SubSonic\ActiveRecord\ReadOnlyRecord.cs" />
                                          </attributes>
                                        </marker>
                                        <text><![CDATA[
   at SubSonic.Tests.ActiveListTests.FetchProductCollection() in ]]></text>
                                        <marker class="CodeLocation">
                                          <contents>
                                            <text><![CDATA[C:\data\SubsonicRoot\ss2\SubSonic.Tests\ActiveListTests.cs:line 208]]></text>
                                          </contents>
                                          <attributes>
                                            <attribute name="line" value="208" />
                                            <attribute name="path" value="C:\data\SubsonicRoot\ss2\SubSonic.Tests\ActiveListTests.cs" />
                                          </attributes>
                                        </marker>
                                        <text><![CDATA[
   at SubSonic.Tests.ActiveListTests.ListSerialization() in ]]></text>
                                        <marker class="CodeLocation">
                                          <contents>
                                            <text><![CDATA[C:\data\SubsonicRoot\ss2\SubSonic.Tests\ActiveListTests.cs:line 174]]></text>
                                          </contents>
                                          <attributes>
                                            <attribute name="line" value="174" />
                                            <attribute name="path" value="C:\data\SubsonicRoot\ss2\SubSonic.Tests\ActiveListTests.cs" />
                                          </attributes>
                                        </marker>
                                      </contents>
                                      <attributes />
                                    </marker>
                                  </contents>
                                  <attributes />
                                </marker>
                              </contents>
                            </section>
                          </contents>
                        </body>
                      </stream>
                    </streams>
                    <attachments />
                  </testLog>
                </testStepRun>
                <testStepRun startTime="2011-08-05T15:50:50.5555955+09:30" endTime="2011-08-05T15:50:50.5555955+09:30">
                  <testStep id="27333405091baad4" name="ListTHelper" fullName="SubSonic.Tests/ActiveListTests/ListTHelper" testId="c63e43da4f9829e6" isPrimary="true" isTestCase="true" isDynamic="false">
                    <codeReference assembly="SubSonic.Tests, Version=2.2.1.0, Culture=neutral, PublicKeyToken=null" namespace="SubSonic.Tests" type="SubSonic.Tests.ActiveListTests" member="ListTHelper" />
                    <codeLocation path="C:\data\SubsonicRoot\ss2\SubSonic.Tests\ActiveListTests.cs" line="88" />
                    <metadata>
                      <entry key="TestKind">
                        <value>Test</value>
                      </entry>
                    </metadata>
                  </testStep>
                  <children />
                  <result assertCount="3" duration="0.0542522">
                    <outcome status="passed" />
                  </result>
                  <testLog>
                    <streams />
                    <attachments />
                  </testLog>
                </testStepRun>
              </children>
              <result assertCount="7" duration="6.5303318">
                <outcome status="failed" />
              </result>
              <testLog>
                <streams />
                <attachments />
              </testLog>
            </testStepRun>
            <testStepRun startTime="2011-08-05T15:50:50.5712205+09:30" endTime="2011-08-05T15:50:51.2118455+09:30">
              <testStep id="aaf4965b93ec4ae4" name="ActiveRecordTest" fullName="SubSonic.Tests/ActiveRecordTest" testId="973cf89c2152aa4a" isPrimary="true" isTestCase="false" isDynamic="false">
                <codeReference assembly="SubSonic.Tests, Version=2.2.1.0, Culture=neutral, PublicKeyToken=null" namespace="SubSonic.Tests" type="SubSonic.Tests.ActiveRecordTest" />
                <codeLocation path="C:\data\SubsonicRoot\ss2\SubSonic.Tests\ActiveRecordTest.cs" />
                <metadata>
                  <entry key="TestKind">
                    <value>Fixture</value>
                  </entry>
                </metadata>
              </testStep>
              <children>
                <testStepRun startTime="2011-08-05T15:50:50.5712205+09:30" endTime="2011-08-05T15:50:50.7118455+09:30">
                  <testStep id="f8e8b8c523affbb5" name="DirtyColumnsExist" fullName="SubSonic.Tests/ActiveRecordTest/DirtyColumnsExist" testId="95ba428346d485c8" isPrimary="true" isTestCase="true" isDynamic="false">
                    <codeReference assembly="SubSonic.Tests, Version=2.2.1.0, Culture=neutral, PublicKeyToken=null" namespace="SubSonic.Tests" type="SubSonic.Tests.ActiveRecordTest" member="DirtyColumnsExist" />
                    <codeLocation path="C:\data\SubsonicRoot\ss2\SubSonic.Tests\ActiveRecordTest.cs" line="257" />
                    <metadata>
                      <entry key="TestKind">
                        <value>Test</value>
                      </entry>
                    </metadata>
                  </testStep>
                  <children />
                  <result assertCount="0" duration="0.0562644">
                    <outcome status="failed" />
                  </result>
                  <testLog>
                    <streams>
                      <stream name="Failures">
                        <body>
                          <contents>
                            <section name="Execute">
                              <contents>
                                <marker class="Exception">
                                  <contents>
                                    <marker class="ExceptionType">
                                      <contents>
                                        <text><![CDATA[System.Data.SqlClient.SqlException]]></text>
                                      </contents>
                                      <attributes />
                                    </marker>
                                    <text><![CDATA[: ]]></text>
                                    <marker class="ExceptionMessage">
                                      <contents>
                                        <text><![CDATA[Incorrect syntax near the keyword 'ORDER'.]]></text>
                                      </contents>
                                      <attributes />
                                    </marker>
                                    <text><![CDATA[
]]></text>
                                    <marker class="ExceptionPropertyName">
                                      <contents>
                                        <text><![CDATA[Errors]]></text>
                                      </contents>
                                      <attributes />
                                    </marker>
                                    <text><![CDATA[: ]]></text>
                                    <marker class="ExceptionPropertyValue">
                                      <contents>
                                        <text><![CDATA[System.Data.SqlClient.SqlErrorCollection]]></text>
                                      </contents>
                                      <attributes />
                                    </marker>
                                    <text><![CDATA[
]]></text>
                                    <marker class="ExceptionPropertyName">
                                      <contents>
                                        <text><![CDATA[Class]]></text>
                                      </contents>
                                      <attributes />
                                    </marker>
                                    <text><![CDATA[: ]]></text>
                                    <marker class="ExceptionPropertyValue">
                                      <contents>
                                        <text><![CDATA[15]]></text>
                                      </contents>
                                      <attributes />
                                    </marker>
                                    <text><![CDATA[
]]></text>
                                    <marker class="ExceptionPropertyName">
                                      <contents>
                                        <text><![CDATA[LineNumber]]></text>
                                      </contents>
                                      <attributes />
                                    </marker>
                                    <text><![CDATA[: ]]></text>
                                    <marker class="ExceptionPropertyValue">
                                      <contents>
                                        <text><![CDATA[1]]></text>
                                      </contents>
                                      <attributes />
                                    </marker>
                                    <text><![CDATA[
]]></text>
                                    <marker class="ExceptionPropertyName">
                                      <contents>
                                        <text><![CDATA[Number]]></text>
                                      </contents>
                                      <attributes />
                                    </marker>
                                    <text><![CDATA[: ]]></text>
                                    <marker class="ExceptionPropertyValue">
                                      <contents>
                                        <text><![CDATA[156]]></text>
                                      </contents>
                                      <attributes />
                                    </marker>
                                    <text><![CDATA[
]]></text>
                                    <marker class="ExceptionPropertyName">
                                      <contents>
                                        <text><![CDATA[Procedure]]></text>
                                      </contents>
                                      <attributes />
                                    </marker>
                                    <text><![CDATA[: ]]></text>
                                    <marker class="ExceptionPropertyValue">
                                      <contents />
                                      <attributes />
                                    </marker>
                                    <text><![CDATA[
]]></text>
                                    <marker class="ExceptionPropertyName">
                                      <contents>
                                        <text><![CDATA[Server]]></text>
                                      </contents>
                                      <attributes />
                                    </marker>
                                    <text><![CDATA[: ]]></text>
                                    <marker class="ExceptionPropertyValue">
                                      <contents>
                                        <text><![CDATA[ANAXIMANDER\SQLEXPRESS]]></text>
                                      </contents>
                                      <attributes />
                                    </marker>
                                    <text><![CDATA[
]]></text>
                                    <marker class="ExceptionPropertyName">
                                      <contents>
                                        <text><![CDATA[State]]></text>
                                      </contents>
                                      <attributes />
                                    </marker>
                                    <text><![CDATA[: ]]></text>
                                    <marker class="ExceptionPropertyValue">
                                      <contents>
                                        <text><![CDATA[1]]></text>
                                      </contents>
                                      <attributes />
                                    </marker>
                                    <text><![CDATA[
]]></text>
                                    <marker class="ExceptionPropertyName">
                                      <contents>
                                        <text><![CDATA[ErrorCode]]></text>
                                      </contents>
                                      <attributes />
                                    </marker>
                                    <text><![CDATA[: ]]></text>
                                    <marker class="ExceptionPropertyValue">
                                      <contents>
                                        <text><![CDATA[-2146232060]]></text>
                                      </contents>
                                      <attributes />
                                    </marker>
                                    <text><![CDATA[
]]></text>
                                    <marker class="StackTrace">
                                      <contents>
                                        <text><![CDATA[   at System.Data.SqlClient.SqlConnection.OnError(SqlException exception, Boolean breakConnection)
   at System.Data.SqlClient.SqlInternalConnection.OnError(SqlException exception, Boolean breakConnection)
   at System.Data.SqlClient.TdsParser.ThrowExceptionAndWarning(TdsParserStateObject stateObj)
   at System.Data.SqlClient.TdsParser.Run(RunBehavior runBehavior, SqlCommand cmdHandler, SqlDataReader dataStream, BulkCopySimpleResultSet bulkCopyHandler, TdsParserStateObject stateObj)
   at System.Data.SqlClient.SqlDataReader.ConsumeMetaData()
   at System.Data.SqlClient.SqlDataReader.get_MetaData()
   at System.Data.SqlClient.SqlCommand.FinishExecuteReader(SqlDataReader ds, RunBehavior runBehavior, String resetOptionsString)
   at System.Data.SqlClient.SqlCommand.RunExecuteReaderTds(CommandBehavior cmdBehavior, RunBehavior runBehavior, Boolean returnStream, Boolean async)
   at System.Data.SqlClient.SqlCommand.RunExecuteReader(CommandBehavior cmdBehavior, RunBehavior runBehavior, Boolean returnStream, String method, DbAsyncResult result)
   at System.Data.SqlClient.SqlCommand.RunExecuteReader(CommandBehavior cmdBehavior, RunBehavior runBehavior, Boolean returnStream, String method)
   at System.Data.SqlClient.SqlCommand.ExecuteReader(CommandBehavior behavior, String method)
   at System.Data.SqlClient.SqlCommand.ExecuteReader(CommandBehavior behavior)
   at SubSonic.SqlDataProvider.GetReader(QueryCommand qry) in ]]></text>
                                        <marker class="CodeLocation">
                                          <contents>
                                            <text><![CDATA[C:\data\SubsonicRoot\ss2\SubSonic\DataProviders\SqlDataProvider.cs:line 384]]></text>
                                          </contents>
                                          <attributes>
                                            <attribute name="line" value="384" />
                                            <attribute name="path" value="C:\data\SubsonicRoot\ss2\SubSonic\DataProviders\SqlDataProvider.cs" />
                                          </attributes>
                                        </marker>
                                        <text><![CDATA[
   at SubSonic.DataService.GetReader(QueryCommand cmd) in ]]></text>
                                        <marker class="CodeLocation">
                                          <contents>
                                            <text><![CDATA[C:\data\SubsonicRoot\ss2\SubSonic\DataProviders\DataService.cs:line 506]]></text>
                                          </contents>
                                          <attributes>
                                            <attribute name="line" value="506" />
                                            <attribute name="path" value="C:\data\SubsonicRoot\ss2\SubSonic\DataProviders\DataService.cs" />
                                          </attributes>
                                        </marker>
                                        <text><![CDATA[
   at SubSonic.Query.ExecuteReader() in ]]></text>
                                        <marker class="CodeLocation">
                                          <contents>
                                            <text><![CDATA[C:\data\SubsonicRoot\ss2\SubSonic\Sql Tools\Query.cs:line 1814]]></text>
                                          </contents>
                                          <attributes>
                                            <attribute name="line" value="1814" />
                                            <attribute name="path" value="C:\data\SubsonicRoot\ss2\SubSonic\Sql Tools\Query.cs" />
                                          </attributes>
                                        </marker>
                                        <text><![CDATA[
   at SubSonic.ReadOnlyRecord`1.LoadByKey(Object keyID) in ]]></text>
                                        <marker class="CodeLocation">
                                          <contents>
                                            <text><![CDATA[C:\data\SubsonicRoot\ss2\SubSonic\ActiveRecord\ReadOnlyRecord.cs:line 72]]></text>
                                          </contents>
                                          <attributes>
                                            <attribute name="line" value="72" />
                                            <attribute name="path" value="C:\data\SubsonicRoot\ss2\SubSonic\ActiveRecord\ReadOnlyRecord.cs" />
                                          </attributes>
                                        </marker>
                                        <text><![CDATA[
   at Northwind.Product..ctor(Object keyID) in ]]></text>
                                        <marker class="CodeLocation">
                                          <contents>
                                            <text><![CDATA[C:\data\SubsonicRoot\ss2\SubSonic.Tests\Generated\Northwind\Product.cs:line 93]]></text>
                                          </contents>
                                          <attributes>
                                            <attribute name="line" value="93" />
                                            <attribute name="path" value="C:\data\SubsonicRoot\ss2\SubSonic.Tests\Generated\Northwind\Product.cs" />
                                          </attributes>
                                        </marker>
                                        <text><![CDATA[
   at SubSonic.Tests.ActiveRecordTest.DirtyColumnsExist() in ]]></text>
                                        <marker class="CodeLocation">
                                          <contents>
                                            <text><![CDATA[C:\data\SubsonicRoot\ss2\SubSonic.Tests\ActiveRecordTest.cs:line 258]]></text>
                                          </contents>
                                          <attributes>
                                            <attribute name="line" value="258" />
                                            <attribute name="path" value="C:\data\SubsonicRoot\ss2\SubSonic.Tests\ActiveRecordTest.cs" />
                                          </attributes>
                                        </marker>
                                      </contents>
                                      <attributes />
                                    </marker>
                                  </contents>
                                  <attributes />
                                </marker>
                              </contents>
                            </section>
                          </contents>
                        </body>
                      </stream>
                    </streams>
                    <attachments />
                  </testLog>
                </testStepRun>
                <testStepRun startTime="2011-08-05T15:50:50.7118455+09:30" endTime="2011-08-05T15:50:50.7118455+09:30">
                  <testStep id="a42c892bb18714c0" name="GetNewCommand" fullName="SubSonic.Tests/ActiveRecordTest/GetNewCommand" testId="7d081ada19736f13" isPrimary="true" isTestCase="true" isDynamic="false">
                    <codeReference assembly="SubSonic.Tests, Version=2.2.1.0, Culture=neutral, PublicKeyToken=null" namespace="SubSonic.Tests" type="SubSonic.Tests.ActiveRecordTest" member="GetNewCommand" />
                    <codeLocation path="C:\data\SubsonicRoot\ss2\SubSonic.Tests\ActiveRecordTest.cs" line="132" />
                    <metadata>
                      <entry key="TestKind">
                        <value>Test</value>
                      </entry>
                    </metadata>
                  </testStep>
                  <children />
                  <result assertCount="3" duration="0.0139609">
                    <outcome status="passed" />
                  </result>
                  <testLog>
                    <streams />
                    <attachments />
                  </testLog>
                </testStepRun>
                <testStepRun startTime="2011-08-05T15:50:50.7118455+09:30" endTime="2011-08-05T15:50:50.7274705+09:30">
                  <testStep id="243106a86a09d588" name="GetNoChangesCommand" fullName="SubSonic.Tests/ActiveRecordTest/GetNoChangesCommand" testId="ab826f791528530e" isPrimary="true" isTestCase="true" isDynamic="false">
                    <codeReference assembly="SubSonic.Tests, Version=2.2.1.0, Culture=neutral, PublicKeyToken=null" namespace="SubSonic.Tests" type="SubSonic.Tests.ActiveRecordTest" member="GetNoChangesCommand" />
                    <codeLocation path="C:\data\SubsonicRoot\ss2\SubSonic.Tests\ActiveRecordTest.cs" line="161" />
                    <metadata>
                      <entry key="TestKind">
                        <value>Test</value>
                      </entry>
                    </metadata>
                  </testStep>
                  <children />
                  <result assertCount="3" duration="0.0426329">
                    <outcome status="passed" />
                  </result>
                  <testLog>
                    <streams />
                    <attachments />
                  </testLog>
                </testStepRun>
                <testStepRun startTime="2011-08-05T15:50:50.7274705+09:30" endTime="2011-08-05T15:50:50.7274705+09:30">
                  <testStep id="f75ce1111c1c1d6f" name="GetUpdateCommand" fullName="SubSonic.Tests/ActiveRecordTest/GetUpdateCommand" testId="417c38654e97c64e" isPrimary="true" isTestCase="true" isDynamic="false">
                    <codeReference assembly="SubSonic.Tests, Version=2.2.1.0, Culture=neutral, PublicKeyToken=null" namespace="SubSonic.Tests" type="SubSonic.Tests.ActiveRecordTest" member="GetUpdateCommand" />
                    <codeLocation path="C:\data\SubsonicRoot\ss2\SubSonic.Tests\ActiveRecordTest.cs" line="145" />
                    <metadata>
                      <entry key="TestKind">
                        <value>Test</value>
                      </entry>
                    </metadata>
                  </testStep>
                  <children />
                  <result assertCount="4" duration="0.02872">
                    <outcome status="passed" />
                  </result>
                  <testLog>
                    <streams />
                    <attachments />
                  </testLog>
                </testStepRun>
                <testStepRun startTime="2011-08-05T15:50:50.7274705+09:30" endTime="2011-08-05T15:50:50.8212205+09:30">
                  <testStep id="be64c3ca25677af3" name="Products_CollectionLoad" fullName="SubSonic.Tests/ActiveRecordTest/Products_CollectionLoad" testId="79f2d4a9b8bf6477" isPrimary="true" isTestCase="true" isDynamic="false">
                    <codeReference assembly="SubSonic.Tests, Version=2.2.1.0, Culture=neutral, PublicKeyToken=null" namespace="SubSonic.Tests" type="SubSonic.Tests.ActiveRecordTest" member="Products_CollectionLoad" />
                    <codeLocation path="C:\data\SubsonicRoot\ss2\SubSonic.Tests\ActiveRecordTest.cs" line="116" />
                    <metadata>
                      <entry key="TestKind">
                        <value>Test</value>
                      </entry>
                    </metadata>
                  </testStep>
                  <children />
                  <result assertCount="0" duration="0.019467099999999998">
                    <outcome status="failed" />
                  </result>
                  <testLog>
                    <streams>
                      <stream name="Failures">
                        <body>
                          <contents>
                            <section name="Execute">
                              <contents>
                                <marker class="Exception">
                                  <contents>
                                    <marker class="ExceptionType">
                                      <contents>
                                        <text><![CDATA[System.Data.SqlClient.SqlException]]></text>
                                      </contents>
                                      <attributes />
                                    </marker>
                                    <text><![CDATA[: ]]></text>
                                    <marker class="ExceptionMessage">
                                      <contents>
                                        <text><![CDATA[Incorrect syntax near the keyword 'ORDER'.]]></text>
                                      </contents>
                                      <attributes />
                                    </marker>
                                    <text><![CDATA[
]]></text>
                                    <marker class="ExceptionPropertyName">
                                      <contents>
                                        <text><![CDATA[Errors]]></text>
                                      </contents>
                                      <attributes />
                                    </marker>
                                    <text><![CDATA[: ]]></text>
                                    <marker class="ExceptionPropertyValue">
                                      <contents>
                                        <text><![CDATA[System.Data.SqlClient.SqlErrorCollection]]></text>
                                      </contents>
                                      <attributes />
                                    </marker>
                                    <text><![CDATA[
]]></text>
                                    <marker class="ExceptionPropertyName">
                                      <contents>
                                        <text><![CDATA[Class]]></text>
                                      </contents>
                                      <attributes />
                                    </marker>
                                    <text><![CDATA[: ]]></text>
                                    <marker class="ExceptionPropertyValue">
                                      <contents>
                                        <text><![CDATA[15]]></text>
                                      </contents>
                                      <attributes />
                                    </marker>
                                    <text><![CDATA[
]]></text>
                                    <marker class="ExceptionPropertyName">
                                      <contents>
                                        <text><![CDATA[LineNumber]]></text>
                                      </contents>
                                      <attributes />
                                    </marker>
                                    <text><![CDATA[: ]]></text>
                                    <marker class="ExceptionPropertyValue">
                                      <contents>
                                        <text><![CDATA[1]]></text>
                                      </contents>
                                      <attributes />
                                    </marker>
                                    <text><![CDATA[
]]></text>
                                    <marker class="ExceptionPropertyName">
                                      <contents>
                                        <text><![CDATA[Number]]></text>
                                      </contents>
                                      <attributes />
                                    </marker>
                                    <text><![CDATA[: ]]></text>
                                    <marker class="ExceptionPropertyValue">
                                      <contents>
                                        <text><![CDATA[156]]></text>
                                      </contents>
                                      <attributes />
                                    </marker>
                                    <text><![CDATA[
]]></text>
                                    <marker class="ExceptionPropertyName">
                                      <contents>
                                        <text><![CDATA[Procedure]]></text>
                                      </contents>
                                      <attributes />
                                    </marker>
                                    <text><![CDATA[: ]]></text>
                                    <marker class="ExceptionPropertyValue">
                                      <contents />
                                      <attributes />
                                    </marker>
                                    <text><![CDATA[
]]></text>
                                    <marker class="ExceptionPropertyName">
                                      <contents>
                                        <text><![CDATA[Server]]></text>
                                      </contents>
                                      <attributes />
                                    </marker>
                                    <text><![CDATA[: ]]></text>
                                    <marker class="ExceptionPropertyValue">
                                      <contents>
                                        <text><![CDATA[ANAXIMANDER\SQLEXPRESS]]></text>
                                      </contents>
                                      <attributes />
                                    </marker>
                                    <text><![CDATA[
]]></text>
                                    <marker class="ExceptionPropertyName">
                                      <contents>
                                        <text><![CDATA[State]]></text>
                                      </contents>
                                      <attributes />
                                    </marker>
                                    <text><![CDATA[: ]]></text>
                                    <marker class="ExceptionPropertyValue">
                                      <contents>
                                        <text><![CDATA[1]]></text>
                                      </contents>
                                      <attributes />
                                    </marker>
                                    <text><![CDATA[
]]></text>
                                    <marker class="ExceptionPropertyName">
                                      <contents>
                                        <text><![CDATA[ErrorCode]]></text>
                                      </contents>
                                      <attributes />
                                    </marker>
                                    <text><![CDATA[: ]]></text>
                                    <marker class="ExceptionPropertyValue">
                                      <contents>
                                        <text><![CDATA[-2146232060]]></text>
                                      </contents>
                                      <attributes />
                                    </marker>
                                    <text><![CDATA[
]]></text>
                                    <marker class="StackTrace">
                                      <contents>
                                        <text><![CDATA[   at System.Data.SqlClient.SqlConnection.OnError(SqlException exception, Boolean breakConnection)
   at System.Data.SqlClient.SqlInternalConnection.OnError(SqlException exception, Boolean breakConnection)
   at System.Data.SqlClient.TdsParser.ThrowExceptionAndWarning(TdsParserStateObject stateObj)
   at System.Data.SqlClient.TdsParser.Run(RunBehavior runBehavior, SqlCommand cmdHandler, SqlDataReader dataStream, BulkCopySimpleResultSet bulkCopyHandler, TdsParserStateObject stateObj)
   at System.Data.SqlClient.SqlDataReader.ConsumeMetaData()
   at System.Data.SqlClient.SqlDataReader.get_MetaData()
   at System.Data.SqlClient.SqlCommand.FinishExecuteReader(SqlDataReader ds, RunBehavior runBehavior, String resetOptionsString)
   at System.Data.SqlClient.SqlCommand.RunExecuteReaderTds(CommandBehavior cmdBehavior, RunBehavior runBehavior, Boolean returnStream, Boolean async)
   at System.Data.SqlClient.SqlCommand.RunExecuteReader(CommandBehavior cmdBehavior, RunBehavior runBehavior, Boolean returnStream, String method, DbAsyncResult result)
   at System.Data.SqlClient.SqlCommand.RunExecuteReader(CommandBehavior cmdBehavior, RunBehavior runBehavior, Boolean returnStream, String method)
   at System.Data.SqlClient.SqlCommand.ExecuteReader(CommandBehavior behavior, String method)
   at System.Data.SqlClient.SqlCommand.ExecuteReader(CommandBehavior behavior)
   at SubSonic.SqlDataProvider.GetReader(QueryCommand qry) in ]]></text>
                                        <marker class="CodeLocation">
                                          <contents>
                                            <text><![CDATA[C:\data\SubsonicRoot\ss2\SubSonic\DataProviders\SqlDataProvider.cs:line 384]]></text>
                                          </contents>
                                          <attributes>
                                            <attribute name="line" value="384" />
                                            <attribute name="path" value="C:\data\SubsonicRoot\ss2\SubSonic\DataProviders\SqlDataProvider.cs" />
                                          </attributes>
                                        </marker>
                                        <text><![CDATA[
   at SubSonic.DataService.GetReader(QueryCommand cmd) in ]]></text>
                                        <marker class="CodeLocation">
                                          <contents>
                                            <text><![CDATA[C:\data\SubsonicRoot\ss2\SubSonic\DataProviders\DataService.cs:line 506]]></text>
                                          </contents>
                                          <attributes>
                                            <attribute name="line" value="506" />
                                            <attribute name="path" value="C:\data\SubsonicRoot\ss2\SubSonic\DataProviders\DataService.cs" />
                                          </attributes>
                                        </marker>
                                        <text><![CDATA[
   at SubSonic.ReadOnlyRecord`1.FetchAll() in ]]></text>
                                        <marker class="CodeLocation">
                                          <contents>
                                            <text><![CDATA[C:\data\SubsonicRoot\ss2\SubSonic\ActiveRecord\ReadOnlyRecord.cs:line 217]]></text>
                                          </contents>
                                          <attributes>
                                            <attribute name="line" value="217" />
                                            <attribute name="path" value="C:\data\SubsonicRoot\ss2\SubSonic\ActiveRecord\ReadOnlyRecord.cs" />
                                          </attributes>
                                        </marker>
                                        <text><![CDATA[
   at SubSonic.Tests.ActiveRecordTest.Products_CollectionLoad() in ]]></text>
                                        <marker class="CodeLocation">
                                          <contents>
                                            <text><![CDATA[C:\data\SubsonicRoot\ss2\SubSonic.Tests\ActiveRecordTest.cs:line 118]]></text>
                                          </contents>
                                          <attributes>
                                            <attribute name="line" value="118" />
                                            <attribute name="path" value="C:\data\SubsonicRoot\ss2\SubSonic.Tests\ActiveRecordTest.cs" />
                                          </attributes>
                                        </marker>
                                      </contents>
                                      <attributes />
                                    </marker>
                                  </contents>
                                  <attributes />
                                </marker>
                              </contents>
                            </section>
                          </contents>
                        </body>
                      </stream>
                    </streams>
                    <attachments />
                  </testLog>
                </testStepRun>
                <testStepRun startTime="2011-08-05T15:50:50.8212205+09:30" endTime="2011-08-05T15:50:50.9305955+09:30">
                  <testStep id="a245c15a713e54ad" name="Products_Crud" fullName="SubSonic.Tests/ActiveRecordTest/Products_Crud" testId="9c01227d5c205df6" isPrimary="true" isTestCase="true" isDynamic="false">
                    <codeReference assembly="SubSonic.Tests, Version=2.2.1.0, Culture=neutral, PublicKeyToken=null" namespace="SubSonic.Tests" type="SubSonic.Tests.ActiveRecordTest" member="Products_Crud" />
                    <codeLocation path="C:\data\SubsonicRoot\ss2\SubSonic.Tests\ActiveRecordTest.cs" line="51" />
                    <metadata>
                      <entry key="TestKind">
                        <value>Test</value>
                      </entry>
                    </metadata>
                  </testStep>
                  <children />
                  <result assertCount="0" duration="0.0243823">
                    <outcome status="failed" />
                  </result>
                  <testLog>
                    <streams>
                      <stream name="Failures">
                        <body>
                          <contents>
                            <section name="Execute">
                              <contents>
                                <marker class="Exception">
                                  <contents>
                                    <marker class="ExceptionType">
                                      <contents>
                                        <text><![CDATA[System.Data.SqlClient.SqlException]]></text>
                                      </contents>
                                      <attributes />
                                    </marker>
                                    <text><![CDATA[: ]]></text>
                                    <marker class="ExceptionMessage">
                                      <contents>
                                        <text><![CDATA[Incorrect syntax near the keyword 'ORDER'.]]></text>
                                      </contents>
                                      <attributes />
                                    </marker>
                                    <text><![CDATA[
]]></text>
                                    <marker class="ExceptionPropertyName">
                                      <contents>
                                        <text><![CDATA[Errors]]></text>
                                      </contents>
                                      <attributes />
                                    </marker>
                                    <text><![CDATA[: ]]></text>
                                    <marker class="ExceptionPropertyValue">
                                      <contents>
                                        <text><![CDATA[System.Data.SqlClient.SqlErrorCollection]]></text>
                                      </contents>
                                      <attributes />
                                    </marker>
                                    <text><![CDATA[
]]></text>
                                    <marker class="ExceptionPropertyName">
                                      <contents>
                                        <text><![CDATA[Class]]></text>
                                      </contents>
                                      <attributes />
                                    </marker>
                                    <text><![CDATA[: ]]></text>
                                    <marker class="ExceptionPropertyValue">
                                      <contents>
                                        <text><![CDATA[15]]></text>
                                      </contents>
                                      <attributes />
                                    </marker>
                                    <text><![CDATA[
]]></text>
                                    <marker class="ExceptionPropertyName">
                                      <contents>
                                        <text><![CDATA[LineNumber]]></text>
                                      </contents>
                                      <attributes />
                                    </marker>
                                    <text><![CDATA[: ]]></text>
                                    <marker class="ExceptionPropertyValue">
                                      <contents>
                                        <text><![CDATA[1]]></text>
                                      </contents>
                                      <attributes />
                                    </marker>
                                    <text><![CDATA[
]]></text>
                                    <marker class="ExceptionPropertyName">
                                      <contents>
                                        <text><![CDATA[Number]]></text>
                                      </contents>
                                      <attributes />
                                    </marker>
                                    <text><![CDATA[: ]]></text>
                                    <marker class="ExceptionPropertyValue">
                                      <contents>
                                        <text><![CDATA[156]]></text>
                                      </contents>
                                      <attributes />
                                    </marker>
                                    <text><![CDATA[
]]></text>
                                    <marker class="ExceptionPropertyName">
                                      <contents>
                                        <text><![CDATA[Procedure]]></text>
                                      </contents>
                                      <attributes />
                                    </marker>
                                    <text><![CDATA[: ]]></text>
                                    <marker class="ExceptionPropertyValue">
                                      <contents />
                                      <attributes />
                                    </marker>
                                    <text><![CDATA[
]]></text>
                                    <marker class="ExceptionPropertyName">
                                      <contents>
                                        <text><![CDATA[Server]]></text>
                                      </contents>
                                      <attributes />
                                    </marker>
                                    <text><![CDATA[: ]]></text>
                                    <marker class="ExceptionPropertyValue">
                                      <contents>
                                        <text><![CDATA[ANAXIMANDER\SQLEXPRESS]]></text>
                                      </contents>
                                      <attributes />
                                    </marker>
                                    <text><![CDATA[
]]></text>
                                    <marker class="ExceptionPropertyName">
                                      <contents>
                                        <text><![CDATA[State]]></text>
                                      </contents>
                                      <attributes />
                                    </marker>
                                    <text><![CDATA[: ]]></text>
                                    <marker class="ExceptionPropertyValue">
                                      <contents>
                                        <text><![CDATA[1]]></text>
                                      </contents>
                                      <attributes />
                                    </marker>
                                    <text><![CDATA[
]]></text>
                                    <marker class="ExceptionPropertyName">
                                      <contents>
                                        <text><![CDATA[ErrorCode]]></text>
                                      </contents>
                                      <attributes />
                                    </marker>
                                    <text><![CDATA[: ]]></text>
                                    <marker class="ExceptionPropertyValue">
                                      <contents>
                                        <text><![CDATA[-2146232060]]></text>
                                      </contents>
                                      <attributes />
                                    </marker>
                                    <text><![CDATA[
]]></text>
                                    <marker class="StackTrace">
                                      <contents>
                                        <text><![CDATA[   at System.Data.SqlClient.SqlConnection.OnError(SqlException exception, Boolean breakConnection)
   at System.Data.SqlClient.SqlInternalConnection.OnError(SqlException exception, Boolean breakConnection)
   at System.Data.SqlClient.TdsParser.ThrowExceptionAndWarning(TdsParserStateObject stateObj)
   at System.Data.SqlClient.TdsParser.Run(RunBehavior runBehavior, SqlCommand cmdHandler, SqlDataReader dataStream, BulkCopySimpleResultSet bulkCopyHandler, TdsParserStateObject stateObj)
   at System.Data.SqlClient.SqlDataReader.ConsumeMetaData()
   at System.Data.SqlClient.SqlDataReader.get_MetaData()
   at System.Data.SqlClient.SqlCommand.FinishExecuteReader(SqlDataReader ds, RunBehavior runBehavior, String resetOptionsString)
   at System.Data.SqlClient.SqlCommand.RunExecuteReaderTds(CommandBehavior cmdBehavior, RunBehavior runBehavior, Boolean returnStream, Boolean async)
   at System.Data.SqlClient.SqlCommand.RunExecuteReader(CommandBehavior cmdBehavior, RunBehavior runBehavior, Boolean returnStream, String method, DbAsyncResult result)
   at System.Data.SqlClient.SqlCommand.RunExecuteReader(CommandBehavior cmdBehavior, RunBehavior runBehavior, Boolean returnStream, String method)
   at System.Data.SqlClient.SqlCommand.ExecuteReader(CommandBehavior behavior, String method)
   at System.Data.SqlClient.SqlCommand.ExecuteReader(CommandBehavior behavior)
   at SubSonic.SqlDataProvider.GetReader(QueryCommand qry) in ]]></text>
                                        <marker class="CodeLocation">
                                          <contents>
                                            <text><![CDATA[C:\data\SubsonicRoot\ss2\SubSonic\DataProviders\SqlDataProvider.cs:line 384]]></text>
                                          </contents>
                                          <attributes>
                                            <attribute name="line" value="384" />
                                            <attribute name="path" value="C:\data\SubsonicRoot\ss2\SubSonic\DataProviders\SqlDataProvider.cs" />
                                          </attributes>
                                        </marker>
                                        <text><![CDATA[
   at SubSonic.DataService.GetReader(QueryCommand cmd) in ]]></text>
                                        <marker class="CodeLocation">
                                          <contents>
                                            <text><![CDATA[C:\data\SubsonicRoot\ss2\SubSonic\DataProviders\DataService.cs:line 506]]></text>
                                          </contents>
                                          <attributes>
                                            <attribute name="line" value="506" />
                                            <attribute name="path" value="C:\data\SubsonicRoot\ss2\SubSonic\DataProviders\DataService.cs" />
                                          </attributes>
                                        </marker>
                                        <text><![CDATA[
   at SubSonic.Query.ExecuteReader() in ]]></text>
                                        <marker class="CodeLocation">
                                          <contents>
                                            <text><![CDATA[C:\data\SubsonicRoot\ss2\SubSonic\Sql Tools\Query.cs:line 1814]]></text>
                                          </contents>
                                          <attributes>
                                            <attribute name="line" value="1814" />
                                            <attribute name="path" value="C:\data\SubsonicRoot\ss2\SubSonic\Sql Tools\Query.cs" />
                                          </attributes>
                                        </marker>
                                        <text><![CDATA[
   at SubSonic.ReadOnlyRecord`1.LoadByKey(Object keyID) in ]]></text>
                                        <marker class="CodeLocation">
                                          <contents>
                                            <text><![CDATA[C:\data\SubsonicRoot\ss2\SubSonic\ActiveRecord\ReadOnlyRecord.cs:line 72]]></text>
                                          </contents>
                                          <attributes>
                                            <attribute name="line" value="72" />
                                            <attribute name="path" value="C:\data\SubsonicRoot\ss2\SubSonic\ActiveRecord\ReadOnlyRecord.cs" />
                                          </attributes>
                                        </marker>
                                        <text><![CDATA[
   at Northwind.Product..ctor(Object keyID) in ]]></text>
                                        <marker class="CodeLocation">
                                          <contents>
                                            <text><![CDATA[C:\data\SubsonicRoot\ss2\SubSonic.Tests\Generated\Northwind\Product.cs:line 93]]></text>
                                          </contents>
                                          <attributes>
                                            <attribute name="line" value="93" />
                                            <attribute name="path" value="C:\data\SubsonicRoot\ss2\SubSonic.Tests\Generated\Northwind\Product.cs" />
                                          </attributes>
                                        </marker>
                                        <text><![CDATA[
   at SubSonic.Tests.ActiveRecordTest.Products_Crud() in ]]></text>
                                        <marker class="CodeLocation">
                                          <contents>
                                            <text><![CDATA[C:\data\SubsonicRoot\ss2\SubSonic.Tests\ActiveRecordTest.cs:line 59]]></text>
                                          </contents>
                                          <attributes>
                                            <attribute name="line" value="59" />
                                            <attribute name="path" value="C:\data\SubsonicRoot\ss2\SubSonic.Tests\ActiveRecordTest.cs" />
                                          </attributes>
                                        </marker>
                                      </contents>
                                      <attributes />
                                    </marker>
                                  </contents>
                                  <attributes />
                                </marker>
                              </contents>
                            </section>
                          </contents>
                        </body>
                      </stream>
                    </streams>
                    <attachments />
                  </testLog>
                </testStepRun>
                <testStepRun startTime="2011-08-05T15:50:50.9462205+09:30" endTime="2011-08-05T15:50:51.0712205+09:30">
                  <testStep id="be15e10ad50e2fc1" name="Products_NullCrud" fullName="SubSonic.Tests/ActiveRecordTest/Products_NullCrud" testId="bc00b0d557b094a9" isPrimary="true" isTestCase="true" isDynamic="false">
                    <codeReference assembly="SubSonic.Tests, Version=2.2.1.0, Culture=neutral, PublicKeyToken=null" namespace="SubSonic.Tests" type="SubSonic.Tests.ActiveRecordTest" member="Products_NullCrud" />
                    <codeLocation path="C:\data\SubsonicRoot\ss2\SubSonic.Tests\ActiveRecordTest.cs" line="74" />
                    <metadata>
                      <entry key="TestKind">
                        <value>Test</value>
                      </entry>
                    </metadata>
                  </testStep>
                  <children />
                  <result assertCount="0" duration="0.027274">
                    <outcome status="failed" />
                  </result>
                  <testLog>
                    <streams>
                      <stream name="Failures">
                        <body>
                          <contents>
                            <section name="Execute">
                              <contents>
                                <marker class="Exception">
                                  <contents>
                                    <marker class="ExceptionType">
                                      <contents>
                                        <text><![CDATA[System.Data.SqlClient.SqlException]]></text>
                                      </contents>
                                      <attributes />
                                    </marker>
                                    <text><![CDATA[: ]]></text>
                                    <marker class="ExceptionMessage">
                                      <contents>
                                        <text><![CDATA[Incorrect syntax near the keyword 'ORDER'.]]></text>
                                      </contents>
                                      <attributes />
                                    </marker>
                                    <text><![CDATA[
]]></text>
                                    <marker class="ExceptionPropertyName">
                                      <contents>
                                        <text><![CDATA[Errors]]></text>
                                      </contents>
                                      <attributes />
                                    </marker>
                                    <text><![CDATA[: ]]></text>
                                    <marker class="ExceptionPropertyValue">
                                      <contents>
                                        <text><![CDATA[System.Data.SqlClient.SqlErrorCollection]]></text>
                                      </contents>
                                      <attributes />
                                    </marker>
                                    <text><![CDATA[
]]></text>
                                    <marker class="ExceptionPropertyName">
                                      <contents>
                                        <text><![CDATA[Class]]></text>
                                      </contents>
                                      <attributes />
                                    </marker>
                                    <text><![CDATA[: ]]></text>
                                    <marker class="ExceptionPropertyValue">
                                      <contents>
                                        <text><![CDATA[15]]></text>
                                      </contents>
                                      <attributes />
                                    </marker>
                                    <text><![CDATA[
]]></text>
                                    <marker class="ExceptionPropertyName">
                                      <contents>
                                        <text><![CDATA[LineNumber]]></text>
                                      </contents>
                                      <attributes />
                                    </marker>
                                    <text><![CDATA[: ]]></text>
                                    <marker class="ExceptionPropertyValue">
                                      <contents>
                                        <text><![CDATA[1]]></text>
                                      </contents>
                                      <attributes />
                                    </marker>
                                    <text><![CDATA[
]]></text>
                                    <marker class="ExceptionPropertyName">
                                      <contents>
                                        <text><![CDATA[Number]]></text>
                                      </contents>
                                      <attributes />
                                    </marker>
                                    <text><![CDATA[: ]]></text>
                                    <marker class="ExceptionPropertyValue">
                                      <contents>
                                        <text><![CDATA[156]]></text>
                                      </contents>
                                      <attributes />
                                    </marker>
                                    <text><![CDATA[
]]></text>
                                    <marker class="ExceptionPropertyName">
                                      <contents>
                                        <text><![CDATA[Procedure]]></text>
                                      </contents>
                                      <attributes />
                                    </marker>
                                    <text><![CDATA[: ]]></text>
                                    <marker class="ExceptionPropertyValue">
                                      <contents />
                                      <attributes />
                                    </marker>
                                    <text><![CDATA[
]]></text>
                                    <marker class="ExceptionPropertyName">
                                      <contents>
                                        <text><![CDATA[Server]]></text>
                                      </contents>
                                      <attributes />
                                    </marker>
                                    <text><![CDATA[: ]]></text>
                                    <marker class="ExceptionPropertyValue">
                                      <contents>
                                        <text><![CDATA[ANAXIMANDER\SQLEXPRESS]]></text>
                                      </contents>
                                      <attributes />
                                    </marker>
                                    <text><![CDATA[
]]></text>
                                    <marker class="ExceptionPropertyName">
                                      <contents>
                                        <text><![CDATA[State]]></text>
                                      </contents>
                                      <attributes />
                                    </marker>
                                    <text><![CDATA[: ]]></text>
                                    <marker class="ExceptionPropertyValue">
                                      <contents>
                                        <text><![CDATA[1]]></text>
                                      </contents>
                                      <attributes />
                                    </marker>
                                    <text><![CDATA[
]]></text>
                                    <marker class="ExceptionPropertyName">
                                      <contents>
                                        <text><![CDATA[ErrorCode]]></text>
                                      </contents>
                                      <attributes />
                                    </marker>
                                    <text><![CDATA[: ]]></text>
                                    <marker class="ExceptionPropertyValue">
                                      <contents>
                                        <text><![CDATA[-2146232060]]></text>
                                      </contents>
                                      <attributes />
                                    </marker>
                                    <text><![CDATA[
]]></text>
                                    <marker class="StackTrace">
                                      <contents>
                                        <text><![CDATA[   at System.Data.SqlClient.SqlConnection.OnError(SqlException exception, Boolean breakConnection)
   at System.Data.SqlClient.SqlInternalConnection.OnError(SqlException exception, Boolean breakConnection)
   at System.Data.SqlClient.TdsParser.ThrowExceptionAndWarning(TdsParserStateObject stateObj)
   at System.Data.SqlClient.TdsParser.Run(RunBehavior runBehavior, SqlCommand cmdHandler, SqlDataReader dataStream, BulkCopySimpleResultSet bulkCopyHandler, TdsParserStateObject stateObj)
   at System.Data.SqlClient.SqlDataReader.ConsumeMetaData()
   at System.Data.SqlClient.SqlDataReader.get_MetaData()
   at System.Data.SqlClient.SqlCommand.FinishExecuteReader(SqlDataReader ds, RunBehavior runBehavior, String resetOptionsString)
   at System.Data.SqlClient.SqlCommand.RunExecuteReaderTds(CommandBehavior cmdBehavior, RunBehavior runBehavior, Boolean returnStream, Boolean async)
   at System.Data.SqlClient.SqlCommand.RunExecuteReader(CommandBehavior cmdBehavior, RunBehavior runBehavior, Boolean returnStream, String method, DbAsyncResult result)
   at System.Data.SqlClient.SqlCommand.RunExecuteReader(CommandBehavior cmdBehavior, RunBehavior runBehavior, Boolean returnStream, String method)
   at System.Data.SqlClient.SqlCommand.ExecuteReader(CommandBehavior behavior, String method)
   at System.Data.SqlClient.SqlCommand.ExecuteReader(CommandBehavior behavior)
   at SubSonic.SqlDataProvider.GetReader(QueryCommand qry) in ]]></text>
                                        <marker class="CodeLocation">
                                          <contents>
                                            <text><![CDATA[C:\data\SubsonicRoot\ss2\SubSonic\DataProviders\SqlDataProvider.cs:line 384]]></text>
                                          </contents>
                                          <attributes>
                                            <attribute name="line" value="384" />
                                            <attribute name="path" value="C:\data\SubsonicRoot\ss2\SubSonic\DataProviders\SqlDataProvider.cs" />
                                          </attributes>
                                        </marker>
                                        <text><![CDATA[
   at SubSonic.DataService.GetReader(QueryCommand cmd) in ]]></text>
                                        <marker class="CodeLocation">
                                          <contents>
                                            <text><![CDATA[C:\data\SubsonicRoot\ss2\SubSonic\DataProviders\DataService.cs:line 506]]></text>
                                          </contents>
                                          <attributes>
                                            <attribute name="line" value="506" />
                                            <attribute name="path" value="C:\data\SubsonicRoot\ss2\SubSonic\DataProviders\DataService.cs" />
                                          </attributes>
                                        </marker>
                                        <text><![CDATA[
   at SubSonic.Query.ExecuteReader() in ]]></text>
                                        <marker class="CodeLocation">
                                          <contents>
                                            <text><![CDATA[C:\data\SubsonicRoot\ss2\SubSonic\Sql Tools\Query.cs:line 1814]]></text>
                                          </contents>
                                          <attributes>
                                            <attribute name="line" value="1814" />
                                            <attribute name="path" value="C:\data\SubsonicRoot\ss2\SubSonic\Sql Tools\Query.cs" />
                                          </attributes>
                                        </marker>
                                        <text><![CDATA[
   at SubSonic.ReadOnlyRecord`1.LoadByKey(Object keyID) in ]]></text>
                                        <marker class="CodeLocation">
                                          <contents>
                                            <text><![CDATA[C:\data\SubsonicRoot\ss2\SubSonic\ActiveRecord\ReadOnlyRecord.cs:line 72]]></text>
                                          </contents>
                                          <attributes>
                                            <attribute name="line" value="72" />
                                            <attribute name="path" value="C:\data\SubsonicRoot\ss2\SubSonic\ActiveRecord\ReadOnlyRecord.cs" />
                                          </attributes>
                                        </marker>
                                        <text><![CDATA[
   at Northwind.Product..ctor(Object keyID) in ]]></text>
                                        <marker class="CodeLocation">
                                          <contents>
                                            <text><![CDATA[C:\data\SubsonicRoot\ss2\SubSonic.Tests\Generated\Northwind\Product.cs:line 93]]></text>
                                          </contents>
                                          <attributes>
                                            <attribute name="line" value="93" />
                                            <attribute name="path" value="C:\data\SubsonicRoot\ss2\SubSonic.Tests\Generated\Northwind\Product.cs" />
                                          </attributes>
                                        </marker>
                                        <text><![CDATA[
   at SubSonic.Tests.ActiveRecordTest.Products_NullCrud() in ]]></text>
                                        <marker class="CodeLocation">
                                          <contents>
                                            <text><![CDATA[C:\data\SubsonicRoot\ss2\SubSonic.Tests\ActiveRecordTest.cs:line 92]]></text>
                                          </contents>
                                          <attributes>
                                            <attribute name="line" value="92" />
                                            <attribute name="path" value="C:\data\SubsonicRoot\ss2\SubSonic.Tests\ActiveRecordTest.cs" />
                                          </attributes>
                                        </marker>
                                      </contents>
                                      <attributes />
                                    </marker>
                                  </contents>
                                  <attributes />
                                </marker>
                              </contents>
                            </section>
                          </contents>
                        </body>
                      </stream>
                    </streams>
                    <attachments />
                  </testLog>
                </testStepRun>
                <testStepRun startTime="2011-08-05T15:50:51.0712205+09:30" endTime="2011-08-05T15:50:51.2118455+09:30">
                  <testStep id="c596c64f6f8b359a" name="SaveWhenNotDirty" fullName="SubSonic.Tests/ActiveRecordTest/SaveWhenNotDirty" testId="69b78c9817173632" isPrimary="true" isTestCase="true" isDynamic="false">
                    <codeReference assembly="SubSonic.Tests, Version=2.2.1.0, Culture=neutral, PublicKeyToken=null" namespace="SubSonic.Tests" type="SubSonic.Tests.ActiveRecordTest" member="SaveWhenNotDirty" />
                    <codeLocation path="C:\data\SubsonicRoot\ss2\SubSonic.Tests\ActiveRecordTest.cs" line="176" />
                    <metadata>
                      <entry key="TestKind">
                        <value>Test</value>
                      </entry>
                    </metadata>
                  </testStep>
                  <children />
                  <result assertCount="1" duration="0.028258199999999997">
                    <outcome status="failed" />
                  </result>
                  <testLog>
                    <streams>
                      <stream name="Failures">
                        <body>
                          <contents>
                            <section name="Execute">
                              <contents>
                                <marker class="Exception">
                                  <contents>
                                    <marker class="ExceptionType">
                                      <contents>
                                        <text><![CDATA[System.Data.SqlClient.SqlException]]></text>
                                      </contents>
                                      <attributes />
                                    </marker>
                                    <text><![CDATA[: ]]></text>
                                    <marker class="ExceptionMessage">
                                      <contents>
                                        <text><![CDATA[Incorrect syntax near the keyword 'ORDER'.]]></text>
                                      </contents>
                                      <attributes />
                                    </marker>
                                    <text><![CDATA[
]]></text>
                                    <marker class="ExceptionPropertyName">
                                      <contents>
                                        <text><![CDATA[Errors]]></text>
                                      </contents>
                                      <attributes />
                                    </marker>
                                    <text><![CDATA[: ]]></text>
                                    <marker class="ExceptionPropertyValue">
                                      <contents>
                                        <text><![CDATA[System.Data.SqlClient.SqlErrorCollection]]></text>
                                      </contents>
                                      <attributes />
                                    </marker>
                                    <text><![CDATA[
]]></text>
                                    <marker class="ExceptionPropertyName">
                                      <contents>
                                        <text><![CDATA[Class]]></text>
                                      </contents>
                                      <attributes />
                                    </marker>
                                    <text><![CDATA[: ]]></text>
                                    <marker class="ExceptionPropertyValue">
                                      <contents>
                                        <text><![CDATA[15]]></text>
                                      </contents>
                                      <attributes />
                                    </marker>
                                    <text><![CDATA[
]]></text>
                                    <marker class="ExceptionPropertyName">
                                      <contents>
                                        <text><![CDATA[LineNumber]]></text>
                                      </contents>
                                      <attributes />
                                    </marker>
                                    <text><![CDATA[: ]]></text>
                                    <marker class="ExceptionPropertyValue">
                                      <contents>
                                        <text><![CDATA[1]]></text>
                                      </contents>
                                      <attributes />
                                    </marker>
                                    <text><![CDATA[
]]></text>
                                    <marker class="ExceptionPropertyName">
                                      <contents>
                                        <text><![CDATA[Number]]></text>
                                      </contents>
                                      <attributes />
                                    </marker>
                                    <text><![CDATA[: ]]></text>
                                    <marker class="ExceptionPropertyValue">
                                      <contents>
                                        <text><![CDATA[156]]></text>
                                      </contents>
                                      <attributes />
                                    </marker>
                                    <text><![CDATA[
]]></text>
                                    <marker class="ExceptionPropertyName">
                                      <contents>
                                        <text><![CDATA[Procedure]]></text>
                                      </contents>
                                      <attributes />
                                    </marker>
                                    <text><![CDATA[: ]]></text>
                                    <marker class="ExceptionPropertyValue">
                                      <contents />
                                      <attributes />
                                    </marker>
                                    <text><![CDATA[
]]></text>
                                    <marker class="ExceptionPropertyName">
                                      <contents>
                                        <text><![CDATA[Server]]></text>
                                      </contents>
                                      <attributes />
                                    </marker>
                                    <text><![CDATA[: ]]></text>
                                    <marker class="ExceptionPropertyValue">
                                      <contents>
                                        <text><![CDATA[ANAXIMANDER\SQLEXPRESS]]></text>
                                      </contents>
                                      <attributes />
                                    </marker>
                                    <text><![CDATA[
]]></text>
                                    <marker class="ExceptionPropertyName">
                                      <contents>
                                        <text><![CDATA[State]]></text>
                                      </contents>
                                      <attributes />
                                    </marker>
                                    <text><![CDATA[: ]]></text>
                                    <marker class="ExceptionPropertyValue">
                                      <contents>
                                        <text><![CDATA[1]]></text>
                                      </contents>
                                      <attributes />
                                    </marker>
                                    <text><![CDATA[
]]></text>
                                    <marker class="ExceptionPropertyName">
                                      <contents>
                                        <text><![CDATA[ErrorCode]]></text>
                                      </contents>
                                      <attributes />
                                    </marker>
                                    <text><![CDATA[: ]]></text>
                                    <marker class="ExceptionPropertyValue">
                                      <contents>
                                        <text><![CDATA[-2146232060]]></text>
                                      </contents>
                                      <attributes />
                                    </marker>
                                    <text><![CDATA[
]]></text>
                                    <marker class="StackTrace">
                                      <contents>
                                        <text><![CDATA[   at System.Data.SqlClient.SqlConnection.OnError(SqlException exception, Boolean breakConnection)
   at System.Data.SqlClient.SqlInternalConnection.OnError(SqlException exception, Boolean breakConnection)
   at System.Data.SqlClient.TdsParser.ThrowExceptionAndWarning(TdsParserStateObject stateObj)
   at System.Data.SqlClient.TdsParser.Run(RunBehavior runBehavior, SqlCommand cmdHandler, SqlDataReader dataStream, BulkCopySimpleResultSet bulkCopyHandler, TdsParserStateObject stateObj)
   at System.Data.SqlClient.SqlDataReader.ConsumeMetaData()
   at System.Data.SqlClient.SqlDataReader.get_MetaData()
   at System.Data.SqlClient.SqlCommand.FinishExecuteReader(SqlDataReader ds, RunBehavior runBehavior, String resetOptionsString)
   at System.Data.SqlClient.SqlCommand.RunExecuteReaderTds(CommandBehavior cmdBehavior, RunBehavior runBehavior, Boolean returnStream, Boolean async)
   at System.Data.SqlClient.SqlCommand.RunExecuteReader(CommandBehavior cmdBehavior, RunBehavior runBehavior, Boolean returnStream, String method, DbAsyncResult result)
   at System.Data.SqlClient.SqlCommand.RunExecuteReader(CommandBehavior cmdBehavior, RunBehavior runBehavior, Boolean returnStream, String method)
   at System.Data.SqlClient.SqlCommand.ExecuteReader(CommandBehavior behavior, String method)
   at System.Data.SqlClient.SqlCommand.ExecuteReader(CommandBehavior behavior)
   at SubSonic.SqlDataProvider.GetReader(QueryCommand qry) in ]]></text>
                                        <marker class="CodeLocation">
                                          <contents>
                                            <text><![CDATA[C:\data\SubsonicRoot\ss2\SubSonic\DataProviders\SqlDataProvider.cs:line 384]]></text>
                                          </contents>
                                          <attributes>
                                            <attribute name="line" value="384" />
                                            <attribute name="path" value="C:\data\SubsonicRoot\ss2\SubSonic\DataProviders\SqlDataProvider.cs" />
                                          </attributes>
                                        </marker>
                                        <text><![CDATA[
   at SubSonic.DataService.GetReader(QueryCommand cmd) in ]]></text>
                                        <marker class="CodeLocation">
                                          <contents>
                                            <text><![CDATA[C:\data\SubsonicRoot\ss2\SubSonic\DataProviders\DataService.cs:line 506]]></text>
                                          </contents>
                                          <attributes>
                                            <attribute name="line" value="506" />
                                            <attribute name="path" value="C:\data\SubsonicRoot\ss2\SubSonic\DataProviders\DataService.cs" />
                                          </attributes>
                                        </marker>
                                        <text><![CDATA[
   at SubSonic.Query.ExecuteReader() in ]]></text>
                                        <marker class="CodeLocation">
                                          <contents>
                                            <text><![CDATA[C:\data\SubsonicRoot\ss2\SubSonic\Sql Tools\Query.cs:line 1814]]></text>
                                          </contents>
                                          <attributes>
                                            <attribute name="line" value="1814" />
                                            <attribute name="path" value="C:\data\SubsonicRoot\ss2\SubSonic\Sql Tools\Query.cs" />
                                          </attributes>
                                        </marker>
                                        <text><![CDATA[
   at SubSonic.ReadOnlyRecord`1.LoadByKey(Object keyID) in ]]></text>
                                        <marker class="CodeLocation">
                                          <contents>
                                            <text><![CDATA[C:\data\SubsonicRoot\ss2\SubSonic\ActiveRecord\ReadOnlyRecord.cs:line 72]]></text>
                                          </contents>
                                          <attributes>
                                            <attribute name="line" value="72" />
                                            <attribute name="path" value="C:\data\SubsonicRoot\ss2\SubSonic\ActiveRecord\ReadOnlyRecord.cs" />
                                          </attributes>
                                        </marker>
                                        <text><![CDATA[
   at Northwind.Product..ctor(Object keyID) in ]]></text>
                                        <marker class="CodeLocation">
                                          <contents>
                                            <text><![CDATA[C:\data\SubsonicRoot\ss2\SubSonic.Tests\Generated\Northwind\Product.cs:line 93]]></text>
                                          </contents>
                                          <attributes>
                                            <attribute name="line" value="93" />
                                            <attribute name="path" value="C:\data\SubsonicRoot\ss2\SubSonic.Tests\Generated\Northwind\Product.cs" />
                                          </attributes>
                                        </marker>
                                        <text><![CDATA[
   at SubSonic.Tests.ActiveRecordTest.SaveWhenNotDirty() in ]]></text>
                                        <marker class="CodeLocation">
                                          <contents>
                                            <text><![CDATA[C:\data\SubsonicRoot\ss2\SubSonic.Tests\ActiveRecordTest.cs:line 188]]></text>
                                          </contents>
                                          <attributes>
                                            <attribute name="line" value="188" />
                                            <attribute name="path" value="C:\data\SubsonicRoot\ss2\SubSonic.Tests\ActiveRecordTest.cs" />
                                          </attributes>
                                        </marker>
                                      </contents>
                                      <attributes />
                                    </marker>
                                  </contents>
                                  <attributes />
                                </marker>
                              </contents>
                            </section>
                          </contents>
                        </body>
                      </stream>
                    </streams>
                    <attachments />
                  </testLog>
                </testStepRun>
              </children>
              <result assertCount="11" duration="0.28289939999999997">
                <outcome status="failed" />
              </result>
              <testLog>
                <streams />
                <attachments />
              </testLog>
            </testStepRun>
            <testStepRun startTime="2011-08-05T15:50:51.2118455+09:30" endTime="2011-08-05T15:50:51.4149705+09:30">
              <testStep id="6a8620ca558a95dd" name="AggregateTests" fullName="SubSonic.Tests/AggregateTests" testId="7b08553eef1fbce5" isPrimary="true" isTestCase="false" isDynamic="false">
                <codeReference assembly="SubSonic.Tests, Version=2.2.1.0, Culture=neutral, PublicKeyToken=null" namespace="SubSonic.Tests.SqlQuery" type="SubSonic.Tests.SqlQuery.AggregateTests" />
                <codeLocation path="C:\data\SubsonicRoot\ss2\SubSonic.Tests\SqlQuery\AggregateTests.cs" />
                <metadata>
                  <entry key="TestKind">
                    <value>Fixture</value>
                  </entry>
                </metadata>
              </testStep>
              <children>
                <testStepRun startTime="2011-08-05T15:50:51.2274705+09:30" endTime="2011-08-05T15:50:51.2899705+09:30">
                  <testStep id="b6010345c3158b76" name="Exec_AggregateAvg" fullName="SubSonic.Tests/AggregateTests/Exec_AggregateAvg" testId="87181fd2e72dc1a" isPrimary="true" isTestCase="true" isDynamic="false">
                    <codeReference assembly="SubSonic.Tests, Version=2.2.1.0, Culture=neutral, PublicKeyToken=null" namespace="SubSonic.Tests.SqlQuery" type="SubSonic.Tests.SqlQuery.AggregateTests" member="Exec_AggregateAvg" />
                    <codeLocation path="C:\data\SubsonicRoot\ss2\SubSonic.Tests\SqlQuery\AggregateTests.cs" line="38" />
                    <metadata>
                      <entry key="TestKind">
                        <value>Test</value>
                      </entry>
                    </metadata>
                  </testStep>
                  <children />
                  <result assertCount="1" duration="0.14416869999999998">
                    <outcome status="failed" />
                  </result>
                  <testLog>
                    <streams>
                      <stream name="Failures">
                        <body>
                          <contents>
                            <marker class="AssertionFailure">
                              <contents>
                                <section name="Expected values to be equal.">
                                  <contents>
                                    <text><![CDATA[
]]></text>
                                    <marker class="Monospace">
                                      <contents>
                                        <marker class="Label">
                                          <contents>
                                            <text><![CDATA[Expected Value : ]]></text>
                                          </contents>
                                          <attributes />
                                        </marker>
                                        <text><![CDATA[5]]></text>
                                        <marker class="DiffChange">
                                          <contents>
                                            <text><![CDATA[5.5922]]></text>
                                          </contents>
                                          <attributes />
                                        </marker>
                                        <text><![CDATA[
]]></text>
                                        <marker class="Label">
                                          <contents>
                                            <text><![CDATA[Actual Value   : ]]></text>
                                          </contents>
                                          <attributes />
                                        </marker>
                                        <text><![CDATA[5]]></text>
                                        <marker class="DiffChange">
                                          <contents>
                                            <text><![CDATA[6.2415]]></text>
                                          </contents>
                                          <attributes />
                                        </marker>
                                        <text><![CDATA[
]]></text>
                                      </contents>
                                      <attributes />
                                    </marker>
                                    <text><![CDATA[
]]></text>
                                    <marker class="StackTrace">
                                      <contents>
                                        <text><![CDATA[   at SubSonic.Tests.SqlQuery.AggregateTests.Exec_AggregateAvg() in ]]></text>
                                        <marker class="CodeLocation">
                                          <contents>
                                            <text><![CDATA[C:\data\SubsonicRoot\ss2\SubSonic.Tests\SqlQuery\AggregateTests.cs:line 46]]></text>
                                          </contents>
                                          <attributes>
                                            <attribute name="line" value="46" />
                                            <attribute name="path" value="C:\data\SubsonicRoot\ss2\SubSonic.Tests\SqlQuery\AggregateTests.cs" />
                                          </attributes>
                                        </marker>
                                      </contents>
                                      <attributes />
                                    </marker>
                                    <text><![CDATA[
]]></text>
                                  </contents>
                                </section>
                              </contents>
                              <attributes />
                            </marker>
                          </contents>
                        </body>
                      </stream>
                    </streams>
                    <attachments />
                  </testLog>
                </testStepRun>
                <testStepRun startTime="2011-08-05T15:50:51.2899705+09:30" endTime="2011-08-05T15:50:51.3055955+09:30">
                  <testStep id="43a881f0e07b0840" name="Exec_AggregateExpression" fullName="SubSonic.Tests/AggregateTests/Exec_AggregateExpression" testId="64b9671d42ac6226" isPrimary="true" isTestCase="true" isDynamic="false">
                    <codeReference assembly="SubSonic.Tests, Version=2.2.1.0, Culture=neutral, PublicKeyToken=null" namespace="SubSonic.Tests.SqlQuery" type="SubSonic.Tests.SqlQuery.AggregateTests" member="Exec_AggregateExpression" />
                    <codeLocation path="C:\data\SubsonicRoot\ss2\SubSonic.Tests\SqlQuery\AggregateTests.cs" line="26" />
                    <metadata>
                      <entry key="TestKind">
                        <value>Test</value>
                      </entry>
                    </metadata>
                  </testStep>
                  <children />
                  <result assertCount="1" duration="0.050979899999999995">
                    <outcome status="passed" />
                  </result>
                  <testLog>
                    <streams />
                    <attachments />
                  </testLog>
                </testStepRun>
                <testStepRun startTime="2011-08-05T15:50:51.3055955+09:30" endTime="2011-08-05T15:50:51.3055955+09:30">
                  <testStep id="dd539cab7dc77379" name="Exec_AggregateMax" fullName="SubSonic.Tests/AggregateTests/Exec_AggregateMax" testId="8afea2ace33d2bc5" isPrimary="true" isTestCase="true" isDynamic="false">
                    <codeReference assembly="SubSonic.Tests, Version=2.2.1.0, Culture=neutral, PublicKeyToken=null" namespace="SubSonic.Tests.SqlQuery" type="SubSonic.Tests.SqlQuery.AggregateTests" member="Exec_AggregateMax" />
                    <codeLocation path="C:\data\SubsonicRoot\ss2\SubSonic.Tests\SqlQuery\AggregateTests.cs" line="72" />
                    <metadata>
                      <entry key="TestKind">
                        <value>Test</value>
                      </entry>
                    </metadata>
                  </testStep>
                  <children />
                  <result assertCount="4" duration="0.0318953">
                    <outcome status="passed" />
                  </result>
                  <testLog>
                    <streams />
                    <attachments />
                  </testLog>
                </testStepRun>
                <testStepRun startTime="2011-08-05T15:50:51.3055955+09:30" endTime="2011-08-05T15:50:51.3212205+09:30">
                  <testStep id="3111d44ad1398edd" name="Exec_AggregateMin" fullName="SubSonic.Tests/AggregateTests/Exec_AggregateMin" testId="fe177be2cb358e99" isPrimary="true" isTestCase="true" isDynamic="false">
                    <codeReference assembly="SubSonic.Tests, Version=2.2.1.0, Culture=neutral, PublicKeyToken=null" namespace="SubSonic.Tests.SqlQuery" type="SubSonic.Tests.SqlQuery.AggregateTests" member="Exec_AggregateMin" />
                    <codeLocation path="C:\data\SubsonicRoot\ss2\SubSonic.Tests\SqlQuery\AggregateTests.cs" line="106" />
                    <metadata>
                      <entry key="TestKind">
                        <value>Test</value>
                      </entry>
                    </metadata>
                  </testStep>
                  <children />
                  <result assertCount="4" duration="0.026842599999999998">
                    <outcome status="passed" />
                  </result>
                  <testLog>
                    <streams />
                    <attachments />
                  </testLog>
                </testStepRun>
                <testStepRun startTime="2011-08-05T15:50:51.3212205+09:30" endTime="2011-08-05T15:50:51.3680955+09:30">
                  <testStep id="114fba53509ac648" name="Exec_AggregateStandardDeviation" fullName="SubSonic.Tests/AggregateTests/Exec_AggregateStandardDeviation" testId="332ed8a05646333b" isPrimary="true" isTestCase="true" isDynamic="false">
                    <codeReference assembly="SubSonic.Tests, Version=2.2.1.0, Culture=neutral, PublicKeyToken=null" namespace="SubSonic.Tests.SqlQuery" type="SubSonic.Tests.SqlQuery.AggregateTests" member="Exec_AggregateStandardDeviation" />
                    <codeLocation path="C:\data\SubsonicRoot\ss2\SubSonic.Tests\SqlQuery\AggregateTests.cs" line="140" />
                    <metadata>
                      <entry key="TestKind">
                        <value>Test</value>
                      </entry>
                    </metadata>
                  </testStep>
                  <children />
                  <result assertCount="1" duration="0.0106853">
                    <outcome status="failed" />
                  </result>
                  <testLog>
                    <streams>
                      <stream name="Failures">
                        <body>
                          <contents>
                            <marker class="AssertionFailure">
                              <contents>
                                <section name="Expected values to be equal.">
                                  <contents>
                                    <text><![CDATA[
]]></text>
                                    <marker class="Monospace">
                                      <contents>
                                        <marker class="Label">
                                          <contents>
                                            <text><![CDATA[Expected Value : ]]></text>
                                          </contents>
                                          <attributes />
                                        </marker>
                                        <text><![CDATA[4]]></text>
                                        <marker class="DiffChange">
                                          <contents>
                                            <text><![CDATA[2.7698669325723]]></text>
                                          </contents>
                                          <attributes />
                                        </marker>
                                        <text><![CDATA[
]]></text>
                                        <marker class="Label">
                                          <contents>
                                            <text><![CDATA[Actual Value   : ]]></text>
                                          </contents>
                                          <attributes />
                                        </marker>
                                        <text><![CDATA[4]]></text>
                                        <marker class="DiffChange">
                                          <contents>
                                            <text><![CDATA[3.0624068271831]]></text>
                                          </contents>
                                          <attributes />
                                        </marker>
                                        <text><![CDATA[
]]></text>
                                      </contents>
                                      <attributes />
                                    </marker>
                                    <text><![CDATA[
]]></text>
                                    <marker class="StackTrace">
                                      <contents>
                                        <text><![CDATA[   at SubSonic.Tests.SqlQuery.AggregateTests.Exec_AggregateStandardDeviation() in ]]></text>
                                        <marker class="CodeLocation">
                                          <contents>
                                            <text><![CDATA[C:\data\SubsonicRoot\ss2\SubSonic.Tests\SqlQuery\AggregateTests.cs:line 148]]></text>
                                          </contents>
                                          <attributes>
                                            <attribute name="line" value="148" />
                                            <attribute name="path" value="C:\data\SubsonicRoot\ss2\SubSonic.Tests\SqlQuery\AggregateTests.cs" />
                                          </attributes>
                                        </marker>
                                      </contents>
                                      <attributes />
                                    </marker>
                                    <text><![CDATA[
]]></text>
                                  </contents>
                                </section>
                              </contents>
                              <attributes />
                            </marker>
                          </contents>
                        </body>
                      </stream>
                    </streams>
                    <attachments />
                  </testLog>
                </testStepRun>
                <testStepRun startTime="2011-08-05T15:50:51.3680955+09:30" endTime="2011-08-05T15:50:51.3837205+09:30">
                  <testStep id="5173f06b51906092" name="Exec_AggregateWithWhereAndHaving" fullName="SubSonic.Tests/AggregateTests/Exec_AggregateWithWhereAndHaving" testId="11eeb8a06e6c0168" isPrimary="true" isTestCase="true" isDynamic="false">
                    <codeReference assembly="SubSonic.Tests, Version=2.2.1.0, Culture=neutral, PublicKeyToken=null" namespace="SubSonic.Tests.SqlQuery" type="SubSonic.Tests.SqlQuery.AggregateTests" member="Exec_AggregateWithWhereAndHaving" />
                    <codeLocation path="C:\data\SubsonicRoot\ss2\SubSonic.Tests\SqlQuery\AggregateTests.cs" line="187" />
                    <metadata>
                      <entry key="TestKind">
                        <value>Test</value>
                      </entry>
                    </metadata>
                  </testStep>
                  <children />
                  <result assertCount="1" duration="0.024964999999999998">
                    <outcome status="passed" />
                  </result>
                  <testLog>
                    <streams />
                    <attachments />
                  </testLog>
                </testStepRun>
                <testStepRun startTime="2011-08-05T15:50:51.3993455+09:30" endTime="2011-08-05T15:50:51.3993455+09:30">
                  <testStep id="302af2de12d1d2a4" name="Exec_AggregateWithWhereNotHaving" fullName="SubSonic.Tests/AggregateTests/Exec_AggregateWithWhereNotHaving" testId="370dec0cba5c19da" isPrimary="true" isTestCase="true" isDynamic="false">
                    <codeReference assembly="SubSonic.Tests, Version=2.2.1.0, Culture=neutral, PublicKeyToken=null" namespace="SubSonic.Tests.SqlQuery" type="SubSonic.Tests.SqlQuery.AggregateTests" member="Exec_AggregateWithWhereNotHaving" />
                    <codeLocation path="C:\data\SubsonicRoot\ss2\SubSonic.Tests\SqlQuery\AggregateTests.cs" line="201" />
                    <metadata>
                      <entry key="TestKind">
                        <value>Test</value>
                      </entry>
                    </metadata>
                  </testStep>
                  <children />
                  <result assertCount="1" duration="0.0088573">
                    <outcome status="passed" />
                  </result>
                  <testLog>
                    <streams />
                    <attachments />
                  </testLog>
                </testStepRun>
                <testStepRun startTime="2011-08-05T15:50:51.3993455+09:30" endTime="2011-08-05T15:50:51.4149705+09:30">
                  <testStep id="a7889696f735dee5" name="Exec_SingleAggregateWithWhere" fullName="SubSonic.Tests/AggregateTests/Exec_SingleAggregateWithWhere" testId="6b842429dd9d95f8" isPrimary="true" isTestCase="true" isDynamic="false">
                    <codeReference assembly="SubSonic.Tests, Version=2.2.1.0, Culture=neutral, PublicKeyToken=null" namespace="SubSonic.Tests.SqlQuery" type="SubSonic.Tests.SqlQuery.AggregateTests" member="Exec_SingleAggregateWithWhere" />
                    <codeLocation path="C:\data\SubsonicRoot\ss2\SubSonic.Tests\SqlQuery\AggregateTests.cs" line="174" />
                    <metadata>
                      <entry key="TestKind">
                        <value>Test</value>
                      </entry>
                    </metadata>
                  </testStep>
                  <children />
                  <result assertCount="1" duration="0.0101586">
                    <outcome status="passed" />
                  </result>
                  <testLog>
                    <streams />
                    <attachments />
                  </testLog>
                </testStepRun>
              </children>
              <result assertCount="14" duration="0.350219">
                <outcome status="failed" />
              </result>
              <testLog>
                <streams />
                <attachments />
              </testLog>
            </testStepRun>
            <testStepRun startTime="2011-08-05T15:50:51.4149705+09:30" endTime="2011-08-05T15:50:51.4305955+09:30">
              <testStep id="81ae2abf00d253c1" name="AssemblyFixture" fullName="SubSonic.Tests/AssemblyFixture" testId="51fe5df55b58f055" isPrimary="true" isTestCase="false" isDynamic="false">
                <codeReference assembly="SubSonic.Tests, Version=2.2.1.0, Culture=neutral, PublicKeyToken=null" namespace="SubSonic.Tests" type="SubSonic.Tests.AssemblyFixture" />
                <codeLocation path="C:\data\SubsonicRoot\ss2\SubSonic.Tests\AssemblyCleaner.cs" />
                <metadata>
                  <entry key="TestKind">
                    <value>Fixture</value>
                  </entry>
                </metadata>
              </testStep>
              <children />
              <result assertCount="0" duration="0.0022329999999999997">
                <outcome status="passed" />
              </result>
              <testLog>
                <streams />
                <attachments />
              </testLog>
            </testStepRun>
            <testStepRun startTime="2011-08-05T15:50:51.4305955+09:30" endTime="2011-08-05T15:50:56.0399705+09:30">
              <testStep id="bd231878bc4aae64" name="CodeGeneratorTests" fullName="SubSonic.Tests/CodeGeneratorTests" testId="68a95a4990db42f5" isPrimary="true" isTestCase="false" isDynamic="false">
                <codeReference assembly="SubSonic.Tests, Version=2.2.1.0, Culture=neutral, PublicKeyToken=null" namespace="SubSonic.Tests" type="SubSonic.Tests.CodeGeneratorTests" />
                <codeLocation path="C:\data\SubsonicRoot\ss2\SubSonic.Tests\CodeGeneratorTests.cs" />
                <metadata>
                  <entry key="TestKind">
                    <value>Fixture</value>
                  </entry>
                </metadata>
              </testStep>
              <children>
                <testStepRun startTime="2011-08-05T15:50:51.4462205+09:30" endTime="2011-08-05T15:50:51.6649705+09:30">
                  <testStep id="532516d85db7eaa6" name="CodeGen2_RunClassTemplate" fullName="SubSonic.Tests/CodeGeneratorTests/CodeGen2_RunClassTemplate" testId="ab367a6e1fd0314f" isPrimary="true" isTestCase="true" isDynamic="false">
                    <codeReference assembly="SubSonic.Tests, Version=2.2.1.0, Culture=neutral, PublicKeyToken=null" namespace="SubSonic.Tests" type="SubSonic.Tests.CodeGeneratorTests" member="CodeGen2_RunClassTemplate" />
                    <codeLocation path="C:\data\SubsonicRoot\ss2\SubSonic.Tests\CodeGeneratorTests.cs" line="32" />
                    <metadata>
                      <entry key="TestKind">
                        <value>Test</value>
                      </entry>
                    </metadata>
                  </testStep>
                  <children />
                  <result assertCount="1" duration="0.6003638">
                    <outcome status="passed" />
                  </result>
                  <testLog>
                    <streams />
                    <attachments />
                  </testLog>
                </testStepRun>
                <testStepRun startTime="2011-08-05T15:50:51.6649705+09:30" endTime="2011-08-05T15:50:52.3368455+09:30">
                  <testStep id="25b149ce2b0b71a1" name="CodeGen2_RunSPTemplate" fullName="SubSonic.Tests/CodeGeneratorTests/CodeGen2_RunSPTemplate" testId="573732acbb6181e2" isPrimary="true" isTestCase="true" isDynamic="false">
                    <codeReference assembly="SubSonic.Tests, Version=2.2.1.0, Culture=neutral, PublicKeyToken=null" namespace="SubSonic.Tests" type="SubSonic.Tests.CodeGeneratorTests" member="CodeGen2_RunSPTemplate" />
                    <codeLocation path="C:\data\SubsonicRoot\ss2\SubSonic.Tests\CodeGeneratorTests.cs" line="45" />
                    <metadata>
                      <entry key="TestKind">
                        <value>Test</value>
                      </entry>
                    </metadata>
                  </testStep>
                  <children />
                  <result assertCount="1" duration="0.6709337">
                    <outcome status="passed" />
                  </result>
                  <testLog>
                    <streams />
                    <attachments />
                  </testLog>
                </testStepRun>
                <testStepRun startTime="2011-08-05T15:50:52.3368455+09:30" endTime="2011-08-05T15:50:54.4774705+09:30">
                  <testStep id="744fe266eff912fe" name="CodeGen2_RunStructTemplate" fullName="SubSonic.Tests/CodeGeneratorTests/CodeGen2_RunStructTemplate" testId="27cccb231a0e354c" isPrimary="true" isTestCase="true" isDynamic="false">
                    <codeReference assembly="SubSonic.Tests, Version=2.2.1.0, Culture=neutral, PublicKeyToken=null" namespace="SubSonic.Tests" type="SubSonic.Tests.CodeGeneratorTests" member="CodeGen2_RunStructTemplate" />
                    <codeLocation path="C:\data\SubsonicRoot\ss2\SubSonic.Tests\CodeGeneratorTests.cs" line="69" />
                    <metadata>
                      <entry key="TestKind">
                        <value>Test</value>
                      </entry>
                    </metadata>
                  </testStep>
                  <children />
                  <result assertCount="1" duration="2.1380795">
                    <outcome status="passed" />
                  </result>
                  <testLog>
                    <streams />
                    <attachments />
                  </testLog>
                </testStepRun>
                <testStepRun startTime="2011-08-05T15:50:54.4774705+09:30" endTime="2011-08-05T15:50:54.8055955+09:30">
                  <testStep id="b81c55e131c1c1fd" name="CodeGen2_RunViewTemplate" fullName="SubSonic.Tests/CodeGeneratorTests/CodeGen2_RunViewTemplate" testId="e7521bc44996209e" isPrimary="true" isTestCase="true" isDynamic="false">
                    <codeReference assembly="SubSonic.Tests, Version=2.2.1.0, Culture=neutral, PublicKeyToken=null" namespace="SubSonic.Tests" type="SubSonic.Tests.CodeGeneratorTests" member="CodeGen2_RunViewTemplate" />
                    <codeLocation path="C:\data\SubsonicRoot\ss2\SubSonic.Tests\CodeGeneratorTests.cs" line="57" />
                    <metadata>
                      <entry key="TestKind">
                        <value>Test</value>
                      </entry>
                    </metadata>
                  </testStep>
                  <children />
                  <result assertCount="1" duration="0.3326037">
                    <outcome status="passed" />
                  </result>
                  <testLog>
                    <streams />
                    <attachments />
                  </testLog>
                </testStepRun>
                <testStepRun startTime="2011-08-05T15:50:54.8368455+09:30" endTime="2011-08-05T15:50:55.1493455+09:30">
                  <testStep id="b4b86ee2ef0573f1" name="CodeGen2_VBRunClassTemplate" fullName="SubSonic.Tests/CodeGeneratorTests/CodeGen2_VBRunClassTemplate" testId="842b6141754bee7d" isPrimary="true" isTestCase="true" isDynamic="false">
                    <codeReference assembly="SubSonic.Tests, Version=2.2.1.0, Culture=neutral, PublicKeyToken=null" namespace="SubSonic.Tests" type="SubSonic.Tests.CodeGeneratorTests" member="CodeGen2_VBRunClassTemplate" />
                    <codeLocation path="C:\data\SubsonicRoot\ss2\SubSonic.Tests\CodeGeneratorTests.cs" line="81" />
                    <metadata>
                      <entry key="TestKind">
                        <value>Test</value>
                      </entry>
                    </metadata>
                  </testStep>
                  <children />
                  <result assertCount="1" duration="0.3334435">
                    <outcome status="passed" />
                  </result>
                  <testLog>
                    <streams />
                    <attachments />
                  </testLog>
                </testStepRun>
                <testStepRun startTime="2011-08-05T15:50:55.1649705+09:30" endTime="2011-08-05T15:50:55.4774705+09:30">
                  <testStep id="b25d88ed682c67a8" name="CodeGen2_VBRunSPTemplate" fullName="SubSonic.Tests/CodeGeneratorTests/CodeGen2_VBRunSPTemplate" testId="9d63ffb3fed84048" isPrimary="true" isTestCase="true" isDynamic="false">
                    <codeReference assembly="SubSonic.Tests, Version=2.2.1.0, Culture=neutral, PublicKeyToken=null" namespace="SubSonic.Tests" type="SubSonic.Tests.CodeGeneratorTests" member="CodeGen2_VBRunSPTemplate" />
                    <codeLocation path="C:\data\SubsonicRoot\ss2\SubSonic.Tests\CodeGeneratorTests.cs" line="93" />
                    <metadata>
                      <entry key="TestKind">
                        <value>Test</value>
                      </entry>
                    </metadata>
                  </testStep>
                  <children />
                  <result assertCount="1" duration="0.32081709999999997">
                    <outcome status="passed" />
                  </result>
                  <testLog>
                    <streams />
                    <attachments />
                  </testLog>
                </testStepRun>
                <testStepRun startTime="2011-08-05T15:50:55.4774705+09:30" endTime="2011-08-05T15:50:55.7587205+09:30">
                  <testStep id="6e891997bfe70c9b" name="CodeGen2_VBRunStructTemplate" fullName="SubSonic.Tests/CodeGeneratorTests/CodeGen2_VBRunStructTemplate" testId="b7bffc3c3d64b19d" isPrimary="true" isTestCase="true" isDynamic="false">
                    <codeReference assembly="SubSonic.Tests, Version=2.2.1.0, Culture=neutral, PublicKeyToken=null" namespace="SubSonic.Tests" type="SubSonic.Tests.CodeGeneratorTests" member="CodeGen2_VBRunStructTemplate" />
                    <codeLocation path="C:\data\SubsonicRoot\ss2\SubSonic.Tests\CodeGeneratorTests.cs" line="117" />
                    <metadata>
                      <entry key="TestKind">
                        <value>Test</value>
                      </entry>
                    </metadata>
                  </testStep>
                  <children />
                  <result assertCount="1" duration="0.2826544">
                    <outcome status="passed" />
                  </result>
                  <testLog>
                    <streams />
                    <attachments />
                  </testLog>
                </testStepRun>
                <testStepRun startTime="2011-08-05T15:50:55.7743455+09:30" endTime="2011-08-05T15:50:56.0399705+09:30">
                  <testStep id="7fd1fc2f7bd9254" name="CodeGen2_VBRunViewTemplate" fullName="SubSonic.Tests/CodeGeneratorTests/CodeGen2_VBRunViewTemplate" testId="9838a277a9925ec8" isPrimary="true" isTestCase="true" isDynamic="false">
                    <codeReference assembly="SubSonic.Tests, Version=2.2.1.0, Culture=neutral, PublicKeyToken=null" namespace="SubSonic.Tests" type="SubSonic.Tests.CodeGeneratorTests" member="CodeGen2_VBRunViewTemplate" />
                    <codeLocation path="C:\data\SubsonicRoot\ss2\SubSonic.Tests\CodeGeneratorTests.cs" line="105" />
                    <metadata>
                      <entry key="TestKind">
                        <value>Test</value>
                      </entry>
                    </metadata>
                  </testStep>
                  <children />
                  <result assertCount="1" duration="0.2714716">
                    <outcome status="passed" />
                  </result>
                  <testLog>
                    <streams />
                    <attachments />
                  </testLog>
                </testStepRun>
              </children>
              <result assertCount="8" duration="4.9892623999999994">
                <outcome status="passed" />
              </result>
              <testLog>
                <streams />
                <attachments />
              </testLog>
            </testStepRun>
            <testStepRun startTime="2011-08-05T15:50:56.0555955+09:30" endTime="2011-08-05T15:50:56.1024705+09:30">
              <testStep id="81c501e221409d12" name="DataServiceTest" fullName="SubSonic.Tests/DataServiceTest" testId="100d55b0e105bd89" isPrimary="true" isTestCase="false" isDynamic="false">
                <codeReference assembly="SubSonic.Tests, Version=2.2.1.0, Culture=neutral, PublicKeyToken=null" namespace="SubSonic.Tests" type="SubSonic.Tests.DataServiceTest" />
                <codeLocation path="C:\data\SubsonicRoot\ss2\SubSonic.Tests\DataServiceTest.cs" />
                <metadata>
                  <entry key="TestKind">
                    <value>Fixture</value>
                  </entry>
                </metadata>
              </testStep>
              <children>
                <testStepRun startTime="2011-08-05T15:50:56.0555955+09:30" endTime="2011-08-05T15:50:56.0712205+09:30">
                  <testStep id="84778ba0bc414f3d" name="DataProvider_GetRecordCount" fullName="SubSonic.Tests/DataServiceTest/DataProvider_GetRecordCount" testId="ee678df2e826a4e0" isPrimary="true" isTestCase="true" isDynamic="false">
                    <codeReference assembly="SubSonic.Tests, Version=2.2.1.0, Culture=neutral, PublicKeyToken=null" namespace="SubSonic.Tests" type="SubSonic.Tests.DataServiceTest" member="DataProvider_GetRecordCount" />
                    <codeLocation path="C:\data\SubsonicRoot\ss2\SubSonic.Tests\DataServiceTest.cs" line="69" />
                    <metadata>
                      <entry key="TestKind">
                        <value>Test</value>
                      </entry>
                    </metadata>
                  </testStep>
                  <children />
                  <result assertCount="1" duration="0.0116444">
                    <outcome status="passed" />
                  </result>
                  <testLog>
                    <streams />
                    <attachments />
                  </testLog>
                </testStepRun>
                <testStepRun startTime="2011-08-05T15:50:56.0712205+09:30" endTime="2011-08-05T15:50:56.0868455+09:30">
                  <testStep id="35f346187ded12fe" name="DataService_GetSchema" fullName="SubSonic.Tests/DataServiceTest/DataService_GetSchema" testId="b449a12d7036ab60" isPrimary="true" isTestCase="true" isDynamic="false">
                    <codeReference assembly="SubSonic.Tests, Version=2.2.1.0, Culture=neutral, PublicKeyToken=null" namespace="SubSonic.Tests" type="SubSonic.Tests.DataServiceTest" member="DataService_GetSchema" />
                    <codeLocation path="C:\data\SubsonicRoot\ss2\SubSonic.Tests\DataServiceTest.cs" line="49" />
                    <metadata>
                      <entry key="TestKind">
                        <value>Test</value>
                      </entry>
                    </metadata>
                  </testStep>
                  <children />
                  <result assertCount="1" duration="0.0022461">
                    <outcome status="passed" />
                  </result>
                  <testLog>
                    <streams />
                    <attachments />
                  </testLog>
                </testStepRun>
                <testStepRun startTime="2011-08-05T15:50:56.0868455+09:30" endTime="2011-08-05T15:50:56.1024705+09:30">
                  <testStep id="408ff7d435494daf" name="DataService_GetTableNames" fullName="SubSonic.Tests/DataServiceTest/DataService_GetTableNames" testId="62b85bc2affcd08c" isPrimary="true" isTestCase="true" isDynamic="false">
                    <codeReference assembly="SubSonic.Tests, Version=2.2.1.0, Culture=neutral, PublicKeyToken=null" namespace="SubSonic.Tests" type="SubSonic.Tests.DataServiceTest" member="DataService_GetTableNames" />
                    <codeLocation path="C:\data\SubsonicRoot\ss2\SubSonic.Tests\DataServiceTest.cs" line="59" />
                    <metadata>
                      <entry key="TestKind">
                        <value>Test</value>
                      </entry>
                    </metadata>
                  </testStep>
                  <children />
                  <result assertCount="1" duration="0.008462299999999999">
                    <outcome status="passed" />
                  </result>
                  <testLog>
                    <streams />
                    <attachments />
                  </testLog>
                </testStepRun>
              </children>
              <result assertCount="3" duration="0.0466764">
                <outcome status="passed" />
              </result>
              <testLog>
                <streams />
                <attachments />
              </testLog>
            </testStepRun>
            <testStepRun startTime="2011-08-05T15:50:56.1493455+09:30" endTime="2011-08-05T15:50:56.3212205+09:30">
              <testStep id="42792b1a1bafd43d" name="DeleteTests" fullName="SubSonic.Tests/DeleteTests" testId="7a29c27c11dd12b4" isPrimary="true" isTestCase="false" isDynamic="false">
                <codeReference assembly="SubSonic.Tests, Version=2.2.1.0, Culture=neutral, PublicKeyToken=null" namespace="SubSonic.Tests.SqlQuery" type="SubSonic.Tests.SqlQuery.DeleteTests" />
                <codeLocation path="C:\data\SubsonicRoot\ss2\SubSonic.Tests\SqlQuery\DeleteTests.cs" />
                <metadata>
                  <entry key="TestKind">
                    <value>Fixture</value>
                  </entry>
                </metadata>
              </testStep>
              <children>
                <testStepRun startTime="2011-08-05T15:50:56.1493455+09:30" endTime="2011-08-05T15:50:56.2587205+09:30">
                  <testStep id="8402c5fb95aa7778" name="Delete_MultipleWithInsertBatch" fullName="SubSonic.Tests/DeleteTests/Delete_MultipleWithInsertBatch" testId="b8449160df3bfc16" isPrimary="true" isTestCase="true" isDynamic="false">
                    <codeReference assembly="SubSonic.Tests, Version=2.2.1.0, Culture=neutral, PublicKeyToken=null" namespace="SubSonic.Tests.SqlQuery" type="SubSonic.Tests.SqlQuery.DeleteTests" member="Delete_MultipleWithInsertBatch" />
                    <codeLocation path="C:\data\SubsonicRoot\ss2\SubSonic.Tests\SqlQuery\DeleteTests.cs" line="50" />
                    <metadata>
                      <entry key="TestKind">
                        <value>Test</value>
                      </entry>
                    </metadata>
                  </testStep>
                  <children />
                  <result assertCount="1" duration="0.1571265">
                    <outcome status="passed" />
                  </result>
                  <testLog>
                    <streams />
                    <attachments />
                  </testLog>
                </testStepRun>
                <testStepRun startTime="2011-08-05T15:50:56.2743455+09:30" endTime="2011-08-05T15:50:56.2899705+09:30">
                  <testStep id="f28ea6bd7019c47a" name="Delete_Simple" fullName="SubSonic.Tests/DeleteTests/Delete_Simple" testId="5081633c8f2fb62f" isPrimary="true" isTestCase="true" isDynamic="false">
                    <codeReference assembly="SubSonic.Tests, Version=2.2.1.0, Culture=neutral, PublicKeyToken=null" namespace="SubSonic.Tests.SqlQuery" type="SubSonic.Tests.SqlQuery.DeleteTests" member="Delete_Simple" />
                    <codeLocation path="C:\data\SubsonicRoot\ss2\SubSonic.Tests\SqlQuery\DeleteTests.cs" line="36" />
                    <metadata>
                      <entry key="TestKind">
                        <value>Test</value>
                      </entry>
                    </metadata>
                  </testStep>
                  <children />
                  <result assertCount="1" duration="0.013855999999999999">
                    <outcome status="passed" />
                  </result>
                  <testLog>
                    <streams />
                    <attachments />
                  </testLog>
                </testStepRun>
                <testStepRun startTime="2011-08-05T15:50:56.2899705+09:30" endTime="2011-08-05T15:50:56.3055955+09:30">
                  <testStep id="8fc6ba7bebc1d33a" name="Delete_SimpleSqlCheck" fullName="SubSonic.Tests/DeleteTests/Delete_SimpleSqlCheck" testId="2596e467ffe54266" isPrimary="true" isTestCase="true" isDynamic="false">
                    <codeReference assembly="SubSonic.Tests, Version=2.2.1.0, Culture=neutral, PublicKeyToken=null" namespace="SubSonic.Tests.SqlQuery" type="SubSonic.Tests.SqlQuery.DeleteTests" member="Delete_SimpleSqlCheck" />
                    <codeLocation path="C:\data\SubsonicRoot\ss2\SubSonic.Tests\SqlQuery\DeleteTests.cs" line="28" />
                    <metadata>
                      <entry key="TestKind">
                        <value>Test</value>
                      </entry>
                    </metadata>
                  </testStep>
                  <children />
                  <result assertCount="1" duration="0.0040291">
                    <outcome status="passed" />
                  </result>
                  <testLog>
                    <streams />
                    <attachments />
                  </testLog>
                </testStepRun>
              </children>
              <result assertCount="3" duration="0.2106581">
                <outcome status="passed" />
              </result>
              <testLog>
                <streams />
                <attachments />
              </testLog>
            </testStepRun>
            <testStepRun startTime="2011-08-05T15:50:56.3212205+09:30" endTime="2011-08-05T15:50:56.8680955+09:30">
              <testStep id="c5fc1f8ed7fa55b6" name="ETL" fullName="SubSonic.Tests/ETL" testId="ad7c7598a63cd1b4" isPrimary="true" isTestCase="false" isDynamic="false">
                <codeReference assembly="SubSonic.Tests, Version=2.2.1.0, Culture=neutral, PublicKeyToken=null" namespace="SubSonic.Tests" type="SubSonic.Tests.ETL" />
                <codeLocation path="C:\data\SubsonicRoot\ss2\SubSonic.Tests\ETL.cs" />
                <metadata>
                  <entry key="TestKind">
                    <value>Fixture</value>
                  </entry>
                </metadata>
              </testStep>
              <children>
                <testStepRun startTime="2011-08-05T15:50:56.3368455+09:30" endTime="2011-08-05T15:50:56.4774705+09:30">
                  <testStep id="236175b98ba078bd" name="ETL_CloneCollection" fullName="SubSonic.Tests/ETL/ETL_CloneCollection" testId="cbceecda1b6cb0f4" isPrimary="true" isTestCase="true" isDynamic="false">
                    <codeReference assembly="SubSonic.Tests, Version=2.2.1.0, Culture=neutral, PublicKeyToken=null" namespace="SubSonic.Tests" type="SubSonic.Tests.ETL" member="ETL_CloneCollection" />
                    <codeLocation path="C:\data\SubsonicRoot\ss2\SubSonic.Tests\ETL.cs" line="63" />
                    <metadata>
                      <entry key="TestKind">
                        <value>Test</value>
                      </entry>
                    </metadata>
                  </testStep>
                  <children />
                  <result assertCount="0" duration="0.0629359">
                    <outcome status="failed" />
                  </result>
                  <testLog>
                    <streams>
                      <stream name="Failures">
                        <body>
                          <contents>
                            <section name="Execute">
                              <contents>
                                <marker class="Exception">
                                  <contents>
                                    <marker class="ExceptionType">
                                      <contents>
                                        <text><![CDATA[System.Data.SqlClient.SqlException]]></text>
                                      </contents>
                                      <attributes />
                                    </marker>
                                    <text><![CDATA[: ]]></text>
                                    <marker class="ExceptionMessage">
                                      <contents>
                                        <text><![CDATA[Incorrect syntax near the keyword 'ORDER'.]]></text>
                                      </contents>
                                      <attributes />
                                    </marker>
                                    <text><![CDATA[
]]></text>
                                    <marker class="ExceptionPropertyName">
                                      <contents>
                                        <text><![CDATA[Errors]]></text>
                                      </contents>
                                      <attributes />
                                    </marker>
                                    <text><![CDATA[: ]]></text>
                                    <marker class="ExceptionPropertyValue">
                                      <contents>
                                        <text><![CDATA[System.Data.SqlClient.SqlErrorCollection]]></text>
                                      </contents>
                                      <attributes />
                                    </marker>
                                    <text><![CDATA[
]]></text>
                                    <marker class="ExceptionPropertyName">
                                      <contents>
                                        <text><![CDATA[Class]]></text>
                                      </contents>
                                      <attributes />
                                    </marker>
                                    <text><![CDATA[: ]]></text>
                                    <marker class="ExceptionPropertyValue">
                                      <contents>
                                        <text><![CDATA[15]]></text>
                                      </contents>
                                      <attributes />
                                    </marker>
                                    <text><![CDATA[
]]></text>
                                    <marker class="ExceptionPropertyName">
                                      <contents>
                                        <text><![CDATA[LineNumber]]></text>
                                      </contents>
                                      <attributes />
                                    </marker>
                                    <text><![CDATA[: ]]></text>
                                    <marker class="ExceptionPropertyValue">
                                      <contents>
                                        <text><![CDATA[1]]></text>
                                      </contents>
                                      <attributes />
                                    </marker>
                                    <text><![CDATA[
]]></text>
                                    <marker class="ExceptionPropertyName">
                                      <contents>
                                        <text><![CDATA[Number]]></text>
                                      </contents>
                                      <attributes />
                                    </marker>
                                    <text><![CDATA[: ]]></text>
                                    <marker class="ExceptionPropertyValue">
                                      <contents>
                                        <text><![CDATA[156]]></text>
                                      </contents>
                                      <attributes />
                                    </marker>
                                    <text><![CDATA[
]]></text>
                                    <marker class="ExceptionPropertyName">
                                      <contents>
                                        <text><![CDATA[Procedure]]></text>
                                      </contents>
                                      <attributes />
                                    </marker>
                                    <text><![CDATA[: ]]></text>
                                    <marker class="ExceptionPropertyValue">
                                      <contents />
                                      <attributes />
                                    </marker>
                                    <text><![CDATA[
]]></text>
                                    <marker class="ExceptionPropertyName">
                                      <contents>
                                        <text><![CDATA[Server]]></text>
                                      </contents>
                                      <attributes />
                                    </marker>
                                    <text><![CDATA[: ]]></text>
                                    <marker class="ExceptionPropertyValue">
                                      <contents>
                                        <text><![CDATA[ANAXIMANDER\SQLEXPRESS]]></text>
                                      </contents>
                                      <attributes />
                                    </marker>
                                    <text><![CDATA[
]]></text>
                                    <marker class="ExceptionPropertyName">
                                      <contents>
                                        <text><![CDATA[State]]></text>
                                      </contents>
                                      <attributes />
                                    </marker>
                                    <text><![CDATA[: ]]></text>
                                    <marker class="ExceptionPropertyValue">
                                      <contents>
                                        <text><![CDATA[1]]></text>
                                      </contents>
                                      <attributes />
                                    </marker>
                                    <text><![CDATA[
]]></text>
                                    <marker class="ExceptionPropertyName">
                                      <contents>
                                        <text><![CDATA[ErrorCode]]></text>
                                      </contents>
                                      <attributes />
                                    </marker>
                                    <text><![CDATA[: ]]></text>
                                    <marker class="ExceptionPropertyValue">
                                      <contents>
                                        <text><![CDATA[-2146232060]]></text>
                                      </contents>
                                      <attributes />
                                    </marker>
                                    <text><![CDATA[
]]></text>
                                    <marker class="StackTrace">
                                      <contents>
                                        <text><![CDATA[   at System.Data.SqlClient.SqlConnection.OnError(SqlException exception, Boolean breakConnection)
   at System.Data.SqlClient.SqlInternalConnection.OnError(SqlException exception, Boolean breakConnection)
   at System.Data.SqlClient.TdsParser.ThrowExceptionAndWarning(TdsParserStateObject stateObj)
   at System.Data.SqlClient.TdsParser.Run(RunBehavior runBehavior, SqlCommand cmdHandler, SqlDataReader dataStream, BulkCopySimpleResultSet bulkCopyHandler, TdsParserStateObject stateObj)
   at System.Data.SqlClient.SqlDataReader.ConsumeMetaData()
   at System.Data.SqlClient.SqlDataReader.get_MetaData()
   at System.Data.SqlClient.SqlCommand.FinishExecuteReader(SqlDataReader ds, RunBehavior runBehavior, String resetOptionsString)
   at System.Data.SqlClient.SqlCommand.RunExecuteReaderTds(CommandBehavior cmdBehavior, RunBehavior runBehavior, Boolean returnStream, Boolean async)
   at System.Data.SqlClient.SqlCommand.RunExecuteReader(CommandBehavior cmdBehavior, RunBehavior runBehavior, Boolean returnStream, String method, DbAsyncResult result)
   at System.Data.SqlClient.SqlCommand.RunExecuteReader(CommandBehavior cmdBehavior, RunBehavior runBehavior, Boolean returnStream, String method)
   at System.Data.SqlClient.SqlCommand.ExecuteReader(CommandBehavior behavior, String method)
   at System.Data.SqlClient.SqlCommand.ExecuteReader(CommandBehavior behavior)
   at SubSonic.SqlDataProvider.GetReader(QueryCommand qry) in ]]></text>
                                        <marker class="CodeLocation">
                                          <contents>
                                            <text><![CDATA[C:\data\SubsonicRoot\ss2\SubSonic\DataProviders\SqlDataProvider.cs:line 384]]></text>
                                          </contents>
                                          <attributes>
                                            <attribute name="line" value="384" />
                                            <attribute name="path" value="C:\data\SubsonicRoot\ss2\SubSonic\DataProviders\SqlDataProvider.cs" />
                                          </attributes>
                                        </marker>
                                        <text><![CDATA[
   at SubSonic.DataService.GetReader(QueryCommand cmd) in ]]></text>
                                        <marker class="CodeLocation">
                                          <contents>
                                            <text><![CDATA[C:\data\SubsonicRoot\ss2\SubSonic\DataProviders\DataService.cs:line 506]]></text>
                                          </contents>
                                          <attributes>
                                            <attribute name="line" value="506" />
                                            <attribute name="path" value="C:\data\SubsonicRoot\ss2\SubSonic\DataProviders\DataService.cs" />
                                          </attributes>
                                        </marker>
                                        <text><![CDATA[
   at SubSonic.Query.ExecuteReader() in ]]></text>
                                        <marker class="CodeLocation">
                                          <contents>
                                            <text><![CDATA[C:\data\SubsonicRoot\ss2\SubSonic\Sql Tools\Query.cs:line 1814]]></text>
                                          </contents>
                                          <attributes>
                                            <attribute name="line" value="1814" />
                                            <attribute name="path" value="C:\data\SubsonicRoot\ss2\SubSonic\Sql Tools\Query.cs" />
                                          </attributes>
                                        </marker>
                                        <text><![CDATA[
   at SubSonic.AbstractList`2.Load() in ]]></text>
                                        <marker class="CodeLocation">
                                          <contents>
                                            <text><![CDATA[C:\data\SubsonicRoot\ss2\SubSonic\ActiveRecord\AbstractList.cs:line 469]]></text>
                                          </contents>
                                          <attributes>
                                            <attribute name="line" value="469" />
                                            <attribute name="path" value="C:\data\SubsonicRoot\ss2\SubSonic\ActiveRecord\AbstractList.cs" />
                                          </attributes>
                                        </marker>
                                        <text><![CDATA[
   at SubSonic.Tests.ETL.ETL_CloneCollection() in ]]></text>
                                        <marker class="CodeLocation">
                                          <contents>
                                            <text><![CDATA[C:\data\SubsonicRoot\ss2\SubSonic.Tests\ETL.cs:line 65]]></text>
                                          </contents>
                                          <attributes>
                                            <attribute name="line" value="65" />
                                            <attribute name="path" value="C:\data\SubsonicRoot\ss2\SubSonic.Tests\ETL.cs" />
                                          </attributes>
                                        </marker>
                                      </contents>
                                      <attributes />
                                    </marker>
                                  </contents>
                                  <attributes />
                                </marker>
                              </contents>
                            </section>
                          </contents>
                        </body>
                      </stream>
                    </streams>
                    <attachments />
                  </testLog>
                </testStepRun>
                <testStepRun startTime="2011-08-05T15:50:56.4774705+09:30" endTime="2011-08-05T15:50:56.6180955+09:30">
                  <testStep id="3962136f3be1d126" name="ETL_CloneInstance" fullName="SubSonic.Tests/ETL/ETL_CloneInstance" testId="f24ece17abffb775" isPrimary="true" isTestCase="true" isDynamic="false">
                    <codeReference assembly="SubSonic.Tests, Version=2.2.1.0, Culture=neutral, PublicKeyToken=null" namespace="SubSonic.Tests" type="SubSonic.Tests.ETL" member="ETL_CloneInstance" />
                    <codeLocation path="C:\data\SubsonicRoot\ss2\SubSonic.Tests\ETL.cs" line="50" />
                    <metadata>
                      <entry key="TestKind">
                        <value>Test</value>
                      </entry>
                    </metadata>
                  </testStep>
                  <children />
                  <result assertCount="0" duration="0.038752999999999996">
                    <outcome status="failed" />
                  </result>
                  <testLog>
                    <streams>
                      <stream name="Failures">
                        <body>
                          <contents>
                            <section name="Execute">
                              <contents>
                                <marker class="Exception">
                                  <contents>
                                    <marker class="ExceptionType">
                                      <contents>
                                        <text><![CDATA[System.Data.SqlClient.SqlException]]></text>
                                      </contents>
                                      <attributes />
                                    </marker>
                                    <text><![CDATA[: ]]></text>
                                    <marker class="ExceptionMessage">
                                      <contents>
                                        <text><![CDATA[Incorrect syntax near the keyword 'ORDER'.]]></text>
                                      </contents>
                                      <attributes />
                                    </marker>
                                    <text><![CDATA[
]]></text>
                                    <marker class="ExceptionPropertyName">
                                      <contents>
                                        <text><![CDATA[Errors]]></text>
                                      </contents>
                                      <attributes />
                                    </marker>
                                    <text><![CDATA[: ]]></text>
                                    <marker class="ExceptionPropertyValue">
                                      <contents>
                                        <text><![CDATA[System.Data.SqlClient.SqlErrorCollection]]></text>
                                      </contents>
                                      <attributes />
                                    </marker>
                                    <text><![CDATA[
]]></text>
                                    <marker class="ExceptionPropertyName">
                                      <contents>
                                        <text><![CDATA[Class]]></text>
                                      </contents>
                                      <attributes />
                                    </marker>
                                    <text><![CDATA[: ]]></text>
                                    <marker class="ExceptionPropertyValue">
                                      <contents>
                                        <text><![CDATA[15]]></text>
                                      </contents>
                                      <attributes />
                                    </marker>
                                    <text><![CDATA[
]]></text>
                                    <marker class="ExceptionPropertyName">
                                      <contents>
                                        <text><![CDATA[LineNumber]]></text>
                                      </contents>
                                      <attributes />
                                    </marker>
                                    <text><![CDATA[: ]]></text>
                                    <marker class="ExceptionPropertyValue">
                                      <contents>
                                        <text><![CDATA[1]]></text>
                                      </contents>
                                      <attributes />
                                    </marker>
                                    <text><![CDATA[
]]></text>
                                    <marker class="ExceptionPropertyName">
                                      <contents>
                                        <text><![CDATA[Number]]></text>
                                      </contents>
                                      <attributes />
                                    </marker>
                                    <text><![CDATA[: ]]></text>
                                    <marker class="ExceptionPropertyValue">
                                      <contents>
                                        <text><![CDATA[156]]></text>
                                      </contents>
                                      <attributes />
                                    </marker>
                                    <text><![CDATA[
]]></text>
                                    <marker class="ExceptionPropertyName">
                                      <contents>
                                        <text><![CDATA[Procedure]]></text>
                                      </contents>
                                      <attributes />
                                    </marker>
                                    <text><![CDATA[: ]]></text>
                                    <marker class="ExceptionPropertyValue">
                                      <contents />
                                      <attributes />
                                    </marker>
                                    <text><![CDATA[
]]></text>
                                    <marker class="ExceptionPropertyName">
                                      <contents>
                                        <text><![CDATA[Server]]></text>
                                      </contents>
                                      <attributes />
                                    </marker>
                                    <text><![CDATA[: ]]></text>
                                    <marker class="ExceptionPropertyValue">
                                      <contents>
                                        <text><![CDATA[ANAXIMANDER\SQLEXPRESS]]></text>
                                      </contents>
                                      <attributes />
                                    </marker>
                                    <text><![CDATA[
]]></text>
                                    <marker class="ExceptionPropertyName">
                                      <contents>
                                        <text><![CDATA[State]]></text>
                                      </contents>
                                      <attributes />
                                    </marker>
                                    <text><![CDATA[: ]]></text>
                                    <marker class="ExceptionPropertyValue">
                                      <contents>
                                        <text><![CDATA[1]]></text>
                                      </contents>
                                      <attributes />
                                    </marker>
                                    <text><![CDATA[
]]></text>
                                    <marker class="ExceptionPropertyName">
                                      <contents>
                                        <text><![CDATA[ErrorCode]]></text>
                                      </contents>
                                      <attributes />
                                    </marker>
                                    <text><![CDATA[: ]]></text>
                                    <marker class="ExceptionPropertyValue">
                                      <contents>
                                        <text><![CDATA[-2146232060]]></text>
                                      </contents>
                                      <attributes />
                                    </marker>
                                    <text><![CDATA[
]]></text>
                                    <marker class="StackTrace">
                                      <contents>
                                        <text><![CDATA[   at System.Data.SqlClient.SqlConnection.OnError(SqlException exception, Boolean breakConnection)
   at System.Data.SqlClient.SqlInternalConnection.OnError(SqlException exception, Boolean breakConnection)
   at System.Data.SqlClient.TdsParser.ThrowExceptionAndWarning(TdsParserStateObject stateObj)
   at System.Data.SqlClient.TdsParser.Run(RunBehavior runBehavior, SqlCommand cmdHandler, SqlDataReader dataStream, BulkCopySimpleResultSet bulkCopyHandler, TdsParserStateObject stateObj)
   at System.Data.SqlClient.SqlDataReader.ConsumeMetaData()
   at System.Data.SqlClient.SqlDataReader.get_MetaData()
   at System.Data.SqlClient.SqlCommand.FinishExecuteReader(SqlDataReader ds, RunBehavior runBehavior, String resetOptionsString)
   at System.Data.SqlClient.SqlCommand.RunExecuteReaderTds(CommandBehavior cmdBehavior, RunBehavior runBehavior, Boolean returnStream, Boolean async)
   at System.Data.SqlClient.SqlCommand.RunExecuteReader(CommandBehavior cmdBehavior, RunBehavior runBehavior, Boolean returnStream, String method, DbAsyncResult result)
   at System.Data.SqlClient.SqlCommand.RunExecuteReader(CommandBehavior cmdBehavior, RunBehavior runBehavior, Boolean returnStream, String method)
   at System.Data.SqlClient.SqlCommand.ExecuteReader(CommandBehavior behavior, String method)
   at System.Data.SqlClient.SqlCommand.ExecuteReader(CommandBehavior behavior)
   at SubSonic.SqlDataProvider.GetReader(QueryCommand qry) in ]]></text>
                                        <marker class="CodeLocation">
                                          <contents>
                                            <text><![CDATA[C:\data\SubsonicRoot\ss2\SubSonic\DataProviders\SqlDataProvider.cs:line 384]]></text>
                                          </contents>
                                          <attributes>
                                            <attribute name="line" value="384" />
                                            <attribute name="path" value="C:\data\SubsonicRoot\ss2\SubSonic\DataProviders\SqlDataProvider.cs" />
                                          </attributes>
                                        </marker>
                                        <text><![CDATA[
   at SubSonic.DataService.GetReader(QueryCommand cmd) in ]]></text>
                                        <marker class="CodeLocation">
                                          <contents>
                                            <text><![CDATA[C:\data\SubsonicRoot\ss2\SubSonic\DataProviders\DataService.cs:line 506]]></text>
                                          </contents>
                                          <attributes>
                                            <attribute name="line" value="506" />
                                            <attribute name="path" value="C:\data\SubsonicRoot\ss2\SubSonic\DataProviders\DataService.cs" />
                                          </attributes>
                                        </marker>
                                        <text><![CDATA[
   at SubSonic.Query.ExecuteReader() in ]]></text>
                                        <marker class="CodeLocation">
                                          <contents>
                                            <text><![CDATA[C:\data\SubsonicRoot\ss2\SubSonic\Sql Tools\Query.cs:line 1814]]></text>
                                          </contents>
                                          <attributes>
                                            <attribute name="line" value="1814" />
                                            <attribute name="path" value="C:\data\SubsonicRoot\ss2\SubSonic\Sql Tools\Query.cs" />
                                          </attributes>
                                        </marker>
                                        <text><![CDATA[
   at SubSonic.ReadOnlyRecord`1.LoadByKey(Object keyID) in ]]></text>
                                        <marker class="CodeLocation">
                                          <contents>
                                            <text><![CDATA[C:\data\SubsonicRoot\ss2\SubSonic\ActiveRecord\ReadOnlyRecord.cs:line 72]]></text>
                                          </contents>
                                          <attributes>
                                            <attribute name="line" value="72" />
                                            <attribute name="path" value="C:\data\SubsonicRoot\ss2\SubSonic\ActiveRecord\ReadOnlyRecord.cs" />
                                          </attributes>
                                        </marker>
                                        <text><![CDATA[
   at Northwind.Product..ctor(Object keyID) in ]]></text>
                                        <marker class="CodeLocation">
                                          <contents>
                                            <text><![CDATA[C:\data\SubsonicRoot\ss2\SubSonic.Tests\Generated\Northwind\Product.cs:line 93]]></text>
                                          </contents>
                                          <attributes>
                                            <attribute name="line" value="93" />
                                            <attribute name="path" value="C:\data\SubsonicRoot\ss2\SubSonic.Tests\Generated\Northwind\Product.cs" />
                                          </attributes>
                                        </marker>
                                        <text><![CDATA[
   at SubSonic.Tests.ETL.ETL_CloneInstance() in ]]></text>
                                        <marker class="CodeLocation">
                                          <contents>
                                            <text><![CDATA[C:\data\SubsonicRoot\ss2\SubSonic.Tests\ETL.cs:line 51]]></text>
                                          </contents>
                                          <attributes>
                                            <attribute name="line" value="51" />
                                            <attribute name="path" value="C:\data\SubsonicRoot\ss2\SubSonic.Tests\ETL.cs" />
                                          </attributes>
                                        </marker>
                                      </contents>
                                      <attributes />
                                    </marker>
                                  </contents>
                                  <attributes />
                                </marker>
                              </contents>
                            </section>
                          </contents>
                        </body>
                      </stream>
                    </streams>
                    <attachments />
                  </testLog>
                </testStepRun>
                <testStepRun startTime="2011-08-05T15:50:56.6180955+09:30" endTime="2011-08-05T15:50:56.7430955+09:30">
                  <testStep id="4de3bd28211bda45" name="ETL_CollectionToTable" fullName="SubSonic.Tests/ETL/ETL_CollectionToTable" testId="6377c57e3d83cf09" isPrimary="true" isTestCase="true" isDynamic="false">
                    <codeReference assembly="SubSonic.Tests, Version=2.2.1.0, Culture=neutral, PublicKeyToken=null" namespace="SubSonic.Tests" type="SubSonic.Tests.ETL" member="ETL_CollectionToTable" />
                    <codeLocation path="C:\data\SubsonicRoot\ss2\SubSonic.Tests\ETL.cs" line="89" />
                    <metadata>
                      <entry key="TestKind">
                        <value>Test</value>
                      </entry>
                    </metadata>
                  </testStep>
                  <children />
                  <result assertCount="0" duration="0.0094155">
                    <outcome status="failed" />
                  </result>
                  <testLog>
                    <streams>
                      <stream name="Failures">
                        <body>
                          <contents>
                            <section name="Execute">
                              <contents>
                                <marker class="Exception">
                                  <contents>
                                    <marker class="ExceptionType">
                                      <contents>
                                        <text><![CDATA[System.Data.SqlClient.SqlException]]></text>
                                      </contents>
                                      <attributes />
                                    </marker>
                                    <text><![CDATA[: ]]></text>
                                    <marker class="ExceptionMessage">
                                      <contents>
                                        <text><![CDATA[Incorrect syntax near the keyword 'ORDER'.]]></text>
                                      </contents>
                                      <attributes />
                                    </marker>
                                    <text><![CDATA[
]]></text>
                                    <marker class="ExceptionPropertyName">
                                      <contents>
                                        <text><![CDATA[Errors]]></text>
                                      </contents>
                                      <attributes />
                                    </marker>
                                    <text><![CDATA[: ]]></text>
                                    <marker class="ExceptionPropertyValue">
                                      <contents>
                                        <text><![CDATA[System.Data.SqlClient.SqlErrorCollection]]></text>
                                      </contents>
                                      <attributes />
                                    </marker>
                                    <text><![CDATA[
]]></text>
                                    <marker class="ExceptionPropertyName">
                                      <contents>
                                        <text><![CDATA[Class]]></text>
                                      </contents>
                                      <attributes />
                                    </marker>
                                    <text><![CDATA[: ]]></text>
                                    <marker class="ExceptionPropertyValue">
                                      <contents>
                                        <text><![CDATA[15]]></text>
                                      </contents>
                                      <attributes />
                                    </marker>
                                    <text><![CDATA[
]]></text>
                                    <marker class="ExceptionPropertyName">
                                      <contents>
                                        <text><![CDATA[LineNumber]]></text>
                                      </contents>
                                      <attributes />
                                    </marker>
                                    <text><![CDATA[: ]]></text>
                                    <marker class="ExceptionPropertyValue">
                                      <contents>
                                        <text><![CDATA[1]]></text>
                                      </contents>
                                      <attributes />
                                    </marker>
                                    <text><![CDATA[
]]></text>
                                    <marker class="ExceptionPropertyName">
                                      <contents>
                                        <text><![CDATA[Number]]></text>
                                      </contents>
                                      <attributes />
                                    </marker>
                                    <text><![CDATA[: ]]></text>
                                    <marker class="ExceptionPropertyValue">
                                      <contents>
                                        <text><![CDATA[156]]></text>
                                      </contents>
                                      <attributes />
                                    </marker>
                                    <text><![CDATA[
]]></text>
                                    <marker class="ExceptionPropertyName">
                                      <contents>
                                        <text><![CDATA[Procedure]]></text>
                                      </contents>
                                      <attributes />
                                    </marker>
                                    <text><![CDATA[: ]]></text>
                                    <marker class="ExceptionPropertyValue">
                                      <contents />
                                      <attributes />
                                    </marker>
                                    <text><![CDATA[
]]></text>
                                    <marker class="ExceptionPropertyName">
                                      <contents>
                                        <text><![CDATA[Server]]></text>
                                      </contents>
                                      <attributes />
                                    </marker>
                                    <text><![CDATA[: ]]></text>
                                    <marker class="ExceptionPropertyValue">
                                      <contents>
                                        <text><![CDATA[ANAXIMANDER\SQLEXPRESS]]></text>
                                      </contents>
                                      <attributes />
                                    </marker>
                                    <text><![CDATA[
]]></text>
                                    <marker class="ExceptionPropertyName">
                                      <contents>
                                        <text><![CDATA[State]]></text>
                                      </contents>
                                      <attributes />
                                    </marker>
                                    <text><![CDATA[: ]]></text>
                                    <marker class="ExceptionPropertyValue">
                                      <contents>
                                        <text><![CDATA[1]]></text>
                                      </contents>
                                      <attributes />
                                    </marker>
                                    <text><![CDATA[
]]></text>
                                    <marker class="ExceptionPropertyName">
                                      <contents>
                                        <text><![CDATA[ErrorCode]]></text>
                                      </contents>
                                      <attributes />
                                    </marker>
                                    <text><![CDATA[: ]]></text>
                                    <marker class="ExceptionPropertyValue">
                                      <contents>
                                        <text><![CDATA[-2146232060]]></text>
                                      </contents>
                                      <attributes />
                                    </marker>
                                    <text><![CDATA[
]]></text>
                                    <marker class="StackTrace">
                                      <contents>
                                        <text><![CDATA[   at System.Data.SqlClient.SqlConnection.OnError(SqlException exception, Boolean breakConnection)
   at System.Data.SqlClient.SqlInternalConnection.OnError(SqlException exception, Boolean breakConnection)
   at System.Data.SqlClient.TdsParser.ThrowExceptionAndWarning(TdsParserStateObject stateObj)
   at System.Data.SqlClient.TdsParser.Run(RunBehavior runBehavior, SqlCommand cmdHandler, SqlDataReader dataStream, BulkCopySimpleResultSet bulkCopyHandler, TdsParserStateObject stateObj)
   at System.Data.SqlClient.SqlDataReader.ConsumeMetaData()
   at System.Data.SqlClient.SqlDataReader.get_MetaData()
   at System.Data.SqlClient.SqlCommand.FinishExecuteReader(SqlDataReader ds, RunBehavior runBehavior, String resetOptionsString)
   at System.Data.SqlClient.SqlCommand.RunExecuteReaderTds(CommandBehavior cmdBehavior, RunBehavior runBehavior, Boolean returnStream, Boolean async)
   at System.Data.SqlClient.SqlCommand.RunExecuteReader(CommandBehavior cmdBehavior, RunBehavior runBehavior, Boolean returnStream, String method, DbAsyncResult result)
   at System.Data.SqlClient.SqlCommand.RunExecuteReader(CommandBehavior cmdBehavior, RunBehavior runBehavior, Boolean returnStream, String method)
   at System.Data.SqlClient.SqlCommand.ExecuteReader(CommandBehavior behavior, String method)
   at System.Data.SqlClient.SqlCommand.ExecuteReader(CommandBehavior behavior)
   at SubSonic.SqlDataProvider.GetReader(QueryCommand qry) in ]]></text>
                                        <marker class="CodeLocation">
                                          <contents>
                                            <text><![CDATA[C:\data\SubsonicRoot\ss2\SubSonic\DataProviders\SqlDataProvider.cs:line 384]]></text>
                                          </contents>
                                          <attributes>
                                            <attribute name="line" value="384" />
                                            <attribute name="path" value="C:\data\SubsonicRoot\ss2\SubSonic\DataProviders\SqlDataProvider.cs" />
                                          </attributes>
                                        </marker>
                                        <text><![CDATA[
   at SubSonic.DataService.GetReader(QueryCommand cmd) in ]]></text>
                                        <marker class="CodeLocation">
                                          <contents>
                                            <text><![CDATA[C:\data\SubsonicRoot\ss2\SubSonic\DataProviders\DataService.cs:line 506]]></text>
                                          </contents>
                                          <attributes>
                                            <attribute name="line" value="506" />
                                            <attribute name="path" value="C:\data\SubsonicRoot\ss2\SubSonic\DataProviders\DataService.cs" />
                                          </attributes>
                                        </marker>
                                        <text><![CDATA[
   at SubSonic.Query.ExecuteReader() in ]]></text>
                                        <marker class="CodeLocation">
                                          <contents>
                                            <text><![CDATA[C:\data\SubsonicRoot\ss2\SubSonic\Sql Tools\Query.cs:line 1814]]></text>
                                          </contents>
                                          <attributes>
                                            <attribute name="line" value="1814" />
                                            <attribute name="path" value="C:\data\SubsonicRoot\ss2\SubSonic\Sql Tools\Query.cs" />
                                          </attributes>
                                        </marker>
                                        <text><![CDATA[
   at SubSonic.AbstractList`2.Load() in ]]></text>
                                        <marker class="CodeLocation">
                                          <contents>
                                            <text><![CDATA[C:\data\SubsonicRoot\ss2\SubSonic\ActiveRecord\AbstractList.cs:line 469]]></text>
                                          </contents>
                                          <attributes>
                                            <attribute name="line" value="469" />
                                            <attribute name="path" value="C:\data\SubsonicRoot\ss2\SubSonic\ActiveRecord\AbstractList.cs" />
                                          </attributes>
                                        </marker>
                                        <text><![CDATA[
   at SubSonic.Tests.ETL.ETL_CollectionToTable() in ]]></text>
                                        <marker class="CodeLocation">
                                          <contents>
                                            <text><![CDATA[C:\data\SubsonicRoot\ss2\SubSonic.Tests\ETL.cs:line 91]]></text>
                                          </contents>
                                          <attributes>
                                            <attribute name="line" value="91" />
                                            <attribute name="path" value="C:\data\SubsonicRoot\ss2\SubSonic.Tests\ETL.cs" />
                                          </attributes>
                                        </marker>
                                      </contents>
                                      <attributes />
                                    </marker>
                                  </contents>
                                  <attributes />
                                </marker>
                              </contents>
                            </section>
                          </contents>
                        </body>
                      </stream>
                    </streams>
                    <attachments />
                  </testLog>
                </testStepRun>
                <testStepRun startTime="2011-08-05T15:50:56.7430955+09:30" endTime="2011-08-05T15:50:56.8680955+09:30">
                  <testStep id="ee60412b0a266bbf" name="ETL_CopyCollection" fullName="SubSonic.Tests/ETL/ETL_CopyCollection" testId="cbb6eb256b8756a6" isPrimary="true" isTestCase="true" isDynamic="false">
                    <codeReference assembly="SubSonic.Tests, Version=2.2.1.0, Culture=neutral, PublicKeyToken=null" namespace="SubSonic.Tests" type="SubSonic.Tests.ETL" member="ETL_CopyCollection" />
                    <codeLocation path="C:\data\SubsonicRoot\ss2\SubSonic.Tests\ETL.cs" line="76" />
                    <metadata>
                      <entry key="TestKind">
                        <value>Test</value>
                      </entry>
                    </metadata>
                  </testStep>
                  <children />
                  <result assertCount="0" duration="0.0130668">
                    <outcome status="failed" />
                  </result>
                  <testLog>
                    <streams>
                      <stream name="Failures">
                        <body>
                          <contents>
                            <section name="Execute">
                              <contents>
                                <marker class="Exception">
                                  <contents>
                                    <marker class="ExceptionType">
                                      <contents>
                                        <text><![CDATA[System.Data.SqlClient.SqlException]]></text>
                                      </contents>
                                      <attributes />
                                    </marker>
                                    <text><![CDATA[: ]]></text>
                                    <marker class="ExceptionMessage">
                                      <contents>
                                        <text><![CDATA[Incorrect syntax near the keyword 'ORDER'.]]></text>
                                      </contents>
                                      <attributes />
                                    </marker>
                                    <text><![CDATA[
]]></text>
                                    <marker class="ExceptionPropertyName">
                                      <contents>
                                        <text><![CDATA[Errors]]></text>
                                      </contents>
                                      <attributes />
                                    </marker>
                                    <text><![CDATA[: ]]></text>
                                    <marker class="ExceptionPropertyValue">
                                      <contents>
                                        <text><![CDATA[System.Data.SqlClient.SqlErrorCollection]]></text>
                                      </contents>
                                      <attributes />
                                    </marker>
                                    <text><![CDATA[
]]></text>
                                    <marker class="ExceptionPropertyName">
                                      <contents>
                                        <text><![CDATA[Class]]></text>
                                      </contents>
                                      <attributes />
                                    </marker>
                                    <text><![CDATA[: ]]></text>
                                    <marker class="ExceptionPropertyValue">
                                      <contents>
                                        <text><![CDATA[15]]></text>
                                      </contents>
                                      <attributes />
                                    </marker>
                                    <text><![CDATA[
]]></text>
                                    <marker class="ExceptionPropertyName">
                                      <contents>
                                        <text><![CDATA[LineNumber]]></text>
                                      </contents>
                                      <attributes />
                                    </marker>
                                    <text><![CDATA[: ]]></text>
                                    <marker class="ExceptionPropertyValue">
                                      <contents>
                                        <text><![CDATA[1]]></text>
                                      </contents>
                                      <attributes />
                                    </marker>
                                    <text><![CDATA[
]]></text>
                                    <marker class="ExceptionPropertyName">
                                      <contents>
                                        <text><![CDATA[Number]]></text>
                                      </contents>
                                      <attributes />
                                    </marker>
                                    <text><![CDATA[: ]]></text>
                                    <marker class="ExceptionPropertyValue">
                                      <contents>
                                        <text><![CDATA[156]]></text>
                                      </contents>
                                      <attributes />
                                    </marker>
                                    <text><![CDATA[
]]></text>
                                    <marker class="ExceptionPropertyName">
                                      <contents>
                                        <text><![CDATA[Procedure]]></text>
                                      </contents>
                                      <attributes />
                                    </marker>
                                    <text><![CDATA[: ]]></text>
                                    <marker class="ExceptionPropertyValue">
                                      <contents />
                                      <attributes />
                                    </marker>
                                    <text><![CDATA[
]]></text>
                                    <marker class="ExceptionPropertyName">
                                      <contents>
                                        <text><![CDATA[Server]]></text>
                                      </contents>
                                      <attributes />
                                    </marker>
                                    <text><![CDATA[: ]]></text>
                                    <marker class="ExceptionPropertyValue">
                                      <contents>
                                        <text><![CDATA[ANAXIMANDER\SQLEXPRESS]]></text>
                                      </contents>
                                      <attributes />
                                    </marker>
                                    <text><![CDATA[
]]></text>
                                    <marker class="ExceptionPropertyName">
                                      <contents>
                                        <text><![CDATA[State]]></text>
                                      </contents>
                                      <attributes />
                                    </marker>
                                    <text><![CDATA[: ]]></text>
                                    <marker class="ExceptionPropertyValue">
                                      <contents>
                                        <text><![CDATA[1]]></text>
                                      </contents>
                                      <attributes />
                                    </marker>
                                    <text><![CDATA[
]]></text>
                                    <marker class="ExceptionPropertyName">
                                      <contents>
                                        <text><![CDATA[ErrorCode]]></text>
                                      </contents>
                                      <attributes />
                                    </marker>
                                    <text><![CDATA[: ]]></text>
                                    <marker class="ExceptionPropertyValue">
                                      <contents>
                                        <text><![CDATA[-2146232060]]></text>
                                      </contents>
                                      <attributes />
                                    </marker>
                                    <text><![CDATA[
]]></text>
                                    <marker class="StackTrace">
                                      <contents>
                                        <text><![CDATA[   at System.Data.SqlClient.SqlConnection.OnError(SqlException exception, Boolean breakConnection)
   at System.Data.SqlClient.SqlInternalConnection.OnError(SqlException exception, Boolean breakConnection)
   at System.Data.SqlClient.TdsParser.ThrowExceptionAndWarning(TdsParserStateObject stateObj)
   at System.Data.SqlClient.TdsParser.Run(RunBehavior runBehavior, SqlCommand cmdHandler, SqlDataReader dataStream, BulkCopySimpleResultSet bulkCopyHandler, TdsParserStateObject stateObj)
   at System.Data.SqlClient.SqlDataReader.ConsumeMetaData()
   at System.Data.SqlClient.SqlDataReader.get_MetaData()
   at System.Data.SqlClient.SqlCommand.FinishExecuteReader(SqlDataReader ds, RunBehavior runBehavior, String resetOptionsString)
   at System.Data.SqlClient.SqlCommand.RunExecuteReaderTds(CommandBehavior cmdBehavior, RunBehavior runBehavior, Boolean returnStream, Boolean async)
   at System.Data.SqlClient.SqlCommand.RunExecuteReader(CommandBehavior cmdBehavior, RunBehavior runBehavior, Boolean returnStream, String method, DbAsyncResult result)
   at System.Data.SqlClient.SqlCommand.RunExecuteReader(CommandBehavior cmdBehavior, RunBehavior runBehavior, Boolean returnStream, String method)
   at System.Data.SqlClient.SqlCommand.ExecuteReader(CommandBehavior behavior, String method)
   at System.Data.SqlClient.SqlCommand.ExecuteReader(CommandBehavior behavior)
   at SubSonic.SqlDataProvider.GetReader(QueryCommand qry) in ]]></text>
                                        <marker class="CodeLocation">
                                          <contents>
                                            <text><![CDATA[C:\data\SubsonicRoot\ss2\SubSonic\DataProviders\SqlDataProvider.cs:line 384]]></text>
                                          </contents>
                                          <attributes>
                                            <attribute name="line" value="384" />
                                            <attribute name="path" value="C:\data\SubsonicRoot\ss2\SubSonic\DataProviders\SqlDataProvider.cs" />
                                          </attributes>
                                        </marker>
                                        <text><![CDATA[
   at SubSonic.DataService.GetReader(QueryCommand cmd) in ]]></text>
                                        <marker class="CodeLocation">
                                          <contents>
                                            <text><![CDATA[C:\data\SubsonicRoot\ss2\SubSonic\DataProviders\DataService.cs:line 506]]></text>
                                          </contents>
                                          <attributes>
                                            <attribute name="line" value="506" />
                                            <attribute name="path" value="C:\data\SubsonicRoot\ss2\SubSonic\DataProviders\DataService.cs" />
                                          </attributes>
                                        </marker>
                                        <text><![CDATA[
   at SubSonic.Query.ExecuteReader() in ]]></text>
                                        <marker class="CodeLocation">
                                          <contents>
                                            <text><![CDATA[C:\data\SubsonicRoot\ss2\SubSonic\Sql Tools\Query.cs:line 1814]]></text>
                                          </contents>
                                          <attributes>
                                            <attribute name="line" value="1814" />
                                            <attribute name="path" value="C:\data\SubsonicRoot\ss2\SubSonic\Sql Tools\Query.cs" />
                                          </attributes>
                                        </marker>
                                        <text><![CDATA[
   at SubSonic.AbstractList`2.Load() in ]]></text>
                                        <marker class="CodeLocation">
                                          <contents>
                                            <text><![CDATA[C:\data\SubsonicRoot\ss2\SubSonic\ActiveRecord\AbstractList.cs:line 469]]></text>
                                          </contents>
                                          <attributes>
                                            <attribute name="line" value="469" />
                                            <attribute name="path" value="C:\data\SubsonicRoot\ss2\SubSonic\ActiveRecord\AbstractList.cs" />
                                          </attributes>
                                        </marker>
                                        <text><![CDATA[
   at SubSonic.Tests.ETL.ETL_CopyCollection() in ]]></text>
                                        <marker class="CodeLocation">
                                          <contents>
                                            <text><![CDATA[C:\data\SubsonicRoot\ss2\SubSonic.Tests\ETL.cs:line 78]]></text>
                                          </contents>
                                          <attributes>
                                            <attribute name="line" value="78" />
                                            <attribute name="path" value="C:\data\SubsonicRoot\ss2\SubSonic.Tests\ETL.cs" />
                                          </attributes>
                                        </marker>
                                      </contents>
                                      <attributes />
                                    </marker>
                                  </contents>
                                  <attributes />
                                </marker>
                              </contents>
                            </section>
                          </contents>
                        </body>
                      </stream>
                    </streams>
                    <attachments />
                  </testLog>
                </testStepRun>
              </children>
              <result assertCount="0" duration="0.1465925">
                <outcome status="failed" />
              </result>
              <testLog>
                <streams />
                <attachments />
              </testLog>
            </testStepRun>
            <testStepRun startTime="2011-08-05T15:50:56.8680955+09:30" endTime="2011-08-05T15:50:57.0399705+09:30">
              <testStep id="4f8d4db88661e8f0" name="ForeignKeyTests" fullName="SubSonic.Tests/ForeignKeyTests" testId="f44040825e281a9b" isPrimary="true" isTestCase="false" isDynamic="false">
                <codeReference assembly="SubSonic.Tests, Version=2.2.1.0, Culture=neutral, PublicKeyToken=null" namespace="SubSonic.Tests" type="SubSonic.Tests.ForeignKeyTests" />
                <codeLocation path="C:\data\SubsonicRoot\ss2\SubSonic.Tests\ForeignKeyTests.cs" />
                <metadata>
                  <entry key="TestKind">
                    <value>Fixture</value>
                  </entry>
                </metadata>
              </testStep>
              <children>
                <testStepRun startTime="2011-08-05T15:50:56.8680955+09:30" endTime="2011-08-05T15:50:56.8837205+09:30">
                  <testStep id="8855557ea1a63732" name="FK_KeyCount" fullName="SubSonic.Tests/ForeignKeyTests/FK_KeyCount" testId="92c9a636a95bead0" isPrimary="true" isTestCase="true" isDynamic="false">
                    <codeReference assembly="SubSonic.Tests, Version=2.2.1.0, Culture=neutral, PublicKeyToken=null" namespace="SubSonic.Tests" type="SubSonic.Tests.ForeignKeyTests" member="FK_KeyCount" />
                    <codeLocation path="C:\data\SubsonicRoot\ss2\SubSonic.Tests\ForeignKeyTests.cs" line="59" />
                    <metadata>
                      <entry key="TestKind">
                        <value>Test</value>
                      </entry>
                    </metadata>
                  </testStep>
                  <children />
                  <result assertCount="1" duration="0.1735807">
                    <outcome status="passed" />
                  </result>
                  <testLog>
                    <streams />
                    <attachments />
                  </testLog>
                </testStepRun>
                <testStepRun startTime="2011-08-05T15:50:56.8837205+09:30" endTime="2011-08-05T15:50:56.8837205+09:30">
                  <testStep id="13f8e0f0d9284932" name="FK_LoadForeignKeys" fullName="SubSonic.Tests/ForeignKeyTests/FK_LoadForeignKeys" testId="b91e0145401cd49" isPrimary="true" isTestCase="true" isDynamic="false">
                    <codeReference assembly="SubSonic.Tests, Version=2.2.1.0, Culture=neutral, PublicKeyToken=null" namespace="SubSonic.Tests" type="SubSonic.Tests.ForeignKeyTests" member="FK_LoadForeignKeys" />
                    <codeLocation path="C:\data\SubsonicRoot\ss2\SubSonic.Tests\ForeignKeyTests.cs" line="49" />
                    <metadata>
                      <entry key="TestKind">
                        <value>Test</value>
                      </entry>
                    </metadata>
                  </testStep>
                  <children />
                  <result assertCount="1" duration="0.2011337">
                    <outcome status="passed" />
                  </result>
                  <testLog>
                    <streams />
                    <attachments />
                  </testLog>
                </testStepRun>
                <testStepRun startTime="2011-08-05T15:50:56.8993455+09:30" endTime="2011-08-05T15:50:57.0399705+09:30">
                  <testStep id="da936227f652a922" name="FK_Properties" fullName="SubSonic.Tests/ForeignKeyTests/FK_Properties" testId="9e8326ab86d748d5" isPrimary="true" isTestCase="true" isDynamic="false">
                    <codeReference assembly="SubSonic.Tests, Version=2.2.1.0, Culture=neutral, PublicKeyToken=null" namespace="SubSonic.Tests" type="SubSonic.Tests.ForeignKeyTests" member="FK_Properties" />
                    <codeLocation path="C:\data\SubsonicRoot\ss2\SubSonic.Tests\ForeignKeyTests.cs" line="69" />
                    <metadata>
                      <entry key="TestKind">
                        <value>Test</value>
                      </entry>
                    </metadata>
                  </testStep>
                  <children />
                  <result assertCount="0" duration="0.0227284">
                    <outcome status="failed" />
                  </result>
                  <testLog>
                    <streams>
                      <stream name="Failures">
                        <body>
                          <contents>
                            <section name="Execute">
                              <contents>
                                <marker class="Exception">
                                  <contents>
                                    <marker class="ExceptionType">
                                      <contents>
                                        <text><![CDATA[System.Data.SqlClient.SqlException]]></text>
                                      </contents>
                                      <attributes />
                                    </marker>
                                    <text><![CDATA[: ]]></text>
                                    <marker class="ExceptionMessage">
                                      <contents>
                                        <text><![CDATA[Incorrect syntax near the keyword 'ORDER'.]]></text>
                                      </contents>
                                      <attributes />
                                    </marker>
                                    <text><![CDATA[
]]></text>
                                    <marker class="ExceptionPropertyName">
                                      <contents>
                                        <text><![CDATA[Errors]]></text>
                                      </contents>
                                      <attributes />
                                    </marker>
                                    <text><![CDATA[: ]]></text>
                                    <marker class="ExceptionPropertyValue">
                                      <contents>
                                        <text><![CDATA[System.Data.SqlClient.SqlErrorCollection]]></text>
                                      </contents>
                                      <attributes />
                                    </marker>
                                    <text><![CDATA[
]]></text>
                                    <marker class="ExceptionPropertyName">
                                      <contents>
                                        <text><![CDATA[Class]]></text>
                                      </contents>
                                      <attributes />
                                    </marker>
                                    <text><![CDATA[: ]]></text>
                                    <marker class="ExceptionPropertyValue">
                                      <contents>
                                        <text><![CDATA[15]]></text>
                                      </contents>
                                      <attributes />
                                    </marker>
                                    <text><![CDATA[
]]></text>
                                    <marker class="ExceptionPropertyName">
                                      <contents>
                                        <text><![CDATA[LineNumber]]></text>
                                      </contents>
                                      <attributes />
                                    </marker>
                                    <text><![CDATA[: ]]></text>
                                    <marker class="ExceptionPropertyValue">
                                      <contents>
                                        <text><![CDATA[1]]></text>
                                      </contents>
                                      <attributes />
                                    </marker>
                                    <text><![CDATA[
]]></text>
                                    <marker class="ExceptionPropertyName">
                                      <contents>
                                        <text><![CDATA[Number]]></text>
                                      </contents>
                                      <attributes />
                                    </marker>
                                    <text><![CDATA[: ]]></text>
                                    <marker class="ExceptionPropertyValue">
                                      <contents>
                                        <text><![CDATA[156]]></text>
                                      </contents>
                                      <attributes />
                                    </marker>
                                    <text><![CDATA[
]]></text>
                                    <marker class="ExceptionPropertyName">
                                      <contents>
                                        <text><![CDATA[Procedure]]></text>
                                      </contents>
                                      <attributes />
                                    </marker>
                                    <text><![CDATA[: ]]></text>
                                    <marker class="ExceptionPropertyValue">
                                      <contents />
                                      <attributes />
                                    </marker>
                                    <text><![CDATA[
]]></text>
                                    <marker class="ExceptionPropertyName">
                                      <contents>
                                        <text><![CDATA[Server]]></text>
                                      </contents>
                                      <attributes />
                                    </marker>
                                    <text><![CDATA[: ]]></text>
                                    <marker class="ExceptionPropertyValue">
                                      <contents>
                                        <text><![CDATA[ANAXIMANDER\SQLEXPRESS]]></text>
                                      </contents>
                                      <attributes />
                                    </marker>
                                    <text><![CDATA[
]]></text>
                                    <marker class="ExceptionPropertyName">
                                      <contents>
                                        <text><![CDATA[State]]></text>
                                      </contents>
                                      <attributes />
                                    </marker>
                                    <text><![CDATA[: ]]></text>
                                    <marker class="ExceptionPropertyValue">
                                      <contents>
                                        <text><![CDATA[1]]></text>
                                      </contents>
                                      <attributes />
                                    </marker>
                                    <text><![CDATA[
]]></text>
                                    <marker class="ExceptionPropertyName">
                                      <contents>
                                        <text><![CDATA[ErrorCode]]></text>
                                      </contents>
                                      <attributes />
                                    </marker>
                                    <text><![CDATA[: ]]></text>
                                    <marker class="ExceptionPropertyValue">
                                      <contents>
                                        <text><![CDATA[-2146232060]]></text>
                                      </contents>
                                      <attributes />
                                    </marker>
                                    <text><![CDATA[
]]></text>
                                    <marker class="StackTrace">
                                      <contents>
                                        <text><![CDATA[   at System.Data.SqlClient.SqlConnection.OnError(SqlException exception, Boolean breakConnection)
   at System.Data.SqlClient.SqlInternalConnection.OnError(SqlException exception, Boolean breakConnection)
   at System.Data.SqlClient.TdsParser.ThrowExceptionAndWarning(TdsParserStateObject stateObj)
   at System.Data.SqlClient.TdsParser.Run(RunBehavior runBehavior, SqlCommand cmdHandler, SqlDataReader dataStream, BulkCopySimpleResultSet bulkCopyHandler, TdsParserStateObject stateObj)
   at System.Data.SqlClient.SqlDataReader.ConsumeMetaData()
   at System.Data.SqlClient.SqlDataReader.get_MetaData()
   at System.Data.SqlClient.SqlCommand.FinishExecuteReader(SqlDataReader ds, RunBehavior runBehavior, String resetOptionsString)
   at System.Data.SqlClient.SqlCommand.RunExecuteReaderTds(CommandBehavior cmdBehavior, RunBehavior runBehavior, Boolean returnStream, Boolean async)
   at System.Data.SqlClient.SqlCommand.RunExecuteReader(CommandBehavior cmdBehavior, RunBehavior runBehavior, Boolean returnStream, String method, DbAsyncResult result)
   at System.Data.SqlClient.SqlCommand.RunExecuteReader(CommandBehavior cmdBehavior, RunBehavior runBehavior, Boolean returnStream, String method)
   at System.Data.SqlClient.SqlCommand.ExecuteReader(CommandBehavior behavior, String method)
   at System.Data.SqlClient.SqlCommand.ExecuteReader(CommandBehavior behavior)
   at SubSonic.SqlDataProvider.GetReader(QueryCommand qry) in ]]></text>
                                        <marker class="CodeLocation">
                                          <contents>
                                            <text><![CDATA[C:\data\SubsonicRoot\ss2\SubSonic\DataProviders\SqlDataProvider.cs:line 384]]></text>
                                          </contents>
                                          <attributes>
                                            <attribute name="line" value="384" />
                                            <attribute name="path" value="C:\data\SubsonicRoot\ss2\SubSonic\DataProviders\SqlDataProvider.cs" />
                                          </attributes>
                                        </marker>
                                        <text><![CDATA[
   at SubSonic.DataService.GetReader(QueryCommand cmd) in ]]></text>
                                        <marker class="CodeLocation">
                                          <contents>
                                            <text><![CDATA[C:\data\SubsonicRoot\ss2\SubSonic\DataProviders\DataService.cs:line 506]]></text>
                                          </contents>
                                          <attributes>
                                            <attribute name="line" value="506" />
                                            <attribute name="path" value="C:\data\SubsonicRoot\ss2\SubSonic\DataProviders\DataService.cs" />
                                          </attributes>
                                        </marker>
                                        <text><![CDATA[
   at SubSonic.Query.ExecuteReader() in ]]></text>
                                        <marker class="CodeLocation">
                                          <contents>
                                            <text><![CDATA[C:\data\SubsonicRoot\ss2\SubSonic\Sql Tools\Query.cs:line 1814]]></text>
                                          </contents>
                                          <attributes>
                                            <attribute name="line" value="1814" />
                                            <attribute name="path" value="C:\data\SubsonicRoot\ss2\SubSonic\Sql Tools\Query.cs" />
                                          </attributes>
                                        </marker>
                                        <text><![CDATA[
   at SubSonic.ReadOnlyRecord`1.LoadByKey(Object keyID) in ]]></text>
                                        <marker class="CodeLocation">
                                          <contents>
                                            <text><![CDATA[C:\data\SubsonicRoot\ss2\SubSonic\ActiveRecord\ReadOnlyRecord.cs:line 72]]></text>
                                          </contents>
                                          <attributes>
                                            <attribute name="line" value="72" />
                                            <attribute name="path" value="C:\data\SubsonicRoot\ss2\SubSonic\ActiveRecord\ReadOnlyRecord.cs" />
                                          </attributes>
                                        </marker>
                                        <text><![CDATA[
   at Northwind.Product..ctor(Object keyID) in ]]></text>
                                        <marker class="CodeLocation">
                                          <contents>
                                            <text><![CDATA[C:\data\SubsonicRoot\ss2\SubSonic.Tests\Generated\Northwind\Product.cs:line 93]]></text>
                                          </contents>
                                          <attributes>
                                            <attribute name="line" value="93" />
                                            <attribute name="path" value="C:\data\SubsonicRoot\ss2\SubSonic.Tests\Generated\Northwind\Product.cs" />
                                          </attributes>
                                        </marker>
                                        <text><![CDATA[
   at SubSonic.Tests.ForeignKeyTests.FK_Properties() in ]]></text>
                                        <marker class="CodeLocation">
                                          <contents>
                                            <text><![CDATA[C:\data\SubsonicRoot\ss2\SubSonic.Tests\ForeignKeyTests.cs:line 70]]></text>
                                          </contents>
                                          <attributes>
                                            <attribute name="line" value="70" />
                                            <attribute name="path" value="C:\data\SubsonicRoot\ss2\SubSonic.Tests\ForeignKeyTests.cs" />
                                          </attributes>
                                        </marker>
                                      </contents>
                                      <attributes />
                                    </marker>
                                  </contents>
                                  <attributes />
                                </marker>
                              </contents>
                            </section>
                          </contents>
                        </body>
                      </stream>
                    </streams>
                    <attachments />
                  </testLog>
                </testStepRun>
              </children>
              <result assertCount="2" duration="0.4075662">
                <outcome status="failed" />
              </result>
              <testLog>
                <streams />
                <attachments />
              </testLog>
            </testStepRun>
            <testStepRun startTime="2011-08-05T15:50:57.0399705+09:30" endTime="2011-08-05T15:50:57.7118455+09:30">
              <testStep id="608bdab37f4b3ba7" name="GeneratedObjectTests" fullName="SubSonic.Tests/GeneratedObjectTests" testId="82e4f995d1ef4b99" isPrimary="true" isTestCase="false" isDynamic="false">
                <codeReference assembly="SubSonic.Tests, Version=2.2.1.0, Culture=neutral, PublicKeyToken=null" namespace="SubSonic.Tests" type="SubSonic.Tests.GeneratedObjectTests" />
                <codeLocation path="C:\data\SubsonicRoot\ss2\SubSonic.Tests\GeneratedObjectTests.cs" />
                <metadata>
                  <entry key="TestKind">
                    <value>Fixture</value>
                  </entry>
                </metadata>
              </testStep>
              <children>
                <testStepRun startTime="2011-08-05T15:50:57.0555955+09:30" endTime="2011-08-05T15:50:57.1962205+09:30">
                  <testStep id="f727966573f4b98b" name="Collections_DeletedTest" fullName="SubSonic.Tests/GeneratedObjectTests/Collections_DeletedTest" testId="c7acc287a1bc8226" isPrimary="true" isTestCase="true" isDynamic="false">
                    <codeReference assembly="SubSonic.Tests, Version=2.2.1.0, Culture=neutral, PublicKeyToken=null" namespace="SubSonic.Tests" type="SubSonic.Tests.GeneratedObjectTests" member="Collections_DeletedTest" />
                    <codeLocation path="C:\data\SubsonicRoot\ss2\SubSonic.Tests\GeneratedObjectTests.cs" line="51" />
                    <metadata>
                      <entry key="TestKind">
                        <value>Test</value>
                      </entry>
                    </metadata>
                  </testStep>
                  <children />
                  <result assertCount="0" duration="0.0330388">
                    <outcome status="failed" />
                  </result>
                  <testLog>
                    <streams>
                      <stream name="Failures">
                        <body>
                          <contents>
                            <section name="Execute">
                              <contents>
                                <marker class="Exception">
                                  <contents>
                                    <marker class="ExceptionType">
                                      <contents>
                                        <text><![CDATA[System.Data.SqlClient.SqlException]]></text>
                                      </contents>
                                      <attributes />
                                    </marker>
                                    <text><![CDATA[: ]]></text>
                                    <marker class="ExceptionMessage">
                                      <contents>
                                        <text><![CDATA[Incorrect syntax near the keyword 'ORDER'.]]></text>
                                      </contents>
                                      <attributes />
                                    </marker>
                                    <text><![CDATA[
]]></text>
                                    <marker class="ExceptionPropertyName">
                                      <contents>
                                        <text><![CDATA[Errors]]></text>
                                      </contents>
                                      <attributes />
                                    </marker>
                                    <text><![CDATA[: ]]></text>
                                    <marker class="ExceptionPropertyValue">
                                      <contents>
                                        <text><![CDATA[System.Data.SqlClient.SqlErrorCollection]]></text>
                                      </contents>
                                      <attributes />
                                    </marker>
                                    <text><![CDATA[
]]></text>
                                    <marker class="ExceptionPropertyName">
                                      <contents>
                                        <text><![CDATA[Class]]></text>
                                      </contents>
                                      <attributes />
                                    </marker>
                                    <text><![CDATA[: ]]></text>
                                    <marker class="ExceptionPropertyValue">
                                      <contents>
                                        <text><![CDATA[15]]></text>
                                      </contents>
                                      <attributes />
                                    </marker>
                                    <text><![CDATA[
]]></text>
                                    <marker class="ExceptionPropertyName">
                                      <contents>
                                        <text><![CDATA[LineNumber]]></text>
                                      </contents>
                                      <attributes />
                                    </marker>
                                    <text><![CDATA[: ]]></text>
                                    <marker class="ExceptionPropertyValue">
                                      <contents>
                                        <text><![CDATA[1]]></text>
                                      </contents>
                                      <attributes />
                                    </marker>
                                    <text><![CDATA[
]]></text>
                                    <marker class="ExceptionPropertyName">
                                      <contents>
                                        <text><![CDATA[Number]]></text>
                                      </contents>
                                      <attributes />
                                    </marker>
                                    <text><![CDATA[: ]]></text>
                                    <marker class="ExceptionPropertyValue">
                                      <contents>
                                        <text><![CDATA[156]]></text>
                                      </contents>
                                      <attributes />
                                    </marker>
                                    <text><![CDATA[
]]></text>
                                    <marker class="ExceptionPropertyName">
                                      <contents>
                                        <text><![CDATA[Procedure]]></text>
                                      </contents>
                                      <attributes />
                                    </marker>
                                    <text><![CDATA[: ]]></text>
                                    <marker class="ExceptionPropertyValue">
                                      <contents />
                                      <attributes />
                                    </marker>
                                    <text><![CDATA[
]]></text>
                                    <marker class="ExceptionPropertyName">
                                      <contents>
                                        <text><![CDATA[Server]]></text>
                                      </contents>
                                      <attributes />
                                    </marker>
                                    <text><![CDATA[: ]]></text>
                                    <marker class="ExceptionPropertyValue">
                                      <contents>
                                        <text><![CDATA[ANAXIMANDER\SQLEXPRESS]]></text>
                                      </contents>
                                      <attributes />
                                    </marker>
                                    <text><![CDATA[
]]></text>
                                    <marker class="ExceptionPropertyName">
                                      <contents>
                                        <text><![CDATA[State]]></text>
                                      </contents>
                                      <attributes />
                                    </marker>
                                    <text><![CDATA[: ]]></text>
                                    <marker class="ExceptionPropertyValue">
                                      <contents>
                                        <text><![CDATA[1]]></text>
                                      </contents>
                                      <attributes />
                                    </marker>
                                    <text><![CDATA[
]]></text>
                                    <marker class="ExceptionPropertyName">
                                      <contents>
                                        <text><![CDATA[ErrorCode]]></text>
                                      </contents>
                                      <attributes />
                                    </marker>
                                    <text><![CDATA[: ]]></text>
                                    <marker class="ExceptionPropertyValue">
                                      <contents>
                                        <text><![CDATA[-2146232060]]></text>
                                      </contents>
                                      <attributes />
                                    </marker>
                                    <text><![CDATA[
]]></text>
                                    <marker class="StackTrace">
                                      <contents>
                                        <text><![CDATA[   at System.Data.SqlClient.SqlConnection.OnError(SqlException exception, Boolean breakConnection)
   at System.Data.SqlClient.SqlInternalConnection.OnError(SqlException exception, Boolean breakConnection)
   at System.Data.SqlClient.TdsParser.ThrowExceptionAndWarning(TdsParserStateObject stateObj)
   at System.Data.SqlClient.TdsParser.Run(RunBehavior runBehavior, SqlCommand cmdHandler, SqlDataReader dataStream, BulkCopySimpleResultSet bulkCopyHandler, TdsParserStateObject stateObj)
   at System.Data.SqlClient.SqlDataReader.ConsumeMetaData()
   at System.Data.SqlClient.SqlDataReader.get_MetaData()
   at System.Data.SqlClient.SqlCommand.FinishExecuteReader(SqlDataReader ds, RunBehavior runBehavior, String resetOptionsString)
   at System.Data.SqlClient.SqlCommand.RunExecuteReaderTds(CommandBehavior cmdBehavior, RunBehavior runBehavior, Boolean returnStream, Boolean async)
   at System.Data.SqlClient.SqlCommand.RunExecuteReader(CommandBehavior cmdBehavior, RunBehavior runBehavior, Boolean returnStream, String method, DbAsyncResult result)
   at System.Data.SqlClient.SqlCommand.RunExecuteReader(CommandBehavior cmdBehavior, RunBehavior runBehavior, Boolean returnStream, String method)
   at System.Data.SqlClient.SqlCommand.ExecuteReader(CommandBehavior behavior, String method)
   at System.Data.SqlClient.SqlCommand.ExecuteReader(CommandBehavior behavior)
   at SubSonic.SqlDataProvider.GetReader(QueryCommand qry) in ]]></text>
                                        <marker class="CodeLocation">
                                          <contents>
                                            <text><![CDATA[C:\data\SubsonicRoot\ss2\SubSonic\DataProviders\SqlDataProvider.cs:line 384]]></text>
                                          </contents>
                                          <attributes>
                                            <attribute name="line" value="384" />
                                            <attribute name="path" value="C:\data\SubsonicRoot\ss2\SubSonic\DataProviders\SqlDataProvider.cs" />
                                          </attributes>
                                        </marker>
                                        <text><![CDATA[
   at SubSonic.DataService.GetReader(QueryCommand cmd) in ]]></text>
                                        <marker class="CodeLocation">
                                          <contents>
                                            <text><![CDATA[C:\data\SubsonicRoot\ss2\SubSonic\DataProviders\DataService.cs:line 506]]></text>
                                          </contents>
                                          <attributes>
                                            <attribute name="line" value="506" />
                                            <attribute name="path" value="C:\data\SubsonicRoot\ss2\SubSonic\DataProviders\DataService.cs" />
                                          </attributes>
                                        </marker>
                                        <text><![CDATA[
   at SubSonic.Query.ExecuteReader() in ]]></text>
                                        <marker class="CodeLocation">
                                          <contents>
                                            <text><![CDATA[C:\data\SubsonicRoot\ss2\SubSonic\Sql Tools\Query.cs:line 1814]]></text>
                                          </contents>
                                          <attributes>
                                            <attribute name="line" value="1814" />
                                            <attribute name="path" value="C:\data\SubsonicRoot\ss2\SubSonic\Sql Tools\Query.cs" />
                                          </attributes>
                                        </marker>
                                        <text><![CDATA[
   at SubSonic.AbstractList`2.Load() in ]]></text>
                                        <marker class="CodeLocation">
                                          <contents>
                                            <text><![CDATA[C:\data\SubsonicRoot\ss2\SubSonic\ActiveRecord\AbstractList.cs:line 469]]></text>
                                          </contents>
                                          <attributes>
                                            <attribute name="line" value="469" />
                                            <attribute name="path" value="C:\data\SubsonicRoot\ss2\SubSonic\ActiveRecord\AbstractList.cs" />
                                          </attributes>
                                        </marker>
                                        <text><![CDATA[
   at SubSonic.Tests.GeneratedObjectTests.Collections_DeletedTest() in ]]></text>
                                        <marker class="CodeLocation">
                                          <contents>
                                            <text><![CDATA[C:\data\SubsonicRoot\ss2\SubSonic.Tests\GeneratedObjectTests.cs:line 52]]></text>
                                          </contents>
                                          <attributes>
                                            <attribute name="line" value="52" />
                                            <attribute name="path" value="C:\data\SubsonicRoot\ss2\SubSonic.Tests\GeneratedObjectTests.cs" />
                                          </attributes>
                                        </marker>
                                      </contents>
                                      <attributes />
                                    </marker>
                                  </contents>
                                  <attributes />
                                </marker>
                              </contents>
                            </section>
                          </contents>
                        </body>
                      </stream>
                    </streams>
                    <attachments />
                  </testLog>
                </testStepRun>
                <testStepRun startTime="2011-08-05T15:50:57.1962205+09:30" endTime="2011-08-05T15:50:57.2118455+09:30">
                  <testStep id="2d47dc12c4486578" name="Object_CRUD" fullName="SubSonic.Tests/GeneratedObjectTests/Object_CRUD" testId="40bb206d85a9b796" isPrimary="true" isTestCase="true" isDynamic="false">
                    <codeReference assembly="SubSonic.Tests, Version=2.2.1.0, Culture=neutral, PublicKeyToken=null" namespace="SubSonic.Tests" type="SubSonic.Tests.GeneratedObjectTests" member="Object_CRUD" />
                    <codeLocation path="C:\data\SubsonicRoot\ss2\SubSonic.Tests\GeneratedObjectTests.cs" line="99" />
                    <metadata>
                      <entry key="TestKind">
                        <value>Test</value>
                      </entry>
                    </metadata>
                  </testStep>
                  <children />
                  <result assertCount="2" duration="0.0176431">
                    <outcome status="passed" />
                  </result>
                  <testLog>
                    <streams />
                    <attachments />
                  </testLog>
                </testStepRun>
                <testStepRun startTime="2011-08-05T15:50:57.2118455+09:30" endTime="2011-08-05T15:50:57.2118455+09:30">
                  <testStep id="a218a033f1d6c862" name="Object_DefaultSettings" fullName="SubSonic.Tests/GeneratedObjectTests/Object_DefaultSettings" testId="f95d8f08e78840f5" isPrimary="true" isTestCase="true" isDynamic="false">
                    <codeReference assembly="SubSonic.Tests, Version=2.2.1.0, Culture=neutral, PublicKeyToken=null" namespace="SubSonic.Tests" type="SubSonic.Tests.GeneratedObjectTests" member="Object_DefaultSettings" />
                    <codeLocation path="C:\data\SubsonicRoot\ss2\SubSonic.Tests\GeneratedObjectTests.cs" line="155" />
                    <metadata>
                      <entry key="TestKind">
                        <value>Test</value>
                      </entry>
                    </metadata>
                  </testStep>
                  <children />
                  <result assertCount="2" duration="0.050765199999999996">
                    <outcome status="passed" />
                  </result>
                  <testLog>
                    <streams />
                    <attachments />
                  </testLog>
                </testStepRun>
                <testStepRun startTime="2011-08-05T15:50:57.2118455+09:30" endTime="2011-08-05T15:50:57.3368455+09:30">
                  <testStep id="9f7728b089beb53c" name="Object_Query" fullName="SubSonic.Tests/GeneratedObjectTests/Object_Query" testId="3c3bbcc98ccd4e2f" isPrimary="true" isTestCase="true" isDynamic="false">
                    <codeReference assembly="SubSonic.Tests, Version=2.2.1.0, Culture=neutral, PublicKeyToken=null" namespace="SubSonic.Tests" type="SubSonic.Tests.GeneratedObjectTests" member="Object_Query" />
                    <codeLocation path="C:\data\SubsonicRoot\ss2\SubSonic.Tests\GeneratedObjectTests.cs" line="85" />
                    <metadata>
                      <entry key="TestKind">
                        <value>Test</value>
                      </entry>
                    </metadata>
                  </testStep>
                  <children />
                  <result assertCount="0" duration="0.020565299999999998">
                    <outcome status="failed" />
                  </result>
                  <testLog>
                    <streams>
                      <stream name="Failures">
                        <body>
                          <contents>
                            <section name="Execute">
                              <contents>
                                <marker class="Exception">
                                  <contents>
                                    <marker class="ExceptionType">
                                      <contents>
                                        <text><![CDATA[System.Data.SqlClient.SqlException]]></text>
                                      </contents>
                                      <attributes />
                                    </marker>
                                    <text><![CDATA[: ]]></text>
                                    <marker class="ExceptionMessage">
                                      <contents>
                                        <text><![CDATA[Incorrect syntax near the keyword 'ORDER'.]]></text>
                                      </contents>
                                      <attributes />
                                    </marker>
                                    <text><![CDATA[
]]></text>
                                    <marker class="ExceptionPropertyName">
                                      <contents>
                                        <text><![CDATA[Errors]]></text>
                                      </contents>
                                      <attributes />
                                    </marker>
                                    <text><![CDATA[: ]]></text>
                                    <marker class="ExceptionPropertyValue">
                                      <contents>
                                        <text><![CDATA[System.Data.SqlClient.SqlErrorCollection]]></text>
                                      </contents>
                                      <attributes />
                                    </marker>
                                    <text><![CDATA[
]]></text>
                                    <marker class="ExceptionPropertyName">
                                      <contents>
                                        <text><![CDATA[Class]]></text>
                                      </contents>
                                      <attributes />
                                    </marker>
                                    <text><![CDATA[: ]]></text>
                                    <marker class="ExceptionPropertyValue">
                                      <contents>
                                        <text><![CDATA[15]]></text>
                                      </contents>
                                      <attributes />
                                    </marker>
                                    <text><![CDATA[
]]></text>
                                    <marker class="ExceptionPropertyName">
                                      <contents>
                                        <text><![CDATA[LineNumber]]></text>
                                      </contents>
                                      <attributes />
                                    </marker>
                                    <text><![CDATA[: ]]></text>
                                    <marker class="ExceptionPropertyValue">
                                      <contents>
                                        <text><![CDATA[1]]></text>
                                      </contents>
                                      <attributes />
                                    </marker>
                                    <text><![CDATA[
]]></text>
                                    <marker class="ExceptionPropertyName">
                                      <contents>
                                        <text><![CDATA[Number]]></text>
                                      </contents>
                                      <attributes />
                                    </marker>
                                    <text><![CDATA[: ]]></text>
                                    <marker class="ExceptionPropertyValue">
                                      <contents>
                                        <text><![CDATA[156]]></text>
                                      </contents>
                                      <attributes />
                                    </marker>
                                    <text><![CDATA[
]]></text>
                                    <marker class="ExceptionPropertyName">
                                      <contents>
                                        <text><![CDATA[Procedure]]></text>
                                      </contents>
                                      <attributes />
                                    </marker>
                                    <text><![CDATA[: ]]></text>
                                    <marker class="ExceptionPropertyValue">
                                      <contents />
                                      <attributes />
                                    </marker>
                                    <text><![CDATA[
]]></text>
                                    <marker class="ExceptionPropertyName">
                                      <contents>
                                        <text><![CDATA[Server]]></text>
                                      </contents>
                                      <attributes />
                                    </marker>
                                    <text><![CDATA[: ]]></text>
                                    <marker class="ExceptionPropertyValue">
                                      <contents>
                                        <text><![CDATA[ANAXIMANDER\SQLEXPRESS]]></text>
                                      </contents>
                                      <attributes />
                                    </marker>
                                    <text><![CDATA[
]]></text>
                                    <marker class="ExceptionPropertyName">
                                      <contents>
                                        <text><![CDATA[State]]></text>
                                      </contents>
                                      <attributes />
                                    </marker>
                                    <text><![CDATA[: ]]></text>
                                    <marker class="ExceptionPropertyValue">
                                      <contents>
                                        <text><![CDATA[1]]></text>
                                      </contents>
                                      <attributes />
                                    </marker>
                                    <text><![CDATA[
]]></text>
                                    <marker class="ExceptionPropertyName">
                                      <contents>
                                        <text><![CDATA[ErrorCode]]></text>
                                      </contents>
                                      <attributes />
                                    </marker>
                                    <text><![CDATA[: ]]></text>
                                    <marker class="ExceptionPropertyValue">
                                      <contents>
                                        <text><![CDATA[-2146232060]]></text>
                                      </contents>
                                      <attributes />
                                    </marker>
                                    <text><![CDATA[
]]></text>
                                    <marker class="StackTrace">
                                      <contents>
                                        <text><![CDATA[   at System.Data.SqlClient.SqlConnection.OnError(SqlException exception, Boolean breakConnection)
   at System.Data.SqlClient.SqlInternalConnection.OnError(SqlException exception, Boolean breakConnection)
   at System.Data.SqlClient.TdsParser.ThrowExceptionAndWarning(TdsParserStateObject stateObj)
   at System.Data.SqlClient.TdsParser.Run(RunBehavior runBehavior, SqlCommand cmdHandler, SqlDataReader dataStream, BulkCopySimpleResultSet bulkCopyHandler, TdsParserStateObject stateObj)
   at System.Data.SqlClient.SqlDataReader.ConsumeMetaData()
   at System.Data.SqlClient.SqlDataReader.get_MetaData()
   at System.Data.SqlClient.SqlCommand.FinishExecuteReader(SqlDataReader ds, RunBehavior runBehavior, String resetOptionsString)
   at System.Data.SqlClient.SqlCommand.RunExecuteReaderTds(CommandBehavior cmdBehavior, RunBehavior runBehavior, Boolean returnStream, Boolean async)
   at System.Data.SqlClient.SqlCommand.RunExecuteReader(CommandBehavior cmdBehavior, RunBehavior runBehavior, Boolean returnStream, String method, DbAsyncResult result)
   at System.Data.SqlClient.SqlCommand.RunExecuteReader(CommandBehavior cmdBehavior, RunBehavior runBehavior, Boolean returnStream, String method)
   at System.Data.SqlClient.SqlCommand.ExecuteReader(CommandBehavior behavior, String method)
   at System.Data.SqlClient.SqlCommand.ExecuteReader(CommandBehavior behavior)
   at SubSonic.SqlDataProvider.GetReader(QueryCommand qry) in ]]></text>
                                        <marker class="CodeLocation">
                                          <contents>
                                            <text><![CDATA[C:\data\SubsonicRoot\ss2\SubSonic\DataProviders\SqlDataProvider.cs:line 384]]></text>
                                          </contents>
                                          <attributes>
                                            <attribute name="line" value="384" />
                                            <attribute name="path" value="C:\data\SubsonicRoot\ss2\SubSonic\DataProviders\SqlDataProvider.cs" />
                                          </attributes>
                                        </marker>
                                        <text><![CDATA[
   at SubSonic.DataService.GetReader(QueryCommand cmd) in ]]></text>
                                        <marker class="CodeLocation">
                                          <contents>
                                            <text><![CDATA[C:\data\SubsonicRoot\ss2\SubSonic\DataProviders\DataService.cs:line 506]]></text>
                                          </contents>
                                          <attributes>
                                            <attribute name="line" value="506" />
                                            <attribute name="path" value="C:\data\SubsonicRoot\ss2\SubSonic\DataProviders\DataService.cs" />
                                          </attributes>
                                        </marker>
                                        <text><![CDATA[
   at SubSonic.Query.ExecuteReader() in ]]></text>
                                        <marker class="CodeLocation">
                                          <contents>
                                            <text><![CDATA[C:\data\SubsonicRoot\ss2\SubSonic\Sql Tools\Query.cs:line 1814]]></text>
                                          </contents>
                                          <attributes>
                                            <attribute name="line" value="1814" />
                                            <attribute name="path" value="C:\data\SubsonicRoot\ss2\SubSonic\Sql Tools\Query.cs" />
                                          </attributes>
                                        </marker>
                                        <text><![CDATA[
   at SubSonic.Tests.GeneratedObjectTests.Object_Query() in ]]></text>
                                        <marker class="CodeLocation">
                                          <contents>
                                            <text><![CDATA[C:\data\SubsonicRoot\ss2\SubSonic.Tests\GeneratedObjectTests.cs:line 86]]></text>
                                          </contents>
                                          <attributes>
                                            <attribute name="line" value="86" />
                                            <attribute name="path" value="C:\data\SubsonicRoot\ss2\SubSonic.Tests\GeneratedObjectTests.cs" />
                                          </attributes>
                                        </marker>
                                      </contents>
                                      <attributes />
                                    </marker>
                                  </contents>
                                  <attributes />
                                </marker>
                              </contents>
                            </section>
                          </contents>
                        </body>
                      </stream>
                    </streams>
                    <attachments />
                  </testLog>
                </testStepRun>
                <testStepRun startTime="2011-08-05T15:50:57.3368455+09:30" endTime="2011-08-05T15:50:57.4149705+09:30">
                  <testStep id="2e6fc627d2063fc9" name="Object_SchemaDefinition" fullName="SubSonic.Tests/GeneratedObjectTests/Object_SchemaDefinition" testId="29e469fbe053c6cc" isPrimary="true" isTestCase="true" isDynamic="false">
                    <codeReference assembly="SubSonic.Tests, Version=2.2.1.0, Culture=neutral, PublicKeyToken=null" namespace="SubSonic.Tests" type="SubSonic.Tests.GeneratedObjectTests" member="Object_SchemaDefinition" />
                    <codeLocation path="C:\data\SubsonicRoot\ss2\SubSonic.Tests\GeneratedObjectTests.cs" line="166" />
                    <metadata>
                      <entry key="TestKind">
                        <value>Test</value>
                      </entry>
                    </metadata>
                  </testStep>
                  <children />
                  <result assertCount="0" duration="0.0019233">
                    <outcome status="passed" />
                  </result>
                  <testLog>
                    <streams />
                    <attachments />
                  </testLog>
                </testStepRun>
                <testStepRun startTime="2011-08-05T15:50:57.4149705+09:30" endTime="2011-08-05T15:50:57.4149705+09:30">
                  <testStep id="d2d3d062038192ee" name="Object_Validation" fullName="SubSonic.Tests/GeneratedObjectTests/Object_Validation" testId="14c17386f5fc54" isPrimary="true" isTestCase="true" isDynamic="false">
                    <codeReference assembly="SubSonic.Tests, Version=2.2.1.0, Culture=neutral, PublicKeyToken=null" namespace="SubSonic.Tests" type="SubSonic.Tests.GeneratedObjectTests" member="Object_Validation" />
                    <codeLocation path="C:\data\SubsonicRoot\ss2\SubSonic.Tests\GeneratedObjectTests.cs" line="124" />
                    <metadata>
                      <entry key="TestKind">
                        <value>Test</value>
                      </entry>
                    </metadata>
                  </testStep>
                  <children />
                  <result assertCount="1" duration="0.0042969">
                    <outcome status="passed" />
                  </result>
                  <testLog>
                    <streams />
                    <attachments />
                  </testLog>
                </testStepRun>
                <testStepRun startTime="2011-08-05T15:50:57.4149705+09:30" endTime="2011-08-05T15:50:57.5868455+09:30">
                  <testStep id="e90eefd995f79490" name="Objects_DeletedTest" fullName="SubSonic.Tests/GeneratedObjectTests/Objects_DeletedTest" testId="bb5648aa7aeca27d" isPrimary="true" isTestCase="true" isDynamic="false">
                    <codeReference assembly="SubSonic.Tests, Version=2.2.1.0, Culture=neutral, PublicKeyToken=null" namespace="SubSonic.Tests" type="SubSonic.Tests.GeneratedObjectTests" member="Objects_DeletedTest" />
                    <codeLocation path="C:\data\SubsonicRoot\ss2\SubSonic.Tests\GeneratedObjectTests.cs" line="72" />
                    <metadata>
                      <entry key="TestKind">
                        <value>Test</value>
                      </entry>
                    </metadata>
                  </testStep>
                  <children />
                  <result assertCount="0" duration="0.0265719">
                    <outcome status="failed" />
                  </result>
                  <testLog>
                    <streams>
                      <stream name="Failures">
                        <body>
                          <contents>
                            <section name="Execute">
                              <contents>
                                <marker class="Exception">
                                  <contents>
                                    <marker class="ExceptionType">
                                      <contents>
                                        <text><![CDATA[System.Data.SqlClient.SqlException]]></text>
                                      </contents>
                                      <attributes />
                                    </marker>
                                    <text><![CDATA[: ]]></text>
                                    <marker class="ExceptionMessage">
                                      <contents>
                                        <text><![CDATA[Incorrect syntax near the keyword 'ORDER'.]]></text>
                                      </contents>
                                      <attributes />
                                    </marker>
                                    <text><![CDATA[
]]></text>
                                    <marker class="ExceptionPropertyName">
                                      <contents>
                                        <text><![CDATA[Errors]]></text>
                                      </contents>
                                      <attributes />
                                    </marker>
                                    <text><![CDATA[: ]]></text>
                                    <marker class="ExceptionPropertyValue">
                                      <contents>
                                        <text><![CDATA[System.Data.SqlClient.SqlErrorCollection]]></text>
                                      </contents>
                                      <attributes />
                                    </marker>
                                    <text><![CDATA[
]]></text>
                                    <marker class="ExceptionPropertyName">
                                      <contents>
                                        <text><![CDATA[Class]]></text>
                                      </contents>
                                      <attributes />
                                    </marker>
                                    <text><![CDATA[: ]]></text>
                                    <marker class="ExceptionPropertyValue">
                                      <contents>
                                        <text><![CDATA[15]]></text>
                                      </contents>
                                      <attributes />
                                    </marker>
                                    <text><![CDATA[
]]></text>
                                    <marker class="ExceptionPropertyName">
                                      <contents>
                                        <text><![CDATA[LineNumber]]></text>
                                      </contents>
                                      <attributes />
                                    </marker>
                                    <text><![CDATA[: ]]></text>
                                    <marker class="ExceptionPropertyValue">
                                      <contents>
                                        <text><![CDATA[1]]></text>
                                      </contents>
                                      <attributes />
                                    </marker>
                                    <text><![CDATA[
]]></text>
                                    <marker class="ExceptionPropertyName">
                                      <contents>
                                        <text><![CDATA[Number]]></text>
                                      </contents>
                                      <attributes />
                                    </marker>
                                    <text><![CDATA[: ]]></text>
                                    <marker class="ExceptionPropertyValue">
                                      <contents>
                                        <text><![CDATA[156]]></text>
                                      </contents>
                                      <attributes />
                                    </marker>
                                    <text><![CDATA[
]]></text>
                                    <marker class="ExceptionPropertyName">
                                      <contents>
                                        <text><![CDATA[Procedure]]></text>
                                      </contents>
                                      <attributes />
                                    </marker>
                                    <text><![CDATA[: ]]></text>
                                    <marker class="ExceptionPropertyValue">
                                      <contents />
                                      <attributes />
                                    </marker>
                                    <text><![CDATA[
]]></text>
                                    <marker class="ExceptionPropertyName">
                                      <contents>
                                        <text><![CDATA[Server]]></text>
                                      </contents>
                                      <attributes />
                                    </marker>
                                    <text><![CDATA[: ]]></text>
                                    <marker class="ExceptionPropertyValue">
                                      <contents>
                                        <text><![CDATA[ANAXIMANDER\SQLEXPRESS]]></text>
                                      </contents>
                                      <attributes />
                                    </marker>
                                    <text><![CDATA[
]]></text>
                                    <marker class="ExceptionPropertyName">
                                      <contents>
                                        <text><![CDATA[State]]></text>
                                      </contents>
                                      <attributes />
                                    </marker>
                                    <text><![CDATA[: ]]></text>
                                    <marker class="ExceptionPropertyValue">
                                      <contents>
                                        <text><![CDATA[1]]></text>
                                      </contents>
                                      <attributes />
                                    </marker>
                                    <text><![CDATA[
]]></text>
                                    <marker class="ExceptionPropertyName">
                                      <contents>
                                        <text><![CDATA[ErrorCode]]></text>
                                      </contents>
                                      <attributes />
                                    </marker>
                                    <text><![CDATA[: ]]></text>
                                    <marker class="ExceptionPropertyValue">
                                      <contents>
                                        <text><![CDATA[-2146232060]]></text>
                                      </contents>
                                      <attributes />
                                    </marker>
                                    <text><![CDATA[
]]></text>
                                    <marker class="StackTrace">
                                      <contents>
                                        <text><![CDATA[   at System.Data.SqlClient.SqlConnection.OnError(SqlException exception, Boolean breakConnection)
   at System.Data.SqlClient.SqlInternalConnection.OnError(SqlException exception, Boolean breakConnection)
   at System.Data.SqlClient.TdsParser.ThrowExceptionAndWarning(TdsParserStateObject stateObj)
   at System.Data.SqlClient.TdsParser.Run(RunBehavior runBehavior, SqlCommand cmdHandler, SqlDataReader dataStream, BulkCopySimpleResultSet bulkCopyHandler, TdsParserStateObject stateObj)
   at System.Data.SqlClient.SqlDataReader.ConsumeMetaData()
   at System.Data.SqlClient.SqlDataReader.get_MetaData()
   at System.Data.SqlClient.SqlCommand.FinishExecuteReader(SqlDataReader ds, RunBehavior runBehavior, String resetOptionsString)
   at System.Data.SqlClient.SqlCommand.RunExecuteReaderTds(CommandBehavior cmdBehavior, RunBehavior runBehavior, Boolean returnStream, Boolean async)
   at System.Data.SqlClient.SqlCommand.RunExecuteReader(CommandBehavior cmdBehavior, RunBehavior runBehavior, Boolean returnStream, String method, DbAsyncResult result)
   at System.Data.SqlClient.SqlCommand.RunExecuteReader(CommandBehavior cmdBehavior, RunBehavior runBehavior, Boolean returnStream, String method)
   at System.Data.SqlClient.SqlCommand.ExecuteReader(CommandBehavior behavior, String method)
   at System.Data.SqlClient.SqlCommand.ExecuteReader(CommandBehavior behavior)
   at SubSonic.SqlDataProvider.GetReader(QueryCommand qry) in ]]></text>
                                        <marker class="CodeLocation">
                                          <contents>
                                            <text><![CDATA[C:\data\SubsonicRoot\ss2\SubSonic\DataProviders\SqlDataProvider.cs:line 384]]></text>
                                          </contents>
                                          <attributes>
                                            <attribute name="line" value="384" />
                                            <attribute name="path" value="C:\data\SubsonicRoot\ss2\SubSonic\DataProviders\SqlDataProvider.cs" />
                                          </attributes>
                                        </marker>
                                        <text><![CDATA[
   at SubSonic.DataService.GetReader(QueryCommand cmd) in ]]></text>
                                        <marker class="CodeLocation">
                                          <contents>
                                            <text><![CDATA[C:\data\SubsonicRoot\ss2\SubSonic\DataProviders\DataService.cs:line 506]]></text>
                                          </contents>
                                          <attributes>
                                            <attribute name="line" value="506" />
                                            <attribute name="path" value="C:\data\SubsonicRoot\ss2\SubSonic\DataProviders\DataService.cs" />
                                          </attributes>
                                        </marker>
                                        <text><![CDATA[
   at SubSonic.ReadOnlyRecord`1.FetchAll() in ]]></text>
                                        <marker class="CodeLocation">
                                          <contents>
                                            <text><![CDATA[C:\data\SubsonicRoot\ss2\SubSonic\ActiveRecord\ReadOnlyRecord.cs:line 217]]></text>
                                          </contents>
                                          <attributes>
                                            <attribute name="line" value="217" />
                                            <attribute name="path" value="C:\data\SubsonicRoot\ss2\SubSonic\ActiveRecord\ReadOnlyRecord.cs" />
                                          </attributes>
                                        </marker>
                                        <text><![CDATA[
   at SubSonic.Tests.GeneratedObjectTests.Objects_DeletedTest() in ]]></text>
                                        <marker class="CodeLocation">
                                          <contents>
                                            <text><![CDATA[C:\data\SubsonicRoot\ss2\SubSonic.Tests\GeneratedObjectTests.cs:line 73]]></text>
                                          </contents>
                                          <attributes>
                                            <attribute name="line" value="73" />
                                            <attribute name="path" value="C:\data\SubsonicRoot\ss2\SubSonic.Tests\GeneratedObjectTests.cs" />
                                          </attributes>
                                        </marker>
                                      </contents>
                                      <attributes />
                                    </marker>
                                  </contents>
                                  <attributes />
                                </marker>
                              </contents>
                            </section>
                          </contents>
                        </body>
                      </stream>
                    </streams>
                    <attachments />
                  </testLog>
                </testStepRun>
                <testStepRun startTime="2011-08-05T15:50:57.5868455+09:30" endTime="2011-08-05T15:50:57.7118455+09:30">
                  <testStep id="a024822183bd3f99" name="Objects_LoadListItems" fullName="SubSonic.Tests/GeneratedObjectTests/Objects_LoadListItems" testId="aeb613d93bc00de9" isPrimary="true" isTestCase="true" isDynamic="false">
                    <codeReference assembly="SubSonic.Tests, Version=2.2.1.0, Culture=neutral, PublicKeyToken=null" namespace="SubSonic.Tests" type="SubSonic.Tests.GeneratedObjectTests" member="Objects_LoadListItems" />
                    <codeLocation path="C:\data\SubsonicRoot\ss2\SubSonic.Tests\GeneratedObjectTests.cs" line="62" />
                    <metadata>
                      <entry key="TestKind">
                        <value>Test</value>
                      </entry>
                    </metadata>
                  </testStep>
                  <children />
                  <result assertCount="0" duration="0.0217989">
                    <outcome status="failed" />
                  </result>
                  <testLog>
                    <streams>
                      <stream name="Failures">
                        <body>
                          <contents>
                            <section name="Execute">
                              <contents>
                                <marker class="Exception">
                                  <contents>
                                    <marker class="ExceptionType">
                                      <contents>
                                        <text><![CDATA[System.Data.SqlClient.SqlException]]></text>
                                      </contents>
                                      <attributes />
                                    </marker>
                                    <text><![CDATA[: ]]></text>
                                    <marker class="ExceptionMessage">
                                      <contents>
                                        <text><![CDATA[Incorrect syntax near the keyword 'ORDER'.]]></text>
                                      </contents>
                                      <attributes />
                                    </marker>
                                    <text><![CDATA[
]]></text>
                                    <marker class="ExceptionPropertyName">
                                      <contents>
                                        <text><![CDATA[Errors]]></text>
                                      </contents>
                                      <attributes />
                                    </marker>
                                    <text><![CDATA[: ]]></text>
                                    <marker class="ExceptionPropertyValue">
                                      <contents>
                                        <text><![CDATA[System.Data.SqlClient.SqlErrorCollection]]></text>
                                      </contents>
                                      <attributes />
                                    </marker>
                                    <text><![CDATA[
]]></text>
                                    <marker class="ExceptionPropertyName">
                                      <contents>
                                        <text><![CDATA[Class]]></text>
                                      </contents>
                                      <attributes />
                                    </marker>
                                    <text><![CDATA[: ]]></text>
                                    <marker class="ExceptionPropertyValue">
                                      <contents>
                                        <text><![CDATA[15]]></text>
                                      </contents>
                                      <attributes />
                                    </marker>
                                    <text><![CDATA[
]]></text>
                                    <marker class="ExceptionPropertyName">
                                      <contents>
                                        <text><![CDATA[LineNumber]]></text>
                                      </contents>
                                      <attributes />
                                    </marker>
                                    <text><![CDATA[: ]]></text>
                                    <marker class="ExceptionPropertyValue">
                                      <contents>
                                        <text><![CDATA[1]]></text>
                                      </contents>
                                      <attributes />
                                    </marker>
                                    <text><![CDATA[
]]></text>
                                    <marker class="ExceptionPropertyName">
                                      <contents>
                                        <text><![CDATA[Number]]></text>
                                      </contents>
                                      <attributes />
                                    </marker>
                                    <text><![CDATA[: ]]></text>
                                    <marker class="ExceptionPropertyValue">
                                      <contents>
                                        <text><![CDATA[156]]></text>
                                      </contents>
                                      <attributes />
                                    </marker>
                                    <text><![CDATA[
]]></text>
                                    <marker class="ExceptionPropertyName">
                                      <contents>
                                        <text><![CDATA[Procedure]]></text>
                                      </contents>
                                      <attributes />
                                    </marker>
                                    <text><![CDATA[: ]]></text>
                                    <marker class="ExceptionPropertyValue">
                                      <contents />
                                      <attributes />
                                    </marker>
                                    <text><![CDATA[
]]></text>
                                    <marker class="ExceptionPropertyName">
                                      <contents>
                                        <text><![CDATA[Server]]></text>
                                      </contents>
                                      <attributes />
                                    </marker>
                                    <text><![CDATA[: ]]></text>
                                    <marker class="ExceptionPropertyValue">
                                      <contents>
                                        <text><![CDATA[ANAXIMANDER\SQLEXPRESS]]></text>
                                      </contents>
                                      <attributes />
                                    </marker>
                                    <text><![CDATA[
]]></text>
                                    <marker class="ExceptionPropertyName">
                                      <contents>
                                        <text><![CDATA[State]]></text>
                                      </contents>
                                      <attributes />
                                    </marker>
                                    <text><![CDATA[: ]]></text>
                                    <marker class="ExceptionPropertyValue">
                                      <contents>
                                        <text><![CDATA[1]]></text>
                                      </contents>
                                      <attributes />
                                    </marker>
                                    <text><![CDATA[
]]></text>
                                    <marker class="ExceptionPropertyName">
                                      <contents>
                                        <text><![CDATA[ErrorCode]]></text>
                                      </contents>
                                      <attributes />
                                    </marker>
                                    <text><![CDATA[: ]]></text>
                                    <marker class="ExceptionPropertyValue">
                                      <contents>
                                        <text><![CDATA[-2146232060]]></text>
                                      </contents>
                                      <attributes />
                                    </marker>
                                    <text><![CDATA[
]]></text>
                                    <marker class="StackTrace">
                                      <contents>
                                        <text><![CDATA[   at System.Data.SqlClient.SqlConnection.OnError(SqlException exception, Boolean breakConnection)
   at System.Data.SqlClient.SqlInternalConnection.OnError(SqlException exception, Boolean breakConnection)
   at System.Data.SqlClient.TdsParser.ThrowExceptionAndWarning(TdsParserStateObject stateObj)
   at System.Data.SqlClient.TdsParser.Run(RunBehavior runBehavior, SqlCommand cmdHandler, SqlDataReader dataStream, BulkCopySimpleResultSet bulkCopyHandler, TdsParserStateObject stateObj)
   at System.Data.SqlClient.SqlDataReader.ConsumeMetaData()
   at System.Data.SqlClient.SqlDataReader.get_MetaData()
   at System.Data.SqlClient.SqlCommand.FinishExecuteReader(SqlDataReader ds, RunBehavior runBehavior, String resetOptionsString)
   at System.Data.SqlClient.SqlCommand.RunExecuteReaderTds(CommandBehavior cmdBehavior, RunBehavior runBehavior, Boolean returnStream, Boolean async)
   at System.Data.SqlClient.SqlCommand.RunExecuteReader(CommandBehavior cmdBehavior, RunBehavior runBehavior, Boolean returnStream, String method, DbAsyncResult result)
   at System.Data.SqlClient.SqlCommand.RunExecuteReader(CommandBehavior cmdBehavior, RunBehavior runBehavior, Boolean returnStream, String method)
   at System.Data.SqlClient.SqlCommand.ExecuteReader(CommandBehavior behavior, String method)
   at System.Data.SqlClient.SqlCommand.ExecuteReader(CommandBehavior behavior)
   at SubSonic.SqlDataProvider.GetReader(QueryCommand qry) in ]]></text>
                                        <marker class="CodeLocation">
                                          <contents>
                                            <text><![CDATA[C:\data\SubsonicRoot\ss2\SubSonic\DataProviders\SqlDataProvider.cs:line 384]]></text>
                                          </contents>
                                          <attributes>
                                            <attribute name="line" value="384" />
                                            <attribute name="path" value="C:\data\SubsonicRoot\ss2\SubSonic\DataProviders\SqlDataProvider.cs" />
                                          </attributes>
                                        </marker>
                                        <text><![CDATA[
   at SubSonic.DataService.GetReader(QueryCommand cmd) in ]]></text>
                                        <marker class="CodeLocation">
                                          <contents>
                                            <text><![CDATA[C:\data\SubsonicRoot\ss2\SubSonic\DataProviders\DataService.cs:line 506]]></text>
                                          </contents>
                                          <attributes>
                                            <attribute name="line" value="506" />
                                            <attribute name="path" value="C:\data\SubsonicRoot\ss2\SubSonic\DataProviders\DataService.cs" />
                                          </attributes>
                                        </marker>
                                        <text><![CDATA[
   at SubSonic.Query.ExecuteReader() in ]]></text>
                                        <marker class="CodeLocation">
                                          <contents>
                                            <text><![CDATA[C:\data\SubsonicRoot\ss2\SubSonic\Sql Tools\Query.cs:line 1814]]></text>
                                          </contents>
                                          <attributes>
                                            <attribute name="line" value="1814" />
                                            <attribute name="path" value="C:\data\SubsonicRoot\ss2\SubSonic\Sql Tools\Query.cs" />
                                          </attributes>
                                        </marker>
                                        <text><![CDATA[
   at SubSonic.ReadOnlyRecord`1.GetListItems(String textColumn) in ]]></text>
                                        <marker class="CodeLocation">
                                          <contents>
                                            <text><![CDATA[C:\data\SubsonicRoot\ss2\SubSonic\ActiveRecord\ReadOnlyRecord.cs:line 456]]></text>
                                          </contents>
                                          <attributes>
                                            <attribute name="line" value="456" />
                                            <attribute name="path" value="C:\data\SubsonicRoot\ss2\SubSonic\ActiveRecord\ReadOnlyRecord.cs" />
                                          </attributes>
                                        </marker>
                                        <text><![CDATA[
   at SubSonic.ReadOnlyRecord`1.GetListItems() in ]]></text>
                                        <marker class="CodeLocation">
                                          <contents>
                                            <text><![CDATA[C:\data\SubsonicRoot\ss2\SubSonic\ActiveRecord\ReadOnlyRecord.cs:line 435]]></text>
                                          </contents>
                                          <attributes>
                                            <attribute name="line" value="435" />
                                            <attribute name="path" value="C:\data\SubsonicRoot\ss2\SubSonic\ActiveRecord\ReadOnlyRecord.cs" />
                                          </attributes>
                                        </marker>
                                        <text><![CDATA[
   at SubSonic.Tests.GeneratedObjectTests.Objects_LoadListItems() in ]]></text>
                                        <marker class="CodeLocation">
                                          <contents>
                                            <text><![CDATA[C:\data\SubsonicRoot\ss2\SubSonic.Tests\GeneratedObjectTests.cs:line 63]]></text>
                                          </contents>
                                          <attributes>
                                            <attribute name="line" value="63" />
                                            <attribute name="path" value="C:\data\SubsonicRoot\ss2\SubSonic.Tests\GeneratedObjectTests.cs" />
                                          </attributes>
                                        </marker>
                                      </contents>
                                      <attributes />
                                    </marker>
                                  </contents>
                                  <attributes />
                                </marker>
                              </contents>
                            </section>
                          </contents>
                        </body>
                      </stream>
                    </streams>
                    <attachments />
                  </testLog>
                </testStepRun>
              </children>
              <result assertCount="5" duration="0.20946779999999998">
                <outcome status="failed" />
              </result>
              <testLog>
                <streams />
                <attachments />
              </testLog>
            </testStepRun>
            <testStepRun startTime="2011-08-05T15:50:57.7118455+09:30" endTime="2011-08-05T15:50:57.7587205+09:30">
              <testStep id="35a425eb036e912a" name="InlineQueryTests" fullName="SubSonic.Tests/InlineQueryTests" testId="a4b3d38ff5d95786" isPrimary="true" isTestCase="false" isDynamic="false">
                <codeReference assembly="SubSonic.Tests, Version=2.2.1.0, Culture=neutral, PublicKeyToken=null" namespace="SubSonic.Tests.SqlQuery" type="SubSonic.Tests.SqlQuery.InlineQueryTests" />
                <codeLocation path="C:\data\SubsonicRoot\ss2\SubSonic.Tests\SqlQuery\InlineQueryTests.cs" />
                <metadata>
                  <entry key="TestKind">
                    <value>Fixture</value>
                  </entry>
                </metadata>
              </testStep>
              <children>
                <testStepRun startTime="2011-08-05T15:50:57.7274705+09:30" endTime="2011-08-05T15:50:57.7274705+09:30">
                  <testStep id="4fd7188a5f464c4f" name="Inline_AsCollection" fullName="SubSonic.Tests/InlineQueryTests/Inline_AsCollection" testId="505820a5874ad648" isPrimary="true" isTestCase="true" isDynamic="false">
                    <codeReference assembly="SubSonic.Tests, Version=2.2.1.0, Culture=neutral, PublicKeyToken=null" namespace="SubSonic.Tests.SqlQuery" type="SubSonic.Tests.SqlQuery.InlineQueryTests" member="Inline_AsCollection" />
                    <codeLocation path="C:\data\SubsonicRoot\ss2\SubSonic.Tests\SqlQuery\InlineQueryTests.cs" line="43" />
                    <metadata>
                      <entry key="TestKind">
                        <value>Test</value>
                      </entry>
                    </metadata>
                  </testStep>
                  <children />
                  <result assertCount="0" duration="0.0200263">
                    <outcome status="passed" />
                  </result>
                  <testLog>
                    <streams />
                    <attachments />
                  </testLog>
                </testStepRun>
                <testStepRun startTime="2011-08-05T15:50:57.7274705+09:30" endTime="2011-08-05T15:50:57.7430955+09:30">
                  <testStep id="b01876874a6c81dd" name="Inline_Simple" fullName="SubSonic.Tests/InlineQueryTests/Inline_Simple" testId="701cd850fa67c6c9" isPrimary="true" isTestCase="true" isDynamic="false">
                    <codeReference assembly="SubSonic.Tests, Version=2.2.1.0, Culture=neutral, PublicKeyToken=null" namespace="SubSonic.Tests.SqlQuery" type="SubSonic.Tests.SqlQuery.InlineQueryTests" member="Inline_Simple" />
                    <codeLocation path="C:\data\SubsonicRoot\ss2\SubSonic.Tests\SqlQuery\InlineQueryTests.cs" line="27" />
                    <metadata>
                      <entry key="TestKind">
                        <value>Test</value>
                      </entry>
                    </metadata>
                  </testStep>
                  <children />
                  <result assertCount="1" duration="0.0040774999999999995">
                    <outcome status="passed" />
                  </result>
                  <testLog>
                    <streams />
                    <attachments />
                  </testLog>
                </testStepRun>
                <testStepRun startTime="2011-08-05T15:50:57.7430955+09:30" endTime="2011-08-05T15:50:57.7587205+09:30">
                  <testStep id="483f6f0c353b1a51" name="Inline_WithCommands" fullName="SubSonic.Tests/InlineQueryTests/Inline_WithCommands" testId="888f3066ed2a4bc1" isPrimary="true" isTestCase="true" isDynamic="false">
                    <codeReference assembly="SubSonic.Tests, Version=2.2.1.0, Culture=neutral, PublicKeyToken=null" namespace="SubSonic.Tests.SqlQuery" type="SubSonic.Tests.SqlQuery.InlineQueryTests" member="Inline_WithCommands" />
                    <codeLocation path="C:\data\SubsonicRoot\ss2\SubSonic.Tests\SqlQuery\InlineQueryTests.cs" line="34" />
                    <metadata>
                      <entry key="TestKind">
                        <value>Test</value>
                      </entry>
                    </metadata>
                  </testStep>
                  <children />
                  <result assertCount="2" duration="0.0031523999999999996">
                    <outcome status="passed" />
                  </result>
                  <testLog>
                    <streams />
                    <attachments />
                  </testLog>
                </testStepRun>
              </children>
              <result assertCount="3" duration="0.0358">
                <outcome status="passed" />
              </result>
              <testLog>
                <streams />
                <attachments />
              </testLog>
            </testStepRun>
            <testStepRun startTime="2011-08-05T15:50:57.7587205+09:30" endTime="2011-08-05T15:50:57.8055955+09:30">
              <testStep id="43b18cf206303c26" name="InsertTests" fullName="SubSonic.Tests/InsertTests" testId="6ab4f5328a9660aa" isPrimary="true" isTestCase="false" isDynamic="false">
                <codeReference assembly="SubSonic.Tests, Version=2.2.1.0, Culture=neutral, PublicKeyToken=null" namespace="SubSonic.Tests.SqlQuery" type="SubSonic.Tests.SqlQuery.InsertTests" />
                <codeLocation path="C:\data\SubsonicRoot\ss2\SubSonic.Tests\SqlQuery\InsertTests.cs" />
                <metadata>
                  <entry key="TestKind">
                    <value>Fixture</value>
                  </entry>
                </metadata>
              </testStep>
              <children>
                <testStepRun startTime="2011-08-05T15:50:57.7587205+09:30" endTime="2011-08-05T15:50:57.7743455+09:30">
                  <testStep id="2e48bf7e38e46754" name="Insert_Simple" fullName="SubSonic.Tests/InsertTests/Insert_Simple" testId="b303b9ae8f12c2ea" isPrimary="true" isTestCase="true" isDynamic="false">
                    <codeReference assembly="SubSonic.Tests, Version=2.2.1.0, Culture=neutral, PublicKeyToken=null" namespace="SubSonic.Tests.SqlQuery" type="SubSonic.Tests.SqlQuery.InsertTests" member="Insert_Simple" />
                    <codeLocation path="C:\data\SubsonicRoot\ss2\SubSonic.Tests\SqlQuery\InsertTests.cs" line="29" />
                    <metadata>
                      <entry key="TestKind">
                        <value>Test</value>
                      </entry>
                    </metadata>
                  </testStep>
                  <children />
                  <result assertCount="1" duration="0.0230959">
                    <outcome status="passed" />
                  </result>
                  <testLog>
                    <streams />
                    <attachments />
                  </testLog>
                </testStepRun>
                <testStepRun startTime="2011-08-05T15:50:57.7743455+09:30" endTime="2011-08-05T15:50:57.7899705+09:30">
                  <testStep id="13f597cdf5f5e006" name="Insert_SimpleWithSelect" fullName="SubSonic.Tests/InsertTests/Insert_SimpleWithSelect" testId="b6299421cf76c62f" isPrimary="true" isTestCase="true" isDynamic="false">
                    <codeReference assembly="SubSonic.Tests, Version=2.2.1.0, Culture=neutral, PublicKeyToken=null" namespace="SubSonic.Tests.SqlQuery" type="SubSonic.Tests.SqlQuery.InsertTests" member="Insert_SimpleWithSelect" />
                    <codeLocation path="C:\data\SubsonicRoot\ss2\SubSonic.Tests\SqlQuery\InsertTests.cs" line="38" />
                    <metadata>
                      <entry key="TestKind">
                        <value>Test</value>
                      </entry>
                    </metadata>
                  </testStep>
                  <children />
                  <result assertCount="1" duration="0.0134506">
                    <outcome status="passed" />
                  </result>
                  <testLog>
                    <streams />
                    <attachments />
                  </testLog>
                </testStepRun>
                <testStepRun startTime="2011-08-05T15:50:57.7899705+09:30" endTime="2011-08-05T15:50:57.8055955+09:30">
                  <testStep id="f311a7c30e5bd830" name="Insert_SimpleWithSelectAndSchema" fullName="SubSonic.Tests/InsertTests/Insert_SimpleWithSelectAndSchema" testId="ae153abf92394a57" isPrimary="true" isTestCase="true" isDynamic="false">
                    <codeReference assembly="SubSonic.Tests, Version=2.2.1.0, Culture=neutral, PublicKeyToken=null" namespace="SubSonic.Tests.SqlQuery" type="SubSonic.Tests.SqlQuery.InsertTests" member="Insert_SimpleWithSelectAndSchema" />
                    <codeLocation path="C:\data\SubsonicRoot\ss2\SubSonic.Tests\SqlQuery\InsertTests.cs" line="49" />
                    <metadata>
                      <entry key="TestKind">
                        <value>Test</value>
                      </entry>
                    </metadata>
                  </testStep>
                  <children />
                  <result assertCount="1" duration="0.0094486">
                    <outcome status="passed" />
                  </result>
                  <testLog>
                    <streams />
                    <attachments />
                  </testLog>
                </testStepRun>
              </children>
              <result assertCount="3" duration="0.060954799999999996">
                <outcome status="passed" />
              </result>
              <testLog>
                <streams />
                <attachments />
              </testLog>
            </testStepRun>
            <testStepRun startTime="2011-08-05T15:50:57.8055955+09:30" endTime="2011-08-05T15:50:57.8212205+09:30">
              <testStep id="e92d7a0507f3f7e2" name="ManyToMany" fullName="SubSonic.Tests/ManyToMany" testId="4a525883a4c1bcb9" isPrimary="true" isTestCase="false" isDynamic="false">
                <codeReference assembly="SubSonic.Tests, Version=2.2.1.0, Culture=neutral, PublicKeyToken=null" namespace="SubSonic.Tests" type="SubSonic.Tests.ManyToMany" />
                <codeLocation path="C:\data\SubsonicRoot\ss2\SubSonic.Tests\bin\Debug\SubSonic.Tests.DLL" />
                <metadata>
                  <entry key="TestKind">
                    <value>Fixture</value>
                  </entry>
                </metadata>
              </testStep>
              <children />
              <result assertCount="0" duration="0.0169414">
                <outcome status="passed" />
              </result>
              <testLog>
                <streams />
                <attachments />
              </testLog>
            </testStepRun>
            <testStepRun startTime="2011-08-05T15:50:57.8212205+09:30" endTime="2011-08-05T15:51:03.3680955+09:30">
              <testStep id="3b409125e9406f8c" name="MigrationTests" fullName="SubSonic.Tests/MigrationTests" testId="5bc31031dabd1cc3" isPrimary="true" isTestCase="false" isDynamic="false">
                <codeReference assembly="SubSonic.Tests, Version=2.2.1.0, Culture=neutral, PublicKeyToken=null" namespace="SubSonic.Tests.Migrations" type="SubSonic.Tests.Migrations.MigrationTests" />
                <codeLocation path="C:\data\SubsonicRoot\ss2\SubSonic.Tests\Migrations\MigrationTests.cs" />
                <metadata>
                  <entry key="TestKind">
                    <value>Fixture</value>
                  </entry>
                </metadata>
              </testStep>
              <children>
                <testStepRun startTime="2011-08-05T15:50:57.8212205+09:30" endTime="2011-08-05T15:50:57.8368455+09:30">
                  <testStep id="5f33ce9856c75036" name="CreateTable_Should_Allow_Char3_As_PrimaryKey" fullName="SubSonic.Tests/MigrationTests/CreateTable_Should_Allow_Char3_As_PrimaryKey" testId="4191394411848969" isPrimary="true" isTestCase="true" isDynamic="false">
                    <codeReference assembly="SubSonic.Tests, Version=2.2.1.0, Culture=neutral, PublicKeyToken=null" namespace="SubSonic.Tests.Migrations" type="SubSonic.Tests.Migrations.MigrationTests" member="CreateTable_Should_Allow_Char3_As_PrimaryKey" />
                    <codeLocation path="C:\data\SubsonicRoot\ss2\SubSonic.Tests\Migrations\MigrationTests.cs" line="286" />
                    <metadata>
                      <entry key="TestKind">
                        <value>Test</value>
                      </entry>
                    </metadata>
                  </testStep>
                  <children />
                  <result assertCount="2" duration="0.2976213">
                    <outcome status="passed" />
                  </result>
                  <testLog>
                    <streams />
                    <attachments />
                  </testLog>
                </testStepRun>
                <testStepRun startTime="2011-08-05T15:50:57.8368455+09:30" endTime="2011-08-05T15:50:57.8368455+09:30">
                  <testStep id="478c04e08ac092fa" name="Dual_ForeignKey_Relationships_ShouldBe_Possible_From_One_To_Many" fullName="SubSonic.Tests/MigrationTests/Dual_ForeignKey_Relationships_ShouldBe_Possible_From_One_To_Many" testId="fca4a854339d17cf" isPrimary="true" isTestCase="true" isDynamic="false">
                    <codeReference assembly="SubSonic.Tests, Version=2.2.1.0, Culture=neutral, PublicKeyToken=null" namespace="SubSonic.Tests.Migrations" type="SubSonic.Tests.Migrations.MigrationTests" member="Dual_ForeignKey_Relationships_ShouldBe_Possible_From_One_To_Many" />
                    <codeLocation path="C:\data\SubsonicRoot\ss2\SubSonic.Tests\Migrations\MigrationTests.cs" line="310" />
                    <metadata>
                      <entry key="TestKind">
                        <value>Test</value>
                      </entry>
                    </metadata>
                  </testStep>
                  <children />
                  <result assertCount="0" duration="0.2359305">
                    <outcome status="passed" />
                  </result>
                  <testLog>
                    <streams />
                    <attachments />
                  </testLog>
                </testStepRun>
                <testStepRun startTime="2011-08-05T15:50:57.8524705+09:30" endTime="2011-08-05T15:50:57.9305955+09:30">
                  <testStep id="827c0620f59ffead" name="MigrateDownFromZero" fullName="SubSonic.Tests/MigrationTests/MigrateDownFromZero" testId="71cebd88972a170d" isPrimary="true" isTestCase="true" isDynamic="false">
                    <codeReference assembly="SubSonic.Tests, Version=2.2.1.0, Culture=neutral, PublicKeyToken=null" namespace="SubSonic.Tests.Migrations" type="SubSonic.Tests.Migrations.MigrationTests" member="MigrateDownFromZero" />
                    <codeLocation path="C:\data\SubsonicRoot\ss2\SubSonic.Tests\Migrations\MigrationTests.cs" line="69" />
                    <metadata>
                      <entry key="TestKind">
                        <value>Test</value>
                      </entry>
                    </metadata>
                  </testStep>
                  <children />
                  <result assertCount="2" duration="0.1651754">
                    <outcome status="passed" />
                  </result>
                  <testLog>
                    <streams />
                    <attachments />
                  </testLog>
                </testStepRun>
                <testStepRun startTime="2011-08-05T15:50:57.9305955+09:30" endTime="2011-08-05T15:50:58.7118455+09:30">
                  <testStep id="fe6cadd4b2e38d75" name="MigrateUpDownNegative1" fullName="SubSonic.Tests/MigrationTests/MigrateUpDownNegative1" testId="bd66417745aec781" isPrimary="true" isTestCase="true" isDynamic="false">
                    <codeReference assembly="SubSonic.Tests, Version=2.2.1.0, Culture=neutral, PublicKeyToken=null" namespace="SubSonic.Tests.Migrations" type="SubSonic.Tests.Migrations.MigrationTests" member="MigrateUpDownNegative1" />
                    <codeLocation path="C:\data\SubsonicRoot\ss2\SubSonic.Tests\Migrations\MigrationTests.cs" line="79" />
                    <metadata>
                      <entry key="TestKind">
                        <value>Test</value>
                      </entry>
                    </metadata>
                  </testStep>
                  <children />
                  <result assertCount="4" duration="0.77743929999999994">
                    <outcome status="passed" />
                  </result>
                  <testLog>
                    <streams>
                      <stream name="ConsoleOutput">
                        <body>
                          <contents>
                            <text><![CDATA[Found 2 migration files
Current DB Version is 0
Migrating to 001_MigrationTest (1)
Found 2 migration files
Current DB Version is 1
Migrating to 001_MigrationTest (1)
]]></text>
                          </contents>
                        </body>
                      </stream>
                    </streams>
                    <attachments />
                  </testLog>
                </testStepRun>
                <testStepRun startTime="2011-08-05T15:50:58.7118455+09:30" endTime="2011-08-05T15:50:59.0243455+09:30">
                  <testStep id="ba20db86aae13fc1" name="Migration_SQL_Generation_AddRemoveColumns" fullName="SubSonic.Tests/MigrationTests/Migration_SQL_Generation_AddRemoveColumns" testId="fc1403bbd9c21f26" isPrimary="true" isTestCase="true" isDynamic="false">
                    <codeReference assembly="SubSonic.Tests, Version=2.2.1.0, Culture=neutral, PublicKeyToken=null" namespace="SubSonic.Tests.Migrations" type="SubSonic.Tests.Migrations.MigrationTests" member="Migration_SQL_Generation_AddRemoveColumns" />
                    <codeLocation path="C:\data\SubsonicRoot\ss2\SubSonic.Tests\Migrations\MigrationTests.cs" line="41" />
                    <metadata>
                      <entry key="TestKind">
                        <value>Test</value>
                      </entry>
                    </metadata>
                  </testStep>
                  <children />
                  <result assertCount="1" duration="0.3197981">
                    <outcome status="passed" />
                  </result>
                  <testLog>
                    <streams />
                    <attachments />
                  </testLog>
                </testStepRun>
                <testStepRun startTime="2011-08-05T15:50:59.0243455+09:30" endTime="2011-08-05T15:51:00.3993455+09:30">
                  <testStep id="ca86f819ec20cab8" name="MigrationAddRemoveColumns" fullName="SubSonic.Tests/MigrationTests/MigrationAddRemoveColumns" testId="5fbd30d8d3c730d4" isPrimary="true" isTestCase="true" isDynamic="false">
                    <codeReference assembly="SubSonic.Tests, Version=2.2.1.0, Culture=neutral, PublicKeyToken=null" namespace="SubSonic.Tests.Migrations" type="SubSonic.Tests.Migrations.MigrationTests" member="MigrationAddRemoveColumns" />
                    <codeLocation path="C:\data\SubsonicRoot\ss2\SubSonic.Tests\Migrations\MigrationTests.cs" line="171" />
                    <metadata>
                      <entry key="TestKind">
                        <value>Test</value>
                      </entry>
                    </metadata>
                  </testStep>
                  <children />
                  <result assertCount="2" duration="1.3637549999999998">
                    <outcome status="passed" />
                  </result>
                  <testLog>
                    <streams />
                    <attachments />
                  </testLog>
                </testStepRun>
                <testStepRun startTime="2011-08-05T15:51:00.3993455+09:30" endTime="2011-08-05T15:51:00.8212205+09:30">
                  <testStep id="f4c1493a9edad3b9" name="MigrationAlterColumn" fullName="SubSonic.Tests/MigrationTests/MigrationAlterColumn" testId="941fe2e0ac31211e" isPrimary="true" isTestCase="true" isDynamic="false">
                    <codeReference assembly="SubSonic.Tests, Version=2.2.1.0, Culture=neutral, PublicKeyToken=null" namespace="SubSonic.Tests.Migrations" type="SubSonic.Tests.Migrations.MigrationTests" member="MigrationAlterColumn" />
                    <codeLocation path="C:\data\SubsonicRoot\ss2\SubSonic.Tests\Migrations\MigrationTests.cs" line="148" />
                    <metadata>
                      <entry key="TestKind">
                        <value>Test</value>
                      </entry>
                    </metadata>
                  </testStep>
                  <children />
                  <result assertCount="2" duration="0.415562">
                    <outcome status="passed" />
                  </result>
                  <testLog>
                    <streams />
                    <attachments />
                  </testLog>
                </testStepRun>
                <testStepRun startTime="2011-08-05T15:51:00.8212205+09:30" endTime="2011-08-05T15:51:00.8368455+09:30">
                  <testStep id="852b881ae6aa618e" name="MigrationExecute" fullName="SubSonic.Tests/MigrationTests/MigrationExecute" testId="bca569c17d71b8ce" isPrimary="true" isTestCase="true" isDynamic="false">
                    <codeReference assembly="SubSonic.Tests, Version=2.2.1.0, Culture=neutral, PublicKeyToken=null" namespace="SubSonic.Tests.Migrations" type="SubSonic.Tests.Migrations.MigrationTests" member="MigrationExecute" />
                    <codeLocation path="C:\data\SubsonicRoot\ss2\SubSonic.Tests\Migrations\MigrationTests.cs" line="250" />
                    <metadata>
                      <entry key="TestKind">
                        <value>Test</value>
                      </entry>
                    </metadata>
                  </testStep>
                  <children />
                  <result assertCount="1" duration="0.021941199999999998">
                    <outcome status="passed" />
                  </result>
                  <testLog>
                    <streams />
                    <attachments />
                  </testLog>
                </testStepRun>
                <testStepRun startTime="2011-08-05T15:51:00.8524705+09:30" endTime="2011-08-05T15:51:00.8524705+09:30">
                  <testStep id="ae819a30cc4d77de" name="MigrationGenerateCreateTablesSql" fullName="SubSonic.Tests/MigrationTests/MigrationGenerateCreateTablesSql" testId="6ad5e975aee08ddf" isPrimary="true" isTestCase="true" isDynamic="false">
                    <codeReference assembly="SubSonic.Tests, Version=2.2.1.0, Culture=neutral, PublicKeyToken=null" namespace="SubSonic.Tests.Migrations" type="SubSonic.Tests.Migrations.MigrationTests" member="MigrationGenerateCreateTablesSql" />
                    <codeLocation path="C:\data\SubsonicRoot\ss2\SubSonic.Tests\Migrations\MigrationTests.cs" line="18" />
                    <metadata>
                      <entry key="TestKind">
                        <value>Test</value>
                      </entry>
                    </metadata>
                  </testStep>
                  <children />
                  <result assertCount="1" duration="0.0030816">
                    <outcome status="passed" />
                  </result>
                  <testLog>
                    <streams />
                    <attachments />
                  </testLog>
                </testStepRun>
                <testStepRun startTime="2011-08-05T15:51:00.8524705+09:30" endTime="2011-08-05T15:51:00.9774705+09:30">
                  <testStep id="9242dd7ad9e399b1" name="MigrationGenerateDropTablesSql" fullName="SubSonic.Tests/MigrationTests/MigrationGenerateDropTablesSql" testId="1989de16e4cda26b" isPrimary="true" isTestCase="true" isDynamic="false">
                    <codeReference assembly="SubSonic.Tests, Version=2.2.1.0, Culture=neutral, PublicKeyToken=null" namespace="SubSonic.Tests.Migrations" type="SubSonic.Tests.Migrations.MigrationTests" member="MigrationGenerateDropTablesSql" />
                    <codeLocation path="C:\data\SubsonicRoot\ss2\SubSonic.Tests\Migrations\MigrationTests.cs" line="29" />
                    <metadata>
                      <entry key="TestKind">
                        <value>Test</value>
                      </entry>
                    </metadata>
                  </testStep>
                  <children />
                  <result assertCount="1" duration="0.12539">
                    <outcome status="passed" />
                  </result>
                  <testLog>
                    <streams />
                    <attachments />
                  </testLog>
                </testStepRun>
                <testStepRun startTime="2011-08-05T15:51:00.9774705+09:30" endTime="2011-08-05T15:51:01.1180955+09:30">
                  <testStep id="11e3aec6bab45ac4" name="MigrationMySql" fullName="SubSonic.Tests/MigrationTests/MigrationMySql" testId="4abcbd35596f771b" isPrimary="true" isTestCase="true" isDynamic="false">
                    <codeReference assembly="SubSonic.Tests, Version=2.2.1.0, Culture=neutral, PublicKeyToken=null" namespace="SubSonic.Tests.Migrations" type="SubSonic.Tests.Migrations.MigrationTests" member="MigrationMySql" />
                    <codeLocation path="C:\data\SubsonicRoot\ss2\SubSonic.Tests\Migrations\MigrationTests.cs" line="265" />
                    <metadata>
                      <entry key="TestKind">
                        <value>Test</value>
                      </entry>
                    </metadata>
                  </testStep>
                  <children />
                  <result assertCount="4" duration="0.13432529999999998">
                    <outcome status="passed" />
                  </result>
                  <testLog>
                    <streams />
                    <attachments />
                  </testLog>
                </testStepRun>
                <testStepRun startTime="2011-08-05T15:51:01.1337205+09:30" endTime="2011-08-05T15:51:01.2587205+09:30">
                  <testStep id="97a68d874f95599b" name="MigrationOnDispose" fullName="SubSonic.Tests/MigrationTests/MigrationOnDispose" testId="9b9ec6dd8cf18626" isPrimary="true" isTestCase="true" isDynamic="false">
                    <codeReference assembly="SubSonic.Tests, Version=2.2.1.0, Culture=neutral, PublicKeyToken=null" namespace="SubSonic.Tests.Migrations" type="SubSonic.Tests.Migrations.MigrationTests" member="MigrationOnDispose" />
                    <codeLocation path="C:\data\SubsonicRoot\ss2\SubSonic.Tests\Migrations\MigrationTests.cs" line="232" />
                    <metadata>
                      <entry key="TestKind">
                        <value>Test</value>
                      </entry>
                    </metadata>
                  </testStep>
                  <children />
                  <result assertCount="1" duration="0.12928499999999998">
                    <outcome status="passed" />
                  </result>
                  <testLog>
                    <streams />
                    <attachments />
                  </testLog>
                </testStepRun>
                <testStepRun startTime="2011-08-05T15:51:01.2587205+09:30" endTime="2011-08-05T15:51:02.0712205+09:30">
                  <testStep id="c57c3123210c8716" name="MigrationShouldCreateAndDropTestTable" fullName="SubSonic.Tests/MigrationTests/MigrationShouldCreateAndDropTestTable" testId="cfe29af00870094c" isPrimary="true" isTestCase="true" isDynamic="false">
                    <codeReference assembly="SubSonic.Tests, Version=2.2.1.0, Culture=neutral, PublicKeyToken=null" namespace="SubSonic.Tests.Migrations" type="SubSonic.Tests.Migrations.MigrationTests" member="MigrationShouldCreateAndDropTestTable" />
                    <codeLocation path="C:\data\SubsonicRoot\ss2\SubSonic.Tests\Migrations\MigrationTests.cs" line="184" />
                    <metadata>
                      <entry key="TestKind">
                        <value>Test</value>
                      </entry>
                    </metadata>
                  </testStep>
                  <children />
                  <result assertCount="6" duration="0.8041493">
                    <outcome status="passed" />
                  </result>
                  <testLog>
                    <streams>
                      <stream name="ConsoleOutput">
                        <body>
                          <contents>
                            <text><![CDATA[Found 2 migration files
Current DB Version is 0
Migrating to 001_MigrationTest (1)
Found 2 migration files
Current DB Version is 1
Migrating to 001_MigrationTest (1)
]]></text>
                          </contents>
                        </body>
                      </stream>
                    </streams>
                    <attachments />
                  </testLog>
                </testStepRun>
                <testStepRun startTime="2011-08-05T15:51:02.0712205+09:30" endTime="2011-08-05T15:51:03.1962205+09:30">
                  <testStep id="47b55e078d912485" name="MigrationShouldExecMultipleMigrations" fullName="SubSonic.Tests/MigrationTests/MigrationShouldExecMultipleMigrations" testId="68b84e1f9a9c2bc8" isPrimary="true" isTestCase="true" isDynamic="false">
                    <codeReference assembly="SubSonic.Tests, Version=2.2.1.0, Culture=neutral, PublicKeyToken=null" namespace="SubSonic.Tests.Migrations" type="SubSonic.Tests.Migrations.MigrationTests" member="MigrationShouldExecMultipleMigrations" />
                    <codeLocation path="C:\data\SubsonicRoot\ss2\SubSonic.Tests\Migrations\MigrationTests.cs" line="205" />
                    <metadata>
                      <entry key="TestKind">
                        <value>Test</value>
                      </entry>
                    </metadata>
                  </testStep>
                  <children />
                  <result assertCount="10" duration="1.1324462">
                    <outcome status="passed" />
                  </result>
                  <testLog>
                    <streams>
                      <stream name="ConsoleOutput">
                        <body>
                          <contents>
                            <text><![CDATA[Found 2 migration files
Current DB Version is 0
Migrating to 001_MigrationTest (1)
Migrating to 002_MigrationTest (2)
Found 2 migration files
Current DB Version is 2
Migrating to 002_MigrationTest (2)
]]></text>
                          </contents>
                        </body>
                      </stream>
                    </streams>
                    <attachments />
                  </testLog>
                </testStepRun>
                <testStepRun startTime="2011-08-05T15:51:03.2118455+09:30" endTime="2011-08-05T15:51:03.3368455+09:30">
                  <testStep id="4a0a799d3dd4eef5" name="MigrationUpDown" fullName="SubSonic.Tests/MigrationTests/MigrationUpDown" testId="79ec5c9c7b50141d" isPrimary="true" isTestCase="true" isDynamic="false">
                    <codeReference assembly="SubSonic.Tests, Version=2.2.1.0, Culture=neutral, PublicKeyToken=null" namespace="SubSonic.Tests.Migrations" type="SubSonic.Tests.Migrations.MigrationTests" member="MigrationUpDown" />
                    <codeLocation path="C:\data\SubsonicRoot\ss2\SubSonic.Tests\Migrations\MigrationTests.cs" line="102" />
                    <metadata>
                      <entry key="TestKind">
                        <value>Test</value>
                      </entry>
                    </metadata>
                  </testStep>
                  <children />
                  <result assertCount="4" duration="0.1251035">
                    <outcome status="passed" />
                  </result>
                  <testLog>
                    <streams />
                    <attachments />
                  </testLog>
                </testStepRun>
                <testStepRun startTime="2011-08-05T15:51:03.3368455+09:30" endTime="2011-08-05T15:51:03.3524705+09:30">
                  <testStep id="57b9021831b6b6f6" name="MigrationUpwithErrors" fullName="SubSonic.Tests/MigrationTests/MigrationUpwithErrors" testId="c1db2d4e72754f2c" isPrimary="true" isTestCase="true" isDynamic="false">
                    <codeReference assembly="SubSonic.Tests, Version=2.2.1.0, Culture=neutral, PublicKeyToken=null" namespace="SubSonic.Tests.Migrations" type="SubSonic.Tests.Migrations.MigrationTests" member="MigrationUpwithErrors" />
                    <codeLocation path="C:\data\SubsonicRoot\ss2\SubSonic.Tests\Migrations\MigrationTests.cs" line="127" />
                    <metadata>
                      <entry key="TestKind">
                        <value>Test</value>
                      </entry>
                    </metadata>
                  </testStep>
                  <children />
                  <result assertCount="2" duration="0.0174161">
                    <outcome status="passed" />
                  </result>
                  <testLog>
                    <streams />
                    <attachments />
                  </testLog>
                </testStepRun>
              </children>
              <result assertCount="43" duration="6.1454382">
                <outcome status="passed" />
              </result>
              <testLog>
                <streams />
                <attachments />
              </testLog>
            </testStepRun>
            <testStepRun startTime="2011-08-05T15:51:03.3680955+09:30" endTime="2011-08-05T15:51:03.6962205+09:30">
              <testStep id="bb28be5daee5d67b" name="MultiProvider" fullName="SubSonic.Tests/MultiProvider" testId="621ae3895ea314a" isPrimary="true" isTestCase="false" isDynamic="false">
                <codeReference assembly="SubSonic.Tests, Version=2.2.1.0, Culture=neutral, PublicKeyToken=null" namespace="SubSonic.Tests" type="SubSonic.Tests.MultiProvider" />
                <codeLocation path="C:\data\SubsonicRoot\ss2\SubSonic.Tests\MultiProvider.cs" />
                <metadata>
                  <entry key="TestKind">
                    <value>Fixture</value>
                  </entry>
                </metadata>
              </testStep>
              <children>
                <testStepRun startTime="2011-08-05T15:51:03.3837205+09:30" endTime="2011-08-05T15:51:03.6805955+09:30">
                  <testStep id="663daae369d15967" name="Multi_QueryTest" fullName="SubSonic.Tests/MultiProvider/Multi_QueryTest" testId="e240560f583195d4" isPrimary="true" isTestCase="true" isDynamic="false">
                    <codeReference assembly="SubSonic.Tests, Version=2.2.1.0, Culture=neutral, PublicKeyToken=null" namespace="SubSonic.Tests" type="SubSonic.Tests.MultiProvider" member="Multi_QueryTest" />
                    <codeLocation path="C:\data\SubsonicRoot\ss2\SubSonic.Tests\MultiProvider.cs" line="32" />
                    <metadata>
                      <entry key="TestKind">
                        <value>Test</value>
                      </entry>
                    </metadata>
                  </testStep>
                  <children />
                  <result assertCount="0" duration="0.1886918">
                    <outcome status="failed" />
                  </result>
                  <testLog>
                    <streams>
                      <stream name="Failures">
                        <body>
                          <contents>
                            <section name="Execute">
                              <contents>
                                <marker class="Exception">
                                  <contents>
                                    <marker class="ExceptionType">
                                      <contents>
                                        <text><![CDATA[System.Data.SqlClient.SqlException]]></text>
                                      </contents>
                                      <attributes />
                                    </marker>
                                    <text><![CDATA[: ]]></text>
                                    <marker class="ExceptionMessage">
                                      <contents>
                                        <text><![CDATA[Incorrect syntax near the keyword 'ORDER'.]]></text>
                                      </contents>
                                      <attributes />
                                    </marker>
                                    <text><![CDATA[
]]></text>
                                    <marker class="ExceptionPropertyName">
                                      <contents>
                                        <text><![CDATA[Errors]]></text>
                                      </contents>
                                      <attributes />
                                    </marker>
                                    <text><![CDATA[: ]]></text>
                                    <marker class="ExceptionPropertyValue">
                                      <contents>
                                        <text><![CDATA[System.Data.SqlClient.SqlErrorCollection]]></text>
                                      </contents>
                                      <attributes />
                                    </marker>
                                    <text><![CDATA[
]]></text>
                                    <marker class="ExceptionPropertyName">
                                      <contents>
                                        <text><![CDATA[Class]]></text>
                                      </contents>
                                      <attributes />
                                    </marker>
                                    <text><![CDATA[: ]]></text>
                                    <marker class="ExceptionPropertyValue">
                                      <contents>
                                        <text><![CDATA[15]]></text>
                                      </contents>
                                      <attributes />
                                    </marker>
                                    <text><![CDATA[
]]></text>
                                    <marker class="ExceptionPropertyName">
                                      <contents>
                                        <text><![CDATA[LineNumber]]></text>
                                      </contents>
                                      <attributes />
                                    </marker>
                                    <text><![CDATA[: ]]></text>
                                    <marker class="ExceptionPropertyValue">
                                      <contents>
                                        <text><![CDATA[1]]></text>
                                      </contents>
                                      <attributes />
                                    </marker>
                                    <text><![CDATA[
]]></text>
                                    <marker class="ExceptionPropertyName">
                                      <contents>
                                        <text><![CDATA[Number]]></text>
                                      </contents>
                                      <attributes />
                                    </marker>
                                    <text><![CDATA[: ]]></text>
                                    <marker class="ExceptionPropertyValue">
                                      <contents>
                                        <text><![CDATA[156]]></text>
                                      </contents>
                                      <attributes />
                                    </marker>
                                    <text><![CDATA[
]]></text>
                                    <marker class="ExceptionPropertyName">
                                      <contents>
                                        <text><![CDATA[Procedure]]></text>
                                      </contents>
                                      <attributes />
                                    </marker>
                                    <text><![CDATA[: ]]></text>
                                    <marker class="ExceptionPropertyValue">
                                      <contents />
                                      <attributes />
                                    </marker>
                                    <text><![CDATA[
]]></text>
                                    <marker class="ExceptionPropertyName">
                                      <contents>
                                        <text><![CDATA[Server]]></text>
                                      </contents>
                                      <attributes />
                                    </marker>
                                    <text><![CDATA[: ]]></text>
                                    <marker class="ExceptionPropertyValue">
                                      <contents>
                                        <text><![CDATA[ANAXIMANDER\SQLEXPRESS]]></text>
                                      </contents>
                                      <attributes />
                                    </marker>
                                    <text><![CDATA[
]]></text>
                                    <marker class="ExceptionPropertyName">
                                      <contents>
                                        <text><![CDATA[State]]></text>
                                      </contents>
                                      <attributes />
                                    </marker>
                                    <text><![CDATA[: ]]></text>
                                    <marker class="ExceptionPropertyValue">
                                      <contents>
                                        <text><![CDATA[1]]></text>
                                      </contents>
                                      <attributes />
                                    </marker>
                                    <text><![CDATA[
]]></text>
                                    <marker class="ExceptionPropertyName">
                                      <contents>
                                        <text><![CDATA[ErrorCode]]></text>
                                      </contents>
                                      <attributes />
                                    </marker>
                                    <text><![CDATA[: ]]></text>
                                    <marker class="ExceptionPropertyValue">
                                      <contents>
                                        <text><![CDATA[-2146232060]]></text>
                                      </contents>
                                      <attributes />
                                    </marker>
                                    <text><![CDATA[
]]></text>
                                    <marker class="StackTrace">
                                      <contents>
                                        <text><![CDATA[   at System.Data.SqlClient.SqlConnection.OnError(SqlException exception, Boolean breakConnection)
   at System.Data.SqlClient.SqlInternalConnection.OnError(SqlException exception, Boolean breakConnection)
   at System.Data.SqlClient.TdsParser.ThrowExceptionAndWarning(TdsParserStateObject stateObj)
   at System.Data.SqlClient.TdsParser.Run(RunBehavior runBehavior, SqlCommand cmdHandler, SqlDataReader dataStream, BulkCopySimpleResultSet bulkCopyHandler, TdsParserStateObject stateObj)
   at System.Data.SqlClient.SqlDataReader.ConsumeMetaData()
   at System.Data.SqlClient.SqlDataReader.get_MetaData()
   at System.Data.SqlClient.SqlCommand.FinishExecuteReader(SqlDataReader ds, RunBehavior runBehavior, String resetOptionsString)
   at System.Data.SqlClient.SqlCommand.RunExecuteReaderTds(CommandBehavior cmdBehavior, RunBehavior runBehavior, Boolean returnStream, Boolean async)
   at System.Data.SqlClient.SqlCommand.RunExecuteReader(CommandBehavior cmdBehavior, RunBehavior runBehavior, Boolean returnStream, String method, DbAsyncResult result)
   at System.Data.SqlClient.SqlCommand.RunExecuteReader(CommandBehavior cmdBehavior, RunBehavior runBehavior, Boolean returnStream, String method)
   at System.Data.SqlClient.SqlCommand.ExecuteReader(CommandBehavior behavior, String method)
   at System.Data.SqlClient.SqlCommand.ExecuteDbDataReader(CommandBehavior behavior)
   at System.Data.Common.DbCommand.System.Data.IDbCommand.ExecuteReader(CommandBehavior behavior)
   at System.Data.Common.DbDataAdapter.FillInternal(DataSet dataset, DataTable[] datatables, Int32 startRecord, Int32 maxRecords, String srcTable, IDbCommand command, CommandBehavior behavior)
   at System.Data.Common.DbDataAdapter.Fill(DataSet dataSet, Int32 startRecord, Int32 maxRecords, String srcTable, IDbCommand command, CommandBehavior behavior)
   at System.Data.Common.DbDataAdapter.Fill(DataSet dataSet)
   at SubSonic.SqlDataProvider.GetDataSet[T](QueryCommand qry) in ]]></text>
                                        <marker class="CodeLocation">
                                          <contents>
                                            <text><![CDATA[C:\data\SubsonicRoot\ss2\SubSonic\DataProviders\SqlDataProvider.cs:line 438]]></text>
                                          </contents>
                                          <attributes>
                                            <attribute name="line" value="438" />
                                            <attribute name="path" value="C:\data\SubsonicRoot\ss2\SubSonic\DataProviders\SqlDataProvider.cs" />
                                          </attributes>
                                        </marker>
                                        <text><![CDATA[
   at SubSonic.DataProvider.GetDataSet(QueryCommand cmd) in ]]></text>
                                        <marker class="CodeLocation">
                                          <contents>
                                            <text><![CDATA[C:\data\SubsonicRoot\ss2\SubSonic\DataProviders\DataProvider.cs:line 786]]></text>
                                          </contents>
                                          <attributes>
                                            <attribute name="line" value="786" />
                                            <attribute name="path" value="C:\data\SubsonicRoot\ss2\SubSonic\DataProviders\DataProvider.cs" />
                                          </attributes>
                                        </marker>
                                        <text><![CDATA[
   at SubSonic.DataService.GetDataSet(QueryCommand cmd) in ]]></text>
                                        <marker class="CodeLocation">
                                          <contents>
                                            <text><![CDATA[C:\data\SubsonicRoot\ss2\SubSonic\DataProviders\DataService.cs:line 526]]></text>
                                          </contents>
                                          <attributes>
                                            <attribute name="line" value="526" />
                                            <attribute name="path" value="C:\data\SubsonicRoot\ss2\SubSonic\DataProviders\DataService.cs" />
                                          </attributes>
                                        </marker>
                                        <text><![CDATA[
   at SubSonic.Query.ExecuteDataSet() in ]]></text>
                                        <marker class="CodeLocation">
                                          <contents>
                                            <text><![CDATA[C:\data\SubsonicRoot\ss2\SubSonic\Sql Tools\Query.cs:line 1823]]></text>
                                          </contents>
                                          <attributes>
                                            <attribute name="line" value="1823" />
                                            <attribute name="path" value="C:\data\SubsonicRoot\ss2\SubSonic\Sql Tools\Query.cs" />
                                          </attributes>
                                        </marker>
                                        <text><![CDATA[
   at SubSonic.Tests.MultiProvider.Multi_QueryTest() in ]]></text>
                                        <marker class="CodeLocation">
                                          <contents>
                                            <text><![CDATA[C:\data\SubsonicRoot\ss2\SubSonic.Tests\MultiProvider.cs:line 35]]></text>
                                          </contents>
                                          <attributes>
                                            <attribute name="line" value="35" />
                                            <attribute name="path" value="C:\data\SubsonicRoot\ss2\SubSonic.Tests\MultiProvider.cs" />
                                          </attributes>
                                        </marker>
                                      </contents>
                                      <attributes />
                                    </marker>
                                  </contents>
                                  <attributes />
                                </marker>
                              </contents>
                            </section>
                          </contents>
                        </body>
                      </stream>
                    </streams>
                    <attachments />
                  </testLog>
                </testStepRun>
                <testStepRun startTime="2011-08-05T15:51:03.6805955+09:30" endTime="2011-08-05T15:51:03.6962205+09:30">
                  <testStep id="a06f32ee27065171" name="Multiple_Providers_Should_Return_Correct_ProviderName" fullName="SubSonic.Tests/MultiProvider/Multiple_Providers_Should_Return_Correct_ProviderName" testId="44598ae75999557" isPrimary="true" isTestCase="true" isDynamic="false">
                    <codeReference assembly="SubSonic.Tests, Version=2.2.1.0, Culture=neutral, PublicKeyToken=null" namespace="SubSonic.Tests" type="SubSonic.Tests.MultiProvider" member="Multiple_Providers_Should_Return_Correct_ProviderName" />
                    <codeLocation path="C:\data\SubsonicRoot\ss2\SubSonic.Tests\MultiProvider.cs" line="45" />
                    <metadata>
                      <entry key="TestKind">
                        <value>Test</value>
                      </entry>
                    </metadata>
                  </testStep>
                  <children />
                  <result assertCount="2" duration="0.0027123">
                    <outcome status="passed" />
                  </result>
                  <testLog>
                    <streams />
                    <attachments />
                  </testLog>
                </testStepRun>
              </children>
              <result assertCount="2" duration="0.22567279999999998">
                <outcome status="failed" />
              </result>
              <testLog>
                <streams />
                <attachments />
              </testLog>
            </testStepRun>
            <testStepRun startTime="2011-08-05T15:51:03.6962205+09:30" endTime="2011-08-05T15:51:04.0555955+09:30">
              <testStep id="ac745b4279e9977d" name="MySqlGeneratorTests" fullName="SubSonic.Tests/MySqlGeneratorTests" testId="d555ee4381e205dd" isPrimary="true" isTestCase="false" isDynamic="false">
                <codeReference assembly="SubSonic.Tests, Version=2.2.1.0, Culture=neutral, PublicKeyToken=null" namespace="SubSonic.Tests.SqlGenerators" type="SubSonic.Tests.SqlGenerators.MySqlGeneratorTests" />
                <codeLocation path="C:\data\SubsonicRoot\ss2\SubSonic.Tests\SqlGenerators\MySqlGeneratorTests.cs" />
                <metadata>
                  <entry key="TestKind">
                    <value>Fixture</value>
                  </entry>
                </metadata>
              </testStep>
              <children>
                <testStepRun startTime="2011-08-05T15:51:03.7118455+09:30" endTime="2011-08-05T15:51:03.7587205+09:30">
                  <testStep id="e3b339fa38cb08da" name="Add_Column" fullName="SubSonic.Tests/MySqlGeneratorTests/Add_Column" testId="f83464f45f4bb980" isPrimary="true" isTestCase="true" isDynamic="false">
                    <codeReference assembly="SubSonic.Tests, Version=2.2.1.0, Culture=neutral, PublicKeyToken=null" namespace="SubSonic.Tests.SqlGenerators" type="SubSonic.Tests.SqlGenerators.MySqlGeneratorTests" member="Add_Column" />
                    <codeLocation path="C:\data\SubsonicRoot\ss2\SubSonic.Tests\SqlGenerators\MySqlGeneratorTests.cs" line="46" />
                    <metadata>
                      <entry key="TestKind">
                        <value>Test</value>
                      </entry>
                    </metadata>
                  </testStep>
                  <children />
                  <result assertCount="1" duration="0.0151372">
                    <outcome status="failed" />
                  </result>
                  <testLog>
                    <streams>
                      <stream name="Failures">
                        <body>
                          <contents>
                            <marker class="AssertionFailure">
                              <contents>
                                <section name="Expected values to be equal.">
                                  <contents>
                                    <text><![CDATA[
]]></text>
                                    <marker class="Monospace">
                                      <contents>
                                        <marker class="Label">
                                          <contents>
                                            <text><![CDATA[Expected Value : ]]></text>
                                          </contents>
                                          <attributes />
                                        </marker>
                                        <text><![CDATA["ALTER TABLE ]]></text>
                                        <marker class="DiffChange">
                                          <contents>
                                            <text><![CDATA[`]]></text>
                                          </contents>
                                          <attributes />
                                        </marker>
                                        <text><![CDATA[products]]></text>
                                        <marker class="DiffChange">
                                          <contents>
                                            <text><![CDATA[`]]></text>
                                          </contents>
                                          <attributes />
                                        </marker>
                                        <text><![CDATA[ ADD ]]></text>
                                        <marker class="DiffChange">
                                          <contents>
                                            <text><![CDATA[`]]></text>
                                          </contents>
                                          <attributes />
                                        </marker>
                                        <text><![CDATA[Address4]]></text>
                                        <marker class="DiffChange">
                                          <contents>
                                            <text><![CDATA[`]]></text>
                                          </contents>
                                          <attributes />
                                        </marker>
                                        <text><![CDATA[ nvarchar(50) NULL"
]]></text>
                                        <marker class="Label">
                                          <contents>
                                            <text><![CDATA[Actual Value   : ]]></text>
                                          </contents>
                                          <attributes />
                                        </marker>
                                        <text><![CDATA["ALTER TABLE ]]></text>
                                        <marker class="DiffChange">
                                          <contents>
                                            <text><![CDATA[[]]></text>
                                          </contents>
                                          <attributes />
                                        </marker>
                                        <text><![CDATA[products]]></text>
                                        <marker class="DiffChange">
                                          <contents>
                                            <text><![CDATA[]]]></text>
                                          </contents>
                                          <attributes />
                                        </marker>
                                        <text><![CDATA[ ADD ]]></text>
                                        <marker class="DiffChange">
                                          <contents>
                                            <text><![CDATA[[]]></text>
                                          </contents>
                                          <attributes />
                                        </marker>
                                        <text><![CDATA[Address4]]></text>
                                        <marker class="DiffChange">
                                          <contents>
                                            <text><![CDATA[]]]></text>
                                          </contents>
                                          <attributes />
                                        </marker>
                                        <text><![CDATA[ nvarchar(50) NULL"
]]></text>
                                      </contents>
                                      <attributes />
                                    </marker>
                                    <text><![CDATA[
]]></text>
                                    <marker class="StackTrace">
                                      <contents>
                                        <text><![CDATA[   at SubSonic.Tests.SqlGenerators.MySqlGeneratorTests.Add_Column() in ]]></text>
                                        <marker class="CodeLocation">
                                          <contents>
                                            <text><![CDATA[C:\data\SubsonicRoot\ss2\SubSonic.Tests\SqlGenerators\MySqlGeneratorTests.cs:line 56]]></text>
                                          </contents>
                                          <attributes>
                                            <attribute name="line" value="56" />
                                            <attribute name="path" value="C:\data\SubsonicRoot\ss2\SubSonic.Tests\SqlGenerators\MySqlGeneratorTests.cs" />
                                          </attributes>
                                        </marker>
                                      </contents>
                                      <attributes />
                                    </marker>
                                    <text><![CDATA[
]]></text>
                                  </contents>
                                </section>
                              </contents>
                              <attributes />
                            </marker>
                          </contents>
                        </body>
                      </stream>
                    </streams>
                    <attachments />
                  </testLog>
                </testStepRun>
                <testStepRun startTime="2011-08-05T15:51:03.7743455+09:30" endTime="2011-08-05T15:51:03.8368455+09:30">
                  <testStep id="8abef673a8452d06" name="Alter_Column" fullName="SubSonic.Tests/MySqlGeneratorTests/Alter_Column" testId="5a34a93f4a70d135" isPrimary="true" isTestCase="true" isDynamic="false">
                    <codeReference assembly="SubSonic.Tests, Version=2.2.1.0, Culture=neutral, PublicKeyToken=null" namespace="SubSonic.Tests.SqlGenerators" type="SubSonic.Tests.SqlGenerators.MySqlGeneratorTests" member="Alter_Column" />
                    <codeLocation path="C:\data\SubsonicRoot\ss2\SubSonic.Tests\SqlGenerators\MySqlGeneratorTests.cs" line="61" />
                    <metadata>
                      <entry key="TestKind">
                        <value>Test</value>
                      </entry>
                    </metadata>
                  </testStep>
                  <children />
                  <result assertCount="1" duration="0.0057228">
                    <outcome status="failed" />
                  </result>
                  <testLog>
                    <streams>
                      <stream name="Failures">
                        <body>
                          <contents>
                            <marker class="AssertionFailure">
                              <contents>
                                <section name="Expected values to be equal.">
                                  <contents>
                                    <text><![CDATA[
]]></text>
                                    <marker class="Monospace">
                                      <contents>
                                        <marker class="Label">
                                          <contents>
                                            <text><![CDATA[Expected Value : ]]></text>
                                          </contents>
                                          <attributes />
                                        </marker>
                                        <text><![CDATA["ALTER TABLE ]]></text>
                                        <marker class="DiffChange">
                                          <contents>
                                            <text><![CDATA[`]]></text>
                                          </contents>
                                          <attributes />
                                        </marker>
                                        <text><![CDATA[products]]></text>
                                        <marker class="DiffChange">
                                          <contents>
                                            <text><![CDATA[`]]></text>
                                          </contents>
                                          <attributes />
                                        </marker>
                                        <text><![CDATA[ ALTER COLUMN ]]></text>
                                        <marker class="DiffChange">
                                          <contents>
                                            <text><![CDATA[`]]></text>
                                          </contents>
                                          <attributes />
                                        </marker>
                                        <text><![CDATA[ProductName]]></text>
                                        <marker class="DiffChange">
                                          <contents>
                                            <text><![CDATA[`]]></text>
                                          </contents>
                                          <attributes />
                                        </marker>
                                        <text><![CDATA[ nvarchar(150) NOT NULL"
]]></text>
                                        <marker class="Label">
                                          <contents>
                                            <text><![CDATA[Actual Value   : ]]></text>
                                          </contents>
                                          <attributes />
                                        </marker>
                                        <text><![CDATA["ALTER TABLE ]]></text>
                                        <marker class="DiffChange">
                                          <contents>
                                            <text><![CDATA[[]]></text>
                                          </contents>
                                          <attributes />
                                        </marker>
                                        <text><![CDATA[products]]></text>
                                        <marker class="DiffChange">
                                          <contents>
                                            <text><![CDATA[]]]></text>
                                          </contents>
                                          <attributes />
                                        </marker>
                                        <text><![CDATA[ ALTER COLUMN ]]></text>
                                        <marker class="DiffChange">
                                          <contents>
                                            <text><![CDATA[[]]></text>
                                          </contents>
                                          <attributes />
                                        </marker>
                                        <text><![CDATA[ProductName]]></text>
                                        <marker class="DiffChange">
                                          <contents>
                                            <text><![CDATA[]]]></text>
                                          </contents>
                                          <attributes />
                                        </marker>
                                        <text><![CDATA[ nvarchar(150) NOT NULL"
]]></text>
                                      </contents>
                                      <attributes />
                                    </marker>
                                    <text><![CDATA[
]]></text>
                                    <marker class="StackTrace">
                                      <contents>
                                        <text><![CDATA[   at SubSonic.Tests.SqlGenerators.MySqlGeneratorTests.Alter_Column() in ]]></text>
                                        <marker class="CodeLocation">
                                          <contents>
                                            <text><![CDATA[C:\data\SubsonicRoot\ss2\SubSonic.Tests\SqlGenerators\MySqlGeneratorTests.cs:line 68]]></text>
                                          </contents>
                                          <attributes>
                                            <attribute name="line" value="68" />
                                            <attribute name="path" value="C:\data\SubsonicRoot\ss2\SubSonic.Tests\SqlGenerators\MySqlGeneratorTests.cs" />
                                          </attributes>
                                        </marker>
                                      </contents>
                                      <attributes />
                                    </marker>
                                    <text><![CDATA[
]]></text>
                                  </contents>
                                </section>
                              </contents>
                              <attributes />
                            </marker>
                          </contents>
                        </body>
                      </stream>
                    </streams>
                    <attachments />
                  </testLog>
                </testStepRun>
                <testStepRun startTime="2011-08-05T15:51:03.8368455+09:30" endTime="2011-08-05T15:51:03.8368455+09:30">
                  <testStep id="148d62dcf1e1a454" name="Create_Table" fullName="SubSonic.Tests/MySqlGeneratorTests/Create_Table" testId="21f87b47ae716092" isPrimary="true" isTestCase="true" isDynamic="false">
                    <codeReference assembly="SubSonic.Tests, Version=2.2.1.0, Culture=neutral, PublicKeyToken=null" namespace="SubSonic.Tests.SqlGenerators" type="SubSonic.Tests.SqlGenerators.MySqlGeneratorTests" member="Create_Table" />
                    <codeLocation path="C:\data\SubsonicRoot\ss2\SubSonic.Tests\SqlGenerators\MySqlGeneratorTests.cs" line="31" />
                    <metadata>
                      <entry key="TestKind">
                        <value>Test</value>
                      </entry>
                    </metadata>
                  </testStep>
                  <children />
                  <result assertCount="1" duration="0.0040355">
                    <outcome status="passed" />
                  </result>
                  <testLog>
                    <streams />
                    <attachments />
                  </testLog>
                </testStepRun>
                <testStepRun startTime="2011-08-05T15:51:03.8368455+09:30" endTime="2011-08-05T15:51:03.8837205+09:30">
                  <testStep id="ea28237c94610ea2" name="Drop_Table" fullName="SubSonic.Tests/MySqlGeneratorTests/Drop_Table" testId="86b9711ecc776484" isPrimary="true" isTestCase="true" isDynamic="false">
                    <codeReference assembly="SubSonic.Tests, Version=2.2.1.0, Culture=neutral, PublicKeyToken=null" namespace="SubSonic.Tests.SqlGenerators" type="SubSonic.Tests.SqlGenerators.MySqlGeneratorTests" member="Drop_Table" />
                    <codeLocation path="C:\data\SubsonicRoot\ss2\SubSonic.Tests\SqlGenerators\MySqlGeneratorTests.cs" line="23" />
                    <metadata>
                      <entry key="TestKind">
                        <value>Test</value>
                      </entry>
                    </metadata>
                  </testStep>
                  <children />
                  <result assertCount="1" duration="0.0060491999999999994">
                    <outcome status="failed" />
                  </result>
                  <testLog>
                    <streams>
                      <stream name="Failures">
                        <body>
                          <contents>
                            <marker class="AssertionFailure">
                              <contents>
                                <section name="Expected values to be equal.">
                                  <contents>
                                    <text><![CDATA[
]]></text>
                                    <marker class="Monospace">
                                      <contents>
                                        <marker class="Label">
                                          <contents>
                                            <text><![CDATA[Expected Value : ]]></text>
                                          </contents>
                                          <attributes />
                                        </marker>
                                        <text><![CDATA["DROP TABLE ]]></text>
                                        <marker class="DiffChange">
                                          <contents>
                                            <text><![CDATA[`]]></text>
                                          </contents>
                                          <attributes />
                                        </marker>
                                        <text><![CDATA[products]]></text>
                                        <marker class="DiffChange">
                                          <contents>
                                            <text><![CDATA[`]]></text>
                                          </contents>
                                          <attributes />
                                        </marker>
                                        <text><![CDATA["
]]></text>
                                        <marker class="Label">
                                          <contents>
                                            <text><![CDATA[Actual Value   : ]]></text>
                                          </contents>
                                          <attributes />
                                        </marker>
                                        <text><![CDATA["DROP TABLE ]]></text>
                                        <marker class="DiffChange">
                                          <contents>
                                            <text><![CDATA[[]]></text>
                                          </contents>
                                          <attributes />
                                        </marker>
                                        <text><![CDATA[products]]></text>
                                        <marker class="DiffChange">
                                          <contents>
                                            <text><![CDATA[]]]></text>
                                          </contents>
                                          <attributes />
                                        </marker>
                                        <text><![CDATA["
]]></text>
                                      </contents>
                                      <attributes />
                                    </marker>
                                    <text><![CDATA[
]]></text>
                                    <marker class="StackTrace">
                                      <contents>
                                        <text><![CDATA[   at SubSonic.Tests.SqlGenerators.MySqlGeneratorTests.Drop_Table() in ]]></text>
                                        <marker class="CodeLocation">
                                          <contents>
                                            <text><![CDATA[C:\data\SubsonicRoot\ss2\SubSonic.Tests\SqlGenerators\MySqlGeneratorTests.cs:line 26]]></text>
                                          </contents>
                                          <attributes>
                                            <attribute name="line" value="26" />
                                            <attribute name="path" value="C:\data\SubsonicRoot\ss2\SubSonic.Tests\SqlGenerators\MySqlGeneratorTests.cs" />
                                          </attributes>
                                        </marker>
                                      </contents>
                                      <attributes />
                                    </marker>
                                    <text><![CDATA[
]]></text>
                                  </contents>
                                </section>
                              </contents>
                              <attributes />
                            </marker>
                          </contents>
                        </body>
                      </stream>
                    </streams>
                    <attachments />
                  </testLog>
                </testStepRun>
                <testStepRun startTime="2011-08-05T15:51:03.8993455+09:30" endTime="2011-08-05T15:51:03.9618455+09:30">
                  <testStep id="928535532c75748a" name="Remove_Column" fullName="SubSonic.Tests/MySqlGeneratorTests/Remove_Column" testId="4b2410a3fffa3a15" isPrimary="true" isTestCase="true" isDynamic="false">
                    <codeReference assembly="SubSonic.Tests, Version=2.2.1.0, Culture=neutral, PublicKeyToken=null" namespace="SubSonic.Tests.SqlGenerators" type="SubSonic.Tests.SqlGenerators.MySqlGeneratorTests" member="Remove_Column" />
                    <codeLocation path="C:\data\SubsonicRoot\ss2\SubSonic.Tests\SqlGenerators\MySqlGeneratorTests.cs" line="73" />
                    <metadata>
                      <entry key="TestKind">
                        <value>Test</value>
                      </entry>
                    </metadata>
                  </testStep>
                  <children />
                  <result assertCount="1" duration="0.0051144">
                    <outcome status="failed" />
                  </result>
                  <testLog>
                    <streams>
                      <stream name="Failures">
                        <body>
                          <contents>
                            <marker class="AssertionFailure">
                              <contents>
                                <section name="Expected values to be equal.">
                                  <contents>
                                    <text><![CDATA[
]]></text>
                                    <marker class="Monospace">
                                      <contents>
                                        <marker class="Label">
                                          <contents>
                                            <text><![CDATA[Expected Value : ]]></text>
                                          </contents>
                                          <attributes />
                                        </marker>
                                        <text><![CDATA["ALTER TABLE ]]></text>
                                        <marker class="DiffChange">
                                          <contents>
                                            <text><![CDATA[`]]></text>
                                          </contents>
                                          <attributes />
                                        </marker>
                                        <text><![CDATA[products]]></text>
                                        <marker class="DiffChange">
                                          <contents>
                                            <text><![CDATA[`]]></text>
                                          </contents>
                                          <attributes />
                                        </marker>
                                        <text><![CDATA[ DROP COLUMN ]]></text>
                                        <marker class="DiffChange">
                                          <contents>
                                            <text><![CDATA[`]]></text>
                                          </contents>
                                          <attributes />
                                        </marker>
                                        <text><![CDATA[ProductName]]></text>
                                        <marker class="DiffChange">
                                          <contents>
                                            <text><![CDATA[`]]></text>
                                          </contents>
                                          <attributes />
                                        </marker>
                                        <text><![CDATA["
]]></text>
                                        <marker class="Label">
                                          <contents>
                                            <text><![CDATA[Actual Value   : ]]></text>
                                          </contents>
                                          <attributes />
                                        </marker>
                                        <text><![CDATA["ALTER TABLE ]]></text>
                                        <marker class="DiffChange">
                                          <contents>
                                            <text><![CDATA[[]]></text>
                                          </contents>
                                          <attributes />
                                        </marker>
                                        <text><![CDATA[products]]></text>
                                        <marker class="DiffChange">
                                          <contents>
                                            <text><![CDATA[]]]></text>
                                          </contents>
                                          <attributes />
                                        </marker>
                                        <text><![CDATA[ DROP COLUMN ]]></text>
                                        <marker class="DiffChange">
                                          <contents>
                                            <text><![CDATA[[]]></text>
                                          </contents>
                                          <attributes />
                                        </marker>
                                        <text><![CDATA[ProductName]]></text>
                                        <marker class="DiffChange">
                                          <contents>
                                            <text><![CDATA[]]]></text>
                                          </contents>
                                          <attributes />
                                        </marker>
                                        <text><![CDATA["
]]></text>
                                      </contents>
                                      <attributes />
                                    </marker>
                                    <text><![CDATA[
]]></text>
                                    <marker class="StackTrace">
                                      <contents>
                                        <text><![CDATA[   at SubSonic.Tests.SqlGenerators.MySqlGeneratorTests.Remove_Column() in ]]></text>
                                        <marker class="CodeLocation">
                                          <contents>
                                            <text><![CDATA[C:\data\SubsonicRoot\ss2\SubSonic.Tests\SqlGenerators\MySqlGeneratorTests.cs:line 79]]></text>
                                          </contents>
                                          <attributes>
                                            <attribute name="line" value="79" />
                                            <attribute name="path" value="C:\data\SubsonicRoot\ss2\SubSonic.Tests\SqlGenerators\MySqlGeneratorTests.cs" />
                                          </attributes>
                                        </marker>
                                      </contents>
                                      <attributes />
                                    </marker>
                                    <text><![CDATA[
]]></text>
                                  </contents>
                                </section>
                              </contents>
                              <attributes />
                            </marker>
                          </contents>
                        </body>
                      </stream>
                    </streams>
                    <attachments />
                  </testLog>
                </testStepRun>
                <testStepRun startTime="2011-08-05T15:51:03.9618455+09:30" endTime="2011-08-05T15:51:04.0555955+09:30">
                  <testStep id="76b6ff1ec6e65109" name="Select_ColumnList_Specified" fullName="SubSonic.Tests/MySqlGeneratorTests/Select_ColumnList_Specified" testId="58690fbdcef5469f" isPrimary="true" isTestCase="true" isDynamic="false">
                    <codeReference assembly="SubSonic.Tests, Version=2.2.1.0, Culture=neutral, PublicKeyToken=null" namespace="SubSonic.Tests.SqlGenerators" type="SubSonic.Tests.SqlGenerators.MySqlGeneratorTests" member="Select_ColumnList_Specified" />
                    <codeLocation path="C:\data\SubsonicRoot\ss2\SubSonic.Tests\SqlGenerators\MySqlGeneratorTests.cs" line="12" />
                    <metadata>
                      <entry key="TestKind">
                        <value>Test</value>
                      </entry>
                    </metadata>
                  </testStep>
                  <children />
                  <result assertCount="1" duration="0.0047823">
                    <outcome status="failed" />
                  </result>
                  <testLog>
                    <streams>
                      <stream name="Failures">
                        <body>
                          <contents>
                            <marker class="AssertionFailure">
                              <contents>
                                <section name="Expected values to be equal.">
                                  <contents>
                                    <text><![CDATA[
]]></text>
                                    <marker class="Monospace">
                                      <contents>
                                        <marker class="Label">
                                          <contents>
                                            <text><![CDATA[Expected Value : ]]></text>
                                          </contents>
                                          <attributes />
                                        </marker>
                                        <text><![CDATA["SELECT ]]></text>
                                        <marker class="DiffChange">
                                          <contents>
                                            <text><![CDATA[`]]></text>
                                          </contents>
                                          <attributes />
                                        </marker>
                                        <text><![CDATA[products]]></text>
                                        <marker class="DiffChange">
                                          <contents>
                                            <text><![CDATA[`.`]]></text>
                                          </contents>
                                          <attributes />
                                        </marker>
                                        <text><![CDATA[ProductID]]></text>
                                        <marker class="DiffChange">
                                          <contents>
                                            <text><![CDATA[`]]></text>
                                          </contents>
                                          <attributes />
                                        </marker>
                                        <text><![CDATA[, ]]></text>
                                        <marker class="DiffChange">
                                          <contents>
                                            <text><![CDATA[`]]></text>
                                          </contents>
                                          <attributes />
                                        </marker>
                                        <text><![CDATA[products]]></text>
                                        <marker class="DiffChange">
                                          <contents>
                                            <text><![CDATA[`.`]]></text>
                                          </contents>
                                          <attributes />
                                        </marker>
                                        <text><![CDATA[ProductName]]></text>
                                        <marker class="DiffChange">
                                          <contents>
                                            <text><![CDATA[`]]></text>
                                          </contents>
                                          <attributes />
                                        </marker>
                                        <text><![CDATA[\r\n"
]]></text>
                                        <marker class="Label">
                                          <contents>
                                            <text><![CDATA[Actual Value   : ]]></text>
                                          </contents>
                                          <attributes />
                                        </marker>
                                        <text><![CDATA["SELECT ]]></text>
                                        <marker class="DiffChange">
                                          <contents>
                                            <text><![CDATA[[]]></text>
                                          </contents>
                                          <attributes />
                                        </marker>
                                        <text><![CDATA[products]]></text>
                                        <marker class="DiffChange">
                                          <contents>
                                            <text><![CDATA[].[]]></text>
                                          </contents>
                                          <attributes />
                                        </marker>
                                        <text><![CDATA[ProductID]]></text>
                                        <marker class="DiffChange">
                                          <contents>
                                            <text><![CDATA[]]]></text>
                                          </contents>
                                          <attributes />
                                        </marker>
                                        <text><![CDATA[, ]]></text>
                                        <marker class="DiffChange">
                                          <contents>
                                            <text><![CDATA[[]]></text>
                                          </contents>
                                          <attributes />
                                        </marker>
                                        <text><![CDATA[products]]></text>
                                        <marker class="DiffChange">
                                          <contents>
                                            <text><![CDATA[].[]]></text>
                                          </contents>
                                          <attributes />
                                        </marker>
                                        <text><![CDATA[ProductName]]></text>
                                        <marker class="DiffChange">
                                          <contents>
                                            <text><![CDATA[]]]></text>
                                          </contents>
                                          <attributes />
                                        </marker>
                                        <text><![CDATA[\r\n"
]]></text>
                                      </contents>
                                      <attributes />
                                    </marker>
                                    <text><![CDATA[
]]></text>
                                    <marker class="StackTrace">
                                      <contents>
                                        <text><![CDATA[   at SubSonic.Tests.SqlGenerators.MySqlGeneratorTests.Select_ColumnList_Specified() in ]]></text>
                                        <marker class="CodeLocation">
                                          <contents>
                                            <text><![CDATA[C:\data\SubsonicRoot\ss2\SubSonic.Tests\SqlGenerators\MySqlGeneratorTests.cs:line 18]]></text>
                                          </contents>
                                          <attributes>
                                            <attribute name="line" value="18" />
                                            <attribute name="path" value="C:\data\SubsonicRoot\ss2\SubSonic.Tests\SqlGenerators\MySqlGeneratorTests.cs" />
                                          </attributes>
                                        </marker>
                                      </contents>
                                      <attributes />
                                    </marker>
                                    <text><![CDATA[
]]></text>
                                  </contents>
                                </section>
                              </contents>
                              <attributes />
                            </marker>
                          </contents>
                        </body>
                      </stream>
                    </streams>
                    <attachments />
                  </testLog>
                </testStepRun>
              </children>
              <result assertCount="6" duration="0.0849123">
                <outcome status="failed" />
              </result>
              <testLog>
                <streams />
                <attachments />
              </testLog>
            </testStepRun>
            <testStepRun startTime="2011-08-05T15:51:04.0555955+09:30" endTime="2011-08-05T15:51:04.1024705+09:30">
              <testStep id="2f3a4e7cd4b6cd48" name="MySqlTests" fullName="SubSonic.Tests/MySqlTests" testId="ac150421ef5e6b01" isPrimary="true" isTestCase="false" isDynamic="false">
                <codeReference assembly="SubSonic.Tests, Version=2.2.1.0, Culture=neutral, PublicKeyToken=null" namespace="SubSonic.Tests" type="SubSonic.Tests.MySqlTests" />
                <codeLocation path="C:\data\SubsonicRoot\ss2\SubSonic.Tests\MySqlTests.cs" />
                <metadata>
                  <entry key="TestKind">
                    <value>Fixture</value>
                  </entry>
                </metadata>
              </testStep>
              <children>
                <testStepRun startTime="2011-08-05T15:51:04.0555955+09:30" endTime="2011-08-05T15:51:04.1024705+09:30">
                  <testStep id="62e40eb0762fc579" name="CorrectSchemaLoad" fullName="SubSonic.Tests/MySqlTests/CorrectSchemaLoad" testId="be8622380961903f" isPrimary="true" isTestCase="true" isDynamic="false">
                    <codeReference assembly="SubSonic.Tests, Version=2.2.1.0, Culture=neutral, PublicKeyToken=null" namespace="SubSonic.Tests" type="SubSonic.Tests.MySqlTests" member="CorrectSchemaLoad" />
                    <codeLocation path="C:\data\SubsonicRoot\ss2\SubSonic.Tests\MySqlTests.cs" line="28" />
                    <metadata>
                      <entry key="TestKind">
                        <value>Test</value>
                      </entry>
                    </metadata>
                  </testStep>
                  <children />
                  <result assertCount="0" duration="0.0052042">
                    <outcome status="failed" />
                  </result>
                  <testLog>
                    <streams>
                      <stream name="Failures">
                        <body>
                          <contents>
                            <section name="Execute">
                              <contents>
                                <marker class="Exception">
                                  <contents>
                                    <marker class="ExceptionType">
                                      <contents>
                                        <text><![CDATA[System.InvalidCastException]]></text>
                                      </contents>
                                      <attributes />
                                    </marker>
                                    <text><![CDATA[: ]]></text>
                                    <marker class="ExceptionMessage">
                                      <contents>
                                        <text><![CDATA[Unable to cast object of type 'SubSonic.SqlDataProvider' to type 'SubSonic.MySqlDataProvider'.]]></text>
                                      </contents>
                                      <attributes />
                                    </marker>
                                    <text><![CDATA[
]]></text>
                                    <marker class="StackTrace">
                                      <contents>
                                        <text><![CDATA[   at SubSonic.Tests.MySqlTests.CorrectSchemaLoad() in ]]></text>
                                        <marker class="CodeLocation">
                                          <contents>
                                            <text><![CDATA[C:\data\SubsonicRoot\ss2\SubSonic.Tests\MySqlTests.cs:line 29]]></text>
                                          </contents>
                                          <attributes>
                                            <attribute name="line" value="29" />
                                            <attribute name="path" value="C:\data\SubsonicRoot\ss2\SubSonic.Tests\MySqlTests.cs" />
                                          </attributes>
                                        </marker>
                                      </contents>
                                      <attributes />
                                    </marker>
                                  </contents>
                                  <attributes />
                                </marker>
                              </contents>
                            </section>
                          </contents>
                        </body>
                      </stream>
                    </streams>
                    <attachments />
                  </testLog>
                </testStepRun>
              </children>
              <result assertCount="0" duration="0.0114938">
                <outcome status="failed" />
              </result>
              <testLog>
                <streams />
                <attachments />
              </testLog>
            </testStepRun>
            <testStepRun startTime="2011-08-05T15:51:04.1024705+09:30" endTime="2011-08-05T15:51:04.1180955+09:30">
              <testStep id="12e4f5a586c885af" name="NameTransformationTests" fullName="SubSonic.Tests/NameTransformationTests" testId="7a8c3f10192cd9e6" isPrimary="true" isTestCase="false" isDynamic="false">
                <codeReference assembly="SubSonic.Tests, Version=2.2.1.0, Culture=neutral, PublicKeyToken=null" namespace="SubSonic.Tests" type="SubSonic.Tests.NameTransformationTests" />
                <codeLocation path="C:\data\SubsonicRoot\ss2\SubSonic.Tests\NameTransformationTests.cs" />
                <metadata>
                  <entry key="TestKind">
                    <value>Fixture</value>
                  </entry>
                </metadata>
              </testStep>
              <children>
                <testStepRun startTime="2011-08-05T15:51:04.1024705+09:30" endTime="2011-08-05T15:51:04.1180955+09:30">
                  <testStep id="511cfcad6621cbfe" name="NameTransformation_ToPascalCase" fullName="SubSonic.Tests/NameTransformationTests/NameTransformation_ToPascalCase" testId="24d41af1d98cd3cb" isPrimary="true" isTestCase="true" isDynamic="false">
                    <codeReference assembly="SubSonic.Tests, Version=2.2.1.0, Culture=neutral, PublicKeyToken=null" namespace="SubSonic.Tests" type="SubSonic.Tests.NameTransformationTests" member="NameTransformation_ToPascalCase" />
                    <codeLocation path="C:\data\SubsonicRoot\ss2\SubSonic.Tests\NameTransformationTests.cs" line="30" />
                    <metadata>
                      <entry key="TestKind">
                        <value>Test</value>
                      </entry>
                    </metadata>
                  </testStep>
                  <children />
                  <result assertCount="16" duration="0.0025878999999999997">
                    <outcome status="passed" />
                  </result>
                  <testLog>
                    <streams />
                    <attachments />
                  </testLog>
                </testStepRun>
              </children>
              <result assertCount="16" duration="0.10178699999999999">
                <outcome status="passed" />
              </result>
              <testLog>
                <streams />
                <attachments />
              </testLog>
            </testStepRun>
            <testStepRun startTime="2011-08-05T15:51:04.1180955+09:30" endTime="2011-08-05T15:51:09.3837205+09:30">
              <testStep id="1252d7f0043cddfe" name="QueryTest" fullName="SubSonic.Tests/QueryTest" testId="f46067cf1bd4c990" isPrimary="true" isTestCase="false" isDynamic="false">
                <codeReference assembly="SubSonic.Tests, Version=2.2.1.0, Culture=neutral, PublicKeyToken=null" namespace="SubSonic.Tests" type="SubSonic.Tests.QueryTest" />
                <codeLocation path="C:\data\SubsonicRoot\ss2\SubSonic.Tests\QueryTest.cs" />
                <metadata>
                  <entry key="TestKind">
                    <value>Fixture</value>
                  </entry>
                </metadata>
              </testStep>
              <children>
                <testStepRun startTime="2011-08-05T15:51:04.1337205+09:30" endTime="2011-08-05T15:51:04.1337205+09:30">
                  <testStep id="1ae98a9cd540d45a" name="ExecuteJoinedDataSet_Should_Accept_Parameters" fullName="SubSonic.Tests/QueryTest/ExecuteJoinedDataSet_Should_Accept_Parameters" testId="d5a4330fc92e527" isPrimary="true" isTestCase="true" isDynamic="false">
                    <codeReference assembly="SubSonic.Tests, Version=2.2.1.0, Culture=neutral, PublicKeyToken=null" namespace="SubSonic.Tests" type="SubSonic.Tests.QueryTest" member="ExecuteJoinedDataSet_Should_Accept_Parameters" />
                    <codeLocation path="C:\data\SubsonicRoot\ss2\SubSonic.Tests\QueryTest.cs" line="441" />
                    <metadata>
                      <entry key="TestKind">
                        <value>Test</value>
                      </entry>
                    </metadata>
                  </testStep>
                  <children />
                  <result assertCount="1" duration="0.25836749999999997">
                    <outcome status="passed" />
                  </result>
                  <testLog>
                    <streams />
                    <attachments />
                  </testLog>
                </testStepRun>
                <testStepRun startTime="2011-08-05T15:51:04.1493455+09:30" endTime="2011-08-05T15:51:04.2587205+09:30">
                  <testStep id="762a97eba2c17eb2" name="Query_BetweenAnd" fullName="SubSonic.Tests/QueryTest/Query_BetweenAnd" testId="d808a23c9537051e" isPrimary="true" isTestCase="true" isDynamic="false">
                    <codeReference assembly="SubSonic.Tests, Version=2.2.1.0, Culture=neutral, PublicKeyToken=null" namespace="SubSonic.Tests" type="SubSonic.Tests.QueryTest" member="Query_BetweenAnd" />
                    <codeLocation path="C:\data\SubsonicRoot\ss2\SubSonic.Tests\QueryTest.cs" line="102" />
                    <metadata>
                      <entry key="TestKind">
                        <value>Test</value>
                      </entry>
                    </metadata>
                  </testStep>
                  <children />
                  <result assertCount="0" duration="0.0174547">
                    <outcome status="failed" />
                  </result>
                  <testLog>
                    <streams>
                      <stream name="Failures">
                        <body>
                          <contents>
                            <section name="Execute">
                              <contents>
                                <marker class="Exception">
                                  <contents>
                                    <marker class="ExceptionType">
                                      <contents>
                                        <text><![CDATA[System.Data.SqlClient.SqlException]]></text>
                                      </contents>
                                      <attributes />
                                    </marker>
                                    <text><![CDATA[: ]]></text>
                                    <marker class="ExceptionMessage">
                                      <contents>
                                        <text><![CDATA[Incorrect syntax near the keyword 'ORDER'.]]></text>
                                      </contents>
                                      <attributes />
                                    </marker>
                                    <text><![CDATA[
]]></text>
                                    <marker class="ExceptionPropertyName">
                                      <contents>
                                        <text><![CDATA[Errors]]></text>
                                      </contents>
                                      <attributes />
                                    </marker>
                                    <text><![CDATA[: ]]></text>
                                    <marker class="ExceptionPropertyValue">
                                      <contents>
                                        <text><![CDATA[System.Data.SqlClient.SqlErrorCollection]]></text>
                                      </contents>
                                      <attributes />
                                    </marker>
                                    <text><![CDATA[
]]></text>
                                    <marker class="ExceptionPropertyName">
                                      <contents>
                                        <text><![CDATA[Class]]></text>
                                      </contents>
                                      <attributes />
                                    </marker>
                                    <text><![CDATA[: ]]></text>
                                    <marker class="ExceptionPropertyValue">
                                      <contents>
                                        <text><![CDATA[15]]></text>
                                      </contents>
                                      <attributes />
                                    </marker>
                                    <text><![CDATA[
]]></text>
                                    <marker class="ExceptionPropertyName">
                                      <contents>
                                        <text><![CDATA[LineNumber]]></text>
                                      </contents>
                                      <attributes />
                                    </marker>
                                    <text><![CDATA[: ]]></text>
                                    <marker class="ExceptionPropertyValue">
                                      <contents>
                                        <text><![CDATA[1]]></text>
                                      </contents>
                                      <attributes />
                                    </marker>
                                    <text><![CDATA[
]]></text>
                                    <marker class="ExceptionPropertyName">
                                      <contents>
                                        <text><![CDATA[Number]]></text>
                                      </contents>
                                      <attributes />
                                    </marker>
                                    <text><![CDATA[: ]]></text>
                                    <marker class="ExceptionPropertyValue">
                                      <contents>
                                        <text><![CDATA[156]]></text>
                                      </contents>
                                      <attributes />
                                    </marker>
                                    <text><![CDATA[
]]></text>
                                    <marker class="ExceptionPropertyName">
                                      <contents>
                                        <text><![CDATA[Procedure]]></text>
                                      </contents>
                                      <attributes />
                                    </marker>
                                    <text><![CDATA[: ]]></text>
                                    <marker class="ExceptionPropertyValue">
                                      <contents />
                                      <attributes />
                                    </marker>
                                    <text><![CDATA[
]]></text>
                                    <marker class="ExceptionPropertyName">
                                      <contents>
                                        <text><![CDATA[Server]]></text>
                                      </contents>
                                      <attributes />
                                    </marker>
                                    <text><![CDATA[: ]]></text>
                                    <marker class="ExceptionPropertyValue">
                                      <contents>
                                        <text><![CDATA[ANAXIMANDER\SQLEXPRESS]]></text>
                                      </contents>
                                      <attributes />
                                    </marker>
                                    <text><![CDATA[
]]></text>
                                    <marker class="ExceptionPropertyName">
                                      <contents>
                                        <text><![CDATA[State]]></text>
                                      </contents>
                                      <attributes />
                                    </marker>
                                    <text><![CDATA[: ]]></text>
                                    <marker class="ExceptionPropertyValue">
                                      <contents>
                                        <text><![CDATA[1]]></text>
                                      </contents>
                                      <attributes />
                                    </marker>
                                    <text><![CDATA[
]]></text>
                                    <marker class="ExceptionPropertyName">
                                      <contents>
                                        <text><![CDATA[ErrorCode]]></text>
                                      </contents>
                                      <attributes />
                                    </marker>
                                    <text><![CDATA[: ]]></text>
                                    <marker class="ExceptionPropertyValue">
                                      <contents>
                                        <text><![CDATA[-2146232060]]></text>
                                      </contents>
                                      <attributes />
                                    </marker>
                                    <text><![CDATA[
]]></text>
                                    <marker class="StackTrace">
                                      <contents>
                                        <text><![CDATA[   at System.Data.SqlClient.SqlConnection.OnError(SqlException exception, Boolean breakConnection)
   at System.Data.SqlClient.SqlInternalConnection.OnError(SqlException exception, Boolean breakConnection)
   at System.Data.SqlClient.TdsParser.ThrowExceptionAndWarning(TdsParserStateObject stateObj)
   at System.Data.SqlClient.TdsParser.Run(RunBehavior runBehavior, SqlCommand cmdHandler, SqlDataReader dataStream, BulkCopySimpleResultSet bulkCopyHandler, TdsParserStateObject stateObj)
   at System.Data.SqlClient.SqlDataReader.ConsumeMetaData()
   at System.Data.SqlClient.SqlDataReader.get_MetaData()
   at System.Data.SqlClient.SqlCommand.FinishExecuteReader(SqlDataReader ds, RunBehavior runBehavior, String resetOptionsString)
   at System.Data.SqlClient.SqlCommand.RunExecuteReaderTds(CommandBehavior cmdBehavior, RunBehavior runBehavior, Boolean returnStream, Boolean async)
   at System.Data.SqlClient.SqlCommand.RunExecuteReader(CommandBehavior cmdBehavior, RunBehavior runBehavior, Boolean returnStream, String method, DbAsyncResult result)
   at System.Data.SqlClient.SqlCommand.RunExecuteReader(CommandBehavior cmdBehavior, RunBehavior runBehavior, Boolean returnStream, String method)
   at System.Data.SqlClient.SqlCommand.ExecuteReader(CommandBehavior behavior, String method)
   at System.Data.SqlClient.SqlCommand.ExecuteReader(CommandBehavior behavior)
   at SubSonic.SqlDataProvider.GetReader(QueryCommand qry) in ]]></text>
                                        <marker class="CodeLocation">
                                          <contents>
                                            <text><![CDATA[C:\data\SubsonicRoot\ss2\SubSonic\DataProviders\SqlDataProvider.cs:line 384]]></text>
                                          </contents>
                                          <attributes>
                                            <attribute name="line" value="384" />
                                            <attribute name="path" value="C:\data\SubsonicRoot\ss2\SubSonic\DataProviders\SqlDataProvider.cs" />
                                          </attributes>
                                        </marker>
                                        <text><![CDATA[
   at SubSonic.DataService.GetReader(QueryCommand cmd) in ]]></text>
                                        <marker class="CodeLocation">
                                          <contents>
                                            <text><![CDATA[C:\data\SubsonicRoot\ss2\SubSonic\DataProviders\DataService.cs:line 506]]></text>
                                          </contents>
                                          <attributes>
                                            <attribute name="line" value="506" />
                                            <attribute name="path" value="C:\data\SubsonicRoot\ss2\SubSonic\DataProviders\DataService.cs" />
                                          </attributes>
                                        </marker>
                                        <text><![CDATA[
   at SubSonic.Query.ExecuteReader() in ]]></text>
                                        <marker class="CodeLocation">
                                          <contents>
                                            <text><![CDATA[C:\data\SubsonicRoot\ss2\SubSonic\Sql Tools\Query.cs:line 1814]]></text>
                                          </contents>
                                          <attributes>
                                            <attribute name="line" value="1814" />
                                            <attribute name="path" value="C:\data\SubsonicRoot\ss2\SubSonic\Sql Tools\Query.cs" />
                                          </attributes>
                                        </marker>
                                        <text><![CDATA[
   at SubSonic.Tests.QueryTest.Query_BetweenAnd() in ]]></text>
                                        <marker class="CodeLocation">
                                          <contents>
                                            <text><![CDATA[C:\data\SubsonicRoot\ss2\SubSonic.Tests\QueryTest.cs:line 105]]></text>
                                          </contents>
                                          <attributes>
                                            <attribute name="line" value="105" />
                                            <attribute name="path" value="C:\data\SubsonicRoot\ss2\SubSonic.Tests\QueryTest.cs" />
                                          </attributes>
                                        </marker>
                                      </contents>
                                      <attributes />
                                    </marker>
                                  </contents>
                                  <attributes />
                                </marker>
                              </contents>
                            </section>
                          </contents>
                        </body>
                      </stream>
                    </streams>
                    <attachments />
                  </testLog>
                </testStepRun>
                <testStepRun startTime="2011-08-05T15:51:04.2587205+09:30" endTime="2011-08-05T15:51:04.3993455+09:30">
                  <testStep id="3a9b784fff8841fa" name="Query_BetweenNumbers" fullName="SubSonic.Tests/QueryTest/Query_BetweenNumbers" testId="859a4ecfc31fd653" isPrimary="true" isTestCase="true" isDynamic="false">
                    <codeReference assembly="SubSonic.Tests, Version=2.2.1.0, Culture=neutral, PublicKeyToken=null" namespace="SubSonic.Tests" type="SubSonic.Tests.QueryTest" member="Query_BetweenNumbers" />
                    <codeLocation path="C:\data\SubsonicRoot\ss2\SubSonic.Tests\QueryTest.cs" line="138" />
                    <metadata>
                      <entry key="TestKind">
                        <value>Test</value>
                      </entry>
                    </metadata>
                  </testStep>
                  <children />
                  <result assertCount="0" duration="0.027204799999999998">
                    <outcome status="failed" />
                  </result>
                  <testLog>
                    <streams>
                      <stream name="Failures">
                        <body>
                          <contents>
                            <section name="Execute">
                              <contents>
                                <marker class="Exception">
                                  <contents>
                                    <marker class="ExceptionType">
                                      <contents>
                                        <text><![CDATA[System.Data.SqlClient.SqlException]]></text>
                                      </contents>
                                      <attributes />
                                    </marker>
                                    <text><![CDATA[: ]]></text>
                                    <marker class="ExceptionMessage">
                                      <contents>
                                        <text><![CDATA[Incorrect syntax near the keyword 'ORDER'.]]></text>
                                      </contents>
                                      <attributes />
                                    </marker>
                                    <text><![CDATA[
]]></text>
                                    <marker class="ExceptionPropertyName">
                                      <contents>
                                        <text><![CDATA[Errors]]></text>
                                      </contents>
                                      <attributes />
                                    </marker>
                                    <text><![CDATA[: ]]></text>
                                    <marker class="ExceptionPropertyValue">
                                      <contents>
                                        <text><![CDATA[System.Data.SqlClient.SqlErrorCollection]]></text>
                                      </contents>
                                      <attributes />
                                    </marker>
                                    <text><![CDATA[
]]></text>
                                    <marker class="ExceptionPropertyName">
                                      <contents>
                                        <text><![CDATA[Class]]></text>
                                      </contents>
                                      <attributes />
                                    </marker>
                                    <text><![CDATA[: ]]></text>
                                    <marker class="ExceptionPropertyValue">
                                      <contents>
                                        <text><![CDATA[15]]></text>
                                      </contents>
                                      <attributes />
                                    </marker>
                                    <text><![CDATA[
]]></text>
                                    <marker class="ExceptionPropertyName">
                                      <contents>
                                        <text><![CDATA[LineNumber]]></text>
                                      </contents>
                                      <attributes />
                                    </marker>
                                    <text><![CDATA[: ]]></text>
                                    <marker class="ExceptionPropertyValue">
                                      <contents>
                                        <text><![CDATA[1]]></text>
                                      </contents>
                                      <attributes />
                                    </marker>
                                    <text><![CDATA[
]]></text>
                                    <marker class="ExceptionPropertyName">
                                      <contents>
                                        <text><![CDATA[Number]]></text>
                                      </contents>
                                      <attributes />
                                    </marker>
                                    <text><![CDATA[: ]]></text>
                                    <marker class="ExceptionPropertyValue">
                                      <contents>
                                        <text><![CDATA[156]]></text>
                                      </contents>
                                      <attributes />
                                    </marker>
                                    <text><![CDATA[
]]></text>
                                    <marker class="ExceptionPropertyName">
                                      <contents>
                                        <text><![CDATA[Procedure]]></text>
                                      </contents>
                                      <attributes />
                                    </marker>
                                    <text><![CDATA[: ]]></text>
                                    <marker class="ExceptionPropertyValue">
                                      <contents />
                                      <attributes />
                                    </marker>
                                    <text><![CDATA[
]]></text>
                                    <marker class="ExceptionPropertyName">
                                      <contents>
                                        <text><![CDATA[Server]]></text>
                                      </contents>
                                      <attributes />
                                    </marker>
                                    <text><![CDATA[: ]]></text>
                                    <marker class="ExceptionPropertyValue">
                                      <contents>
                                        <text><![CDATA[ANAXIMANDER\SQLEXPRESS]]></text>
                                      </contents>
                                      <attributes />
                                    </marker>
                                    <text><![CDATA[
]]></text>
                                    <marker class="ExceptionPropertyName">
                                      <contents>
                                        <text><![CDATA[State]]></text>
                                      </contents>
                                      <attributes />
                                    </marker>
                                    <text><![CDATA[: ]]></text>
                                    <marker class="ExceptionPropertyValue">
                                      <contents>
                                        <text><![CDATA[1]]></text>
                                      </contents>
                                      <attributes />
                                    </marker>
                                    <text><![CDATA[
]]></text>
                                    <marker class="ExceptionPropertyName">
                                      <contents>
                                        <text><![CDATA[ErrorCode]]></text>
                                      </contents>
                                      <attributes />
                                    </marker>
                                    <text><![CDATA[: ]]></text>
                                    <marker class="ExceptionPropertyValue">
                                      <contents>
                                        <text><![CDATA[-2146232060]]></text>
                                      </contents>
                                      <attributes />
                                    </marker>
                                    <text><![CDATA[
]]></text>
                                    <marker class="StackTrace">
                                      <contents>
                                        <text><![CDATA[   at System.Data.SqlClient.SqlConnection.OnError(SqlException exception, Boolean breakConnection)
   at System.Data.SqlClient.SqlInternalConnection.OnError(SqlException exception, Boolean breakConnection)
   at System.Data.SqlClient.TdsParser.ThrowExceptionAndWarning(TdsParserStateObject stateObj)
   at System.Data.SqlClient.TdsParser.Run(RunBehavior runBehavior, SqlCommand cmdHandler, SqlDataReader dataStream, BulkCopySimpleResultSet bulkCopyHandler, TdsParserStateObject stateObj)
   at System.Data.SqlClient.SqlDataReader.ConsumeMetaData()
   at System.Data.SqlClient.SqlDataReader.get_MetaData()
   at System.Data.SqlClient.SqlCommand.FinishExecuteReader(SqlDataReader ds, RunBehavior runBehavior, String resetOptionsString)
   at System.Data.SqlClient.SqlCommand.RunExecuteReaderTds(CommandBehavior cmdBehavior, RunBehavior runBehavior, Boolean returnStream, Boolean async)
   at System.Data.SqlClient.SqlCommand.RunExecuteReader(CommandBehavior cmdBehavior, RunBehavior runBehavior, Boolean returnStream, String method, DbAsyncResult result)
   at System.Data.SqlClient.SqlCommand.RunExecuteReader(CommandBehavior cmdBehavior, RunBehavior runBehavior, Boolean returnStream, String method)
   at System.Data.SqlClient.SqlCommand.ExecuteReader(CommandBehavior behavior, String method)
   at System.Data.SqlClient.SqlCommand.ExecuteReader(CommandBehavior behavior)
   at SubSonic.SqlDataProvider.GetReader(QueryCommand qry) in ]]></text>
                                        <marker class="CodeLocation">
                                          <contents>
                                            <text><![CDATA[C:\data\SubsonicRoot\ss2\SubSonic\DataProviders\SqlDataProvider.cs:line 384]]></text>
                                          </contents>
                                          <attributes>
                                            <attribute name="line" value="384" />
                                            <attribute name="path" value="C:\data\SubsonicRoot\ss2\SubSonic\DataProviders\SqlDataProvider.cs" />
                                          </attributes>
                                        </marker>
                                        <text><![CDATA[
   at SubSonic.DataService.GetReader(QueryCommand cmd) in ]]></text>
                                        <marker class="CodeLocation">
                                          <contents>
                                            <text><![CDATA[C:\data\SubsonicRoot\ss2\SubSonic\DataProviders\DataService.cs:line 506]]></text>
                                          </contents>
                                          <attributes>
                                            <attribute name="line" value="506" />
                                            <attribute name="path" value="C:\data\SubsonicRoot\ss2\SubSonic\DataProviders\DataService.cs" />
                                          </attributes>
                                        </marker>
                                        <text><![CDATA[
   at SubSonic.Query.ExecuteReader() in ]]></text>
                                        <marker class="CodeLocation">
                                          <contents>
                                            <text><![CDATA[C:\data\SubsonicRoot\ss2\SubSonic\Sql Tools\Query.cs:line 1814]]></text>
                                          </contents>
                                          <attributes>
                                            <attribute name="line" value="1814" />
                                            <attribute name="path" value="C:\data\SubsonicRoot\ss2\SubSonic\Sql Tools\Query.cs" />
                                          </attributes>
                                        </marker>
                                        <text><![CDATA[
   at SubSonic.Tests.QueryTest.Query_BetweenNumbers() in ]]></text>
                                        <marker class="CodeLocation">
                                          <contents>
                                            <text><![CDATA[C:\data\SubsonicRoot\ss2\SubSonic.Tests\QueryTest.cs:line 141]]></text>
                                          </contents>
                                          <attributes>
                                            <attribute name="line" value="141" />
                                            <attribute name="path" value="C:\data\SubsonicRoot\ss2\SubSonic.Tests\QueryTest.cs" />
                                          </attributes>
                                        </marker>
                                      </contents>
                                      <attributes />
                                    </marker>
                                  </contents>
                                  <attributes />
                                </marker>
                              </contents>
                            </section>
                          </contents>
                        </body>
                      </stream>
                    </streams>
                    <attachments />
                  </testLog>
                </testStepRun>
                <testStepRun startTime="2011-08-05T15:51:04.3993455+09:30" endTime="2011-08-05T15:51:04.5243455+09:30">
                  <testStep id="6e9e7f9c0945a580" name="Query_ConstraintExpression" fullName="SubSonic.Tests/QueryTest/Query_ConstraintExpression" testId="ec2493bfaffe6a56" isPrimary="true" isTestCase="true" isDynamic="false">
                    <codeReference assembly="SubSonic.Tests, Version=2.2.1.0, Culture=neutral, PublicKeyToken=null" namespace="SubSonic.Tests" type="SubSonic.Tests.QueryTest" member="Query_ConstraintExpression" />
                    <codeLocation path="C:\data\SubsonicRoot\ss2\SubSonic.Tests\QueryTest.cs" line="457" />
                    <metadata>
                      <entry key="TestKind">
                        <value>Test</value>
                      </entry>
                    </metadata>
                  </testStep>
                  <children />
                  <result assertCount="0" duration="0.0294816">
                    <outcome status="failed" />
                  </result>
                  <testLog>
                    <streams>
                      <stream name="Failures">
                        <body>
                          <contents>
                            <section name="Execute">
                              <contents>
                                <marker class="Exception">
                                  <contents>
                                    <marker class="ExceptionType">
                                      <contents>
                                        <text><![CDATA[System.Data.SqlClient.SqlException]]></text>
                                      </contents>
                                      <attributes />
                                    </marker>
                                    <text><![CDATA[: ]]></text>
                                    <marker class="ExceptionMessage">
                                      <contents>
                                        <text><![CDATA[Incorrect syntax near the keyword 'ORDER'.]]></text>
                                      </contents>
                                      <attributes />
                                    </marker>
                                    <text><![CDATA[
]]></text>
                                    <marker class="ExceptionPropertyName">
                                      <contents>
                                        <text><![CDATA[Errors]]></text>
                                      </contents>
                                      <attributes />
                                    </marker>
                                    <text><![CDATA[: ]]></text>
                                    <marker class="ExceptionPropertyValue">
                                      <contents>
                                        <text><![CDATA[System.Data.SqlClient.SqlErrorCollection]]></text>
                                      </contents>
                                      <attributes />
                                    </marker>
                                    <text><![CDATA[
]]></text>
                                    <marker class="ExceptionPropertyName">
                                      <contents>
                                        <text><![CDATA[Class]]></text>
                                      </contents>
                                      <attributes />
                                    </marker>
                                    <text><![CDATA[: ]]></text>
                                    <marker class="ExceptionPropertyValue">
                                      <contents>
                                        <text><![CDATA[15]]></text>
                                      </contents>
                                      <attributes />
                                    </marker>
                                    <text><![CDATA[
]]></text>
                                    <marker class="ExceptionPropertyName">
                                      <contents>
                                        <text><![CDATA[LineNumber]]></text>
                                      </contents>
                                      <attributes />
                                    </marker>
                                    <text><![CDATA[: ]]></text>
                                    <marker class="ExceptionPropertyValue">
                                      <contents>
                                        <text><![CDATA[1]]></text>
                                      </contents>
                                      <attributes />
                                    </marker>
                                    <text><![CDATA[
]]></text>
                                    <marker class="ExceptionPropertyName">
                                      <contents>
                                        <text><![CDATA[Number]]></text>
                                      </contents>
                                      <attributes />
                                    </marker>
                                    <text><![CDATA[: ]]></text>
                                    <marker class="ExceptionPropertyValue">
                                      <contents>
                                        <text><![CDATA[156]]></text>
                                      </contents>
                                      <attributes />
                                    </marker>
                                    <text><![CDATA[
]]></text>
                                    <marker class="ExceptionPropertyName">
                                      <contents>
                                        <text><![CDATA[Procedure]]></text>
                                      </contents>
                                      <attributes />
                                    </marker>
                                    <text><![CDATA[: ]]></text>
                                    <marker class="ExceptionPropertyValue">
                                      <contents />
                                      <attributes />
                                    </marker>
                                    <text><![CDATA[
]]></text>
                                    <marker class="ExceptionPropertyName">
                                      <contents>
                                        <text><![CDATA[Server]]></text>
                                      </contents>
                                      <attributes />
                                    </marker>
                                    <text><![CDATA[: ]]></text>
                                    <marker class="ExceptionPropertyValue">
                                      <contents>
                                        <text><![CDATA[ANAXIMANDER\SQLEXPRESS]]></text>
                                      </contents>
                                      <attributes />
                                    </marker>
                                    <text><![CDATA[
]]></text>
                                    <marker class="ExceptionPropertyName">
                                      <contents>
                                        <text><![CDATA[State]]></text>
                                      </contents>
                                      <attributes />
                                    </marker>
                                    <text><![CDATA[: ]]></text>
                                    <marker class="ExceptionPropertyValue">
                                      <contents>
                                        <text><![CDATA[1]]></text>
                                      </contents>
                                      <attributes />
                                    </marker>
                                    <text><![CDATA[
]]></text>
                                    <marker class="ExceptionPropertyName">
                                      <contents>
                                        <text><![CDATA[ErrorCode]]></text>
                                      </contents>
                                      <attributes />
                                    </marker>
                                    <text><![CDATA[: ]]></text>
                                    <marker class="ExceptionPropertyValue">
                                      <contents>
                                        <text><![CDATA[-2146232060]]></text>
                                      </contents>
                                      <attributes />
                                    </marker>
                                    <text><![CDATA[
]]></text>
                                    <marker class="StackTrace">
                                      <contents>
                                        <text><![CDATA[   at System.Data.SqlClient.SqlConnection.OnError(SqlException exception, Boolean breakConnection)
   at System.Data.SqlClient.SqlInternalConnection.OnError(SqlException exception, Boolean breakConnection)
   at System.Data.SqlClient.TdsParser.ThrowExceptionAndWarning(TdsParserStateObject stateObj)
   at System.Data.SqlClient.TdsParser.Run(RunBehavior runBehavior, SqlCommand cmdHandler, SqlDataReader dataStream, BulkCopySimpleResultSet bulkCopyHandler, TdsParserStateObject stateObj)
   at System.Data.SqlClient.SqlDataReader.ConsumeMetaData()
   at System.Data.SqlClient.SqlDataReader.get_MetaData()
   at System.Data.SqlClient.SqlCommand.FinishExecuteReader(SqlDataReader ds, RunBehavior runBehavior, String resetOptionsString)
   at System.Data.SqlClient.SqlCommand.RunExecuteReaderTds(CommandBehavior cmdBehavior, RunBehavior runBehavior, Boolean returnStream, Boolean async)
   at System.Data.SqlClient.SqlCommand.RunExecuteReader(CommandBehavior cmdBehavior, RunBehavior runBehavior, Boolean returnStream, String method, DbAsyncResult result)
   at System.Data.SqlClient.SqlCommand.RunExecuteReader(CommandBehavior cmdBehavior, RunBehavior runBehavior, Boolean returnStream, String method)
   at System.Data.SqlClient.SqlCommand.ExecuteReader(CommandBehavior behavior, String method)
   at System.Data.SqlClient.SqlCommand.ExecuteReader(CommandBehavior behavior)
   at SubSonic.SqlDataProvider.GetReader(QueryCommand qry) in ]]></text>
                                        <marker class="CodeLocation">
                                          <contents>
                                            <text><![CDATA[C:\data\SubsonicRoot\ss2\SubSonic\DataProviders\SqlDataProvider.cs:line 384]]></text>
                                          </contents>
                                          <attributes>
                                            <attribute name="line" value="384" />
                                            <attribute name="path" value="C:\data\SubsonicRoot\ss2\SubSonic\DataProviders\SqlDataProvider.cs" />
                                          </attributes>
                                        </marker>
                                        <text><![CDATA[
   at SubSonic.DataService.GetReader(QueryCommand cmd) in ]]></text>
                                        <marker class="CodeLocation">
                                          <contents>
                                            <text><![CDATA[C:\data\SubsonicRoot\ss2\SubSonic\DataProviders\DataService.cs:line 506]]></text>
                                          </contents>
                                          <attributes>
                                            <attribute name="line" value="506" />
                                            <attribute name="path" value="C:\data\SubsonicRoot\ss2\SubSonic\DataProviders\DataService.cs" />
                                          </attributes>
                                        </marker>
                                        <text><![CDATA[
   at SubSonic.Query.ExecuteReader() in ]]></text>
                                        <marker class="CodeLocation">
                                          <contents>
                                            <text><![CDATA[C:\data\SubsonicRoot\ss2\SubSonic\Sql Tools\Query.cs:line 1814]]></text>
                                          </contents>
                                          <attributes>
                                            <attribute name="line" value="1814" />
                                            <attribute name="path" value="C:\data\SubsonicRoot\ss2\SubSonic\Sql Tools\Query.cs" />
                                          </attributes>
                                        </marker>
                                        <text><![CDATA[
   at SubSonic.Tests.QueryTest.Query_ConstraintExpression() in ]]></text>
                                        <marker class="CodeLocation">
                                          <contents>
                                            <text><![CDATA[C:\data\SubsonicRoot\ss2\SubSonic.Tests\QueryTest.cs:line 459]]></text>
                                          </contents>
                                          <attributes>
                                            <attribute name="line" value="459" />
                                            <attribute name="path" value="C:\data\SubsonicRoot\ss2\SubSonic.Tests\QueryTest.cs" />
                                          </attributes>
                                        </marker>
                                      </contents>
                                      <attributes />
                                    </marker>
                                  </contents>
                                  <attributes />
                                </marker>
                              </contents>
                            </section>
                          </contents>
                        </body>
                      </stream>
                    </streams>
                    <attachments />
                  </testLog>
                </testStepRun>
                <testStepRun startTime="2011-08-05T15:51:04.5243455+09:30" endTime="2011-08-05T15:51:04.6493455+09:30">
                  <testStep id="a87150cccafef181" name="Query_Expression" fullName="SubSonic.Tests/QueryTest/Query_Expression" testId="ad91cb18508fc3a6" isPrimary="true" isTestCase="true" isDynamic="false">
                    <codeReference assembly="SubSonic.Tests, Version=2.2.1.0, Culture=neutral, PublicKeyToken=null" namespace="SubSonic.Tests" type="SubSonic.Tests.QueryTest" member="Query_Expression" />
                    <codeLocation path="C:\data\SubsonicRoot\ss2\SubSonic.Tests\QueryTest.cs" line="373" />
                    <metadata>
                      <entry key="TestKind">
                        <value>Test</value>
                      </entry>
                    </metadata>
                  </testStep>
                  <children />
                  <result assertCount="0" duration="0.0121827">
                    <outcome status="failed" />
                  </result>
                  <testLog>
                    <streams>
                      <stream name="Failures">
                        <body>
                          <contents>
                            <section name="Execute">
                              <contents>
                                <marker class="Exception">
                                  <contents>
                                    <marker class="ExceptionType">
                                      <contents>
                                        <text><![CDATA[System.Data.SqlClient.SqlException]]></text>
                                      </contents>
                                      <attributes />
                                    </marker>
                                    <text><![CDATA[: ]]></text>
                                    <marker class="ExceptionMessage">
                                      <contents>
                                        <text><![CDATA[Incorrect syntax near the keyword 'ORDER'.]]></text>
                                      </contents>
                                      <attributes />
                                    </marker>
                                    <text><![CDATA[
]]></text>
                                    <marker class="ExceptionPropertyName">
                                      <contents>
                                        <text><![CDATA[Errors]]></text>
                                      </contents>
                                      <attributes />
                                    </marker>
                                    <text><![CDATA[: ]]></text>
                                    <marker class="ExceptionPropertyValue">
                                      <contents>
                                        <text><![CDATA[System.Data.SqlClient.SqlErrorCollection]]></text>
                                      </contents>
                                      <attributes />
                                    </marker>
                                    <text><![CDATA[
]]></text>
                                    <marker class="ExceptionPropertyName">
                                      <contents>
                                        <text><![CDATA[Class]]></text>
                                      </contents>
                                      <attributes />
                                    </marker>
                                    <text><![CDATA[: ]]></text>
                                    <marker class="ExceptionPropertyValue">
                                      <contents>
                                        <text><![CDATA[15]]></text>
                                      </contents>
                                      <attributes />
                                    </marker>
                                    <text><![CDATA[
]]></text>
                                    <marker class="ExceptionPropertyName">
                                      <contents>
                                        <text><![CDATA[LineNumber]]></text>
                                      </contents>
                                      <attributes />
                                    </marker>
                                    <text><![CDATA[: ]]></text>
                                    <marker class="ExceptionPropertyValue">
                                      <contents>
                                        <text><![CDATA[1]]></text>
                                      </contents>
                                      <attributes />
                                    </marker>
                                    <text><![CDATA[
]]></text>
                                    <marker class="ExceptionPropertyName">
                                      <contents>
                                        <text><![CDATA[Number]]></text>
                                      </contents>
                                      <attributes />
                                    </marker>
                                    <text><![CDATA[: ]]></text>
                                    <marker class="ExceptionPropertyValue">
                                      <contents>
                                        <text><![CDATA[156]]></text>
                                      </contents>
                                      <attributes />
                                    </marker>
                                    <text><![CDATA[
]]></text>
                                    <marker class="ExceptionPropertyName">
                                      <contents>
                                        <text><![CDATA[Procedure]]></text>
                                      </contents>
                                      <attributes />
                                    </marker>
                                    <text><![CDATA[: ]]></text>
                                    <marker class="ExceptionPropertyValue">
                                      <contents />
                                      <attributes />
                                    </marker>
                                    <text><![CDATA[
]]></text>
                                    <marker class="ExceptionPropertyName">
                                      <contents>
                                        <text><![CDATA[Server]]></text>
                                      </contents>
                                      <attributes />
                                    </marker>
                                    <text><![CDATA[: ]]></text>
                                    <marker class="ExceptionPropertyValue">
                                      <contents>
                                        <text><![CDATA[ANAXIMANDER\SQLEXPRESS]]></text>
                                      </contents>
                                      <attributes />
                                    </marker>
                                    <text><![CDATA[
]]></text>
                                    <marker class="ExceptionPropertyName">
                                      <contents>
                                        <text><![CDATA[State]]></text>
                                      </contents>
                                      <attributes />
                                    </marker>
                                    <text><![CDATA[: ]]></text>
                                    <marker class="ExceptionPropertyValue">
                                      <contents>
                                        <text><![CDATA[1]]></text>
                                      </contents>
                                      <attributes />
                                    </marker>
                                    <text><![CDATA[
]]></text>
                                    <marker class="ExceptionPropertyName">
                                      <contents>
                                        <text><![CDATA[ErrorCode]]></text>
                                      </contents>
                                      <attributes />
                                    </marker>
                                    <text><![CDATA[: ]]></text>
                                    <marker class="ExceptionPropertyValue">
                                      <contents>
                                        <text><![CDATA[-2146232060]]></text>
                                      </contents>
                                      <attributes />
                                    </marker>
                                    <text><![CDATA[
]]></text>
                                    <marker class="StackTrace">
                                      <contents>
                                        <text><![CDATA[   at System.Data.SqlClient.SqlConnection.OnError(SqlException exception, Boolean breakConnection)
   at System.Data.SqlClient.SqlInternalConnection.OnError(SqlException exception, Boolean breakConnection)
   at System.Data.SqlClient.TdsParser.ThrowExceptionAndWarning(TdsParserStateObject stateObj)
   at System.Data.SqlClient.TdsParser.Run(RunBehavior runBehavior, SqlCommand cmdHandler, SqlDataReader dataStream, BulkCopySimpleResultSet bulkCopyHandler, TdsParserStateObject stateObj)
   at System.Data.SqlClient.SqlDataReader.ConsumeMetaData()
   at System.Data.SqlClient.SqlDataReader.get_MetaData()
   at System.Data.SqlClient.SqlCommand.FinishExecuteReader(SqlDataReader ds, RunBehavior runBehavior, String resetOptionsString)
   at System.Data.SqlClient.SqlCommand.RunExecuteReaderTds(CommandBehavior cmdBehavior, RunBehavior runBehavior, Boolean returnStream, Boolean async)
   at System.Data.SqlClient.SqlCommand.RunExecuteReader(CommandBehavior cmdBehavior, RunBehavior runBehavior, Boolean returnStream, String method, DbAsyncResult result)
   at System.Data.SqlClient.SqlCommand.RunExecuteReader(CommandBehavior cmdBehavior, RunBehavior runBehavior, Boolean returnStream, String method)
   at System.Data.SqlClient.SqlCommand.ExecuteReader(CommandBehavior behavior, String method)
   at System.Data.SqlClient.SqlCommand.ExecuteReader(CommandBehavior behavior)
   at SubSonic.SqlDataProvider.GetReader(QueryCommand qry) in ]]></text>
                                        <marker class="CodeLocation">
                                          <contents>
                                            <text><![CDATA[C:\data\SubsonicRoot\ss2\SubSonic\DataProviders\SqlDataProvider.cs:line 384]]></text>
                                          </contents>
                                          <attributes>
                                            <attribute name="line" value="384" />
                                            <attribute name="path" value="C:\data\SubsonicRoot\ss2\SubSonic\DataProviders\SqlDataProvider.cs" />
                                          </attributes>
                                        </marker>
                                        <text><![CDATA[
   at SubSonic.DataService.GetReader(QueryCommand cmd) in ]]></text>
                                        <marker class="CodeLocation">
                                          <contents>
                                            <text><![CDATA[C:\data\SubsonicRoot\ss2\SubSonic\DataProviders\DataService.cs:line 506]]></text>
                                          </contents>
                                          <attributes>
                                            <attribute name="line" value="506" />
                                            <attribute name="path" value="C:\data\SubsonicRoot\ss2\SubSonic\DataProviders\DataService.cs" />
                                          </attributes>
                                        </marker>
                                        <text><![CDATA[
   at SubSonic.Query.ExecuteReader() in ]]></text>
                                        <marker class="CodeLocation">
                                          <contents>
                                            <text><![CDATA[C:\data\SubsonicRoot\ss2\SubSonic\Sql Tools\Query.cs:line 1814]]></text>
                                          </contents>
                                          <attributes>
                                            <attribute name="line" value="1814" />
                                            <attribute name="path" value="C:\data\SubsonicRoot\ss2\SubSonic\Sql Tools\Query.cs" />
                                          </attributes>
                                        </marker>
                                        <text><![CDATA[
   at SubSonic.Tests.QueryTest.Query_Expression() in ]]></text>
                                        <marker class="CodeLocation">
                                          <contents>
                                            <text><![CDATA[C:\data\SubsonicRoot\ss2\SubSonic.Tests\QueryTest.cs:line 375]]></text>
                                          </contents>
                                          <attributes>
                                            <attribute name="line" value="375" />
                                            <attribute name="path" value="C:\data\SubsonicRoot\ss2\SubSonic.Tests\QueryTest.cs" />
                                          </attributes>
                                        </marker>
                                      </contents>
                                      <attributes />
                                    </marker>
                                  </contents>
                                  <attributes />
                                </marker>
                              </contents>
                            </section>
                          </contents>
                        </body>
                      </stream>
                    </streams>
                    <attachments />
                  </testLog>
                </testStepRun>
                <testStepRun startTime="2011-08-05T15:51:04.6493455+09:30" endTime="2011-08-05T15:51:04.7587205+09:30">
                  <testStep id="2b3947f99e9b161f" name="Query_IN_ArrayList" fullName="SubSonic.Tests/QueryTest/Query_IN_ArrayList" testId="8bf81810a4cc69e2" isPrimary="true" isTestCase="true" isDynamic="false">
                    <codeReference assembly="SubSonic.Tests, Version=2.2.1.0, Culture=neutral, PublicKeyToken=null" namespace="SubSonic.Tests" type="SubSonic.Tests.QueryTest" member="Query_IN_ArrayList" />
                    <codeLocation path="C:\data\SubsonicRoot\ss2\SubSonic.Tests\QueryTest.cs" line="196" />
                    <metadata>
                      <entry key="TestKind">
                        <value>Test</value>
                      </entry>
                    </metadata>
                  </testStep>
                  <children />
                  <result assertCount="0" duration="0.048243499999999995">
                    <outcome status="failed" />
                  </result>
                  <testLog>
                    <streams>
                      <stream name="Failures">
                        <body>
                          <contents>
                            <section name="Execute">
                              <contents>
                                <marker class="Exception">
                                  <contents>
                                    <marker class="ExceptionType">
                                      <contents>
                                        <text><![CDATA[System.Data.SqlClient.SqlException]]></text>
                                      </contents>
                                      <attributes />
                                    </marker>
                                    <text><![CDATA[: ]]></text>
                                    <marker class="ExceptionMessage">
                                      <contents>
                                        <text><![CDATA[Incorrect syntax near the keyword 'ORDER'.]]></text>
                                      </contents>
                                      <attributes />
                                    </marker>
                                    <text><![CDATA[
]]></text>
                                    <marker class="ExceptionPropertyName">
                                      <contents>
                                        <text><![CDATA[Errors]]></text>
                                      </contents>
                                      <attributes />
                                    </marker>
                                    <text><![CDATA[: ]]></text>
                                    <marker class="ExceptionPropertyValue">
                                      <contents>
                                        <text><![CDATA[System.Data.SqlClient.SqlErrorCollection]]></text>
                                      </contents>
                                      <attributes />
                                    </marker>
                                    <text><![CDATA[
]]></text>
                                    <marker class="ExceptionPropertyName">
                                      <contents>
                                        <text><![CDATA[Class]]></text>
                                      </contents>
                                      <attributes />
                                    </marker>
                                    <text><![CDATA[: ]]></text>
                                    <marker class="ExceptionPropertyValue">
                                      <contents>
                                        <text><![CDATA[15]]></text>
                                      </contents>
                                      <attributes />
                                    </marker>
                                    <text><![CDATA[
]]></text>
                                    <marker class="ExceptionPropertyName">
                                      <contents>
                                        <text><![CDATA[LineNumber]]></text>
                                      </contents>
                                      <attributes />
                                    </marker>
                                    <text><![CDATA[: ]]></text>
                                    <marker class="ExceptionPropertyValue">
                                      <contents>
                                        <text><![CDATA[1]]></text>
                                      </contents>
                                      <attributes />
                                    </marker>
                                    <text><![CDATA[
]]></text>
                                    <marker class="ExceptionPropertyName">
                                      <contents>
                                        <text><![CDATA[Number]]></text>
                                      </contents>
                                      <attributes />
                                    </marker>
                                    <text><![CDATA[: ]]></text>
                                    <marker class="ExceptionPropertyValue">
                                      <contents>
                                        <text><![CDATA[156]]></text>
                                      </contents>
                                      <attributes />
                                    </marker>
                                    <text><![CDATA[
]]></text>
                                    <marker class="ExceptionPropertyName">
                                      <contents>
                                        <text><![CDATA[Procedure]]></text>
                                      </contents>
                                      <attributes />
                                    </marker>
                                    <text><![CDATA[: ]]></text>
                                    <marker class="ExceptionPropertyValue">
                                      <contents />
                                      <attributes />
                                    </marker>
                                    <text><![CDATA[
]]></text>
                                    <marker class="ExceptionPropertyName">
                                      <contents>
                                        <text><![CDATA[Server]]></text>
                                      </contents>
                                      <attributes />
                                    </marker>
                                    <text><![CDATA[: ]]></text>
                                    <marker class="ExceptionPropertyValue">
                                      <contents>
                                        <text><![CDATA[ANAXIMANDER\SQLEXPRESS]]></text>
                                      </contents>
                                      <attributes />
                                    </marker>
                                    <text><![CDATA[
]]></text>
                                    <marker class="ExceptionPropertyName">
                                      <contents>
                                        <text><![CDATA[State]]></text>
                                      </contents>
                                      <attributes />
                                    </marker>
                                    <text><![CDATA[: ]]></text>
                                    <marker class="ExceptionPropertyValue">
                                      <contents>
                                        <text><![CDATA[1]]></text>
                                      </contents>
                                      <attributes />
                                    </marker>
                                    <text><![CDATA[
]]></text>
                                    <marker class="ExceptionPropertyName">
                                      <contents>
                                        <text><![CDATA[ErrorCode]]></text>
                                      </contents>
                                      <attributes />
                                    </marker>
                                    <text><![CDATA[: ]]></text>
                                    <marker class="ExceptionPropertyValue">
                                      <contents>
                                        <text><![CDATA[-2146232060]]></text>
                                      </contents>
                                      <attributes />
                                    </marker>
                                    <text><![CDATA[
]]></text>
                                    <marker class="StackTrace">
                                      <contents>
                                        <text><![CDATA[   at System.Data.SqlClient.SqlConnection.OnError(SqlException exception, Boolean breakConnection)
   at System.Data.SqlClient.SqlInternalConnection.OnError(SqlException exception, Boolean breakConnection)
   at System.Data.SqlClient.TdsParser.ThrowExceptionAndWarning(TdsParserStateObject stateObj)
   at System.Data.SqlClient.TdsParser.Run(RunBehavior runBehavior, SqlCommand cmdHandler, SqlDataReader dataStream, BulkCopySimpleResultSet bulkCopyHandler, TdsParserStateObject stateObj)
   at System.Data.SqlClient.SqlDataReader.ConsumeMetaData()
   at System.Data.SqlClient.SqlDataReader.get_MetaData()
   at System.Data.SqlClient.SqlCommand.FinishExecuteReader(SqlDataReader ds, RunBehavior runBehavior, String resetOptionsString)
   at System.Data.SqlClient.SqlCommand.RunExecuteReaderTds(CommandBehavior cmdBehavior, RunBehavior runBehavior, Boolean returnStream, Boolean async)
   at System.Data.SqlClient.SqlCommand.RunExecuteReader(CommandBehavior cmdBehavior, RunBehavior runBehavior, Boolean returnStream, String method, DbAsyncResult result)
   at System.Data.SqlClient.SqlCommand.RunExecuteReader(CommandBehavior cmdBehavior, RunBehavior runBehavior, Boolean returnStream, String method)
   at System.Data.SqlClient.SqlCommand.ExecuteReader(CommandBehavior behavior, String method)
   at System.Data.SqlClient.SqlCommand.ExecuteReader(CommandBehavior behavior)
   at SubSonic.SqlDataProvider.GetReader(QueryCommand qry) in ]]></text>
                                        <marker class="CodeLocation">
                                          <contents>
                                            <text><![CDATA[C:\data\SubsonicRoot\ss2\SubSonic\DataProviders\SqlDataProvider.cs:line 384]]></text>
                                          </contents>
                                          <attributes>
                                            <attribute name="line" value="384" />
                                            <attribute name="path" value="C:\data\SubsonicRoot\ss2\SubSonic\DataProviders\SqlDataProvider.cs" />
                                          </attributes>
                                        </marker>
                                        <text><![CDATA[
   at SubSonic.DataService.GetReader(QueryCommand cmd) in ]]></text>
                                        <marker class="CodeLocation">
                                          <contents>
                                            <text><![CDATA[C:\data\SubsonicRoot\ss2\SubSonic\DataProviders\DataService.cs:line 506]]></text>
                                          </contents>
                                          <attributes>
                                            <attribute name="line" value="506" />
                                            <attribute name="path" value="C:\data\SubsonicRoot\ss2\SubSonic\DataProviders\DataService.cs" />
                                          </attributes>
                                        </marker>
                                        <text><![CDATA[
   at SubSonic.Query.ExecuteReader() in ]]></text>
                                        <marker class="CodeLocation">
                                          <contents>
                                            <text><![CDATA[C:\data\SubsonicRoot\ss2\SubSonic\Sql Tools\Query.cs:line 1814]]></text>
                                          </contents>
                                          <attributes>
                                            <attribute name="line" value="1814" />
                                            <attribute name="path" value="C:\data\SubsonicRoot\ss2\SubSonic\Sql Tools\Query.cs" />
                                          </attributes>
                                        </marker>
                                        <text><![CDATA[
   at SubSonic.Tests.QueryTest.Query_IN_ArrayList() in ]]></text>
                                        <marker class="CodeLocation">
                                          <contents>
                                            <text><![CDATA[C:\data\SubsonicRoot\ss2\SubSonic.Tests\QueryTest.cs:line 202]]></text>
                                          </contents>
                                          <attributes>
                                            <attribute name="line" value="202" />
                                            <attribute name="path" value="C:\data\SubsonicRoot\ss2\SubSonic.Tests\QueryTest.cs" />
                                          </attributes>
                                        </marker>
                                      </contents>
                                      <attributes />
                                    </marker>
                                  </contents>
                                  <attributes />
                                </marker>
                              </contents>
                            </section>
                          </contents>
                        </body>
                      </stream>
                    </streams>
                    <attachments />
                  </testLog>
                </testStepRun>
                <testStepRun startTime="2011-08-05T15:51:04.7587205+09:30" endTime="2011-08-05T15:51:04.8837205+09:30">
                  <testStep id="aca890186de5c7dd" name="Query_IN_ListCollection" fullName="SubSonic.Tests/QueryTest/Query_IN_ListCollection" testId="4ae6ad8f7041efb9" isPrimary="true" isTestCase="true" isDynamic="false">
                    <codeReference assembly="SubSonic.Tests, Version=2.2.1.0, Culture=neutral, PublicKeyToken=null" namespace="SubSonic.Tests" type="SubSonic.Tests.QueryTest" member="Query_IN_ListCollection" />
                    <codeLocation path="C:\data\SubsonicRoot\ss2\SubSonic.Tests\QueryTest.cs" line="172" />
                    <metadata>
                      <entry key="TestKind">
                        <value>Test</value>
                      </entry>
                    </metadata>
                  </testStep>
                  <children />
                  <result assertCount="0" duration="0.0164197">
                    <outcome status="failed" />
                  </result>
                  <testLog>
                    <streams>
                      <stream name="Failures">
                        <body>
                          <contents>
                            <section name="Execute">
                              <contents>
                                <marker class="Exception">
                                  <contents>
                                    <marker class="ExceptionType">
                                      <contents>
                                        <text><![CDATA[System.Data.SqlClient.SqlException]]></text>
                                      </contents>
                                      <attributes />
                                    </marker>
                                    <text><![CDATA[: ]]></text>
                                    <marker class="ExceptionMessage">
                                      <contents>
                                        <text><![CDATA[Incorrect syntax near the keyword 'ORDER'.]]></text>
                                      </contents>
                                      <attributes />
                                    </marker>
                                    <text><![CDATA[
]]></text>
                                    <marker class="ExceptionPropertyName">
                                      <contents>
                                        <text><![CDATA[Errors]]></text>
                                      </contents>
                                      <attributes />
                                    </marker>
                                    <text><![CDATA[: ]]></text>
                                    <marker class="ExceptionPropertyValue">
                                      <contents>
                                        <text><![CDATA[System.Data.SqlClient.SqlErrorCollection]]></text>
                                      </contents>
                                      <attributes />
                                    </marker>
                                    <text><![CDATA[
]]></text>
                                    <marker class="ExceptionPropertyName">
                                      <contents>
                                        <text><![CDATA[Class]]></text>
                                      </contents>
                                      <attributes />
                                    </marker>
                                    <text><![CDATA[: ]]></text>
                                    <marker class="ExceptionPropertyValue">
                                      <contents>
                                        <text><![CDATA[15]]></text>
                                      </contents>
                                      <attributes />
                                    </marker>
                                    <text><![CDATA[
]]></text>
                                    <marker class="ExceptionPropertyName">
                                      <contents>
                                        <text><![CDATA[LineNumber]]></text>
                                      </contents>
                                      <attributes />
                                    </marker>
                                    <text><![CDATA[: ]]></text>
                                    <marker class="ExceptionPropertyValue">
                                      <contents>
                                        <text><![CDATA[1]]></text>
                                      </contents>
                                      <attributes />
                                    </marker>
                                    <text><![CDATA[
]]></text>
                                    <marker class="ExceptionPropertyName">
                                      <contents>
                                        <text><![CDATA[Number]]></text>
                                      </contents>
                                      <attributes />
                                    </marker>
                                    <text><![CDATA[: ]]></text>
                                    <marker class="ExceptionPropertyValue">
                                      <contents>
                                        <text><![CDATA[156]]></text>
                                      </contents>
                                      <attributes />
                                    </marker>
                                    <text><![CDATA[
]]></text>
                                    <marker class="ExceptionPropertyName">
                                      <contents>
                                        <text><![CDATA[Procedure]]></text>
                                      </contents>
                                      <attributes />
                                    </marker>
                                    <text><![CDATA[: ]]></text>
                                    <marker class="ExceptionPropertyValue">
                                      <contents />
                                      <attributes />
                                    </marker>
                                    <text><![CDATA[
]]></text>
                                    <marker class="ExceptionPropertyName">
                                      <contents>
                                        <text><![CDATA[Server]]></text>
                                      </contents>
                                      <attributes />
                                    </marker>
                                    <text><![CDATA[: ]]></text>
                                    <marker class="ExceptionPropertyValue">
                                      <contents>
                                        <text><![CDATA[ANAXIMANDER\SQLEXPRESS]]></text>
                                      </contents>
                                      <attributes />
                                    </marker>
                                    <text><![CDATA[
]]></text>
                                    <marker class="ExceptionPropertyName">
                                      <contents>
                                        <text><![CDATA[State]]></text>
                                      </contents>
                                      <attributes />
                                    </marker>
                                    <text><![CDATA[: ]]></text>
                                    <marker class="ExceptionPropertyValue">
                                      <contents>
                                        <text><![CDATA[1]]></text>
                                      </contents>
                                      <attributes />
                                    </marker>
                                    <text><![CDATA[
]]></text>
                                    <marker class="ExceptionPropertyName">
                                      <contents>
                                        <text><![CDATA[ErrorCode]]></text>
                                      </contents>
                                      <attributes />
                                    </marker>
                                    <text><![CDATA[: ]]></text>
                                    <marker class="ExceptionPropertyValue">
                                      <contents>
                                        <text><![CDATA[-2146232060]]></text>
                                      </contents>
                                      <attributes />
                                    </marker>
                                    <text><![CDATA[
]]></text>
                                    <marker class="StackTrace">
                                      <contents>
                                        <text><![CDATA[   at System.Data.SqlClient.SqlConnection.OnError(SqlException exception, Boolean breakConnection)
   at System.Data.SqlClient.SqlInternalConnection.OnError(SqlException exception, Boolean breakConnection)
   at System.Data.SqlClient.TdsParser.ThrowExceptionAndWarning(TdsParserStateObject stateObj)
   at System.Data.SqlClient.TdsParser.Run(RunBehavior runBehavior, SqlCommand cmdHandler, SqlDataReader dataStream, BulkCopySimpleResultSet bulkCopyHandler, TdsParserStateObject stateObj)
   at System.Data.SqlClient.SqlDataReader.ConsumeMetaData()
   at System.Data.SqlClient.SqlDataReader.get_MetaData()
   at System.Data.SqlClient.SqlCommand.FinishExecuteReader(SqlDataReader ds, RunBehavior runBehavior, String resetOptionsString)
   at System.Data.SqlClient.SqlCommand.RunExecuteReaderTds(CommandBehavior cmdBehavior, RunBehavior runBehavior, Boolean returnStream, Boolean async)
   at System.Data.SqlClient.SqlCommand.RunExecuteReader(CommandBehavior cmdBehavior, RunBehavior runBehavior, Boolean returnStream, String method, DbAsyncResult result)
   at System.Data.SqlClient.SqlCommand.RunExecuteReader(CommandBehavior cmdBehavior, RunBehavior runBehavior, Boolean returnStream, String method)
   at System.Data.SqlClient.SqlCommand.ExecuteReader(CommandBehavior behavior, String method)
   at System.Data.SqlClient.SqlCommand.ExecuteReader(CommandBehavior behavior)
   at SubSonic.SqlDataProvider.GetReader(QueryCommand qry) in ]]></text>
                                        <marker class="CodeLocation">
                                          <contents>
                                            <text><![CDATA[C:\data\SubsonicRoot\ss2\SubSonic\DataProviders\SqlDataProvider.cs:line 384]]></text>
                                          </contents>
                                          <attributes>
                                            <attribute name="line" value="384" />
                                            <attribute name="path" value="C:\data\SubsonicRoot\ss2\SubSonic\DataProviders\SqlDataProvider.cs" />
                                          </attributes>
                                        </marker>
                                        <text><![CDATA[
   at SubSonic.DataService.GetReader(QueryCommand cmd) in ]]></text>
                                        <marker class="CodeLocation">
                                          <contents>
                                            <text><![CDATA[C:\data\SubsonicRoot\ss2\SubSonic\DataProviders\DataService.cs:line 506]]></text>
                                          </contents>
                                          <attributes>
                                            <attribute name="line" value="506" />
                                            <attribute name="path" value="C:\data\SubsonicRoot\ss2\SubSonic\DataProviders\DataService.cs" />
                                          </attributes>
                                        </marker>
                                        <text><![CDATA[
   at SubSonic.Query.ExecuteReader() in ]]></text>
                                        <marker class="CodeLocation">
                                          <contents>
                                            <text><![CDATA[C:\data\SubsonicRoot\ss2\SubSonic\Sql Tools\Query.cs:line 1814]]></text>
                                          </contents>
                                          <attributes>
                                            <attribute name="line" value="1814" />
                                            <attribute name="path" value="C:\data\SubsonicRoot\ss2\SubSonic\Sql Tools\Query.cs" />
                                          </attributes>
                                        </marker>
                                        <text><![CDATA[
   at SubSonic.Tests.QueryTest.Query_IN_ListCollection() in ]]></text>
                                        <marker class="CodeLocation">
                                          <contents>
                                            <text><![CDATA[C:\data\SubsonicRoot\ss2\SubSonic.Tests\QueryTest.cs:line 182]]></text>
                                          </contents>
                                          <attributes>
                                            <attribute name="line" value="182" />
                                            <attribute name="path" value="C:\data\SubsonicRoot\ss2\SubSonic.Tests\QueryTest.cs" />
                                          </attributes>
                                        </marker>
                                      </contents>
                                      <attributes />
                                    </marker>
                                  </contents>
                                  <attributes />
                                </marker>
                              </contents>
                            </section>
                          </contents>
                        </body>
                      </stream>
                    </streams>
                    <attachments />
                  </testLog>
                </testStepRun>
                <testStepRun startTime="2011-08-05T15:51:04.8837205+09:30" endTime="2011-08-05T15:51:05.0555955+09:30">
                  <testStep id="da2d084944385768" name="Query_IN_ObjectArray" fullName="SubSonic.Tests/QueryTest/Query_IN_ObjectArray" testId="ca0b18762724c6a7" isPrimary="true" isTestCase="true" isDynamic="false">
                    <codeReference assembly="SubSonic.Tests, Version=2.2.1.0, Culture=neutral, PublicKeyToken=null" namespace="SubSonic.Tests" type="SubSonic.Tests.QueryTest" member="Query_IN_ObjectArray" />
                    <codeLocation path="C:\data\SubsonicRoot\ss2\SubSonic.Tests\QueryTest.cs" line="155" />
                    <metadata>
                      <entry key="TestKind">
                        <value>Test</value>
                      </entry>
                    </metadata>
                  </testStep>
                  <children />
                  <result assertCount="0" duration="0.014596399999999999">
                    <outcome status="failed" />
                  </result>
                  <testLog>
                    <streams>
                      <stream name="Failures">
                        <body>
                          <contents>
                            <section name="Execute">
                              <contents>
                                <marker class="Exception">
                                  <contents>
                                    <marker class="ExceptionType">
                                      <contents>
                                        <text><![CDATA[System.Data.SqlClient.SqlException]]></text>
                                      </contents>
                                      <attributes />
                                    </marker>
                                    <text><![CDATA[: ]]></text>
                                    <marker class="ExceptionMessage">
                                      <contents>
                                        <text><![CDATA[Incorrect syntax near the keyword 'ORDER'.]]></text>
                                      </contents>
                                      <attributes />
                                    </marker>
                                    <text><![CDATA[
]]></text>
                                    <marker class="ExceptionPropertyName">
                                      <contents>
                                        <text><![CDATA[Errors]]></text>
                                      </contents>
                                      <attributes />
                                    </marker>
                                    <text><![CDATA[: ]]></text>
                                    <marker class="ExceptionPropertyValue">
                                      <contents>
                                        <text><![CDATA[System.Data.SqlClient.SqlErrorCollection]]></text>
                                      </contents>
                                      <attributes />
                                    </marker>
                                    <text><![CDATA[
]]></text>
                                    <marker class="ExceptionPropertyName">
                                      <contents>
                                        <text><![CDATA[Class]]></text>
                                      </contents>
                                      <attributes />
                                    </marker>
                                    <text><![CDATA[: ]]></text>
                                    <marker class="ExceptionPropertyValue">
                                      <contents>
                                        <text><![CDATA[15]]></text>
                                      </contents>
                                      <attributes />
                                    </marker>
                                    <text><![CDATA[
]]></text>
                                    <marker class="ExceptionPropertyName">
                                      <contents>
                                        <text><![CDATA[LineNumber]]></text>
                                      </contents>
                                      <attributes />
                                    </marker>
                                    <text><![CDATA[: ]]></text>
                                    <marker class="ExceptionPropertyValue">
                                      <contents>
                                        <text><![CDATA[1]]></text>
                                      </contents>
                                      <attributes />
                                    </marker>
                                    <text><![CDATA[
]]></text>
                                    <marker class="ExceptionPropertyName">
                                      <contents>
                                        <text><![CDATA[Number]]></text>
                                      </contents>
                                      <attributes />
                                    </marker>
                                    <text><![CDATA[: ]]></text>
                                    <marker class="ExceptionPropertyValue">
                                      <contents>
                                        <text><![CDATA[156]]></text>
                                      </contents>
                                      <attributes />
                                    </marker>
                                    <text><![CDATA[
]]></text>
                                    <marker class="ExceptionPropertyName">
                                      <contents>
                                        <text><![CDATA[Procedure]]></text>
                                      </contents>
                                      <attributes />
                                    </marker>
                                    <text><![CDATA[: ]]></text>
                                    <marker class="ExceptionPropertyValue">
                                      <contents />
                                      <attributes />
                                    </marker>
                                    <text><![CDATA[
]]></text>
                                    <marker class="ExceptionPropertyName">
                                      <contents>
                                        <text><![CDATA[Server]]></text>
                                      </contents>
                                      <attributes />
                                    </marker>
                                    <text><![CDATA[: ]]></text>
                                    <marker class="ExceptionPropertyValue">
                                      <contents>
                                        <text><![CDATA[ANAXIMANDER\SQLEXPRESS]]></text>
                                      </contents>
                                      <attributes />
                                    </marker>
                                    <text><![CDATA[
]]></text>
                                    <marker class="ExceptionPropertyName">
                                      <contents>
                                        <text><![CDATA[State]]></text>
                                      </contents>
                                      <attributes />
                                    </marker>
                                    <text><![CDATA[: ]]></text>
                                    <marker class="ExceptionPropertyValue">
                                      <contents>
                                        <text><![CDATA[1]]></text>
                                      </contents>
                                      <attributes />
                                    </marker>
                                    <text><![CDATA[
]]></text>
                                    <marker class="ExceptionPropertyName">
                                      <contents>
                                        <text><![CDATA[ErrorCode]]></text>
                                      </contents>
                                      <attributes />
                                    </marker>
                                    <text><![CDATA[: ]]></text>
                                    <marker class="ExceptionPropertyValue">
                                      <contents>
                                        <text><![CDATA[-2146232060]]></text>
                                      </contents>
                                      <attributes />
                                    </marker>
                                    <text><![CDATA[
]]></text>
                                    <marker class="StackTrace">
                                      <contents>
                                        <text><![CDATA[   at System.Data.SqlClient.SqlConnection.OnError(SqlException exception, Boolean breakConnection)
   at System.Data.SqlClient.SqlInternalConnection.OnError(SqlException exception, Boolean breakConnection)
   at System.Data.SqlClient.TdsParser.ThrowExceptionAndWarning(TdsParserStateObject stateObj)
   at System.Data.SqlClient.TdsParser.Run(RunBehavior runBehavior, SqlCommand cmdHandler, SqlDataReader dataStream, BulkCopySimpleResultSet bulkCopyHandler, TdsParserStateObject stateObj)
   at System.Data.SqlClient.SqlDataReader.ConsumeMetaData()
   at System.Data.SqlClient.SqlDataReader.get_MetaData()
   at System.Data.SqlClient.SqlCommand.FinishExecuteReader(SqlDataReader ds, RunBehavior runBehavior, String resetOptionsString)
   at System.Data.SqlClient.SqlCommand.RunExecuteReaderTds(CommandBehavior cmdBehavior, RunBehavior runBehavior, Boolean returnStream, Boolean async)
   at System.Data.SqlClient.SqlCommand.RunExecuteReader(CommandBehavior cmdBehavior, RunBehavior runBehavior, Boolean returnStream, String method, DbAsyncResult result)
   at System.Data.SqlClient.SqlCommand.RunExecuteReader(CommandBehavior cmdBehavior, RunBehavior runBehavior, Boolean returnStream, String method)
   at System.Data.SqlClient.SqlCommand.ExecuteReader(CommandBehavior behavior, String method)
   at System.Data.SqlClient.SqlCommand.ExecuteReader(CommandBehavior behavior)
   at SubSonic.SqlDataProvider.GetReader(QueryCommand qry) in ]]></text>
                                        <marker class="CodeLocation">
                                          <contents>
                                            <text><![CDATA[C:\data\SubsonicRoot\ss2\SubSonic\DataProviders\SqlDataProvider.cs:line 384]]></text>
                                          </contents>
                                          <attributes>
                                            <attribute name="line" value="384" />
                                            <attribute name="path" value="C:\data\SubsonicRoot\ss2\SubSonic\DataProviders\SqlDataProvider.cs" />
                                          </attributes>
                                        </marker>
                                        <text><![CDATA[
   at SubSonic.DataService.GetReader(QueryCommand cmd) in ]]></text>
                                        <marker class="CodeLocation">
                                          <contents>
                                            <text><![CDATA[C:\data\SubsonicRoot\ss2\SubSonic\DataProviders\DataService.cs:line 506]]></text>
                                          </contents>
                                          <attributes>
                                            <attribute name="line" value="506" />
                                            <attribute name="path" value="C:\data\SubsonicRoot\ss2\SubSonic\DataProviders\DataService.cs" />
                                          </attributes>
                                        </marker>
                                        <text><![CDATA[
   at SubSonic.Query.ExecuteReader() in ]]></text>
                                        <marker class="CodeLocation">
                                          <contents>
                                            <text><![CDATA[C:\data\SubsonicRoot\ss2\SubSonic\Sql Tools\Query.cs:line 1814]]></text>
                                          </contents>
                                          <attributes>
                                            <attribute name="line" value="1814" />
                                            <attribute name="path" value="C:\data\SubsonicRoot\ss2\SubSonic\Sql Tools\Query.cs" />
                                          </attributes>
                                        </marker>
                                        <text><![CDATA[
   at SubSonic.Tests.QueryTest.Query_IN_ObjectArray() in ]]></text>
                                        <marker class="CodeLocation">
                                          <contents>
                                            <text><![CDATA[C:\data\SubsonicRoot\ss2\SubSonic.Tests\QueryTest.cs:line 158]]></text>
                                          </contents>
                                          <attributes>
                                            <attribute name="line" value="158" />
                                            <attribute name="path" value="C:\data\SubsonicRoot\ss2\SubSonic.Tests\QueryTest.cs" />
                                          </attributes>
                                        </marker>
                                      </contents>
                                      <attributes />
                                    </marker>
                                  </contents>
                                  <attributes />
                                </marker>
                              </contents>
                            </section>
                          </contents>
                        </body>
                      </stream>
                    </streams>
                    <attachments />
                  </testLog>
                </testStepRun>
                <testStepRun startTime="2011-08-05T15:51:05.0712205+09:30" endTime="2011-08-05T15:51:05.2118455+09:30">
                  <testStep id="ef7001beac8ca2fe" name="Query_IsNotNull" fullName="SubSonic.Tests/QueryTest/Query_IsNotNull" testId="8e0f7118782fd21c" isPrimary="true" isTestCase="true" isDynamic="false">
                    <codeReference assembly="SubSonic.Tests, Version=2.2.1.0, Culture=neutral, PublicKeyToken=null" namespace="SubSonic.Tests" type="SubSonic.Tests.QueryTest" member="Query_IsNotNull" />
                    <codeLocation path="C:\data\SubsonicRoot\ss2\SubSonic.Tests\QueryTest.cs" line="277" />
                    <metadata>
                      <entry key="TestKind">
                        <value>Test</value>
                      </entry>
                    </metadata>
                  </testStep>
                  <children />
                  <result assertCount="0" duration="0.0117244">
                    <outcome status="failed" />
                  </result>
                  <testLog>
                    <streams>
                      <stream name="Failures">
                        <body>
                          <contents>
                            <section name="Execute">
                              <contents>
                                <marker class="Exception">
                                  <contents>
                                    <marker class="ExceptionType">
                                      <contents>
                                        <text><![CDATA[System.Data.SqlClient.SqlException]]></text>
                                      </contents>
                                      <attributes />
                                    </marker>
                                    <text><![CDATA[: ]]></text>
                                    <marker class="ExceptionMessage">
                                      <contents>
                                        <text><![CDATA[Incorrect syntax near the keyword 'ORDER'.]]></text>
                                      </contents>
                                      <attributes />
                                    </marker>
                                    <text><![CDATA[
]]></text>
                                    <marker class="ExceptionPropertyName">
                                      <contents>
                                        <text><![CDATA[Errors]]></text>
                                      </contents>
                                      <attributes />
                                    </marker>
                                    <text><![CDATA[: ]]></text>
                                    <marker class="ExceptionPropertyValue">
                                      <contents>
                                        <text><![CDATA[System.Data.SqlClient.SqlErrorCollection]]></text>
                                      </contents>
                                      <attributes />
                                    </marker>
                                    <text><![CDATA[
]]></text>
                                    <marker class="ExceptionPropertyName">
                                      <contents>
                                        <text><![CDATA[Class]]></text>
                                      </contents>
                                      <attributes />
                                    </marker>
                                    <text><![CDATA[: ]]></text>
                                    <marker class="ExceptionPropertyValue">
                                      <contents>
                                        <text><![CDATA[15]]></text>
                                      </contents>
                                      <attributes />
                                    </marker>
                                    <text><![CDATA[
]]></text>
                                    <marker class="ExceptionPropertyName">
                                      <contents>
                                        <text><![CDATA[LineNumber]]></text>
                                      </contents>
                                      <attributes />
                                    </marker>
                                    <text><![CDATA[: ]]></text>
                                    <marker class="ExceptionPropertyValue">
                                      <contents>
                                        <text><![CDATA[1]]></text>
                                      </contents>
                                      <attributes />
                                    </marker>
                                    <text><![CDATA[
]]></text>
                                    <marker class="ExceptionPropertyName">
                                      <contents>
                                        <text><![CDATA[Number]]></text>
                                      </contents>
                                      <attributes />
                                    </marker>
                                    <text><![CDATA[: ]]></text>
                                    <marker class="ExceptionPropertyValue">
                                      <contents>
                                        <text><![CDATA[156]]></text>
                                      </contents>
                                      <attributes />
                                    </marker>
                                    <text><![CDATA[
]]></text>
                                    <marker class="ExceptionPropertyName">
                                      <contents>
                                        <text><![CDATA[Procedure]]></text>
                                      </contents>
                                      <attributes />
                                    </marker>
                                    <text><![CDATA[: ]]></text>
                                    <marker class="ExceptionPropertyValue">
                                      <contents />
                                      <attributes />
                                    </marker>
                                    <text><![CDATA[
]]></text>
                                    <marker class="ExceptionPropertyName">
                                      <contents>
                                        <text><![CDATA[Server]]></text>
                                      </contents>
                                      <attributes />
                                    </marker>
                                    <text><![CDATA[: ]]></text>
                                    <marker class="ExceptionPropertyValue">
                                      <contents>
                                        <text><![CDATA[ANAXIMANDER\SQLEXPRESS]]></text>
                                      </contents>
                                      <attributes />
                                    </marker>
                                    <text><![CDATA[
]]></text>
                                    <marker class="ExceptionPropertyName">
                                      <contents>
                                        <text><![CDATA[State]]></text>
                                      </contents>
                                      <attributes />
                                    </marker>
                                    <text><![CDATA[: ]]></text>
                                    <marker class="ExceptionPropertyValue">
                                      <contents>
                                        <text><![CDATA[1]]></text>
                                      </contents>
                                      <attributes />
                                    </marker>
                                    <text><![CDATA[
]]></text>
                                    <marker class="ExceptionPropertyName">
                                      <contents>
                                        <text><![CDATA[ErrorCode]]></text>
                                      </contents>
                                      <attributes />
                                    </marker>
                                    <text><![CDATA[: ]]></text>
                                    <marker class="ExceptionPropertyValue">
                                      <contents>
                                        <text><![CDATA[-2146232060]]></text>
                                      </contents>
                                      <attributes />
                                    </marker>
                                    <text><![CDATA[
]]></text>
                                    <marker class="StackTrace">
                                      <contents>
                                        <text><![CDATA[   at System.Data.SqlClient.SqlConnection.OnError(SqlException exception, Boolean breakConnection)
   at System.Data.SqlClient.SqlInternalConnection.OnError(SqlException exception, Boolean breakConnection)
   at System.Data.SqlClient.TdsParser.ThrowExceptionAndWarning(TdsParserStateObject stateObj)
   at System.Data.SqlClient.TdsParser.Run(RunBehavior runBehavior, SqlCommand cmdHandler, SqlDataReader dataStream, BulkCopySimpleResultSet bulkCopyHandler, TdsParserStateObject stateObj)
   at System.Data.SqlClient.SqlDataReader.ConsumeMetaData()
   at System.Data.SqlClient.SqlDataReader.get_MetaData()
   at System.Data.SqlClient.SqlCommand.FinishExecuteReader(SqlDataReader ds, RunBehavior runBehavior, String resetOptionsString)
   at System.Data.SqlClient.SqlCommand.RunExecuteReaderTds(CommandBehavior cmdBehavior, RunBehavior runBehavior, Boolean returnStream, Boolean async)
   at System.Data.SqlClient.SqlCommand.RunExecuteReader(CommandBehavior cmdBehavior, RunBehavior runBehavior, Boolean returnStream, String method, DbAsyncResult result)
   at System.Data.SqlClient.SqlCommand.RunExecuteReader(CommandBehavior cmdBehavior, RunBehavior runBehavior, Boolean returnStream, String method)
   at System.Data.SqlClient.SqlCommand.ExecuteReader(CommandBehavior behavior, String method)
   at System.Data.SqlClient.SqlCommand.ExecuteReader(CommandBehavior behavior)
   at SubSonic.SqlDataProvider.GetReader(QueryCommand qry) in ]]></text>
                                        <marker class="CodeLocation">
                                          <contents>
                                            <text><![CDATA[C:\data\SubsonicRoot\ss2\SubSonic\DataProviders\SqlDataProvider.cs:line 384]]></text>
                                          </contents>
                                          <attributes>
                                            <attribute name="line" value="384" />
                                            <attribute name="path" value="C:\data\SubsonicRoot\ss2\SubSonic\DataProviders\SqlDataProvider.cs" />
                                          </attributes>
                                        </marker>
                                        <text><![CDATA[
   at SubSonic.DataService.GetReader(QueryCommand cmd) in ]]></text>
                                        <marker class="CodeLocation">
                                          <contents>
                                            <text><![CDATA[C:\data\SubsonicRoot\ss2\SubSonic\DataProviders\DataService.cs:line 506]]></text>
                                          </contents>
                                          <attributes>
                                            <attribute name="line" value="506" />
                                            <attribute name="path" value="C:\data\SubsonicRoot\ss2\SubSonic\DataProviders\DataService.cs" />
                                          </attributes>
                                        </marker>
                                        <text><![CDATA[
   at SubSonic.Query.ExecuteReader() in ]]></text>
                                        <marker class="CodeLocation">
                                          <contents>
                                            <text><![CDATA[C:\data\SubsonicRoot\ss2\SubSonic\Sql Tools\Query.cs:line 1814]]></text>
                                          </contents>
                                          <attributes>
                                            <attribute name="line" value="1814" />
                                            <attribute name="path" value="C:\data\SubsonicRoot\ss2\SubSonic\Sql Tools\Query.cs" />
                                          </attributes>
                                        </marker>
                                        <text><![CDATA[
   at SubSonic.Tests.QueryTest.Query_IsNotNull() in ]]></text>
                                        <marker class="CodeLocation">
                                          <contents>
                                            <text><![CDATA[C:\data\SubsonicRoot\ss2\SubSonic.Tests\QueryTest.cs:line 279]]></text>
                                          </contents>
                                          <attributes>
                                            <attribute name="line" value="279" />
                                            <attribute name="path" value="C:\data\SubsonicRoot\ss2\SubSonic.Tests\QueryTest.cs" />
                                          </attributes>
                                        </marker>
                                      </contents>
                                      <attributes />
                                    </marker>
                                  </contents>
                                  <attributes />
                                </marker>
                              </contents>
                            </section>
                          </contents>
                        </body>
                      </stream>
                    </streams>
                    <attachments />
                  </testLog>
                </testStepRun>
                <testStepRun startTime="2011-08-05T15:51:05.2118455+09:30" endTime="2011-08-05T15:51:05.2274705+09:30">
                  <testStep id="cc5744cecc01d0cf" name="Query_JoinedDataSet" fullName="SubSonic.Tests/QueryTest/Query_JoinedDataSet" testId="91d54299a1e93eec" isPrimary="true" isTestCase="true" isDynamic="false">
                    <codeReference assembly="SubSonic.Tests, Version=2.2.1.0, Culture=neutral, PublicKeyToken=null" namespace="SubSonic.Tests" type="SubSonic.Tests.QueryTest" member="Query_JoinedDataSet" />
                    <codeLocation path="C:\data\SubsonicRoot\ss2\SubSonic.Tests\QueryTest.cs" line="432" />
                    <metadata>
                      <entry key="TestKind">
                        <value>Test</value>
                      </entry>
                    </metadata>
                  </testStep>
                  <children />
                  <result assertCount="1" duration="0.0675535">
                    <outcome status="passed" />
                  </result>
                  <testLog>
                    <streams />
                    <attachments />
                  </testLog>
                </testStepRun>
                <testStepRun startTime="2011-08-05T15:51:05.2274705+09:30" endTime="2011-08-05T15:51:05.3368455+09:30">
                  <testStep id="81d44bac01ef0a8b" name="Query_JoinedDataSet_OrderByCollection" fullName="SubSonic.Tests/QueryTest/Query_JoinedDataSet_OrderByCollection" testId="a02573cbf60fe8c0" isPrimary="true" isTestCase="true" isDynamic="false">
                    <codeReference assembly="SubSonic.Tests, Version=2.2.1.0, Culture=neutral, PublicKeyToken=null" namespace="SubSonic.Tests" type="SubSonic.Tests.QueryTest" member="Query_JoinedDataSet_OrderByCollection" />
                    <codeLocation path="C:\data\SubsonicRoot\ss2\SubSonic.Tests\QueryTest.cs" line="635" />
                    <metadata>
                      <entry key="TestKind">
                        <value>Test</value>
                      </entry>
                    </metadata>
                  </testStep>
                  <children />
                  <result assertCount="0" duration="0.0292638">
                    <outcome status="failed" />
                  </result>
                  <testLog>
                    <streams>
                      <stream name="Failures">
                        <body>
                          <contents>
                            <section name="Execute">
                              <contents>
                                <marker class="Exception">
                                  <contents>
                                    <marker class="ExceptionType">
                                      <contents>
                                        <text><![CDATA[System.Data.SqlClient.SqlException]]></text>
                                      </contents>
                                      <attributes />
                                    </marker>
                                    <text><![CDATA[: ]]></text>
                                    <marker class="ExceptionMessage">
                                      <contents>
                                        <text><![CDATA[Incorrect syntax near the keyword 'BY'.]]></text>
                                      </contents>
                                      <attributes />
                                    </marker>
                                    <text><![CDATA[
]]></text>
                                    <marker class="ExceptionPropertyName">
                                      <contents>
                                        <text><![CDATA[Errors]]></text>
                                      </contents>
                                      <attributes />
                                    </marker>
                                    <text><![CDATA[: ]]></text>
                                    <marker class="ExceptionPropertyValue">
                                      <contents>
                                        <text><![CDATA[System.Data.SqlClient.SqlErrorCollection]]></text>
                                      </contents>
                                      <attributes />
                                    </marker>
                                    <text><![CDATA[
]]></text>
                                    <marker class="ExceptionPropertyName">
                                      <contents>
                                        <text><![CDATA[Class]]></text>
                                      </contents>
                                      <attributes />
                                    </marker>
                                    <text><![CDATA[: ]]></text>
                                    <marker class="ExceptionPropertyValue">
                                      <contents>
                                        <text><![CDATA[15]]></text>
                                      </contents>
                                      <attributes />
                                    </marker>
                                    <text><![CDATA[
]]></text>
                                    <marker class="ExceptionPropertyName">
                                      <contents>
                                        <text><![CDATA[LineNumber]]></text>
                                      </contents>
                                      <attributes />
                                    </marker>
                                    <text><![CDATA[: ]]></text>
                                    <marker class="ExceptionPropertyValue">
                                      <contents>
                                        <text><![CDATA[1]]></text>
                                      </contents>
                                      <attributes />
                                    </marker>
                                    <text><![CDATA[
]]></text>
                                    <marker class="ExceptionPropertyName">
                                      <contents>
                                        <text><![CDATA[Number]]></text>
                                      </contents>
                                      <attributes />
                                    </marker>
                                    <text><![CDATA[: ]]></text>
                                    <marker class="ExceptionPropertyValue">
                                      <contents>
                                        <text><![CDATA[156]]></text>
                                      </contents>
                                      <attributes />
                                    </marker>
                                    <text><![CDATA[
]]></text>
                                    <marker class="ExceptionPropertyName">
                                      <contents>
                                        <text><![CDATA[Procedure]]></text>
                                      </contents>
                                      <attributes />
                                    </marker>
                                    <text><![CDATA[: ]]></text>
                                    <marker class="ExceptionPropertyValue">
                                      <contents />
                                      <attributes />
                                    </marker>
                                    <text><![CDATA[
]]></text>
                                    <marker class="ExceptionPropertyName">
                                      <contents>
                                        <text><![CDATA[Server]]></text>
                                      </contents>
                                      <attributes />
                                    </marker>
                                    <text><![CDATA[: ]]></text>
                                    <marker class="ExceptionPropertyValue">
                                      <contents>
                                        <text><![CDATA[ANAXIMANDER\SQLEXPRESS]]></text>
                                      </contents>
                                      <attributes />
                                    </marker>
                                    <text><![CDATA[
]]></text>
                                    <marker class="ExceptionPropertyName">
                                      <contents>
                                        <text><![CDATA[State]]></text>
                                      </contents>
                                      <attributes />
                                    </marker>
                                    <text><![CDATA[: ]]></text>
                                    <marker class="ExceptionPropertyValue">
                                      <contents>
                                        <text><![CDATA[1]]></text>
                                      </contents>
                                      <attributes />
                                    </marker>
                                    <text><![CDATA[
]]></text>
                                    <marker class="ExceptionPropertyName">
                                      <contents>
                                        <text><![CDATA[ErrorCode]]></text>
                                      </contents>
                                      <attributes />
                                    </marker>
                                    <text><![CDATA[: ]]></text>
                                    <marker class="ExceptionPropertyValue">
                                      <contents>
                                        <text><![CDATA[-2146232060]]></text>
                                      </contents>
                                      <attributes />
                                    </marker>
                                    <text><![CDATA[
]]></text>
                                    <marker class="StackTrace">
                                      <contents>
                                        <text><![CDATA[   at System.Data.SqlClient.SqlConnection.OnError(SqlException exception, Boolean breakConnection)
   at System.Data.SqlClient.SqlInternalConnection.OnError(SqlException exception, Boolean breakConnection)
   at System.Data.SqlClient.TdsParser.ThrowExceptionAndWarning(TdsParserStateObject stateObj)
   at System.Data.SqlClient.TdsParser.Run(RunBehavior runBehavior, SqlCommand cmdHandler, SqlDataReader dataStream, BulkCopySimpleResultSet bulkCopyHandler, TdsParserStateObject stateObj)
   at System.Data.SqlClient.SqlDataReader.ConsumeMetaData()
   at System.Data.SqlClient.SqlDataReader.get_MetaData()
   at System.Data.SqlClient.SqlCommand.FinishExecuteReader(SqlDataReader ds, RunBehavior runBehavior, String resetOptionsString)
   at System.Data.SqlClient.SqlCommand.RunExecuteReaderTds(CommandBehavior cmdBehavior, RunBehavior runBehavior, Boolean returnStream, Boolean async)
   at System.Data.SqlClient.SqlCommand.RunExecuteReader(CommandBehavior cmdBehavior, RunBehavior runBehavior, Boolean returnStream, String method, DbAsyncResult result)
   at System.Data.SqlClient.SqlCommand.RunExecuteReader(CommandBehavior cmdBehavior, RunBehavior runBehavior, Boolean returnStream, String method)
   at System.Data.SqlClient.SqlCommand.ExecuteReader(CommandBehavior behavior, String method)
   at System.Data.SqlClient.SqlCommand.ExecuteDbDataReader(CommandBehavior behavior)
   at System.Data.Common.DbCommand.System.Data.IDbCommand.ExecuteReader(CommandBehavior behavior)
   at System.Data.Common.DbDataAdapter.FillInternal(DataSet dataset, DataTable[] datatables, Int32 startRecord, Int32 maxRecords, String srcTable, IDbCommand command, CommandBehavior behavior)
   at System.Data.Common.DbDataAdapter.Fill(DataSet dataSet, Int32 startRecord, Int32 maxRecords, String srcTable, IDbCommand command, CommandBehavior behavior)
   at System.Data.Common.DbDataAdapter.Fill(DataSet dataSet)
   at SubSonic.SqlDataProvider.GetDataSet[T](QueryCommand qry) in ]]></text>
                                        <marker class="CodeLocation">
                                          <contents>
                                            <text><![CDATA[C:\data\SubsonicRoot\ss2\SubSonic\DataProviders\SqlDataProvider.cs:line 438]]></text>
                                          </contents>
                                          <attributes>
                                            <attribute name="line" value="438" />
                                            <attribute name="path" value="C:\data\SubsonicRoot\ss2\SubSonic\DataProviders\SqlDataProvider.cs" />
                                          </attributes>
                                        </marker>
                                        <text><![CDATA[
   at SubSonic.DataService.GetDataSet[T](QueryCommand cmd) in ]]></text>
                                        <marker class="CodeLocation">
                                          <contents>
                                            <text><![CDATA[C:\data\SubsonicRoot\ss2\SubSonic\DataProviders\DataService.cs:line 536]]></text>
                                          </contents>
                                          <attributes>
                                            <attribute name="line" value="536" />
                                            <attribute name="path" value="C:\data\SubsonicRoot\ss2\SubSonic\DataProviders\DataService.cs" />
                                          </attributes>
                                        </marker>
                                        <text><![CDATA[
   at SubSonic.Query.ExecuteJoinedDataSet[T]() in ]]></text>
                                        <marker class="CodeLocation">
                                          <contents>
                                            <text><![CDATA[C:\data\SubsonicRoot\ss2\SubSonic\Sql Tools\Query.cs:line 1957]]></text>
                                          </contents>
                                          <attributes>
                                            <attribute name="line" value="1957" />
                                            <attribute name="path" value="C:\data\SubsonicRoot\ss2\SubSonic\Sql Tools\Query.cs" />
                                          </attributes>
                                        </marker>
                                        <text><![CDATA[
   at SubSonic.Query.ExecuteJoinedDataSet() in ]]></text>
                                        <marker class="CodeLocation">
                                          <contents>
                                            <text><![CDATA[C:\data\SubsonicRoot\ss2\SubSonic\Sql Tools\Query.cs:line 1842]]></text>
                                          </contents>
                                          <attributes>
                                            <attribute name="line" value="1842" />
                                            <attribute name="path" value="C:\data\SubsonicRoot\ss2\SubSonic\Sql Tools\Query.cs" />
                                          </attributes>
                                        </marker>
                                        <text><![CDATA[
   at SubSonic.Tests.QueryTest.Query_JoinedDataSet_OrderByCollection() in ]]></text>
                                        <marker class="CodeLocation">
                                          <contents>
                                            <text><![CDATA[C:\data\SubsonicRoot\ss2\SubSonic.Tests\QueryTest.cs:line 641]]></text>
                                          </contents>
                                          <attributes>
                                            <attribute name="line" value="641" />
                                            <attribute name="path" value="C:\data\SubsonicRoot\ss2\SubSonic.Tests\QueryTest.cs" />
                                          </attributes>
                                        </marker>
                                      </contents>
                                      <attributes />
                                    </marker>
                                  </contents>
                                  <attributes />
                                </marker>
                              </contents>
                            </section>
                          </contents>
                        </body>
                      </stream>
                    </streams>
                    <attachments />
                  </testLog>
                </testStepRun>
                <testStepRun startTime="2011-08-05T15:51:05.3368455+09:30" endTime="2011-08-05T15:51:05.4462205+09:30">
                  <testStep id="5eca9cc9022fccd" name="Query_JoinedDataSet_OrderByFK" fullName="SubSonic.Tests/QueryTest/Query_JoinedDataSet_OrderByFK" testId="f9fd37038a1e8e27" isPrimary="true" isTestCase="true" isDynamic="false">
                    <codeReference assembly="SubSonic.Tests, Version=2.2.1.0, Culture=neutral, PublicKeyToken=null" namespace="SubSonic.Tests" type="SubSonic.Tests.QueryTest" member="Query_JoinedDataSet_OrderByFK" />
                    <codeLocation path="C:\data\SubsonicRoot\ss2\SubSonic.Tests\QueryTest.cs" line="473" />
                    <metadata>
                      <entry key="TestKind">
                        <value>Test</value>
                      </entry>
                    </metadata>
                  </testStep>
                  <children />
                  <result assertCount="0" duration="0.014861999999999999">
                    <outcome status="failed" />
                  </result>
                  <testLog>
                    <streams>
                      <stream name="Failures">
                        <body>
                          <contents>
                            <section name="Execute">
                              <contents>
                                <marker class="Exception">
                                  <contents>
                                    <marker class="ExceptionType">
                                      <contents>
                                        <text><![CDATA[System.Data.SqlClient.SqlException]]></text>
                                      </contents>
                                      <attributes />
                                    </marker>
                                    <text><![CDATA[: ]]></text>
                                    <marker class="ExceptionMessage">
                                      <contents>
                                        <text><![CDATA[Incorrect syntax near the keyword 'BY'.]]></text>
                                      </contents>
                                      <attributes />
                                    </marker>
                                    <text><![CDATA[
]]></text>
                                    <marker class="ExceptionPropertyName">
                                      <contents>
                                        <text><![CDATA[Errors]]></text>
                                      </contents>
                                      <attributes />
                                    </marker>
                                    <text><![CDATA[: ]]></text>
                                    <marker class="ExceptionPropertyValue">
                                      <contents>
                                        <text><![CDATA[System.Data.SqlClient.SqlErrorCollection]]></text>
                                      </contents>
                                      <attributes />
                                    </marker>
                                    <text><![CDATA[
]]></text>
                                    <marker class="ExceptionPropertyName">
                                      <contents>
                                        <text><![CDATA[Class]]></text>
                                      </contents>
                                      <attributes />
                                    </marker>
                                    <text><![CDATA[: ]]></text>
                                    <marker class="ExceptionPropertyValue">
                                      <contents>
                                        <text><![CDATA[15]]></text>
                                      </contents>
                                      <attributes />
                                    </marker>
                                    <text><![CDATA[
]]></text>
                                    <marker class="ExceptionPropertyName">
                                      <contents>
                                        <text><![CDATA[LineNumber]]></text>
                                      </contents>
                                      <attributes />
                                    </marker>
                                    <text><![CDATA[: ]]></text>
                                    <marker class="ExceptionPropertyValue">
                                      <contents>
                                        <text><![CDATA[1]]></text>
                                      </contents>
                                      <attributes />
                                    </marker>
                                    <text><![CDATA[
]]></text>
                                    <marker class="ExceptionPropertyName">
                                      <contents>
                                        <text><![CDATA[Number]]></text>
                                      </contents>
                                      <attributes />
                                    </marker>
                                    <text><![CDATA[: ]]></text>
                                    <marker class="ExceptionPropertyValue">
                                      <contents>
                                        <text><![CDATA[156]]></text>
                                      </contents>
                                      <attributes />
                                    </marker>
                                    <text><![CDATA[
]]></text>
                                    <marker class="ExceptionPropertyName">
                                      <contents>
                                        <text><![CDATA[Procedure]]></text>
                                      </contents>
                                      <attributes />
                                    </marker>
                                    <text><![CDATA[: ]]></text>
                                    <marker class="ExceptionPropertyValue">
                                      <contents />
                                      <attributes />
                                    </marker>
                                    <text><![CDATA[
]]></text>
                                    <marker class="ExceptionPropertyName">
                                      <contents>
                                        <text><![CDATA[Server]]></text>
                                      </contents>
                                      <attributes />
                                    </marker>
                                    <text><![CDATA[: ]]></text>
                                    <marker class="ExceptionPropertyValue">
                                      <contents>
                                        <text><![CDATA[ANAXIMANDER\SQLEXPRESS]]></text>
                                      </contents>
                                      <attributes />
                                    </marker>
                                    <text><![CDATA[
]]></text>
                                    <marker class="ExceptionPropertyName">
                                      <contents>
                                        <text><![CDATA[State]]></text>
                                      </contents>
                                      <attributes />
                                    </marker>
                                    <text><![CDATA[: ]]></text>
                                    <marker class="ExceptionPropertyValue">
                                      <contents>
                                        <text><![CDATA[1]]></text>
                                      </contents>
                                      <attributes />
                                    </marker>
                                    <text><![CDATA[
]]></text>
                                    <marker class="ExceptionPropertyName">
                                      <contents>
                                        <text><![CDATA[ErrorCode]]></text>
                                      </contents>
                                      <attributes />
                                    </marker>
                                    <text><![CDATA[: ]]></text>
                                    <marker class="ExceptionPropertyValue">
                                      <contents>
                                        <text><![CDATA[-2146232060]]></text>
                                      </contents>
                                      <attributes />
                                    </marker>
                                    <text><![CDATA[
]]></text>
                                    <marker class="StackTrace">
                                      <contents>
                                        <text><![CDATA[   at System.Data.SqlClient.SqlConnection.OnError(SqlException exception, Boolean breakConnection)
   at System.Data.SqlClient.SqlInternalConnection.OnError(SqlException exception, Boolean breakConnection)
   at System.Data.SqlClient.TdsParser.ThrowExceptionAndWarning(TdsParserStateObject stateObj)
   at System.Data.SqlClient.TdsParser.Run(RunBehavior runBehavior, SqlCommand cmdHandler, SqlDataReader dataStream, BulkCopySimpleResultSet bulkCopyHandler, TdsParserStateObject stateObj)
   at System.Data.SqlClient.SqlDataReader.ConsumeMetaData()
   at System.Data.SqlClient.SqlDataReader.get_MetaData()
   at System.Data.SqlClient.SqlCommand.FinishExecuteReader(SqlDataReader ds, RunBehavior runBehavior, String resetOptionsString)
   at System.Data.SqlClient.SqlCommand.RunExecuteReaderTds(CommandBehavior cmdBehavior, RunBehavior runBehavior, Boolean returnStream, Boolean async)
   at System.Data.SqlClient.SqlCommand.RunExecuteReader(CommandBehavior cmdBehavior, RunBehavior runBehavior, Boolean returnStream, String method, DbAsyncResult result)
   at System.Data.SqlClient.SqlCommand.RunExecuteReader(CommandBehavior cmdBehavior, RunBehavior runBehavior, Boolean returnStream, String method)
   at System.Data.SqlClient.SqlCommand.ExecuteReader(CommandBehavior behavior, String method)
   at System.Data.SqlClient.SqlCommand.ExecuteDbDataReader(CommandBehavior behavior)
   at System.Data.Common.DbCommand.System.Data.IDbCommand.ExecuteReader(CommandBehavior behavior)
   at System.Data.Common.DbDataAdapter.FillInternal(DataSet dataset, DataTable[] datatables, Int32 startRecord, Int32 maxRecords, String srcTable, IDbCommand command, CommandBehavior behavior)
   at System.Data.Common.DbDataAdapter.Fill(DataSet dataSet, Int32 startRecord, Int32 maxRecords, String srcTable, IDbCommand command, CommandBehavior behavior)
   at System.Data.Common.DbDataAdapter.Fill(DataSet dataSet)
   at SubSonic.SqlDataProvider.GetDataSet[T](QueryCommand qry) in ]]></text>
                                        <marker class="CodeLocation">
                                          <contents>
                                            <text><![CDATA[C:\data\SubsonicRoot\ss2\SubSonic\DataProviders\SqlDataProvider.cs:line 438]]></text>
                                          </contents>
                                          <attributes>
                                            <attribute name="line" value="438" />
                                            <attribute name="path" value="C:\data\SubsonicRoot\ss2\SubSonic\DataProviders\SqlDataProvider.cs" />
                                          </attributes>
                                        </marker>
                                        <text><![CDATA[
   at SubSonic.DataService.GetDataSet[T](QueryCommand cmd) in ]]></text>
                                        <marker class="CodeLocation">
                                          <contents>
                                            <text><![CDATA[C:\data\SubsonicRoot\ss2\SubSonic\DataProviders\DataService.cs:line 536]]></text>
                                          </contents>
                                          <attributes>
                                            <attribute name="line" value="536" />
                                            <attribute name="path" value="C:\data\SubsonicRoot\ss2\SubSonic\DataProviders\DataService.cs" />
                                          </attributes>
                                        </marker>
                                        <text><![CDATA[
   at SubSonic.Query.ExecuteJoinedDataSet[T]() in ]]></text>
                                        <marker class="CodeLocation">
                                          <contents>
                                            <text><![CDATA[C:\data\SubsonicRoot\ss2\SubSonic\Sql Tools\Query.cs:line 1957]]></text>
                                          </contents>
                                          <attributes>
                                            <attribute name="line" value="1957" />
                                            <attribute name="path" value="C:\data\SubsonicRoot\ss2\SubSonic\Sql Tools\Query.cs" />
                                          </attributes>
                                        </marker>
                                        <text><![CDATA[
   at SubSonic.Query.ExecuteJoinedDataSet() in ]]></text>
                                        <marker class="CodeLocation">
                                          <contents>
                                            <text><![CDATA[C:\data\SubsonicRoot\ss2\SubSonic\Sql Tools\Query.cs:line 1842]]></text>
                                          </contents>
                                          <attributes>
                                            <attribute name="line" value="1842" />
                                            <attribute name="path" value="C:\data\SubsonicRoot\ss2\SubSonic\Sql Tools\Query.cs" />
                                          </attributes>
                                        </marker>
                                        <text><![CDATA[
   at SubSonic.Tests.QueryTest.Query_JoinedDataSet_OrderByFK() in ]]></text>
                                        <marker class="CodeLocation">
                                          <contents>
                                            <text><![CDATA[C:\data\SubsonicRoot\ss2\SubSonic.Tests\QueryTest.cs:line 477]]></text>
                                          </contents>
                                          <attributes>
                                            <attribute name="line" value="477" />
                                            <attribute name="path" value="C:\data\SubsonicRoot\ss2\SubSonic.Tests\QueryTest.cs" />
                                          </attributes>
                                        </marker>
                                      </contents>
                                      <attributes />
                                    </marker>
                                  </contents>
                                  <attributes />
                                </marker>
                              </contents>
                            </section>
                          </contents>
                        </body>
                      </stream>
                    </streams>
                    <attachments />
                  </testLog>
                </testStepRun>
                <testStepRun startTime="2011-08-05T15:51:05.4618455+09:30" endTime="2011-08-05T15:51:05.6024705+09:30">
                  <testStep id="356e5920ba73cf3a" name="Query_NOT_IN_ArrayList" fullName="SubSonic.Tests/QueryTest/Query_NOT_IN_ArrayList" testId="4cc3e80c5ac0e249" isPrimary="true" isTestCase="true" isDynamic="false">
                    <codeReference assembly="SubSonic.Tests, Version=2.2.1.0, Culture=neutral, PublicKeyToken=null" namespace="SubSonic.Tests" type="SubSonic.Tests.QueryTest" member="Query_NOT_IN_ArrayList" />
                    <codeLocation path="C:\data\SubsonicRoot\ss2\SubSonic.Tests\QueryTest.cs" line="257" />
                    <metadata>
                      <entry key="TestKind">
                        <value>Test</value>
                      </entry>
                    </metadata>
                  </testStep>
                  <children />
                  <result assertCount="0" duration="0.0152692">
                    <outcome status="failed" />
                  </result>
                  <testLog>
                    <streams>
                      <stream name="Failures">
                        <body>
                          <contents>
                            <section name="Execute">
                              <contents>
                                <marker class="Exception">
                                  <contents>
                                    <marker class="ExceptionType">
                                      <contents>
                                        <text><![CDATA[System.Data.SqlClient.SqlException]]></text>
                                      </contents>
                                      <attributes />
                                    </marker>
                                    <text><![CDATA[: ]]></text>
                                    <marker class="ExceptionMessage">
                                      <contents>
                                        <text><![CDATA[Incorrect syntax near the keyword 'ORDER'.]]></text>
                                      </contents>
                                      <attributes />
                                    </marker>
                                    <text><![CDATA[
]]></text>
                                    <marker class="ExceptionPropertyName">
                                      <contents>
                                        <text><![CDATA[Errors]]></text>
                                      </contents>
                                      <attributes />
                                    </marker>
                                    <text><![CDATA[: ]]></text>
                                    <marker class="ExceptionPropertyValue">
                                      <contents>
                                        <text><![CDATA[System.Data.SqlClient.SqlErrorCollection]]></text>
                                      </contents>
                                      <attributes />
                                    </marker>
                                    <text><![CDATA[
]]></text>
                                    <marker class="ExceptionPropertyName">
                                      <contents>
                                        <text><![CDATA[Class]]></text>
                                      </contents>
                                      <attributes />
                                    </marker>
                                    <text><![CDATA[: ]]></text>
                                    <marker class="ExceptionPropertyValue">
                                      <contents>
                                        <text><![CDATA[15]]></text>
                                      </contents>
                                      <attributes />
                                    </marker>
                                    <text><![CDATA[
]]></text>
                                    <marker class="ExceptionPropertyName">
                                      <contents>
                                        <text><![CDATA[LineNumber]]></text>
                                      </contents>
                                      <attributes />
                                    </marker>
                                    <text><![CDATA[: ]]></text>
                                    <marker class="ExceptionPropertyValue">
                                      <contents>
                                        <text><![CDATA[1]]></text>
                                      </contents>
                                      <attributes />
                                    </marker>
                                    <text><![CDATA[
]]></text>
                                    <marker class="ExceptionPropertyName">
                                      <contents>
                                        <text><![CDATA[Number]]></text>
                                      </contents>
                                      <attributes />
                                    </marker>
                                    <text><![CDATA[: ]]></text>
                                    <marker class="ExceptionPropertyValue">
                                      <contents>
                                        <text><![CDATA[156]]></text>
                                      </contents>
                                      <attributes />
                                    </marker>
                                    <text><![CDATA[
]]></text>
                                    <marker class="ExceptionPropertyName">
                                      <contents>
                                        <text><![CDATA[Procedure]]></text>
                                      </contents>
                                      <attributes />
                                    </marker>
                                    <text><![CDATA[: ]]></text>
                                    <marker class="ExceptionPropertyValue">
                                      <contents />
                                      <attributes />
                                    </marker>
                                    <text><![CDATA[
]]></text>
                                    <marker class="ExceptionPropertyName">
                                      <contents>
                                        <text><![CDATA[Server]]></text>
                                      </contents>
                                      <attributes />
                                    </marker>
                                    <text><![CDATA[: ]]></text>
                                    <marker class="ExceptionPropertyValue">
                                      <contents>
                                        <text><![CDATA[ANAXIMANDER\SQLEXPRESS]]></text>
                                      </contents>
                                      <attributes />
                                    </marker>
                                    <text><![CDATA[
]]></text>
                                    <marker class="ExceptionPropertyName">
                                      <contents>
                                        <text><![CDATA[State]]></text>
                                      </contents>
                                      <attributes />
                                    </marker>
                                    <text><![CDATA[: ]]></text>
                                    <marker class="ExceptionPropertyValue">
                                      <contents>
                                        <text><![CDATA[1]]></text>
                                      </contents>
                                      <attributes />
                                    </marker>
                                    <text><![CDATA[
]]></text>
                                    <marker class="ExceptionPropertyName">
                                      <contents>
                                        <text><![CDATA[ErrorCode]]></text>
                                      </contents>
                                      <attributes />
                                    </marker>
                                    <text><![CDATA[: ]]></text>
                                    <marker class="ExceptionPropertyValue">
                                      <contents>
                                        <text><![CDATA[-2146232060]]></text>
                                      </contents>
                                      <attributes />
                                    </marker>
                                    <text><![CDATA[
]]></text>
                                    <marker class="StackTrace">
                                      <contents>
                                        <text><![CDATA[   at System.Data.SqlClient.SqlConnection.OnError(SqlException exception, Boolean breakConnection)
   at System.Data.SqlClient.SqlInternalConnection.OnError(SqlException exception, Boolean breakConnection)
   at System.Data.SqlClient.TdsParser.ThrowExceptionAndWarning(TdsParserStateObject stateObj)
   at System.Data.SqlClient.TdsParser.Run(RunBehavior runBehavior, SqlCommand cmdHandler, SqlDataReader dataStream, BulkCopySimpleResultSet bulkCopyHandler, TdsParserStateObject stateObj)
   at System.Data.SqlClient.SqlDataReader.ConsumeMetaData()
   at System.Data.SqlClient.SqlDataReader.get_MetaData()
   at System.Data.SqlClient.SqlCommand.FinishExecuteReader(SqlDataReader ds, RunBehavior runBehavior, String resetOptionsString)
   at System.Data.SqlClient.SqlCommand.RunExecuteReaderTds(CommandBehavior cmdBehavior, RunBehavior runBehavior, Boolean returnStream, Boolean async)
   at System.Data.SqlClient.SqlCommand.RunExecuteReader(CommandBehavior cmdBehavior, RunBehavior runBehavior, Boolean returnStream, String method, DbAsyncResult result)
   at System.Data.SqlClient.SqlCommand.RunExecuteReader(CommandBehavior cmdBehavior, RunBehavior runBehavior, Boolean returnStream, String method)
   at System.Data.SqlClient.SqlCommand.ExecuteReader(CommandBehavior behavior, String method)
   at System.Data.SqlClient.SqlCommand.ExecuteReader(CommandBehavior behavior)
   at SubSonic.SqlDataProvider.GetReader(QueryCommand qry) in ]]></text>
                                        <marker class="CodeLocation">
                                          <contents>
                                            <text><![CDATA[C:\data\SubsonicRoot\ss2\SubSonic\DataProviders\SqlDataProvider.cs:line 384]]></text>
                                          </contents>
                                          <attributes>
                                            <attribute name="line" value="384" />
                                            <attribute name="path" value="C:\data\SubsonicRoot\ss2\SubSonic\DataProviders\SqlDataProvider.cs" />
                                          </attributes>
                                        </marker>
                                        <text><![CDATA[
   at SubSonic.DataService.GetReader(QueryCommand cmd) in ]]></text>
                                        <marker class="CodeLocation">
                                          <contents>
                                            <text><![CDATA[C:\data\SubsonicRoot\ss2\SubSonic\DataProviders\DataService.cs:line 506]]></text>
                                          </contents>
                                          <attributes>
                                            <attribute name="line" value="506" />
                                            <attribute name="path" value="C:\data\SubsonicRoot\ss2\SubSonic\DataProviders\DataService.cs" />
                                          </attributes>
                                        </marker>
                                        <text><![CDATA[
   at SubSonic.Query.ExecuteReader() in ]]></text>
                                        <marker class="CodeLocation">
                                          <contents>
                                            <text><![CDATA[C:\data\SubsonicRoot\ss2\SubSonic\Sql Tools\Query.cs:line 1814]]></text>
                                          </contents>
                                          <attributes>
                                            <attribute name="line" value="1814" />
                                            <attribute name="path" value="C:\data\SubsonicRoot\ss2\SubSonic\Sql Tools\Query.cs" />
                                          </attributes>
                                        </marker>
                                        <text><![CDATA[
   at SubSonic.Tests.QueryTest.Query_NOT_IN_ArrayList() in ]]></text>
                                        <marker class="CodeLocation">
                                          <contents>
                                            <text><![CDATA[C:\data\SubsonicRoot\ss2\SubSonic.Tests\QueryTest.cs:line 263]]></text>
                                          </contents>
                                          <attributes>
                                            <attribute name="line" value="263" />
                                            <attribute name="path" value="C:\data\SubsonicRoot\ss2\SubSonic.Tests\QueryTest.cs" />
                                          </attributes>
                                        </marker>
                                      </contents>
                                      <attributes />
                                    </marker>
                                  </contents>
                                  <attributes />
                                </marker>
                              </contents>
                            </section>
                          </contents>
                        </body>
                      </stream>
                    </streams>
                    <attachments />
                  </testLog>
                </testStepRun>
                <testStepRun startTime="2011-08-05T15:51:05.6024705+09:30" endTime="2011-08-05T15:51:05.7430955+09:30">
                  <testStep id="17b08c3a85a3eac7" name="Query_NOT_IN_ListCollection" fullName="SubSonic.Tests/QueryTest/Query_NOT_IN_ListCollection" testId="1bc6d6cab297a103" isPrimary="true" isTestCase="true" isDynamic="false">
                    <codeReference assembly="SubSonic.Tests, Version=2.2.1.0, Culture=neutral, PublicKeyToken=null" namespace="SubSonic.Tests" type="SubSonic.Tests.QueryTest" member="Query_NOT_IN_ListCollection" />
                    <codeLocation path="C:\data\SubsonicRoot\ss2\SubSonic.Tests\QueryTest.cs" line="233" />
                    <metadata>
                      <entry key="TestKind">
                        <value>Test</value>
                      </entry>
                    </metadata>
                  </testStep>
                  <children />
                  <result assertCount="0" duration="0.0131677">
                    <outcome status="failed" />
                  </result>
                  <testLog>
                    <streams>
                      <stream name="Failures">
                        <body>
                          <contents>
                            <section name="Execute">
                              <contents>
                                <marker class="Exception">
                                  <contents>
                                    <marker class="ExceptionType">
                                      <contents>
                                        <text><![CDATA[System.Data.SqlClient.SqlException]]></text>
                                      </contents>
                                      <attributes />
                                    </marker>
                                    <text><![CDATA[: ]]></text>
                                    <marker class="ExceptionMessage">
                                      <contents>
                                        <text><![CDATA[Incorrect syntax near the keyword 'ORDER'.]]></text>
                                      </contents>
                                      <attributes />
                                    </marker>
                                    <text><![CDATA[
]]></text>
                                    <marker class="ExceptionPropertyName">
                                      <contents>
                                        <text><![CDATA[Errors]]></text>
                                      </contents>
                                      <attributes />
                                    </marker>
                                    <text><![CDATA[: ]]></text>
                                    <marker class="ExceptionPropertyValue">
                                      <contents>
                                        <text><![CDATA[System.Data.SqlClient.SqlErrorCollection]]></text>
                                      </contents>
                                      <attributes />
                                    </marker>
                                    <text><![CDATA[
]]></text>
                                    <marker class="ExceptionPropertyName">
                                      <contents>
                                        <text><![CDATA[Class]]></text>
                                      </contents>
                                      <attributes />
                                    </marker>
                                    <text><![CDATA[: ]]></text>
                                    <marker class="ExceptionPropertyValue">
                                      <contents>
                                        <text><![CDATA[15]]></text>
                                      </contents>
                                      <attributes />
                                    </marker>
                                    <text><![CDATA[
]]></text>
                                    <marker class="ExceptionPropertyName">
                                      <contents>
                                        <text><![CDATA[LineNumber]]></text>
                                      </contents>
                                      <attributes />
                                    </marker>
                                    <text><![CDATA[: ]]></text>
                                    <marker class="ExceptionPropertyValue">
                                      <contents>
                                        <text><![CDATA[1]]></text>
                                      </contents>
                                      <attributes />
                                    </marker>
                                    <text><![CDATA[
]]></text>
                                    <marker class="ExceptionPropertyName">
                                      <contents>
                                        <text><![CDATA[Number]]></text>
                                      </contents>
                                      <attributes />
                                    </marker>
                                    <text><![CDATA[: ]]></text>
                                    <marker class="ExceptionPropertyValue">
                                      <contents>
                                        <text><![CDATA[156]]></text>
                                      </contents>
                                      <attributes />
                                    </marker>
                                    <text><![CDATA[
]]></text>
                                    <marker class="ExceptionPropertyName">
                                      <contents>
                                        <text><![CDATA[Procedure]]></text>
                                      </contents>
                                      <attributes />
                                    </marker>
                                    <text><![CDATA[: ]]></text>
                                    <marker class="ExceptionPropertyValue">
                                      <contents />
                                      <attributes />
                                    </marker>
                                    <text><![CDATA[
]]></text>
                                    <marker class="ExceptionPropertyName">
                                      <contents>
                                        <text><![CDATA[Server]]></text>
                                      </contents>
                                      <attributes />
                                    </marker>
                                    <text><![CDATA[: ]]></text>
                                    <marker class="ExceptionPropertyValue">
                                      <contents>
                                        <text><![CDATA[ANAXIMANDER\SQLEXPRESS]]></text>
                                      </contents>
                                      <attributes />
                                    </marker>
                                    <text><![CDATA[
]]></text>
                                    <marker class="ExceptionPropertyName">
                                      <contents>
                                        <text><![CDATA[State]]></text>
                                      </contents>
                                      <attributes />
                                    </marker>
                                    <text><![CDATA[: ]]></text>
                                    <marker class="ExceptionPropertyValue">
                                      <contents>
                                        <text><![CDATA[1]]></text>
                                      </contents>
                                      <attributes />
                                    </marker>
                                    <text><![CDATA[
]]></text>
                                    <marker class="ExceptionPropertyName">
                                      <contents>
                                        <text><![CDATA[ErrorCode]]></text>
                                      </contents>
                                      <attributes />
                                    </marker>
                                    <text><![CDATA[: ]]></text>
                                    <marker class="ExceptionPropertyValue">
                                      <contents>
                                        <text><![CDATA[-2146232060]]></text>
                                      </contents>
                                      <attributes />
                                    </marker>
                                    <text><![CDATA[
]]></text>
                                    <marker class="StackTrace">
                                      <contents>
                                        <text><![CDATA[   at System.Data.SqlClient.SqlConnection.OnError(SqlException exception, Boolean breakConnection)
   at System.Data.SqlClient.SqlInternalConnection.OnError(SqlException exception, Boolean breakConnection)
   at System.Data.SqlClient.TdsParser.ThrowExceptionAndWarning(TdsParserStateObject stateObj)
   at System.Data.SqlClient.TdsParser.Run(RunBehavior runBehavior, SqlCommand cmdHandler, SqlDataReader dataStream, BulkCopySimpleResultSet bulkCopyHandler, TdsParserStateObject stateObj)
   at System.Data.SqlClient.SqlDataReader.ConsumeMetaData()
   at System.Data.SqlClient.SqlDataReader.get_MetaData()
   at System.Data.SqlClient.SqlCommand.FinishExecuteReader(SqlDataReader ds, RunBehavior runBehavior, String resetOptionsString)
   at System.Data.SqlClient.SqlCommand.RunExecuteReaderTds(CommandBehavior cmdBehavior, RunBehavior runBehavior, Boolean returnStream, Boolean async)
   at System.Data.SqlClient.SqlCommand.RunExecuteReader(CommandBehavior cmdBehavior, RunBehavior runBehavior, Boolean returnStream, String method, DbAsyncResult result)
   at System.Data.SqlClient.SqlCommand.RunExecuteReader(CommandBehavior cmdBehavior, RunBehavior runBehavior, Boolean returnStream, String method)
   at System.Data.SqlClient.SqlCommand.ExecuteReader(CommandBehavior behavior, String method)
   at System.Data.SqlClient.SqlCommand.ExecuteReader(CommandBehavior behavior)
   at SubSonic.SqlDataProvider.GetReader(QueryCommand qry) in ]]></text>
                                        <marker class="CodeLocation">
                                          <contents>
                                            <text><![CDATA[C:\data\SubsonicRoot\ss2\SubSonic\DataProviders\SqlDataProvider.cs:line 384]]></text>
                                          </contents>
                                          <attributes>
                                            <attribute name="line" value="384" />
                                            <attribute name="path" value="C:\data\SubsonicRoot\ss2\SubSonic\DataProviders\SqlDataProvider.cs" />
                                          </attributes>
                                        </marker>
                                        <text><![CDATA[
   at SubSonic.DataService.GetReader(QueryCommand cmd) in ]]></text>
                                        <marker class="CodeLocation">
                                          <contents>
                                            <text><![CDATA[C:\data\SubsonicRoot\ss2\SubSonic\DataProviders\DataService.cs:line 506]]></text>
                                          </contents>
                                          <attributes>
                                            <attribute name="line" value="506" />
                                            <attribute name="path" value="C:\data\SubsonicRoot\ss2\SubSonic\DataProviders\DataService.cs" />
                                          </attributes>
                                        </marker>
                                        <text><![CDATA[
   at SubSonic.Query.ExecuteReader() in ]]></text>
                                        <marker class="CodeLocation">
                                          <contents>
                                            <text><![CDATA[C:\data\SubsonicRoot\ss2\SubSonic\Sql Tools\Query.cs:line 1814]]></text>
                                          </contents>
                                          <attributes>
                                            <attribute name="line" value="1814" />
                                            <attribute name="path" value="C:\data\SubsonicRoot\ss2\SubSonic\Sql Tools\Query.cs" />
                                          </attributes>
                                        </marker>
                                        <text><![CDATA[
   at SubSonic.Tests.QueryTest.Query_NOT_IN_ListCollection() in ]]></text>
                                        <marker class="CodeLocation">
                                          <contents>
                                            <text><![CDATA[C:\data\SubsonicRoot\ss2\SubSonic.Tests\QueryTest.cs:line 243]]></text>
                                          </contents>
                                          <attributes>
                                            <attribute name="line" value="243" />
                                            <attribute name="path" value="C:\data\SubsonicRoot\ss2\SubSonic.Tests\QueryTest.cs" />
                                          </attributes>
                                        </marker>
                                      </contents>
                                      <attributes />
                                    </marker>
                                  </contents>
                                  <attributes />
                                </marker>
                              </contents>
                            </section>
                          </contents>
                        </body>
                      </stream>
                    </streams>
                    <attachments />
                  </testLog>
                </testStepRun>
                <testStepRun startTime="2011-08-05T15:51:05.7430955+09:30" endTime="2011-08-05T15:51:05.8680955+09:30">
                  <testStep id="91e0fb268f0b614c" name="Query_NOT_IN_ObjectArray" fullName="SubSonic.Tests/QueryTest/Query_NOT_IN_ObjectArray" testId="bff6e72f5d9925d1" isPrimary="true" isTestCase="true" isDynamic="false">
                    <codeReference assembly="SubSonic.Tests, Version=2.2.1.0, Culture=neutral, PublicKeyToken=null" namespace="SubSonic.Tests" type="SubSonic.Tests.QueryTest" member="Query_NOT_IN_ObjectArray" />
                    <codeLocation path="C:\data\SubsonicRoot\ss2\SubSonic.Tests\QueryTest.cs" line="216" />
                    <metadata>
                      <entry key="TestKind">
                        <value>Test</value>
                      </entry>
                    </metadata>
                  </testStep>
                  <children />
                  <result assertCount="0" duration="0.0140538">
                    <outcome status="failed" />
                  </result>
                  <testLog>
                    <streams>
                      <stream name="Failures">
                        <body>
                          <contents>
                            <section name="Execute">
                              <contents>
                                <marker class="Exception">
                                  <contents>
                                    <marker class="ExceptionType">
                                      <contents>
                                        <text><![CDATA[System.Data.SqlClient.SqlException]]></text>
                                      </contents>
                                      <attributes />
                                    </marker>
                                    <text><![CDATA[: ]]></text>
                                    <marker class="ExceptionMessage">
                                      <contents>
                                        <text><![CDATA[Incorrect syntax near the keyword 'ORDER'.]]></text>
                                      </contents>
                                      <attributes />
                                    </marker>
                                    <text><![CDATA[
]]></text>
                                    <marker class="ExceptionPropertyName">
                                      <contents>
                                        <text><![CDATA[Errors]]></text>
                                      </contents>
                                      <attributes />
                                    </marker>
                                    <text><![CDATA[: ]]></text>
                                    <marker class="ExceptionPropertyValue">
                                      <contents>
                                        <text><![CDATA[System.Data.SqlClient.SqlErrorCollection]]></text>
                                      </contents>
                                      <attributes />
                                    </marker>
                                    <text><![CDATA[
]]></text>
                                    <marker class="ExceptionPropertyName">
                                      <contents>
                                        <text><![CDATA[Class]]></text>
                                      </contents>
                                      <attributes />
                                    </marker>
                                    <text><![CDATA[: ]]></text>
                                    <marker class="ExceptionPropertyValue">
                                      <contents>
                                        <text><![CDATA[15]]></text>
                                      </contents>
                                      <attributes />
                                    </marker>
                                    <text><![CDATA[
]]></text>
                                    <marker class="ExceptionPropertyName">
                                      <contents>
                                        <text><![CDATA[LineNumber]]></text>
                                      </contents>
                                      <attributes />
                                    </marker>
                                    <text><![CDATA[: ]]></text>
                                    <marker class="ExceptionPropertyValue">
                                      <contents>
                                        <text><![CDATA[1]]></text>
                                      </contents>
                                      <attributes />
                                    </marker>
                                    <text><![CDATA[
]]></text>
                                    <marker class="ExceptionPropertyName">
                                      <contents>
                                        <text><![CDATA[Number]]></text>
                                      </contents>
                                      <attributes />
                                    </marker>
                                    <text><![CDATA[: ]]></text>
                                    <marker class="ExceptionPropertyValue">
                                      <contents>
                                        <text><![CDATA[156]]></text>
                                      </contents>
                                      <attributes />
                                    </marker>
                                    <text><![CDATA[
]]></text>
                                    <marker class="ExceptionPropertyName">
                                      <contents>
                                        <text><![CDATA[Procedure]]></text>
                                      </contents>
                                      <attributes />
                                    </marker>
                                    <text><![CDATA[: ]]></text>
                                    <marker class="ExceptionPropertyValue">
                                      <contents />
                                      <attributes />
                                    </marker>
                                    <text><![CDATA[
]]></text>
                                    <marker class="ExceptionPropertyName">
                                      <contents>
                                        <text><![CDATA[Server]]></text>
                                      </contents>
                                      <attributes />
                                    </marker>
                                    <text><![CDATA[: ]]></text>
                                    <marker class="ExceptionPropertyValue">
                                      <contents>
                                        <text><![CDATA[ANAXIMANDER\SQLEXPRESS]]></text>
                                      </contents>
                                      <attributes />
                                    </marker>
                                    <text><![CDATA[
]]></text>
                                    <marker class="ExceptionPropertyName">
                                      <contents>
                                        <text><![CDATA[State]]></text>
                                      </contents>
                                      <attributes />
                                    </marker>
                                    <text><![CDATA[: ]]></text>
                                    <marker class="ExceptionPropertyValue">
                                      <contents>
                                        <text><![CDATA[1]]></text>
                                      </contents>
                                      <attributes />
                                    </marker>
                                    <text><![CDATA[
]]></text>
                                    <marker class="ExceptionPropertyName">
                                      <contents>
                                        <text><![CDATA[ErrorCode]]></text>
                                      </contents>
                                      <attributes />
                                    </marker>
                                    <text><![CDATA[: ]]></text>
                                    <marker class="ExceptionPropertyValue">
                                      <contents>
                                        <text><![CDATA[-2146232060]]></text>
                                      </contents>
                                      <attributes />
                                    </marker>
                                    <text><![CDATA[
]]></text>
                                    <marker class="StackTrace">
                                      <contents>
                                        <text><![CDATA[   at System.Data.SqlClient.SqlConnection.OnError(SqlException exception, Boolean breakConnection)
   at System.Data.SqlClient.SqlInternalConnection.OnError(SqlException exception, Boolean breakConnection)
   at System.Data.SqlClient.TdsParser.ThrowExceptionAndWarning(TdsParserStateObject stateObj)
   at System.Data.SqlClient.TdsParser.Run(RunBehavior runBehavior, SqlCommand cmdHandler, SqlDataReader dataStream, BulkCopySimpleResultSet bulkCopyHandler, TdsParserStateObject stateObj)
   at System.Data.SqlClient.SqlDataReader.ConsumeMetaData()
   at System.Data.SqlClient.SqlDataReader.get_MetaData()
   at System.Data.SqlClient.SqlCommand.FinishExecuteReader(SqlDataReader ds, RunBehavior runBehavior, String resetOptionsString)
   at System.Data.SqlClient.SqlCommand.RunExecuteReaderTds(CommandBehavior cmdBehavior, RunBehavior runBehavior, Boolean returnStream, Boolean async)
   at System.Data.SqlClient.SqlCommand.RunExecuteReader(CommandBehavior cmdBehavior, RunBehavior runBehavior, Boolean returnStream, String method, DbAsyncResult result)
   at System.Data.SqlClient.SqlCommand.RunExecuteReader(CommandBehavior cmdBehavior, RunBehavior runBehavior, Boolean returnStream, String method)
   at System.Data.SqlClient.SqlCommand.ExecuteReader(CommandBehavior behavior, String method)
   at System.Data.SqlClient.SqlCommand.ExecuteReader(CommandBehavior behavior)
   at SubSonic.SqlDataProvider.GetReader(QueryCommand qry) in ]]></text>
                                        <marker class="CodeLocation">
                                          <contents>
                                            <text><![CDATA[C:\data\SubsonicRoot\ss2\SubSonic\DataProviders\SqlDataProvider.cs:line 384]]></text>
                                          </contents>
                                          <attributes>
                                            <attribute name="line" value="384" />
                                            <attribute name="path" value="C:\data\SubsonicRoot\ss2\SubSonic\DataProviders\SqlDataProvider.cs" />
                                          </attributes>
                                        </marker>
                                        <text><![CDATA[
   at SubSonic.DataService.GetReader(QueryCommand cmd) in ]]></text>
                                        <marker class="CodeLocation">
                                          <contents>
                                            <text><![CDATA[C:\data\SubsonicRoot\ss2\SubSonic\DataProviders\DataService.cs:line 506]]></text>
                                          </contents>
                                          <attributes>
                                            <attribute name="line" value="506" />
                                            <attribute name="path" value="C:\data\SubsonicRoot\ss2\SubSonic\DataProviders\DataService.cs" />
                                          </attributes>
                                        </marker>
                                        <text><![CDATA[
   at SubSonic.Query.ExecuteReader() in ]]></text>
                                        <marker class="CodeLocation">
                                          <contents>
                                            <text><![CDATA[C:\data\SubsonicRoot\ss2\SubSonic\Sql Tools\Query.cs:line 1814]]></text>
                                          </contents>
                                          <attributes>
                                            <attribute name="line" value="1814" />
                                            <attribute name="path" value="C:\data\SubsonicRoot\ss2\SubSonic\Sql Tools\Query.cs" />
                                          </attributes>
                                        </marker>
                                        <text><![CDATA[
   at SubSonic.Tests.QueryTest.Query_NOT_IN_ObjectArray() in ]]></text>
                                        <marker class="CodeLocation">
                                          <contents>
                                            <text><![CDATA[C:\data\SubsonicRoot\ss2\SubSonic.Tests\QueryTest.cs:line 219]]></text>
                                          </contents>
                                          <attributes>
                                            <attribute name="line" value="219" />
                                            <attribute name="path" value="C:\data\SubsonicRoot\ss2\SubSonic.Tests\QueryTest.cs" />
                                          </attributes>
                                        </marker>
                                      </contents>
                                      <attributes />
                                    </marker>
                                  </contents>
                                  <attributes />
                                </marker>
                              </contents>
                            </section>
                          </contents>
                        </body>
                      </stream>
                    </streams>
                    <attachments />
                  </testLog>
                </testStepRun>
                <testStepRun startTime="2011-08-05T15:51:05.8680955+09:30" endTime="2011-08-05T15:51:05.9930955+09:30">
                  <testStep id="f2cf5632a46838a1" name="Query_OR_Between" fullName="SubSonic.Tests/QueryTest/Query_OR_Between" testId="bba33423ce91eb6b" isPrimary="true" isTestCase="true" isDynamic="false">
                    <codeReference assembly="SubSonic.Tests, Version=2.2.1.0, Culture=neutral, PublicKeyToken=null" namespace="SubSonic.Tests" type="SubSonic.Tests.QueryTest" member="Query_OR_Between" />
                    <codeLocation path="C:\data\SubsonicRoot\ss2\SubSonic.Tests\QueryTest.cs" line="348" />
                    <metadata>
                      <entry key="TestKind">
                        <value>Test</value>
                      </entry>
                    </metadata>
                  </testStep>
                  <children />
                  <result assertCount="0" duration="0.0124414">
                    <outcome status="failed" />
                  </result>
                  <testLog>
                    <streams>
                      <stream name="Failures">
                        <body>
                          <contents>
                            <section name="Execute">
                              <contents>
                                <marker class="Exception">
                                  <contents>
                                    <marker class="ExceptionType">
                                      <contents>
                                        <text><![CDATA[System.Data.SqlClient.SqlException]]></text>
                                      </contents>
                                      <attributes />
                                    </marker>
                                    <text><![CDATA[: ]]></text>
                                    <marker class="ExceptionMessage">
                                      <contents>
                                        <text><![CDATA[Incorrect syntax near the keyword 'ORDER'.]]></text>
                                      </contents>
                                      <attributes />
                                    </marker>
                                    <text><![CDATA[
]]></text>
                                    <marker class="ExceptionPropertyName">
                                      <contents>
                                        <text><![CDATA[Errors]]></text>
                                      </contents>
                                      <attributes />
                                    </marker>
                                    <text><![CDATA[: ]]></text>
                                    <marker class="ExceptionPropertyValue">
                                      <contents>
                                        <text><![CDATA[System.Data.SqlClient.SqlErrorCollection]]></text>
                                      </contents>
                                      <attributes />
                                    </marker>
                                    <text><![CDATA[
]]></text>
                                    <marker class="ExceptionPropertyName">
                                      <contents>
                                        <text><![CDATA[Class]]></text>
                                      </contents>
                                      <attributes />
                                    </marker>
                                    <text><![CDATA[: ]]></text>
                                    <marker class="ExceptionPropertyValue">
                                      <contents>
                                        <text><![CDATA[15]]></text>
                                      </contents>
                                      <attributes />
                                    </marker>
                                    <text><![CDATA[
]]></text>
                                    <marker class="ExceptionPropertyName">
                                      <contents>
                                        <text><![CDATA[LineNumber]]></text>
                                      </contents>
                                      <attributes />
                                    </marker>
                                    <text><![CDATA[: ]]></text>
                                    <marker class="ExceptionPropertyValue">
                                      <contents>
                                        <text><![CDATA[1]]></text>
                                      </contents>
                                      <attributes />
                                    </marker>
                                    <text><![CDATA[
]]></text>
                                    <marker class="ExceptionPropertyName">
                                      <contents>
                                        <text><![CDATA[Number]]></text>
                                      </contents>
                                      <attributes />
                                    </marker>
                                    <text><![CDATA[: ]]></text>
                                    <marker class="ExceptionPropertyValue">
                                      <contents>
                                        <text><![CDATA[156]]></text>
                                      </contents>
                                      <attributes />
                                    </marker>
                                    <text><![CDATA[
]]></text>
                                    <marker class="ExceptionPropertyName">
                                      <contents>
                                        <text><![CDATA[Procedure]]></text>
                                      </contents>
                                      <attributes />
                                    </marker>
                                    <text><![CDATA[: ]]></text>
                                    <marker class="ExceptionPropertyValue">
                                      <contents />
                                      <attributes />
                                    </marker>
                                    <text><![CDATA[
]]></text>
                                    <marker class="ExceptionPropertyName">
                                      <contents>
                                        <text><![CDATA[Server]]></text>
                                      </contents>
                                      <attributes />
                                    </marker>
                                    <text><![CDATA[: ]]></text>
                                    <marker class="ExceptionPropertyValue">
                                      <contents>
                                        <text><![CDATA[ANAXIMANDER\SQLEXPRESS]]></text>
                                      </contents>
                                      <attributes />
                                    </marker>
                                    <text><![CDATA[
]]></text>
                                    <marker class="ExceptionPropertyName">
                                      <contents>
                                        <text><![CDATA[State]]></text>
                                      </contents>
                                      <attributes />
                                    </marker>
                                    <text><![CDATA[: ]]></text>
                                    <marker class="ExceptionPropertyValue">
                                      <contents>
                                        <text><![CDATA[1]]></text>
                                      </contents>
                                      <attributes />
                                    </marker>
                                    <text><![CDATA[
]]></text>
                                    <marker class="ExceptionPropertyName">
                                      <contents>
                                        <text><![CDATA[ErrorCode]]></text>
                                      </contents>
                                      <attributes />
                                    </marker>
                                    <text><![CDATA[: ]]></text>
                                    <marker class="ExceptionPropertyValue">
                                      <contents>
                                        <text><![CDATA[-2146232060]]></text>
                                      </contents>
                                      <attributes />
                                    </marker>
                                    <text><![CDATA[
]]></text>
                                    <marker class="StackTrace">
                                      <contents>
                                        <text><![CDATA[   at System.Data.SqlClient.SqlConnection.OnError(SqlException exception, Boolean breakConnection)
   at System.Data.SqlClient.SqlInternalConnection.OnError(SqlException exception, Boolean breakConnection)
   at System.Data.SqlClient.TdsParser.ThrowExceptionAndWarning(TdsParserStateObject stateObj)
   at System.Data.SqlClient.TdsParser.Run(RunBehavior runBehavior, SqlCommand cmdHandler, SqlDataReader dataStream, BulkCopySimpleResultSet bulkCopyHandler, TdsParserStateObject stateObj)
   at System.Data.SqlClient.SqlDataReader.ConsumeMetaData()
   at System.Data.SqlClient.SqlDataReader.get_MetaData()
   at System.Data.SqlClient.SqlCommand.FinishExecuteReader(SqlDataReader ds, RunBehavior runBehavior, String resetOptionsString)
   at System.Data.SqlClient.SqlCommand.RunExecuteReaderTds(CommandBehavior cmdBehavior, RunBehavior runBehavior, Boolean returnStream, Boolean async)
   at System.Data.SqlClient.SqlCommand.RunExecuteReader(CommandBehavior cmdBehavior, RunBehavior runBehavior, Boolean returnStream, String method, DbAsyncResult result)
   at System.Data.SqlClient.SqlCommand.RunExecuteReader(CommandBehavior cmdBehavior, RunBehavior runBehavior, Boolean returnStream, String method)
   at System.Data.SqlClient.SqlCommand.ExecuteReader(CommandBehavior behavior, String method)
   at System.Data.SqlClient.SqlCommand.ExecuteReader(CommandBehavior behavior)
   at SubSonic.SqlDataProvider.GetReader(QueryCommand qry) in ]]></text>
                                        <marker class="CodeLocation">
                                          <contents>
                                            <text><![CDATA[C:\data\SubsonicRoot\ss2\SubSonic\DataProviders\SqlDataProvider.cs:line 384]]></text>
                                          </contents>
                                          <attributes>
                                            <attribute name="line" value="384" />
                                            <attribute name="path" value="C:\data\SubsonicRoot\ss2\SubSonic\DataProviders\SqlDataProvider.cs" />
                                          </attributes>
                                        </marker>
                                        <text><![CDATA[
   at SubSonic.DataService.GetReader(QueryCommand cmd) in ]]></text>
                                        <marker class="CodeLocation">
                                          <contents>
                                            <text><![CDATA[C:\data\SubsonicRoot\ss2\SubSonic\DataProviders\DataService.cs:line 506]]></text>
                                          </contents>
                                          <attributes>
                                            <attribute name="line" value="506" />
                                            <attribute name="path" value="C:\data\SubsonicRoot\ss2\SubSonic\DataProviders\DataService.cs" />
                                          </attributes>
                                        </marker>
                                        <text><![CDATA[
   at SubSonic.Query.ExecuteReader() in ]]></text>
                                        <marker class="CodeLocation">
                                          <contents>
                                            <text><![CDATA[C:\data\SubsonicRoot\ss2\SubSonic\Sql Tools\Query.cs:line 1814]]></text>
                                          </contents>
                                          <attributes>
                                            <attribute name="line" value="1814" />
                                            <attribute name="path" value="C:\data\SubsonicRoot\ss2\SubSonic\Sql Tools\Query.cs" />
                                          </attributes>
                                        </marker>
                                        <text><![CDATA[
   at SubSonic.Tests.QueryTest.Query_OR_Between() in ]]></text>
                                        <marker class="CodeLocation">
                                          <contents>
                                            <text><![CDATA[C:\data\SubsonicRoot\ss2\SubSonic.Tests\QueryTest.cs:line 352]]></text>
                                          </contents>
                                          <attributes>
                                            <attribute name="line" value="352" />
                                            <attribute name="path" value="C:\data\SubsonicRoot\ss2\SubSonic.Tests\QueryTest.cs" />
                                          </attributes>
                                        </marker>
                                      </contents>
                                      <attributes />
                                    </marker>
                                  </contents>
                                  <attributes />
                                </marker>
                              </contents>
                            </section>
                          </contents>
                        </body>
                      </stream>
                    </streams>
                    <attachments />
                  </testLog>
                </testStepRun>
                <testStepRun startTime="2011-08-05T15:51:05.9930955+09:30" endTime="2011-08-05T15:51:06.1024705+09:30">
                  <testStep id="7306466ed7594f44" name="Query_OR_Moderate" fullName="SubSonic.Tests/QueryTest/Query_OR_Moderate" testId="8ba9d1f171f2c098" isPrimary="true" isTestCase="true" isDynamic="false">
                    <codeReference assembly="SubSonic.Tests, Version=2.2.1.0, Culture=neutral, PublicKeyToken=null" namespace="SubSonic.Tests" type="SubSonic.Tests.QueryTest" member="Query_OR_Moderate" />
                    <codeLocation path="C:\data\SubsonicRoot\ss2\SubSonic.Tests\QueryTest.cs" line="311" />
                    <metadata>
                      <entry key="TestKind">
                        <value>Test</value>
                      </entry>
                    </metadata>
                  </testStep>
                  <children />
                  <result assertCount="0" duration="0.082522299999999993">
                    <outcome status="failed" />
                  </result>
                  <testLog>
                    <streams>
                      <stream name="Failures">
                        <body>
                          <contents>
                            <section name="Execute">
                              <contents>
                                <marker class="Exception">
                                  <contents>
                                    <marker class="ExceptionType">
                                      <contents>
                                        <text><![CDATA[System.Data.SqlClient.SqlException]]></text>
                                      </contents>
                                      <attributes />
                                    </marker>
                                    <text><![CDATA[: ]]></text>
                                    <marker class="ExceptionMessage">
                                      <contents>
                                        <text><![CDATA[Incorrect syntax near the keyword 'ORDER'.]]></text>
                                      </contents>
                                      <attributes />
                                    </marker>
                                    <text><![CDATA[
]]></text>
                                    <marker class="ExceptionPropertyName">
                                      <contents>
                                        <text><![CDATA[Errors]]></text>
                                      </contents>
                                      <attributes />
                                    </marker>
                                    <text><![CDATA[: ]]></text>
                                    <marker class="ExceptionPropertyValue">
                                      <contents>
                                        <text><![CDATA[System.Data.SqlClient.SqlErrorCollection]]></text>
                                      </contents>
                                      <attributes />
                                    </marker>
                                    <text><![CDATA[
]]></text>
                                    <marker class="ExceptionPropertyName">
                                      <contents>
                                        <text><![CDATA[Class]]></text>
                                      </contents>
                                      <attributes />
                                    </marker>
                                    <text><![CDATA[: ]]></text>
                                    <marker class="ExceptionPropertyValue">
                                      <contents>
                                        <text><![CDATA[15]]></text>
                                      </contents>
                                      <attributes />
                                    </marker>
                                    <text><![CDATA[
]]></text>
                                    <marker class="ExceptionPropertyName">
                                      <contents>
                                        <text><![CDATA[LineNumber]]></text>
                                      </contents>
                                      <attributes />
                                    </marker>
                                    <text><![CDATA[: ]]></text>
                                    <marker class="ExceptionPropertyValue">
                                      <contents>
                                        <text><![CDATA[1]]></text>
                                      </contents>
                                      <attributes />
                                    </marker>
                                    <text><![CDATA[
]]></text>
                                    <marker class="ExceptionPropertyName">
                                      <contents>
                                        <text><![CDATA[Number]]></text>
                                      </contents>
                                      <attributes />
                                    </marker>
                                    <text><![CDATA[: ]]></text>
                                    <marker class="ExceptionPropertyValue">
                                      <contents>
                                        <text><![CDATA[156]]></text>
                                      </contents>
                                      <attributes />
                                    </marker>
                                    <text><![CDATA[
]]></text>
                                    <marker class="ExceptionPropertyName">
                                      <contents>
                                        <text><![CDATA[Procedure]]></text>
                                      </contents>
                                      <attributes />
                                    </marker>
                                    <text><![CDATA[: ]]></text>
                                    <marker class="ExceptionPropertyValue">
                                      <contents />
                                      <attributes />
                                    </marker>
                                    <text><![CDATA[
]]></text>
                                    <marker class="ExceptionPropertyName">
                                      <contents>
                                        <text><![CDATA[Server]]></text>
                                      </contents>
                                      <attributes />
                                    </marker>
                                    <text><![CDATA[: ]]></text>
                                    <marker class="ExceptionPropertyValue">
                                      <contents>
                                        <text><![CDATA[ANAXIMANDER\SQLEXPRESS]]></text>
                                      </contents>
                                      <attributes />
                                    </marker>
                                    <text><![CDATA[
]]></text>
                                    <marker class="ExceptionPropertyName">
                                      <contents>
                                        <text><![CDATA[State]]></text>
                                      </contents>
                                      <attributes />
                                    </marker>
                                    <text><![CDATA[: ]]></text>
                                    <marker class="ExceptionPropertyValue">
                                      <contents>
                                        <text><![CDATA[1]]></text>
                                      </contents>
                                      <attributes />
                                    </marker>
                                    <text><![CDATA[
]]></text>
                                    <marker class="ExceptionPropertyName">
                                      <contents>
                                        <text><![CDATA[ErrorCode]]></text>
                                      </contents>
                                      <attributes />
                                    </marker>
                                    <text><![CDATA[: ]]></text>
                                    <marker class="ExceptionPropertyValue">
                                      <contents>
                                        <text><![CDATA[-2146232060]]></text>
                                      </contents>
                                      <attributes />
                                    </marker>
                                    <text><![CDATA[
]]></text>
                                    <marker class="StackTrace">
                                      <contents>
                                        <text><![CDATA[   at System.Data.SqlClient.SqlConnection.OnError(SqlException exception, Boolean breakConnection)
   at System.Data.SqlClient.SqlInternalConnection.OnError(SqlException exception, Boolean breakConnection)
   at System.Data.SqlClient.TdsParser.ThrowExceptionAndWarning(TdsParserStateObject stateObj)
   at System.Data.SqlClient.TdsParser.Run(RunBehavior runBehavior, SqlCommand cmdHandler, SqlDataReader dataStream, BulkCopySimpleResultSet bulkCopyHandler, TdsParserStateObject stateObj)
   at System.Data.SqlClient.SqlDataReader.ConsumeMetaData()
   at System.Data.SqlClient.SqlDataReader.get_MetaData()
   at System.Data.SqlClient.SqlCommand.FinishExecuteReader(SqlDataReader ds, RunBehavior runBehavior, String resetOptionsString)
   at System.Data.SqlClient.SqlCommand.RunExecuteReaderTds(CommandBehavior cmdBehavior, RunBehavior runBehavior, Boolean returnStream, Boolean async)
   at System.Data.SqlClient.SqlCommand.RunExecuteReader(CommandBehavior cmdBehavior, RunBehavior runBehavior, Boolean returnStream, String method, DbAsyncResult result)
   at System.Data.SqlClient.SqlCommand.RunExecuteReader(CommandBehavior cmdBehavior, RunBehavior runBehavior, Boolean returnStream, String method)
   at System.Data.SqlClient.SqlCommand.ExecuteReader(CommandBehavior behavior, String method)
   at System.Data.SqlClient.SqlCommand.ExecuteReader(CommandBehavior behavior)
   at SubSonic.SqlDataProvider.GetReader(QueryCommand qry) in ]]></text>
                                        <marker class="CodeLocation">
                                          <contents>
                                            <text><![CDATA[C:\data\SubsonicRoot\ss2\SubSonic\DataProviders\SqlDataProvider.cs:line 384]]></text>
                                          </contents>
                                          <attributes>
                                            <attribute name="line" value="384" />
                                            <attribute name="path" value="C:\data\SubsonicRoot\ss2\SubSonic\DataProviders\SqlDataProvider.cs" />
                                          </attributes>
                                        </marker>
                                        <text><![CDATA[
   at SubSonic.DataService.GetReader(QueryCommand cmd) in ]]></text>
                                        <marker class="CodeLocation">
                                          <contents>
                                            <text><![CDATA[C:\data\SubsonicRoot\ss2\SubSonic\DataProviders\DataService.cs:line 506]]></text>
                                          </contents>
                                          <attributes>
                                            <attribute name="line" value="506" />
                                            <attribute name="path" value="C:\data\SubsonicRoot\ss2\SubSonic\DataProviders\DataService.cs" />
                                          </attributes>
                                        </marker>
                                        <text><![CDATA[
   at SubSonic.Query.ExecuteReader() in ]]></text>
                                        <marker class="CodeLocation">
                                          <contents>
                                            <text><![CDATA[C:\data\SubsonicRoot\ss2\SubSonic\Sql Tools\Query.cs:line 1814]]></text>
                                          </contents>
                                          <attributes>
                                            <attribute name="line" value="1814" />
                                            <attribute name="path" value="C:\data\SubsonicRoot\ss2\SubSonic\Sql Tools\Query.cs" />
                                          </attributes>
                                        </marker>
                                        <text><![CDATA[
   at SubSonic.Tests.QueryTest.Query_OR_Moderate() in ]]></text>
                                        <marker class="CodeLocation">
                                          <contents>
                                            <text><![CDATA[C:\data\SubsonicRoot\ss2\SubSonic.Tests\QueryTest.cs:line 314]]></text>
                                          </contents>
                                          <attributes>
                                            <attribute name="line" value="314" />
                                            <attribute name="path" value="C:\data\SubsonicRoot\ss2\SubSonic.Tests\QueryTest.cs" />
                                          </attributes>
                                        </marker>
                                      </contents>
                                      <attributes />
                                    </marker>
                                  </contents>
                                  <attributes />
                                </marker>
                              </contents>
                            </section>
                          </contents>
                        </body>
                      </stream>
                    </streams>
                    <attachments />
                  </testLog>
                </testStepRun>
                <testStepRun startTime="2011-08-05T15:51:06.1024705+09:30" endTime="2011-08-05T15:51:06.2118455+09:30">
                  <testStep id="839b742a0ece0909" name="Query_OR_ModerateWithExpressions" fullName="SubSonic.Tests/QueryTest/Query_OR_ModerateWithExpressions" testId="4c48910813dc4eb1" isPrimary="true" isTestCase="true" isDynamic="false">
                    <codeReference assembly="SubSonic.Tests, Version=2.2.1.0, Culture=neutral, PublicKeyToken=null" namespace="SubSonic.Tests" type="SubSonic.Tests.QueryTest" member="Query_OR_ModerateWithExpressions" />
                    <codeLocation path="C:\data\SubsonicRoot\ss2\SubSonic.Tests\QueryTest.cs" line="330" />
                    <metadata>
                      <entry key="TestKind">
                        <value>Test</value>
                      </entry>
                    </metadata>
                  </testStep>
                  <children />
                  <result assertCount="0" duration="0.012864299999999999">
                    <outcome status="failed" />
                  </result>
                  <testLog>
                    <streams>
                      <stream name="Failures">
                        <body>
                          <contents>
                            <section name="Execute">
                              <contents>
                                <marker class="Exception">
                                  <contents>
                                    <marker class="ExceptionType">
                                      <contents>
                                        <text><![CDATA[System.Data.SqlClient.SqlException]]></text>
                                      </contents>
                                      <attributes />
                                    </marker>
                                    <text><![CDATA[: ]]></text>
                                    <marker class="ExceptionMessage">
                                      <contents>
                                        <text><![CDATA[Incorrect syntax near the keyword 'ORDER'.]]></text>
                                      </contents>
                                      <attributes />
                                    </marker>
                                    <text><![CDATA[
]]></text>
                                    <marker class="ExceptionPropertyName">
                                      <contents>
                                        <text><![CDATA[Errors]]></text>
                                      </contents>
                                      <attributes />
                                    </marker>
                                    <text><![CDATA[: ]]></text>
                                    <marker class="ExceptionPropertyValue">
                                      <contents>
                                        <text><![CDATA[System.Data.SqlClient.SqlErrorCollection]]></text>
                                      </contents>
                                      <attributes />
                                    </marker>
                                    <text><![CDATA[
]]></text>
                                    <marker class="ExceptionPropertyName">
                                      <contents>
                                        <text><![CDATA[Class]]></text>
                                      </contents>
                                      <attributes />
                                    </marker>
                                    <text><![CDATA[: ]]></text>
                                    <marker class="ExceptionPropertyValue">
                                      <contents>
                                        <text><![CDATA[15]]></text>
                                      </contents>
                                      <attributes />
                                    </marker>
                                    <text><![CDATA[
]]></text>
                                    <marker class="ExceptionPropertyName">
                                      <contents>
                                        <text><![CDATA[LineNumber]]></text>
                                      </contents>
                                      <attributes />
                                    </marker>
                                    <text><![CDATA[: ]]></text>
                                    <marker class="ExceptionPropertyValue">
                                      <contents>
                                        <text><![CDATA[1]]></text>
                                      </contents>
                                      <attributes />
                                    </marker>
                                    <text><![CDATA[
]]></text>
                                    <marker class="ExceptionPropertyName">
                                      <contents>
                                        <text><![CDATA[Number]]></text>
                                      </contents>
                                      <attributes />
                                    </marker>
                                    <text><![CDATA[: ]]></text>
                                    <marker class="ExceptionPropertyValue">
                                      <contents>
                                        <text><![CDATA[156]]></text>
                                      </contents>
                                      <attributes />
                                    </marker>
                                    <text><![CDATA[
]]></text>
                                    <marker class="ExceptionPropertyName">
                                      <contents>
                                        <text><![CDATA[Procedure]]></text>
                                      </contents>
                                      <attributes />
                                    </marker>
                                    <text><![CDATA[: ]]></text>
                                    <marker class="ExceptionPropertyValue">
                                      <contents />
                                      <attributes />
                                    </marker>
                                    <text><![CDATA[
]]></text>
                                    <marker class="ExceptionPropertyName">
                                      <contents>
                                        <text><![CDATA[Server]]></text>
                                      </contents>
                                      <attributes />
                                    </marker>
                                    <text><![CDATA[: ]]></text>
                                    <marker class="ExceptionPropertyValue">
                                      <contents>
                                        <text><![CDATA[ANAXIMANDER\SQLEXPRESS]]></text>
                                      </contents>
                                      <attributes />
                                    </marker>
                                    <text><![CDATA[
]]></text>
                                    <marker class="ExceptionPropertyName">
                                      <contents>
                                        <text><![CDATA[State]]></text>
                                      </contents>
                                      <attributes />
                                    </marker>
                                    <text><![CDATA[: ]]></text>
                                    <marker class="ExceptionPropertyValue">
                                      <contents>
                                        <text><![CDATA[1]]></text>
                                      </contents>
                                      <attributes />
                                    </marker>
                                    <text><![CDATA[
]]></text>
                                    <marker class="ExceptionPropertyName">
                                      <contents>
                                        <text><![CDATA[ErrorCode]]></text>
                                      </contents>
                                      <attributes />
                                    </marker>
                                    <text><![CDATA[: ]]></text>
                                    <marker class="ExceptionPropertyValue">
                                      <contents>
                                        <text><![CDATA[-2146232060]]></text>
                                      </contents>
                                      <attributes />
                                    </marker>
                                    <text><![CDATA[
]]></text>
                                    <marker class="StackTrace">
                                      <contents>
                                        <text><![CDATA[   at System.Data.SqlClient.SqlConnection.OnError(SqlException exception, Boolean breakConnection)
   at System.Data.SqlClient.SqlInternalConnection.OnError(SqlException exception, Boolean breakConnection)
   at System.Data.SqlClient.TdsParser.ThrowExceptionAndWarning(TdsParserStateObject stateObj)
   at System.Data.SqlClient.TdsParser.Run(RunBehavior runBehavior, SqlCommand cmdHandler, SqlDataReader dataStream, BulkCopySimpleResultSet bulkCopyHandler, TdsParserStateObject stateObj)
   at System.Data.SqlClient.SqlDataReader.ConsumeMetaData()
   at System.Data.SqlClient.SqlDataReader.get_MetaData()
   at System.Data.SqlClient.SqlCommand.FinishExecuteReader(SqlDataReader ds, RunBehavior runBehavior, String resetOptionsString)
   at System.Data.SqlClient.SqlCommand.RunExecuteReaderTds(CommandBehavior cmdBehavior, RunBehavior runBehavior, Boolean returnStream, Boolean async)
   at System.Data.SqlClient.SqlCommand.RunExecuteReader(CommandBehavior cmdBehavior, RunBehavior runBehavior, Boolean returnStream, String method, DbAsyncResult result)
   at System.Data.SqlClient.SqlCommand.RunExecuteReader(CommandBehavior cmdBehavior, RunBehavior runBehavior, Boolean returnStream, String method)
   at System.Data.SqlClient.SqlCommand.ExecuteReader(CommandBehavior behavior, String method)
   at System.Data.SqlClient.SqlCommand.ExecuteReader(CommandBehavior behavior)
   at SubSonic.SqlDataProvider.GetReader(QueryCommand qry) in ]]></text>
                                        <marker class="CodeLocation">
                                          <contents>
                                            <text><![CDATA[C:\data\SubsonicRoot\ss2\SubSonic\DataProviders\SqlDataProvider.cs:line 384]]></text>
                                          </contents>
                                          <attributes>
                                            <attribute name="line" value="384" />
                                            <attribute name="path" value="C:\data\SubsonicRoot\ss2\SubSonic\DataProviders\SqlDataProvider.cs" />
                                          </attributes>
                                        </marker>
                                        <text><![CDATA[
   at SubSonic.DataService.GetReader(QueryCommand cmd) in ]]></text>
                                        <marker class="CodeLocation">
                                          <contents>
                                            <text><![CDATA[C:\data\SubsonicRoot\ss2\SubSonic\DataProviders\DataService.cs:line 506]]></text>
                                          </contents>
                                          <attributes>
                                            <attribute name="line" value="506" />
                                            <attribute name="path" value="C:\data\SubsonicRoot\ss2\SubSonic\DataProviders\DataService.cs" />
                                          </attributes>
                                        </marker>
                                        <text><![CDATA[
   at SubSonic.Query.ExecuteReader() in ]]></text>
                                        <marker class="CodeLocation">
                                          <contents>
                                            <text><![CDATA[C:\data\SubsonicRoot\ss2\SubSonic\Sql Tools\Query.cs:line 1814]]></text>
                                          </contents>
                                          <attributes>
                                            <attribute name="line" value="1814" />
                                            <attribute name="path" value="C:\data\SubsonicRoot\ss2\SubSonic\Sql Tools\Query.cs" />
                                          </attributes>
                                        </marker>
                                        <text><![CDATA[
   at SubSonic.Tests.QueryTest.Query_OR_ModerateWithExpressions() in ]]></text>
                                        <marker class="CodeLocation">
                                          <contents>
                                            <text><![CDATA[C:\data\SubsonicRoot\ss2\SubSonic.Tests\QueryTest.cs:line 333]]></text>
                                          </contents>
                                          <attributes>
                                            <attribute name="line" value="333" />
                                            <attribute name="path" value="C:\data\SubsonicRoot\ss2\SubSonic.Tests\QueryTest.cs" />
                                          </attributes>
                                        </marker>
                                      </contents>
                                      <attributes />
                                    </marker>
                                  </contents>
                                  <attributes />
                                </marker>
                              </contents>
                            </section>
                          </contents>
                        </body>
                      </stream>
                    </streams>
                    <attachments />
                  </testLog>
                </testStepRun>
                <testStepRun startTime="2011-08-05T15:51:06.2118455+09:30" endTime="2011-08-05T15:51:06.3368455+09:30">
                  <testStep id="5dc9c0e51e17f304" name="Query_OR_Simple" fullName="SubSonic.Tests/QueryTest/Query_OR_Simple" testId="2ccc937c0a4864ae" isPrimary="true" isTestCase="true" isDynamic="false">
                    <codeReference assembly="SubSonic.Tests, Version=2.2.1.0, Culture=neutral, PublicKeyToken=null" namespace="SubSonic.Tests" type="SubSonic.Tests.QueryTest" member="Query_OR_Simple" />
                    <codeLocation path="C:\data\SubsonicRoot\ss2\SubSonic.Tests\QueryTest.cs" line="294" />
                    <metadata>
                      <entry key="TestKind">
                        <value>Test</value>
                      </entry>
                    </metadata>
                  </testStep>
                  <children />
                  <result assertCount="0" duration="0.0170517">
                    <outcome status="failed" />
                  </result>
                  <testLog>
                    <streams>
                      <stream name="Failures">
                        <body>
                          <contents>
                            <section name="Execute">
                              <contents>
                                <marker class="Exception">
                                  <contents>
                                    <marker class="ExceptionType">
                                      <contents>
                                        <text><![CDATA[System.Data.SqlClient.SqlException]]></text>
                                      </contents>
                                      <attributes />
                                    </marker>
                                    <text><![CDATA[: ]]></text>
                                    <marker class="ExceptionMessage">
                                      <contents>
                                        <text><![CDATA[Incorrect syntax near the keyword 'ORDER'.]]></text>
                                      </contents>
                                      <attributes />
                                    </marker>
                                    <text><![CDATA[
]]></text>
                                    <marker class="ExceptionPropertyName">
                                      <contents>
                                        <text><![CDATA[Errors]]></text>
                                      </contents>
                                      <attributes />
                                    </marker>
                                    <text><![CDATA[: ]]></text>
                                    <marker class="ExceptionPropertyValue">
                                      <contents>
                                        <text><![CDATA[System.Data.SqlClient.SqlErrorCollection]]></text>
                                      </contents>
                                      <attributes />
                                    </marker>
                                    <text><![CDATA[
]]></text>
                                    <marker class="ExceptionPropertyName">
                                      <contents>
                                        <text><![CDATA[Class]]></text>
                                      </contents>
                                      <attributes />
                                    </marker>
                                    <text><![CDATA[: ]]></text>
                                    <marker class="ExceptionPropertyValue">
                                      <contents>
                                        <text><![CDATA[15]]></text>
                                      </contents>
                                      <attributes />
                                    </marker>
                                    <text><![CDATA[
]]></text>
                                    <marker class="ExceptionPropertyName">
                                      <contents>
                                        <text><![CDATA[LineNumber]]></text>
                                      </contents>
                                      <attributes />
                                    </marker>
                                    <text><![CDATA[: ]]></text>
                                    <marker class="ExceptionPropertyValue">
                                      <contents>
                                        <text><![CDATA[1]]></text>
                                      </contents>
                                      <attributes />
                                    </marker>
                                    <text><![CDATA[
]]></text>
                                    <marker class="ExceptionPropertyName">
                                      <contents>
                                        <text><![CDATA[Number]]></text>
                                      </contents>
                                      <attributes />
                                    </marker>
                                    <text><![CDATA[: ]]></text>
                                    <marker class="ExceptionPropertyValue">
                                      <contents>
                                        <text><![CDATA[156]]></text>
                                      </contents>
                                      <attributes />
                                    </marker>
                                    <text><![CDATA[
]]></text>
                                    <marker class="ExceptionPropertyName">
                                      <contents>
                                        <text><![CDATA[Procedure]]></text>
                                      </contents>
                                      <attributes />
                                    </marker>
                                    <text><![CDATA[: ]]></text>
                                    <marker class="ExceptionPropertyValue">
                                      <contents />
                                      <attributes />
                                    </marker>
                                    <text><![CDATA[
]]></text>
                                    <marker class="ExceptionPropertyName">
                                      <contents>
                                        <text><![CDATA[Server]]></text>
                                      </contents>
                                      <attributes />
                                    </marker>
                                    <text><![CDATA[: ]]></text>
                                    <marker class="ExceptionPropertyValue">
                                      <contents>
                                        <text><![CDATA[ANAXIMANDER\SQLEXPRESS]]></text>
                                      </contents>
                                      <attributes />
                                    </marker>
                                    <text><![CDATA[
]]></text>
                                    <marker class="ExceptionPropertyName">
                                      <contents>
                                        <text><![CDATA[State]]></text>
                                      </contents>
                                      <attributes />
                                    </marker>
                                    <text><![CDATA[: ]]></text>
                                    <marker class="ExceptionPropertyValue">
                                      <contents>
                                        <text><![CDATA[1]]></text>
                                      </contents>
                                      <attributes />
                                    </marker>
                                    <text><![CDATA[
]]></text>
                                    <marker class="ExceptionPropertyName">
                                      <contents>
                                        <text><![CDATA[ErrorCode]]></text>
                                      </contents>
                                      <attributes />
                                    </marker>
                                    <text><![CDATA[: ]]></text>
                                    <marker class="ExceptionPropertyValue">
                                      <contents>
                                        <text><![CDATA[-2146232060]]></text>
                                      </contents>
                                      <attributes />
                                    </marker>
                                    <text><![CDATA[
]]></text>
                                    <marker class="StackTrace">
                                      <contents>
                                        <text><![CDATA[   at System.Data.SqlClient.SqlConnection.OnError(SqlException exception, Boolean breakConnection)
   at System.Data.SqlClient.SqlInternalConnection.OnError(SqlException exception, Boolean breakConnection)
   at System.Data.SqlClient.TdsParser.ThrowExceptionAndWarning(TdsParserStateObject stateObj)
   at System.Data.SqlClient.TdsParser.Run(RunBehavior runBehavior, SqlCommand cmdHandler, SqlDataReader dataStream, BulkCopySimpleResultSet bulkCopyHandler, TdsParserStateObject stateObj)
   at System.Data.SqlClient.SqlDataReader.ConsumeMetaData()
   at System.Data.SqlClient.SqlDataReader.get_MetaData()
   at System.Data.SqlClient.SqlCommand.FinishExecuteReader(SqlDataReader ds, RunBehavior runBehavior, String resetOptionsString)
   at System.Data.SqlClient.SqlCommand.RunExecuteReaderTds(CommandBehavior cmdBehavior, RunBehavior runBehavior, Boolean returnStream, Boolean async)
   at System.Data.SqlClient.SqlCommand.RunExecuteReader(CommandBehavior cmdBehavior, RunBehavior runBehavior, Boolean returnStream, String method, DbAsyncResult result)
   at System.Data.SqlClient.SqlCommand.RunExecuteReader(CommandBehavior cmdBehavior, RunBehavior runBehavior, Boolean returnStream, String method)
   at System.Data.SqlClient.SqlCommand.ExecuteReader(CommandBehavior behavior, String method)
   at System.Data.SqlClient.SqlCommand.ExecuteReader(CommandBehavior behavior)
   at SubSonic.SqlDataProvider.GetReader(QueryCommand qry) in ]]></text>
                                        <marker class="CodeLocation">
                                          <contents>
                                            <text><![CDATA[C:\data\SubsonicRoot\ss2\SubSonic\DataProviders\SqlDataProvider.cs:line 384]]></text>
                                          </contents>
                                          <attributes>
                                            <attribute name="line" value="384" />
                                            <attribute name="path" value="C:\data\SubsonicRoot\ss2\SubSonic\DataProviders\SqlDataProvider.cs" />
                                          </attributes>
                                        </marker>
                                        <text><![CDATA[
   at SubSonic.DataService.GetReader(QueryCommand cmd) in ]]></text>
                                        <marker class="CodeLocation">
                                          <contents>
                                            <text><![CDATA[C:\data\SubsonicRoot\ss2\SubSonic\DataProviders\DataService.cs:line 506]]></text>
                                          </contents>
                                          <attributes>
                                            <attribute name="line" value="506" />
                                            <attribute name="path" value="C:\data\SubsonicRoot\ss2\SubSonic\DataProviders\DataService.cs" />
                                          </attributes>
                                        </marker>
                                        <text><![CDATA[
   at SubSonic.Query.ExecuteReader() in ]]></text>
                                        <marker class="CodeLocation">
                                          <contents>
                                            <text><![CDATA[C:\data\SubsonicRoot\ss2\SubSonic\Sql Tools\Query.cs:line 1814]]></text>
                                          </contents>
                                          <attributes>
                                            <attribute name="line" value="1814" />
                                            <attribute name="path" value="C:\data\SubsonicRoot\ss2\SubSonic\Sql Tools\Query.cs" />
                                          </attributes>
                                        </marker>
                                        <text><![CDATA[
   at SubSonic.Tests.QueryTest.Query_OR_Simple() in ]]></text>
                                        <marker class="CodeLocation">
                                          <contents>
                                            <text><![CDATA[C:\data\SubsonicRoot\ss2\SubSonic.Tests\QueryTest.cs:line 296]]></text>
                                          </contents>
                                          <attributes>
                                            <attribute name="line" value="296" />
                                            <attribute name="path" value="C:\data\SubsonicRoot\ss2\SubSonic.Tests\QueryTest.cs" />
                                          </attributes>
                                        </marker>
                                      </contents>
                                      <attributes />
                                    </marker>
                                  </contents>
                                  <attributes />
                                </marker>
                              </contents>
                            </section>
                          </contents>
                        </body>
                      </stream>
                    </streams>
                    <attachments />
                  </testLog>
                </testStepRun>
                <testStepRun startTime="2011-08-05T15:51:06.3368455+09:30" endTime="2011-08-05T15:51:06.4774705+09:30">
                  <testStep id="cbe1e986f9956c30" name="Query_ORDER_BY" fullName="SubSonic.Tests/QueryTest/Query_ORDER_BY" testId="79fb4ff1bee03d7d" isPrimary="true" isTestCase="true" isDynamic="false">
                    <codeReference assembly="SubSonic.Tests, Version=2.2.1.0, Culture=neutral, PublicKeyToken=null" namespace="SubSonic.Tests" type="SubSonic.Tests.QueryTest" member="Query_ORDER_BY" />
                    <codeLocation path="C:\data\SubsonicRoot\ss2\SubSonic.Tests\QueryTest.cs" line="685" />
                    <metadata>
                      <entry key="TestKind">
                        <value>Test</value>
                      </entry>
                    </metadata>
                  </testStep>
                  <children />
                  <result assertCount="0" duration="0.10475519999999999">
                    <outcome status="failed" />
                  </result>
                  <testLog>
                    <streams>
                      <stream name="Failures">
                        <body>
                          <contents>
                            <section name="Execute">
                              <contents>
                                <marker class="Exception">
                                  <contents>
                                    <marker class="ExceptionType">
                                      <contents>
                                        <text><![CDATA[System.Data.SqlClient.SqlException]]></text>
                                      </contents>
                                      <attributes />
                                    </marker>
                                    <text><![CDATA[: ]]></text>
                                    <marker class="ExceptionMessage">
                                      <contents>
                                        <text><![CDATA[Incorrect syntax near the keyword 'ORDER'.]]></text>
                                      </contents>
                                      <attributes />
                                    </marker>
                                    <text><![CDATA[
]]></text>
                                    <marker class="ExceptionPropertyName">
                                      <contents>
                                        <text><![CDATA[Errors]]></text>
                                      </contents>
                                      <attributes />
                                    </marker>
                                    <text><![CDATA[: ]]></text>
                                    <marker class="ExceptionPropertyValue">
                                      <contents>
                                        <text><![CDATA[System.Data.SqlClient.SqlErrorCollection]]></text>
                                      </contents>
                                      <attributes />
                                    </marker>
                                    <text><![CDATA[
]]></text>
                                    <marker class="ExceptionPropertyName">
                                      <contents>
                                        <text><![CDATA[Class]]></text>
                                      </contents>
                                      <attributes />
                                    </marker>
                                    <text><![CDATA[: ]]></text>
                                    <marker class="ExceptionPropertyValue">
                                      <contents>
                                        <text><![CDATA[15]]></text>
                                      </contents>
                                      <attributes />
                                    </marker>
                                    <text><![CDATA[
]]></text>
                                    <marker class="ExceptionPropertyName">
                                      <contents>
                                        <text><![CDATA[LineNumber]]></text>
                                      </contents>
                                      <attributes />
                                    </marker>
                                    <text><![CDATA[: ]]></text>
                                    <marker class="ExceptionPropertyValue">
                                      <contents>
                                        <text><![CDATA[1]]></text>
                                      </contents>
                                      <attributes />
                                    </marker>
                                    <text><![CDATA[
]]></text>
                                    <marker class="ExceptionPropertyName">
                                      <contents>
                                        <text><![CDATA[Number]]></text>
                                      </contents>
                                      <attributes />
                                    </marker>
                                    <text><![CDATA[: ]]></text>
                                    <marker class="ExceptionPropertyValue">
                                      <contents>
                                        <text><![CDATA[156]]></text>
                                      </contents>
                                      <attributes />
                                    </marker>
                                    <text><![CDATA[
]]></text>
                                    <marker class="ExceptionPropertyName">
                                      <contents>
                                        <text><![CDATA[Procedure]]></text>
                                      </contents>
                                      <attributes />
                                    </marker>
                                    <text><![CDATA[: ]]></text>
                                    <marker class="ExceptionPropertyValue">
                                      <contents />
                                      <attributes />
                                    </marker>
                                    <text><![CDATA[
]]></text>
                                    <marker class="ExceptionPropertyName">
                                      <contents>
                                        <text><![CDATA[Server]]></text>
                                      </contents>
                                      <attributes />
                                    </marker>
                                    <text><![CDATA[: ]]></text>
                                    <marker class="ExceptionPropertyValue">
                                      <contents>
                                        <text><![CDATA[ANAXIMANDER\SQLEXPRESS]]></text>
                                      </contents>
                                      <attributes />
                                    </marker>
                                    <text><![CDATA[
]]></text>
                                    <marker class="ExceptionPropertyName">
                                      <contents>
                                        <text><![CDATA[State]]></text>
                                      </contents>
                                      <attributes />
                                    </marker>
                                    <text><![CDATA[: ]]></text>
                                    <marker class="ExceptionPropertyValue">
                                      <contents>
                                        <text><![CDATA[1]]></text>
                                      </contents>
                                      <attributes />
                                    </marker>
                                    <text><![CDATA[
]]></text>
                                    <marker class="ExceptionPropertyName">
                                      <contents>
                                        <text><![CDATA[ErrorCode]]></text>
                                      </contents>
                                      <attributes />
                                    </marker>
                                    <text><![CDATA[: ]]></text>
                                    <marker class="ExceptionPropertyValue">
                                      <contents>
                                        <text><![CDATA[-2146232060]]></text>
                                      </contents>
                                      <attributes />
                                    </marker>
                                    <text><![CDATA[
]]></text>
                                    <marker class="StackTrace">
                                      <contents>
                                        <text><![CDATA[   at System.Data.SqlClient.SqlConnection.OnError(SqlException exception, Boolean breakConnection)
   at System.Data.SqlClient.SqlInternalConnection.OnError(SqlException exception, Boolean breakConnection)
   at System.Data.SqlClient.TdsParser.ThrowExceptionAndWarning(TdsParserStateObject stateObj)
   at System.Data.SqlClient.TdsParser.Run(RunBehavior runBehavior, SqlCommand cmdHandler, SqlDataReader dataStream, BulkCopySimpleResultSet bulkCopyHandler, TdsParserStateObject stateObj)
   at System.Data.SqlClient.SqlDataReader.ConsumeMetaData()
   at System.Data.SqlClient.SqlDataReader.get_MetaData()
   at System.Data.SqlClient.SqlCommand.FinishExecuteReader(SqlDataReader ds, RunBehavior runBehavior, String resetOptionsString)
   at System.Data.SqlClient.SqlCommand.RunExecuteReaderTds(CommandBehavior cmdBehavior, RunBehavior runBehavior, Boolean returnStream, Boolean async)
   at System.Data.SqlClient.SqlCommand.RunExecuteReader(CommandBehavior cmdBehavior, RunBehavior runBehavior, Boolean returnStream, String method, DbAsyncResult result)
   at System.Data.SqlClient.SqlCommand.RunExecuteReader(CommandBehavior cmdBehavior, RunBehavior runBehavior, Boolean returnStream, String method)
   at System.Data.SqlClient.SqlCommand.ExecuteReader(CommandBehavior behavior, String method)
   at System.Data.SqlClient.SqlCommand.ExecuteDbDataReader(CommandBehavior behavior)
   at System.Data.Common.DbCommand.System.Data.IDbCommand.ExecuteReader(CommandBehavior behavior)
   at System.Data.Common.DbDataAdapter.FillInternal(DataSet dataset, DataTable[] datatables, Int32 startRecord, Int32 maxRecords, String srcTable, IDbCommand command, CommandBehavior behavior)
   at System.Data.Common.DbDataAdapter.Fill(DataSet dataSet, Int32 startRecord, Int32 maxRecords, String srcTable, IDbCommand command, CommandBehavior behavior)
   at System.Data.Common.DbDataAdapter.Fill(DataSet dataSet)
   at SubSonic.SqlDataProvider.GetDataSet[T](QueryCommand qry) in ]]></text>
                                        <marker class="CodeLocation">
                                          <contents>
                                            <text><![CDATA[C:\data\SubsonicRoot\ss2\SubSonic\DataProviders\SqlDataProvider.cs:line 438]]></text>
                                          </contents>
                                          <attributes>
                                            <attribute name="line" value="438" />
                                            <attribute name="path" value="C:\data\SubsonicRoot\ss2\SubSonic\DataProviders\SqlDataProvider.cs" />
                                          </attributes>
                                        </marker>
                                        <text><![CDATA[
   at SubSonic.DataProvider.GetDataSet(QueryCommand cmd) in ]]></text>
                                        <marker class="CodeLocation">
                                          <contents>
                                            <text><![CDATA[C:\data\SubsonicRoot\ss2\SubSonic\DataProviders\DataProvider.cs:line 786]]></text>
                                          </contents>
                                          <attributes>
                                            <attribute name="line" value="786" />
                                            <attribute name="path" value="C:\data\SubsonicRoot\ss2\SubSonic\DataProviders\DataProvider.cs" />
                                          </attributes>
                                        </marker>
                                        <text><![CDATA[
   at SubSonic.DataService.GetDataSet(QueryCommand cmd) in ]]></text>
                                        <marker class="CodeLocation">
                                          <contents>
                                            <text><![CDATA[C:\data\SubsonicRoot\ss2\SubSonic\DataProviders\DataService.cs:line 526]]></text>
                                          </contents>
                                          <attributes>
                                            <attribute name="line" value="526" />
                                            <attribute name="path" value="C:\data\SubsonicRoot\ss2\SubSonic\DataProviders\DataService.cs" />
                                          </attributes>
                                        </marker>
                                        <text><![CDATA[
   at SubSonic.Query.ExecuteDataSet() in ]]></text>
                                        <marker class="CodeLocation">
                                          <contents>
                                            <text><![CDATA[C:\data\SubsonicRoot\ss2\SubSonic\Sql Tools\Query.cs:line 1823]]></text>
                                          </contents>
                                          <attributes>
                                            <attribute name="line" value="1823" />
                                            <attribute name="path" value="C:\data\SubsonicRoot\ss2\SubSonic\Sql Tools\Query.cs" />
                                          </attributes>
                                        </marker>
                                        <text><![CDATA[
   at SubSonic.Tests.QueryTest.Query_ORDER_BY() in ]]></text>
                                        <marker class="CodeLocation">
                                          <contents>
                                            <text><![CDATA[C:\data\SubsonicRoot\ss2\SubSonic.Tests\QueryTest.cs:line 689]]></text>
                                          </contents>
                                          <attributes>
                                            <attribute name="line" value="689" />
                                            <attribute name="path" value="C:\data\SubsonicRoot\ss2\SubSonic.Tests\QueryTest.cs" />
                                          </attributes>
                                        </marker>
                                      </contents>
                                      <attributes />
                                    </marker>
                                  </contents>
                                  <attributes />
                                </marker>
                              </contents>
                            </section>
                          </contents>
                        </body>
                      </stream>
                    </streams>
                    <attachments />
                  </testLog>
                </testStepRun>
                <testStepRun startTime="2011-08-05T15:51:06.4774705+09:30" endTime="2011-08-05T15:51:06.6024705+09:30">
                  <testStep id="fe06eda327aa615b" name="Query_ORDER_BY_Collection" fullName="SubSonic.Tests/QueryTest/Query_ORDER_BY_Collection" testId="63e295e82b0e0c70" isPrimary="true" isTestCase="true" isDynamic="false">
                    <codeReference assembly="SubSonic.Tests, Version=2.2.1.0, Culture=neutral, PublicKeyToken=null" namespace="SubSonic.Tests" type="SubSonic.Tests.QueryTest" member="Query_ORDER_BY_Collection" />
                    <codeLocation path="C:\data\SubsonicRoot\ss2\SubSonic.Tests\QueryTest.cs" line="797" />
                    <metadata>
                      <entry key="TestKind">
                        <value>Test</value>
                      </entry>
                    </metadata>
                  </testStep>
                  <children />
                  <result assertCount="0" duration="0.0176497">
                    <outcome status="failed" />
                  </result>
                  <testLog>
                    <streams>
                      <stream name="Failures">
                        <body>
                          <contents>
                            <section name="Execute">
                              <contents>
                                <marker class="Exception">
                                  <contents>
                                    <marker class="ExceptionType">
                                      <contents>
                                        <text><![CDATA[System.Data.SqlClient.SqlException]]></text>
                                      </contents>
                                      <attributes />
                                    </marker>
                                    <text><![CDATA[: ]]></text>
                                    <marker class="ExceptionMessage">
                                      <contents>
                                        <text><![CDATA[Incorrect syntax near the keyword 'ORDER'.]]></text>
                                      </contents>
                                      <attributes />
                                    </marker>
                                    <text><![CDATA[
]]></text>
                                    <marker class="ExceptionPropertyName">
                                      <contents>
                                        <text><![CDATA[Errors]]></text>
                                      </contents>
                                      <attributes />
                                    </marker>
                                    <text><![CDATA[: ]]></text>
                                    <marker class="ExceptionPropertyValue">
                                      <contents>
                                        <text><![CDATA[System.Data.SqlClient.SqlErrorCollection]]></text>
                                      </contents>
                                      <attributes />
                                    </marker>
                                    <text><![CDATA[
]]></text>
                                    <marker class="ExceptionPropertyName">
                                      <contents>
                                        <text><![CDATA[Class]]></text>
                                      </contents>
                                      <attributes />
                                    </marker>
                                    <text><![CDATA[: ]]></text>
                                    <marker class="ExceptionPropertyValue">
                                      <contents>
                                        <text><![CDATA[15]]></text>
                                      </contents>
                                      <attributes />
                                    </marker>
                                    <text><![CDATA[
]]></text>
                                    <marker class="ExceptionPropertyName">
                                      <contents>
                                        <text><![CDATA[LineNumber]]></text>
                                      </contents>
                                      <attributes />
                                    </marker>
                                    <text><![CDATA[: ]]></text>
                                    <marker class="ExceptionPropertyValue">
                                      <contents>
                                        <text><![CDATA[1]]></text>
                                      </contents>
                                      <attributes />
                                    </marker>
                                    <text><![CDATA[
]]></text>
                                    <marker class="ExceptionPropertyName">
                                      <contents>
                                        <text><![CDATA[Number]]></text>
                                      </contents>
                                      <attributes />
                                    </marker>
                                    <text><![CDATA[: ]]></text>
                                    <marker class="ExceptionPropertyValue">
                                      <contents>
                                        <text><![CDATA[156]]></text>
                                      </contents>
                                      <attributes />
                                    </marker>
                                    <text><![CDATA[
]]></text>
                                    <marker class="ExceptionPropertyName">
                                      <contents>
                                        <text><![CDATA[Procedure]]></text>
                                      </contents>
                                      <attributes />
                                    </marker>
                                    <text><![CDATA[: ]]></text>
                                    <marker class="ExceptionPropertyValue">
                                      <contents />
                                      <attributes />
                                    </marker>
                                    <text><![CDATA[
]]></text>
                                    <marker class="ExceptionPropertyName">
                                      <contents>
                                        <text><![CDATA[Server]]></text>
                                      </contents>
                                      <attributes />
                                    </marker>
                                    <text><![CDATA[: ]]></text>
                                    <marker class="ExceptionPropertyValue">
                                      <contents>
                                        <text><![CDATA[ANAXIMANDER\SQLEXPRESS]]></text>
                                      </contents>
                                      <attributes />
                                    </marker>
                                    <text><![CDATA[
]]></text>
                                    <marker class="ExceptionPropertyName">
                                      <contents>
                                        <text><![CDATA[State]]></text>
                                      </contents>
                                      <attributes />
                                    </marker>
                                    <text><![CDATA[: ]]></text>
                                    <marker class="ExceptionPropertyValue">
                                      <contents>
                                        <text><![CDATA[1]]></text>
                                      </contents>
                                      <attributes />
                                    </marker>
                                    <text><![CDATA[
]]></text>
                                    <marker class="ExceptionPropertyName">
                                      <contents>
                                        <text><![CDATA[ErrorCode]]></text>
                                      </contents>
                                      <attributes />
                                    </marker>
                                    <text><![CDATA[: ]]></text>
                                    <marker class="ExceptionPropertyValue">
                                      <contents>
                                        <text><![CDATA[-2146232060]]></text>
                                      </contents>
                                      <attributes />
                                    </marker>
                                    <text><![CDATA[
]]></text>
                                    <marker class="StackTrace">
                                      <contents>
                                        <text><![CDATA[   at System.Data.SqlClient.SqlConnection.OnError(SqlException exception, Boolean breakConnection)
   at System.Data.SqlClient.SqlInternalConnection.OnError(SqlException exception, Boolean breakConnection)
   at System.Data.SqlClient.TdsParser.ThrowExceptionAndWarning(TdsParserStateObject stateObj)
   at System.Data.SqlClient.TdsParser.Run(RunBehavior runBehavior, SqlCommand cmdHandler, SqlDataReader dataStream, BulkCopySimpleResultSet bulkCopyHandler, TdsParserStateObject stateObj)
   at System.Data.SqlClient.SqlDataReader.ConsumeMetaData()
   at System.Data.SqlClient.SqlDataReader.get_MetaData()
   at System.Data.SqlClient.SqlCommand.FinishExecuteReader(SqlDataReader ds, RunBehavior runBehavior, String resetOptionsString)
   at System.Data.SqlClient.SqlCommand.RunExecuteReaderTds(CommandBehavior cmdBehavior, RunBehavior runBehavior, Boolean returnStream, Boolean async)
   at System.Data.SqlClient.SqlCommand.RunExecuteReader(CommandBehavior cmdBehavior, RunBehavior runBehavior, Boolean returnStream, String method, DbAsyncResult result)
   at System.Data.SqlClient.SqlCommand.RunExecuteReader(CommandBehavior cmdBehavior, RunBehavior runBehavior, Boolean returnStream, String method)
   at System.Data.SqlClient.SqlCommand.ExecuteReader(CommandBehavior behavior, String method)
   at System.Data.SqlClient.SqlCommand.ExecuteDbDataReader(CommandBehavior behavior)
   at System.Data.Common.DbCommand.System.Data.IDbCommand.ExecuteReader(CommandBehavior behavior)
   at System.Data.Common.DbDataAdapter.FillInternal(DataSet dataset, DataTable[] datatables, Int32 startRecord, Int32 maxRecords, String srcTable, IDbCommand command, CommandBehavior behavior)
   at System.Data.Common.DbDataAdapter.Fill(DataSet dataSet, Int32 startRecord, Int32 maxRecords, String srcTable, IDbCommand command, CommandBehavior behavior)
   at System.Data.Common.DbDataAdapter.Fill(DataSet dataSet)
   at SubSonic.SqlDataProvider.GetDataSet[T](QueryCommand qry) in ]]></text>
                                        <marker class="CodeLocation">
                                          <contents>
                                            <text><![CDATA[C:\data\SubsonicRoot\ss2\SubSonic\DataProviders\SqlDataProvider.cs:line 438]]></text>
                                          </contents>
                                          <attributes>
                                            <attribute name="line" value="438" />
                                            <attribute name="path" value="C:\data\SubsonicRoot\ss2\SubSonic\DataProviders\SqlDataProvider.cs" />
                                          </attributes>
                                        </marker>
                                        <text><![CDATA[
   at SubSonic.DataProvider.GetDataSet(QueryCommand cmd) in ]]></text>
                                        <marker class="CodeLocation">
                                          <contents>
                                            <text><![CDATA[C:\data\SubsonicRoot\ss2\SubSonic\DataProviders\DataProvider.cs:line 786]]></text>
                                          </contents>
                                          <attributes>
                                            <attribute name="line" value="786" />
                                            <attribute name="path" value="C:\data\SubsonicRoot\ss2\SubSonic\DataProviders\DataProvider.cs" />
                                          </attributes>
                                        </marker>
                                        <text><![CDATA[
   at SubSonic.DataService.GetDataSet(QueryCommand cmd) in ]]></text>
                                        <marker class="CodeLocation">
                                          <contents>
                                            <text><![CDATA[C:\data\SubsonicRoot\ss2\SubSonic\DataProviders\DataService.cs:line 526]]></text>
                                          </contents>
                                          <attributes>
                                            <attribute name="line" value="526" />
                                            <attribute name="path" value="C:\data\SubsonicRoot\ss2\SubSonic\DataProviders\DataService.cs" />
                                          </attributes>
                                        </marker>
                                        <text><![CDATA[
   at SubSonic.Query.ExecuteDataSet() in ]]></text>
                                        <marker class="CodeLocation">
                                          <contents>
                                            <text><![CDATA[C:\data\SubsonicRoot\ss2\SubSonic\Sql Tools\Query.cs:line 1823]]></text>
                                          </contents>
                                          <attributes>
                                            <attribute name="line" value="1823" />
                                            <attribute name="path" value="C:\data\SubsonicRoot\ss2\SubSonic\Sql Tools\Query.cs" />
                                          </attributes>
                                        </marker>
                                        <text><![CDATA[
   at SubSonic.Tests.QueryTest.Query_ORDER_BY_Collection() in ]]></text>
                                        <marker class="CodeLocation">
                                          <contents>
                                            <text><![CDATA[C:\data\SubsonicRoot\ss2\SubSonic.Tests\QueryTest.cs:line 801]]></text>
                                          </contents>
                                          <attributes>
                                            <attribute name="line" value="801" />
                                            <attribute name="path" value="C:\data\SubsonicRoot\ss2\SubSonic.Tests\QueryTest.cs" />
                                          </attributes>
                                        </marker>
                                      </contents>
                                      <attributes />
                                    </marker>
                                  </contents>
                                  <attributes />
                                </marker>
                              </contents>
                            </section>
                          </contents>
                        </body>
                      </stream>
                    </streams>
                    <attachments />
                  </testLog>
                </testStepRun>
                <testStepRun startTime="2011-08-05T15:51:06.6024705+09:30" endTime="2011-08-05T15:51:06.7743455+09:30">
                  <testStep id="aa615d9e9d16353c" name="Query_ORDER_BY_DESC" fullName="SubSonic.Tests/QueryTest/Query_ORDER_BY_DESC" testId="3cfaf24b508ac6bf" isPrimary="true" isTestCase="true" isDynamic="false">
                    <codeReference assembly="SubSonic.Tests, Version=2.2.1.0, Culture=neutral, PublicKeyToken=null" namespace="SubSonic.Tests" type="SubSonic.Tests.QueryTest" member="Query_ORDER_BY_DESC" />
                    <codeLocation path="C:\data\SubsonicRoot\ss2\SubSonic.Tests\QueryTest.cs" line="700" />
                    <metadata>
                      <entry key="TestKind">
                        <value>Test</value>
                      </entry>
                    </metadata>
                  </testStep>
                  <children />
                  <result assertCount="0" duration="0.0383351">
                    <outcome status="failed" />
                  </result>
                  <testLog>
                    <streams>
                      <stream name="Failures">
                        <body>
                          <contents>
                            <section name="Execute">
                              <contents>
                                <marker class="Exception">
                                  <contents>
                                    <marker class="ExceptionType">
                                      <contents>
                                        <text><![CDATA[System.Data.SqlClient.SqlException]]></text>
                                      </contents>
                                      <attributes />
                                    </marker>
                                    <text><![CDATA[: ]]></text>
                                    <marker class="ExceptionMessage">
                                      <contents>
                                        <text><![CDATA[Incorrect syntax near the keyword 'ORDER'.]]></text>
                                      </contents>
                                      <attributes />
                                    </marker>
                                    <text><![CDATA[
]]></text>
                                    <marker class="ExceptionPropertyName">
                                      <contents>
                                        <text><![CDATA[Errors]]></text>
                                      </contents>
                                      <attributes />
                                    </marker>
                                    <text><![CDATA[: ]]></text>
                                    <marker class="ExceptionPropertyValue">
                                      <contents>
                                        <text><![CDATA[System.Data.SqlClient.SqlErrorCollection]]></text>
                                      </contents>
                                      <attributes />
                                    </marker>
                                    <text><![CDATA[
]]></text>
                                    <marker class="ExceptionPropertyName">
                                      <contents>
                                        <text><![CDATA[Class]]></text>
                                      </contents>
                                      <attributes />
                                    </marker>
                                    <text><![CDATA[: ]]></text>
                                    <marker class="ExceptionPropertyValue">
                                      <contents>
                                        <text><![CDATA[15]]></text>
                                      </contents>
                                      <attributes />
                                    </marker>
                                    <text><![CDATA[
]]></text>
                                    <marker class="ExceptionPropertyName">
                                      <contents>
                                        <text><![CDATA[LineNumber]]></text>
                                      </contents>
                                      <attributes />
                                    </marker>
                                    <text><![CDATA[: ]]></text>
                                    <marker class="ExceptionPropertyValue">
                                      <contents>
                                        <text><![CDATA[1]]></text>
                                      </contents>
                                      <attributes />
                                    </marker>
                                    <text><![CDATA[
]]></text>
                                    <marker class="ExceptionPropertyName">
                                      <contents>
                                        <text><![CDATA[Number]]></text>
                                      </contents>
                                      <attributes />
                                    </marker>
                                    <text><![CDATA[: ]]></text>
                                    <marker class="ExceptionPropertyValue">
                                      <contents>
                                        <text><![CDATA[156]]></text>
                                      </contents>
                                      <attributes />
                                    </marker>
                                    <text><![CDATA[
]]></text>
                                    <marker class="ExceptionPropertyName">
                                      <contents>
                                        <text><![CDATA[Procedure]]></text>
                                      </contents>
                                      <attributes />
                                    </marker>
                                    <text><![CDATA[: ]]></text>
                                    <marker class="ExceptionPropertyValue">
                                      <contents />
                                      <attributes />
                                    </marker>
                                    <text><![CDATA[
]]></text>
                                    <marker class="ExceptionPropertyName">
                                      <contents>
                                        <text><![CDATA[Server]]></text>
                                      </contents>
                                      <attributes />
                                    </marker>
                                    <text><![CDATA[: ]]></text>
                                    <marker class="ExceptionPropertyValue">
                                      <contents>
                                        <text><![CDATA[ANAXIMANDER\SQLEXPRESS]]></text>
                                      </contents>
                                      <attributes />
                                    </marker>
                                    <text><![CDATA[
]]></text>
                                    <marker class="ExceptionPropertyName">
                                      <contents>
                                        <text><![CDATA[State]]></text>
                                      </contents>
                                      <attributes />
                                    </marker>
                                    <text><![CDATA[: ]]></text>
                                    <marker class="ExceptionPropertyValue">
                                      <contents>
                                        <text><![CDATA[1]]></text>
                                      </contents>
                                      <attributes />
                                    </marker>
                                    <text><![CDATA[
]]></text>
                                    <marker class="ExceptionPropertyName">
                                      <contents>
                                        <text><![CDATA[ErrorCode]]></text>
                                      </contents>
                                      <attributes />
                                    </marker>
                                    <text><![CDATA[: ]]></text>
                                    <marker class="ExceptionPropertyValue">
                                      <contents>
                                        <text><![CDATA[-2146232060]]></text>
                                      </contents>
                                      <attributes />
                                    </marker>
                                    <text><![CDATA[
]]></text>
                                    <marker class="StackTrace">
                                      <contents>
                                        <text><![CDATA[   at System.Data.SqlClient.SqlConnection.OnError(SqlException exception, Boolean breakConnection)
   at System.Data.SqlClient.SqlInternalConnection.OnError(SqlException exception, Boolean breakConnection)
   at System.Data.SqlClient.TdsParser.ThrowExceptionAndWarning(TdsParserStateObject stateObj)
   at System.Data.SqlClient.TdsParser.Run(RunBehavior runBehavior, SqlCommand cmdHandler, SqlDataReader dataStream, BulkCopySimpleResultSet bulkCopyHandler, TdsParserStateObject stateObj)
   at System.Data.SqlClient.SqlDataReader.ConsumeMetaData()
   at System.Data.SqlClient.SqlDataReader.get_MetaData()
   at System.Data.SqlClient.SqlCommand.FinishExecuteReader(SqlDataReader ds, RunBehavior runBehavior, String resetOptionsString)
   at System.Data.SqlClient.SqlCommand.RunExecuteReaderTds(CommandBehavior cmdBehavior, RunBehavior runBehavior, Boolean returnStream, Boolean async)
   at System.Data.SqlClient.SqlCommand.RunExecuteReader(CommandBehavior cmdBehavior, RunBehavior runBehavior, Boolean returnStream, String method, DbAsyncResult result)
   at System.Data.SqlClient.SqlCommand.RunExecuteReader(CommandBehavior cmdBehavior, RunBehavior runBehavior, Boolean returnStream, String method)
   at System.Data.SqlClient.SqlCommand.ExecuteReader(CommandBehavior behavior, String method)
   at System.Data.SqlClient.SqlCommand.ExecuteDbDataReader(CommandBehavior behavior)
   at System.Data.Common.DbCommand.System.Data.IDbCommand.ExecuteReader(CommandBehavior behavior)
   at System.Data.Common.DbDataAdapter.FillInternal(DataSet dataset, DataTable[] datatables, Int32 startRecord, Int32 maxRecords, String srcTable, IDbCommand command, CommandBehavior behavior)
   at System.Data.Common.DbDataAdapter.Fill(DataSet dataSet, Int32 startRecord, Int32 maxRecords, String srcTable, IDbCommand command, CommandBehavior behavior)
   at System.Data.Common.DbDataAdapter.Fill(DataSet dataSet)
   at SubSonic.SqlDataProvider.GetDataSet[T](QueryCommand qry) in ]]></text>
                                        <marker class="CodeLocation">
                                          <contents>
                                            <text><![CDATA[C:\data\SubsonicRoot\ss2\SubSonic\DataProviders\SqlDataProvider.cs:line 438]]></text>
                                          </contents>
                                          <attributes>
                                            <attribute name="line" value="438" />
                                            <attribute name="path" value="C:\data\SubsonicRoot\ss2\SubSonic\DataProviders\SqlDataProvider.cs" />
                                          </attributes>
                                        </marker>
                                        <text><![CDATA[
   at SubSonic.DataProvider.GetDataSet(QueryCommand cmd) in ]]></text>
                                        <marker class="CodeLocation">
                                          <contents>
                                            <text><![CDATA[C:\data\SubsonicRoot\ss2\SubSonic\DataProviders\DataProvider.cs:line 786]]></text>
                                          </contents>
                                          <attributes>
                                            <attribute name="line" value="786" />
                                            <attribute name="path" value="C:\data\SubsonicRoot\ss2\SubSonic\DataProviders\DataProvider.cs" />
                                          </attributes>
                                        </marker>
                                        <text><![CDATA[
   at SubSonic.DataService.GetDataSet(QueryCommand cmd) in ]]></text>
                                        <marker class="CodeLocation">
                                          <contents>
                                            <text><![CDATA[C:\data\SubsonicRoot\ss2\SubSonic\DataProviders\DataService.cs:line 526]]></text>
                                          </contents>
                                          <attributes>
                                            <attribute name="line" value="526" />
                                            <attribute name="path" value="C:\data\SubsonicRoot\ss2\SubSonic\DataProviders\DataService.cs" />
                                          </attributes>
                                        </marker>
                                        <text><![CDATA[
   at SubSonic.Query.ExecuteDataSet() in ]]></text>
                                        <marker class="CodeLocation">
                                          <contents>
                                            <text><![CDATA[C:\data\SubsonicRoot\ss2\SubSonic\Sql Tools\Query.cs:line 1823]]></text>
                                          </contents>
                                          <attributes>
                                            <attribute name="line" value="1823" />
                                            <attribute name="path" value="C:\data\SubsonicRoot\ss2\SubSonic\Sql Tools\Query.cs" />
                                          </attributes>
                                        </marker>
                                        <text><![CDATA[
   at SubSonic.Tests.QueryTest.Query_ORDER_BY_DESC() in ]]></text>
                                        <marker class="CodeLocation">
                                          <contents>
                                            <text><![CDATA[C:\data\SubsonicRoot\ss2\SubSonic.Tests\QueryTest.cs:line 704]]></text>
                                          </contents>
                                          <attributes>
                                            <attribute name="line" value="704" />
                                            <attribute name="path" value="C:\data\SubsonicRoot\ss2\SubSonic.Tests\QueryTest.cs" />
                                          </attributes>
                                        </marker>
                                      </contents>
                                      <attributes />
                                    </marker>
                                  </contents>
                                  <attributes />
                                </marker>
                              </contents>
                            </section>
                          </contents>
                        </body>
                      </stream>
                    </streams>
                    <attachments />
                  </testLog>
                </testStepRun>
                <testStepRun startTime="2011-08-05T15:51:06.7743455+09:30" endTime="2011-08-05T15:51:06.8837205+09:30">
                  <testStep id="7592b6a0bfa85dc5" name="Query_ORDER_BY_DESC_Collection" fullName="SubSonic.Tests/QueryTest/Query_ORDER_BY_DESC_Collection" testId="12c0523243a4b0ba" isPrimary="true" isTestCase="true" isDynamic="false">
                    <codeReference assembly="SubSonic.Tests, Version=2.2.1.0, Culture=neutral, PublicKeyToken=null" namespace="SubSonic.Tests" type="SubSonic.Tests.QueryTest" member="Query_ORDER_BY_DESC_Collection" />
                    <codeLocation path="C:\data\SubsonicRoot\ss2\SubSonic.Tests\QueryTest.cs" line="814" />
                    <metadata>
                      <entry key="TestKind">
                        <value>Test</value>
                      </entry>
                    </metadata>
                  </testStep>
                  <children />
                  <result assertCount="0" duration="0.0138172">
                    <outcome status="failed" />
                  </result>
                  <testLog>
                    <streams>
                      <stream name="Failures">
                        <body>
                          <contents>
                            <section name="Execute">
                              <contents>
                                <marker class="Exception">
                                  <contents>
                                    <marker class="ExceptionType">
                                      <contents>
                                        <text><![CDATA[System.Data.SqlClient.SqlException]]></text>
                                      </contents>
                                      <attributes />
                                    </marker>
                                    <text><![CDATA[: ]]></text>
                                    <marker class="ExceptionMessage">
                                      <contents>
                                        <text><![CDATA[Incorrect syntax near the keyword 'ORDER'.]]></text>
                                      </contents>
                                      <attributes />
                                    </marker>
                                    <text><![CDATA[
]]></text>
                                    <marker class="ExceptionPropertyName">
                                      <contents>
                                        <text><![CDATA[Errors]]></text>
                                      </contents>
                                      <attributes />
                                    </marker>
                                    <text><![CDATA[: ]]></text>
                                    <marker class="ExceptionPropertyValue">
                                      <contents>
                                        <text><![CDATA[System.Data.SqlClient.SqlErrorCollection]]></text>
                                      </contents>
                                      <attributes />
                                    </marker>
                                    <text><![CDATA[
]]></text>
                                    <marker class="ExceptionPropertyName">
                                      <contents>
                                        <text><![CDATA[Class]]></text>
                                      </contents>
                                      <attributes />
                                    </marker>
                                    <text><![CDATA[: ]]></text>
                                    <marker class="ExceptionPropertyValue">
                                      <contents>
                                        <text><![CDATA[15]]></text>
                                      </contents>
                                      <attributes />
                                    </marker>
                                    <text><![CDATA[
]]></text>
                                    <marker class="ExceptionPropertyName">
                                      <contents>
                                        <text><![CDATA[LineNumber]]></text>
                                      </contents>
                                      <attributes />
                                    </marker>
                                    <text><![CDATA[: ]]></text>
                                    <marker class="ExceptionPropertyValue">
                                      <contents>
                                        <text><![CDATA[1]]></text>
                                      </contents>
                                      <attributes />
                                    </marker>
                                    <text><![CDATA[
]]></text>
                                    <marker class="ExceptionPropertyName">
                                      <contents>
                                        <text><![CDATA[Number]]></text>
                                      </contents>
                                      <attributes />
                                    </marker>
                                    <text><![CDATA[: ]]></text>
                                    <marker class="ExceptionPropertyValue">
                                      <contents>
                                        <text><![CDATA[156]]></text>
                                      </contents>
                                      <attributes />
                                    </marker>
                                    <text><![CDATA[
]]></text>
                                    <marker class="ExceptionPropertyName">
                                      <contents>
                                        <text><![CDATA[Procedure]]></text>
                                      </contents>
                                      <attributes />
                                    </marker>
                                    <text><![CDATA[: ]]></text>
                                    <marker class="ExceptionPropertyValue">
                                      <contents />
                                      <attributes />
                                    </marker>
                                    <text><![CDATA[
]]></text>
                                    <marker class="ExceptionPropertyName">
                                      <contents>
                                        <text><![CDATA[Server]]></text>
                                      </contents>
                                      <attributes />
                                    </marker>
                                    <text><![CDATA[: ]]></text>
                                    <marker class="ExceptionPropertyValue">
                                      <contents>
                                        <text><![CDATA[ANAXIMANDER\SQLEXPRESS]]></text>
                                      </contents>
                                      <attributes />
                                    </marker>
                                    <text><![CDATA[
]]></text>
                                    <marker class="ExceptionPropertyName">
                                      <contents>
                                        <text><![CDATA[State]]></text>
                                      </contents>
                                      <attributes />
                                    </marker>
                                    <text><![CDATA[: ]]></text>
                                    <marker class="ExceptionPropertyValue">
                                      <contents>
                                        <text><![CDATA[1]]></text>
                                      </contents>
                                      <attributes />
                                    </marker>
                                    <text><![CDATA[
]]></text>
                                    <marker class="ExceptionPropertyName">
                                      <contents>
                                        <text><![CDATA[ErrorCode]]></text>
                                      </contents>
                                      <attributes />
                                    </marker>
                                    <text><![CDATA[: ]]></text>
                                    <marker class="ExceptionPropertyValue">
                                      <contents>
                                        <text><![CDATA[-2146232060]]></text>
                                      </contents>
                                      <attributes />
                                    </marker>
                                    <text><![CDATA[
]]></text>
                                    <marker class="StackTrace">
                                      <contents>
                                        <text><![CDATA[   at System.Data.SqlClient.SqlConnection.OnError(SqlException exception, Boolean breakConnection)
   at System.Data.SqlClient.SqlInternalConnection.OnError(SqlException exception, Boolean breakConnection)
   at System.Data.SqlClient.TdsParser.ThrowExceptionAndWarning(TdsParserStateObject stateObj)
   at System.Data.SqlClient.TdsParser.Run(RunBehavior runBehavior, SqlCommand cmdHandler, SqlDataReader dataStream, BulkCopySimpleResultSet bulkCopyHandler, TdsParserStateObject stateObj)
   at System.Data.SqlClient.SqlDataReader.ConsumeMetaData()
   at System.Data.SqlClient.SqlDataReader.get_MetaData()
   at System.Data.SqlClient.SqlCommand.FinishExecuteReader(SqlDataReader ds, RunBehavior runBehavior, String resetOptionsString)
   at System.Data.SqlClient.SqlCommand.RunExecuteReaderTds(CommandBehavior cmdBehavior, RunBehavior runBehavior, Boolean returnStream, Boolean async)
   at System.Data.SqlClient.SqlCommand.RunExecuteReader(CommandBehavior cmdBehavior, RunBehavior runBehavior, Boolean returnStream, String method, DbAsyncResult result)
   at System.Data.SqlClient.SqlCommand.RunExecuteReader(CommandBehavior cmdBehavior, RunBehavior runBehavior, Boolean returnStream, String method)
   at System.Data.SqlClient.SqlCommand.ExecuteReader(CommandBehavior behavior, String method)
   at System.Data.SqlClient.SqlCommand.ExecuteDbDataReader(CommandBehavior behavior)
   at System.Data.Common.DbCommand.System.Data.IDbCommand.ExecuteReader(CommandBehavior behavior)
   at System.Data.Common.DbDataAdapter.FillInternal(DataSet dataset, DataTable[] datatables, Int32 startRecord, Int32 maxRecords, String srcTable, IDbCommand command, CommandBehavior behavior)
   at System.Data.Common.DbDataAdapter.Fill(DataSet dataSet, Int32 startRecord, Int32 maxRecords, String srcTable, IDbCommand command, CommandBehavior behavior)
   at System.Data.Common.DbDataAdapter.Fill(DataSet dataSet)
   at SubSonic.SqlDataProvider.GetDataSet[T](QueryCommand qry) in ]]></text>
                                        <marker class="CodeLocation">
                                          <contents>
                                            <text><![CDATA[C:\data\SubsonicRoot\ss2\SubSonic\DataProviders\SqlDataProvider.cs:line 438]]></text>
                                          </contents>
                                          <attributes>
                                            <attribute name="line" value="438" />
                                            <attribute name="path" value="C:\data\SubsonicRoot\ss2\SubSonic\DataProviders\SqlDataProvider.cs" />
                                          </attributes>
                                        </marker>
                                        <text><![CDATA[
   at SubSonic.DataProvider.GetDataSet(QueryCommand cmd) in ]]></text>
                                        <marker class="CodeLocation">
                                          <contents>
                                            <text><![CDATA[C:\data\SubsonicRoot\ss2\SubSonic\DataProviders\DataProvider.cs:line 786]]></text>
                                          </contents>
                                          <attributes>
                                            <attribute name="line" value="786" />
                                            <attribute name="path" value="C:\data\SubsonicRoot\ss2\SubSonic\DataProviders\DataProvider.cs" />
                                          </attributes>
                                        </marker>
                                        <text><![CDATA[
   at SubSonic.DataService.GetDataSet(QueryCommand cmd) in ]]></text>
                                        <marker class="CodeLocation">
                                          <contents>
                                            <text><![CDATA[C:\data\SubsonicRoot\ss2\SubSonic\DataProviders\DataService.cs:line 526]]></text>
                                          </contents>
                                          <attributes>
                                            <attribute name="line" value="526" />
                                            <attribute name="path" value="C:\data\SubsonicRoot\ss2\SubSonic\DataProviders\DataService.cs" />
                                          </attributes>
                                        </marker>
                                        <text><![CDATA[
   at SubSonic.Query.ExecuteDataSet() in ]]></text>
                                        <marker class="CodeLocation">
                                          <contents>
                                            <text><![CDATA[C:\data\SubsonicRoot\ss2\SubSonic\Sql Tools\Query.cs:line 1823]]></text>
                                          </contents>
                                          <attributes>
                                            <attribute name="line" value="1823" />
                                            <attribute name="path" value="C:\data\SubsonicRoot\ss2\SubSonic\Sql Tools\Query.cs" />
                                          </attributes>
                                        </marker>
                                        <text><![CDATA[
   at SubSonic.Tests.QueryTest.Query_ORDER_BY_DESC_Collection() in ]]></text>
                                        <marker class="CodeLocation">
                                          <contents>
                                            <text><![CDATA[C:\data\SubsonicRoot\ss2\SubSonic.Tests\QueryTest.cs:line 818]]></text>
                                          </contents>
                                          <attributes>
                                            <attribute name="line" value="818" />
                                            <attribute name="path" value="C:\data\SubsonicRoot\ss2\SubSonic.Tests\QueryTest.cs" />
                                          </attributes>
                                        </marker>
                                      </contents>
                                      <attributes />
                                    </marker>
                                  </contents>
                                  <attributes />
                                </marker>
                              </contents>
                            </section>
                          </contents>
                        </body>
                      </stream>
                    </streams>
                    <attachments />
                  </testLog>
                </testStepRun>
                <testStepRun startTime="2011-08-05T15:51:06.8837205+09:30" endTime="2011-08-05T15:51:07.0243455+09:30">
                  <testStep id="7fa31c693d23f9e5" name="Query_ORDER_BY_Expression" fullName="SubSonic.Tests/QueryTest/Query_ORDER_BY_Expression" testId="70b492a14e103f32" isPrimary="true" isTestCase="true" isDynamic="false">
                    <codeReference assembly="SubSonic.Tests, Version=2.2.1.0, Culture=neutral, PublicKeyToken=null" namespace="SubSonic.Tests" type="SubSonic.Tests.QueryTest" member="Query_ORDER_BY_Expression" />
                    <codeLocation path="C:\data\SubsonicRoot\ss2\SubSonic.Tests\QueryTest.cs" line="715" />
                    <metadata>
                      <entry key="TestKind">
                        <value>Test</value>
                      </entry>
                    </metadata>
                  </testStep>
                  <children />
                  <result assertCount="0" duration="0.013868">
                    <outcome status="failed" />
                  </result>
                  <testLog>
                    <streams>
                      <stream name="Failures">
                        <body>
                          <contents>
                            <section name="Execute">
                              <contents>
                                <marker class="Exception">
                                  <contents>
                                    <marker class="ExceptionType">
                                      <contents>
                                        <text><![CDATA[System.Data.SqlClient.SqlException]]></text>
                                      </contents>
                                      <attributes />
                                    </marker>
                                    <text><![CDATA[: ]]></text>
                                    <marker class="ExceptionMessage">
                                      <contents>
                                        <text><![CDATA[Incorrect syntax near the keyword 'ORDER'.]]></text>
                                      </contents>
                                      <attributes />
                                    </marker>
                                    <text><![CDATA[
]]></text>
                                    <marker class="ExceptionPropertyName">
                                      <contents>
                                        <text><![CDATA[Errors]]></text>
                                      </contents>
                                      <attributes />
                                    </marker>
                                    <text><![CDATA[: ]]></text>
                                    <marker class="ExceptionPropertyValue">
                                      <contents>
                                        <text><![CDATA[System.Data.SqlClient.SqlErrorCollection]]></text>
                                      </contents>
                                      <attributes />
                                    </marker>
                                    <text><![CDATA[
]]></text>
                                    <marker class="ExceptionPropertyName">
                                      <contents>
                                        <text><![CDATA[Class]]></text>
                                      </contents>
                                      <attributes />
                                    </marker>
                                    <text><![CDATA[: ]]></text>
                                    <marker class="ExceptionPropertyValue">
                                      <contents>
                                        <text><![CDATA[15]]></text>
                                      </contents>
                                      <attributes />
                                    </marker>
                                    <text><![CDATA[
]]></text>
                                    <marker class="ExceptionPropertyName">
                                      <contents>
                                        <text><![CDATA[LineNumber]]></text>
                                      </contents>
                                      <attributes />
                                    </marker>
                                    <text><![CDATA[: ]]></text>
                                    <marker class="ExceptionPropertyValue">
                                      <contents>
                                        <text><![CDATA[1]]></text>
                                      </contents>
                                      <attributes />
                                    </marker>
                                    <text><![CDATA[
]]></text>
                                    <marker class="ExceptionPropertyName">
                                      <contents>
                                        <text><![CDATA[Number]]></text>
                                      </contents>
                                      <attributes />
                                    </marker>
                                    <text><![CDATA[: ]]></text>
                                    <marker class="ExceptionPropertyValue">
                                      <contents>
                                        <text><![CDATA[156]]></text>
                                      </contents>
                                      <attributes />
                                    </marker>
                                    <text><![CDATA[
]]></text>
                                    <marker class="ExceptionPropertyName">
                                      <contents>
                                        <text><![CDATA[Procedure]]></text>
                                      </contents>
                                      <attributes />
                                    </marker>
                                    <text><![CDATA[: ]]></text>
                                    <marker class="ExceptionPropertyValue">
                                      <contents />
                                      <attributes />
                                    </marker>
                                    <text><![CDATA[
]]></text>
                                    <marker class="ExceptionPropertyName">
                                      <contents>
                                        <text><![CDATA[Server]]></text>
                                      </contents>
                                      <attributes />
                                    </marker>
                                    <text><![CDATA[: ]]></text>
                                    <marker class="ExceptionPropertyValue">
                                      <contents>
                                        <text><![CDATA[ANAXIMANDER\SQLEXPRESS]]></text>
                                      </contents>
                                      <attributes />
                                    </marker>
                                    <text><![CDATA[
]]></text>
                                    <marker class="ExceptionPropertyName">
                                      <contents>
                                        <text><![CDATA[State]]></text>
                                      </contents>
                                      <attributes />
                                    </marker>
                                    <text><![CDATA[: ]]></text>
                                    <marker class="ExceptionPropertyValue">
                                      <contents>
                                        <text><![CDATA[1]]></text>
                                      </contents>
                                      <attributes />
                                    </marker>
                                    <text><![CDATA[
]]></text>
                                    <marker class="ExceptionPropertyName">
                                      <contents>
                                        <text><![CDATA[ErrorCode]]></text>
                                      </contents>
                                      <attributes />
                                    </marker>
                                    <text><![CDATA[: ]]></text>
                                    <marker class="ExceptionPropertyValue">
                                      <contents>
                                        <text><![CDATA[-2146232060]]></text>
                                      </contents>
                                      <attributes />
                                    </marker>
                                    <text><![CDATA[
]]></text>
                                    <marker class="StackTrace">
                                      <contents>
                                        <text><![CDATA[   at System.Data.SqlClient.SqlConnection.OnError(SqlException exception, Boolean breakConnection)
   at System.Data.SqlClient.SqlInternalConnection.OnError(SqlException exception, Boolean breakConnection)
   at System.Data.SqlClient.TdsParser.ThrowExceptionAndWarning(TdsParserStateObject stateObj)
   at System.Data.SqlClient.TdsParser.Run(RunBehavior runBehavior, SqlCommand cmdHandler, SqlDataReader dataStream, BulkCopySimpleResultSet bulkCopyHandler, TdsParserStateObject stateObj)
   at System.Data.SqlClient.SqlDataReader.ConsumeMetaData()
   at System.Data.SqlClient.SqlDataReader.get_MetaData()
   at System.Data.SqlClient.SqlCommand.FinishExecuteReader(SqlDataReader ds, RunBehavior runBehavior, String resetOptionsString)
   at System.Data.SqlClient.SqlCommand.RunExecuteReaderTds(CommandBehavior cmdBehavior, RunBehavior runBehavior, Boolean returnStream, Boolean async)
   at System.Data.SqlClient.SqlCommand.RunExecuteReader(CommandBehavior cmdBehavior, RunBehavior runBehavior, Boolean returnStream, String method, DbAsyncResult result)
   at System.Data.SqlClient.SqlCommand.RunExecuteReader(CommandBehavior cmdBehavior, RunBehavior runBehavior, Boolean returnStream, String method)
   at System.Data.SqlClient.SqlCommand.ExecuteReader(CommandBehavior behavior, String method)
   at System.Data.SqlClient.SqlCommand.ExecuteDbDataReader(CommandBehavior behavior)
   at System.Data.Common.DbCommand.System.Data.IDbCommand.ExecuteReader(CommandBehavior behavior)
   at System.Data.Common.DbDataAdapter.FillInternal(DataSet dataset, DataTable[] datatables, Int32 startRecord, Int32 maxRecords, String srcTable, IDbCommand command, CommandBehavior behavior)
   at System.Data.Common.DbDataAdapter.Fill(DataSet dataSet, Int32 startRecord, Int32 maxRecords, String srcTable, IDbCommand command, CommandBehavior behavior)
   at System.Data.Common.DbDataAdapter.Fill(DataSet dataSet)
   at SubSonic.SqlDataProvider.GetDataSet[T](QueryCommand qry) in ]]></text>
                                        <marker class="CodeLocation">
                                          <contents>
                                            <text><![CDATA[C:\data\SubsonicRoot\ss2\SubSonic\DataProviders\SqlDataProvider.cs:line 438]]></text>
                                          </contents>
                                          <attributes>
                                            <attribute name="line" value="438" />
                                            <attribute name="path" value="C:\data\SubsonicRoot\ss2\SubSonic\DataProviders\SqlDataProvider.cs" />
                                          </attributes>
                                        </marker>
                                        <text><![CDATA[
   at SubSonic.DataProvider.GetDataSet(QueryCommand cmd) in ]]></text>
                                        <marker class="CodeLocation">
                                          <contents>
                                            <text><![CDATA[C:\data\SubsonicRoot\ss2\SubSonic\DataProviders\DataProvider.cs:line 786]]></text>
                                          </contents>
                                          <attributes>
                                            <attribute name="line" value="786" />
                                            <attribute name="path" value="C:\data\SubsonicRoot\ss2\SubSonic\DataProviders\DataProvider.cs" />
                                          </attributes>
                                        </marker>
                                        <text><![CDATA[
   at SubSonic.DataService.GetDataSet(QueryCommand cmd) in ]]></text>
                                        <marker class="CodeLocation">
                                          <contents>
                                            <text><![CDATA[C:\data\SubsonicRoot\ss2\SubSonic\DataProviders\DataService.cs:line 526]]></text>
                                          </contents>
                                          <attributes>
                                            <attribute name="line" value="526" />
                                            <attribute name="path" value="C:\data\SubsonicRoot\ss2\SubSonic\DataProviders\DataService.cs" />
                                          </attributes>
                                        </marker>
                                        <text><![CDATA[
   at SubSonic.Query.ExecuteDataSet() in ]]></text>
                                        <marker class="CodeLocation">
                                          <contents>
                                            <text><![CDATA[C:\data\SubsonicRoot\ss2\SubSonic\Sql Tools\Query.cs:line 1823]]></text>
                                          </contents>
                                          <attributes>
                                            <attribute name="line" value="1823" />
                                            <attribute name="path" value="C:\data\SubsonicRoot\ss2\SubSonic\Sql Tools\Query.cs" />
                                          </attributes>
                                        </marker>
                                        <text><![CDATA[
   at SubSonic.Tests.QueryTest.Query_ORDER_BY_Expression() in ]]></text>
                                        <marker class="CodeLocation">
                                          <contents>
                                            <text><![CDATA[C:\data\SubsonicRoot\ss2\SubSonic.Tests\QueryTest.cs:line 718]]></text>
                                          </contents>
                                          <attributes>
                                            <attribute name="line" value="718" />
                                            <attribute name="path" value="C:\data\SubsonicRoot\ss2\SubSonic.Tests\QueryTest.cs" />
                                          </attributes>
                                        </marker>
                                      </contents>
                                      <attributes />
                                    </marker>
                                  </contents>
                                  <attributes />
                                </marker>
                              </contents>
                            </section>
                          </contents>
                        </body>
                      </stream>
                    </streams>
                    <attachments />
                  </testLog>
                </testStepRun>
                <testStepRun startTime="2011-08-05T15:51:07.0243455+09:30" endTime="2011-08-05T15:51:07.1649705+09:30">
                  <testStep id="b77e0ef639d0bbbb" name="Query_ORDER_BY_Expression_Collection" fullName="SubSonic.Tests/QueryTest/Query_ORDER_BY_Expression_Collection" testId="781e3bc274e255ba" isPrimary="true" isTestCase="true" isDynamic="false">
                    <codeReference assembly="SubSonic.Tests, Version=2.2.1.0, Culture=neutral, PublicKeyToken=null" namespace="SubSonic.Tests" type="SubSonic.Tests.QueryTest" member="Query_ORDER_BY_Expression_Collection" />
                    <codeLocation path="C:\data\SubsonicRoot\ss2\SubSonic.Tests\QueryTest.cs" line="831" />
                    <metadata>
                      <entry key="TestKind">
                        <value>Test</value>
                      </entry>
                    </metadata>
                  </testStep>
                  <children />
                  <result assertCount="0" duration="0.0205533">
                    <outcome status="failed" />
                  </result>
                  <testLog>
                    <streams>
                      <stream name="Failures">
                        <body>
                          <contents>
                            <section name="Execute">
                              <contents>
                                <marker class="Exception">
                                  <contents>
                                    <marker class="ExceptionType">
                                      <contents>
                                        <text><![CDATA[System.Data.SqlClient.SqlException]]></text>
                                      </contents>
                                      <attributes />
                                    </marker>
                                    <text><![CDATA[: ]]></text>
                                    <marker class="ExceptionMessage">
                                      <contents>
                                        <text><![CDATA[Incorrect syntax near the keyword 'ORDER'.]]></text>
                                      </contents>
                                      <attributes />
                                    </marker>
                                    <text><![CDATA[
]]></text>
                                    <marker class="ExceptionPropertyName">
                                      <contents>
                                        <text><![CDATA[Errors]]></text>
                                      </contents>
                                      <attributes />
                                    </marker>
                                    <text><![CDATA[: ]]></text>
                                    <marker class="ExceptionPropertyValue">
                                      <contents>
                                        <text><![CDATA[System.Data.SqlClient.SqlErrorCollection]]></text>
                                      </contents>
                                      <attributes />
                                    </marker>
                                    <text><![CDATA[
]]></text>
                                    <marker class="ExceptionPropertyName">
                                      <contents>
                                        <text><![CDATA[Class]]></text>
                                      </contents>
                                      <attributes />
                                    </marker>
                                    <text><![CDATA[: ]]></text>
                                    <marker class="ExceptionPropertyValue">
                                      <contents>
                                        <text><![CDATA[15]]></text>
                                      </contents>
                                      <attributes />
                                    </marker>
                                    <text><![CDATA[
]]></text>
                                    <marker class="ExceptionPropertyName">
                                      <contents>
                                        <text><![CDATA[LineNumber]]></text>
                                      </contents>
                                      <attributes />
                                    </marker>
                                    <text><![CDATA[: ]]></text>
                                    <marker class="ExceptionPropertyValue">
                                      <contents>
                                        <text><![CDATA[1]]></text>
                                      </contents>
                                      <attributes />
                                    </marker>
                                    <text><![CDATA[
]]></text>
                                    <marker class="ExceptionPropertyName">
                                      <contents>
                                        <text><![CDATA[Number]]></text>
                                      </contents>
                                      <attributes />
                                    </marker>
                                    <text><![CDATA[: ]]></text>
                                    <marker class="ExceptionPropertyValue">
                                      <contents>
                                        <text><![CDATA[156]]></text>
                                      </contents>
                                      <attributes />
                                    </marker>
                                    <text><![CDATA[
]]></text>
                                    <marker class="ExceptionPropertyName">
                                      <contents>
                                        <text><![CDATA[Procedure]]></text>
                                      </contents>
                                      <attributes />
                                    </marker>
                                    <text><![CDATA[: ]]></text>
                                    <marker class="ExceptionPropertyValue">
                                      <contents />
                                      <attributes />
                                    </marker>
                                    <text><![CDATA[
]]></text>
                                    <marker class="ExceptionPropertyName">
                                      <contents>
                                        <text><![CDATA[Server]]></text>
                                      </contents>
                                      <attributes />
                                    </marker>
                                    <text><![CDATA[: ]]></text>
                                    <marker class="ExceptionPropertyValue">
                                      <contents>
                                        <text><![CDATA[ANAXIMANDER\SQLEXPRESS]]></text>
                                      </contents>
                                      <attributes />
                                    </marker>
                                    <text><![CDATA[
]]></text>
                                    <marker class="ExceptionPropertyName">
                                      <contents>
                                        <text><![CDATA[State]]></text>
                                      </contents>
                                      <attributes />
                                    </marker>
                                    <text><![CDATA[: ]]></text>
                                    <marker class="ExceptionPropertyValue">
                                      <contents>
                                        <text><![CDATA[1]]></text>
                                      </contents>
                                      <attributes />
                                    </marker>
                                    <text><![CDATA[
]]></text>
                                    <marker class="ExceptionPropertyName">
                                      <contents>
                                        <text><![CDATA[ErrorCode]]></text>
                                      </contents>
                                      <attributes />
                                    </marker>
                                    <text><![CDATA[: ]]></text>
                                    <marker class="ExceptionPropertyValue">
                                      <contents>
                                        <text><![CDATA[-2146232060]]></text>
                                      </contents>
                                      <attributes />
                                    </marker>
                                    <text><![CDATA[
]]></text>
                                    <marker class="StackTrace">
                                      <contents>
                                        <text><![CDATA[   at System.Data.SqlClient.SqlConnection.OnError(SqlException exception, Boolean breakConnection)
   at System.Data.SqlClient.SqlInternalConnection.OnError(SqlException exception, Boolean breakConnection)
   at System.Data.SqlClient.TdsParser.ThrowExceptionAndWarning(TdsParserStateObject stateObj)
   at System.Data.SqlClient.TdsParser.Run(RunBehavior runBehavior, SqlCommand cmdHandler, SqlDataReader dataStream, BulkCopySimpleResultSet bulkCopyHandler, TdsParserStateObject stateObj)
   at System.Data.SqlClient.SqlDataReader.ConsumeMetaData()
   at System.Data.SqlClient.SqlDataReader.get_MetaData()
   at System.Data.SqlClient.SqlCommand.FinishExecuteReader(SqlDataReader ds, RunBehavior runBehavior, String resetOptionsString)
   at System.Data.SqlClient.SqlCommand.RunExecuteReaderTds(CommandBehavior cmdBehavior, RunBehavior runBehavior, Boolean returnStream, Boolean async)
   at System.Data.SqlClient.SqlCommand.RunExecuteReader(CommandBehavior cmdBehavior, RunBehavior runBehavior, Boolean returnStream, String method, DbAsyncResult result)
   at System.Data.SqlClient.SqlCommand.RunExecuteReader(CommandBehavior cmdBehavior, RunBehavior runBehavior, Boolean returnStream, String method)
   at System.Data.SqlClient.SqlCommand.ExecuteReader(CommandBehavior behavior, String method)
   at System.Data.SqlClient.SqlCommand.ExecuteDbDataReader(CommandBehavior behavior)
   at System.Data.Common.DbCommand.System.Data.IDbCommand.ExecuteReader(CommandBehavior behavior)
   at System.Data.Common.DbDataAdapter.FillInternal(DataSet dataset, DataTable[] datatables, Int32 startRecord, Int32 maxRecords, String srcTable, IDbCommand command, CommandBehavior behavior)
   at System.Data.Common.DbDataAdapter.Fill(DataSet dataSet, Int32 startRecord, Int32 maxRecords, String srcTable, IDbCommand command, CommandBehavior behavior)
   at System.Data.Common.DbDataAdapter.Fill(DataSet dataSet)
   at SubSonic.SqlDataProvider.GetDataSet[T](QueryCommand qry) in ]]></text>
                                        <marker class="CodeLocation">
                                          <contents>
                                            <text><![CDATA[C:\data\SubsonicRoot\ss2\SubSonic\DataProviders\SqlDataProvider.cs:line 438]]></text>
                                          </contents>
                                          <attributes>
                                            <attribute name="line" value="438" />
                                            <attribute name="path" value="C:\data\SubsonicRoot\ss2\SubSonic\DataProviders\SqlDataProvider.cs" />
                                          </attributes>
                                        </marker>
                                        <text><![CDATA[
   at SubSonic.DataProvider.GetDataSet(QueryCommand cmd) in ]]></text>
                                        <marker class="CodeLocation">
                                          <contents>
                                            <text><![CDATA[C:\data\SubsonicRoot\ss2\SubSonic\DataProviders\DataProvider.cs:line 786]]></text>
                                          </contents>
                                          <attributes>
                                            <attribute name="line" value="786" />
                                            <attribute name="path" value="C:\data\SubsonicRoot\ss2\SubSonic\DataProviders\DataProvider.cs" />
                                          </attributes>
                                        </marker>
                                        <text><![CDATA[
   at SubSonic.DataService.GetDataSet(QueryCommand cmd) in ]]></text>
                                        <marker class="CodeLocation">
                                          <contents>
                                            <text><![CDATA[C:\data\SubsonicRoot\ss2\SubSonic\DataProviders\DataService.cs:line 526]]></text>
                                          </contents>
                                          <attributes>
                                            <attribute name="line" value="526" />
                                            <attribute name="path" value="C:\data\SubsonicRoot\ss2\SubSonic\DataProviders\DataService.cs" />
                                          </attributes>
                                        </marker>
                                        <text><![CDATA[
   at SubSonic.Query.ExecuteDataSet() in ]]></text>
                                        <marker class="CodeLocation">
                                          <contents>
                                            <text><![CDATA[C:\data\SubsonicRoot\ss2\SubSonic\Sql Tools\Query.cs:line 1823]]></text>
                                          </contents>
                                          <attributes>
                                            <attribute name="line" value="1823" />
                                            <attribute name="path" value="C:\data\SubsonicRoot\ss2\SubSonic\Sql Tools\Query.cs" />
                                          </attributes>
                                        </marker>
                                        <text><![CDATA[
   at SubSonic.Tests.QueryTest.Query_ORDER_BY_Expression_Collection() in ]]></text>
                                        <marker class="CodeLocation">
                                          <contents>
                                            <text><![CDATA[C:\data\SubsonicRoot\ss2\SubSonic.Tests\QueryTest.cs:line 834]]></text>
                                          </contents>
                                          <attributes>
                                            <attribute name="line" value="834" />
                                            <attribute name="path" value="C:\data\SubsonicRoot\ss2\SubSonic.Tests\QueryTest.cs" />
                                          </attributes>
                                        </marker>
                                      </contents>
                                      <attributes />
                                    </marker>
                                  </contents>
                                  <attributes />
                                </marker>
                              </contents>
                            </section>
                          </contents>
                        </body>
                      </stream>
                    </streams>
                    <attachments />
                  </testLog>
                </testStepRun>
                <testStepRun startTime="2011-08-05T15:51:07.1649705+09:30" endTime="2011-08-05T15:51:07.2899705+09:30">
                  <testStep id="f4c0853f3d5802cb" name="Query_ORDER_BY_ExpressionDESC" fullName="SubSonic.Tests/QueryTest/Query_ORDER_BY_ExpressionDESC" testId="38b6b7eb43f66658" isPrimary="true" isTestCase="true" isDynamic="false">
                    <codeReference assembly="SubSonic.Tests, Version=2.2.1.0, Culture=neutral, PublicKeyToken=null" namespace="SubSonic.Tests" type="SubSonic.Tests.QueryTest" member="Query_ORDER_BY_ExpressionDESC" />
                    <codeLocation path="C:\data\SubsonicRoot\ss2\SubSonic.Tests\QueryTest.cs" line="728" />
                    <metadata>
                      <entry key="TestKind">
                        <value>Test</value>
                      </entry>
                    </metadata>
                  </testStep>
                  <children />
                  <result assertCount="0" duration="0.0206224">
                    <outcome status="failed" />
                  </result>
                  <testLog>
                    <streams>
                      <stream name="Failures">
                        <body>
                          <contents>
                            <section name="Execute">
                              <contents>
                                <marker class="Exception">
                                  <contents>
                                    <marker class="ExceptionType">
                                      <contents>
                                        <text><![CDATA[System.Data.SqlClient.SqlException]]></text>
                                      </contents>
                                      <attributes />
                                    </marker>
                                    <text><![CDATA[: ]]></text>
                                    <marker class="ExceptionMessage">
                                      <contents>
                                        <text><![CDATA[Incorrect syntax near the keyword 'ORDER'.]]></text>
                                      </contents>
                                      <attributes />
                                    </marker>
                                    <text><![CDATA[
]]></text>
                                    <marker class="ExceptionPropertyName">
                                      <contents>
                                        <text><![CDATA[Errors]]></text>
                                      </contents>
                                      <attributes />
                                    </marker>
                                    <text><![CDATA[: ]]></text>
                                    <marker class="ExceptionPropertyValue">
                                      <contents>
                                        <text><![CDATA[System.Data.SqlClient.SqlErrorCollection]]></text>
                                      </contents>
                                      <attributes />
                                    </marker>
                                    <text><![CDATA[
]]></text>
                                    <marker class="ExceptionPropertyName">
                                      <contents>
                                        <text><![CDATA[Class]]></text>
                                      </contents>
                                      <attributes />
                                    </marker>
                                    <text><![CDATA[: ]]></text>
                                    <marker class="ExceptionPropertyValue">
                                      <contents>
                                        <text><![CDATA[15]]></text>
                                      </contents>
                                      <attributes />
                                    </marker>
                                    <text><![CDATA[
]]></text>
                                    <marker class="ExceptionPropertyName">
                                      <contents>
                                        <text><![CDATA[LineNumber]]></text>
                                      </contents>
                                      <attributes />
                                    </marker>
                                    <text><![CDATA[: ]]></text>
                                    <marker class="ExceptionPropertyValue">
                                      <contents>
                                        <text><![CDATA[1]]></text>
                                      </contents>
                                      <attributes />
                                    </marker>
                                    <text><![CDATA[
]]></text>
                                    <marker class="ExceptionPropertyName">
                                      <contents>
                                        <text><![CDATA[Number]]></text>
                                      </contents>
                                      <attributes />
                                    </marker>
                                    <text><![CDATA[: ]]></text>
                                    <marker class="ExceptionPropertyValue">
                                      <contents>
                                        <text><![CDATA[156]]></text>
                                      </contents>
                                      <attributes />
                                    </marker>
                                    <text><![CDATA[
]]></text>
                                    <marker class="ExceptionPropertyName">
                                      <contents>
                                        <text><![CDATA[Procedure]]></text>
                                      </contents>
                                      <attributes />
                                    </marker>
                                    <text><![CDATA[: ]]></text>
                                    <marker class="ExceptionPropertyValue">
                                      <contents />
                                      <attributes />
                                    </marker>
                                    <text><![CDATA[
]]></text>
                                    <marker class="ExceptionPropertyName">
                                      <contents>
                                        <text><![CDATA[Server]]></text>
                                      </contents>
                                      <attributes />
                                    </marker>
                                    <text><![CDATA[: ]]></text>
                                    <marker class="ExceptionPropertyValue">
                                      <contents>
                                        <text><![CDATA[ANAXIMANDER\SQLEXPRESS]]></text>
                                      </contents>
                                      <attributes />
                                    </marker>
                                    <text><![CDATA[
]]></text>
                                    <marker class="ExceptionPropertyName">
                                      <contents>
                                        <text><![CDATA[State]]></text>
                                      </contents>
                                      <attributes />
                                    </marker>
                                    <text><![CDATA[: ]]></text>
                                    <marker class="ExceptionPropertyValue">
                                      <contents>
                                        <text><![CDATA[1]]></text>
                                      </contents>
                                      <attributes />
                                    </marker>
                                    <text><![CDATA[
]]></text>
                                    <marker class="ExceptionPropertyName">
                                      <contents>
                                        <text><![CDATA[ErrorCode]]></text>
                                      </contents>
                                      <attributes />
                                    </marker>
                                    <text><![CDATA[: ]]></text>
                                    <marker class="ExceptionPropertyValue">
                                      <contents>
                                        <text><![CDATA[-2146232060]]></text>
                                      </contents>
                                      <attributes />
                                    </marker>
                                    <text><![CDATA[
]]></text>
                                    <marker class="StackTrace">
                                      <contents>
                                        <text><![CDATA[   at System.Data.SqlClient.SqlConnection.OnError(SqlException exception, Boolean breakConnection)
   at System.Data.SqlClient.SqlInternalConnection.OnError(SqlException exception, Boolean breakConnection)
   at System.Data.SqlClient.TdsParser.ThrowExceptionAndWarning(TdsParserStateObject stateObj)
   at System.Data.SqlClient.TdsParser.Run(RunBehavior runBehavior, SqlCommand cmdHandler, SqlDataReader dataStream, BulkCopySimpleResultSet bulkCopyHandler, TdsParserStateObject stateObj)
   at System.Data.SqlClient.SqlDataReader.ConsumeMetaData()
   at System.Data.SqlClient.SqlDataReader.get_MetaData()
   at System.Data.SqlClient.SqlCommand.FinishExecuteReader(SqlDataReader ds, RunBehavior runBehavior, String resetOptionsString)
   at System.Data.SqlClient.SqlCommand.RunExecuteReaderTds(CommandBehavior cmdBehavior, RunBehavior runBehavior, Boolean returnStream, Boolean async)
   at System.Data.SqlClient.SqlCommand.RunExecuteReader(CommandBehavior cmdBehavior, RunBehavior runBehavior, Boolean returnStream, String method, DbAsyncResult result)
   at System.Data.SqlClient.SqlCommand.RunExecuteReader(CommandBehavior cmdBehavior, RunBehavior runBehavior, Boolean returnStream, String method)
   at System.Data.SqlClient.SqlCommand.ExecuteReader(CommandBehavior behavior, String method)
   at System.Data.SqlClient.SqlCommand.ExecuteDbDataReader(CommandBehavior behavior)
   at System.Data.Common.DbCommand.System.Data.IDbCommand.ExecuteReader(CommandBehavior behavior)
   at System.Data.Common.DbDataAdapter.FillInternal(DataSet dataset, DataTable[] datatables, Int32 startRecord, Int32 maxRecords, String srcTable, IDbCommand command, CommandBehavior behavior)
   at System.Data.Common.DbDataAdapter.Fill(DataSet dataSet, Int32 startRecord, Int32 maxRecords, String srcTable, IDbCommand command, CommandBehavior behavior)
   at System.Data.Common.DbDataAdapter.Fill(DataSet dataSet)
   at SubSonic.SqlDataProvider.GetDataSet[T](QueryCommand qry) in ]]></text>
                                        <marker class="CodeLocation">
                                          <contents>
                                            <text><![CDATA[C:\data\SubsonicRoot\ss2\SubSonic\DataProviders\SqlDataProvider.cs:line 438]]></text>
                                          </contents>
                                          <attributes>
                                            <attribute name="line" value="438" />
                                            <attribute name="path" value="C:\data\SubsonicRoot\ss2\SubSonic\DataProviders\SqlDataProvider.cs" />
                                          </attributes>
                                        </marker>
                                        <text><![CDATA[
   at SubSonic.DataProvider.GetDataSet(QueryCommand cmd) in ]]></text>
                                        <marker class="CodeLocation">
                                          <contents>
                                            <text><![CDATA[C:\data\SubsonicRoot\ss2\SubSonic\DataProviders\DataProvider.cs:line 786]]></text>
                                          </contents>
                                          <attributes>
                                            <attribute name="line" value="786" />
                                            <attribute name="path" value="C:\data\SubsonicRoot\ss2\SubSonic\DataProviders\DataProvider.cs" />
                                          </attributes>
                                        </marker>
                                        <text><![CDATA[
   at SubSonic.DataService.GetDataSet(QueryCommand cmd) in ]]></text>
                                        <marker class="CodeLocation">
                                          <contents>
                                            <text><![CDATA[C:\data\SubsonicRoot\ss2\SubSonic\DataProviders\DataService.cs:line 526]]></text>
                                          </contents>
                                          <attributes>
                                            <attribute name="line" value="526" />
                                            <attribute name="path" value="C:\data\SubsonicRoot\ss2\SubSonic\DataProviders\DataService.cs" />
                                          </attributes>
                                        </marker>
                                        <text><![CDATA[
   at SubSonic.Query.ExecuteDataSet() in ]]></text>
                                        <marker class="CodeLocation">
                                          <contents>
                                            <text><![CDATA[C:\data\SubsonicRoot\ss2\SubSonic\Sql Tools\Query.cs:line 1823]]></text>
                                          </contents>
                                          <attributes>
                                            <attribute name="line" value="1823" />
                                            <attribute name="path" value="C:\data\SubsonicRoot\ss2\SubSonic\Sql Tools\Query.cs" />
                                          </attributes>
                                        </marker>
                                        <text><![CDATA[
   at SubSonic.Tests.QueryTest.Query_ORDER_BY_ExpressionDESC() in ]]></text>
                                        <marker class="CodeLocation">
                                          <contents>
                                            <text><![CDATA[C:\data\SubsonicRoot\ss2\SubSonic.Tests\QueryTest.cs:line 731]]></text>
                                          </contents>
                                          <attributes>
                                            <attribute name="line" value="731" />
                                            <attribute name="path" value="C:\data\SubsonicRoot\ss2\SubSonic.Tests\QueryTest.cs" />
                                          </attributes>
                                        </marker>
                                      </contents>
                                      <attributes />
                                    </marker>
                                  </contents>
                                  <attributes />
                                </marker>
                              </contents>
                            </section>
                          </contents>
                        </body>
                      </stream>
                    </streams>
                    <attachments />
                  </testLog>
                </testStepRun>
                <testStepRun startTime="2011-08-05T15:51:07.2899705+09:30" endTime="2011-08-05T15:51:07.4149705+09:30">
                  <testStep id="64a54026ab136a9" name="Query_ORDER_BY_ExpressionDESC_Collection" fullName="SubSonic.Tests/QueryTest/Query_ORDER_BY_ExpressionDESC_Collection" testId="cdf314a8da06c440" isPrimary="true" isTestCase="true" isDynamic="false">
                    <codeReference assembly="SubSonic.Tests, Version=2.2.1.0, Culture=neutral, PublicKeyToken=null" namespace="SubSonic.Tests" type="SubSonic.Tests.QueryTest" member="Query_ORDER_BY_ExpressionDESC_Collection" />
                    <codeLocation path="C:\data\SubsonicRoot\ss2\SubSonic.Tests\QueryTest.cs" line="847" />
                    <metadata>
                      <entry key="TestKind">
                        <value>Test</value>
                      </entry>
                    </metadata>
                  </testStep>
                  <children />
                  <result assertCount="0" duration="0.0203296">
                    <outcome status="failed" />
                  </result>
                  <testLog>
                    <streams>
                      <stream name="Failures">
                        <body>
                          <contents>
                            <section name="Execute">
                              <contents>
                                <marker class="Exception">
                                  <contents>
                                    <marker class="ExceptionType">
                                      <contents>
                                        <text><![CDATA[System.Data.SqlClient.SqlException]]></text>
                                      </contents>
                                      <attributes />
                                    </marker>
                                    <text><![CDATA[: ]]></text>
                                    <marker class="ExceptionMessage">
                                      <contents>
                                        <text><![CDATA[Incorrect syntax near the keyword 'ORDER'.]]></text>
                                      </contents>
                                      <attributes />
                                    </marker>
                                    <text><![CDATA[
]]></text>
                                    <marker class="ExceptionPropertyName">
                                      <contents>
                                        <text><![CDATA[Errors]]></text>
                                      </contents>
                                      <attributes />
                                    </marker>
                                    <text><![CDATA[: ]]></text>
                                    <marker class="ExceptionPropertyValue">
                                      <contents>
                                        <text><![CDATA[System.Data.SqlClient.SqlErrorCollection]]></text>
                                      </contents>
                                      <attributes />
                                    </marker>
                                    <text><![CDATA[
]]></text>
                                    <marker class="ExceptionPropertyName">
                                      <contents>
                                        <text><![CDATA[Class]]></text>
                                      </contents>
                                      <attributes />
                                    </marker>
                                    <text><![CDATA[: ]]></text>
                                    <marker class="ExceptionPropertyValue">
                                      <contents>
                                        <text><![CDATA[15]]></text>
                                      </contents>
                                      <attributes />
                                    </marker>
                                    <text><![CDATA[
]]></text>
                                    <marker class="ExceptionPropertyName">
                                      <contents>
                                        <text><![CDATA[LineNumber]]></text>
                                      </contents>
                                      <attributes />
                                    </marker>
                                    <text><![CDATA[: ]]></text>
                                    <marker class="ExceptionPropertyValue">
                                      <contents>
                                        <text><![CDATA[1]]></text>
                                      </contents>
                                      <attributes />
                                    </marker>
                                    <text><![CDATA[
]]></text>
                                    <marker class="ExceptionPropertyName">
                                      <contents>
                                        <text><![CDATA[Number]]></text>
                                      </contents>
                                      <attributes />
                                    </marker>
                                    <text><![CDATA[: ]]></text>
                                    <marker class="ExceptionPropertyValue">
                                      <contents>
                                        <text><![CDATA[156]]></text>
                                      </contents>
                                      <attributes />
                                    </marker>
                                    <text><![CDATA[
]]></text>
                                    <marker class="ExceptionPropertyName">
                                      <contents>
                                        <text><![CDATA[Procedure]]></text>
                                      </contents>
                                      <attributes />
                                    </marker>
                                    <text><![CDATA[: ]]></text>
                                    <marker class="ExceptionPropertyValue">
                                      <contents />
                                      <attributes />
                                    </marker>
                                    <text><![CDATA[
]]></text>
                                    <marker class="ExceptionPropertyName">
                                      <contents>
                                        <text><![CDATA[Server]]></text>
                                      </contents>
                                      <attributes />
                                    </marker>
                                    <text><![CDATA[: ]]></text>
                                    <marker class="ExceptionPropertyValue">
                                      <contents>
                                        <text><![CDATA[ANAXIMANDER\SQLEXPRESS]]></text>
                                      </contents>
                                      <attributes />
                                    </marker>
                                    <text><![CDATA[
]]></text>
                                    <marker class="ExceptionPropertyName">
                                      <contents>
                                        <text><![CDATA[State]]></text>
                                      </contents>
                                      <attributes />
                                    </marker>
                                    <text><![CDATA[: ]]></text>
                                    <marker class="ExceptionPropertyValue">
                                      <contents>
                                        <text><![CDATA[1]]></text>
                                      </contents>
                                      <attributes />
                                    </marker>
                                    <text><![CDATA[
]]></text>
                                    <marker class="ExceptionPropertyName">
                                      <contents>
                                        <text><![CDATA[ErrorCode]]></text>
                                      </contents>
                                      <attributes />
                                    </marker>
                                    <text><![CDATA[: ]]></text>
                                    <marker class="ExceptionPropertyValue">
                                      <contents>
                                        <text><![CDATA[-2146232060]]></text>
                                      </contents>
                                      <attributes />
                                    </marker>
                                    <text><![CDATA[
]]></text>
                                    <marker class="StackTrace">
                                      <contents>
                                        <text><![CDATA[   at System.Data.SqlClient.SqlConnection.OnError(SqlException exception, Boolean breakConnection)
   at System.Data.SqlClient.SqlInternalConnection.OnError(SqlException exception, Boolean breakConnection)
   at System.Data.SqlClient.TdsParser.ThrowExceptionAndWarning(TdsParserStateObject stateObj)
   at System.Data.SqlClient.TdsParser.Run(RunBehavior runBehavior, SqlCommand cmdHandler, SqlDataReader dataStream, BulkCopySimpleResultSet bulkCopyHandler, TdsParserStateObject stateObj)
   at System.Data.SqlClient.SqlDataReader.ConsumeMetaData()
   at System.Data.SqlClient.SqlDataReader.get_MetaData()
   at System.Data.SqlClient.SqlCommand.FinishExecuteReader(SqlDataReader ds, RunBehavior runBehavior, String resetOptionsString)
   at System.Data.SqlClient.SqlCommand.RunExecuteReaderTds(CommandBehavior cmdBehavior, RunBehavior runBehavior, Boolean returnStream, Boolean async)
   at System.Data.SqlClient.SqlCommand.RunExecuteReader(CommandBehavior cmdBehavior, RunBehavior runBehavior, Boolean returnStream, String method, DbAsyncResult result)
   at System.Data.SqlClient.SqlCommand.RunExecuteReader(CommandBehavior cmdBehavior, RunBehavior runBehavior, Boolean returnStream, String method)
   at System.Data.SqlClient.SqlCommand.ExecuteReader(CommandBehavior behavior, String method)
   at System.Data.SqlClient.SqlCommand.ExecuteDbDataReader(CommandBehavior behavior)
   at System.Data.Common.DbCommand.System.Data.IDbCommand.ExecuteReader(CommandBehavior behavior)
   at System.Data.Common.DbDataAdapter.FillInternal(DataSet dataset, DataTable[] datatables, Int32 startRecord, Int32 maxRecords, String srcTable, IDbCommand command, CommandBehavior behavior)
   at System.Data.Common.DbDataAdapter.Fill(DataSet dataSet, Int32 startRecord, Int32 maxRecords, String srcTable, IDbCommand command, CommandBehavior behavior)
   at System.Data.Common.DbDataAdapter.Fill(DataSet dataSet)
   at SubSonic.SqlDataProvider.GetDataSet[T](QueryCommand qry) in ]]></text>
                                        <marker class="CodeLocation">
                                          <contents>
                                            <text><![CDATA[C:\data\SubsonicRoot\ss2\SubSonic\DataProviders\SqlDataProvider.cs:line 438]]></text>
                                          </contents>
                                          <attributes>
                                            <attribute name="line" value="438" />
                                            <attribute name="path" value="C:\data\SubsonicRoot\ss2\SubSonic\DataProviders\SqlDataProvider.cs" />
                                          </attributes>
                                        </marker>
                                        <text><![CDATA[
   at SubSonic.DataProvider.GetDataSet(QueryCommand cmd) in ]]></text>
                                        <marker class="CodeLocation">
                                          <contents>
                                            <text><![CDATA[C:\data\SubsonicRoot\ss2\SubSonic\DataProviders\DataProvider.cs:line 786]]></text>
                                          </contents>
                                          <attributes>
                                            <attribute name="line" value="786" />
                                            <attribute name="path" value="C:\data\SubsonicRoot\ss2\SubSonic\DataProviders\DataProvider.cs" />
                                          </attributes>
                                        </marker>
                                        <text><![CDATA[
   at SubSonic.DataService.GetDataSet(QueryCommand cmd) in ]]></text>
                                        <marker class="CodeLocation">
                                          <contents>
                                            <text><![CDATA[C:\data\SubsonicRoot\ss2\SubSonic\DataProviders\DataService.cs:line 526]]></text>
                                          </contents>
                                          <attributes>
                                            <attribute name="line" value="526" />
                                            <attribute name="path" value="C:\data\SubsonicRoot\ss2\SubSonic\DataProviders\DataService.cs" />
                                          </attributes>
                                        </marker>
                                        <text><![CDATA[
   at SubSonic.Query.ExecuteDataSet() in ]]></text>
                                        <marker class="CodeLocation">
                                          <contents>
                                            <text><![CDATA[C:\data\SubsonicRoot\ss2\SubSonic\Sql Tools\Query.cs:line 1823]]></text>
                                          </contents>
                                          <attributes>
                                            <attribute name="line" value="1823" />
                                            <attribute name="path" value="C:\data\SubsonicRoot\ss2\SubSonic\Sql Tools\Query.cs" />
                                          </attributes>
                                        </marker>
                                        <text><![CDATA[
   at SubSonic.Tests.QueryTest.Query_ORDER_BY_ExpressionDESC_Collection() in ]]></text>
                                        <marker class="CodeLocation">
                                          <contents>
                                            <text><![CDATA[C:\data\SubsonicRoot\ss2\SubSonic.Tests\QueryTest.cs:line 850]]></text>
                                          </contents>
                                          <attributes>
                                            <attribute name="line" value="850" />
                                            <attribute name="path" value="C:\data\SubsonicRoot\ss2\SubSonic.Tests\QueryTest.cs" />
                                          </attributes>
                                        </marker>
                                      </contents>
                                      <attributes />
                                    </marker>
                                  </contents>
                                  <attributes />
                                </marker>
                              </contents>
                            </section>
                          </contents>
                        </body>
                      </stream>
                    </streams>
                    <attachments />
                  </testLog>
                </testStepRun>
                <testStepRun startTime="2011-08-05T15:51:07.4305955+09:30" endTime="2011-08-05T15:51:07.5399705+09:30">
                  <testStep id="81a3ffb88344656e" name="Query_OrderBy" fullName="SubSonic.Tests/QueryTest/Query_OrderBy" testId="ac4c55aa97b4f782" isPrimary="true" isTestCase="true" isDynamic="false">
                    <codeReference assembly="SubSonic.Tests, Version=2.2.1.0, Culture=neutral, PublicKeyToken=null" namespace="SubSonic.Tests" type="SubSonic.Tests.QueryTest" member="Query_OrderBy" />
                    <codeLocation path="C:\data\SubsonicRoot\ss2\SubSonic.Tests\QueryTest.cs" line="669" />
                    <metadata>
                      <entry key="TestKind">
                        <value>Test</value>
                      </entry>
                    </metadata>
                  </testStep>
                  <children />
                  <result assertCount="0" duration="0.028354599999999997">
                    <outcome status="failed" />
                  </result>
                  <testLog>
                    <streams>
                      <stream name="Failures">
                        <body>
                          <contents>
                            <section name="Execute">
                              <contents>
                                <marker class="Exception">
                                  <contents>
                                    <marker class="ExceptionType">
                                      <contents>
                                        <text><![CDATA[System.Data.SqlClient.SqlException]]></text>
                                      </contents>
                                      <attributes />
                                    </marker>
                                    <text><![CDATA[: ]]></text>
                                    <marker class="ExceptionMessage">
                                      <contents>
                                        <text><![CDATA[Incorrect syntax near the keyword 'ORDER'.]]></text>
                                      </contents>
                                      <attributes />
                                    </marker>
                                    <text><![CDATA[
]]></text>
                                    <marker class="ExceptionPropertyName">
                                      <contents>
                                        <text><![CDATA[Errors]]></text>
                                      </contents>
                                      <attributes />
                                    </marker>
                                    <text><![CDATA[: ]]></text>
                                    <marker class="ExceptionPropertyValue">
                                      <contents>
                                        <text><![CDATA[System.Data.SqlClient.SqlErrorCollection]]></text>
                                      </contents>
                                      <attributes />
                                    </marker>
                                    <text><![CDATA[
]]></text>
                                    <marker class="ExceptionPropertyName">
                                      <contents>
                                        <text><![CDATA[Class]]></text>
                                      </contents>
                                      <attributes />
                                    </marker>
                                    <text><![CDATA[: ]]></text>
                                    <marker class="ExceptionPropertyValue">
                                      <contents>
                                        <text><![CDATA[15]]></text>
                                      </contents>
                                      <attributes />
                                    </marker>
                                    <text><![CDATA[
]]></text>
                                    <marker class="ExceptionPropertyName">
                                      <contents>
                                        <text><![CDATA[LineNumber]]></text>
                                      </contents>
                                      <attributes />
                                    </marker>
                                    <text><![CDATA[: ]]></text>
                                    <marker class="ExceptionPropertyValue">
                                      <contents>
                                        <text><![CDATA[1]]></text>
                                      </contents>
                                      <attributes />
                                    </marker>
                                    <text><![CDATA[
]]></text>
                                    <marker class="ExceptionPropertyName">
                                      <contents>
                                        <text><![CDATA[Number]]></text>
                                      </contents>
                                      <attributes />
                                    </marker>
                                    <text><![CDATA[: ]]></text>
                                    <marker class="ExceptionPropertyValue">
                                      <contents>
                                        <text><![CDATA[156]]></text>
                                      </contents>
                                      <attributes />
                                    </marker>
                                    <text><![CDATA[
]]></text>
                                    <marker class="ExceptionPropertyName">
                                      <contents>
                                        <text><![CDATA[Procedure]]></text>
                                      </contents>
                                      <attributes />
                                    </marker>
                                    <text><![CDATA[: ]]></text>
                                    <marker class="ExceptionPropertyValue">
                                      <contents />
                                      <attributes />
                                    </marker>
                                    <text><![CDATA[
]]></text>
                                    <marker class="ExceptionPropertyName">
                                      <contents>
                                        <text><![CDATA[Server]]></text>
                                      </contents>
                                      <attributes />
                                    </marker>
                                    <text><![CDATA[: ]]></text>
                                    <marker class="ExceptionPropertyValue">
                                      <contents>
                                        <text><![CDATA[ANAXIMANDER\SQLEXPRESS]]></text>
                                      </contents>
                                      <attributes />
                                    </marker>
                                    <text><![CDATA[
]]></text>
                                    <marker class="ExceptionPropertyName">
                                      <contents>
                                        <text><![CDATA[State]]></text>
                                      </contents>
                                      <attributes />
                                    </marker>
                                    <text><![CDATA[: ]]></text>
                                    <marker class="ExceptionPropertyValue">
                                      <contents>
                                        <text><![CDATA[1]]></text>
                                      </contents>
                                      <attributes />
                                    </marker>
                                    <text><![CDATA[
]]></text>
                                    <marker class="ExceptionPropertyName">
                                      <contents>
                                        <text><![CDATA[ErrorCode]]></text>
                                      </contents>
                                      <attributes />
                                    </marker>
                                    <text><![CDATA[: ]]></text>
                                    <marker class="ExceptionPropertyValue">
                                      <contents>
                                        <text><![CDATA[-2146232060]]></text>
                                      </contents>
                                      <attributes />
                                    </marker>
                                    <text><![CDATA[
]]></text>
                                    <marker class="StackTrace">
                                      <contents>
                                        <text><![CDATA[   at System.Data.SqlClient.SqlConnection.OnError(SqlException exception, Boolean breakConnection)
   at System.Data.SqlClient.SqlInternalConnection.OnError(SqlException exception, Boolean breakConnection)
   at System.Data.SqlClient.TdsParser.ThrowExceptionAndWarning(TdsParserStateObject stateObj)
   at System.Data.SqlClient.TdsParser.Run(RunBehavior runBehavior, SqlCommand cmdHandler, SqlDataReader dataStream, BulkCopySimpleResultSet bulkCopyHandler, TdsParserStateObject stateObj)
   at System.Data.SqlClient.SqlDataReader.ConsumeMetaData()
   at System.Data.SqlClient.SqlDataReader.get_MetaData()
   at System.Data.SqlClient.SqlCommand.FinishExecuteReader(SqlDataReader ds, RunBehavior runBehavior, String resetOptionsString)
   at System.Data.SqlClient.SqlCommand.RunExecuteReaderTds(CommandBehavior cmdBehavior, RunBehavior runBehavior, Boolean returnStream, Boolean async)
   at System.Data.SqlClient.SqlCommand.RunExecuteReader(CommandBehavior cmdBehavior, RunBehavior runBehavior, Boolean returnStream, String method, DbAsyncResult result)
   at System.Data.SqlClient.SqlCommand.RunExecuteReader(CommandBehavior cmdBehavior, RunBehavior runBehavior, Boolean returnStream, String method)
   at System.Data.SqlClient.SqlCommand.ExecuteReader(CommandBehavior behavior, String method)
   at System.Data.SqlClient.SqlCommand.ExecuteDbDataReader(CommandBehavior behavior)
   at System.Data.Common.DbCommand.System.Data.IDbCommand.ExecuteReader(CommandBehavior behavior)
   at System.Data.Common.DbDataAdapter.FillInternal(DataSet dataset, DataTable[] datatables, Int32 startRecord, Int32 maxRecords, String srcTable, IDbCommand command, CommandBehavior behavior)
   at System.Data.Common.DbDataAdapter.Fill(DataSet dataSet, Int32 startRecord, Int32 maxRecords, String srcTable, IDbCommand command, CommandBehavior behavior)
   at System.Data.Common.DbDataAdapter.Fill(DataSet dataSet)
   at SubSonic.SqlDataProvider.GetDataSet[T](QueryCommand qry) in ]]></text>
                                        <marker class="CodeLocation">
                                          <contents>
                                            <text><![CDATA[C:\data\SubsonicRoot\ss2\SubSonic\DataProviders\SqlDataProvider.cs:line 438]]></text>
                                          </contents>
                                          <attributes>
                                            <attribute name="line" value="438" />
                                            <attribute name="path" value="C:\data\SubsonicRoot\ss2\SubSonic\DataProviders\SqlDataProvider.cs" />
                                          </attributes>
                                        </marker>
                                        <text><![CDATA[
   at SubSonic.DataProvider.GetDataSet(QueryCommand cmd) in ]]></text>
                                        <marker class="CodeLocation">
                                          <contents>
                                            <text><![CDATA[C:\data\SubsonicRoot\ss2\SubSonic\DataProviders\DataProvider.cs:line 786]]></text>
                                          </contents>
                                          <attributes>
                                            <attribute name="line" value="786" />
                                            <attribute name="path" value="C:\data\SubsonicRoot\ss2\SubSonic\DataProviders\DataProvider.cs" />
                                          </attributes>
                                        </marker>
                                        <text><![CDATA[
   at SubSonic.DataService.GetDataSet(QueryCommand cmd) in ]]></text>
                                        <marker class="CodeLocation">
                                          <contents>
                                            <text><![CDATA[C:\data\SubsonicRoot\ss2\SubSonic\DataProviders\DataService.cs:line 526]]></text>
                                          </contents>
                                          <attributes>
                                            <attribute name="line" value="526" />
                                            <attribute name="path" value="C:\data\SubsonicRoot\ss2\SubSonic\DataProviders\DataService.cs" />
                                          </attributes>
                                        </marker>
                                        <text><![CDATA[
   at SubSonic.Query.ExecuteDataSet() in ]]></text>
                                        <marker class="CodeLocation">
                                          <contents>
                                            <text><![CDATA[C:\data\SubsonicRoot\ss2\SubSonic\Sql Tools\Query.cs:line 1823]]></text>
                                          </contents>
                                          <attributes>
                                            <attribute name="line" value="1823" />
                                            <attribute name="path" value="C:\data\SubsonicRoot\ss2\SubSonic\Sql Tools\Query.cs" />
                                          </attributes>
                                        </marker>
                                        <text><![CDATA[
   at SubSonic.Tests.QueryTest.Query_OrderBy() in ]]></text>
                                        <marker class="CodeLocation">
                                          <contents>
                                            <text><![CDATA[C:\data\SubsonicRoot\ss2\SubSonic.Tests\QueryTest.cs:line 674]]></text>
                                          </contents>
                                          <attributes>
                                            <attribute name="line" value="674" />
                                            <attribute name="path" value="C:\data\SubsonicRoot\ss2\SubSonic.Tests\QueryTest.cs" />
                                          </attributes>
                                        </marker>
                                      </contents>
                                      <attributes />
                                    </marker>
                                  </contents>
                                  <attributes />
                                </marker>
                              </contents>
                            </section>
                          </contents>
                        </body>
                      </stream>
                    </streams>
                    <attachments />
                  </testLog>
                </testStepRun>
                <testStepRun startTime="2011-08-05T15:51:07.5555955+09:30" endTime="2011-08-05T15:51:07.6649705+09:30">
                  <testStep id="3106afdd2d9eccb0" name="Query_OrderByCollection" fullName="SubSonic.Tests/QueryTest/Query_OrderByCollection" testId="7fad8bfcd35f9aeb" isPrimary="true" isTestCase="true" isDynamic="false">
                    <codeReference assembly="SubSonic.Tests, Version=2.2.1.0, Culture=neutral, PublicKeyToken=null" namespace="SubSonic.Tests" type="SubSonic.Tests.QueryTest" member="Query_OrderByCollection" />
                    <codeLocation path="C:\data\SubsonicRoot\ss2\SubSonic.Tests\QueryTest.cs" line="652" />
                    <metadata>
                      <entry key="TestKind">
                        <value>Test</value>
                      </entry>
                    </metadata>
                  </testStep>
                  <children />
                  <result assertCount="0" duration="0.0168501">
                    <outcome status="failed" />
                  </result>
                  <testLog>
                    <streams>
                      <stream name="Failures">
                        <body>
                          <contents>
                            <section name="Execute">
                              <contents>
                                <marker class="Exception">
                                  <contents>
                                    <marker class="ExceptionType">
                                      <contents>
                                        <text><![CDATA[System.Data.SqlClient.SqlException]]></text>
                                      </contents>
                                      <attributes />
                                    </marker>
                                    <text><![CDATA[: ]]></text>
                                    <marker class="ExceptionMessage">
                                      <contents>
                                        <text><![CDATA[Incorrect syntax near the keyword 'ORDER'.]]></text>
                                      </contents>
                                      <attributes />
                                    </marker>
                                    <text><![CDATA[
]]></text>
                                    <marker class="ExceptionPropertyName">
                                      <contents>
                                        <text><![CDATA[Errors]]></text>
                                      </contents>
                                      <attributes />
                                    </marker>
                                    <text><![CDATA[: ]]></text>
                                    <marker class="ExceptionPropertyValue">
                                      <contents>
                                        <text><![CDATA[System.Data.SqlClient.SqlErrorCollection]]></text>
                                      </contents>
                                      <attributes />
                                    </marker>
                                    <text><![CDATA[
]]></text>
                                    <marker class="ExceptionPropertyName">
                                      <contents>
                                        <text><![CDATA[Class]]></text>
                                      </contents>
                                      <attributes />
                                    </marker>
                                    <text><![CDATA[: ]]></text>
                                    <marker class="ExceptionPropertyValue">
                                      <contents>
                                        <text><![CDATA[15]]></text>
                                      </contents>
                                      <attributes />
                                    </marker>
                                    <text><![CDATA[
]]></text>
                                    <marker class="ExceptionPropertyName">
                                      <contents>
                                        <text><![CDATA[LineNumber]]></text>
                                      </contents>
                                      <attributes />
                                    </marker>
                                    <text><![CDATA[: ]]></text>
                                    <marker class="ExceptionPropertyValue">
                                      <contents>
                                        <text><![CDATA[1]]></text>
                                      </contents>
                                      <attributes />
                                    </marker>
                                    <text><![CDATA[
]]></text>
                                    <marker class="ExceptionPropertyName">
                                      <contents>
                                        <text><![CDATA[Number]]></text>
                                      </contents>
                                      <attributes />
                                    </marker>
                                    <text><![CDATA[: ]]></text>
                                    <marker class="ExceptionPropertyValue">
                                      <contents>
                                        <text><![CDATA[156]]></text>
                                      </contents>
                                      <attributes />
                                    </marker>
                                    <text><![CDATA[
]]></text>
                                    <marker class="ExceptionPropertyName">
                                      <contents>
                                        <text><![CDATA[Procedure]]></text>
                                      </contents>
                                      <attributes />
                                    </marker>
                                    <text><![CDATA[: ]]></text>
                                    <marker class="ExceptionPropertyValue">
                                      <contents />
                                      <attributes />
                                    </marker>
                                    <text><![CDATA[
]]></text>
                                    <marker class="ExceptionPropertyName">
                                      <contents>
                                        <text><![CDATA[Server]]></text>
                                      </contents>
                                      <attributes />
                                    </marker>
                                    <text><![CDATA[: ]]></text>
                                    <marker class="ExceptionPropertyValue">
                                      <contents>
                                        <text><![CDATA[ANAXIMANDER\SQLEXPRESS]]></text>
                                      </contents>
                                      <attributes />
                                    </marker>
                                    <text><![CDATA[
]]></text>
                                    <marker class="ExceptionPropertyName">
                                      <contents>
                                        <text><![CDATA[State]]></text>
                                      </contents>
                                      <attributes />
                                    </marker>
                                    <text><![CDATA[: ]]></text>
                                    <marker class="ExceptionPropertyValue">
                                      <contents>
                                        <text><![CDATA[1]]></text>
                                      </contents>
                                      <attributes />
                                    </marker>
                                    <text><![CDATA[
]]></text>
                                    <marker class="ExceptionPropertyName">
                                      <contents>
                                        <text><![CDATA[ErrorCode]]></text>
                                      </contents>
                                      <attributes />
                                    </marker>
                                    <text><![CDATA[: ]]></text>
                                    <marker class="ExceptionPropertyValue">
                                      <contents>
                                        <text><![CDATA[-2146232060]]></text>
                                      </contents>
                                      <attributes />
                                    </marker>
                                    <text><![CDATA[
]]></text>
                                    <marker class="StackTrace">
                                      <contents>
                                        <text><![CDATA[   at System.Data.SqlClient.SqlConnection.OnError(SqlException exception, Boolean breakConnection)
   at System.Data.SqlClient.SqlInternalConnection.OnError(SqlException exception, Boolean breakConnection)
   at System.Data.SqlClient.TdsParser.ThrowExceptionAndWarning(TdsParserStateObject stateObj)
   at System.Data.SqlClient.TdsParser.Run(RunBehavior runBehavior, SqlCommand cmdHandler, SqlDataReader dataStream, BulkCopySimpleResultSet bulkCopyHandler, TdsParserStateObject stateObj)
   at System.Data.SqlClient.SqlDataReader.ConsumeMetaData()
   at System.Data.SqlClient.SqlDataReader.get_MetaData()
   at System.Data.SqlClient.SqlCommand.FinishExecuteReader(SqlDataReader ds, RunBehavior runBehavior, String resetOptionsString)
   at System.Data.SqlClient.SqlCommand.RunExecuteReaderTds(CommandBehavior cmdBehavior, RunBehavior runBehavior, Boolean returnStream, Boolean async)
   at System.Data.SqlClient.SqlCommand.RunExecuteReader(CommandBehavior cmdBehavior, RunBehavior runBehavior, Boolean returnStream, String method, DbAsyncResult result)
   at System.Data.SqlClient.SqlCommand.RunExecuteReader(CommandBehavior cmdBehavior, RunBehavior runBehavior, Boolean returnStream, String method)
   at System.Data.SqlClient.SqlCommand.ExecuteReader(CommandBehavior behavior, String method)
   at System.Data.SqlClient.SqlCommand.ExecuteDbDataReader(CommandBehavior behavior)
   at System.Data.Common.DbCommand.System.Data.IDbCommand.ExecuteReader(CommandBehavior behavior)
   at System.Data.Common.DbDataAdapter.FillInternal(DataSet dataset, DataTable[] datatables, Int32 startRecord, Int32 maxRecords, String srcTable, IDbCommand command, CommandBehavior behavior)
   at System.Data.Common.DbDataAdapter.Fill(DataSet dataSet, Int32 startRecord, Int32 maxRecords, String srcTable, IDbCommand command, CommandBehavior behavior)
   at System.Data.Common.DbDataAdapter.Fill(DataSet dataSet)
   at SubSonic.SqlDataProvider.GetDataSet[T](QueryCommand qry) in ]]></text>
                                        <marker class="CodeLocation">
                                          <contents>
                                            <text><![CDATA[C:\data\SubsonicRoot\ss2\SubSonic\DataProviders\SqlDataProvider.cs:line 438]]></text>
                                          </contents>
                                          <attributes>
                                            <attribute name="line" value="438" />
                                            <attribute name="path" value="C:\data\SubsonicRoot\ss2\SubSonic\DataProviders\SqlDataProvider.cs" />
                                          </attributes>
                                        </marker>
                                        <text><![CDATA[
   at SubSonic.DataProvider.GetDataSet(QueryCommand cmd) in ]]></text>
                                        <marker class="CodeLocation">
                                          <contents>
                                            <text><![CDATA[C:\data\SubsonicRoot\ss2\SubSonic\DataProviders\DataProvider.cs:line 786]]></text>
                                          </contents>
                                          <attributes>
                                            <attribute name="line" value="786" />
                                            <attribute name="path" value="C:\data\SubsonicRoot\ss2\SubSonic\DataProviders\DataProvider.cs" />
                                          </attributes>
                                        </marker>
                                        <text><![CDATA[
   at SubSonic.DataService.GetDataSet(QueryCommand cmd) in ]]></text>
                                        <marker class="CodeLocation">
                                          <contents>
                                            <text><![CDATA[C:\data\SubsonicRoot\ss2\SubSonic\DataProviders\DataService.cs:line 526]]></text>
                                          </contents>
                                          <attributes>
                                            <attribute name="line" value="526" />
                                            <attribute name="path" value="C:\data\SubsonicRoot\ss2\SubSonic\DataProviders\DataService.cs" />
                                          </attributes>
                                        </marker>
                                        <text><![CDATA[
   at SubSonic.Query.ExecuteDataSet() in ]]></text>
                                        <marker class="CodeLocation">
                                          <contents>
                                            <text><![CDATA[C:\data\SubsonicRoot\ss2\SubSonic\Sql Tools\Query.cs:line 1823]]></text>
                                          </contents>
                                          <attributes>
                                            <attribute name="line" value="1823" />
                                            <attribute name="path" value="C:\data\SubsonicRoot\ss2\SubSonic\Sql Tools\Query.cs" />
                                          </attributes>
                                        </marker>
                                        <text><![CDATA[
   at SubSonic.Tests.QueryTest.Query_OrderByCollection() in ]]></text>
                                        <marker class="CodeLocation">
                                          <contents>
                                            <text><![CDATA[C:\data\SubsonicRoot\ss2\SubSonic.Tests\QueryTest.cs:line 658]]></text>
                                          </contents>
                                          <attributes>
                                            <attribute name="line" value="658" />
                                            <attribute name="path" value="C:\data\SubsonicRoot\ss2\SubSonic.Tests\QueryTest.cs" />
                                          </attributes>
                                        </marker>
                                      </contents>
                                      <attributes />
                                    </marker>
                                  </contents>
                                  <attributes />
                                </marker>
                              </contents>
                            </section>
                          </contents>
                        </body>
                      </stream>
                    </streams>
                    <attachments />
                  </testLog>
                </testStepRun>
                <testStepRun startTime="2011-08-05T15:51:07.6805955+09:30" endTime="2011-08-05T15:51:07.8212205+09:30">
                  <testStep id="11a374fd856ed602" name="Query_PagingTest_Table" fullName="SubSonic.Tests/QueryTest/Query_PagingTest_Table" testId="5a81c6d8dc67efba" isPrimary="true" isTestCase="true" isDynamic="false">
                    <codeReference assembly="SubSonic.Tests, Version=2.2.1.0, Culture=neutral, PublicKeyToken=null" namespace="SubSonic.Tests" type="SubSonic.Tests.QueryTest" member="Query_PagingTest_Table" />
                    <codeLocation path="C:\data\SubsonicRoot\ss2\SubSonic.Tests\QueryTest.cs" line="390" />
                    <metadata>
                      <entry key="TestKind">
                        <value>Test</value>
                      </entry>
                    </metadata>
                  </testStep>
                  <children />
                  <result assertCount="0" duration="0.0568372">
                    <outcome status="failed" />
                  </result>
                  <testLog>
                    <streams>
                      <stream name="Failures">
                        <body>
                          <contents>
                            <section name="Execute">
                              <contents>
                                <marker class="Exception">
                                  <contents>
                                    <marker class="ExceptionType">
                                      <contents>
                                        <text><![CDATA[System.Data.SqlClient.SqlException]]></text>
                                      </contents>
                                      <attributes />
                                    </marker>
                                    <text><![CDATA[: ]]></text>
                                    <marker class="ExceptionMessage">
                                      <contents>
                                        <text><![CDATA[Incorrect syntax near the keyword 'ORDER'.
Incorrect syntax near the keyword 'ORDER'.]]></text>
                                      </contents>
                                      <attributes />
                                    </marker>
                                    <text><![CDATA[
]]></text>
                                    <marker class="ExceptionPropertyName">
                                      <contents>
                                        <text><![CDATA[Errors]]></text>
                                      </contents>
                                      <attributes />
                                    </marker>
                                    <text><![CDATA[: ]]></text>
                                    <marker class="ExceptionPropertyValue">
                                      <contents>
                                        <text><![CDATA[System.Data.SqlClient.SqlErrorCollection]]></text>
                                      </contents>
                                      <attributes />
                                    </marker>
                                    <text><![CDATA[
]]></text>
                                    <marker class="ExceptionPropertyName">
                                      <contents>
                                        <text><![CDATA[Class]]></text>
                                      </contents>
                                      <attributes />
                                    </marker>
                                    <text><![CDATA[: ]]></text>
                                    <marker class="ExceptionPropertyValue">
                                      <contents>
                                        <text><![CDATA[15]]></text>
                                      </contents>
                                      <attributes />
                                    </marker>
                                    <text><![CDATA[
]]></text>
                                    <marker class="ExceptionPropertyName">
                                      <contents>
                                        <text><![CDATA[LineNumber]]></text>
                                      </contents>
                                      <attributes />
                                    </marker>
                                    <text><![CDATA[: ]]></text>
                                    <marker class="ExceptionPropertyValue">
                                      <contents>
                                        <text><![CDATA[23]]></text>
                                      </contents>
                                      <attributes />
                                    </marker>
                                    <text><![CDATA[
]]></text>
                                    <marker class="ExceptionPropertyName">
                                      <contents>
                                        <text><![CDATA[Number]]></text>
                                      </contents>
                                      <attributes />
                                    </marker>
                                    <text><![CDATA[: ]]></text>
                                    <marker class="ExceptionPropertyValue">
                                      <contents>
                                        <text><![CDATA[156]]></text>
                                      </contents>
                                      <attributes />
                                    </marker>
                                    <text><![CDATA[
]]></text>
                                    <marker class="ExceptionPropertyName">
                                      <contents>
                                        <text><![CDATA[Procedure]]></text>
                                      </contents>
                                      <attributes />
                                    </marker>
                                    <text><![CDATA[: ]]></text>
                                    <marker class="ExceptionPropertyValue">
                                      <contents />
                                      <attributes />
                                    </marker>
                                    <text><![CDATA[
]]></text>
                                    <marker class="ExceptionPropertyName">
                                      <contents>
                                        <text><![CDATA[Server]]></text>
                                      </contents>
                                      <attributes />
                                    </marker>
                                    <text><![CDATA[: ]]></text>
                                    <marker class="ExceptionPropertyValue">
                                      <contents>
                                        <text><![CDATA[ANAXIMANDER\SQLEXPRESS]]></text>
                                      </contents>
                                      <attributes />
                                    </marker>
                                    <text><![CDATA[
]]></text>
                                    <marker class="ExceptionPropertyName">
                                      <contents>
                                        <text><![CDATA[State]]></text>
                                      </contents>
                                      <attributes />
                                    </marker>
                                    <text><![CDATA[: ]]></text>
                                    <marker class="ExceptionPropertyValue">
                                      <contents>
                                        <text><![CDATA[1]]></text>
                                      </contents>
                                      <attributes />
                                    </marker>
                                    <text><![CDATA[
]]></text>
                                    <marker class="ExceptionPropertyName">
                                      <contents>
                                        <text><![CDATA[ErrorCode]]></text>
                                      </contents>
                                      <attributes />
                                    </marker>
                                    <text><![CDATA[: ]]></text>
                                    <marker class="ExceptionPropertyValue">
                                      <contents>
                                        <text><![CDATA[-2146232060]]></text>
                                      </contents>
                                      <attributes />
                                    </marker>
                                    <text><![CDATA[
]]></text>
                                    <marker class="StackTrace">
                                      <contents>
                                        <text><![CDATA[   at System.Data.SqlClient.SqlConnection.OnError(SqlException exception, Boolean breakConnection)
   at System.Data.SqlClient.SqlInternalConnection.OnError(SqlException exception, Boolean breakConnection)
   at System.Data.SqlClient.TdsParser.ThrowExceptionAndWarning(TdsParserStateObject stateObj)
   at System.Data.SqlClient.TdsParser.Run(RunBehavior runBehavior, SqlCommand cmdHandler, SqlDataReader dataStream, BulkCopySimpleResultSet bulkCopyHandler, TdsParserStateObject stateObj)
   at System.Data.SqlClient.SqlDataReader.ConsumeMetaData()
   at System.Data.SqlClient.SqlDataReader.get_MetaData()
   at System.Data.SqlClient.SqlCommand.FinishExecuteReader(SqlDataReader ds, RunBehavior runBehavior, String resetOptionsString)
   at System.Data.SqlClient.SqlCommand.RunExecuteReaderTds(CommandBehavior cmdBehavior, RunBehavior runBehavior, Boolean returnStream, Boolean async)
   at System.Data.SqlClient.SqlCommand.RunExecuteReader(CommandBehavior cmdBehavior, RunBehavior runBehavior, Boolean returnStream, String method, DbAsyncResult result)
   at System.Data.SqlClient.SqlCommand.RunExecuteReader(CommandBehavior cmdBehavior, RunBehavior runBehavior, Boolean returnStream, String method)
   at System.Data.SqlClient.SqlCommand.ExecuteReader(CommandBehavior behavior, String method)
   at System.Data.SqlClient.SqlCommand.ExecuteReader(CommandBehavior behavior)
   at SubSonic.SqlDataProvider.GetReader(QueryCommand qry) in ]]></text>
                                        <marker class="CodeLocation">
                                          <contents>
                                            <text><![CDATA[C:\data\SubsonicRoot\ss2\SubSonic\DataProviders\SqlDataProvider.cs:line 384]]></text>
                                          </contents>
                                          <attributes>
                                            <attribute name="line" value="384" />
                                            <attribute name="path" value="C:\data\SubsonicRoot\ss2\SubSonic\DataProviders\SqlDataProvider.cs" />
                                          </attributes>
                                        </marker>
                                        <text><![CDATA[
   at SubSonic.DataService.GetReader(QueryCommand cmd) in ]]></text>
                                        <marker class="CodeLocation">
                                          <contents>
                                            <text><![CDATA[C:\data\SubsonicRoot\ss2\SubSonic\DataProviders\DataService.cs:line 506]]></text>
                                          </contents>
                                          <attributes>
                                            <attribute name="line" value="506" />
                                            <attribute name="path" value="C:\data\SubsonicRoot\ss2\SubSonic\DataProviders\DataService.cs" />
                                          </attributes>
                                        </marker>
                                        <text><![CDATA[
   at SubSonic.Query.ExecuteReader() in ]]></text>
                                        <marker class="CodeLocation">
                                          <contents>
                                            <text><![CDATA[C:\data\SubsonicRoot\ss2\SubSonic\Sql Tools\Query.cs:line 1814]]></text>
                                          </contents>
                                          <attributes>
                                            <attribute name="line" value="1814" />
                                            <attribute name="path" value="C:\data\SubsonicRoot\ss2\SubSonic\Sql Tools\Query.cs" />
                                          </attributes>
                                        </marker>
                                        <text><![CDATA[
   at SubSonic.Tests.QueryTest.Query_PagingTest_Table() in ]]></text>
                                        <marker class="CodeLocation">
                                          <contents>
                                            <text><![CDATA[C:\data\SubsonicRoot\ss2\SubSonic.Tests\QueryTest.cs:line 396]]></text>
                                          </contents>
                                          <attributes>
                                            <attribute name="line" value="396" />
                                            <attribute name="path" value="C:\data\SubsonicRoot\ss2\SubSonic.Tests\QueryTest.cs" />
                                          </attributes>
                                        </marker>
                                      </contents>
                                      <attributes />
                                    </marker>
                                  </contents>
                                  <attributes />
                                </marker>
                              </contents>
                            </section>
                          </contents>
                        </body>
                      </stream>
                    </streams>
                    <attachments />
                  </testLog>
                </testStepRun>
                <testStepRun startTime="2011-08-05T15:51:07.8212205+09:30" endTime="2011-08-05T15:51:07.9305955+09:30">
                  <testStep id="66aafea279ac7222" name="Query_PagingTest_View" fullName="SubSonic.Tests/QueryTest/Query_PagingTest_View" testId="cdc4703821199e54" isPrimary="true" isTestCase="true" isDynamic="false">
                    <codeReference assembly="SubSonic.Tests, Version=2.2.1.0, Culture=neutral, PublicKeyToken=null" namespace="SubSonic.Tests" type="SubSonic.Tests.QueryTest" member="Query_PagingTest_View" />
                    <codeLocation path="C:\data\SubsonicRoot\ss2\SubSonic.Tests\QueryTest.cs" line="411" />
                    <metadata>
                      <entry key="TestKind">
                        <value>Test</value>
                      </entry>
                    </metadata>
                  </testStep>
                  <children />
                  <result assertCount="0" duration="0.0203665">
                    <outcome status="failed" />
                  </result>
                  <testLog>
                    <streams>
                      <stream name="Failures">
                        <body>
                          <contents>
                            <section name="Execute">
                              <contents>
                                <marker class="Exception">
                                  <contents>
                                    <marker class="ExceptionType">
                                      <contents>
                                        <text><![CDATA[System.Data.SqlClient.SqlException]]></text>
                                      </contents>
                                      <attributes />
                                    </marker>
                                    <text><![CDATA[: ]]></text>
                                    <marker class="ExceptionMessage">
                                      <contents>
                                        <text><![CDATA[Incorrect syntax near the keyword 'ORDER'.]]></text>
                                      </contents>
                                      <attributes />
                                    </marker>
                                    <text><![CDATA[
]]></text>
                                    <marker class="ExceptionPropertyName">
                                      <contents>
                                        <text><![CDATA[Errors]]></text>
                                      </contents>
                                      <attributes />
                                    </marker>
                                    <text><![CDATA[: ]]></text>
                                    <marker class="ExceptionPropertyValue">
                                      <contents>
                                        <text><![CDATA[System.Data.SqlClient.SqlErrorCollection]]></text>
                                      </contents>
                                      <attributes />
                                    </marker>
                                    <text><![CDATA[
]]></text>
                                    <marker class="ExceptionPropertyName">
                                      <contents>
                                        <text><![CDATA[Class]]></text>
                                      </contents>
                                      <attributes />
                                    </marker>
                                    <text><![CDATA[: ]]></text>
                                    <marker class="ExceptionPropertyValue">
                                      <contents>
                                        <text><![CDATA[15]]></text>
                                      </contents>
                                      <attributes />
                                    </marker>
                                    <text><![CDATA[
]]></text>
                                    <marker class="ExceptionPropertyName">
                                      <contents>
                                        <text><![CDATA[LineNumber]]></text>
                                      </contents>
                                      <attributes />
                                    </marker>
                                    <text><![CDATA[: ]]></text>
                                    <marker class="ExceptionPropertyValue">
                                      <contents>
                                        <text><![CDATA[11]]></text>
                                      </contents>
                                      <attributes />
                                    </marker>
                                    <text><![CDATA[
]]></text>
                                    <marker class="ExceptionPropertyName">
                                      <contents>
                                        <text><![CDATA[Number]]></text>
                                      </contents>
                                      <attributes />
                                    </marker>
                                    <text><![CDATA[: ]]></text>
                                    <marker class="ExceptionPropertyValue">
                                      <contents>
                                        <text><![CDATA[156]]></text>
                                      </contents>
                                      <attributes />
                                    </marker>
                                    <text><![CDATA[
]]></text>
                                    <marker class="ExceptionPropertyName">
                                      <contents>
                                        <text><![CDATA[Procedure]]></text>
                                      </contents>
                                      <attributes />
                                    </marker>
                                    <text><![CDATA[: ]]></text>
                                    <marker class="ExceptionPropertyValue">
                                      <contents />
                                      <attributes />
                                    </marker>
                                    <text><![CDATA[
]]></text>
                                    <marker class="ExceptionPropertyName">
                                      <contents>
                                        <text><![CDATA[Server]]></text>
                                      </contents>
                                      <attributes />
                                    </marker>
                                    <text><![CDATA[: ]]></text>
                                    <marker class="ExceptionPropertyValue">
                                      <contents>
                                        <text><![CDATA[ANAXIMANDER\SQLEXPRESS]]></text>
                                      </contents>
                                      <attributes />
                                    </marker>
                                    <text><![CDATA[
]]></text>
                                    <marker class="ExceptionPropertyName">
                                      <contents>
                                        <text><![CDATA[State]]></text>
                                      </contents>
                                      <attributes />
                                    </marker>
                                    <text><![CDATA[: ]]></text>
                                    <marker class="ExceptionPropertyValue">
                                      <contents>
                                        <text><![CDATA[1]]></text>
                                      </contents>
                                      <attributes />
                                    </marker>
                                    <text><![CDATA[
]]></text>
                                    <marker class="ExceptionPropertyName">
                                      <contents>
                                        <text><![CDATA[ErrorCode]]></text>
                                      </contents>
                                      <attributes />
                                    </marker>
                                    <text><![CDATA[: ]]></text>
                                    <marker class="ExceptionPropertyValue">
                                      <contents>
                                        <text><![CDATA[-2146232060]]></text>
                                      </contents>
                                      <attributes />
                                    </marker>
                                    <text><![CDATA[
]]></text>
                                    <marker class="StackTrace">
                                      <contents>
                                        <text><![CDATA[   at System.Data.SqlClient.SqlConnection.OnError(SqlException exception, Boolean breakConnection)
   at System.Data.SqlClient.SqlInternalConnection.OnError(SqlException exception, Boolean breakConnection)
   at System.Data.SqlClient.TdsParser.ThrowExceptionAndWarning(TdsParserStateObject stateObj)
   at System.Data.SqlClient.TdsParser.Run(RunBehavior runBehavior, SqlCommand cmdHandler, SqlDataReader dataStream, BulkCopySimpleResultSet bulkCopyHandler, TdsParserStateObject stateObj)
   at System.Data.SqlClient.SqlDataReader.ConsumeMetaData()
   at System.Data.SqlClient.SqlDataReader.get_MetaData()
   at System.Data.SqlClient.SqlCommand.FinishExecuteReader(SqlDataReader ds, RunBehavior runBehavior, String resetOptionsString)
   at System.Data.SqlClient.SqlCommand.RunExecuteReaderTds(CommandBehavior cmdBehavior, RunBehavior runBehavior, Boolean returnStream, Boolean async)
   at System.Data.SqlClient.SqlCommand.RunExecuteReader(CommandBehavior cmdBehavior, RunBehavior runBehavior, Boolean returnStream, String method, DbAsyncResult result)
   at System.Data.SqlClient.SqlCommand.RunExecuteReader(CommandBehavior cmdBehavior, RunBehavior runBehavior, Boolean returnStream, String method)
   at System.Data.SqlClient.SqlCommand.ExecuteReader(CommandBehavior behavior, String method)
   at System.Data.SqlClient.SqlCommand.ExecuteReader(CommandBehavior behavior)
   at SubSonic.SqlDataProvider.GetReader(QueryCommand qry) in ]]></text>
                                        <marker class="CodeLocation">
                                          <contents>
                                            <text><![CDATA[C:\data\SubsonicRoot\ss2\SubSonic\DataProviders\SqlDataProvider.cs:line 384]]></text>
                                          </contents>
                                          <attributes>
                                            <attribute name="line" value="384" />
                                            <attribute name="path" value="C:\data\SubsonicRoot\ss2\SubSonic\DataProviders\SqlDataProvider.cs" />
                                          </attributes>
                                        </marker>
                                        <text><![CDATA[
   at SubSonic.DataService.GetReader(QueryCommand cmd) in ]]></text>
                                        <marker class="CodeLocation">
                                          <contents>
                                            <text><![CDATA[C:\data\SubsonicRoot\ss2\SubSonic\DataProviders\DataService.cs:line 506]]></text>
                                          </contents>
                                          <attributes>
                                            <attribute name="line" value="506" />
                                            <attribute name="path" value="C:\data\SubsonicRoot\ss2\SubSonic\DataProviders\DataService.cs" />
                                          </attributes>
                                        </marker>
                                        <text><![CDATA[
   at SubSonic.Query.ExecuteReader() in ]]></text>
                                        <marker class="CodeLocation">
                                          <contents>
                                            <text><![CDATA[C:\data\SubsonicRoot\ss2\SubSonic\Sql Tools\Query.cs:line 1814]]></text>
                                          </contents>
                                          <attributes>
                                            <attribute name="line" value="1814" />
                                            <attribute name="path" value="C:\data\SubsonicRoot\ss2\SubSonic\Sql Tools\Query.cs" />
                                          </attributes>
                                        </marker>
                                        <text><![CDATA[
   at SubSonic.Tests.QueryTest.Query_PagingTest_View() in ]]></text>
                                        <marker class="CodeLocation">
                                          <contents>
                                            <text><![CDATA[C:\data\SubsonicRoot\ss2\SubSonic.Tests\QueryTest.cs:line 417]]></text>
                                          </contents>
                                          <attributes>
                                            <attribute name="line" value="417" />
                                            <attribute name="path" value="C:\data\SubsonicRoot\ss2\SubSonic.Tests\QueryTest.cs" />
                                          </attributes>
                                        </marker>
                                      </contents>
                                      <attributes />
                                    </marker>
                                  </contents>
                                  <attributes />
                                </marker>
                              </contents>
                            </section>
                          </contents>
                        </body>
                      </stream>
                    </streams>
                    <attachments />
                  </testLog>
                </testStepRun>
                <testStepRun startTime="2011-08-05T15:51:07.9305955+09:30" endTime="2011-08-05T15:51:08.0399705+09:30">
                  <testStep id="310c14e17eb6224" name="Query_Select" fullName="SubSonic.Tests/QueryTest/Query_Select" testId="a2c88f14d4053e39" isPrimary="true" isTestCase="true" isDynamic="false">
                    <codeReference assembly="SubSonic.Tests, Version=2.2.1.0, Culture=neutral, PublicKeyToken=null" namespace="SubSonic.Tests" type="SubSonic.Tests.QueryTest" member="Query_Select" />
                    <codeLocation path="C:\data\SubsonicRoot\ss2\SubSonic.Tests\QueryTest.cs" line="36" />
                    <metadata>
                      <entry key="TestKind">
                        <value>Test</value>
                      </entry>
                    </metadata>
                  </testStep>
                  <children />
                  <result assertCount="0" duration="0.0112518">
                    <outcome status="failed" />
                  </result>
                  <testLog>
                    <streams>
                      <stream name="Failures">
                        <body>
                          <contents>
                            <section name="Execute">
                              <contents>
                                <marker class="Exception">
                                  <contents>
                                    <marker class="ExceptionType">
                                      <contents>
                                        <text><![CDATA[System.Data.SqlClient.SqlException]]></text>
                                      </contents>
                                      <attributes />
                                    </marker>
                                    <text><![CDATA[: ]]></text>
                                    <marker class="ExceptionMessage">
                                      <contents>
                                        <text><![CDATA[Incorrect syntax near the keyword 'ORDER'.]]></text>
                                      </contents>
                                      <attributes />
                                    </marker>
                                    <text><![CDATA[
]]></text>
                                    <marker class="ExceptionPropertyName">
                                      <contents>
                                        <text><![CDATA[Errors]]></text>
                                      </contents>
                                      <attributes />
                                    </marker>
                                    <text><![CDATA[: ]]></text>
                                    <marker class="ExceptionPropertyValue">
                                      <contents>
                                        <text><![CDATA[System.Data.SqlClient.SqlErrorCollection]]></text>
                                      </contents>
                                      <attributes />
                                    </marker>
                                    <text><![CDATA[
]]></text>
                                    <marker class="ExceptionPropertyName">
                                      <contents>
                                        <text><![CDATA[Class]]></text>
                                      </contents>
                                      <attributes />
                                    </marker>
                                    <text><![CDATA[: ]]></text>
                                    <marker class="ExceptionPropertyValue">
                                      <contents>
                                        <text><![CDATA[15]]></text>
                                      </contents>
                                      <attributes />
                                    </marker>
                                    <text><![CDATA[
]]></text>
                                    <marker class="ExceptionPropertyName">
                                      <contents>
                                        <text><![CDATA[LineNumber]]></text>
                                      </contents>
                                      <attributes />
                                    </marker>
                                    <text><![CDATA[: ]]></text>
                                    <marker class="ExceptionPropertyValue">
                                      <contents>
                                        <text><![CDATA[1]]></text>
                                      </contents>
                                      <attributes />
                                    </marker>
                                    <text><![CDATA[
]]></text>
                                    <marker class="ExceptionPropertyName">
                                      <contents>
                                        <text><![CDATA[Number]]></text>
                                      </contents>
                                      <attributes />
                                    </marker>
                                    <text><![CDATA[: ]]></text>
                                    <marker class="ExceptionPropertyValue">
                                      <contents>
                                        <text><![CDATA[156]]></text>
                                      </contents>
                                      <attributes />
                                    </marker>
                                    <text><![CDATA[
]]></text>
                                    <marker class="ExceptionPropertyName">
                                      <contents>
                                        <text><![CDATA[Procedure]]></text>
                                      </contents>
                                      <attributes />
                                    </marker>
                                    <text><![CDATA[: ]]></text>
                                    <marker class="ExceptionPropertyValue">
                                      <contents />
                                      <attributes />
                                    </marker>
                                    <text><![CDATA[
]]></text>
                                    <marker class="ExceptionPropertyName">
                                      <contents>
                                        <text><![CDATA[Server]]></text>
                                      </contents>
                                      <attributes />
                                    </marker>
                                    <text><![CDATA[: ]]></text>
                                    <marker class="ExceptionPropertyValue">
                                      <contents>
                                        <text><![CDATA[ANAXIMANDER\SQLEXPRESS]]></text>
                                      </contents>
                                      <attributes />
                                    </marker>
                                    <text><![CDATA[
]]></text>
                                    <marker class="ExceptionPropertyName">
                                      <contents>
                                        <text><![CDATA[State]]></text>
                                      </contents>
                                      <attributes />
                                    </marker>
                                    <text><![CDATA[: ]]></text>
                                    <marker class="ExceptionPropertyValue">
                                      <contents>
                                        <text><![CDATA[1]]></text>
                                      </contents>
                                      <attributes />
                                    </marker>
                                    <text><![CDATA[
]]></text>
                                    <marker class="ExceptionPropertyName">
                                      <contents>
                                        <text><![CDATA[ErrorCode]]></text>
                                      </contents>
                                      <attributes />
                                    </marker>
                                    <text><![CDATA[: ]]></text>
                                    <marker class="ExceptionPropertyValue">
                                      <contents>
                                        <text><![CDATA[-2146232060]]></text>
                                      </contents>
                                      <attributes />
                                    </marker>
                                    <text><![CDATA[
]]></text>
                                    <marker class="StackTrace">
                                      <contents>
                                        <text><![CDATA[   at System.Data.SqlClient.SqlConnection.OnError(SqlException exception, Boolean breakConnection)
   at System.Data.SqlClient.SqlInternalConnection.OnError(SqlException exception, Boolean breakConnection)
   at System.Data.SqlClient.TdsParser.ThrowExceptionAndWarning(TdsParserStateObject stateObj)
   at System.Data.SqlClient.TdsParser.Run(RunBehavior runBehavior, SqlCommand cmdHandler, SqlDataReader dataStream, BulkCopySimpleResultSet bulkCopyHandler, TdsParserStateObject stateObj)
   at System.Data.SqlClient.SqlDataReader.ConsumeMetaData()
   at System.Data.SqlClient.SqlDataReader.get_MetaData()
   at System.Data.SqlClient.SqlCommand.FinishExecuteReader(SqlDataReader ds, RunBehavior runBehavior, String resetOptionsString)
   at System.Data.SqlClient.SqlCommand.RunExecuteReaderTds(CommandBehavior cmdBehavior, RunBehavior runBehavior, Boolean returnStream, Boolean async)
   at System.Data.SqlClient.SqlCommand.RunExecuteReader(CommandBehavior cmdBehavior, RunBehavior runBehavior, Boolean returnStream, String method, DbAsyncResult result)
   at System.Data.SqlClient.SqlCommand.RunExecuteReader(CommandBehavior cmdBehavior, RunBehavior runBehavior, Boolean returnStream, String method)
   at System.Data.SqlClient.SqlCommand.ExecuteScalar()
   at SubSonic.SqlDataProvider.ExecuteScalar(QueryCommand qry) in ]]></text>
                                        <marker class="CodeLocation">
                                          <contents>
                                            <text><![CDATA[C:\data\SubsonicRoot\ss2\SubSonic\DataProviders\SqlDataProvider.cs:line 463]]></text>
                                          </contents>
                                          <attributes>
                                            <attribute name="line" value="463" />
                                            <attribute name="path" value="C:\data\SubsonicRoot\ss2\SubSonic\DataProviders\SqlDataProvider.cs" />
                                          </attributes>
                                        </marker>
                                        <text><![CDATA[
   at SubSonic.DataService.ExecuteScalar(QueryCommand cmd) in ]]></text>
                                        <marker class="CodeLocation">
                                          <contents>
                                            <text><![CDATA[C:\data\SubsonicRoot\ss2\SubSonic\DataProviders\DataService.cs:line 546]]></text>
                                          </contents>
                                          <attributes>
                                            <attribute name="line" value="546" />
                                            <attribute name="path" value="C:\data\SubsonicRoot\ss2\SubSonic\DataProviders\DataService.cs" />
                                          </attributes>
                                        </marker>
                                        <text><![CDATA[
   at SubSonic.Query.ExecuteScalar() in ]]></text>
                                        <marker class="CodeLocation">
                                          <contents>
                                            <text><![CDATA[C:\data\SubsonicRoot\ss2\SubSonic\Sql Tools\Query.cs:line 1986]]></text>
                                          </contents>
                                          <attributes>
                                            <attribute name="line" value="1986" />
                                            <attribute name="path" value="C:\data\SubsonicRoot\ss2\SubSonic\Sql Tools\Query.cs" />
                                          </attributes>
                                        </marker>
                                        <text><![CDATA[
   at SubSonic.Tests.QueryTest.Query_Select() in ]]></text>
                                        <marker class="CodeLocation">
                                          <contents>
                                            <text><![CDATA[C:\data\SubsonicRoot\ss2\SubSonic.Tests\QueryTest.cs:line 39]]></text>
                                          </contents>
                                          <attributes>
                                            <attribute name="line" value="39" />
                                            <attribute name="path" value="C:\data\SubsonicRoot\ss2\SubSonic.Tests\QueryTest.cs" />
                                          </attributes>
                                        </marker>
                                      </contents>
                                      <attributes />
                                    </marker>
                                  </contents>
                                  <attributes />
                                </marker>
                              </contents>
                            </section>
                          </contents>
                        </body>
                      </stream>
                    </streams>
                    <attachments />
                  </testLog>
                </testStepRun>
                <testStepRun startTime="2011-08-05T15:51:08.0399705+09:30" endTime="2011-08-05T15:51:08.1493455+09:30">
                  <testStep id="ebd05cce84fd8517" name="Query_SelectTop" fullName="SubSonic.Tests/QueryTest/Query_SelectTop" testId="c0b441dbc2631f42" isPrimary="true" isTestCase="true" isDynamic="false">
                    <codeReference assembly="SubSonic.Tests, Version=2.2.1.0, Culture=neutral, PublicKeyToken=null" namespace="SubSonic.Tests" type="SubSonic.Tests.QueryTest" member="Query_SelectTop" />
                    <codeLocation path="C:\data\SubsonicRoot\ss2\SubSonic.Tests\QueryTest.cs" line="49" />
                    <metadata>
                      <entry key="TestKind">
                        <value>Test</value>
                      </entry>
                    </metadata>
                  </testStep>
                  <children />
                  <result assertCount="0" duration="0.013441199999999999">
                    <outcome status="failed" />
                  </result>
                  <testLog>
                    <streams>
                      <stream name="Failures">
                        <body>
                          <contents>
                            <section name="Execute">
                              <contents>
                                <marker class="Exception">
                                  <contents>
                                    <marker class="ExceptionType">
                                      <contents>
                                        <text><![CDATA[System.Data.SqlClient.SqlException]]></text>
                                      </contents>
                                      <attributes />
                                    </marker>
                                    <text><![CDATA[: ]]></text>
                                    <marker class="ExceptionMessage">
                                      <contents>
                                        <text><![CDATA[Incorrect syntax near the keyword 'ORDER'.]]></text>
                                      </contents>
                                      <attributes />
                                    </marker>
                                    <text><![CDATA[
]]></text>
                                    <marker class="ExceptionPropertyName">
                                      <contents>
                                        <text><![CDATA[Errors]]></text>
                                      </contents>
                                      <attributes />
                                    </marker>
                                    <text><![CDATA[: ]]></text>
                                    <marker class="ExceptionPropertyValue">
                                      <contents>
                                        <text><![CDATA[System.Data.SqlClient.SqlErrorCollection]]></text>
                                      </contents>
                                      <attributes />
                                    </marker>
                                    <text><![CDATA[
]]></text>
                                    <marker class="ExceptionPropertyName">
                                      <contents>
                                        <text><![CDATA[Class]]></text>
                                      </contents>
                                      <attributes />
                                    </marker>
                                    <text><![CDATA[: ]]></text>
                                    <marker class="ExceptionPropertyValue">
                                      <contents>
                                        <text><![CDATA[15]]></text>
                                      </contents>
                                      <attributes />
                                    </marker>
                                    <text><![CDATA[
]]></text>
                                    <marker class="ExceptionPropertyName">
                                      <contents>
                                        <text><![CDATA[LineNumber]]></text>
                                      </contents>
                                      <attributes />
                                    </marker>
                                    <text><![CDATA[: ]]></text>
                                    <marker class="ExceptionPropertyValue">
                                      <contents>
                                        <text><![CDATA[1]]></text>
                                      </contents>
                                      <attributes />
                                    </marker>
                                    <text><![CDATA[
]]></text>
                                    <marker class="ExceptionPropertyName">
                                      <contents>
                                        <text><![CDATA[Number]]></text>
                                      </contents>
                                      <attributes />
                                    </marker>
                                    <text><![CDATA[: ]]></text>
                                    <marker class="ExceptionPropertyValue">
                                      <contents>
                                        <text><![CDATA[156]]></text>
                                      </contents>
                                      <attributes />
                                    </marker>
                                    <text><![CDATA[
]]></text>
                                    <marker class="ExceptionPropertyName">
                                      <contents>
                                        <text><![CDATA[Procedure]]></text>
                                      </contents>
                                      <attributes />
                                    </marker>
                                    <text><![CDATA[: ]]></text>
                                    <marker class="ExceptionPropertyValue">
                                      <contents />
                                      <attributes />
                                    </marker>
                                    <text><![CDATA[
]]></text>
                                    <marker class="ExceptionPropertyName">
                                      <contents>
                                        <text><![CDATA[Server]]></text>
                                      </contents>
                                      <attributes />
                                    </marker>
                                    <text><![CDATA[: ]]></text>
                                    <marker class="ExceptionPropertyValue">
                                      <contents>
                                        <text><![CDATA[ANAXIMANDER\SQLEXPRESS]]></text>
                                      </contents>
                                      <attributes />
                                    </marker>
                                    <text><![CDATA[
]]></text>
                                    <marker class="ExceptionPropertyName">
                                      <contents>
                                        <text><![CDATA[State]]></text>
                                      </contents>
                                      <attributes />
                                    </marker>
                                    <text><![CDATA[: ]]></text>
                                    <marker class="ExceptionPropertyValue">
                                      <contents>
                                        <text><![CDATA[1]]></text>
                                      </contents>
                                      <attributes />
                                    </marker>
                                    <text><![CDATA[
]]></text>
                                    <marker class="ExceptionPropertyName">
                                      <contents>
                                        <text><![CDATA[ErrorCode]]></text>
                                      </contents>
                                      <attributes />
                                    </marker>
                                    <text><![CDATA[: ]]></text>
                                    <marker class="ExceptionPropertyValue">
                                      <contents>
                                        <text><![CDATA[-2146232060]]></text>
                                      </contents>
                                      <attributes />
                                    </marker>
                                    <text><![CDATA[
]]></text>
                                    <marker class="StackTrace">
                                      <contents>
                                        <text><![CDATA[   at System.Data.SqlClient.SqlConnection.OnError(SqlException exception, Boolean breakConnection)
   at System.Data.SqlClient.SqlInternalConnection.OnError(SqlException exception, Boolean breakConnection)
   at System.Data.SqlClient.TdsParser.ThrowExceptionAndWarning(TdsParserStateObject stateObj)
   at System.Data.SqlClient.TdsParser.Run(RunBehavior runBehavior, SqlCommand cmdHandler, SqlDataReader dataStream, BulkCopySimpleResultSet bulkCopyHandler, TdsParserStateObject stateObj)
   at System.Data.SqlClient.SqlDataReader.ConsumeMetaData()
   at System.Data.SqlClient.SqlDataReader.get_MetaData()
   at System.Data.SqlClient.SqlCommand.FinishExecuteReader(SqlDataReader ds, RunBehavior runBehavior, String resetOptionsString)
   at System.Data.SqlClient.SqlCommand.RunExecuteReaderTds(CommandBehavior cmdBehavior, RunBehavior runBehavior, Boolean returnStream, Boolean async)
   at System.Data.SqlClient.SqlCommand.RunExecuteReader(CommandBehavior cmdBehavior, RunBehavior runBehavior, Boolean returnStream, String method, DbAsyncResult result)
   at System.Data.SqlClient.SqlCommand.RunExecuteReader(CommandBehavior cmdBehavior, RunBehavior runBehavior, Boolean returnStream, String method)
   at System.Data.SqlClient.SqlCommand.ExecuteReader(CommandBehavior behavior, String method)
   at System.Data.SqlClient.SqlCommand.ExecuteReader(CommandBehavior behavior)
   at SubSonic.SqlDataProvider.GetReader(QueryCommand qry) in ]]></text>
                                        <marker class="CodeLocation">
                                          <contents>
                                            <text><![CDATA[C:\data\SubsonicRoot\ss2\SubSonic\DataProviders\SqlDataProvider.cs:line 384]]></text>
                                          </contents>
                                          <attributes>
                                            <attribute name="line" value="384" />
                                            <attribute name="path" value="C:\data\SubsonicRoot\ss2\SubSonic\DataProviders\SqlDataProvider.cs" />
                                          </attributes>
                                        </marker>
                                        <text><![CDATA[
   at SubSonic.DataService.GetReader(QueryCommand cmd) in ]]></text>
                                        <marker class="CodeLocation">
                                          <contents>
                                            <text><![CDATA[C:\data\SubsonicRoot\ss2\SubSonic\DataProviders\DataService.cs:line 506]]></text>
                                          </contents>
                                          <attributes>
                                            <attribute name="line" value="506" />
                                            <attribute name="path" value="C:\data\SubsonicRoot\ss2\SubSonic\DataProviders\DataService.cs" />
                                          </attributes>
                                        </marker>
                                        <text><![CDATA[
   at SubSonic.Query.ExecuteReader() in ]]></text>
                                        <marker class="CodeLocation">
                                          <contents>
                                            <text><![CDATA[C:\data\SubsonicRoot\ss2\SubSonic\Sql Tools\Query.cs:line 1814]]></text>
                                          </contents>
                                          <attributes>
                                            <attribute name="line" value="1814" />
                                            <attribute name="path" value="C:\data\SubsonicRoot\ss2\SubSonic\Sql Tools\Query.cs" />
                                          </attributes>
                                        </marker>
                                        <text><![CDATA[
   at SubSonic.Tests.QueryTest.Query_SelectTop() in ]]></text>
                                        <marker class="CodeLocation">
                                          <contents>
                                            <text><![CDATA[C:\data\SubsonicRoot\ss2\SubSonic.Tests\QueryTest.cs:line 61]]></text>
                                          </contents>
                                          <attributes>
                                            <attribute name="line" value="61" />
                                            <attribute name="path" value="C:\data\SubsonicRoot\ss2\SubSonic.Tests\QueryTest.cs" />
                                          </attributes>
                                        </marker>
                                      </contents>
                                      <attributes />
                                    </marker>
                                  </contents>
                                  <attributes />
                                </marker>
                              </contents>
                            </section>
                          </contents>
                        </body>
                      </stream>
                    </streams>
                    <attachments />
                  </testLog>
                </testStepRun>
                <testStepRun startTime="2011-08-05T15:51:08.1493455+09:30" endTime="2011-08-05T15:51:08.2587205+09:30">
                  <testStep id="849325dd14ed6030" name="Query_Updates" fullName="SubSonic.Tests/QueryTest/Query_Updates" testId="272720888d8539d2" isPrimary="true" isTestCase="true" isDynamic="false">
                    <codeReference assembly="SubSonic.Tests, Version=2.2.1.0, Culture=neutral, PublicKeyToken=null" namespace="SubSonic.Tests" type="SubSonic.Tests.QueryTest" member="Query_Updates" />
                    <codeLocation path="C:\data\SubsonicRoot\ss2\SubSonic.Tests\QueryTest.cs" line="76" />
                    <metadata>
                      <entry key="TestKind">
                        <value>Test</value>
                      </entry>
                    </metadata>
                  </testStep>
                  <children />
                  <result assertCount="0" duration="0.1066901">
                    <outcome status="failed" />
                  </result>
                  <testLog>
                    <streams>
                      <stream name="Failures">
                        <body>
                          <contents>
                            <section name="Execute">
                              <contents>
                                <marker class="Exception">
                                  <contents>
                                    <marker class="ExceptionType">
                                      <contents>
                                        <text><![CDATA[System.Data.SqlClient.SqlException]]></text>
                                      </contents>
                                      <attributes />
                                    </marker>
                                    <text><![CDATA[: ]]></text>
                                    <marker class="ExceptionMessage">
                                      <contents>
                                        <text><![CDATA[Incorrect syntax near the keyword 'ORDER'.]]></text>
                                      </contents>
                                      <attributes />
                                    </marker>
                                    <text><![CDATA[
]]></text>
                                    <marker class="ExceptionPropertyName">
                                      <contents>
                                        <text><![CDATA[Errors]]></text>
                                      </contents>
                                      <attributes />
                                    </marker>
                                    <text><![CDATA[: ]]></text>
                                    <marker class="ExceptionPropertyValue">
                                      <contents>
                                        <text><![CDATA[System.Data.SqlClient.SqlErrorCollection]]></text>
                                      </contents>
                                      <attributes />
                                    </marker>
                                    <text><![CDATA[
]]></text>
                                    <marker class="ExceptionPropertyName">
                                      <contents>
                                        <text><![CDATA[Class]]></text>
                                      </contents>
                                      <attributes />
                                    </marker>
                                    <text><![CDATA[: ]]></text>
                                    <marker class="ExceptionPropertyValue">
                                      <contents>
                                        <text><![CDATA[15]]></text>
                                      </contents>
                                      <attributes />
                                    </marker>
                                    <text><![CDATA[
]]></text>
                                    <marker class="ExceptionPropertyName">
                                      <contents>
                                        <text><![CDATA[LineNumber]]></text>
                                      </contents>
                                      <attributes />
                                    </marker>
                                    <text><![CDATA[: ]]></text>
                                    <marker class="ExceptionPropertyValue">
                                      <contents>
                                        <text><![CDATA[1]]></text>
                                      </contents>
                                      <attributes />
                                    </marker>
                                    <text><![CDATA[
]]></text>
                                    <marker class="ExceptionPropertyName">
                                      <contents>
                                        <text><![CDATA[Number]]></text>
                                      </contents>
                                      <attributes />
                                    </marker>
                                    <text><![CDATA[: ]]></text>
                                    <marker class="ExceptionPropertyValue">
                                      <contents>
                                        <text><![CDATA[156]]></text>
                                      </contents>
                                      <attributes />
                                    </marker>
                                    <text><![CDATA[
]]></text>
                                    <marker class="ExceptionPropertyName">
                                      <contents>
                                        <text><![CDATA[Procedure]]></text>
                                      </contents>
                                      <attributes />
                                    </marker>
                                    <text><![CDATA[: ]]></text>
                                    <marker class="ExceptionPropertyValue">
                                      <contents />
                                      <attributes />
                                    </marker>
                                    <text><![CDATA[
]]></text>
                                    <marker class="ExceptionPropertyName">
                                      <contents>
                                        <text><![CDATA[Server]]></text>
                                      </contents>
                                      <attributes />
                                    </marker>
                                    <text><![CDATA[: ]]></text>
                                    <marker class="ExceptionPropertyValue">
                                      <contents>
                                        <text><![CDATA[ANAXIMANDER\SQLEXPRESS]]></text>
                                      </contents>
                                      <attributes />
                                    </marker>
                                    <text><![CDATA[
]]></text>
                                    <marker class="ExceptionPropertyName">
                                      <contents>
                                        <text><![CDATA[State]]></text>
                                      </contents>
                                      <attributes />
                                    </marker>
                                    <text><![CDATA[: ]]></text>
                                    <marker class="ExceptionPropertyValue">
                                      <contents>
                                        <text><![CDATA[1]]></text>
                                      </contents>
                                      <attributes />
                                    </marker>
                                    <text><![CDATA[
]]></text>
                                    <marker class="ExceptionPropertyName">
                                      <contents>
                                        <text><![CDATA[ErrorCode]]></text>
                                      </contents>
                                      <attributes />
                                    </marker>
                                    <text><![CDATA[: ]]></text>
                                    <marker class="ExceptionPropertyValue">
                                      <contents>
                                        <text><![CDATA[-2146232060]]></text>
                                      </contents>
                                      <attributes />
                                    </marker>
                                    <text><![CDATA[
]]></text>
                                    <marker class="StackTrace">
                                      <contents>
                                        <text><![CDATA[   at System.Data.SqlClient.SqlConnection.OnError(SqlException exception, Boolean breakConnection)
   at System.Data.SqlClient.SqlInternalConnection.OnError(SqlException exception, Boolean breakConnection)
   at System.Data.SqlClient.TdsParser.ThrowExceptionAndWarning(TdsParserStateObject stateObj)
   at System.Data.SqlClient.TdsParser.Run(RunBehavior runBehavior, SqlCommand cmdHandler, SqlDataReader dataStream, BulkCopySimpleResultSet bulkCopyHandler, TdsParserStateObject stateObj)
   at System.Data.SqlClient.SqlDataReader.ConsumeMetaData()
   at System.Data.SqlClient.SqlDataReader.get_MetaData()
   at System.Data.SqlClient.SqlCommand.FinishExecuteReader(SqlDataReader ds, RunBehavior runBehavior, String resetOptionsString)
   at System.Data.SqlClient.SqlCommand.RunExecuteReaderTds(CommandBehavior cmdBehavior, RunBehavior runBehavior, Boolean returnStream, Boolean async)
   at System.Data.SqlClient.SqlCommand.RunExecuteReader(CommandBehavior cmdBehavior, RunBehavior runBehavior, Boolean returnStream, String method, DbAsyncResult result)
   at System.Data.SqlClient.SqlCommand.RunExecuteReader(CommandBehavior cmdBehavior, RunBehavior runBehavior, Boolean returnStream, String method)
   at System.Data.SqlClient.SqlCommand.ExecuteReader(CommandBehavior behavior, String method)
   at System.Data.SqlClient.SqlCommand.ExecuteReader(CommandBehavior behavior)
   at SubSonic.SqlDataProvider.GetReader(QueryCommand qry) in ]]></text>
                                        <marker class="CodeLocation">
                                          <contents>
                                            <text><![CDATA[C:\data\SubsonicRoot\ss2\SubSonic\DataProviders\SqlDataProvider.cs:line 384]]></text>
                                          </contents>
                                          <attributes>
                                            <attribute name="line" value="384" />
                                            <attribute name="path" value="C:\data\SubsonicRoot\ss2\SubSonic\DataProviders\SqlDataProvider.cs" />
                                          </attributes>
                                        </marker>
                                        <text><![CDATA[
   at SubSonic.DataService.GetReader(QueryCommand cmd) in ]]></text>
                                        <marker class="CodeLocation">
                                          <contents>
                                            <text><![CDATA[C:\data\SubsonicRoot\ss2\SubSonic\DataProviders\DataService.cs:line 506]]></text>
                                          </contents>
                                          <attributes>
                                            <attribute name="line" value="506" />
                                            <attribute name="path" value="C:\data\SubsonicRoot\ss2\SubSonic\DataProviders\DataService.cs" />
                                          </attributes>
                                        </marker>
                                        <text><![CDATA[
   at SubSonic.Query.ExecuteReader() in ]]></text>
                                        <marker class="CodeLocation">
                                          <contents>
                                            <text><![CDATA[C:\data\SubsonicRoot\ss2\SubSonic\Sql Tools\Query.cs:line 1814]]></text>
                                          </contents>
                                          <attributes>
                                            <attribute name="line" value="1814" />
                                            <attribute name="path" value="C:\data\SubsonicRoot\ss2\SubSonic\Sql Tools\Query.cs" />
                                          </attributes>
                                        </marker>
                                        <text><![CDATA[
   at SubSonic.Tests.QueryTest.Query_Updates() in ]]></text>
                                        <marker class="CodeLocation">
                                          <contents>
                                            <text><![CDATA[C:\data\SubsonicRoot\ss2\SubSonic.Tests\QueryTest.cs:line 88]]></text>
                                          </contents>
                                          <attributes>
                                            <attribute name="line" value="88" />
                                            <attribute name="path" value="C:\data\SubsonicRoot\ss2\SubSonic.Tests\QueryTest.cs" />
                                          </attributes>
                                        </marker>
                                      </contents>
                                      <attributes />
                                    </marker>
                                  </contents>
                                  <attributes />
                                </marker>
                              </contents>
                            </section>
                          </contents>
                        </body>
                      </stream>
                    </streams>
                    <attachments />
                  </testLog>
                </testStepRun>
                <testStepRun startTime="2011-08-05T15:51:08.2587205+09:30" endTime="2011-08-05T15:51:08.2587205+09:30">
                  <testStep id="2f0e8abe850a5041" name="Query_View" fullName="SubSonic.Tests/QueryTest/Query_View" testId="3ba9feda1f204305" isPrimary="true" isTestCase="true" isDynamic="false">
                    <codeReference assembly="SubSonic.Tests, Version=2.2.1.0, Culture=neutral, PublicKeyToken=null" namespace="SubSonic.Tests" type="SubSonic.Tests.QueryTest" member="Query_View" />
                    <codeLocation path="C:\data\SubsonicRoot\ss2\SubSonic.Tests\QueryTest.cs" line="121" />
                    <metadata>
                      <entry key="TestKind">
                        <value>Test</value>
                      </entry>
                    </metadata>
                  </testStep>
                  <children />
                  <result assertCount="1" duration="0.0605934">
                    <outcome status="passed" />
                  </result>
                  <testLog>
                    <streams />
                    <attachments />
                  </testLog>
                </testStepRun>
                <testStepRun startTime="2011-08-05T15:51:08.2587205+09:30" endTime="2011-08-05T15:51:08.2743455+09:30">
                  <testStep id="99bb085a294102a2" name="QueryExecuteJoinedDataSet_AddBetweenAnd" fullName="SubSonic.Tests/QueryTest/QueryExecuteJoinedDataSet_AddBetweenAnd" testId="f731cdc721ce1572" isPrimary="true" isTestCase="true" isDynamic="false">
                    <codeReference assembly="SubSonic.Tests, Version=2.2.1.0, Culture=neutral, PublicKeyToken=null" namespace="SubSonic.Tests" type="SubSonic.Tests.QueryTest" member="QueryExecuteJoinedDataSet_AddBetweenAnd" />
                    <codeLocation path="C:\data\SubsonicRoot\ss2\SubSonic.Tests\QueryTest.cs" line="488" />
                    <metadata>
                      <entry key="TestKind">
                        <value>Test</value>
                      </entry>
                    </metadata>
                  </testStep>
                  <children />
                  <result assertCount="1" duration="0.0725967">
                    <outcome status="passed" />
                  </result>
                  <testLog>
                    <streams />
                    <attachments />
                  </testLog>
                </testStepRun>
                <testStepRun startTime="2011-08-05T15:51:08.2743455+09:30" endTime="2011-08-05T15:51:08.2743455+09:30">
                  <testStep id="7204f88776c9c97f" name="QueryExecuteJoinedDataSet_AddBetweenAnd_WithExtraWhereCondition" fullName="SubSonic.Tests/QueryTest/QueryExecuteJoinedDataSet_AddBetweenAnd_WithExtraWhereCondition" testId="eb0bb31b0dfbb705" isPrimary="true" isTestCase="true" isDynamic="false">
                    <codeReference assembly="SubSonic.Tests, Version=2.2.1.0, Culture=neutral, PublicKeyToken=null" namespace="SubSonic.Tests" type="SubSonic.Tests.QueryTest" member="QueryExecuteJoinedDataSet_AddBetweenAnd_WithExtraWhereCondition" />
                    <codeLocation path="C:\data\SubsonicRoot\ss2\SubSonic.Tests\QueryTest.cs" line="501" />
                    <metadata>
                      <entry key="TestKind">
                        <value>Test</value>
                      </entry>
                    </metadata>
                  </testStep>
                  <children />
                  <result assertCount="1" duration="0.0335267">
                    <outcome status="passed" />
                  </result>
                  <testLog>
                    <streams />
                    <attachments />
                  </testLog>
                </testStepRun>
                <testStepRun startTime="2011-08-05T15:51:08.2743455+09:30" endTime="2011-08-05T15:51:08.2899705+09:30">
                  <testStep id="6e55c557b13bd838" name="QueryExecuteJoinedDataSet_BETWEEN_AND" fullName="SubSonic.Tests/QueryTest/QueryExecuteJoinedDataSet_BETWEEN_AND" testId="8d587e2a307ad8c7" isPrimary="true" isTestCase="true" isDynamic="false">
                    <codeReference assembly="SubSonic.Tests, Version=2.2.1.0, Culture=neutral, PublicKeyToken=null" namespace="SubSonic.Tests" type="SubSonic.Tests.QueryTest" member="QueryExecuteJoinedDataSet_BETWEEN_AND" />
                    <codeLocation path="C:\data\SubsonicRoot\ss2\SubSonic.Tests\QueryTest.cs" line="515" />
                    <metadata>
                      <entry key="TestKind">
                        <value>Test</value>
                      </entry>
                    </metadata>
                  </testStep>
                  <children />
                  <result assertCount="1" duration="0.0243126">
                    <outcome status="passed" />
                  </result>
                  <testLog>
                    <streams />
                    <attachments />
                  </testLog>
                </testStepRun>
                <testStepRun startTime="2011-08-05T15:51:08.2899705+09:30" endTime="2011-08-05T15:51:08.3055955+09:30">
                  <testStep id="515dee3e4e2e0ac1" name="QueryExecuteJoinedDataSet_BETWEEN_AND_WithExtraWhereCondition" fullName="SubSonic.Tests/QueryTest/QueryExecuteJoinedDataSet_BETWEEN_AND_WithExtraWhereCondition" testId="ea1e9dc1c4c51a8b" isPrimary="true" isTestCase="true" isDynamic="false">
                    <codeReference assembly="SubSonic.Tests, Version=2.2.1.0, Culture=neutral, PublicKeyToken=null" namespace="SubSonic.Tests" type="SubSonic.Tests.QueryTest" member="QueryExecuteJoinedDataSet_BETWEEN_AND_WithExtraWhereCondition" />
                    <codeLocation path="C:\data\SubsonicRoot\ss2\SubSonic.Tests\QueryTest.cs" line="529" />
                    <metadata>
                      <entry key="TestKind">
                        <value>Test</value>
                      </entry>
                    </metadata>
                  </testStep>
                  <children />
                  <result assertCount="1" duration="0.007169">
                    <outcome status="passed" />
                  </result>
                  <testLog>
                    <streams />
                    <attachments />
                  </testLog>
                </testStepRun>
                <testStepRun startTime="2011-08-05T15:51:08.3055955+09:30" endTime="2011-08-05T15:51:08.3212205+09:30">
                  <testStep id="a063934348ff926e" name="QueryExecuteJoinedDataSet_IN_ArrayList" fullName="SubSonic.Tests/QueryTest/QueryExecuteJoinedDataSet_IN_ArrayList" testId="c0b5e4308c07981a" isPrimary="true" isTestCase="true" isDynamic="false">
                    <codeReference assembly="SubSonic.Tests, Version=2.2.1.0, Culture=neutral, PublicKeyToken=null" namespace="SubSonic.Tests" type="SubSonic.Tests.QueryTest" member="QueryExecuteJoinedDataSet_IN_ArrayList" />
                    <codeLocation path="C:\data\SubsonicRoot\ss2\SubSonic.Tests\QueryTest.cs" line="575" />
                    <metadata>
                      <entry key="TestKind">
                        <value>Test</value>
                      </entry>
                    </metadata>
                  </testStep>
                  <children />
                  <result assertCount="1" duration="0.0222955">
                    <outcome status="passed" />
                  </result>
                  <testLog>
                    <streams />
                    <attachments />
                  </testLog>
                </testStepRun>
                <testStepRun startTime="2011-08-05T15:51:08.3212205+09:30" endTime="2011-08-05T15:51:08.3368455+09:30">
                  <testStep id="6d136c29e7748694" name="QueryExecuteJoinedDataSet_IN_ListCollection" fullName="SubSonic.Tests/QueryTest/QueryExecuteJoinedDataSet_IN_ListCollection" testId="9d2ad9c822735e82" isPrimary="true" isTestCase="true" isDynamic="false">
                    <codeReference assembly="SubSonic.Tests, Version=2.2.1.0, Culture=neutral, PublicKeyToken=null" namespace="SubSonic.Tests" type="SubSonic.Tests.QueryTest" member="QueryExecuteJoinedDataSet_IN_ListCollection" />
                    <codeLocation path="C:\data\SubsonicRoot\ss2\SubSonic.Tests\QueryTest.cs" line="556" />
                    <metadata>
                      <entry key="TestKind">
                        <value>Test</value>
                      </entry>
                    </metadata>
                  </testStep>
                  <children />
                  <result assertCount="1" duration="0.0386242">
                    <outcome status="passed" />
                  </result>
                  <testLog>
                    <streams />
                    <attachments />
                  </testLog>
                </testStepRun>
                <testStepRun startTime="2011-08-05T15:51:08.3368455+09:30" endTime="2011-08-05T15:51:08.3368455+09:30">
                  <testStep id="87027f1596482f59" name="QueryExecuteJoinedDataSet_IN_ObjectArray" fullName="SubSonic.Tests/QueryTest/QueryExecuteJoinedDataSet_IN_ObjectArray" testId="870697a7f37cef92" isPrimary="true" isTestCase="true" isDynamic="false">
                    <codeReference assembly="SubSonic.Tests, Version=2.2.1.0, Culture=neutral, PublicKeyToken=null" namespace="SubSonic.Tests" type="SubSonic.Tests.QueryTest" member="QueryExecuteJoinedDataSet_IN_ObjectArray" />
                    <codeLocation path="C:\data\SubsonicRoot\ss2\SubSonic.Tests\QueryTest.cs" line="545" />
                    <metadata>
                      <entry key="TestKind">
                        <value>Test</value>
                      </entry>
                    </metadata>
                  </testStep>
                  <children />
                  <result assertCount="1" duration="0.0077725999999999993">
                    <outcome status="passed" />
                  </result>
                  <testLog>
                    <streams />
                    <attachments />
                  </testLog>
                </testStepRun>
                <testStepRun startTime="2011-08-05T15:51:08.3368455+09:30" endTime="2011-08-05T15:51:08.3524705+09:30">
                  <testStep id="a966779cf8291cab" name="QueryExecuteJoinedDataSet_NOT_IN_ArrayList" fullName="SubSonic.Tests/QueryTest/QueryExecuteJoinedDataSet_NOT_IN_ArrayList" testId="c51cd3763d8fcd4e" isPrimary="true" isTestCase="true" isDynamic="false">
                    <codeReference assembly="SubSonic.Tests, Version=2.2.1.0, Culture=neutral, PublicKeyToken=null" namespace="SubSonic.Tests" type="SubSonic.Tests.QueryTest" member="QueryExecuteJoinedDataSet_NOT_IN_ArrayList" />
                    <codeLocation path="C:\data\SubsonicRoot\ss2\SubSonic.Tests\QueryTest.cs" line="620" />
                    <metadata>
                      <entry key="TestKind">
                        <value>Test</value>
                      </entry>
                    </metadata>
                  </testStep>
                  <children />
                  <result assertCount="1" duration="0.0156055">
                    <outcome status="passed" />
                  </result>
                  <testLog>
                    <streams />
                    <attachments />
                  </testLog>
                </testStepRun>
                <testStepRun startTime="2011-08-05T15:51:08.3680955+09:30" endTime="2011-08-05T15:51:08.3680955+09:30">
                  <testStep id="4e7630860c5e361b" name="QueryExecuteJoinedDataSet_NOT_IN_ListCollection" fullName="SubSonic.Tests/QueryTest/QueryExecuteJoinedDataSet_NOT_IN_ListCollection" testId="80c7207db2b7b112" isPrimary="true" isTestCase="true" isDynamic="false">
                    <codeReference assembly="SubSonic.Tests, Version=2.2.1.0, Culture=neutral, PublicKeyToken=null" namespace="SubSonic.Tests" type="SubSonic.Tests.QueryTest" member="QueryExecuteJoinedDataSet_NOT_IN_ListCollection" />
                    <codeLocation path="C:\data\SubsonicRoot\ss2\SubSonic.Tests\QueryTest.cs" line="601" />
                    <metadata>
                      <entry key="TestKind">
                        <value>Test</value>
                      </entry>
                    </metadata>
                  </testStep>
                  <children />
                  <result assertCount="1" duration="0.0121117">
                    <outcome status="passed" />
                  </result>
                  <testLog>
                    <streams />
                    <attachments />
                  </testLog>
                </testStepRun>
                <testStepRun startTime="2011-08-05T15:51:08.3680955+09:30" endTime="2011-08-05T15:51:08.3680955+09:30">
                  <testStep id="2076d56afbf06740" name="QueryExecuteJoinedDataSet_NOT_IN_ObjectArray" fullName="SubSonic.Tests/QueryTest/QueryExecuteJoinedDataSet_NOT_IN_ObjectArray" testId="c4a9d33534bc9118" isPrimary="true" isTestCase="true" isDynamic="false">
                    <codeReference assembly="SubSonic.Tests, Version=2.2.1.0, Culture=neutral, PublicKeyToken=null" namespace="SubSonic.Tests" type="SubSonic.Tests.QueryTest" member="QueryExecuteJoinedDataSet_NOT_IN_ObjectArray" />
                    <codeLocation path="C:\data\SubsonicRoot\ss2\SubSonic.Tests\QueryTest.cs" line="590" />
                    <metadata>
                      <entry key="TestKind">
                        <value>Test</value>
                      </entry>
                    </metadata>
                  </testStep>
                  <children />
                  <result assertCount="1" duration="0.0110057">
                    <outcome status="passed" />
                  </result>
                  <testLog>
                    <streams />
                    <attachments />
                  </testLog>
                </testStepRun>
                <testStepRun startTime="2011-08-05T15:51:08.3680955+09:30" endTime="2011-08-05T15:51:08.4774705+09:30">
                  <testStep id="8d026af188816053" name="QueryExecuteJoinedDataSet_ORDER_BY" fullName="SubSonic.Tests/QueryTest/QueryExecuteJoinedDataSet_ORDER_BY" testId="3a7d99bc8d4f20fb" isPrimary="true" isTestCase="true" isDynamic="false">
                    <codeReference assembly="SubSonic.Tests, Version=2.2.1.0, Culture=neutral, PublicKeyToken=null" namespace="SubSonic.Tests" type="SubSonic.Tests.QueryTest" member="QueryExecuteJoinedDataSet_ORDER_BY" />
                    <codeLocation path="C:\data\SubsonicRoot\ss2\SubSonic.Tests\QueryTest.cs" line="741" />
                    <metadata>
                      <entry key="TestKind">
                        <value>Test</value>
                      </entry>
                    </metadata>
                  </testStep>
                  <children />
                  <result assertCount="0" duration="0.021263499999999998">
                    <outcome status="failed" />
                  </result>
                  <testLog>
                    <streams>
                      <stream name="Failures">
                        <body>
                          <contents>
                            <section name="Execute">
                              <contents>
                                <marker class="Exception">
                                  <contents>
                                    <marker class="ExceptionType">
                                      <contents>
                                        <text><![CDATA[System.Data.SqlClient.SqlException]]></text>
                                      </contents>
                                      <attributes />
                                    </marker>
                                    <text><![CDATA[: ]]></text>
                                    <marker class="ExceptionMessage">
                                      <contents>
                                        <text><![CDATA[Incorrect syntax near the keyword 'BY'.]]></text>
                                      </contents>
                                      <attributes />
                                    </marker>
                                    <text><![CDATA[
]]></text>
                                    <marker class="ExceptionPropertyName">
                                      <contents>
                                        <text><![CDATA[Errors]]></text>
                                      </contents>
                                      <attributes />
                                    </marker>
                                    <text><![CDATA[: ]]></text>
                                    <marker class="ExceptionPropertyValue">
                                      <contents>
                                        <text><![CDATA[System.Data.SqlClient.SqlErrorCollection]]></text>
                                      </contents>
                                      <attributes />
                                    </marker>
                                    <text><![CDATA[
]]></text>
                                    <marker class="ExceptionPropertyName">
                                      <contents>
                                        <text><![CDATA[Class]]></text>
                                      </contents>
                                      <attributes />
                                    </marker>
                                    <text><![CDATA[: ]]></text>
                                    <marker class="ExceptionPropertyValue">
                                      <contents>
                                        <text><![CDATA[15]]></text>
                                      </contents>
                                      <attributes />
                                    </marker>
                                    <text><![CDATA[
]]></text>
                                    <marker class="ExceptionPropertyName">
                                      <contents>
                                        <text><![CDATA[LineNumber]]></text>
                                      </contents>
                                      <attributes />
                                    </marker>
                                    <text><![CDATA[: ]]></text>
                                    <marker class="ExceptionPropertyValue">
                                      <contents>
                                        <text><![CDATA[1]]></text>
                                      </contents>
                                      <attributes />
                                    </marker>
                                    <text><![CDATA[
]]></text>
                                    <marker class="ExceptionPropertyName">
                                      <contents>
                                        <text><![CDATA[Number]]></text>
                                      </contents>
                                      <attributes />
                                    </marker>
                                    <text><![CDATA[: ]]></text>
                                    <marker class="ExceptionPropertyValue">
                                      <contents>
                                        <text><![CDATA[156]]></text>
                                      </contents>
                                      <attributes />
                                    </marker>
                                    <text><![CDATA[
]]></text>
                                    <marker class="ExceptionPropertyName">
                                      <contents>
                                        <text><![CDATA[Procedure]]></text>
                                      </contents>
                                      <attributes />
                                    </marker>
                                    <text><![CDATA[: ]]></text>
                                    <marker class="ExceptionPropertyValue">
                                      <contents />
                                      <attributes />
                                    </marker>
                                    <text><![CDATA[
]]></text>
                                    <marker class="ExceptionPropertyName">
                                      <contents>
                                        <text><![CDATA[Server]]></text>
                                      </contents>
                                      <attributes />
                                    </marker>
                                    <text><![CDATA[: ]]></text>
                                    <marker class="ExceptionPropertyValue">
                                      <contents>
                                        <text><![CDATA[ANAXIMANDER\SQLEXPRESS]]></text>
                                      </contents>
                                      <attributes />
                                    </marker>
                                    <text><![CDATA[
]]></text>
                                    <marker class="ExceptionPropertyName">
                                      <contents>
                                        <text><![CDATA[State]]></text>
                                      </contents>
                                      <attributes />
                                    </marker>
                                    <text><![CDATA[: ]]></text>
                                    <marker class="ExceptionPropertyValue">
                                      <contents>
                                        <text><![CDATA[1]]></text>
                                      </contents>
                                      <attributes />
                                    </marker>
                                    <text><![CDATA[
]]></text>
                                    <marker class="ExceptionPropertyName">
                                      <contents>
                                        <text><![CDATA[ErrorCode]]></text>
                                      </contents>
                                      <attributes />
                                    </marker>
                                    <text><![CDATA[: ]]></text>
                                    <marker class="ExceptionPropertyValue">
                                      <contents>
                                        <text><![CDATA[-2146232060]]></text>
                                      </contents>
                                      <attributes />
                                    </marker>
                                    <text><![CDATA[
]]></text>
                                    <marker class="StackTrace">
                                      <contents>
                                        <text><![CDATA[   at System.Data.SqlClient.SqlConnection.OnError(SqlException exception, Boolean breakConnection)
   at System.Data.SqlClient.SqlInternalConnection.OnError(SqlException exception, Boolean breakConnection)
   at System.Data.SqlClient.TdsParser.ThrowExceptionAndWarning(TdsParserStateObject stateObj)
   at System.Data.SqlClient.TdsParser.Run(RunBehavior runBehavior, SqlCommand cmdHandler, SqlDataReader dataStream, BulkCopySimpleResultSet bulkCopyHandler, TdsParserStateObject stateObj)
   at System.Data.SqlClient.SqlDataReader.ConsumeMetaData()
   at System.Data.SqlClient.SqlDataReader.get_MetaData()
   at System.Data.SqlClient.SqlCommand.FinishExecuteReader(SqlDataReader ds, RunBehavior runBehavior, String resetOptionsString)
   at System.Data.SqlClient.SqlCommand.RunExecuteReaderTds(CommandBehavior cmdBehavior, RunBehavior runBehavior, Boolean returnStream, Boolean async)
   at System.Data.SqlClient.SqlCommand.RunExecuteReader(CommandBehavior cmdBehavior, RunBehavior runBehavior, Boolean returnStream, String method, DbAsyncResult result)
   at System.Data.SqlClient.SqlCommand.RunExecuteReader(CommandBehavior cmdBehavior, RunBehavior runBehavior, Boolean returnStream, String method)
   at System.Data.SqlClient.SqlCommand.ExecuteReader(CommandBehavior behavior, String method)
   at System.Data.SqlClient.SqlCommand.ExecuteDbDataReader(CommandBehavior behavior)
   at System.Data.Common.DbCommand.System.Data.IDbCommand.ExecuteReader(CommandBehavior behavior)
   at System.Data.Common.DbDataAdapter.FillInternal(DataSet dataset, DataTable[] datatables, Int32 startRecord, Int32 maxRecords, String srcTable, IDbCommand command, CommandBehavior behavior)
   at System.Data.Common.DbDataAdapter.Fill(DataSet dataSet, Int32 startRecord, Int32 maxRecords, String srcTable, IDbCommand command, CommandBehavior behavior)
   at System.Data.Common.DbDataAdapter.Fill(DataSet dataSet)
   at SubSonic.SqlDataProvider.GetDataSet[T](QueryCommand qry) in ]]></text>
                                        <marker class="CodeLocation">
                                          <contents>
                                            <text><![CDATA[C:\data\SubsonicRoot\ss2\SubSonic\DataProviders\SqlDataProvider.cs:line 438]]></text>
                                          </contents>
                                          <attributes>
                                            <attribute name="line" value="438" />
                                            <attribute name="path" value="C:\data\SubsonicRoot\ss2\SubSonic\DataProviders\SqlDataProvider.cs" />
                                          </attributes>
                                        </marker>
                                        <text><![CDATA[
   at SubSonic.DataService.GetDataSet[T](QueryCommand cmd) in ]]></text>
                                        <marker class="CodeLocation">
                                          <contents>
                                            <text><![CDATA[C:\data\SubsonicRoot\ss2\SubSonic\DataProviders\DataService.cs:line 536]]></text>
                                          </contents>
                                          <attributes>
                                            <attribute name="line" value="536" />
                                            <attribute name="path" value="C:\data\SubsonicRoot\ss2\SubSonic\DataProviders\DataService.cs" />
                                          </attributes>
                                        </marker>
                                        <text><![CDATA[
   at SubSonic.Query.ExecuteJoinedDataSet[T]() in ]]></text>
                                        <marker class="CodeLocation">
                                          <contents>
                                            <text><![CDATA[C:\data\SubsonicRoot\ss2\SubSonic\Sql Tools\Query.cs:line 1957]]></text>
                                          </contents>
                                          <attributes>
                                            <attribute name="line" value="1957" />
                                            <attribute name="path" value="C:\data\SubsonicRoot\ss2\SubSonic\Sql Tools\Query.cs" />
                                          </attributes>
                                        </marker>
                                        <text><![CDATA[
   at SubSonic.Query.ExecuteJoinedDataSet() in ]]></text>
                                        <marker class="CodeLocation">
                                          <contents>
                                            <text><![CDATA[C:\data\SubsonicRoot\ss2\SubSonic\Sql Tools\Query.cs:line 1842]]></text>
                                          </contents>
                                          <attributes>
                                            <attribute name="line" value="1842" />
                                            <attribute name="path" value="C:\data\SubsonicRoot\ss2\SubSonic\Sql Tools\Query.cs" />
                                          </attributes>
                                        </marker>
                                        <text><![CDATA[
   at SubSonic.Tests.QueryTest.QueryExecuteJoinedDataSet_ORDER_BY() in ]]></text>
                                        <marker class="CodeLocation">
                                          <contents>
                                            <text><![CDATA[C:\data\SubsonicRoot\ss2\SubSonic.Tests\QueryTest.cs:line 745]]></text>
                                          </contents>
                                          <attributes>
                                            <attribute name="line" value="745" />
                                            <attribute name="path" value="C:\data\SubsonicRoot\ss2\SubSonic.Tests\QueryTest.cs" />
                                          </attributes>
                                        </marker>
                                      </contents>
                                      <attributes />
                                    </marker>
                                  </contents>
                                  <attributes />
                                </marker>
                              </contents>
                            </section>
                          </contents>
                        </body>
                      </stream>
                    </streams>
                    <attachments />
                  </testLog>
                </testStepRun>
                <testStepRun startTime="2011-08-05T15:51:08.4774705+09:30" endTime="2011-08-05T15:51:08.5868455+09:30">
                  <testStep id="15bb6e22c3c607dc" name="QueryExecuteJoinedDataSet_ORDER_BY_Collection" fullName="SubSonic.Tests/QueryTest/QueryExecuteJoinedDataSet_ORDER_BY_Collection" testId="f5a8a3b68cfd45ee" isPrimary="true" isTestCase="true" isDynamic="false">
                    <codeReference assembly="SubSonic.Tests, Version=2.2.1.0, Culture=neutral, PublicKeyToken=null" namespace="SubSonic.Tests" type="SubSonic.Tests.QueryTest" member="QueryExecuteJoinedDataSet_ORDER_BY_Collection" />
                    <codeLocation path="C:\data\SubsonicRoot\ss2\SubSonic.Tests\QueryTest.cs" line="863" />
                    <metadata>
                      <entry key="TestKind">
                        <value>Test</value>
                      </entry>
                    </metadata>
                  </testStep>
                  <children />
                  <result assertCount="0" duration="0.0405638">
                    <outcome status="failed" />
                  </result>
                  <testLog>
                    <streams>
                      <stream name="Failures">
                        <body>
                          <contents>
                            <section name="Execute">
                              <contents>
                                <marker class="Exception">
                                  <contents>
                                    <marker class="ExceptionType">
                                      <contents>
                                        <text><![CDATA[System.Data.SqlClient.SqlException]]></text>
                                      </contents>
                                      <attributes />
                                    </marker>
                                    <text><![CDATA[: ]]></text>
                                    <marker class="ExceptionMessage">
                                      <contents>
                                        <text><![CDATA[Incorrect syntax near the keyword 'BY'.]]></text>
                                      </contents>
                                      <attributes />
                                    </marker>
                                    <text><![CDATA[
]]></text>
                                    <marker class="ExceptionPropertyName">
                                      <contents>
                                        <text><![CDATA[Errors]]></text>
                                      </contents>
                                      <attributes />
                                    </marker>
                                    <text><![CDATA[: ]]></text>
                                    <marker class="ExceptionPropertyValue">
                                      <contents>
                                        <text><![CDATA[System.Data.SqlClient.SqlErrorCollection]]></text>
                                      </contents>
                                      <attributes />
                                    </marker>
                                    <text><![CDATA[
]]></text>
                                    <marker class="ExceptionPropertyName">
                                      <contents>
                                        <text><![CDATA[Class]]></text>
                                      </contents>
                                      <attributes />
                                    </marker>
                                    <text><![CDATA[: ]]></text>
                                    <marker class="ExceptionPropertyValue">
                                      <contents>
                                        <text><![CDATA[15]]></text>
                                      </contents>
                                      <attributes />
                                    </marker>
                                    <text><![CDATA[
]]></text>
                                    <marker class="ExceptionPropertyName">
                                      <contents>
                                        <text><![CDATA[LineNumber]]></text>
                                      </contents>
                                      <attributes />
                                    </marker>
                                    <text><![CDATA[: ]]></text>
                                    <marker class="ExceptionPropertyValue">
                                      <contents>
                                        <text><![CDATA[1]]></text>
                                      </contents>
                                      <attributes />
                                    </marker>
                                    <text><![CDATA[
]]></text>
                                    <marker class="ExceptionPropertyName">
                                      <contents>
                                        <text><![CDATA[Number]]></text>
                                      </contents>
                                      <attributes />
                                    </marker>
                                    <text><![CDATA[: ]]></text>
                                    <marker class="ExceptionPropertyValue">
                                      <contents>
                                        <text><![CDATA[156]]></text>
                                      </contents>
                                      <attributes />
                                    </marker>
                                    <text><![CDATA[
]]></text>
                                    <marker class="ExceptionPropertyName">
                                      <contents>
                                        <text><![CDATA[Procedure]]></text>
                                      </contents>
                                      <attributes />
                                    </marker>
                                    <text><![CDATA[: ]]></text>
                                    <marker class="ExceptionPropertyValue">
                                      <contents />
                                      <attributes />
                                    </marker>
                                    <text><![CDATA[
]]></text>
                                    <marker class="ExceptionPropertyName">
                                      <contents>
                                        <text><![CDATA[Server]]></text>
                                      </contents>
                                      <attributes />
                                    </marker>
                                    <text><![CDATA[: ]]></text>
                                    <marker class="ExceptionPropertyValue">
                                      <contents>
                                        <text><![CDATA[ANAXIMANDER\SQLEXPRESS]]></text>
                                      </contents>
                                      <attributes />
                                    </marker>
                                    <text><![CDATA[
]]></text>
                                    <marker class="ExceptionPropertyName">
                                      <contents>
                                        <text><![CDATA[State]]></text>
                                      </contents>
                                      <attributes />
                                    </marker>
                                    <text><![CDATA[: ]]></text>
                                    <marker class="ExceptionPropertyValue">
                                      <contents>
                                        <text><![CDATA[1]]></text>
                                      </contents>
                                      <attributes />
                                    </marker>
                                    <text><![CDATA[
]]></text>
                                    <marker class="ExceptionPropertyName">
                                      <contents>
                                        <text><![CDATA[ErrorCode]]></text>
                                      </contents>
                                      <attributes />
                                    </marker>
                                    <text><![CDATA[: ]]></text>
                                    <marker class="ExceptionPropertyValue">
                                      <contents>
                                        <text><![CDATA[-2146232060]]></text>
                                      </contents>
                                      <attributes />
                                    </marker>
                                    <text><![CDATA[
]]></text>
                                    <marker class="StackTrace">
                                      <contents>
                                        <text><![CDATA[   at System.Data.SqlClient.SqlConnection.OnError(SqlException exception, Boolean breakConnection)
   at System.Data.SqlClient.SqlInternalConnection.OnError(SqlException exception, Boolean breakConnection)
   at System.Data.SqlClient.TdsParser.ThrowExceptionAndWarning(TdsParserStateObject stateObj)
   at System.Data.SqlClient.TdsParser.Run(RunBehavior runBehavior, SqlCommand cmdHandler, SqlDataReader dataStream, BulkCopySimpleResultSet bulkCopyHandler, TdsParserStateObject stateObj)
   at System.Data.SqlClient.SqlDataReader.ConsumeMetaData()
   at System.Data.SqlClient.SqlDataReader.get_MetaData()
   at System.Data.SqlClient.SqlCommand.FinishExecuteReader(SqlDataReader ds, RunBehavior runBehavior, String resetOptionsString)
   at System.Data.SqlClient.SqlCommand.RunExecuteReaderTds(CommandBehavior cmdBehavior, RunBehavior runBehavior, Boolean returnStream, Boolean async)
   at System.Data.SqlClient.SqlCommand.RunExecuteReader(CommandBehavior cmdBehavior, RunBehavior runBehavior, Boolean returnStream, String method, DbAsyncResult result)
   at System.Data.SqlClient.SqlCommand.RunExecuteReader(CommandBehavior cmdBehavior, RunBehavior runBehavior, Boolean returnStream, String method)
   at System.Data.SqlClient.SqlCommand.ExecuteReader(CommandBehavior behavior, String method)
   at System.Data.SqlClient.SqlCommand.ExecuteDbDataReader(CommandBehavior behavior)
   at System.Data.Common.DbCommand.System.Data.IDbCommand.ExecuteReader(CommandBehavior behavior)
   at System.Data.Common.DbDataAdapter.FillInternal(DataSet dataset, DataTable[] datatables, Int32 startRecord, Int32 maxRecords, String srcTable, IDbCommand command, CommandBehavior behavior)
   at System.Data.Common.DbDataAdapter.Fill(DataSet dataSet, Int32 startRecord, Int32 maxRecords, String srcTable, IDbCommand command, CommandBehavior behavior)
   at System.Data.Common.DbDataAdapter.Fill(DataSet dataSet)
   at SubSonic.SqlDataProvider.GetDataSet[T](QueryCommand qry) in ]]></text>
                                        <marker class="CodeLocation">
                                          <contents>
                                            <text><![CDATA[C:\data\SubsonicRoot\ss2\SubSonic\DataProviders\SqlDataProvider.cs:line 438]]></text>
                                          </contents>
                                          <attributes>
                                            <attribute name="line" value="438" />
                                            <attribute name="path" value="C:\data\SubsonicRoot\ss2\SubSonic\DataProviders\SqlDataProvider.cs" />
                                          </attributes>
                                        </marker>
                                        <text><![CDATA[
   at SubSonic.DataService.GetDataSet[T](QueryCommand cmd) in ]]></text>
                                        <marker class="CodeLocation">
                                          <contents>
                                            <text><![CDATA[C:\data\SubsonicRoot\ss2\SubSonic\DataProviders\DataService.cs:line 536]]></text>
                                          </contents>
                                          <attributes>
                                            <attribute name="line" value="536" />
                                            <attribute name="path" value="C:\data\SubsonicRoot\ss2\SubSonic\DataProviders\DataService.cs" />
                                          </attributes>
                                        </marker>
                                        <text><![CDATA[
   at SubSonic.Query.ExecuteJoinedDataSet[T]() in ]]></text>
                                        <marker class="CodeLocation">
                                          <contents>
                                            <text><![CDATA[C:\data\SubsonicRoot\ss2\SubSonic\Sql Tools\Query.cs:line 1957]]></text>
                                          </contents>
                                          <attributes>
                                            <attribute name="line" value="1957" />
                                            <attribute name="path" value="C:\data\SubsonicRoot\ss2\SubSonic\Sql Tools\Query.cs" />
                                          </attributes>
                                        </marker>
                                        <text><![CDATA[
   at SubSonic.Query.ExecuteJoinedDataSet() in ]]></text>
                                        <marker class="CodeLocation">
                                          <contents>
                                            <text><![CDATA[C:\data\SubsonicRoot\ss2\SubSonic\Sql Tools\Query.cs:line 1842]]></text>
                                          </contents>
                                          <attributes>
                                            <attribute name="line" value="1842" />
                                            <attribute name="path" value="C:\data\SubsonicRoot\ss2\SubSonic\Sql Tools\Query.cs" />
                                          </attributes>
                                        </marker>
                                        <text><![CDATA[
   at SubSonic.Tests.QueryTest.QueryExecuteJoinedDataSet_ORDER_BY_Collection() in ]]></text>
                                        <marker class="CodeLocation">
                                          <contents>
                                            <text><![CDATA[C:\data\SubsonicRoot\ss2\SubSonic.Tests\QueryTest.cs:line 867]]></text>
                                          </contents>
                                          <attributes>
                                            <attribute name="line" value="867" />
                                            <attribute name="path" value="C:\data\SubsonicRoot\ss2\SubSonic.Tests\QueryTest.cs" />
                                          </attributes>
                                        </marker>
                                      </contents>
                                      <attributes />
                                    </marker>
                                  </contents>
                                  <attributes />
                                </marker>
                              </contents>
                            </section>
                          </contents>
                        </body>
                      </stream>
                    </streams>
                    <attachments />
                  </testLog>
                </testStepRun>
                <testStepRun startTime="2011-08-05T15:51:08.6024705+09:30" endTime="2011-08-05T15:51:08.7118455+09:30">
                  <testStep id="317c483fa75fd0e1" name="QueryExecuteJoinedDataSet_ORDER_BY_DESC" fullName="SubSonic.Tests/QueryTest/QueryExecuteJoinedDataSet_ORDER_BY_DESC" testId="1c7e35ab2fdd19c0" isPrimary="true" isTestCase="true" isDynamic="false">
                    <codeReference assembly="SubSonic.Tests, Version=2.2.1.0, Culture=neutral, PublicKeyToken=null" namespace="SubSonic.Tests" type="SubSonic.Tests.QueryTest" member="QueryExecuteJoinedDataSet_ORDER_BY_DESC" />
                    <codeLocation path="C:\data\SubsonicRoot\ss2\SubSonic.Tests\QueryTest.cs" line="756" />
                    <metadata>
                      <entry key="TestKind">
                        <value>Test</value>
                      </entry>
                    </metadata>
                  </testStep>
                  <children />
                  <result assertCount="0" duration="0.0168979">
                    <outcome status="failed" />
                  </result>
                  <testLog>
                    <streams>
                      <stream name="Failures">
                        <body>
                          <contents>
                            <section name="Execute">
                              <contents>
                                <marker class="Exception">
                                  <contents>
                                    <marker class="ExceptionType">
                                      <contents>
                                        <text><![CDATA[System.Data.SqlClient.SqlException]]></text>
                                      </contents>
                                      <attributes />
                                    </marker>
                                    <text><![CDATA[: ]]></text>
                                    <marker class="ExceptionMessage">
                                      <contents>
                                        <text><![CDATA[Incorrect syntax near the keyword 'BY'.]]></text>
                                      </contents>
                                      <attributes />
                                    </marker>
                                    <text><![CDATA[
]]></text>
                                    <marker class="ExceptionPropertyName">
                                      <contents>
                                        <text><![CDATA[Errors]]></text>
                                      </contents>
                                      <attributes />
                                    </marker>
                                    <text><![CDATA[: ]]></text>
                                    <marker class="ExceptionPropertyValue">
                                      <contents>
                                        <text><![CDATA[System.Data.SqlClient.SqlErrorCollection]]></text>
                                      </contents>
                                      <attributes />
                                    </marker>
                                    <text><![CDATA[
]]></text>
                                    <marker class="ExceptionPropertyName">
                                      <contents>
                                        <text><![CDATA[Class]]></text>
                                      </contents>
                                      <attributes />
                                    </marker>
                                    <text><![CDATA[: ]]></text>
                                    <marker class="ExceptionPropertyValue">
                                      <contents>
                                        <text><![CDATA[15]]></text>
                                      </contents>
                                      <attributes />
                                    </marker>
                                    <text><![CDATA[
]]></text>
                                    <marker class="ExceptionPropertyName">
                                      <contents>
                                        <text><![CDATA[LineNumber]]></text>
                                      </contents>
                                      <attributes />
                                    </marker>
                                    <text><![CDATA[: ]]></text>
                                    <marker class="ExceptionPropertyValue">
                                      <contents>
                                        <text><![CDATA[1]]></text>
                                      </contents>
                                      <attributes />
                                    </marker>
                                    <text><![CDATA[
]]></text>
                                    <marker class="ExceptionPropertyName">
                                      <contents>
                                        <text><![CDATA[Number]]></text>
                                      </contents>
                                      <attributes />
                                    </marker>
                                    <text><![CDATA[: ]]></text>
                                    <marker class="ExceptionPropertyValue">
                                      <contents>
                                        <text><![CDATA[156]]></text>
                                      </contents>
                                      <attributes />
                                    </marker>
                                    <text><![CDATA[
]]></text>
                                    <marker class="ExceptionPropertyName">
                                      <contents>
                                        <text><![CDATA[Procedure]]></text>
                                      </contents>
                                      <attributes />
                                    </marker>
                                    <text><![CDATA[: ]]></text>
                                    <marker class="ExceptionPropertyValue">
                                      <contents />
                                      <attributes />
                                    </marker>
                                    <text><![CDATA[
]]></text>
                                    <marker class="ExceptionPropertyName">
                                      <contents>
                                        <text><![CDATA[Server]]></text>
                                      </contents>
                                      <attributes />
                                    </marker>
                                    <text><![CDATA[: ]]></text>
                                    <marker class="ExceptionPropertyValue">
                                      <contents>
                                        <text><![CDATA[ANAXIMANDER\SQLEXPRESS]]></text>
                                      </contents>
                                      <attributes />
                                    </marker>
                                    <text><![CDATA[
]]></text>
                                    <marker class="ExceptionPropertyName">
                                      <contents>
                                        <text><![CDATA[State]]></text>
                                      </contents>
                                      <attributes />
                                    </marker>
                                    <text><![CDATA[: ]]></text>
                                    <marker class="ExceptionPropertyValue">
                                      <contents>
                                        <text><![CDATA[1]]></text>
                                      </contents>
                                      <attributes />
                                    </marker>
                                    <text><![CDATA[
]]></text>
                                    <marker class="ExceptionPropertyName">
                                      <contents>
                                        <text><![CDATA[ErrorCode]]></text>
                                      </contents>
                                      <attributes />
                                    </marker>
                                    <text><![CDATA[: ]]></text>
                                    <marker class="ExceptionPropertyValue">
                                      <contents>
                                        <text><![CDATA[-2146232060]]></text>
                                      </contents>
                                      <attributes />
                                    </marker>
                                    <text><![CDATA[
]]></text>
                                    <marker class="StackTrace">
                                      <contents>
                                        <text><![CDATA[   at System.Data.SqlClient.SqlConnection.OnError(SqlException exception, Boolean breakConnection)
   at System.Data.SqlClient.SqlInternalConnection.OnError(SqlException exception, Boolean breakConnection)
   at System.Data.SqlClient.TdsParser.ThrowExceptionAndWarning(TdsParserStateObject stateObj)
   at System.Data.SqlClient.TdsParser.Run(RunBehavior runBehavior, SqlCommand cmdHandler, SqlDataReader dataStream, BulkCopySimpleResultSet bulkCopyHandler, TdsParserStateObject stateObj)
   at System.Data.SqlClient.SqlDataReader.ConsumeMetaData()
   at System.Data.SqlClient.SqlDataReader.get_MetaData()
   at System.Data.SqlClient.SqlCommand.FinishExecuteReader(SqlDataReader ds, RunBehavior runBehavior, String resetOptionsString)
   at System.Data.SqlClient.SqlCommand.RunExecuteReaderTds(CommandBehavior cmdBehavior, RunBehavior runBehavior, Boolean returnStream, Boolean async)
   at System.Data.SqlClient.SqlCommand.RunExecuteReader(CommandBehavior cmdBehavior, RunBehavior runBehavior, Boolean returnStream, String method, DbAsyncResult result)
   at System.Data.SqlClient.SqlCommand.RunExecuteReader(CommandBehavior cmdBehavior, RunBehavior runBehavior, Boolean returnStream, String method)
   at System.Data.SqlClient.SqlCommand.ExecuteReader(CommandBehavior behavior, String method)
   at System.Data.SqlClient.SqlCommand.ExecuteDbDataReader(CommandBehavior behavior)
   at System.Data.Common.DbCommand.System.Data.IDbCommand.ExecuteReader(CommandBehavior behavior)
   at System.Data.Common.DbDataAdapter.FillInternal(DataSet dataset, DataTable[] datatables, Int32 startRecord, Int32 maxRecords, String srcTable, IDbCommand command, CommandBehavior behavior)
   at System.Data.Common.DbDataAdapter.Fill(DataSet dataSet, Int32 startRecord, Int32 maxRecords, String srcTable, IDbCommand command, CommandBehavior behavior)
   at System.Data.Common.DbDataAdapter.Fill(DataSet dataSet)
   at SubSonic.SqlDataProvider.GetDataSet[T](QueryCommand qry) in ]]></text>
                                        <marker class="CodeLocation">
                                          <contents>
                                            <text><![CDATA[C:\data\SubsonicRoot\ss2\SubSonic\DataProviders\SqlDataProvider.cs:line 438]]></text>
                                          </contents>
                                          <attributes>
                                            <attribute name="line" value="438" />
                                            <attribute name="path" value="C:\data\SubsonicRoot\ss2\SubSonic\DataProviders\SqlDataProvider.cs" />
                                          </attributes>
                                        </marker>
                                        <text><![CDATA[
   at SubSonic.DataService.GetDataSet[T](QueryCommand cmd) in ]]></text>
                                        <marker class="CodeLocation">
                                          <contents>
                                            <text><![CDATA[C:\data\SubsonicRoot\ss2\SubSonic\DataProviders\DataService.cs:line 536]]></text>
                                          </contents>
                                          <attributes>
                                            <attribute name="line" value="536" />
                                            <attribute name="path" value="C:\data\SubsonicRoot\ss2\SubSonic\DataProviders\DataService.cs" />
                                          </attributes>
                                        </marker>
                                        <text><![CDATA[
   at SubSonic.Query.ExecuteJoinedDataSet[T]() in ]]></text>
                                        <marker class="CodeLocation">
                                          <contents>
                                            <text><![CDATA[C:\data\SubsonicRoot\ss2\SubSonic\Sql Tools\Query.cs:line 1957]]></text>
                                          </contents>
                                          <attributes>
                                            <attribute name="line" value="1957" />
                                            <attribute name="path" value="C:\data\SubsonicRoot\ss2\SubSonic\Sql Tools\Query.cs" />
                                          </attributes>
                                        </marker>
                                        <text><![CDATA[
   at SubSonic.Query.ExecuteJoinedDataSet() in ]]></text>
                                        <marker class="CodeLocation">
                                          <contents>
                                            <text><![CDATA[C:\data\SubsonicRoot\ss2\SubSonic\Sql Tools\Query.cs:line 1842]]></text>
                                          </contents>
                                          <attributes>
                                            <attribute name="line" value="1842" />
                                            <attribute name="path" value="C:\data\SubsonicRoot\ss2\SubSonic\Sql Tools\Query.cs" />
                                          </attributes>
                                        </marker>
                                        <text><![CDATA[
   at SubSonic.Tests.QueryTest.QueryExecuteJoinedDataSet_ORDER_BY_DESC() in ]]></text>
                                        <marker class="CodeLocation">
                                          <contents>
                                            <text><![CDATA[C:\data\SubsonicRoot\ss2\SubSonic.Tests\QueryTest.cs:line 760]]></text>
                                          </contents>
                                          <attributes>
                                            <attribute name="line" value="760" />
                                            <attribute name="path" value="C:\data\SubsonicRoot\ss2\SubSonic.Tests\QueryTest.cs" />
                                          </attributes>
                                        </marker>
                                      </contents>
                                      <attributes />
                                    </marker>
                                  </contents>
                                  <attributes />
                                </marker>
                              </contents>
                            </section>
                          </contents>
                        </body>
                      </stream>
                    </streams>
                    <attachments />
                  </testLog>
                </testStepRun>
                <testStepRun startTime="2011-08-05T15:51:08.7118455+09:30" endTime="2011-08-05T15:51:08.8368455+09:30">
                  <testStep id="e5335222950f41e" name="QueryExecuteJoinedDataSet_ORDER_BY_DESC_Collection" fullName="SubSonic.Tests/QueryTest/QueryExecuteJoinedDataSet_ORDER_BY_DESC_Collection" testId="4af81c72f981aa27" isPrimary="true" isTestCase="true" isDynamic="false">
                    <codeReference assembly="SubSonic.Tests, Version=2.2.1.0, Culture=neutral, PublicKeyToken=null" namespace="SubSonic.Tests" type="SubSonic.Tests.QueryTest" member="QueryExecuteJoinedDataSet_ORDER_BY_DESC_Collection" />
                    <codeLocation path="C:\data\SubsonicRoot\ss2\SubSonic.Tests\QueryTest.cs" line="880" />
                    <metadata>
                      <entry key="TestKind">
                        <value>Test</value>
                      </entry>
                    </metadata>
                  </testStep>
                  <children />
                  <result assertCount="0" duration="0.0214143">
                    <outcome status="failed" />
                  </result>
                  <testLog>
                    <streams>
                      <stream name="Failures">
                        <body>
                          <contents>
                            <section name="Execute">
                              <contents>
                                <marker class="Exception">
                                  <contents>
                                    <marker class="ExceptionType">
                                      <contents>
                                        <text><![CDATA[System.Data.SqlClient.SqlException]]></text>
                                      </contents>
                                      <attributes />
                                    </marker>
                                    <text><![CDATA[: ]]></text>
                                    <marker class="ExceptionMessage">
                                      <contents>
                                        <text><![CDATA[Incorrect syntax near the keyword 'BY'.]]></text>
                                      </contents>
                                      <attributes />
                                    </marker>
                                    <text><![CDATA[
]]></text>
                                    <marker class="ExceptionPropertyName">
                                      <contents>
                                        <text><![CDATA[Errors]]></text>
                                      </contents>
                                      <attributes />
                                    </marker>
                                    <text><![CDATA[: ]]></text>
                                    <marker class="ExceptionPropertyValue">
                                      <contents>
                                        <text><![CDATA[System.Data.SqlClient.SqlErrorCollection]]></text>
                                      </contents>
                                      <attributes />
                                    </marker>
                                    <text><![CDATA[
]]></text>
                                    <marker class="ExceptionPropertyName">
                                      <contents>
                                        <text><![CDATA[Class]]></text>
                                      </contents>
                                      <attributes />
                                    </marker>
                                    <text><![CDATA[: ]]></text>
                                    <marker class="ExceptionPropertyValue">
                                      <contents>
                                        <text><![CDATA[15]]></text>
                                      </contents>
                                      <attributes />
                                    </marker>
                                    <text><![CDATA[
]]></text>
                                    <marker class="ExceptionPropertyName">
                                      <contents>
                                        <text><![CDATA[LineNumber]]></text>
                                      </contents>
                                      <attributes />
                                    </marker>
                                    <text><![CDATA[: ]]></text>
                                    <marker class="ExceptionPropertyValue">
                                      <contents>
                                        <text><![CDATA[1]]></text>
                                      </contents>
                                      <attributes />
                                    </marker>
                                    <text><![CDATA[
]]></text>
                                    <marker class="ExceptionPropertyName">
                                      <contents>
                                        <text><![CDATA[Number]]></text>
                                      </contents>
                                      <attributes />
                                    </marker>
                                    <text><![CDATA[: ]]></text>
                                    <marker class="ExceptionPropertyValue">
                                      <contents>
                                        <text><![CDATA[156]]></text>
                                      </contents>
                                      <attributes />
                                    </marker>
                                    <text><![CDATA[
]]></text>
                                    <marker class="ExceptionPropertyName">
                                      <contents>
                                        <text><![CDATA[Procedure]]></text>
                                      </contents>
                                      <attributes />
                                    </marker>
                                    <text><![CDATA[: ]]></text>
                                    <marker class="ExceptionPropertyValue">
                                      <contents />
                                      <attributes />
                                    </marker>
                                    <text><![CDATA[
]]></text>
                                    <marker class="ExceptionPropertyName">
                                      <contents>
                                        <text><![CDATA[Server]]></text>
                                      </contents>
                                      <attributes />
                                    </marker>
                                    <text><![CDATA[: ]]></text>
                                    <marker class="ExceptionPropertyValue">
                                      <contents>
                                        <text><![CDATA[ANAXIMANDER\SQLEXPRESS]]></text>
                                      </contents>
                                      <attributes />
                                    </marker>
                                    <text><![CDATA[
]]></text>
                                    <marker class="ExceptionPropertyName">
                                      <contents>
                                        <text><![CDATA[State]]></text>
                                      </contents>
                                      <attributes />
                                    </marker>
                                    <text><![CDATA[: ]]></text>
                                    <marker class="ExceptionPropertyValue">
                                      <contents>
                                        <text><![CDATA[1]]></text>
                                      </contents>
                                      <attributes />
                                    </marker>
                                    <text><![CDATA[
]]></text>
                                    <marker class="ExceptionPropertyName">
                                      <contents>
                                        <text><![CDATA[ErrorCode]]></text>
                                      </contents>
                                      <attributes />
                                    </marker>
                                    <text><![CDATA[: ]]></text>
                                    <marker class="ExceptionPropertyValue">
                                      <contents>
                                        <text><![CDATA[-2146232060]]></text>
                                      </contents>
                                      <attributes />
                                    </marker>
                                    <text><![CDATA[
]]></text>
                                    <marker class="StackTrace">
                                      <contents>
                                        <text><![CDATA[   at System.Data.SqlClient.SqlConnection.OnError(SqlException exception, Boolean breakConnection)
   at System.Data.SqlClient.SqlInternalConnection.OnError(SqlException exception, Boolean breakConnection)
   at System.Data.SqlClient.TdsParser.ThrowExceptionAndWarning(TdsParserStateObject stateObj)
   at System.Data.SqlClient.TdsParser.Run(RunBehavior runBehavior, SqlCommand cmdHandler, SqlDataReader dataStream, BulkCopySimpleResultSet bulkCopyHandler, TdsParserStateObject stateObj)
   at System.Data.SqlClient.SqlDataReader.ConsumeMetaData()
   at System.Data.SqlClient.SqlDataReader.get_MetaData()
   at System.Data.SqlClient.SqlCommand.FinishExecuteReader(SqlDataReader ds, RunBehavior runBehavior, String resetOptionsString)
   at System.Data.SqlClient.SqlCommand.RunExecuteReaderTds(CommandBehavior cmdBehavior, RunBehavior runBehavior, Boolean returnStream, Boolean async)
   at System.Data.SqlClient.SqlCommand.RunExecuteReader(CommandBehavior cmdBehavior, RunBehavior runBehavior, Boolean returnStream, String method, DbAsyncResult result)
   at System.Data.SqlClient.SqlCommand.RunExecuteReader(CommandBehavior cmdBehavior, RunBehavior runBehavior, Boolean returnStream, String method)
   at System.Data.SqlClient.SqlCommand.ExecuteReader(CommandBehavior behavior, String method)
   at System.Data.SqlClient.SqlCommand.ExecuteDbDataReader(CommandBehavior behavior)
   at System.Data.Common.DbCommand.System.Data.IDbCommand.ExecuteReader(CommandBehavior behavior)
   at System.Data.Common.DbDataAdapter.FillInternal(DataSet dataset, DataTable[] datatables, Int32 startRecord, Int32 maxRecords, String srcTable, IDbCommand command, CommandBehavior behavior)
   at System.Data.Common.DbDataAdapter.Fill(DataSet dataSet, Int32 startRecord, Int32 maxRecords, String srcTable, IDbCommand command, CommandBehavior behavior)
   at System.Data.Common.DbDataAdapter.Fill(DataSet dataSet)
   at SubSonic.SqlDataProvider.GetDataSet[T](QueryCommand qry) in ]]></text>
                                        <marker class="CodeLocation">
                                          <contents>
                                            <text><![CDATA[C:\data\SubsonicRoot\ss2\SubSonic\DataProviders\SqlDataProvider.cs:line 438]]></text>
                                          </contents>
                                          <attributes>
                                            <attribute name="line" value="438" />
                                            <attribute name="path" value="C:\data\SubsonicRoot\ss2\SubSonic\DataProviders\SqlDataProvider.cs" />
                                          </attributes>
                                        </marker>
                                        <text><![CDATA[
   at SubSonic.DataService.GetDataSet[T](QueryCommand cmd) in ]]></text>
                                        <marker class="CodeLocation">
                                          <contents>
                                            <text><![CDATA[C:\data\SubsonicRoot\ss2\SubSonic\DataProviders\DataService.cs:line 536]]></text>
                                          </contents>
                                          <attributes>
                                            <attribute name="line" value="536" />
                                            <attribute name="path" value="C:\data\SubsonicRoot\ss2\SubSonic\DataProviders\DataService.cs" />
                                          </attributes>
                                        </marker>
                                        <text><![CDATA[
   at SubSonic.Query.ExecuteJoinedDataSet[T]() in ]]></text>
                                        <marker class="CodeLocation">
                                          <contents>
                                            <text><![CDATA[C:\data\SubsonicRoot\ss2\SubSonic\Sql Tools\Query.cs:line 1957]]></text>
                                          </contents>
                                          <attributes>
                                            <attribute name="line" value="1957" />
                                            <attribute name="path" value="C:\data\SubsonicRoot\ss2\SubSonic\Sql Tools\Query.cs" />
                                          </attributes>
                                        </marker>
                                        <text><![CDATA[
   at SubSonic.Query.ExecuteJoinedDataSet() in ]]></text>
                                        <marker class="CodeLocation">
                                          <contents>
                                            <text><![CDATA[C:\data\SubsonicRoot\ss2\SubSonic\Sql Tools\Query.cs:line 1842]]></text>
                                          </contents>
                                          <attributes>
                                            <attribute name="line" value="1842" />
                                            <attribute name="path" value="C:\data\SubsonicRoot\ss2\SubSonic\Sql Tools\Query.cs" />
                                          </attributes>
                                        </marker>
                                        <text><![CDATA[
   at SubSonic.Tests.QueryTest.QueryExecuteJoinedDataSet_ORDER_BY_DESC_Collection() in ]]></text>
                                        <marker class="CodeLocation">
                                          <contents>
                                            <text><![CDATA[C:\data\SubsonicRoot\ss2\SubSonic.Tests\QueryTest.cs:line 884]]></text>
                                          </contents>
                                          <attributes>
                                            <attribute name="line" value="884" />
                                            <attribute name="path" value="C:\data\SubsonicRoot\ss2\SubSonic.Tests\QueryTest.cs" />
                                          </attributes>
                                        </marker>
                                      </contents>
                                      <attributes />
                                    </marker>
                                  </contents>
                                  <attributes />
                                </marker>
                              </contents>
                            </section>
                          </contents>
                        </body>
                      </stream>
                    </streams>
                    <attachments />
                  </testLog>
                </testStepRun>
                <testStepRun startTime="2011-08-05T15:51:08.8368455+09:30" endTime="2011-08-05T15:51:08.9462205+09:30">
                  <testStep id="bf9443ae2e4aa2d7" name="QueryExecuteJoinedDataSet_ORDER_BY_Expression" fullName="SubSonic.Tests/QueryTest/QueryExecuteJoinedDataSet_ORDER_BY_Expression" testId="7b83051614492264" isPrimary="true" isTestCase="true" isDynamic="false">
                    <codeReference assembly="SubSonic.Tests, Version=2.2.1.0, Culture=neutral, PublicKeyToken=null" namespace="SubSonic.Tests" type="SubSonic.Tests.QueryTest" member="QueryExecuteJoinedDataSet_ORDER_BY_Expression" />
                    <codeLocation path="C:\data\SubsonicRoot\ss2\SubSonic.Tests\QueryTest.cs" line="771" />
                    <metadata>
                      <entry key="TestKind">
                        <value>Test</value>
                      </entry>
                    </metadata>
                  </testStep>
                  <children />
                  <result assertCount="0" duration="0.0306636">
                    <outcome status="failed" />
                  </result>
                  <testLog>
                    <streams>
                      <stream name="Failures">
                        <body>
                          <contents>
                            <section name="Execute">
                              <contents>
                                <marker class="Exception">
                                  <contents>
                                    <marker class="ExceptionType">
                                      <contents>
                                        <text><![CDATA[System.Data.SqlClient.SqlException]]></text>
                                      </contents>
                                      <attributes />
                                    </marker>
                                    <text><![CDATA[: ]]></text>
                                    <marker class="ExceptionMessage">
                                      <contents>
                                        <text><![CDATA[Incorrect syntax near the keyword 'BY'.]]></text>
                                      </contents>
                                      <attributes />
                                    </marker>
                                    <text><![CDATA[
]]></text>
                                    <marker class="ExceptionPropertyName">
                                      <contents>
                                        <text><![CDATA[Errors]]></text>
                                      </contents>
                                      <attributes />
                                    </marker>
                                    <text><![CDATA[: ]]></text>
                                    <marker class="ExceptionPropertyValue">
                                      <contents>
                                        <text><![CDATA[System.Data.SqlClient.SqlErrorCollection]]></text>
                                      </contents>
                                      <attributes />
                                    </marker>
                                    <text><![CDATA[
]]></text>
                                    <marker class="ExceptionPropertyName">
                                      <contents>
                                        <text><![CDATA[Class]]></text>
                                      </contents>
                                      <attributes />
                                    </marker>
                                    <text><![CDATA[: ]]></text>
                                    <marker class="ExceptionPropertyValue">
                                      <contents>
                                        <text><![CDATA[15]]></text>
                                      </contents>
                                      <attributes />
                                    </marker>
                                    <text><![CDATA[
]]></text>
                                    <marker class="ExceptionPropertyName">
                                      <contents>
                                        <text><![CDATA[LineNumber]]></text>
                                      </contents>
                                      <attributes />
                                    </marker>
                                    <text><![CDATA[: ]]></text>
                                    <marker class="ExceptionPropertyValue">
                                      <contents>
                                        <text><![CDATA[1]]></text>
                                      </contents>
                                      <attributes />
                                    </marker>
                                    <text><![CDATA[
]]></text>
                                    <marker class="ExceptionPropertyName">
                                      <contents>
                                        <text><![CDATA[Number]]></text>
                                      </contents>
                                      <attributes />
                                    </marker>
                                    <text><![CDATA[: ]]></text>
                                    <marker class="ExceptionPropertyValue">
                                      <contents>
                                        <text><![CDATA[156]]></text>
                                      </contents>
                                      <attributes />
                                    </marker>
                                    <text><![CDATA[
]]></text>
                                    <marker class="ExceptionPropertyName">
                                      <contents>
                                        <text><![CDATA[Procedure]]></text>
                                      </contents>
                                      <attributes />
                                    </marker>
                                    <text><![CDATA[: ]]></text>
                                    <marker class="ExceptionPropertyValue">
                                      <contents />
                                      <attributes />
                                    </marker>
                                    <text><![CDATA[
]]></text>
                                    <marker class="ExceptionPropertyName">
                                      <contents>
                                        <text><![CDATA[Server]]></text>
                                      </contents>
                                      <attributes />
                                    </marker>
                                    <text><![CDATA[: ]]></text>
                                    <marker class="ExceptionPropertyValue">
                                      <contents>
                                        <text><![CDATA[ANAXIMANDER\SQLEXPRESS]]></text>
                                      </contents>
                                      <attributes />
                                    </marker>
                                    <text><![CDATA[
]]></text>
                                    <marker class="ExceptionPropertyName">
                                      <contents>
                                        <text><![CDATA[State]]></text>
                                      </contents>
                                      <attributes />
                                    </marker>
                                    <text><![CDATA[: ]]></text>
                                    <marker class="ExceptionPropertyValue">
                                      <contents>
                                        <text><![CDATA[1]]></text>
                                      </contents>
                                      <attributes />
                                    </marker>
                                    <text><![CDATA[
]]></text>
                                    <marker class="ExceptionPropertyName">
                                      <contents>
                                        <text><![CDATA[ErrorCode]]></text>
                                      </contents>
                                      <attributes />
                                    </marker>
                                    <text><![CDATA[: ]]></text>
                                    <marker class="ExceptionPropertyValue">
                                      <contents>
                                        <text><![CDATA[-2146232060]]></text>
                                      </contents>
                                      <attributes />
                                    </marker>
                                    <text><![CDATA[
]]></text>
                                    <marker class="StackTrace">
                                      <contents>
                                        <text><![CDATA[   at System.Data.SqlClient.SqlConnection.OnError(SqlException exception, Boolean breakConnection)
   at System.Data.SqlClient.SqlInternalConnection.OnError(SqlException exception, Boolean breakConnection)
   at System.Data.SqlClient.TdsParser.ThrowExceptionAndWarning(TdsParserStateObject stateObj)
   at System.Data.SqlClient.TdsParser.Run(RunBehavior runBehavior, SqlCommand cmdHandler, SqlDataReader dataStream, BulkCopySimpleResultSet bulkCopyHandler, TdsParserStateObject stateObj)
   at System.Data.SqlClient.SqlDataReader.ConsumeMetaData()
   at System.Data.SqlClient.SqlDataReader.get_MetaData()
   at System.Data.SqlClient.SqlCommand.FinishExecuteReader(SqlDataReader ds, RunBehavior runBehavior, String resetOptionsString)
   at System.Data.SqlClient.SqlCommand.RunExecuteReaderTds(CommandBehavior cmdBehavior, RunBehavior runBehavior, Boolean returnStream, Boolean async)
   at System.Data.SqlClient.SqlCommand.RunExecuteReader(CommandBehavior cmdBehavior, RunBehavior runBehavior, Boolean returnStream, String method, DbAsyncResult result)
   at System.Data.SqlClient.SqlCommand.RunExecuteReader(CommandBehavior cmdBehavior, RunBehavior runBehavior, Boolean returnStream, String method)
   at System.Data.SqlClient.SqlCommand.ExecuteReader(CommandBehavior behavior, String method)
   at System.Data.SqlClient.SqlCommand.ExecuteDbDataReader(CommandBehavior behavior)
   at System.Data.Common.DbCommand.System.Data.IDbCommand.ExecuteReader(CommandBehavior behavior)
   at System.Data.Common.DbDataAdapter.FillInternal(DataSet dataset, DataTable[] datatables, Int32 startRecord, Int32 maxRecords, String srcTable, IDbCommand command, CommandBehavior behavior)
   at System.Data.Common.DbDataAdapter.Fill(DataSet dataSet, Int32 startRecord, Int32 maxRecords, String srcTable, IDbCommand command, CommandBehavior behavior)
   at System.Data.Common.DbDataAdapter.Fill(DataSet dataSet)
   at SubSonic.SqlDataProvider.GetDataSet[T](QueryCommand qry) in ]]></text>
                                        <marker class="CodeLocation">
                                          <contents>
                                            <text><![CDATA[C:\data\SubsonicRoot\ss2\SubSonic\DataProviders\SqlDataProvider.cs:line 438]]></text>
                                          </contents>
                                          <attributes>
                                            <attribute name="line" value="438" />
                                            <attribute name="path" value="C:\data\SubsonicRoot\ss2\SubSonic\DataProviders\SqlDataProvider.cs" />
                                          </attributes>
                                        </marker>
                                        <text><![CDATA[
   at SubSonic.DataService.GetDataSet[T](QueryCommand cmd) in ]]></text>
                                        <marker class="CodeLocation">
                                          <contents>
                                            <text><![CDATA[C:\data\SubsonicRoot\ss2\SubSonic\DataProviders\DataService.cs:line 536]]></text>
                                          </contents>
                                          <attributes>
                                            <attribute name="line" value="536" />
                                            <attribute name="path" value="C:\data\SubsonicRoot\ss2\SubSonic\DataProviders\DataService.cs" />
                                          </attributes>
                                        </marker>
                                        <text><![CDATA[
   at SubSonic.Query.ExecuteJoinedDataSet[T]() in ]]></text>
                                        <marker class="CodeLocation">
                                          <contents>
                                            <text><![CDATA[C:\data\SubsonicRoot\ss2\SubSonic\Sql Tools\Query.cs:line 1957]]></text>
                                          </contents>
                                          <attributes>
                                            <attribute name="line" value="1957" />
                                            <attribute name="path" value="C:\data\SubsonicRoot\ss2\SubSonic\Sql Tools\Query.cs" />
                                          </attributes>
                                        </marker>
                                        <text><![CDATA[
   at SubSonic.Query.ExecuteJoinedDataSet() in ]]></text>
                                        <marker class="CodeLocation">
                                          <contents>
                                            <text><![CDATA[C:\data\SubsonicRoot\ss2\SubSonic\Sql Tools\Query.cs:line 1842]]></text>
                                          </contents>
                                          <attributes>
                                            <attribute name="line" value="1842" />
                                            <attribute name="path" value="C:\data\SubsonicRoot\ss2\SubSonic\Sql Tools\Query.cs" />
                                          </attributes>
                                        </marker>
                                        <text><![CDATA[
   at SubSonic.Tests.QueryTest.QueryExecuteJoinedDataSet_ORDER_BY_Expression() in ]]></text>
                                        <marker class="CodeLocation">
                                          <contents>
                                            <text><![CDATA[C:\data\SubsonicRoot\ss2\SubSonic.Tests\QueryTest.cs:line 774]]></text>
                                          </contents>
                                          <attributes>
                                            <attribute name="line" value="774" />
                                            <attribute name="path" value="C:\data\SubsonicRoot\ss2\SubSonic.Tests\QueryTest.cs" />
                                          </attributes>
                                        </marker>
                                      </contents>
                                      <attributes />
                                    </marker>
                                  </contents>
                                  <attributes />
                                </marker>
                              </contents>
                            </section>
                          </contents>
                        </body>
                      </stream>
                    </streams>
                    <attachments />
                  </testLog>
                </testStepRun>
                <testStepRun startTime="2011-08-05T15:51:08.9462205+09:30" endTime="2011-08-05T15:51:09.0868455+09:30">
                  <testStep id="81837f2cabf73d1" name="QueryExecuteJoinedDataSet_ORDER_BY_Expression_Collection" fullName="SubSonic.Tests/QueryTest/QueryExecuteJoinedDataSet_ORDER_BY_Expression_Collection" testId="5526f38da62244ce" isPrimary="true" isTestCase="true" isDynamic="false">
                    <codeReference assembly="SubSonic.Tests, Version=2.2.1.0, Culture=neutral, PublicKeyToken=null" namespace="SubSonic.Tests" type="SubSonic.Tests.QueryTest" member="QueryExecuteJoinedDataSet_ORDER_BY_Expression_Collection" />
                    <codeLocation path="C:\data\SubsonicRoot\ss2\SubSonic.Tests\QueryTest.cs" line="897" />
                    <metadata>
                      <entry key="TestKind">
                        <value>Test</value>
                      </entry>
                    </metadata>
                  </testStep>
                  <children />
                  <result assertCount="0" duration="0.0778685">
                    <outcome status="failed" />
                  </result>
                  <testLog>
                    <streams>
                      <stream name="Failures">
                        <body>
                          <contents>
                            <section name="Execute">
                              <contents>
                                <marker class="Exception">
                                  <contents>
                                    <marker class="ExceptionType">
                                      <contents>
                                        <text><![CDATA[System.Data.SqlClient.SqlException]]></text>
                                      </contents>
                                      <attributes />
                                    </marker>
                                    <text><![CDATA[: ]]></text>
                                    <marker class="ExceptionMessage">
                                      <contents>
                                        <text><![CDATA[Incorrect syntax near the keyword 'BY'.]]></text>
                                      </contents>
                                      <attributes />
                                    </marker>
                                    <text><![CDATA[
]]></text>
                                    <marker class="ExceptionPropertyName">
                                      <contents>
                                        <text><![CDATA[Errors]]></text>
                                      </contents>
                                      <attributes />
                                    </marker>
                                    <text><![CDATA[: ]]></text>
                                    <marker class="ExceptionPropertyValue">
                                      <contents>
                                        <text><![CDATA[System.Data.SqlClient.SqlErrorCollection]]></text>
                                      </contents>
                                      <attributes />
                                    </marker>
                                    <text><![CDATA[
]]></text>
                                    <marker class="ExceptionPropertyName">
                                      <contents>
                                        <text><![CDATA[Class]]></text>
                                      </contents>
                                      <attributes />
                                    </marker>
                                    <text><![CDATA[: ]]></text>
                                    <marker class="ExceptionPropertyValue">
                                      <contents>
                                        <text><![CDATA[15]]></text>
                                      </contents>
                                      <attributes />
                                    </marker>
                                    <text><![CDATA[
]]></text>
                                    <marker class="ExceptionPropertyName">
                                      <contents>
                                        <text><![CDATA[LineNumber]]></text>
                                      </contents>
                                      <attributes />
                                    </marker>
                                    <text><![CDATA[: ]]></text>
                                    <marker class="ExceptionPropertyValue">
                                      <contents>
                                        <text><![CDATA[1]]></text>
                                      </contents>
                                      <attributes />
                                    </marker>
                                    <text><![CDATA[
]]></text>
                                    <marker class="ExceptionPropertyName">
                                      <contents>
                                        <text><![CDATA[Number]]></text>
                                      </contents>
                                      <attributes />
                                    </marker>
                                    <text><![CDATA[: ]]></text>
                                    <marker class="ExceptionPropertyValue">
                                      <contents>
                                        <text><![CDATA[156]]></text>
                                      </contents>
                                      <attributes />
                                    </marker>
                                    <text><![CDATA[
]]></text>
                                    <marker class="ExceptionPropertyName">
                                      <contents>
                                        <text><![CDATA[Procedure]]></text>
                                      </contents>
                                      <attributes />
                                    </marker>
                                    <text><![CDATA[: ]]></text>
                                    <marker class="ExceptionPropertyValue">
                                      <contents />
                                      <attributes />
                                    </marker>
                                    <text><![CDATA[
]]></text>
                                    <marker class="ExceptionPropertyName">
                                      <contents>
                                        <text><![CDATA[Server]]></text>
                                      </contents>
                                      <attributes />
                                    </marker>
                                    <text><![CDATA[: ]]></text>
                                    <marker class="ExceptionPropertyValue">
                                      <contents>
                                        <text><![CDATA[ANAXIMANDER\SQLEXPRESS]]></text>
                                      </contents>
                                      <attributes />
                                    </marker>
                                    <text><![CDATA[
]]></text>
                                    <marker class="ExceptionPropertyName">
                                      <contents>
                                        <text><![CDATA[State]]></text>
                                      </contents>
                                      <attributes />
                                    </marker>
                                    <text><![CDATA[: ]]></text>
                                    <marker class="ExceptionPropertyValue">
                                      <contents>
                                        <text><![CDATA[1]]></text>
                                      </contents>
                                      <attributes />
                                    </marker>
                                    <text><![CDATA[
]]></text>
                                    <marker class="ExceptionPropertyName">
                                      <contents>
                                        <text><![CDATA[ErrorCode]]></text>
                                      </contents>
                                      <attributes />
                                    </marker>
                                    <text><![CDATA[: ]]></text>
                                    <marker class="ExceptionPropertyValue">
                                      <contents>
                                        <text><![CDATA[-2146232060]]></text>
                                      </contents>
                                      <attributes />
                                    </marker>
                                    <text><![CDATA[
]]></text>
                                    <marker class="StackTrace">
                                      <contents>
                                        <text><![CDATA[   at System.Data.SqlClient.SqlConnection.OnError(SqlException exception, Boolean breakConnection)
   at System.Data.SqlClient.SqlInternalConnection.OnError(SqlException exception, Boolean breakConnection)
   at System.Data.SqlClient.TdsParser.ThrowExceptionAndWarning(TdsParserStateObject stateObj)
   at System.Data.SqlClient.TdsParser.Run(RunBehavior runBehavior, SqlCommand cmdHandler, SqlDataReader dataStream, BulkCopySimpleResultSet bulkCopyHandler, TdsParserStateObject stateObj)
   at System.Data.SqlClient.SqlDataReader.ConsumeMetaData()
   at System.Data.SqlClient.SqlDataReader.get_MetaData()
   at System.Data.SqlClient.SqlCommand.FinishExecuteReader(SqlDataReader ds, RunBehavior runBehavior, String resetOptionsString)
   at System.Data.SqlClient.SqlCommand.RunExecuteReaderTds(CommandBehavior cmdBehavior, RunBehavior runBehavior, Boolean returnStream, Boolean async)
   at System.Data.SqlClient.SqlCommand.RunExecuteReader(CommandBehavior cmdBehavior, RunBehavior runBehavior, Boolean returnStream, String method, DbAsyncResult result)
   at System.Data.SqlClient.SqlCommand.RunExecuteReader(CommandBehavior cmdBehavior, RunBehavior runBehavior, Boolean returnStream, String method)
   at System.Data.SqlClient.SqlCommand.ExecuteReader(CommandBehavior behavior, String method)
   at System.Data.SqlClient.SqlCommand.ExecuteDbDataReader(CommandBehavior behavior)
   at System.Data.Common.DbCommand.System.Data.IDbCommand.ExecuteReader(CommandBehavior behavior)
   at System.Data.Common.DbDataAdapter.FillInternal(DataSet dataset, DataTable[] datatables, Int32 startRecord, Int32 maxRecords, String srcTable, IDbCommand command, CommandBehavior behavior)
   at System.Data.Common.DbDataAdapter.Fill(DataSet dataSet, Int32 startRecord, Int32 maxRecords, String srcTable, IDbCommand command, CommandBehavior behavior)
   at System.Data.Common.DbDataAdapter.Fill(DataSet dataSet)
   at SubSonic.SqlDataProvider.GetDataSet[T](QueryCommand qry) in ]]></text>
                                        <marker class="CodeLocation">
                                          <contents>
                                            <text><![CDATA[C:\data\SubsonicRoot\ss2\SubSonic\DataProviders\SqlDataProvider.cs:line 438]]></text>
                                          </contents>
                                          <attributes>
                                            <attribute name="line" value="438" />
                                            <attribute name="path" value="C:\data\SubsonicRoot\ss2\SubSonic\DataProviders\SqlDataProvider.cs" />
                                          </attributes>
                                        </marker>
                                        <text><![CDATA[
   at SubSonic.DataService.GetDataSet[T](QueryCommand cmd) in ]]></text>
                                        <marker class="CodeLocation">
                                          <contents>
                                            <text><![CDATA[C:\data\SubsonicRoot\ss2\SubSonic\DataProviders\DataService.cs:line 536]]></text>
                                          </contents>
                                          <attributes>
                                            <attribute name="line" value="536" />
                                            <attribute name="path" value="C:\data\SubsonicRoot\ss2\SubSonic\DataProviders\DataService.cs" />
                                          </attributes>
                                        </marker>
                                        <text><![CDATA[
   at SubSonic.Query.ExecuteJoinedDataSet[T]() in ]]></text>
                                        <marker class="CodeLocation">
                                          <contents>
                                            <text><![CDATA[C:\data\SubsonicRoot\ss2\SubSonic\Sql Tools\Query.cs:line 1957]]></text>
                                          </contents>
                                          <attributes>
                                            <attribute name="line" value="1957" />
                                            <attribute name="path" value="C:\data\SubsonicRoot\ss2\SubSonic\Sql Tools\Query.cs" />
                                          </attributes>
                                        </marker>
                                        <text><![CDATA[
   at SubSonic.Query.ExecuteJoinedDataSet() in ]]></text>
                                        <marker class="CodeLocation">
                                          <contents>
                                            <text><![CDATA[C:\data\SubsonicRoot\ss2\SubSonic\Sql Tools\Query.cs:line 1842]]></text>
                                          </contents>
                                          <attributes>
                                            <attribute name="line" value="1842" />
                                            <attribute name="path" value="C:\data\SubsonicRoot\ss2\SubSonic\Sql Tools\Query.cs" />
                                          </attributes>
                                        </marker>
                                        <text><![CDATA[
   at SubSonic.Tests.QueryTest.QueryExecuteJoinedDataSet_ORDER_BY_Expression_Collection() in ]]></text>
                                        <marker class="CodeLocation">
                                          <contents>
                                            <text><![CDATA[C:\data\SubsonicRoot\ss2\SubSonic.Tests\QueryTest.cs:line 900]]></text>
                                          </contents>
                                          <attributes>
                                            <attribute name="line" value="900" />
                                            <attribute name="path" value="C:\data\SubsonicRoot\ss2\SubSonic.Tests\QueryTest.cs" />
                                          </attributes>
                                        </marker>
                                      </contents>
                                      <attributes />
                                    </marker>
                                  </contents>
                                  <attributes />
                                </marker>
                              </contents>
                            </section>
                          </contents>
                        </body>
                      </stream>
                    </streams>
                    <attachments />
                  </testLog>
                </testStepRun>
                <testStepRun startTime="2011-08-05T15:51:09.0868455+09:30" endTime="2011-08-05T15:51:09.2274705+09:30">
                  <testStep id="52dfc66465a65bd1" name="QueryExecuteJoinedDataSet_ORDER_BY_ExpressionDESC" fullName="SubSonic.Tests/QueryTest/QueryExecuteJoinedDataSet_ORDER_BY_ExpressionDESC" testId="a824e63bdf5fe916" isPrimary="true" isTestCase="true" isDynamic="false">
                    <codeReference assembly="SubSonic.Tests, Version=2.2.1.0, Culture=neutral, PublicKeyToken=null" namespace="SubSonic.Tests" type="SubSonic.Tests.QueryTest" member="QueryExecuteJoinedDataSet_ORDER_BY_ExpressionDESC" />
                    <codeLocation path="C:\data\SubsonicRoot\ss2\SubSonic.Tests\QueryTest.cs" line="784" />
                    <metadata>
                      <entry key="TestKind">
                        <value>Test</value>
                      </entry>
                    </metadata>
                  </testStep>
                  <children />
                  <result assertCount="0" duration="0.050768999999999995">
                    <outcome status="failed" />
                  </result>
                  <testLog>
                    <streams>
                      <stream name="Failures">
                        <body>
                          <contents>
                            <section name="Execute">
                              <contents>
                                <marker class="Exception">
                                  <contents>
                                    <marker class="ExceptionType">
                                      <contents>
                                        <text><![CDATA[System.Data.SqlClient.SqlException]]></text>
                                      </contents>
                                      <attributes />
                                    </marker>
                                    <text><![CDATA[: ]]></text>
                                    <marker class="ExceptionMessage">
                                      <contents>
                                        <text><![CDATA[Incorrect syntax near the keyword 'BY'.]]></text>
                                      </contents>
                                      <attributes />
                                    </marker>
                                    <text><![CDATA[
]]></text>
                                    <marker class="ExceptionPropertyName">
                                      <contents>
                                        <text><![CDATA[Errors]]></text>
                                      </contents>
                                      <attributes />
                                    </marker>
                                    <text><![CDATA[: ]]></text>
                                    <marker class="ExceptionPropertyValue">
                                      <contents>
                                        <text><![CDATA[System.Data.SqlClient.SqlErrorCollection]]></text>
                                      </contents>
                                      <attributes />
                                    </marker>
                                    <text><![CDATA[
]]></text>
                                    <marker class="ExceptionPropertyName">
                                      <contents>
                                        <text><![CDATA[Class]]></text>
                                      </contents>
                                      <attributes />
                                    </marker>
                                    <text><![CDATA[: ]]></text>
                                    <marker class="ExceptionPropertyValue">
                                      <contents>
                                        <text><![CDATA[15]]></text>
                                      </contents>
                                      <attributes />
                                    </marker>
                                    <text><![CDATA[
]]></text>
                                    <marker class="ExceptionPropertyName">
                                      <contents>
                                        <text><![CDATA[LineNumber]]></text>
                                      </contents>
                                      <attributes />
                                    </marker>
                                    <text><![CDATA[: ]]></text>
                                    <marker class="ExceptionPropertyValue">
                                      <contents>
                                        <text><![CDATA[1]]></text>
                                      </contents>
                                      <attributes />
                                    </marker>
                                    <text><![CDATA[
]]></text>
                                    <marker class="ExceptionPropertyName">
                                      <contents>
                                        <text><![CDATA[Number]]></text>
                                      </contents>
                                      <attributes />
                                    </marker>
                                    <text><![CDATA[: ]]></text>
                                    <marker class="ExceptionPropertyValue">
                                      <contents>
                                        <text><![CDATA[156]]></text>
                                      </contents>
                                      <attributes />
                                    </marker>
                                    <text><![CDATA[
]]></text>
                                    <marker class="ExceptionPropertyName">
                                      <contents>
                                        <text><![CDATA[Procedure]]></text>
                                      </contents>
                                      <attributes />
                                    </marker>
                                    <text><![CDATA[: ]]></text>
                                    <marker class="ExceptionPropertyValue">
                                      <contents />
                                      <attributes />
                                    </marker>
                                    <text><![CDATA[
]]></text>
                                    <marker class="ExceptionPropertyName">
                                      <contents>
                                        <text><![CDATA[Server]]></text>
                                      </contents>
                                      <attributes />
                                    </marker>
                                    <text><![CDATA[: ]]></text>
                                    <marker class="ExceptionPropertyValue">
                                      <contents>
                                        <text><![CDATA[ANAXIMANDER\SQLEXPRESS]]></text>
                                      </contents>
                                      <attributes />
                                    </marker>
                                    <text><![CDATA[
]]></text>
                                    <marker class="ExceptionPropertyName">
                                      <contents>
                                        <text><![CDATA[State]]></text>
                                      </contents>
                                      <attributes />
                                    </marker>
                                    <text><![CDATA[: ]]></text>
                                    <marker class="ExceptionPropertyValue">
                                      <contents>
                                        <text><![CDATA[1]]></text>
                                      </contents>
                                      <attributes />
                                    </marker>
                                    <text><![CDATA[
]]></text>
                                    <marker class="ExceptionPropertyName">
                                      <contents>
                                        <text><![CDATA[ErrorCode]]></text>
                                      </contents>
                                      <attributes />
                                    </marker>
                                    <text><![CDATA[: ]]></text>
                                    <marker class="ExceptionPropertyValue">
                                      <contents>
                                        <text><![CDATA[-2146232060]]></text>
                                      </contents>
                                      <attributes />
                                    </marker>
                                    <text><![CDATA[
]]></text>
                                    <marker class="StackTrace">
                                      <contents>
                                        <text><![CDATA[   at System.Data.SqlClient.SqlConnection.OnError(SqlException exception, Boolean breakConnection)
   at System.Data.SqlClient.SqlInternalConnection.OnError(SqlException exception, Boolean breakConnection)
   at System.Data.SqlClient.TdsParser.ThrowExceptionAndWarning(TdsParserStateObject stateObj)
   at System.Data.SqlClient.TdsParser.Run(RunBehavior runBehavior, SqlCommand cmdHandler, SqlDataReader dataStream, BulkCopySimpleResultSet bulkCopyHandler, TdsParserStateObject stateObj)
   at System.Data.SqlClient.SqlDataReader.ConsumeMetaData()
   at System.Data.SqlClient.SqlDataReader.get_MetaData()
   at System.Data.SqlClient.SqlCommand.FinishExecuteReader(SqlDataReader ds, RunBehavior runBehavior, String resetOptionsString)
   at System.Data.SqlClient.SqlCommand.RunExecuteReaderTds(CommandBehavior cmdBehavior, RunBehavior runBehavior, Boolean returnStream, Boolean async)
   at System.Data.SqlClient.SqlCommand.RunExecuteReader(CommandBehavior cmdBehavior, RunBehavior runBehavior, Boolean returnStream, String method, DbAsyncResult result)
   at System.Data.SqlClient.SqlCommand.RunExecuteReader(CommandBehavior cmdBehavior, RunBehavior runBehavior, Boolean returnStream, String method)
   at System.Data.SqlClient.SqlCommand.ExecuteReader(CommandBehavior behavior, String method)
   at System.Data.SqlClient.SqlCommand.ExecuteDbDataReader(CommandBehavior behavior)
   at System.Data.Common.DbCommand.System.Data.IDbCommand.ExecuteReader(CommandBehavior behavior)
   at System.Data.Common.DbDataAdapter.FillInternal(DataSet dataset, DataTable[] datatables, Int32 startRecord, Int32 maxRecords, String srcTable, IDbCommand command, CommandBehavior behavior)
   at System.Data.Common.DbDataAdapter.Fill(DataSet dataSet, Int32 startRecord, Int32 maxRecords, String srcTable, IDbCommand command, CommandBehavior behavior)
   at System.Data.Common.DbDataAdapter.Fill(DataSet dataSet)
   at SubSonic.SqlDataProvider.GetDataSet[T](QueryCommand qry) in ]]></text>
                                        <marker class="CodeLocation">
                                          <contents>
                                            <text><![CDATA[C:\data\SubsonicRoot\ss2\SubSonic\DataProviders\SqlDataProvider.cs:line 438]]></text>
                                          </contents>
                                          <attributes>
                                            <attribute name="line" value="438" />
                                            <attribute name="path" value="C:\data\SubsonicRoot\ss2\SubSonic\DataProviders\SqlDataProvider.cs" />
                                          </attributes>
                                        </marker>
                                        <text><![CDATA[
   at SubSonic.DataService.GetDataSet[T](QueryCommand cmd) in ]]></text>
                                        <marker class="CodeLocation">
                                          <contents>
                                            <text><![CDATA[C:\data\SubsonicRoot\ss2\SubSonic\DataProviders\DataService.cs:line 536]]></text>
                                          </contents>
                                          <attributes>
                                            <attribute name="line" value="536" />
                                            <attribute name="path" value="C:\data\SubsonicRoot\ss2\SubSonic\DataProviders\DataService.cs" />
                                          </attributes>
                                        </marker>
                                        <text><![CDATA[
   at SubSonic.Query.ExecuteJoinedDataSet[T]() in ]]></text>
                                        <marker class="CodeLocation">
                                          <contents>
                                            <text><![CDATA[C:\data\SubsonicRoot\ss2\SubSonic\Sql Tools\Query.cs:line 1957]]></text>
                                          </contents>
                                          <attributes>
                                            <attribute name="line" value="1957" />
                                            <attribute name="path" value="C:\data\SubsonicRoot\ss2\SubSonic\Sql Tools\Query.cs" />
                                          </attributes>
                                        </marker>
                                        <text><![CDATA[
   at SubSonic.Query.ExecuteJoinedDataSet() in ]]></text>
                                        <marker class="CodeLocation">
                                          <contents>
                                            <text><![CDATA[C:\data\SubsonicRoot\ss2\SubSonic\Sql Tools\Query.cs:line 1842]]></text>
                                          </contents>
                                          <attributes>
                                            <attribute name="line" value="1842" />
                                            <attribute name="path" value="C:\data\SubsonicRoot\ss2\SubSonic\Sql Tools\Query.cs" />
                                          </attributes>
                                        </marker>
                                        <text><![CDATA[
   at SubSonic.Tests.QueryTest.QueryExecuteJoinedDataSet_ORDER_BY_ExpressionDESC() in ]]></text>
                                        <marker class="CodeLocation">
                                          <contents>
                                            <text><![CDATA[C:\data\SubsonicRoot\ss2\SubSonic.Tests\QueryTest.cs:line 787]]></text>
                                          </contents>
                                          <attributes>
                                            <attribute name="line" value="787" />
                                            <attribute name="path" value="C:\data\SubsonicRoot\ss2\SubSonic.Tests\QueryTest.cs" />
                                          </attributes>
                                        </marker>
                                      </contents>
                                      <attributes />
                                    </marker>
                                  </contents>
                                  <attributes />
                                </marker>
                              </contents>
                            </section>
                          </contents>
                        </body>
                      </stream>
                    </streams>
                    <attachments />
                  </testLog>
                </testStepRun>
                <testStepRun startTime="2011-08-05T15:51:09.2274705+09:30" endTime="2011-08-05T15:51:09.3524705+09:30">
                  <testStep id="16e430545ae61380" name="QueryExecuteJoinedDataSet_ORDER_BY_ExpressionDESC_Collection" fullName="SubSonic.Tests/QueryTest/QueryExecuteJoinedDataSet_ORDER_BY_ExpressionDESC_Collection" testId="aac99ba1d79bba39" isPrimary="true" isTestCase="true" isDynamic="false">
                    <codeReference assembly="SubSonic.Tests, Version=2.2.1.0, Culture=neutral, PublicKeyToken=null" namespace="SubSonic.Tests" type="SubSonic.Tests.QueryTest" member="QueryExecuteJoinedDataSet_ORDER_BY_ExpressionDESC_Collection" />
                    <codeLocation path="C:\data\SubsonicRoot\ss2\SubSonic.Tests\QueryTest.cs" line="913" />
                    <metadata>
                      <entry key="TestKind">
                        <value>Test</value>
                      </entry>
                    </metadata>
                  </testStep>
                  <children />
                  <result assertCount="0" duration="0.044869599999999996">
                    <outcome status="failed" />
                  </result>
                  <testLog>
                    <streams>
                      <stream name="Failures">
                        <body>
                          <contents>
                            <section name="Execute">
                              <contents>
                                <marker class="Exception">
                                  <contents>
                                    <marker class="ExceptionType">
                                      <contents>
                                        <text><![CDATA[System.Data.SqlClient.SqlException]]></text>
                                      </contents>
                                      <attributes />
                                    </marker>
                                    <text><![CDATA[: ]]></text>
                                    <marker class="ExceptionMessage">
                                      <contents>
                                        <text><![CDATA[Incorrect syntax near the keyword 'BY'.]]></text>
                                      </contents>
                                      <attributes />
                                    </marker>
                                    <text><![CDATA[
]]></text>
                                    <marker class="ExceptionPropertyName">
                                      <contents>
                                        <text><![CDATA[Errors]]></text>
                                      </contents>
                                      <attributes />
                                    </marker>
                                    <text><![CDATA[: ]]></text>
                                    <marker class="ExceptionPropertyValue">
                                      <contents>
                                        <text><![CDATA[System.Data.SqlClient.SqlErrorCollection]]></text>
                                      </contents>
                                      <attributes />
                                    </marker>
                                    <text><![CDATA[
]]></text>
                                    <marker class="ExceptionPropertyName">
                                      <contents>
                                        <text><![CDATA[Class]]></text>
                                      </contents>
                                      <attributes />
                                    </marker>
                                    <text><![CDATA[: ]]></text>
                                    <marker class="ExceptionPropertyValue">
                                      <contents>
                                        <text><![CDATA[15]]></text>
                                      </contents>
                                      <attributes />
                                    </marker>
                                    <text><![CDATA[
]]></text>
                                    <marker class="ExceptionPropertyName">
                                      <contents>
                                        <text><![CDATA[LineNumber]]></text>
                                      </contents>
                                      <attributes />
                                    </marker>
                                    <text><![CDATA[: ]]></text>
                                    <marker class="ExceptionPropertyValue">
                                      <contents>
                                        <text><![CDATA[1]]></text>
                                      </contents>
                                      <attributes />
                                    </marker>
                                    <text><![CDATA[
]]></text>
                                    <marker class="ExceptionPropertyName">
                                      <contents>
                                        <text><![CDATA[Number]]></text>
                                      </contents>
                                      <attributes />
                                    </marker>
                                    <text><![CDATA[: ]]></text>
                                    <marker class="ExceptionPropertyValue">
                                      <contents>
                                        <text><![CDATA[156]]></text>
                                      </contents>
                                      <attributes />
                                    </marker>
                                    <text><![CDATA[
]]></text>
                                    <marker class="ExceptionPropertyName">
                                      <contents>
                                        <text><![CDATA[Procedure]]></text>
                                      </contents>
                                      <attributes />
                                    </marker>
                                    <text><![CDATA[: ]]></text>
                                    <marker class="ExceptionPropertyValue">
                                      <contents />
                                      <attributes />
                                    </marker>
                                    <text><![CDATA[
]]></text>
                                    <marker class="ExceptionPropertyName">
                                      <contents>
                                        <text><![CDATA[Server]]></text>
                                      </contents>
                                      <attributes />
                                    </marker>
                                    <text><![CDATA[: ]]></text>
                                    <marker class="ExceptionPropertyValue">
                                      <contents>
                                        <text><![CDATA[ANAXIMANDER\SQLEXPRESS]]></text>
                                      </contents>
                                      <attributes />
                                    </marker>
                                    <text><![CDATA[
]]></text>
                                    <marker class="ExceptionPropertyName">
                                      <contents>
                                        <text><![CDATA[State]]></text>
                                      </contents>
                                      <attributes />
                                    </marker>
                                    <text><![CDATA[: ]]></text>
                                    <marker class="ExceptionPropertyValue">
                                      <contents>
                                        <text><![CDATA[1]]></text>
                                      </contents>
                                      <attributes />
                                    </marker>
                                    <text><![CDATA[
]]></text>
                                    <marker class="ExceptionPropertyName">
                                      <contents>
                                        <text><![CDATA[ErrorCode]]></text>
                                      </contents>
                                      <attributes />
                                    </marker>
                                    <text><![CDATA[: ]]></text>
                                    <marker class="ExceptionPropertyValue">
                                      <contents>
                                        <text><![CDATA[-2146232060]]></text>
                                      </contents>
                                      <attributes />
                                    </marker>
                                    <text><![CDATA[
]]></text>
                                    <marker class="StackTrace">
                                      <contents>
                                        <text><![CDATA[   at System.Data.SqlClient.SqlConnection.OnError(SqlException exception, Boolean breakConnection)
   at System.Data.SqlClient.SqlInternalConnection.OnError(SqlException exception, Boolean breakConnection)
   at System.Data.SqlClient.TdsParser.ThrowExceptionAndWarning(TdsParserStateObject stateObj)
   at System.Data.SqlClient.TdsParser.Run(RunBehavior runBehavior, SqlCommand cmdHandler, SqlDataReader dataStream, BulkCopySimpleResultSet bulkCopyHandler, TdsParserStateObject stateObj)
   at System.Data.SqlClient.SqlDataReader.ConsumeMetaData()
   at System.Data.SqlClient.SqlDataReader.get_MetaData()
   at System.Data.SqlClient.SqlCommand.FinishExecuteReader(SqlDataReader ds, RunBehavior runBehavior, String resetOptionsString)
   at System.Data.SqlClient.SqlCommand.RunExecuteReaderTds(CommandBehavior cmdBehavior, RunBehavior runBehavior, Boolean returnStream, Boolean async)
   at System.Data.SqlClient.SqlCommand.RunExecuteReader(CommandBehavior cmdBehavior, RunBehavior runBehavior, Boolean returnStream, String method, DbAsyncResult result)
   at System.Data.SqlClient.SqlCommand.RunExecuteReader(CommandBehavior cmdBehavior, RunBehavior runBehavior, Boolean returnStream, String method)
   at System.Data.SqlClient.SqlCommand.ExecuteReader(CommandBehavior behavior, String method)
   at System.Data.SqlClient.SqlCommand.ExecuteDbDataReader(CommandBehavior behavior)
   at System.Data.Common.DbCommand.System.Data.IDbCommand.ExecuteReader(CommandBehavior behavior)
   at System.Data.Common.DbDataAdapter.FillInternal(DataSet dataset, DataTable[] datatables, Int32 startRecord, Int32 maxRecords, String srcTable, IDbCommand command, CommandBehavior behavior)
   at System.Data.Common.DbDataAdapter.Fill(DataSet dataSet, Int32 startRecord, Int32 maxRecords, String srcTable, IDbCommand command, CommandBehavior behavior)
   at System.Data.Common.DbDataAdapter.Fill(DataSet dataSet)
   at SubSonic.SqlDataProvider.GetDataSet[T](QueryCommand qry) in ]]></text>
                                        <marker class="CodeLocation">
                                          <contents>
                                            <text><![CDATA[C:\data\SubsonicRoot\ss2\SubSonic\DataProviders\SqlDataProvider.cs:line 438]]></text>
                                          </contents>
                                          <attributes>
                                            <attribute name="line" value="438" />
                                            <attribute name="path" value="C:\data\SubsonicRoot\ss2\SubSonic\DataProviders\SqlDataProvider.cs" />
                                          </attributes>
                                        </marker>
                                        <text><![CDATA[
   at SubSonic.DataService.GetDataSet[T](QueryCommand cmd) in ]]></text>
                                        <marker class="CodeLocation">
                                          <contents>
                                            <text><![CDATA[C:\data\SubsonicRoot\ss2\SubSonic\DataProviders\DataService.cs:line 536]]></text>
                                          </contents>
                                          <attributes>
                                            <attribute name="line" value="536" />
                                            <attribute name="path" value="C:\data\SubsonicRoot\ss2\SubSonic\DataProviders\DataService.cs" />
                                          </attributes>
                                        </marker>
                                        <text><![CDATA[
   at SubSonic.Query.ExecuteJoinedDataSet[T]() in ]]></text>
                                        <marker class="CodeLocation">
                                          <contents>
                                            <text><![CDATA[C:\data\SubsonicRoot\ss2\SubSonic\Sql Tools\Query.cs:line 1957]]></text>
                                          </contents>
                                          <attributes>
                                            <attribute name="line" value="1957" />
                                            <attribute name="path" value="C:\data\SubsonicRoot\ss2\SubSonic\Sql Tools\Query.cs" />
                                          </attributes>
                                        </marker>
                                        <text><![CDATA[
   at SubSonic.Query.ExecuteJoinedDataSet() in ]]></text>
                                        <marker class="CodeLocation">
                                          <contents>
                                            <text><![CDATA[C:\data\SubsonicRoot\ss2\SubSonic\Sql Tools\Query.cs:line 1842]]></text>
                                          </contents>
                                          <attributes>
                                            <attribute name="line" value="1842" />
                                            <attribute name="path" value="C:\data\SubsonicRoot\ss2\SubSonic\Sql Tools\Query.cs" />
                                          </attributes>
                                        </marker>
                                        <text><![CDATA[
   at SubSonic.Tests.QueryTest.QueryExecuteJoinedDataSet_ORDER_BY_ExpressionDESC_Collection() in ]]></text>
                                        <marker class="CodeLocation">
                                          <contents>
                                            <text><![CDATA[C:\data\SubsonicRoot\ss2\SubSonic.Tests\QueryTest.cs:line 916]]></text>
                                          </contents>
                                          <attributes>
                                            <attribute name="line" value="916" />
                                            <attribute name="path" value="C:\data\SubsonicRoot\ss2\SubSonic.Tests\QueryTest.cs" />
                                          </attributes>
                                        </marker>
                                      </contents>
                                      <attributes />
                                    </marker>
                                  </contents>
                                  <attributes />
                                </marker>
                              </contents>
                            </section>
                          </contents>
                        </body>
                      </stream>
                    </streams>
                    <attachments />
                  </testLog>
                </testStepRun>
              </children>
              <result assertCount="13" duration="2.2227278">
                <outcome status="failed" />
              </result>
              <testLog>
                <streams />
                <attachments />
              </testLog>
            </testStepRun>
            <testStepRun startTime="2011-08-05T15:51:09.3837205+09:30" endTime="2011-08-05T15:51:09.4618455+09:30">
              <testStep id="a9fcf0105e12ab9e" name="RepositoryTests" fullName="SubSonic.Tests/RepositoryTests" testId="6e5f3a8fac97c581" isPrimary="true" isTestCase="false" isDynamic="false">
                <codeReference assembly="SubSonic.Tests, Version=2.2.1.0, Culture=neutral, PublicKeyToken=null" namespace="SubSonic.Tests.Repository" type="SubSonic.Tests.Repository.RepositoryTests" />
                <codeLocation path="C:\data\SubsonicRoot\ss2\SubSonic.Tests\Repository\RepositoryTests.cs" />
                <metadata>
                  <entry key="TestKind">
                    <value>Fixture</value>
                  </entry>
                </metadata>
              </testStep>
              <children>
                <testStepRun startTime="2011-08-05T15:51:09.3837205+09:30" endTime="2011-08-05T15:51:09.3993455+09:30">
                  <testStep id="25b024467c6d7a0" name="Repository_DeleteByKey" fullName="SubSonic.Tests/RepositoryTests/Repository_DeleteByKey" testId="e8bdbb96571b6b71" isPrimary="true" isTestCase="true" isDynamic="false">
                    <codeReference assembly="SubSonic.Tests, Version=2.2.1.0, Culture=neutral, PublicKeyToken=null" namespace="SubSonic.Tests.Repository" type="SubSonic.Tests.Repository.RepositoryTests" member="Repository_DeleteByKey" />
                    <codeLocation path="C:\data\SubsonicRoot\ss2\SubSonic.Tests\Repository\RepositoryTests.cs" line="112" />
                    <metadata>
                      <entry key="TestKind">
                        <value>Test</value>
                      </entry>
                    </metadata>
                  </testStep>
                  <children />
                  <result assertCount="2" duration="0.1365649">
                    <outcome status="passed" />
                  </result>
                  <testLog>
                    <streams />
                    <attachments />
                  </testLog>
                </testStepRun>
                <testStepRun startTime="2011-08-05T15:51:09.3993455+09:30" endTime="2011-08-05T15:51:09.4149705+09:30">
                  <testStep id="e0d7e15b8bc70556" name="Repository_DestroyByKey" fullName="SubSonic.Tests/RepositoryTests/Repository_DestroyByKey" testId="d366ccde4824190f" isPrimary="true" isTestCase="true" isDynamic="false">
                    <codeReference assembly="SubSonic.Tests, Version=2.2.1.0, Culture=neutral, PublicKeyToken=null" namespace="SubSonic.Tests.Repository" type="SubSonic.Tests.Repository.RepositoryTests" member="Repository_DestroyByKey" />
                    <codeLocation path="C:\data\SubsonicRoot\ss2\SubSonic.Tests\Repository\RepositoryTests.cs" line="144" />
                    <metadata>
                      <entry key="TestKind">
                        <value>Test</value>
                      </entry>
                    </metadata>
                  </testStep>
                  <children />
                  <result assertCount="2" duration="0.09088439999999999">
                    <outcome status="passed" />
                  </result>
                  <testLog>
                    <streams />
                    <attachments />
                  </testLog>
                </testStepRun>
                <testStepRun startTime="2011-08-05T15:51:09.4149705+09:30" endTime="2011-08-05T15:51:09.4149705+09:30">
                  <testStep id="77d0314775cd8287" name="Repository_FullCRUD" fullName="SubSonic.Tests/RepositoryTests/Repository_FullCRUD" testId="e89af05ec569a902" isPrimary="true" isTestCase="true" isDynamic="false">
                    <codeReference assembly="SubSonic.Tests, Version=2.2.1.0, Culture=neutral, PublicKeyToken=null" namespace="SubSonic.Tests.Repository" type="SubSonic.Tests.Repository.RepositoryTests" member="Repository_FullCRUD" />
                    <codeLocation path="C:\data\SubsonicRoot\ss2\SubSonic.Tests\Repository\RepositoryTests.cs" line="33" />
                    <metadata>
                      <entry key="TestKind">
                        <value>Test</value>
                      </entry>
                    </metadata>
                  </testStep>
                  <children />
                  <result assertCount="6" duration="0.0751588">
                    <outcome status="passed" />
                  </result>
                  <testLog>
                    <streams />
                    <attachments />
                  </testLog>
                </testStepRun>
                <testStepRun startTime="2011-08-05T15:51:09.4149705+09:30" endTime="2011-08-05T15:51:09.4305955+09:30">
                  <testStep id="a3c0ef8307f146d5" name="Repository_Should_UpdateProductName" fullName="SubSonic.Tests/RepositoryTests/Repository_Should_UpdateProductName" testId="501bdffa4db407e3" isPrimary="true" isTestCase="true" isDynamic="false">
                    <codeReference assembly="SubSonic.Tests, Version=2.2.1.0, Culture=neutral, PublicKeyToken=null" namespace="SubSonic.Tests.Repository" type="SubSonic.Tests.Repository.RepositoryTests" member="Repository_Should_UpdateProductName" />
                    <codeLocation path="C:\data\SubsonicRoot\ss2\SubSonic.Tests\Repository\RepositoryTests.cs" line="87" />
                    <metadata>
                      <entry key="TestKind">
                        <value>Test</value>
                      </entry>
                    </metadata>
                  </testStep>
                  <children />
                  <result assertCount="1" duration="0.0127394">
                    <outcome status="passed" />
                  </result>
                  <testLog>
                    <streams />
                    <attachments />
                  </testLog>
                </testStepRun>
                <testStepRun startTime="2011-08-05T15:51:09.4305955+09:30" endTime="2011-08-05T15:51:09.4305955+09:30">
                  <testStep id="8794c65ffb528774" name="Repository_ShouldNot_ThrowWhenNoColumnsChanged" fullName="SubSonic.Tests/RepositoryTests/Repository_ShouldNot_ThrowWhenNoColumnsChanged" testId="b277c675572095f6" isPrimary="true" isTestCase="true" isDynamic="false">
                    <codeReference assembly="SubSonic.Tests, Version=2.2.1.0, Culture=neutral, PublicKeyToken=null" namespace="SubSonic.Tests.Repository" type="SubSonic.Tests.Repository.RepositoryTests" member="Repository_ShouldNot_ThrowWhenNoColumnsChanged" />
                    <codeLocation path="C:\data\SubsonicRoot\ss2\SubSonic.Tests\Repository\RepositoryTests.cs" line="98" />
                    <metadata>
                      <entry key="TestKind">
                        <value>Test</value>
                      </entry>
                    </metadata>
                  </testStep>
                  <children />
                  <result assertCount="0" duration="0.0097444">
                    <outcome status="passed" />
                  </result>
                  <testLog>
                    <streams />
                    <attachments />
                  </testLog>
                </testStepRun>
                <testStepRun startTime="2011-08-05T15:51:09.4305955+09:30" endTime="2011-08-05T15:51:09.4462205+09:30">
                  <testStep id="e74f74229260a1ab" name="Repository_Simple_Select" fullName="SubSonic.Tests/RepositoryTests/Repository_Simple_Select" testId="a194cf2f72fa0da3" isPrimary="true" isTestCase="true" isDynamic="false">
                    <codeReference assembly="SubSonic.Tests, Version=2.2.1.0, Culture=neutral, PublicKeyToken=null" namespace="SubSonic.Tests.Repository" type="SubSonic.Tests.Repository.RepositoryTests" member="Repository_Simple_Select" />
                    <codeLocation path="C:\data\SubsonicRoot\ss2\SubSonic.Tests\Repository\RepositoryTests.cs" line="26" />
                    <metadata>
                      <entry key="TestKind">
                        <value>Test</value>
                      </entry>
                    </metadata>
                  </testStep>
                  <children />
                  <result assertCount="1" duration="0.0055609">
                    <outcome status="passed" />
                  </result>
                  <testLog>
                    <streams />
                    <attachments />
                  </testLog>
                </testStepRun>
                <testStepRun startTime="2011-08-05T15:51:09.4462205+09:30" endTime="2011-08-05T15:51:09.4462205+09:30">
                  <testStep id="aee282fba44d16bb" name="Respository_CollectionLoad" fullName="SubSonic.Tests/RepositoryTests/Respository_CollectionLoad" testId="436b3caa8a0dda25" isPrimary="true" isTestCase="true" isDynamic="false">
                    <codeReference assembly="SubSonic.Tests, Version=2.2.1.0, Culture=neutral, PublicKeyToken=null" namespace="SubSonic.Tests.Repository" type="SubSonic.Tests.Repository.RepositoryTests" member="Respository_CollectionLoad" />
                    <codeLocation path="C:\data\SubsonicRoot\ss2\SubSonic.Tests\Repository\RepositoryTests.cs" line="106" />
                    <metadata>
                      <entry key="TestKind">
                        <value>Test</value>
                      </entry>
                    </metadata>
                  </testStep>
                  <children />
                  <result assertCount="1" duration="0.014316299999999999">
                    <outcome status="passed" />
                  </result>
                  <testLog>
                    <streams />
                    <attachments />
                  </testLog>
                </testStepRun>
              </children>
              <result assertCount="13" duration="0.37121689999999996">
                <outcome status="passed" />
              </result>
              <testLog>
                <streams />
                <attachments />
              </testLog>
            </testStepRun>
            <testStepRun startTime="2011-08-05T15:51:09.4618455+09:30" endTime="2011-08-05T15:51:09.7118455+09:30">
              <testStep id="9b91270adf426ed" name="ScriptersTest" fullName="SubSonic.Tests/ScriptersTest" testId="c20a17c8fed4806e" isPrimary="true" isTestCase="false" isDynamic="false">
                <codeReference assembly="SubSonic.Tests, Version=2.2.1.0, Culture=neutral, PublicKeyToken=null" namespace="SubSonic.Tests" type="SubSonic.Tests.ScriptersTest" />
                <codeLocation path="C:\data\SubsonicRoot\ss2\SubSonic.Tests\ScriptersTest.cs" />
                <metadata>
                  <entry key="TestKind">
                    <value>Fixture</value>
                  </entry>
                </metadata>
              </testStep>
              <children>
                <testStepRun startTime="2011-08-05T15:51:09.4618455+09:30" endTime="2011-08-05T15:51:09.5712205+09:30">
                  <testStep id="3bf4836c2632ae01" name="Script_AllData" fullName="SubSonic.Tests/ScriptersTest/Script_AllData" testId="cca7e142becda979" isPrimary="true" isTestCase="true" isDynamic="false">
                    <codeReference assembly="SubSonic.Tests, Version=2.2.1.0, Culture=neutral, PublicKeyToken=null" namespace="SubSonic.Tests" type="SubSonic.Tests.ScriptersTest" member="Script_AllData" />
                    <codeLocation path="C:\data\SubsonicRoot\ss2\SubSonic.Tests\ScriptersTest.cs" line="60" />
                    <metadata>
                      <entry key="TestKind">
                        <value>Test</value>
                      </entry>
                    </metadata>
                  </testStep>
                  <children />
                  <result assertCount="0" duration="0.02426">
                    <outcome status="failed" />
                  </result>
                  <testLog>
                    <streams>
                      <stream name="Failures">
                        <body>
                          <contents>
                            <section name="Execute">
                              <contents>
                                <marker class="Exception">
                                  <contents>
                                    <marker class="ExceptionType">
                                      <contents>
                                        <text><![CDATA[System.Data.SqlClient.SqlException]]></text>
                                      </contents>
                                      <attributes />
                                    </marker>
                                    <text><![CDATA[: ]]></text>
                                    <marker class="ExceptionMessage">
                                      <contents>
                                        <text><![CDATA[Incorrect syntax near the keyword 'ORDER'.]]></text>
                                      </contents>
                                      <attributes />
                                    </marker>
                                    <text><![CDATA[
]]></text>
                                    <marker class="ExceptionPropertyName">
                                      <contents>
                                        <text><![CDATA[Errors]]></text>
                                      </contents>
                                      <attributes />
                                    </marker>
                                    <text><![CDATA[: ]]></text>
                                    <marker class="ExceptionPropertyValue">
                                      <contents>
                                        <text><![CDATA[System.Data.SqlClient.SqlErrorCollection]]></text>
                                      </contents>
                                      <attributes />
                                    </marker>
                                    <text><![CDATA[
]]></text>
                                    <marker class="ExceptionPropertyName">
                                      <contents>
                                        <text><![CDATA[Class]]></text>
                                      </contents>
                                      <attributes />
                                    </marker>
                                    <text><![CDATA[: ]]></text>
                                    <marker class="ExceptionPropertyValue">
                                      <contents>
                                        <text><![CDATA[15]]></text>
                                      </contents>
                                      <attributes />
                                    </marker>
                                    <text><![CDATA[
]]></text>
                                    <marker class="ExceptionPropertyName">
                                      <contents>
                                        <text><![CDATA[LineNumber]]></text>
                                      </contents>
                                      <attributes />
                                    </marker>
                                    <text><![CDATA[: ]]></text>
                                    <marker class="ExceptionPropertyValue">
                                      <contents>
                                        <text><![CDATA[1]]></text>
                                      </contents>
                                      <attributes />
                                    </marker>
                                    <text><![CDATA[
]]></text>
                                    <marker class="ExceptionPropertyName">
                                      <contents>
                                        <text><![CDATA[Number]]></text>
                                      </contents>
                                      <attributes />
                                    </marker>
                                    <text><![CDATA[: ]]></text>
                                    <marker class="ExceptionPropertyValue">
                                      <contents>
                                        <text><![CDATA[156]]></text>
                                      </contents>
                                      <attributes />
                                    </marker>
                                    <text><![CDATA[
]]></text>
                                    <marker class="ExceptionPropertyName">
                                      <contents>
                                        <text><![CDATA[Procedure]]></text>
                                      </contents>
                                      <attributes />
                                    </marker>
                                    <text><![CDATA[: ]]></text>
                                    <marker class="ExceptionPropertyValue">
                                      <contents />
                                      <attributes />
                                    </marker>
                                    <text><![CDATA[
]]></text>
                                    <marker class="ExceptionPropertyName">
                                      <contents>
                                        <text><![CDATA[Server]]></text>
                                      </contents>
                                      <attributes />
                                    </marker>
                                    <text><![CDATA[: ]]></text>
                                    <marker class="ExceptionPropertyValue">
                                      <contents>
                                        <text><![CDATA[ANAXIMANDER\SQLEXPRESS]]></text>
                                      </contents>
                                      <attributes />
                                    </marker>
                                    <text><![CDATA[
]]></text>
                                    <marker class="ExceptionPropertyName">
                                      <contents>
                                        <text><![CDATA[State]]></text>
                                      </contents>
                                      <attributes />
                                    </marker>
                                    <text><![CDATA[: ]]></text>
                                    <marker class="ExceptionPropertyValue">
                                      <contents>
                                        <text><![CDATA[1]]></text>
                                      </contents>
                                      <attributes />
                                    </marker>
                                    <text><![CDATA[
]]></text>
                                    <marker class="ExceptionPropertyName">
                                      <contents>
                                        <text><![CDATA[ErrorCode]]></text>
                                      </contents>
                                      <attributes />
                                    </marker>
                                    <text><![CDATA[: ]]></text>
                                    <marker class="ExceptionPropertyValue">
                                      <contents>
                                        <text><![CDATA[-2146232060]]></text>
                                      </contents>
                                      <attributes />
                                    </marker>
                                    <text><![CDATA[
]]></text>
                                    <marker class="StackTrace">
                                      <contents>
                                        <text><![CDATA[   at System.Data.SqlClient.SqlConnection.OnError(SqlException exception, Boolean breakConnection)
   at System.Data.SqlClient.SqlInternalConnection.OnError(SqlException exception, Boolean breakConnection)
   at System.Data.SqlClient.TdsParser.ThrowExceptionAndWarning(TdsParserStateObject stateObj)
   at System.Data.SqlClient.TdsParser.Run(RunBehavior runBehavior, SqlCommand cmdHandler, SqlDataReader dataStream, BulkCopySimpleResultSet bulkCopyHandler, TdsParserStateObject stateObj)
   at System.Data.SqlClient.SqlDataReader.ConsumeMetaData()
   at System.Data.SqlClient.SqlDataReader.get_MetaData()
   at System.Data.SqlClient.SqlCommand.FinishExecuteReader(SqlDataReader ds, RunBehavior runBehavior, String resetOptionsString)
   at System.Data.SqlClient.SqlCommand.RunExecuteReaderTds(CommandBehavior cmdBehavior, RunBehavior runBehavior, Boolean returnStream, Boolean async)
   at System.Data.SqlClient.SqlCommand.RunExecuteReader(CommandBehavior cmdBehavior, RunBehavior runBehavior, Boolean returnStream, String method, DbAsyncResult result)
   at System.Data.SqlClient.SqlCommand.RunExecuteReader(CommandBehavior cmdBehavior, RunBehavior runBehavior, Boolean returnStream, String method)
   at System.Data.SqlClient.SqlCommand.ExecuteReader(CommandBehavior behavior, String method)
   at System.Data.SqlClient.SqlCommand.ExecuteReader(CommandBehavior behavior)
   at SubSonic.SqlDataProvider.GetReader(QueryCommand qry) in ]]></text>
                                        <marker class="CodeLocation">
                                          <contents>
                                            <text><![CDATA[C:\data\SubsonicRoot\ss2\SubSonic\DataProviders\SqlDataProvider.cs:line 384]]></text>
                                          </contents>
                                          <attributes>
                                            <attribute name="line" value="384" />
                                            <attribute name="path" value="C:\data\SubsonicRoot\ss2\SubSonic\DataProviders\SqlDataProvider.cs" />
                                          </attributes>
                                        </marker>
                                        <text><![CDATA[
   at SubSonic.DataService.GetReader(QueryCommand cmd) in ]]></text>
                                        <marker class="CodeLocation">
                                          <contents>
                                            <text><![CDATA[C:\data\SubsonicRoot\ss2\SubSonic\DataProviders\DataService.cs:line 506]]></text>
                                          </contents>
                                          <attributes>
                                            <attribute name="line" value="506" />
                                            <attribute name="path" value="C:\data\SubsonicRoot\ss2\SubSonic\DataProviders\DataService.cs" />
                                          </attributes>
                                        </marker>
                                        <text><![CDATA[
   at SubSonic.Query.ExecuteReader() in ]]></text>
                                        <marker class="CodeLocation">
                                          <contents>
                                            <text><![CDATA[C:\data\SubsonicRoot\ss2\SubSonic\Sql Tools\Query.cs:line 1814]]></text>
                                          </contents>
                                          <attributes>
                                            <attribute name="line" value="1814" />
                                            <attribute name="path" value="C:\data\SubsonicRoot\ss2\SubSonic\Sql Tools\Query.cs" />
                                          </attributes>
                                        </marker>
                                        <text><![CDATA[
   at SubSonic.SqlDataProvider.ScriptData(String tableName, String providerName) in ]]></text>
                                        <marker class="CodeLocation">
                                          <contents>
                                            <text><![CDATA[C:\data\SubsonicRoot\ss2\SubSonic\DataProviders\SqlDataProvider.cs:line 1574]]></text>
                                          </contents>
                                          <attributes>
                                            <attribute name="line" value="1574" />
                                            <attribute name="path" value="C:\data\SubsonicRoot\ss2\SubSonic\DataProviders\SqlDataProvider.cs" />
                                          </attributes>
                                        </marker>
                                        <text><![CDATA[
   at SubSonic.DataService.ScriptData(String providerName) in ]]></text>
                                        <marker class="CodeLocation">
                                          <contents>
                                            <text><![CDATA[C:\data\SubsonicRoot\ss2\SubSonic\DataProviders\DataService.cs:line 367]]></text>
                                          </contents>
                                          <attributes>
                                            <attribute name="line" value="367" />
                                            <attribute name="path" value="C:\data\SubsonicRoot\ss2\SubSonic\DataProviders\DataService.cs" />
                                          </attributes>
                                        </marker>
                                        <text><![CDATA[
   at SubSonic.Tests.ScriptersTest.Script_AllData() in ]]></text>
                                        <marker class="CodeLocation">
                                          <contents>
                                            <text><![CDATA[C:\data\SubsonicRoot\ss2\SubSonic.Tests\ScriptersTest.cs:line 61]]></text>
                                          </contents>
                                          <attributes>
                                            <attribute name="line" value="61" />
                                            <attribute name="path" value="C:\data\SubsonicRoot\ss2\SubSonic.Tests\ScriptersTest.cs" />
                                          </attributes>
                                        </marker>
                                      </contents>
                                      <attributes />
                                    </marker>
                                  </contents>
                                  <attributes />
                                </marker>
                              </contents>
                            </section>
                          </contents>
                        </body>
                      </stream>
                    </streams>
                    <attachments />
                  </testLog>
                </testStepRun>
                <testStepRun startTime="2011-08-05T15:51:09.5868455+09:30" endTime="2011-08-05T15:51:09.6962205+09:30">
                  <testStep id="10d495c5585b859f" name="Script_Data" fullName="SubSonic.Tests/ScriptersTest/Script_Data" testId="e510f6b31c4e537c" isPrimary="true" isTestCase="true" isDynamic="false">
                    <codeReference assembly="SubSonic.Tests, Version=2.2.1.0, Culture=neutral, PublicKeyToken=null" namespace="SubSonic.Tests" type="SubSonic.Tests.ScriptersTest" member="Script_Data" />
                    <codeLocation path="C:\data\SubsonicRoot\ss2\SubSonic.Tests\ScriptersTest.cs" line="49" />
                    <metadata>
                      <entry key="TestKind">
                        <value>Test</value>
                      </entry>
                    </metadata>
                  </testStep>
                  <children />
                  <result assertCount="0" duration="0.011153999999999999">
                    <outcome status="failed" />
                  </result>
                  <testLog>
                    <streams>
                      <stream name="Failures">
                        <body>
                          <contents>
                            <section name="Execute">
                              <contents>
                                <marker class="Exception">
                                  <contents>
                                    <marker class="ExceptionType">
                                      <contents>
                                        <text><![CDATA[System.Data.SqlClient.SqlException]]></text>
                                      </contents>
                                      <attributes />
                                    </marker>
                                    <text><![CDATA[: ]]></text>
                                    <marker class="ExceptionMessage">
                                      <contents>
                                        <text><![CDATA[Incorrect syntax near the keyword 'ORDER'.]]></text>
                                      </contents>
                                      <attributes />
                                    </marker>
                                    <text><![CDATA[
]]></text>
                                    <marker class="ExceptionPropertyName">
                                      <contents>
                                        <text><![CDATA[Errors]]></text>
                                      </contents>
                                      <attributes />
                                    </marker>
                                    <text><![CDATA[: ]]></text>
                                    <marker class="ExceptionPropertyValue">
                                      <contents>
                                        <text><![CDATA[System.Data.SqlClient.SqlErrorCollection]]></text>
                                      </contents>
                                      <attributes />
                                    </marker>
                                    <text><![CDATA[
]]></text>
                                    <marker class="ExceptionPropertyName">
                                      <contents>
                                        <text><![CDATA[Class]]></text>
                                      </contents>
                                      <attributes />
                                    </marker>
                                    <text><![CDATA[: ]]></text>
                                    <marker class="ExceptionPropertyValue">
                                      <contents>
                                        <text><![CDATA[15]]></text>
                                      </contents>
                                      <attributes />
                                    </marker>
                                    <text><![CDATA[
]]></text>
                                    <marker class="ExceptionPropertyName">
                                      <contents>
                                        <text><![CDATA[LineNumber]]></text>
                                      </contents>
                                      <attributes />
                                    </marker>
                                    <text><![CDATA[: ]]></text>
                                    <marker class="ExceptionPropertyValue">
                                      <contents>
                                        <text><![CDATA[1]]></text>
                                      </contents>
                                      <attributes />
                                    </marker>
                                    <text><![CDATA[
]]></text>
                                    <marker class="ExceptionPropertyName">
                                      <contents>
                                        <text><![CDATA[Number]]></text>
                                      </contents>
                                      <attributes />
                                    </marker>
                                    <text><![CDATA[: ]]></text>
                                    <marker class="ExceptionPropertyValue">
                                      <contents>
                                        <text><![CDATA[156]]></text>
                                      </contents>
                                      <attributes />
                                    </marker>
                                    <text><![CDATA[
]]></text>
                                    <marker class="ExceptionPropertyName">
                                      <contents>
                                        <text><![CDATA[Procedure]]></text>
                                      </contents>
                                      <attributes />
                                    </marker>
                                    <text><![CDATA[: ]]></text>
                                    <marker class="ExceptionPropertyValue">
                                      <contents />
                                      <attributes />
                                    </marker>
                                    <text><![CDATA[
]]></text>
                                    <marker class="ExceptionPropertyName">
                                      <contents>
                                        <text><![CDATA[Server]]></text>
                                      </contents>
                                      <attributes />
                                    </marker>
                                    <text><![CDATA[: ]]></text>
                                    <marker class="ExceptionPropertyValue">
                                      <contents>
                                        <text><![CDATA[ANAXIMANDER\SQLEXPRESS]]></text>
                                      </contents>
                                      <attributes />
                                    </marker>
                                    <text><![CDATA[
]]></text>
                                    <marker class="ExceptionPropertyName">
                                      <contents>
                                        <text><![CDATA[State]]></text>
                                      </contents>
                                      <attributes />
                                    </marker>
                                    <text><![CDATA[: ]]></text>
                                    <marker class="ExceptionPropertyValue">
                                      <contents>
                                        <text><![CDATA[1]]></text>
                                      </contents>
                                      <attributes />
                                    </marker>
                                    <text><![CDATA[
]]></text>
                                    <marker class="ExceptionPropertyName">
                                      <contents>
                                        <text><![CDATA[ErrorCode]]></text>
                                      </contents>
                                      <attributes />
                                    </marker>
                                    <text><![CDATA[: ]]></text>
                                    <marker class="ExceptionPropertyValue">
                                      <contents>
                                        <text><![CDATA[-2146232060]]></text>
                                      </contents>
                                      <attributes />
                                    </marker>
                                    <text><![CDATA[
]]></text>
                                    <marker class="StackTrace">
                                      <contents>
                                        <text><![CDATA[   at System.Data.SqlClient.SqlConnection.OnError(SqlException exception, Boolean breakConnection)
   at System.Data.SqlClient.SqlInternalConnection.OnError(SqlException exception, Boolean breakConnection)
   at System.Data.SqlClient.TdsParser.ThrowExceptionAndWarning(TdsParserStateObject stateObj)
   at System.Data.SqlClient.TdsParser.Run(RunBehavior runBehavior, SqlCommand cmdHandler, SqlDataReader dataStream, BulkCopySimpleResultSet bulkCopyHandler, TdsParserStateObject stateObj)
   at System.Data.SqlClient.SqlDataReader.ConsumeMetaData()
   at System.Data.SqlClient.SqlDataReader.get_MetaData()
   at System.Data.SqlClient.SqlCommand.FinishExecuteReader(SqlDataReader ds, RunBehavior runBehavior, String resetOptionsString)
   at System.Data.SqlClient.SqlCommand.RunExecuteReaderTds(CommandBehavior cmdBehavior, RunBehavior runBehavior, Boolean returnStream, Boolean async)
   at System.Data.SqlClient.SqlCommand.RunExecuteReader(CommandBehavior cmdBehavior, RunBehavior runBehavior, Boolean returnStream, String method, DbAsyncResult result)
   at System.Data.SqlClient.SqlCommand.RunExecuteReader(CommandBehavior cmdBehavior, RunBehavior runBehavior, Boolean returnStream, String method)
   at System.Data.SqlClient.SqlCommand.ExecuteReader(CommandBehavior behavior, String method)
   at System.Data.SqlClient.SqlCommand.ExecuteReader(CommandBehavior behavior)
   at SubSonic.SqlDataProvider.GetReader(QueryCommand qry) in ]]></text>
                                        <marker class="CodeLocation">
                                          <contents>
                                            <text><![CDATA[C:\data\SubsonicRoot\ss2\SubSonic\DataProviders\SqlDataProvider.cs:line 384]]></text>
                                          </contents>
                                          <attributes>
                                            <attribute name="line" value="384" />
                                            <attribute name="path" value="C:\data\SubsonicRoot\ss2\SubSonic\DataProviders\SqlDataProvider.cs" />
                                          </attributes>
                                        </marker>
                                        <text><![CDATA[
   at SubSonic.DataService.GetReader(QueryCommand cmd) in ]]></text>
                                        <marker class="CodeLocation">
                                          <contents>
                                            <text><![CDATA[C:\data\SubsonicRoot\ss2\SubSonic\DataProviders\DataService.cs:line 506]]></text>
                                          </contents>
                                          <attributes>
                                            <attribute name="line" value="506" />
                                            <attribute name="path" value="C:\data\SubsonicRoot\ss2\SubSonic\DataProviders\DataService.cs" />
                                          </attributes>
                                        </marker>
                                        <text><![CDATA[
   at SubSonic.Query.ExecuteReader() in ]]></text>
                                        <marker class="CodeLocation">
                                          <contents>
                                            <text><![CDATA[C:\data\SubsonicRoot\ss2\SubSonic\Sql Tools\Query.cs:line 1814]]></text>
                                          </contents>
                                          <attributes>
                                            <attribute name="line" value="1814" />
                                            <attribute name="path" value="C:\data\SubsonicRoot\ss2\SubSonic\Sql Tools\Query.cs" />
                                          </attributes>
                                        </marker>
                                        <text><![CDATA[
   at SubSonic.SqlDataProvider.ScriptData(String tableName, String providerName) in ]]></text>
                                        <marker class="CodeLocation">
                                          <contents>
                                            <text><![CDATA[C:\data\SubsonicRoot\ss2\SubSonic\DataProviders\SqlDataProvider.cs:line 1574]]></text>
                                          </contents>
                                          <attributes>
                                            <attribute name="line" value="1574" />
                                            <attribute name="path" value="C:\data\SubsonicRoot\ss2\SubSonic\DataProviders\SqlDataProvider.cs" />
                                          </attributes>
                                        </marker>
                                        <text><![CDATA[
   at SubSonic.DataService.ScriptData(String tableName, String providerName) in ]]></text>
                                        <marker class="CodeLocation">
                                          <contents>
                                            <text><![CDATA[C:\data\SubsonicRoot\ss2\SubSonic\DataProviders\DataService.cs:line 383]]></text>
                                          </contents>
                                          <attributes>
                                            <attribute name="line" value="383" />
                                            <attribute name="path" value="C:\data\SubsonicRoot\ss2\SubSonic\DataProviders\DataService.cs" />
                                          </attributes>
                                        </marker>
                                        <text><![CDATA[
   at SubSonic.Tests.ScriptersTest.Script_Data() in ]]></text>
                                        <marker class="CodeLocation">
                                          <contents>
                                            <text><![CDATA[C:\data\SubsonicRoot\ss2\SubSonic.Tests\ScriptersTest.cs:line 50]]></text>
                                          </contents>
                                          <attributes>
                                            <attribute name="line" value="50" />
                                            <attribute name="path" value="C:\data\SubsonicRoot\ss2\SubSonic.Tests\ScriptersTest.cs" />
                                          </attributes>
                                        </marker>
                                      </contents>
                                      <attributes />
                                    </marker>
                                  </contents>
                                  <attributes />
                                </marker>
                              </contents>
                            </section>
                          </contents>
                        </body>
                      </stream>
                    </streams>
                    <attachments />
                  </testLog>
                </testStepRun>
              </children>
              <result assertCount="0" duration="0.0883414">
                <outcome status="failed" />
              </result>
              <testLog>
                <streams />
                <attachments />
              </testLog>
            </testStepRun>
            <testStepRun startTime="2011-08-05T15:51:09.7118455+09:30" endTime="2011-08-05T15:51:11.1649705+09:30">
              <testStep id="1616fb01e7c151a6" name="SelectTests" fullName="SubSonic.Tests/SelectTests" testId="6be2c4890d451a28" isPrimary="true" isTestCase="false" isDynamic="false">
                <codeReference assembly="SubSonic.Tests, Version=2.2.1.0, Culture=neutral, PublicKeyToken=null" namespace="SubSonic.Tests.SqlQuery" type="SubSonic.Tests.SqlQuery.SelectTests" />
                <codeLocation path="C:\data\SubsonicRoot\ss2\SubSonic.Tests\SqlQuery\SelectTests.cs" />
                <metadata>
                  <entry key="TestKind">
                    <value>Fixture</value>
                  </entry>
                </metadata>
              </testStep>
              <children>
                <testStepRun startTime="2011-08-05T15:51:09.7118455+09:30" endTime="2011-08-05T15:51:09.8055955+09:30">
                  <testStep id="8d63fc7d12fda7cf" name="ActiveRecord_IsLoaded_ShouldBe_False_When_Record_Not_Present_Using_Key_Constructor" fullName="SubSonic.Tests/SelectTests/ActiveRecord_IsLoaded_ShouldBe_False_When_Record_Not_Present_Using_Key_Constructor" testId="236cc1b25668c8e1" isPrimary="true" isTestCase="true" isDynamic="false">
                    <codeReference assembly="SubSonic.Tests, Version=2.2.1.0, Culture=neutral, PublicKeyToken=null" namespace="SubSonic.Tests.SqlQuery" type="SubSonic.Tests.SqlQuery.SelectTests" member="ActiveRecord_IsLoaded_ShouldBe_False_When_Record_Not_Present_Using_Key_Constructor" />
                    <codeLocation path="C:\data\SubsonicRoot\ss2\SubSonic.Tests\SqlQuery\SelectTests.cs" line="782" />
                    <metadata>
                      <entry key="TestKind">
                        <value>Test</value>
                      </entry>
                    </metadata>
                  </testStep>
                  <children />
                  <result assertCount="0" duration="0.010209099999999999">
                    <outcome status="failed" />
                  </result>
                  <testLog>
                    <streams>
                      <stream name="Failures">
                        <body>
                          <contents>
                            <section name="Execute">
                              <contents>
                                <marker class="Exception">
                                  <contents>
                                    <marker class="ExceptionType">
                                      <contents>
                                        <text><![CDATA[System.Data.SqlClient.SqlException]]></text>
                                      </contents>
                                      <attributes />
                                    </marker>
                                    <text><![CDATA[: ]]></text>
                                    <marker class="ExceptionMessage">
                                      <contents>
                                        <text><![CDATA[Incorrect syntax near the keyword 'ORDER'.]]></text>
                                      </contents>
                                      <attributes />
                                    </marker>
                                    <text><![CDATA[
]]></text>
                                    <marker class="ExceptionPropertyName">
                                      <contents>
                                        <text><![CDATA[Errors]]></text>
                                      </contents>
                                      <attributes />
                                    </marker>
                                    <text><![CDATA[: ]]></text>
                                    <marker class="ExceptionPropertyValue">
                                      <contents>
                                        <text><![CDATA[System.Data.SqlClient.SqlErrorCollection]]></text>
                                      </contents>
                                      <attributes />
                                    </marker>
                                    <text><![CDATA[
]]></text>
                                    <marker class="ExceptionPropertyName">
                                      <contents>
                                        <text><![CDATA[Class]]></text>
                                      </contents>
                                      <attributes />
                                    </marker>
                                    <text><![CDATA[: ]]></text>
                                    <marker class="ExceptionPropertyValue">
                                      <contents>
                                        <text><![CDATA[15]]></text>
                                      </contents>
                                      <attributes />
                                    </marker>
                                    <text><![CDATA[
]]></text>
                                    <marker class="ExceptionPropertyName">
                                      <contents>
                                        <text><![CDATA[LineNumber]]></text>
                                      </contents>
                                      <attributes />
                                    </marker>
                                    <text><![CDATA[: ]]></text>
                                    <marker class="ExceptionPropertyValue">
                                      <contents>
                                        <text><![CDATA[1]]></text>
                                      </contents>
                                      <attributes />
                                    </marker>
                                    <text><![CDATA[
]]></text>
                                    <marker class="ExceptionPropertyName">
                                      <contents>
                                        <text><![CDATA[Number]]></text>
                                      </contents>
                                      <attributes />
                                    </marker>
                                    <text><![CDATA[: ]]></text>
                                    <marker class="ExceptionPropertyValue">
                                      <contents>
                                        <text><![CDATA[156]]></text>
                                      </contents>
                                      <attributes />
                                    </marker>
                                    <text><![CDATA[
]]></text>
                                    <marker class="ExceptionPropertyName">
                                      <contents>
                                        <text><![CDATA[Procedure]]></text>
                                      </contents>
                                      <attributes />
                                    </marker>
                                    <text><![CDATA[: ]]></text>
                                    <marker class="ExceptionPropertyValue">
                                      <contents />
                                      <attributes />
                                    </marker>
                                    <text><![CDATA[
]]></text>
                                    <marker class="ExceptionPropertyName">
                                      <contents>
                                        <text><![CDATA[Server]]></text>
                                      </contents>
                                      <attributes />
                                    </marker>
                                    <text><![CDATA[: ]]></text>
                                    <marker class="ExceptionPropertyValue">
                                      <contents>
                                        <text><![CDATA[ANAXIMANDER\SQLEXPRESS]]></text>
                                      </contents>
                                      <attributes />
                                    </marker>
                                    <text><![CDATA[
]]></text>
                                    <marker class="ExceptionPropertyName">
                                      <contents>
                                        <text><![CDATA[State]]></text>
                                      </contents>
                                      <attributes />
                                    </marker>
                                    <text><![CDATA[: ]]></text>
                                    <marker class="ExceptionPropertyValue">
                                      <contents>
                                        <text><![CDATA[1]]></text>
                                      </contents>
                                      <attributes />
                                    </marker>
                                    <text><![CDATA[
]]></text>
                                    <marker class="ExceptionPropertyName">
                                      <contents>
                                        <text><![CDATA[ErrorCode]]></text>
                                      </contents>
                                      <attributes />
                                    </marker>
                                    <text><![CDATA[: ]]></text>
                                    <marker class="ExceptionPropertyValue">
                                      <contents>
                                        <text><![CDATA[-2146232060]]></text>
                                      </contents>
                                      <attributes />
                                    </marker>
                                    <text><![CDATA[
]]></text>
                                    <marker class="StackTrace">
                                      <contents>
                                        <text><![CDATA[   at System.Data.SqlClient.SqlConnection.OnError(SqlException exception, Boolean breakConnection)
   at System.Data.SqlClient.SqlInternalConnection.OnError(SqlException exception, Boolean breakConnection)
   at System.Data.SqlClient.TdsParser.ThrowExceptionAndWarning(TdsParserStateObject stateObj)
   at System.Data.SqlClient.TdsParser.Run(RunBehavior runBehavior, SqlCommand cmdHandler, SqlDataReader dataStream, BulkCopySimpleResultSet bulkCopyHandler, TdsParserStateObject stateObj)
   at System.Data.SqlClient.SqlDataReader.ConsumeMetaData()
   at System.Data.SqlClient.SqlDataReader.get_MetaData()
   at System.Data.SqlClient.SqlCommand.FinishExecuteReader(SqlDataReader ds, RunBehavior runBehavior, String resetOptionsString)
   at System.Data.SqlClient.SqlCommand.RunExecuteReaderTds(CommandBehavior cmdBehavior, RunBehavior runBehavior, Boolean returnStream, Boolean async)
   at System.Data.SqlClient.SqlCommand.RunExecuteReader(CommandBehavior cmdBehavior, RunBehavior runBehavior, Boolean returnStream, String method, DbAsyncResult result)
   at System.Data.SqlClient.SqlCommand.RunExecuteReader(CommandBehavior cmdBehavior, RunBehavior runBehavior, Boolean returnStream, String method)
   at System.Data.SqlClient.SqlCommand.ExecuteReader(CommandBehavior behavior, String method)
   at System.Data.SqlClient.SqlCommand.ExecuteReader(CommandBehavior behavior)
   at SubSonic.SqlDataProvider.GetReader(QueryCommand qry) in ]]></text>
                                        <marker class="CodeLocation">
                                          <contents>
                                            <text><![CDATA[C:\data\SubsonicRoot\ss2\SubSonic\DataProviders\SqlDataProvider.cs:line 384]]></text>
                                          </contents>
                                          <attributes>
                                            <attribute name="line" value="384" />
                                            <attribute name="path" value="C:\data\SubsonicRoot\ss2\SubSonic\DataProviders\SqlDataProvider.cs" />
                                          </attributes>
                                        </marker>
                                        <text><![CDATA[
   at SubSonic.DataService.GetReader(QueryCommand cmd) in ]]></text>
                                        <marker class="CodeLocation">
                                          <contents>
                                            <text><![CDATA[C:\data\SubsonicRoot\ss2\SubSonic\DataProviders\DataService.cs:line 506]]></text>
                                          </contents>
                                          <attributes>
                                            <attribute name="line" value="506" />
                                            <attribute name="path" value="C:\data\SubsonicRoot\ss2\SubSonic\DataProviders\DataService.cs" />
                                          </attributes>
                                        </marker>
                                        <text><![CDATA[
   at SubSonic.Query.ExecuteReader() in ]]></text>
                                        <marker class="CodeLocation">
                                          <contents>
                                            <text><![CDATA[C:\data\SubsonicRoot\ss2\SubSonic\Sql Tools\Query.cs:line 1814]]></text>
                                          </contents>
                                          <attributes>
                                            <attribute name="line" value="1814" />
                                            <attribute name="path" value="C:\data\SubsonicRoot\ss2\SubSonic\Sql Tools\Query.cs" />
                                          </attributes>
                                        </marker>
                                        <text><![CDATA[
   at SubSonic.ReadOnlyRecord`1.LoadByKey(Object keyID) in ]]></text>
                                        <marker class="CodeLocation">
                                          <contents>
                                            <text><![CDATA[C:\data\SubsonicRoot\ss2\SubSonic\ActiveRecord\ReadOnlyRecord.cs:line 72]]></text>
                                          </contents>
                                          <attributes>
                                            <attribute name="line" value="72" />
                                            <attribute name="path" value="C:\data\SubsonicRoot\ss2\SubSonic\ActiveRecord\ReadOnlyRecord.cs" />
                                          </attributes>
                                        </marker>
                                        <text><![CDATA[
   at Northwind.Product..ctor(Object keyID) in ]]></text>
                                        <marker class="CodeLocation">
                                          <contents>
                                            <text><![CDATA[C:\data\SubsonicRoot\ss2\SubSonic.Tests\Generated\Northwind\Product.cs:line 93]]></text>
                                          </contents>
                                          <attributes>
                                            <attribute name="line" value="93" />
                                            <attribute name="path" value="C:\data\SubsonicRoot\ss2\SubSonic.Tests\Generated\Northwind\Product.cs" />
                                          </attributes>
                                        </marker>
                                        <text><![CDATA[
   at SubSonic.Tests.SqlQuery.SelectTests.ActiveRecord_IsLoaded_ShouldBe_False_When_Record_Not_Present_Using_Key_Constructor() in ]]></text>
                                        <marker class="CodeLocation">
                                          <contents>
                                            <text><![CDATA[C:\data\SubsonicRoot\ss2\SubSonic.Tests\SqlQuery\SelectTests.cs:line 784]]></text>
                                          </contents>
                                          <attributes>
                                            <attribute name="line" value="784" />
                                            <attribute name="path" value="C:\data\SubsonicRoot\ss2\SubSonic.Tests\SqlQuery\SelectTests.cs" />
                                          </attributes>
                                        </marker>
                                      </contents>
                                      <attributes />
                                    </marker>
                                  </contents>
                                  <attributes />
                                </marker>
                              </contents>
                            </section>
                          </contents>
                        </body>
                      </stream>
                    </streams>
                    <attachments />
                  </testLog>
                </testStepRun>
                <testStepRun startTime="2011-08-05T15:51:09.8212205+09:30" endTime="2011-08-05T15:51:09.9462205+09:30">
                  <testStep id="afa50aee5add2c0c" name="ActiveRecord_IsLoaded_ShouldBe_False_When_Record_Not_Present_Using_PK_Constructor" fullName="SubSonic.Tests/SelectTests/ActiveRecord_IsLoaded_ShouldBe_False_When_Record_Not_Present_Using_PK_Constructor" testId="a6abaedebb5cfa84" isPrimary="true" isTestCase="true" isDynamic="false">
                    <codeReference assembly="SubSonic.Tests, Version=2.2.1.0, Culture=neutral, PublicKeyToken=null" namespace="SubSonic.Tests.SqlQuery" type="SubSonic.Tests.SqlQuery.SelectTests" member="ActiveRecord_IsLoaded_ShouldBe_False_When_Record_Not_Present_Using_PK_Constructor" />
                    <codeLocation path="C:\data\SubsonicRoot\ss2\SubSonic.Tests\SqlQuery\SelectTests.cs" line="772" />
                    <metadata>
                      <entry key="TestKind">
                        <value>Test</value>
                      </entry>
                    </metadata>
                  </testStep>
                  <children />
                  <result assertCount="0" duration="0.013751999999999999">
                    <outcome status="failed" />
                  </result>
                  <testLog>
                    <streams>
                      <stream name="Failures">
                        <body>
                          <contents>
                            <section name="Execute">
                              <contents>
                                <marker class="Exception">
                                  <contents>
                                    <marker class="ExceptionType">
                                      <contents>
                                        <text><![CDATA[System.Data.SqlClient.SqlException]]></text>
                                      </contents>
                                      <attributes />
                                    </marker>
                                    <text><![CDATA[: ]]></text>
                                    <marker class="ExceptionMessage">
                                      <contents>
                                        <text><![CDATA[Incorrect syntax near the keyword 'ORDER'.]]></text>
                                      </contents>
                                      <attributes />
                                    </marker>
                                    <text><![CDATA[
]]></text>
                                    <marker class="ExceptionPropertyName">
                                      <contents>
                                        <text><![CDATA[Errors]]></text>
                                      </contents>
                                      <attributes />
                                    </marker>
                                    <text><![CDATA[: ]]></text>
                                    <marker class="ExceptionPropertyValue">
                                      <contents>
                                        <text><![CDATA[System.Data.SqlClient.SqlErrorCollection]]></text>
                                      </contents>
                                      <attributes />
                                    </marker>
                                    <text><![CDATA[
]]></text>
                                    <marker class="ExceptionPropertyName">
                                      <contents>
                                        <text><![CDATA[Class]]></text>
                                      </contents>
                                      <attributes />
                                    </marker>
                                    <text><![CDATA[: ]]></text>
                                    <marker class="ExceptionPropertyValue">
                                      <contents>
                                        <text><![CDATA[15]]></text>
                                      </contents>
                                      <attributes />
                                    </marker>
                                    <text><![CDATA[
]]></text>
                                    <marker class="ExceptionPropertyName">
                                      <contents>
                                        <text><![CDATA[LineNumber]]></text>
                                      </contents>
                                      <attributes />
                                    </marker>
                                    <text><![CDATA[: ]]></text>
                                    <marker class="ExceptionPropertyValue">
                                      <contents>
                                        <text><![CDATA[1]]></text>
                                      </contents>
                                      <attributes />
                                    </marker>
                                    <text><![CDATA[
]]></text>
                                    <marker class="ExceptionPropertyName">
                                      <contents>
                                        <text><![CDATA[Number]]></text>
                                      </contents>
                                      <attributes />
                                    </marker>
                                    <text><![CDATA[: ]]></text>
                                    <marker class="ExceptionPropertyValue">
                                      <contents>
                                        <text><![CDATA[156]]></text>
                                      </contents>
                                      <attributes />
                                    </marker>
                                    <text><![CDATA[
]]></text>
                                    <marker class="ExceptionPropertyName">
                                      <contents>
                                        <text><![CDATA[Procedure]]></text>
                                      </contents>
                                      <attributes />
                                    </marker>
                                    <text><![CDATA[: ]]></text>
                                    <marker class="ExceptionPropertyValue">
                                      <contents />
                                      <attributes />
                                    </marker>
                                    <text><![CDATA[
]]></text>
                                    <marker class="ExceptionPropertyName">
                                      <contents>
                                        <text><![CDATA[Server]]></text>
                                      </contents>
                                      <attributes />
                                    </marker>
                                    <text><![CDATA[: ]]></text>
                                    <marker class="ExceptionPropertyValue">
                                      <contents>
                                        <text><![CDATA[ANAXIMANDER\SQLEXPRESS]]></text>
                                      </contents>
                                      <attributes />
                                    </marker>
                                    <text><![CDATA[
]]></text>
                                    <marker class="ExceptionPropertyName">
                                      <contents>
                                        <text><![CDATA[State]]></text>
                                      </contents>
                                      <attributes />
                                    </marker>
                                    <text><![CDATA[: ]]></text>
                                    <marker class="ExceptionPropertyValue">
                                      <contents>
                                        <text><![CDATA[1]]></text>
                                      </contents>
                                      <attributes />
                                    </marker>
                                    <text><![CDATA[
]]></text>
                                    <marker class="ExceptionPropertyName">
                                      <contents>
                                        <text><![CDATA[ErrorCode]]></text>
                                      </contents>
                                      <attributes />
                                    </marker>
                                    <text><![CDATA[: ]]></text>
                                    <marker class="ExceptionPropertyValue">
                                      <contents>
                                        <text><![CDATA[-2146232060]]></text>
                                      </contents>
                                      <attributes />
                                    </marker>
                                    <text><![CDATA[
]]></text>
                                    <marker class="StackTrace">
                                      <contents>
                                        <text><![CDATA[   at System.Data.SqlClient.SqlConnection.OnError(SqlException exception, Boolean breakConnection)
   at System.Data.SqlClient.SqlInternalConnection.OnError(SqlException exception, Boolean breakConnection)
   at System.Data.SqlClient.TdsParser.ThrowExceptionAndWarning(TdsParserStateObject stateObj)
   at System.Data.SqlClient.TdsParser.Run(RunBehavior runBehavior, SqlCommand cmdHandler, SqlDataReader dataStream, BulkCopySimpleResultSet bulkCopyHandler, TdsParserStateObject stateObj)
   at System.Data.SqlClient.SqlDataReader.ConsumeMetaData()
   at System.Data.SqlClient.SqlDataReader.get_MetaData()
   at System.Data.SqlClient.SqlCommand.FinishExecuteReader(SqlDataReader ds, RunBehavior runBehavior, String resetOptionsString)
   at System.Data.SqlClient.SqlCommand.RunExecuteReaderTds(CommandBehavior cmdBehavior, RunBehavior runBehavior, Boolean returnStream, Boolean async)
   at System.Data.SqlClient.SqlCommand.RunExecuteReader(CommandBehavior cmdBehavior, RunBehavior runBehavior, Boolean returnStream, String method, DbAsyncResult result)
   at System.Data.SqlClient.SqlCommand.RunExecuteReader(CommandBehavior cmdBehavior, RunBehavior runBehavior, Boolean returnStream, String method)
   at System.Data.SqlClient.SqlCommand.ExecuteReader(CommandBehavior behavior, String method)
   at System.Data.SqlClient.SqlCommand.ExecuteReader(CommandBehavior behavior)
   at SubSonic.SqlDataProvider.GetReader(QueryCommand qry) in ]]></text>
                                        <marker class="CodeLocation">
                                          <contents>
                                            <text><![CDATA[C:\data\SubsonicRoot\ss2\SubSonic\DataProviders\SqlDataProvider.cs:line 384]]></text>
                                          </contents>
                                          <attributes>
                                            <attribute name="line" value="384" />
                                            <attribute name="path" value="C:\data\SubsonicRoot\ss2\SubSonic\DataProviders\SqlDataProvider.cs" />
                                          </attributes>
                                        </marker>
                                        <text><![CDATA[
   at SubSonic.DataService.GetReader(QueryCommand cmd) in ]]></text>
                                        <marker class="CodeLocation">
                                          <contents>
                                            <text><![CDATA[C:\data\SubsonicRoot\ss2\SubSonic\DataProviders\DataService.cs:line 506]]></text>
                                          </contents>
                                          <attributes>
                                            <attribute name="line" value="506" />
                                            <attribute name="path" value="C:\data\SubsonicRoot\ss2\SubSonic\DataProviders\DataService.cs" />
                                          </attributes>
                                        </marker>
                                        <text><![CDATA[
   at SubSonic.Query.ExecuteReader() in ]]></text>
                                        <marker class="CodeLocation">
                                          <contents>
                                            <text><![CDATA[C:\data\SubsonicRoot\ss2\SubSonic\Sql Tools\Query.cs:line 1814]]></text>
                                          </contents>
                                          <attributes>
                                            <attribute name="line" value="1814" />
                                            <attribute name="path" value="C:\data\SubsonicRoot\ss2\SubSonic\Sql Tools\Query.cs" />
                                          </attributes>
                                        </marker>
                                        <text><![CDATA[
   at SubSonic.ReadOnlyRecord`1.LoadByKey(Object keyID) in ]]></text>
                                        <marker class="CodeLocation">
                                          <contents>
                                            <text><![CDATA[C:\data\SubsonicRoot\ss2\SubSonic\ActiveRecord\ReadOnlyRecord.cs:line 72]]></text>
                                          </contents>
                                          <attributes>
                                            <attribute name="line" value="72" />
                                            <attribute name="path" value="C:\data\SubsonicRoot\ss2\SubSonic\ActiveRecord\ReadOnlyRecord.cs" />
                                          </attributes>
                                        </marker>
                                        <text><![CDATA[
   at Northwind.Product..ctor(Object keyID) in ]]></text>
                                        <marker class="CodeLocation">
                                          <contents>
                                            <text><![CDATA[C:\data\SubsonicRoot\ss2\SubSonic.Tests\Generated\Northwind\Product.cs:line 93]]></text>
                                          </contents>
                                          <attributes>
                                            <attribute name="line" value="93" />
                                            <attribute name="path" value="C:\data\SubsonicRoot\ss2\SubSonic.Tests\Generated\Northwind\Product.cs" />
                                          </attributes>
                                        </marker>
                                        <text><![CDATA[
   at SubSonic.Tests.SqlQuery.SelectTests.ActiveRecord_IsLoaded_ShouldBe_False_When_Record_Not_Present_Using_PK_Constructor() in ]]></text>
                                        <marker class="CodeLocation">
                                          <contents>
                                            <text><![CDATA[C:\data\SubsonicRoot\ss2\SubSonic.Tests\SqlQuery\SelectTests.cs:line 774]]></text>
                                          </contents>
                                          <attributes>
                                            <attribute name="line" value="774" />
                                            <attribute name="path" value="C:\data\SubsonicRoot\ss2\SubSonic.Tests\SqlQuery\SelectTests.cs" />
                                          </attributes>
                                        </marker>
                                      </contents>
                                      <attributes />
                                    </marker>
                                  </contents>
                                  <attributes />
                                </marker>
                              </contents>
                            </section>
                          </contents>
                        </body>
                      </stream>
                    </streams>
                    <attachments />
                  </testLog>
                </testStepRun>
                <testStepRun startTime="2011-08-05T15:51:09.9462205+09:30" endTime="2011-08-05T15:51:09.9618455+09:30">
                  <testStep id="3a82bf2ffd4680d3" name="Collection_LoadTypedActiveRecord" fullName="SubSonic.Tests/SelectTests/Collection_LoadTypedActiveRecord" testId="71365874b01a3619" isPrimary="true" isTestCase="true" isDynamic="false">
                    <codeReference assembly="SubSonic.Tests, Version=2.2.1.0, Culture=neutral, PublicKeyToken=null" namespace="SubSonic.Tests.SqlQuery" type="SubSonic.Tests.SqlQuery.SelectTests" member="Collection_LoadTypedActiveRecord" />
                    <codeLocation path="C:\data\SubsonicRoot\ss2\SubSonic.Tests\SqlQuery\SelectTests.cs" line="520" />
                    <metadata>
                      <entry key="TestKind">
                        <value>Test</value>
                      </entry>
                    </metadata>
                  </testStep>
                  <children />
                  <result assertCount="4" duration="0.098618199999999989">
                    <outcome status="failed" />
                  </result>
                  <testLog>
                    <streams>
                      <stream name="Failures">
                        <body>
                          <contents>
                            <marker class="AssertionFailure">
                              <contents>
                                <section name="Expected value to be true.">
                                  <contents>
                                    <text><![CDATA[
]]></text>
                                    <marker class="Monospace">
                                      <contents>
                                        <marker class="Label">
                                          <contents>
                                            <text><![CDATA[Actual Value : ]]></text>
                                          </contents>
                                          <attributes />
                                        </marker>
                                        <text><![CDATA[false
]]></text>
                                      </contents>
                                      <attributes />
                                    </marker>
                                    <text><![CDATA[
]]></text>
                                    <marker class="StackTrace">
                                      <contents>
                                        <text><![CDATA[   at SubSonic.Tests.SqlQuery.SelectTests.Collection_LoadTypedActiveRecord() in ]]></text>
                                        <marker class="CodeLocation">
                                          <contents>
                                            <text><![CDATA[C:\data\SubsonicRoot\ss2\SubSonic.Tests\SqlQuery\SelectTests.cs:line 530]]></text>
                                          </contents>
                                          <attributes>
                                            <attribute name="line" value="530" />
                                            <attribute name="path" value="C:\data\SubsonicRoot\ss2\SubSonic.Tests\SqlQuery\SelectTests.cs" />
                                          </attributes>
                                        </marker>
                                      </contents>
                                      <attributes />
                                    </marker>
                                    <text><![CDATA[
]]></text>
                                  </contents>
                                </section>
                              </contents>
                              <attributes />
                            </marker>
                          </contents>
                        </body>
                      </stream>
                    </streams>
                    <attachments />
                  </testLog>
                </testStepRun>
                <testStepRun startTime="2011-08-05T15:51:09.9774705+09:30" endTime="2011-08-05T15:51:10.0087205+09:30">
                  <testStep id="3ada5a964c84d5b4" name="Collection_LoadTypedObject" fullName="SubSonic.Tests/SelectTests/Collection_LoadTypedObject" testId="bc1decbc9fdc85cf" isPrimary="true" isTestCase="true" isDynamic="false">
                    <codeReference assembly="SubSonic.Tests, Version=2.2.1.0, Culture=neutral, PublicKeyToken=null" namespace="SubSonic.Tests.SqlQuery" type="SubSonic.Tests.SqlQuery.SelectTests" member="Collection_LoadTypedObject" />
                    <codeLocation path="C:\data\SubsonicRoot\ss2\SubSonic.Tests\SqlQuery\SelectTests.cs" line="505" />
                    <metadata>
                      <entry key="TestKind">
                        <value>Test</value>
                      </entry>
                    </metadata>
                  </testStep>
                  <children />
                  <result assertCount="4" duration="0.011805399999999999">
                    <outcome status="failed" />
                  </result>
                  <testLog>
                    <streams>
                      <stream name="Failures">
                        <body>
                          <contents>
                            <marker class="AssertionFailure">
                              <contents>
                                <section name="Expected values to be equal.">
                                  <contents>
                                    <text><![CDATA[
]]></text>
                                    <marker class="Monospace">
                                      <contents>
                                        <marker class="Label">
                                          <contents>
                                            <text><![CDATA[Expected Value : ]]></text>
                                          </contents>
                                          <attributes />
                                        </marker>
                                        <marker class="DiffChange">
                                          <contents>
                                            <text><![CDATA[5]]></text>
                                          </contents>
                                          <attributes />
                                        </marker>
                                        <text><![CDATA[0m
]]></text>
                                        <marker class="Label">
                                          <contents>
                                            <text><![CDATA[Actual Value   : ]]></text>
                                          </contents>
                                          <attributes />
                                        </marker>
                                        <marker class="DiffChange">
                                          <contents>
                                            <text><![CDATA[100.000]]></text>
                                          </contents>
                                          <attributes />
                                        </marker>
                                        <text><![CDATA[0m
]]></text>
                                      </contents>
                                      <attributes />
                                    </marker>
                                    <text><![CDATA[
]]></text>
                                    <marker class="StackTrace">
                                      <contents>
                                        <text><![CDATA[   at SubSonic.Tests.SqlQuery.SelectTests.Collection_LoadTypedObject() in ]]></text>
                                        <marker class="CodeLocation">
                                          <contents>
                                            <text><![CDATA[C:\data\SubsonicRoot\ss2\SubSonic.Tests\SqlQuery\SelectTests.cs:line 515]]></text>
                                          </contents>
                                          <attributes>
                                            <attribute name="line" value="515" />
                                            <attribute name="path" value="C:\data\SubsonicRoot\ss2\SubSonic.Tests\SqlQuery\SelectTests.cs" />
                                          </attributes>
                                        </marker>
                                      </contents>
                                      <attributes />
                                    </marker>
                                    <text><![CDATA[
]]></text>
                                  </contents>
                                </section>
                              </contents>
                              <attributes />
                            </marker>
                          </contents>
                        </body>
                      </stream>
                    </streams>
                    <attachments />
                  </testLog>
                </testStepRun>
                <testStepRun startTime="2011-08-05T15:51:10.0087205+09:30" endTime="2011-08-05T15:51:10.0243455+09:30">
                  <testStep id="234e7abc2f25fb95" name="Constraints_Should_Be_Valid_When_Table_Not_In_From" fullName="SubSonic.Tests/SelectTests/Constraints_Should_Be_Valid_When_Table_Not_In_From" testId="4568dda4f4a5f281" isPrimary="true" isTestCase="true" isDynamic="false">
                    <codeReference assembly="SubSonic.Tests, Version=2.2.1.0, Culture=neutral, PublicKeyToken=null" namespace="SubSonic.Tests.SqlQuery" type="SubSonic.Tests.SqlQuery.SelectTests" member="Constraints_Should_Be_Valid_When_Table_Not_In_From" />
                    <codeLocation path="C:\data\SubsonicRoot\ss2\SubSonic.Tests\SqlQuery\SelectTests.cs" line="793" />
                    <metadata>
                      <entry key="TestKind">
                        <value>Test</value>
                      </entry>
                    </metadata>
                  </testStep>
                  <children />
                  <result assertCount="1" duration="0.0116087">
                    <outcome status="passed" />
                  </result>
                  <testLog>
                    <streams />
                    <attachments />
                  </testLog>
                </testStepRun>
                <testStepRun startTime="2011-08-05T15:51:10.0243455+09:30" endTime="2011-08-05T15:51:10.0399705+09:30">
                  <testStep id="83455d67d98a4efc" name="Exec_AggregateExpression" fullName="SubSonic.Tests/SelectTests/Exec_AggregateExpression" testId="b51a12706c7e1287" isPrimary="true" isTestCase="true" isDynamic="false">
                    <codeReference assembly="SubSonic.Tests, Version=2.2.1.0, Culture=neutral, PublicKeyToken=null" namespace="SubSonic.Tests.SqlQuery" type="SubSonic.Tests.SqlQuery.SelectTests" member="Exec_AggregateExpression" />
                    <codeLocation path="C:\data\SubsonicRoot\ss2\SubSonic.Tests\SqlQuery\SelectTests.cs" line="294" />
                    <metadata>
                      <entry key="TestKind">
                        <value>Test</value>
                      </entry>
                    </metadata>
                  </testStep>
                  <children />
                  <result assertCount="1" duration="0.048412199999999996">
                    <outcome status="passed" />
                  </result>
                  <testLog>
                    <streams />
                    <attachments />
                  </testLog>
                </testStepRun>
                <testStepRun startTime="2011-08-05T15:51:10.0399705+09:30" endTime="2011-08-05T15:51:10.0399705+09:30">
                  <testStep id="3cad6d699c0e8e7d" name="Exec_Collection_Joined" fullName="SubSonic.Tests/SelectTests/Exec_Collection_Joined" testId="31c9b4bee0126aad" isPrimary="true" isTestCase="true" isDynamic="false">
                    <codeReference assembly="SubSonic.Tests, Version=2.2.1.0, Culture=neutral, PublicKeyToken=null" namespace="SubSonic.Tests.SqlQuery" type="SubSonic.Tests.SqlQuery.SelectTests" member="Exec_Collection_Joined" />
                    <codeLocation path="C:\data\SubsonicRoot\ss2\SubSonic.Tests\SqlQuery\SelectTests.cs" line="188" />
                    <metadata>
                      <entry key="TestKind">
                        <value>Test</value>
                      </entry>
                    </metadata>
                  </testStep>
                  <children />
                  <result assertCount="1" duration="0.0133222">
                    <outcome status="passed" />
                  </result>
                  <testLog>
                    <streams />
                    <attachments />
                  </testLog>
                </testStepRun>
                <testStepRun startTime="2011-08-05T15:51:10.0399705+09:30" endTime="2011-08-05T15:51:10.0555955+09:30">
                  <testStep id="e1322aa61ad8ccc6" name="Exec_Collection_JoinedWithLike" fullName="SubSonic.Tests/SelectTests/Exec_Collection_JoinedWithLike" testId="a0cce410e7044202" isPrimary="true" isTestCase="true" isDynamic="false">
                    <codeReference assembly="SubSonic.Tests, Version=2.2.1.0, Culture=neutral, PublicKeyToken=null" namespace="SubSonic.Tests.SqlQuery" type="SubSonic.Tests.SqlQuery.SelectTests" member="Exec_Collection_JoinedWithLike" />
                    <codeLocation path="C:\data\SubsonicRoot\ss2\SubSonic.Tests\SqlQuery\SelectTests.cs" line="198" />
                    <metadata>
                      <entry key="TestKind">
                        <value>Test</value>
                      </entry>
                    </metadata>
                  </testStep>
                  <children />
                  <result assertCount="1" duration="0.0136707">
                    <outcome status="passed" />
                  </result>
                  <testLog>
                    <streams />
                    <attachments />
                  </testLog>
                </testStepRun>
                <testStepRun startTime="2011-08-05T15:51:10.0555955+09:30" endTime="2011-08-05T15:51:10.0712205+09:30">
                  <testStep id="5af18cadfdb6e723" name="Exec_Collection_JoinedWithLike_Typed" fullName="SubSonic.Tests/SelectTests/Exec_Collection_JoinedWithLike_Typed" testId="132b24ca35d178c6" isPrimary="true" isTestCase="true" isDynamic="false">
                    <codeReference assembly="SubSonic.Tests, Version=2.2.1.0, Culture=neutral, PublicKeyToken=null" namespace="SubSonic.Tests.SqlQuery" type="SubSonic.Tests.SqlQuery.SelectTests" member="Exec_Collection_JoinedWithLike_Typed" />
                    <codeLocation path="C:\data\SubsonicRoot\ss2\SubSonic.Tests\SqlQuery\SelectTests.cs" line="209" />
                    <metadata>
                      <entry key="TestKind">
                        <value>Test</value>
                      </entry>
                    </metadata>
                  </testStep>
                  <children />
                  <result assertCount="1" duration="0.0091072999999999987">
                    <outcome status="passed" />
                  </result>
                  <testLog>
                    <streams />
                    <attachments />
                  </testLog>
                </testStepRun>
                <testStepRun startTime="2011-08-05T15:51:10.0712205+09:30" endTime="2011-08-05T15:51:10.0712205+09:30">
                  <testStep id="3428074ffb3823d8" name="Exec_Collection_Simple" fullName="SubSonic.Tests/SelectTests/Exec_Collection_Simple" testId="f724d8da54cedb9b" isPrimary="true" isTestCase="true" isDynamic="false">
                    <codeReference assembly="SubSonic.Tests, Version=2.2.1.0, Culture=neutral, PublicKeyToken=null" namespace="SubSonic.Tests.SqlQuery" type="SubSonic.Tests.SqlQuery.SelectTests" member="Exec_Collection_Simple" />
                    <codeLocation path="C:\data\SubsonicRoot\ss2\SubSonic.Tests\SqlQuery\SelectTests.cs" line="180" />
                    <metadata>
                      <entry key="TestKind">
                        <value>Test</value>
                      </entry>
                    </metadata>
                  </testStep>
                  <children />
                  <result assertCount="1" duration="0.0164863">
                    <outcome status="passed" />
                  </result>
                  <testLog>
                    <streams />
                    <attachments />
                  </testLog>
                </testStepRun>
                <testStepRun startTime="2011-08-05T15:51:10.0868455+09:30" endTime="2011-08-05T15:51:10.0868455+09:30">
                  <testStep id="e91b9d9ea045b05c" name="Exec_Distinct_JoinedWithLike" fullName="SubSonic.Tests/SelectTests/Exec_Distinct_JoinedWithLike" testId="fd862e1efb5cce42" isPrimary="true" isTestCase="true" isDynamic="false">
                    <codeReference assembly="SubSonic.Tests, Version=2.2.1.0, Culture=neutral, PublicKeyToken=null" namespace="SubSonic.Tests.SqlQuery" type="SubSonic.Tests.SqlQuery.SelectTests" member="Exec_Distinct_JoinedWithLike" />
                    <codeLocation path="C:\data\SubsonicRoot\ss2\SubSonic.Tests\SqlQuery\SelectTests.cs" line="281" />
                    <metadata>
                      <entry key="TestKind">
                        <value>Test</value>
                      </entry>
                    </metadata>
                  </testStep>
                  <children />
                  <result assertCount="1" duration="0.036774299999999996">
                    <outcome status="passed" />
                  </result>
                  <testLog>
                    <streams />
                    <attachments />
                  </testLog>
                </testStepRun>
                <testStepRun startTime="2011-08-05T15:51:10.0868455+09:30" endTime="2011-08-05T15:51:10.1024705+09:30">
                  <testStep id="2c25b3f13d1e9db9" name="Exec_DistinctTypedList" fullName="SubSonic.Tests/SelectTests/Exec_DistinctTypedList" testId="5a2d7a12510dc65c" isPrimary="true" isTestCase="true" isDynamic="false">
                    <codeReference assembly="SubSonic.Tests, Version=2.2.1.0, Culture=neutral, PublicKeyToken=null" namespace="SubSonic.Tests.SqlQuery" type="SubSonic.Tests.SqlQuery.SelectTests" member="Exec_DistinctTypedList" />
                    <codeLocation path="C:\data\SubsonicRoot\ss2\SubSonic.Tests\SqlQuery\SelectTests.cs" line="260" />
                    <metadata>
                      <entry key="TestKind">
                        <value>Test</value>
                      </entry>
                    </metadata>
                  </testStep>
                  <children />
                  <result assertCount="1" duration="0.061775199999999995">
                    <outcome status="passed" />
                  </result>
                  <testLog>
                    <streams />
                    <attachments />
                  </testLog>
                </testStepRun>
                <testStepRun startTime="2011-08-05T15:51:10.1024705+09:30" endTime="2011-08-05T15:51:10.1024705+09:30">
                  <testStep id="a04307283ce301af" name="Exec_DistinctWithWhere" fullName="SubSonic.Tests/SelectTests/Exec_DistinctWithWhere" testId="6b2d4c29e11f2d4a" isPrimary="true" isTestCase="true" isDynamic="false">
                    <codeReference assembly="SubSonic.Tests, Version=2.2.1.0, Culture=neutral, PublicKeyToken=null" namespace="SubSonic.Tests.SqlQuery" type="SubSonic.Tests.SqlQuery.SelectTests" member="Exec_DistinctWithWhere" />
                    <codeLocation path="C:\data\SubsonicRoot\ss2\SubSonic.Tests\SqlQuery\SelectTests.cs" line="269" />
                    <metadata>
                      <entry key="TestKind">
                        <value>Test</value>
                      </entry>
                    </metadata>
                  </testStep>
                  <children />
                  <result assertCount="1" duration="0.0898438">
                    <outcome status="passed" />
                  </result>
                  <testLog>
                    <streams />
                    <attachments />
                  </testLog>
                </testStepRun>
                <testStepRun startTime="2011-08-05T15:51:10.1024705+09:30" endTime="2011-08-05T15:51:10.1180955+09:30">
                  <testStep id="690907a091d7e442" name="Exec_ExpressionSimpleOr" fullName="SubSonic.Tests/SelectTests/Exec_ExpressionSimpleOr" testId="8e62c4902bbffe5a" isPrimary="true" isTestCase="true" isDynamic="false">
                    <codeReference assembly="SubSonic.Tests, Version=2.2.1.0, Culture=neutral, PublicKeyToken=null" namespace="SubSonic.Tests.SqlQuery" type="SubSonic.Tests.SqlQuery.SelectTests" member="Exec_ExpressionSimpleOr" />
                    <codeLocation path="C:\data\SubsonicRoot\ss2\SubSonic.Tests\SqlQuery\SelectTests.cs" line="225" />
                    <metadata>
                      <entry key="TestKind">
                        <value>Test</value>
                      </entry>
                    </metadata>
                  </testStep>
                  <children />
                  <result assertCount="1" duration="0.0118985">
                    <outcome status="passed" />
                  </result>
                  <testLog>
                    <streams />
                    <attachments />
                  </testLog>
                </testStepRun>
                <testStepRun startTime="2011-08-05T15:51:10.1180955+09:30" endTime="2011-08-05T15:51:10.1180955+09:30">
                  <testStep id="38fdf7dd5b340936" name="Exec_InWithSelect" fullName="SubSonic.Tests/SelectTests/Exec_InWithSelect" testId="bd348406aaf1a6c0" isPrimary="true" isTestCase="true" isDynamic="false">
                    <codeReference assembly="SubSonic.Tests, Version=2.2.1.0, Culture=neutral, PublicKeyToken=null" namespace="SubSonic.Tests.SqlQuery" type="SubSonic.Tests.SqlQuery.SelectTests" member="Exec_InWithSelect" />
                    <codeLocation path="C:\data\SubsonicRoot\ss2\SubSonic.Tests\SqlQuery\SelectTests.cs" line="427" />
                    <metadata>
                      <entry key="TestKind">
                        <value>Test</value>
                      </entry>
                    </metadata>
                  </testStep>
                  <children />
                  <result assertCount="1" duration="0.0124701">
                    <outcome status="passed" />
                  </result>
                  <testLog>
                    <streams />
                    <attachments />
                  </testLog>
                </testStepRun>
                <testStepRun startTime="2011-08-05T15:51:10.1180955+09:30" endTime="2011-08-05T15:51:10.1337205+09:30">
                  <testStep id="5489d4a355d85bc5" name="Exec_LeftOuterJoin_With_Generics" fullName="SubSonic.Tests/SelectTests/Exec_LeftOuterJoin_With_Generics" testId="b370eaf8c520c214" isPrimary="true" isTestCase="true" isDynamic="false">
                    <codeReference assembly="SubSonic.Tests, Version=2.2.1.0, Culture=neutral, PublicKeyToken=null" namespace="SubSonic.Tests.SqlQuery" type="SubSonic.Tests.SqlQuery.SelectTests" member="Exec_LeftOuterJoin_With_Generics" />
                    <codeLocation path="C:\data\SubsonicRoot\ss2\SubSonic.Tests\SqlQuery\SelectTests.cs" line="142" />
                    <metadata>
                      <entry key="TestKind">
                        <value>Test</value>
                      </entry>
                    </metadata>
                  </testStep>
                  <children />
                  <result assertCount="1" duration="0.0329529">
                    <outcome status="passed" />
                  </result>
                  <testLog>
                    <streams />
                    <attachments />
                  </testLog>
                </testStepRun>
                <testStepRun startTime="2011-08-05T15:51:10.1337205+09:30" endTime="2011-08-05T15:51:10.1493455+09:30">
                  <testStep id="7ea6018ca46f919f" name="Exec_LeftOuterJoin_With_String" fullName="SubSonic.Tests/SelectTests/Exec_LeftOuterJoin_With_String" testId="fed03b517481075a" isPrimary="true" isTestCase="true" isDynamic="false">
                    <codeReference assembly="SubSonic.Tests, Version=2.2.1.0, Culture=neutral, PublicKeyToken=null" namespace="SubSonic.Tests.SqlQuery" type="SubSonic.Tests.SqlQuery.SelectTests" member="Exec_LeftOuterJoin_With_String" />
                    <codeLocation path="C:\data\SubsonicRoot\ss2\SubSonic.Tests\SqlQuery\SelectTests.cs" line="153" />
                    <metadata>
                      <entry key="TestKind">
                        <value>Test</value>
                      </entry>
                    </metadata>
                  </testStep>
                  <children />
                  <result assertCount="1" duration="0.0311001">
                    <outcome status="passed" />
                  </result>
                  <testLog>
                    <streams />
                    <attachments />
                  </testLog>
                </testStepRun>
                <testStepRun startTime="2011-08-05T15:51:10.1493455+09:30" endTime="2011-08-05T15:51:10.1493455+09:30">
                  <testStep id="3207eac41ebc2ec3" name="Exec_LeftOuterJoin_With_TableColumn" fullName="SubSonic.Tests/SelectTests/Exec_LeftOuterJoin_With_TableColumn" testId="3d2d9c292f0de222" isPrimary="true" isTestCase="true" isDynamic="false">
                    <codeReference assembly="SubSonic.Tests, Version=2.2.1.0, Culture=neutral, PublicKeyToken=null" namespace="SubSonic.Tests.SqlQuery" type="SubSonic.Tests.SqlQuery.SelectTests" member="Exec_LeftOuterJoin_With_TableColumn" />
                    <codeLocation path="C:\data\SubsonicRoot\ss2\SubSonic.Tests\SqlQuery\SelectTests.cs" line="131" />
                    <metadata>
                      <entry key="TestKind">
                        <value>Test</value>
                      </entry>
                    </metadata>
                  </testStep>
                  <children />
                  <result assertCount="1" duration="0.0260343">
                    <outcome status="passed" />
                  </result>
                  <testLog>
                    <streams />
                    <attachments />
                  </testLog>
                </testStepRun>
                <testStepRun startTime="2011-08-05T15:51:10.1493455+09:30" endTime="2011-08-05T15:51:10.1649705+09:30">
                  <testStep id="44f5bdb1f8fc8095" name="Exec_MultiJoin" fullName="SubSonic.Tests/SelectTests/Exec_MultiJoin" testId="2567e98394606df2" isPrimary="true" isTestCase="true" isDynamic="false">
                    <codeReference assembly="SubSonic.Tests, Version=2.2.1.0, Culture=neutral, PublicKeyToken=null" namespace="SubSonic.Tests.SqlQuery" type="SubSonic.Tests.SqlQuery.SelectTests" member="Exec_MultiJoin" />
                    <codeLocation path="C:\data\SubsonicRoot\ss2\SubSonic.Tests\SqlQuery\SelectTests.cs" line="117" />
                    <metadata>
                      <entry key="TestKind">
                        <value>Test</value>
                      </entry>
                    </metadata>
                  </testStep>
                  <children />
                  <result assertCount="1" duration="0.038012199999999996">
                    <outcome status="passed" />
                  </result>
                  <testLog>
                    <streams />
                    <attachments />
                  </testLog>
                </testStepRun>
                <testStepRun startTime="2011-08-05T15:51:10.1649705+09:30" endTime="2011-08-05T15:51:10.1649705+09:30">
                  <testStep id="8e57d9f5936c9228" name="Exec_MultipleInWithAnd" fullName="SubSonic.Tests/SelectTests/Exec_MultipleInWithAnd" testId="3bf89f1b0ab491f9" isPrimary="true" isTestCase="true" isDynamic="false">
                    <codeReference assembly="SubSonic.Tests, Version=2.2.1.0, Culture=neutral, PublicKeyToken=null" namespace="SubSonic.Tests.SqlQuery" type="SubSonic.Tests.SqlQuery.SelectTests" member="Exec_MultipleInWithAnd" />
                    <codeLocation path="C:\data\SubsonicRoot\ss2\SubSonic.Tests\SqlQuery\SelectTests.cs" line="440" />
                    <metadata>
                      <entry key="TestKind">
                        <value>Test</value>
                      </entry>
                    </metadata>
                  </testStep>
                  <children />
                  <result assertCount="1" duration="0.0053573">
                    <outcome status="passed" />
                  </result>
                  <testLog>
                    <streams />
                    <attachments />
                  </testLog>
                </testStepRun>
                <testStepRun startTime="2011-08-05T15:51:10.1805955+09:30" endTime="2011-08-05T15:51:10.2118455+09:30">
                  <testStep id="7e690569e86b81" name="Exec_NestedExpression" fullName="SubSonic.Tests/SelectTests/Exec_NestedExpression" testId="9fa32c4d90d19139" isPrimary="true" isTestCase="true" isDynamic="false">
                    <codeReference assembly="SubSonic.Tests, Version=2.2.1.0, Culture=neutral, PublicKeyToken=null" namespace="SubSonic.Tests.SqlQuery" type="SubSonic.Tests.SqlQuery.SelectTests" member="Exec_NestedExpression" />
                    <codeLocation path="C:\data\SubsonicRoot\ss2\SubSonic.Tests\SqlQuery\SelectTests.cs" line="236" />
                    <metadata>
                      <entry key="TestKind">
                        <value>Test</value>
                      </entry>
                    </metadata>
                  </testStep>
                  <children />
                  <result assertCount="1" duration="0.0078685">
                    <outcome status="passed" />
                  </result>
                  <testLog>
                    <streams />
                    <attachments />
                  </testLog>
                </testStepRun>
                <testStepRun startTime="2011-08-05T15:51:10.2118455+09:30" endTime="2011-08-05T15:51:10.2274705+09:30">
                  <testStep id="543789a5e5cde8c9" name="Exec_NotInWithSelect" fullName="SubSonic.Tests/SelectTests/Exec_NotInWithSelect" testId="2c5da3bbf6b730ae" isPrimary="true" isTestCase="true" isDynamic="false">
                    <codeReference assembly="SubSonic.Tests, Version=2.2.1.0, Culture=neutral, PublicKeyToken=null" namespace="SubSonic.Tests.SqlQuery" type="SubSonic.Tests.SqlQuery.SelectTests" member="Exec_NotInWithSelect" />
                    <codeLocation path="C:\data\SubsonicRoot\ss2\SubSonic.Tests\SqlQuery\SelectTests.cs" line="623" />
                    <metadata>
                      <entry key="TestKind">
                        <value>Test</value>
                      </entry>
                    </metadata>
                  </testStep>
                  <children />
                  <result assertCount="2" duration="0.0123106">
                    <outcome status="passed" />
                  </result>
                  <testLog>
                    <streams />
                    <attachments />
                  </testLog>
                </testStepRun>
                <testStepRun startTime="2011-08-05T15:51:10.2274705+09:30" endTime="2011-08-05T15:51:10.2430955+09:30">
                  <testStep id="af869ba05a12300c" name="Exec_PagedJoined" fullName="SubSonic.Tests/SelectTests/Exec_PagedJoined" testId="e815c74b1a7225d2" isPrimary="true" isTestCase="true" isDynamic="false">
                    <codeReference assembly="SubSonic.Tests, Version=2.2.1.0, Culture=neutral, PublicKeyToken=null" namespace="SubSonic.Tests.SqlQuery" type="SubSonic.Tests.SqlQuery.SelectTests" member="Exec_PagedJoined" />
                    <codeLocation path="C:\data\SubsonicRoot\ss2\SubSonic.Tests\SqlQuery\SelectTests.cs" line="335" />
                    <metadata>
                      <entry key="TestKind">
                        <value>Test</value>
                      </entry>
                    </metadata>
                  </testStep>
                  <children />
                  <result assertCount="1" duration="0.0243116">
                    <outcome status="passed" />
                  </result>
                  <testLog>
                    <streams />
                    <attachments />
                  </testLog>
                </testStepRun>
                <testStepRun startTime="2011-08-05T15:51:10.2430955+09:30" endTime="2011-08-05T15:51:10.2430955+09:30">
                  <testStep id="fc763a529fe5b15a" name="Exec_PagedSimple" fullName="SubSonic.Tests/SelectTests/Exec_PagedSimple" testId="2763a03853c61560" isPrimary="true" isTestCase="true" isDynamic="false">
                    <codeReference assembly="SubSonic.Tests, Version=2.2.1.0, Culture=neutral, PublicKeyToken=null" namespace="SubSonic.Tests.SqlQuery" type="SubSonic.Tests.SqlQuery.SelectTests" member="Exec_PagedSimple" />
                    <codeLocation path="C:\data\SubsonicRoot\ss2\SubSonic.Tests\SqlQuery\SelectTests.cs" line="310" />
                    <metadata>
                      <entry key="TestKind">
                        <value>Test</value>
                      </entry>
                    </metadata>
                  </testStep>
                  <children />
                  <result assertCount="1" duration="0.023921599999999998">
                    <outcome status="passed" />
                  </result>
                  <testLog>
                    <streams />
                    <attachments />
                  </testLog>
                </testStepRun>
                <testStepRun startTime="2011-08-05T15:51:10.2430955+09:30" endTime="2011-08-05T15:51:10.2587205+09:30">
                  <testStep id="bbd5a51bb3379cae" name="Exec_PagedView" fullName="SubSonic.Tests/SelectTests/Exec_PagedView" testId="df430da5e68d2630" isPrimary="true" isTestCase="true" isDynamic="false">
                    <codeReference assembly="SubSonic.Tests, Version=2.2.1.0, Culture=neutral, PublicKeyToken=null" namespace="SubSonic.Tests.SqlQuery" type="SubSonic.Tests.SqlQuery.SelectTests" member="Exec_PagedView" />
                    <codeLocation path="C:\data\SubsonicRoot\ss2\SubSonic.Tests\SqlQuery\SelectTests.cs" line="349" />
                    <metadata>
                      <entry key="TestKind">
                        <value>Test</value>
                      </entry>
                    </metadata>
                  </testStep>
                  <children />
                  <result assertCount="1" duration="0.0445731">
                    <outcome status="passed" />
                  </result>
                  <testLog>
                    <streams />
                    <attachments />
                  </testLog>
                </testStepRun>
                <testStepRun startTime="2011-08-05T15:51:10.2587205+09:30" endTime="2011-08-05T15:51:10.2743455+09:30">
                  <testStep id="4bcbffa9c1b43205" name="Exec_PagedViewJoined" fullName="SubSonic.Tests/SelectTests/Exec_PagedViewJoined" testId="a76cc2aa7909eef2" isPrimary="true" isTestCase="true" isDynamic="false">
                    <codeReference assembly="SubSonic.Tests, Version=2.2.1.0, Culture=neutral, PublicKeyToken=null" namespace="SubSonic.Tests.SqlQuery" type="SubSonic.Tests.SqlQuery.SelectTests" member="Exec_PagedViewJoined" />
                    <codeLocation path="C:\data\SubsonicRoot\ss2\SubSonic.Tests\SqlQuery\SelectTests.cs" line="357" />
                    <metadata>
                      <entry key="TestKind">
                        <value>Test</value>
                      </entry>
                    </metadata>
                  </testStep>
                  <children />
                  <result assertCount="1" duration="0.0622379">
                    <outcome status="passed" />
                  </result>
                  <testLog>
                    <streams />
                    <attachments />
                  </testLog>
                </testStepRun>
                <testStepRun startTime="2011-08-05T15:51:10.2743455+09:30" endTime="2011-08-05T15:51:10.2899705+09:30">
                  <testStep id="480feb32ba63f145" name="Exec_PagedWithAggregate" fullName="SubSonic.Tests/SelectTests/Exec_PagedWithAggregate" testId="c112fd3991361893" isPrimary="true" isTestCase="true" isDynamic="false">
                    <codeReference assembly="SubSonic.Tests, Version=2.2.1.0, Culture=neutral, PublicKeyToken=null" namespace="SubSonic.Tests.SqlQuery" type="SubSonic.Tests.SqlQuery.SelectTests" member="Exec_PagedWithAggregate" />
                    <codeLocation path="C:\data\SubsonicRoot\ss2\SubSonic.Tests\SqlQuery\SelectTests.cs" line="317" />
                    <metadata>
                      <entry key="TestKind">
                        <value>Test</value>
                      </entry>
                    </metadata>
                  </testStep>
                  <children />
                  <result assertCount="1" duration="0.0158284">
                    <outcome status="passed" />
                  </result>
                  <testLog>
                    <streams />
                    <attachments />
                  </testLog>
                </testStepRun>
                <testStepRun startTime="2011-08-05T15:51:10.2899705+09:30" endTime="2011-08-05T15:51:10.3055955+09:30">
                  <testStep id="ddef684d271c61b8" name="Exec_Select_Top_Ten" fullName="SubSonic.Tests/SelectTests/Exec_Select_Top_Ten" testId="7fba649d1c73c23f" isPrimary="true" isTestCase="true" isDynamic="false">
                    <codeReference assembly="SubSonic.Tests, Version=2.2.1.0, Culture=neutral, PublicKeyToken=null" namespace="SubSonic.Tests.SqlQuery" type="SubSonic.Tests.SqlQuery.SelectTests" member="Exec_Select_Top_Ten" />
                    <codeLocation path="C:\data\SubsonicRoot\ss2\SubSonic.Tests\SqlQuery\SelectTests.cs" line="166" />
                    <metadata>
                      <entry key="TestKind">
                        <value>Test</value>
                      </entry>
                    </metadata>
                  </testStep>
                  <children />
                  <result assertCount="1" duration="0.0050168">
                    <outcome status="passed" />
                  </result>
                  <testLog>
                    <streams />
                    <attachments />
                  </testLog>
                </testStepRun>
                <testStepRun startTime="2011-08-05T15:51:10.3055955+09:30" endTime="2011-08-05T15:51:10.3368455+09:30">
                  <testStep id="bd14fc414aad4579" name="Exec_Simple" fullName="SubSonic.Tests/SelectTests/Exec_Simple" testId="d943452b33fb4d6d" isPrimary="true" isTestCase="true" isDynamic="false">
                    <codeReference assembly="SubSonic.Tests, Version=2.2.1.0, Culture=neutral, PublicKeyToken=null" namespace="SubSonic.Tests.SqlQuery" type="SubSonic.Tests.SqlQuery.SelectTests" member="Exec_Simple" />
                    <codeLocation path="C:\data\SubsonicRoot\ss2\SubSonic.Tests\SqlQuery\SelectTests.cs" line="29" />
                    <metadata>
                      <entry key="TestKind">
                        <value>Test</value>
                      </entry>
                    </metadata>
                  </testStep>
                  <children />
                  <result assertCount="1" duration="0.0046930999999999995">
                    <outcome status="passed" />
                  </result>
                  <testLog>
                    <streams />
                    <attachments />
                  </testLog>
                </testStepRun>
                <testStepRun startTime="2011-08-05T15:51:10.3368455+09:30" endTime="2011-08-05T15:51:10.3524705+09:30">
                  <testStep id="be5521390eec27ca" name="Exec_SimpleAnd" fullName="SubSonic.Tests/SelectTests/Exec_SimpleAnd" testId="84acacf34f8286da" isPrimary="true" isTestCase="true" isDynamic="false">
                    <codeReference assembly="SubSonic.Tests, Version=2.2.1.0, Culture=neutral, PublicKeyToken=null" namespace="SubSonic.Tests.SqlQuery" type="SubSonic.Tests.SqlQuery.SelectTests" member="Exec_SimpleAnd" />
                    <codeLocation path="C:\data\SubsonicRoot\ss2\SubSonic.Tests\SqlQuery\SelectTests.cs" line="370" />
                    <metadata>
                      <entry key="TestKind">
                        <value>Test</value>
                      </entry>
                    </metadata>
                  </testStep>
                  <children />
                  <result assertCount="1" duration="0.0070114">
                    <outcome status="passed" />
                  </result>
                  <testLog>
                    <streams />
                    <attachments />
                  </testLog>
                </testStepRun>
                <testStepRun startTime="2011-08-05T15:51:10.3524705+09:30" endTime="2011-08-05T15:51:10.3524705+09:30">
                  <testStep id="2963e9c5d315242a" name="Exec_SimpleAnd2" fullName="SubSonic.Tests/SelectTests/Exec_SimpleAnd2" testId="f5a54afea386b971" isPrimary="true" isTestCase="true" isDynamic="false">
                    <codeReference assembly="SubSonic.Tests, Version=2.2.1.0, Culture=neutral, PublicKeyToken=null" namespace="SubSonic.Tests.SqlQuery" type="SubSonic.Tests.SqlQuery.SelectTests" member="Exec_SimpleAnd2" />
                    <codeLocation path="C:\data\SubsonicRoot\ss2\SubSonic.Tests\SqlQuery\SelectTests.cs" line="384" />
                    <metadata>
                      <entry key="TestKind">
                        <value>Test</value>
                      </entry>
                    </metadata>
                  </testStep>
                  <children />
                  <result assertCount="1" duration="0.0034421">
                    <outcome status="passed" />
                  </result>
                  <testLog>
                    <streams />
                    <attachments />
                  </testLog>
                </testStepRun>
                <testStepRun startTime="2011-08-05T15:51:10.3524705+09:30" endTime="2011-08-05T15:51:10.3680955+09:30">
                  <testStep id="267d8748375a4cbf" name="Exec_SimpleAnd3" fullName="SubSonic.Tests/SelectTests/Exec_SimpleAnd3" testId="6c069a77c4600266" isPrimary="true" isTestCase="true" isDynamic="false">
                    <codeReference assembly="SubSonic.Tests, Version=2.2.1.0, Culture=neutral, PublicKeyToken=null" namespace="SubSonic.Tests.SqlQuery" type="SubSonic.Tests.SqlQuery.SelectTests" member="Exec_SimpleAnd3" />
                    <codeLocation path="C:\data\SubsonicRoot\ss2\SubSonic.Tests\SqlQuery\SelectTests.cs" line="398" />
                    <metadata>
                      <entry key="TestKind">
                        <value>Test</value>
                      </entry>
                    </metadata>
                  </testStep>
                  <children />
                  <result assertCount="1" duration="0.011223">
                    <outcome status="passed" />
                  </result>
                  <testLog>
                    <streams />
                    <attachments />
                  </testLog>
                </testStepRun>
                <testStepRun startTime="2011-08-05T15:51:10.3680955+09:30" endTime="2011-08-05T15:51:10.3837205+09:30">
                  <testStep id="15b696d67b9cb1ca" name="Exec_SimpleAsSingle" fullName="SubSonic.Tests/SelectTests/Exec_SimpleAsSingle" testId="55446d52438c14d0" isPrimary="true" isTestCase="true" isDynamic="false">
                    <codeReference assembly="SubSonic.Tests, Version=2.2.1.0, Culture=neutral, PublicKeyToken=null" namespace="SubSonic.Tests.SqlQuery" type="SubSonic.Tests.SqlQuery.SelectTests" member="Exec_SimpleAsSingle" />
                    <codeLocation path="C:\data\SubsonicRoot\ss2\SubSonic.Tests\SqlQuery\SelectTests.cs" line="43" />
                    <metadata>
                      <entry key="TestKind">
                        <value>Test</value>
                      </entry>
                    </metadata>
                  </testStep>
                  <children />
                  <result assertCount="1" duration="0.0090346">
                    <outcome status="passed" />
                  </result>
                  <testLog>
                    <streams />
                    <attachments />
                  </testLog>
                </testStepRun>
                <testStepRun startTime="2011-08-05T15:51:10.3837205+09:30" endTime="2011-08-05T15:51:10.3837205+09:30">
                  <testStep id="82ba8663b1b57c14" name="Exec_SimpleIn" fullName="SubSonic.Tests/SelectTests/Exec_SimpleIn" testId="cc4967ca3f4a2c02" isPrimary="true" isTestCase="true" isDynamic="false">
                    <codeReference assembly="SubSonic.Tests, Version=2.2.1.0, Culture=neutral, PublicKeyToken=null" namespace="SubSonic.Tests.SqlQuery" type="SubSonic.Tests.SqlQuery.SelectTests" member="Exec_SimpleIn" />
                    <codeLocation path="C:\data\SubsonicRoot\ss2\SubSonic.Tests\SqlQuery\SelectTests.cs" line="418" />
                    <metadata>
                      <entry key="TestKind">
                        <value>Test</value>
                      </entry>
                    </metadata>
                  </testStep>
                  <children />
                  <result assertCount="1" duration="0.0047945999999999996">
                    <outcome status="passed" />
                  </result>
                  <testLog>
                    <streams />
                    <attachments />
                  </testLog>
                </testStepRun>
                <testStepRun startTime="2011-08-05T15:51:10.3837205+09:30" endTime="2011-08-05T15:51:10.3993455+09:30">
                  <testStep id="ce2e0db4c445092f" name="Exec_SimpleJoin" fullName="SubSonic.Tests/SelectTests/Exec_SimpleJoin" testId="d908a282699d4650" isPrimary="true" isTestCase="true" isDynamic="false">
                    <codeReference assembly="SubSonic.Tests, Version=2.2.1.0, Culture=neutral, PublicKeyToken=null" namespace="SubSonic.Tests.SqlQuery" type="SubSonic.Tests.SqlQuery.SelectTests" member="Exec_SimpleJoin" />
                    <codeLocation path="C:\data\SubsonicRoot\ss2\SubSonic.Tests\SqlQuery\SelectTests.cs" line="84" />
                    <metadata>
                      <entry key="TestKind">
                        <value>Test</value>
                      </entry>
                    </metadata>
                  </testStep>
                  <children />
                  <result assertCount="1" duration="0.0307202">
                    <outcome status="passed" />
                  </result>
                  <testLog>
                    <streams />
                    <attachments />
                  </testLog>
                </testStepRun>
                <testStepRun startTime="2011-08-05T15:51:10.3993455+09:30" endTime="2011-08-05T15:51:10.3993455+09:30">
                  <testStep id="e7296a80aae61b9e" name="Exec_SimpleJoin2" fullName="SubSonic.Tests/SelectTests/Exec_SimpleJoin2" testId="d4139761853f7fcd" isPrimary="true" isTestCase="true" isDynamic="false">
                    <codeReference assembly="SubSonic.Tests, Version=2.2.1.0, Culture=neutral, PublicKeyToken=null" namespace="SubSonic.Tests.SqlQuery" type="SubSonic.Tests.SqlQuery.SelectTests" member="Exec_SimpleJoin2" />
                    <codeLocation path="C:\data\SubsonicRoot\ss2\SubSonic.Tests\SqlQuery\SelectTests.cs" line="95" />
                    <metadata>
                      <entry key="TestKind">
                        <value>Test</value>
                      </entry>
                    </metadata>
                  </testStep>
                  <children />
                  <result assertCount="1" duration="0.0095067">
                    <outcome status="passed" />
                  </result>
                  <testLog>
                    <streams />
                    <attachments />
                  </testLog>
                </testStepRun>
                <testStepRun startTime="2011-08-05T15:51:10.4149705+09:30" endTime="2011-08-05T15:51:10.4149705+09:30">
                  <testStep id="2070fa141b1cbb79" name="Exec_SimpleJoin3" fullName="SubSonic.Tests/SelectTests/Exec_SimpleJoin3" testId="7334c663cee4838c" isPrimary="true" isTestCase="true" isDynamic="false">
                    <codeReference assembly="SubSonic.Tests, Version=2.2.1.0, Culture=neutral, PublicKeyToken=null" namespace="SubSonic.Tests.SqlQuery" type="SubSonic.Tests.SqlQuery.SelectTests" member="Exec_SimpleJoin3" />
                    <codeLocation path="C:\data\SubsonicRoot\ss2\SubSonic.Tests\SqlQuery\SelectTests.cs" line="106" />
                    <metadata>
                      <entry key="TestKind">
                        <value>Test</value>
                      </entry>
                    </metadata>
                  </testStep>
                  <children />
                  <result assertCount="1" duration="0.0304058">
                    <outcome status="passed" />
                  </result>
                  <testLog>
                    <streams />
                    <attachments />
                  </testLog>
                </testStepRun>
                <testStepRun startTime="2011-08-05T15:51:10.4149705+09:30" endTime="2011-08-05T15:51:10.4305955+09:30">
                  <testStep id="7457c9ceea23c64d" name="Exec_SimpleOr" fullName="SubSonic.Tests/SelectTests/Exec_SimpleOr" testId="aa15f6300be00489" isPrimary="true" isTestCase="true" isDynamic="false">
                    <codeReference assembly="SubSonic.Tests, Version=2.2.1.0, Culture=neutral, PublicKeyToken=null" namespace="SubSonic.Tests.SqlQuery" type="SubSonic.Tests.SqlQuery.SelectTests" member="Exec_SimpleOr" />
                    <codeLocation path="C:\data\SubsonicRoot\ss2\SubSonic.Tests\SqlQuery\SelectTests.cs" line="457" />
                    <metadata>
                      <entry key="TestKind">
                        <value>Test</value>
                      </entry>
                    </metadata>
                  </testStep>
                  <children />
                  <result assertCount="1" duration="0.013951">
                    <outcome status="passed" />
                  </result>
                  <testLog>
                    <streams />
                    <attachments />
                  </testLog>
                </testStepRun>
                <testStepRun startTime="2011-08-05T15:51:10.4305955+09:30" endTime="2011-08-05T15:51:10.4305955+09:30">
                  <testStep id="da521efa8001888e" name="Exec_SimpleOr2" fullName="SubSonic.Tests/SelectTests/Exec_SimpleOr2" testId="33d0d25dfecbf6b1" isPrimary="true" isTestCase="true" isDynamic="false">
                    <codeReference assembly="SubSonic.Tests, Version=2.2.1.0, Culture=neutral, PublicKeyToken=null" namespace="SubSonic.Tests.SqlQuery" type="SubSonic.Tests.SqlQuery.SelectTests" member="Exec_SimpleOr2" />
                    <codeLocation path="C:\data\SubsonicRoot\ss2\SubSonic.Tests\SqlQuery\SelectTests.cs" line="471" />
                    <metadata>
                      <entry key="TestKind">
                        <value>Test</value>
                      </entry>
                    </metadata>
                  </testStep>
                  <children />
                  <result assertCount="1" duration="0.0055734999999999995">
                    <outcome status="passed" />
                  </result>
                  <testLog>
                    <streams />
                    <attachments />
                  </testLog>
                </testStepRun>
                <testStepRun startTime="2011-08-05T15:51:10.4305955+09:30" endTime="2011-08-05T15:51:10.4930955+09:30">
                  <testStep id="bde84945ca325e93" name="Exec_SimpleOr3" fullName="SubSonic.Tests/SelectTests/Exec_SimpleOr3" testId="4bae6bc711bf486" isPrimary="true" isTestCase="true" isDynamic="false">
                    <codeReference assembly="SubSonic.Tests, Version=2.2.1.0, Culture=neutral, PublicKeyToken=null" namespace="SubSonic.Tests.SqlQuery" type="SubSonic.Tests.SqlQuery.SelectTests" member="Exec_SimpleOr3" />
                    <codeLocation path="C:\data\SubsonicRoot\ss2\SubSonic.Tests\SqlQuery\SelectTests.cs" line="485" />
                    <metadata>
                      <entry key="TestKind">
                        <value>Test</value>
                      </entry>
                    </metadata>
                  </testStep>
                  <children />
                  <result assertCount="1" duration="0.0184726">
                    <outcome status="passed" />
                  </result>
                  <testLog>
                    <streams />
                    <attachments />
                  </testLog>
                </testStepRun>
                <testStepRun startTime="2011-08-05T15:51:10.4930955+09:30" endTime="2011-08-05T15:51:10.5399705+09:30">
                  <testStep id="a737279ee2cc77b9" name="Exec_SimpleWhere" fullName="SubSonic.Tests/SelectTests/Exec_SimpleWhere" testId="351cac8e4ad5b3e1" isPrimary="true" isTestCase="true" isDynamic="false">
                    <codeReference assembly="SubSonic.Tests, Version=2.2.1.0, Culture=neutral, PublicKeyToken=null" namespace="SubSonic.Tests.SqlQuery" type="SubSonic.Tests.SqlQuery.SelectTests" member="Exec_SimpleWhere" />
                    <codeLocation path="C:\data\SubsonicRoot\ss2\SubSonic.Tests\SqlQuery\SelectTests.cs" line="57" />
                    <metadata>
                      <entry key="TestKind">
                        <value>Test</value>
                      </entry>
                    </metadata>
                  </testStep>
                  <children />
                  <result assertCount="1" duration="0.0065956999999999995">
                    <outcome status="passed" />
                  </result>
                  <testLog>
                    <streams />
                    <attachments />
                  </testLog>
                </testStepRun>
                <testStepRun startTime="2011-08-05T15:51:10.5399705+09:30" endTime="2011-08-05T15:51:10.5399705+09:30">
                  <testStep id="1d29a1474affb006" name="Exec_SimpleWhere2" fullName="SubSonic.Tests/SelectTests/Exec_SimpleWhere2" testId="6a4d37a2d0f2d813" isPrimary="true" isTestCase="true" isDynamic="false">
                    <codeReference assembly="SubSonic.Tests, Version=2.2.1.0, Culture=neutral, PublicKeyToken=null" namespace="SubSonic.Tests.SqlQuery" type="SubSonic.Tests.SqlQuery.SelectTests" member="Exec_SimpleWhere2" />
                    <codeLocation path="C:\data\SubsonicRoot\ss2\SubSonic.Tests\SqlQuery\SelectTests.cs" line="64" />
                    <metadata>
                      <entry key="TestKind">
                        <value>Test</value>
                      </entry>
                    </metadata>
                  </testStep>
                  <children />
                  <result assertCount="1" duration="0.0095109">
                    <outcome status="passed" />
                  </result>
                  <testLog>
                    <streams />
                    <attachments />
                  </testLog>
                </testStepRun>
                <testStepRun startTime="2011-08-05T15:51:10.5399705+09:30" endTime="2011-08-05T15:51:10.5555955+09:30">
                  <testStep id="a3ef354d4f9a4f21" name="Exec_SimpleWhereAnd" fullName="SubSonic.Tests/SelectTests/Exec_SimpleWhereAnd" testId="d6451bb4fabcbc28" isPrimary="true" isTestCase="true" isDynamic="false">
                    <codeReference assembly="SubSonic.Tests, Version=2.2.1.0, Culture=neutral, PublicKeyToken=null" namespace="SubSonic.Tests.SqlQuery" type="SubSonic.Tests.SqlQuery.SelectTests" member="Exec_SimpleWhereAnd" />
                    <codeLocation path="C:\data\SubsonicRoot\ss2\SubSonic.Tests\SqlQuery\SelectTests.cs" line="71" />
                    <metadata>
                      <entry key="TestKind">
                        <value>Test</value>
                      </entry>
                    </metadata>
                  </testStep>
                  <children />
                  <result assertCount="1" duration="0.0089346">
                    <outcome status="passed" />
                  </result>
                  <testLog>
                    <streams />
                    <attachments />
                  </testLog>
                </testStepRun>
                <testStepRun startTime="2011-08-05T15:51:10.5555955+09:30" endTime="2011-08-05T15:51:10.5712205+09:30">
                  <testStep id="38d867ec03ceed18" name="Exec_SimpleWithTypedColumns" fullName="SubSonic.Tests/SelectTests/Exec_SimpleWithTypedColumns" testId="87ff466a71f0fac" isPrimary="true" isTestCase="true" isDynamic="false">
                    <codeReference assembly="SubSonic.Tests, Version=2.2.1.0, Culture=neutral, PublicKeyToken=null" namespace="SubSonic.Tests.SqlQuery" type="SubSonic.Tests.SqlQuery.SelectTests" member="Exec_SimpleWithTypedColumns" />
                    <codeLocation path="C:\data\SubsonicRoot\ss2\SubSonic.Tests\SqlQuery\SelectTests.cs" line="36" />
                    <metadata>
                      <entry key="TestKind">
                        <value>Test</value>
                      </entry>
                    </metadata>
                  </testStep>
                  <children />
                  <result assertCount="1" duration="0.0058734999999999994">
                    <outcome status="passed" />
                  </result>
                  <testLog>
                    <streams />
                    <attachments />
                  </testLog>
                </testStepRun>
                <testStepRun startTime="2011-08-05T15:51:10.5712205+09:30" endTime="2011-08-05T15:51:10.5868455+09:30">
                  <testStep id="561b4401227e108" name="Exec_WithAllColumns" fullName="SubSonic.Tests/SelectTests/Exec_WithAllColumns" testId="8381811bae387097" isPrimary="true" isTestCase="true" isDynamic="false">
                    <codeReference assembly="SubSonic.Tests, Version=2.2.1.0, Culture=neutral, PublicKeyToken=null" namespace="SubSonic.Tests.SqlQuery" type="SubSonic.Tests.SqlQuery.SelectTests" member="Exec_WithAllColumns" />
                    <codeLocation path="C:\data\SubsonicRoot\ss2\SubSonic.Tests\SqlQuery\SelectTests.cs" line="50" />
                    <metadata>
                      <entry key="TestKind">
                        <value>Test</value>
                      </entry>
                    </metadata>
                  </testStep>
                  <children />
                  <result assertCount="1" duration="0.0059846">
                    <outcome status="passed" />
                  </result>
                  <testLog>
                    <streams />
                    <attachments />
                  </testLog>
                </testStepRun>
                <testStepRun startTime="2011-08-05T15:51:10.5868455+09:30" endTime="2011-08-05T15:51:10.5868455+09:30">
                  <testStep id="6ca0a51003f930b6" name="MySql_Should_Set_Logical_Deletes" fullName="SubSonic.Tests/SelectTests/MySql_Should_Set_Logical_Deletes" testId="6f93c3a1aa751344" isPrimary="true" isTestCase="true" isDynamic="false">
                    <codeReference assembly="SubSonic.Tests, Version=2.2.1.0, Culture=neutral, PublicKeyToken=null" namespace="SubSonic.Tests.SqlQuery" type="SubSonic.Tests.SqlQuery.SelectTests" member="MySql_Should_Set_Logical_Deletes" />
                    <codeLocation path="C:\data\SubsonicRoot\ss2\SubSonic.Tests\SqlQuery\SelectTests.cs" line="873" />
                    <metadata>
                      <entry key="TestKind">
                        <value>Test</value>
                      </entry>
                    </metadata>
                  </testStep>
                  <children />
                  <result assertCount="0" duration="0.0017546999999999999">
                    <outcome status="passed" />
                  </result>
                  <testLog>
                    <streams />
                    <attachments />
                  </testLog>
                </testStepRun>
                <testStepRun startTime="2011-08-05T15:51:10.5868455+09:30" endTime="2011-08-05T15:51:10.6962205+09:30">
                  <testStep id="9929e64fd35b2204" name="Products_CollectionLoad2" fullName="SubSonic.Tests/SelectTests/Products_CollectionLoad2" testId="59070ef9a965d38c" isPrimary="true" isTestCase="true" isDynamic="false">
                    <codeReference assembly="SubSonic.Tests, Version=2.2.1.0, Culture=neutral, PublicKeyToken=null" namespace="SubSonic.Tests.SqlQuery" type="SubSonic.Tests.SqlQuery.SelectTests" member="Products_CollectionLoad2" />
                    <codeLocation path="C:\data\SubsonicRoot\ss2\SubSonic.Tests\SqlQuery\SelectTests.cs" line="590" />
                    <metadata>
                      <entry key="TestKind">
                        <value>Test</value>
                      </entry>
                    </metadata>
                  </testStep>
                  <children />
                  <result assertCount="0" duration="0.0195996">
                    <outcome status="failed" />
                  </result>
                  <testLog>
                    <streams>
                      <stream name="Failures">
                        <body>
                          <contents>
                            <section name="Execute">
                              <contents>
                                <marker class="Exception">
                                  <contents>
                                    <marker class="ExceptionType">
                                      <contents>
                                        <text><![CDATA[System.Data.SqlClient.SqlException]]></text>
                                      </contents>
                                      <attributes />
                                    </marker>
                                    <text><![CDATA[: ]]></text>
                                    <marker class="ExceptionMessage">
                                      <contents>
                                        <text><![CDATA[Incorrect syntax near the keyword 'ORDER'.]]></text>
                                      </contents>
                                      <attributes />
                                    </marker>
                                    <text><![CDATA[
]]></text>
                                    <marker class="ExceptionPropertyName">
                                      <contents>
                                        <text><![CDATA[Errors]]></text>
                                      </contents>
                                      <attributes />
                                    </marker>
                                    <text><![CDATA[: ]]></text>
                                    <marker class="ExceptionPropertyValue">
                                      <contents>
                                        <text><![CDATA[System.Data.SqlClient.SqlErrorCollection]]></text>
                                      </contents>
                                      <attributes />
                                    </marker>
                                    <text><![CDATA[
]]></text>
                                    <marker class="ExceptionPropertyName">
                                      <contents>
                                        <text><![CDATA[Class]]></text>
                                      </contents>
                                      <attributes />
                                    </marker>
                                    <text><![CDATA[: ]]></text>
                                    <marker class="ExceptionPropertyValue">
                                      <contents>
                                        <text><![CDATA[15]]></text>
                                      </contents>
                                      <attributes />
                                    </marker>
                                    <text><![CDATA[
]]></text>
                                    <marker class="ExceptionPropertyName">
                                      <contents>
                                        <text><![CDATA[LineNumber]]></text>
                                      </contents>
                                      <attributes />
                                    </marker>
                                    <text><![CDATA[: ]]></text>
                                    <marker class="ExceptionPropertyValue">
                                      <contents>
                                        <text><![CDATA[1]]></text>
                                      </contents>
                                      <attributes />
                                    </marker>
                                    <text><![CDATA[
]]></text>
                                    <marker class="ExceptionPropertyName">
                                      <contents>
                                        <text><![CDATA[Number]]></text>
                                      </contents>
                                      <attributes />
                                    </marker>
                                    <text><![CDATA[: ]]></text>
                                    <marker class="ExceptionPropertyValue">
                                      <contents>
                                        <text><![CDATA[156]]></text>
                                      </contents>
                                      <attributes />
                                    </marker>
                                    <text><![CDATA[
]]></text>
                                    <marker class="ExceptionPropertyName">
                                      <contents>
                                        <text><![CDATA[Procedure]]></text>
                                      </contents>
                                      <attributes />
                                    </marker>
                                    <text><![CDATA[: ]]></text>
                                    <marker class="ExceptionPropertyValue">
                                      <contents />
                                      <attributes />
                                    </marker>
                                    <text><![CDATA[
]]></text>
                                    <marker class="ExceptionPropertyName">
                                      <contents>
                                        <text><![CDATA[Server]]></text>
                                      </contents>
                                      <attributes />
                                    </marker>
                                    <text><![CDATA[: ]]></text>
                                    <marker class="ExceptionPropertyValue">
                                      <contents>
                                        <text><![CDATA[ANAXIMANDER\SQLEXPRESS]]></text>
                                      </contents>
                                      <attributes />
                                    </marker>
                                    <text><![CDATA[
]]></text>
                                    <marker class="ExceptionPropertyName">
                                      <contents>
                                        <text><![CDATA[State]]></text>
                                      </contents>
                                      <attributes />
                                    </marker>
                                    <text><![CDATA[: ]]></text>
                                    <marker class="ExceptionPropertyValue">
                                      <contents>
                                        <text><![CDATA[1]]></text>
                                      </contents>
                                      <attributes />
                                    </marker>
                                    <text><![CDATA[
]]></text>
                                    <marker class="ExceptionPropertyName">
                                      <contents>
                                        <text><![CDATA[ErrorCode]]></text>
                                      </contents>
                                      <attributes />
                                    </marker>
                                    <text><![CDATA[: ]]></text>
                                    <marker class="ExceptionPropertyValue">
                                      <contents>
                                        <text><![CDATA[-2146232060]]></text>
                                      </contents>
                                      <attributes />
                                    </marker>
                                    <text><![CDATA[
]]></text>
                                    <marker class="StackTrace">
                                      <contents>
                                        <text><![CDATA[   at System.Data.SqlClient.SqlConnection.OnError(SqlException exception, Boolean breakConnection)
   at System.Data.SqlClient.SqlInternalConnection.OnError(SqlException exception, Boolean breakConnection)
   at System.Data.SqlClient.TdsParser.ThrowExceptionAndWarning(TdsParserStateObject stateObj)
   at System.Data.SqlClient.TdsParser.Run(RunBehavior runBehavior, SqlCommand cmdHandler, SqlDataReader dataStream, BulkCopySimpleResultSet bulkCopyHandler, TdsParserStateObject stateObj)
   at System.Data.SqlClient.SqlDataReader.ConsumeMetaData()
   at System.Data.SqlClient.SqlDataReader.get_MetaData()
   at System.Data.SqlClient.SqlCommand.FinishExecuteReader(SqlDataReader ds, RunBehavior runBehavior, String resetOptionsString)
   at System.Data.SqlClient.SqlCommand.RunExecuteReaderTds(CommandBehavior cmdBehavior, RunBehavior runBehavior, Boolean returnStream, Boolean async)
   at System.Data.SqlClient.SqlCommand.RunExecuteReader(CommandBehavior cmdBehavior, RunBehavior runBehavior, Boolean returnStream, String method, DbAsyncResult result)
   at System.Data.SqlClient.SqlCommand.RunExecuteReader(CommandBehavior cmdBehavior, RunBehavior runBehavior, Boolean returnStream, String method)
   at System.Data.SqlClient.SqlCommand.ExecuteReader(CommandBehavior behavior, String method)
   at System.Data.SqlClient.SqlCommand.ExecuteReader(CommandBehavior behavior)
   at SubSonic.SqlDataProvider.GetReader(QueryCommand qry) in ]]></text>
                                        <marker class="CodeLocation">
                                          <contents>
                                            <text><![CDATA[C:\data\SubsonicRoot\ss2\SubSonic\DataProviders\SqlDataProvider.cs:line 384]]></text>
                                          </contents>
                                          <attributes>
                                            <attribute name="line" value="384" />
                                            <attribute name="path" value="C:\data\SubsonicRoot\ss2\SubSonic\DataProviders\SqlDataProvider.cs" />
                                          </attributes>
                                        </marker>
                                        <text><![CDATA[
   at SubSonic.DataService.GetReader(QueryCommand cmd) in ]]></text>
                                        <marker class="CodeLocation">
                                          <contents>
                                            <text><![CDATA[C:\data\SubsonicRoot\ss2\SubSonic\DataProviders\DataService.cs:line 506]]></text>
                                          </contents>
                                          <attributes>
                                            <attribute name="line" value="506" />
                                            <attribute name="path" value="C:\data\SubsonicRoot\ss2\SubSonic\DataProviders\DataService.cs" />
                                          </attributes>
                                        </marker>
                                        <text><![CDATA[
   at SubSonic.Query.ExecuteReader() in ]]></text>
                                        <marker class="CodeLocation">
                                          <contents>
                                            <text><![CDATA[C:\data\SubsonicRoot\ss2\SubSonic\Sql Tools\Query.cs:line 1814]]></text>
                                          </contents>
                                          <attributes>
                                            <attribute name="line" value="1814" />
                                            <attribute name="path" value="C:\data\SubsonicRoot\ss2\SubSonic\Sql Tools\Query.cs" />
                                          </attributes>
                                        </marker>
                                        <text><![CDATA[
   at SubSonic.AbstractList`2.Load() in ]]></text>
                                        <marker class="CodeLocation">
                                          <contents>
                                            <text><![CDATA[C:\data\SubsonicRoot\ss2\SubSonic\ActiveRecord\AbstractList.cs:line 469]]></text>
                                          </contents>
                                          <attributes>
                                            <attribute name="line" value="469" />
                                            <attribute name="path" value="C:\data\SubsonicRoot\ss2\SubSonic\ActiveRecord\AbstractList.cs" />
                                          </attributes>
                                        </marker>
                                        <text><![CDATA[
   at SubSonic.Tests.SqlQuery.SelectTests.Products_CollectionLoad2() in ]]></text>
                                        <marker class="CodeLocation">
                                          <contents>
                                            <text><![CDATA[C:\data\SubsonicRoot\ss2\SubSonic.Tests\SqlQuery\SelectTests.cs:line 591]]></text>
                                          </contents>
                                          <attributes>
                                            <attribute name="line" value="591" />
                                            <attribute name="path" value="C:\data\SubsonicRoot\ss2\SubSonic.Tests\SqlQuery\SelectTests.cs" />
                                          </attributes>
                                        </marker>
                                      </contents>
                                      <attributes />
                                    </marker>
                                  </contents>
                                  <attributes />
                                </marker>
                              </contents>
                            </section>
                          </contents>
                        </body>
                      </stream>
                    </streams>
                    <attachments />
                  </testLog>
                </testStepRun>
                <testStepRun startTime="2011-08-05T15:51:10.6962205+09:30" endTime="2011-08-05T15:51:10.7899705+09:30">
                  <testStep id="b3093c855410a393" name="Products_CollectionSample" fullName="SubSonic.Tests/SelectTests/Products_CollectionSample" testId="e43d556230ce8814" isPrimary="true" isTestCase="true" isDynamic="false">
                    <codeReference assembly="SubSonic.Tests, Version=2.2.1.0, Culture=neutral, PublicKeyToken=null" namespace="SubSonic.Tests.SqlQuery" type="SubSonic.Tests.SqlQuery.SelectTests" member="Products_CollectionSample" />
                    <codeLocation path="C:\data\SubsonicRoot\ss2\SubSonic.Tests\SqlQuery\SelectTests.cs" line="602" />
                    <metadata>
                      <entry key="TestKind">
                        <value>Test</value>
                      </entry>
                    </metadata>
                  </testStep>
                  <children />
                  <result assertCount="0" duration="0.0185548">
                    <outcome status="failed" />
                  </result>
                  <testLog>
                    <streams>
                      <stream name="Failures">
                        <body>
                          <contents>
                            <section name="Execute">
                              <contents>
                                <marker class="Exception">
                                  <contents>
                                    <marker class="ExceptionType">
                                      <contents>
                                        <text><![CDATA[System.Data.SqlClient.SqlException]]></text>
                                      </contents>
                                      <attributes />
                                    </marker>
                                    <text><![CDATA[: ]]></text>
                                    <marker class="ExceptionMessage">
                                      <contents>
                                        <text><![CDATA[Incorrect syntax near the keyword 'ORDER'.]]></text>
                                      </contents>
                                      <attributes />
                                    </marker>
                                    <text><![CDATA[
]]></text>
                                    <marker class="ExceptionPropertyName">
                                      <contents>
                                        <text><![CDATA[Errors]]></text>
                                      </contents>
                                      <attributes />
                                    </marker>
                                    <text><![CDATA[: ]]></text>
                                    <marker class="ExceptionPropertyValue">
                                      <contents>
                                        <text><![CDATA[System.Data.SqlClient.SqlErrorCollection]]></text>
                                      </contents>
                                      <attributes />
                                    </marker>
                                    <text><![CDATA[
]]></text>
                                    <marker class="ExceptionPropertyName">
                                      <contents>
                                        <text><![CDATA[Class]]></text>
                                      </contents>
                                      <attributes />
                                    </marker>
                                    <text><![CDATA[: ]]></text>
                                    <marker class="ExceptionPropertyValue">
                                      <contents>
                                        <text><![CDATA[15]]></text>
                                      </contents>
                                      <attributes />
                                    </marker>
                                    <text><![CDATA[
]]></text>
                                    <marker class="ExceptionPropertyName">
                                      <contents>
                                        <text><![CDATA[LineNumber]]></text>
                                      </contents>
                                      <attributes />
                                    </marker>
                                    <text><![CDATA[: ]]></text>
                                    <marker class="ExceptionPropertyValue">
                                      <contents>
                                        <text><![CDATA[1]]></text>
                                      </contents>
                                      <attributes />
                                    </marker>
                                    <text><![CDATA[
]]></text>
                                    <marker class="ExceptionPropertyName">
                                      <contents>
                                        <text><![CDATA[Number]]></text>
                                      </contents>
                                      <attributes />
                                    </marker>
                                    <text><![CDATA[: ]]></text>
                                    <marker class="ExceptionPropertyValue">
                                      <contents>
                                        <text><![CDATA[156]]></text>
                                      </contents>
                                      <attributes />
                                    </marker>
                                    <text><![CDATA[
]]></text>
                                    <marker class="ExceptionPropertyName">
                                      <contents>
                                        <text><![CDATA[Procedure]]></text>
                                      </contents>
                                      <attributes />
                                    </marker>
                                    <text><![CDATA[: ]]></text>
                                    <marker class="ExceptionPropertyValue">
                                      <contents />
                                      <attributes />
                                    </marker>
                                    <text><![CDATA[
]]></text>
                                    <marker class="ExceptionPropertyName">
                                      <contents>
                                        <text><![CDATA[Server]]></text>
                                      </contents>
                                      <attributes />
                                    </marker>
                                    <text><![CDATA[: ]]></text>
                                    <marker class="ExceptionPropertyValue">
                                      <contents>
                                        <text><![CDATA[ANAXIMANDER\SQLEXPRESS]]></text>
                                      </contents>
                                      <attributes />
                                    </marker>
                                    <text><![CDATA[
]]></text>
                                    <marker class="ExceptionPropertyName">
                                      <contents>
                                        <text><![CDATA[State]]></text>
                                      </contents>
                                      <attributes />
                                    </marker>
                                    <text><![CDATA[: ]]></text>
                                    <marker class="ExceptionPropertyValue">
                                      <contents>
                                        <text><![CDATA[1]]></text>
                                      </contents>
                                      <attributes />
                                    </marker>
                                    <text><![CDATA[
]]></text>
                                    <marker class="ExceptionPropertyName">
                                      <contents>
                                        <text><![CDATA[ErrorCode]]></text>
                                      </contents>
                                      <attributes />
                                    </marker>
                                    <text><![CDATA[: ]]></text>
                                    <marker class="ExceptionPropertyValue">
                                      <contents>
                                        <text><![CDATA[-2146232060]]></text>
                                      </contents>
                                      <attributes />
                                    </marker>
                                    <text><![CDATA[
]]></text>
                                    <marker class="StackTrace">
                                      <contents>
                                        <text><![CDATA[   at System.Data.SqlClient.SqlConnection.OnError(SqlException exception, Boolean breakConnection)
   at System.Data.SqlClient.SqlInternalConnection.OnError(SqlException exception, Boolean breakConnection)
   at System.Data.SqlClient.TdsParser.ThrowExceptionAndWarning(TdsParserStateObject stateObj)
   at System.Data.SqlClient.TdsParser.Run(RunBehavior runBehavior, SqlCommand cmdHandler, SqlDataReader dataStream, BulkCopySimpleResultSet bulkCopyHandler, TdsParserStateObject stateObj)
   at System.Data.SqlClient.SqlDataReader.ConsumeMetaData()
   at System.Data.SqlClient.SqlDataReader.get_MetaData()
   at System.Data.SqlClient.SqlCommand.FinishExecuteReader(SqlDataReader ds, RunBehavior runBehavior, String resetOptionsString)
   at System.Data.SqlClient.SqlCommand.RunExecuteReaderTds(CommandBehavior cmdBehavior, RunBehavior runBehavior, Boolean returnStream, Boolean async)
   at System.Data.SqlClient.SqlCommand.RunExecuteReader(CommandBehavior cmdBehavior, RunBehavior runBehavior, Boolean returnStream, String method, DbAsyncResult result)
   at System.Data.SqlClient.SqlCommand.RunExecuteReader(CommandBehavior cmdBehavior, RunBehavior runBehavior, Boolean returnStream, String method)
   at System.Data.SqlClient.SqlCommand.ExecuteReader(CommandBehavior behavior, String method)
   at System.Data.SqlClient.SqlCommand.ExecuteReader(CommandBehavior behavior)
   at SubSonic.SqlDataProvider.GetReader(QueryCommand qry) in ]]></text>
                                        <marker class="CodeLocation">
                                          <contents>
                                            <text><![CDATA[C:\data\SubsonicRoot\ss2\SubSonic\DataProviders\SqlDataProvider.cs:line 384]]></text>
                                          </contents>
                                          <attributes>
                                            <attribute name="line" value="384" />
                                            <attribute name="path" value="C:\data\SubsonicRoot\ss2\SubSonic\DataProviders\SqlDataProvider.cs" />
                                          </attributes>
                                        </marker>
                                        <text><![CDATA[
   at SubSonic.DataService.GetReader(QueryCommand cmd) in ]]></text>
                                        <marker class="CodeLocation">
                                          <contents>
                                            <text><![CDATA[C:\data\SubsonicRoot\ss2\SubSonic\DataProviders\DataService.cs:line 506]]></text>
                                          </contents>
                                          <attributes>
                                            <attribute name="line" value="506" />
                                            <attribute name="path" value="C:\data\SubsonicRoot\ss2\SubSonic\DataProviders\DataService.cs" />
                                          </attributes>
                                        </marker>
                                        <text><![CDATA[
   at SubSonic.Query.ExecuteReader() in ]]></text>
                                        <marker class="CodeLocation">
                                          <contents>
                                            <text><![CDATA[C:\data\SubsonicRoot\ss2\SubSonic\Sql Tools\Query.cs:line 1814]]></text>
                                          </contents>
                                          <attributes>
                                            <attribute name="line" value="1814" />
                                            <attribute name="path" value="C:\data\SubsonicRoot\ss2\SubSonic\Sql Tools\Query.cs" />
                                          </attributes>
                                        </marker>
                                        <text><![CDATA[
   at SubSonic.AbstractList`2.Load() in ]]></text>
                                        <marker class="CodeLocation">
                                          <contents>
                                            <text><![CDATA[C:\data\SubsonicRoot\ss2\SubSonic\ActiveRecord\AbstractList.cs:line 469]]></text>
                                          </contents>
                                          <attributes>
                                            <attribute name="line" value="469" />
                                            <attribute name="path" value="C:\data\SubsonicRoot\ss2\SubSonic\ActiveRecord\AbstractList.cs" />
                                          </attributes>
                                        </marker>
                                        <text><![CDATA[
   at SubSonic.Tests.SqlQuery.SelectTests.Products_CollectionSample() in ]]></text>
                                        <marker class="CodeLocation">
                                          <contents>
                                            <text><![CDATA[C:\data\SubsonicRoot\ss2\SubSonic.Tests\SqlQuery\SelectTests.cs:line 604]]></text>
                                          </contents>
                                          <attributes>
                                            <attribute name="line" value="604" />
                                            <attribute name="path" value="C:\data\SubsonicRoot\ss2\SubSonic.Tests\SqlQuery\SelectTests.cs" />
                                          </attributes>
                                        </marker>
                                      </contents>
                                      <attributes />
                                    </marker>
                                  </contents>
                                  <attributes />
                                </marker>
                              </contents>
                            </section>
                          </contents>
                        </body>
                      </stream>
                    </streams>
                    <attachments />
                  </testLog>
                </testStepRun>
                <testStepRun startTime="2011-08-05T15:51:10.8055955+09:30" endTime="2011-08-05T15:51:10.8993455+09:30">
                  <testStep id="d9e44cb6d6a9c527" name="Products_Sample" fullName="SubSonic.Tests/SelectTests/Products_Sample" testId="af960a2bc2f1179d" isPrimary="true" isTestCase="true" isDynamic="false">
                    <codeReference assembly="SubSonic.Tests, Version=2.2.1.0, Culture=neutral, PublicKeyToken=null" namespace="SubSonic.Tests.SqlQuery" type="SubSonic.Tests.SqlQuery.SelectTests" member="Products_Sample" />
                    <codeLocation path="C:\data\SubsonicRoot\ss2\SubSonic.Tests\SqlQuery\SelectTests.cs" line="572" />
                    <metadata>
                      <entry key="TestKind">
                        <value>Test</value>
                      </entry>
                    </metadata>
                  </testStep>
                  <children />
                  <result assertCount="0" duration="0.0108883">
                    <outcome status="failed" />
                  </result>
                  <testLog>
                    <streams>
                      <stream name="Failures">
                        <body>
                          <contents>
                            <section name="Execute">
                              <contents>
                                <marker class="Exception">
                                  <contents>
                                    <marker class="ExceptionType">
                                      <contents>
                                        <text><![CDATA[System.Data.SqlClient.SqlException]]></text>
                                      </contents>
                                      <attributes />
                                    </marker>
                                    <text><![CDATA[: ]]></text>
                                    <marker class="ExceptionMessage">
                                      <contents>
                                        <text><![CDATA[Incorrect syntax near the keyword 'ORDER'.]]></text>
                                      </contents>
                                      <attributes />
                                    </marker>
                                    <text><![CDATA[
]]></text>
                                    <marker class="ExceptionPropertyName">
                                      <contents>
                                        <text><![CDATA[Errors]]></text>
                                      </contents>
                                      <attributes />
                                    </marker>
                                    <text><![CDATA[: ]]></text>
                                    <marker class="ExceptionPropertyValue">
                                      <contents>
                                        <text><![CDATA[System.Data.SqlClient.SqlErrorCollection]]></text>
                                      </contents>
                                      <attributes />
                                    </marker>
                                    <text><![CDATA[
]]></text>
                                    <marker class="ExceptionPropertyName">
                                      <contents>
                                        <text><![CDATA[Class]]></text>
                                      </contents>
                                      <attributes />
                                    </marker>
                                    <text><![CDATA[: ]]></text>
                                    <marker class="ExceptionPropertyValue">
                                      <contents>
                                        <text><![CDATA[15]]></text>
                                      </contents>
                                      <attributes />
                                    </marker>
                                    <text><![CDATA[
]]></text>
                                    <marker class="ExceptionPropertyName">
                                      <contents>
                                        <text><![CDATA[LineNumber]]></text>
                                      </contents>
                                      <attributes />
                                    </marker>
                                    <text><![CDATA[: ]]></text>
                                    <marker class="ExceptionPropertyValue">
                                      <contents>
                                        <text><![CDATA[1]]></text>
                                      </contents>
                                      <attributes />
                                    </marker>
                                    <text><![CDATA[
]]></text>
                                    <marker class="ExceptionPropertyName">
                                      <contents>
                                        <text><![CDATA[Number]]></text>
                                      </contents>
                                      <attributes />
                                    </marker>
                                    <text><![CDATA[: ]]></text>
                                    <marker class="ExceptionPropertyValue">
                                      <contents>
                                        <text><![CDATA[156]]></text>
                                      </contents>
                                      <attributes />
                                    </marker>
                                    <text><![CDATA[
]]></text>
                                    <marker class="ExceptionPropertyName">
                                      <contents>
                                        <text><![CDATA[Procedure]]></text>
                                      </contents>
                                      <attributes />
                                    </marker>
                                    <text><![CDATA[: ]]></text>
                                    <marker class="ExceptionPropertyValue">
                                      <contents />
                                      <attributes />
                                    </marker>
                                    <text><![CDATA[
]]></text>
                                    <marker class="ExceptionPropertyName">
                                      <contents>
                                        <text><![CDATA[Server]]></text>
                                      </contents>
                                      <attributes />
                                    </marker>
                                    <text><![CDATA[: ]]></text>
                                    <marker class="ExceptionPropertyValue">
                                      <contents>
                                        <text><![CDATA[ANAXIMANDER\SQLEXPRESS]]></text>
                                      </contents>
                                      <attributes />
                                    </marker>
                                    <text><![CDATA[
]]></text>
                                    <marker class="ExceptionPropertyName">
                                      <contents>
                                        <text><![CDATA[State]]></text>
                                      </contents>
                                      <attributes />
                                    </marker>
                                    <text><![CDATA[: ]]></text>
                                    <marker class="ExceptionPropertyValue">
                                      <contents>
                                        <text><![CDATA[1]]></text>
                                      </contents>
                                      <attributes />
                                    </marker>
                                    <text><![CDATA[
]]></text>
                                    <marker class="ExceptionPropertyName">
                                      <contents>
                                        <text><![CDATA[ErrorCode]]></text>
                                      </contents>
                                      <attributes />
                                    </marker>
                                    <text><![CDATA[: ]]></text>
                                    <marker class="ExceptionPropertyValue">
                                      <contents>
                                        <text><![CDATA[-2146232060]]></text>
                                      </contents>
                                      <attributes />
                                    </marker>
                                    <text><![CDATA[
]]></text>
                                    <marker class="StackTrace">
                                      <contents>
                                        <text><![CDATA[   at System.Data.SqlClient.SqlConnection.OnError(SqlException exception, Boolean breakConnection)
   at System.Data.SqlClient.SqlInternalConnection.OnError(SqlException exception, Boolean breakConnection)
   at System.Data.SqlClient.TdsParser.ThrowExceptionAndWarning(TdsParserStateObject stateObj)
   at System.Data.SqlClient.TdsParser.Run(RunBehavior runBehavior, SqlCommand cmdHandler, SqlDataReader dataStream, BulkCopySimpleResultSet bulkCopyHandler, TdsParserStateObject stateObj)
   at System.Data.SqlClient.SqlDataReader.ConsumeMetaData()
   at System.Data.SqlClient.SqlDataReader.get_MetaData()
   at System.Data.SqlClient.SqlCommand.FinishExecuteReader(SqlDataReader ds, RunBehavior runBehavior, String resetOptionsString)
   at System.Data.SqlClient.SqlCommand.RunExecuteReaderTds(CommandBehavior cmdBehavior, RunBehavior runBehavior, Boolean returnStream, Boolean async)
   at System.Data.SqlClient.SqlCommand.RunExecuteReader(CommandBehavior cmdBehavior, RunBehavior runBehavior, Boolean returnStream, String method, DbAsyncResult result)
   at System.Data.SqlClient.SqlCommand.RunExecuteReader(CommandBehavior cmdBehavior, RunBehavior runBehavior, Boolean returnStream, String method)
   at System.Data.SqlClient.SqlCommand.ExecuteReader(CommandBehavior behavior, String method)
   at System.Data.SqlClient.SqlCommand.ExecuteReader(CommandBehavior behavior)
   at SubSonic.SqlDataProvider.GetReader(QueryCommand qry) in ]]></text>
                                        <marker class="CodeLocation">
                                          <contents>
                                            <text><![CDATA[C:\data\SubsonicRoot\ss2\SubSonic\DataProviders\SqlDataProvider.cs:line 384]]></text>
                                          </contents>
                                          <attributes>
                                            <attribute name="line" value="384" />
                                            <attribute name="path" value="C:\data\SubsonicRoot\ss2\SubSonic\DataProviders\SqlDataProvider.cs" />
                                          </attributes>
                                        </marker>
                                        <text><![CDATA[
   at SubSonic.DataService.GetReader(QueryCommand cmd) in ]]></text>
                                        <marker class="CodeLocation">
                                          <contents>
                                            <text><![CDATA[C:\data\SubsonicRoot\ss2\SubSonic\DataProviders\DataService.cs:line 506]]></text>
                                          </contents>
                                          <attributes>
                                            <attribute name="line" value="506" />
                                            <attribute name="path" value="C:\data\SubsonicRoot\ss2\SubSonic\DataProviders\DataService.cs" />
                                          </attributes>
                                        </marker>
                                        <text><![CDATA[
   at SubSonic.Query.ExecuteReader() in ]]></text>
                                        <marker class="CodeLocation">
                                          <contents>
                                            <text><![CDATA[C:\data\SubsonicRoot\ss2\SubSonic\Sql Tools\Query.cs:line 1814]]></text>
                                          </contents>
                                          <attributes>
                                            <attribute name="line" value="1814" />
                                            <attribute name="path" value="C:\data\SubsonicRoot\ss2\SubSonic\Sql Tools\Query.cs" />
                                          </attributes>
                                        </marker>
                                        <text><![CDATA[
   at SubSonic.ReadOnlyRecord`1.LoadByKey(Object keyID) in ]]></text>
                                        <marker class="CodeLocation">
                                          <contents>
                                            <text><![CDATA[C:\data\SubsonicRoot\ss2\SubSonic\ActiveRecord\ReadOnlyRecord.cs:line 72]]></text>
                                          </contents>
                                          <attributes>
                                            <attribute name="line" value="72" />
                                            <attribute name="path" value="C:\data\SubsonicRoot\ss2\SubSonic\ActiveRecord\ReadOnlyRecord.cs" />
                                          </attributes>
                                        </marker>
                                        <text><![CDATA[
   at Northwind.Product..ctor(Object keyID) in ]]></text>
                                        <marker class="CodeLocation">
                                          <contents>
                                            <text><![CDATA[C:\data\SubsonicRoot\ss2\SubSonic.Tests\Generated\Northwind\Product.cs:line 93]]></text>
                                          </contents>
                                          <attributes>
                                            <attribute name="line" value="93" />
                                            <attribute name="path" value="C:\data\SubsonicRoot\ss2\SubSonic.Tests\Generated\Northwind\Product.cs" />
                                          </attributes>
                                        </marker>
                                        <text><![CDATA[
   at SubSonic.Tests.SqlQuery.SelectTests.Products_Sample() in ]]></text>
                                        <marker class="CodeLocation">
                                          <contents>
                                            <text><![CDATA[C:\data\SubsonicRoot\ss2\SubSonic.Tests\SqlQuery\SelectTests.cs:line 574]]></text>
                                          </contents>
                                          <attributes>
                                            <attribute name="line" value="574" />
                                            <attribute name="path" value="C:\data\SubsonicRoot\ss2\SubSonic.Tests\SqlQuery\SelectTests.cs" />
                                          </attributes>
                                        </marker>
                                      </contents>
                                      <attributes />
                                    </marker>
                                  </contents>
                                  <attributes />
                                </marker>
                              </contents>
                            </section>
                          </contents>
                        </body>
                      </stream>
                    </streams>
                    <attachments />
                  </testLog>
                </testStepRun>
                <testStepRun startTime="2011-08-05T15:51:10.8993455+09:30" endTime="2011-08-05T15:51:11.0243455+09:30">
                  <testStep id="5da9d582798b530b" name="Saving_String_Property_With_StringValue_Null_Results_In_NullValue_In_DB" fullName="SubSonic.Tests/SelectTests/Saving_String_Property_With_StringValue_Null_Results_In_NullValue_In_DB" testId="925ff536a5b8ff4d" isPrimary="true" isTestCase="true" isDynamic="false">
                    <codeReference assembly="SubSonic.Tests, Version=2.2.1.0, Culture=neutral, PublicKeyToken=null" namespace="SubSonic.Tests.SqlQuery" type="SubSonic.Tests.SqlQuery.SelectTests" member="Saving_String_Property_With_StringValue_Null_Results_In_NullValue_In_DB" />
                    <codeLocation path="C:\data\SubsonicRoot\ss2\SubSonic.Tests\SqlQuery\SelectTests.cs" line="859" />
                    <metadata>
                      <entry key="TestKind">
                        <value>Test</value>
                      </entry>
                    </metadata>
                  </testStep>
                  <children />
                  <result assertCount="0" duration="0.013450799999999999">
                    <outcome status="failed" />
                  </result>
                  <testLog>
                    <streams>
                      <stream name="Failures">
                        <body>
                          <contents>
                            <section name="Execute">
                              <contents>
                                <marker class="Exception">
                                  <contents>
                                    <marker class="ExceptionType">
                                      <contents>
                                        <text><![CDATA[System.Data.SqlClient.SqlException]]></text>
                                      </contents>
                                      <attributes />
                                    </marker>
                                    <text><![CDATA[: ]]></text>
                                    <marker class="ExceptionMessage">
                                      <contents>
                                        <text><![CDATA[Incorrect syntax near the keyword 'ORDER'.]]></text>
                                      </contents>
                                      <attributes />
                                    </marker>
                                    <text><![CDATA[
]]></text>
                                    <marker class="ExceptionPropertyName">
                                      <contents>
                                        <text><![CDATA[Errors]]></text>
                                      </contents>
                                      <attributes />
                                    </marker>
                                    <text><![CDATA[: ]]></text>
                                    <marker class="ExceptionPropertyValue">
                                      <contents>
                                        <text><![CDATA[System.Data.SqlClient.SqlErrorCollection]]></text>
                                      </contents>
                                      <attributes />
                                    </marker>
                                    <text><![CDATA[
]]></text>
                                    <marker class="ExceptionPropertyName">
                                      <contents>
                                        <text><![CDATA[Class]]></text>
                                      </contents>
                                      <attributes />
                                    </marker>
                                    <text><![CDATA[: ]]></text>
                                    <marker class="ExceptionPropertyValue">
                                      <contents>
                                        <text><![CDATA[15]]></text>
                                      </contents>
                                      <attributes />
                                    </marker>
                                    <text><![CDATA[
]]></text>
                                    <marker class="ExceptionPropertyName">
                                      <contents>
                                        <text><![CDATA[LineNumber]]></text>
                                      </contents>
                                      <attributes />
                                    </marker>
                                    <text><![CDATA[: ]]></text>
                                    <marker class="ExceptionPropertyValue">
                                      <contents>
                                        <text><![CDATA[1]]></text>
                                      </contents>
                                      <attributes />
                                    </marker>
                                    <text><![CDATA[
]]></text>
                                    <marker class="ExceptionPropertyName">
                                      <contents>
                                        <text><![CDATA[Number]]></text>
                                      </contents>
                                      <attributes />
                                    </marker>
                                    <text><![CDATA[: ]]></text>
                                    <marker class="ExceptionPropertyValue">
                                      <contents>
                                        <text><![CDATA[156]]></text>
                                      </contents>
                                      <attributes />
                                    </marker>
                                    <text><![CDATA[
]]></text>
                                    <marker class="ExceptionPropertyName">
                                      <contents>
                                        <text><![CDATA[Procedure]]></text>
                                      </contents>
                                      <attributes />
                                    </marker>
                                    <text><![CDATA[: ]]></text>
                                    <marker class="ExceptionPropertyValue">
                                      <contents />
                                      <attributes />
                                    </marker>
                                    <text><![CDATA[
]]></text>
                                    <marker class="ExceptionPropertyName">
                                      <contents>
                                        <text><![CDATA[Server]]></text>
                                      </contents>
                                      <attributes />
                                    </marker>
                                    <text><![CDATA[: ]]></text>
                                    <marker class="ExceptionPropertyValue">
                                      <contents>
                                        <text><![CDATA[ANAXIMANDER\SQLEXPRESS]]></text>
                                      </contents>
                                      <attributes />
                                    </marker>
                                    <text><![CDATA[
]]></text>
                                    <marker class="ExceptionPropertyName">
                                      <contents>
                                        <text><![CDATA[State]]></text>
                                      </contents>
                                      <attributes />
                                    </marker>
                                    <text><![CDATA[: ]]></text>
                                    <marker class="ExceptionPropertyValue">
                                      <contents>
                                        <text><![CDATA[1]]></text>
                                      </contents>
                                      <attributes />
                                    </marker>
                                    <text><![CDATA[
]]></text>
                                    <marker class="ExceptionPropertyName">
                                      <contents>
                                        <text><![CDATA[ErrorCode]]></text>
                                      </contents>
                                      <attributes />
                                    </marker>
                                    <text><![CDATA[: ]]></text>
                                    <marker class="ExceptionPropertyValue">
                                      <contents>
                                        <text><![CDATA[-2146232060]]></text>
                                      </contents>
                                      <attributes />
                                    </marker>
                                    <text><![CDATA[
]]></text>
                                    <marker class="StackTrace">
                                      <contents>
                                        <text><![CDATA[   at System.Data.SqlClient.SqlConnection.OnError(SqlException exception, Boolean breakConnection)
   at System.Data.SqlClient.SqlInternalConnection.OnError(SqlException exception, Boolean breakConnection)
   at System.Data.SqlClient.TdsParser.ThrowExceptionAndWarning(TdsParserStateObject stateObj)
   at System.Data.SqlClient.TdsParser.Run(RunBehavior runBehavior, SqlCommand cmdHandler, SqlDataReader dataStream, BulkCopySimpleResultSet bulkCopyHandler, TdsParserStateObject stateObj)
   at System.Data.SqlClient.SqlDataReader.ConsumeMetaData()
   at System.Data.SqlClient.SqlDataReader.get_MetaData()
   at System.Data.SqlClient.SqlCommand.FinishExecuteReader(SqlDataReader ds, RunBehavior runBehavior, String resetOptionsString)
   at System.Data.SqlClient.SqlCommand.RunExecuteReaderTds(CommandBehavior cmdBehavior, RunBehavior runBehavior, Boolean returnStream, Boolean async)
   at System.Data.SqlClient.SqlCommand.RunExecuteReader(CommandBehavior cmdBehavior, RunBehavior runBehavior, Boolean returnStream, String method, DbAsyncResult result)
   at System.Data.SqlClient.SqlCommand.RunExecuteReader(CommandBehavior cmdBehavior, RunBehavior runBehavior, Boolean returnStream, String method)
   at System.Data.SqlClient.SqlCommand.ExecuteReader(CommandBehavior behavior, String method)
   at System.Data.SqlClient.SqlCommand.ExecuteReader(CommandBehavior behavior)
   at SubSonic.SqlDataProvider.GetReader(QueryCommand qry) in ]]></text>
                                        <marker class="CodeLocation">
                                          <contents>
                                            <text><![CDATA[C:\data\SubsonicRoot\ss2\SubSonic\DataProviders\SqlDataProvider.cs:line 384]]></text>
                                          </contents>
                                          <attributes>
                                            <attribute name="line" value="384" />
                                            <attribute name="path" value="C:\data\SubsonicRoot\ss2\SubSonic\DataProviders\SqlDataProvider.cs" />
                                          </attributes>
                                        </marker>
                                        <text><![CDATA[
   at SubSonic.DataService.GetReader(QueryCommand cmd) in ]]></text>
                                        <marker class="CodeLocation">
                                          <contents>
                                            <text><![CDATA[C:\data\SubsonicRoot\ss2\SubSonic\DataProviders\DataService.cs:line 506]]></text>
                                          </contents>
                                          <attributes>
                                            <attribute name="line" value="506" />
                                            <attribute name="path" value="C:\data\SubsonicRoot\ss2\SubSonic\DataProviders\DataService.cs" />
                                          </attributes>
                                        </marker>
                                        <text><![CDATA[
   at SubSonic.Query.ExecuteReader() in ]]></text>
                                        <marker class="CodeLocation">
                                          <contents>
                                            <text><![CDATA[C:\data\SubsonicRoot\ss2\SubSonic\Sql Tools\Query.cs:line 1814]]></text>
                                          </contents>
                                          <attributes>
                                            <attribute name="line" value="1814" />
                                            <attribute name="path" value="C:\data\SubsonicRoot\ss2\SubSonic\Sql Tools\Query.cs" />
                                          </attributes>
                                        </marker>
                                        <text><![CDATA[
   at SubSonic.ReadOnlyRecord`1.LoadByKey(Object keyID) in ]]></text>
                                        <marker class="CodeLocation">
                                          <contents>
                                            <text><![CDATA[C:\data\SubsonicRoot\ss2\SubSonic\ActiveRecord\ReadOnlyRecord.cs:line 72]]></text>
                                          </contents>
                                          <attributes>
                                            <attribute name="line" value="72" />
                                            <attribute name="path" value="C:\data\SubsonicRoot\ss2\SubSonic\ActiveRecord\ReadOnlyRecord.cs" />
                                          </attributes>
                                        </marker>
                                        <text><![CDATA[
   at Northwind.Product..ctor(Object keyID) in ]]></text>
                                        <marker class="CodeLocation">
                                          <contents>
                                            <text><![CDATA[C:\data\SubsonicRoot\ss2\SubSonic.Tests\Generated\Northwind\Product.cs:line 93]]></text>
                                          </contents>
                                          <attributes>
                                            <attribute name="line" value="93" />
                                            <attribute name="path" value="C:\data\SubsonicRoot\ss2\SubSonic.Tests\Generated\Northwind\Product.cs" />
                                          </attributes>
                                        </marker>
                                        <text><![CDATA[
   at SubSonic.Tests.SqlQuery.SelectTests.Saving_String_Property_With_StringValue_Null_Results_In_NullValue_In_DB() in ]]></text>
                                        <marker class="CodeLocation">
                                          <contents>
                                            <text><![CDATA[C:\data\SubsonicRoot\ss2\SubSonic.Tests\SqlQuery\SelectTests.cs:line 861]]></text>
                                          </contents>
                                          <attributes>
                                            <attribute name="line" value="861" />
                                            <attribute name="path" value="C:\data\SubsonicRoot\ss2\SubSonic.Tests\SqlQuery\SelectTests.cs" />
                                          </attributes>
                                        </marker>
                                      </contents>
                                      <attributes />
                                    </marker>
                                  </contents>
                                  <attributes />
                                </marker>
                              </contents>
                            </section>
                          </contents>
                        </body>
                      </stream>
                    </streams>
                    <attachments />
                  </testLog>
                </testStepRun>
                <testStepRun startTime="2011-08-05T15:51:11.0243455+09:30" endTime="2011-08-05T15:51:11.0399705+09:30">
                  <testStep id="1af994ebbca7a589" name="Select_Paged_Can_Covert_To_SqlQuery" fullName="SubSonic.Tests/SelectTests/Select_Paged_Can_Covert_To_SqlQuery" testId="9d6793bdba7ca3f4" isPrimary="true" isTestCase="true" isDynamic="false">
                    <codeReference assembly="SubSonic.Tests, Version=2.2.1.0, Culture=neutral, PublicKeyToken=null" namespace="SubSonic.Tests.SqlQuery" type="SubSonic.Tests.SqlQuery.SelectTests" member="Select_Paged_Can_Covert_To_SqlQuery" />
                    <codeLocation path="C:\data\SubsonicRoot\ss2\SubSonic.Tests\SqlQuery\SelectTests.cs" line="829" />
                    <metadata>
                      <entry key="TestKind">
                        <value>Test</value>
                      </entry>
                    </metadata>
                  </testStep>
                  <children />
                  <result assertCount="1" duration="0.0244342">
                    <outcome status="passed" />
                  </result>
                  <testLog>
                    <streams />
                    <attachments />
                  </testLog>
                </testStepRun>
                <testStepRun startTime="2011-08-05T15:51:11.0399705+09:30" endTime="2011-08-05T15:51:11.0555955+09:30">
                  <testStep id="cac05072c4b53c88" name="Select_Should_Work_With_SameColumn_Joins_UsingQualifiedColumns" fullName="SubSonic.Tests/SelectTests/Select_Should_Work_With_SameColumn_Joins_UsingQualifiedColumns" testId="6d2dfb81d1d8eb09" isPrimary="true" isTestCase="true" isDynamic="false">
                    <codeReference assembly="SubSonic.Tests, Version=2.2.1.0, Culture=neutral, PublicKeyToken=null" namespace="SubSonic.Tests.SqlQuery" type="SubSonic.Tests.SqlQuery.SelectTests" member="Select_Should_Work_With_SameColumn_Joins_UsingQualifiedColumns" />
                    <codeLocation path="C:\data\SubsonicRoot\ss2\SubSonic.Tests\SqlQuery\SelectTests.cs" line="662" />
                    <metadata>
                      <entry key="TestKind">
                        <value>Test</value>
                      </entry>
                    </metadata>
                  </testStep>
                  <children />
                  <result assertCount="1" duration="0.0031143">
                    <outcome status="passed" />
                  </result>
                  <testLog>
                    <streams />
                    <attachments />
                  </testLog>
                </testStepRun>
                <testStepRun startTime="2011-08-05T15:51:11.0555955+09:30" endTime="2011-08-05T15:51:11.0712205+09:30">
                  <testStep id="8b16cc4352aeeabf" name="Select_Using_Contains_Ch_ShouldReturn_14_Records" fullName="SubSonic.Tests/SelectTests/Select_Using_Contains_Ch_ShouldReturn_14_Records" testId="dfe54cb0dd5f98a6" isPrimary="true" isTestCase="true" isDynamic="false">
                    <codeReference assembly="SubSonic.Tests, Version=2.2.1.0, Culture=neutral, PublicKeyToken=null" namespace="SubSonic.Tests.SqlQuery" type="SubSonic.Tests.SqlQuery.SelectTests" member="Select_Using_Contains_Ch_ShouldReturn_14_Records" />
                    <codeLocation path="C:\data\SubsonicRoot\ss2\SubSonic.Tests\SqlQuery\SelectTests.cs" line="695" />
                    <metadata>
                      <entry key="TestKind">
                        <value>Test</value>
                      </entry>
                    </metadata>
                  </testStep>
                  <children />
                  <result assertCount="1" duration="0.0062734999999999996">
                    <outcome status="passed" />
                  </result>
                  <testLog>
                    <streams />
                    <attachments />
                  </testLog>
                </testStepRun>
                <testStepRun startTime="2011-08-05T15:51:11.0712205+09:30" endTime="2011-08-05T15:51:11.0712205+09:30">
                  <testStep id="85bacfe445782e65" name="Select_Using_EndsWith_S_ShouldReturn_9_Records" fullName="SubSonic.Tests/SelectTests/Select_Using_EndsWith_S_ShouldReturn_9_Records" testId="673af2a86975950a" isPrimary="true" isTestCase="true" isDynamic="false">
                    <codeReference assembly="SubSonic.Tests, Version=2.2.1.0, Culture=neutral, PublicKeyToken=null" namespace="SubSonic.Tests.SqlQuery" type="SubSonic.Tests.SqlQuery.SelectTests" member="Select_Using_EndsWith_S_ShouldReturn_9_Records" />
                    <codeLocation path="C:\data\SubsonicRoot\ss2\SubSonic.Tests\SqlQuery\SelectTests.cs" line="685" />
                    <metadata>
                      <entry key="TestKind">
                        <value>Test</value>
                      </entry>
                    </metadata>
                  </testStep>
                  <children />
                  <result assertCount="1" duration="0.0055334999999999994">
                    <outcome status="passed" />
                  </result>
                  <testLog>
                    <streams />
                    <attachments />
                  </testLog>
                </testStepRun>
                <testStepRun startTime="2011-08-05T15:51:11.0712205+09:30" endTime="2011-08-05T15:51:11.0712205+09:30">
                  <testStep id="6a1682108a87ffff" name="Select_Using_StartsWith_C_ShouldReturn_9_Records" fullName="SubSonic.Tests/SelectTests/Select_Using_StartsWith_C_ShouldReturn_9_Records" testId="4823b2bae76ef92c" isPrimary="true" isTestCase="true" isDynamic="false">
                    <codeReference assembly="SubSonic.Tests, Version=2.2.1.0, Culture=neutral, PublicKeyToken=null" namespace="SubSonic.Tests.SqlQuery" type="SubSonic.Tests.SqlQuery.SelectTests" member="Select_Using_StartsWith_C_ShouldReturn_9_Records" />
                    <codeLocation path="C:\data\SubsonicRoot\ss2\SubSonic.Tests\SqlQuery\SelectTests.cs" line="676" />
                    <metadata>
                      <entry key="TestKind">
                        <value>Test</value>
                      </entry>
                    </metadata>
                  </testStep>
                  <children />
                  <result assertCount="1" duration="0.0109286">
                    <outcome status="passed" />
                  </result>
                  <testLog>
                    <streams />
                    <attachments />
                  </testLog>
                </testStepRun>
                <testStepRun startTime="2011-08-05T15:51:11.0868455+09:30" endTime="2011-08-05T15:51:11.0868455+09:30">
                  <testStep id="e651f7519f60336" name="Select_With_ExecuteTypedList_Should_Work_With_List_of_Guid" fullName="SubSonic.Tests/SelectTests/Select_With_ExecuteTypedList_Should_Work_With_List_of_Guid" testId="6882be85ac64b75c" isPrimary="true" isTestCase="true" isDynamic="false">
                    <codeReference assembly="SubSonic.Tests, Version=2.2.1.0, Culture=neutral, PublicKeyToken=null" namespace="SubSonic.Tests.SqlQuery" type="SubSonic.Tests.SqlQuery.SelectTests" member="Select_With_ExecuteTypedList_Should_Work_With_List_of_Guid" />
                    <codeLocation path="C:\data\SubsonicRoot\ss2\SubSonic.Tests\SqlQuery\SelectTests.cs" line="849" />
                    <metadata>
                      <entry key="TestKind">
                        <value>Test</value>
                      </entry>
                    </metadata>
                  </testStep>
                  <children />
                  <result assertCount="1" duration="0.022658499999999998">
                    <outcome status="passed" />
                  </result>
                  <testLog>
                    <streams />
                    <attachments />
                  </testLog>
                </testStepRun>
                <testStepRun startTime="2011-08-05T15:51:11.0868455+09:30" endTime="2011-08-05T15:51:11.1024705+09:30">
                  <testStep id="f0d4e0158ee7e9a5" name="SelectAllColumns_With_WhereExpression_And_QualifiedColumn_Formats_Where_Correctly" fullName="SubSonic.Tests/SelectTests/SelectAllColumns_With_WhereExpression_And_QualifiedColumn_Formats_Where_Correctly" testId="aaf55d8ecf4a3aca" isPrimary="true" isTestCase="true" isDynamic="false">
                    <codeReference assembly="SubSonic.Tests, Version=2.2.1.0, Culture=neutral, PublicKeyToken=null" namespace="SubSonic.Tests.SqlQuery" type="SubSonic.Tests.SqlQuery.SelectTests" member="SelectAllColumns_With_WhereExpression_And_QualifiedColumn_Formats_Where_Correctly" />
                    <codeLocation path="C:\data\SubsonicRoot\ss2\SubSonic.Tests\SqlQuery\SelectTests.cs" line="807" />
                    <metadata>
                      <entry key="TestKind">
                        <value>Test</value>
                      </entry>
                    </metadata>
                  </testStep>
                  <children />
                  <result assertCount="1" duration="0.0053872999999999994">
                    <outcome status="passed" />
                  </result>
                  <testLog>
                    <streams />
                    <attachments />
                  </testLog>
                </testStepRun>
                <testStepRun startTime="2011-08-05T15:51:11.1024705+09:30" endTime="2011-08-05T15:51:11.1024705+09:30">
                  <testStep id="126a3bbdfcb5d8b1" name="SelectAllColumns_With_WhereExpression_And_QualifiedColumn_Formats_Where_Correctly_And_Executes" fullName="SubSonic.Tests/SelectTests/SelectAllColumns_With_WhereExpression_And_QualifiedColumn_Formats_Where_Correctly_And_Executes" testId="4aa38a4c4fdd36a4" isPrimary="true" isTestCase="true" isDynamic="false">
                    <codeReference assembly="SubSonic.Tests, Version=2.2.1.0, Culture=neutral, PublicKeyToken=null" namespace="SubSonic.Tests.SqlQuery" type="SubSonic.Tests.SqlQuery.SelectTests" member="SelectAllColumns_With_WhereExpression_And_QualifiedColumn_Formats_Where_Correctly_And_Executes" />
                    <codeLocation path="C:\data\SubsonicRoot\ss2\SubSonic.Tests\SqlQuery\SelectTests.cs" line="818" />
                    <metadata>
                      <entry key="TestKind">
                        <value>Test</value>
                      </entry>
                    </metadata>
                  </testStep>
                  <children />
                  <result assertCount="1" duration="0.0047390999999999996">
                    <outcome status="passed" />
                  </result>
                  <testLog>
                    <streams />
                    <attachments />
                  </testLog>
                </testStepRun>
                <testStepRun startTime="2011-08-05T15:51:11.1024705+09:30" endTime="2011-08-05T15:51:11.1180955+09:30">
                  <testStep id="a0f02472779becff" name="SqlQuery_Can_Compare_Columns" fullName="SubSonic.Tests/SelectTests/SqlQuery_Can_Compare_Columns" testId="2df05ec3dee511f9" isPrimary="true" isTestCase="true" isDynamic="false">
                    <codeReference assembly="SubSonic.Tests, Version=2.2.1.0, Culture=neutral, PublicKeyToken=null" namespace="SubSonic.Tests.SqlQuery" type="SubSonic.Tests.SqlQuery.SelectTests" member="SqlQuery_Can_Compare_Columns" />
                    <codeLocation path="C:\data\SubsonicRoot\ss2\SubSonic.Tests\SqlQuery\SelectTests.cs" line="763" />
                    <metadata>
                      <entry key="TestKind">
                        <value>Test</value>
                      </entry>
                    </metadata>
                  </testStep>
                  <children />
                  <result assertCount="0" duration="0.0265747">
                    <outcome status="passed" />
                  </result>
                  <testLog>
                    <streams />
                    <attachments />
                  </testLog>
                </testStepRun>
                <testStepRun startTime="2011-08-05T15:51:11.1180955+09:30" endTime="2011-08-05T15:51:11.1180955+09:30">
                  <testStep id="5445e743ed1b6aed" name="SqlQuery_GetRecordCount_should_handle_distinct" fullName="SubSonic.Tests/SelectTests/SqlQuery_GetRecordCount_should_handle_distinct" testId="dcd2987f84048384" isPrimary="true" isTestCase="true" isDynamic="false">
                    <codeReference assembly="SubSonic.Tests, Version=2.2.1.0, Culture=neutral, PublicKeyToken=null" namespace="SubSonic.Tests.SqlQuery" type="SubSonic.Tests.SqlQuery.SelectTests" member="SqlQuery_GetRecordCount_should_handle_distinct" />
                    <codeLocation path="C:\data\SubsonicRoot\ss2\SubSonic.Tests\SqlQuery\SelectTests.cs" line="756" />
                    <metadata>
                      <entry key="TestKind">
                        <value>Test</value>
                      </entry>
                    </metadata>
                  </testStep>
                  <children />
                  <result assertCount="1" duration="0.017895499999999998">
                    <outcome status="passed" />
                  </result>
                  <testLog>
                    <streams />
                    <attachments />
                  </testLog>
                </testStepRun>
                <testStepRun startTime="2011-08-05T15:51:11.1337205+09:30" endTime="2011-08-05T15:51:11.1337205+09:30">
                  <testStep id="144343584ceb059" name="SqlQuery_should_handle_distinct" fullName="SubSonic.Tests/SelectTests/SqlQuery_should_handle_distinct" testId="7f9d77cad15d8604" isPrimary="true" isTestCase="true" isDynamic="false">
                    <codeReference assembly="SubSonic.Tests, Version=2.2.1.0, Culture=neutral, PublicKeyToken=null" namespace="SubSonic.Tests.SqlQuery" type="SubSonic.Tests.SqlQuery.SelectTests" member="SqlQuery_should_handle_distinct" />
                    <codeLocation path="C:\data\SubsonicRoot\ss2\SubSonic.Tests\SqlQuery\SelectTests.cs" line="742" />
                    <metadata>
                      <entry key="TestKind">
                        <value>Test</value>
                      </entry>
                    </metadata>
                  </testStep>
                  <children />
                  <result assertCount="1" duration="0.0330381">
                    <outcome status="passed" />
                  </result>
                  <testLog>
                    <streams />
                    <attachments />
                  </testLog>
                </testStepRun>
                <testStepRun startTime="2011-08-05T15:51:11.1337205+09:30" endTime="2011-08-05T15:51:11.1493455+09:30">
                  <testStep id="61d363f3280c78e3" name="SqlQuery_when_setting_distinct_it_should_set_IsDistinct" fullName="SubSonic.Tests/SelectTests/SqlQuery_when_setting_distinct_it_should_set_IsDistinct" testId="7f5df6eba006a3b0" isPrimary="true" isTestCase="true" isDynamic="false">
                    <codeReference assembly="SubSonic.Tests, Version=2.2.1.0, Culture=neutral, PublicKeyToken=null" namespace="SubSonic.Tests.SqlQuery" type="SubSonic.Tests.SqlQuery.SelectTests" member="SqlQuery_when_setting_distinct_it_should_set_IsDistinct" />
                    <codeLocation path="C:\data\SubsonicRoot\ss2\SubSonic.Tests\SqlQuery\SelectTests.cs" line="735" />
                    <metadata>
                      <entry key="TestKind">
                        <value>Test</value>
                      </entry>
                    </metadata>
                  </testStep>
                  <children />
                  <result assertCount="1" duration="0.0021854">
                    <outcome status="passed" />
                  </result>
                  <testLog>
                    <streams />
                    <attachments />
                  </testLog>
                </testStepRun>
                <testStepRun startTime="2011-08-05T15:51:11.1493455+09:30" endTime="2011-08-05T15:51:11.1649705+09:30">
                  <testStep id="9fdaada578c5f175" name="StoredProc_TypedList" fullName="SubSonic.Tests/SelectTests/StoredProc_TypedList" testId="56c2ce08c5f5f680" isPrimary="true" isTestCase="true" isDynamic="false">
                    <codeReference assembly="SubSonic.Tests, Version=2.2.1.0, Culture=neutral, PublicKeyToken=null" namespace="SubSonic.Tests.SqlQuery" type="SubSonic.Tests.SqlQuery.SelectTests" member="StoredProc_TypedList" />
                    <codeLocation path="C:\data\SubsonicRoot\ss2\SubSonic.Tests\SqlQuery\SelectTests.cs" line="653" />
                    <metadata>
                      <entry key="TestKind">
                        <value>Test</value>
                      </entry>
                    </metadata>
                  </testStep>
                  <children />
                  <result assertCount="1" duration="0.031201999999999997">
                    <outcome status="passed" />
                  </result>
                  <testLog>
                    <streams />
                    <attachments />
                  </testLog>
                </testStepRun>
              </children>
              <result assertCount="62" duration="1.7651985">
                <outcome status="failed" />
              </result>
              <testLog>
                <streams />
                <attachments />
              </testLog>
            </testStepRun>
            <testStepRun startTime="2011-08-05T15:51:11.1649705+09:30" endTime="2011-08-05T15:51:11.3680955+09:30">
              <testStep id="e6100a789f1e200f" name="SPs" fullName="SubSonic.Tests/SPs" testId="88947b5ff026bc84" isPrimary="true" isTestCase="false" isDynamic="false">
                <codeReference assembly="SubSonic.Tests, Version=2.2.1.0, Culture=neutral, PublicKeyToken=null" namespace="SubSonic.Tests" type="SubSonic.Tests.SPs" />
                <codeLocation path="C:\data\SubsonicRoot\ss2\SubSonic.Tests\SPs.cs" />
                <metadata>
                  <entry key="TestKind">
                    <value>Fixture</value>
                  </entry>
                </metadata>
              </testStep>
              <children>
                <testStepRun startTime="2011-08-05T15:51:11.1649705+09:30" endTime="2011-08-05T15:51:11.1805955+09:30">
                  <testStep id="cb4f07b133bb5c92" name="SP_Can_Execute_JSON_Result" fullName="SubSonic.Tests/SPs/SP_Can_Execute_JSON_Result" testId="7ac2a8ddcd10c009" isPrimary="true" isTestCase="true" isDynamic="false">
                    <codeReference assembly="SubSonic.Tests, Version=2.2.1.0, Culture=neutral, PublicKeyToken=null" namespace="SubSonic.Tests" type="SubSonic.Tests.SPs" member="SP_Can_Execute_JSON_Result" />
                    <codeLocation path="C:\data\SubsonicRoot\ss2\SubSonic.Tests\SPs.cs" line="229" />
                    <metadata>
                      <entry key="TestKind">
                        <value>Test</value>
                      </entry>
                    </metadata>
                  </testStep>
                  <children />
                  <result assertCount="1" duration="0.056571699999999996">
                    <outcome status="passed" />
                  </result>
                  <testLog>
                    <streams />
                    <attachments />
                  </testLog>
                </testStepRun>
                <testStepRun startTime="2011-08-05T15:51:11.1805955+09:30" endTime="2011-08-05T15:51:11.1805955+09:30">
                  <testStep id="73878ccfcbe339e" name="SP_CustOrderHist_Should_Have_Qualified_CommandSQL" fullName="SubSonic.Tests/SPs/SP_CustOrderHist_Should_Have_Qualified_CommandSQL" testId="af9eeab672e34f3c" isPrimary="true" isTestCase="true" isDynamic="false">
                    <codeReference assembly="SubSonic.Tests, Version=2.2.1.0, Culture=neutral, PublicKeyToken=null" namespace="SubSonic.Tests" type="SubSonic.Tests.SPs" member="SP_CustOrderHist_Should_Have_Qualified_CommandSQL" />
                    <codeLocation path="C:\data\SubsonicRoot\ss2\SubSonic.Tests\SPs.cs" line="73" />
                    <metadata>
                      <entry key="TestKind">
                        <value>Test</value>
                      </entry>
                    </metadata>
                  </testStep>
                  <children />
                  <result assertCount="1" duration="0.0505295">
                    <outcome status="passed" />
                  </result>
                  <testLog>
                    <streams />
                    <attachments />
                  </testLog>
                </testStepRun>
                <testStepRun startTime="2011-08-05T15:51:11.1962205+09:30" endTime="2011-08-05T15:51:11.1962205+09:30">
                  <testStep id="a993aec87f835608" name="SP_CustOrderHist_Should_Have_QualifiedName" fullName="SubSonic.Tests/SPs/SP_CustOrderHist_Should_Have_QualifiedName" testId="a9c9721192e7a74d" isPrimary="true" isTestCase="true" isDynamic="false">
                    <codeReference assembly="SubSonic.Tests, Version=2.2.1.0, Culture=neutral, PublicKeyToken=null" namespace="SubSonic.Tests" type="SubSonic.Tests.SPs" member="SP_CustOrderHist_Should_Have_QualifiedName" />
                    <codeLocation path="C:\data\SubsonicRoot\ss2\SubSonic.Tests\SPs.cs" line="65" />
                    <metadata>
                      <entry key="TestKind">
                        <value>Test</value>
                      </entry>
                    </metadata>
                  </testStep>
                  <children />
                  <result assertCount="1" duration="0.0101242">
                    <outcome status="passed" />
                  </result>
                  <testLog>
                    <streams />
                    <attachments />
                  </testLog>
                </testStepRun>
                <testStepRun startTime="2011-08-05T15:51:11.1962205+09:30" endTime="2011-08-05T15:51:11.2118455+09:30">
                  <testStep id="2d46a258c0435ab8" name="SP_CustOrderHist_TypedSP_Should_Have_Qualified_CommandSQL" fullName="SubSonic.Tests/SPs/SP_CustOrderHist_TypedSP_Should_Have_Qualified_CommandSQL" testId="a907c2ba9df3f9ba" isPrimary="true" isTestCase="true" isDynamic="false">
                    <codeReference assembly="SubSonic.Tests, Version=2.2.1.0, Culture=neutral, PublicKeyToken=null" namespace="SubSonic.Tests" type="SubSonic.Tests.SPs" member="SP_CustOrderHist_TypedSP_Should_Have_Qualified_CommandSQL" />
                    <codeLocation path="C:\data\SubsonicRoot\ss2\SubSonic.Tests\SPs.cs" line="81" />
                    <metadata>
                      <entry key="TestKind">
                        <value>Test</value>
                      </entry>
                    </metadata>
                  </testStep>
                  <children />
                  <result assertCount="1" duration="0.0038009">
                    <outcome status="passed" />
                  </result>
                  <testLog>
                    <streams />
                    <attachments />
                  </testLog>
                </testStepRun>
                <testStepRun startTime="2011-08-05T15:51:11.2118455+09:30" endTime="2011-08-05T15:51:11.2118455+09:30">
                  <testStep id="5bfb261221863b75" name="SP_DSTest" fullName="SubSonic.Tests/SPs/SP_DSTest" testId="7160661ba5b4f87" isPrimary="true" isTestCase="true" isDynamic="false">
                    <codeReference assembly="SubSonic.Tests, Version=2.2.1.0, Culture=neutral, PublicKeyToken=null" namespace="SubSonic.Tests" type="SubSonic.Tests.SPs" member="SP_DSTest" />
                    <codeLocation path="C:\data\SubsonicRoot\ss2\SubSonic.Tests\SPs.cs" line="126" />
                    <metadata>
                      <entry key="TestKind">
                        <value>Test</value>
                      </entry>
                    </metadata>
                  </testStep>
                  <children />
                  <result assertCount="1" duration="0.055916">
                    <outcome status="passed" />
                  </result>
                  <testLog>
                    <streams />
                    <attachments />
                  </testLog>
                </testStepRun>
                <testStepRun startTime="2011-08-05T15:51:11.2274705+09:30" endTime="2011-08-05T15:51:11.2274705+09:30">
                  <testStep id="3dc7d01fd6d1b32b" name="SP_Outputs" fullName="SubSonic.Tests/SPs/SP_Outputs" testId="8a3e7cfbf064fdcd" isPrimary="true" isTestCase="true" isDynamic="false">
                    <codeReference assembly="SubSonic.Tests, Version=2.2.1.0, Culture=neutral, PublicKeyToken=null" namespace="SubSonic.Tests" type="SubSonic.Tests.SPs" member="SP_Outputs" />
                    <codeLocation path="C:\data\SubsonicRoot\ss2\SubSonic.Tests\SPs.cs" line="140" />
                    <metadata>
                      <entry key="TestKind">
                        <value>Test</value>
                      </entry>
                    </metadata>
                  </testStep>
                  <children />
                  <result assertCount="2" duration="0.012509399999999999">
                    <outcome status="passed" />
                  </result>
                  <testLog>
                    <streams />
                    <attachments />
                  </testLog>
                </testStepRun>
                <testStepRun startTime="2011-08-05T15:51:11.2274705+09:30" endTime="2011-08-05T15:51:11.2743455+09:30">
                  <testStep id="1aeeeac710eda302" name="SP_Outputs_DefaultProvider" fullName="SubSonic.Tests/SPs/SP_Outputs_DefaultProvider" testId="54b385f985ea3ada" isPrimary="true" isTestCase="true" isDynamic="false">
                    <codeReference assembly="SubSonic.Tests, Version=2.2.1.0, Culture=neutral, PublicKeyToken=null" namespace="SubSonic.Tests" type="SubSonic.Tests.SPs" member="SP_Outputs_DefaultProvider" />
                    <codeLocation path="C:\data\SubsonicRoot\ss2\SubSonic.Tests\SPs.cs" line="160" />
                    <metadata>
                      <entry key="TestKind">
                        <value>Test</value>
                      </entry>
                    </metadata>
                  </testStep>
                  <children />
                  <result assertCount="2" duration="0.0044618">
                    <outcome status="passed" />
                  </result>
                  <testLog>
                    <streams />
                    <attachments />
                  </testLog>
                </testStepRun>
                <testStepRun startTime="2011-08-05T15:51:11.2743455+09:30" endTime="2011-08-05T15:51:11.2899705+09:30">
                  <testStep id="32e6195f116f7a28" name="SP_QuickDataSet" fullName="SubSonic.Tests/SPs/SP_QuickDataSet" testId="85f475848b5528df" isPrimary="true" isTestCase="true" isDynamic="false">
                    <codeReference assembly="SubSonic.Tests, Version=2.2.1.0, Culture=neutral, PublicKeyToken=null" namespace="SubSonic.Tests" type="SubSonic.Tests.SPs" member="SP_QuickDataSet" />
                    <codeLocation path="C:\data\SubsonicRoot\ss2\SubSonic.Tests\SPs.cs" line="197" />
                    <metadata>
                      <entry key="TestKind">
                        <value>Test</value>
                      </entry>
                    </metadata>
                  </testStep>
                  <children />
                  <result assertCount="1" duration="0.0143132">
                    <outcome status="passed" />
                  </result>
                  <testLog>
                    <streams />
                    <attachments />
                  </testLog>
                </testStepRun>
                <testStepRun startTime="2011-08-05T15:51:11.2899705+09:30" endTime="2011-08-05T15:51:11.2899705+09:30">
                  <testStep id="bab194ef2903e282" name="SP_QuickReader" fullName="SubSonic.Tests/SPs/SP_QuickReader" testId="433e79030503e791" isPrimary="true" isTestCase="true" isDynamic="false">
                    <codeReference assembly="SubSonic.Tests, Version=2.2.1.0, Culture=neutral, PublicKeyToken=null" namespace="SubSonic.Tests" type="SubSonic.Tests.SPs" member="SP_QuickReader" />
                    <codeLocation path="C:\data\SubsonicRoot\ss2\SubSonic.Tests\SPs.cs" line="180" />
                    <metadata>
                      <entry key="TestKind">
                        <value>Test</value>
                      </entry>
                    </metadata>
                  </testStep>
                  <children />
                  <result assertCount="1" duration="0.0454267">
                    <outcome status="passed" />
                  </result>
                  <testLog>
                    <streams />
                    <attachments />
                  </testLog>
                </testStepRun>
                <testStepRun startTime="2011-08-05T15:51:11.2899705+09:30" endTime="2011-08-05T15:51:11.3055955+09:30">
                  <testStep id="b151c0c3f6d23357" name="SP_ReaderTest" fullName="SubSonic.Tests/SPs/SP_ReaderTest" testId="e282a136067cd032" isPrimary="true" isTestCase="true" isDynamic="false">
                    <codeReference assembly="SubSonic.Tests, Version=2.2.1.0, Culture=neutral, PublicKeyToken=null" namespace="SubSonic.Tests" type="SubSonic.Tests.SPs" member="SP_ReaderTest" />
                    <codeLocation path="C:\data\SubsonicRoot\ss2\SubSonic.Tests\SPs.cs" line="92" />
                    <metadata>
                      <entry key="TestKind">
                        <value>Test</value>
                      </entry>
                    </metadata>
                  </testStep>
                  <children />
                  <result assertCount="1" duration="0.0087391999999999991">
                    <outcome status="passed" />
                  </result>
                  <testLog>
                    <streams />
                    <attachments />
                  </testLog>
                </testStepRun>
                <testStepRun startTime="2011-08-05T15:51:11.3055955+09:30" endTime="2011-08-05T15:51:11.3212205+09:30">
                  <testStep id="25b0de2c0f536b7e" name="SP_ScalarTest" fullName="SubSonic.Tests/SPs/SP_ScalarTest" testId="c0e0813a8e24c5af" isPrimary="true" isTestCase="true" isDynamic="false">
                    <codeReference assembly="SubSonic.Tests, Version=2.2.1.0, Culture=neutral, PublicKeyToken=null" namespace="SubSonic.Tests" type="SubSonic.Tests.SPs" member="SP_ScalarTest" />
                    <codeLocation path="C:\data\SubsonicRoot\ss2\SubSonic.Tests\SPs.cs" line="112" />
                    <metadata>
                      <entry key="TestKind">
                        <value>Test</value>
                      </entry>
                    </metadata>
                  </testStep>
                  <children />
                  <result assertCount="1" duration="0.0054564">
                    <outcome status="passed" />
                  </result>
                  <testLog>
                    <streams />
                    <attachments />
                  </testLog>
                </testStepRun>
                <testStepRun startTime="2011-08-05T15:51:11.3212205+09:30" endTime="2011-08-05T15:51:11.3212205+09:30">
                  <testStep id="15a46a85efe3c503" name="SP_Schema_Should_Load_10_SPs" fullName="SubSonic.Tests/SPs/SP_Schema_Should_Load_10_SPs" testId="2ad22264b70bd8d6" isPrimary="true" isTestCase="true" isDynamic="false">
                    <codeReference assembly="SubSonic.Tests, Version=2.2.1.0, Culture=neutral, PublicKeyToken=null" namespace="SubSonic.Tests" type="SubSonic.Tests.SPs" member="SP_Schema_Should_Load_10_SPs" />
                    <codeLocation path="C:\data\SubsonicRoot\ss2\SubSonic.Tests\SPs.cs" line="49" />
                    <metadata>
                      <entry key="TestKind">
                        <value>Test</value>
                      </entry>
                    </metadata>
                  </testStep>
                  <children />
                  <result assertCount="1" duration="0.0052661999999999995">
                    <outcome status="passed" />
                  </result>
                  <testLog>
                    <streams />
                    <attachments />
                  </testLog>
                </testStepRun>
                <testStepRun startTime="2011-08-05T15:51:11.3212205+09:30" endTime="2011-08-05T15:51:11.3368455+09:30">
                  <testStep id="f129063506ff1c81" name="SP_Schema_Should_Load_With_Schema_Name" fullName="SubSonic.Tests/SPs/SP_Schema_Should_Load_With_Schema_Name" testId="5a3b608b22e938aa" isPrimary="true" isTestCase="true" isDynamic="false">
                    <codeReference assembly="SubSonic.Tests, Version=2.2.1.0, Culture=neutral, PublicKeyToken=null" namespace="SubSonic.Tests" type="SubSonic.Tests.SPs" member="SP_Schema_Should_Load_With_Schema_Name" />
                    <codeLocation path="C:\data\SubsonicRoot\ss2\SubSonic.Tests\SPs.cs" line="57" />
                    <metadata>
                      <entry key="TestKind">
                        <value>Test</value>
                      </entry>
                    </metadata>
                  </testStep>
                  <children />
                  <result assertCount="1" duration="0.0095240999999999989">
                    <outcome status="passed" />
                  </result>
                  <testLog>
                    <streams />
                    <attachments />
                  </testLog>
                </testStepRun>
                <testStepRun startTime="2011-08-05T15:51:11.3368455+09:30" endTime="2011-08-05T15:51:11.3524705+09:30">
                  <testStep id="8d59f945f42986a6" name="SP_Should_Execute_Without_Parameter" fullName="SubSonic.Tests/SPs/SP_Should_Execute_Without_Parameter" testId="5ad8fc74df6a3527" isPrimary="true" isTestCase="true" isDynamic="false">
                    <codeReference assembly="SubSonic.Tests, Version=2.2.1.0, Culture=neutral, PublicKeyToken=null" namespace="SubSonic.Tests" type="SubSonic.Tests.SPs" member="SP_Should_Execute_Without_Parameter" />
                    <codeLocation path="C:\data\SubsonicRoot\ss2\SubSonic.Tests\SPs.cs" line="203" />
                    <metadata>
                      <entry key="TestKind">
                        <value>Test</value>
                      </entry>
                    </metadata>
                  </testStep>
                  <children />
                  <result assertCount="1" duration="0.0036536">
                    <outcome status="passed" />
                  </result>
                  <testLog>
                    <streams />
                    <attachments />
                  </testLog>
                </testStepRun>
                <testStepRun startTime="2011-08-05T15:51:11.3524705+09:30" endTime="2011-08-05T15:51:11.3524705+09:30">
                  <testStep id="13b67bf4c3801724" name="SP_Should_Execute_Without_Parameter2" fullName="SubSonic.Tests/SPs/SP_Should_Execute_Without_Parameter2" testId="62cc4104c2c8176a" isPrimary="true" isTestCase="true" isDynamic="false">
                    <codeReference assembly="SubSonic.Tests, Version=2.2.1.0, Culture=neutral, PublicKeyToken=null" namespace="SubSonic.Tests" type="SubSonic.Tests.SPs" member="SP_Should_Execute_Without_Parameter2" />
                    <codeLocation path="C:\data\SubsonicRoot\ss2\SubSonic.Tests\SPs.cs" line="215" />
                    <metadata>
                      <entry key="TestKind">
                        <value>Test</value>
                      </entry>
                    </metadata>
                  </testStep>
                  <children />
                  <result assertCount="1" duration="0.0184741">
                    <outcome status="passed" />
                  </result>
                  <testLog>
                    <streams />
                    <attachments />
                  </testLog>
                </testStepRun>
              </children>
              <result assertCount="17" duration="0.4119756">
                <outcome status="passed" />
              </result>
              <testLog>
                <streams />
                <attachments />
              </testLog>
            </testStepRun>
            <testStepRun startTime="2011-08-05T15:51:11.3680955+09:30" endTime="2011-08-05T15:51:11.5868455+09:30">
              <testStep id="d1336874c9ba0fa4" name="SqlServerParserTests" fullName="SubSonic.Tests/SqlServerParserTests" testId="60b90858aa342229" isPrimary="true" isTestCase="false" isDynamic="false">
                <codeReference assembly="SubSonic.Tests, Version=2.2.1.0, Culture=neutral, PublicKeyToken=null" namespace="SubSonic.Tests.SqlQuery" type="SubSonic.Tests.SqlQuery.SqlServerParserTests" />
                <codeLocation path="C:\data\SubsonicRoot\ss2\SubSonic.Tests\SqlGenerators\SqlServerGeneratorTests.cs" />
                <metadata>
                  <entry key="TestKind">
                    <value>Fixture</value>
                  </entry>
                </metadata>
              </testStep>
              <children>
                <testStepRun startTime="2011-08-05T15:51:11.3680955+09:30" endTime="2011-08-05T15:51:11.3837205+09:30">
                  <testStep id="4e453c1d410efa7c" name="Add_Column" fullName="SubSonic.Tests/SqlServerParserTests/Add_Column" testId="b038d3afb3264e1f" isPrimary="true" isTestCase="true" isDynamic="false">
                    <codeReference assembly="SubSonic.Tests, Version=2.2.1.0, Culture=neutral, PublicKeyToken=null" namespace="SubSonic.Tests.SqlQuery" type="SubSonic.Tests.SqlQuery.SqlServerParserTests" member="Add_Column" />
                    <codeLocation path="C:\data\SubsonicRoot\ss2\SubSonic.Tests\SqlGenerators\SqlServerGeneratorTests.cs" line="258" />
                    <metadata>
                      <entry key="TestKind">
                        <value>Test</value>
                      </entry>
                    </metadata>
                  </testStep>
                  <children />
                  <result assertCount="1" duration="0.0172036">
                    <outcome status="passed" />
                  </result>
                  <testLog>
                    <streams />
                    <attachments />
                  </testLog>
                </testStepRun>
                <testStepRun startTime="2011-08-05T15:51:11.3837205+09:30" endTime="2011-08-05T15:51:11.3837205+09:30">
                  <testStep id="6d092e1274dac497" name="Aggregate_Count" fullName="SubSonic.Tests/SqlServerParserTests/Aggregate_Count" testId="fe33148885157218" isPrimary="true" isTestCase="true" isDynamic="false">
                    <codeReference assembly="SubSonic.Tests, Version=2.2.1.0, Culture=neutral, PublicKeyToken=null" namespace="SubSonic.Tests.SqlQuery" type="SubSonic.Tests.SqlQuery.SqlServerParserTests" member="Aggregate_Count" />
                    <codeLocation path="C:\data\SubsonicRoot\ss2\SubSonic.Tests\SqlGenerators\SqlServerGeneratorTests.cs" line="111" />
                    <metadata>
                      <entry key="TestKind">
                        <value>Test</value>
                      </entry>
                    </metadata>
                  </testStep>
                  <children />
                  <result assertCount="1" duration="0.0028211">
                    <outcome status="passed" />
                  </result>
                  <testLog>
                    <streams />
                    <attachments />
                  </testLog>
                </testStepRun>
                <testStepRun startTime="2011-08-05T15:51:11.3837205+09:30" endTime="2011-08-05T15:51:11.3993455+09:30">
                  <testStep id="c1148625923a99a9" name="Alter_Column" fullName="SubSonic.Tests/SqlServerParserTests/Alter_Column" testId="230b5d41c88cd9d3" isPrimary="true" isTestCase="true" isDynamic="false">
                    <codeReference assembly="SubSonic.Tests, Version=2.2.1.0, Culture=neutral, PublicKeyToken=null" namespace="SubSonic.Tests.SqlQuery" type="SubSonic.Tests.SqlQuery.SqlServerParserTests" member="Alter_Column" />
                    <codeLocation path="C:\data\SubsonicRoot\ss2\SubSonic.Tests\SqlGenerators\SqlServerGeneratorTests.cs" line="273" />
                    <metadata>
                      <entry key="TestKind">
                        <value>Test</value>
                      </entry>
                    </metadata>
                  </testStep>
                  <children />
                  <result assertCount="1" duration="0.0021118">
                    <outcome status="passed" />
                  </result>
                  <testLog>
                    <streams />
                    <attachments />
                  </testLog>
                </testStepRun>
                <testStepRun startTime="2011-08-05T15:51:11.3993455+09:30" endTime="2011-08-05T15:51:11.4149705+09:30">
                  <testStep id="2b3a5154d17bd342" name="Create_Table" fullName="SubSonic.Tests/SqlServerParserTests/Create_Table" testId="b23686f1b213f7ff" isPrimary="true" isTestCase="true" isDynamic="false">
                    <codeReference assembly="SubSonic.Tests, Version=2.2.1.0, Culture=neutral, PublicKeyToken=null" namespace="SubSonic.Tests.SqlQuery" type="SubSonic.Tests.SqlQuery.SqlServerParserTests" member="Create_Table" />
                    <codeLocation path="C:\data\SubsonicRoot\ss2\SubSonic.Tests\SqlGenerators\SqlServerGeneratorTests.cs" line="248" />
                    <metadata>
                      <entry key="TestKind">
                        <value>Test</value>
                      </entry>
                    </metadata>
                  </testStep>
                  <children />
                  <result assertCount="1" duration="0.0020314">
                    <outcome status="passed" />
                  </result>
                  <testLog>
                    <streams />
                    <attachments />
                  </testLog>
                </testStepRun>
                <testStepRun startTime="2011-08-05T15:51:11.4149705+09:30" endTime="2011-08-05T15:51:11.4305955+09:30">
                  <testStep id="b47a8f667fb6a377" name="Drop_Table" fullName="SubSonic.Tests/SqlServerParserTests/Drop_Table" testId="76cb5cc148d15d12" isPrimary="true" isTestCase="true" isDynamic="false">
                    <codeReference assembly="SubSonic.Tests, Version=2.2.1.0, Culture=neutral, PublicKeyToken=null" namespace="SubSonic.Tests.SqlQuery" type="SubSonic.Tests.SqlQuery.SqlServerParserTests" member="Drop_Table" />
                    <codeLocation path="C:\data\SubsonicRoot\ss2\SubSonic.Tests\SqlGenerators\SqlServerGeneratorTests.cs" line="240" />
                    <metadata>
                      <entry key="TestKind">
                        <value>Test</value>
                      </entry>
                    </metadata>
                  </testStep>
                  <children />
                  <result assertCount="1" duration="0.0027817">
                    <outcome status="passed" />
                  </result>
                  <testLog>
                    <streams />
                    <attachments />
                  </testLog>
                </testStepRun>
                <testStepRun startTime="2011-08-05T15:51:11.4305955+09:30" endTime="2011-08-05T15:51:11.4305955+09:30">
                  <testStep id="249b36db7c033acf" name="Join_CreateImplicit" fullName="SubSonic.Tests/SqlServerParserTests/Join_CreateImplicit" testId="6b04afe64d308ac5" isPrimary="true" isTestCase="true" isDynamic="false">
                    <codeReference assembly="SubSonic.Tests, Version=2.2.1.0, Culture=neutral, PublicKeyToken=null" namespace="SubSonic.Tests.SqlQuery" type="SubSonic.Tests.SqlQuery.SqlServerParserTests" member="Join_CreateImplicit" />
                    <codeLocation path="C:\data\SubsonicRoot\ss2\SubSonic.Tests\SqlGenerators\SqlServerGeneratorTests.cs" line="65" />
                    <metadata>
                      <entry key="TestKind">
                        <value>Test</value>
                      </entry>
                    </metadata>
                  </testStep>
                  <children />
                  <result assertCount="2" duration="0.0040435">
                    <outcome status="passed" />
                  </result>
                  <testLog>
                    <streams />
                    <attachments />
                  </testLog>
                </testStepRun>
                <testStepRun startTime="2011-08-05T15:51:11.4305955+09:30" endTime="2011-08-05T15:51:11.4462205+09:30">
                  <testStep id="d2de9a7ef495c49a" name="Join_CreateImplicit_Reversed" fullName="SubSonic.Tests/SqlServerParserTests/Join_CreateImplicit_Reversed" testId="93ecceb46b6af8ef" isPrimary="true" isTestCase="true" isDynamic="false">
                    <codeReference assembly="SubSonic.Tests, Version=2.2.1.0, Culture=neutral, PublicKeyToken=null" namespace="SubSonic.Tests.SqlQuery" type="SubSonic.Tests.SqlQuery.SqlServerParserTests" member="Join_CreateImplicit_Reversed" />
                    <codeLocation path="C:\data\SubsonicRoot\ss2\SubSonic.Tests\SqlGenerators\SqlServerGeneratorTests.cs" line="73" />
                    <metadata>
                      <entry key="TestKind">
                        <value>Test</value>
                      </entry>
                    </metadata>
                  </testStep>
                  <children />
                  <result assertCount="2" duration="0.0039768">
                    <outcome status="passed" />
                  </result>
                  <testLog>
                    <streams />
                    <attachments />
                  </testLog>
                </testStepRun>
                <testStepRun startTime="2011-08-05T15:51:11.4462205+09:30" endTime="2011-08-05T15:51:11.4462205+09:30">
                  <testStep id="ba2e6d438358185a" name="Join_Cross" fullName="SubSonic.Tests/SqlServerParserTests/Join_Cross" testId="145dc48b903294de" isPrimary="true" isTestCase="true" isDynamic="false">
                    <codeReference assembly="SubSonic.Tests, Version=2.2.1.0, Culture=neutral, PublicKeyToken=null" namespace="SubSonic.Tests.SqlQuery" type="SubSonic.Tests.SqlQuery.SqlServerParserTests" member="Join_Cross" />
                    <codeLocation path="C:\data\SubsonicRoot\ss2\SubSonic.Tests\SqlGenerators\SqlServerGeneratorTests.cs" line="216" />
                    <metadata>
                      <entry key="TestKind">
                        <value>Test</value>
                      </entry>
                    </metadata>
                  </testStep>
                  <children />
                  <result assertCount="1" duration="0.0042923">
                    <outcome status="passed" />
                  </result>
                  <testLog>
                    <streams />
                    <attachments />
                  </testLog>
                </testStepRun>
                <testStepRun startTime="2011-08-05T15:51:11.4462205+09:30" endTime="2011-08-05T15:51:11.4618455+09:30">
                  <testStep id="86edbc48a7c0ff26" name="Join_RightOuter" fullName="SubSonic.Tests/SqlServerParserTests/Join_RightOuter" testId="14656463e04d232d" isPrimary="true" isTestCase="true" isDynamic="false">
                    <codeReference assembly="SubSonic.Tests, Version=2.2.1.0, Culture=neutral, PublicKeyToken=null" namespace="SubSonic.Tests.SqlQuery" type="SubSonic.Tests.SqlQuery.SqlServerParserTests" member="Join_RightOuter" />
                    <codeLocation path="C:\data\SubsonicRoot\ss2\SubSonic.Tests\SqlGenerators\SqlServerGeneratorTests.cs" line="204" />
                    <metadata>
                      <entry key="TestKind">
                        <value>Test</value>
                      </entry>
                    </metadata>
                  </testStep>
                  <children />
                  <result assertCount="1" duration="0.0049644">
                    <outcome status="passed" />
                  </result>
                  <testLog>
                    <streams />
                    <attachments />
                  </testLog>
                </testStepRun>
                <testStepRun startTime="2011-08-05T15:51:11.4618455+09:30" endTime="2011-08-05T15:51:11.4618455+09:30">
                  <testStep id="539b5107b7b1087c" name="Join_Unequal" fullName="SubSonic.Tests/SqlServerParserTests/Join_Unequal" testId="a81dd1f180303cf2" isPrimary="true" isTestCase="true" isDynamic="false">
                    <codeReference assembly="SubSonic.Tests, Version=2.2.1.0, Culture=neutral, PublicKeyToken=null" namespace="SubSonic.Tests.SqlQuery" type="SubSonic.Tests.SqlQuery.SqlServerParserTests" member="Join_Unequal" />
                    <codeLocation path="C:\data\SubsonicRoot\ss2\SubSonic.Tests\SqlGenerators\SqlServerGeneratorTests.cs" line="228" />
                    <metadata>
                      <entry key="TestKind">
                        <value>Test</value>
                      </entry>
                    </metadata>
                  </testStep>
                  <children />
                  <result assertCount="1" duration="0.0089296999999999988">
                    <outcome status="passed" />
                  </result>
                  <testLog>
                    <streams />
                    <attachments />
                  </testLog>
                </testStepRun>
                <testStepRun startTime="2011-08-05T15:51:11.4618455+09:30" endTime="2011-08-05T15:51:11.4774705+09:30">
                  <testStep id="3506fb1ed5d7473e" name="Remove_Column" fullName="SubSonic.Tests/SqlServerParserTests/Remove_Column" testId="55d0b3a9aa2fc7b5" isPrimary="true" isTestCase="true" isDynamic="false">
                    <codeReference assembly="SubSonic.Tests, Version=2.2.1.0, Culture=neutral, PublicKeyToken=null" namespace="SubSonic.Tests.SqlQuery" type="SubSonic.Tests.SqlQuery.SqlServerParserTests" member="Remove_Column" />
                    <codeLocation path="C:\data\SubsonicRoot\ss2\SubSonic.Tests\SqlGenerators\SqlServerGeneratorTests.cs" line="288" />
                    <metadata>
                      <entry key="TestKind">
                        <value>Test</value>
                      </entry>
                    </metadata>
                  </testStep>
                  <children />
                  <result assertCount="1" duration="0.0057703">
                    <outcome status="passed" />
                  </result>
                  <testLog>
                    <streams />
                    <attachments />
                  </testLog>
                </testStepRun>
                <testStepRun startTime="2011-08-05T15:51:11.4774705+09:30" endTime="2011-08-05T15:51:11.4774705+09:30">
                  <testStep id="c4776b925f6a24b9" name="Select_BetweenAnd" fullName="SubSonic.Tests/SqlServerParserTests/Select_BetweenAnd" testId="cd33398885417e68" isPrimary="true" isTestCase="true" isDynamic="false">
                    <codeReference assembly="SubSonic.Tests, Version=2.2.1.0, Culture=neutral, PublicKeyToken=null" namespace="SubSonic.Tests.SqlQuery" type="SubSonic.Tests.SqlQuery.SqlServerParserTests" member="Select_BetweenAnd" />
                    <codeLocation path="C:\data\SubsonicRoot\ss2\SubSonic.Tests\SqlGenerators\SqlServerGeneratorTests.cs" line="101" />
                    <metadata>
                      <entry key="TestKind">
                        <value>Test</value>
                      </entry>
                    </metadata>
                  </testStep>
                  <children />
                  <result assertCount="1" duration="0.025779299999999998">
                    <outcome status="passed" />
                  </result>
                  <testLog>
                    <streams />
                    <attachments />
                  </testLog>
                </testStepRun>
                <testStepRun startTime="2011-08-05T15:51:11.4774705+09:30" endTime="2011-08-05T15:51:11.4930955+09:30">
                  <testStep id="bd3372b7939508d3" name="Select_ColumnList_Specified" fullName="SubSonic.Tests/SqlServerParserTests/Select_ColumnList_Specified" testId="f10c18f4e6e52a40" isPrimary="true" isTestCase="true" isDynamic="false">
                    <codeReference assembly="SubSonic.Tests, Version=2.2.1.0, Culture=neutral, PublicKeyToken=null" namespace="SubSonic.Tests.SqlQuery" type="SubSonic.Tests.SqlQuery.SqlServerParserTests" member="Select_ColumnList_Specified" />
                    <codeLocation path="C:\data\SubsonicRoot\ss2\SubSonic.Tests\SqlGenerators\SqlServerGeneratorTests.cs" line="27" />
                    <metadata>
                      <entry key="TestKind">
                        <value>Test</value>
                      </entry>
                    </metadata>
                  </testStep>
                  <children />
                  <result assertCount="1" duration="0.0023737999999999997">
                    <outcome status="passed" />
                  </result>
                  <testLog>
                    <streams />
                    <attachments />
                  </testLog>
                </testStepRun>
                <testStepRun startTime="2011-08-05T15:51:11.4930955+09:30" endTime="2011-08-05T15:51:11.4930955+09:30">
                  <testStep id="ad3c00e4b2dbfd97" name="Select_Expression" fullName="SubSonic.Tests/SqlServerParserTests/Select_Expression" testId="82c6a08c439adfeb" isPrimary="true" isTestCase="true" isDynamic="false">
                    <codeReference assembly="SubSonic.Tests, Version=2.2.1.0, Culture=neutral, PublicKeyToken=null" namespace="SubSonic.Tests.SqlQuery" type="SubSonic.Tests.SqlQuery.SqlServerParserTests" member="Select_Expression" />
                    <codeLocation path="C:\data\SubsonicRoot\ss2\SubSonic.Tests\SqlGenerators\SqlServerGeneratorTests.cs" line="138" />
                    <metadata>
                      <entry key="TestKind">
                        <value>Test</value>
                      </entry>
                    </metadata>
                  </testStep>
                  <children />
                  <result assertCount="1" duration="0.0064598">
                    <outcome status="passed" />
                  </result>
                  <testLog>
                    <streams />
                    <attachments />
                  </testLog>
                </testStepRun>
                <testStepRun startTime="2011-08-05T15:51:11.5087205+09:30" endTime="2011-08-05T15:51:11.5087205+09:30">
                  <testStep id="cc7a6a3fe741472a" name="Select_Generate_FromList" fullName="SubSonic.Tests/SqlServerParserTests/Select_Generate_FromList" testId="9353a3d7f6f779c0" isPrimary="true" isTestCase="true" isDynamic="false">
                    <codeReference assembly="SubSonic.Tests, Version=2.2.1.0, Culture=neutral, PublicKeyToken=null" namespace="SubSonic.Tests.SqlQuery" type="SubSonic.Tests.SqlQuery.SqlServerParserTests" member="Select_Generate_FromList" />
                    <codeLocation path="C:\data\SubsonicRoot\ss2\SubSonic.Tests\SqlGenerators\SqlServerGeneratorTests.cs" line="38" />
                    <metadata>
                      <entry key="TestKind">
                        <value>Test</value>
                      </entry>
                    </metadata>
                  </testStep>
                  <children />
                  <result assertCount="1" duration="0.0058508">
                    <outcome status="passed" />
                  </result>
                  <testLog>
                    <streams />
                    <attachments />
                  </testLog>
                </testStepRun>
                <testStepRun startTime="2011-08-05T15:51:11.5087205+09:30" endTime="2011-08-05T15:51:11.5243455+09:30">
                  <testStep id="eb9ae966fd6df17c" name="Select_Generate_JoinList" fullName="SubSonic.Tests/SqlServerParserTests/Select_Generate_JoinList" testId="c16ca65665a60dcd" isPrimary="true" isTestCase="true" isDynamic="false">
                    <codeReference assembly="SubSonic.Tests, Version=2.2.1.0, Culture=neutral, PublicKeyToken=null" namespace="SubSonic.Tests.SqlQuery" type="SubSonic.Tests.SqlQuery.SqlServerParserTests" member="Select_Generate_JoinList" />
                    <codeLocation path="C:\data\SubsonicRoot\ss2\SubSonic.Tests\SqlGenerators\SqlServerGeneratorTests.cs" line="49" />
                    <metadata>
                      <entry key="TestKind">
                        <value>Test</value>
                      </entry>
                    </metadata>
                  </testStep>
                  <children />
                  <result assertCount="1" duration="0.0066118999999999995">
                    <outcome status="passed" />
                  </result>
                  <testLog>
                    <streams />
                    <attachments />
                  </testLog>
                </testStepRun>
                <testStepRun startTime="2011-08-05T15:51:11.5243455+09:30" endTime="2011-08-05T15:51:11.5243455+09:30">
                  <testStep id="6480f17d2c760fb" name="Select_IN" fullName="SubSonic.Tests/SqlServerParserTests/Select_IN" testId="ad7e1ee716b970b" isPrimary="true" isTestCase="true" isDynamic="false">
                    <codeReference assembly="SubSonic.Tests, Version=2.2.1.0, Culture=neutral, PublicKeyToken=null" namespace="SubSonic.Tests.SqlQuery" type="SubSonic.Tests.SqlQuery.SqlServerParserTests" member="Select_IN" />
                    <codeLocation path="C:\data\SubsonicRoot\ss2\SubSonic.Tests\SqlGenerators\SqlServerGeneratorTests.cs" line="196" />
                    <metadata>
                      <entry key="TestKind">
                        <value>Test</value>
                      </entry>
                    </metadata>
                  </testStep>
                  <children />
                  <result assertCount="0" duration="0.0026441">
                    <outcome status="passed" />
                  </result>
                  <testLog>
                    <streams />
                    <attachments />
                  </testLog>
                </testStepRun>
                <testStepRun startTime="2011-08-05T15:51:11.5243455+09:30" endTime="2011-08-05T15:51:11.5399705+09:30">
                  <testStep id="5619434dafb3e8f2" name="Select_Paged" fullName="SubSonic.Tests/SqlServerParserTests/Select_Paged" testId="f8b3de9ebe602bca" isPrimary="true" isTestCase="true" isDynamic="false">
                    <codeReference assembly="SubSonic.Tests, Version=2.2.1.0, Culture=neutral, PublicKeyToken=null" namespace="SubSonic.Tests.SqlQuery" type="SubSonic.Tests.SqlQuery.SqlServerParserTests" member="Select_Paged" />
                    <codeLocation path="C:\data\SubsonicRoot\ss2\SubSonic.Tests\SqlGenerators\SqlServerGeneratorTests.cs" line="157" />
                    <metadata>
                      <entry key="TestKind">
                        <value>Test</value>
                      </entry>
                    </metadata>
                  </testStep>
                  <children />
                  <result assertCount="2" duration="0.058062199999999994">
                    <outcome status="passed" />
                  </result>
                  <testLog>
                    <streams />
                    <attachments />
                  </testLog>
                </testStepRun>
                <testStepRun startTime="2011-08-05T15:51:11.5399705+09:30" endTime="2011-08-05T15:51:11.5399705+09:30">
                  <testStep id="a4a2f38090a848f0" name="Select_PagedWithAggregate" fullName="SubSonic.Tests/SqlServerParserTests/Select_PagedWithAggregate" testId="5fa0547ca29e973d" isPrimary="true" isTestCase="true" isDynamic="false">
                    <codeReference assembly="SubSonic.Tests, Version=2.2.1.0, Culture=neutral, PublicKeyToken=null" namespace="SubSonic.Tests.SqlQuery" type="SubSonic.Tests.SqlQuery.SqlServerParserTests" member="Select_PagedWithAggregate" />
                    <codeLocation path="C:\data\SubsonicRoot\ss2\SubSonic.Tests\SqlGenerators\SqlServerGeneratorTests.cs" line="178" />
                    <metadata>
                      <entry key="TestKind">
                        <value>Test</value>
                      </entry>
                    </metadata>
                  </testStep>
                  <children />
                  <result assertCount="1" duration="0.0056616999999999995">
                    <outcome status="passed" />
                  </result>
                  <testLog>
                    <streams />
                    <attachments />
                  </testLog>
                </testStepRun>
                <testStepRun startTime="2011-08-05T15:51:11.5555955+09:30" endTime="2011-08-05T15:51:11.5555955+09:30">
                  <testStep id="949642ac0b7540f4" name="Where_And" fullName="SubSonic.Tests/SqlServerParserTests/Where_And" testId="8e81f1b907805ac6" isPrimary="true" isTestCase="true" isDynamic="false">
                    <codeReference assembly="SubSonic.Tests, Version=2.2.1.0, Culture=neutral, PublicKeyToken=null" namespace="SubSonic.Tests.SqlQuery" type="SubSonic.Tests.SqlQuery.SqlServerParserTests" member="Where_And" />
                    <codeLocation path="C:\data\SubsonicRoot\ss2\SubSonic.Tests\SqlGenerators\SqlServerGeneratorTests.cs" line="90" />
                    <metadata>
                      <entry key="TestKind">
                        <value>Test</value>
                      </entry>
                    </metadata>
                  </testStep>
                  <children />
                  <result assertCount="1" duration="0.0029119999999999997">
                    <outcome status="passed" />
                  </result>
                  <testLog>
                    <streams />
                    <attachments />
                  </testLog>
                </testStepRun>
                <testStepRun startTime="2011-08-05T15:51:11.5555955+09:30" endTime="2011-08-05T15:51:11.5712205+09:30">
                  <testStep id="91d3e6cd23e64865" name="Where_Expression" fullName="SubSonic.Tests/SqlServerParserTests/Where_Expression" testId="11814d6ca25ebd6" isPrimary="true" isTestCase="true" isDynamic="false">
                    <codeReference assembly="SubSonic.Tests, Version=2.2.1.0, Culture=neutral, PublicKeyToken=null" namespace="SubSonic.Tests.SqlQuery" type="SubSonic.Tests.SqlQuery.SqlServerParserTests" member="Where_Expression" />
                    <codeLocation path="C:\data\SubsonicRoot\ss2\SubSonic.Tests\SqlGenerators\SqlServerGeneratorTests.cs" line="126" />
                    <metadata>
                      <entry key="TestKind">
                        <value>Test</value>
                      </entry>
                    </metadata>
                  </testStep>
                  <children />
                  <result assertCount="1" duration="0.0028847">
                    <outcome status="passed" />
                  </result>
                  <testLog>
                    <streams />
                    <attachments />
                  </testLog>
                </testStepRun>
                <testStepRun startTime="2011-08-05T15:51:11.5712205+09:30" endTime="2011-08-05T15:51:11.5712205+09:30">
                  <testStep id="2da486edabd304ca" name="Where_Simple" fullName="SubSonic.Tests/SqlServerParserTests/Where_Simple" testId="e8c503421ed75cc7" isPrimary="true" isTestCase="true" isDynamic="false">
                    <codeReference assembly="SubSonic.Tests, Version=2.2.1.0, Culture=neutral, PublicKeyToken=null" namespace="SubSonic.Tests.SqlQuery" type="SubSonic.Tests.SqlQuery.SqlServerParserTests" member="Where_Simple" />
                    <codeLocation path="C:\data\SubsonicRoot\ss2\SubSonic.Tests\SqlGenerators\SqlServerGeneratorTests.cs" line="81" />
                    <metadata>
                      <entry key="TestKind">
                        <value>Test</value>
                      </entry>
                    </metadata>
                  </testStep>
                  <children />
                  <result assertCount="1" duration="0.0020311">
                    <outcome status="passed" />
                  </result>
                  <testLog>
                    <streams />
                    <attachments />
                  </testLog>
                </testStepRun>
              </children>
              <result assertCount="24" duration="0.28472179999999997">
                <outcome status="passed" />
              </result>
              <testLog>
                <streams />
                <attachments />
              </testLog>
            </testStepRun>
            <testStepRun startTime="2011-08-05T15:51:11.5868455+09:30" endTime="2011-08-05T15:51:11.9930955+09:30">
              <testStep id="b49f0c8ec846218" name="SugarTests" fullName="SubSonic.Tests/SugarTests" testId="babe4e099f85aa64" isPrimary="true" isTestCase="false" isDynamic="false">
                <codeReference assembly="SubSonic.Tests, Version=2.2.1.0, Culture=neutral, PublicKeyToken=null" namespace="SubSonic.Tests" type="SubSonic.Tests.SugarTests" />
                <codeLocation path="C:\data\SubsonicRoot\ss2\SubSonic.Tests\SugarTests.cs" />
                <metadata>
                  <entry key="TestKind">
                    <value>Fixture</value>
                  </entry>
                </metadata>
              </testStep>
              <children>
                <testStepRun startTime="2011-08-05T15:51:11.5868455+09:30" endTime="2011-08-05T15:51:11.5868455+09:30">
                  <testStep id="fbbe15a119962da4" name="Dates_DaysAgo" fullName="SubSonic.Tests/SugarTests/Dates_DaysAgo" testId="c69717b4d30d292a" isPrimary="true" isTestCase="true" isDynamic="false">
                    <codeReference assembly="SubSonic.Tests, Version=2.2.1.0, Culture=neutral, PublicKeyToken=null" namespace="SubSonic.Tests" type="SubSonic.Tests.SugarTests" member="Dates_DaysAgo" />
                    <codeLocation path="C:\data\SubsonicRoot\ss2\SubSonic.Tests\SugarTests.cs" line="33" />
                    <metadata>
                      <entry key="TestKind">
                        <value>Test</value>
                      </entry>
                    </metadata>
                  </testStep>
                  <children />
                  <result assertCount="1" duration="0.0024449999999999997">
                    <outcome status="passed" />
                  </result>
                  <testLog>
                    <streams />
                    <attachments />
                  </testLog>
                </testStepRun>
                <testStepRun startTime="2011-08-05T15:51:11.5868455+09:30" endTime="2011-08-05T15:51:11.7430955+09:30">
                  <testStep id="61631a707d9a381c" name="Dates_ReadableDiff" fullName="SubSonic.Tests/SugarTests/Dates_ReadableDiff" testId="d6b2470982053183" isPrimary="true" isTestCase="false" isDynamic="false">
                    <codeReference assembly="SubSonic.Tests, Version=2.2.1.0, Culture=neutral, PublicKeyToken=null" namespace="SubSonic.Tests" type="SubSonic.Tests.SugarTests" member="Dates_ReadableDiff" />
                    <codeLocation path="C:\data\SubsonicRoot\ss2\SubSonic.Tests\SugarTests.cs" line="121" />
                    <metadata>
                      <entry key="TestKind">
                        <value>Test</value>
                      </entry>
                    </metadata>
                  </testStep>
                  <children>
                    <testStepRun startTime="2011-08-05T15:51:11.6024705+09:30" endTime="2011-08-05T15:51:11.6024705+09:30">
                      <testStep id="1b40b120819b5c20" name="Dates_ReadableDiff(2007-01-01T00:00:00.0000000, 2007-01-01T01:01:00.0000000, &quot;1 hour, 1 minute ago&quot;)" fullName="SubSonic.Tests/SugarTests/Dates_ReadableDiff/Dates_ReadableDiff(2007-01-01T00:00:00.0000000, 2007-01-01T01:01:00.0000000, &quot;1 hour, 1 minute ago&quot;)" testId="d6b2470982053183" isPrimary="false" isTestCase="true" isDynamic="false">
                        <codeReference assembly="SubSonic.Tests, Version=2.2.1.0, Culture=neutral, PublicKeyToken=null" namespace="SubSonic.Tests" type="SubSonic.Tests.SugarTests" member="Dates_ReadableDiff" />
                        <codeLocation path="C:\data\SubsonicRoot\ss2\SubSonic.Tests\SugarTests.cs" line="121" />
                        <metadata>
                          <entry key="TestKind">
                            <value>Test</value>
                          </entry>
                        </metadata>
                      </testStep>
                      <children />
                      <result assertCount="1" duration="0.0025604">
                        <outcome status="passed" />
                      </result>
                      <testLog>
                        <streams />
                        <attachments />
                      </testLog>
                    </testStepRun>
                    <testStepRun startTime="2011-08-05T15:51:11.6024705+09:30" endTime="2011-08-05T15:51:11.6180955+09:30">
                      <testStep id="9ec9c1ffd10ff8a1" name="Dates_ReadableDiff(2007-01-01T00:00:00.0000000, 2007-01-01T01:02:44.0000000, &quot;1 hour, 2 minutes ago&quot;)" fullName="SubSonic.Tests/SugarTests/Dates_ReadableDiff/Dates_ReadableDiff(2007-01-01T00:00:00.0000000, 2007-01-01T01:02:44.0000000, &quot;1 hour, 2 minutes ago&quot;)" testId="d6b2470982053183" isPrimary="false" isTestCase="true" isDynamic="false">
                        <codeReference assembly="SubSonic.Tests, Version=2.2.1.0, Culture=neutral, PublicKeyToken=null" namespace="SubSonic.Tests" type="SubSonic.Tests.SugarTests" member="Dates_ReadableDiff" />
                        <codeLocation path="C:\data\SubsonicRoot\ss2\SubSonic.Tests\SugarTests.cs" line="121" />
                        <metadata>
                          <entry key="TestKind">
                            <value>Test</value>
                          </entry>
                        </metadata>
                      </testStep>
                      <children />
                      <result assertCount="1" duration="0.00032879999999999997">
                        <outcome status="passed" />
                      </result>
                      <testLog>
                        <streams />
                        <attachments />
                      </testLog>
                    </testStepRun>
                    <testStepRun startTime="2011-08-05T15:51:11.6180955+09:30" endTime="2011-08-05T15:51:11.6180955+09:30">
                      <testStep id="20afc69fb0862058" name="Dates_ReadableDiff(2007-01-01T00:00:00.0000000, 2007-01-01T00:15:00.0000000, &quot;15 minutes ago&quot;)" fullName="SubSonic.Tests/SugarTests/Dates_ReadableDiff/Dates_ReadableDiff(2007-01-01T00:00:00.0000000, 2007-01-01T00:15:00.0000000, &quot;15 minutes ago&quot;)" testId="d6b2470982053183" isPrimary="false" isTestCase="true" isDynamic="false">
                        <codeReference assembly="SubSonic.Tests, Version=2.2.1.0, Culture=neutral, PublicKeyToken=null" namespace="SubSonic.Tests" type="SubSonic.Tests.SugarTests" member="Dates_ReadableDiff" />
                        <codeLocation path="C:\data\SubsonicRoot\ss2\SubSonic.Tests\SugarTests.cs" line="121" />
                        <metadata>
                          <entry key="TestKind">
                            <value>Test</value>
                          </entry>
                        </metadata>
                      </testStep>
                      <children />
                      <result assertCount="1" duration="0.0001382">
                        <outcome status="passed" />
                      </result>
                      <testLog>
                        <streams />
                        <attachments />
                      </testLog>
                    </testStepRun>
                    <testStepRun startTime="2011-08-05T15:51:11.6180955+09:30" endTime="2011-08-05T15:51:11.6337205+09:30">
                      <testStep id="f82a7f02cd35b993" name="Dates_ReadableDiff(2007-01-01T00:00:00.0000000, 2007-01-01T01:00:00.0000000, &quot;1 hour ago&quot;)" fullName="SubSonic.Tests/SugarTests/Dates_ReadableDiff/Dates_ReadableDiff(2007-01-01T00:00:00.0000000, 2007-01-01T01:00:00.0000000, &quot;1 hour ago&quot;)" testId="d6b2470982053183" isPrimary="false" isTestCase="true" isDynamic="false">
                        <codeReference assembly="SubSonic.Tests, Version=2.2.1.0, Culture=neutral, PublicKeyToken=null" namespace="SubSonic.Tests" type="SubSonic.Tests.SugarTests" member="Dates_ReadableDiff" />
                        <codeLocation path="C:\data\SubsonicRoot\ss2\SubSonic.Tests\SugarTests.cs" line="121" />
                        <metadata>
                          <entry key="TestKind">
                            <value>Test</value>
                          </entry>
                        </metadata>
                      </testStep>
                      <children />
                      <result assertCount="1" duration="0.0001295">
                        <outcome status="passed" />
                      </result>
                      <testLog>
                        <streams />
                        <attachments />
                      </testLog>
                    </testStepRun>
                    <testStepRun startTime="2011-08-05T15:51:11.6337205+09:30" endTime="2011-08-05T15:51:11.6337205+09:30">
                      <testStep id="b41bd50cd9930473" name="Dates_ReadableDiff(2007-01-01T00:00:00.0000000, 2007-01-01T02:40:00.0000000, &quot;2 hours, 40 minutes ago&quot;)" fullName="SubSonic.Tests/SugarTests/Dates_ReadableDiff/Dates_ReadableDiff(2007-01-01T00:00:00.0000000, 2007-01-01T02:40:00.0000000, &quot;2 hours, 40 minutes ago&quot;)" testId="d6b2470982053183" isPrimary="false" isTestCase="true" isDynamic="false">
                        <codeReference assembly="SubSonic.Tests, Version=2.2.1.0, Culture=neutral, PublicKeyToken=null" namespace="SubSonic.Tests" type="SubSonic.Tests.SugarTests" member="Dates_ReadableDiff" />
                        <codeLocation path="C:\data\SubsonicRoot\ss2\SubSonic.Tests\SugarTests.cs" line="121" />
                        <metadata>
                          <entry key="TestKind">
                            <value>Test</value>
                          </entry>
                        </metadata>
                      </testStep>
                      <children />
                      <result assertCount="1" duration="0.000146">
                        <outcome status="passed" />
                      </result>
                      <testLog>
                        <streams />
                        <attachments />
                      </testLog>
                    </testStepRun>
                    <testStepRun startTime="2011-08-05T15:51:11.6337205+09:30" endTime="2011-08-05T15:51:11.6493455+09:30">
                      <testStep id="1d0a93ed6cc74c66" name="Dates_ReadableDiff(2007-01-01T00:00:00.0000000, 2007-01-01T00:01:00.0000000, &quot;1 minute ago&quot;)" fullName="SubSonic.Tests/SugarTests/Dates_ReadableDiff/Dates_ReadableDiff(2007-01-01T00:00:00.0000000, 2007-01-01T00:01:00.0000000, &quot;1 minute ago&quot;)" testId="d6b2470982053183" isPrimary="false" isTestCase="true" isDynamic="false">
                        <codeReference assembly="SubSonic.Tests, Version=2.2.1.0, Culture=neutral, PublicKeyToken=null" namespace="SubSonic.Tests" type="SubSonic.Tests.SugarTests" member="Dates_ReadableDiff" />
                        <codeLocation path="C:\data\SubsonicRoot\ss2\SubSonic.Tests\SugarTests.cs" line="121" />
                        <metadata>
                          <entry key="TestKind">
                            <value>Test</value>
                          </entry>
                        </metadata>
                      </testStep>
                      <children />
                      <result assertCount="1" duration="0.000139">
                        <outcome status="passed" />
                      </result>
                      <testLog>
                        <streams />
                        <attachments />
                      </testLog>
                    </testStepRun>
                    <testStepRun startTime="2011-08-05T15:51:11.6493455+09:30" endTime="2011-08-05T15:51:11.6493455+09:30">
                      <testStep id="cc8adfbce7792715" name="Dates_ReadableDiff(2007-01-01T00:00:00.0000000, 2007-01-01T00:00:00.0000000, &quot;0 seconds ago&quot;)" fullName="SubSonic.Tests/SugarTests/Dates_ReadableDiff/Dates_ReadableDiff(2007-01-01T00:00:00.0000000, 2007-01-01T00:00:00.0000000, &quot;0 seconds ago&quot;)" testId="d6b2470982053183" isPrimary="false" isTestCase="true" isDynamic="false">
                        <codeReference assembly="SubSonic.Tests, Version=2.2.1.0, Culture=neutral, PublicKeyToken=null" namespace="SubSonic.Tests" type="SubSonic.Tests.SugarTests" member="Dates_ReadableDiff" />
                        <codeLocation path="C:\data\SubsonicRoot\ss2\SubSonic.Tests\SugarTests.cs" line="121" />
                        <metadata>
                          <entry key="TestKind">
                            <value>Test</value>
                          </entry>
                        </metadata>
                      </testStep>
                      <children />
                      <result assertCount="1" duration="0.0001318">
                        <outcome status="passed" />
                      </result>
                      <testLog>
                        <streams />
                        <attachments />
                      </testLog>
                    </testStepRun>
                    <testStepRun startTime="2011-08-05T15:51:11.6649705+09:30" endTime="2011-08-05T15:51:11.6649705+09:30">
                      <testStep id="1138c907114c6a03" name="Dates_ReadableDiff(2007-01-01T00:00:00.0000000, 2207-05-01T01:30:40.0000000, &quot;200 years, 4 months ago&quot;)" fullName="SubSonic.Tests/SugarTests/Dates_ReadableDiff/Dates_ReadableDiff(2007-01-01T00:00:00.0000000, 2207-05-01T01:30:40.0000000, &quot;200 years, 4 months ago&quot;)" testId="d6b2470982053183" isPrimary="false" isTestCase="true" isDynamic="false">
                        <codeReference assembly="SubSonic.Tests, Version=2.2.1.0, Culture=neutral, PublicKeyToken=null" namespace="SubSonic.Tests" type="SubSonic.Tests.SugarTests" member="Dates_ReadableDiff" />
                        <codeLocation path="C:\data\SubsonicRoot\ss2\SubSonic.Tests\SugarTests.cs" line="121" />
                        <metadata>
                          <entry key="TestKind">
                            <value>Test</value>
                          </entry>
                        </metadata>
                      </testStep>
                      <children />
                      <result assertCount="1" duration="0.00018769999999999998">
                        <outcome status="passed" />
                      </result>
                      <testLog>
                        <streams />
                        <attachments />
                      </testLog>
                    </testStepRun>
                    <testStepRun startTime="2011-08-05T15:51:11.6649705+09:30" endTime="2011-08-05T15:51:11.6805955+09:30">
                      <testStep id="903cbc6ed9ee0b6f" name="Dates_ReadableDiff(2007-01-01T00:00:00.0000000, 2207-01-01T01:30:40.0000000, &quot;200 years ago&quot;)" fullName="SubSonic.Tests/SugarTests/Dates_ReadableDiff/Dates_ReadableDiff(2007-01-01T00:00:00.0000000, 2207-01-01T01:30:40.0000000, &quot;200 years ago&quot;)" testId="d6b2470982053183" isPrimary="false" isTestCase="true" isDynamic="false">
                        <codeReference assembly="SubSonic.Tests, Version=2.2.1.0, Culture=neutral, PublicKeyToken=null" namespace="SubSonic.Tests" type="SubSonic.Tests.SugarTests" member="Dates_ReadableDiff" />
                        <codeLocation path="C:\data\SubsonicRoot\ss2\SubSonic.Tests\SugarTests.cs" line="121" />
                        <metadata>
                          <entry key="TestKind">
                            <value>Test</value>
                          </entry>
                        </metadata>
                      </testStep>
                      <children />
                      <result assertCount="1" duration="0.0001269">
                        <outcome status="passed" />
                      </result>
                      <testLog>
                        <streams />
                        <attachments />
                      </testLog>
                    </testStepRun>
                    <testStepRun startTime="2011-08-05T15:51:11.6805955+09:30" endTime="2011-08-05T15:51:11.6805955+09:30">
                      <testStep id="65440dafebf2f5cc" name="Dates_ReadableDiff(2007-01-01T00:00:00.0000000, 2007-01-02T02:30:40.0000000, &quot;1 day, 2 hours ago&quot;)" fullName="SubSonic.Tests/SugarTests/Dates_ReadableDiff/Dates_ReadableDiff(2007-01-01T00:00:00.0000000, 2007-01-02T02:30:40.0000000, &quot;1 day, 2 hours ago&quot;)" testId="d6b2470982053183" isPrimary="false" isTestCase="true" isDynamic="false">
                        <codeReference assembly="SubSonic.Tests, Version=2.2.1.0, Culture=neutral, PublicKeyToken=null" namespace="SubSonic.Tests" type="SubSonic.Tests.SugarTests" member="Dates_ReadableDiff" />
                        <codeLocation path="C:\data\SubsonicRoot\ss2\SubSonic.Tests\SugarTests.cs" line="121" />
                        <metadata>
                          <entry key="TestKind">
                            <value>Test</value>
                          </entry>
                        </metadata>
                      </testStep>
                      <children />
                      <result assertCount="1" duration="0.00014639999999999998">
                        <outcome status="passed" />
                      </result>
                      <testLog>
                        <streams />
                        <attachments />
                      </testLog>
                    </testStepRun>
                    <testStepRun startTime="2011-08-05T15:51:11.6805955+09:30" endTime="2011-08-05T15:51:11.6962205+09:30">
                      <testStep id="51fa697b8dd2088b" name="Dates_ReadableDiff(2007-01-01T00:00:00.0000000, 2007-01-12T01:30:40.0000000, &quot;11 days, 1 hour ago&quot;)" fullName="SubSonic.Tests/SugarTests/Dates_ReadableDiff/Dates_ReadableDiff(2007-01-01T00:00:00.0000000, 2007-01-12T01:30:40.0000000, &quot;11 days, 1 hour ago&quot;)" testId="d6b2470982053183" isPrimary="false" isTestCase="true" isDynamic="false">
                        <codeReference assembly="SubSonic.Tests, Version=2.2.1.0, Culture=neutral, PublicKeyToken=null" namespace="SubSonic.Tests" type="SubSonic.Tests.SugarTests" member="Dates_ReadableDiff" />
                        <codeLocation path="C:\data\SubsonicRoot\ss2\SubSonic.Tests\SugarTests.cs" line="121" />
                        <metadata>
                          <entry key="TestKind">
                            <value>Test</value>
                          </entry>
                        </metadata>
                      </testStep>
                      <children />
                      <result assertCount="1" duration="0.0002536">
                        <outcome status="passed" />
                      </result>
                      <testLog>
                        <streams />
                        <attachments />
                      </testLog>
                    </testStepRun>
                    <testStepRun startTime="2011-08-05T15:51:11.6962205+09:30" endTime="2011-08-05T15:51:11.6962205+09:30">
                      <testStep id="16b507060d2b8ea6" name="Dates_ReadableDiff(2007-01-01T00:00:00.0000000, 2007-01-01T00:00:05.0000000, &quot;5 seconds ago&quot;)" fullName="SubSonic.Tests/SugarTests/Dates_ReadableDiff/Dates_ReadableDiff(2007-01-01T00:00:00.0000000, 2007-01-01T00:00:05.0000000, &quot;5 seconds ago&quot;)" testId="d6b2470982053183" isPrimary="false" isTestCase="true" isDynamic="false">
                        <codeReference assembly="SubSonic.Tests, Version=2.2.1.0, Culture=neutral, PublicKeyToken=null" namespace="SubSonic.Tests" type="SubSonic.Tests.SugarTests" member="Dates_ReadableDiff" />
                        <codeLocation path="C:\data\SubsonicRoot\ss2\SubSonic.Tests\SugarTests.cs" line="121" />
                        <metadata>
                          <entry key="TestKind">
                            <value>Test</value>
                          </entry>
                        </metadata>
                      </testStep>
                      <children />
                      <result assertCount="1" duration="0.00016779999999999999">
                        <outcome status="passed" />
                      </result>
                      <testLog>
                        <streams />
                        <attachments />
                      </testLog>
                    </testStepRun>
                    <testStepRun startTime="2011-08-05T15:51:11.7118455+09:30" endTime="2011-08-05T15:51:11.7118455+09:30">
                      <testStep id="3aa0ca40fbc9d5dc" name="Dates_ReadableDiff(2007-01-01T00:00:00.0000000, 2007-01-01T00:00:01.0000000, &quot;1 second ago&quot;)" fullName="SubSonic.Tests/SugarTests/Dates_ReadableDiff/Dates_ReadableDiff(2007-01-01T00:00:00.0000000, 2007-01-01T00:00:01.0000000, &quot;1 second ago&quot;)" testId="d6b2470982053183" isPrimary="false" isTestCase="true" isDynamic="false">
                        <codeReference assembly="SubSonic.Tests, Version=2.2.1.0, Culture=neutral, PublicKeyToken=null" namespace="SubSonic.Tests" type="SubSonic.Tests.SugarTests" member="Dates_ReadableDiff" />
                        <codeLocation path="C:\data\SubsonicRoot\ss2\SubSonic.Tests\SugarTests.cs" line="121" />
                        <metadata>
                          <entry key="TestKind">
                            <value>Test</value>
                          </entry>
                        </metadata>
                      </testStep>
                      <children />
                      <result assertCount="1" duration="0.0001597">
                        <outcome status="passed" />
                      </result>
                      <testLog>
                        <streams />
                        <attachments />
                      </testLog>
                    </testStepRun>
                    <testStepRun startTime="2011-08-05T15:51:11.7118455+09:30" endTime="2011-08-05T15:51:11.7274705+09:30">
                      <testStep id="231386f700860e10" name="Dates_ReadableDiff(2007-01-01T00:00:00.0000000, 2007-02-12T01:30:40.0000000, &quot;1 month, 11 days ago&quot;)" fullName="SubSonic.Tests/SugarTests/Dates_ReadableDiff/Dates_ReadableDiff(2007-01-01T00:00:00.0000000, 2007-02-12T01:30:40.0000000, &quot;1 month, 11 days ago&quot;)" testId="d6b2470982053183" isPrimary="false" isTestCase="true" isDynamic="false">
                        <codeReference assembly="SubSonic.Tests, Version=2.2.1.0, Culture=neutral, PublicKeyToken=null" namespace="SubSonic.Tests" type="SubSonic.Tests.SugarTests" member="Dates_ReadableDiff" />
                        <codeLocation path="C:\data\SubsonicRoot\ss2\SubSonic.Tests\SugarTests.cs" line="121" />
                        <metadata>
                          <entry key="TestKind">
                            <value>Test</value>
                          </entry>
                        </metadata>
                      </testStep>
                      <children />
                      <result assertCount="1" duration="0.0001608">
                        <outcome status="passed" />
                      </result>
                      <testLog>
                        <streams />
                        <attachments />
                      </testLog>
                    </testStepRun>
                    <testStepRun startTime="2011-08-05T15:51:11.7274705+09:30" endTime="2011-08-05T15:51:11.7274705+09:30">
                      <testStep id="8e90f7f637902538" name="Dates_ReadableDiff(2007-01-01T00:00:00.0000000, 2008-01-01T01:30:40.0000000, &quot;1 year ago&quot;)" fullName="SubSonic.Tests/SugarTests/Dates_ReadableDiff/Dates_ReadableDiff(2007-01-01T00:00:00.0000000, 2008-01-01T01:30:40.0000000, &quot;1 year ago&quot;)" testId="d6b2470982053183" isPrimary="false" isTestCase="true" isDynamic="false">
                        <codeReference assembly="SubSonic.Tests, Version=2.2.1.0, Culture=neutral, PublicKeyToken=null" namespace="SubSonic.Tests" type="SubSonic.Tests.SugarTests" member="Dates_ReadableDiff" />
                        <codeLocation path="C:\data\SubsonicRoot\ss2\SubSonic.Tests\SugarTests.cs" line="121" />
                        <metadata>
                          <entry key="TestKind">
                            <value>Test</value>
                          </entry>
                        </metadata>
                      </testStep>
                      <children />
                      <result assertCount="1" duration="0.0001274">
                        <outcome status="passed" />
                      </result>
                      <testLog>
                        <streams />
                        <attachments />
                      </testLog>
                    </testStepRun>
                    <testStepRun startTime="2011-08-05T15:51:11.7274705+09:30" endTime="2011-08-05T15:51:11.7430955+09:30">
                      <testStep id="48be1bd12a39559c" name="Dates_ReadableDiff(2007-01-01T00:00:00.0000000, 2007-02-01T01:30:40.0000000, &quot;1 month ago&quot;)" fullName="SubSonic.Tests/SugarTests/Dates_ReadableDiff/Dates_ReadableDiff(2007-01-01T00:00:00.0000000, 2007-02-01T01:30:40.0000000, &quot;1 month ago&quot;)" testId="d6b2470982053183" isPrimary="false" isTestCase="true" isDynamic="false">
                        <codeReference assembly="SubSonic.Tests, Version=2.2.1.0, Culture=neutral, PublicKeyToken=null" namespace="SubSonic.Tests" type="SubSonic.Tests.SugarTests" member="Dates_ReadableDiff" />
                        <codeLocation path="C:\data\SubsonicRoot\ss2\SubSonic.Tests\SugarTests.cs" line="121" />
                        <metadata>
                          <entry key="TestKind">
                            <value>Test</value>
                          </entry>
                        </metadata>
                      </testStep>
                      <children />
                      <result assertCount="1" duration="0.00046879999999999996">
                        <outcome status="passed" />
                      </result>
                      <testLog>
                        <streams />
                        <attachments />
                      </testLog>
                    </testStepRun>
                    <testStepRun startTime="2011-08-05T15:51:11.7430955+09:30" endTime="2011-08-05T15:51:11.7430955+09:30">
                      <testStep id="fcb97890310550f2" name="Dates_ReadableDiff(2007-01-01T00:00:00.0000000, 2007-02-02T01:30:40.0000000, &quot;1 month, 1 day ago&quot;)" fullName="SubSonic.Tests/SugarTests/Dates_ReadableDiff/Dates_ReadableDiff(2007-01-01T00:00:00.0000000, 2007-02-02T01:30:40.0000000, &quot;1 month, 1 day ago&quot;)" testId="d6b2470982053183" isPrimary="false" isTestCase="true" isDynamic="false">
                        <codeReference assembly="SubSonic.Tests, Version=2.2.1.0, Culture=neutral, PublicKeyToken=null" namespace="SubSonic.Tests" type="SubSonic.Tests.SugarTests" member="Dates_ReadableDiff" />
                        <codeLocation path="C:\data\SubsonicRoot\ss2\SubSonic.Tests\SugarTests.cs" line="121" />
                        <metadata>
                          <entry key="TestKind">
                            <value>Test</value>
                          </entry>
                        </metadata>
                      </testStep>
                      <children />
                      <result assertCount="1" duration="0.00014">
                        <outcome status="passed" />
                      </result>
                      <testLog>
                        <streams />
                        <attachments />
                      </testLog>
                    </testStepRun>
                  </children>
                  <result assertCount="17" duration="0.10363539999999999">
                    <outcome status="passed" />
                  </result>
                  <testLog>
                    <streams />
                    <attachments />
                  </testLog>
                </testStepRun>
                <testStepRun startTime="2011-08-05T15:51:11.7430955+09:30" endTime="2011-08-05T15:51:11.7587205+09:30">
                  <testStep id="e375ff07eaf03dd" name="Numbers_IsInteger" fullName="SubSonic.Tests/SugarTests/Numbers_IsInteger" testId="9d1f3b426e0830d0" isPrimary="true" isTestCase="true" isDynamic="false">
                    <codeReference assembly="SubSonic.Tests, Version=2.2.1.0, Culture=neutral, PublicKeyToken=null" namespace="SubSonic.Tests" type="SubSonic.Tests.SugarTests" member="Numbers_IsInteger" />
                    <codeLocation path="C:\data\SubsonicRoot\ss2\SubSonic.Tests\SugarTests.cs" line="66" />
                    <metadata>
                      <entry key="TestKind">
                        <value>Test</value>
                      </entry>
                    </metadata>
                  </testStep>
                  <children />
                  <result assertCount="3" duration="0.0029008">
                    <outcome status="passed" />
                  </result>
                  <testLog>
                    <streams />
                    <attachments />
                  </testLog>
                </testStepRun>
                <testStepRun startTime="2011-08-05T15:51:11.7587205+09:30" endTime="2011-08-05T15:51:11.7743455+09:30">
                  <testStep id="636bee7ee371fe30" name="Numbers_IsNumeric" fullName="SubSonic.Tests/SugarTests/Numbers_IsNumeric" testId="af2b9a98fb7c9a0a" isPrimary="true" isTestCase="true" isDynamic="false">
                    <codeReference assembly="SubSonic.Tests, Version=2.2.1.0, Culture=neutral, PublicKeyToken=null" namespace="SubSonic.Tests" type="SubSonic.Tests.SugarTests" member="Numbers_IsNumeric" />
                    <codeLocation path="C:\data\SubsonicRoot\ss2\SubSonic.Tests\SugarTests.cs" line="46" />
                    <metadata>
                      <entry key="TestKind">
                        <value>Test</value>
                      </entry>
                    </metadata>
                  </testStep>
                  <children />
                  <result assertCount="5" duration="0.0025938999999999997">
                    <outcome status="passed" />
                  </result>
                  <testLog>
                    <streams />
                    <attachments />
                  </testLog>
                </testStepRun>
                <testStepRun startTime="2011-08-05T15:51:11.7743455+09:30" endTime="2011-08-05T15:51:11.7743455+09:30">
                  <testStep id="bd3ddcf3023ebfc7" name="Strings_IsAlpha" fullName="SubSonic.Tests/SugarTests/Strings_IsAlpha" testId="465b4d4accd38006" isPrimary="true" isTestCase="true" isDynamic="false">
                    <codeReference assembly="SubSonic.Tests, Version=2.2.1.0, Culture=neutral, PublicKeyToken=null" namespace="SubSonic.Tests" type="SubSonic.Tests.SugarTests" member="Strings_IsAlpha" />
                    <codeLocation path="C:\data\SubsonicRoot\ss2\SubSonic.Tests\SugarTests.cs" line="82" />
                    <metadata>
                      <entry key="TestKind">
                        <value>Test</value>
                      </entry>
                    </metadata>
                  </testStep>
                  <children />
                  <result assertCount="4" duration="0.0024047">
                    <outcome status="passed" />
                  </result>
                  <testLog>
                    <streams />
                    <attachments />
                  </testLog>
                </testStepRun>
                <testStepRun startTime="2011-08-05T15:51:11.7743455+09:30" endTime="2011-08-05T15:51:11.9774705+09:30">
                  <testStep id="f1e3d0a15a26caea" name="Validation_IsCreditCardAny" fullName="SubSonic.Tests/SugarTests/Validation_IsCreditCardAny" testId="d3f05500890def04" isPrimary="true" isTestCase="false" isDynamic="false">
                    <codeReference assembly="SubSonic.Tests, Version=2.2.1.0, Culture=neutral, PublicKeyToken=null" namespace="SubSonic.Tests" type="SubSonic.Tests.SugarTests" member="Validation_IsCreditCardAny" />
                    <codeLocation path="C:\data\SubsonicRoot\ss2\SubSonic.Tests\SugarTests.cs" line="155" />
                    <metadata>
                      <entry key="TestKind">
                        <value>Test</value>
                      </entry>
                    </metadata>
                  </testStep>
                  <children>
                    <testStepRun startTime="2011-08-05T15:51:11.7899705+09:30" endTime="2011-08-05T15:51:11.7899705+09:30">
                      <testStep id="55c1b930d8031c28" name="Validation_IsCreditCardAny(&quot;341-1111-1111-1111&quot;, true)" fullName="SubSonic.Tests/SugarTests/Validation_IsCreditCardAny/Validation_IsCreditCardAny(&quot;341-1111-1111-1111&quot;, true)" testId="d3f05500890def04" isPrimary="false" isTestCase="true" isDynamic="false">
                        <codeReference assembly="SubSonic.Tests, Version=2.2.1.0, Culture=neutral, PublicKeyToken=null" namespace="SubSonic.Tests" type="SubSonic.Tests.SugarTests" member="Validation_IsCreditCardAny" />
                        <codeLocation path="C:\data\SubsonicRoot\ss2\SubSonic.Tests\SugarTests.cs" line="155" />
                        <metadata>
                          <entry key="TestKind">
                            <value>Test</value>
                          </entry>
                        </metadata>
                      </testStep>
                      <children />
                      <result assertCount="1" duration="0.0018315999999999999">
                        <outcome status="passed" />
                      </result>
                      <testLog>
                        <streams />
                        <attachments />
                      </testLog>
                    </testStepRun>
                    <testStepRun startTime="2011-08-05T15:51:11.7899705+09:30" endTime="2011-08-05T15:51:11.8055955+09:30">
                      <testStep id="af63af2b473f537c" name="Validation_IsCreditCardAny(&quot;6011-6011-6011&quot;, false)" fullName="SubSonic.Tests/SugarTests/Validation_IsCreditCardAny/Validation_IsCreditCardAny(&quot;6011-6011-6011&quot;, false)" testId="d3f05500890def04" isPrimary="false" isTestCase="true" isDynamic="false">
                        <codeReference assembly="SubSonic.Tests, Version=2.2.1.0, Culture=neutral, PublicKeyToken=null" namespace="SubSonic.Tests" type="SubSonic.Tests.SugarTests" member="Validation_IsCreditCardAny" />
                        <codeLocation path="C:\data\SubsonicRoot\ss2\SubSonic.Tests\SugarTests.cs" line="155" />
                        <metadata>
                          <entry key="TestKind">
                            <value>Test</value>
                          </entry>
                        </metadata>
                      </testStep>
                      <children />
                      <result assertCount="1" duration="0.00020119999999999999">
                        <outcome status="passed" />
                      </result>
                      <testLog>
                        <streams />
                        <attachments />
                      </testLog>
                    </testStepRun>
                    <testStepRun startTime="2011-08-05T15:51:11.8055955+09:30" endTime="2011-08-05T15:51:11.8055955+09:30">
                      <testStep id="3387322559fb4f17" name="Validation_IsCreditCardAny(&quot;6011111111111117&quot;, true)" fullName="SubSonic.Tests/SugarTests/Validation_IsCreditCardAny/Validation_IsCreditCardAny(&quot;6011111111111117&quot;, true)" testId="d3f05500890def04" isPrimary="false" isTestCase="true" isDynamic="false">
                        <codeReference assembly="SubSonic.Tests, Version=2.2.1.0, Culture=neutral, PublicKeyToken=null" namespace="SubSonic.Tests" type="SubSonic.Tests.SugarTests" member="Validation_IsCreditCardAny" />
                        <codeLocation path="C:\data\SubsonicRoot\ss2\SubSonic.Tests\SugarTests.cs" line="155" />
                        <metadata>
                          <entry key="TestKind">
                            <value>Test</value>
                          </entry>
                        </metadata>
                      </testStep>
                      <children />
                      <result assertCount="1" duration="0.0002437">
                        <outcome status="passed" />
                      </result>
                      <testLog>
                        <streams />
                        <attachments />
                      </testLog>
                    </testStepRun>
                    <testStepRun startTime="2011-08-05T15:51:11.8055955+09:30" endTime="2011-08-05T15:51:11.8212205+09:30">
                      <testStep id="ea826f4ddeadabf7" name="Validation_IsCreditCardAny(&quot;38520000023237&quot;, true)" fullName="SubSonic.Tests/SugarTests/Validation_IsCreditCardAny/Validation_IsCreditCardAny(&quot;38520000023237&quot;, true)" testId="d3f05500890def04" isPrimary="false" isTestCase="true" isDynamic="false">
                        <codeReference assembly="SubSonic.Tests, Version=2.2.1.0, Culture=neutral, PublicKeyToken=null" namespace="SubSonic.Tests" type="SubSonic.Tests.SugarTests" member="Validation_IsCreditCardAny" />
                        <codeLocation path="C:\data\SubsonicRoot\ss2\SubSonic.Tests\SugarTests.cs" line="155" />
                        <metadata>
                          <entry key="TestKind">
                            <value>Test</value>
                          </entry>
                        </metadata>
                      </testStep>
                      <children />
                      <result assertCount="1" duration="0.0006742">
                        <outcome status="passed" />
                      </result>
                      <testLog>
                        <streams />
                        <attachments />
                      </testLog>
                    </testStepRun>
                    <testStepRun startTime="2011-08-05T15:51:11.8212205+09:30" endTime="2011-08-05T15:51:11.8212205+09:30">
                      <testStep id="7716d4e22e063d3e" name="Validation_IsCreditCardAny(&quot;30569309025904&quot;, true)" fullName="SubSonic.Tests/SugarTests/Validation_IsCreditCardAny/Validation_IsCreditCardAny(&quot;30569309025904&quot;, true)" testId="d3f05500890def04" isPrimary="false" isTestCase="true" isDynamic="false">
                        <codeReference assembly="SubSonic.Tests, Version=2.2.1.0, Culture=neutral, PublicKeyToken=null" namespace="SubSonic.Tests" type="SubSonic.Tests.SugarTests" member="Validation_IsCreditCardAny" />
                        <codeLocation path="C:\data\SubsonicRoot\ss2\SubSonic.Tests\SugarTests.cs" line="155" />
                        <metadata>
                          <entry key="TestKind">
                            <value>Test</value>
                          </entry>
                        </metadata>
                      </testStep>
                      <children />
                      <result assertCount="1" duration="0.00018309999999999998">
                        <outcome status="passed" />
                      </result>
                      <testLog>
                        <streams />
                        <attachments />
                      </testLog>
                    </testStepRun>
                    <testStepRun startTime="2011-08-05T15:51:11.8212205+09:30" endTime="2011-08-05T15:51:11.8368455+09:30">
                      <testStep id="7ea948aea978745e" name="Validation_IsCreditCardAny(&quot;4111111111111111&quot;, true)" fullName="SubSonic.Tests/SugarTests/Validation_IsCreditCardAny/Validation_IsCreditCardAny(&quot;4111111111111111&quot;, true)" testId="d3f05500890def04" isPrimary="false" isTestCase="true" isDynamic="false">
                        <codeReference assembly="SubSonic.Tests, Version=2.2.1.0, Culture=neutral, PublicKeyToken=null" namespace="SubSonic.Tests" type="SubSonic.Tests.SugarTests" member="Validation_IsCreditCardAny" />
                        <codeLocation path="C:\data\SubsonicRoot\ss2\SubSonic.Tests\SugarTests.cs" line="155" />
                        <metadata>
                          <entry key="TestKind">
                            <value>Test</value>
                          </entry>
                        </metadata>
                      </testStep>
                      <children />
                      <result assertCount="1" duration="0.00083619999999999994">
                        <outcome status="passed" />
                      </result>
                      <testLog>
                        <streams />
                        <attachments />
                      </testLog>
                    </testStepRun>
                    <testStepRun startTime="2011-08-05T15:51:11.8368455+09:30" endTime="2011-08-05T15:51:11.8368455+09:30">
                      <testStep id="fadbf0f3887f6ad7" name="Validation_IsCreditCardAny(&quot;000000000000000&quot;, false)" fullName="SubSonic.Tests/SugarTests/Validation_IsCreditCardAny/Validation_IsCreditCardAny(&quot;000000000000000&quot;, false)" testId="d3f05500890def04" isPrimary="false" isTestCase="true" isDynamic="false">
                        <codeReference assembly="SubSonic.Tests, Version=2.2.1.0, Culture=neutral, PublicKeyToken=null" namespace="SubSonic.Tests" type="SubSonic.Tests.SugarTests" member="Validation_IsCreditCardAny" />
                        <codeLocation path="C:\data\SubsonicRoot\ss2\SubSonic.Tests\SugarTests.cs" line="155" />
                        <metadata>
                          <entry key="TestKind">
                            <value>Test</value>
                          </entry>
                        </metadata>
                      </testStep>
                      <children />
                      <result assertCount="1" duration="0.0002142">
                        <outcome status="passed" />
                      </result>
                      <testLog>
                        <streams />
                        <attachments />
                      </testLog>
                    </testStepRun>
                    <testStepRun startTime="2011-08-05T15:51:11.8524705+09:30" endTime="2011-08-05T15:51:11.8524705+09:30">
                      <testStep id="a9968981241fc34c" name="Validation_IsCreditCardAny(&quot;0000000000000&quot;, false)" fullName="SubSonic.Tests/SugarTests/Validation_IsCreditCardAny/Validation_IsCreditCardAny(&quot;0000000000000&quot;, false)" testId="d3f05500890def04" isPrimary="false" isTestCase="true" isDynamic="false">
                        <codeReference assembly="SubSonic.Tests, Version=2.2.1.0, Culture=neutral, PublicKeyToken=null" namespace="SubSonic.Tests" type="SubSonic.Tests.SugarTests" member="Validation_IsCreditCardAny" />
                        <codeLocation path="C:\data\SubsonicRoot\ss2\SubSonic.Tests\SugarTests.cs" line="155" />
                        <metadata>
                          <entry key="TestKind">
                            <value>Test</value>
                          </entry>
                        </metadata>
                      </testStep>
                      <children />
                      <result assertCount="1" duration="0.000196">
                        <outcome status="passed" />
                      </result>
                      <testLog>
                        <streams />
                        <attachments />
                      </testLog>
                    </testStepRun>
                    <testStepRun startTime="2011-08-05T15:51:11.8524705+09:30" endTime="2011-08-05T15:51:11.8680955+09:30">
                      <testStep id="863284eee1691e47" name="Validation_IsCreditCardAny(&quot;6011-6011-6011-6611&quot;, true)" fullName="SubSonic.Tests/SugarTests/Validation_IsCreditCardAny/Validation_IsCreditCardAny(&quot;6011-6011-6011-6611&quot;, true)" testId="d3f05500890def04" isPrimary="false" isTestCase="true" isDynamic="false">
                        <codeReference assembly="SubSonic.Tests, Version=2.2.1.0, Culture=neutral, PublicKeyToken=null" namespace="SubSonic.Tests" type="SubSonic.Tests.SugarTests" member="Validation_IsCreditCardAny" />
                        <codeLocation path="C:\data\SubsonicRoot\ss2\SubSonic.Tests\SugarTests.cs" line="155" />
                        <metadata>
                          <entry key="TestKind">
                            <value>Test</value>
                          </entry>
                        </metadata>
                      </testStep>
                      <children />
                      <result assertCount="1" duration="0.0002085">
                        <outcome status="passed" />
                      </result>
                      <testLog>
                        <streams />
                        <attachments />
                      </testLog>
                    </testStepRun>
                    <testStepRun startTime="2011-08-05T15:51:11.8680955+09:30" endTime="2011-08-05T15:51:11.8680955+09:30">
                      <testStep id="b8bbaf35f9d844bc" name="Validation_IsCreditCardAny(&quot;5431-1111-1111-1111&quot;, true)" fullName="SubSonic.Tests/SugarTests/Validation_IsCreditCardAny/Validation_IsCreditCardAny(&quot;5431-1111-1111-1111&quot;, true)" testId="d3f05500890def04" isPrimary="false" isTestCase="true" isDynamic="false">
                        <codeReference assembly="SubSonic.Tests, Version=2.2.1.0, Culture=neutral, PublicKeyToken=null" namespace="SubSonic.Tests" type="SubSonic.Tests.SugarTests" member="Validation_IsCreditCardAny" />
                        <codeLocation path="C:\data\SubsonicRoot\ss2\SubSonic.Tests\SugarTests.cs" line="155" />
                        <metadata>
                          <entry key="TestKind">
                            <value>Test</value>
                          </entry>
                        </metadata>
                      </testStep>
                      <children />
                      <result assertCount="1" duration="0.0002004">
                        <outcome status="passed" />
                      </result>
                      <testLog>
                        <streams />
                        <attachments />
                      </testLog>
                    </testStepRun>
                    <testStepRun startTime="2011-08-05T15:51:11.8680955+09:30" endTime="2011-08-05T15:51:11.8837205+09:30">
                      <testStep id="9bebce40bfd072a3" name="Validation_IsCreditCardAny(&quot;4012888888881881&quot;, true)" fullName="SubSonic.Tests/SugarTests/Validation_IsCreditCardAny/Validation_IsCreditCardAny(&quot;4012888888881881&quot;, true)" testId="d3f05500890def04" isPrimary="false" isTestCase="true" isDynamic="false">
                        <codeReference assembly="SubSonic.Tests, Version=2.2.1.0, Culture=neutral, PublicKeyToken=null" namespace="SubSonic.Tests" type="SubSonic.Tests.SugarTests" member="Validation_IsCreditCardAny" />
                        <codeLocation path="C:\data\SubsonicRoot\ss2\SubSonic.Tests\SugarTests.cs" line="155" />
                        <metadata>
                          <entry key="TestKind">
                            <value>Test</value>
                          </entry>
                        </metadata>
                      </testStep>
                      <children />
                      <result assertCount="1" duration="0.0002042">
                        <outcome status="passed" />
                      </result>
                      <testLog>
                        <streams />
                        <attachments />
                      </testLog>
                    </testStepRun>
                    <testStepRun startTime="2011-08-05T15:51:11.8837205+09:30" endTime="2011-08-05T15:51:11.8837205+09:30">
                      <testStep id="c21fd29eea629b6a" name="Validation_IsCreditCardAny(&quot;5105105105105100&quot;, true)" fullName="SubSonic.Tests/SugarTests/Validation_IsCreditCardAny/Validation_IsCreditCardAny(&quot;5105105105105100&quot;, true)" testId="d3f05500890def04" isPrimary="false" isTestCase="true" isDynamic="false">
                        <codeReference assembly="SubSonic.Tests, Version=2.2.1.0, Culture=neutral, PublicKeyToken=null" namespace="SubSonic.Tests" type="SubSonic.Tests.SugarTests" member="Validation_IsCreditCardAny" />
                        <codeLocation path="C:\data\SubsonicRoot\ss2\SubSonic.Tests\SugarTests.cs" line="155" />
                        <metadata>
                          <entry key="TestKind">
                            <value>Test</value>
                          </entry>
                        </metadata>
                      </testStep>
                      <children />
                      <result assertCount="1" duration="0.00020219999999999998">
                        <outcome status="passed" />
                      </result>
                      <testLog>
                        <streams />
                        <attachments />
                      </testLog>
                    </testStepRun>
                    <testStepRun startTime="2011-08-05T15:51:11.8837205+09:30" endTime="2011-08-05T15:51:11.8993455+09:30">
                      <testStep id="15735aa9dec899a0" name="Validation_IsCreditCardAny(&quot;5555555555554444&quot;, true)" fullName="SubSonic.Tests/SugarTests/Validation_IsCreditCardAny/Validation_IsCreditCardAny(&quot;5555555555554444&quot;, true)" testId="d3f05500890def04" isPrimary="false" isTestCase="true" isDynamic="false">
                        <codeReference assembly="SubSonic.Tests, Version=2.2.1.0, Culture=neutral, PublicKeyToken=null" namespace="SubSonic.Tests" type="SubSonic.Tests.SugarTests" member="Validation_IsCreditCardAny" />
                        <codeLocation path="C:\data\SubsonicRoot\ss2\SubSonic.Tests\SugarTests.cs" line="155" />
                        <metadata>
                          <entry key="TestKind">
                            <value>Test</value>
                          </entry>
                        </metadata>
                      </testStep>
                      <children />
                      <result assertCount="1" duration="0.0002703">
                        <outcome status="passed" />
                      </result>
                      <testLog>
                        <streams />
                        <attachments />
                      </testLog>
                    </testStepRun>
                    <testStepRun startTime="2011-08-05T15:51:11.8993455+09:30" endTime="2011-08-05T15:51:11.9149705+09:30">
                      <testStep id="9ce30440092cbd9" name="Validation_IsCreditCardAny(&quot;0000000000000000&quot;, false)" fullName="SubSonic.Tests/SugarTests/Validation_IsCreditCardAny/Validation_IsCreditCardAny(&quot;0000000000000000&quot;, false)" testId="d3f05500890def04" isPrimary="false" isTestCase="true" isDynamic="false">
                        <codeReference assembly="SubSonic.Tests, Version=2.2.1.0, Culture=neutral, PublicKeyToken=null" namespace="SubSonic.Tests" type="SubSonic.Tests.SugarTests" member="Validation_IsCreditCardAny" />
                        <codeLocation path="C:\data\SubsonicRoot\ss2\SubSonic.Tests\SugarTests.cs" line="155" />
                        <metadata>
                          <entry key="TestKind">
                            <value>Test</value>
                          </entry>
                        </metadata>
                      </testStep>
                      <children />
                      <result assertCount="1" duration="0.0002031">
                        <outcome status="passed" />
                      </result>
                      <testLog>
                        <streams />
                        <attachments />
                      </testLog>
                    </testStepRun>
                    <testStepRun startTime="2011-08-05T15:51:11.9149705+09:30" endTime="2011-08-05T15:51:11.9149705+09:30">
                      <testStep id="6008f34913d15efc" name="Validation_IsCreditCardAny(&quot;4222222222222&quot;, true)" fullName="SubSonic.Tests/SugarTests/Validation_IsCreditCardAny/Validation_IsCreditCardAny(&quot;4222222222222&quot;, true)" testId="d3f05500890def04" isPrimary="false" isTestCase="true" isDynamic="false">
                        <codeReference assembly="SubSonic.Tests, Version=2.2.1.0, Culture=neutral, PublicKeyToken=null" namespace="SubSonic.Tests" type="SubSonic.Tests.SugarTests" member="Validation_IsCreditCardAny" />
                        <codeLocation path="C:\data\SubsonicRoot\ss2\SubSonic.Tests\SugarTests.cs" line="155" />
                        <metadata>
                          <entry key="TestKind">
                            <value>Test</value>
                          </entry>
                        </metadata>
                      </testStep>
                      <children />
                      <result assertCount="1" duration="0.0002096">
                        <outcome status="passed" />
                      </result>
                      <testLog>
                        <streams />
                        <attachments />
                      </testLog>
                    </testStepRun>
                    <testStepRun startTime="2011-08-05T15:51:11.9149705+09:30" endTime="2011-08-05T15:51:11.9305955+09:30">
                      <testStep id="ef98be6205af797d" name="Validation_IsCreditCardAny(&quot;6011000990139424&quot;, true)" fullName="SubSonic.Tests/SugarTests/Validation_IsCreditCardAny/Validation_IsCreditCardAny(&quot;6011000990139424&quot;, true)" testId="d3f05500890def04" isPrimary="false" isTestCase="true" isDynamic="false">
                        <codeReference assembly="SubSonic.Tests, Version=2.2.1.0, Culture=neutral, PublicKeyToken=null" namespace="SubSonic.Tests" type="SubSonic.Tests.SugarTests" member="Validation_IsCreditCardAny" />
                        <codeLocation path="C:\data\SubsonicRoot\ss2\SubSonic.Tests\SugarTests.cs" line="155" />
                        <metadata>
                          <entry key="TestKind">
                            <value>Test</value>
                          </entry>
                        </metadata>
                      </testStep>
                      <children />
                      <result assertCount="1" duration="0.000192">
                        <outcome status="passed" />
                      </result>
                      <testLog>
                        <streams />
                        <attachments />
                      </testLog>
                    </testStepRun>
                    <testStepRun startTime="2011-08-05T15:51:11.9305955+09:30" endTime="2011-08-05T15:51:11.9305955+09:30">
                      <testStep id="928368dd0d456b28" name="Validation_IsCreditCardAny(&quot;4111-1111-1111-1111&quot;, true)" fullName="SubSonic.Tests/SugarTests/Validation_IsCreditCardAny/Validation_IsCreditCardAny(&quot;4111-1111-1111-1111&quot;, true)" testId="d3f05500890def04" isPrimary="false" isTestCase="true" isDynamic="false">
                        <codeReference assembly="SubSonic.Tests, Version=2.2.1.0, Culture=neutral, PublicKeyToken=null" namespace="SubSonic.Tests" type="SubSonic.Tests.SugarTests" member="Validation_IsCreditCardAny" />
                        <codeLocation path="C:\data\SubsonicRoot\ss2\SubSonic.Tests\SugarTests.cs" line="155" />
                        <metadata>
                          <entry key="TestKind">
                            <value>Test</value>
                          </entry>
                        </metadata>
                      </testStep>
                      <children />
                      <result assertCount="1" duration="0.00027319999999999997">
                        <outcome status="passed" />
                      </result>
                      <testLog>
                        <streams />
                        <attachments />
                      </testLog>
                    </testStepRun>
                    <testStepRun startTime="2011-08-05T15:51:11.9305955+09:30" endTime="2011-08-05T15:51:11.9462205+09:30">
                      <testStep id="f62bd6d68476571b" name="Validation_IsCreditCardAny(&quot;371449635398431&quot;, true)" fullName="SubSonic.Tests/SugarTests/Validation_IsCreditCardAny/Validation_IsCreditCardAny(&quot;371449635398431&quot;, true)" testId="d3f05500890def04" isPrimary="false" isTestCase="true" isDynamic="false">
                        <codeReference assembly="SubSonic.Tests, Version=2.2.1.0, Culture=neutral, PublicKeyToken=null" namespace="SubSonic.Tests" type="SubSonic.Tests.SugarTests" member="Validation_IsCreditCardAny" />
                        <codeLocation path="C:\data\SubsonicRoot\ss2\SubSonic.Tests\SugarTests.cs" line="155" />
                        <metadata>
                          <entry key="TestKind">
                            <value>Test</value>
                          </entry>
                        </metadata>
                      </testStep>
                      <children />
                      <result assertCount="1" duration="0.0002013">
                        <outcome status="passed" />
                      </result>
                      <testLog>
                        <streams />
                        <attachments />
                      </testLog>
                    </testStepRun>
                    <testStepRun startTime="2011-08-05T15:51:11.9462205+09:30" endTime="2011-08-05T15:51:11.9462205+09:30">
                      <testStep id="5ca02eba4fd4c949" name="Validation_IsCreditCardAny(&quot;378734493671000&quot;, true)" fullName="SubSonic.Tests/SugarTests/Validation_IsCreditCardAny/Validation_IsCreditCardAny(&quot;378734493671000&quot;, true)" testId="d3f05500890def04" isPrimary="false" isTestCase="true" isDynamic="false">
                        <codeReference assembly="SubSonic.Tests, Version=2.2.1.0, Culture=neutral, PublicKeyToken=null" namespace="SubSonic.Tests" type="SubSonic.Tests.SugarTests" member="Validation_IsCreditCardAny" />
                        <codeLocation path="C:\data\SubsonicRoot\ss2\SubSonic.Tests\SugarTests.cs" line="155" />
                        <metadata>
                          <entry key="TestKind">
                            <value>Test</value>
                          </entry>
                        </metadata>
                      </testStep>
                      <children />
                      <result assertCount="1" duration="0.0003469">
                        <outcome status="passed" />
                      </result>
                      <testLog>
                        <streams />
                        <attachments />
                      </testLog>
                    </testStepRun>
                    <testStepRun startTime="2011-08-05T15:51:11.9618455+09:30" endTime="2011-08-05T15:51:11.9618455+09:30">
                      <testStep id="b3ee13dec249aa76" name="Validation_IsCreditCardAny(&quot;378282246310005&quot;, true)" fullName="SubSonic.Tests/SugarTests/Validation_IsCreditCardAny/Validation_IsCreditCardAny(&quot;378282246310005&quot;, true)" testId="d3f05500890def04" isPrimary="false" isTestCase="true" isDynamic="false">
                        <codeReference assembly="SubSonic.Tests, Version=2.2.1.0, Culture=neutral, PublicKeyToken=null" namespace="SubSonic.Tests" type="SubSonic.Tests.SugarTests" member="Validation_IsCreditCardAny" />
                        <codeLocation path="C:\data\SubsonicRoot\ss2\SubSonic.Tests\SugarTests.cs" line="155" />
                        <metadata>
                          <entry key="TestKind">
                            <value>Test</value>
                          </entry>
                        </metadata>
                      </testStep>
                      <children />
                      <result assertCount="1" duration="0.0032039">
                        <outcome status="passed" />
                      </result>
                      <testLog>
                        <streams />
                        <attachments />
                      </testLog>
                    </testStepRun>
                    <testStepRun startTime="2011-08-05T15:51:11.9618455+09:30" endTime="2011-08-05T15:51:11.9774705+09:30">
                      <testStep id="eb98ede3bba55ecf" name="Validation_IsCreditCardAny(&quot;3566002020360505&quot;, true)" fullName="SubSonic.Tests/SugarTests/Validation_IsCreditCardAny/Validation_IsCreditCardAny(&quot;3566002020360505&quot;, true)" testId="d3f05500890def04" isPrimary="false" isTestCase="true" isDynamic="false">
                        <codeReference assembly="SubSonic.Tests, Version=2.2.1.0, Culture=neutral, PublicKeyToken=null" namespace="SubSonic.Tests" type="SubSonic.Tests.SugarTests" member="Validation_IsCreditCardAny" />
                        <codeLocation path="C:\data\SubsonicRoot\ss2\SubSonic.Tests\SugarTests.cs" line="155" />
                        <metadata>
                          <entry key="TestKind">
                            <value>Test</value>
                          </entry>
                        </metadata>
                      </testStep>
                      <children />
                      <result assertCount="1" duration="0.0001994">
                        <outcome status="passed" />
                      </result>
                      <testLog>
                        <streams />
                        <attachments />
                      </testLog>
                    </testStepRun>
                    <testStepRun startTime="2011-08-05T15:51:11.9774705+09:30" endTime="2011-08-05T15:51:11.9774705+09:30">
                      <testStep id="d49420fa0052d4e" name="Validation_IsCreditCardAny(&quot;3530111333300000&quot;, true)" fullName="SubSonic.Tests/SugarTests/Validation_IsCreditCardAny/Validation_IsCreditCardAny(&quot;3530111333300000&quot;, true)" testId="d3f05500890def04" isPrimary="false" isTestCase="true" isDynamic="false">
                        <codeReference assembly="SubSonic.Tests, Version=2.2.1.0, Culture=neutral, PublicKeyToken=null" namespace="SubSonic.Tests" type="SubSonic.Tests.SugarTests" member="Validation_IsCreditCardAny" />
                        <codeLocation path="C:\data\SubsonicRoot\ss2\SubSonic.Tests\SugarTests.cs" line="155" />
                        <metadata>
                          <entry key="TestKind">
                            <value>Test</value>
                          </entry>
                        </metadata>
                      </testStep>
                      <children />
                      <result assertCount="1" duration="0.0001982">
                        <outcome status="passed" />
                      </result>
                      <testLog>
                        <streams />
                        <attachments />
                      </testLog>
                    </testStepRun>
                  </children>
                  <result assertCount="22" duration="0.1124719">
                    <outcome status="passed" />
                  </result>
                  <testLog>
                    <streams />
                    <attachments />
                  </testLog>
                </testStepRun>
              </children>
              <result assertCount="52" duration="0.2619902">
                <outcome status="passed" />
              </result>
              <testLog>
                <streams />
                <attachments />
              </testLog>
            </testStepRun>
            <testStepRun startTime="2011-08-05T15:51:11.9930955+09:30" endTime="2011-08-05T15:51:12.2274705+09:30">
              <testStep id="f7006950d0c76a2d" name="TransactionTests" fullName="SubSonic.Tests/TransactionTests" testId="a55b2e3f81298baf" isPrimary="true" isTestCase="false" isDynamic="false">
                <codeReference assembly="SubSonic.Tests, Version=2.2.1.0, Culture=neutral, PublicKeyToken=null" namespace="SubSonic.Tests" type="SubSonic.Tests.TransactionTests" />
                <codeLocation path="C:\data\SubsonicRoot\ss2\SubSonic.Tests\TransactionTests.cs" />
                <metadata>
                  <entry key="TestKind">
                    <value>Fixture</value>
                  </entry>
                </metadata>
              </testStep>
              <children>
                <testStepRun startTime="2011-08-05T15:51:11.9930955+09:30" endTime="2011-08-05T15:51:12.1024705+09:30">
                  <testStep id="5a08118ec05103ab" name="Transaction_CommitProduct" fullName="SubSonic.Tests/TransactionTests/Transaction_CommitProduct" testId="62339cc90cadd0f1" isPrimary="true" isTestCase="true" isDynamic="false">
                    <codeReference assembly="SubSonic.Tests, Version=2.2.1.0, Culture=neutral, PublicKeyToken=null" namespace="SubSonic.Tests" type="SubSonic.Tests.TransactionTests" member="Transaction_CommitProduct" />
                    <codeLocation path="C:\data\SubsonicRoot\ss2\SubSonic.Tests\TransactionTests.cs" line="75" />
                    <metadata>
                      <entry key="TestKind">
                        <value>Test</value>
                      </entry>
                    </metadata>
                  </testStep>
                  <children />
                  <result assertCount="0" duration="0.0224078">
                    <outcome status="failed" />
                  </result>
                  <testLog>
                    <streams>
                      <stream name="Failures">
                        <body>
                          <contents>
                            <section name="Execute">
                              <contents>
                                <marker class="Exception">
                                  <contents>
                                    <marker class="ExceptionType">
                                      <contents>
                                        <text><![CDATA[System.Data.SqlClient.SqlException]]></text>
                                      </contents>
                                      <attributes />
                                    </marker>
                                    <text><![CDATA[: ]]></text>
                                    <marker class="ExceptionMessage">
                                      <contents>
                                        <text><![CDATA[Incorrect syntax near the keyword 'ORDER'.]]></text>
                                      </contents>
                                      <attributes />
                                    </marker>
                                    <text><![CDATA[
]]></text>
                                    <marker class="ExceptionPropertyName">
                                      <contents>
                                        <text><![CDATA[Errors]]></text>
                                      </contents>
                                      <attributes />
                                    </marker>
                                    <text><![CDATA[: ]]></text>
                                    <marker class="ExceptionPropertyValue">
                                      <contents>
                                        <text><![CDATA[System.Data.SqlClient.SqlErrorCollection]]></text>
                                      </contents>
                                      <attributes />
                                    </marker>
                                    <text><![CDATA[
]]></text>
                                    <marker class="ExceptionPropertyName">
                                      <contents>
                                        <text><![CDATA[Class]]></text>
                                      </contents>
                                      <attributes />
                                    </marker>
                                    <text><![CDATA[: ]]></text>
                                    <marker class="ExceptionPropertyValue">
                                      <contents>
                                        <text><![CDATA[15]]></text>
                                      </contents>
                                      <attributes />
                                    </marker>
                                    <text><![CDATA[
]]></text>
                                    <marker class="ExceptionPropertyName">
                                      <contents>
                                        <text><![CDATA[LineNumber]]></text>
                                      </contents>
                                      <attributes />
                                    </marker>
                                    <text><![CDATA[: ]]></text>
                                    <marker class="ExceptionPropertyValue">
                                      <contents>
                                        <text><![CDATA[1]]></text>
                                      </contents>
                                      <attributes />
                                    </marker>
                                    <text><![CDATA[
]]></text>
                                    <marker class="ExceptionPropertyName">
                                      <contents>
                                        <text><![CDATA[Number]]></text>
                                      </contents>
                                      <attributes />
                                    </marker>
                                    <text><![CDATA[: ]]></text>
                                    <marker class="ExceptionPropertyValue">
                                      <contents>
                                        <text><![CDATA[156]]></text>
                                      </contents>
                                      <attributes />
                                    </marker>
                                    <text><![CDATA[
]]></text>
                                    <marker class="ExceptionPropertyName">
                                      <contents>
                                        <text><![CDATA[Procedure]]></text>
                                      </contents>
                                      <attributes />
                                    </marker>
                                    <text><![CDATA[: ]]></text>
                                    <marker class="ExceptionPropertyValue">
                                      <contents />
                                      <attributes />
                                    </marker>
                                    <text><![CDATA[
]]></text>
                                    <marker class="ExceptionPropertyName">
                                      <contents>
                                        <text><![CDATA[Server]]></text>
                                      </contents>
                                      <attributes />
                                    </marker>
                                    <text><![CDATA[: ]]></text>
                                    <marker class="ExceptionPropertyValue">
                                      <contents>
                                        <text><![CDATA[ANAXIMANDER\SQLEXPRESS]]></text>
                                      </contents>
                                      <attributes />
                                    </marker>
                                    <text><![CDATA[
]]></text>
                                    <marker class="ExceptionPropertyName">
                                      <contents>
                                        <text><![CDATA[State]]></text>
                                      </contents>
                                      <attributes />
                                    </marker>
                                    <text><![CDATA[: ]]></text>
                                    <marker class="ExceptionPropertyValue">
                                      <contents>
                                        <text><![CDATA[1]]></text>
                                      </contents>
                                      <attributes />
                                    </marker>
                                    <text><![CDATA[
]]></text>
                                    <marker class="ExceptionPropertyName">
                                      <contents>
                                        <text><![CDATA[ErrorCode]]></text>
                                      </contents>
                                      <attributes />
                                    </marker>
                                    <text><![CDATA[: ]]></text>
                                    <marker class="ExceptionPropertyValue">
                                      <contents>
                                        <text><![CDATA[-2146232060]]></text>
                                      </contents>
                                      <attributes />
                                    </marker>
                                    <text><![CDATA[
]]></text>
                                    <marker class="StackTrace">
                                      <contents>
                                        <text><![CDATA[   at System.Data.SqlClient.SqlConnection.OnError(SqlException exception, Boolean breakConnection)
   at System.Data.SqlClient.SqlInternalConnection.OnError(SqlException exception, Boolean breakConnection)
   at System.Data.SqlClient.TdsParser.ThrowExceptionAndWarning(TdsParserStateObject stateObj)
   at System.Data.SqlClient.TdsParser.Run(RunBehavior runBehavior, SqlCommand cmdHandler, SqlDataReader dataStream, BulkCopySimpleResultSet bulkCopyHandler, TdsParserStateObject stateObj)
   at System.Data.SqlClient.SqlDataReader.ConsumeMetaData()
   at System.Data.SqlClient.SqlDataReader.get_MetaData()
   at System.Data.SqlClient.SqlCommand.FinishExecuteReader(SqlDataReader ds, RunBehavior runBehavior, String resetOptionsString)
   at System.Data.SqlClient.SqlCommand.RunExecuteReaderTds(CommandBehavior cmdBehavior, RunBehavior runBehavior, Boolean returnStream, Boolean async)
   at System.Data.SqlClient.SqlCommand.RunExecuteReader(CommandBehavior cmdBehavior, RunBehavior runBehavior, Boolean returnStream, String method, DbAsyncResult result)
   at System.Data.SqlClient.SqlCommand.RunExecuteReader(CommandBehavior cmdBehavior, RunBehavior runBehavior, Boolean returnStream, String method)
   at System.Data.SqlClient.SqlCommand.ExecuteReader(CommandBehavior behavior, String method)
   at System.Data.SqlClient.SqlCommand.ExecuteReader(CommandBehavior behavior)
   at SubSonic.SqlDataProvider.GetReader(QueryCommand qry) in ]]></text>
                                        <marker class="CodeLocation">
                                          <contents>
                                            <text><![CDATA[C:\data\SubsonicRoot\ss2\SubSonic\DataProviders\SqlDataProvider.cs:line 384]]></text>
                                          </contents>
                                          <attributes>
                                            <attribute name="line" value="384" />
                                            <attribute name="path" value="C:\data\SubsonicRoot\ss2\SubSonic\DataProviders\SqlDataProvider.cs" />
                                          </attributes>
                                        </marker>
                                        <text><![CDATA[
   at SubSonic.DataService.GetReader(QueryCommand cmd) in ]]></text>
                                        <marker class="CodeLocation">
                                          <contents>
                                            <text><![CDATA[C:\data\SubsonicRoot\ss2\SubSonic\DataProviders\DataService.cs:line 506]]></text>
                                          </contents>
                                          <attributes>
                                            <attribute name="line" value="506" />
                                            <attribute name="path" value="C:\data\SubsonicRoot\ss2\SubSonic\DataProviders\DataService.cs" />
                                          </attributes>
                                        </marker>
                                        <text><![CDATA[
   at SubSonic.Query.ExecuteReader() in ]]></text>
                                        <marker class="CodeLocation">
                                          <contents>
                                            <text><![CDATA[C:\data\SubsonicRoot\ss2\SubSonic\Sql Tools\Query.cs:line 1814]]></text>
                                          </contents>
                                          <attributes>
                                            <attribute name="line" value="1814" />
                                            <attribute name="path" value="C:\data\SubsonicRoot\ss2\SubSonic\Sql Tools\Query.cs" />
                                          </attributes>
                                        </marker>
                                        <text><![CDATA[
   at SubSonic.ReadOnlyRecord`1.LoadByKey(Object keyID) in ]]></text>
                                        <marker class="CodeLocation">
                                          <contents>
                                            <text><![CDATA[C:\data\SubsonicRoot\ss2\SubSonic\ActiveRecord\ReadOnlyRecord.cs:line 72]]></text>
                                          </contents>
                                          <attributes>
                                            <attribute name="line" value="72" />
                                            <attribute name="path" value="C:\data\SubsonicRoot\ss2\SubSonic\ActiveRecord\ReadOnlyRecord.cs" />
                                          </attributes>
                                        </marker>
                                        <text><![CDATA[
   at Northwind.Product..ctor(Object keyID) in ]]></text>
                                        <marker class="CodeLocation">
                                          <contents>
                                            <text><![CDATA[C:\data\SubsonicRoot\ss2\SubSonic.Tests\Generated\Northwind\Product.cs:line 93]]></text>
                                          </contents>
                                          <attributes>
                                            <attribute name="line" value="93" />
                                            <attribute name="path" value="C:\data\SubsonicRoot\ss2\SubSonic.Tests\Generated\Northwind\Product.cs" />
                                          </attributes>
                                        </marker>
                                        <text><![CDATA[
   at SubSonic.Tests.TransactionTests.UpdateProduct(Int32 productId, String quantityPerUnit) in ]]></text>
                                        <marker class="CodeLocation">
                                          <contents>
                                            <text><![CDATA[C:\data\SubsonicRoot\ss2\SubSonic.Tests\TransactionTests.cs:line 109]]></text>
                                          </contents>
                                          <attributes>
                                            <attribute name="line" value="109" />
                                            <attribute name="path" value="C:\data\SubsonicRoot\ss2\SubSonic.Tests\TransactionTests.cs" />
                                          </attributes>
                                        </marker>
                                        <text><![CDATA[
   at SubSonic.Tests.TransactionTests.Transaction_CommitProduct() in ]]></text>
                                        <marker class="CodeLocation">
                                          <contents>
                                            <text><![CDATA[C:\data\SubsonicRoot\ss2\SubSonic.Tests\TransactionTests.cs:line 80]]></text>
                                          </contents>
                                          <attributes>
                                            <attribute name="line" value="80" />
                                            <attribute name="path" value="C:\data\SubsonicRoot\ss2\SubSonic.Tests\TransactionTests.cs" />
                                          </attributes>
                                        </marker>
                                      </contents>
                                      <attributes />
                                    </marker>
                                  </contents>
                                  <attributes />
                                </marker>
                              </contents>
                            </section>
                          </contents>
                        </body>
                      </stream>
                    </streams>
                    <attachments />
                  </testLog>
                </testStepRun>
                <testStepRun startTime="2011-08-05T15:51:12.1024705+09:30" endTime="2011-08-05T15:51:12.2118455+09:30">
                  <testStep id="b94412af3ab1d323" name="Transaction_RollbackProduct" fullName="SubSonic.Tests/TransactionTests/Transaction_RollbackProduct" testId="7a4c3c6601f21a91" isPrimary="true" isTestCase="true" isDynamic="false">
                    <codeReference assembly="SubSonic.Tests, Version=2.2.1.0, Culture=neutral, PublicKeyToken=null" namespace="SubSonic.Tests" type="SubSonic.Tests.TransactionTests" member="Transaction_RollbackProduct" />
                    <codeLocation path="C:\data\SubsonicRoot\ss2\SubSonic.Tests\TransactionTests.cs" line="56" />
                    <metadata>
                      <entry key="TestKind">
                        <value>Test</value>
                      </entry>
                    </metadata>
                  </testStep>
                  <children />
                  <result assertCount="0" duration="0.0917969">
                    <outcome status="failed" />
                  </result>
                  <testLog>
                    <streams>
                      <stream name="Failures">
                        <body>
                          <contents>
                            <section name="Execute">
                              <contents>
                                <marker class="Exception">
                                  <contents>
                                    <marker class="ExceptionType">
                                      <contents>
                                        <text><![CDATA[System.Data.SqlClient.SqlException]]></text>
                                      </contents>
                                      <attributes />
                                    </marker>
                                    <text><![CDATA[: ]]></text>
                                    <marker class="ExceptionMessage">
                                      <contents>
                                        <text><![CDATA[Incorrect syntax near the keyword 'ORDER'.]]></text>
                                      </contents>
                                      <attributes />
                                    </marker>
                                    <text><![CDATA[
]]></text>
                                    <marker class="ExceptionPropertyName">
                                      <contents>
                                        <text><![CDATA[Errors]]></text>
                                      </contents>
                                      <attributes />
                                    </marker>
                                    <text><![CDATA[: ]]></text>
                                    <marker class="ExceptionPropertyValue">
                                      <contents>
                                        <text><![CDATA[System.Data.SqlClient.SqlErrorCollection]]></text>
                                      </contents>
                                      <attributes />
                                    </marker>
                                    <text><![CDATA[
]]></text>
                                    <marker class="ExceptionPropertyName">
                                      <contents>
                                        <text><![CDATA[Class]]></text>
                                      </contents>
                                      <attributes />
                                    </marker>
                                    <text><![CDATA[: ]]></text>
                                    <marker class="ExceptionPropertyValue">
                                      <contents>
                                        <text><![CDATA[15]]></text>
                                      </contents>
                                      <attributes />
                                    </marker>
                                    <text><![CDATA[
]]></text>
                                    <marker class="ExceptionPropertyName">
                                      <contents>
                                        <text><![CDATA[LineNumber]]></text>
                                      </contents>
                                      <attributes />
                                    </marker>
                                    <text><![CDATA[: ]]></text>
                                    <marker class="ExceptionPropertyValue">
                                      <contents>
                                        <text><![CDATA[1]]></text>
                                      </contents>
                                      <attributes />
                                    </marker>
                                    <text><![CDATA[
]]></text>
                                    <marker class="ExceptionPropertyName">
                                      <contents>
                                        <text><![CDATA[Number]]></text>
                                      </contents>
                                      <attributes />
                                    </marker>
                                    <text><![CDATA[: ]]></text>
                                    <marker class="ExceptionPropertyValue">
                                      <contents>
                                        <text><![CDATA[156]]></text>
                                      </contents>
                                      <attributes />
                                    </marker>
                                    <text><![CDATA[
]]></text>
                                    <marker class="ExceptionPropertyName">
                                      <contents>
                                        <text><![CDATA[Procedure]]></text>
                                      </contents>
                                      <attributes />
                                    </marker>
                                    <text><![CDATA[: ]]></text>
                                    <marker class="ExceptionPropertyValue">
                                      <contents />
                                      <attributes />
                                    </marker>
                                    <text><![CDATA[
]]></text>
                                    <marker class="ExceptionPropertyName">
                                      <contents>
                                        <text><![CDATA[Server]]></text>
                                      </contents>
                                      <attributes />
                                    </marker>
                                    <text><![CDATA[: ]]></text>
                                    <marker class="ExceptionPropertyValue">
                                      <contents>
                                        <text><![CDATA[ANAXIMANDER\SQLEXPRESS]]></text>
                                      </contents>
                                      <attributes />
                                    </marker>
                                    <text><![CDATA[
]]></text>
                                    <marker class="ExceptionPropertyName">
                                      <contents>
                                        <text><![CDATA[State]]></text>
                                      </contents>
                                      <attributes />
                                    </marker>
                                    <text><![CDATA[: ]]></text>
                                    <marker class="ExceptionPropertyValue">
                                      <contents>
                                        <text><![CDATA[1]]></text>
                                      </contents>
                                      <attributes />
                                    </marker>
                                    <text><![CDATA[
]]></text>
                                    <marker class="ExceptionPropertyName">
                                      <contents>
                                        <text><![CDATA[ErrorCode]]></text>
                                      </contents>
                                      <attributes />
                                    </marker>
                                    <text><![CDATA[: ]]></text>
                                    <marker class="ExceptionPropertyValue">
                                      <contents>
                                        <text><![CDATA[-2146232060]]></text>
                                      </contents>
                                      <attributes />
                                    </marker>
                                    <text><![CDATA[
]]></text>
                                    <marker class="StackTrace">
                                      <contents>
                                        <text><![CDATA[   at System.Data.SqlClient.SqlConnection.OnError(SqlException exception, Boolean breakConnection)
   at System.Data.SqlClient.SqlInternalConnection.OnError(SqlException exception, Boolean breakConnection)
   at System.Data.SqlClient.TdsParser.ThrowExceptionAndWarning(TdsParserStateObject stateObj)
   at System.Data.SqlClient.TdsParser.Run(RunBehavior runBehavior, SqlCommand cmdHandler, SqlDataReader dataStream, BulkCopySimpleResultSet bulkCopyHandler, TdsParserStateObject stateObj)
   at System.Data.SqlClient.SqlDataReader.ConsumeMetaData()
   at System.Data.SqlClient.SqlDataReader.get_MetaData()
   at System.Data.SqlClient.SqlCommand.FinishExecuteReader(SqlDataReader ds, RunBehavior runBehavior, String resetOptionsString)
   at System.Data.SqlClient.SqlCommand.RunExecuteReaderTds(CommandBehavior cmdBehavior, RunBehavior runBehavior, Boolean returnStream, Boolean async)
   at System.Data.SqlClient.SqlCommand.RunExecuteReader(CommandBehavior cmdBehavior, RunBehavior runBehavior, Boolean returnStream, String method, DbAsyncResult result)
   at System.Data.SqlClient.SqlCommand.RunExecuteReader(CommandBehavior cmdBehavior, RunBehavior runBehavior, Boolean returnStream, String method)
   at System.Data.SqlClient.SqlCommand.ExecuteReader(CommandBehavior behavior, String method)
   at System.Data.SqlClient.SqlCommand.ExecuteReader(CommandBehavior behavior)
   at SubSonic.SqlDataProvider.GetReader(QueryCommand qry) in ]]></text>
                                        <marker class="CodeLocation">
                                          <contents>
                                            <text><![CDATA[C:\data\SubsonicRoot\ss2\SubSonic\DataProviders\SqlDataProvider.cs:line 384]]></text>
                                          </contents>
                                          <attributes>
                                            <attribute name="line" value="384" />
                                            <attribute name="path" value="C:\data\SubsonicRoot\ss2\SubSonic\DataProviders\SqlDataProvider.cs" />
                                          </attributes>
                                        </marker>
                                        <text><![CDATA[
   at SubSonic.DataService.GetReader(QueryCommand cmd) in ]]></text>
                                        <marker class="CodeLocation">
                                          <contents>
                                            <text><![CDATA[C:\data\SubsonicRoot\ss2\SubSonic\DataProviders\DataService.cs:line 506]]></text>
                                          </contents>
                                          <attributes>
                                            <attribute name="line" value="506" />
                                            <attribute name="path" value="C:\data\SubsonicRoot\ss2\SubSonic\DataProviders\DataService.cs" />
                                          </attributes>
                                        </marker>
                                        <text><![CDATA[
   at SubSonic.Query.ExecuteReader() in ]]></text>
                                        <marker class="CodeLocation">
                                          <contents>
                                            <text><![CDATA[C:\data\SubsonicRoot\ss2\SubSonic\Sql Tools\Query.cs:line 1814]]></text>
                                          </contents>
                                          <attributes>
                                            <attribute name="line" value="1814" />
                                            <attribute name="path" value="C:\data\SubsonicRoot\ss2\SubSonic\Sql Tools\Query.cs" />
                                          </attributes>
                                        </marker>
                                        <text><![CDATA[
   at SubSonic.ReadOnlyRecord`1.LoadByKey(Object keyID) in ]]></text>
                                        <marker class="CodeLocation">
                                          <contents>
                                            <text><![CDATA[C:\data\SubsonicRoot\ss2\SubSonic\ActiveRecord\ReadOnlyRecord.cs:line 72]]></text>
                                          </contents>
                                          <attributes>
                                            <attribute name="line" value="72" />
                                            <attribute name="path" value="C:\data\SubsonicRoot\ss2\SubSonic\ActiveRecord\ReadOnlyRecord.cs" />
                                          </attributes>
                                        </marker>
                                        <text><![CDATA[
   at Northwind.Product..ctor(Object keyID) in ]]></text>
                                        <marker class="CodeLocation">
                                          <contents>
                                            <text><![CDATA[C:\data\SubsonicRoot\ss2\SubSonic.Tests\Generated\Northwind\Product.cs:line 93]]></text>
                                          </contents>
                                          <attributes>
                                            <attribute name="line" value="93" />
                                            <attribute name="path" value="C:\data\SubsonicRoot\ss2\SubSonic.Tests\Generated\Northwind\Product.cs" />
                                          </attributes>
                                        </marker>
                                        <text><![CDATA[
   at SubSonic.Tests.TransactionTests.UpdateProduct(Int32 productId, String quantityPerUnit) in ]]></text>
                                        <marker class="CodeLocation">
                                          <contents>
                                            <text><![CDATA[C:\data\SubsonicRoot\ss2\SubSonic.Tests\TransactionTests.cs:line 109]]></text>
                                          </contents>
                                          <attributes>
                                            <attribute name="line" value="109" />
                                            <attribute name="path" value="C:\data\SubsonicRoot\ss2\SubSonic.Tests\TransactionTests.cs" />
                                          </attributes>
                                        </marker>
                                        <text><![CDATA[
   at SubSonic.Tests.TransactionTests.Transaction_RollbackProduct() in ]]></text>
                                        <marker class="CodeLocation">
                                          <contents>
                                            <text><![CDATA[C:\data\SubsonicRoot\ss2\SubSonic.Tests\TransactionTests.cs:line 60]]></text>
                                          </contents>
                                          <attributes>
                                            <attribute name="line" value="60" />
                                            <attribute name="path" value="C:\data\SubsonicRoot\ss2\SubSonic.Tests\TransactionTests.cs" />
                                          </attributes>
                                        </marker>
                                      </contents>
                                      <attributes />
                                    </marker>
                                  </contents>
                                  <attributes />
                                </marker>
                              </contents>
                            </section>
                          </contents>
                        </body>
                      </stream>
                    </streams>
                    <attachments />
                  </testLog>
                </testStepRun>
              </children>
              <result assertCount="0" duration="0.1910791">
                <outcome status="failed" />
              </result>
              <testLog>
                <streams />
                <attachments />
              </testLog>
            </testStepRun>
            <testStepRun startTime="2011-08-05T15:51:12.2274705+09:30" endTime="2011-08-05T15:51:12.2430955+09:30">
              <testStep id="85261aae400b76eb" name="TransactionTests" fullName="SubSonic.Tests/TransactionTests" testId="a42c7aab47bd124a" isPrimary="true" isTestCase="false" isDynamic="false">
                <codeReference assembly="SubSonic.Tests, Version=2.2.1.0, Culture=neutral, PublicKeyToken=null" namespace="SubSonic.Tests.SqlQuery" type="SubSonic.Tests.SqlQuery.TransactionTests" />
                <codeLocation path="C:\data\SubsonicRoot\ss2\SubSonic.Tests\SqlQuery\TransactionTests.cs" />
                <metadata>
                  <entry key="TestKind">
                    <value>Fixture</value>
                  </entry>
                </metadata>
              </testStep>
              <children>
                <testStepRun startTime="2011-08-05T15:51:12.2274705+09:30" endTime="2011-08-05T15:51:12.2430955+09:30">
                  <testStep id="f6aafaf5ca05b2c7" name="Transaction_Simple" fullName="SubSonic.Tests/TransactionTests/Transaction_Simple" testId="ce0ea0d4bbeba445" isPrimary="true" isTestCase="true" isDynamic="false">
                    <codeReference assembly="SubSonic.Tests, Version=2.2.1.0, Culture=neutral, PublicKeyToken=null" namespace="SubSonic.Tests.SqlQuery" type="SubSonic.Tests.SqlQuery.TransactionTests" member="Transaction_Simple" />
                    <codeLocation path="C:\data\SubsonicRoot\ss2\SubSonic.Tests\SqlQuery\TransactionTests.cs" line="27" />
                    <metadata>
                      <entry key="TestKind">
                        <value>Test</value>
                      </entry>
                    </metadata>
                  </testStep>
                  <children />
                  <result assertCount="0" duration="0.024162299999999998">
                    <outcome status="passed" />
                  </result>
                  <testLog>
                    <streams />
                    <attachments />
                  </testLog>
                </testStepRun>
              </children>
              <result assertCount="0" duration="0.0306243">
                <outcome status="passed" />
              </result>
              <testLog>
                <streams />
                <attachments />
              </testLog>
            </testStepRun>
            <testStepRun startTime="2011-08-05T15:51:12.2430955+09:30" endTime="2011-08-05T15:51:13.2899705+09:30">
              <testStep id="e52bb95f6e97371" name="TransactionWithDtcOffTests" fullName="SubSonic.Tests/TransactionWithDtcOffTests" testId="880abdbef59a7034" isPrimary="true" isTestCase="false" isDynamic="false">
                <codeReference assembly="SubSonic.Tests, Version=2.2.1.0, Culture=neutral, PublicKeyToken=null" namespace="SubSonic.Tests" type="SubSonic.Tests.TransactionWithDtcOffTests" />
                <codeLocation path="C:\data\SubsonicRoot\ss2\SubSonic.Tests\TransactionWithDtcOffTests.cs" />
                <metadata>
                  <entry key="TestKind">
                    <value>Fixture</value>
                  </entry>
                </metadata>
              </testStep>
              <children>
                <testStepRun startTime="2011-08-05T15:51:12.2430955+09:30" endTime="2011-08-05T15:51:12.3524705+09:30">
                  <testStep id="d29d2cd7de55fedd" name="CanNestSharedConnections" fullName="SubSonic.Tests/TransactionWithDtcOffTests/CanNestSharedConnections" testId="bf6fc463aa4691af" isPrimary="true" isTestCase="true" isDynamic="false">
                    <codeReference assembly="SubSonic.Tests, Version=2.2.1.0, Culture=neutral, PublicKeyToken=null" namespace="SubSonic.Tests" type="SubSonic.Tests.TransactionWithDtcOffTests" member="CanNestSharedConnections" />
                    <codeLocation path="C:\data\SubsonicRoot\ss2\SubSonic.Tests\TransactionWithDtcOffTests.cs" line="288" />
                    <metadata>
                      <entry key="TestKind">
                        <value>Test</value>
                      </entry>
                    </metadata>
                  </testStep>
                  <children />
                  <result assertCount="0" duration="0.0195321">
                    <outcome status="failed" />
                  </result>
                  <testLog>
                    <streams>
                      <stream name="Failures">
                        <body>
                          <contents>
                            <section name="Execute">
                              <contents>
                                <marker class="Exception">
                                  <contents>
                                    <marker class="ExceptionType">
                                      <contents>
                                        <text><![CDATA[System.Data.SqlClient.SqlException]]></text>
                                      </contents>
                                      <attributes />
                                    </marker>
                                    <text><![CDATA[: ]]></text>
                                    <marker class="ExceptionMessage">
                                      <contents>
                                        <text><![CDATA[Incorrect syntax near the keyword 'ORDER'.]]></text>
                                      </contents>
                                      <attributes />
                                    </marker>
                                    <text><![CDATA[
]]></text>
                                    <marker class="ExceptionPropertyName">
                                      <contents>
                                        <text><![CDATA[Errors]]></text>
                                      </contents>
                                      <attributes />
                                    </marker>
                                    <text><![CDATA[: ]]></text>
                                    <marker class="ExceptionPropertyValue">
                                      <contents>
                                        <text><![CDATA[System.Data.SqlClient.SqlErrorCollection]]></text>
                                      </contents>
                                      <attributes />
                                    </marker>
                                    <text><![CDATA[
]]></text>
                                    <marker class="ExceptionPropertyName">
                                      <contents>
                                        <text><![CDATA[Class]]></text>
                                      </contents>
                                      <attributes />
                                    </marker>
                                    <text><![CDATA[: ]]></text>
                                    <marker class="ExceptionPropertyValue">
                                      <contents>
                                        <text><![CDATA[15]]></text>
                                      </contents>
                                      <attributes />
                                    </marker>
                                    <text><![CDATA[
]]></text>
                                    <marker class="ExceptionPropertyName">
                                      <contents>
                                        <text><![CDATA[LineNumber]]></text>
                                      </contents>
                                      <attributes />
                                    </marker>
                                    <text><![CDATA[: ]]></text>
                                    <marker class="ExceptionPropertyValue">
                                      <contents>
                                        <text><![CDATA[1]]></text>
                                      </contents>
                                      <attributes />
                                    </marker>
                                    <text><![CDATA[
]]></text>
                                    <marker class="ExceptionPropertyName">
                                      <contents>
                                        <text><![CDATA[Number]]></text>
                                      </contents>
                                      <attributes />
                                    </marker>
                                    <text><![CDATA[: ]]></text>
                                    <marker class="ExceptionPropertyValue">
                                      <contents>
                                        <text><![CDATA[156]]></text>
                                      </contents>
                                      <attributes />
                                    </marker>
                                    <text><![CDATA[
]]></text>
                                    <marker class="ExceptionPropertyName">
                                      <contents>
                                        <text><![CDATA[Procedure]]></text>
                                      </contents>
                                      <attributes />
                                    </marker>
                                    <text><![CDATA[: ]]></text>
                                    <marker class="ExceptionPropertyValue">
                                      <contents />
                                      <attributes />
                                    </marker>
                                    <text><![CDATA[
]]></text>
                                    <marker class="ExceptionPropertyName">
                                      <contents>
                                        <text><![CDATA[Server]]></text>
                                      </contents>
                                      <attributes />
                                    </marker>
                                    <text><![CDATA[: ]]></text>
                                    <marker class="ExceptionPropertyValue">
                                      <contents>
                                        <text><![CDATA[ANAXIMANDER\SQLEXPRESS]]></text>
                                      </contents>
                                      <attributes />
                                    </marker>
                                    <text><![CDATA[
]]></text>
                                    <marker class="ExceptionPropertyName">
                                      <contents>
                                        <text><![CDATA[State]]></text>
                                      </contents>
                                      <attributes />
                                    </marker>
                                    <text><![CDATA[: ]]></text>
                                    <marker class="ExceptionPropertyValue">
                                      <contents>
                                        <text><![CDATA[1]]></text>
                                      </contents>
                                      <attributes />
                                    </marker>
                                    <text><![CDATA[
]]></text>
                                    <marker class="ExceptionPropertyName">
                                      <contents>
                                        <text><![CDATA[ErrorCode]]></text>
                                      </contents>
                                      <attributes />
                                    </marker>
                                    <text><![CDATA[: ]]></text>
                                    <marker class="ExceptionPropertyValue">
                                      <contents>
                                        <text><![CDATA[-2146232060]]></text>
                                      </contents>
                                      <attributes />
                                    </marker>
                                    <text><![CDATA[
]]></text>
                                    <marker class="StackTrace">
                                      <contents>
                                        <text><![CDATA[   at System.Data.SqlClient.SqlConnection.OnError(SqlException exception, Boolean breakConnection)
   at System.Data.SqlClient.SqlInternalConnection.OnError(SqlException exception, Boolean breakConnection)
   at System.Data.SqlClient.TdsParser.ThrowExceptionAndWarning(TdsParserStateObject stateObj)
   at System.Data.SqlClient.TdsParser.Run(RunBehavior runBehavior, SqlCommand cmdHandler, SqlDataReader dataStream, BulkCopySimpleResultSet bulkCopyHandler, TdsParserStateObject stateObj)
   at System.Data.SqlClient.SqlDataReader.ConsumeMetaData()
   at System.Data.SqlClient.SqlDataReader.get_MetaData()
   at System.Data.SqlClient.SqlCommand.FinishExecuteReader(SqlDataReader ds, RunBehavior runBehavior, String resetOptionsString)
   at System.Data.SqlClient.SqlCommand.RunExecuteReaderTds(CommandBehavior cmdBehavior, RunBehavior runBehavior, Boolean returnStream, Boolean async)
   at System.Data.SqlClient.SqlCommand.RunExecuteReader(CommandBehavior cmdBehavior, RunBehavior runBehavior, Boolean returnStream, String method, DbAsyncResult result)
   at System.Data.SqlClient.SqlCommand.RunExecuteReader(CommandBehavior cmdBehavior, RunBehavior runBehavior, Boolean returnStream, String method)
   at System.Data.SqlClient.SqlCommand.ExecuteReader(CommandBehavior behavior, String method)
   at System.Data.SqlClient.SqlCommand.ExecuteReader(CommandBehavior behavior)
   at SubSonic.SqlDataProvider.GetReader(QueryCommand qry) in ]]></text>
                                        <marker class="CodeLocation">
                                          <contents>
                                            <text><![CDATA[C:\data\SubsonicRoot\ss2\SubSonic\DataProviders\SqlDataProvider.cs:line 384]]></text>
                                          </contents>
                                          <attributes>
                                            <attribute name="line" value="384" />
                                            <attribute name="path" value="C:\data\SubsonicRoot\ss2\SubSonic\DataProviders\SqlDataProvider.cs" />
                                          </attributes>
                                        </marker>
                                        <text><![CDATA[
   at SubSonic.DataService.GetReader(QueryCommand cmd) in ]]></text>
                                        <marker class="CodeLocation">
                                          <contents>
                                            <text><![CDATA[C:\data\SubsonicRoot\ss2\SubSonic\DataProviders\DataService.cs:line 506]]></text>
                                          </contents>
                                          <attributes>
                                            <attribute name="line" value="506" />
                                            <attribute name="path" value="C:\data\SubsonicRoot\ss2\SubSonic\DataProviders\DataService.cs" />
                                          </attributes>
                                        </marker>
                                        <text><![CDATA[
   at SubSonic.Query.ExecuteReader() in ]]></text>
                                        <marker class="CodeLocation">
                                          <contents>
                                            <text><![CDATA[C:\data\SubsonicRoot\ss2\SubSonic\Sql Tools\Query.cs:line 1814]]></text>
                                          </contents>
                                          <attributes>
                                            <attribute name="line" value="1814" />
                                            <attribute name="path" value="C:\data\SubsonicRoot\ss2\SubSonic\Sql Tools\Query.cs" />
                                          </attributes>
                                        </marker>
                                        <text><![CDATA[
   at SubSonic.ReadOnlyRecord`1.LoadByKey(Object keyID) in ]]></text>
                                        <marker class="CodeLocation">
                                          <contents>
                                            <text><![CDATA[C:\data\SubsonicRoot\ss2\SubSonic\ActiveRecord\ReadOnlyRecord.cs:line 72]]></text>
                                          </contents>
                                          <attributes>
                                            <attribute name="line" value="72" />
                                            <attribute name="path" value="C:\data\SubsonicRoot\ss2\SubSonic\ActiveRecord\ReadOnlyRecord.cs" />
                                          </attributes>
                                        </marker>
                                        <text><![CDATA[
   at Northwind.Product..ctor(Object keyID) in ]]></text>
                                        <marker class="CodeLocation">
                                          <contents>
                                            <text><![CDATA[C:\data\SubsonicRoot\ss2\SubSonic.Tests\Generated\Northwind\Product.cs:line 93]]></text>
                                          </contents>
                                          <attributes>
                                            <attribute name="line" value="93" />
                                            <attribute name="path" value="C:\data\SubsonicRoot\ss2\SubSonic.Tests\Generated\Northwind\Product.cs" />
                                          </attributes>
                                        </marker>
                                        <text><![CDATA[
   at SubSonic.Tests.TransactionWithDtcOffTests.CanNestSharedConnections() in ]]></text>
                                        <marker class="CodeLocation">
                                          <contents>
                                            <text><![CDATA[C:\data\SubsonicRoot\ss2\SubSonic.Tests\TransactionWithDtcOffTests.cs:line 291]]></text>
                                          </contents>
                                          <attributes>
                                            <attribute name="line" value="291" />
                                            <attribute name="path" value="C:\data\SubsonicRoot\ss2\SubSonic.Tests\TransactionWithDtcOffTests.cs" />
                                          </attributes>
                                        </marker>
                                      </contents>
                                      <attributes />
                                    </marker>
                                  </contents>
                                  <attributes />
                                </marker>
                              </contents>
                            </section>
                          </contents>
                        </body>
                      </stream>
                    </streams>
                    <attachments />
                  </testLog>
                </testStepRun>
                <testStepRun startTime="2011-08-05T15:51:12.3524705+09:30" endTime="2011-08-05T15:51:12.3993455+09:30">
                  <testStep id="86f561e495a90ac0" name="CanRetrieveMultipleEntities_FailsWithoutSharedConnectionScope" fullName="SubSonic.Tests/TransactionWithDtcOffTests/CanRetrieveMultipleEntities_FailsWithoutSharedConnectionScope" testId="33bc997a3d7805bc" isPrimary="true" isTestCase="true" isDynamic="false">
                    <codeReference assembly="SubSonic.Tests, Version=2.2.1.0, Culture=neutral, PublicKeyToken=null" namespace="SubSonic.Tests" type="SubSonic.Tests.TransactionWithDtcOffTests" member="CanRetrieveMultipleEntities_FailsWithoutSharedConnectionScope" />
                    <codeLocation path="C:\data\SubsonicRoot\ss2\SubSonic.Tests\TransactionWithDtcOffTests.cs" line="104" />
                    <metadata>
                      <entry key="TestKind">
                        <value>Test</value>
                      </entry>
                    </metadata>
                  </testStep>
                  <children />
                  <result assertCount="1" duration="0.016876099999999998">
                    <outcome status="failed" />
                  </result>
                  <testLog>
                    <streams>
                      <stream name="Failures">
                        <body>
                          <contents>
                            <marker class="AssertionFailure">
                              <contents>
                                <section name="Expected value to be true.">
                                  <contents>
                                    <text><![CDATA[Incorrect syntax near the keyword 'ORDER'.

]]></text>
                                    <marker class="Monospace">
                                      <contents>
                                        <marker class="Label">
                                          <contents>
                                            <text><![CDATA[Actual Value : ]]></text>
                                          </contents>
                                          <attributes />
                                        </marker>
                                        <text><![CDATA[false
]]></text>
                                      </contents>
                                      <attributes />
                                    </marker>
                                    <text><![CDATA[
]]></text>
                                    <marker class="StackTrace">
                                      <contents>
                                        <text><![CDATA[   at SubSonic.Tests.TransactionWithDtcOffTests.CanRetrieveMultipleEntities_FailsWithoutSharedConnectionScope() in ]]></text>
                                        <marker class="CodeLocation">
                                          <contents>
                                            <text><![CDATA[C:\data\SubsonicRoot\ss2\SubSonic.Tests\TransactionWithDtcOffTests.cs:line 127]]></text>
                                          </contents>
                                          <attributes>
                                            <attribute name="line" value="127" />
                                            <attribute name="path" value="C:\data\SubsonicRoot\ss2\SubSonic.Tests\TransactionWithDtcOffTests.cs" />
                                          </attributes>
                                        </marker>
                                      </contents>
                                      <attributes />
                                    </marker>
                                    <text><![CDATA[
]]></text>
                                  </contents>
                                </section>
                              </contents>
                              <attributes />
                            </marker>
                          </contents>
                        </body>
                      </stream>
                    </streams>
                    <attachments />
                  </testLog>
                </testStepRun>
                <testStepRun startTime="2011-08-05T15:51:12.3993455+09:30" endTime="2011-08-05T15:51:12.5243455+09:30">
                  <testStep id="6cec71032bbe81c0" name="CanRetrieveMultipleEntities_SucceedsWithSharedConnectionScope" fullName="SubSonic.Tests/TransactionWithDtcOffTests/CanRetrieveMultipleEntities_SucceedsWithSharedConnectionScope" testId="710aa2d766b9c833" isPrimary="true" isTestCase="true" isDynamic="false">
                    <codeReference assembly="SubSonic.Tests, Version=2.2.1.0, Culture=neutral, PublicKeyToken=null" namespace="SubSonic.Tests" type="SubSonic.Tests.TransactionWithDtcOffTests" member="CanRetrieveMultipleEntities_SucceedsWithSharedConnectionScope" />
                    <codeLocation path="C:\data\SubsonicRoot\ss2\SubSonic.Tests\TransactionWithDtcOffTests.cs" line="135" />
                    <metadata>
                      <entry key="TestKind">
                        <value>Test</value>
                      </entry>
                    </metadata>
                  </testStep>
                  <children />
                  <result assertCount="0" duration="0.029341199999999998">
                    <outcome status="failed" />
                  </result>
                  <testLog>
                    <streams>
                      <stream name="Failures">
                        <body>
                          <contents>
                            <section name="Execute">
                              <contents>
                                <marker class="Exception">
                                  <contents>
                                    <marker class="ExceptionType">
                                      <contents>
                                        <text><![CDATA[System.Data.SqlClient.SqlException]]></text>
                                      </contents>
                                      <attributes />
                                    </marker>
                                    <text><![CDATA[: ]]></text>
                                    <marker class="ExceptionMessage">
                                      <contents>
                                        <text><![CDATA[Incorrect syntax near the keyword 'ORDER'.]]></text>
                                      </contents>
                                      <attributes />
                                    </marker>
                                    <text><![CDATA[
]]></text>
                                    <marker class="ExceptionPropertyName">
                                      <contents>
                                        <text><![CDATA[Errors]]></text>
                                      </contents>
                                      <attributes />
                                    </marker>
                                    <text><![CDATA[: ]]></text>
                                    <marker class="ExceptionPropertyValue">
                                      <contents>
                                        <text><![CDATA[System.Data.SqlClient.SqlErrorCollection]]></text>
                                      </contents>
                                      <attributes />
                                    </marker>
                                    <text><![CDATA[
]]></text>
                                    <marker class="ExceptionPropertyName">
                                      <contents>
                                        <text><![CDATA[Class]]></text>
                                      </contents>
                                      <attributes />
                                    </marker>
                                    <text><![CDATA[: ]]></text>
                                    <marker class="ExceptionPropertyValue">
                                      <contents>
                                        <text><![CDATA[15]]></text>
                                      </contents>
                                      <attributes />
                                    </marker>
                                    <text><![CDATA[
]]></text>
                                    <marker class="ExceptionPropertyName">
                                      <contents>
                                        <text><![CDATA[LineNumber]]></text>
                                      </contents>
                                      <attributes />
                                    </marker>
                                    <text><![CDATA[: ]]></text>
                                    <marker class="ExceptionPropertyValue">
                                      <contents>
                                        <text><![CDATA[1]]></text>
                                      </contents>
                                      <attributes />
                                    </marker>
                                    <text><![CDATA[
]]></text>
                                    <marker class="ExceptionPropertyName">
                                      <contents>
                                        <text><![CDATA[Number]]></text>
                                      </contents>
                                      <attributes />
                                    </marker>
                                    <text><![CDATA[: ]]></text>
                                    <marker class="ExceptionPropertyValue">
                                      <contents>
                                        <text><![CDATA[156]]></text>
                                      </contents>
                                      <attributes />
                                    </marker>
                                    <text><![CDATA[
]]></text>
                                    <marker class="ExceptionPropertyName">
                                      <contents>
                                        <text><![CDATA[Procedure]]></text>
                                      </contents>
                                      <attributes />
                                    </marker>
                                    <text><![CDATA[: ]]></text>
                                    <marker class="ExceptionPropertyValue">
                                      <contents />
                                      <attributes />
                                    </marker>
                                    <text><![CDATA[
]]></text>
                                    <marker class="ExceptionPropertyName">
                                      <contents>
                                        <text><![CDATA[Server]]></text>
                                      </contents>
                                      <attributes />
                                    </marker>
                                    <text><![CDATA[: ]]></text>
                                    <marker class="ExceptionPropertyValue">
                                      <contents>
                                        <text><![CDATA[ANAXIMANDER\SQLEXPRESS]]></text>
                                      </contents>
                                      <attributes />
                                    </marker>
                                    <text><![CDATA[
]]></text>
                                    <marker class="ExceptionPropertyName">
                                      <contents>
                                        <text><![CDATA[State]]></text>
                                      </contents>
                                      <attributes />
                                    </marker>
                                    <text><![CDATA[: ]]></text>
                                    <marker class="ExceptionPropertyValue">
                                      <contents>
                                        <text><![CDATA[1]]></text>
                                      </contents>
                                      <attributes />
                                    </marker>
                                    <text><![CDATA[
]]></text>
                                    <marker class="ExceptionPropertyName">
                                      <contents>
                                        <text><![CDATA[ErrorCode]]></text>
                                      </contents>
                                      <attributes />
                                    </marker>
                                    <text><![CDATA[: ]]></text>
                                    <marker class="ExceptionPropertyValue">
                                      <contents>
                                        <text><![CDATA[-2146232060]]></text>
                                      </contents>
                                      <attributes />
                                    </marker>
                                    <text><![CDATA[
]]></text>
                                    <marker class="StackTrace">
                                      <contents>
                                        <text><![CDATA[   at System.Data.SqlClient.SqlConnection.OnError(SqlException exception, Boolean breakConnection)
   at System.Data.SqlClient.SqlInternalConnection.OnError(SqlException exception, Boolean breakConnection)
   at System.Data.SqlClient.TdsParser.ThrowExceptionAndWarning(TdsParserStateObject stateObj)
   at System.Data.SqlClient.TdsParser.Run(RunBehavior runBehavior, SqlCommand cmdHandler, SqlDataReader dataStream, BulkCopySimpleResultSet bulkCopyHandler, TdsParserStateObject stateObj)
   at System.Data.SqlClient.SqlDataReader.ConsumeMetaData()
   at System.Data.SqlClient.SqlDataReader.get_MetaData()
   at System.Data.SqlClient.SqlCommand.FinishExecuteReader(SqlDataReader ds, RunBehavior runBehavior, String resetOptionsString)
   at System.Data.SqlClient.SqlCommand.RunExecuteReaderTds(CommandBehavior cmdBehavior, RunBehavior runBehavior, Boolean returnStream, Boolean async)
   at System.Data.SqlClient.SqlCommand.RunExecuteReader(CommandBehavior cmdBehavior, RunBehavior runBehavior, Boolean returnStream, String method, DbAsyncResult result)
   at System.Data.SqlClient.SqlCommand.RunExecuteReader(CommandBehavior cmdBehavior, RunBehavior runBehavior, Boolean returnStream, String method)
   at System.Data.SqlClient.SqlCommand.ExecuteReader(CommandBehavior behavior, String method)
   at System.Data.SqlClient.SqlCommand.ExecuteReader()
   at SubSonic.SqlDataProvider.GetReader(QueryCommand qry) in ]]></text>
                                        <marker class="CodeLocation">
                                          <contents>
                                            <text><![CDATA[C:\data\SubsonicRoot\ss2\SubSonic\DataProviders\SqlDataProvider.cs:line 384]]></text>
                                          </contents>
                                          <attributes>
                                            <attribute name="line" value="384" />
                                            <attribute name="path" value="C:\data\SubsonicRoot\ss2\SubSonic\DataProviders\SqlDataProvider.cs" />
                                          </attributes>
                                        </marker>
                                        <text><![CDATA[
   at SubSonic.DataService.GetReader(QueryCommand cmd) in ]]></text>
                                        <marker class="CodeLocation">
                                          <contents>
                                            <text><![CDATA[C:\data\SubsonicRoot\ss2\SubSonic\DataProviders\DataService.cs:line 506]]></text>
                                          </contents>
                                          <attributes>
                                            <attribute name="line" value="506" />
                                            <attribute name="path" value="C:\data\SubsonicRoot\ss2\SubSonic\DataProviders\DataService.cs" />
                                          </attributes>
                                        </marker>
                                        <text><![CDATA[
   at SubSonic.Query.ExecuteReader() in ]]></text>
                                        <marker class="CodeLocation">
                                          <contents>
                                            <text><![CDATA[C:\data\SubsonicRoot\ss2\SubSonic\Sql Tools\Query.cs:line 1814]]></text>
                                          </contents>
                                          <attributes>
                                            <attribute name="line" value="1814" />
                                            <attribute name="path" value="C:\data\SubsonicRoot\ss2\SubSonic\Sql Tools\Query.cs" />
                                          </attributes>
                                        </marker>
                                        <text><![CDATA[
   at SubSonic.ReadOnlyRecord`1.LoadByKey(Object keyID) in ]]></text>
                                        <marker class="CodeLocation">
                                          <contents>
                                            <text><![CDATA[C:\data\SubsonicRoot\ss2\SubSonic\ActiveRecord\ReadOnlyRecord.cs:line 72]]></text>
                                          </contents>
                                          <attributes>
                                            <attribute name="line" value="72" />
                                            <attribute name="path" value="C:\data\SubsonicRoot\ss2\SubSonic\ActiveRecord\ReadOnlyRecord.cs" />
                                          </attributes>
                                        </marker>
                                        <text><![CDATA[
   at Northwind.Product..ctor(Object keyID) in ]]></text>
                                        <marker class="CodeLocation">
                                          <contents>
                                            <text><![CDATA[C:\data\SubsonicRoot\ss2\SubSonic.Tests\Generated\Northwind\Product.cs:line 93]]></text>
                                          </contents>
                                          <attributes>
                                            <attribute name="line" value="93" />
                                            <attribute name="path" value="C:\data\SubsonicRoot\ss2\SubSonic.Tests\Generated\Northwind\Product.cs" />
                                          </attributes>
                                        </marker>
                                        <text><![CDATA[
   at SubSonic.Tests.TransactionWithDtcOffTests.CanRetrieveMultipleEntities_SucceedsWithSharedConnectionScope() in ]]></text>
                                        <marker class="CodeLocation">
                                          <contents>
                                            <text><![CDATA[C:\data\SubsonicRoot\ss2\SubSonic.Tests\TransactionWithDtcOffTests.cs:line 140]]></text>
                                          </contents>
                                          <attributes>
                                            <attribute name="line" value="140" />
                                            <attribute name="path" value="C:\data\SubsonicRoot\ss2\SubSonic.Tests\TransactionWithDtcOffTests.cs" />
                                          </attributes>
                                        </marker>
                                      </contents>
                                      <attributes />
                                    </marker>
                                  </contents>
                                  <attributes />
                                </marker>
                              </contents>
                            </section>
                          </contents>
                        </body>
                      </stream>
                    </streams>
                    <attachments />
                  </testLog>
                </testStepRun>
                <testStepRun startTime="2011-08-05T15:51:12.5243455+09:30" endTime="2011-08-05T15:51:12.6337205+09:30">
                  <testStep id="2f9be57e99b4ad01" name="NoTransactionScope_CanRetrieveMultipleProducts" fullName="SubSonic.Tests/TransactionWithDtcOffTests/NoTransactionScope_CanRetrieveMultipleProducts" testId="974661575d438355" isPrimary="true" isTestCase="true" isDynamic="false">
                    <codeReference assembly="SubSonic.Tests, Version=2.2.1.0, Culture=neutral, PublicKeyToken=null" namespace="SubSonic.Tests" type="SubSonic.Tests.TransactionWithDtcOffTests" member="NoTransactionScope_CanRetrieveMultipleProducts" />
                    <codeLocation path="C:\data\SubsonicRoot\ss2\SubSonic.Tests\TransactionWithDtcOffTests.cs" line="65" />
                    <metadata>
                      <entry key="TestKind">
                        <value>Test</value>
                      </entry>
                    </metadata>
                  </testStep>
                  <children />
                  <result assertCount="0" duration="0.0132854">
                    <outcome status="failed" />
                  </result>
                  <testLog>
                    <streams>
                      <stream name="Failures">
                        <body>
                          <contents>
                            <section name="Execute">
                              <contents>
                                <marker class="Exception">
                                  <contents>
                                    <marker class="ExceptionType">
                                      <contents>
                                        <text><![CDATA[System.Data.SqlClient.SqlException]]></text>
                                      </contents>
                                      <attributes />
                                    </marker>
                                    <text><![CDATA[: ]]></text>
                                    <marker class="ExceptionMessage">
                                      <contents>
                                        <text><![CDATA[Incorrect syntax near the keyword 'ORDER'.]]></text>
                                      </contents>
                                      <attributes />
                                    </marker>
                                    <text><![CDATA[
]]></text>
                                    <marker class="ExceptionPropertyName">
                                      <contents>
                                        <text><![CDATA[Errors]]></text>
                                      </contents>
                                      <attributes />
                                    </marker>
                                    <text><![CDATA[: ]]></text>
                                    <marker class="ExceptionPropertyValue">
                                      <contents>
                                        <text><![CDATA[System.Data.SqlClient.SqlErrorCollection]]></text>
                                      </contents>
                                      <attributes />
                                    </marker>
                                    <text><![CDATA[
]]></text>
                                    <marker class="ExceptionPropertyName">
                                      <contents>
                                        <text><![CDATA[Class]]></text>
                                      </contents>
                                      <attributes />
                                    </marker>
                                    <text><![CDATA[: ]]></text>
                                    <marker class="ExceptionPropertyValue">
                                      <contents>
                                        <text><![CDATA[15]]></text>
                                      </contents>
                                      <attributes />
                                    </marker>
                                    <text><![CDATA[
]]></text>
                                    <marker class="ExceptionPropertyName">
                                      <contents>
                                        <text><![CDATA[LineNumber]]></text>
                                      </contents>
                                      <attributes />
                                    </marker>
                                    <text><![CDATA[: ]]></text>
                                    <marker class="ExceptionPropertyValue">
                                      <contents>
                                        <text><![CDATA[1]]></text>
                                      </contents>
                                      <attributes />
                                    </marker>
                                    <text><![CDATA[
]]></text>
                                    <marker class="ExceptionPropertyName">
                                      <contents>
                                        <text><![CDATA[Number]]></text>
                                      </contents>
                                      <attributes />
                                    </marker>
                                    <text><![CDATA[: ]]></text>
                                    <marker class="ExceptionPropertyValue">
                                      <contents>
                                        <text><![CDATA[156]]></text>
                                      </contents>
                                      <attributes />
                                    </marker>
                                    <text><![CDATA[
]]></text>
                                    <marker class="ExceptionPropertyName">
                                      <contents>
                                        <text><![CDATA[Procedure]]></text>
                                      </contents>
                                      <attributes />
                                    </marker>
                                    <text><![CDATA[: ]]></text>
                                    <marker class="ExceptionPropertyValue">
                                      <contents />
                                      <attributes />
                                    </marker>
                                    <text><![CDATA[
]]></text>
                                    <marker class="ExceptionPropertyName">
                                      <contents>
                                        <text><![CDATA[Server]]></text>
                                      </contents>
                                      <attributes />
                                    </marker>
                                    <text><![CDATA[: ]]></text>
                                    <marker class="ExceptionPropertyValue">
                                      <contents>
                                        <text><![CDATA[ANAXIMANDER\SQLEXPRESS]]></text>
                                      </contents>
                                      <attributes />
                                    </marker>
                                    <text><![CDATA[
]]></text>
                                    <marker class="ExceptionPropertyName">
                                      <contents>
                                        <text><![CDATA[State]]></text>
                                      </contents>
                                      <attributes />
                                    </marker>
                                    <text><![CDATA[: ]]></text>
                                    <marker class="ExceptionPropertyValue">
                                      <contents>
                                        <text><![CDATA[1]]></text>
                                      </contents>
                                      <attributes />
                                    </marker>
                                    <text><![CDATA[
]]></text>
                                    <marker class="ExceptionPropertyName">
                                      <contents>
                                        <text><![CDATA[ErrorCode]]></text>
                                      </contents>
                                      <attributes />
                                    </marker>
                                    <text><![CDATA[: ]]></text>
                                    <marker class="ExceptionPropertyValue">
                                      <contents>
                                        <text><![CDATA[-2146232060]]></text>
                                      </contents>
                                      <attributes />
                                    </marker>
                                    <text><![CDATA[
]]></text>
                                    <marker class="StackTrace">
                                      <contents>
                                        <text><![CDATA[   at System.Data.SqlClient.SqlConnection.OnError(SqlException exception, Boolean breakConnection)
   at System.Data.SqlClient.SqlInternalConnection.OnError(SqlException exception, Boolean breakConnection)
   at System.Data.SqlClient.TdsParser.ThrowExceptionAndWarning(TdsParserStateObject stateObj)
   at System.Data.SqlClient.TdsParser.Run(RunBehavior runBehavior, SqlCommand cmdHandler, SqlDataReader dataStream, BulkCopySimpleResultSet bulkCopyHandler, TdsParserStateObject stateObj)
   at System.Data.SqlClient.SqlDataReader.ConsumeMetaData()
   at System.Data.SqlClient.SqlDataReader.get_MetaData()
   at System.Data.SqlClient.SqlCommand.FinishExecuteReader(SqlDataReader ds, RunBehavior runBehavior, String resetOptionsString)
   at System.Data.SqlClient.SqlCommand.RunExecuteReaderTds(CommandBehavior cmdBehavior, RunBehavior runBehavior, Boolean returnStream, Boolean async)
   at System.Data.SqlClient.SqlCommand.RunExecuteReader(CommandBehavior cmdBehavior, RunBehavior runBehavior, Boolean returnStream, String method, DbAsyncResult result)
   at System.Data.SqlClient.SqlCommand.RunExecuteReader(CommandBehavior cmdBehavior, RunBehavior runBehavior, Boolean returnStream, String method)
   at System.Data.SqlClient.SqlCommand.ExecuteReader(CommandBehavior behavior, String method)
   at System.Data.SqlClient.SqlCommand.ExecuteReader(CommandBehavior behavior)
   at SubSonic.SqlDataProvider.GetReader(QueryCommand qry) in ]]></text>
                                        <marker class="CodeLocation">
                                          <contents>
                                            <text><![CDATA[C:\data\SubsonicRoot\ss2\SubSonic\DataProviders\SqlDataProvider.cs:line 384]]></text>
                                          </contents>
                                          <attributes>
                                            <attribute name="line" value="384" />
                                            <attribute name="path" value="C:\data\SubsonicRoot\ss2\SubSonic\DataProviders\SqlDataProvider.cs" />
                                          </attributes>
                                        </marker>
                                        <text><![CDATA[
   at SubSonic.DataService.GetReader(QueryCommand cmd) in ]]></text>
                                        <marker class="CodeLocation">
                                          <contents>
                                            <text><![CDATA[C:\data\SubsonicRoot\ss2\SubSonic\DataProviders\DataService.cs:line 506]]></text>
                                          </contents>
                                          <attributes>
                                            <attribute name="line" value="506" />
                                            <attribute name="path" value="C:\data\SubsonicRoot\ss2\SubSonic\DataProviders\DataService.cs" />
                                          </attributes>
                                        </marker>
                                        <text><![CDATA[
   at SubSonic.Query.ExecuteReader() in ]]></text>
                                        <marker class="CodeLocation">
                                          <contents>
                                            <text><![CDATA[C:\data\SubsonicRoot\ss2\SubSonic\Sql Tools\Query.cs:line 1814]]></text>
                                          </contents>
                                          <attributes>
                                            <attribute name="line" value="1814" />
                                            <attribute name="path" value="C:\data\SubsonicRoot\ss2\SubSonic\Sql Tools\Query.cs" />
                                          </attributes>
                                        </marker>
                                        <text><![CDATA[
   at SubSonic.ReadOnlyRecord`1.LoadByKey(Object keyID) in ]]></text>
                                        <marker class="CodeLocation">
                                          <contents>
                                            <text><![CDATA[C:\data\SubsonicRoot\ss2\SubSonic\ActiveRecord\ReadOnlyRecord.cs:line 72]]></text>
                                          </contents>
                                          <attributes>
                                            <attribute name="line" value="72" />
                                            <attribute name="path" value="C:\data\SubsonicRoot\ss2\SubSonic\ActiveRecord\ReadOnlyRecord.cs" />
                                          </attributes>
                                        </marker>
                                        <text><![CDATA[
   at Northwind.Product..ctor(Object keyID) in ]]></text>
                                        <marker class="CodeLocation">
                                          <contents>
                                            <text><![CDATA[C:\data\SubsonicRoot\ss2\SubSonic.Tests\Generated\Northwind\Product.cs:line 93]]></text>
                                          </contents>
                                          <attributes>
                                            <attribute name="line" value="93" />
                                            <attribute name="path" value="C:\data\SubsonicRoot\ss2\SubSonic.Tests\Generated\Northwind\Product.cs" />
                                          </attributes>
                                        </marker>
                                        <text><![CDATA[
   at SubSonic.Tests.TransactionWithDtcOffTests.NoTransactionScope_CanRetrieveMultipleProducts() in ]]></text>
                                        <marker class="CodeLocation">
                                          <contents>
                                            <text><![CDATA[C:\data\SubsonicRoot\ss2\SubSonic.Tests\TransactionWithDtcOffTests.cs:line 66]]></text>
                                          </contents>
                                          <attributes>
                                            <attribute name="line" value="66" />
                                            <attribute name="path" value="C:\data\SubsonicRoot\ss2\SubSonic.Tests\TransactionWithDtcOffTests.cs" />
                                          </attributes>
                                        </marker>
                                      </contents>
                                      <attributes />
                                    </marker>
                                  </contents>
                                  <attributes />
                                </marker>
                              </contents>
                            </section>
                          </contents>
                        </body>
                      </stream>
                    </streams>
                    <attachments />
                  </testLog>
                </testStepRun>
                <testStepRun startTime="2011-08-05T15:51:12.6337205+09:30" endTime="2011-08-05T15:51:12.7274705+09:30">
                  <testStep id="95b266b6f2f8de04" name="NoTransactionScope_CanRetrieveSingleProduct" fullName="SubSonic.Tests/TransactionWithDtcOffTests/NoTransactionScope_CanRetrieveSingleProduct" testId="9053402acf9b34da" isPrimary="true" isTestCase="true" isDynamic="false">
                    <codeReference assembly="SubSonic.Tests, Version=2.2.1.0, Culture=neutral, PublicKeyToken=null" namespace="SubSonic.Tests" type="SubSonic.Tests.TransactionWithDtcOffTests" member="NoTransactionScope_CanRetrieveSingleProduct" />
                    <codeLocation path="C:\data\SubsonicRoot\ss2\SubSonic.Tests\TransactionWithDtcOffTests.cs" line="55" />
                    <metadata>
                      <entry key="TestKind">
                        <value>Test</value>
                      </entry>
                    </metadata>
                  </testStep>
                  <children />
                  <result assertCount="0" duration="0.0096381">
                    <outcome status="failed" />
                  </result>
                  <testLog>
                    <streams>
                      <stream name="Failures">
                        <body>
                          <contents>
                            <section name="Execute">
                              <contents>
                                <marker class="Exception">
                                  <contents>
                                    <marker class="ExceptionType">
                                      <contents>
                                        <text><![CDATA[System.Data.SqlClient.SqlException]]></text>
                                      </contents>
                                      <attributes />
                                    </marker>
                                    <text><![CDATA[: ]]></text>
                                    <marker class="ExceptionMessage">
                                      <contents>
                                        <text><![CDATA[Incorrect syntax near the keyword 'ORDER'.]]></text>
                                      </contents>
                                      <attributes />
                                    </marker>
                                    <text><![CDATA[
]]></text>
                                    <marker class="ExceptionPropertyName">
                                      <contents>
                                        <text><![CDATA[Errors]]></text>
                                      </contents>
                                      <attributes />
                                    </marker>
                                    <text><![CDATA[: ]]></text>
                                    <marker class="ExceptionPropertyValue">
                                      <contents>
                                        <text><![CDATA[System.Data.SqlClient.SqlErrorCollection]]></text>
                                      </contents>
                                      <attributes />
                                    </marker>
                                    <text><![CDATA[
]]></text>
                                    <marker class="ExceptionPropertyName">
                                      <contents>
                                        <text><![CDATA[Class]]></text>
                                      </contents>
                                      <attributes />
                                    </marker>
                                    <text><![CDATA[: ]]></text>
                                    <marker class="ExceptionPropertyValue">
                                      <contents>
                                        <text><![CDATA[15]]></text>
                                      </contents>
                                      <attributes />
                                    </marker>
                                    <text><![CDATA[
]]></text>
                                    <marker class="ExceptionPropertyName">
                                      <contents>
                                        <text><![CDATA[LineNumber]]></text>
                                      </contents>
                                      <attributes />
                                    </marker>
                                    <text><![CDATA[: ]]></text>
                                    <marker class="ExceptionPropertyValue">
                                      <contents>
                                        <text><![CDATA[1]]></text>
                                      </contents>
                                      <attributes />
                                    </marker>
                                    <text><![CDATA[
]]></text>
                                    <marker class="ExceptionPropertyName">
                                      <contents>
                                        <text><![CDATA[Number]]></text>
                                      </contents>
                                      <attributes />
                                    </marker>
                                    <text><![CDATA[: ]]></text>
                                    <marker class="ExceptionPropertyValue">
                                      <contents>
                                        <text><![CDATA[156]]></text>
                                      </contents>
                                      <attributes />
                                    </marker>
                                    <text><![CDATA[
]]></text>
                                    <marker class="ExceptionPropertyName">
                                      <contents>
                                        <text><![CDATA[Procedure]]></text>
                                      </contents>
                                      <attributes />
                                    </marker>
                                    <text><![CDATA[: ]]></text>
                                    <marker class="ExceptionPropertyValue">
                                      <contents />
                                      <attributes />
                                    </marker>
                                    <text><![CDATA[
]]></text>
                                    <marker class="ExceptionPropertyName">
                                      <contents>
                                        <text><![CDATA[Server]]></text>
                                      </contents>
                                      <attributes />
                                    </marker>
                                    <text><![CDATA[: ]]></text>
                                    <marker class="ExceptionPropertyValue">
                                      <contents>
                                        <text><![CDATA[ANAXIMANDER\SQLEXPRESS]]></text>
                                      </contents>
                                      <attributes />
                                    </marker>
                                    <text><![CDATA[
]]></text>
                                    <marker class="ExceptionPropertyName">
                                      <contents>
                                        <text><![CDATA[State]]></text>
                                      </contents>
                                      <attributes />
                                    </marker>
                                    <text><![CDATA[: ]]></text>
                                    <marker class="ExceptionPropertyValue">
                                      <contents>
                                        <text><![CDATA[1]]></text>
                                      </contents>
                                      <attributes />
                                    </marker>
                                    <text><![CDATA[
]]></text>
                                    <marker class="ExceptionPropertyName">
                                      <contents>
                                        <text><![CDATA[ErrorCode]]></text>
                                      </contents>
                                      <attributes />
                                    </marker>
                                    <text><![CDATA[: ]]></text>
                                    <marker class="ExceptionPropertyValue">
                                      <contents>
                                        <text><![CDATA[-2146232060]]></text>
                                      </contents>
                                      <attributes />
                                    </marker>
                                    <text><![CDATA[
]]></text>
                                    <marker class="StackTrace">
                                      <contents>
                                        <text><![CDATA[   at System.Data.SqlClient.SqlConnection.OnError(SqlException exception, Boolean breakConnection)
   at System.Data.SqlClient.SqlInternalConnection.OnError(SqlException exception, Boolean breakConnection)
   at System.Data.SqlClient.TdsParser.ThrowExceptionAndWarning(TdsParserStateObject stateObj)
   at System.Data.SqlClient.TdsParser.Run(RunBehavior runBehavior, SqlCommand cmdHandler, SqlDataReader dataStream, BulkCopySimpleResultSet bulkCopyHandler, TdsParserStateObject stateObj)
   at System.Data.SqlClient.SqlDataReader.ConsumeMetaData()
   at System.Data.SqlClient.SqlDataReader.get_MetaData()
   at System.Data.SqlClient.SqlCommand.FinishExecuteReader(SqlDataReader ds, RunBehavior runBehavior, String resetOptionsString)
   at System.Data.SqlClient.SqlCommand.RunExecuteReaderTds(CommandBehavior cmdBehavior, RunBehavior runBehavior, Boolean returnStream, Boolean async)
   at System.Data.SqlClient.SqlCommand.RunExecuteReader(CommandBehavior cmdBehavior, RunBehavior runBehavior, Boolean returnStream, String method, DbAsyncResult result)
   at System.Data.SqlClient.SqlCommand.RunExecuteReader(CommandBehavior cmdBehavior, RunBehavior runBehavior, Boolean returnStream, String method)
   at System.Data.SqlClient.SqlCommand.ExecuteReader(CommandBehavior behavior, String method)
   at System.Data.SqlClient.SqlCommand.ExecuteReader(CommandBehavior behavior)
   at SubSonic.SqlDataProvider.GetReader(QueryCommand qry) in ]]></text>
                                        <marker class="CodeLocation">
                                          <contents>
                                            <text><![CDATA[C:\data\SubsonicRoot\ss2\SubSonic\DataProviders\SqlDataProvider.cs:line 384]]></text>
                                          </contents>
                                          <attributes>
                                            <attribute name="line" value="384" />
                                            <attribute name="path" value="C:\data\SubsonicRoot\ss2\SubSonic\DataProviders\SqlDataProvider.cs" />
                                          </attributes>
                                        </marker>
                                        <text><![CDATA[
   at SubSonic.DataService.GetReader(QueryCommand cmd) in ]]></text>
                                        <marker class="CodeLocation">
                                          <contents>
                                            <text><![CDATA[C:\data\SubsonicRoot\ss2\SubSonic\DataProviders\DataService.cs:line 506]]></text>
                                          </contents>
                                          <attributes>
                                            <attribute name="line" value="506" />
                                            <attribute name="path" value="C:\data\SubsonicRoot\ss2\SubSonic\DataProviders\DataService.cs" />
                                          </attributes>
                                        </marker>
                                        <text><![CDATA[
   at SubSonic.Query.ExecuteReader() in ]]></text>
                                        <marker class="CodeLocation">
                                          <contents>
                                            <text><![CDATA[C:\data\SubsonicRoot\ss2\SubSonic\Sql Tools\Query.cs:line 1814]]></text>
                                          </contents>
                                          <attributes>
                                            <attribute name="line" value="1814" />
                                            <attribute name="path" value="C:\data\SubsonicRoot\ss2\SubSonic\Sql Tools\Query.cs" />
                                          </attributes>
                                        </marker>
                                        <text><![CDATA[
   at SubSonic.ReadOnlyRecord`1.LoadByKey(Object keyID) in ]]></text>
                                        <marker class="CodeLocation">
                                          <contents>
                                            <text><![CDATA[C:\data\SubsonicRoot\ss2\SubSonic\ActiveRecord\ReadOnlyRecord.cs:line 72]]></text>
                                          </contents>
                                          <attributes>
                                            <attribute name="line" value="72" />
                                            <attribute name="path" value="C:\data\SubsonicRoot\ss2\SubSonic\ActiveRecord\ReadOnlyRecord.cs" />
                                          </attributes>
                                        </marker>
                                        <text><![CDATA[
   at Northwind.Product..ctor(Object keyID) in ]]></text>
                                        <marker class="CodeLocation">
                                          <contents>
                                            <text><![CDATA[C:\data\SubsonicRoot\ss2\SubSonic.Tests\Generated\Northwind\Product.cs:line 93]]></text>
                                          </contents>
                                          <attributes>
                                            <attribute name="line" value="93" />
                                            <attribute name="path" value="C:\data\SubsonicRoot\ss2\SubSonic.Tests\Generated\Northwind\Product.cs" />
                                          </attributes>
                                        </marker>
                                        <text><![CDATA[
   at SubSonic.Tests.TransactionWithDtcOffTests.NoTransactionScope_CanRetrieveSingleProduct() in ]]></text>
                                        <marker class="CodeLocation">
                                          <contents>
                                            <text><![CDATA[C:\data\SubsonicRoot\ss2\SubSonic.Tests\TransactionWithDtcOffTests.cs:line 56]]></text>
                                          </contents>
                                          <attributes>
                                            <attribute name="line" value="56" />
                                            <attribute name="path" value="C:\data\SubsonicRoot\ss2\SubSonic.Tests\TransactionWithDtcOffTests.cs" />
                                          </attributes>
                                        </marker>
                                      </contents>
                                      <attributes />
                                    </marker>
                                  </contents>
                                  <attributes />
                                </marker>
                              </contents>
                            </section>
                          </contents>
                        </body>
                      </stream>
                    </streams>
                    <attachments />
                  </testLog>
                </testStepRun>
                <testStepRun startTime="2011-08-05T15:51:12.7430955+09:30" endTime="2011-08-05T15:51:12.7587205+09:30">
                  <testStep id="349b7c27767d60eb" name="RetrieveMultipleProducts_FailsWithoutSharedConnection" fullName="SubSonic.Tests/TransactionWithDtcOffTests/RetrieveMultipleProducts_FailsWithoutSharedConnection" testId="d05195082be18aed" isPrimary="true" isTestCase="true" isDynamic="false">
                    <codeReference assembly="SubSonic.Tests, Version=2.2.1.0, Culture=neutral, PublicKeyToken=null" namespace="SubSonic.Tests" type="SubSonic.Tests.TransactionWithDtcOffTests" member="RetrieveMultipleProducts_FailsWithoutSharedConnection" />
                    <codeLocation path="C:\data\SubsonicRoot\ss2\SubSonic.Tests\TransactionWithDtcOffTests.cs" line="78" />
                    <metadata>
                      <entry key="TestKind">
                        <value>Test</value>
                      </entry>
                    </metadata>
                  </testStep>
                  <children />
                  <result assertCount="1" duration="0.0871564">
                    <outcome status="failed" />
                  </result>
                  <testLog>
                    <streams>
                      <stream name="Failures">
                        <body>
                          <contents>
                            <marker class="AssertionFailure">
                              <contents>
                                <section name="Expected value to be true.">
                                  <contents>
                                    <text><![CDATA[Incorrect syntax near the keyword 'ORDER'.

]]></text>
                                    <marker class="Monospace">
                                      <contents>
                                        <marker class="Label">
                                          <contents>
                                            <text><![CDATA[Actual Value : ]]></text>
                                          </contents>
                                          <attributes />
                                        </marker>
                                        <text><![CDATA[false
]]></text>
                                      </contents>
                                      <attributes />
                                    </marker>
                                    <text><![CDATA[
]]></text>
                                    <marker class="StackTrace">
                                      <contents>
                                        <text><![CDATA[   at SubSonic.Tests.TransactionWithDtcOffTests.RetrieveMultipleProducts_FailsWithoutSharedConnection() in ]]></text>
                                        <marker class="CodeLocation">
                                          <contents>
                                            <text><![CDATA[C:\data\SubsonicRoot\ss2\SubSonic.Tests\TransactionWithDtcOffTests.cs:line 96]]></text>
                                          </contents>
                                          <attributes>
                                            <attribute name="line" value="96" />
                                            <attribute name="path" value="C:\data\SubsonicRoot\ss2\SubSonic.Tests\TransactionWithDtcOffTests.cs" />
                                          </attributes>
                                        </marker>
                                      </contents>
                                      <attributes />
                                    </marker>
                                    <text><![CDATA[
]]></text>
                                  </contents>
                                </section>
                              </contents>
                              <attributes />
                            </marker>
                          </contents>
                        </body>
                      </stream>
                    </streams>
                    <attachments />
                  </testLog>
                </testStepRun>
                <testStepRun startTime="2011-08-05T15:51:12.7743455+09:30" endTime="2011-08-05T15:51:12.7899705+09:30">
                  <testStep id="d812161ca411bbd0" name="UpdateMultipleProducts_FailsWithoutSharedConnection" fullName="SubSonic.Tests/TransactionWithDtcOffTests/UpdateMultipleProducts_FailsWithoutSharedConnection" testId="2bfb29567a8c1e0a" isPrimary="true" isTestCase="true" isDynamic="false">
                    <codeReference assembly="SubSonic.Tests, Version=2.2.1.0, Culture=neutral, PublicKeyToken=null" namespace="SubSonic.Tests" type="SubSonic.Tests.TransactionWithDtcOffTests" member="UpdateMultipleProducts_FailsWithoutSharedConnection" />
                    <codeLocation path="C:\data\SubsonicRoot\ss2\SubSonic.Tests\TransactionWithDtcOffTests.cs" line="243" />
                    <metadata>
                      <entry key="TestKind">
                        <value>Test</value>
                      </entry>
                    </metadata>
                  </testStep>
                  <children />
                  <result assertCount="1" duration="0.0809771">
                    <outcome status="failed" />
                  </result>
                  <testLog>
                    <streams>
                      <stream name="Failures">
                        <body>
                          <contents>
                            <marker class="AssertionFailure">
                              <contents>
                                <section name="Expected value to be true.">
                                  <contents>
                                    <text><![CDATA[Incorrect syntax near the keyword 'ORDER'.

]]></text>
                                    <marker class="Monospace">
                                      <contents>
                                        <marker class="Label">
                                          <contents>
                                            <text><![CDATA[Actual Value : ]]></text>
                                          </contents>
                                          <attributes />
                                        </marker>
                                        <text><![CDATA[false
]]></text>
                                      </contents>
                                      <attributes />
                                    </marker>
                                    <text><![CDATA[
]]></text>
                                    <marker class="StackTrace">
                                      <contents>
                                        <text><![CDATA[   at SubSonic.Tests.TransactionWithDtcOffTests.UpdateMultipleProducts_FailsWithoutSharedConnection() in ]]></text>
                                        <marker class="CodeLocation">
                                          <contents>
                                            <text><![CDATA[C:\data\SubsonicRoot\ss2\SubSonic.Tests\TransactionWithDtcOffTests.cs:line 258]]></text>
                                          </contents>
                                          <attributes>
                                            <attribute name="line" value="258" />
                                            <attribute name="path" value="C:\data\SubsonicRoot\ss2\SubSonic.Tests\TransactionWithDtcOffTests.cs" />
                                          </attributes>
                                        </marker>
                                      </contents>
                                      <attributes />
                                    </marker>
                                    <text><![CDATA[
]]></text>
                                  </contents>
                                </section>
                              </contents>
                              <attributes />
                            </marker>
                          </contents>
                        </body>
                      </stream>
                    </streams>
                    <attachments />
                  </testLog>
                </testStepRun>
                <testStepRun startTime="2011-08-05T15:51:12.7899705+09:30" endTime="2011-08-05T15:51:12.8993455+09:30">
                  <testStep id="6293f60fdf4aadb4" name="UpdateMultipleProducts_SucceedsWithSharedConnection" fullName="SubSonic.Tests/TransactionWithDtcOffTests/UpdateMultipleProducts_SucceedsWithSharedConnection" testId="cf8c2b87e86a6e43" isPrimary="true" isTestCase="true" isDynamic="false">
                    <codeReference assembly="SubSonic.Tests, Version=2.2.1.0, Culture=neutral, PublicKeyToken=null" namespace="SubSonic.Tests" type="SubSonic.Tests.TransactionWithDtcOffTests" member="UpdateMultipleProducts_SucceedsWithSharedConnection" />
                    <codeLocation path="C:\data\SubsonicRoot\ss2\SubSonic.Tests\TransactionWithDtcOffTests.cs" line="266" />
                    <metadata>
                      <entry key="TestKind">
                        <value>Test</value>
                      </entry>
                    </metadata>
                  </testStep>
                  <children />
                  <result assertCount="0" duration="0.0203152">
                    <outcome status="failed" />
                  </result>
                  <testLog>
                    <streams>
                      <stream name="Failures">
                        <body>
                          <contents>
                            <section name="Execute">
                              <contents>
                                <marker class="Exception">
                                  <contents>
                                    <marker class="ExceptionType">
                                      <contents>
                                        <text><![CDATA[System.Data.SqlClient.SqlException]]></text>
                                      </contents>
                                      <attributes />
                                    </marker>
                                    <text><![CDATA[: ]]></text>
                                    <marker class="ExceptionMessage">
                                      <contents>
                                        <text><![CDATA[Incorrect syntax near the keyword 'ORDER'.]]></text>
                                      </contents>
                                      <attributes />
                                    </marker>
                                    <text><![CDATA[
]]></text>
                                    <marker class="ExceptionPropertyName">
                                      <contents>
                                        <text><![CDATA[Errors]]></text>
                                      </contents>
                                      <attributes />
                                    </marker>
                                    <text><![CDATA[: ]]></text>
                                    <marker class="ExceptionPropertyValue">
                                      <contents>
                                        <text><![CDATA[System.Data.SqlClient.SqlErrorCollection]]></text>
                                      </contents>
                                      <attributes />
                                    </marker>
                                    <text><![CDATA[
]]></text>
                                    <marker class="ExceptionPropertyName">
                                      <contents>
                                        <text><![CDATA[Class]]></text>
                                      </contents>
                                      <attributes />
                                    </marker>
                                    <text><![CDATA[: ]]></text>
                                    <marker class="ExceptionPropertyValue">
                                      <contents>
                                        <text><![CDATA[15]]></text>
                                      </contents>
                                      <attributes />
                                    </marker>
                                    <text><![CDATA[
]]></text>
                                    <marker class="ExceptionPropertyName">
                                      <contents>
                                        <text><![CDATA[LineNumber]]></text>
                                      </contents>
                                      <attributes />
                                    </marker>
                                    <text><![CDATA[: ]]></text>
                                    <marker class="ExceptionPropertyValue">
                                      <contents>
                                        <text><![CDATA[1]]></text>
                                      </contents>
                                      <attributes />
                                    </marker>
                                    <text><![CDATA[
]]></text>
                                    <marker class="ExceptionPropertyName">
                                      <contents>
                                        <text><![CDATA[Number]]></text>
                                      </contents>
                                      <attributes />
                                    </marker>
                                    <text><![CDATA[: ]]></text>
                                    <marker class="ExceptionPropertyValue">
                                      <contents>
                                        <text><![CDATA[156]]></text>
                                      </contents>
                                      <attributes />
                                    </marker>
                                    <text><![CDATA[
]]></text>
                                    <marker class="ExceptionPropertyName">
                                      <contents>
                                        <text><![CDATA[Procedure]]></text>
                                      </contents>
                                      <attributes />
                                    </marker>
                                    <text><![CDATA[: ]]></text>
                                    <marker class="ExceptionPropertyValue">
                                      <contents />
                                      <attributes />
                                    </marker>
                                    <text><![CDATA[
]]></text>
                                    <marker class="ExceptionPropertyName">
                                      <contents>
                                        <text><![CDATA[Server]]></text>
                                      </contents>
                                      <attributes />
                                    </marker>
                                    <text><![CDATA[: ]]></text>
                                    <marker class="ExceptionPropertyValue">
                                      <contents>
                                        <text><![CDATA[ANAXIMANDER\SQLEXPRESS]]></text>
                                      </contents>
                                      <attributes />
                                    </marker>
                                    <text><![CDATA[
]]></text>
                                    <marker class="ExceptionPropertyName">
                                      <contents>
                                        <text><![CDATA[State]]></text>
                                      </contents>
                                      <attributes />
                                    </marker>
                                    <text><![CDATA[: ]]></text>
                                    <marker class="ExceptionPropertyValue">
                                      <contents>
                                        <text><![CDATA[1]]></text>
                                      </contents>
                                      <attributes />
                                    </marker>
                                    <text><![CDATA[
]]></text>
                                    <marker class="ExceptionPropertyName">
                                      <contents>
                                        <text><![CDATA[ErrorCode]]></text>
                                      </contents>
                                      <attributes />
                                    </marker>
                                    <text><![CDATA[: ]]></text>
                                    <marker class="ExceptionPropertyValue">
                                      <contents>
                                        <text><![CDATA[-2146232060]]></text>
                                      </contents>
                                      <attributes />
                                    </marker>
                                    <text><![CDATA[
]]></text>
                                    <marker class="StackTrace">
                                      <contents>
                                        <text><![CDATA[   at System.Data.SqlClient.SqlConnection.OnError(SqlException exception, Boolean breakConnection)
   at System.Data.SqlClient.SqlInternalConnection.OnError(SqlException exception, Boolean breakConnection)
   at System.Data.SqlClient.TdsParser.ThrowExceptionAndWarning(TdsParserStateObject stateObj)
   at System.Data.SqlClient.TdsParser.Run(RunBehavior runBehavior, SqlCommand cmdHandler, SqlDataReader dataStream, BulkCopySimpleResultSet bulkCopyHandler, TdsParserStateObject stateObj)
   at System.Data.SqlClient.SqlDataReader.ConsumeMetaData()
   at System.Data.SqlClient.SqlDataReader.get_MetaData()
   at System.Data.SqlClient.SqlCommand.FinishExecuteReader(SqlDataReader ds, RunBehavior runBehavior, String resetOptionsString)
   at System.Data.SqlClient.SqlCommand.RunExecuteReaderTds(CommandBehavior cmdBehavior, RunBehavior runBehavior, Boolean returnStream, Boolean async)
   at System.Data.SqlClient.SqlCommand.RunExecuteReader(CommandBehavior cmdBehavior, RunBehavior runBehavior, Boolean returnStream, String method, DbAsyncResult result)
   at System.Data.SqlClient.SqlCommand.RunExecuteReader(CommandBehavior cmdBehavior, RunBehavior runBehavior, Boolean returnStream, String method)
   at System.Data.SqlClient.SqlCommand.ExecuteReader(CommandBehavior behavior, String method)
   at System.Data.SqlClient.SqlCommand.ExecuteReader(CommandBehavior behavior)
   at SubSonic.SqlDataProvider.GetReader(QueryCommand qry) in ]]></text>
                                        <marker class="CodeLocation">
                                          <contents>
                                            <text><![CDATA[C:\data\SubsonicRoot\ss2\SubSonic\DataProviders\SqlDataProvider.cs:line 384]]></text>
                                          </contents>
                                          <attributes>
                                            <attribute name="line" value="384" />
                                            <attribute name="path" value="C:\data\SubsonicRoot\ss2\SubSonic\DataProviders\SqlDataProvider.cs" />
                                          </attributes>
                                        </marker>
                                        <text><![CDATA[
   at SubSonic.DataService.GetReader(QueryCommand cmd) in ]]></text>
                                        <marker class="CodeLocation">
                                          <contents>
                                            <text><![CDATA[C:\data\SubsonicRoot\ss2\SubSonic\DataProviders\DataService.cs:line 506]]></text>
                                          </contents>
                                          <attributes>
                                            <attribute name="line" value="506" />
                                            <attribute name="path" value="C:\data\SubsonicRoot\ss2\SubSonic\DataProviders\DataService.cs" />
                                          </attributes>
                                        </marker>
                                        <text><![CDATA[
   at SubSonic.Query.ExecuteReader() in ]]></text>
                                        <marker class="CodeLocation">
                                          <contents>
                                            <text><![CDATA[C:\data\SubsonicRoot\ss2\SubSonic\Sql Tools\Query.cs:line 1814]]></text>
                                          </contents>
                                          <attributes>
                                            <attribute name="line" value="1814" />
                                            <attribute name="path" value="C:\data\SubsonicRoot\ss2\SubSonic\Sql Tools\Query.cs" />
                                          </attributes>
                                        </marker>
                                        <text><![CDATA[
   at SubSonic.ReadOnlyRecord`1.LoadByKey(Object keyID) in ]]></text>
                                        <marker class="CodeLocation">
                                          <contents>
                                            <text><![CDATA[C:\data\SubsonicRoot\ss2\SubSonic\ActiveRecord\ReadOnlyRecord.cs:line 72]]></text>
                                          </contents>
                                          <attributes>
                                            <attribute name="line" value="72" />
                                            <attribute name="path" value="C:\data\SubsonicRoot\ss2\SubSonic\ActiveRecord\ReadOnlyRecord.cs" />
                                          </attributes>
                                        </marker>
                                        <text><![CDATA[
   at Northwind.Product..ctor(Object keyID) in ]]></text>
                                        <marker class="CodeLocation">
                                          <contents>
                                            <text><![CDATA[C:\data\SubsonicRoot\ss2\SubSonic.Tests\Generated\Northwind\Product.cs:line 93]]></text>
                                          </contents>
                                          <attributes>
                                            <attribute name="line" value="93" />
                                            <attribute name="path" value="C:\data\SubsonicRoot\ss2\SubSonic.Tests\Generated\Northwind\Product.cs" />
                                          </attributes>
                                        </marker>
                                        <text><![CDATA[
   at SubSonic.Tests.TransactionWithDtcOffTests.UpdateMultipleProducts_SucceedsWithSharedConnection() in ]]></text>
                                        <marker class="CodeLocation">
                                          <contents>
                                            <text><![CDATA[C:\data\SubsonicRoot\ss2\SubSonic.Tests\TransactionWithDtcOffTests.cs:line 267]]></text>
                                          </contents>
                                          <attributes>
                                            <attribute name="line" value="267" />
                                            <attribute name="path" value="C:\data\SubsonicRoot\ss2\SubSonic.Tests\TransactionWithDtcOffTests.cs" />
                                          </attributes>
                                        </marker>
                                      </contents>
                                      <attributes />
                                    </marker>
                                  </contents>
                                  <attributes />
                                </marker>
                              </contents>
                            </section>
                          </contents>
                        </body>
                      </stream>
                    </streams>
                    <attachments />
                  </testLog>
                </testStepRun>
                <testStepRun startTime="2011-08-05T15:51:12.8993455+09:30" endTime="2011-08-05T15:51:13.0243455+09:30">
                  <testStep id="5c440c988d85ee48" name="UpdateSingleProduct_CommitChangeToDatabase" fullName="SubSonic.Tests/TransactionWithDtcOffTests/UpdateSingleProduct_CommitChangeToDatabase" testId="f61847d15bae9d7c" isPrimary="true" isTestCase="true" isDynamic="false">
                    <codeReference assembly="SubSonic.Tests, Version=2.2.1.0, Culture=neutral, PublicKeyToken=null" namespace="SubSonic.Tests" type="SubSonic.Tests.TransactionWithDtcOffTests" member="UpdateSingleProduct_CommitChangeToDatabase" />
                    <codeLocation path="C:\data\SubsonicRoot\ss2\SubSonic.Tests\TransactionWithDtcOffTests.cs" line="219" />
                    <metadata>
                      <entry key="TestKind">
                        <value>Test</value>
                      </entry>
                    </metadata>
                  </testStep>
                  <children />
                  <result assertCount="0" duration="0.0264595">
                    <outcome status="failed" />
                  </result>
                  <testLog>
                    <streams>
                      <stream name="Failures">
                        <body>
                          <contents>
                            <section name="Execute">
                              <contents>
                                <marker class="Exception">
                                  <contents>
                                    <marker class="ExceptionType">
                                      <contents>
                                        <text><![CDATA[System.Data.SqlClient.SqlException]]></text>
                                      </contents>
                                      <attributes />
                                    </marker>
                                    <text><![CDATA[: ]]></text>
                                    <marker class="ExceptionMessage">
                                      <contents>
                                        <text><![CDATA[Incorrect syntax near the keyword 'ORDER'.]]></text>
                                      </contents>
                                      <attributes />
                                    </marker>
                                    <text><![CDATA[
]]></text>
                                    <marker class="ExceptionPropertyName">
                                      <contents>
                                        <text><![CDATA[Errors]]></text>
                                      </contents>
                                      <attributes />
                                    </marker>
                                    <text><![CDATA[: ]]></text>
                                    <marker class="ExceptionPropertyValue">
                                      <contents>
                                        <text><![CDATA[System.Data.SqlClient.SqlErrorCollection]]></text>
                                      </contents>
                                      <attributes />
                                    </marker>
                                    <text><![CDATA[
]]></text>
                                    <marker class="ExceptionPropertyName">
                                      <contents>
                                        <text><![CDATA[Class]]></text>
                                      </contents>
                                      <attributes />
                                    </marker>
                                    <text><![CDATA[: ]]></text>
                                    <marker class="ExceptionPropertyValue">
                                      <contents>
                                        <text><![CDATA[15]]></text>
                                      </contents>
                                      <attributes />
                                    </marker>
                                    <text><![CDATA[
]]></text>
                                    <marker class="ExceptionPropertyName">
                                      <contents>
                                        <text><![CDATA[LineNumber]]></text>
                                      </contents>
                                      <attributes />
                                    </marker>
                                    <text><![CDATA[: ]]></text>
                                    <marker class="ExceptionPropertyValue">
                                      <contents>
                                        <text><![CDATA[1]]></text>
                                      </contents>
                                      <attributes />
                                    </marker>
                                    <text><![CDATA[
]]></text>
                                    <marker class="ExceptionPropertyName">
                                      <contents>
                                        <text><![CDATA[Number]]></text>
                                      </contents>
                                      <attributes />
                                    </marker>
                                    <text><![CDATA[: ]]></text>
                                    <marker class="ExceptionPropertyValue">
                                      <contents>
                                        <text><![CDATA[156]]></text>
                                      </contents>
                                      <attributes />
                                    </marker>
                                    <text><![CDATA[
]]></text>
                                    <marker class="ExceptionPropertyName">
                                      <contents>
                                        <text><![CDATA[Procedure]]></text>
                                      </contents>
                                      <attributes />
                                    </marker>
                                    <text><![CDATA[: ]]></text>
                                    <marker class="ExceptionPropertyValue">
                                      <contents />
                                      <attributes />
                                    </marker>
                                    <text><![CDATA[
]]></text>
                                    <marker class="ExceptionPropertyName">
                                      <contents>
                                        <text><![CDATA[Server]]></text>
                                      </contents>
                                      <attributes />
                                    </marker>
                                    <text><![CDATA[: ]]></text>
                                    <marker class="ExceptionPropertyValue">
                                      <contents>
                                        <text><![CDATA[ANAXIMANDER\SQLEXPRESS]]></text>
                                      </contents>
                                      <attributes />
                                    </marker>
                                    <text><![CDATA[
]]></text>
                                    <marker class="ExceptionPropertyName">
                                      <contents>
                                        <text><![CDATA[State]]></text>
                                      </contents>
                                      <attributes />
                                    </marker>
                                    <text><![CDATA[: ]]></text>
                                    <marker class="ExceptionPropertyValue">
                                      <contents>
                                        <text><![CDATA[1]]></text>
                                      </contents>
                                      <attributes />
                                    </marker>
                                    <text><![CDATA[
]]></text>
                                    <marker class="ExceptionPropertyName">
                                      <contents>
                                        <text><![CDATA[ErrorCode]]></text>
                                      </contents>
                                      <attributes />
                                    </marker>
                                    <text><![CDATA[: ]]></text>
                                    <marker class="ExceptionPropertyValue">
                                      <contents>
                                        <text><![CDATA[-2146232060]]></text>
                                      </contents>
                                      <attributes />
                                    </marker>
                                    <text><![CDATA[
]]></text>
                                    <marker class="StackTrace">
                                      <contents>
                                        <text><![CDATA[   at System.Data.SqlClient.SqlConnection.OnError(SqlException exception, Boolean breakConnection)
   at System.Data.SqlClient.SqlInternalConnection.OnError(SqlException exception, Boolean breakConnection)
   at System.Data.SqlClient.TdsParser.ThrowExceptionAndWarning(TdsParserStateObject stateObj)
   at System.Data.SqlClient.TdsParser.Run(RunBehavior runBehavior, SqlCommand cmdHandler, SqlDataReader dataStream, BulkCopySimpleResultSet bulkCopyHandler, TdsParserStateObject stateObj)
   at System.Data.SqlClient.SqlDataReader.ConsumeMetaData()
   at System.Data.SqlClient.SqlDataReader.get_MetaData()
   at System.Data.SqlClient.SqlCommand.FinishExecuteReader(SqlDataReader ds, RunBehavior runBehavior, String resetOptionsString)
   at System.Data.SqlClient.SqlCommand.RunExecuteReaderTds(CommandBehavior cmdBehavior, RunBehavior runBehavior, Boolean returnStream, Boolean async)
   at System.Data.SqlClient.SqlCommand.RunExecuteReader(CommandBehavior cmdBehavior, RunBehavior runBehavior, Boolean returnStream, String method, DbAsyncResult result)
   at System.Data.SqlClient.SqlCommand.RunExecuteReader(CommandBehavior cmdBehavior, RunBehavior runBehavior, Boolean returnStream, String method)
   at System.Data.SqlClient.SqlCommand.ExecuteReader(CommandBehavior behavior, String method)
   at System.Data.SqlClient.SqlCommand.ExecuteReader()
   at SubSonic.SqlDataProvider.GetReader(QueryCommand qry) in ]]></text>
                                        <marker class="CodeLocation">
                                          <contents>
                                            <text><![CDATA[C:\data\SubsonicRoot\ss2\SubSonic\DataProviders\SqlDataProvider.cs:line 384]]></text>
                                          </contents>
                                          <attributes>
                                            <attribute name="line" value="384" />
                                            <attribute name="path" value="C:\data\SubsonicRoot\ss2\SubSonic\DataProviders\SqlDataProvider.cs" />
                                          </attributes>
                                        </marker>
                                        <text><![CDATA[
   at SubSonic.DataService.GetReader(QueryCommand cmd) in ]]></text>
                                        <marker class="CodeLocation">
                                          <contents>
                                            <text><![CDATA[C:\data\SubsonicRoot\ss2\SubSonic\DataProviders\DataService.cs:line 506]]></text>
                                          </contents>
                                          <attributes>
                                            <attribute name="line" value="506" />
                                            <attribute name="path" value="C:\data\SubsonicRoot\ss2\SubSonic\DataProviders\DataService.cs" />
                                          </attributes>
                                        </marker>
                                        <text><![CDATA[
   at SubSonic.Query.ExecuteReader() in ]]></text>
                                        <marker class="CodeLocation">
                                          <contents>
                                            <text><![CDATA[C:\data\SubsonicRoot\ss2\SubSonic\Sql Tools\Query.cs:line 1814]]></text>
                                          </contents>
                                          <attributes>
                                            <attribute name="line" value="1814" />
                                            <attribute name="path" value="C:\data\SubsonicRoot\ss2\SubSonic\Sql Tools\Query.cs" />
                                          </attributes>
                                        </marker>
                                        <text><![CDATA[
   at SubSonic.ReadOnlyRecord`1.LoadByKey(Object keyID) in ]]></text>
                                        <marker class="CodeLocation">
                                          <contents>
                                            <text><![CDATA[C:\data\SubsonicRoot\ss2\SubSonic\ActiveRecord\ReadOnlyRecord.cs:line 72]]></text>
                                          </contents>
                                          <attributes>
                                            <attribute name="line" value="72" />
                                            <attribute name="path" value="C:\data\SubsonicRoot\ss2\SubSonic\ActiveRecord\ReadOnlyRecord.cs" />
                                          </attributes>
                                        </marker>
                                        <text><![CDATA[
   at Northwind.Product..ctor(Object keyID) in ]]></text>
                                        <marker class="CodeLocation">
                                          <contents>
                                            <text><![CDATA[C:\data\SubsonicRoot\ss2\SubSonic.Tests\Generated\Northwind\Product.cs:line 93]]></text>
                                          </contents>
                                          <attributes>
                                            <attribute name="line" value="93" />
                                            <attribute name="path" value="C:\data\SubsonicRoot\ss2\SubSonic.Tests\Generated\Northwind\Product.cs" />
                                          </attributes>
                                        </marker>
                                        <text><![CDATA[
   at SubSonic.Tests.TransactionWithDtcOffTests.UpdateProduct(Int32 productId, String productName) in ]]></text>
                                        <marker class="CodeLocation">
                                          <contents>
                                            <text><![CDATA[C:\data\SubsonicRoot\ss2\SubSonic.Tests\TransactionWithDtcOffTests.cs:line 410]]></text>
                                          </contents>
                                          <attributes>
                                            <attribute name="line" value="410" />
                                            <attribute name="path" value="C:\data\SubsonicRoot\ss2\SubSonic.Tests\TransactionWithDtcOffTests.cs" />
                                          </attributes>
                                        </marker>
                                        <text><![CDATA[
   at SubSonic.Tests.TransactionWithDtcOffTests.SaveProduct(Int32 productId, String productName) in ]]></text>
                                        <marker class="CodeLocation">
                                          <contents>
                                            <text><![CDATA[C:\data\SubsonicRoot\ss2\SubSonic.Tests\TransactionWithDtcOffTests.cs:line 398]]></text>
                                          </contents>
                                          <attributes>
                                            <attribute name="line" value="398" />
                                            <attribute name="path" value="C:\data\SubsonicRoot\ss2\SubSonic.Tests\TransactionWithDtcOffTests.cs" />
                                          </attributes>
                                        </marker>
                                        <text><![CDATA[
   at SubSonic.Tests.TransactionWithDtcOffTests.UpdateSingleProduct_CommitChangeToDatabase() in ]]></text>
                                        <marker class="CodeLocation">
                                          <contents>
                                            <text><![CDATA[C:\data\SubsonicRoot\ss2\SubSonic.Tests\TransactionWithDtcOffTests.cs:line 226]]></text>
                                          </contents>
                                          <attributes>
                                            <attribute name="line" value="226" />
                                            <attribute name="path" value="C:\data\SubsonicRoot\ss2\SubSonic.Tests\TransactionWithDtcOffTests.cs" />
                                          </attributes>
                                        </marker>
                                      </contents>
                                      <attributes />
                                    </marker>
                                  </contents>
                                  <attributes />
                                </marker>
                              </contents>
                            </section>
                          </contents>
                        </body>
                      </stream>
                    </streams>
                    <attachments />
                  </testLog>
                </testStepRun>
                <testStepRun startTime="2011-08-05T15:51:13.0243455+09:30" endTime="2011-08-05T15:51:13.1493455+09:30">
                  <testStep id="cbaf2562c0afc104" name="UpdateSingleProduct_SucceedsUsingSharedConnection" fullName="SubSonic.Tests/TransactionWithDtcOffTests/UpdateSingleProduct_SucceedsUsingSharedConnection" testId="c1645f8c4a9f20ab" isPrimary="true" isTestCase="true" isDynamic="false">
                    <codeReference assembly="SubSonic.Tests, Version=2.2.1.0, Culture=neutral, PublicKeyToken=null" namespace="SubSonic.Tests" type="SubSonic.Tests.TransactionWithDtcOffTests" member="UpdateSingleProduct_SucceedsUsingSharedConnection" />
                    <codeLocation path="C:\data\SubsonicRoot\ss2\SubSonic.Tests\TransactionWithDtcOffTests.cs" line="159" />
                    <metadata>
                      <entry key="TestKind">
                        <value>Test</value>
                      </entry>
                    </metadata>
                  </testStep>
                  <children />
                  <result assertCount="0" duration="0.0099396">
                    <outcome status="failed" />
                  </result>
                  <testLog>
                    <streams>
                      <stream name="Failures">
                        <body>
                          <contents>
                            <section name="Execute">
                              <contents>
                                <marker class="Exception">
                                  <contents>
                                    <marker class="ExceptionType">
                                      <contents>
                                        <text><![CDATA[System.Data.SqlClient.SqlException]]></text>
                                      </contents>
                                      <attributes />
                                    </marker>
                                    <text><![CDATA[: ]]></text>
                                    <marker class="ExceptionMessage">
                                      <contents>
                                        <text><![CDATA[Incorrect syntax near the keyword 'ORDER'.]]></text>
                                      </contents>
                                      <attributes />
                                    </marker>
                                    <text><![CDATA[
]]></text>
                                    <marker class="ExceptionPropertyName">
                                      <contents>
                                        <text><![CDATA[Errors]]></text>
                                      </contents>
                                      <attributes />
                                    </marker>
                                    <text><![CDATA[: ]]></text>
                                    <marker class="ExceptionPropertyValue">
                                      <contents>
                                        <text><![CDATA[System.Data.SqlClient.SqlErrorCollection]]></text>
                                      </contents>
                                      <attributes />
                                    </marker>
                                    <text><![CDATA[
]]></text>
                                    <marker class="ExceptionPropertyName">
                                      <contents>
                                        <text><![CDATA[Class]]></text>
                                      </contents>
                                      <attributes />
                                    </marker>
                                    <text><![CDATA[: ]]></text>
                                    <marker class="ExceptionPropertyValue">
                                      <contents>
                                        <text><![CDATA[15]]></text>
                                      </contents>
                                      <attributes />
                                    </marker>
                                    <text><![CDATA[
]]></text>
                                    <marker class="ExceptionPropertyName">
                                      <contents>
                                        <text><![CDATA[LineNumber]]></text>
                                      </contents>
                                      <attributes />
                                    </marker>
                                    <text><![CDATA[: ]]></text>
                                    <marker class="ExceptionPropertyValue">
                                      <contents>
                                        <text><![CDATA[1]]></text>
                                      </contents>
                                      <attributes />
                                    </marker>
                                    <text><![CDATA[
]]></text>
                                    <marker class="ExceptionPropertyName">
                                      <contents>
                                        <text><![CDATA[Number]]></text>
                                      </contents>
                                      <attributes />
                                    </marker>
                                    <text><![CDATA[: ]]></text>
                                    <marker class="ExceptionPropertyValue">
                                      <contents>
                                        <text><![CDATA[156]]></text>
                                      </contents>
                                      <attributes />
                                    </marker>
                                    <text><![CDATA[
]]></text>
                                    <marker class="ExceptionPropertyName">
                                      <contents>
                                        <text><![CDATA[Procedure]]></text>
                                      </contents>
                                      <attributes />
                                    </marker>
                                    <text><![CDATA[: ]]></text>
                                    <marker class="ExceptionPropertyValue">
                                      <contents />
                                      <attributes />
                                    </marker>
                                    <text><![CDATA[
]]></text>
                                    <marker class="ExceptionPropertyName">
                                      <contents>
                                        <text><![CDATA[Server]]></text>
                                      </contents>
                                      <attributes />
                                    </marker>
                                    <text><![CDATA[: ]]></text>
                                    <marker class="ExceptionPropertyValue">
                                      <contents>
                                        <text><![CDATA[ANAXIMANDER\SQLEXPRESS]]></text>
                                      </contents>
                                      <attributes />
                                    </marker>
                                    <text><![CDATA[
]]></text>
                                    <marker class="ExceptionPropertyName">
                                      <contents>
                                        <text><![CDATA[State]]></text>
                                      </contents>
                                      <attributes />
                                    </marker>
                                    <text><![CDATA[: ]]></text>
                                    <marker class="ExceptionPropertyValue">
                                      <contents>
                                        <text><![CDATA[1]]></text>
                                      </contents>
                                      <attributes />
                                    </marker>
                                    <text><![CDATA[
]]></text>
                                    <marker class="ExceptionPropertyName">
                                      <contents>
                                        <text><![CDATA[ErrorCode]]></text>
                                      </contents>
                                      <attributes />
                                    </marker>
                                    <text><![CDATA[: ]]></text>
                                    <marker class="ExceptionPropertyValue">
                                      <contents>
                                        <text><![CDATA[-2146232060]]></text>
                                      </contents>
                                      <attributes />
                                    </marker>
                                    <text><![CDATA[
]]></text>
                                    <marker class="StackTrace">
                                      <contents>
                                        <text><![CDATA[   at System.Data.SqlClient.SqlConnection.OnError(SqlException exception, Boolean breakConnection)
   at System.Data.SqlClient.SqlInternalConnection.OnError(SqlException exception, Boolean breakConnection)
   at System.Data.SqlClient.TdsParser.ThrowExceptionAndWarning(TdsParserStateObject stateObj)
   at System.Data.SqlClient.TdsParser.Run(RunBehavior runBehavior, SqlCommand cmdHandler, SqlDataReader dataStream, BulkCopySimpleResultSet bulkCopyHandler, TdsParserStateObject stateObj)
   at System.Data.SqlClient.SqlDataReader.ConsumeMetaData()
   at System.Data.SqlClient.SqlDataReader.get_MetaData()
   at System.Data.SqlClient.SqlCommand.FinishExecuteReader(SqlDataReader ds, RunBehavior runBehavior, String resetOptionsString)
   at System.Data.SqlClient.SqlCommand.RunExecuteReaderTds(CommandBehavior cmdBehavior, RunBehavior runBehavior, Boolean returnStream, Boolean async)
   at System.Data.SqlClient.SqlCommand.RunExecuteReader(CommandBehavior cmdBehavior, RunBehavior runBehavior, Boolean returnStream, String method, DbAsyncResult result)
   at System.Data.SqlClient.SqlCommand.RunExecuteReader(CommandBehavior cmdBehavior, RunBehavior runBehavior, Boolean returnStream, String method)
   at System.Data.SqlClient.SqlCommand.ExecuteReader(CommandBehavior behavior, String method)
   at System.Data.SqlClient.SqlCommand.ExecuteReader()
   at SubSonic.SqlDataProvider.GetReader(QueryCommand qry) in ]]></text>
                                        <marker class="CodeLocation">
                                          <contents>
                                            <text><![CDATA[C:\data\SubsonicRoot\ss2\SubSonic\DataProviders\SqlDataProvider.cs:line 384]]></text>
                                          </contents>
                                          <attributes>
                                            <attribute name="line" value="384" />
                                            <attribute name="path" value="C:\data\SubsonicRoot\ss2\SubSonic\DataProviders\SqlDataProvider.cs" />
                                          </attributes>
                                        </marker>
                                        <text><![CDATA[
   at SubSonic.DataService.GetReader(QueryCommand cmd) in ]]></text>
                                        <marker class="CodeLocation">
                                          <contents>
                                            <text><![CDATA[C:\data\SubsonicRoot\ss2\SubSonic\DataProviders\DataService.cs:line 506]]></text>
                                          </contents>
                                          <attributes>
                                            <attribute name="line" value="506" />
                                            <attribute name="path" value="C:\data\SubsonicRoot\ss2\SubSonic\DataProviders\DataService.cs" />
                                          </attributes>
                                        </marker>
                                        <text><![CDATA[
   at SubSonic.Query.ExecuteReader() in ]]></text>
                                        <marker class="CodeLocation">
                                          <contents>
                                            <text><![CDATA[C:\data\SubsonicRoot\ss2\SubSonic\Sql Tools\Query.cs:line 1814]]></text>
                                          </contents>
                                          <attributes>
                                            <attribute name="line" value="1814" />
                                            <attribute name="path" value="C:\data\SubsonicRoot\ss2\SubSonic\Sql Tools\Query.cs" />
                                          </attributes>
                                        </marker>
                                        <text><![CDATA[
   at SubSonic.ReadOnlyRecord`1.LoadByKey(Object keyID) in ]]></text>
                                        <marker class="CodeLocation">
                                          <contents>
                                            <text><![CDATA[C:\data\SubsonicRoot\ss2\SubSonic\ActiveRecord\ReadOnlyRecord.cs:line 72]]></text>
                                          </contents>
                                          <attributes>
                                            <attribute name="line" value="72" />
                                            <attribute name="path" value="C:\data\SubsonicRoot\ss2\SubSonic\ActiveRecord\ReadOnlyRecord.cs" />
                                          </attributes>
                                        </marker>
                                        <text><![CDATA[
   at Northwind.Product..ctor(Object keyID) in ]]></text>
                                        <marker class="CodeLocation">
                                          <contents>
                                            <text><![CDATA[C:\data\SubsonicRoot\ss2\SubSonic.Tests\Generated\Northwind\Product.cs:line 93]]></text>
                                          </contents>
                                          <attributes>
                                            <attribute name="line" value="93" />
                                            <attribute name="path" value="C:\data\SubsonicRoot\ss2\SubSonic.Tests\Generated\Northwind\Product.cs" />
                                          </attributes>
                                        </marker>
                                        <text><![CDATA[
   at SubSonic.Tests.TransactionWithDtcOffTests.UpdateProduct(Int32 productId, String productName) in ]]></text>
                                        <marker class="CodeLocation">
                                          <contents>
                                            <text><![CDATA[C:\data\SubsonicRoot\ss2\SubSonic.Tests\TransactionWithDtcOffTests.cs:line 410]]></text>
                                          </contents>
                                          <attributes>
                                            <attribute name="line" value="410" />
                                            <attribute name="path" value="C:\data\SubsonicRoot\ss2\SubSonic.Tests\TransactionWithDtcOffTests.cs" />
                                          </attributes>
                                        </marker>
                                        <text><![CDATA[
   at SubSonic.Tests.TransactionWithDtcOffTests.SaveProduct(Int32 productId, String productName) in ]]></text>
                                        <marker class="CodeLocation">
                                          <contents>
                                            <text><![CDATA[C:\data\SubsonicRoot\ss2\SubSonic.Tests\TransactionWithDtcOffTests.cs:line 398]]></text>
                                          </contents>
                                          <attributes>
                                            <attribute name="line" value="398" />
                                            <attribute name="path" value="C:\data\SubsonicRoot\ss2\SubSonic.Tests\TransactionWithDtcOffTests.cs" />
                                          </attributes>
                                        </marker>
                                        <text><![CDATA[
   at SubSonic.Tests.TransactionWithDtcOffTests.UpdateSingleProduct_SucceedsUsingSharedConnection() in ]]></text>
                                        <marker class="CodeLocation">
                                          <contents>
                                            <text><![CDATA[C:\data\SubsonicRoot\ss2\SubSonic.Tests\TransactionWithDtcOffTests.cs:line 163]]></text>
                                          </contents>
                                          <attributes>
                                            <attribute name="line" value="163" />
                                            <attribute name="path" value="C:\data\SubsonicRoot\ss2\SubSonic.Tests\TransactionWithDtcOffTests.cs" />
                                          </attributes>
                                        </marker>
                                      </contents>
                                      <attributes />
                                    </marker>
                                  </contents>
                                  <attributes />
                                </marker>
                              </contents>
                            </section>
                          </contents>
                        </body>
                      </stream>
                    </streams>
                    <attachments />
                  </testLog>
                </testStepRun>
                <testStepRun startTime="2011-08-05T15:51:13.1493455+09:30" endTime="2011-08-05T15:51:13.1805955+09:30">
                  <testStep id="f2c5beaa8c23ae7f" name="UpdateSingleProductRetrieveMultipleProducts_FailsWithoutSharedConnection" fullName="SubSonic.Tests/TransactionWithDtcOffTests/UpdateSingleProductRetrieveMultipleProducts_FailsWithoutSharedConnection" testId="8e42c869bec9e786" isPrimary="true" isTestCase="true" isDynamic="false">
                    <codeReference assembly="SubSonic.Tests, Version=2.2.1.0, Culture=neutral, PublicKeyToken=null" namespace="SubSonic.Tests" type="SubSonic.Tests.TransactionWithDtcOffTests" member="UpdateSingleProductRetrieveMultipleProducts_FailsWithoutSharedConnection" />
                    <codeLocation path="C:\data\SubsonicRoot\ss2\SubSonic.Tests\TransactionWithDtcOffTests.cs" line="172" />
                    <metadata>
                      <entry key="TestKind">
                        <value>Test</value>
                      </entry>
                    </metadata>
                  </testStep>
                  <children />
                  <result assertCount="1" duration="0.0083346">
                    <outcome status="failed" />
                  </result>
                  <testLog>
                    <streams>
                      <stream name="Failures">
                        <body>
                          <contents>
                            <marker class="AssertionFailure">
                              <contents>
                                <section name="Expected value to be true.">
                                  <contents>
                                    <text><![CDATA[Incorrect syntax near the keyword 'ORDER'.

]]></text>
                                    <marker class="Monospace">
                                      <contents>
                                        <marker class="Label">
                                          <contents>
                                            <text><![CDATA[Actual Value : ]]></text>
                                          </contents>
                                          <attributes />
                                        </marker>
                                        <text><![CDATA[false
]]></text>
                                      </contents>
                                      <attributes />
                                    </marker>
                                    <text><![CDATA[
]]></text>
                                    <marker class="StackTrace">
                                      <contents>
                                        <text><![CDATA[   at SubSonic.Tests.TransactionWithDtcOffTests.UpdateSingleProductRetrieveMultipleProducts_FailsWithoutSharedConnection() in ]]></text>
                                        <marker class="CodeLocation">
                                          <contents>
                                            <text><![CDATA[C:\data\SubsonicRoot\ss2\SubSonic.Tests\TransactionWithDtcOffTests.cs:line 189]]></text>
                                          </contents>
                                          <attributes>
                                            <attribute name="line" value="189" />
                                            <attribute name="path" value="C:\data\SubsonicRoot\ss2\SubSonic.Tests\TransactionWithDtcOffTests.cs" />
                                          </attributes>
                                        </marker>
                                      </contents>
                                      <attributes />
                                    </marker>
                                    <text><![CDATA[
]]></text>
                                  </contents>
                                </section>
                              </contents>
                              <attributes />
                            </marker>
                          </contents>
                        </body>
                      </stream>
                    </streams>
                    <attachments />
                  </testLog>
                </testStepRun>
                <testStepRun startTime="2011-08-05T15:51:13.1805955+09:30" endTime="2011-08-05T15:51:13.2899705+09:30">
                  <testStep id="becd7d74ab7ba6b" name="UpdateSingleProductRetrieveMultipleProducts_SucceedsWithSharedConnection" fullName="SubSonic.Tests/TransactionWithDtcOffTests/UpdateSingleProductRetrieveMultipleProducts_SucceedsWithSharedConnection" testId="32f81b0fb6408d6e" isPrimary="true" isTestCase="true" isDynamic="false">
                    <codeReference assembly="SubSonic.Tests, Version=2.2.1.0, Culture=neutral, PublicKeyToken=null" namespace="SubSonic.Tests" type="SubSonic.Tests.TransactionWithDtcOffTests" member="UpdateSingleProductRetrieveMultipleProducts_SucceedsWithSharedConnection" />
                    <codeLocation path="C:\data\SubsonicRoot\ss2\SubSonic.Tests\TransactionWithDtcOffTests.cs" line="197" />
                    <metadata>
                      <entry key="TestKind">
                        <value>Test</value>
                      </entry>
                    </metadata>
                  </testStep>
                  <children />
                  <result assertCount="0" duration="0.025508">
                    <outcome status="failed" />
                  </result>
                  <testLog>
                    <streams>
                      <stream name="Failures">
                        <body>
                          <contents>
                            <section name="Execute">
                              <contents>
                                <marker class="Exception">
                                  <contents>
                                    <marker class="ExceptionType">
                                      <contents>
                                        <text><![CDATA[System.Data.SqlClient.SqlException]]></text>
                                      </contents>
                                      <attributes />
                                    </marker>
                                    <text><![CDATA[: ]]></text>
                                    <marker class="ExceptionMessage">
                                      <contents>
                                        <text><![CDATA[Incorrect syntax near the keyword 'ORDER'.]]></text>
                                      </contents>
                                      <attributes />
                                    </marker>
                                    <text><![CDATA[
]]></text>
                                    <marker class="ExceptionPropertyName">
                                      <contents>
                                        <text><![CDATA[Errors]]></text>
                                      </contents>
                                      <attributes />
                                    </marker>
                                    <text><![CDATA[: ]]></text>
                                    <marker class="ExceptionPropertyValue">
                                      <contents>
                                        <text><![CDATA[System.Data.SqlClient.SqlErrorCollection]]></text>
                                      </contents>
                                      <attributes />
                                    </marker>
                                    <text><![CDATA[
]]></text>
                                    <marker class="ExceptionPropertyName">
                                      <contents>
                                        <text><![CDATA[Class]]></text>
                                      </contents>
                                      <attributes />
                                    </marker>
                                    <text><![CDATA[: ]]></text>
                                    <marker class="ExceptionPropertyValue">
                                      <contents>
                                        <text><![CDATA[15]]></text>
                                      </contents>
                                      <attributes />
                                    </marker>
                                    <text><![CDATA[
]]></text>
                                    <marker class="ExceptionPropertyName">
                                      <contents>
                                        <text><![CDATA[LineNumber]]></text>
                                      </contents>
                                      <attributes />
                                    </marker>
                                    <text><![CDATA[: ]]></text>
                                    <marker class="ExceptionPropertyValue">
                                      <contents>
                                        <text><![CDATA[1]]></text>
                                      </contents>
                                      <attributes />
                                    </marker>
                                    <text><![CDATA[
]]></text>
                                    <marker class="ExceptionPropertyName">
                                      <contents>
                                        <text><![CDATA[Number]]></text>
                                      </contents>
                                      <attributes />
                                    </marker>
                                    <text><![CDATA[: ]]></text>
                                    <marker class="ExceptionPropertyValue">
                                      <contents>
                                        <text><![CDATA[156]]></text>
                                      </contents>
                                      <attributes />
                                    </marker>
                                    <text><![CDATA[
]]></text>
                                    <marker class="ExceptionPropertyName">
                                      <contents>
                                        <text><![CDATA[Procedure]]></text>
                                      </contents>
                                      <attributes />
                                    </marker>
                                    <text><![CDATA[: ]]></text>
                                    <marker class="ExceptionPropertyValue">
                                      <contents />
                                      <attributes />
                                    </marker>
                                    <text><![CDATA[
]]></text>
                                    <marker class="ExceptionPropertyName">
                                      <contents>
                                        <text><![CDATA[Server]]></text>
                                      </contents>
                                      <attributes />
                                    </marker>
                                    <text><![CDATA[: ]]></text>
                                    <marker class="ExceptionPropertyValue">
                                      <contents>
                                        <text><![CDATA[ANAXIMANDER\SQLEXPRESS]]></text>
                                      </contents>
                                      <attributes />
                                    </marker>
                                    <text><![CDATA[
]]></text>
                                    <marker class="ExceptionPropertyName">
                                      <contents>
                                        <text><![CDATA[State]]></text>
                                      </contents>
                                      <attributes />
                                    </marker>
                                    <text><![CDATA[: ]]></text>
                                    <marker class="ExceptionPropertyValue">
                                      <contents>
                                        <text><![CDATA[1]]></text>
                                      </contents>
                                      <attributes />
                                    </marker>
                                    <text><![CDATA[
]]></text>
                                    <marker class="ExceptionPropertyName">
                                      <contents>
                                        <text><![CDATA[ErrorCode]]></text>
                                      </contents>
                                      <attributes />
                                    </marker>
                                    <text><![CDATA[: ]]></text>
                                    <marker class="ExceptionPropertyValue">
                                      <contents>
                                        <text><![CDATA[-2146232060]]></text>
                                      </contents>
                                      <attributes />
                                    </marker>
                                    <text><![CDATA[
]]></text>
                                    <marker class="StackTrace">
                                      <contents>
                                        <text><![CDATA[   at System.Data.SqlClient.SqlConnection.OnError(SqlException exception, Boolean breakConnection)
   at System.Data.SqlClient.SqlInternalConnection.OnError(SqlException exception, Boolean breakConnection)
   at System.Data.SqlClient.TdsParser.ThrowExceptionAndWarning(TdsParserStateObject stateObj)
   at System.Data.SqlClient.TdsParser.Run(RunBehavior runBehavior, SqlCommand cmdHandler, SqlDataReader dataStream, BulkCopySimpleResultSet bulkCopyHandler, TdsParserStateObject stateObj)
   at System.Data.SqlClient.SqlDataReader.ConsumeMetaData()
   at System.Data.SqlClient.SqlDataReader.get_MetaData()
   at System.Data.SqlClient.SqlCommand.FinishExecuteReader(SqlDataReader ds, RunBehavior runBehavior, String resetOptionsString)
   at System.Data.SqlClient.SqlCommand.RunExecuteReaderTds(CommandBehavior cmdBehavior, RunBehavior runBehavior, Boolean returnStream, Boolean async)
   at System.Data.SqlClient.SqlCommand.RunExecuteReader(CommandBehavior cmdBehavior, RunBehavior runBehavior, Boolean returnStream, String method, DbAsyncResult result)
   at System.Data.SqlClient.SqlCommand.RunExecuteReader(CommandBehavior cmdBehavior, RunBehavior runBehavior, Boolean returnStream, String method)
   at System.Data.SqlClient.SqlCommand.ExecuteReader(CommandBehavior behavior, String method)
   at System.Data.SqlClient.SqlCommand.ExecuteReader(CommandBehavior behavior)
   at SubSonic.SqlDataProvider.GetReader(QueryCommand qry) in ]]></text>
                                        <marker class="CodeLocation">
                                          <contents>
                                            <text><![CDATA[C:\data\SubsonicRoot\ss2\SubSonic\DataProviders\SqlDataProvider.cs:line 384]]></text>
                                          </contents>
                                          <attributes>
                                            <attribute name="line" value="384" />
                                            <attribute name="path" value="C:\data\SubsonicRoot\ss2\SubSonic\DataProviders\SqlDataProvider.cs" />
                                          </attributes>
                                        </marker>
                                        <text><![CDATA[
   at SubSonic.DataService.GetReader(QueryCommand cmd) in ]]></text>
                                        <marker class="CodeLocation">
                                          <contents>
                                            <text><![CDATA[C:\data\SubsonicRoot\ss2\SubSonic\DataProviders\DataService.cs:line 506]]></text>
                                          </contents>
                                          <attributes>
                                            <attribute name="line" value="506" />
                                            <attribute name="path" value="C:\data\SubsonicRoot\ss2\SubSonic\DataProviders\DataService.cs" />
                                          </attributes>
                                        </marker>
                                        <text><![CDATA[
   at SubSonic.Query.ExecuteReader() in ]]></text>
                                        <marker class="CodeLocation">
                                          <contents>
                                            <text><![CDATA[C:\data\SubsonicRoot\ss2\SubSonic\Sql Tools\Query.cs:line 1814]]></text>
                                          </contents>
                                          <attributes>
                                            <attribute name="line" value="1814" />
                                            <attribute name="path" value="C:\data\SubsonicRoot\ss2\SubSonic\Sql Tools\Query.cs" />
                                          </attributes>
                                        </marker>
                                        <text><![CDATA[
   at SubSonic.ReadOnlyRecord`1.LoadByKey(Object keyID) in ]]></text>
                                        <marker class="CodeLocation">
                                          <contents>
                                            <text><![CDATA[C:\data\SubsonicRoot\ss2\SubSonic\ActiveRecord\ReadOnlyRecord.cs:line 72]]></text>
                                          </contents>
                                          <attributes>
                                            <attribute name="line" value="72" />
                                            <attribute name="path" value="C:\data\SubsonicRoot\ss2\SubSonic\ActiveRecord\ReadOnlyRecord.cs" />
                                          </attributes>
                                        </marker>
                                        <text><![CDATA[
   at Northwind.Product..ctor(Object keyID) in ]]></text>
                                        <marker class="CodeLocation">
                                          <contents>
                                            <text><![CDATA[C:\data\SubsonicRoot\ss2\SubSonic.Tests\Generated\Northwind\Product.cs:line 93]]></text>
                                          </contents>
                                          <attributes>
                                            <attribute name="line" value="93" />
                                            <attribute name="path" value="C:\data\SubsonicRoot\ss2\SubSonic.Tests\Generated\Northwind\Product.cs" />
                                          </attributes>
                                        </marker>
                                        <text><![CDATA[
   at SubSonic.Tests.TransactionWithDtcOffTests.UpdateSingleProductRetrieveMultipleProducts_SucceedsWithSharedConnection() in ]]></text>
                                        <marker class="CodeLocation">
                                          <contents>
                                            <text><![CDATA[C:\data\SubsonicRoot\ss2\SubSonic.Tests\TransactionWithDtcOffTests.cs:line 198]]></text>
                                          </contents>
                                          <attributes>
                                            <attribute name="line" value="198" />
                                            <attribute name="path" value="C:\data\SubsonicRoot\ss2\SubSonic.Tests\TransactionWithDtcOffTests.cs" />
                                          </attributes>
                                        </marker>
                                      </contents>
                                      <attributes />
                                    </marker>
                                  </contents>
                                  <attributes />
                                </marker>
                              </contents>
                            </section>
                          </contents>
                        </body>
                      </stream>
                    </streams>
                    <attachments />
                  </testLog>
                </testStepRun>
              </children>
              <result assertCount="4" duration="1.4058944">
                <outcome status="failed" />
              </result>
              <testLog>
                <streams />
                <attachments />
              </testLog>
            </testStepRun>
            <testStepRun startTime="2011-08-05T15:51:13.2899705+09:30" endTime="2011-08-05T15:51:13.3055955+09:30">
              <testStep id="fb6d065d58db4c5c" name="TurboTemplateTests" fullName="SubSonic.Tests/TurboTemplateTests" testId="830415a07fe92f82" isPrimary="true" isTestCase="false" isDynamic="false">
                <codeReference assembly="SubSonic.Tests, Version=2.2.1.0, Culture=neutral, PublicKeyToken=null" namespace="SubSonic.Tests" type="SubSonic.Tests.TurboTemplateTests" />
                <codeLocation path="C:\data\SubsonicRoot\ss2\SubSonic.Tests\TurboTemplateTests.cs" />
                <metadata>
                  <entry key="TestKind">
                    <value>Fixture</value>
                  </entry>
                </metadata>
              </testStep>
              <children>
                <testStepRun startTime="2011-08-05T15:51:13.2899705+09:30" endTime="2011-08-05T15:51:13.3055955+09:30">
                  <testStep id="a574b381338bc1e5" name="AssemblyDirectiveIsStrippedFromTemplate" fullName="SubSonic.Tests/TurboTemplateTests/AssemblyDirectiveIsStrippedFromTemplate" testId="47fa02932e4efe5c" isPrimary="true" isTestCase="true" isDynamic="false">
                    <codeReference assembly="SubSonic.Tests, Version=2.2.1.0, Culture=neutral, PublicKeyToken=null" namespace="SubSonic.Tests" type="SubSonic.Tests.TurboTemplateTests" member="AssemblyDirectiveIsStrippedFromTemplate" />
                    <codeLocation path="C:\data\SubsonicRoot\ss2\SubSonic.Tests\TurboTemplateTests.cs" line="45" />
                    <metadata>
                      <entry key="TestKind">
                        <value>Test</value>
                      </entry>
                    </metadata>
                  </testStep>
                  <children />
                  <result assertCount="1" duration="0.013359099999999999">
                    <outcome status="passed" />
                  </result>
                  <testLog>
                    <streams />
                    <attachments />
                  </testLog>
                </testStepRun>
              </children>
              <result assertCount="1" duration="0.0191223">
                <outcome status="passed" />
              </result>
              <testLog>
                <streams />
                <attachments />
              </testLog>
            </testStepRun>
            <testStepRun startTime="2011-08-05T15:51:13.3055955+09:30" endTime="2011-08-05T15:51:13.6493455+09:30">
              <testStep id="a6569e39c09aa376" name="UpdateTests" fullName="SubSonic.Tests/UpdateTests" testId="6588e506eeb48f18" isPrimary="true" isTestCase="false" isDynamic="false">
                <codeReference assembly="SubSonic.Tests, Version=2.2.1.0, Culture=neutral, PublicKeyToken=null" namespace="SubSonic.Tests.SqlQuery" type="SubSonic.Tests.SqlQuery.UpdateTests" />
                <codeLocation path="C:\data\SubsonicRoot\ss2\SubSonic.Tests\SqlQuery\UpdateTests.cs" />
                <metadata>
                  <entry key="TestKind">
                    <value>Fixture</value>
                  </entry>
                </metadata>
              </testStep>
              <children>
                <testStepRun startTime="2011-08-05T15:51:13.3212205+09:30" endTime="2011-08-05T15:51:13.4149705+09:30">
                  <testStep id="a4b72a2526e493c5" name="Update_Expression" fullName="SubSonic.Tests/UpdateTests/Update_Expression" testId="1c84229c354ae60d" isPrimary="true" isTestCase="true" isDynamic="false">
                    <codeReference assembly="SubSonic.Tests, Version=2.2.1.0, Culture=neutral, PublicKeyToken=null" namespace="SubSonic.Tests.SqlQuery" type="SubSonic.Tests.SqlQuery.UpdateTests" member="Update_Expression" />
                    <codeLocation path="C:\data\SubsonicRoot\ss2\SubSonic.Tests\SqlQuery\UpdateTests.cs" line="52" />
                    <metadata>
                      <entry key="TestKind">
                        <value>Test</value>
                      </entry>
                    </metadata>
                  </testStep>
                  <children />
                  <result assertCount="0" duration="0.0178495">
                    <outcome status="failed" />
                  </result>
                  <testLog>
                    <streams>
                      <stream name="Failures">
                        <body>
                          <contents>
                            <section name="Execute">
                              <contents>
                                <marker class="Exception">
                                  <contents>
                                    <marker class="ExceptionType">
                                      <contents>
                                        <text><![CDATA[System.Data.SqlClient.SqlException]]></text>
                                      </contents>
                                      <attributes />
                                    </marker>
                                    <text><![CDATA[: ]]></text>
                                    <marker class="ExceptionMessage">
                                      <contents>
                                        <text><![CDATA[Incorrect syntax near the keyword 'ORDER'.]]></text>
                                      </contents>
                                      <attributes />
                                    </marker>
                                    <text><![CDATA[
]]></text>
                                    <marker class="ExceptionPropertyName">
                                      <contents>
                                        <text><![CDATA[Errors]]></text>
                                      </contents>
                                      <attributes />
                                    </marker>
                                    <text><![CDATA[: ]]></text>
                                    <marker class="ExceptionPropertyValue">
                                      <contents>
                                        <text><![CDATA[System.Data.SqlClient.SqlErrorCollection]]></text>
                                      </contents>
                                      <attributes />
                                    </marker>
                                    <text><![CDATA[
]]></text>
                                    <marker class="ExceptionPropertyName">
                                      <contents>
                                        <text><![CDATA[Class]]></text>
                                      </contents>
                                      <attributes />
                                    </marker>
                                    <text><![CDATA[: ]]></text>
                                    <marker class="ExceptionPropertyValue">
                                      <contents>
                                        <text><![CDATA[15]]></text>
                                      </contents>
                                      <attributes />
                                    </marker>
                                    <text><![CDATA[
]]></text>
                                    <marker class="ExceptionPropertyName">
                                      <contents>
                                        <text><![CDATA[LineNumber]]></text>
                                      </contents>
                                      <attributes />
                                    </marker>
                                    <text><![CDATA[: ]]></text>
                                    <marker class="ExceptionPropertyValue">
                                      <contents>
                                        <text><![CDATA[1]]></text>
                                      </contents>
                                      <attributes />
                                    </marker>
                                    <text><![CDATA[
]]></text>
                                    <marker class="ExceptionPropertyName">
                                      <contents>
                                        <text><![CDATA[Number]]></text>
                                      </contents>
                                      <attributes />
                                    </marker>
                                    <text><![CDATA[: ]]></text>
                                    <marker class="ExceptionPropertyValue">
                                      <contents>
                                        <text><![CDATA[156]]></text>
                                      </contents>
                                      <attributes />
                                    </marker>
                                    <text><![CDATA[
]]></text>
                                    <marker class="ExceptionPropertyName">
                                      <contents>
                                        <text><![CDATA[Procedure]]></text>
                                      </contents>
                                      <attributes />
                                    </marker>
                                    <text><![CDATA[: ]]></text>
                                    <marker class="ExceptionPropertyValue">
                                      <contents />
                                      <attributes />
                                    </marker>
                                    <text><![CDATA[
]]></text>
                                    <marker class="ExceptionPropertyName">
                                      <contents>
                                        <text><![CDATA[Server]]></text>
                                      </contents>
                                      <attributes />
                                    </marker>
                                    <text><![CDATA[: ]]></text>
                                    <marker class="ExceptionPropertyValue">
                                      <contents>
                                        <text><![CDATA[ANAXIMANDER\SQLEXPRESS]]></text>
                                      </contents>
                                      <attributes />
                                    </marker>
                                    <text><![CDATA[
]]></text>
                                    <marker class="ExceptionPropertyName">
                                      <contents>
                                        <text><![CDATA[State]]></text>
                                      </contents>
                                      <attributes />
                                    </marker>
                                    <text><![CDATA[: ]]></text>
                                    <marker class="ExceptionPropertyValue">
                                      <contents>
                                        <text><![CDATA[1]]></text>
                                      </contents>
                                      <attributes />
                                    </marker>
                                    <text><![CDATA[
]]></text>
                                    <marker class="ExceptionPropertyName">
                                      <contents>
                                        <text><![CDATA[ErrorCode]]></text>
                                      </contents>
                                      <attributes />
                                    </marker>
                                    <text><![CDATA[: ]]></text>
                                    <marker class="ExceptionPropertyValue">
                                      <contents>
                                        <text><![CDATA[-2146232060]]></text>
                                      </contents>
                                      <attributes />
                                    </marker>
                                    <text><![CDATA[
]]></text>
                                    <marker class="StackTrace">
                                      <contents>
                                        <text><![CDATA[   at System.Data.SqlClient.SqlConnection.OnError(SqlException exception, Boolean breakConnection)
   at System.Data.SqlClient.SqlInternalConnection.OnError(SqlException exception, Boolean breakConnection)
   at System.Data.SqlClient.TdsParser.ThrowExceptionAndWarning(TdsParserStateObject stateObj)
   at System.Data.SqlClient.TdsParser.Run(RunBehavior runBehavior, SqlCommand cmdHandler, SqlDataReader dataStream, BulkCopySimpleResultSet bulkCopyHandler, TdsParserStateObject stateObj)
   at System.Data.SqlClient.SqlDataReader.ConsumeMetaData()
   at System.Data.SqlClient.SqlDataReader.get_MetaData()
   at System.Data.SqlClient.SqlCommand.FinishExecuteReader(SqlDataReader ds, RunBehavior runBehavior, String resetOptionsString)
   at System.Data.SqlClient.SqlCommand.RunExecuteReaderTds(CommandBehavior cmdBehavior, RunBehavior runBehavior, Boolean returnStream, Boolean async)
   at System.Data.SqlClient.SqlCommand.RunExecuteReader(CommandBehavior cmdBehavior, RunBehavior runBehavior, Boolean returnStream, String method, DbAsyncResult result)
   at System.Data.SqlClient.SqlCommand.RunExecuteReader(CommandBehavior cmdBehavior, RunBehavior runBehavior, Boolean returnStream, String method)
   at System.Data.SqlClient.SqlCommand.ExecuteReader(CommandBehavior behavior, String method)
   at System.Data.SqlClient.SqlCommand.ExecuteReader(CommandBehavior behavior)
   at SubSonic.SqlDataProvider.GetReader(QueryCommand qry) in ]]></text>
                                        <marker class="CodeLocation">
                                          <contents>
                                            <text><![CDATA[C:\data\SubsonicRoot\ss2\SubSonic\DataProviders\SqlDataProvider.cs:line 384]]></text>
                                          </contents>
                                          <attributes>
                                            <attribute name="line" value="384" />
                                            <attribute name="path" value="C:\data\SubsonicRoot\ss2\SubSonic\DataProviders\SqlDataProvider.cs" />
                                          </attributes>
                                        </marker>
                                        <text><![CDATA[
   at SubSonic.DataService.GetReader(QueryCommand cmd) in ]]></text>
                                        <marker class="CodeLocation">
                                          <contents>
                                            <text><![CDATA[C:\data\SubsonicRoot\ss2\SubSonic\DataProviders\DataService.cs:line 506]]></text>
                                          </contents>
                                          <attributes>
                                            <attribute name="line" value="506" />
                                            <attribute name="path" value="C:\data\SubsonicRoot\ss2\SubSonic\DataProviders\DataService.cs" />
                                          </attributes>
                                        </marker>
                                        <text><![CDATA[
   at SubSonic.Query.ExecuteReader() in ]]></text>
                                        <marker class="CodeLocation">
                                          <contents>
                                            <text><![CDATA[C:\data\SubsonicRoot\ss2\SubSonic\Sql Tools\Query.cs:line 1814]]></text>
                                          </contents>
                                          <attributes>
                                            <attribute name="line" value="1814" />
                                            <attribute name="path" value="C:\data\SubsonicRoot\ss2\SubSonic\Sql Tools\Query.cs" />
                                          </attributes>
                                        </marker>
                                        <text><![CDATA[
   at SubSonic.ReadOnlyRecord`1.LoadByKey(Object keyID) in ]]></text>
                                        <marker class="CodeLocation">
                                          <contents>
                                            <text><![CDATA[C:\data\SubsonicRoot\ss2\SubSonic\ActiveRecord\ReadOnlyRecord.cs:line 72]]></text>
                                          </contents>
                                          <attributes>
                                            <attribute name="line" value="72" />
                                            <attribute name="path" value="C:\data\SubsonicRoot\ss2\SubSonic\ActiveRecord\ReadOnlyRecord.cs" />
                                          </attributes>
                                        </marker>
                                        <text><![CDATA[
   at Northwind.Product..ctor(Object keyID) in ]]></text>
                                        <marker class="CodeLocation">
                                          <contents>
                                            <text><![CDATA[C:\data\SubsonicRoot\ss2\SubSonic.Tests\Generated\Northwind\Product.cs:line 93]]></text>
                                          </contents>
                                          <attributes>
                                            <attribute name="line" value="93" />
                                            <attribute name="path" value="C:\data\SubsonicRoot\ss2\SubSonic.Tests\Generated\Northwind\Product.cs" />
                                          </attributes>
                                        </marker>
                                        <text><![CDATA[
   at SubSonic.Tests.SqlQuery.UpdateTests.Update_Expression() in ]]></text>
                                        <marker class="CodeLocation">
                                          <contents>
                                            <text><![CDATA[C:\data\SubsonicRoot\ss2\SubSonic.Tests\SqlQuery\UpdateTests.cs:line 53]]></text>
                                          </contents>
                                          <attributes>
                                            <attribute name="line" value="53" />
                                            <attribute name="path" value="C:\data\SubsonicRoot\ss2\SubSonic.Tests\SqlQuery\UpdateTests.cs" />
                                          </attributes>
                                        </marker>
                                      </contents>
                                      <attributes />
                                    </marker>
                                  </contents>
                                  <attributes />
                                </marker>
                              </contents>
                            </section>
                          </contents>
                        </body>
                      </stream>
                    </streams>
                    <attachments />
                  </testLog>
                </testStepRun>
                <testStepRun startTime="2011-08-05T15:51:13.4149705+09:30" endTime="2011-08-05T15:51:13.5243455+09:30">
                  <testStep id="611f08b05fef3b6f" name="Update_Simple" fullName="SubSonic.Tests/UpdateTests/Update_Simple" testId="f7fa1b357aa3059d" isPrimary="true" isTestCase="true" isDynamic="false">
                    <codeReference assembly="SubSonic.Tests, Version=2.2.1.0, Culture=neutral, PublicKeyToken=null" namespace="SubSonic.Tests.SqlQuery" type="SubSonic.Tests.SqlQuery.UpdateTests" member="Update_Simple" />
                    <codeLocation path="C:\data\SubsonicRoot\ss2\SubSonic.Tests\SqlQuery\UpdateTests.cs" line="35" />
                    <metadata>
                      <entry key="TestKind">
                        <value>Test</value>
                      </entry>
                    </metadata>
                  </testStep>
                  <children />
                  <result assertCount="1" duration="0.0132467">
                    <outcome status="failed" />
                  </result>
                  <testLog>
                    <streams>
                      <stream name="Failures">
                        <body>
                          <contents>
                            <section name="Execute">
                              <contents>
                                <marker class="Exception">
                                  <contents>
                                    <marker class="ExceptionType">
                                      <contents>
                                        <text><![CDATA[System.Data.SqlClient.SqlException]]></text>
                                      </contents>
                                      <attributes />
                                    </marker>
                                    <text><![CDATA[: ]]></text>
                                    <marker class="ExceptionMessage">
                                      <contents>
                                        <text><![CDATA[Incorrect syntax near the keyword 'ORDER'.]]></text>
                                      </contents>
                                      <attributes />
                                    </marker>
                                    <text><![CDATA[
]]></text>
                                    <marker class="ExceptionPropertyName">
                                      <contents>
                                        <text><![CDATA[Errors]]></text>
                                      </contents>
                                      <attributes />
                                    </marker>
                                    <text><![CDATA[: ]]></text>
                                    <marker class="ExceptionPropertyValue">
                                      <contents>
                                        <text><![CDATA[System.Data.SqlClient.SqlErrorCollection]]></text>
                                      </contents>
                                      <attributes />
                                    </marker>
                                    <text><![CDATA[
]]></text>
                                    <marker class="ExceptionPropertyName">
                                      <contents>
                                        <text><![CDATA[Class]]></text>
                                      </contents>
                                      <attributes />
                                    </marker>
                                    <text><![CDATA[: ]]></text>
                                    <marker class="ExceptionPropertyValue">
                                      <contents>
                                        <text><![CDATA[15]]></text>
                                      </contents>
                                      <attributes />
                                    </marker>
                                    <text><![CDATA[
]]></text>
                                    <marker class="ExceptionPropertyName">
                                      <contents>
                                        <text><![CDATA[LineNumber]]></text>
                                      </contents>
                                      <attributes />
                                    </marker>
                                    <text><![CDATA[: ]]></text>
                                    <marker class="ExceptionPropertyValue">
                                      <contents>
                                        <text><![CDATA[1]]></text>
                                      </contents>
                                      <attributes />
                                    </marker>
                                    <text><![CDATA[
]]></text>
                                    <marker class="ExceptionPropertyName">
                                      <contents>
                                        <text><![CDATA[Number]]></text>
                                      </contents>
                                      <attributes />
                                    </marker>
                                    <text><![CDATA[: ]]></text>
                                    <marker class="ExceptionPropertyValue">
                                      <contents>
                                        <text><![CDATA[156]]></text>
                                      </contents>
                                      <attributes />
                                    </marker>
                                    <text><![CDATA[
]]></text>
                                    <marker class="ExceptionPropertyName">
                                      <contents>
                                        <text><![CDATA[Procedure]]></text>
                                      </contents>
                                      <attributes />
                                    </marker>
                                    <text><![CDATA[: ]]></text>
                                    <marker class="ExceptionPropertyValue">
                                      <contents />
                                      <attributes />
                                    </marker>
                                    <text><![CDATA[
]]></text>
                                    <marker class="ExceptionPropertyName">
                                      <contents>
                                        <text><![CDATA[Server]]></text>
                                      </contents>
                                      <attributes />
                                    </marker>
                                    <text><![CDATA[: ]]></text>
                                    <marker class="ExceptionPropertyValue">
                                      <contents>
                                        <text><![CDATA[ANAXIMANDER\SQLEXPRESS]]></text>
                                      </contents>
                                      <attributes />
                                    </marker>
                                    <text><![CDATA[
]]></text>
                                    <marker class="ExceptionPropertyName">
                                      <contents>
                                        <text><![CDATA[State]]></text>
                                      </contents>
                                      <attributes />
                                    </marker>
                                    <text><![CDATA[: ]]></text>
                                    <marker class="ExceptionPropertyValue">
                                      <contents>
                                        <text><![CDATA[1]]></text>
                                      </contents>
                                      <attributes />
                                    </marker>
                                    <text><![CDATA[
]]></text>
                                    <marker class="ExceptionPropertyName">
                                      <contents>
                                        <text><![CDATA[ErrorCode]]></text>
                                      </contents>
                                      <attributes />
                                    </marker>
                                    <text><![CDATA[: ]]></text>
                                    <marker class="ExceptionPropertyValue">
                                      <contents>
                                        <text><![CDATA[-2146232060]]></text>
                                      </contents>
                                      <attributes />
                                    </marker>
                                    <text><![CDATA[
]]></text>
                                    <marker class="StackTrace">
                                      <contents>
                                        <text><![CDATA[   at System.Data.SqlClient.SqlConnection.OnError(SqlException exception, Boolean breakConnection)
   at System.Data.SqlClient.SqlInternalConnection.OnError(SqlException exception, Boolean breakConnection)
   at System.Data.SqlClient.TdsParser.ThrowExceptionAndWarning(TdsParserStateObject stateObj)
   at System.Data.SqlClient.TdsParser.Run(RunBehavior runBehavior, SqlCommand cmdHandler, SqlDataReader dataStream, BulkCopySimpleResultSet bulkCopyHandler, TdsParserStateObject stateObj)
   at System.Data.SqlClient.SqlDataReader.ConsumeMetaData()
   at System.Data.SqlClient.SqlDataReader.get_MetaData()
   at System.Data.SqlClient.SqlCommand.FinishExecuteReader(SqlDataReader ds, RunBehavior runBehavior, String resetOptionsString)
   at System.Data.SqlClient.SqlCommand.RunExecuteReaderTds(CommandBehavior cmdBehavior, RunBehavior runBehavior, Boolean returnStream, Boolean async)
   at System.Data.SqlClient.SqlCommand.RunExecuteReader(CommandBehavior cmdBehavior, RunBehavior runBehavior, Boolean returnStream, String method, DbAsyncResult result)
   at System.Data.SqlClient.SqlCommand.RunExecuteReader(CommandBehavior cmdBehavior, RunBehavior runBehavior, Boolean returnStream, String method)
   at System.Data.SqlClient.SqlCommand.ExecuteReader(CommandBehavior behavior, String method)
   at System.Data.SqlClient.SqlCommand.ExecuteReader(CommandBehavior behavior)
   at SubSonic.SqlDataProvider.GetReader(QueryCommand qry) in ]]></text>
                                        <marker class="CodeLocation">
                                          <contents>
                                            <text><![CDATA[C:\data\SubsonicRoot\ss2\SubSonic\DataProviders\SqlDataProvider.cs:line 384]]></text>
                                          </contents>
                                          <attributes>
                                            <attribute name="line" value="384" />
                                            <attribute name="path" value="C:\data\SubsonicRoot\ss2\SubSonic\DataProviders\SqlDataProvider.cs" />
                                          </attributes>
                                        </marker>
                                        <text><![CDATA[
   at SubSonic.DataService.GetReader(QueryCommand cmd) in ]]></text>
                                        <marker class="CodeLocation">
                                          <contents>
                                            <text><![CDATA[C:\data\SubsonicRoot\ss2\SubSonic\DataProviders\DataService.cs:line 506]]></text>
                                          </contents>
                                          <attributes>
                                            <attribute name="line" value="506" />
                                            <attribute name="path" value="C:\data\SubsonicRoot\ss2\SubSonic\DataProviders\DataService.cs" />
                                          </attributes>
                                        </marker>
                                        <text><![CDATA[
   at SubSonic.Query.ExecuteReader() in ]]></text>
                                        <marker class="CodeLocation">
                                          <contents>
                                            <text><![CDATA[C:\data\SubsonicRoot\ss2\SubSonic\Sql Tools\Query.cs:line 1814]]></text>
                                          </contents>
                                          <attributes>
                                            <attribute name="line" value="1814" />
                                            <attribute name="path" value="C:\data\SubsonicRoot\ss2\SubSonic\Sql Tools\Query.cs" />
                                          </attributes>
                                        </marker>
                                        <text><![CDATA[
   at SubSonic.ReadOnlyRecord`1.LoadByKey(Object keyID) in ]]></text>
                                        <marker class="CodeLocation">
                                          <contents>
                                            <text><![CDATA[C:\data\SubsonicRoot\ss2\SubSonic\ActiveRecord\ReadOnlyRecord.cs:line 72]]></text>
                                          </contents>
                                          <attributes>
                                            <attribute name="line" value="72" />
                                            <attribute name="path" value="C:\data\SubsonicRoot\ss2\SubSonic\ActiveRecord\ReadOnlyRecord.cs" />
                                          </attributes>
                                        </marker>
                                        <text><![CDATA[
   at Northwind.Product..ctor(Object keyID) in ]]></text>
                                        <marker class="CodeLocation">
                                          <contents>
                                            <text><![CDATA[C:\data\SubsonicRoot\ss2\SubSonic.Tests\Generated\Northwind\Product.cs:line 93]]></text>
                                          </contents>
                                          <attributes>
                                            <attribute name="line" value="93" />
                                            <attribute name="path" value="C:\data\SubsonicRoot\ss2\SubSonic.Tests\Generated\Northwind\Product.cs" />
                                          </attributes>
                                        </marker>
                                        <text><![CDATA[
   at SubSonic.Tests.SqlQuery.UpdateTests.Update_Simple() in ]]></text>
                                        <marker class="CodeLocation">
                                          <contents>
                                            <text><![CDATA[C:\data\SubsonicRoot\ss2\SubSonic.Tests\SqlQuery\UpdateTests.cs:line 40]]></text>
                                          </contents>
                                          <attributes>
                                            <attribute name="line" value="40" />
                                            <attribute name="path" value="C:\data\SubsonicRoot\ss2\SubSonic.Tests\SqlQuery\UpdateTests.cs" />
                                          </attributes>
                                        </marker>
                                      </contents>
                                      <attributes />
                                    </marker>
                                  </contents>
                                  <attributes />
                                </marker>
                              </contents>
                            </section>
                          </contents>
                        </body>
                      </stream>
                    </streams>
                    <attachments />
                  </testLog>
                </testStepRun>
                <testStepRun startTime="2011-08-05T15:51:13.5399705+09:30" endTime="2011-08-05T15:51:13.5399705+09:30">
                  <testStep id="729a28750ad734fc" name="Update_SimpleSqlCheck" fullName="SubSonic.Tests/UpdateTests/Update_SimpleSqlCheck" testId="7643c0325899aef5" isPrimary="true" isTestCase="true" isDynamic="false">
                    <codeReference assembly="SubSonic.Tests, Version=2.2.1.0, Culture=neutral, PublicKeyToken=null" namespace="SubSonic.Tests.SqlQuery" type="SubSonic.Tests.SqlQuery.UpdateTests" member="Update_SimpleSqlCheck" />
                    <codeLocation path="C:\data\SubsonicRoot\ss2\SubSonic.Tests\SqlQuery\UpdateTests.cs" line="27" />
                    <metadata>
                      <entry key="TestKind">
                        <value>Test</value>
                      </entry>
                    </metadata>
                  </testStep>
                  <children />
                  <result assertCount="1" duration="0.0024108999999999997">
                    <outcome status="passed" />
                  </result>
                  <testLog>
                    <streams />
                    <attachments />
                  </testLog>
                </testStepRun>
                <testStepRun startTime="2011-08-05T15:51:13.5399705+09:30" endTime="2011-08-05T15:51:13.6493455+09:30">
                  <testStep id="2d24777a364df313" name="Update_SimpleTyped" fullName="SubSonic.Tests/UpdateTests/Update_SimpleTyped" testId="9018805426534641" isPrimary="true" isTestCase="true" isDynamic="false">
                    <codeReference assembly="SubSonic.Tests, Version=2.2.1.0, Culture=neutral, PublicKeyToken=null" namespace="SubSonic.Tests.SqlQuery" type="SubSonic.Tests.SqlQuery.UpdateTests" member="Update_SimpleTyped" />
                    <codeLocation path="C:\data\SubsonicRoot\ss2\SubSonic.Tests\SqlQuery\UpdateTests.cs" line="74" />
                    <metadata>
                      <entry key="TestKind">
                        <value>Test</value>
                      </entry>
                    </metadata>
                  </testStep>
                  <children />
                  <result assertCount="1" duration="0.0108311">
                    <outcome status="failed" />
                  </result>
                  <testLog>
                    <streams>
                      <stream name="Failures">
                        <body>
                          <contents>
                            <section name="Execute">
                              <contents>
                                <marker class="Exception">
                                  <contents>
                                    <marker class="ExceptionType">
                                      <contents>
                                        <text><![CDATA[System.Data.SqlClient.SqlException]]></text>
                                      </contents>
                                      <attributes />
                                    </marker>
                                    <text><![CDATA[: ]]></text>
                                    <marker class="ExceptionMessage">
                                      <contents>
                                        <text><![CDATA[Incorrect syntax near the keyword 'ORDER'.]]></text>
                                      </contents>
                                      <attributes />
                                    </marker>
                                    <text><![CDATA[
]]></text>
                                    <marker class="ExceptionPropertyName">
                                      <contents>
                                        <text><![CDATA[Errors]]></text>
                                      </contents>
                                      <attributes />
                                    </marker>
                                    <text><![CDATA[: ]]></text>
                                    <marker class="ExceptionPropertyValue">
                                      <contents>
                                        <text><![CDATA[System.Data.SqlClient.SqlErrorCollection]]></text>
                                      </contents>
                                      <attributes />
                                    </marker>
                                    <text><![CDATA[
]]></text>
                                    <marker class="ExceptionPropertyName">
                                      <contents>
                                        <text><![CDATA[Class]]></text>
                                      </contents>
                                      <attributes />
                                    </marker>
                                    <text><![CDATA[: ]]></text>
                                    <marker class="ExceptionPropertyValue">
                                      <contents>
                                        <text><![CDATA[15]]></text>
                                      </contents>
                                      <attributes />
                                    </marker>
                                    <text><![CDATA[
]]></text>
                                    <marker class="ExceptionPropertyName">
                                      <contents>
                                        <text><![CDATA[LineNumber]]></text>
                                      </contents>
                                      <attributes />
                                    </marker>
                                    <text><![CDATA[: ]]></text>
                                    <marker class="ExceptionPropertyValue">
                                      <contents>
                                        <text><![CDATA[1]]></text>
                                      </contents>
                                      <attributes />
                                    </marker>
                                    <text><![CDATA[
]]></text>
                                    <marker class="ExceptionPropertyName">
                                      <contents>
                                        <text><![CDATA[Number]]></text>
                                      </contents>
                                      <attributes />
                                    </marker>
                                    <text><![CDATA[: ]]></text>
                                    <marker class="ExceptionPropertyValue">
                                      <contents>
                                        <text><![CDATA[156]]></text>
                                      </contents>
                                      <attributes />
                                    </marker>
                                    <text><![CDATA[
]]></text>
                                    <marker class="ExceptionPropertyName">
                                      <contents>
                                        <text><![CDATA[Procedure]]></text>
                                      </contents>
                                      <attributes />
                                    </marker>
                                    <text><![CDATA[: ]]></text>
                                    <marker class="ExceptionPropertyValue">
                                      <contents />
                                      <attributes />
                                    </marker>
                                    <text><![CDATA[
]]></text>
                                    <marker class="ExceptionPropertyName">
                                      <contents>
                                        <text><![CDATA[Server]]></text>
                                      </contents>
                                      <attributes />
                                    </marker>
                                    <text><![CDATA[: ]]></text>
                                    <marker class="ExceptionPropertyValue">
                                      <contents>
                                        <text><![CDATA[ANAXIMANDER\SQLEXPRESS]]></text>
                                      </contents>
                                      <attributes />
                                    </marker>
                                    <text><![CDATA[
]]></text>
                                    <marker class="ExceptionPropertyName">
                                      <contents>
                                        <text><![CDATA[State]]></text>
                                      </contents>
                                      <attributes />
                                    </marker>
                                    <text><![CDATA[: ]]></text>
                                    <marker class="ExceptionPropertyValue">
                                      <contents>
                                        <text><![CDATA[1]]></text>
                                      </contents>
                                      <attributes />
                                    </marker>
                                    <text><![CDATA[
]]></text>
                                    <marker class="ExceptionPropertyName">
                                      <contents>
                                        <text><![CDATA[ErrorCode]]></text>
                                      </contents>
                                      <attributes />
                                    </marker>
                                    <text><![CDATA[: ]]></text>
                                    <marker class="ExceptionPropertyValue">
                                      <contents>
                                        <text><![CDATA[-2146232060]]></text>
                                      </contents>
                                      <attributes />
                                    </marker>
                                    <text><![CDATA[
]]></text>
                                    <marker class="StackTrace">
                                      <contents>
                                        <text><![CDATA[   at System.Data.SqlClient.SqlConnection.OnError(SqlException exception, Boolean breakConnection)
   at System.Data.SqlClient.SqlInternalConnection.OnError(SqlException exception, Boolean breakConnection)
   at System.Data.SqlClient.TdsParser.ThrowExceptionAndWarning(TdsParserStateObject stateObj)
   at System.Data.SqlClient.TdsParser.Run(RunBehavior runBehavior, SqlCommand cmdHandler, SqlDataReader dataStream, BulkCopySimpleResultSet bulkCopyHandler, TdsParserStateObject stateObj)
   at System.Data.SqlClient.SqlDataReader.ConsumeMetaData()
   at System.Data.SqlClient.SqlDataReader.get_MetaData()
   at System.Data.SqlClient.SqlCommand.FinishExecuteReader(SqlDataReader ds, RunBehavior runBehavior, String resetOptionsString)
   at System.Data.SqlClient.SqlCommand.RunExecuteReaderTds(CommandBehavior cmdBehavior, RunBehavior runBehavior, Boolean returnStream, Boolean async)
   at System.Data.SqlClient.SqlCommand.RunExecuteReader(CommandBehavior cmdBehavior, RunBehavior runBehavior, Boolean returnStream, String method, DbAsyncResult result)
   at System.Data.SqlClient.SqlCommand.RunExecuteReader(CommandBehavior cmdBehavior, RunBehavior runBehavior, Boolean returnStream, String method)
   at System.Data.SqlClient.SqlCommand.ExecuteReader(CommandBehavior behavior, String method)
   at System.Data.SqlClient.SqlCommand.ExecuteReader(CommandBehavior behavior)
   at SubSonic.SqlDataProvider.GetReader(QueryCommand qry) in ]]></text>
                                        <marker class="CodeLocation">
                                          <contents>
                                            <text><![CDATA[C:\data\SubsonicRoot\ss2\SubSonic\DataProviders\SqlDataProvider.cs:line 384]]></text>
                                          </contents>
                                          <attributes>
                                            <attribute name="line" value="384" />
                                            <attribute name="path" value="C:\data\SubsonicRoot\ss2\SubSonic\DataProviders\SqlDataProvider.cs" />
                                          </attributes>
                                        </marker>
                                        <text><![CDATA[
   at SubSonic.DataService.GetReader(QueryCommand cmd) in ]]></text>
                                        <marker class="CodeLocation">
                                          <contents>
                                            <text><![CDATA[C:\data\SubsonicRoot\ss2\SubSonic\DataProviders\DataService.cs:line 506]]></text>
                                          </contents>
                                          <attributes>
                                            <attribute name="line" value="506" />
                                            <attribute name="path" value="C:\data\SubsonicRoot\ss2\SubSonic\DataProviders\DataService.cs" />
                                          </attributes>
                                        </marker>
                                        <text><![CDATA[
   at SubSonic.Query.ExecuteReader() in ]]></text>
                                        <marker class="CodeLocation">
                                          <contents>
                                            <text><![CDATA[C:\data\SubsonicRoot\ss2\SubSonic\Sql Tools\Query.cs:line 1814]]></text>
                                          </contents>
                                          <attributes>
                                            <attribute name="line" value="1814" />
                                            <attribute name="path" value="C:\data\SubsonicRoot\ss2\SubSonic\Sql Tools\Query.cs" />
                                          </attributes>
                                        </marker>
                                        <text><![CDATA[
   at SubSonic.ReadOnlyRecord`1.LoadByKey(Object keyID) in ]]></text>
                                        <marker class="CodeLocation">
                                          <contents>
                                            <text><![CDATA[C:\data\SubsonicRoot\ss2\SubSonic\ActiveRecord\ReadOnlyRecord.cs:line 72]]></text>
                                          </contents>
                                          <attributes>
                                            <attribute name="line" value="72" />
                                            <attribute name="path" value="C:\data\SubsonicRoot\ss2\SubSonic\ActiveRecord\ReadOnlyRecord.cs" />
                                          </attributes>
                                        </marker>
                                        <text><![CDATA[
   at Northwind.Product..ctor(Object keyID) in ]]></text>
                                        <marker class="CodeLocation">
                                          <contents>
                                            <text><![CDATA[C:\data\SubsonicRoot\ss2\SubSonic.Tests\Generated\Northwind\Product.cs:line 93]]></text>
                                          </contents>
                                          <attributes>
                                            <attribute name="line" value="93" />
                                            <attribute name="path" value="C:\data\SubsonicRoot\ss2\SubSonic.Tests\Generated\Northwind\Product.cs" />
                                          </attributes>
                                        </marker>
                                        <text><![CDATA[
   at SubSonic.Tests.SqlQuery.UpdateTests.Update_SimpleTyped() in ]]></text>
                                        <marker class="CodeLocation">
                                          <contents>
                                            <text><![CDATA[C:\data\SubsonicRoot\ss2\SubSonic.Tests\SqlQuery\UpdateTests.cs:line 79]]></text>
                                          </contents>
                                          <attributes>
                                            <attribute name="line" value="79" />
                                            <attribute name="path" value="C:\data\SubsonicRoot\ss2\SubSonic.Tests\SqlQuery\UpdateTests.cs" />
                                          </attributes>
                                        </marker>
                                      </contents>
                                      <attributes />
                                    </marker>
                                  </contents>
                                  <attributes />
                                </marker>
                              </contents>
                            </section>
                          </contents>
                        </body>
                      </stream>
                    </streams>
                    <attachments />
                  </testLog>
                </testStepRun>
              </children>
              <result assertCount="3" duration="0.06424719999999999">
                <outcome status="failed" />
              </result>
              <testLog>
                <streams />
                <attachments />
              </testLog>
            </testStepRun>
          </children>
          <result assertCount="315" duration="27.237345599999998">
            <outcome status="failed" />
          </result>
          <testLog>
            <streams />
            <attachments />
          </testLog>
        </testStepRun>
      </children>
      <result assertCount="315" duration="34.7212829">
        <outcome status="failed" />
      </result>
      <testLog>
        <streams />
        <attachments />
      </testLog>
    </testStepRun>
    <statistics assertCount="315" duration="34.7215316" runCount="308" passedCount="213" failedCount="95" inconclusiveCount="0" skippedCount="0" testCount="308" stepCount="342">
      <outcomeSummaries>
        <outcomeSummary count="95">
          <outcome status="failed" />
        </outcomeSummary>
        <outcomeSummary count="213">
          <outcome status="passed" />
        </outcomeSummary>
      </outcomeSummaries>
    </statistics>
  </testPackageRun>
  <logEntries>
    <logEntry severity="info" message="Host started at 5/08/2011 3:50:40 PM." />
    <logEntry severity="info" message="Running under CLR v2.0.50727 runtime." />
    <logEntry severity="debug" message="Listening for connections on IPC port: 'IsolatedProcessHost.ba755d913fc86d07'" />
    <logEntry severity="debug" message="Disabled plugin 'Gallio40': The plugin enable condition was not satisfied.  Please note that this is the intended behavior for plugins that must be hosted inside third party applications in order to work.  Enable condition: '${minFramework:NET40}'." />
    <logEntry severity="debug" message="Disabled plugin 'MbUnit40': The plugin depends on another disabled plugin: 'Gallio40'." />
    <logEntry severity="info" message="Host stopped at 5/08/2011 3:51:15 PM." />
    <logEntry severity="info" message="Host process exited with code: 0" />
  </logEntries>
</report>