<?xml version="1.0" encoding="utf-8"?>
<report xmlns:xsi="http://www.w3.org/2001/XMLSchema-instance" xmlns:xsd="http://www.w3.org/2001/XMLSchema" xmlns="http://www.gallio.org/">
  <testPackage shadowCopy="false" debug="false">
    <files>
      <file>C:\data\SubsonicRoot\ss2\SubSonic.Tests\bin\Debug\SubSonic.Tests.dll</file>
    </files>
    <hintDirectories />
    <excludedFrameworkIds />
    <properties />
  </testPackage>
  <testModel>
    <test id="c2722843734a7a54" name="Root" fullName="" isTestCase="false">
      <codeReference />
      <codeLocation />
      <metadata>
        <entry key="TestKind">
          <value>Root</value>
        </entry>
      </metadata>
      <children>
        <test id="af69a8159bbce33b" name="SubSonic.Tests" fullName="SubSonic.Tests" isTestCase="false">
          <codeReference assembly="SubSonic.Tests, Version=2.2.1.0, Culture=neutral, PublicKeyToken=null" />
          <codeLocation path="C:\data\SubsonicRoot\ss2\SubSonic.Tests\bin\Debug\SubSonic.Tests.DLL" />
          <metadata>
            <entry key="TestKind">
              <value>MbUnit v3 Assembly</value>
            </entry>
            <entry key="File">
              <value>C:\data\SubsonicRoot\ss2\SubSonic.Tests\bin\Debug\SubSonic.Tests.DLL</value>
            </entry>
            <entry key="CodeBase">
              <value>C:\data\SubsonicRoot\ss2\SubSonic.Tests\bin\Debug\SubSonic.Tests.DLL</value>
            </entry>
            <entry key="Copyright">
              <value>Copyright Â©2006-2009 The SubSonic Project</value>
            </entry>
            <entry key="FileVersion">
              <value>2.2.1.0</value>
            </entry>
            <entry key="Product">
              <value>SubSonic.Tests</value>
            </entry>
            <entry key="Title">
              <value>SubSonic.Tests</value>
            </entry>
            <entry key="Version">
              <value>2.2.1.0</value>
            </entry>
            <entry key="Framework">
              <value>MbUnit v3.2 build 749</value>
            </entry>
          </metadata>
          <children>
            <test id="f46067cf1bd4c990" name="QueryTest" fullName="SubSonic.Tests/QueryTest" isTestCase="false">
              <codeReference assembly="SubSonic.Tests, Version=2.2.1.0, Culture=neutral, PublicKeyToken=null" namespace="SubSonic.Tests" type="SubSonic.Tests.QueryTest" />
              <codeLocation path="C:\data\SubsonicRoot\ss2\SubSonic.Tests\QueryTest.cs" />
              <metadata>
                <entry key="TestKind">
                  <value>Fixture</value>
                </entry>
              </metadata>
              <children>
                <test id="70b492a14e103f32" name="Query_ORDER_BY_Expression" fullName="SubSonic.Tests/QueryTest/Query_ORDER_BY_Expression" isTestCase="true">
                  <codeReference assembly="SubSonic.Tests, Version=2.2.1.0, Culture=neutral, PublicKeyToken=null" namespace="SubSonic.Tests" type="SubSonic.Tests.QueryTest" member="Query_ORDER_BY_Expression" />
                  <codeLocation path="C:\data\SubsonicRoot\ss2\SubSonic.Tests\QueryTest.cs" line="715" />
                  <metadata>
                    <entry key="TestKind">
                      <value>Test</value>
                    </entry>
                  </metadata>
                  <children />
                  <parameters />
                </test>
                <test id="3cfaf24b508ac6bf" name="Query_ORDER_BY_DESC" fullName="SubSonic.Tests/QueryTest/Query_ORDER_BY_DESC" isTestCase="true">
                  <codeReference assembly="SubSonic.Tests, Version=2.2.1.0, Culture=neutral, PublicKeyToken=null" namespace="SubSonic.Tests" type="SubSonic.Tests.QueryTest" member="Query_ORDER_BY_DESC" />
                  <codeLocation path="C:\data\SubsonicRoot\ss2\SubSonic.Tests\QueryTest.cs" line="700" />
                  <metadata>
                    <entry key="TestKind">
                      <value>Test</value>
                    </entry>
                  </metadata>
                  <children />
                  <parameters />
                </test>
                <test id="38b6b7eb43f66658" name="Query_ORDER_BY_ExpressionDESC" fullName="SubSonic.Tests/QueryTest/Query_ORDER_BY_ExpressionDESC" isTestCase="true">
                  <codeReference assembly="SubSonic.Tests, Version=2.2.1.0, Culture=neutral, PublicKeyToken=null" namespace="SubSonic.Tests" type="SubSonic.Tests.QueryTest" member="Query_ORDER_BY_ExpressionDESC" />
                  <codeLocation path="C:\data\SubsonicRoot\ss2\SubSonic.Tests\QueryTest.cs" line="728" />
                  <metadata>
                    <entry key="TestKind">
                      <value>Test</value>
                    </entry>
                  </metadata>
                  <children />
                  <parameters />
                </test>
                <test id="1c7e35ab2fdd19c0" name="QueryExecuteJoinedDataSet_ORDER_BY_DESC" fullName="SubSonic.Tests/QueryTest/QueryExecuteJoinedDataSet_ORDER_BY_DESC" isTestCase="true">
                  <codeReference assembly="SubSonic.Tests, Version=2.2.1.0, Culture=neutral, PublicKeyToken=null" namespace="SubSonic.Tests" type="SubSonic.Tests.QueryTest" member="QueryExecuteJoinedDataSet_ORDER_BY_DESC" />
                  <codeLocation path="C:\data\SubsonicRoot\ss2\SubSonic.Tests\QueryTest.cs" line="756" />
                  <metadata>
                    <entry key="TestKind">
                      <value>Test</value>
                    </entry>
                  </metadata>
                  <children />
                  <parameters />
                </test>
                <test id="3a7d99bc8d4f20fb" name="QueryExecuteJoinedDataSet_ORDER_BY" fullName="SubSonic.Tests/QueryTest/QueryExecuteJoinedDataSet_ORDER_BY" isTestCase="true">
                  <codeReference assembly="SubSonic.Tests, Version=2.2.1.0, Culture=neutral, PublicKeyToken=null" namespace="SubSonic.Tests" type="SubSonic.Tests.QueryTest" member="QueryExecuteJoinedDataSet_ORDER_BY" />
                  <codeLocation path="C:\data\SubsonicRoot\ss2\SubSonic.Tests\QueryTest.cs" line="741" />
                  <metadata>
                    <entry key="TestKind">
                      <value>Test</value>
                    </entry>
                  </metadata>
                  <children />
                  <parameters />
                </test>
                <test id="79fb4ff1bee03d7d" name="Query_ORDER_BY" fullName="SubSonic.Tests/QueryTest/Query_ORDER_BY" isTestCase="true">
                  <codeReference assembly="SubSonic.Tests, Version=2.2.1.0, Culture=neutral, PublicKeyToken=null" namespace="SubSonic.Tests" type="SubSonic.Tests.QueryTest" member="Query_ORDER_BY" />
                  <codeLocation path="C:\data\SubsonicRoot\ss2\SubSonic.Tests\QueryTest.cs" line="685" />
                  <metadata>
                    <entry key="TestKind">
                      <value>Test</value>
                    </entry>
                  </metadata>
                  <children />
                  <parameters />
                </test>
                <test id="c51cd3763d8fcd4e" name="QueryExecuteJoinedDataSet_NOT_IN_ArrayList" fullName="SubSonic.Tests/QueryTest/QueryExecuteJoinedDataSet_NOT_IN_ArrayList" isTestCase="true">
                  <codeReference assembly="SubSonic.Tests, Version=2.2.1.0, Culture=neutral, PublicKeyToken=null" namespace="SubSonic.Tests" type="SubSonic.Tests.QueryTest" member="QueryExecuteJoinedDataSet_NOT_IN_ArrayList" />
                  <codeLocation path="C:\data\SubsonicRoot\ss2\SubSonic.Tests\QueryTest.cs" line="620" />
                  <metadata>
                    <entry key="TestKind">
                      <value>Test</value>
                    </entry>
                  </metadata>
                  <children />
                  <parameters />
                </test>
                <test id="80c7207db2b7b112" name="QueryExecuteJoinedDataSet_NOT_IN_ListCollection" fullName="SubSonic.Tests/QueryTest/QueryExecuteJoinedDataSet_NOT_IN_ListCollection" isTestCase="true">
                  <codeReference assembly="SubSonic.Tests, Version=2.2.1.0, Culture=neutral, PublicKeyToken=null" namespace="SubSonic.Tests" type="SubSonic.Tests.QueryTest" member="QueryExecuteJoinedDataSet_NOT_IN_ListCollection" />
                  <codeLocation path="C:\data\SubsonicRoot\ss2\SubSonic.Tests\QueryTest.cs" line="601" />
                  <metadata>
                    <entry key="TestKind">
                      <value>Test</value>
                    </entry>
                  </metadata>
                  <children />
                  <parameters />
                </test>
                <test id="a02573cbf60fe8c0" name="Query_JoinedDataSet_OrderByCollection" fullName="SubSonic.Tests/QueryTest/Query_JoinedDataSet_OrderByCollection" isTestCase="true">
                  <codeReference assembly="SubSonic.Tests, Version=2.2.1.0, Culture=neutral, PublicKeyToken=null" namespace="SubSonic.Tests" type="SubSonic.Tests.QueryTest" member="Query_JoinedDataSet_OrderByCollection" />
                  <codeLocation path="C:\data\SubsonicRoot\ss2\SubSonic.Tests\QueryTest.cs" line="635" />
                  <metadata>
                    <entry key="TestKind">
                      <value>Test</value>
                    </entry>
                  </metadata>
                  <children />
                  <parameters />
                </test>
                <test id="ac4c55aa97b4f782" name="Query_OrderBy" fullName="SubSonic.Tests/QueryTest/Query_OrderBy" isTestCase="true">
                  <codeReference assembly="SubSonic.Tests, Version=2.2.1.0, Culture=neutral, PublicKeyToken=null" namespace="SubSonic.Tests" type="SubSonic.Tests.QueryTest" member="Query_OrderBy" />
                  <codeLocation path="C:\data\SubsonicRoot\ss2\SubSonic.Tests\QueryTest.cs" line="669" />
                  <metadata>
                    <entry key="TestKind">
                      <value>Test</value>
                    </entry>
                  </metadata>
                  <children />
                  <parameters />
                </test>
                <test id="7fad8bfcd35f9aeb" name="Query_OrderByCollection" fullName="SubSonic.Tests/QueryTest/Query_OrderByCollection" isTestCase="true">
                  <codeReference assembly="SubSonic.Tests, Version=2.2.1.0, Culture=neutral, PublicKeyToken=null" namespace="SubSonic.Tests" type="SubSonic.Tests.QueryTest" member="Query_OrderByCollection" />
                  <codeLocation path="C:\data\SubsonicRoot\ss2\SubSonic.Tests\QueryTest.cs" line="652" />
                  <metadata>
                    <entry key="TestKind">
                      <value>Test</value>
                    </entry>
                  </metadata>
                  <children />
                  <parameters />
                </test>
                <test id="4af81c72f981aa27" name="QueryExecuteJoinedDataSet_ORDER_BY_DESC_Collection" fullName="SubSonic.Tests/QueryTest/QueryExecuteJoinedDataSet_ORDER_BY_DESC_Collection" isTestCase="true">
                  <codeReference assembly="SubSonic.Tests, Version=2.2.1.0, Culture=neutral, PublicKeyToken=null" namespace="SubSonic.Tests" type="SubSonic.Tests.QueryTest" member="QueryExecuteJoinedDataSet_ORDER_BY_DESC_Collection" />
                  <codeLocation path="C:\data\SubsonicRoot\ss2\SubSonic.Tests\QueryTest.cs" line="880" />
                  <metadata>
                    <entry key="TestKind">
                      <value>Test</value>
                    </entry>
                  </metadata>
                  <children />
                  <parameters />
                </test>
                <test id="f5a8a3b68cfd45ee" name="QueryExecuteJoinedDataSet_ORDER_BY_Collection" fullName="SubSonic.Tests/QueryTest/QueryExecuteJoinedDataSet_ORDER_BY_Collection" isTestCase="true">
                  <codeReference assembly="SubSonic.Tests, Version=2.2.1.0, Culture=neutral, PublicKeyToken=null" namespace="SubSonic.Tests" type="SubSonic.Tests.QueryTest" member="QueryExecuteJoinedDataSet_ORDER_BY_Collection" />
                  <codeLocation path="C:\data\SubsonicRoot\ss2\SubSonic.Tests\QueryTest.cs" line="863" />
                  <metadata>
                    <entry key="TestKind">
                      <value>Test</value>
                    </entry>
                  </metadata>
                  <children />
                  <parameters />
                </test>
                <test id="5526f38da62244ce" name="QueryExecuteJoinedDataSet_ORDER_BY_Expression_Collection" fullName="SubSonic.Tests/QueryTest/QueryExecuteJoinedDataSet_ORDER_BY_Expression_Collection" isTestCase="true">
                  <codeReference assembly="SubSonic.Tests, Version=2.2.1.0, Culture=neutral, PublicKeyToken=null" namespace="SubSonic.Tests" type="SubSonic.Tests.QueryTest" member="QueryExecuteJoinedDataSet_ORDER_BY_Expression_Collection" />
                  <codeLocation path="C:\data\SubsonicRoot\ss2\SubSonic.Tests\QueryTest.cs" line="897" />
                  <metadata>
                    <entry key="TestKind">
                      <value>Test</value>
                    </entry>
                  </metadata>
                  <children />
                  <parameters />
                </test>
                <test id="a2c88f14d4053e39" name="Query_Select" fullName="SubSonic.Tests/QueryTest/Query_Select" isTestCase="true">
                  <codeReference assembly="SubSonic.Tests, Version=2.2.1.0, Culture=neutral, PublicKeyToken=null" namespace="SubSonic.Tests" type="SubSonic.Tests.QueryTest" member="Query_Select" />
                  <codeLocation path="C:\data\SubsonicRoot\ss2\SubSonic.Tests\QueryTest.cs" line="36" />
                  <metadata>
                    <entry key="TestKind">
                      <value>Test</value>
                    </entry>
                  </metadata>
                  <children />
                  <parameters />
                </test>
                <test id="aac99ba1d79bba39" name="QueryExecuteJoinedDataSet_ORDER_BY_ExpressionDESC_Collection" fullName="SubSonic.Tests/QueryTest/QueryExecuteJoinedDataSet_ORDER_BY_ExpressionDESC_Collection" isTestCase="true">
                  <codeReference assembly="SubSonic.Tests, Version=2.2.1.0, Culture=neutral, PublicKeyToken=null" namespace="SubSonic.Tests" type="SubSonic.Tests.QueryTest" member="QueryExecuteJoinedDataSet_ORDER_BY_ExpressionDESC_Collection" />
                  <codeLocation path="C:\data\SubsonicRoot\ss2\SubSonic.Tests\QueryTest.cs" line="913" />
                  <metadata>
                    <entry key="TestKind">
                      <value>Test</value>
                    </entry>
                  </metadata>
                  <children />
                  <parameters />
                </test>
                <test id="cdf314a8da06c440" name="Query_ORDER_BY_ExpressionDESC_Collection" fullName="SubSonic.Tests/QueryTest/Query_ORDER_BY_ExpressionDESC_Collection" isTestCase="true">
                  <codeReference assembly="SubSonic.Tests, Version=2.2.1.0, Culture=neutral, PublicKeyToken=null" namespace="SubSonic.Tests" type="SubSonic.Tests.QueryTest" member="Query_ORDER_BY_ExpressionDESC_Collection" />
                  <codeLocation path="C:\data\SubsonicRoot\ss2\SubSonic.Tests\QueryTest.cs" line="847" />
                  <metadata>
                    <entry key="TestKind">
                      <value>Test</value>
                    </entry>
                  </metadata>
                  <children />
                  <parameters />
                </test>
                <test id="a824e63bdf5fe916" name="QueryExecuteJoinedDataSet_ORDER_BY_ExpressionDESC" fullName="SubSonic.Tests/QueryTest/QueryExecuteJoinedDataSet_ORDER_BY_ExpressionDESC" isTestCase="true">
                  <codeReference assembly="SubSonic.Tests, Version=2.2.1.0, Culture=neutral, PublicKeyToken=null" namespace="SubSonic.Tests" type="SubSonic.Tests.QueryTest" member="QueryExecuteJoinedDataSet_ORDER_BY_ExpressionDESC" />
                  <codeLocation path="C:\data\SubsonicRoot\ss2\SubSonic.Tests\QueryTest.cs" line="784" />
                  <metadata>
                    <entry key="TestKind">
                      <value>Test</value>
                    </entry>
                  </metadata>
                  <children />
                  <parameters />
                </test>
                <test id="7b83051614492264" name="QueryExecuteJoinedDataSet_ORDER_BY_Expression" fullName="SubSonic.Tests/QueryTest/QueryExecuteJoinedDataSet_ORDER_BY_Expression" isTestCase="true">
                  <codeReference assembly="SubSonic.Tests, Version=2.2.1.0, Culture=neutral, PublicKeyToken=null" namespace="SubSonic.Tests" type="SubSonic.Tests.QueryTest" member="QueryExecuteJoinedDataSet_ORDER_BY_Expression" />
                  <codeLocation path="C:\data\SubsonicRoot\ss2\SubSonic.Tests\QueryTest.cs" line="771" />
                  <metadata>
                    <entry key="TestKind">
                      <value>Test</value>
                    </entry>
                  </metadata>
                  <children />
                  <parameters />
                </test>
                <test id="63e295e82b0e0c70" name="Query_ORDER_BY_Collection" fullName="SubSonic.Tests/QueryTest/Query_ORDER_BY_Collection" isTestCase="true">
                  <codeReference assembly="SubSonic.Tests, Version=2.2.1.0, Culture=neutral, PublicKeyToken=null" namespace="SubSonic.Tests" type="SubSonic.Tests.QueryTest" member="Query_ORDER_BY_Collection" />
                  <codeLocation path="C:\data\SubsonicRoot\ss2\SubSonic.Tests\QueryTest.cs" line="797" />
                  <metadata>
                    <entry key="TestKind">
                      <value>Test</value>
                    </entry>
                  </metadata>
                  <children />
                  <parameters />
                </test>
                <test id="781e3bc274e255ba" name="Query_ORDER_BY_Expression_Collection" fullName="SubSonic.Tests/QueryTest/Query_ORDER_BY_Expression_Collection" isTestCase="true">
                  <codeReference assembly="SubSonic.Tests, Version=2.2.1.0, Culture=neutral, PublicKeyToken=null" namespace="SubSonic.Tests" type="SubSonic.Tests.QueryTest" member="Query_ORDER_BY_Expression_Collection" />
                  <codeLocation path="C:\data\SubsonicRoot\ss2\SubSonic.Tests\QueryTest.cs" line="831" />
                  <metadata>
                    <entry key="TestKind">
                      <value>Test</value>
                    </entry>
                  </metadata>
                  <children />
                  <parameters />
                </test>
                <test id="12c0523243a4b0ba" name="Query_ORDER_BY_DESC_Collection" fullName="SubSonic.Tests/QueryTest/Query_ORDER_BY_DESC_Collection" isTestCase="true">
                  <codeReference assembly="SubSonic.Tests, Version=2.2.1.0, Culture=neutral, PublicKeyToken=null" namespace="SubSonic.Tests" type="SubSonic.Tests.QueryTest" member="Query_ORDER_BY_DESC_Collection" />
                  <codeLocation path="C:\data\SubsonicRoot\ss2\SubSonic.Tests\QueryTest.cs" line="814" />
                  <metadata>
                    <entry key="TestKind">
                      <value>Test</value>
                    </entry>
                  </metadata>
                  <children />
                  <parameters />
                </test>
                <test id="4cc3e80c5ac0e249" name="Query_NOT_IN_ArrayList" fullName="SubSonic.Tests/QueryTest/Query_NOT_IN_ArrayList" isTestCase="true">
                  <codeReference assembly="SubSonic.Tests, Version=2.2.1.0, Culture=neutral, PublicKeyToken=null" namespace="SubSonic.Tests" type="SubSonic.Tests.QueryTest" member="Query_NOT_IN_ArrayList" />
                  <codeLocation path="C:\data\SubsonicRoot\ss2\SubSonic.Tests\QueryTest.cs" line="257" />
                  <metadata>
                    <entry key="TestKind">
                      <value>Test</value>
                    </entry>
                  </metadata>
                  <children />
                  <parameters />
                </test>
                <test id="1bc6d6cab297a103" name="Query_NOT_IN_ListCollection" fullName="SubSonic.Tests/QueryTest/Query_NOT_IN_ListCollection" isTestCase="true">
                  <codeReference assembly="SubSonic.Tests, Version=2.2.1.0, Culture=neutral, PublicKeyToken=null" namespace="SubSonic.Tests" type="SubSonic.Tests.QueryTest" member="Query_NOT_IN_ListCollection" />
                  <codeLocation path="C:\data\SubsonicRoot\ss2\SubSonic.Tests\QueryTest.cs" line="233" />
                  <metadata>
                    <entry key="TestKind">
                      <value>Test</value>
                    </entry>
                  </metadata>
                  <children />
                  <parameters />
                </test>
                <test id="bff6e72f5d9925d1" name="Query_NOT_IN_ObjectArray" fullName="SubSonic.Tests/QueryTest/Query_NOT_IN_ObjectArray" isTestCase="true">
                  <codeReference assembly="SubSonic.Tests, Version=2.2.1.0, Culture=neutral, PublicKeyToken=null" namespace="SubSonic.Tests" type="SubSonic.Tests.QueryTest" member="Query_NOT_IN_ObjectArray" />
                  <codeLocation path="C:\data\SubsonicRoot\ss2\SubSonic.Tests\QueryTest.cs" line="216" />
                  <metadata>
                    <entry key="TestKind">
                      <value>Test</value>
                    </entry>
                  </metadata>
                  <children />
                  <parameters />
                </test>
                <test id="8e0f7118782fd21c" name="Query_IsNotNull" fullName="SubSonic.Tests/QueryTest/Query_IsNotNull" isTestCase="true">
                  <codeReference assembly="SubSonic.Tests, Version=2.2.1.0, Culture=neutral, PublicKeyToken=null" namespace="SubSonic.Tests" type="SubSonic.Tests.QueryTest" member="Query_IsNotNull" />
                  <codeLocation path="C:\data\SubsonicRoot\ss2\SubSonic.Tests\QueryTest.cs" line="277" />
                  <metadata>
                    <entry key="TestKind">
                      <value>Test</value>
                    </entry>
                  </metadata>
                  <children />
                  <parameters />
                </test>
                <test id="4c48910813dc4eb1" name="Query_OR_ModerateWithExpressions" fullName="SubSonic.Tests/QueryTest/Query_OR_ModerateWithExpressions" isTestCase="true">
                  <codeReference assembly="SubSonic.Tests, Version=2.2.1.0, Culture=neutral, PublicKeyToken=null" namespace="SubSonic.Tests" type="SubSonic.Tests.QueryTest" member="Query_OR_ModerateWithExpressions" />
                  <codeLocation path="C:\data\SubsonicRoot\ss2\SubSonic.Tests\QueryTest.cs" line="330" />
                  <metadata>
                    <entry key="TestKind">
                      <value>Test</value>
                    </entry>
                  </metadata>
                  <children />
                  <parameters />
                </test>
                <test id="8ba9d1f171f2c098" name="Query_OR_Moderate" fullName="SubSonic.Tests/QueryTest/Query_OR_Moderate" isTestCase="true">
                  <codeReference assembly="SubSonic.Tests, Version=2.2.1.0, Culture=neutral, PublicKeyToken=null" namespace="SubSonic.Tests" type="SubSonic.Tests.QueryTest" member="Query_OR_Moderate" />
                  <codeLocation path="C:\data\SubsonicRoot\ss2\SubSonic.Tests\QueryTest.cs" line="311" />
                  <metadata>
                    <entry key="TestKind">
                      <value>Test</value>
                    </entry>
                  </metadata>
                  <children />
                  <parameters />
                </test>
                <test id="2ccc937c0a4864ae" name="Query_OR_Simple" fullName="SubSonic.Tests/QueryTest/Query_OR_Simple" isTestCase="true">
                  <codeReference assembly="SubSonic.Tests, Version=2.2.1.0, Culture=neutral, PublicKeyToken=null" namespace="SubSonic.Tests" type="SubSonic.Tests.QueryTest" member="Query_OR_Simple" />
                  <codeLocation path="C:\data\SubsonicRoot\ss2\SubSonic.Tests\QueryTest.cs" line="294" />
                  <metadata>
                    <entry key="TestKind">
                      <value>Test</value>
                    </entry>
                  </metadata>
                  <children />
                  <parameters />
                </test>
                <test id="8bf81810a4cc69e2" name="Query_IN_ArrayList" fullName="SubSonic.Tests/QueryTest/Query_IN_ArrayList" isTestCase="true">
                  <codeReference assembly="SubSonic.Tests, Version=2.2.1.0, Culture=neutral, PublicKeyToken=null" namespace="SubSonic.Tests" type="SubSonic.Tests.QueryTest" member="Query_IN_ArrayList" />
                  <codeLocation path="C:\data\SubsonicRoot\ss2\SubSonic.Tests\QueryTest.cs" line="196" />
                  <metadata>
                    <entry key="TestKind">
                      <value>Test</value>
                    </entry>
                  </metadata>
                  <children />
                  <parameters />
                </test>
                <test id="d808a23c9537051e" name="Query_BetweenAnd" fullName="SubSonic.Tests/QueryTest/Query_BetweenAnd" isTestCase="true">
                  <codeReference assembly="SubSonic.Tests, Version=2.2.1.0, Culture=neutral, PublicKeyToken=null" namespace="SubSonic.Tests" type="SubSonic.Tests.QueryTest" member="Query_BetweenAnd" />
                  <codeLocation path="C:\data\SubsonicRoot\ss2\SubSonic.Tests\QueryTest.cs" line="102" />
                  <metadata>
                    <entry key="TestKind">
                      <value>Test</value>
                    </entry>
                  </metadata>
                  <children />
                  <parameters />
                </test>
                <test id="272720888d8539d2" name="Query_Updates" fullName="SubSonic.Tests/QueryTest/Query_Updates" isTestCase="true">
                  <codeReference assembly="SubSonic.Tests, Version=2.2.1.0, Culture=neutral, PublicKeyToken=null" namespace="SubSonic.Tests" type="SubSonic.Tests.QueryTest" member="Query_Updates" />
                  <codeLocation path="C:\data\SubsonicRoot\ss2\SubSonic.Tests\QueryTest.cs" line="76" />
                  <metadata>
                    <entry key="TestKind">
                      <value>Test</value>
                    </entry>
                  </metadata>
                  <children />
                  <parameters />
                </test>
                <test id="c0b441dbc2631f42" name="Query_SelectTop" fullName="SubSonic.Tests/QueryTest/Query_SelectTop" isTestCase="true">
                  <codeReference assembly="SubSonic.Tests, Version=2.2.1.0, Culture=neutral, PublicKeyToken=null" namespace="SubSonic.Tests" type="SubSonic.Tests.QueryTest" member="Query_SelectTop" />
                  <codeLocation path="C:\data\SubsonicRoot\ss2\SubSonic.Tests\QueryTest.cs" line="49" />
                  <metadata>
                    <entry key="TestKind">
                      <value>Test</value>
                    </entry>
                  </metadata>
                  <children />
                  <parameters />
                </test>
                <test id="3ba9feda1f204305" name="Query_View" fullName="SubSonic.Tests/QueryTest/Query_View" isTestCase="true">
                  <codeReference assembly="SubSonic.Tests, Version=2.2.1.0, Culture=neutral, PublicKeyToken=null" namespace="SubSonic.Tests" type="SubSonic.Tests.QueryTest" member="Query_View" />
                  <codeLocation path="C:\data\SubsonicRoot\ss2\SubSonic.Tests\QueryTest.cs" line="121" />
                  <metadata>
                    <entry key="TestKind">
                      <value>Test</value>
                    </entry>
                  </metadata>
                  <children />
                  <parameters />
                </test>
                <test id="4ae6ad8f7041efb9" name="Query_IN_ListCollection" fullName="SubSonic.Tests/QueryTest/Query_IN_ListCollection" isTestCase="true">
                  <codeReference assembly="SubSonic.Tests, Version=2.2.1.0, Culture=neutral, PublicKeyToken=null" namespace="SubSonic.Tests" type="SubSonic.Tests.QueryTest" member="Query_IN_ListCollection" />
                  <codeLocation path="C:\data\SubsonicRoot\ss2\SubSonic.Tests\QueryTest.cs" line="172" />
                  <metadata>
                    <entry key="TestKind">
                      <value>Test</value>
                    </entry>
                  </metadata>
                  <children />
                  <parameters />
                </test>
                <test id="ca0b18762724c6a7" name="Query_IN_ObjectArray" fullName="SubSonic.Tests/QueryTest/Query_IN_ObjectArray" isTestCase="true">
                  <codeReference assembly="SubSonic.Tests, Version=2.2.1.0, Culture=neutral, PublicKeyToken=null" namespace="SubSonic.Tests" type="SubSonic.Tests.QueryTest" member="Query_IN_ObjectArray" />
                  <codeLocation path="C:\data\SubsonicRoot\ss2\SubSonic.Tests\QueryTest.cs" line="155" />
                  <metadata>
                    <entry key="TestKind">
                      <value>Test</value>
                    </entry>
                  </metadata>
                  <children />
                  <parameters />
                </test>
                <test id="859a4ecfc31fd653" name="Query_BetweenNumbers" fullName="SubSonic.Tests/QueryTest/Query_BetweenNumbers" isTestCase="true">
                  <codeReference assembly="SubSonic.Tests, Version=2.2.1.0, Culture=neutral, PublicKeyToken=null" namespace="SubSonic.Tests" type="SubSonic.Tests.QueryTest" member="Query_BetweenNumbers" />
                  <codeLocation path="C:\data\SubsonicRoot\ss2\SubSonic.Tests\QueryTest.cs" line="138" />
                  <metadata>
                    <entry key="TestKind">
                      <value>Test</value>
                    </entry>
                  </metadata>
                  <children />
                  <parameters />
                </test>
                <test id="bba33423ce91eb6b" name="Query_OR_Between" fullName="SubSonic.Tests/QueryTest/Query_OR_Between" isTestCase="true">
                  <codeReference assembly="SubSonic.Tests, Version=2.2.1.0, Culture=neutral, PublicKeyToken=null" namespace="SubSonic.Tests" type="SubSonic.Tests.QueryTest" member="Query_OR_Between" />
                  <codeLocation path="C:\data\SubsonicRoot\ss2\SubSonic.Tests\QueryTest.cs" line="348" />
                  <metadata>
                    <entry key="TestKind">
                      <value>Test</value>
                    </entry>
                  </metadata>
                  <children />
                  <parameters />
                </test>
                <test id="ea1e9dc1c4c51a8b" name="QueryExecuteJoinedDataSet_BETWEEN_AND_WithExtraWhereCondition" fullName="SubSonic.Tests/QueryTest/QueryExecuteJoinedDataSet_BETWEEN_AND_WithExtraWhereCondition" isTestCase="true">
                  <codeReference assembly="SubSonic.Tests, Version=2.2.1.0, Culture=neutral, PublicKeyToken=null" namespace="SubSonic.Tests" type="SubSonic.Tests.QueryTest" member="QueryExecuteJoinedDataSet_BETWEEN_AND_WithExtraWhereCondition" />
                  <codeLocation path="C:\data\SubsonicRoot\ss2\SubSonic.Tests\QueryTest.cs" line="529" />
                  <metadata>
                    <entry key="TestKind">
                      <value>Test</value>
                    </entry>
                  </metadata>
                  <children />
                  <parameters />
                </test>
                <test id="8d587e2a307ad8c7" name="QueryExecuteJoinedDataSet_BETWEEN_AND" fullName="SubSonic.Tests/QueryTest/QueryExecuteJoinedDataSet_BETWEEN_AND" isTestCase="true">
                  <codeReference assembly="SubSonic.Tests, Version=2.2.1.0, Culture=neutral, PublicKeyToken=null" namespace="SubSonic.Tests" type="SubSonic.Tests.QueryTest" member="QueryExecuteJoinedDataSet_BETWEEN_AND" />
                  <codeLocation path="C:\data\SubsonicRoot\ss2\SubSonic.Tests\QueryTest.cs" line="515" />
                  <metadata>
                    <entry key="TestKind">
                      <value>Test</value>
                    </entry>
                  </metadata>
                  <children />
                  <parameters />
                </test>
                <test id="eb0bb31b0dfbb705" name="QueryExecuteJoinedDataSet_AddBetweenAnd_WithExtraWhereCondition" fullName="SubSonic.Tests/QueryTest/QueryExecuteJoinedDataSet_AddBetweenAnd_WithExtraWhereCondition" isTestCase="true">
                  <codeReference assembly="SubSonic.Tests, Version=2.2.1.0, Culture=neutral, PublicKeyToken=null" namespace="SubSonic.Tests" type="SubSonic.Tests.QueryTest" member="QueryExecuteJoinedDataSet_AddBetweenAnd_WithExtraWhereCondition" />
                  <codeLocation path="C:\data\SubsonicRoot\ss2\SubSonic.Tests\QueryTest.cs" line="501" />
                  <metadata>
                    <entry key="TestKind">
                      <value>Test</value>
                    </entry>
                  </metadata>
                  <children />
                  <parameters />
                </test>
                <test id="870697a7f37cef92" name="QueryExecuteJoinedDataSet_IN_ObjectArray" fullName="SubSonic.Tests/QueryTest/QueryExecuteJoinedDataSet_IN_ObjectArray" isTestCase="true">
                  <codeReference assembly="SubSonic.Tests, Version=2.2.1.0, Culture=neutral, PublicKeyToken=null" namespace="SubSonic.Tests" type="SubSonic.Tests.QueryTest" member="QueryExecuteJoinedDataSet_IN_ObjectArray" />
                  <codeLocation path="C:\data\SubsonicRoot\ss2\SubSonic.Tests\QueryTest.cs" line="545" />
                  <metadata>
                    <entry key="TestKind">
                      <value>Test</value>
                    </entry>
                  </metadata>
                  <children />
                  <parameters />
                </test>
                <test id="c4a9d33534bc9118" name="QueryExecuteJoinedDataSet_NOT_IN_ObjectArray" fullName="SubSonic.Tests/QueryTest/QueryExecuteJoinedDataSet_NOT_IN_ObjectArray" isTestCase="true">
                  <codeReference assembly="SubSonic.Tests, Version=2.2.1.0, Culture=neutral, PublicKeyToken=null" namespace="SubSonic.Tests" type="SubSonic.Tests.QueryTest" member="QueryExecuteJoinedDataSet_NOT_IN_ObjectArray" />
                  <codeLocation path="C:\data\SubsonicRoot\ss2\SubSonic.Tests\QueryTest.cs" line="590" />
                  <metadata>
                    <entry key="TestKind">
                      <value>Test</value>
                    </entry>
                  </metadata>
                  <children />
                  <parameters />
                </test>
                <test id="c0b5e4308c07981a" name="QueryExecuteJoinedDataSet_IN_ArrayList" fullName="SubSonic.Tests/QueryTest/QueryExecuteJoinedDataSet_IN_ArrayList" isTestCase="true">
                  <codeReference assembly="SubSonic.Tests, Version=2.2.1.0, Culture=neutral, PublicKeyToken=null" namespace="SubSonic.Tests" type="SubSonic.Tests.QueryTest" member="QueryExecuteJoinedDataSet_IN_ArrayList" />
                  <codeLocation path="C:\data\SubsonicRoot\ss2\SubSonic.Tests\QueryTest.cs" line="575" />
                  <metadata>
                    <entry key="TestKind">
                      <value>Test</value>
                    </entry>
                  </metadata>
                  <children />
                  <parameters />
                </test>
                <test id="9d2ad9c822735e82" name="QueryExecuteJoinedDataSet_IN_ListCollection" fullName="SubSonic.Tests/QueryTest/QueryExecuteJoinedDataSet_IN_ListCollection" isTestCase="true">
                  <codeReference assembly="SubSonic.Tests, Version=2.2.1.0, Culture=neutral, PublicKeyToken=null" namespace="SubSonic.Tests" type="SubSonic.Tests.QueryTest" member="QueryExecuteJoinedDataSet_IN_ListCollection" />
                  <codeLocation path="C:\data\SubsonicRoot\ss2\SubSonic.Tests\QueryTest.cs" line="556" />
                  <metadata>
                    <entry key="TestKind">
                      <value>Test</value>
                    </entry>
                  </metadata>
                  <children />
                  <parameters />
                </test>
                <test id="f731cdc721ce1572" name="QueryExecuteJoinedDataSet_AddBetweenAnd" fullName="SubSonic.Tests/QueryTest/QueryExecuteJoinedDataSet_AddBetweenAnd" isTestCase="true">
                  <codeReference assembly="SubSonic.Tests, Version=2.2.1.0, Culture=neutral, PublicKeyToken=null" namespace="SubSonic.Tests" type="SubSonic.Tests.QueryTest" member="QueryExecuteJoinedDataSet_AddBetweenAnd" />
                  <codeLocation path="C:\data\SubsonicRoot\ss2\SubSonic.Tests\QueryTest.cs" line="488" />
                  <metadata>
                    <entry key="TestKind">
                      <value>Test</value>
                    </entry>
                  </metadata>
                  <children />
                  <parameters />
                </test>
                <test id="cdc4703821199e54" name="Query_PagingTest_View" fullName="SubSonic.Tests/QueryTest/Query_PagingTest_View" isTestCase="true">
                  <codeReference assembly="SubSonic.Tests, Version=2.2.1.0, Culture=neutral, PublicKeyToken=null" namespace="SubSonic.Tests" type="SubSonic.Tests.QueryTest" member="Query_PagingTest_View" />
                  <codeLocation path="C:\data\SubsonicRoot\ss2\SubSonic.Tests\QueryTest.cs" line="411" />
                  <metadata>
                    <entry key="TestKind">
                      <value>Test</value>
                    </entry>
                  </metadata>
                  <children />
                  <parameters />
                </test>
                <test id="5a81c6d8dc67efba" name="Query_PagingTest_Table" fullName="SubSonic.Tests/QueryTest/Query_PagingTest_Table" isTestCase="true">
                  <codeReference assembly="SubSonic.Tests, Version=2.2.1.0, Culture=neutral, PublicKeyToken=null" namespace="SubSonic.Tests" type="SubSonic.Tests.QueryTest" member="Query_PagingTest_Table" />
                  <codeLocation path="C:\data\SubsonicRoot\ss2\SubSonic.Tests\QueryTest.cs" line="390" />
                  <metadata>
                    <entry key="TestKind">
                      <value>Test</value>
                    </entry>
                  </metadata>
                  <children />
                  <parameters />
                </test>
                <test id="ad91cb18508fc3a6" name="Query_Expression" fullName="SubSonic.Tests/QueryTest/Query_Expression" isTestCase="true">
                  <codeReference assembly="SubSonic.Tests, Version=2.2.1.0, Culture=neutral, PublicKeyToken=null" namespace="SubSonic.Tests" type="SubSonic.Tests.QueryTest" member="Query_Expression" />
                  <codeLocation path="C:\data\SubsonicRoot\ss2\SubSonic.Tests\QueryTest.cs" line="373" />
                  <metadata>
                    <entry key="TestKind">
                      <value>Test</value>
                    </entry>
                  </metadata>
                  <children />
                  <parameters />
                </test>
                <test id="91d54299a1e93eec" name="Query_JoinedDataSet" fullName="SubSonic.Tests/QueryTest/Query_JoinedDataSet" isTestCase="true">
                  <codeReference assembly="SubSonic.Tests, Version=2.2.1.0, Culture=neutral, PublicKeyToken=null" namespace="SubSonic.Tests" type="SubSonic.Tests.QueryTest" member="Query_JoinedDataSet" />
                  <codeLocation path="C:\data\SubsonicRoot\ss2\SubSonic.Tests\QueryTest.cs" line="432" />
                  <metadata>
                    <entry key="TestKind">
                      <value>Test</value>
                    </entry>
                  </metadata>
                  <children />
                  <parameters />
                </test>
                <test id="f9fd37038a1e8e27" name="Query_JoinedDataSet_OrderByFK" fullName="SubSonic.Tests/QueryTest/Query_JoinedDataSet_OrderByFK" isTestCase="true">
                  <codeReference assembly="SubSonic.Tests, Version=2.2.1.0, Culture=neutral, PublicKeyToken=null" namespace="SubSonic.Tests" type="SubSonic.Tests.QueryTest" member="Query_JoinedDataSet_OrderByFK" />
                  <codeLocation path="C:\data\SubsonicRoot\ss2\SubSonic.Tests\QueryTest.cs" line="473" />
                  <metadata>
                    <entry key="TestKind">
                      <value>Test</value>
                    </entry>
                  </metadata>
                  <children />
                  <parameters />
                </test>
                <test id="ec2493bfaffe6a56" name="Query_ConstraintExpression" fullName="SubSonic.Tests/QueryTest/Query_ConstraintExpression" isTestCase="true">
                  <codeReference assembly="SubSonic.Tests, Version=2.2.1.0, Culture=neutral, PublicKeyToken=null" namespace="SubSonic.Tests" type="SubSonic.Tests.QueryTest" member="Query_ConstraintExpression" />
                  <codeLocation path="C:\data\SubsonicRoot\ss2\SubSonic.Tests\QueryTest.cs" line="457" />
                  <metadata>
                    <entry key="TestKind">
                      <value>Test</value>
                    </entry>
                  </metadata>
                  <children />
                  <parameters />
                </test>
                <test id="d5a4330fc92e527" name="ExecuteJoinedDataSet_Should_Accept_Parameters" fullName="SubSonic.Tests/QueryTest/ExecuteJoinedDataSet_Should_Accept_Parameters" isTestCase="true">
                  <codeReference assembly="SubSonic.Tests, Version=2.2.1.0, Culture=neutral, PublicKeyToken=null" namespace="SubSonic.Tests" type="SubSonic.Tests.QueryTest" member="ExecuteJoinedDataSet_Should_Accept_Parameters" />
                  <codeLocation path="C:\data\SubsonicRoot\ss2\SubSonic.Tests\QueryTest.cs" line="441" />
                  <metadata>
                    <entry key="TestKind">
                      <value>Test</value>
                    </entry>
                  </metadata>
                  <children />
                  <parameters />
                </test>
              </children>
              <parameters />
            </test>
            <test id="7a29c27c11dd12b4" name="DeleteTests" fullName="SubSonic.Tests/DeleteTests" isTestCase="false">
              <codeReference assembly="SubSonic.Tests, Version=2.2.1.0, Culture=neutral, PublicKeyToken=null" namespace="SubSonic.Tests.SqlQuery" type="SubSonic.Tests.SqlQuery.DeleteTests" />
              <codeLocation path="C:\data\SubsonicRoot\ss2\SubSonic.Tests\SqlQuery\DeleteTests.cs" />
              <metadata>
                <entry key="TestKind">
                  <value>Fixture</value>
                </entry>
              </metadata>
              <children>
                <test id="2596e467ffe54266" name="Delete_SimpleSqlCheck" fullName="SubSonic.Tests/DeleteTests/Delete_SimpleSqlCheck" isTestCase="true">
                  <codeReference assembly="SubSonic.Tests, Version=2.2.1.0, Culture=neutral, PublicKeyToken=null" namespace="SubSonic.Tests.SqlQuery" type="SubSonic.Tests.SqlQuery.DeleteTests" member="Delete_SimpleSqlCheck" />
                  <codeLocation path="C:\data\SubsonicRoot\ss2\SubSonic.Tests\SqlQuery\DeleteTests.cs" line="28" />
                  <metadata>
                    <entry key="TestKind">
                      <value>Test</value>
                    </entry>
                  </metadata>
                  <children />
                  <parameters />
                </test>
                <test id="b8449160df3bfc16" name="Delete_MultipleWithInsertBatch" fullName="SubSonic.Tests/DeleteTests/Delete_MultipleWithInsertBatch" isTestCase="true">
                  <codeReference assembly="SubSonic.Tests, Version=2.2.1.0, Culture=neutral, PublicKeyToken=null" namespace="SubSonic.Tests.SqlQuery" type="SubSonic.Tests.SqlQuery.DeleteTests" member="Delete_MultipleWithInsertBatch" />
                  <codeLocation path="C:\data\SubsonicRoot\ss2\SubSonic.Tests\SqlQuery\DeleteTests.cs" line="50" />
                  <metadata>
                    <entry key="TestKind">
                      <value>Test</value>
                    </entry>
                  </metadata>
                  <children />
                  <parameters />
                </test>
                <test id="5081633c8f2fb62f" name="Delete_Simple" fullName="SubSonic.Tests/DeleteTests/Delete_Simple" isTestCase="true">
                  <codeReference assembly="SubSonic.Tests, Version=2.2.1.0, Culture=neutral, PublicKeyToken=null" namespace="SubSonic.Tests.SqlQuery" type="SubSonic.Tests.SqlQuery.DeleteTests" member="Delete_Simple" />
                  <codeLocation path="C:\data\SubsonicRoot\ss2\SubSonic.Tests\SqlQuery\DeleteTests.cs" line="36" />
                  <metadata>
                    <entry key="TestKind">
                      <value>Test</value>
                    </entry>
                  </metadata>
                  <children />
                  <parameters />
                </test>
              </children>
              <parameters />
            </test>
            <test id="51fe5df55b58f055" name="AssemblyFixture" fullName="SubSonic.Tests/AssemblyFixture" isTestCase="false">
              <codeReference assembly="SubSonic.Tests, Version=2.2.1.0, Culture=neutral, PublicKeyToken=null" namespace="SubSonic.Tests" type="SubSonic.Tests.AssemblyFixture" />
              <codeLocation path="C:\data\SubsonicRoot\ss2\SubSonic.Tests\AssemblyCleaner.cs" />
              <metadata>
                <entry key="TestKind">
                  <value>Fixture</value>
                </entry>
              </metadata>
              <children />
              <parameters />
            </test>
            <test id="88947b5ff026bc84" name="SPs" fullName="SubSonic.Tests/SPs" isTestCase="false">
              <codeReference assembly="SubSonic.Tests, Version=2.2.1.0, Culture=neutral, PublicKeyToken=null" namespace="SubSonic.Tests" type="SubSonic.Tests.SPs" />
              <codeLocation path="C:\data\SubsonicRoot\ss2\SubSonic.Tests\SPs.cs" />
              <metadata>
                <entry key="TestKind">
                  <value>Fixture</value>
                </entry>
              </metadata>
              <children>
                <test id="62cc4104c2c8176a" name="SP_Should_Execute_Without_Parameter2" fullName="SubSonic.Tests/SPs/SP_Should_Execute_Without_Parameter2" isTestCase="true">
                  <codeReference assembly="SubSonic.Tests, Version=2.2.1.0, Culture=neutral, PublicKeyToken=null" namespace="SubSonic.Tests" type="SubSonic.Tests.SPs" member="SP_Should_Execute_Without_Parameter2" />
                  <codeLocation path="C:\data\SubsonicRoot\ss2\SubSonic.Tests\SPs.cs" line="215" />
                  <metadata>
                    <entry key="TestKind">
                      <value>Test</value>
                    </entry>
                  </metadata>
                  <children />
                  <parameters />
                </test>
                <test id="7ac2a8ddcd10c009" name="SP_Can_Execute_JSON_Result" fullName="SubSonic.Tests/SPs/SP_Can_Execute_JSON_Result" isTestCase="true">
                  <codeReference assembly="SubSonic.Tests, Version=2.2.1.0, Culture=neutral, PublicKeyToken=null" namespace="SubSonic.Tests" type="SubSonic.Tests.SPs" member="SP_Can_Execute_JSON_Result" />
                  <codeLocation path="C:\data\SubsonicRoot\ss2\SubSonic.Tests\SPs.cs" line="229" />
                  <metadata>
                    <entry key="TestKind">
                      <value>Test</value>
                    </entry>
                  </metadata>
                  <children />
                  <parameters />
                </test>
                <test id="2ad22264b70bd8d6" name="SP_Schema_Should_Load_10_SPs" fullName="SubSonic.Tests/SPs/SP_Schema_Should_Load_10_SPs" isTestCase="true">
                  <codeReference assembly="SubSonic.Tests, Version=2.2.1.0, Culture=neutral, PublicKeyToken=null" namespace="SubSonic.Tests" type="SubSonic.Tests.SPs" member="SP_Schema_Should_Load_10_SPs" />
                  <codeLocation path="C:\data\SubsonicRoot\ss2\SubSonic.Tests\SPs.cs" line="49" />
                  <metadata>
                    <entry key="TestKind">
                      <value>Test</value>
                    </entry>
                  </metadata>
                  <children />
                  <parameters />
                </test>
                <test id="a907c2ba9df3f9ba" name="SP_CustOrderHist_TypedSP_Should_Have_Qualified_CommandSQL" fullName="SubSonic.Tests/SPs/SP_CustOrderHist_TypedSP_Should_Have_Qualified_CommandSQL" isTestCase="true">
                  <codeReference assembly="SubSonic.Tests, Version=2.2.1.0, Culture=neutral, PublicKeyToken=null" namespace="SubSonic.Tests" type="SubSonic.Tests.SPs" member="SP_CustOrderHist_TypedSP_Should_Have_Qualified_CommandSQL" />
                  <codeLocation path="C:\data\SubsonicRoot\ss2\SubSonic.Tests\SPs.cs" line="81" />
                  <metadata>
                    <entry key="TestKind">
                      <value>Test</value>
                    </entry>
                  </metadata>
                  <children />
                  <parameters />
                </test>
                <test id="e282a136067cd032" name="SP_ReaderTest" fullName="SubSonic.Tests/SPs/SP_ReaderTest" isTestCase="true">
                  <codeReference assembly="SubSonic.Tests, Version=2.2.1.0, Culture=neutral, PublicKeyToken=null" namespace="SubSonic.Tests" type="SubSonic.Tests.SPs" member="SP_ReaderTest" />
                  <codeLocation path="C:\data\SubsonicRoot\ss2\SubSonic.Tests\SPs.cs" line="92" />
                  <metadata>
                    <entry key="TestKind">
                      <value>Test</value>
                    </entry>
                  </metadata>
                  <children />
                  <parameters />
                </test>
                <test id="c0e0813a8e24c5af" name="SP_ScalarTest" fullName="SubSonic.Tests/SPs/SP_ScalarTest" isTestCase="true">
                  <codeReference assembly="SubSonic.Tests, Version=2.2.1.0, Culture=neutral, PublicKeyToken=null" namespace="SubSonic.Tests" type="SubSonic.Tests.SPs" member="SP_ScalarTest" />
                  <codeLocation path="C:\data\SubsonicRoot\ss2\SubSonic.Tests\SPs.cs" line="112" />
                  <metadata>
                    <entry key="TestKind">
                      <value>Test</value>
                    </entry>
                  </metadata>
                  <children />
                  <parameters />
                </test>
                <test id="5a3b608b22e938aa" name="SP_Schema_Should_Load_With_Schema_Name" fullName="SubSonic.Tests/SPs/SP_Schema_Should_Load_With_Schema_Name" isTestCase="true">
                  <codeReference assembly="SubSonic.Tests, Version=2.2.1.0, Culture=neutral, PublicKeyToken=null" namespace="SubSonic.Tests" type="SubSonic.Tests.SPs" member="SP_Schema_Should_Load_With_Schema_Name" />
                  <codeLocation path="C:\data\SubsonicRoot\ss2\SubSonic.Tests\SPs.cs" line="57" />
                  <metadata>
                    <entry key="TestKind">
                      <value>Test</value>
                    </entry>
                  </metadata>
                  <children />
                  <parameters />
                </test>
                <test id="a9c9721192e7a74d" name="SP_CustOrderHist_Should_Have_QualifiedName" fullName="SubSonic.Tests/SPs/SP_CustOrderHist_Should_Have_QualifiedName" isTestCase="true">
                  <codeReference assembly="SubSonic.Tests, Version=2.2.1.0, Culture=neutral, PublicKeyToken=null" namespace="SubSonic.Tests" type="SubSonic.Tests.SPs" member="SP_CustOrderHist_Should_Have_QualifiedName" />
                  <codeLocation path="C:\data\SubsonicRoot\ss2\SubSonic.Tests\SPs.cs" line="65" />
                  <metadata>
                    <entry key="TestKind">
                      <value>Test</value>
                    </entry>
                  </metadata>
                  <children />
                  <parameters />
                </test>
                <test id="af9eeab672e34f3c" name="SP_CustOrderHist_Should_Have_Qualified_CommandSQL" fullName="SubSonic.Tests/SPs/SP_CustOrderHist_Should_Have_Qualified_CommandSQL" isTestCase="true">
                  <codeReference assembly="SubSonic.Tests, Version=2.2.1.0, Culture=neutral, PublicKeyToken=null" namespace="SubSonic.Tests" type="SubSonic.Tests.SPs" member="SP_CustOrderHist_Should_Have_Qualified_CommandSQL" />
                  <codeLocation path="C:\data\SubsonicRoot\ss2\SubSonic.Tests\SPs.cs" line="73" />
                  <metadata>
                    <entry key="TestKind">
                      <value>Test</value>
                    </entry>
                  </metadata>
                  <children />
                  <parameters />
                </test>
                <test id="433e79030503e791" name="SP_QuickReader" fullName="SubSonic.Tests/SPs/SP_QuickReader" isTestCase="true">
                  <codeReference assembly="SubSonic.Tests, Version=2.2.1.0, Culture=neutral, PublicKeyToken=null" namespace="SubSonic.Tests" type="SubSonic.Tests.SPs" member="SP_QuickReader" />
                  <codeLocation path="C:\data\SubsonicRoot\ss2\SubSonic.Tests\SPs.cs" line="180" />
                  <metadata>
                    <entry key="TestKind">
                      <value>Test</value>
                    </entry>
                  </metadata>
                  <children />
                  <parameters />
                </test>
                <test id="85f475848b5528df" name="SP_QuickDataSet" fullName="SubSonic.Tests/SPs/SP_QuickDataSet" isTestCase="true">
                  <codeReference assembly="SubSonic.Tests, Version=2.2.1.0, Culture=neutral, PublicKeyToken=null" namespace="SubSonic.Tests" type="SubSonic.Tests.SPs" member="SP_QuickDataSet" />
                  <codeLocation path="C:\data\SubsonicRoot\ss2\SubSonic.Tests\SPs.cs" line="197" />
                  <metadata>
                    <entry key="TestKind">
                      <value>Test</value>
                    </entry>
                  </metadata>
                  <children />
                  <parameters />
                </test>
                <test id="5ad8fc74df6a3527" name="SP_Should_Execute_Without_Parameter" fullName="SubSonic.Tests/SPs/SP_Should_Execute_Without_Parameter" isTestCase="true">
                  <codeReference assembly="SubSonic.Tests, Version=2.2.1.0, Culture=neutral, PublicKeyToken=null" namespace="SubSonic.Tests" type="SubSonic.Tests.SPs" member="SP_Should_Execute_Without_Parameter" />
                  <codeLocation path="C:\data\SubsonicRoot\ss2\SubSonic.Tests\SPs.cs" line="203" />
                  <metadata>
                    <entry key="TestKind">
                      <value>Test</value>
                    </entry>
                  </metadata>
                  <children />
                  <parameters />
                </test>
                <test id="7160661ba5b4f87" name="SP_DSTest" fullName="SubSonic.Tests/SPs/SP_DSTest" isTestCase="true">
                  <codeReference assembly="SubSonic.Tests, Version=2.2.1.0, Culture=neutral, PublicKeyToken=null" namespace="SubSonic.Tests" type="SubSonic.Tests.SPs" member="SP_DSTest" />
                  <codeLocation path="C:\data\SubsonicRoot\ss2\SubSonic.Tests\SPs.cs" line="126" />
                  <metadata>
                    <entry key="TestKind">
                      <value>Test</value>
                    </entry>
                  </metadata>
                  <children />
                  <parameters />
                </test>
                <test id="8a3e7cfbf064fdcd" name="SP_Outputs" fullName="SubSonic.Tests/SPs/SP_Outputs" isTestCase="true">
                  <codeReference assembly="SubSonic.Tests, Version=2.2.1.0, Culture=neutral, PublicKeyToken=null" namespace="SubSonic.Tests" type="SubSonic.Tests.SPs" member="SP_Outputs" />
                  <codeLocation path="C:\data\SubsonicRoot\ss2\SubSonic.Tests\SPs.cs" line="140" />
                  <metadata>
                    <entry key="TestKind">
                      <value>Test</value>
                    </entry>
                  </metadata>
                  <children />
                  <parameters />
                </test>
                <test id="54b385f985ea3ada" name="SP_Outputs_DefaultProvider" fullName="SubSonic.Tests/SPs/SP_Outputs_DefaultProvider" isTestCase="true">
                  <codeReference assembly="SubSonic.Tests, Version=2.2.1.0, Culture=neutral, PublicKeyToken=null" namespace="SubSonic.Tests" type="SubSonic.Tests.SPs" member="SP_Outputs_DefaultProvider" />
                  <codeLocation path="C:\data\SubsonicRoot\ss2\SubSonic.Tests\SPs.cs" line="160" />
                  <metadata>
                    <entry key="TestKind">
                      <value>Test</value>
                    </entry>
                  </metadata>
                  <children />
                  <parameters />
                </test>
              </children>
              <parameters />
            </test>
            <test id="7a8c3f10192cd9e6" name="NameTransformationTests" fullName="SubSonic.Tests/NameTransformationTests" isTestCase="false">
              <codeReference assembly="SubSonic.Tests, Version=2.2.1.0, Culture=neutral, PublicKeyToken=null" namespace="SubSonic.Tests" type="SubSonic.Tests.NameTransformationTests" />
              <codeLocation path="C:\data\SubsonicRoot\ss2\SubSonic.Tests\NameTransformationTests.cs" />
              <metadata>
                <entry key="TestKind">
                  <value>Fixture</value>
                </entry>
              </metadata>
              <children>
                <test id="24d41af1d98cd3cb" name="NameTransformation_ToPascalCase" fullName="SubSonic.Tests/NameTransformationTests/NameTransformation_ToPascalCase" isTestCase="true">
                  <codeReference assembly="SubSonic.Tests, Version=2.2.1.0, Culture=neutral, PublicKeyToken=null" namespace="SubSonic.Tests" type="SubSonic.Tests.NameTransformationTests" member="NameTransformation_ToPascalCase" />
                  <codeLocation path="C:\data\SubsonicRoot\ss2\SubSonic.Tests\NameTransformationTests.cs" line="30" />
                  <metadata>
                    <entry key="TestKind">
                      <value>Test</value>
                    </entry>
                  </metadata>
                  <children />
                  <parameters />
                </test>
              </children>
              <parameters />
            </test>
            <test id="6e5f3a8fac97c581" name="RepositoryTests" fullName="SubSonic.Tests/RepositoryTests" isTestCase="false">
              <codeReference assembly="SubSonic.Tests, Version=2.2.1.0, Culture=neutral, PublicKeyToken=null" namespace="SubSonic.Tests.Repository" type="SubSonic.Tests.Repository.RepositoryTests" />
              <codeLocation path="C:\data\SubsonicRoot\ss2\SubSonic.Tests\Repository\RepositoryTests.cs" />
              <metadata>
                <entry key="TestKind">
                  <value>Fixture</value>
                </entry>
              </metadata>
              <children>
                <test id="501bdffa4db407e3" name="Repository_Should_UpdateProductName" fullName="SubSonic.Tests/RepositoryTests/Repository_Should_UpdateProductName" isTestCase="true">
                  <codeReference assembly="SubSonic.Tests, Version=2.2.1.0, Culture=neutral, PublicKeyToken=null" namespace="SubSonic.Tests.Repository" type="SubSonic.Tests.Repository.RepositoryTests" member="Repository_Should_UpdateProductName" />
                  <codeLocation path="C:\data\SubsonicRoot\ss2\SubSonic.Tests\Repository\RepositoryTests.cs" line="87" />
                  <metadata>
                    <entry key="TestKind">
                      <value>Test</value>
                    </entry>
                  </metadata>
                  <children />
                  <parameters />
                </test>
                <test id="e89af05ec569a902" name="Repository_FullCRUD" fullName="SubSonic.Tests/RepositoryTests/Repository_FullCRUD" isTestCase="true">
                  <codeReference assembly="SubSonic.Tests, Version=2.2.1.0, Culture=neutral, PublicKeyToken=null" namespace="SubSonic.Tests.Repository" type="SubSonic.Tests.Repository.RepositoryTests" member="Repository_FullCRUD" />
                  <codeLocation path="C:\data\SubsonicRoot\ss2\SubSonic.Tests\Repository\RepositoryTests.cs" line="33" />
                  <metadata>
                    <entry key="TestKind">
                      <value>Test</value>
                    </entry>
                  </metadata>
                  <children />
                  <parameters />
                </test>
                <test id="a194cf2f72fa0da3" name="Repository_Simple_Select" fullName="SubSonic.Tests/RepositoryTests/Repository_Simple_Select" isTestCase="true">
                  <codeReference assembly="SubSonic.Tests, Version=2.2.1.0, Culture=neutral, PublicKeyToken=null" namespace="SubSonic.Tests.Repository" type="SubSonic.Tests.Repository.RepositoryTests" member="Repository_Simple_Select" />
                  <codeLocation path="C:\data\SubsonicRoot\ss2\SubSonic.Tests\Repository\RepositoryTests.cs" line="26" />
                  <metadata>
                    <entry key="TestKind">
                      <value>Test</value>
                    </entry>
                  </metadata>
                  <children />
                  <parameters />
                </test>
                <test id="e8bdbb96571b6b71" name="Repository_DeleteByKey" fullName="SubSonic.Tests/RepositoryTests/Repository_DeleteByKey" isTestCase="true">
                  <codeReference assembly="SubSonic.Tests, Version=2.2.1.0, Culture=neutral, PublicKeyToken=null" namespace="SubSonic.Tests.Repository" type="SubSonic.Tests.Repository.RepositoryTests" member="Repository_DeleteByKey" />
                  <codeLocation path="C:\data\SubsonicRoot\ss2\SubSonic.Tests\Repository\RepositoryTests.cs" line="112" />
                  <metadata>
                    <entry key="TestKind">
                      <value>Test</value>
                    </entry>
                  </metadata>
                  <children />
                  <parameters />
                </test>
                <test id="d366ccde4824190f" name="Repository_DestroyByKey" fullName="SubSonic.Tests/RepositoryTests/Repository_DestroyByKey" isTestCase="true">
                  <codeReference assembly="SubSonic.Tests, Version=2.2.1.0, Culture=neutral, PublicKeyToken=null" namespace="SubSonic.Tests.Repository" type="SubSonic.Tests.Repository.RepositoryTests" member="Repository_DestroyByKey" />
                  <codeLocation path="C:\data\SubsonicRoot\ss2\SubSonic.Tests\Repository\RepositoryTests.cs" line="144" />
                  <metadata>
                    <entry key="TestKind">
                      <value>Test</value>
                    </entry>
                  </metadata>
                  <children />
                  <parameters />
                </test>
                <test id="b277c675572095f6" name="Repository_ShouldNot_ThrowWhenNoColumnsChanged" fullName="SubSonic.Tests/RepositoryTests/Repository_ShouldNot_ThrowWhenNoColumnsChanged" isTestCase="true">
                  <codeReference assembly="SubSonic.Tests, Version=2.2.1.0, Culture=neutral, PublicKeyToken=null" namespace="SubSonic.Tests.Repository" type="SubSonic.Tests.Repository.RepositoryTests" member="Repository_ShouldNot_ThrowWhenNoColumnsChanged" />
                  <codeLocation path="C:\data\SubsonicRoot\ss2\SubSonic.Tests\Repository\RepositoryTests.cs" line="98" />
                  <metadata>
                    <entry key="TestKind">
                      <value>Test</value>
                    </entry>
                  </metadata>
                  <children />
                  <parameters />
                </test>
                <test id="436b3caa8a0dda25" name="Respository_CollectionLoad" fullName="SubSonic.Tests/RepositoryTests/Respository_CollectionLoad" isTestCase="true">
                  <codeReference assembly="SubSonic.Tests, Version=2.2.1.0, Culture=neutral, PublicKeyToken=null" namespace="SubSonic.Tests.Repository" type="SubSonic.Tests.Repository.RepositoryTests" member="Respository_CollectionLoad" />
                  <codeLocation path="C:\data\SubsonicRoot\ss2\SubSonic.Tests\Repository\RepositoryTests.cs" line="106" />
                  <metadata>
                    <entry key="TestKind">
                      <value>Test</value>
                    </entry>
                  </metadata>
                  <children />
                  <parameters />
                </test>
              </children>
              <parameters />
            </test>
            <test id="bc7166f99ef30223" name="ActiveListTests" fullName="SubSonic.Tests/ActiveListTests" isTestCase="false">
              <codeReference assembly="SubSonic.Tests, Version=2.2.1.0, Culture=neutral, PublicKeyToken=null" namespace="SubSonic.Tests" type="SubSonic.Tests.ActiveListTests" />
              <codeLocation path="C:\data\SubsonicRoot\ss2\SubSonic.Tests\ActiveListTests.cs" />
              <metadata>
                <entry key="TestKind">
                  <value>Fixture</value>
                </entry>
              </metadata>
              <children>
                <test id="c63e43da4f9829e6" name="ListTHelper" fullName="SubSonic.Tests/ActiveListTests/ListTHelper" isTestCase="true">
                  <codeReference assembly="SubSonic.Tests, Version=2.2.1.0, Culture=neutral, PublicKeyToken=null" namespace="SubSonic.Tests" type="SubSonic.Tests.ActiveListTests" member="ListTHelper" />
                  <codeLocation path="C:\data\SubsonicRoot\ss2\SubSonic.Tests\ActiveListTests.cs" line="88" />
                  <metadata>
                    <entry key="TestKind">
                      <value>Test</value>
                    </entry>
                  </metadata>
                  <children />
                  <parameters />
                </test>
                <test id="59081e8fe33bad22" name="BatchSaveInsert" fullName="SubSonic.Tests/ActiveListTests/BatchSaveInsert" isTestCase="true">
                  <codeReference assembly="SubSonic.Tests, Version=2.2.1.0, Culture=neutral, PublicKeyToken=null" namespace="SubSonic.Tests" type="SubSonic.Tests.ActiveListTests" member="BatchSaveInsert" />
                  <codeLocation path="C:\data\SubsonicRoot\ss2\SubSonic.Tests\ActiveListTests.cs" line="51" />
                  <metadata>
                    <entry key="TestKind">
                      <value>Test</value>
                    </entry>
                  </metadata>
                  <children />
                  <parameters />
                </test>
                <test id="828dd42707b21bbe" name="DeferredDelete" fullName="SubSonic.Tests/ActiveListTests/DeferredDelete" isTestCase="true">
                  <codeReference assembly="SubSonic.Tests, Version=2.2.1.0, Culture=neutral, PublicKeyToken=null" namespace="SubSonic.Tests" type="SubSonic.Tests.ActiveListTests" member="DeferredDelete" />
                  <codeLocation path="C:\data\SubsonicRoot\ss2\SubSonic.Tests\ActiveListTests.cs" line="66" />
                  <metadata>
                    <entry key="TestKind">
                      <value>Test</value>
                    </entry>
                  </metadata>
                  <children />
                  <parameters />
                </test>
                <test id="c10c3bb6a31302d5" name="BatchSaveUpdate" fullName="SubSonic.Tests/ActiveListTests/BatchSaveUpdate" isTestCase="true">
                  <codeReference assembly="SubSonic.Tests, Version=2.2.1.0, Culture=neutral, PublicKeyToken=null" namespace="SubSonic.Tests" type="SubSonic.Tests.ActiveListTests" member="BatchSaveUpdate" />
                  <codeLocation path="C:\data\SubsonicRoot\ss2\SubSonic.Tests\ActiveListTests.cs" line="130" />
                  <metadata>
                    <entry key="TestKind">
                      <value>Test</value>
                    </entry>
                  </metadata>
                  <children />
                  <parameters />
                </test>
                <test id="a1003a1d129446b2" name="BatchSaveUpdateNoChanges" fullName="SubSonic.Tests/ActiveListTests/BatchSaveUpdateNoChanges" isTestCase="true">
                  <codeReference assembly="SubSonic.Tests, Version=2.2.1.0, Culture=neutral, PublicKeyToken=null" namespace="SubSonic.Tests" type="SubSonic.Tests.ActiveListTests" member="BatchSaveUpdateNoChanges" />
                  <codeLocation path="C:\data\SubsonicRoot\ss2\SubSonic.Tests\ActiveListTests.cs" line="152" />
                  <metadata>
                    <entry key="TestKind">
                      <value>Test</value>
                    </entry>
                  </metadata>
                  <children />
                  <parameters />
                </test>
                <test id="dc06ea3eb5ecffc" name="ListSerialization" fullName="SubSonic.Tests/ActiveListTests/ListSerialization" isTestCase="true">
                  <codeReference assembly="SubSonic.Tests, Version=2.2.1.0, Culture=neutral, PublicKeyToken=null" namespace="SubSonic.Tests" type="SubSonic.Tests.ActiveListTests" member="ListSerialization" />
                  <codeLocation path="C:\data\SubsonicRoot\ss2\SubSonic.Tests\ActiveListTests.cs" line="173" />
                  <metadata>
                    <entry key="TestKind">
                      <value>Test</value>
                    </entry>
                  </metadata>
                  <children />
                  <parameters />
                </test>
              </children>
              <parameters />
            </test>
            <test id="621ae3895ea314a" name="MultiProvider" fullName="SubSonic.Tests/MultiProvider" isTestCase="false">
              <codeReference assembly="SubSonic.Tests, Version=2.2.1.0, Culture=neutral, PublicKeyToken=null" namespace="SubSonic.Tests" type="SubSonic.Tests.MultiProvider" />
              <codeLocation path="C:\data\SubsonicRoot\ss2\SubSonic.Tests\MultiProvider.cs" />
              <metadata>
                <entry key="TestKind">
                  <value>Fixture</value>
                </entry>
              </metadata>
              <children>
                <test id="e240560f583195d4" name="Multi_QueryTest" fullName="SubSonic.Tests/MultiProvider/Multi_QueryTest" isTestCase="true">
                  <codeReference assembly="SubSonic.Tests, Version=2.2.1.0, Culture=neutral, PublicKeyToken=null" namespace="SubSonic.Tests" type="SubSonic.Tests.MultiProvider" member="Multi_QueryTest" />
                  <codeLocation path="C:\data\SubsonicRoot\ss2\SubSonic.Tests\MultiProvider.cs" line="32" />
                  <metadata>
                    <entry key="TestKind">
                      <value>Test</value>
                    </entry>
                  </metadata>
                  <children />
                  <parameters />
                </test>
                <test id="44598ae75999557" name="Multiple_Providers_Should_Return_Correct_ProviderName" fullName="SubSonic.Tests/MultiProvider/Multiple_Providers_Should_Return_Correct_ProviderName" isTestCase="true">
                  <codeReference assembly="SubSonic.Tests, Version=2.2.1.0, Culture=neutral, PublicKeyToken=null" namespace="SubSonic.Tests" type="SubSonic.Tests.MultiProvider" member="Multiple_Providers_Should_Return_Correct_ProviderName" />
                  <codeLocation path="C:\data\SubsonicRoot\ss2\SubSonic.Tests\MultiProvider.cs" line="45" />
                  <metadata>
                    <entry key="TestKind">
                      <value>Test</value>
                    </entry>
                  </metadata>
                  <children />
                  <parameters />
                </test>
              </children>
              <parameters />
            </test>
            <test id="a42c7aab47bd124a" name="TransactionTests" fullName="SubSonic.Tests/TransactionTests" isTestCase="false">
              <codeReference assembly="SubSonic.Tests, Version=2.2.1.0, Culture=neutral, PublicKeyToken=null" namespace="SubSonic.Tests.SqlQuery" type="SubSonic.Tests.SqlQuery.TransactionTests" />
              <codeLocation path="C:\data\SubsonicRoot\ss2\SubSonic.Tests\SqlQuery\TransactionTests.cs" />
              <metadata>
                <entry key="TestKind">
                  <value>Fixture</value>
                </entry>
              </metadata>
              <children>
                <test id="ce0ea0d4bbeba445" name="Transaction_Simple" fullName="SubSonic.Tests/TransactionTests/Transaction_Simple" isTestCase="true">
                  <codeReference assembly="SubSonic.Tests, Version=2.2.1.0, Culture=neutral, PublicKeyToken=null" namespace="SubSonic.Tests.SqlQuery" type="SubSonic.Tests.SqlQuery.TransactionTests" member="Transaction_Simple" />
                  <codeLocation path="C:\data\SubsonicRoot\ss2\SubSonic.Tests\SqlQuery\TransactionTests.cs" line="27" />
                  <metadata>
                    <entry key="TestKind">
                      <value>Test</value>
                    </entry>
                  </metadata>
                  <children />
                  <parameters />
                </test>
              </children>
              <parameters />
            </test>
            <test id="82e4f995d1ef4b99" name="GeneratedObjectTests" fullName="SubSonic.Tests/GeneratedObjectTests" isTestCase="false">
              <codeReference assembly="SubSonic.Tests, Version=2.2.1.0, Culture=neutral, PublicKeyToken=null" namespace="SubSonic.Tests" type="SubSonic.Tests.GeneratedObjectTests" />
              <codeLocation path="C:\data\SubsonicRoot\ss2\SubSonic.Tests\GeneratedObjectTests.cs" />
              <metadata>
                <entry key="TestKind">
                  <value>Fixture</value>
                </entry>
              </metadata>
              <children>
                <test id="bb5648aa7aeca27d" name="Objects_DeletedTest" fullName="SubSonic.Tests/GeneratedObjectTests/Objects_DeletedTest" isTestCase="true">
                  <codeReference assembly="SubSonic.Tests, Version=2.2.1.0, Culture=neutral, PublicKeyToken=null" namespace="SubSonic.Tests" type="SubSonic.Tests.GeneratedObjectTests" member="Objects_DeletedTest" />
                  <codeLocation path="C:\data\SubsonicRoot\ss2\SubSonic.Tests\GeneratedObjectTests.cs" line="72" />
                  <metadata>
                    <entry key="TestKind">
                      <value>Test</value>
                    </entry>
                  </metadata>
                  <children />
                  <parameters />
                </test>
                <test id="3c3bbcc98ccd4e2f" name="Object_Query" fullName="SubSonic.Tests/GeneratedObjectTests/Object_Query" isTestCase="true">
                  <codeReference assembly="SubSonic.Tests, Version=2.2.1.0, Culture=neutral, PublicKeyToken=null" namespace="SubSonic.Tests" type="SubSonic.Tests.GeneratedObjectTests" member="Object_Query" />
                  <codeLocation path="C:\data\SubsonicRoot\ss2\SubSonic.Tests\GeneratedObjectTests.cs" line="85" />
                  <metadata>
                    <entry key="TestKind">
                      <value>Test</value>
                    </entry>
                  </metadata>
                  <children />
                  <parameters />
                </test>
                <test id="c7acc287a1bc8226" name="Collections_DeletedTest" fullName="SubSonic.Tests/GeneratedObjectTests/Collections_DeletedTest" isTestCase="true">
                  <codeReference assembly="SubSonic.Tests, Version=2.2.1.0, Culture=neutral, PublicKeyToken=null" namespace="SubSonic.Tests" type="SubSonic.Tests.GeneratedObjectTests" member="Collections_DeletedTest" />
                  <codeLocation path="C:\data\SubsonicRoot\ss2\SubSonic.Tests\GeneratedObjectTests.cs" line="51" />
                  <metadata>
                    <entry key="TestKind">
                      <value>Test</value>
                    </entry>
                  </metadata>
                  <children />
                  <parameters />
                </test>
                <test id="aeb613d93bc00de9" name="Objects_LoadListItems" fullName="SubSonic.Tests/GeneratedObjectTests/Objects_LoadListItems" isTestCase="true">
                  <codeReference assembly="SubSonic.Tests, Version=2.2.1.0, Culture=neutral, PublicKeyToken=null" namespace="SubSonic.Tests" type="SubSonic.Tests.GeneratedObjectTests" member="Objects_LoadListItems" />
                  <codeLocation path="C:\data\SubsonicRoot\ss2\SubSonic.Tests\GeneratedObjectTests.cs" line="62" />
                  <metadata>
                    <entry key="TestKind">
                      <value>Test</value>
                    </entry>
                  </metadata>
                  <children />
                  <parameters />
                </test>
                <test id="f95d8f08e78840f5" name="Object_DefaultSettings" fullName="SubSonic.Tests/GeneratedObjectTests/Object_DefaultSettings" isTestCase="true">
                  <codeReference assembly="SubSonic.Tests, Version=2.2.1.0, Culture=neutral, PublicKeyToken=null" namespace="SubSonic.Tests" type="SubSonic.Tests.GeneratedObjectTests" member="Object_DefaultSettings" />
                  <codeLocation path="C:\data\SubsonicRoot\ss2\SubSonic.Tests\GeneratedObjectTests.cs" line="155" />
                  <metadata>
                    <entry key="TestKind">
                      <value>Test</value>
                    </entry>
                  </metadata>
                  <children />
                  <parameters />
                </test>
                <test id="29e469fbe053c6cc" name="Object_SchemaDefinition" fullName="SubSonic.Tests/GeneratedObjectTests/Object_SchemaDefinition" isTestCase="true">
                  <codeReference assembly="SubSonic.Tests, Version=2.2.1.0, Culture=neutral, PublicKeyToken=null" namespace="SubSonic.Tests" type="SubSonic.Tests.GeneratedObjectTests" member="Object_SchemaDefinition" />
                  <codeLocation path="C:\data\SubsonicRoot\ss2\SubSonic.Tests\GeneratedObjectTests.cs" line="166" />
                  <metadata>
                    <entry key="TestKind">
                      <value>Test</value>
                    </entry>
                  </metadata>
                  <children />
                  <parameters />
                </test>
                <test id="40bb206d85a9b796" name="Object_CRUD" fullName="SubSonic.Tests/GeneratedObjectTests/Object_CRUD" isTestCase="true">
                  <codeReference assembly="SubSonic.Tests, Version=2.2.1.0, Culture=neutral, PublicKeyToken=null" namespace="SubSonic.Tests" type="SubSonic.Tests.GeneratedObjectTests" member="Object_CRUD" />
                  <codeLocation path="C:\data\SubsonicRoot\ss2\SubSonic.Tests\GeneratedObjectTests.cs" line="99" />
                  <metadata>
                    <entry key="TestKind">
                      <value>Test</value>
                    </entry>
                  </metadata>
                  <children />
                  <parameters />
                </test>
                <test id="14c17386f5fc54" name="Object_Validation" fullName="SubSonic.Tests/GeneratedObjectTests/Object_Validation" isTestCase="true">
                  <codeReference assembly="SubSonic.Tests, Version=2.2.1.0, Culture=neutral, PublicKeyToken=null" namespace="SubSonic.Tests" type="SubSonic.Tests.GeneratedObjectTests" member="Object_Validation" />
                  <codeLocation path="C:\data\SubsonicRoot\ss2\SubSonic.Tests\GeneratedObjectTests.cs" line="124" />
                  <metadata>
                    <entry key="TestKind">
                      <value>Test</value>
                    </entry>
                  </metadata>
                  <children />
                  <parameters />
                </test>
              </children>
              <parameters />
            </test>
            <test id="100d55b0e105bd89" name="DataServiceTest" fullName="SubSonic.Tests/DataServiceTest" isTestCase="false">
              <codeReference assembly="SubSonic.Tests, Version=2.2.1.0, Culture=neutral, PublicKeyToken=null" namespace="SubSonic.Tests" type="SubSonic.Tests.DataServiceTest" />
              <codeLocation path="C:\data\SubsonicRoot\ss2\SubSonic.Tests\DataServiceTest.cs" />
              <metadata>
                <entry key="TestKind">
                  <value>Fixture</value>
                </entry>
              </metadata>
              <children>
                <test id="b449a12d7036ab60" name="DataService_GetSchema" fullName="SubSonic.Tests/DataServiceTest/DataService_GetSchema" isTestCase="true">
                  <codeReference assembly="SubSonic.Tests, Version=2.2.1.0, Culture=neutral, PublicKeyToken=null" namespace="SubSonic.Tests" type="SubSonic.Tests.DataServiceTest" member="DataService_GetSchema" />
                  <codeLocation path="C:\data\SubsonicRoot\ss2\SubSonic.Tests\DataServiceTest.cs" line="49" />
                  <metadata>
                    <entry key="TestKind">
                      <value>Test</value>
                    </entry>
                  </metadata>
                  <children />
                  <parameters />
                </test>
                <test id="ee678df2e826a4e0" name="DataProvider_GetRecordCount" fullName="SubSonic.Tests/DataServiceTest/DataProvider_GetRecordCount" isTestCase="true">
                  <codeReference assembly="SubSonic.Tests, Version=2.2.1.0, Culture=neutral, PublicKeyToken=null" namespace="SubSonic.Tests" type="SubSonic.Tests.DataServiceTest" member="DataProvider_GetRecordCount" />
                  <codeLocation path="C:\data\SubsonicRoot\ss2\SubSonic.Tests\DataServiceTest.cs" line="69" />
                  <metadata>
                    <entry key="TestKind">
                      <value>Test</value>
                    </entry>
                  </metadata>
                  <children />
                  <parameters />
                </test>
                <test id="62b85bc2affcd08c" name="DataService_GetTableNames" fullName="SubSonic.Tests/DataServiceTest/DataService_GetTableNames" isTestCase="true">
                  <codeReference assembly="SubSonic.Tests, Version=2.2.1.0, Culture=neutral, PublicKeyToken=null" namespace="SubSonic.Tests" type="SubSonic.Tests.DataServiceTest" member="DataService_GetTableNames" />
                  <codeLocation path="C:\data\SubsonicRoot\ss2\SubSonic.Tests\DataServiceTest.cs" line="59" />
                  <metadata>
                    <entry key="TestKind">
                      <value>Test</value>
                    </entry>
                  </metadata>
                  <children />
                  <parameters />
                </test>
              </children>
              <parameters />
            </test>
            <test id="d555ee4381e205dd" name="MySqlGeneratorTests" fullName="SubSonic.Tests/MySqlGeneratorTests" isTestCase="false">
              <codeReference assembly="SubSonic.Tests, Version=2.2.1.0, Culture=neutral, PublicKeyToken=null" namespace="SubSonic.Tests.SqlGenerators" type="SubSonic.Tests.SqlGenerators.MySqlGeneratorTests" />
              <codeLocation path="C:\data\SubsonicRoot\ss2\SubSonic.Tests\SqlGenerators\MySqlGeneratorTests.cs" />
              <metadata>
                <entry key="TestKind">
                  <value>Fixture</value>
                </entry>
              </metadata>
              <children>
                <test id="86b9711ecc776484" name="Drop_Table" fullName="SubSonic.Tests/MySqlGeneratorTests/Drop_Table" isTestCase="true">
                  <codeReference assembly="SubSonic.Tests, Version=2.2.1.0, Culture=neutral, PublicKeyToken=null" namespace="SubSonic.Tests.SqlGenerators" type="SubSonic.Tests.SqlGenerators.MySqlGeneratorTests" member="Drop_Table" />
                  <codeLocation path="C:\data\SubsonicRoot\ss2\SubSonic.Tests\SqlGenerators\MySqlGeneratorTests.cs" line="23" />
                  <metadata>
                    <entry key="TestKind">
                      <value>Test</value>
                    </entry>
                  </metadata>
                  <children />
                  <parameters />
                </test>
                <test id="58690fbdcef5469f" name="Select_ColumnList_Specified" fullName="SubSonic.Tests/MySqlGeneratorTests/Select_ColumnList_Specified" isTestCase="true">
                  <codeReference assembly="SubSonic.Tests, Version=2.2.1.0, Culture=neutral, PublicKeyToken=null" namespace="SubSonic.Tests.SqlGenerators" type="SubSonic.Tests.SqlGenerators.MySqlGeneratorTests" member="Select_ColumnList_Specified" />
                  <codeLocation path="C:\data\SubsonicRoot\ss2\SubSonic.Tests\SqlGenerators\MySqlGeneratorTests.cs" line="12" />
                  <metadata>
                    <entry key="TestKind">
                      <value>Test</value>
                    </entry>
                  </metadata>
                  <children />
                  <parameters />
                </test>
                <test id="21f87b47ae716092" name="Create_Table" fullName="SubSonic.Tests/MySqlGeneratorTests/Create_Table" isTestCase="true">
                  <codeReference assembly="SubSonic.Tests, Version=2.2.1.0, Culture=neutral, PublicKeyToken=null" namespace="SubSonic.Tests.SqlGenerators" type="SubSonic.Tests.SqlGenerators.MySqlGeneratorTests" member="Create_Table" />
                  <codeLocation path="C:\data\SubsonicRoot\ss2\SubSonic.Tests\SqlGenerators\MySqlGeneratorTests.cs" line="31" />
                  <metadata>
                    <entry key="TestKind">
                      <value>Test</value>
                    </entry>
                  </metadata>
                  <children />
                  <parameters />
                </test>
                <test id="4b2410a3fffa3a15" name="Remove_Column" fullName="SubSonic.Tests/MySqlGeneratorTests/Remove_Column" isTestCase="true">
                  <codeReference assembly="SubSonic.Tests, Version=2.2.1.0, Culture=neutral, PublicKeyToken=null" namespace="SubSonic.Tests.SqlGenerators" type="SubSonic.Tests.SqlGenerators.MySqlGeneratorTests" member="Remove_Column" />
                  <codeLocation path="C:\data\SubsonicRoot\ss2\SubSonic.Tests\SqlGenerators\MySqlGeneratorTests.cs" line="73" />
                  <metadata>
                    <entry key="TestKind">
                      <value>Test</value>
                    </entry>
                  </metadata>
                  <children />
                  <parameters />
                </test>
                <test id="5a34a93f4a70d135" name="Alter_Column" fullName="SubSonic.Tests/MySqlGeneratorTests/Alter_Column" isTestCase="true">
                  <codeReference assembly="SubSonic.Tests, Version=2.2.1.0, Culture=neutral, PublicKeyToken=null" namespace="SubSonic.Tests.SqlGenerators" type="SubSonic.Tests.SqlGenerators.MySqlGeneratorTests" member="Alter_Column" />
                  <codeLocation path="C:\data\SubsonicRoot\ss2\SubSonic.Tests\SqlGenerators\MySqlGeneratorTests.cs" line="61" />
                  <metadata>
                    <entry key="TestKind">
                      <value>Test</value>
                    </entry>
                  </metadata>
                  <children />
                  <parameters />
                </test>
                <test id="f83464f45f4bb980" name="Add_Column" fullName="SubSonic.Tests/MySqlGeneratorTests/Add_Column" isTestCase="true">
                  <codeReference assembly="SubSonic.Tests, Version=2.2.1.0, Culture=neutral, PublicKeyToken=null" namespace="SubSonic.Tests.SqlGenerators" type="SubSonic.Tests.SqlGenerators.MySqlGeneratorTests" member="Add_Column" />
                  <codeLocation path="C:\data\SubsonicRoot\ss2\SubSonic.Tests\SqlGenerators\MySqlGeneratorTests.cs" line="46" />
                  <metadata>
                    <entry key="TestKind">
                      <value>Test</value>
                    </entry>
                  </metadata>
                  <children />
                  <parameters />
                </test>
              </children>
              <parameters />
            </test>
            <test id="4a525883a4c1bcb9" name="ManyToMany" fullName="SubSonic.Tests/ManyToMany" isTestCase="false">
              <codeReference assembly="SubSonic.Tests, Version=2.2.1.0, Culture=neutral, PublicKeyToken=null" namespace="SubSonic.Tests" type="SubSonic.Tests.ManyToMany" />
              <codeLocation path="C:\data\SubsonicRoot\ss2\SubSonic.Tests\bin\Debug\SubSonic.Tests.DLL" />
              <metadata>
                <entry key="TestKind">
                  <value>Fixture</value>
                </entry>
              </metadata>
              <children />
              <parameters />
            </test>
            <test id="60b90858aa342229" name="SqlServerParserTests" fullName="SubSonic.Tests/SqlServerParserTests" isTestCase="false">
              <codeReference assembly="SubSonic.Tests, Version=2.2.1.0, Culture=neutral, PublicKeyToken=null" namespace="SubSonic.Tests.SqlQuery" type="SubSonic.Tests.SqlQuery.SqlServerParserTests" />
              <codeLocation path="C:\data\SubsonicRoot\ss2\SubSonic.Tests\SqlGenerators\SqlServerGeneratorTests.cs" />
              <metadata>
                <entry key="TestKind">
                  <value>Fixture</value>
                </entry>
              </metadata>
              <children>
                <test id="b038d3afb3264e1f" name="Add_Column" fullName="SubSonic.Tests/SqlServerParserTests/Add_Column" isTestCase="true">
                  <codeReference assembly="SubSonic.Tests, Version=2.2.1.0, Culture=neutral, PublicKeyToken=null" namespace="SubSonic.Tests.SqlQuery" type="SubSonic.Tests.SqlQuery.SqlServerParserTests" member="Add_Column" />
                  <codeLocation path="C:\data\SubsonicRoot\ss2\SubSonic.Tests\SqlGenerators\SqlServerGeneratorTests.cs" line="258" />
                  <metadata>
                    <entry key="TestKind">
                      <value>Test</value>
                    </entry>
                  </metadata>
                  <children />
                  <parameters />
                </test>
                <test id="b23686f1b213f7ff" name="Create_Table" fullName="SubSonic.Tests/SqlServerParserTests/Create_Table" isTestCase="true">
                  <codeReference assembly="SubSonic.Tests, Version=2.2.1.0, Culture=neutral, PublicKeyToken=null" namespace="SubSonic.Tests.SqlQuery" type="SubSonic.Tests.SqlQuery.SqlServerParserTests" member="Create_Table" />
                  <codeLocation path="C:\data\SubsonicRoot\ss2\SubSonic.Tests\SqlGenerators\SqlServerGeneratorTests.cs" line="248" />
                  <metadata>
                    <entry key="TestKind">
                      <value>Test</value>
                    </entry>
                  </metadata>
                  <children />
                  <parameters />
                </test>
                <test id="76cb5cc148d15d12" name="Drop_Table" fullName="SubSonic.Tests/SqlServerParserTests/Drop_Table" isTestCase="true">
                  <codeReference assembly="SubSonic.Tests, Version=2.2.1.0, Culture=neutral, PublicKeyToken=null" namespace="SubSonic.Tests.SqlQuery" type="SubSonic.Tests.SqlQuery.SqlServerParserTests" member="Drop_Table" />
                  <codeLocation path="C:\data\SubsonicRoot\ss2\SubSonic.Tests\SqlGenerators\SqlServerGeneratorTests.cs" line="240" />
                  <metadata>
                    <entry key="TestKind">
                      <value>Test</value>
                    </entry>
                  </metadata>
                  <children />
                  <parameters />
                </test>
                <test id="f10c18f4e6e52a40" name="Select_ColumnList_Specified" fullName="SubSonic.Tests/SqlServerParserTests/Select_ColumnList_Specified" isTestCase="true">
                  <codeReference assembly="SubSonic.Tests, Version=2.2.1.0, Culture=neutral, PublicKeyToken=null" namespace="SubSonic.Tests.SqlQuery" type="SubSonic.Tests.SqlQuery.SqlServerParserTests" member="Select_ColumnList_Specified" />
                  <codeLocation path="C:\data\SubsonicRoot\ss2\SubSonic.Tests\SqlGenerators\SqlServerGeneratorTests.cs" line="27" />
                  <metadata>
                    <entry key="TestKind">
                      <value>Test</value>
                    </entry>
                  </metadata>
                  <children />
                  <parameters />
                </test>
                <test id="55d0b3a9aa2fc7b5" name="Remove_Column" fullName="SubSonic.Tests/SqlServerParserTests/Remove_Column" isTestCase="true">
                  <codeReference assembly="SubSonic.Tests, Version=2.2.1.0, Culture=neutral, PublicKeyToken=null" namespace="SubSonic.Tests.SqlQuery" type="SubSonic.Tests.SqlQuery.SqlServerParserTests" member="Remove_Column" />
                  <codeLocation path="C:\data\SubsonicRoot\ss2\SubSonic.Tests\SqlGenerators\SqlServerGeneratorTests.cs" line="288" />
                  <metadata>
                    <entry key="TestKind">
                      <value>Test</value>
                    </entry>
                  </metadata>
                  <children />
                  <parameters />
                </test>
                <test id="230b5d41c88cd9d3" name="Alter_Column" fullName="SubSonic.Tests/SqlServerParserTests/Alter_Column" isTestCase="true">
                  <codeReference assembly="SubSonic.Tests, Version=2.2.1.0, Culture=neutral, PublicKeyToken=null" namespace="SubSonic.Tests.SqlQuery" type="SubSonic.Tests.SqlQuery.SqlServerParserTests" member="Alter_Column" />
                  <codeLocation path="C:\data\SubsonicRoot\ss2\SubSonic.Tests\SqlGenerators\SqlServerGeneratorTests.cs" line="273" />
                  <metadata>
                    <entry key="TestKind">
                      <value>Test</value>
                    </entry>
                  </metadata>
                  <children />
                  <parameters />
                </test>
                <test id="a81dd1f180303cf2" name="Join_Unequal" fullName="SubSonic.Tests/SqlServerParserTests/Join_Unequal" isTestCase="true">
                  <codeReference assembly="SubSonic.Tests, Version=2.2.1.0, Culture=neutral, PublicKeyToken=null" namespace="SubSonic.Tests.SqlQuery" type="SubSonic.Tests.SqlQuery.SqlServerParserTests" member="Join_Unequal" />
                  <codeLocation path="C:\data\SubsonicRoot\ss2\SubSonic.Tests\SqlGenerators\SqlServerGeneratorTests.cs" line="228" />
                  <metadata>
                    <entry key="TestKind">
                      <value>Test</value>
                    </entry>
                  </metadata>
                  <children />
                  <parameters />
                </test>
                <test id="e8c503421ed75cc7" name="Where_Simple" fullName="SubSonic.Tests/SqlServerParserTests/Where_Simple" isTestCase="true">
                  <codeReference assembly="SubSonic.Tests, Version=2.2.1.0, Culture=neutral, PublicKeyToken=null" namespace="SubSonic.Tests.SqlQuery" type="SubSonic.Tests.SqlQuery.SqlServerParserTests" member="Where_Simple" />
                  <codeLocation path="C:\data\SubsonicRoot\ss2\SubSonic.Tests\SqlGenerators\SqlServerGeneratorTests.cs" line="81" />
                  <metadata>
                    <entry key="TestKind">
                      <value>Test</value>
                    </entry>
                  </metadata>
                  <children />
                  <parameters />
                </test>
                <test id="8e81f1b907805ac6" name="Where_And" fullName="SubSonic.Tests/SqlServerParserTests/Where_And" isTestCase="true">
                  <codeReference assembly="SubSonic.Tests, Version=2.2.1.0, Culture=neutral, PublicKeyToken=null" namespace="SubSonic.Tests.SqlQuery" type="SubSonic.Tests.SqlQuery.SqlServerParserTests" member="Where_And" />
                  <codeLocation path="C:\data\SubsonicRoot\ss2\SubSonic.Tests\SqlGenerators\SqlServerGeneratorTests.cs" line="90" />
                  <metadata>
                    <entry key="TestKind">
                      <value>Test</value>
                    </entry>
                  </metadata>
                  <children />
                  <parameters />
                </test>
                <test id="cd33398885417e68" name="Select_BetweenAnd" fullName="SubSonic.Tests/SqlServerParserTests/Select_BetweenAnd" isTestCase="true">
                  <codeReference assembly="SubSonic.Tests, Version=2.2.1.0, Culture=neutral, PublicKeyToken=null" namespace="SubSonic.Tests.SqlQuery" type="SubSonic.Tests.SqlQuery.SqlServerParserTests" member="Select_BetweenAnd" />
                  <codeLocation path="C:\data\SubsonicRoot\ss2\SubSonic.Tests\SqlGenerators\SqlServerGeneratorTests.cs" line="101" />
                  <metadata>
                    <entry key="TestKind">
                      <value>Test</value>
                    </entry>
                  </metadata>
                  <children />
                  <parameters />
                </test>
                <test id="93ecceb46b6af8ef" name="Join_CreateImplicit_Reversed" fullName="SubSonic.Tests/SqlServerParserTests/Join_CreateImplicit_Reversed" isTestCase="true">
                  <codeReference assembly="SubSonic.Tests, Version=2.2.1.0, Culture=neutral, PublicKeyToken=null" namespace="SubSonic.Tests.SqlQuery" type="SubSonic.Tests.SqlQuery.SqlServerParserTests" member="Join_CreateImplicit_Reversed" />
                  <codeLocation path="C:\data\SubsonicRoot\ss2\SubSonic.Tests\SqlGenerators\SqlServerGeneratorTests.cs" line="73" />
                  <metadata>
                    <entry key="TestKind">
                      <value>Test</value>
                    </entry>
                  </metadata>
                  <children />
                  <parameters />
                </test>
                <test id="9353a3d7f6f779c0" name="Select_Generate_FromList" fullName="SubSonic.Tests/SqlServerParserTests/Select_Generate_FromList" isTestCase="true">
                  <codeReference assembly="SubSonic.Tests, Version=2.2.1.0, Culture=neutral, PublicKeyToken=null" namespace="SubSonic.Tests.SqlQuery" type="SubSonic.Tests.SqlQuery.SqlServerParserTests" member="Select_Generate_FromList" />
                  <codeLocation path="C:\data\SubsonicRoot\ss2\SubSonic.Tests\SqlGenerators\SqlServerGeneratorTests.cs" line="38" />
                  <metadata>
                    <entry key="TestKind">
                      <value>Test</value>
                    </entry>
                  </metadata>
                  <children />
                  <parameters />
                </test>
                <test id="c16ca65665a60dcd" name="Select_Generate_JoinList" fullName="SubSonic.Tests/SqlServerParserTests/Select_Generate_JoinList" isTestCase="true">
                  <codeReference assembly="SubSonic.Tests, Version=2.2.1.0, Culture=neutral, PublicKeyToken=null" namespace="SubSonic.Tests.SqlQuery" type="SubSonic.Tests.SqlQuery.SqlServerParserTests" member="Select_Generate_JoinList" />
                  <codeLocation path="C:\data\SubsonicRoot\ss2\SubSonic.Tests\SqlGenerators\SqlServerGeneratorTests.cs" line="49" />
                  <metadata>
                    <entry key="TestKind">
                      <value>Test</value>
                    </entry>
                  </metadata>
                  <children />
                  <parameters />
                </test>
                <test id="6b04afe64d308ac5" name="Join_CreateImplicit" fullName="SubSonic.Tests/SqlServerParserTests/Join_CreateImplicit" isTestCase="true">
                  <codeReference assembly="SubSonic.Tests, Version=2.2.1.0, Culture=neutral, PublicKeyToken=null" namespace="SubSonic.Tests.SqlQuery" type="SubSonic.Tests.SqlQuery.SqlServerParserTests" member="Join_CreateImplicit" />
                  <codeLocation path="C:\data\SubsonicRoot\ss2\SubSonic.Tests\SqlGenerators\SqlServerGeneratorTests.cs" line="65" />
                  <metadata>
                    <entry key="TestKind">
                      <value>Test</value>
                    </entry>
                  </metadata>
                  <children />
                  <parameters />
                </test>
                <test id="fe33148885157218" name="Aggregate_Count" fullName="SubSonic.Tests/SqlServerParserTests/Aggregate_Count" isTestCase="true">
                  <codeReference assembly="SubSonic.Tests, Version=2.2.1.0, Culture=neutral, PublicKeyToken=null" namespace="SubSonic.Tests.SqlQuery" type="SubSonic.Tests.SqlQuery.SqlServerParserTests" member="Aggregate_Count" />
                  <codeLocation path="C:\data\SubsonicRoot\ss2\SubSonic.Tests\SqlGenerators\SqlServerGeneratorTests.cs" line="111" />
                  <metadata>
                    <entry key="TestKind">
                      <value>Test</value>
                    </entry>
                  </metadata>
                  <children />
                  <parameters />
                </test>
                <test id="ad7e1ee716b970b" name="Select_IN" fullName="SubSonic.Tests/SqlServerParserTests/Select_IN" isTestCase="true">
                  <codeReference assembly="SubSonic.Tests, Version=2.2.1.0, Culture=neutral, PublicKeyToken=null" namespace="SubSonic.Tests.SqlQuery" type="SubSonic.Tests.SqlQuery.SqlServerParserTests" member="Select_IN" />
                  <codeLocation path="C:\data\SubsonicRoot\ss2\SubSonic.Tests\SqlGenerators\SqlServerGeneratorTests.cs" line="196" />
                  <metadata>
                    <entry key="TestKind">
                      <value>Test</value>
                    </entry>
                  </metadata>
                  <children />
                  <parameters />
                </test>
                <test id="14656463e04d232d" name="Join_RightOuter" fullName="SubSonic.Tests/SqlServerParserTests/Join_RightOuter" isTestCase="true">
                  <codeReference assembly="SubSonic.Tests, Version=2.2.1.0, Culture=neutral, PublicKeyToken=null" namespace="SubSonic.Tests.SqlQuery" type="SubSonic.Tests.SqlQuery.SqlServerParserTests" member="Join_RightOuter" />
                  <codeLocation path="C:\data\SubsonicRoot\ss2\SubSonic.Tests\SqlGenerators\SqlServerGeneratorTests.cs" line="204" />
                  <metadata>
                    <entry key="TestKind">
                      <value>Test</value>
                    </entry>
                  </metadata>
                  <children />
                  <parameters />
                </test>
                <test id="145dc48b903294de" name="Join_Cross" fullName="SubSonic.Tests/SqlServerParserTests/Join_Cross" isTestCase="true">
                  <codeReference assembly="SubSonic.Tests, Version=2.2.1.0, Culture=neutral, PublicKeyToken=null" namespace="SubSonic.Tests.SqlQuery" type="SubSonic.Tests.SqlQuery.SqlServerParserTests" member="Join_Cross" />
                  <codeLocation path="C:\data\SubsonicRoot\ss2\SubSonic.Tests\SqlGenerators\SqlServerGeneratorTests.cs" line="216" />
                  <metadata>
                    <entry key="TestKind">
                      <value>Test</value>
                    </entry>
                  </metadata>
                  <children />
                  <parameters />
                </test>
                <test id="5fa0547ca29e973d" name="Select_PagedWithAggregate" fullName="SubSonic.Tests/SqlServerParserTests/Select_PagedWithAggregate" isTestCase="true">
                  <codeReference assembly="SubSonic.Tests, Version=2.2.1.0, Culture=neutral, PublicKeyToken=null" namespace="SubSonic.Tests.SqlQuery" type="SubSonic.Tests.SqlQuery.SqlServerParserTests" member="Select_PagedWithAggregate" />
                  <codeLocation path="C:\data\SubsonicRoot\ss2\SubSonic.Tests\SqlGenerators\SqlServerGeneratorTests.cs" line="178" />
                  <metadata>
                    <entry key="TestKind">
                      <value>Test</value>
                    </entry>
                  </metadata>
                  <children />
                  <parameters />
                </test>
                <test id="11814d6ca25ebd6" name="Where_Expression" fullName="SubSonic.Tests/SqlServerParserTests/Where_Expression" isTestCase="true">
                  <codeReference assembly="SubSonic.Tests, Version=2.2.1.0, Culture=neutral, PublicKeyToken=null" namespace="SubSonic.Tests.SqlQuery" type="SubSonic.Tests.SqlQuery.SqlServerParserTests" member="Where_Expression" />
                  <codeLocation path="C:\data\SubsonicRoot\ss2\SubSonic.Tests\SqlGenerators\SqlServerGeneratorTests.cs" line="126" />
                  <metadata>
                    <entry key="TestKind">
                      <value>Test</value>
                    </entry>
                  </metadata>
                  <children />
                  <parameters />
                </test>
                <test id="82c6a08c439adfeb" name="Select_Expression" fullName="SubSonic.Tests/SqlServerParserTests/Select_Expression" isTestCase="true">
                  <codeReference assembly="SubSonic.Tests, Version=2.2.1.0, Culture=neutral, PublicKeyToken=null" namespace="SubSonic.Tests.SqlQuery" type="SubSonic.Tests.SqlQuery.SqlServerParserTests" member="Select_Expression" />
                  <codeLocation path="C:\data\SubsonicRoot\ss2\SubSonic.Tests\SqlGenerators\SqlServerGeneratorTests.cs" line="138" />
                  <metadata>
                    <entry key="TestKind">
                      <value>Test</value>
                    </entry>
                  </metadata>
                  <children />
                  <parameters />
                </test>
                <test id="f8b3de9ebe602bca" name="Select_Paged" fullName="SubSonic.Tests/SqlServerParserTests/Select_Paged" isTestCase="true">
                  <codeReference assembly="SubSonic.Tests, Version=2.2.1.0, Culture=neutral, PublicKeyToken=null" namespace="SubSonic.Tests.SqlQuery" type="SubSonic.Tests.SqlQuery.SqlServerParserTests" member="Select_Paged" />
                  <codeLocation path="C:\data\SubsonicRoot\ss2\SubSonic.Tests\SqlGenerators\SqlServerGeneratorTests.cs" line="157" />
                  <metadata>
                    <entry key="TestKind">
                      <value>Test</value>
                    </entry>
                  </metadata>
                  <children />
                  <parameters />
                </test>
              </children>
              <parameters />
            </test>
            <test id="880abdbef59a7034" name="TransactionWithDtcOffTests" fullName="SubSonic.Tests/TransactionWithDtcOffTests" isTestCase="false">
              <codeReference assembly="SubSonic.Tests, Version=2.2.1.0, Culture=neutral, PublicKeyToken=null" namespace="SubSonic.Tests" type="SubSonic.Tests.TransactionWithDtcOffTests" />
              <codeLocation path="C:\data\SubsonicRoot\ss2\SubSonic.Tests\TransactionWithDtcOffTests.cs" />
              <metadata>
                <entry key="TestKind">
                  <value>Fixture</value>
                </entry>
              </metadata>
              <children>
                <test id="d05195082be18aed" name="RetrieveMultipleProducts_FailsWithoutSharedConnection" fullName="SubSonic.Tests/TransactionWithDtcOffTests/RetrieveMultipleProducts_FailsWithoutSharedConnection" isTestCase="true">
                  <codeReference assembly="SubSonic.Tests, Version=2.2.1.0, Culture=neutral, PublicKeyToken=null" namespace="SubSonic.Tests" type="SubSonic.Tests.TransactionWithDtcOffTests" member="RetrieveMultipleProducts_FailsWithoutSharedConnection" />
                  <codeLocation path="C:\data\SubsonicRoot\ss2\SubSonic.Tests\TransactionWithDtcOffTests.cs" line="78" />
                  <metadata>
                    <entry key="TestKind">
                      <value>Test</value>
                    </entry>
                  </metadata>
                  <children />
                  <parameters />
                </test>
                <test id="33bc997a3d7805bc" name="CanRetrieveMultipleEntities_FailsWithoutSharedConnectionScope" fullName="SubSonic.Tests/TransactionWithDtcOffTests/CanRetrieveMultipleEntities_FailsWithoutSharedConnectionScope" isTestCase="true">
                  <codeReference assembly="SubSonic.Tests, Version=2.2.1.0, Culture=neutral, PublicKeyToken=null" namespace="SubSonic.Tests" type="SubSonic.Tests.TransactionWithDtcOffTests" member="CanRetrieveMultipleEntities_FailsWithoutSharedConnectionScope" />
                  <codeLocation path="C:\data\SubsonicRoot\ss2\SubSonic.Tests\TransactionWithDtcOffTests.cs" line="104" />
                  <metadata>
                    <entry key="TestKind">
                      <value>Test</value>
                    </entry>
                  </metadata>
                  <children />
                  <parameters />
                </test>
                <test id="710aa2d766b9c833" name="CanRetrieveMultipleEntities_SucceedsWithSharedConnectionScope" fullName="SubSonic.Tests/TransactionWithDtcOffTests/CanRetrieveMultipleEntities_SucceedsWithSharedConnectionScope" isTestCase="true">
                  <codeReference assembly="SubSonic.Tests, Version=2.2.1.0, Culture=neutral, PublicKeyToken=null" namespace="SubSonic.Tests" type="SubSonic.Tests.TransactionWithDtcOffTests" member="CanRetrieveMultipleEntities_SucceedsWithSharedConnectionScope" />
                  <codeLocation path="C:\data\SubsonicRoot\ss2\SubSonic.Tests\TransactionWithDtcOffTests.cs" line="135" />
                  <metadata>
                    <entry key="TestKind">
                      <value>Test</value>
                    </entry>
                  </metadata>
                  <children />
                  <parameters />
                </test>
                <test id="9053402acf9b34da" name="NoTransactionScope_CanRetrieveSingleProduct" fullName="SubSonic.Tests/TransactionWithDtcOffTests/NoTransactionScope_CanRetrieveSingleProduct" isTestCase="true">
                  <codeReference assembly="SubSonic.Tests, Version=2.2.1.0, Culture=neutral, PublicKeyToken=null" namespace="SubSonic.Tests" type="SubSonic.Tests.TransactionWithDtcOffTests" member="NoTransactionScope_CanRetrieveSingleProduct" />
                  <codeLocation path="C:\data\SubsonicRoot\ss2\SubSonic.Tests\TransactionWithDtcOffTests.cs" line="55" />
                  <metadata>
                    <entry key="TestKind">
                      <value>Test</value>
                    </entry>
                  </metadata>
                  <children />
                  <parameters />
                </test>
                <test id="974661575d438355" name="NoTransactionScope_CanRetrieveMultipleProducts" fullName="SubSonic.Tests/TransactionWithDtcOffTests/NoTransactionScope_CanRetrieveMultipleProducts" isTestCase="true">
                  <codeReference assembly="SubSonic.Tests, Version=2.2.1.0, Culture=neutral, PublicKeyToken=null" namespace="SubSonic.Tests" type="SubSonic.Tests.TransactionWithDtcOffTests" member="NoTransactionScope_CanRetrieveMultipleProducts" />
                  <codeLocation path="C:\data\SubsonicRoot\ss2\SubSonic.Tests\TransactionWithDtcOffTests.cs" line="65" />
                  <metadata>
                    <entry key="TestKind">
                      <value>Test</value>
                    </entry>
                  </metadata>
                  <children />
                  <parameters />
                </test>
                <test id="c1645f8c4a9f20ab" name="UpdateSingleProduct_SucceedsUsingSharedConnection" fullName="SubSonic.Tests/TransactionWithDtcOffTests/UpdateSingleProduct_SucceedsUsingSharedConnection" isTestCase="true">
                  <codeReference assembly="SubSonic.Tests, Version=2.2.1.0, Culture=neutral, PublicKeyToken=null" namespace="SubSonic.Tests" type="SubSonic.Tests.TransactionWithDtcOffTests" member="UpdateSingleProduct_SucceedsUsingSharedConnection" />
                  <codeLocation path="C:\data\SubsonicRoot\ss2\SubSonic.Tests\TransactionWithDtcOffTests.cs" line="159" />
                  <metadata>
                    <entry key="TestKind">
                      <value>Test</value>
                    </entry>
                  </metadata>
                  <children />
                  <parameters />
                </test>
                <test id="2bfb29567a8c1e0a" name="UpdateMultipleProducts_FailsWithoutSharedConnection" fullName="SubSonic.Tests/TransactionWithDtcOffTests/UpdateMultipleProducts_FailsWithoutSharedConnection" isTestCase="true">
                  <codeReference assembly="SubSonic.Tests, Version=2.2.1.0, Culture=neutral, PublicKeyToken=null" namespace="SubSonic.Tests" type="SubSonic.Tests.TransactionWithDtcOffTests" member="UpdateMultipleProducts_FailsWithoutSharedConnection" />
                  <codeLocation path="C:\data\SubsonicRoot\ss2\SubSonic.Tests\TransactionWithDtcOffTests.cs" line="243" />
                  <metadata>
                    <entry key="TestKind">
                      <value>Test</value>
                    </entry>
                  </metadata>
                  <children />
                  <parameters />
                </test>
                <test id="cf8c2b87e86a6e43" name="UpdateMultipleProducts_SucceedsWithSharedConnection" fullName="SubSonic.Tests/TransactionWithDtcOffTests/UpdateMultipleProducts_SucceedsWithSharedConnection" isTestCase="true">
                  <codeReference assembly="SubSonic.Tests, Version=2.2.1.0, Culture=neutral, PublicKeyToken=null" namespace="SubSonic.Tests" type="SubSonic.Tests.TransactionWithDtcOffTests" member="UpdateMultipleProducts_SucceedsWithSharedConnection" />
                  <codeLocation path="C:\data\SubsonicRoot\ss2\SubSonic.Tests\TransactionWithDtcOffTests.cs" line="266" />
                  <metadata>
                    <entry key="TestKind">
                      <value>Test</value>
                    </entry>
                  </metadata>
                  <children />
                  <parameters />
                </test>
                <test id="bf6fc463aa4691af" name="CanNestSharedConnections" fullName="SubSonic.Tests/TransactionWithDtcOffTests/CanNestSharedConnections" isTestCase="true">
                  <codeReference assembly="SubSonic.Tests, Version=2.2.1.0, Culture=neutral, PublicKeyToken=null" namespace="SubSonic.Tests" type="SubSonic.Tests.TransactionWithDtcOffTests" member="CanNestSharedConnections" />
                  <codeLocation path="C:\data\SubsonicRoot\ss2\SubSonic.Tests\TransactionWithDtcOffTests.cs" line="288" />
                  <metadata>
                    <entry key="TestKind">
                      <value>Test</value>
                    </entry>
                  </metadata>
                  <children />
                  <parameters />
                </test>
                <test id="8e42c869bec9e786" name="UpdateSingleProductRetrieveMultipleProducts_FailsWithoutSharedConnection" fullName="SubSonic.Tests/TransactionWithDtcOffTests/UpdateSingleProductRetrieveMultipleProducts_FailsWithoutSharedConnection" isTestCase="true">
                  <codeReference assembly="SubSonic.Tests, Version=2.2.1.0, Culture=neutral, PublicKeyToken=null" namespace="SubSonic.Tests" type="SubSonic.Tests.TransactionWithDtcOffTests" member="UpdateSingleProductRetrieveMultipleProducts_FailsWithoutSharedConnection" />
                  <codeLocation path="C:\data\SubsonicRoot\ss2\SubSonic.Tests\TransactionWithDtcOffTests.cs" line="172" />
                  <metadata>
                    <entry key="TestKind">
                      <value>Test</value>
                    </entry>
                  </metadata>
                  <children />
                  <parameters />
                </test>
                <test id="32f81b0fb6408d6e" name="UpdateSingleProductRetrieveMultipleProducts_SucceedsWithSharedConnection" fullName="SubSonic.Tests/TransactionWithDtcOffTests/UpdateSingleProductRetrieveMultipleProducts_SucceedsWithSharedConnection" isTestCase="true">
                  <codeReference assembly="SubSonic.Tests, Version=2.2.1.0, Culture=neutral, PublicKeyToken=null" namespace="SubSonic.Tests" type="SubSonic.Tests.TransactionWithDtcOffTests" member="UpdateSingleProductRetrieveMultipleProducts_SucceedsWithSharedConnection" />
                  <codeLocation path="C:\data\SubsonicRoot\ss2\SubSonic.Tests\TransactionWithDtcOffTests.cs" line="197" />
                  <metadata>
                    <entry key="TestKind">
                      <value>Test</value>
                    </entry>
                  </metadata>
                  <children />
                  <parameters />
                </test>
                <test id="f61847d15bae9d7c" name="UpdateSingleProduct_CommitChangeToDatabase" fullName="SubSonic.Tests/TransactionWithDtcOffTests/UpdateSingleProduct_CommitChangeToDatabase" isTestCase="true">
                  <codeReference assembly="SubSonic.Tests, Version=2.2.1.0, Culture=neutral, PublicKeyToken=null" namespace="SubSonic.Tests" type="SubSonic.Tests.TransactionWithDtcOffTests" member="UpdateSingleProduct_CommitChangeToDatabase" />
                  <codeLocation path="C:\data\SubsonicRoot\ss2\SubSonic.Tests\TransactionWithDtcOffTests.cs" line="219" />
                  <metadata>
                    <entry key="TestKind">
                      <value>Test</value>
                    </entry>
                  </metadata>
                  <children />
                  <parameters />
                </test>
              </children>
              <parameters />
            </test>
            <test id="6588e506eeb48f18" name="UpdateTests" fullName="SubSonic.Tests/UpdateTests" isTestCase="false">
              <codeReference assembly="SubSonic.Tests, Version=2.2.1.0, Culture=neutral, PublicKeyToken=null" namespace="SubSonic.Tests.SqlQuery" type="SubSonic.Tests.SqlQuery.UpdateTests" />
              <codeLocation path="C:\data\SubsonicRoot\ss2\SubSonic.Tests\SqlQuery\UpdateTests.cs" />
              <metadata>
                <entry key="TestKind">
                  <value>Fixture</value>
                </entry>
              </metadata>
              <children>
                <test id="7643c0325899aef5" name="Update_SimpleSqlCheck" fullName="SubSonic.Tests/UpdateTests/Update_SimpleSqlCheck" isTestCase="true">
                  <codeReference assembly="SubSonic.Tests, Version=2.2.1.0, Culture=neutral, PublicKeyToken=null" namespace="SubSonic.Tests.SqlQuery" type="SubSonic.Tests.SqlQuery.UpdateTests" member="Update_SimpleSqlCheck" />
                  <codeLocation path="C:\data\SubsonicRoot\ss2\SubSonic.Tests\SqlQuery\UpdateTests.cs" line="27" />
                  <metadata>
                    <entry key="TestKind">
                      <value>Test</value>
                    </entry>
                  </metadata>
                  <children />
                  <parameters />
                </test>
                <test id="f7fa1b357aa3059d" name="Update_Simple" fullName="SubSonic.Tests/UpdateTests/Update_Simple" isTestCase="true">
                  <codeReference assembly="SubSonic.Tests, Version=2.2.1.0, Culture=neutral, PublicKeyToken=null" namespace="SubSonic.Tests.SqlQuery" type="SubSonic.Tests.SqlQuery.UpdateTests" member="Update_Simple" />
                  <codeLocation path="C:\data\SubsonicRoot\ss2\SubSonic.Tests\SqlQuery\UpdateTests.cs" line="35" />
                  <metadata>
                    <entry key="TestKind">
                      <value>Test</value>
                    </entry>
                  </metadata>
                  <children />
                  <parameters />
                </test>
                <test id="9018805426534641" name="Update_SimpleTyped" fullName="SubSonic.Tests/UpdateTests/Update_SimpleTyped" isTestCase="true">
                  <codeReference assembly="SubSonic.Tests, Version=2.2.1.0, Culture=neutral, PublicKeyToken=null" namespace="SubSonic.Tests.SqlQuery" type="SubSonic.Tests.SqlQuery.UpdateTests" member="Update_SimpleTyped" />
                  <codeLocation path="C:\data\SubsonicRoot\ss2\SubSonic.Tests\SqlQuery\UpdateTests.cs" line="74" />
                  <metadata>
                    <entry key="TestKind">
                      <value>Test</value>
                    </entry>
                  </metadata>
                  <children />
                  <parameters />
                </test>
                <test id="1c84229c354ae60d" name="Update_Expression" fullName="SubSonic.Tests/UpdateTests/Update_Expression" isTestCase="true">
                  <codeReference assembly="SubSonic.Tests, Version=2.2.1.0, Culture=neutral, PublicKeyToken=null" namespace="SubSonic.Tests.SqlQuery" type="SubSonic.Tests.SqlQuery.UpdateTests" member="Update_Expression" />
                  <codeLocation path="C:\data\SubsonicRoot\ss2\SubSonic.Tests\SqlQuery\UpdateTests.cs" line="52" />
                  <metadata>
                    <entry key="TestKind">
                      <value>Test</value>
                    </entry>
                  </metadata>
                  <children />
                  <parameters />
                </test>
              </children>
              <parameters />
            </test>
            <test id="973cf89c2152aa4a" name="ActiveRecordTest" fullName="SubSonic.Tests/ActiveRecordTest" isTestCase="false">
              <codeReference assembly="SubSonic.Tests, Version=2.2.1.0, Culture=neutral, PublicKeyToken=null" namespace="SubSonic.Tests" type="SubSonic.Tests.ActiveRecordTest" />
              <codeLocation path="C:\data\SubsonicRoot\ss2\SubSonic.Tests\ActiveRecordTest.cs" />
              <metadata>
                <entry key="TestKind">
                  <value>Fixture</value>
                </entry>
              </metadata>
              <children>
                <test id="79f2d4a9b8bf6477" name="Products_CollectionLoad" fullName="SubSonic.Tests/ActiveRecordTest/Products_CollectionLoad" isTestCase="true">
                  <codeReference assembly="SubSonic.Tests, Version=2.2.1.0, Culture=neutral, PublicKeyToken=null" namespace="SubSonic.Tests" type="SubSonic.Tests.ActiveRecordTest" member="Products_CollectionLoad" />
                  <codeLocation path="C:\data\SubsonicRoot\ss2\SubSonic.Tests\ActiveRecordTest.cs" line="116" />
                  <metadata>
                    <entry key="TestKind">
                      <value>Test</value>
                    </entry>
                  </metadata>
                  <children />
                  <parameters />
                </test>
                <test id="7d081ada19736f13" name="GetNewCommand" fullName="SubSonic.Tests/ActiveRecordTest/GetNewCommand" isTestCase="true">
                  <codeReference assembly="SubSonic.Tests, Version=2.2.1.0, Culture=neutral, PublicKeyToken=null" namespace="SubSonic.Tests" type="SubSonic.Tests.ActiveRecordTest" member="GetNewCommand" />
                  <codeLocation path="C:\data\SubsonicRoot\ss2\SubSonic.Tests\ActiveRecordTest.cs" line="132" />
                  <metadata>
                    <entry key="TestKind">
                      <value>Test</value>
                    </entry>
                  </metadata>
                  <children />
                  <parameters />
                </test>
                <test id="9c01227d5c205df6" name="Products_Crud" fullName="SubSonic.Tests/ActiveRecordTest/Products_Crud" isTestCase="true">
                  <codeReference assembly="SubSonic.Tests, Version=2.2.1.0, Culture=neutral, PublicKeyToken=null" namespace="SubSonic.Tests" type="SubSonic.Tests.ActiveRecordTest" member="Products_Crud" />
                  <codeLocation path="C:\data\SubsonicRoot\ss2\SubSonic.Tests\ActiveRecordTest.cs" line="51" />
                  <metadata>
                    <entry key="TestKind">
                      <value>Test</value>
                    </entry>
                  </metadata>
                  <children />
                  <parameters />
                </test>
                <test id="bc00b0d557b094a9" name="Products_NullCrud" fullName="SubSonic.Tests/ActiveRecordTest/Products_NullCrud" isTestCase="true">
                  <codeReference assembly="SubSonic.Tests, Version=2.2.1.0, Culture=neutral, PublicKeyToken=null" namespace="SubSonic.Tests" type="SubSonic.Tests.ActiveRecordTest" member="Products_NullCrud" />
                  <codeLocation path="C:\data\SubsonicRoot\ss2\SubSonic.Tests\ActiveRecordTest.cs" line="74" />
                  <metadata>
                    <entry key="TestKind">
                      <value>Test</value>
                    </entry>
                  </metadata>
                  <children />
                  <parameters />
                </test>
                <test id="417c38654e97c64e" name="GetUpdateCommand" fullName="SubSonic.Tests/ActiveRecordTest/GetUpdateCommand" isTestCase="true">
                  <codeReference assembly="SubSonic.Tests, Version=2.2.1.0, Culture=neutral, PublicKeyToken=null" namespace="SubSonic.Tests" type="SubSonic.Tests.ActiveRecordTest" member="GetUpdateCommand" />
                  <codeLocation path="C:\data\SubsonicRoot\ss2\SubSonic.Tests\ActiveRecordTest.cs" line="145" />
                  <metadata>
                    <entry key="TestKind">
                      <value>Test</value>
                    </entry>
                  </metadata>
                  <children />
                  <parameters />
                </test>
                <test id="95ba428346d485c8" name="DirtyColumnsExist" fullName="SubSonic.Tests/ActiveRecordTest/DirtyColumnsExist" isTestCase="true">
                  <codeReference assembly="SubSonic.Tests, Version=2.2.1.0, Culture=neutral, PublicKeyToken=null" namespace="SubSonic.Tests" type="SubSonic.Tests.ActiveRecordTest" member="DirtyColumnsExist" />
                  <codeLocation path="C:\data\SubsonicRoot\ss2\SubSonic.Tests\ActiveRecordTest.cs" line="257" />
                  <metadata>
                    <entry key="TestKind">
                      <value>Test</value>
                    </entry>
                  </metadata>
                  <children />
                  <parameters />
                </test>
                <test id="ab826f791528530e" name="GetNoChangesCommand" fullName="SubSonic.Tests/ActiveRecordTest/GetNoChangesCommand" isTestCase="true">
                  <codeReference assembly="SubSonic.Tests, Version=2.2.1.0, Culture=neutral, PublicKeyToken=null" namespace="SubSonic.Tests" type="SubSonic.Tests.ActiveRecordTest" member="GetNoChangesCommand" />
                  <codeLocation path="C:\data\SubsonicRoot\ss2\SubSonic.Tests\ActiveRecordTest.cs" line="161" />
                  <metadata>
                    <entry key="TestKind">
                      <value>Test</value>
                    </entry>
                  </metadata>
                  <children />
                  <parameters />
                </test>
                <test id="69b78c9817173632" name="SaveWhenNotDirty" fullName="SubSonic.Tests/ActiveRecordTest/SaveWhenNotDirty" isTestCase="true">
                  <codeReference assembly="SubSonic.Tests, Version=2.2.1.0, Culture=neutral, PublicKeyToken=null" namespace="SubSonic.Tests" type="SubSonic.Tests.ActiveRecordTest" member="SaveWhenNotDirty" />
                  <codeLocation path="C:\data\SubsonicRoot\ss2\SubSonic.Tests\ActiveRecordTest.cs" line="176" />
                  <metadata>
                    <entry key="TestKind">
                      <value>Test</value>
                    </entry>
                  </metadata>
                  <children />
                  <parameters />
                </test>
              </children>
              <parameters />
            </test>
            <test id="f44040825e281a9b" name="ForeignKeyTests" fullName="SubSonic.Tests/ForeignKeyTests" isTestCase="false">
              <codeReference assembly="SubSonic.Tests, Version=2.2.1.0, Culture=neutral, PublicKeyToken=null" namespace="SubSonic.Tests" type="SubSonic.Tests.ForeignKeyTests" />
              <codeLocation path="C:\data\SubsonicRoot\ss2\SubSonic.Tests\ForeignKeyTests.cs" />
              <metadata>
                <entry key="TestKind">
                  <value>Fixture</value>
                </entry>
              </metadata>
              <children>
                <test id="b91e0145401cd49" name="FK_LoadForeignKeys" fullName="SubSonic.Tests/ForeignKeyTests/FK_LoadForeignKeys" isTestCase="true">
                  <codeReference assembly="SubSonic.Tests, Version=2.2.1.0, Culture=neutral, PublicKeyToken=null" namespace="SubSonic.Tests" type="SubSonic.Tests.ForeignKeyTests" member="FK_LoadForeignKeys" />
                  <codeLocation path="C:\data\SubsonicRoot\ss2\SubSonic.Tests\ForeignKeyTests.cs" line="49" />
                  <metadata>
                    <entry key="TestKind">
                      <value>Test</value>
                    </entry>
                  </metadata>
                  <children />
                  <parameters />
                </test>
                <test id="9e8326ab86d748d5" name="FK_Properties" fullName="SubSonic.Tests/ForeignKeyTests/FK_Properties" isTestCase="true">
                  <codeReference assembly="SubSonic.Tests, Version=2.2.1.0, Culture=neutral, PublicKeyToken=null" namespace="SubSonic.Tests" type="SubSonic.Tests.ForeignKeyTests" member="FK_Properties" />
                  <codeLocation path="C:\data\SubsonicRoot\ss2\SubSonic.Tests\ForeignKeyTests.cs" line="69" />
                  <metadata>
                    <entry key="TestKind">
                      <value>Test</value>
                    </entry>
                  </metadata>
                  <children />
                  <parameters />
                </test>
                <test id="92c9a636a95bead0" name="FK_KeyCount" fullName="SubSonic.Tests/ForeignKeyTests/FK_KeyCount" isTestCase="true">
                  <codeReference assembly="SubSonic.Tests, Version=2.2.1.0, Culture=neutral, PublicKeyToken=null" namespace="SubSonic.Tests" type="SubSonic.Tests.ForeignKeyTests" member="FK_KeyCount" />
                  <codeLocation path="C:\data\SubsonicRoot\ss2\SubSonic.Tests\ForeignKeyTests.cs" line="59" />
                  <metadata>
                    <entry key="TestKind">
                      <value>Test</value>
                    </entry>
                  </metadata>
                  <children />
                  <parameters />
                </test>
              </children>
              <parameters />
            </test>
            <test id="ad7c7598a63cd1b4" name="ETL" fullName="SubSonic.Tests/ETL" isTestCase="false">
              <codeReference assembly="SubSonic.Tests, Version=2.2.1.0, Culture=neutral, PublicKeyToken=null" namespace="SubSonic.Tests" type="SubSonic.Tests.ETL" />
              <codeLocation path="C:\data\SubsonicRoot\ss2\SubSonic.Tests\ETL.cs" />
              <metadata>
                <entry key="TestKind">
                  <value>Fixture</value>
                </entry>
              </metadata>
              <children>
                <test id="f24ece17abffb775" name="ETL_CloneInstance" fullName="SubSonic.Tests/ETL/ETL_CloneInstance" isTestCase="true">
                  <codeReference assembly="SubSonic.Tests, Version=2.2.1.0, Culture=neutral, PublicKeyToken=null" namespace="SubSonic.Tests" type="SubSonic.Tests.ETL" member="ETL_CloneInstance" />
                  <codeLocation path="C:\data\SubsonicRoot\ss2\SubSonic.Tests\ETL.cs" line="50" />
                  <metadata>
                    <entry key="TestKind">
                      <value>Test</value>
                    </entry>
                  </metadata>
                  <children />
                  <parameters />
                </test>
                <test id="cbceecda1b6cb0f4" name="ETL_CloneCollection" fullName="SubSonic.Tests/ETL/ETL_CloneCollection" isTestCase="true">
                  <codeReference assembly="SubSonic.Tests, Version=2.2.1.0, Culture=neutral, PublicKeyToken=null" namespace="SubSonic.Tests" type="SubSonic.Tests.ETL" member="ETL_CloneCollection" />
                  <codeLocation path="C:\data\SubsonicRoot\ss2\SubSonic.Tests\ETL.cs" line="63" />
                  <metadata>
                    <entry key="TestKind">
                      <value>Test</value>
                    </entry>
                  </metadata>
                  <children />
                  <parameters />
                </test>
                <test id="6377c57e3d83cf09" name="ETL_CollectionToTable" fullName="SubSonic.Tests/ETL/ETL_CollectionToTable" isTestCase="true">
                  <codeReference assembly="SubSonic.Tests, Version=2.2.1.0, Culture=neutral, PublicKeyToken=null" namespace="SubSonic.Tests" type="SubSonic.Tests.ETL" member="ETL_CollectionToTable" />
                  <codeLocation path="C:\data\SubsonicRoot\ss2\SubSonic.Tests\ETL.cs" line="89" />
                  <metadata>
                    <entry key="TestKind">
                      <value>Test</value>
                    </entry>
                  </metadata>
                  <children />
                  <parameters />
                </test>
                <test id="cbb6eb256b8756a6" name="ETL_CopyCollection" fullName="SubSonic.Tests/ETL/ETL_CopyCollection" isTestCase="true">
                  <codeReference assembly="SubSonic.Tests, Version=2.2.1.0, Culture=neutral, PublicKeyToken=null" namespace="SubSonic.Tests" type="SubSonic.Tests.ETL" member="ETL_CopyCollection" />
                  <codeLocation path="C:\data\SubsonicRoot\ss2\SubSonic.Tests\ETL.cs" line="76" />
                  <metadata>
                    <entry key="TestKind">
                      <value>Test</value>
                    </entry>
                  </metadata>
                  <children />
                  <parameters />
                </test>
              </children>
              <parameters />
            </test>
            <test id="6ab4f5328a9660aa" name="InsertTests" fullName="SubSonic.Tests/InsertTests" isTestCase="false">
              <codeReference assembly="SubSonic.Tests, Version=2.2.1.0, Culture=neutral, PublicKeyToken=null" namespace="SubSonic.Tests.SqlQuery" type="SubSonic.Tests.SqlQuery.InsertTests" />
              <codeLocation path="C:\data\SubsonicRoot\ss2\SubSonic.Tests\SqlQuery\InsertTests.cs" />
              <metadata>
                <entry key="TestKind">
                  <value>Fixture</value>
                </entry>
              </metadata>
              <children>
                <test id="b303b9ae8f12c2ea" name="Insert_Simple" fullName="SubSonic.Tests/InsertTests/Insert_Simple" isTestCase="true">
                  <codeReference assembly="SubSonic.Tests, Version=2.2.1.0, Culture=neutral, PublicKeyToken=null" namespace="SubSonic.Tests.SqlQuery" type="SubSonic.Tests.SqlQuery.InsertTests" member="Insert_Simple" />
                  <codeLocation path="C:\data\SubsonicRoot\ss2\SubSonic.Tests\SqlQuery\InsertTests.cs" line="29" />
                  <metadata>
                    <entry key="TestKind">
                      <value>Test</value>
                    </entry>
                  </metadata>
                  <children />
                  <parameters />
                </test>
                <test id="ae153abf92394a57" name="Insert_SimpleWithSelectAndSchema" fullName="SubSonic.Tests/InsertTests/Insert_SimpleWithSelectAndSchema" isTestCase="true">
                  <codeReference assembly="SubSonic.Tests, Version=2.2.1.0, Culture=neutral, PublicKeyToken=null" namespace="SubSonic.Tests.SqlQuery" type="SubSonic.Tests.SqlQuery.InsertTests" member="Insert_SimpleWithSelectAndSchema" />
                  <codeLocation path="C:\data\SubsonicRoot\ss2\SubSonic.Tests\SqlQuery\InsertTests.cs" line="49" />
                  <metadata>
                    <entry key="TestKind">
                      <value>Test</value>
                    </entry>
                  </metadata>
                  <children />
                  <parameters />
                </test>
                <test id="b6299421cf76c62f" name="Insert_SimpleWithSelect" fullName="SubSonic.Tests/InsertTests/Insert_SimpleWithSelect" isTestCase="true">
                  <codeReference assembly="SubSonic.Tests, Version=2.2.1.0, Culture=neutral, PublicKeyToken=null" namespace="SubSonic.Tests.SqlQuery" type="SubSonic.Tests.SqlQuery.InsertTests" member="Insert_SimpleWithSelect" />
                  <codeLocation path="C:\data\SubsonicRoot\ss2\SubSonic.Tests\SqlQuery\InsertTests.cs" line="38" />
                  <metadata>
                    <entry key="TestKind">
                      <value>Test</value>
                    </entry>
                  </metadata>
                  <children />
                  <parameters />
                </test>
              </children>
              <parameters />
            </test>
            <test id="830415a07fe92f82" name="TurboTemplateTests" fullName="SubSonic.Tests/TurboTemplateTests" isTestCase="false">
              <codeReference assembly="SubSonic.Tests, Version=2.2.1.0, Culture=neutral, PublicKeyToken=null" namespace="SubSonic.Tests" type="SubSonic.Tests.TurboTemplateTests" />
              <codeLocation path="C:\data\SubsonicRoot\ss2\SubSonic.Tests\TurboTemplateTests.cs" />
              <metadata>
                <entry key="TestKind">
                  <value>Fixture</value>
                </entry>
              </metadata>
              <children>
                <test id="47fa02932e4efe5c" name="AssemblyDirectiveIsStrippedFromTemplate" fullName="SubSonic.Tests/TurboTemplateTests/AssemblyDirectiveIsStrippedFromTemplate" isTestCase="true">
                  <codeReference assembly="SubSonic.Tests, Version=2.2.1.0, Culture=neutral, PublicKeyToken=null" namespace="SubSonic.Tests" type="SubSonic.Tests.TurboTemplateTests" member="AssemblyDirectiveIsStrippedFromTemplate" />
                  <codeLocation path="C:\data\SubsonicRoot\ss2\SubSonic.Tests\TurboTemplateTests.cs" line="45" />
                  <metadata>
                    <entry key="TestKind">
                      <value>Test</value>
                    </entry>
                  </metadata>
                  <children />
                  <parameters />
                </test>
              </children>
              <parameters />
            </test>
            <test id="a55b2e3f81298baf" name="TransactionTests" fullName="SubSonic.Tests/TransactionTests" isTestCase="false">
              <codeReference assembly="SubSonic.Tests, Version=2.2.1.0, Culture=neutral, PublicKeyToken=null" namespace="SubSonic.Tests" type="SubSonic.Tests.TransactionTests" />
              <codeLocation path="C:\data\SubsonicRoot\ss2\SubSonic.Tests\TransactionTests.cs" />
              <metadata>
                <entry key="TestKind">
                  <value>Fixture</value>
                </entry>
              </metadata>
              <children>
                <test id="62339cc90cadd0f1" name="Transaction_CommitProduct" fullName="SubSonic.Tests/TransactionTests/Transaction_CommitProduct" isTestCase="true">
                  <codeReference assembly="SubSonic.Tests, Version=2.2.1.0, Culture=neutral, PublicKeyToken=null" namespace="SubSonic.Tests" type="SubSonic.Tests.TransactionTests" member="Transaction_CommitProduct" />
                  <codeLocation path="C:\data\SubsonicRoot\ss2\SubSonic.Tests\TransactionTests.cs" line="75" />
                  <metadata>
                    <entry key="TestKind">
                      <value>Test</value>
                    </entry>
                  </metadata>
                  <children />
                  <parameters />
                </test>
                <test id="7a4c3c6601f21a91" name="Transaction_RollbackProduct" fullName="SubSonic.Tests/TransactionTests/Transaction_RollbackProduct" isTestCase="true">
                  <codeReference assembly="SubSonic.Tests, Version=2.2.1.0, Culture=neutral, PublicKeyToken=null" namespace="SubSonic.Tests" type="SubSonic.Tests.TransactionTests" member="Transaction_RollbackProduct" />
                  <codeLocation path="C:\data\SubsonicRoot\ss2\SubSonic.Tests\TransactionTests.cs" line="56" />
                  <metadata>
                    <entry key="TestKind">
                      <value>Test</value>
                    </entry>
                  </metadata>
                  <children />
                  <parameters />
                </test>
              </children>
              <parameters />
            </test>
            <test id="c20a17c8fed4806e" name="ScriptersTest" fullName="SubSonic.Tests/ScriptersTest" isTestCase="false">
              <codeReference assembly="SubSonic.Tests, Version=2.2.1.0, Culture=neutral, PublicKeyToken=null" namespace="SubSonic.Tests" type="SubSonic.Tests.ScriptersTest" />
              <codeLocation path="C:\data\SubsonicRoot\ss2\SubSonic.Tests\ScriptersTest.cs" />
              <metadata>
                <entry key="TestKind">
                  <value>Fixture</value>
                </entry>
              </metadata>
              <children>
                <test id="e510f6b31c4e537c" name="Script_Data" fullName="SubSonic.Tests/ScriptersTest/Script_Data" isTestCase="true">
                  <codeReference assembly="SubSonic.Tests, Version=2.2.1.0, Culture=neutral, PublicKeyToken=null" namespace="SubSonic.Tests" type="SubSonic.Tests.ScriptersTest" member="Script_Data" />
                  <codeLocation path="C:\data\SubsonicRoot\ss2\SubSonic.Tests\ScriptersTest.cs" line="49" />
                  <metadata>
                    <entry key="TestKind">
                      <value>Test</value>
                    </entry>
                  </metadata>
                  <children />
                  <parameters />
                </test>
                <test id="cca7e142becda979" name="Script_AllData" fullName="SubSonic.Tests/ScriptersTest/Script_AllData" isTestCase="true">
                  <codeReference assembly="SubSonic.Tests, Version=2.2.1.0, Culture=neutral, PublicKeyToken=null" namespace="SubSonic.Tests" type="SubSonic.Tests.ScriptersTest" member="Script_AllData" />
                  <codeLocation path="C:\data\SubsonicRoot\ss2\SubSonic.Tests\ScriptersTest.cs" line="60" />
                  <metadata>
                    <entry key="TestKind">
                      <value>Test</value>
                    </entry>
                  </metadata>
                  <children />
                  <parameters />
                </test>
              </children>
              <parameters />
            </test>
            <test id="6be2c4890d451a28" name="SelectTests" fullName="SubSonic.Tests/SelectTests" isTestCase="false">
              <codeReference assembly="SubSonic.Tests, Version=2.2.1.0, Culture=neutral, PublicKeyToken=null" namespace="SubSonic.Tests.SqlQuery" type="SubSonic.Tests.SqlQuery.SelectTests" />
              <codeLocation path="C:\data\SubsonicRoot\ss2\SubSonic.Tests\SqlQuery\SelectTests.cs" />
              <metadata>
                <entry key="TestKind">
                  <value>Fixture</value>
                </entry>
              </metadata>
              <children>
                <test id="6d2dfb81d1d8eb09" name="Select_Should_Work_With_SameColumn_Joins_UsingQualifiedColumns" fullName="SubSonic.Tests/SelectTests/Select_Should_Work_With_SameColumn_Joins_UsingQualifiedColumns" isTestCase="true">
                  <codeReference assembly="SubSonic.Tests, Version=2.2.1.0, Culture=neutral, PublicKeyToken=null" namespace="SubSonic.Tests.SqlQuery" type="SubSonic.Tests.SqlQuery.SelectTests" member="Select_Should_Work_With_SameColumn_Joins_UsingQualifiedColumns" />
                  <codeLocation path="C:\data\SubsonicRoot\ss2\SubSonic.Tests\SqlQuery\SelectTests.cs" line="662" />
                  <metadata>
                    <entry key="TestKind">
                      <value>Test</value>
                    </entry>
                  </metadata>
                  <children />
                  <parameters />
                </test>
                <test id="56c2ce08c5f5f680" name="StoredProc_TypedList" fullName="SubSonic.Tests/SelectTests/StoredProc_TypedList" isTestCase="true">
                  <codeReference assembly="SubSonic.Tests, Version=2.2.1.0, Culture=neutral, PublicKeyToken=null" namespace="SubSonic.Tests.SqlQuery" type="SubSonic.Tests.SqlQuery.SelectTests" member="StoredProc_TypedList" />
                  <codeLocation path="C:\data\SubsonicRoot\ss2\SubSonic.Tests\SqlQuery\SelectTests.cs" line="653" />
                  <metadata>
                    <entry key="TestKind">
                      <value>Test</value>
                    </entry>
                  </metadata>
                  <children />
                  <parameters />
                </test>
                <test id="2c5da3bbf6b730ae" name="Exec_NotInWithSelect" fullName="SubSonic.Tests/SelectTests/Exec_NotInWithSelect" isTestCase="true">
                  <codeReference assembly="SubSonic.Tests, Version=2.2.1.0, Culture=neutral, PublicKeyToken=null" namespace="SubSonic.Tests.SqlQuery" type="SubSonic.Tests.SqlQuery.SelectTests" member="Exec_NotInWithSelect" />
                  <codeLocation path="C:\data\SubsonicRoot\ss2\SubSonic.Tests\SqlQuery\SelectTests.cs" line="623" />
                  <metadata>
                    <entry key="TestKind">
                      <value>Test</value>
                    </entry>
                  </metadata>
                  <children />
                  <parameters />
                </test>
                <test id="dfe54cb0dd5f98a6" name="Select_Using_Contains_Ch_ShouldReturn_14_Records" fullName="SubSonic.Tests/SelectTests/Select_Using_Contains_Ch_ShouldReturn_14_Records" isTestCase="true">
                  <codeReference assembly="SubSonic.Tests, Version=2.2.1.0, Culture=neutral, PublicKeyToken=null" namespace="SubSonic.Tests.SqlQuery" type="SubSonic.Tests.SqlQuery.SelectTests" member="Select_Using_Contains_Ch_ShouldReturn_14_Records" />
                  <codeLocation path="C:\data\SubsonicRoot\ss2\SubSonic.Tests\SqlQuery\SelectTests.cs" line="695" />
                  <metadata>
                    <entry key="TestKind">
                      <value>Test</value>
                    </entry>
                  </metadata>
                  <children />
                  <parameters />
                </test>
                <test id="673af2a86975950a" name="Select_Using_EndsWith_S_ShouldReturn_9_Records" fullName="SubSonic.Tests/SelectTests/Select_Using_EndsWith_S_ShouldReturn_9_Records" isTestCase="true">
                  <codeReference assembly="SubSonic.Tests, Version=2.2.1.0, Culture=neutral, PublicKeyToken=null" namespace="SubSonic.Tests.SqlQuery" type="SubSonic.Tests.SqlQuery.SelectTests" member="Select_Using_EndsWith_S_ShouldReturn_9_Records" />
                  <codeLocation path="C:\data\SubsonicRoot\ss2\SubSonic.Tests\SqlQuery\SelectTests.cs" line="685" />
                  <metadata>
                    <entry key="TestKind">
                      <value>Test</value>
                    </entry>
                  </metadata>
                  <children />
                  <parameters />
                </test>
                <test id="4823b2bae76ef92c" name="Select_Using_StartsWith_C_ShouldReturn_9_Records" fullName="SubSonic.Tests/SelectTests/Select_Using_StartsWith_C_ShouldReturn_9_Records" isTestCase="true">
                  <codeReference assembly="SubSonic.Tests, Version=2.2.1.0, Culture=neutral, PublicKeyToken=null" namespace="SubSonic.Tests.SqlQuery" type="SubSonic.Tests.SqlQuery.SelectTests" member="Select_Using_StartsWith_C_ShouldReturn_9_Records" />
                  <codeLocation path="C:\data\SubsonicRoot\ss2\SubSonic.Tests\SqlQuery\SelectTests.cs" line="676" />
                  <metadata>
                    <entry key="TestKind">
                      <value>Test</value>
                    </entry>
                  </metadata>
                  <children />
                  <parameters />
                </test>
                <test id="e43d556230ce8814" name="Products_CollectionSample" fullName="SubSonic.Tests/SelectTests/Products_CollectionSample" isTestCase="true">
                  <codeReference assembly="SubSonic.Tests, Version=2.2.1.0, Culture=neutral, PublicKeyToken=null" namespace="SubSonic.Tests.SqlQuery" type="SubSonic.Tests.SqlQuery.SelectTests" member="Products_CollectionSample" />
                  <codeLocation path="C:\data\SubsonicRoot\ss2\SubSonic.Tests\SqlQuery\SelectTests.cs" line="602" />
                  <metadata>
                    <entry key="TestKind">
                      <value>Test</value>
                    </entry>
                  </metadata>
                  <children />
                  <parameters />
                </test>
                <test id="bc1decbc9fdc85cf" name="Collection_LoadTypedObject" fullName="SubSonic.Tests/SelectTests/Collection_LoadTypedObject" isTestCase="true">
                  <codeReference assembly="SubSonic.Tests, Version=2.2.1.0, Culture=neutral, PublicKeyToken=null" namespace="SubSonic.Tests.SqlQuery" type="SubSonic.Tests.SqlQuery.SelectTests" member="Collection_LoadTypedObject" />
                  <codeLocation path="C:\data\SubsonicRoot\ss2\SubSonic.Tests\SqlQuery\SelectTests.cs" line="505" />
                  <metadata>
                    <entry key="TestKind">
                      <value>Test</value>
                    </entry>
                  </metadata>
                  <children />
                  <parameters />
                </test>
                <test id="4bae6bc711bf486" name="Exec_SimpleOr3" fullName="SubSonic.Tests/SelectTests/Exec_SimpleOr3" isTestCase="true">
                  <codeReference assembly="SubSonic.Tests, Version=2.2.1.0, Culture=neutral, PublicKeyToken=null" namespace="SubSonic.Tests.SqlQuery" type="SubSonic.Tests.SqlQuery.SelectTests" member="Exec_SimpleOr3" />
                  <codeLocation path="C:\data\SubsonicRoot\ss2\SubSonic.Tests\SqlQuery\SelectTests.cs" line="485" />
                  <metadata>
                    <entry key="TestKind">
                      <value>Test</value>
                    </entry>
                  </metadata>
                  <children />
                  <parameters />
                </test>
                <test id="33d0d25dfecbf6b1" name="Exec_SimpleOr2" fullName="SubSonic.Tests/SelectTests/Exec_SimpleOr2" isTestCase="true">
                  <codeReference assembly="SubSonic.Tests, Version=2.2.1.0, Culture=neutral, PublicKeyToken=null" namespace="SubSonic.Tests.SqlQuery" type="SubSonic.Tests.SqlQuery.SelectTests" member="Exec_SimpleOr2" />
                  <codeLocation path="C:\data\SubsonicRoot\ss2\SubSonic.Tests\SqlQuery\SelectTests.cs" line="471" />
                  <metadata>
                    <entry key="TestKind">
                      <value>Test</value>
                    </entry>
                  </metadata>
                  <children />
                  <parameters />
                </test>
                <test id="59070ef9a965d38c" name="Products_CollectionLoad2" fullName="SubSonic.Tests/SelectTests/Products_CollectionLoad2" isTestCase="true">
                  <codeReference assembly="SubSonic.Tests, Version=2.2.1.0, Culture=neutral, PublicKeyToken=null" namespace="SubSonic.Tests.SqlQuery" type="SubSonic.Tests.SqlQuery.SelectTests" member="Products_CollectionLoad2" />
                  <codeLocation path="C:\data\SubsonicRoot\ss2\SubSonic.Tests\SqlQuery\SelectTests.cs" line="590" />
                  <metadata>
                    <entry key="TestKind">
                      <value>Test</value>
                    </entry>
                  </metadata>
                  <children />
                  <parameters />
                </test>
                <test id="af960a2bc2f1179d" name="Products_Sample" fullName="SubSonic.Tests/SelectTests/Products_Sample" isTestCase="true">
                  <codeReference assembly="SubSonic.Tests, Version=2.2.1.0, Culture=neutral, PublicKeyToken=null" namespace="SubSonic.Tests.SqlQuery" type="SubSonic.Tests.SqlQuery.SelectTests" member="Products_Sample" />
                  <codeLocation path="C:\data\SubsonicRoot\ss2\SubSonic.Tests\SqlQuery\SelectTests.cs" line="572" />
                  <metadata>
                    <entry key="TestKind">
                      <value>Test</value>
                    </entry>
                  </metadata>
                  <children />
                  <parameters />
                </test>
                <test id="71365874b01a3619" name="Collection_LoadTypedActiveRecord" fullName="SubSonic.Tests/SelectTests/Collection_LoadTypedActiveRecord" isTestCase="true">
                  <codeReference assembly="SubSonic.Tests, Version=2.2.1.0, Culture=neutral, PublicKeyToken=null" namespace="SubSonic.Tests.SqlQuery" type="SubSonic.Tests.SqlQuery.SelectTests" member="Collection_LoadTypedActiveRecord" />
                  <codeLocation path="C:\data\SubsonicRoot\ss2\SubSonic.Tests\SqlQuery\SelectTests.cs" line="520" />
                  <metadata>
                    <entry key="TestKind">
                      <value>Test</value>
                    </entry>
                  </metadata>
                  <children />
                  <parameters />
                </test>
                <test id="7f5df6eba006a3b0" name="SqlQuery_when_setting_distinct_it_should_set_IsDistinct" fullName="SubSonic.Tests/SelectTests/SqlQuery_when_setting_distinct_it_should_set_IsDistinct" isTestCase="true">
                  <codeReference assembly="SubSonic.Tests, Version=2.2.1.0, Culture=neutral, PublicKeyToken=null" namespace="SubSonic.Tests.SqlQuery" type="SubSonic.Tests.SqlQuery.SelectTests" member="SqlQuery_when_setting_distinct_it_should_set_IsDistinct" />
                  <codeLocation path="C:\data\SubsonicRoot\ss2\SubSonic.Tests\SqlQuery\SelectTests.cs" line="735" />
                  <metadata>
                    <entry key="TestKind">
                      <value>Test</value>
                    </entry>
                  </metadata>
                  <children />
                  <parameters />
                </test>
                <test id="6882be85ac64b75c" name="Select_With_ExecuteTypedList_Should_Work_With_List_of_Guid" fullName="SubSonic.Tests/SelectTests/Select_With_ExecuteTypedList_Should_Work_With_List_of_Guid" isTestCase="true">
                  <codeReference assembly="SubSonic.Tests, Version=2.2.1.0, Culture=neutral, PublicKeyToken=null" namespace="SubSonic.Tests.SqlQuery" type="SubSonic.Tests.SqlQuery.SelectTests" member="Select_With_ExecuteTypedList_Should_Work_With_List_of_Guid" />
                  <codeLocation path="C:\data\SubsonicRoot\ss2\SubSonic.Tests\SqlQuery\SelectTests.cs" line="849" />
                  <metadata>
                    <entry key="TestKind">
                      <value>Test</value>
                    </entry>
                  </metadata>
                  <children />
                  <parameters />
                </test>
                <test id="9d6793bdba7ca3f4" name="Select_Paged_Can_Covert_To_SqlQuery" fullName="SubSonic.Tests/SelectTests/Select_Paged_Can_Covert_To_SqlQuery" isTestCase="true">
                  <codeReference assembly="SubSonic.Tests, Version=2.2.1.0, Culture=neutral, PublicKeyToken=null" namespace="SubSonic.Tests.SqlQuery" type="SubSonic.Tests.SqlQuery.SelectTests" member="Select_Paged_Can_Covert_To_SqlQuery" />
                  <codeLocation path="C:\data\SubsonicRoot\ss2\SubSonic.Tests\SqlQuery\SelectTests.cs" line="829" />
                  <metadata>
                    <entry key="TestKind">
                      <value>Test</value>
                    </entry>
                  </metadata>
                  <children />
                  <parameters />
                </test>
                <test id="4aa38a4c4fdd36a4" name="SelectAllColumns_With_WhereExpression_And_QualifiedColumn_Formats_Where_Correctly_And_Executes" fullName="SubSonic.Tests/SelectTests/SelectAllColumns_With_WhereExpression_And_QualifiedColumn_Formats_Where_Correctly_And_Executes" isTestCase="true">
                  <codeReference assembly="SubSonic.Tests, Version=2.2.1.0, Culture=neutral, PublicKeyToken=null" namespace="SubSonic.Tests.SqlQuery" type="SubSonic.Tests.SqlQuery.SelectTests" member="SelectAllColumns_With_WhereExpression_And_QualifiedColumn_Formats_Where_Correctly_And_Executes" />
                  <codeLocation path="C:\data\SubsonicRoot\ss2\SubSonic.Tests\SqlQuery\SelectTests.cs" line="818" />
                  <metadata>
                    <entry key="TestKind">
                      <value>Test</value>
                    </entry>
                  </metadata>
                  <children />
                  <parameters />
                </test>
                <test id="d943452b33fb4d6d" name="Exec_Simple" fullName="SubSonic.Tests/SelectTests/Exec_Simple" isTestCase="true">
                  <codeReference assembly="SubSonic.Tests, Version=2.2.1.0, Culture=neutral, PublicKeyToken=null" namespace="SubSonic.Tests.SqlQuery" type="SubSonic.Tests.SqlQuery.SelectTests" member="Exec_Simple" />
                  <codeLocation path="C:\data\SubsonicRoot\ss2\SubSonic.Tests\SqlQuery\SelectTests.cs" line="29" />
                  <metadata>
                    <entry key="TestKind">
                      <value>Test</value>
                    </entry>
                  </metadata>
                  <children />
                  <parameters />
                </test>
                <test id="6f93c3a1aa751344" name="MySql_Should_Set_Logical_Deletes" fullName="SubSonic.Tests/SelectTests/MySql_Should_Set_Logical_Deletes" isTestCase="true">
                  <codeReference assembly="SubSonic.Tests, Version=2.2.1.0, Culture=neutral, PublicKeyToken=null" namespace="SubSonic.Tests.SqlQuery" type="SubSonic.Tests.SqlQuery.SelectTests" member="MySql_Should_Set_Logical_Deletes" />
                  <codeLocation path="C:\data\SubsonicRoot\ss2\SubSonic.Tests\SqlQuery\SelectTests.cs" line="873" />
                  <metadata>
                    <entry key="TestKind">
                      <value>Test</value>
                    </entry>
                  </metadata>
                  <children />
                  <parameters />
                </test>
                <test id="925ff536a5b8ff4d" name="Saving_String_Property_With_StringValue_Null_Results_In_NullValue_In_DB" fullName="SubSonic.Tests/SelectTests/Saving_String_Property_With_StringValue_Null_Results_In_NullValue_In_DB" isTestCase="true">
                  <codeReference assembly="SubSonic.Tests, Version=2.2.1.0, Culture=neutral, PublicKeyToken=null" namespace="SubSonic.Tests.SqlQuery" type="SubSonic.Tests.SqlQuery.SelectTests" member="Saving_String_Property_With_StringValue_Null_Results_In_NullValue_In_DB" />
                  <codeLocation path="C:\data\SubsonicRoot\ss2\SubSonic.Tests\SqlQuery\SelectTests.cs" line="859" />
                  <metadata>
                    <entry key="TestKind">
                      <value>Test</value>
                    </entry>
                  </metadata>
                  <children />
                  <parameters />
                </test>
                <test id="aaf55d8ecf4a3aca" name="SelectAllColumns_With_WhereExpression_And_QualifiedColumn_Formats_Where_Correctly" fullName="SubSonic.Tests/SelectTests/SelectAllColumns_With_WhereExpression_And_QualifiedColumn_Formats_Where_Correctly" isTestCase="true">
                  <codeReference assembly="SubSonic.Tests, Version=2.2.1.0, Culture=neutral, PublicKeyToken=null" namespace="SubSonic.Tests.SqlQuery" type="SubSonic.Tests.SqlQuery.SelectTests" member="SelectAllColumns_With_WhereExpression_And_QualifiedColumn_Formats_Where_Correctly" />
                  <codeLocation path="C:\data\SubsonicRoot\ss2\SubSonic.Tests\SqlQuery\SelectTests.cs" line="807" />
                  <metadata>
                    <entry key="TestKind">
                      <value>Test</value>
                    </entry>
                  </metadata>
                  <children />
                  <parameters />
                </test>
                <test id="2df05ec3dee511f9" name="SqlQuery_Can_Compare_Columns" fullName="SubSonic.Tests/SelectTests/SqlQuery_Can_Compare_Columns" isTestCase="true">
                  <codeReference assembly="SubSonic.Tests, Version=2.2.1.0, Culture=neutral, PublicKeyToken=null" namespace="SubSonic.Tests.SqlQuery" type="SubSonic.Tests.SqlQuery.SelectTests" member="SqlQuery_Can_Compare_Columns" />
                  <codeLocation path="C:\data\SubsonicRoot\ss2\SubSonic.Tests\SqlQuery\SelectTests.cs" line="763" />
                  <metadata>
                    <entry key="TestKind">
                      <value>Test</value>
                    </entry>
                  </metadata>
                  <children />
                  <parameters />
                </test>
                <test id="dcd2987f84048384" name="SqlQuery_GetRecordCount_should_handle_distinct" fullName="SubSonic.Tests/SelectTests/SqlQuery_GetRecordCount_should_handle_distinct" isTestCase="true">
                  <codeReference assembly="SubSonic.Tests, Version=2.2.1.0, Culture=neutral, PublicKeyToken=null" namespace="SubSonic.Tests.SqlQuery" type="SubSonic.Tests.SqlQuery.SelectTests" member="SqlQuery_GetRecordCount_should_handle_distinct" />
                  <codeLocation path="C:\data\SubsonicRoot\ss2\SubSonic.Tests\SqlQuery\SelectTests.cs" line="756" />
                  <metadata>
                    <entry key="TestKind">
                      <value>Test</value>
                    </entry>
                  </metadata>
                  <children />
                  <parameters />
                </test>
                <test id="7f9d77cad15d8604" name="SqlQuery_should_handle_distinct" fullName="SubSonic.Tests/SelectTests/SqlQuery_should_handle_distinct" isTestCase="true">
                  <codeReference assembly="SubSonic.Tests, Version=2.2.1.0, Culture=neutral, PublicKeyToken=null" namespace="SubSonic.Tests.SqlQuery" type="SubSonic.Tests.SqlQuery.SelectTests" member="SqlQuery_should_handle_distinct" />
                  <codeLocation path="C:\data\SubsonicRoot\ss2\SubSonic.Tests\SqlQuery\SelectTests.cs" line="742" />
                  <metadata>
                    <entry key="TestKind">
                      <value>Test</value>
                    </entry>
                  </metadata>
                  <children />
                  <parameters />
                </test>
                <test id="4568dda4f4a5f281" name="Constraints_Should_Be_Valid_When_Table_Not_In_From" fullName="SubSonic.Tests/SelectTests/Constraints_Should_Be_Valid_When_Table_Not_In_From" isTestCase="true">
                  <codeReference assembly="SubSonic.Tests, Version=2.2.1.0, Culture=neutral, PublicKeyToken=null" namespace="SubSonic.Tests.SqlQuery" type="SubSonic.Tests.SqlQuery.SelectTests" member="Constraints_Should_Be_Valid_When_Table_Not_In_From" />
                  <codeLocation path="C:\data\SubsonicRoot\ss2\SubSonic.Tests\SqlQuery\SelectTests.cs" line="793" />
                  <metadata>
                    <entry key="TestKind">
                      <value>Test</value>
                    </entry>
                  </metadata>
                  <children />
                  <parameters />
                </test>
                <test id="236cc1b25668c8e1" name="ActiveRecord_IsLoaded_ShouldBe_False_When_Record_Not_Present_Using_Key_Constructor" fullName="SubSonic.Tests/SelectTests/ActiveRecord_IsLoaded_ShouldBe_False_When_Record_Not_Present_Using_Key_Constructor" isTestCase="true">
                  <codeReference assembly="SubSonic.Tests, Version=2.2.1.0, Culture=neutral, PublicKeyToken=null" namespace="SubSonic.Tests.SqlQuery" type="SubSonic.Tests.SqlQuery.SelectTests" member="ActiveRecord_IsLoaded_ShouldBe_False_When_Record_Not_Present_Using_Key_Constructor" />
                  <codeLocation path="C:\data\SubsonicRoot\ss2\SubSonic.Tests\SqlQuery\SelectTests.cs" line="782" />
                  <metadata>
                    <entry key="TestKind">
                      <value>Test</value>
                    </entry>
                  </metadata>
                  <children />
                  <parameters />
                </test>
                <test id="a6abaedebb5cfa84" name="ActiveRecord_IsLoaded_ShouldBe_False_When_Record_Not_Present_Using_PK_Constructor" fullName="SubSonic.Tests/SelectTests/ActiveRecord_IsLoaded_ShouldBe_False_When_Record_Not_Present_Using_PK_Constructor" isTestCase="true">
                  <codeReference assembly="SubSonic.Tests, Version=2.2.1.0, Culture=neutral, PublicKeyToken=null" namespace="SubSonic.Tests.SqlQuery" type="SubSonic.Tests.SqlQuery.SelectTests" member="ActiveRecord_IsLoaded_ShouldBe_False_When_Record_Not_Present_Using_PK_Constructor" />
                  <codeLocation path="C:\data\SubsonicRoot\ss2\SubSonic.Tests\SqlQuery\SelectTests.cs" line="772" />
                  <metadata>
                    <entry key="TestKind">
                      <value>Test</value>
                    </entry>
                  </metadata>
                  <children />
                  <parameters />
                </test>
                <test id="b370eaf8c520c214" name="Exec_LeftOuterJoin_With_Generics" fullName="SubSonic.Tests/SelectTests/Exec_LeftOuterJoin_With_Generics" isTestCase="true">
                  <codeReference assembly="SubSonic.Tests, Version=2.2.1.0, Culture=neutral, PublicKeyToken=null" namespace="SubSonic.Tests.SqlQuery" type="SubSonic.Tests.SqlQuery.SelectTests" member="Exec_LeftOuterJoin_With_Generics" />
                  <codeLocation path="C:\data\SubsonicRoot\ss2\SubSonic.Tests\SqlQuery\SelectTests.cs" line="142" />
                  <metadata>
                    <entry key="TestKind">
                      <value>Test</value>
                    </entry>
                  </metadata>
                  <children />
                  <parameters />
                </test>
                <test id="fed03b517481075a" name="Exec_LeftOuterJoin_With_String" fullName="SubSonic.Tests/SelectTests/Exec_LeftOuterJoin_With_String" isTestCase="true">
                  <codeReference assembly="SubSonic.Tests, Version=2.2.1.0, Culture=neutral, PublicKeyToken=null" namespace="SubSonic.Tests.SqlQuery" type="SubSonic.Tests.SqlQuery.SelectTests" member="Exec_LeftOuterJoin_With_String" />
                  <codeLocation path="C:\data\SubsonicRoot\ss2\SubSonic.Tests\SqlQuery\SelectTests.cs" line="153" />
                  <metadata>
                    <entry key="TestKind">
                      <value>Test</value>
                    </entry>
                  </metadata>
                  <children />
                  <parameters />
                </test>
                <test id="2567e98394606df2" name="Exec_MultiJoin" fullName="SubSonic.Tests/SelectTests/Exec_MultiJoin" isTestCase="true">
                  <codeReference assembly="SubSonic.Tests, Version=2.2.1.0, Culture=neutral, PublicKeyToken=null" namespace="SubSonic.Tests.SqlQuery" type="SubSonic.Tests.SqlQuery.SelectTests" member="Exec_MultiJoin" />
                  <codeLocation path="C:\data\SubsonicRoot\ss2\SubSonic.Tests\SqlQuery\SelectTests.cs" line="117" />
                  <metadata>
                    <entry key="TestKind">
                      <value>Test</value>
                    </entry>
                  </metadata>
                  <children />
                  <parameters />
                </test>
                <test id="3d2d9c292f0de222" name="Exec_LeftOuterJoin_With_TableColumn" fullName="SubSonic.Tests/SelectTests/Exec_LeftOuterJoin_With_TableColumn" isTestCase="true">
                  <codeReference assembly="SubSonic.Tests, Version=2.2.1.0, Culture=neutral, PublicKeyToken=null" namespace="SubSonic.Tests.SqlQuery" type="SubSonic.Tests.SqlQuery.SelectTests" member="Exec_LeftOuterJoin_With_TableColumn" />
                  <codeLocation path="C:\data\SubsonicRoot\ss2\SubSonic.Tests\SqlQuery\SelectTests.cs" line="131" />
                  <metadata>
                    <entry key="TestKind">
                      <value>Test</value>
                    </entry>
                  </metadata>
                  <children />
                  <parameters />
                </test>
                <test id="7fba649d1c73c23f" name="Exec_Select_Top_Ten" fullName="SubSonic.Tests/SelectTests/Exec_Select_Top_Ten" isTestCase="true">
                  <codeReference assembly="SubSonic.Tests, Version=2.2.1.0, Culture=neutral, PublicKeyToken=null" namespace="SubSonic.Tests.SqlQuery" type="SubSonic.Tests.SqlQuery.SelectTests" member="Exec_Select_Top_Ten" />
                  <codeLocation path="C:\data\SubsonicRoot\ss2\SubSonic.Tests\SqlQuery\SelectTests.cs" line="166" />
                  <metadata>
                    <entry key="TestKind">
                      <value>Test</value>
                    </entry>
                  </metadata>
                  <children />
                  <parameters />
                </test>
                <test id="a0cce410e7044202" name="Exec_Collection_JoinedWithLike" fullName="SubSonic.Tests/SelectTests/Exec_Collection_JoinedWithLike" isTestCase="true">
                  <codeReference assembly="SubSonic.Tests, Version=2.2.1.0, Culture=neutral, PublicKeyToken=null" namespace="SubSonic.Tests.SqlQuery" type="SubSonic.Tests.SqlQuery.SelectTests" member="Exec_Collection_JoinedWithLike" />
                  <codeLocation path="C:\data\SubsonicRoot\ss2\SubSonic.Tests\SqlQuery\SelectTests.cs" line="198" />
                  <metadata>
                    <entry key="TestKind">
                      <value>Test</value>
                    </entry>
                  </metadata>
                  <children />
                  <parameters />
                </test>
                <test id="132b24ca35d178c6" name="Exec_Collection_JoinedWithLike_Typed" fullName="SubSonic.Tests/SelectTests/Exec_Collection_JoinedWithLike_Typed" isTestCase="true">
                  <codeReference assembly="SubSonic.Tests, Version=2.2.1.0, Culture=neutral, PublicKeyToken=null" namespace="SubSonic.Tests.SqlQuery" type="SubSonic.Tests.SqlQuery.SelectTests" member="Exec_Collection_JoinedWithLike_Typed" />
                  <codeLocation path="C:\data\SubsonicRoot\ss2\SubSonic.Tests\SqlQuery\SelectTests.cs" line="209" />
                  <metadata>
                    <entry key="TestKind">
                      <value>Test</value>
                    </entry>
                  </metadata>
                  <children />
                  <parameters />
                </test>
                <test id="f724d8da54cedb9b" name="Exec_Collection_Simple" fullName="SubSonic.Tests/SelectTests/Exec_Collection_Simple" isTestCase="true">
                  <codeReference assembly="SubSonic.Tests, Version=2.2.1.0, Culture=neutral, PublicKeyToken=null" namespace="SubSonic.Tests.SqlQuery" type="SubSonic.Tests.SqlQuery.SelectTests" member="Exec_Collection_Simple" />
                  <codeLocation path="C:\data\SubsonicRoot\ss2\SubSonic.Tests\SqlQuery\SelectTests.cs" line="180" />
                  <metadata>
                    <entry key="TestKind">
                      <value>Test</value>
                    </entry>
                  </metadata>
                  <children />
                  <parameters />
                </test>
                <test id="31c9b4bee0126aad" name="Exec_Collection_Joined" fullName="SubSonic.Tests/SelectTests/Exec_Collection_Joined" isTestCase="true">
                  <codeReference assembly="SubSonic.Tests, Version=2.2.1.0, Culture=neutral, PublicKeyToken=null" namespace="SubSonic.Tests.SqlQuery" type="SubSonic.Tests.SqlQuery.SelectTests" member="Exec_Collection_Joined" />
                  <codeLocation path="C:\data\SubsonicRoot\ss2\SubSonic.Tests\SqlQuery\SelectTests.cs" line="188" />
                  <metadata>
                    <entry key="TestKind">
                      <value>Test</value>
                    </entry>
                  </metadata>
                  <children />
                  <parameters />
                </test>
                <test id="8381811bae387097" name="Exec_WithAllColumns" fullName="SubSonic.Tests/SelectTests/Exec_WithAllColumns" isTestCase="true">
                  <codeReference assembly="SubSonic.Tests, Version=2.2.1.0, Culture=neutral, PublicKeyToken=null" namespace="SubSonic.Tests.SqlQuery" type="SubSonic.Tests.SqlQuery.SelectTests" member="Exec_WithAllColumns" />
                  <codeLocation path="C:\data\SubsonicRoot\ss2\SubSonic.Tests\SqlQuery\SelectTests.cs" line="50" />
                  <metadata>
                    <entry key="TestKind">
                      <value>Test</value>
                    </entry>
                  </metadata>
                  <children />
                  <parameters />
                </test>
                <test id="351cac8e4ad5b3e1" name="Exec_SimpleWhere" fullName="SubSonic.Tests/SelectTests/Exec_SimpleWhere" isTestCase="true">
                  <codeReference assembly="SubSonic.Tests, Version=2.2.1.0, Culture=neutral, PublicKeyToken=null" namespace="SubSonic.Tests.SqlQuery" type="SubSonic.Tests.SqlQuery.SelectTests" member="Exec_SimpleWhere" />
                  <codeLocation path="C:\data\SubsonicRoot\ss2\SubSonic.Tests\SqlQuery\SelectTests.cs" line="57" />
                  <metadata>
                    <entry key="TestKind">
                      <value>Test</value>
                    </entry>
                  </metadata>
                  <children />
                  <parameters />
                </test>
                <test id="87ff466a71f0fac" name="Exec_SimpleWithTypedColumns" fullName="SubSonic.Tests/SelectTests/Exec_SimpleWithTypedColumns" isTestCase="true">
                  <codeReference assembly="SubSonic.Tests, Version=2.2.1.0, Culture=neutral, PublicKeyToken=null" namespace="SubSonic.Tests.SqlQuery" type="SubSonic.Tests.SqlQuery.SelectTests" member="Exec_SimpleWithTypedColumns" />
                  <codeLocation path="C:\data\SubsonicRoot\ss2\SubSonic.Tests\SqlQuery\SelectTests.cs" line="36" />
                  <metadata>
                    <entry key="TestKind">
                      <value>Test</value>
                    </entry>
                  </metadata>
                  <children />
                  <parameters />
                </test>
                <test id="55446d52438c14d0" name="Exec_SimpleAsSingle" fullName="SubSonic.Tests/SelectTests/Exec_SimpleAsSingle" isTestCase="true">
                  <codeReference assembly="SubSonic.Tests, Version=2.2.1.0, Culture=neutral, PublicKeyToken=null" namespace="SubSonic.Tests.SqlQuery" type="SubSonic.Tests.SqlQuery.SelectTests" member="Exec_SimpleAsSingle" />
                  <codeLocation path="C:\data\SubsonicRoot\ss2\SubSonic.Tests\SqlQuery\SelectTests.cs" line="43" />
                  <metadata>
                    <entry key="TestKind">
                      <value>Test</value>
                    </entry>
                  </metadata>
                  <children />
                  <parameters />
                </test>
                <test id="6a4d37a2d0f2d813" name="Exec_SimpleWhere2" fullName="SubSonic.Tests/SelectTests/Exec_SimpleWhere2" isTestCase="true">
                  <codeReference assembly="SubSonic.Tests, Version=2.2.1.0, Culture=neutral, PublicKeyToken=null" namespace="SubSonic.Tests.SqlQuery" type="SubSonic.Tests.SqlQuery.SelectTests" member="Exec_SimpleWhere2" />
                  <codeLocation path="C:\data\SubsonicRoot\ss2\SubSonic.Tests\SqlQuery\SelectTests.cs" line="64" />
                  <metadata>
                    <entry key="TestKind">
                      <value>Test</value>
                    </entry>
                  </metadata>
                  <children />
                  <parameters />
                </test>
                <test id="d4139761853f7fcd" name="Exec_SimpleJoin2" fullName="SubSonic.Tests/SelectTests/Exec_SimpleJoin2" isTestCase="true">
                  <codeReference assembly="SubSonic.Tests, Version=2.2.1.0, Culture=neutral, PublicKeyToken=null" namespace="SubSonic.Tests.SqlQuery" type="SubSonic.Tests.SqlQuery.SelectTests" member="Exec_SimpleJoin2" />
                  <codeLocation path="C:\data\SubsonicRoot\ss2\SubSonic.Tests\SqlQuery\SelectTests.cs" line="95" />
                  <metadata>
                    <entry key="TestKind">
                      <value>Test</value>
                    </entry>
                  </metadata>
                  <children />
                  <parameters />
                </test>
                <test id="7334c663cee4838c" name="Exec_SimpleJoin3" fullName="SubSonic.Tests/SelectTests/Exec_SimpleJoin3" isTestCase="true">
                  <codeReference assembly="SubSonic.Tests, Version=2.2.1.0, Culture=neutral, PublicKeyToken=null" namespace="SubSonic.Tests.SqlQuery" type="SubSonic.Tests.SqlQuery.SelectTests" member="Exec_SimpleJoin3" />
                  <codeLocation path="C:\data\SubsonicRoot\ss2\SubSonic.Tests\SqlQuery\SelectTests.cs" line="106" />
                  <metadata>
                    <entry key="TestKind">
                      <value>Test</value>
                    </entry>
                  </metadata>
                  <children />
                  <parameters />
                </test>
                <test id="d6451bb4fabcbc28" name="Exec_SimpleWhereAnd" fullName="SubSonic.Tests/SelectTests/Exec_SimpleWhereAnd" isTestCase="true">
                  <codeReference assembly="SubSonic.Tests, Version=2.2.1.0, Culture=neutral, PublicKeyToken=null" namespace="SubSonic.Tests.SqlQuery" type="SubSonic.Tests.SqlQuery.SelectTests" member="Exec_SimpleWhereAnd" />
                  <codeLocation path="C:\data\SubsonicRoot\ss2\SubSonic.Tests\SqlQuery\SelectTests.cs" line="71" />
                  <metadata>
                    <entry key="TestKind">
                      <value>Test</value>
                    </entry>
                  </metadata>
                  <children />
                  <parameters />
                </test>
                <test id="d908a282699d4650" name="Exec_SimpleJoin" fullName="SubSonic.Tests/SelectTests/Exec_SimpleJoin" isTestCase="true">
                  <codeReference assembly="SubSonic.Tests, Version=2.2.1.0, Culture=neutral, PublicKeyToken=null" namespace="SubSonic.Tests.SqlQuery" type="SubSonic.Tests.SqlQuery.SelectTests" member="Exec_SimpleJoin" />
                  <codeLocation path="C:\data\SubsonicRoot\ss2\SubSonic.Tests\SqlQuery\SelectTests.cs" line="84" />
                  <metadata>
                    <entry key="TestKind">
                      <value>Test</value>
                    </entry>
                  </metadata>
                  <children />
                  <parameters />
                </test>
                <test id="84acacf34f8286da" name="Exec_SimpleAnd" fullName="SubSonic.Tests/SelectTests/Exec_SimpleAnd" isTestCase="true">
                  <codeReference assembly="SubSonic.Tests, Version=2.2.1.0, Culture=neutral, PublicKeyToken=null" namespace="SubSonic.Tests.SqlQuery" type="SubSonic.Tests.SqlQuery.SelectTests" member="Exec_SimpleAnd" />
                  <codeLocation path="C:\data\SubsonicRoot\ss2\SubSonic.Tests\SqlQuery\SelectTests.cs" line="370" />
                  <metadata>
                    <entry key="TestKind">
                      <value>Test</value>
                    </entry>
                  </metadata>
                  <children />
                  <parameters />
                </test>
                <test id="f5a54afea386b971" name="Exec_SimpleAnd2" fullName="SubSonic.Tests/SelectTests/Exec_SimpleAnd2" isTestCase="true">
                  <codeReference assembly="SubSonic.Tests, Version=2.2.1.0, Culture=neutral, PublicKeyToken=null" namespace="SubSonic.Tests.SqlQuery" type="SubSonic.Tests.SqlQuery.SelectTests" member="Exec_SimpleAnd2" />
                  <codeLocation path="C:\data\SubsonicRoot\ss2\SubSonic.Tests\SqlQuery\SelectTests.cs" line="384" />
                  <metadata>
                    <entry key="TestKind">
                      <value>Test</value>
                    </entry>
                  </metadata>
                  <children />
                  <parameters />
                </test>
                <test id="df430da5e68d2630" name="Exec_PagedView" fullName="SubSonic.Tests/SelectTests/Exec_PagedView" isTestCase="true">
                  <codeReference assembly="SubSonic.Tests, Version=2.2.1.0, Culture=neutral, PublicKeyToken=null" namespace="SubSonic.Tests.SqlQuery" type="SubSonic.Tests.SqlQuery.SelectTests" member="Exec_PagedView" />
                  <codeLocation path="C:\data\SubsonicRoot\ss2\SubSonic.Tests\SqlQuery\SelectTests.cs" line="349" />
                  <metadata>
                    <entry key="TestKind">
                      <value>Test</value>
                    </entry>
                  </metadata>
                  <children />
                  <parameters />
                </test>
                <test id="a76cc2aa7909eef2" name="Exec_PagedViewJoined" fullName="SubSonic.Tests/SelectTests/Exec_PagedViewJoined" isTestCase="true">
                  <codeReference assembly="SubSonic.Tests, Version=2.2.1.0, Culture=neutral, PublicKeyToken=null" namespace="SubSonic.Tests.SqlQuery" type="SubSonic.Tests.SqlQuery.SelectTests" member="Exec_PagedViewJoined" />
                  <codeLocation path="C:\data\SubsonicRoot\ss2\SubSonic.Tests\SqlQuery\SelectTests.cs" line="357" />
                  <metadata>
                    <entry key="TestKind">
                      <value>Test</value>
                    </entry>
                  </metadata>
                  <children />
                  <parameters />
                </test>
                <test id="6c069a77c4600266" name="Exec_SimpleAnd3" fullName="SubSonic.Tests/SelectTests/Exec_SimpleAnd3" isTestCase="true">
                  <codeReference assembly="SubSonic.Tests, Version=2.2.1.0, Culture=neutral, PublicKeyToken=null" namespace="SubSonic.Tests.SqlQuery" type="SubSonic.Tests.SqlQuery.SelectTests" member="Exec_SimpleAnd3" />
                  <codeLocation path="C:\data\SubsonicRoot\ss2\SubSonic.Tests\SqlQuery\SelectTests.cs" line="398" />
                  <metadata>
                    <entry key="TestKind">
                      <value>Test</value>
                    </entry>
                  </metadata>
                  <children />
                  <parameters />
                </test>
                <test id="3bf89f1b0ab491f9" name="Exec_MultipleInWithAnd" fullName="SubSonic.Tests/SelectTests/Exec_MultipleInWithAnd" isTestCase="true">
                  <codeReference assembly="SubSonic.Tests, Version=2.2.1.0, Culture=neutral, PublicKeyToken=null" namespace="SubSonic.Tests.SqlQuery" type="SubSonic.Tests.SqlQuery.SelectTests" member="Exec_MultipleInWithAnd" />
                  <codeLocation path="C:\data\SubsonicRoot\ss2\SubSonic.Tests\SqlQuery\SelectTests.cs" line="440" />
                  <metadata>
                    <entry key="TestKind">
                      <value>Test</value>
                    </entry>
                  </metadata>
                  <children />
                  <parameters />
                </test>
                <test id="aa15f6300be00489" name="Exec_SimpleOr" fullName="SubSonic.Tests/SelectTests/Exec_SimpleOr" isTestCase="true">
                  <codeReference assembly="SubSonic.Tests, Version=2.2.1.0, Culture=neutral, PublicKeyToken=null" namespace="SubSonic.Tests.SqlQuery" type="SubSonic.Tests.SqlQuery.SelectTests" member="Exec_SimpleOr" />
                  <codeLocation path="C:\data\SubsonicRoot\ss2\SubSonic.Tests\SqlQuery\SelectTests.cs" line="457" />
                  <metadata>
                    <entry key="TestKind">
                      <value>Test</value>
                    </entry>
                  </metadata>
                  <children />
                  <parameters />
                </test>
                <test id="cc4967ca3f4a2c02" name="Exec_SimpleIn" fullName="SubSonic.Tests/SelectTests/Exec_SimpleIn" isTestCase="true">
                  <codeReference assembly="SubSonic.Tests, Version=2.2.1.0, Culture=neutral, PublicKeyToken=null" namespace="SubSonic.Tests.SqlQuery" type="SubSonic.Tests.SqlQuery.SelectTests" member="Exec_SimpleIn" />
                  <codeLocation path="C:\data\SubsonicRoot\ss2\SubSonic.Tests\SqlQuery\SelectTests.cs" line="418" />
                  <metadata>
                    <entry key="TestKind">
                      <value>Test</value>
                    </entry>
                  </metadata>
                  <children />
                  <parameters />
                </test>
                <test id="bd348406aaf1a6c0" name="Exec_InWithSelect" fullName="SubSonic.Tests/SelectTests/Exec_InWithSelect" isTestCase="true">
                  <codeReference assembly="SubSonic.Tests, Version=2.2.1.0, Culture=neutral, PublicKeyToken=null" namespace="SubSonic.Tests.SqlQuery" type="SubSonic.Tests.SqlQuery.SelectTests" member="Exec_InWithSelect" />
                  <codeLocation path="C:\data\SubsonicRoot\ss2\SubSonic.Tests\SqlQuery\SelectTests.cs" line="427" />
                  <metadata>
                    <entry key="TestKind">
                      <value>Test</value>
                    </entry>
                  </metadata>
                  <children />
                  <parameters />
                </test>
                <test id="5a2d7a12510dc65c" name="Exec_DistinctTypedList" fullName="SubSonic.Tests/SelectTests/Exec_DistinctTypedList" isTestCase="true">
                  <codeReference assembly="SubSonic.Tests, Version=2.2.1.0, Culture=neutral, PublicKeyToken=null" namespace="SubSonic.Tests.SqlQuery" type="SubSonic.Tests.SqlQuery.SelectTests" member="Exec_DistinctTypedList" />
                  <codeLocation path="C:\data\SubsonicRoot\ss2\SubSonic.Tests\SqlQuery\SelectTests.cs" line="260" />
                  <metadata>
                    <entry key="TestKind">
                      <value>Test</value>
                    </entry>
                  </metadata>
                  <children />
                  <parameters />
                </test>
                <test id="6b2d4c29e11f2d4a" name="Exec_DistinctWithWhere" fullName="SubSonic.Tests/SelectTests/Exec_DistinctWithWhere" isTestCase="true">
                  <codeReference assembly="SubSonic.Tests, Version=2.2.1.0, Culture=neutral, PublicKeyToken=null" namespace="SubSonic.Tests.SqlQuery" type="SubSonic.Tests.SqlQuery.SelectTests" member="Exec_DistinctWithWhere" />
                  <codeLocation path="C:\data\SubsonicRoot\ss2\SubSonic.Tests\SqlQuery\SelectTests.cs" line="269" />
                  <metadata>
                    <entry key="TestKind">
                      <value>Test</value>
                    </entry>
                  </metadata>
                  <children />
                  <parameters />
                </test>
                <test id="8e62c4902bbffe5a" name="Exec_ExpressionSimpleOr" fullName="SubSonic.Tests/SelectTests/Exec_ExpressionSimpleOr" isTestCase="true">
                  <codeReference assembly="SubSonic.Tests, Version=2.2.1.0, Culture=neutral, PublicKeyToken=null" namespace="SubSonic.Tests.SqlQuery" type="SubSonic.Tests.SqlQuery.SelectTests" member="Exec_ExpressionSimpleOr" />
                  <codeLocation path="C:\data\SubsonicRoot\ss2\SubSonic.Tests\SqlQuery\SelectTests.cs" line="225" />
                  <metadata>
                    <entry key="TestKind">
                      <value>Test</value>
                    </entry>
                  </metadata>
                  <children />
                  <parameters />
                </test>
                <test id="9fa32c4d90d19139" name="Exec_NestedExpression" fullName="SubSonic.Tests/SelectTests/Exec_NestedExpression" isTestCase="true">
                  <codeReference assembly="SubSonic.Tests, Version=2.2.1.0, Culture=neutral, PublicKeyToken=null" namespace="SubSonic.Tests.SqlQuery" type="SubSonic.Tests.SqlQuery.SelectTests" member="Exec_NestedExpression" />
                  <codeLocation path="C:\data\SubsonicRoot\ss2\SubSonic.Tests\SqlQuery\SelectTests.cs" line="236" />
                  <metadata>
                    <entry key="TestKind">
                      <value>Test</value>
                    </entry>
                  </metadata>
                  <children />
                  <parameters />
                </test>
                <test id="fd862e1efb5cce42" name="Exec_Distinct_JoinedWithLike" fullName="SubSonic.Tests/SelectTests/Exec_Distinct_JoinedWithLike" isTestCase="true">
                  <codeReference assembly="SubSonic.Tests, Version=2.2.1.0, Culture=neutral, PublicKeyToken=null" namespace="SubSonic.Tests.SqlQuery" type="SubSonic.Tests.SqlQuery.SelectTests" member="Exec_Distinct_JoinedWithLike" />
                  <codeLocation path="C:\data\SubsonicRoot\ss2\SubSonic.Tests\SqlQuery\SelectTests.cs" line="281" />
                  <metadata>
                    <entry key="TestKind">
                      <value>Test</value>
                    </entry>
                  </metadata>
                  <children />
                  <parameters />
                </test>
                <test id="c112fd3991361893" name="Exec_PagedWithAggregate" fullName="SubSonic.Tests/SelectTests/Exec_PagedWithAggregate" isTestCase="true">
                  <codeReference assembly="SubSonic.Tests, Version=2.2.1.0, Culture=neutral, PublicKeyToken=null" namespace="SubSonic.Tests.SqlQuery" type="SubSonic.Tests.SqlQuery.SelectTests" member="Exec_PagedWithAggregate" />
                  <codeLocation path="C:\data\SubsonicRoot\ss2\SubSonic.Tests\SqlQuery\SelectTests.cs" line="317" />
                  <metadata>
                    <entry key="TestKind">
                      <value>Test</value>
                    </entry>
                  </metadata>
                  <children />
                  <parameters />
                </test>
                <test id="e815c74b1a7225d2" name="Exec_PagedJoined" fullName="SubSonic.Tests/SelectTests/Exec_PagedJoined" isTestCase="true">
                  <codeReference assembly="SubSonic.Tests, Version=2.2.1.0, Culture=neutral, PublicKeyToken=null" namespace="SubSonic.Tests.SqlQuery" type="SubSonic.Tests.SqlQuery.SelectTests" member="Exec_PagedJoined" />
                  <codeLocation path="C:\data\SubsonicRoot\ss2\SubSonic.Tests\SqlQuery\SelectTests.cs" line="335" />
                  <metadata>
                    <entry key="TestKind">
                      <value>Test</value>
                    </entry>
                  </metadata>
                  <children />
                  <parameters />
                </test>
                <test id="b51a12706c7e1287" name="Exec_AggregateExpression" fullName="SubSonic.Tests/SelectTests/Exec_AggregateExpression" isTestCase="true">
                  <codeReference assembly="SubSonic.Tests, Version=2.2.1.0, Culture=neutral, PublicKeyToken=null" namespace="SubSonic.Tests.SqlQuery" type="SubSonic.Tests.SqlQuery.SelectTests" member="Exec_AggregateExpression" />
                  <codeLocation path="C:\data\SubsonicRoot\ss2\SubSonic.Tests\SqlQuery\SelectTests.cs" line="294" />
                  <metadata>
                    <entry key="TestKind">
                      <value>Test</value>
                    </entry>
                  </metadata>
                  <children />
                  <parameters />
                </test>
                <test id="2763a03853c61560" name="Exec_PagedSimple" fullName="SubSonic.Tests/SelectTests/Exec_PagedSimple" isTestCase="true">
                  <codeReference assembly="SubSonic.Tests, Version=2.2.1.0, Culture=neutral, PublicKeyToken=null" namespace="SubSonic.Tests.SqlQuery" type="SubSonic.Tests.SqlQuery.SelectTests" member="Exec_PagedSimple" />
                  <codeLocation path="C:\data\SubsonicRoot\ss2\SubSonic.Tests\SqlQuery\SelectTests.cs" line="310" />
                  <metadata>
                    <entry key="TestKind">
                      <value>Test</value>
                    </entry>
                  </metadata>
                  <children />
                  <parameters />
                </test>
              </children>
              <parameters />
            </test>
            <test id="7b08553eef1fbce5" name="AggregateTests" fullName="SubSonic.Tests/AggregateTests" isTestCase="false">
              <codeReference assembly="SubSonic.Tests, Version=2.2.1.0, Culture=neutral, PublicKeyToken=null" namespace="SubSonic.Tests.SqlQuery" type="SubSonic.Tests.SqlQuery.AggregateTests" />
              <codeLocation path="C:\data\SubsonicRoot\ss2\SubSonic.Tests\SqlQuery\AggregateTests.cs" />
              <metadata>
                <entry key="TestKind">
                  <value>Fixture</value>
                </entry>
              </metadata>
              <children>
                <test id="8afea2ace33d2bc5" name="Exec_AggregateMax" fullName="SubSonic.Tests/AggregateTests/Exec_AggregateMax" isTestCase="true">
                  <codeReference assembly="SubSonic.Tests, Version=2.2.1.0, Culture=neutral, PublicKeyToken=null" namespace="SubSonic.Tests.SqlQuery" type="SubSonic.Tests.SqlQuery.AggregateTests" member="Exec_AggregateMax" />
                  <codeLocation path="C:\data\SubsonicRoot\ss2\SubSonic.Tests\SqlQuery\AggregateTests.cs" line="72" />
                  <metadata>
                    <entry key="TestKind">
                      <value>Test</value>
                    </entry>
                  </metadata>
                  <children />
                  <parameters />
                </test>
                <test id="87181fd2e72dc1a" name="Exec_AggregateAvg" fullName="SubSonic.Tests/AggregateTests/Exec_AggregateAvg" isTestCase="true">
                  <codeReference assembly="SubSonic.Tests, Version=2.2.1.0, Culture=neutral, PublicKeyToken=null" namespace="SubSonic.Tests.SqlQuery" type="SubSonic.Tests.SqlQuery.AggregateTests" member="Exec_AggregateAvg" />
                  <codeLocation path="C:\data\SubsonicRoot\ss2\SubSonic.Tests\SqlQuery\AggregateTests.cs" line="38" />
                  <metadata>
                    <entry key="TestKind">
                      <value>Test</value>
                    </entry>
                  </metadata>
                  <children />
                  <parameters />
                </test>
                <test id="64b9671d42ac6226" name="Exec_AggregateExpression" fullName="SubSonic.Tests/AggregateTests/Exec_AggregateExpression" isTestCase="true">
                  <codeReference assembly="SubSonic.Tests, Version=2.2.1.0, Culture=neutral, PublicKeyToken=null" namespace="SubSonic.Tests.SqlQuery" type="SubSonic.Tests.SqlQuery.AggregateTests" member="Exec_AggregateExpression" />
                  <codeLocation path="C:\data\SubsonicRoot\ss2\SubSonic.Tests\SqlQuery\AggregateTests.cs" line="26" />
                  <metadata>
                    <entry key="TestKind">
                      <value>Test</value>
                    </entry>
                  </metadata>
                  <children />
                  <parameters />
                </test>
                <test id="fe177be2cb358e99" name="Exec_AggregateMin" fullName="SubSonic.Tests/AggregateTests/Exec_AggregateMin" isTestCase="true">
                  <codeReference assembly="SubSonic.Tests, Version=2.2.1.0, Culture=neutral, PublicKeyToken=null" namespace="SubSonic.Tests.SqlQuery" type="SubSonic.Tests.SqlQuery.AggregateTests" member="Exec_AggregateMin" />
                  <codeLocation path="C:\data\SubsonicRoot\ss2\SubSonic.Tests\SqlQuery\AggregateTests.cs" line="106" />
                  <metadata>
                    <entry key="TestKind">
                      <value>Test</value>
                    </entry>
                  </metadata>
                  <children />
                  <parameters />
                </test>
                <test id="11eeb8a06e6c0168" name="Exec_AggregateWithWhereAndHaving" fullName="SubSonic.Tests/AggregateTests/Exec_AggregateWithWhereAndHaving" isTestCase="true">
                  <codeReference assembly="SubSonic.Tests, Version=2.2.1.0, Culture=neutral, PublicKeyToken=null" namespace="SubSonic.Tests.SqlQuery" type="SubSonic.Tests.SqlQuery.AggregateTests" member="Exec_AggregateWithWhereAndHaving" />
                  <codeLocation path="C:\data\SubsonicRoot\ss2\SubSonic.Tests\SqlQuery\AggregateTests.cs" line="187" />
                  <metadata>
                    <entry key="TestKind">
                      <value>Test</value>
                    </entry>
                  </metadata>
                  <children />
                  <parameters />
                </test>
                <test id="370dec0cba5c19da" name="Exec_AggregateWithWhereNotHaving" fullName="SubSonic.Tests/AggregateTests/Exec_AggregateWithWhereNotHaving" isTestCase="true">
                  <codeReference assembly="SubSonic.Tests, Version=2.2.1.0, Culture=neutral, PublicKeyToken=null" namespace="SubSonic.Tests.SqlQuery" type="SubSonic.Tests.SqlQuery.AggregateTests" member="Exec_AggregateWithWhereNotHaving" />
                  <codeLocation path="C:\data\SubsonicRoot\ss2\SubSonic.Tests\SqlQuery\AggregateTests.cs" line="201" />
                  <metadata>
                    <entry key="TestKind">
                      <value>Test</value>
                    </entry>
                  </metadata>
                  <children />
                  <parameters />
                </test>
                <test id="332ed8a05646333b" name="Exec_AggregateStandardDeviation" fullName="SubSonic.Tests/AggregateTests/Exec_AggregateStandardDeviation" isTestCase="true">
                  <codeReference assembly="SubSonic.Tests, Version=2.2.1.0, Culture=neutral, PublicKeyToken=null" namespace="SubSonic.Tests.SqlQuery" type="SubSonic.Tests.SqlQuery.AggregateTests" member="Exec_AggregateStandardDeviation" />
                  <codeLocation path="C:\data\SubsonicRoot\ss2\SubSonic.Tests\SqlQuery\AggregateTests.cs" line="140" />
                  <metadata>
                    <entry key="TestKind">
                      <value>Test</value>
                    </entry>
                  </metadata>
                  <children />
                  <parameters />
                </test>
                <test id="6b842429dd9d95f8" name="Exec_SingleAggregateWithWhere" fullName="SubSonic.Tests/AggregateTests/Exec_SingleAggregateWithWhere" isTestCase="true">
                  <codeReference assembly="SubSonic.Tests, Version=2.2.1.0, Culture=neutral, PublicKeyToken=null" namespace="SubSonic.Tests.SqlQuery" type="SubSonic.Tests.SqlQuery.AggregateTests" member="Exec_SingleAggregateWithWhere" />
                  <codeLocation path="C:\data\SubsonicRoot\ss2\SubSonic.Tests\SqlQuery\AggregateTests.cs" line="174" />
                  <metadata>
                    <entry key="TestKind">
                      <value>Test</value>
                    </entry>
                  </metadata>
                  <children />
                  <parameters />
                </test>
              </children>
              <parameters />
            </test>
            <test id="68a95a4990db42f5" name="CodeGeneratorTests" fullName="SubSonic.Tests/CodeGeneratorTests" isTestCase="false">
              <codeReference assembly="SubSonic.Tests, Version=2.2.1.0, Culture=neutral, PublicKeyToken=null" namespace="SubSonic.Tests" type="SubSonic.Tests.CodeGeneratorTests" />
              <codeLocation path="C:\data\SubsonicRoot\ss2\SubSonic.Tests\CodeGeneratorTests.cs" />
              <metadata>
                <entry key="TestKind">
                  <value>Fixture</value>
                </entry>
              </metadata>
              <children>
                <test id="e7521bc44996209e" name="CodeGen2_RunViewTemplate" fullName="SubSonic.Tests/CodeGeneratorTests/CodeGen2_RunViewTemplate" isTestCase="true">
                  <codeReference assembly="SubSonic.Tests, Version=2.2.1.0, Culture=neutral, PublicKeyToken=null" namespace="SubSonic.Tests" type="SubSonic.Tests.CodeGeneratorTests" member="CodeGen2_RunViewTemplate" />
                  <codeLocation path="C:\data\SubsonicRoot\ss2\SubSonic.Tests\CodeGeneratorTests.cs" line="57" />
                  <metadata>
                    <entry key="TestKind">
                      <value>Test</value>
                    </entry>
                  </metadata>
                  <children />
                  <parameters />
                </test>
                <test id="573732acbb6181e2" name="CodeGen2_RunSPTemplate" fullName="SubSonic.Tests/CodeGeneratorTests/CodeGen2_RunSPTemplate" isTestCase="true">
                  <codeReference assembly="SubSonic.Tests, Version=2.2.1.0, Culture=neutral, PublicKeyToken=null" namespace="SubSonic.Tests" type="SubSonic.Tests.CodeGeneratorTests" member="CodeGen2_RunSPTemplate" />
                  <codeLocation path="C:\data\SubsonicRoot\ss2\SubSonic.Tests\CodeGeneratorTests.cs" line="45" />
                  <metadata>
                    <entry key="TestKind">
                      <value>Test</value>
                    </entry>
                  </metadata>
                  <children />
                  <parameters />
                </test>
                <test id="ab367a6e1fd0314f" name="CodeGen2_RunClassTemplate" fullName="SubSonic.Tests/CodeGeneratorTests/CodeGen2_RunClassTemplate" isTestCase="true">
                  <codeReference assembly="SubSonic.Tests, Version=2.2.1.0, Culture=neutral, PublicKeyToken=null" namespace="SubSonic.Tests" type="SubSonic.Tests.CodeGeneratorTests" member="CodeGen2_RunClassTemplate" />
                  <codeLocation path="C:\data\SubsonicRoot\ss2\SubSonic.Tests\CodeGeneratorTests.cs" line="32" />
                  <metadata>
                    <entry key="TestKind">
                      <value>Test</value>
                    </entry>
                  </metadata>
                  <children />
                  <parameters />
                </test>
                <test id="27cccb231a0e354c" name="CodeGen2_RunStructTemplate" fullName="SubSonic.Tests/CodeGeneratorTests/CodeGen2_RunStructTemplate" isTestCase="true">
                  <codeReference assembly="SubSonic.Tests, Version=2.2.1.0, Culture=neutral, PublicKeyToken=null" namespace="SubSonic.Tests" type="SubSonic.Tests.CodeGeneratorTests" member="CodeGen2_RunStructTemplate" />
                  <codeLocation path="C:\data\SubsonicRoot\ss2\SubSonic.Tests\CodeGeneratorTests.cs" line="69" />
                  <metadata>
                    <entry key="TestKind">
                      <value>Test</value>
                    </entry>
                  </metadata>
                  <children />
                  <parameters />
                </test>
                <test id="9838a277a9925ec8" name="CodeGen2_VBRunViewTemplate" fullName="SubSonic.Tests/CodeGeneratorTests/CodeGen2_VBRunViewTemplate" isTestCase="true">
                  <codeReference assembly="SubSonic.Tests, Version=2.2.1.0, Culture=neutral, PublicKeyToken=null" namespace="SubSonic.Tests" type="SubSonic.Tests.CodeGeneratorTests" member="CodeGen2_VBRunViewTemplate" />
                  <codeLocation path="C:\data\SubsonicRoot\ss2\SubSonic.Tests\CodeGeneratorTests.cs" line="105" />
                  <metadata>
                    <entry key="TestKind">
                      <value>Test</value>
                    </entry>
                  </metadata>
                  <children />
                  <parameters />
                </test>
                <test id="b7bffc3c3d64b19d" name="CodeGen2_VBRunStructTemplate" fullName="SubSonic.Tests/CodeGeneratorTests/CodeGen2_VBRunStructTemplate" isTestCase="true">
                  <codeReference assembly="SubSonic.Tests, Version=2.2.1.0, Culture=neutral, PublicKeyToken=null" namespace="SubSonic.Tests" type="SubSonic.Tests.CodeGeneratorTests" member="CodeGen2_VBRunStructTemplate" />
                  <codeLocation path="C:\data\SubsonicRoot\ss2\SubSonic.Tests\CodeGeneratorTests.cs" line="117" />
                  <metadata>
                    <entry key="TestKind">
                      <value>Test</value>
                    </entry>
                  </metadata>
                  <children />
                  <parameters />
                </test>
                <test id="842b6141754bee7d" name="CodeGen2_VBRunClassTemplate" fullName="SubSonic.Tests/CodeGeneratorTests/CodeGen2_VBRunClassTemplate" isTestCase="true">
                  <codeReference assembly="SubSonic.Tests, Version=2.2.1.0, Culture=neutral, PublicKeyToken=null" namespace="SubSonic.Tests" type="SubSonic.Tests.CodeGeneratorTests" member="CodeGen2_VBRunClassTemplate" />
                  <codeLocation path="C:\data\SubsonicRoot\ss2\SubSonic.Tests\CodeGeneratorTests.cs" line="81" />
                  <metadata>
                    <entry key="TestKind">
                      <value>Test</value>
                    </entry>
                  </metadata>
                  <children />
                  <parameters />
                </test>
                <test id="9d63ffb3fed84048" name="CodeGen2_VBRunSPTemplate" fullName="SubSonic.Tests/CodeGeneratorTests/CodeGen2_VBRunSPTemplate" isTestCase="true">
                  <codeReference assembly="SubSonic.Tests, Version=2.2.1.0, Culture=neutral, PublicKeyToken=null" namespace="SubSonic.Tests" type="SubSonic.Tests.CodeGeneratorTests" member="CodeGen2_VBRunSPTemplate" />
                  <codeLocation path="C:\data\SubsonicRoot\ss2\SubSonic.Tests\CodeGeneratorTests.cs" line="93" />
                  <metadata>
                    <entry key="TestKind">
                      <value>Test</value>
                    </entry>
                  </metadata>
                  <children />
                  <parameters />
                </test>
              </children>
              <parameters />
            </test>
            <test id="babe4e099f85aa64" name="SugarTests" fullName="SubSonic.Tests/SugarTests" isTestCase="false">
              <codeReference assembly="SubSonic.Tests, Version=2.2.1.0, Culture=neutral, PublicKeyToken=null" namespace="SubSonic.Tests" type="SubSonic.Tests.SugarTests" />
              <codeLocation path="C:\data\SubsonicRoot\ss2\SubSonic.Tests\SugarTests.cs" />
              <metadata>
                <entry key="TestKind">
                  <value>Fixture</value>
                </entry>
              </metadata>
              <children>
                <test id="af2b9a98fb7c9a0a" name="Numbers_IsNumeric" fullName="SubSonic.Tests/SugarTests/Numbers_IsNumeric" isTestCase="true">
                  <codeReference assembly="SubSonic.Tests, Version=2.2.1.0, Culture=neutral, PublicKeyToken=null" namespace="SubSonic.Tests" type="SubSonic.Tests.SugarTests" member="Numbers_IsNumeric" />
                  <codeLocation path="C:\data\SubsonicRoot\ss2\SubSonic.Tests\SugarTests.cs" line="46" />
                  <metadata>
                    <entry key="TestKind">
                      <value>Test</value>
                    </entry>
                  </metadata>
                  <children />
                  <parameters />
                </test>
                <test id="c69717b4d30d292a" name="Dates_DaysAgo" fullName="SubSonic.Tests/SugarTests/Dates_DaysAgo" isTestCase="true">
                  <codeReference assembly="SubSonic.Tests, Version=2.2.1.0, Culture=neutral, PublicKeyToken=null" namespace="SubSonic.Tests" type="SubSonic.Tests.SugarTests" member="Dates_DaysAgo" />
                  <codeLocation path="C:\data\SubsonicRoot\ss2\SubSonic.Tests\SugarTests.cs" line="33" />
                  <metadata>
                    <entry key="TestKind">
                      <value>Test</value>
                    </entry>
                  </metadata>
                  <children />
                  <parameters />
                </test>
                <test id="9d1f3b426e0830d0" name="Numbers_IsInteger" fullName="SubSonic.Tests/SugarTests/Numbers_IsInteger" isTestCase="true">
                  <codeReference assembly="SubSonic.Tests, Version=2.2.1.0, Culture=neutral, PublicKeyToken=null" namespace="SubSonic.Tests" type="SubSonic.Tests.SugarTests" member="Numbers_IsInteger" />
                  <codeLocation path="C:\data\SubsonicRoot\ss2\SubSonic.Tests\SugarTests.cs" line="66" />
                  <metadata>
                    <entry key="TestKind">
                      <value>Test</value>
                    </entry>
                  </metadata>
                  <children />
                  <parameters />
                </test>
                <test id="d3f05500890def04" name="Validation_IsCreditCardAny" fullName="SubSonic.Tests/SugarTests/Validation_IsCreditCardAny" isTestCase="true">
                  <codeReference assembly="SubSonic.Tests, Version=2.2.1.0, Culture=neutral, PublicKeyToken=null" namespace="SubSonic.Tests" type="SubSonic.Tests.SugarTests" member="Validation_IsCreditCardAny" />
                  <codeLocation path="C:\data\SubsonicRoot\ss2\SubSonic.Tests\SugarTests.cs" line="155" />
                  <metadata>
                    <entry key="TestKind">
                      <value>Test</value>
                    </entry>
                  </metadata>
                  <children />
                  <parameters>
                    <parameter id="d3f05500890def04@creditCardNumber" name="creditCardNumber">
                      <codeReference assembly="SubSonic.Tests, Version=2.2.1.0, Culture=neutral, PublicKeyToken=null" namespace="SubSonic.Tests" type="SubSonic.Tests.SugarTests" member="Validation_IsCreditCardAny" parameter="creditCardNumber" />
                      <codeLocation />
                      <metadata />
                    </parameter>
                    <parameter id="d3f05500890def04@expected" name="expected">
                      <codeReference assembly="SubSonic.Tests, Version=2.2.1.0, Culture=neutral, PublicKeyToken=null" namespace="SubSonic.Tests" type="SubSonic.Tests.SugarTests" member="Validation_IsCreditCardAny" parameter="expected" />
                      <codeLocation />
                      <metadata />
                    </parameter>
                  </parameters>
                </test>
                <test id="d6b2470982053183" name="Dates_ReadableDiff" fullName="SubSonic.Tests/SugarTests/Dates_ReadableDiff" isTestCase="true">
                  <codeReference assembly="SubSonic.Tests, Version=2.2.1.0, Culture=neutral, PublicKeyToken=null" namespace="SubSonic.Tests" type="SubSonic.Tests.SugarTests" member="Dates_ReadableDiff" />
                  <codeLocation path="C:\data\SubsonicRoot\ss2\SubSonic.Tests\SugarTests.cs" line="121" />
                  <metadata>
                    <entry key="TestKind">
                      <value>Test</value>
                    </entry>
                  </metadata>
                  <children />
                  <parameters>
                    <parameter id="d6b2470982053183@startTime" name="startTime">
                      <codeReference assembly="SubSonic.Tests, Version=2.2.1.0, Culture=neutral, PublicKeyToken=null" namespace="SubSonic.Tests" type="SubSonic.Tests.SugarTests" member="Dates_ReadableDiff" parameter="startTime" />
                      <codeLocation />
                      <metadata />
                    </parameter>
                    <parameter id="d6b2470982053183@endTime" name="endTime">
                      <codeReference assembly="SubSonic.Tests, Version=2.2.1.0, Culture=neutral, PublicKeyToken=null" namespace="SubSonic.Tests" type="SubSonic.Tests.SugarTests" member="Dates_ReadableDiff" parameter="endTime" />
                      <codeLocation />
                      <metadata />
                    </parameter>
                    <parameter id="d6b2470982053183@expected" name="expected">
                      <codeReference assembly="SubSonic.Tests, Version=2.2.1.0, Culture=neutral, PublicKeyToken=null" namespace="SubSonic.Tests" type="SubSonic.Tests.SugarTests" member="Dates_ReadableDiff" parameter="expected" />
                      <codeLocation />
                      <metadata />
                    </parameter>
                  </parameters>
                </test>
                <test id="465b4d4accd38006" name="Strings_IsAlpha" fullName="SubSonic.Tests/SugarTests/Strings_IsAlpha" isTestCase="true">
                  <codeReference assembly="SubSonic.Tests, Version=2.2.1.0, Culture=neutral, PublicKeyToken=null" namespace="SubSonic.Tests" type="SubSonic.Tests.SugarTests" member="Strings_IsAlpha" />
                  <codeLocation path="C:\data\SubsonicRoot\ss2\SubSonic.Tests\SugarTests.cs" line="82" />
                  <metadata>
                    <entry key="TestKind">
                      <value>Test</value>
                    </entry>
                  </metadata>
                  <children />
                  <parameters />
                </test>
              </children>
              <parameters />
            </test>
            <test id="ac150421ef5e6b01" name="MySqlTests" fullName="SubSonic.Tests/MySqlTests" isTestCase="false">
              <codeReference assembly="SubSonic.Tests, Version=2.2.1.0, Culture=neutral, PublicKeyToken=null" namespace="SubSonic.Tests" type="SubSonic.Tests.MySqlTests" />
              <codeLocation path="C:\data\SubsonicRoot\ss2\SubSonic.Tests\MySqlTests.cs" />
              <metadata>
                <entry key="TestKind">
                  <value>Fixture</value>
                </entry>
              </metadata>
              <children>
                <test id="be8622380961903f" name="CorrectSchemaLoad" fullName="SubSonic.Tests/MySqlTests/CorrectSchemaLoad" isTestCase="true">
                  <codeReference assembly="SubSonic.Tests, Version=2.2.1.0, Culture=neutral, PublicKeyToken=null" namespace="SubSonic.Tests" type="SubSonic.Tests.MySqlTests" member="CorrectSchemaLoad" />
                  <codeLocation path="C:\data\SubsonicRoot\ss2\SubSonic.Tests\MySqlTests.cs" line="28" />
                  <metadata>
                    <entry key="TestKind">
                      <value>Test</value>
                    </entry>
                  </metadata>
                  <children />
                  <parameters />
                </test>
              </children>
              <parameters />
            </test>
            <test id="a4b3d38ff5d95786" name="InlineQueryTests" fullName="SubSonic.Tests/InlineQueryTests" isTestCase="false">
              <codeReference assembly="SubSonic.Tests, Version=2.2.1.0, Culture=neutral, PublicKeyToken=null" namespace="SubSonic.Tests.SqlQuery" type="SubSonic.Tests.SqlQuery.InlineQueryTests" />
              <codeLocation path="C:\data\SubsonicRoot\ss2\SubSonic.Tests\SqlQuery\InlineQueryTests.cs" />
              <metadata>
                <entry key="TestKind">
                  <value>Fixture</value>
                </entry>
              </metadata>
              <children>
                <test id="701cd850fa67c6c9" name="Inline_Simple" fullName="SubSonic.Tests/InlineQueryTests/Inline_Simple" isTestCase="true">
                  <codeReference assembly="SubSonic.Tests, Version=2.2.1.0, Culture=neutral, PublicKeyToken=null" namespace="SubSonic.Tests.SqlQuery" type="SubSonic.Tests.SqlQuery.InlineQueryTests" member="Inline_Simple" />
                  <codeLocation path="C:\data\SubsonicRoot\ss2\SubSonic.Tests\SqlQuery\InlineQueryTests.cs" line="27" />
                  <metadata>
                    <entry key="TestKind">
                      <value>Test</value>
                    </entry>
                  </metadata>
                  <children />
                  <parameters />
                </test>
                <test id="505820a5874ad648" name="Inline_AsCollection" fullName="SubSonic.Tests/InlineQueryTests/Inline_AsCollection" isTestCase="true">
                  <codeReference assembly="SubSonic.Tests, Version=2.2.1.0, Culture=neutral, PublicKeyToken=null" namespace="SubSonic.Tests.SqlQuery" type="SubSonic.Tests.SqlQuery.InlineQueryTests" member="Inline_AsCollection" />
                  <codeLocation path="C:\data\SubsonicRoot\ss2\SubSonic.Tests\SqlQuery\InlineQueryTests.cs" line="43" />
                  <metadata>
                    <entry key="TestKind">
                      <value>Test</value>
                    </entry>
                  </metadata>
                  <children />
                  <parameters />
                </test>
                <test id="888f3066ed2a4bc1" name="Inline_WithCommands" fullName="SubSonic.Tests/InlineQueryTests/Inline_WithCommands" isTestCase="true">
                  <codeReference assembly="SubSonic.Tests, Version=2.2.1.0, Culture=neutral, PublicKeyToken=null" namespace="SubSonic.Tests.SqlQuery" type="SubSonic.Tests.SqlQuery.InlineQueryTests" member="Inline_WithCommands" />
                  <codeLocation path="C:\data\SubsonicRoot\ss2\SubSonic.Tests\SqlQuery\InlineQueryTests.cs" line="34" />
                  <metadata>
                    <entry key="TestKind">
                      <value>Test</value>
                    </entry>
                  </metadata>
                  <children />
                  <parameters />
                </test>
              </children>
              <parameters />
            </test>
            <test id="5bc31031dabd1cc3" name="MigrationTests" fullName="SubSonic.Tests/MigrationTests" isTestCase="false">
              <codeReference assembly="SubSonic.Tests, Version=2.2.1.0, Culture=neutral, PublicKeyToken=null" namespace="SubSonic.Tests.Migrations" type="SubSonic.Tests.Migrations.MigrationTests" />
              <codeLocation path="C:\data\SubsonicRoot\ss2\SubSonic.Tests\Migrations\MigrationTests.cs" />
              <metadata>
                <entry key="TestKind">
                  <value>Fixture</value>
                </entry>
              </metadata>
              <children>
                <test id="4191394411848969" name="CreateTable_Should_Allow_Char3_As_PrimaryKey" fullName="SubSonic.Tests/MigrationTests/CreateTable_Should_Allow_Char3_As_PrimaryKey" isTestCase="true">
                  <codeReference assembly="SubSonic.Tests, Version=2.2.1.0, Culture=neutral, PublicKeyToken=null" namespace="SubSonic.Tests.Migrations" type="SubSonic.Tests.Migrations.MigrationTests" member="CreateTable_Should_Allow_Char3_As_PrimaryKey" />
                  <codeLocation path="C:\data\SubsonicRoot\ss2\SubSonic.Tests\Migrations\MigrationTests.cs" line="286" />
                  <metadata>
                    <entry key="TestKind">
                      <value>Test</value>
                    </entry>
                  </metadata>
                  <children />
                  <parameters />
                </test>
                <test id="4abcbd35596f771b" name="MigrationMySql" fullName="SubSonic.Tests/MigrationTests/MigrationMySql" isTestCase="true">
                  <codeReference assembly="SubSonic.Tests, Version=2.2.1.0, Culture=neutral, PublicKeyToken=null" namespace="SubSonic.Tests.Migrations" type="SubSonic.Tests.Migrations.MigrationTests" member="MigrationMySql" />
                  <codeLocation path="C:\data\SubsonicRoot\ss2\SubSonic.Tests\Migrations\MigrationTests.cs" line="265" />
                  <metadata>
                    <entry key="TestKind">
                      <value>Test</value>
                    </entry>
                  </metadata>
                  <children />
                  <parameters />
                </test>
                <test id="6ad5e975aee08ddf" name="MigrationGenerateCreateTablesSql" fullName="SubSonic.Tests/MigrationTests/MigrationGenerateCreateTablesSql" isTestCase="true">
                  <codeReference assembly="SubSonic.Tests, Version=2.2.1.0, Culture=neutral, PublicKeyToken=null" namespace="SubSonic.Tests.Migrations" type="SubSonic.Tests.Migrations.MigrationTests" member="MigrationGenerateCreateTablesSql" />
                  <codeLocation path="C:\data\SubsonicRoot\ss2\SubSonic.Tests\Migrations\MigrationTests.cs" line="18" />
                  <metadata>
                    <entry key="TestKind">
                      <value>Test</value>
                    </entry>
                  </metadata>
                  <children />
                  <parameters />
                </test>
                <test id="fca4a854339d17cf" name="Dual_ForeignKey_Relationships_ShouldBe_Possible_From_One_To_Many" fullName="SubSonic.Tests/MigrationTests/Dual_ForeignKey_Relationships_ShouldBe_Possible_From_One_To_Many" isTestCase="true">
                  <codeReference assembly="SubSonic.Tests, Version=2.2.1.0, Culture=neutral, PublicKeyToken=null" namespace="SubSonic.Tests.Migrations" type="SubSonic.Tests.Migrations.MigrationTests" member="Dual_ForeignKey_Relationships_ShouldBe_Possible_From_One_To_Many" />
                  <codeLocation path="C:\data\SubsonicRoot\ss2\SubSonic.Tests\Migrations\MigrationTests.cs" line="310" />
                  <metadata>
                    <entry key="TestKind">
                      <value>Test</value>
                    </entry>
                  </metadata>
                  <children />
                  <parameters />
                </test>
                <test id="71cebd88972a170d" name="MigrateDownFromZero" fullName="SubSonic.Tests/MigrationTests/MigrateDownFromZero" isTestCase="true">
                  <codeReference assembly="SubSonic.Tests, Version=2.2.1.0, Culture=neutral, PublicKeyToken=null" namespace="SubSonic.Tests.Migrations" type="SubSonic.Tests.Migrations.MigrationTests" member="MigrateDownFromZero" />
                  <codeLocation path="C:\data\SubsonicRoot\ss2\SubSonic.Tests\Migrations\MigrationTests.cs" line="69" />
                  <metadata>
                    <entry key="TestKind">
                      <value>Test</value>
                    </entry>
                  </metadata>
                  <children />
                  <parameters />
                </test>
                <test id="bd66417745aec781" name="MigrateUpDownNegative1" fullName="SubSonic.Tests/MigrationTests/MigrateUpDownNegative1" isTestCase="true">
                  <codeReference assembly="SubSonic.Tests, Version=2.2.1.0, Culture=neutral, PublicKeyToken=null" namespace="SubSonic.Tests.Migrations" type="SubSonic.Tests.Migrations.MigrationTests" member="MigrateUpDownNegative1" />
                  <codeLocation path="C:\data\SubsonicRoot\ss2\SubSonic.Tests\Migrations\MigrationTests.cs" line="79" />
                  <metadata>
                    <entry key="TestKind">
                      <value>Test</value>
                    </entry>
                  </metadata>
                  <children />
                  <parameters />
                </test>
                <test id="79ec5c9c7b50141d" name="MigrationUpDown" fullName="SubSonic.Tests/MigrationTests/MigrationUpDown" isTestCase="true">
                  <codeReference assembly="SubSonic.Tests, Version=2.2.1.0, Culture=neutral, PublicKeyToken=null" namespace="SubSonic.Tests.Migrations" type="SubSonic.Tests.Migrations.MigrationTests" member="MigrationUpDown" />
                  <codeLocation path="C:\data\SubsonicRoot\ss2\SubSonic.Tests\Migrations\MigrationTests.cs" line="102" />
                  <metadata>
                    <entry key="TestKind">
                      <value>Test</value>
                    </entry>
                  </metadata>
                  <children />
                  <parameters />
                </test>
                <test id="1989de16e4cda26b" name="MigrationGenerateDropTablesSql" fullName="SubSonic.Tests/MigrationTests/MigrationGenerateDropTablesSql" isTestCase="true">
                  <codeReference assembly="SubSonic.Tests, Version=2.2.1.0, Culture=neutral, PublicKeyToken=null" namespace="SubSonic.Tests.Migrations" type="SubSonic.Tests.Migrations.MigrationTests" member="MigrationGenerateDropTablesSql" />
                  <codeLocation path="C:\data\SubsonicRoot\ss2\SubSonic.Tests\Migrations\MigrationTests.cs" line="29" />
                  <metadata>
                    <entry key="TestKind">
                      <value>Test</value>
                    </entry>
                  </metadata>
                  <children />
                  <parameters />
                </test>
                <test id="fc1403bbd9c21f26" name="Migration_SQL_Generation_AddRemoveColumns" fullName="SubSonic.Tests/MigrationTests/Migration_SQL_Generation_AddRemoveColumns" isTestCase="true">
                  <codeReference assembly="SubSonic.Tests, Version=2.2.1.0, Culture=neutral, PublicKeyToken=null" namespace="SubSonic.Tests.Migrations" type="SubSonic.Tests.Migrations.MigrationTests" member="Migration_SQL_Generation_AddRemoveColumns" />
                  <codeLocation path="C:\data\SubsonicRoot\ss2\SubSonic.Tests\Migrations\MigrationTests.cs" line="41" />
                  <metadata>
                    <entry key="TestKind">
                      <value>Test</value>
                    </entry>
                  </metadata>
                  <children />
                  <parameters />
                </test>
                <test id="c1db2d4e72754f2c" name="MigrationUpwithErrors" fullName="SubSonic.Tests/MigrationTests/MigrationUpwithErrors" isTestCase="true">
                  <codeReference assembly="SubSonic.Tests, Version=2.2.1.0, Culture=neutral, PublicKeyToken=null" namespace="SubSonic.Tests.Migrations" type="SubSonic.Tests.Migrations.MigrationTests" member="MigrationUpwithErrors" />
                  <codeLocation path="C:\data\SubsonicRoot\ss2\SubSonic.Tests\Migrations\MigrationTests.cs" line="127" />
                  <metadata>
                    <entry key="TestKind">
                      <value>Test</value>
                    </entry>
                  </metadata>
                  <children />
                  <parameters />
                </test>
                <test id="68b84e1f9a9c2bc8" name="MigrationShouldExecMultipleMigrations" fullName="SubSonic.Tests/MigrationTests/MigrationShouldExecMultipleMigrations" isTestCase="true">
                  <codeReference assembly="SubSonic.Tests, Version=2.2.1.0, Culture=neutral, PublicKeyToken=null" namespace="SubSonic.Tests.Migrations" type="SubSonic.Tests.Migrations.MigrationTests" member="MigrationShouldExecMultipleMigrations" />
                  <codeLocation path="C:\data\SubsonicRoot\ss2\SubSonic.Tests\Migrations\MigrationTests.cs" line="205" />
                  <metadata>
                    <entry key="TestKind">
                      <value>Test</value>
                    </entry>
                  </metadata>
                  <children />
                  <parameters />
                </test>
                <test id="9b9ec6dd8cf18626" name="MigrationOnDispose" fullName="SubSonic.Tests/MigrationTests/MigrationOnDispose" isTestCase="true">
                  <codeReference assembly="SubSonic.Tests, Version=2.2.1.0, Culture=neutral, PublicKeyToken=null" namespace="SubSonic.Tests.Migrations" type="SubSonic.Tests.Migrations.MigrationTests" member="MigrationOnDispose" />
                  <codeLocation path="C:\data\SubsonicRoot\ss2\SubSonic.Tests\Migrations\MigrationTests.cs" line="232" />
                  <metadata>
                    <entry key="TestKind">
                      <value>Test</value>
                    </entry>
                  </metadata>
                  <children />
                  <parameters />
                </test>
                <test id="bca569c17d71b8ce" name="MigrationExecute" fullName="SubSonic.Tests/MigrationTests/MigrationExecute" isTestCase="true">
                  <codeReference assembly="SubSonic.Tests, Version=2.2.1.0, Culture=neutral, PublicKeyToken=null" namespace="SubSonic.Tests.Migrations" type="SubSonic.Tests.Migrations.MigrationTests" member="MigrationExecute" />
                  <codeLocation path="C:\data\SubsonicRoot\ss2\SubSonic.Tests\Migrations\MigrationTests.cs" line="250" />
                  <metadata>
                    <entry key="TestKind">
                      <value>Test</value>
                    </entry>
                  </metadata>
                  <children />
                  <parameters />
                </test>
                <test id="941fe2e0ac31211e" name="MigrationAlterColumn" fullName="SubSonic.Tests/MigrationTests/MigrationAlterColumn" isTestCase="true">
                  <codeReference assembly="SubSonic.Tests, Version=2.2.1.0, Culture=neutral, PublicKeyToken=null" namespace="SubSonic.Tests.Migrations" type="SubSonic.Tests.Migrations.MigrationTests" member="MigrationAlterColumn" />
                  <codeLocation path="C:\data\SubsonicRoot\ss2\SubSonic.Tests\Migrations\MigrationTests.cs" line="148" />
                  <metadata>
                    <entry key="TestKind">
                      <value>Test</value>
                    </entry>
                  </metadata>
                  <children />
                  <parameters />
                </test>
                <test id="5fbd30d8d3c730d4" name="MigrationAddRemoveColumns" fullName="SubSonic.Tests/MigrationTests/MigrationAddRemoveColumns" isTestCase="true">
                  <codeReference assembly="SubSonic.Tests, Version=2.2.1.0, Culture=neutral, PublicKeyToken=null" namespace="SubSonic.Tests.Migrations" type="SubSonic.Tests.Migrations.MigrationTests" member="MigrationAddRemoveColumns" />
                  <codeLocation path="C:\data\SubsonicRoot\ss2\SubSonic.Tests\Migrations\MigrationTests.cs" line="171" />
                  <metadata>
                    <entry key="TestKind">
                      <value>Test</value>
                    </entry>
                  </metadata>
                  <children />
                  <parameters />
                </test>
                <test id="cfe29af00870094c" name="MigrationShouldCreateAndDropTestTable" fullName="SubSonic.Tests/MigrationTests/MigrationShouldCreateAndDropTestTable" isTestCase="true">
                  <codeReference assembly="SubSonic.Tests, Version=2.2.1.0, Culture=neutral, PublicKeyToken=null" namespace="SubSonic.Tests.Migrations" type="SubSonic.Tests.Migrations.MigrationTests" member="MigrationShouldCreateAndDropTestTable" />
                  <codeLocation path="C:\data\SubsonicRoot\ss2\SubSonic.Tests\Migrations\MigrationTests.cs" line="184" />
                  <metadata>
                    <entry key="TestKind">
                      <value>Test</value>
                    </entry>
                  </metadata>
                  <children />
                  <parameters />
                </test>
              </children>
              <parameters />
            </test>
          </children>
          <parameters />
        </test>
      </children>
      <parameters />
    </test>
    <annotations />
  </testModel>
  <testPackageRun startTime="2011-08-05T15:48:18.4930955+09:30" endTime="2011-08-05T15:48:52.0399705+09:30">
    <testStepRun startTime="2011-08-05T15:48:21.7587205+09:30" endTime="2011-08-05T15:48:52.0399705+09:30">
      <testStep id="9a5cae45d9701ec2" name="Root" fullName="" testId="c2722843734a7a54" isPrimary="true" isTestCase="false" isDynamic="false">
        <codeReference />
        <codeLocation />
        <metadata>
          <entry key="TestKind">
            <value>Root</value>
          </entry>
        </metadata>
      </testStep>
      <children>
        <testStepRun startTime="2011-08-05T15:48:21.7743455+09:30" endTime="2011-08-05T15:48:50.4305955+09:30">
          <testStep id="122d7b0bc1e0ffd5" name="SubSonic.Tests" fullName="SubSonic.Tests" testId="af69a8159bbce33b" isPrimary="true" isTestCase="false" isDynamic="false">
            <codeReference assembly="SubSonic.Tests, Version=2.2.1.0, Culture=neutral, PublicKeyToken=null" />
            <codeLocation path="C:\data\SubsonicRoot\ss2\SubSonic.Tests\bin\Debug\SubSonic.Tests.DLL" />
            <metadata>
              <entry key="TestKind">
                <value>MbUnit v3 Assembly</value>
              </entry>
              <entry key="File">
                <value>C:\data\SubsonicRoot\ss2\SubSonic.Tests\bin\Debug\SubSonic.Tests.DLL</value>
              </entry>
              <entry key="CodeBase">
                <value>C:\data\SubsonicRoot\ss2\SubSonic.Tests\bin\Debug\SubSonic.Tests.DLL</value>
              </entry>
              <entry key="Copyright">
                <value>Copyright Â©2006-2009 The SubSonic Project</value>
              </entry>
              <entry key="FileVersion">
                <value>2.2.1.0</value>
              </entry>
              <entry key="Product">
                <value>SubSonic.Tests</value>
              </entry>
              <entry key="Title">
                <value>SubSonic.Tests</value>
              </entry>
              <entry key="Version">
                <value>2.2.1.0</value>
              </entry>
              <entry key="Framework">
                <value>MbUnit v3.2 build 749</value>
              </entry>
            </metadata>
          </testStep>
          <children>
            <testStepRun startTime="2011-08-05T15:48:21.7743455+09:30" endTime="2011-08-05T15:48:28.2587205+09:30">
              <testStep id="2eff2c84f2b1795e" name="ActiveListTests" fullName="SubSonic.Tests/ActiveListTests" testId="bc7166f99ef30223" isPrimary="true" isTestCase="false" isDynamic="false">
                <codeReference assembly="SubSonic.Tests, Version=2.2.1.0, Culture=neutral, PublicKeyToken=null" namespace="SubSonic.Tests" type="SubSonic.Tests.ActiveListTests" />
                <codeLocation path="C:\data\SubsonicRoot\ss2\SubSonic.Tests\ActiveListTests.cs" />
                <metadata>
                  <entry key="TestKind">
                    <value>Fixture</value>
                  </entry>
                </metadata>
              </testStep>
              <children>
                <testStepRun startTime="2011-08-05T15:48:21.7743455+09:30" endTime="2011-08-05T15:48:25.3524705+09:30">
                  <testStep id="4ad9f5959450df46" name="BatchSaveInsert" fullName="SubSonic.Tests/ActiveListTests/BatchSaveInsert" testId="59081e8fe33bad22" isPrimary="true" isTestCase="true" isDynamic="false">
                    <codeReference assembly="SubSonic.Tests, Version=2.2.1.0, Culture=neutral, PublicKeyToken=null" namespace="SubSonic.Tests" type="SubSonic.Tests.ActiveListTests" member="BatchSaveInsert" />
                    <codeLocation path="C:\data\SubsonicRoot\ss2\SubSonic.Tests\ActiveListTests.cs" line="51" />
                    <metadata>
                      <entry key="TestKind">
                        <value>Test</value>
                      </entry>
                    </metadata>
                  </testStep>
                  <children />
                  <result assertCount="1" duration="3.5936405999999996">
                    <outcome status="failed" />
                  </result>
                  <testLog>
                    <streams>
                      <stream name="Failures">
                        <body>
                          <contents>
                            <section name="Execute">
                              <contents>
                                <marker class="Exception">
                                  <contents>
                                    <marker class="ExceptionType">
                                      <contents>
                                        <text><![CDATA[System.Data.SqlClient.SqlException]]></text>
                                      </contents>
                                      <attributes />
                                    </marker>
                                    <text><![CDATA[: ]]></text>
                                    <marker class="ExceptionMessage">
                                      <contents>
                                        <text><![CDATA[Incorrect syntax near the keyword 'ORDER'.]]></text>
                                      </contents>
                                      <attributes />
                                    </marker>
                                    <text><![CDATA[
]]></text>
                                    <marker class="ExceptionPropertyName">
                                      <contents>
                                        <text><![CDATA[Errors]]></text>
                                      </contents>
                                      <attributes />
                                    </marker>
                                    <text><![CDATA[: ]]></text>
                                    <marker class="ExceptionPropertyValue">
                                      <contents>
                                        <text><![CDATA[System.Data.SqlClient.SqlErrorCollection]]></text>
                                      </contents>
                                      <attributes />
                                    </marker>
                                    <text><![CDATA[
]]></text>
                                    <marker class="ExceptionPropertyName">
                                      <contents>
                                        <text><![CDATA[Class]]></text>
                                      </contents>
                                      <attributes />
                                    </marker>
                                    <text><![CDATA[: ]]></text>
                                    <marker class="ExceptionPropertyValue">
                                      <contents>
                                        <text><![CDATA[15]]></text>
                                      </contents>
                                      <attributes />
                                    </marker>
                                    <text><![CDATA[
]]></text>
                                    <marker class="ExceptionPropertyName">
                                      <contents>
                                        <text><![CDATA[LineNumber]]></text>
                                      </contents>
                                      <attributes />
                                    </marker>
                                    <text><![CDATA[: ]]></text>
                                    <marker class="ExceptionPropertyValue">
                                      <contents>
                                        <text><![CDATA[1]]></text>
                                      </contents>
                                      <attributes />
                                    </marker>
                                    <text><![CDATA[
]]></text>
                                    <marker class="ExceptionPropertyName">
                                      <contents>
                                        <text><![CDATA[Number]]></text>
                                      </contents>
                                      <attributes />
                                    </marker>
                                    <text><![CDATA[: ]]></text>
                                    <marker class="ExceptionPropertyValue">
                                      <contents>
                                        <text><![CDATA[156]]></text>
                                      </contents>
                                      <attributes />
                                    </marker>
                                    <text><![CDATA[
]]></text>
                                    <marker class="ExceptionPropertyName">
                                      <contents>
                                        <text><![CDATA[Procedure]]></text>
                                      </contents>
                                      <attributes />
                                    </marker>
                                    <text><![CDATA[: ]]></text>
                                    <marker class="ExceptionPropertyValue">
                                      <contents />
                                      <attributes />
                                    </marker>
                                    <text><![CDATA[
]]></text>
                                    <marker class="ExceptionPropertyName">
                                      <contents>
                                        <text><![CDATA[Server]]></text>
                                      </contents>
                                      <attributes />
                                    </marker>
                                    <text><![CDATA[: ]]></text>
                                    <marker class="ExceptionPropertyValue">
                                      <contents>
                                        <text><![CDATA[ANAXIMANDER\SQLEXPRESS]]></text>
                                      </contents>
                                      <attributes />
                                    </marker>
                                    <text><![CDATA[
]]></text>
                                    <marker class="ExceptionPropertyName">
                                      <contents>
                                        <text><![CDATA[State]]></text>
                                      </contents>
                                      <attributes />
                                    </marker>
                                    <text><![CDATA[: ]]></text>
                                    <marker class="ExceptionPropertyValue">
                                      <contents>
                                        <text><![CDATA[1]]></text>
                                      </contents>
                                      <attributes />
                                    </marker>
                                    <text><![CDATA[
]]></text>
                                    <marker class="ExceptionPropertyName">
                                      <contents>
                                        <text><![CDATA[ErrorCode]]></text>
                                      </contents>
                                      <attributes />
                                    </marker>
                                    <text><![CDATA[: ]]></text>
                                    <marker class="ExceptionPropertyValue">
                                      <contents>
                                        <text><![CDATA[-2146232060]]></text>
                                      </contents>
                                      <attributes />
                                    </marker>
                                    <text><![CDATA[
]]></text>
                                    <marker class="StackTrace">
                                      <contents>
                                        <text><![CDATA[   at System.Data.SqlClient.SqlConnection.OnError(SqlException exception, Boolean breakConnection)
   at System.Data.SqlClient.SqlInternalConnection.OnError(SqlException exception, Boolean breakConnection)
   at System.Data.SqlClient.TdsParser.ThrowExceptionAndWarning(TdsParserStateObject stateObj)
   at System.Data.SqlClient.TdsParser.Run(RunBehavior runBehavior, SqlCommand cmdHandler, SqlDataReader dataStream, BulkCopySimpleResultSet bulkCopyHandler, TdsParserStateObject stateObj)
   at System.Data.SqlClient.SqlDataReader.ConsumeMetaData()
   at System.Data.SqlClient.SqlDataReader.get_MetaData()
   at System.Data.SqlClient.SqlCommand.FinishExecuteReader(SqlDataReader ds, RunBehavior runBehavior, String resetOptionsString)
   at System.Data.SqlClient.SqlCommand.RunExecuteReaderTds(CommandBehavior cmdBehavior, RunBehavior runBehavior, Boolean returnStream, Boolean async)
   at System.Data.SqlClient.SqlCommand.RunExecuteReader(CommandBehavior cmdBehavior, RunBehavior runBehavior, Boolean returnStream, String method, DbAsyncResult result)
   at System.Data.SqlClient.SqlCommand.RunExecuteReader(CommandBehavior cmdBehavior, RunBehavior runBehavior, Boolean returnStream, String method)
   at System.Data.SqlClient.SqlCommand.ExecuteReader(CommandBehavior behavior, String method)
   at System.Data.SqlClient.SqlCommand.ExecuteReader(CommandBehavior behavior)
   at SubSonic.SqlDataProvider.GetReader(QueryCommand qry) in ]]></text>
                                        <marker class="CodeLocation">
                                          <contents>
                                            <text><![CDATA[C:\data\SubsonicRoot\ss2\SubSonic\DataProviders\SqlDataProvider.cs:line 384]]></text>
                                          </contents>
                                          <attributes>
                                            <attribute name="line" value="384" />
                                            <attribute name="path" value="C:\data\SubsonicRoot\ss2\SubSonic\DataProviders\SqlDataProvider.cs" />
                                          </attributes>
                                        </marker>
                                        <text><![CDATA[
   at SubSonic.DataService.GetReader(QueryCommand cmd) in ]]></text>
                                        <marker class="CodeLocation">
                                          <contents>
                                            <text><![CDATA[C:\data\SubsonicRoot\ss2\SubSonic\DataProviders\DataService.cs:line 506]]></text>
                                          </contents>
                                          <attributes>
                                            <attribute name="line" value="506" />
                                            <attribute name="path" value="C:\data\SubsonicRoot\ss2\SubSonic\DataProviders\DataService.cs" />
                                          </attributes>
                                        </marker>
                                        <text><![CDATA[
   at SubSonic.ReadOnlyRecord`1.FetchByParameter(String columnName, Comparison comparison, Object oValue) in ]]></text>
                                        <marker class="CodeLocation">
                                          <contents>
                                            <text><![CDATA[C:\data\SubsonicRoot\ss2\SubSonic\ActiveRecord\ReadOnlyRecord.cs:line 287]]></text>
                                          </contents>
                                          <attributes>
                                            <attribute name="line" value="287" />
                                            <attribute name="path" value="C:\data\SubsonicRoot\ss2\SubSonic\ActiveRecord\ReadOnlyRecord.cs" />
                                          </attributes>
                                        </marker>
                                        <text><![CDATA[
   at SubSonic.Tests.ActiveListTests.BatchSaveInsert() in ]]></text>
                                        <marker class="CodeLocation">
                                          <contents>
                                            <text><![CDATA[C:\data\SubsonicRoot\ss2\SubSonic.Tests\ActiveListTests.cs:line 56]]></text>
                                          </contents>
                                          <attributes>
                                            <attribute name="line" value="56" />
                                            <attribute name="path" value="C:\data\SubsonicRoot\ss2\SubSonic.Tests\ActiveListTests.cs" />
                                          </attributes>
                                        </marker>
                                      </contents>
                                      <attributes />
                                    </marker>
                                  </contents>
                                  <attributes />
                                </marker>
                              </contents>
                            </section>
                          </contents>
                        </body>
                      </stream>
                    </streams>
                    <attachments />
                  </testLog>
                </testStepRun>
                <testStepRun startTime="2011-08-05T15:48:25.3680955+09:30" endTime="2011-08-05T15:48:26.3680955+09:30">
                  <testStep id="18dea8cf42fd57fe" name="BatchSaveUpdate" fullName="SubSonic.Tests/ActiveListTests/BatchSaveUpdate" testId="c10c3bb6a31302d5" isPrimary="true" isTestCase="true" isDynamic="false">
                    <codeReference assembly="SubSonic.Tests, Version=2.2.1.0, Culture=neutral, PublicKeyToken=null" namespace="SubSonic.Tests" type="SubSonic.Tests.ActiveListTests" member="BatchSaveUpdate" />
                    <codeLocation path="C:\data\SubsonicRoot\ss2\SubSonic.Tests\ActiveListTests.cs" line="130" />
                    <metadata>
                      <entry key="TestKind">
                        <value>Test</value>
                      </entry>
                    </metadata>
                  </testStep>
                  <children />
                  <result assertCount="1" duration="0.9261168">
                    <outcome status="failed" />
                  </result>
                  <testLog>
                    <streams>
                      <stream name="Failures">
                        <body>
                          <contents>
                            <section name="Execute">
                              <contents>
                                <marker class="Exception">
                                  <contents>
                                    <marker class="ExceptionType">
                                      <contents>
                                        <text><![CDATA[System.Data.SqlClient.SqlException]]></text>
                                      </contents>
                                      <attributes />
                                    </marker>
                                    <text><![CDATA[: ]]></text>
                                    <marker class="ExceptionMessage">
                                      <contents>
                                        <text><![CDATA[Incorrect syntax near the keyword 'ORDER'.]]></text>
                                      </contents>
                                      <attributes />
                                    </marker>
                                    <text><![CDATA[
]]></text>
                                    <marker class="ExceptionPropertyName">
                                      <contents>
                                        <text><![CDATA[Errors]]></text>
                                      </contents>
                                      <attributes />
                                    </marker>
                                    <text><![CDATA[: ]]></text>
                                    <marker class="ExceptionPropertyValue">
                                      <contents>
                                        <text><![CDATA[System.Data.SqlClient.SqlErrorCollection]]></text>
                                      </contents>
                                      <attributes />
                                    </marker>
                                    <text><![CDATA[
]]></text>
                                    <marker class="ExceptionPropertyName">
                                      <contents>
                                        <text><![CDATA[Class]]></text>
                                      </contents>
                                      <attributes />
                                    </marker>
                                    <text><![CDATA[: ]]></text>
                                    <marker class="ExceptionPropertyValue">
                                      <contents>
                                        <text><![CDATA[15]]></text>
                                      </contents>
                                      <attributes />
                                    </marker>
                                    <text><![CDATA[
]]></text>
                                    <marker class="ExceptionPropertyName">
                                      <contents>
                                        <text><![CDATA[LineNumber]]></text>
                                      </contents>
                                      <attributes />
                                    </marker>
                                    <text><![CDATA[: ]]></text>
                                    <marker class="ExceptionPropertyValue">
                                      <contents>
                                        <text><![CDATA[1]]></text>
                                      </contents>
                                      <attributes />
                                    </marker>
                                    <text><![CDATA[
]]></text>
                                    <marker class="ExceptionPropertyName">
                                      <contents>
                                        <text><![CDATA[Number]]></text>
                                      </contents>
                                      <attributes />
                                    </marker>
                                    <text><![CDATA[: ]]></text>
                                    <marker class="ExceptionPropertyValue">
                                      <contents>
                                        <text><![CDATA[156]]></text>
                                      </contents>
                                      <attributes />
                                    </marker>
                                    <text><![CDATA[
]]></text>
                                    <marker class="ExceptionPropertyName">
                                      <contents>
                                        <text><![CDATA[Procedure]]></text>
                                      </contents>
                                      <attributes />
                                    </marker>
                                    <text><![CDATA[: ]]></text>
                                    <marker class="ExceptionPropertyValue">
                                      <contents />
                                      <attributes />
                                    </marker>
                                    <text><![CDATA[
]]></text>
                                    <marker class="ExceptionPropertyName">
                                      <contents>
                                        <text><![CDATA[Server]]></text>
                                      </contents>
                                      <attributes />
                                    </marker>
                                    <text><![CDATA[: ]]></text>
                                    <marker class="ExceptionPropertyValue">
                                      <contents>
                                        <text><![CDATA[ANAXIMANDER\SQLEXPRESS]]></text>
                                      </contents>
                                      <attributes />
                                    </marker>
                                    <text><![CDATA[
]]></text>
                                    <marker class="ExceptionPropertyName">
                                      <contents>
                                        <text><![CDATA[State]]></text>
                                      </contents>
                                      <attributes />
                                    </marker>
                                    <text><![CDATA[: ]]></text>
                                    <marker class="ExceptionPropertyValue">
                                      <contents>
                                        <text><![CDATA[1]]></text>
                                      </contents>
                                      <attributes />
                                    </marker>
                                    <text><![CDATA[
]]></text>
                                    <marker class="ExceptionPropertyName">
                                      <contents>
                                        <text><![CDATA[ErrorCode]]></text>
                                      </contents>
                                      <attributes />
                                    </marker>
                                    <text><![CDATA[: ]]></text>
                                    <marker class="ExceptionPropertyValue">
                                      <contents>
                                        <text><![CDATA[-2146232060]]></text>
                                      </contents>
                                      <attributes />
                                    </marker>
                                    <text><![CDATA[
]]></text>
                                    <marker class="StackTrace">
                                      <contents>
                                        <text><![CDATA[   at System.Data.SqlClient.SqlConnection.OnError(SqlException exception, Boolean breakConnection)
   at System.Data.SqlClient.SqlInternalConnection.OnError(SqlException exception, Boolean breakConnection)
   at System.Data.SqlClient.TdsParser.ThrowExceptionAndWarning(TdsParserStateObject stateObj)
   at System.Data.SqlClient.TdsParser.Run(RunBehavior runBehavior, SqlCommand cmdHandler, SqlDataReader dataStream, BulkCopySimpleResultSet bulkCopyHandler, TdsParserStateObject stateObj)
   at System.Data.SqlClient.SqlDataReader.ConsumeMetaData()
   at System.Data.SqlClient.SqlDataReader.get_MetaData()
   at System.Data.SqlClient.SqlCommand.FinishExecuteReader(SqlDataReader ds, RunBehavior runBehavior, String resetOptionsString)
   at System.Data.SqlClient.SqlCommand.RunExecuteReaderTds(CommandBehavior cmdBehavior, RunBehavior runBehavior, Boolean returnStream, Boolean async)
   at System.Data.SqlClient.SqlCommand.RunExecuteReader(CommandBehavior cmdBehavior, RunBehavior runBehavior, Boolean returnStream, String method, DbAsyncResult result)
   at System.Data.SqlClient.SqlCommand.RunExecuteReader(CommandBehavior cmdBehavior, RunBehavior runBehavior, Boolean returnStream, String method)
   at System.Data.SqlClient.SqlCommand.ExecuteReader(CommandBehavior behavior, String method)
   at System.Data.SqlClient.SqlCommand.ExecuteReader(CommandBehavior behavior)
   at SubSonic.SqlDataProvider.GetReader(QueryCommand qry) in ]]></text>
                                        <marker class="CodeLocation">
                                          <contents>
                                            <text><![CDATA[C:\data\SubsonicRoot\ss2\SubSonic\DataProviders\SqlDataProvider.cs:line 384]]></text>
                                          </contents>
                                          <attributes>
                                            <attribute name="line" value="384" />
                                            <attribute name="path" value="C:\data\SubsonicRoot\ss2\SubSonic\DataProviders\SqlDataProvider.cs" />
                                          </attributes>
                                        </marker>
                                        <text><![CDATA[
   at SubSonic.DataService.GetReader(QueryCommand cmd) in ]]></text>
                                        <marker class="CodeLocation">
                                          <contents>
                                            <text><![CDATA[C:\data\SubsonicRoot\ss2\SubSonic\DataProviders\DataService.cs:line 506]]></text>
                                          </contents>
                                          <attributes>
                                            <attribute name="line" value="506" />
                                            <attribute name="path" value="C:\data\SubsonicRoot\ss2\SubSonic\DataProviders\DataService.cs" />
                                          </attributes>
                                        </marker>
                                        <text><![CDATA[
   at SubSonic.ReadOnlyRecord`1.FetchByParameter(String columnName, Comparison comparison, Object oValue) in ]]></text>
                                        <marker class="CodeLocation">
                                          <contents>
                                            <text><![CDATA[C:\data\SubsonicRoot\ss2\SubSonic\ActiveRecord\ReadOnlyRecord.cs:line 287]]></text>
                                          </contents>
                                          <attributes>
                                            <attribute name="line" value="287" />
                                            <attribute name="path" value="C:\data\SubsonicRoot\ss2\SubSonic\ActiveRecord\ReadOnlyRecord.cs" />
                                          </attributes>
                                        </marker>
                                        <text><![CDATA[
   at SubSonic.Tests.ActiveListTests.FetchProductCollection() in ]]></text>
                                        <marker class="CodeLocation">
                                          <contents>
                                            <text><![CDATA[C:\data\SubsonicRoot\ss2\SubSonic.Tests\ActiveListTests.cs:line 208]]></text>
                                          </contents>
                                          <attributes>
                                            <attribute name="line" value="208" />
                                            <attribute name="path" value="C:\data\SubsonicRoot\ss2\SubSonic.Tests\ActiveListTests.cs" />
                                          </attributes>
                                        </marker>
                                        <text><![CDATA[
   at SubSonic.Tests.ActiveListTests.BatchSaveUpdate() in ]]></text>
                                        <marker class="CodeLocation">
                                          <contents>
                                            <text><![CDATA[C:\data\SubsonicRoot\ss2\SubSonic.Tests\ActiveListTests.cs:line 134]]></text>
                                          </contents>
                                          <attributes>
                                            <attribute name="line" value="134" />
                                            <attribute name="path" value="C:\data\SubsonicRoot\ss2\SubSonic.Tests\ActiveListTests.cs" />
                                          </attributes>
                                        </marker>
                                      </contents>
                                      <attributes />
                                    </marker>
                                  </contents>
                                  <attributes />
                                </marker>
                              </contents>
                            </section>
                          </contents>
                        </body>
                      </stream>
                    </streams>
                    <attachments />
                  </testLog>
                </testStepRun>
                <testStepRun startTime="2011-08-05T15:48:26.3837205+09:30" endTime="2011-08-05T15:48:27.2587205+09:30">
                  <testStep id="17b76d67626a0441" name="BatchSaveUpdateNoChanges" fullName="SubSonic.Tests/ActiveListTests/BatchSaveUpdateNoChanges" testId="a1003a1d129446b2" isPrimary="true" isTestCase="true" isDynamic="false">
                    <codeReference assembly="SubSonic.Tests, Version=2.2.1.0, Culture=neutral, PublicKeyToken=null" namespace="SubSonic.Tests" type="SubSonic.Tests.ActiveListTests" member="BatchSaveUpdateNoChanges" />
                    <codeLocation path="C:\data\SubsonicRoot\ss2\SubSonic.Tests\ActiveListTests.cs" line="152" />
                    <metadata>
                      <entry key="TestKind">
                        <value>Test</value>
                      </entry>
                    </metadata>
                  </testStep>
                  <children />
                  <result assertCount="1" duration="0.9751168">
                    <outcome status="failed" />
                  </result>
                  <testLog>
                    <streams>
                      <stream name="Failures">
                        <body>
                          <contents>
                            <section name="Execute">
                              <contents>
                                <marker class="Exception">
                                  <contents>
                                    <marker class="ExceptionType">
                                      <contents>
                                        <text><![CDATA[System.Data.SqlClient.SqlException]]></text>
                                      </contents>
                                      <attributes />
                                    </marker>
                                    <text><![CDATA[: ]]></text>
                                    <marker class="ExceptionMessage">
                                      <contents>
                                        <text><![CDATA[Incorrect syntax near the keyword 'ORDER'.]]></text>
                                      </contents>
                                      <attributes />
                                    </marker>
                                    <text><![CDATA[
]]></text>
                                    <marker class="ExceptionPropertyName">
                                      <contents>
                                        <text><![CDATA[Errors]]></text>
                                      </contents>
                                      <attributes />
                                    </marker>
                                    <text><![CDATA[: ]]></text>
                                    <marker class="ExceptionPropertyValue">
                                      <contents>
                                        <text><![CDATA[System.Data.SqlClient.SqlErrorCollection]]></text>
                                      </contents>
                                      <attributes />
                                    </marker>
                                    <text><![CDATA[
]]></text>
                                    <marker class="ExceptionPropertyName">
                                      <contents>
                                        <text><![CDATA[Class]]></text>
                                      </contents>
                                      <attributes />
                                    </marker>
                                    <text><![CDATA[: ]]></text>
                                    <marker class="ExceptionPropertyValue">
                                      <contents>
                                        <text><![CDATA[15]]></text>
                                      </contents>
                                      <attributes />
                                    </marker>
                                    <text><![CDATA[
]]></text>
                                    <marker class="ExceptionPropertyName">
                                      <contents>
                                        <text><![CDATA[LineNumber]]></text>
                                      </contents>
                                      <attributes />
                                    </marker>
                                    <text><![CDATA[: ]]></text>
                                    <marker class="ExceptionPropertyValue">
                                      <contents>
                                        <text><![CDATA[1]]></text>
                                      </contents>
                                      <attributes />
                                    </marker>
                                    <text><![CDATA[
]]></text>
                                    <marker class="ExceptionPropertyName">
                                      <contents>
                                        <text><![CDATA[Number]]></text>
                                      </contents>
                                      <attributes />
                                    </marker>
                                    <text><![CDATA[: ]]></text>
                                    <marker class="ExceptionPropertyValue">
                                      <contents>
                                        <text><![CDATA[156]]></text>
                                      </contents>
                                      <attributes />
                                    </marker>
                                    <text><![CDATA[
]]></text>
                                    <marker class="ExceptionPropertyName">
                                      <contents>
                                        <text><![CDATA[Procedure]]></text>
                                      </contents>
                                      <attributes />
                                    </marker>
                                    <text><![CDATA[: ]]></text>
                                    <marker class="ExceptionPropertyValue">
                                      <contents />
                                      <attributes />
                                    </marker>
                                    <text><![CDATA[
]]></text>
                                    <marker class="ExceptionPropertyName">
                                      <contents>
                                        <text><![CDATA[Server]]></text>
                                      </contents>
                                      <attributes />
                                    </marker>
                                    <text><![CDATA[: ]]></text>
                                    <marker class="ExceptionPropertyValue">
                                      <contents>
                                        <text><![CDATA[ANAXIMANDER\SQLEXPRESS]]></text>
                                      </contents>
                                      <attributes />
                                    </marker>
                                    <text><![CDATA[
]]></text>
                                    <marker class="ExceptionPropertyName">
                                      <contents>
                                        <text><![CDATA[State]]></text>
                                      </contents>
                                      <attributes />
                                    </marker>
                                    <text><![CDATA[: ]]></text>
                                    <marker class="ExceptionPropertyValue">
                                      <contents>
                                        <text><![CDATA[1]]></text>
                                      </contents>
                                      <attributes />
                                    </marker>
                                    <text><![CDATA[
]]></text>
                                    <marker class="ExceptionPropertyName">
                                      <contents>
                                        <text><![CDATA[ErrorCode]]></text>
                                      </contents>
                                      <attributes />
                                    </marker>
                                    <text><![CDATA[: ]]></text>
                                    <marker class="ExceptionPropertyValue">
                                      <contents>
                                        <text><![CDATA[-2146232060]]></text>
                                      </contents>
                                      <attributes />
                                    </marker>
                                    <text><![CDATA[
]]></text>
                                    <marker class="StackTrace">
                                      <contents>
                                        <text><![CDATA[   at System.Data.SqlClient.SqlConnection.OnError(SqlException exception, Boolean breakConnection)
   at System.Data.SqlClient.SqlInternalConnection.OnError(SqlException exception, Boolean breakConnection)
   at System.Data.SqlClient.TdsParser.ThrowExceptionAndWarning(TdsParserStateObject stateObj)
   at System.Data.SqlClient.TdsParser.Run(RunBehavior runBehavior, SqlCommand cmdHandler, SqlDataReader dataStream, BulkCopySimpleResultSet bulkCopyHandler, TdsParserStateObject stateObj)
   at System.Data.SqlClient.SqlDataReader.ConsumeMetaData()
   at System.Data.SqlClient.SqlDataReader.get_MetaData()
   at System.Data.SqlClient.SqlCommand.FinishExecuteReader(SqlDataReader ds, RunBehavior runBehavior, String resetOptionsString)
   at System.Data.SqlClient.SqlCommand.RunExecuteReaderTds(CommandBehavior cmdBehavior, RunBehavior runBehavior, Boolean returnStream, Boolean async)
   at System.Data.SqlClient.SqlCommand.RunExecuteReader(CommandBehavior cmdBehavior, RunBehavior runBehavior, Boolean returnStream, String method, DbAsyncResult result)
   at System.Data.SqlClient.SqlCommand.RunExecuteReader(CommandBehavior cmdBehavior, RunBehavior runBehavior, Boolean returnStream, String method)
   at System.Data.SqlClient.SqlCommand.ExecuteReader(CommandBehavior behavior, String method)
   at System.Data.SqlClient.SqlCommand.ExecuteReader(CommandBehavior behavior)
   at SubSonic.SqlDataProvider.GetReader(QueryCommand qry) in ]]></text>
                                        <marker class="CodeLocation">
                                          <contents>
                                            <text><![CDATA[C:\data\SubsonicRoot\ss2\SubSonic\DataProviders\SqlDataProvider.cs:line 384]]></text>
                                          </contents>
                                          <attributes>
                                            <attribute name="line" value="384" />
                                            <attribute name="path" value="C:\data\SubsonicRoot\ss2\SubSonic\DataProviders\SqlDataProvider.cs" />
                                          </attributes>
                                        </marker>
                                        <text><![CDATA[
   at SubSonic.DataService.GetReader(QueryCommand cmd) in ]]></text>
                                        <marker class="CodeLocation">
                                          <contents>
                                            <text><![CDATA[C:\data\SubsonicRoot\ss2\SubSonic\DataProviders\DataService.cs:line 506]]></text>
                                          </contents>
                                          <attributes>
                                            <attribute name="line" value="506" />
                                            <attribute name="path" value="C:\data\SubsonicRoot\ss2\SubSonic\DataProviders\DataService.cs" />
                                          </attributes>
                                        </marker>
                                        <text><![CDATA[
   at SubSonic.ReadOnlyRecord`1.FetchByParameter(String columnName, Comparison comparison, Object oValue) in ]]></text>
                                        <marker class="CodeLocation">
                                          <contents>
                                            <text><![CDATA[C:\data\SubsonicRoot\ss2\SubSonic\ActiveRecord\ReadOnlyRecord.cs:line 287]]></text>
                                          </contents>
                                          <attributes>
                                            <attribute name="line" value="287" />
                                            <attribute name="path" value="C:\data\SubsonicRoot\ss2\SubSonic\ActiveRecord\ReadOnlyRecord.cs" />
                                          </attributes>
                                        </marker>
                                        <text><![CDATA[
   at SubSonic.Tests.ActiveListTests.FetchProductCollection() in ]]></text>
                                        <marker class="CodeLocation">
                                          <contents>
                                            <text><![CDATA[C:\data\SubsonicRoot\ss2\SubSonic.Tests\ActiveListTests.cs:line 208]]></text>
                                          </contents>
                                          <attributes>
                                            <attribute name="line" value="208" />
                                            <attribute name="path" value="C:\data\SubsonicRoot\ss2\SubSonic.Tests\ActiveListTests.cs" />
                                          </attributes>
                                        </marker>
                                        <text><![CDATA[
   at SubSonic.Tests.ActiveListTests.BatchSaveUpdateNoChanges() in ]]></text>
                                        <marker class="CodeLocation">
                                          <contents>
                                            <text><![CDATA[C:\data\SubsonicRoot\ss2\SubSonic.Tests\ActiveListTests.cs:line 156]]></text>
                                          </contents>
                                          <attributes>
                                            <attribute name="line" value="156" />
                                            <attribute name="path" value="C:\data\SubsonicRoot\ss2\SubSonic.Tests\ActiveListTests.cs" />
                                          </attributes>
                                        </marker>
                                      </contents>
                                      <attributes />
                                    </marker>
                                  </contents>
                                  <attributes />
                                </marker>
                              </contents>
                            </section>
                          </contents>
                        </body>
                      </stream>
                    </streams>
                    <attachments />
                  </testLog>
                </testStepRun>
                <testStepRun startTime="2011-08-05T15:48:27.2587205+09:30" endTime="2011-08-05T15:48:28.1024705+09:30">
                  <testStep id="742e50fe3c833660" name="DeferredDelete" fullName="SubSonic.Tests/ActiveListTests/DeferredDelete" testId="828dd42707b21bbe" isPrimary="true" isTestCase="true" isDynamic="false">
                    <codeReference assembly="SubSonic.Tests, Version=2.2.1.0, Culture=neutral, PublicKeyToken=null" namespace="SubSonic.Tests" type="SubSonic.Tests.ActiveListTests" member="DeferredDelete" />
                    <codeLocation path="C:\data\SubsonicRoot\ss2\SubSonic.Tests\ActiveListTests.cs" line="66" />
                    <metadata>
                      <entry key="TestKind">
                        <value>Test</value>
                      </entry>
                    </metadata>
                  </testStep>
                  <children />
                  <result assertCount="1" duration="0.84256239999999993">
                    <outcome status="failed" />
                  </result>
                  <testLog>
                    <streams>
                      <stream name="Failures">
                        <body>
                          <contents>
                            <section name="Execute">
                              <contents>
                                <marker class="Exception">
                                  <contents>
                                    <marker class="ExceptionType">
                                      <contents>
                                        <text><![CDATA[System.Data.SqlClient.SqlException]]></text>
                                      </contents>
                                      <attributes />
                                    </marker>
                                    <text><![CDATA[: ]]></text>
                                    <marker class="ExceptionMessage">
                                      <contents>
                                        <text><![CDATA[Incorrect syntax near the keyword 'ORDER'.]]></text>
                                      </contents>
                                      <attributes />
                                    </marker>
                                    <text><![CDATA[
]]></text>
                                    <marker class="ExceptionPropertyName">
                                      <contents>
                                        <text><![CDATA[Errors]]></text>
                                      </contents>
                                      <attributes />
                                    </marker>
                                    <text><![CDATA[: ]]></text>
                                    <marker class="ExceptionPropertyValue">
                                      <contents>
                                        <text><![CDATA[System.Data.SqlClient.SqlErrorCollection]]></text>
                                      </contents>
                                      <attributes />
                                    </marker>
                                    <text><![CDATA[
]]></text>
                                    <marker class="ExceptionPropertyName">
                                      <contents>
                                        <text><![CDATA[Class]]></text>
                                      </contents>
                                      <attributes />
                                    </marker>
                                    <text><![CDATA[: ]]></text>
                                    <marker class="ExceptionPropertyValue">
                                      <contents>
                                        <text><![CDATA[15]]></text>
                                      </contents>
                                      <attributes />
                                    </marker>
                                    <text><![CDATA[
]]></text>
                                    <marker class="ExceptionPropertyName">
                                      <contents>
                                        <text><![CDATA[LineNumber]]></text>
                                      </contents>
                                      <attributes />
                                    </marker>
                                    <text><![CDATA[: ]]></text>
                                    <marker class="ExceptionPropertyValue">
                                      <contents>
                                        <text><![CDATA[1]]></text>
                                      </contents>
                                      <attributes />
                                    </marker>
                                    <text><![CDATA[
]]></text>
                                    <marker class="ExceptionPropertyName">
                                      <contents>
                                        <text><![CDATA[Number]]></text>
                                      </contents>
                                      <attributes />
                                    </marker>
                                    <text><![CDATA[: ]]></text>
                                    <marker class="ExceptionPropertyValue">
                                      <contents>
                                        <text><![CDATA[156]]></text>
                                      </contents>
                                      <attributes />
                                    </marker>
                                    <text><![CDATA[
]]></text>
                                    <marker class="ExceptionPropertyName">
                                      <contents>
                                        <text><![CDATA[Procedure]]></text>
                                      </contents>
                                      <attributes />
                                    </marker>
                                    <text><![CDATA[: ]]></text>
                                    <marker class="ExceptionPropertyValue">
                                      <contents />
                                      <attributes />
                                    </marker>
                                    <text><![CDATA[
]]></text>
                                    <marker class="ExceptionPropertyName">
                                      <contents>
                                        <text><![CDATA[Server]]></text>
                                      </contents>
                                      <attributes />
                                    </marker>
                                    <text><![CDATA[: ]]></text>
                                    <marker class="ExceptionPropertyValue">
                                      <contents>
                                        <text><![CDATA[ANAXIMANDER\SQLEXPRESS]]></text>
                                      </contents>
                                      <attributes />
                                    </marker>
                                    <text><![CDATA[
]]></text>
                                    <marker class="ExceptionPropertyName">
                                      <contents>
                                        <text><![CDATA[State]]></text>
                                      </contents>
                                      <attributes />
                                    </marker>
                                    <text><![CDATA[: ]]></text>
                                    <marker class="ExceptionPropertyValue">
                                      <contents>
                                        <text><![CDATA[1]]></text>
                                      </contents>
                                      <attributes />
                                    </marker>
                                    <text><![CDATA[
]]></text>
                                    <marker class="ExceptionPropertyName">
                                      <contents>
                                        <text><![CDATA[ErrorCode]]></text>
                                      </contents>
                                      <attributes />
                                    </marker>
                                    <text><![CDATA[: ]]></text>
                                    <marker class="ExceptionPropertyValue">
                                      <contents>
                                        <text><![CDATA[-2146232060]]></text>
                                      </contents>
                                      <attributes />
                                    </marker>
                                    <text><![CDATA[
]]></text>
                                    <marker class="StackTrace">
                                      <contents>
                                        <text><![CDATA[   at System.Data.SqlClient.SqlConnection.OnError(SqlException exception, Boolean breakConnection)
   at System.Data.SqlClient.SqlInternalConnection.OnError(SqlException exception, Boolean breakConnection)
   at System.Data.SqlClient.TdsParser.ThrowExceptionAndWarning(TdsParserStateObject stateObj)
   at System.Data.SqlClient.TdsParser.Run(RunBehavior runBehavior, SqlCommand cmdHandler, SqlDataReader dataStream, BulkCopySimpleResultSet bulkCopyHandler, TdsParserStateObject stateObj)
   at System.Data.SqlClient.SqlDataReader.ConsumeMetaData()
   at System.Data.SqlClient.SqlDataReader.get_MetaData()
   at System.Data.SqlClient.SqlCommand.FinishExecuteReader(SqlDataReader ds, RunBehavior runBehavior, String resetOptionsString)
   at System.Data.SqlClient.SqlCommand.RunExecuteReaderTds(CommandBehavior cmdBehavior, RunBehavior runBehavior, Boolean returnStream, Boolean async)
   at System.Data.SqlClient.SqlCommand.RunExecuteReader(CommandBehavior cmdBehavior, RunBehavior runBehavior, Boolean returnStream, String method, DbAsyncResult result)
   at System.Data.SqlClient.SqlCommand.RunExecuteReader(CommandBehavior cmdBehavior, RunBehavior runBehavior, Boolean returnStream, String method)
   at System.Data.SqlClient.SqlCommand.ExecuteReader(CommandBehavior behavior, String method)
   at System.Data.SqlClient.SqlCommand.ExecuteReader(CommandBehavior behavior)
   at SubSonic.SqlDataProvider.GetReader(QueryCommand qry) in ]]></text>
                                        <marker class="CodeLocation">
                                          <contents>
                                            <text><![CDATA[C:\data\SubsonicRoot\ss2\SubSonic\DataProviders\SqlDataProvider.cs:line 384]]></text>
                                          </contents>
                                          <attributes>
                                            <attribute name="line" value="384" />
                                            <attribute name="path" value="C:\data\SubsonicRoot\ss2\SubSonic\DataProviders\SqlDataProvider.cs" />
                                          </attributes>
                                        </marker>
                                        <text><![CDATA[
   at SubSonic.DataService.GetReader(QueryCommand cmd) in ]]></text>
                                        <marker class="CodeLocation">
                                          <contents>
                                            <text><![CDATA[C:\data\SubsonicRoot\ss2\SubSonic\DataProviders\DataService.cs:line 506]]></text>
                                          </contents>
                                          <attributes>
                                            <attribute name="line" value="506" />
                                            <attribute name="path" value="C:\data\SubsonicRoot\ss2\SubSonic\DataProviders\DataService.cs" />
                                          </attributes>
                                        </marker>
                                        <text><![CDATA[
   at SubSonic.ReadOnlyRecord`1.FetchByParameter(String columnName, Comparison comparison, Object oValue) in ]]></text>
                                        <marker class="CodeLocation">
                                          <contents>
                                            <text><![CDATA[C:\data\SubsonicRoot\ss2\SubSonic\ActiveRecord\ReadOnlyRecord.cs:line 287]]></text>
                                          </contents>
                                          <attributes>
                                            <attribute name="line" value="287" />
                                            <attribute name="path" value="C:\data\SubsonicRoot\ss2\SubSonic\ActiveRecord\ReadOnlyRecord.cs" />
                                          </attributes>
                                        </marker>
                                        <text><![CDATA[
   at SubSonic.Tests.ActiveListTests.DeferredDelete() in ]]></text>
                                        <marker class="CodeLocation">
                                          <contents>
                                            <text><![CDATA[C:\data\SubsonicRoot\ss2\SubSonic.Tests\ActiveListTests.cs:line 71]]></text>
                                          </contents>
                                          <attributes>
                                            <attribute name="line" value="71" />
                                            <attribute name="path" value="C:\data\SubsonicRoot\ss2\SubSonic.Tests\ActiveListTests.cs" />
                                          </attributes>
                                        </marker>
                                      </contents>
                                      <attributes />
                                    </marker>
                                  </contents>
                                  <attributes />
                                </marker>
                              </contents>
                            </section>
                          </contents>
                        </body>
                      </stream>
                    </streams>
                    <attachments />
                  </testLog>
                </testStepRun>
                <testStepRun startTime="2011-08-05T15:48:28.1180955+09:30" endTime="2011-08-05T15:48:28.2274705+09:30">
                  <testStep id="465baa4c75b42851" name="ListSerialization" fullName="SubSonic.Tests/ActiveListTests/ListSerialization" testId="dc06ea3eb5ecffc" isPrimary="true" isTestCase="true" isDynamic="false">
                    <codeReference assembly="SubSonic.Tests, Version=2.2.1.0, Culture=neutral, PublicKeyToken=null" namespace="SubSonic.Tests" type="SubSonic.Tests.ActiveListTests" member="ListSerialization" />
                    <codeLocation path="C:\data\SubsonicRoot\ss2\SubSonic.Tests\ActiveListTests.cs" line="173" />
                    <metadata>
                      <entry key="TestKind">
                        <value>Test</value>
                      </entry>
                    </metadata>
                  </testStep>
                  <children />
                  <result assertCount="0" duration="0.0274932">
                    <outcome status="failed" />
                  </result>
                  <testLog>
                    <streams>
                      <stream name="Failures">
                        <body>
                          <contents>
                            <section name="Execute">
                              <contents>
                                <marker class="Exception">
                                  <contents>
                                    <marker class="ExceptionType">
                                      <contents>
                                        <text><![CDATA[System.Data.SqlClient.SqlException]]></text>
                                      </contents>
                                      <attributes />
                                    </marker>
                                    <text><![CDATA[: ]]></text>
                                    <marker class="ExceptionMessage">
                                      <contents>
                                        <text><![CDATA[Incorrect syntax near the keyword 'ORDER'.]]></text>
                                      </contents>
                                      <attributes />
                                    </marker>
                                    <text><![CDATA[
]]></text>
                                    <marker class="ExceptionPropertyName">
                                      <contents>
                                        <text><![CDATA[Errors]]></text>
                                      </contents>
                                      <attributes />
                                    </marker>
                                    <text><![CDATA[: ]]></text>
                                    <marker class="ExceptionPropertyValue">
                                      <contents>
                                        <text><![CDATA[System.Data.SqlClient.SqlErrorCollection]]></text>
                                      </contents>
                                      <attributes />
                                    </marker>
                                    <text><![CDATA[
]]></text>
                                    <marker class="ExceptionPropertyName">
                                      <contents>
                                        <text><![CDATA[Class]]></text>
                                      </contents>
                                      <attributes />
                                    </marker>
                                    <text><![CDATA[: ]]></text>
                                    <marker class="ExceptionPropertyValue">
                                      <contents>
                                        <text><![CDATA[15]]></text>
                                      </contents>
                                      <attributes />
                                    </marker>
                                    <text><![CDATA[
]]></text>
                                    <marker class="ExceptionPropertyName">
                                      <contents>
                                        <text><![CDATA[LineNumber]]></text>
                                      </contents>
                                      <attributes />
                                    </marker>
                                    <text><![CDATA[: ]]></text>
                                    <marker class="ExceptionPropertyValue">
                                      <contents>
                                        <text><![CDATA[1]]></text>
                                      </contents>
                                      <attributes />
                                    </marker>
                                    <text><![CDATA[
]]></text>
                                    <marker class="ExceptionPropertyName">
                                      <contents>
                                        <text><![CDATA[Number]]></text>
                                      </contents>
                                      <attributes />
                                    </marker>
                                    <text><![CDATA[: ]]></text>
                                    <marker class="ExceptionPropertyValue">
                                      <contents>
                                        <text><![CDATA[156]]></text>
                                      </contents>
                                      <attributes />
                                    </marker>
                                    <text><![CDATA[
]]></text>
                                    <marker class="ExceptionPropertyName">
                                      <contents>
                                        <text><![CDATA[Procedure]]></text>
                                      </contents>
                                      <attributes />
                                    </marker>
                                    <text><![CDATA[: ]]></text>
                                    <marker class="ExceptionPropertyValue">
                                      <contents />
                                      <attributes />
                                    </marker>
                                    <text><![CDATA[
]]></text>
                                    <marker class="ExceptionPropertyName">
                                      <contents>
                                        <text><![CDATA[Server]]></text>
                                      </contents>
                                      <attributes />
                                    </marker>
                                    <text><![CDATA[: ]]></text>
                                    <marker class="ExceptionPropertyValue">
                                      <contents>
                                        <text><![CDATA[ANAXIMANDER\SQLEXPRESS]]></text>
                                      </contents>
                                      <attributes />
                                    </marker>
                                    <text><![CDATA[
]]></text>
                                    <marker class="ExceptionPropertyName">
                                      <contents>
                                        <text><![CDATA[State]]></text>
                                      </contents>
                                      <attributes />
                                    </marker>
                                    <text><![CDATA[: ]]></text>
                                    <marker class="ExceptionPropertyValue">
                                      <contents>
                                        <text><![CDATA[1]]></text>
                                      </contents>
                                      <attributes />
                                    </marker>
                                    <text><![CDATA[
]]></text>
                                    <marker class="ExceptionPropertyName">
                                      <contents>
                                        <text><![CDATA[ErrorCode]]></text>
                                      </contents>
                                      <attributes />
                                    </marker>
                                    <text><![CDATA[: ]]></text>
                                    <marker class="ExceptionPropertyValue">
                                      <contents>
                                        <text><![CDATA[-2146232060]]></text>
                                      </contents>
                                      <attributes />
                                    </marker>
                                    <text><![CDATA[
]]></text>
                                    <marker class="StackTrace">
                                      <contents>
                                        <text><![CDATA[   at System.Data.SqlClient.SqlConnection.OnError(SqlException exception, Boolean breakConnection)
   at System.Data.SqlClient.SqlInternalConnection.OnError(SqlException exception, Boolean breakConnection)
   at System.Data.SqlClient.TdsParser.ThrowExceptionAndWarning(TdsParserStateObject stateObj)
   at System.Data.SqlClient.TdsParser.Run(RunBehavior runBehavior, SqlCommand cmdHandler, SqlDataReader dataStream, BulkCopySimpleResultSet bulkCopyHandler, TdsParserStateObject stateObj)
   at System.Data.SqlClient.SqlDataReader.ConsumeMetaData()
   at System.Data.SqlClient.SqlDataReader.get_MetaData()
   at System.Data.SqlClient.SqlCommand.FinishExecuteReader(SqlDataReader ds, RunBehavior runBehavior, String resetOptionsString)
   at System.Data.SqlClient.SqlCommand.RunExecuteReaderTds(CommandBehavior cmdBehavior, RunBehavior runBehavior, Boolean returnStream, Boolean async)
   at System.Data.SqlClient.SqlCommand.RunExecuteReader(CommandBehavior cmdBehavior, RunBehavior runBehavior, Boolean returnStream, String method, DbAsyncResult result)
   at System.Data.SqlClient.SqlCommand.RunExecuteReader(CommandBehavior cmdBehavior, RunBehavior runBehavior, Boolean returnStream, String method)
   at System.Data.SqlClient.SqlCommand.ExecuteReader(CommandBehavior behavior, String method)
   at System.Data.SqlClient.SqlCommand.ExecuteReader(CommandBehavior behavior)
   at SubSonic.SqlDataProvider.GetReader(QueryCommand qry) in ]]></text>
                                        <marker class="CodeLocation">
                                          <contents>
                                            <text><![CDATA[C:\data\SubsonicRoot\ss2\SubSonic\DataProviders\SqlDataProvider.cs:line 384]]></text>
                                          </contents>
                                          <attributes>
                                            <attribute name="line" value="384" />
                                            <attribute name="path" value="C:\data\SubsonicRoot\ss2\SubSonic\DataProviders\SqlDataProvider.cs" />
                                          </attributes>
                                        </marker>
                                        <text><![CDATA[
   at SubSonic.DataService.GetReader(QueryCommand cmd) in ]]></text>
                                        <marker class="CodeLocation">
                                          <contents>
                                            <text><![CDATA[C:\data\SubsonicRoot\ss2\SubSonic\DataProviders\DataService.cs:line 506]]></text>
                                          </contents>
                                          <attributes>
                                            <attribute name="line" value="506" />
                                            <attribute name="path" value="C:\data\SubsonicRoot\ss2\SubSonic\DataProviders\DataService.cs" />
                                          </attributes>
                                        </marker>
                                        <text><![CDATA[
   at SubSonic.ReadOnlyRecord`1.FetchByParameter(String columnName, Comparison comparison, Object oValue) in ]]></text>
                                        <marker class="CodeLocation">
                                          <contents>
                                            <text><![CDATA[C:\data\SubsonicRoot\ss2\SubSonic\ActiveRecord\ReadOnlyRecord.cs:line 287]]></text>
                                          </contents>
                                          <attributes>
                                            <attribute name="line" value="287" />
                                            <attribute name="path" value="C:\data\SubsonicRoot\ss2\SubSonic\ActiveRecord\ReadOnlyRecord.cs" />
                                          </attributes>
                                        </marker>
                                        <text><![CDATA[
   at SubSonic.Tests.ActiveListTests.FetchProductCollection() in ]]></text>
                                        <marker class="CodeLocation">
                                          <contents>
                                            <text><![CDATA[C:\data\SubsonicRoot\ss2\SubSonic.Tests\ActiveListTests.cs:line 208]]></text>
                                          </contents>
                                          <attributes>
                                            <attribute name="line" value="208" />
                                            <attribute name="path" value="C:\data\SubsonicRoot\ss2\SubSonic.Tests\ActiveListTests.cs" />
                                          </attributes>
                                        </marker>
                                        <text><![CDATA[
   at SubSonic.Tests.ActiveListTests.ListSerialization() in ]]></text>
                                        <marker class="CodeLocation">
                                          <contents>
                                            <text><![CDATA[C:\data\SubsonicRoot\ss2\SubSonic.Tests\ActiveListTests.cs:line 174]]></text>
                                          </contents>
                                          <attributes>
                                            <attribute name="line" value="174" />
                                            <attribute name="path" value="C:\data\SubsonicRoot\ss2\SubSonic.Tests\ActiveListTests.cs" />
                                          </attributes>
                                        </marker>
                                      </contents>
                                      <attributes />
                                    </marker>
                                  </contents>
                                  <attributes />
                                </marker>
                              </contents>
                            </section>
                          </contents>
                        </body>
                      </stream>
                    </streams>
                    <attachments />
                  </testLog>
                </testStepRun>
                <testStepRun startTime="2011-08-05T15:48:28.2274705+09:30" endTime="2011-08-05T15:48:28.2587205+09:30">
                  <testStep id="d8db7c61cfefeca1" name="ListTHelper" fullName="SubSonic.Tests/ActiveListTests/ListTHelper" testId="c63e43da4f9829e6" isPrimary="true" isTestCase="true" isDynamic="false">
                    <codeReference assembly="SubSonic.Tests, Version=2.2.1.0, Culture=neutral, PublicKeyToken=null" namespace="SubSonic.Tests" type="SubSonic.Tests.ActiveListTests" member="ListTHelper" />
                    <codeLocation path="C:\data\SubsonicRoot\ss2\SubSonic.Tests\ActiveListTests.cs" line="88" />
                    <metadata>
                      <entry key="TestKind">
                        <value>Test</value>
                      </entry>
                    </metadata>
                  </testStep>
                  <children />
                  <result assertCount="3" duration="0.0695211">
                    <outcome status="passed" />
                  </result>
                  <testLog>
                    <streams />
                    <attachments />
                  </testLog>
                </testStepRun>
              </children>
              <result assertCount="7" duration="6.5299413">
                <outcome status="failed" />
              </result>
              <testLog>
                <streams />
                <attachments />
              </testLog>
            </testStepRun>
            <testStepRun startTime="2011-08-05T15:48:28.2587205+09:30" endTime="2011-08-05T15:48:28.9774705+09:30">
              <testStep id="7839d063b53c5be4" name="ActiveRecordTest" fullName="SubSonic.Tests/ActiveRecordTest" testId="973cf89c2152aa4a" isPrimary="true" isTestCase="false" isDynamic="false">
                <codeReference assembly="SubSonic.Tests, Version=2.2.1.0, Culture=neutral, PublicKeyToken=null" namespace="SubSonic.Tests" type="SubSonic.Tests.ActiveRecordTest" />
                <codeLocation path="C:\data\SubsonicRoot\ss2\SubSonic.Tests\ActiveRecordTest.cs" />
                <metadata>
                  <entry key="TestKind">
                    <value>Fixture</value>
                  </entry>
                </metadata>
              </testStep>
              <children>
                <testStepRun startTime="2011-08-05T15:48:28.2587205+09:30" endTime="2011-08-05T15:48:28.4305955+09:30">
                  <testStep id="9fb5eb10a42213e4" name="DirtyColumnsExist" fullName="SubSonic.Tests/ActiveRecordTest/DirtyColumnsExist" testId="95ba428346d485c8" isPrimary="true" isTestCase="true" isDynamic="false">
                    <codeReference assembly="SubSonic.Tests, Version=2.2.1.0, Culture=neutral, PublicKeyToken=null" namespace="SubSonic.Tests" type="SubSonic.Tests.ActiveRecordTest" member="DirtyColumnsExist" />
                    <codeLocation path="C:\data\SubsonicRoot\ss2\SubSonic.Tests\ActiveRecordTest.cs" line="257" />
                    <metadata>
                      <entry key="TestKind">
                        <value>Test</value>
                      </entry>
                    </metadata>
                  </testStep>
                  <children />
                  <result assertCount="0" duration="0.0709781">
                    <outcome status="failed" />
                  </result>
                  <testLog>
                    <streams>
                      <stream name="Failures">
                        <body>
                          <contents>
                            <section name="Execute">
                              <contents>
                                <marker class="Exception">
                                  <contents>
                                    <marker class="ExceptionType">
                                      <contents>
                                        <text><![CDATA[System.Data.SqlClient.SqlException]]></text>
                                      </contents>
                                      <attributes />
                                    </marker>
                                    <text><![CDATA[: ]]></text>
                                    <marker class="ExceptionMessage">
                                      <contents>
                                        <text><![CDATA[Incorrect syntax near the keyword 'ORDER'.]]></text>
                                      </contents>
                                      <attributes />
                                    </marker>
                                    <text><![CDATA[
]]></text>
                                    <marker class="ExceptionPropertyName">
                                      <contents>
                                        <text><![CDATA[Errors]]></text>
                                      </contents>
                                      <attributes />
                                    </marker>
                                    <text><![CDATA[: ]]></text>
                                    <marker class="ExceptionPropertyValue">
                                      <contents>
                                        <text><![CDATA[System.Data.SqlClient.SqlErrorCollection]]></text>
                                      </contents>
                                      <attributes />
                                    </marker>
                                    <text><![CDATA[
]]></text>
                                    <marker class="ExceptionPropertyName">
                                      <contents>
                                        <text><![CDATA[Class]]></text>
                                      </contents>
                                      <attributes />
                                    </marker>
                                    <text><![CDATA[: ]]></text>
                                    <marker class="ExceptionPropertyValue">
                                      <contents>
                                        <text><![CDATA[15]]></text>
                                      </contents>
                                      <attributes />
                                    </marker>
                                    <text><![CDATA[
]]></text>
                                    <marker class="ExceptionPropertyName">
                                      <contents>
                                        <text><![CDATA[LineNumber]]></text>
                                      </contents>
                                      <attributes />
                                    </marker>
                                    <text><![CDATA[: ]]></text>
                                    <marker class="ExceptionPropertyValue">
                                      <contents>
                                        <text><![CDATA[1]]></text>
                                      </contents>
                                      <attributes />
                                    </marker>
                                    <text><![CDATA[
]]></text>
                                    <marker class="ExceptionPropertyName">
                                      <contents>
                                        <text><![CDATA[Number]]></text>
                                      </contents>
                                      <attributes />
                                    </marker>
                                    <text><![CDATA[: ]]></text>
                                    <marker class="ExceptionPropertyValue">
                                      <contents>
                                        <text><![CDATA[156]]></text>
                                      </contents>
                                      <attributes />
                                    </marker>
                                    <text><![CDATA[
]]></text>
                                    <marker class="ExceptionPropertyName">
                                      <contents>
                                        <text><![CDATA[Procedure]]></text>
                                      </contents>
                                      <attributes />
                                    </marker>
                                    <text><![CDATA[: ]]></text>
                                    <marker class="ExceptionPropertyValue">
                                      <contents />
                                      <attributes />
                                    </marker>
                                    <text><![CDATA[
]]></text>
                                    <marker class="ExceptionPropertyName">
                                      <contents>
                                        <text><![CDATA[Server]]></text>
                                      </contents>
                                      <attributes />
                                    </marker>
                                    <text><![CDATA[: ]]></text>
                                    <marker class="ExceptionPropertyValue">
                                      <contents>
                                        <text><![CDATA[ANAXIMANDER\SQLEXPRESS]]></text>
                                      </contents>
                                      <attributes />
                                    </marker>
                                    <text><![CDATA[
]]></text>
                                    <marker class="ExceptionPropertyName">
                                      <contents>
                                        <text><![CDATA[State]]></text>
                                      </contents>
                                      <attributes />
                                    </marker>
                                    <text><![CDATA[: ]]></text>
                                    <marker class="ExceptionPropertyValue">
                                      <contents>
                                        <text><![CDATA[1]]></text>
                                      </contents>
                                      <attributes />
                                    </marker>
                                    <text><![CDATA[
]]></text>
                                    <marker class="ExceptionPropertyName">
                                      <contents>
                                        <text><![CDATA[ErrorCode]]></text>
                                      </contents>
                                      <attributes />
                                    </marker>
                                    <text><![CDATA[: ]]></text>
                                    <marker class="ExceptionPropertyValue">
                                      <contents>
                                        <text><![CDATA[-2146232060]]></text>
                                      </contents>
                                      <attributes />
                                    </marker>
                                    <text><![CDATA[
]]></text>
                                    <marker class="StackTrace">
                                      <contents>
                                        <text><![CDATA[   at System.Data.SqlClient.SqlConnection.OnError(SqlException exception, Boolean breakConnection)
   at System.Data.SqlClient.SqlInternalConnection.OnError(SqlException exception, Boolean breakConnection)
   at System.Data.SqlClient.TdsParser.ThrowExceptionAndWarning(TdsParserStateObject stateObj)
   at System.Data.SqlClient.TdsParser.Run(RunBehavior runBehavior, SqlCommand cmdHandler, SqlDataReader dataStream, BulkCopySimpleResultSet bulkCopyHandler, TdsParserStateObject stateObj)
   at System.Data.SqlClient.SqlDataReader.ConsumeMetaData()
   at System.Data.SqlClient.SqlDataReader.get_MetaData()
   at System.Data.SqlClient.SqlCommand.FinishExecuteReader(SqlDataReader ds, RunBehavior runBehavior, String resetOptionsString)
   at System.Data.SqlClient.SqlCommand.RunExecuteReaderTds(CommandBehavior cmdBehavior, RunBehavior runBehavior, Boolean returnStream, Boolean async)
   at System.Data.SqlClient.SqlCommand.RunExecuteReader(CommandBehavior cmdBehavior, RunBehavior runBehavior, Boolean returnStream, String method, DbAsyncResult result)
   at System.Data.SqlClient.SqlCommand.RunExecuteReader(CommandBehavior cmdBehavior, RunBehavior runBehavior, Boolean returnStream, String method)
   at System.Data.SqlClient.SqlCommand.ExecuteReader(CommandBehavior behavior, String method)
   at System.Data.SqlClient.SqlCommand.ExecuteReader(CommandBehavior behavior)
   at SubSonic.SqlDataProvider.GetReader(QueryCommand qry) in ]]></text>
                                        <marker class="CodeLocation">
                                          <contents>
                                            <text><![CDATA[C:\data\SubsonicRoot\ss2\SubSonic\DataProviders\SqlDataProvider.cs:line 384]]></text>
                                          </contents>
                                          <attributes>
                                            <attribute name="line" value="384" />
                                            <attribute name="path" value="C:\data\SubsonicRoot\ss2\SubSonic\DataProviders\SqlDataProvider.cs" />
                                          </attributes>
                                        </marker>
                                        <text><![CDATA[
   at SubSonic.DataService.GetReader(QueryCommand cmd) in ]]></text>
                                        <marker class="CodeLocation">
                                          <contents>
                                            <text><![CDATA[C:\data\SubsonicRoot\ss2\SubSonic\DataProviders\DataService.cs:line 506]]></text>
                                          </contents>
                                          <attributes>
                                            <attribute name="line" value="506" />
                                            <attribute name="path" value="C:\data\SubsonicRoot\ss2\SubSonic\DataProviders\DataService.cs" />
                                          </attributes>
                                        </marker>
                                        <text><![CDATA[
   at SubSonic.Query.ExecuteReader() in ]]></text>
                                        <marker class="CodeLocation">
                                          <contents>
                                            <text><![CDATA[C:\data\SubsonicRoot\ss2\SubSonic\Sql Tools\Query.cs:line 1814]]></text>
                                          </contents>
                                          <attributes>
                                            <attribute name="line" value="1814" />
                                            <attribute name="path" value="C:\data\SubsonicRoot\ss2\SubSonic\Sql Tools\Query.cs" />
                                          </attributes>
                                        </marker>
                                        <text><![CDATA[
   at SubSonic.ReadOnlyRecord`1.LoadByKey(Object keyID) in ]]></text>
                                        <marker class="CodeLocation">
                                          <contents>
                                            <text><![CDATA[C:\data\SubsonicRoot\ss2\SubSonic\ActiveRecord\ReadOnlyRecord.cs:line 72]]></text>
                                          </contents>
                                          <attributes>
                                            <attribute name="line" value="72" />
                                            <attribute name="path" value="C:\data\SubsonicRoot\ss2\SubSonic\ActiveRecord\ReadOnlyRecord.cs" />
                                          </attributes>
                                        </marker>
                                        <text><![CDATA[
   at Northwind.Product..ctor(Object keyID) in ]]></text>
                                        <marker class="CodeLocation">
                                          <contents>
                                            <text><![CDATA[C:\data\SubsonicRoot\ss2\SubSonic.Tests\Generated\Northwind\Product.cs:line 93]]></text>
                                          </contents>
                                          <attributes>
                                            <attribute name="line" value="93" />
                                            <attribute name="path" value="C:\data\SubsonicRoot\ss2\SubSonic.Tests\Generated\Northwind\Product.cs" />
                                          </attributes>
                                        </marker>
                                        <text><![CDATA[
   at SubSonic.Tests.ActiveRecordTest.DirtyColumnsExist() in ]]></text>
                                        <marker class="CodeLocation">
                                          <contents>
                                            <text><![CDATA[C:\data\SubsonicRoot\ss2\SubSonic.Tests\ActiveRecordTest.cs:line 258]]></text>
                                          </contents>
                                          <attributes>
                                            <attribute name="line" value="258" />
                                            <attribute name="path" value="C:\data\SubsonicRoot\ss2\SubSonic.Tests\ActiveRecordTest.cs" />
                                          </attributes>
                                        </marker>
                                      </contents>
                                      <attributes />
                                    </marker>
                                  </contents>
                                  <attributes />
                                </marker>
                              </contents>
                            </section>
                          </contents>
                        </body>
                      </stream>
                    </streams>
                    <attachments />
                  </testLog>
                </testStepRun>
                <testStepRun startTime="2011-08-05T15:48:28.4305955+09:30" endTime="2011-08-05T15:48:28.4618455+09:30">
                  <testStep id="ee436fee9a5df55a" name="GetNewCommand" fullName="SubSonic.Tests/ActiveRecordTest/GetNewCommand" testId="7d081ada19736f13" isPrimary="true" isTestCase="true" isDynamic="false">
                    <codeReference assembly="SubSonic.Tests, Version=2.2.1.0, Culture=neutral, PublicKeyToken=null" namespace="SubSonic.Tests" type="SubSonic.Tests.ActiveRecordTest" member="GetNewCommand" />
                    <codeLocation path="C:\data\SubsonicRoot\ss2\SubSonic.Tests\ActiveRecordTest.cs" line="132" />
                    <metadata>
                      <entry key="TestKind">
                        <value>Test</value>
                      </entry>
                    </metadata>
                  </testStep>
                  <children />
                  <result assertCount="3" duration="0.012916799999999999">
                    <outcome status="passed" />
                  </result>
                  <testLog>
                    <streams />
                    <attachments />
                  </testLog>
                </testStepRun>
                <testStepRun startTime="2011-08-05T15:48:28.4618455+09:30" endTime="2011-08-05T15:48:28.4618455+09:30">
                  <testStep id="be22fedb3bdde74a" name="GetNoChangesCommand" fullName="SubSonic.Tests/ActiveRecordTest/GetNoChangesCommand" testId="ab826f791528530e" isPrimary="true" isTestCase="true" isDynamic="false">
                    <codeReference assembly="SubSonic.Tests, Version=2.2.1.0, Culture=neutral, PublicKeyToken=null" namespace="SubSonic.Tests" type="SubSonic.Tests.ActiveRecordTest" member="GetNoChangesCommand" />
                    <codeLocation path="C:\data\SubsonicRoot\ss2\SubSonic.Tests\ActiveRecordTest.cs" line="161" />
                    <metadata>
                      <entry key="TestKind">
                        <value>Test</value>
                      </entry>
                    </metadata>
                  </testStep>
                  <children />
                  <result assertCount="3" duration="0.1204618">
                    <outcome status="passed" />
                  </result>
                  <testLog>
                    <streams />
                    <attachments />
                  </testLog>
                </testStepRun>
                <testStepRun startTime="2011-08-05T15:48:28.4618455+09:30" endTime="2011-08-05T15:48:28.4774705+09:30">
                  <testStep id="7d8a3b7fa27ad7d7" name="GetUpdateCommand" fullName="SubSonic.Tests/ActiveRecordTest/GetUpdateCommand" testId="417c38654e97c64e" isPrimary="true" isTestCase="true" isDynamic="false">
                    <codeReference assembly="SubSonic.Tests, Version=2.2.1.0, Culture=neutral, PublicKeyToken=null" namespace="SubSonic.Tests" type="SubSonic.Tests.ActiveRecordTest" member="GetUpdateCommand" />
                    <codeLocation path="C:\data\SubsonicRoot\ss2\SubSonic.Tests\ActiveRecordTest.cs" line="145" />
                    <metadata>
                      <entry key="TestKind">
                        <value>Test</value>
                      </entry>
                    </metadata>
                  </testStep>
                  <children />
                  <result assertCount="4" duration="0.1091062">
                    <outcome status="passed" />
                  </result>
                  <testLog>
                    <streams />
                    <attachments />
                  </testLog>
                </testStepRun>
                <testStepRun startTime="2011-08-05T15:48:28.4774705+09:30" endTime="2011-08-05T15:48:28.6024705+09:30">
                  <testStep id="f3e98014b7f3afa8" name="Products_CollectionLoad" fullName="SubSonic.Tests/ActiveRecordTest/Products_CollectionLoad" testId="79f2d4a9b8bf6477" isPrimary="true" isTestCase="true" isDynamic="false">
                    <codeReference assembly="SubSonic.Tests, Version=2.2.1.0, Culture=neutral, PublicKeyToken=null" namespace="SubSonic.Tests" type="SubSonic.Tests.ActiveRecordTest" member="Products_CollectionLoad" />
                    <codeLocation path="C:\data\SubsonicRoot\ss2\SubSonic.Tests\ActiveRecordTest.cs" line="116" />
                    <metadata>
                      <entry key="TestKind">
                        <value>Test</value>
                      </entry>
                    </metadata>
                  </testStep>
                  <children />
                  <result assertCount="0" duration="0.0245475">
                    <outcome status="failed" />
                  </result>
                  <testLog>
                    <streams>
                      <stream name="Failures">
                        <body>
                          <contents>
                            <section name="Execute">
                              <contents>
                                <marker class="Exception">
                                  <contents>
                                    <marker class="ExceptionType">
                                      <contents>
                                        <text><![CDATA[System.Data.SqlClient.SqlException]]></text>
                                      </contents>
                                      <attributes />
                                    </marker>
                                    <text><![CDATA[: ]]></text>
                                    <marker class="ExceptionMessage">
                                      <contents>
                                        <text><![CDATA[Incorrect syntax near the keyword 'ORDER'.]]></text>
                                      </contents>
                                      <attributes />
                                    </marker>
                                    <text><![CDATA[
]]></text>
                                    <marker class="ExceptionPropertyName">
                                      <contents>
                                        <text><![CDATA[Errors]]></text>
                                      </contents>
                                      <attributes />
                                    </marker>
                                    <text><![CDATA[: ]]></text>
                                    <marker class="ExceptionPropertyValue">
                                      <contents>
                                        <text><![CDATA[System.Data.SqlClient.SqlErrorCollection]]></text>
                                      </contents>
                                      <attributes />
                                    </marker>
                                    <text><![CDATA[
]]></text>
                                    <marker class="ExceptionPropertyName">
                                      <contents>
                                        <text><![CDATA[Class]]></text>
                                      </contents>
                                      <attributes />
                                    </marker>
                                    <text><![CDATA[: ]]></text>
                                    <marker class="ExceptionPropertyValue">
                                      <contents>
                                        <text><![CDATA[15]]></text>
                                      </contents>
                                      <attributes />
                                    </marker>
                                    <text><![CDATA[
]]></text>
                                    <marker class="ExceptionPropertyName">
                                      <contents>
                                        <text><![CDATA[LineNumber]]></text>
                                      </contents>
                                      <attributes />
                                    </marker>
                                    <text><![CDATA[: ]]></text>
                                    <marker class="ExceptionPropertyValue">
                                      <contents>
                                        <text><![CDATA[1]]></text>
                                      </contents>
                                      <attributes />
                                    </marker>
                                    <text><![CDATA[
]]></text>
                                    <marker class="ExceptionPropertyName">
                                      <contents>
                                        <text><![CDATA[Number]]></text>
                                      </contents>
                                      <attributes />
                                    </marker>
                                    <text><![CDATA[: ]]></text>
                                    <marker class="ExceptionPropertyValue">
                                      <contents>
                                        <text><![CDATA[156]]></text>
                                      </contents>
                                      <attributes />
                                    </marker>
                                    <text><![CDATA[
]]></text>
                                    <marker class="ExceptionPropertyName">
                                      <contents>
                                        <text><![CDATA[Procedure]]></text>
                                      </contents>
                                      <attributes />
                                    </marker>
                                    <text><![CDATA[: ]]></text>
                                    <marker class="ExceptionPropertyValue">
                                      <contents />
                                      <attributes />
                                    </marker>
                                    <text><![CDATA[
]]></text>
                                    <marker class="ExceptionPropertyName">
                                      <contents>
                                        <text><![CDATA[Server]]></text>
                                      </contents>
                                      <attributes />
                                    </marker>
                                    <text><![CDATA[: ]]></text>
                                    <marker class="ExceptionPropertyValue">
                                      <contents>
                                        <text><![CDATA[ANAXIMANDER\SQLEXPRESS]]></text>
                                      </contents>
                                      <attributes />
                                    </marker>
                                    <text><![CDATA[
]]></text>
                                    <marker class="ExceptionPropertyName">
                                      <contents>
                                        <text><![CDATA[State]]></text>
                                      </contents>
                                      <attributes />
                                    </marker>
                                    <text><![CDATA[: ]]></text>
                                    <marker class="ExceptionPropertyValue">
                                      <contents>
                                        <text><![CDATA[1]]></text>
                                      </contents>
                                      <attributes />
                                    </marker>
                                    <text><![CDATA[
]]></text>
                                    <marker class="ExceptionPropertyName">
                                      <contents>
                                        <text><![CDATA[ErrorCode]]></text>
                                      </contents>
                                      <attributes />
                                    </marker>
                                    <text><![CDATA[: ]]></text>
                                    <marker class="ExceptionPropertyValue">
                                      <contents>
                                        <text><![CDATA[-2146232060]]></text>
                                      </contents>
                                      <attributes />
                                    </marker>
                                    <text><![CDATA[
]]></text>
                                    <marker class="StackTrace">
                                      <contents>
                                        <text><![CDATA[   at System.Data.SqlClient.SqlConnection.OnError(SqlException exception, Boolean breakConnection)
   at System.Data.SqlClient.SqlInternalConnection.OnError(SqlException exception, Boolean breakConnection)
   at System.Data.SqlClient.TdsParser.ThrowExceptionAndWarning(TdsParserStateObject stateObj)
   at System.Data.SqlClient.TdsParser.Run(RunBehavior runBehavior, SqlCommand cmdHandler, SqlDataReader dataStream, BulkCopySimpleResultSet bulkCopyHandler, TdsParserStateObject stateObj)
   at System.Data.SqlClient.SqlDataReader.ConsumeMetaData()
   at System.Data.SqlClient.SqlDataReader.get_MetaData()
   at System.Data.SqlClient.SqlCommand.FinishExecuteReader(SqlDataReader ds, RunBehavior runBehavior, String resetOptionsString)
   at System.Data.SqlClient.SqlCommand.RunExecuteReaderTds(CommandBehavior cmdBehavior, RunBehavior runBehavior, Boolean returnStream, Boolean async)
   at System.Data.SqlClient.SqlCommand.RunExecuteReader(CommandBehavior cmdBehavior, RunBehavior runBehavior, Boolean returnStream, String method, DbAsyncResult result)
   at System.Data.SqlClient.SqlCommand.RunExecuteReader(CommandBehavior cmdBehavior, RunBehavior runBehavior, Boolean returnStream, String method)
   at System.Data.SqlClient.SqlCommand.ExecuteReader(CommandBehavior behavior, String method)
   at System.Data.SqlClient.SqlCommand.ExecuteReader(CommandBehavior behavior)
   at SubSonic.SqlDataProvider.GetReader(QueryCommand qry) in ]]></text>
                                        <marker class="CodeLocation">
                                          <contents>
                                            <text><![CDATA[C:\data\SubsonicRoot\ss2\SubSonic\DataProviders\SqlDataProvider.cs:line 384]]></text>
                                          </contents>
                                          <attributes>
                                            <attribute name="line" value="384" />
                                            <attribute name="path" value="C:\data\SubsonicRoot\ss2\SubSonic\DataProviders\SqlDataProvider.cs" />
                                          </attributes>
                                        </marker>
                                        <text><![CDATA[
   at SubSonic.DataService.GetReader(QueryCommand cmd) in ]]></text>
                                        <marker class="CodeLocation">
                                          <contents>
                                            <text><![CDATA[C:\data\SubsonicRoot\ss2\SubSonic\DataProviders\DataService.cs:line 506]]></text>
                                          </contents>
                                          <attributes>
                                            <attribute name="line" value="506" />
                                            <attribute name="path" value="C:\data\SubsonicRoot\ss2\SubSonic\DataProviders\DataService.cs" />
                                          </attributes>
                                        </marker>
                                        <text><![CDATA[
   at SubSonic.ReadOnlyRecord`1.FetchAll() in ]]></text>
                                        <marker class="CodeLocation">
                                          <contents>
                                            <text><![CDATA[C:\data\SubsonicRoot\ss2\SubSonic\ActiveRecord\ReadOnlyRecord.cs:line 217]]></text>
                                          </contents>
                                          <attributes>
                                            <attribute name="line" value="217" />
                                            <attribute name="path" value="C:\data\SubsonicRoot\ss2\SubSonic\ActiveRecord\ReadOnlyRecord.cs" />
                                          </attributes>
                                        </marker>
                                        <text><![CDATA[
   at SubSonic.Tests.ActiveRecordTest.Products_CollectionLoad() in ]]></text>
                                        <marker class="CodeLocation">
                                          <contents>
                                            <text><![CDATA[C:\data\SubsonicRoot\ss2\SubSonic.Tests\ActiveRecordTest.cs:line 118]]></text>
                                          </contents>
                                          <attributes>
                                            <attribute name="line" value="118" />
                                            <attribute name="path" value="C:\data\SubsonicRoot\ss2\SubSonic.Tests\ActiveRecordTest.cs" />
                                          </attributes>
                                        </marker>
                                      </contents>
                                      <attributes />
                                    </marker>
                                  </contents>
                                  <attributes />
                                </marker>
                              </contents>
                            </section>
                          </contents>
                        </body>
                      </stream>
                    </streams>
                    <attachments />
                  </testLog>
                </testStepRun>
                <testStepRun startTime="2011-08-05T15:48:28.6024705+09:30" endTime="2011-08-05T15:48:28.7274705+09:30">
                  <testStep id="775b947b9534a7f7" name="Products_Crud" fullName="SubSonic.Tests/ActiveRecordTest/Products_Crud" testId="9c01227d5c205df6" isPrimary="true" isTestCase="true" isDynamic="false">
                    <codeReference assembly="SubSonic.Tests, Version=2.2.1.0, Culture=neutral, PublicKeyToken=null" namespace="SubSonic.Tests" type="SubSonic.Tests.ActiveRecordTest" member="Products_Crud" />
                    <codeLocation path="C:\data\SubsonicRoot\ss2\SubSonic.Tests\ActiveRecordTest.cs" line="51" />
                    <metadata>
                      <entry key="TestKind">
                        <value>Test</value>
                      </entry>
                    </metadata>
                  </testStep>
                  <children />
                  <result assertCount="0" duration="0.0385195">
                    <outcome status="failed" />
                  </result>
                  <testLog>
                    <streams>
                      <stream name="Failures">
                        <body>
                          <contents>
                            <section name="Execute">
                              <contents>
                                <marker class="Exception">
                                  <contents>
                                    <marker class="ExceptionType">
                                      <contents>
                                        <text><![CDATA[System.Data.SqlClient.SqlException]]></text>
                                      </contents>
                                      <attributes />
                                    </marker>
                                    <text><![CDATA[: ]]></text>
                                    <marker class="ExceptionMessage">
                                      <contents>
                                        <text><![CDATA[Incorrect syntax near the keyword 'ORDER'.]]></text>
                                      </contents>
                                      <attributes />
                                    </marker>
                                    <text><![CDATA[
]]></text>
                                    <marker class="ExceptionPropertyName">
                                      <contents>
                                        <text><![CDATA[Errors]]></text>
                                      </contents>
                                      <attributes />
                                    </marker>
                                    <text><![CDATA[: ]]></text>
                                    <marker class="ExceptionPropertyValue">
                                      <contents>
                                        <text><![CDATA[System.Data.SqlClient.SqlErrorCollection]]></text>
                                      </contents>
                                      <attributes />
                                    </marker>
                                    <text><![CDATA[
]]></text>
                                    <marker class="ExceptionPropertyName">
                                      <contents>
                                        <text><![CDATA[Class]]></text>
                                      </contents>
                                      <attributes />
                                    </marker>
                                    <text><![CDATA[: ]]></text>
                                    <marker class="ExceptionPropertyValue">
                                      <contents>
                                        <text><![CDATA[15]]></text>
                                      </contents>
                                      <attributes />
                                    </marker>
                                    <text><![CDATA[
]]></text>
                                    <marker class="ExceptionPropertyName">
                                      <contents>
                                        <text><![CDATA[LineNumber]]></text>
                                      </contents>
                                      <attributes />
                                    </marker>
                                    <text><![CDATA[: ]]></text>
                                    <marker class="ExceptionPropertyValue">
                                      <contents>
                                        <text><![CDATA[1]]></text>
                                      </contents>
                                      <attributes />
                                    </marker>
                                    <text><![CDATA[
]]></text>
                                    <marker class="ExceptionPropertyName">
                                      <contents>
                                        <text><![CDATA[Number]]></text>
                                      </contents>
                                      <attributes />
                                    </marker>
                                    <text><![CDATA[: ]]></text>
                                    <marker class="ExceptionPropertyValue">
                                      <contents>
                                        <text><![CDATA[156]]></text>
                                      </contents>
                                      <attributes />
                                    </marker>
                                    <text><![CDATA[
]]></text>
                                    <marker class="ExceptionPropertyName">
                                      <contents>
                                        <text><![CDATA[Procedure]]></text>
                                      </contents>
                                      <attributes />
                                    </marker>
                                    <text><![CDATA[: ]]></text>
                                    <marker class="ExceptionPropertyValue">
                                      <contents />
                                      <attributes />
                                    </marker>
                                    <text><![CDATA[
]]></text>
                                    <marker class="ExceptionPropertyName">
                                      <contents>
                                        <text><![CDATA[Server]]></text>
                                      </contents>
                                      <attributes />
                                    </marker>
                                    <text><![CDATA[: ]]></text>
                                    <marker class="ExceptionPropertyValue">
                                      <contents>
                                        <text><![CDATA[ANAXIMANDER\SQLEXPRESS]]></text>
                                      </contents>
                                      <attributes />
                                    </marker>
                                    <text><![CDATA[
]]></text>
                                    <marker class="ExceptionPropertyName">
                                      <contents>
                                        <text><![CDATA[State]]></text>
                                      </contents>
                                      <attributes />
                                    </marker>
                                    <text><![CDATA[: ]]></text>
                                    <marker class="ExceptionPropertyValue">
                                      <contents>
                                        <text><![CDATA[1]]></text>
                                      </contents>
                                      <attributes />
                                    </marker>
                                    <text><![CDATA[
]]></text>
                                    <marker class="ExceptionPropertyName">
                                      <contents>
                                        <text><![CDATA[ErrorCode]]></text>
                                      </contents>
                                      <attributes />
                                    </marker>
                                    <text><![CDATA[: ]]></text>
                                    <marker class="ExceptionPropertyValue">
                                      <contents>
                                        <text><![CDATA[-2146232060]]></text>
                                      </contents>
                                      <attributes />
                                    </marker>
                                    <text><![CDATA[
]]></text>
                                    <marker class="StackTrace">
                                      <contents>
                                        <text><![CDATA[   at System.Data.SqlClient.SqlConnection.OnError(SqlException exception, Boolean breakConnection)
   at System.Data.SqlClient.SqlInternalConnection.OnError(SqlException exception, Boolean breakConnection)
   at System.Data.SqlClient.TdsParser.ThrowExceptionAndWarning(TdsParserStateObject stateObj)
   at System.Data.SqlClient.TdsParser.Run(RunBehavior runBehavior, SqlCommand cmdHandler, SqlDataReader dataStream, BulkCopySimpleResultSet bulkCopyHandler, TdsParserStateObject stateObj)
   at System.Data.SqlClient.SqlDataReader.ConsumeMetaData()
   at System.Data.SqlClient.SqlDataReader.get_MetaData()
   at System.Data.SqlClient.SqlCommand.FinishExecuteReader(SqlDataReader ds, RunBehavior runBehavior, String resetOptionsString)
   at System.Data.SqlClient.SqlCommand.RunExecuteReaderTds(CommandBehavior cmdBehavior, RunBehavior runBehavior, Boolean returnStream, Boolean async)
   at System.Data.SqlClient.SqlCommand.RunExecuteReader(CommandBehavior cmdBehavior, RunBehavior runBehavior, Boolean returnStream, String method, DbAsyncResult result)
   at System.Data.SqlClient.SqlCommand.RunExecuteReader(CommandBehavior cmdBehavior, RunBehavior runBehavior, Boolean returnStream, String method)
   at System.Data.SqlClient.SqlCommand.ExecuteReader(CommandBehavior behavior, String method)
   at System.Data.SqlClient.SqlCommand.ExecuteReader(CommandBehavior behavior)
   at SubSonic.SqlDataProvider.GetReader(QueryCommand qry) in ]]></text>
                                        <marker class="CodeLocation">
                                          <contents>
                                            <text><![CDATA[C:\data\SubsonicRoot\ss2\SubSonic\DataProviders\SqlDataProvider.cs:line 384]]></text>
                                          </contents>
                                          <attributes>
                                            <attribute name="line" value="384" />
                                            <attribute name="path" value="C:\data\SubsonicRoot\ss2\SubSonic\DataProviders\SqlDataProvider.cs" />
                                          </attributes>
                                        </marker>
                                        <text><![CDATA[
   at SubSonic.DataService.GetReader(QueryCommand cmd) in ]]></text>
                                        <marker class="CodeLocation">
                                          <contents>
                                            <text><![CDATA[C:\data\SubsonicRoot\ss2\SubSonic\DataProviders\DataService.cs:line 506]]></text>
                                          </contents>
                                          <attributes>
                                            <attribute name="line" value="506" />
                                            <attribute name="path" value="C:\data\SubsonicRoot\ss2\SubSonic\DataProviders\DataService.cs" />
                                          </attributes>
                                        </marker>
                                        <text><![CDATA[
   at SubSonic.Query.ExecuteReader() in ]]></text>
                                        <marker class="CodeLocation">
                                          <contents>
                                            <text><![CDATA[C:\data\SubsonicRoot\ss2\SubSonic\Sql Tools\Query.cs:line 1814]]></text>
                                          </contents>
                                          <attributes>
                                            <attribute name="line" value="1814" />
                                            <attribute name="path" value="C:\data\SubsonicRoot\ss2\SubSonic\Sql Tools\Query.cs" />
                                          </attributes>
                                        </marker>
                                        <text><![CDATA[
   at SubSonic.ReadOnlyRecord`1.LoadByKey(Object keyID) in ]]></text>
                                        <marker class="CodeLocation">
                                          <contents>
                                            <text><![CDATA[C:\data\SubsonicRoot\ss2\SubSonic\ActiveRecord\ReadOnlyRecord.cs:line 72]]></text>
                                          </contents>
                                          <attributes>
                                            <attribute name="line" value="72" />
                                            <attribute name="path" value="C:\data\SubsonicRoot\ss2\SubSonic\ActiveRecord\ReadOnlyRecord.cs" />
                                          </attributes>
                                        </marker>
                                        <text><![CDATA[
   at Northwind.Product..ctor(Object keyID) in ]]></text>
                                        <marker class="CodeLocation">
                                          <contents>
                                            <text><![CDATA[C:\data\SubsonicRoot\ss2\SubSonic.Tests\Generated\Northwind\Product.cs:line 93]]></text>
                                          </contents>
                                          <attributes>
                                            <attribute name="line" value="93" />
                                            <attribute name="path" value="C:\data\SubsonicRoot\ss2\SubSonic.Tests\Generated\Northwind\Product.cs" />
                                          </attributes>
                                        </marker>
                                        <text><![CDATA[
   at SubSonic.Tests.ActiveRecordTest.Products_Crud() in ]]></text>
                                        <marker class="CodeLocation">
                                          <contents>
                                            <text><![CDATA[C:\data\SubsonicRoot\ss2\SubSonic.Tests\ActiveRecordTest.cs:line 59]]></text>
                                          </contents>
                                          <attributes>
                                            <attribute name="line" value="59" />
                                            <attribute name="path" value="C:\data\SubsonicRoot\ss2\SubSonic.Tests\ActiveRecordTest.cs" />
                                          </attributes>
                                        </marker>
                                      </contents>
                                      <attributes />
                                    </marker>
                                  </contents>
                                  <attributes />
                                </marker>
                              </contents>
                            </section>
                          </contents>
                        </body>
                      </stream>
                    </streams>
                    <attachments />
                  </testLog>
                </testStepRun>
                <testStepRun startTime="2011-08-05T15:48:28.7274705+09:30" endTime="2011-08-05T15:48:28.8524705+09:30">
                  <testStep id="27fa28e7a3d3f21b" name="Products_NullCrud" fullName="SubSonic.Tests/ActiveRecordTest/Products_NullCrud" testId="bc00b0d557b094a9" isPrimary="true" isTestCase="true" isDynamic="false">
                    <codeReference assembly="SubSonic.Tests, Version=2.2.1.0, Culture=neutral, PublicKeyToken=null" namespace="SubSonic.Tests" type="SubSonic.Tests.ActiveRecordTest" member="Products_NullCrud" />
                    <codeLocation path="C:\data\SubsonicRoot\ss2\SubSonic.Tests\ActiveRecordTest.cs" line="74" />
                    <metadata>
                      <entry key="TestKind">
                        <value>Test</value>
                      </entry>
                    </metadata>
                  </testStep>
                  <children />
                  <result assertCount="0" duration="0.09097">
                    <outcome status="failed" />
                  </result>
                  <testLog>
                    <streams>
                      <stream name="Failures">
                        <body>
                          <contents>
                            <section name="Execute">
                              <contents>
                                <marker class="Exception">
                                  <contents>
                                    <marker class="ExceptionType">
                                      <contents>
                                        <text><![CDATA[System.Data.SqlClient.SqlException]]></text>
                                      </contents>
                                      <attributes />
                                    </marker>
                                    <text><![CDATA[: ]]></text>
                                    <marker class="ExceptionMessage">
                                      <contents>
                                        <text><![CDATA[Incorrect syntax near the keyword 'ORDER'.]]></text>
                                      </contents>
                                      <attributes />
                                    </marker>
                                    <text><![CDATA[
]]></text>
                                    <marker class="ExceptionPropertyName">
                                      <contents>
                                        <text><![CDATA[Errors]]></text>
                                      </contents>
                                      <attributes />
                                    </marker>
                                    <text><![CDATA[: ]]></text>
                                    <marker class="ExceptionPropertyValue">
                                      <contents>
                                        <text><![CDATA[System.Data.SqlClient.SqlErrorCollection]]></text>
                                      </contents>
                                      <attributes />
                                    </marker>
                                    <text><![CDATA[
]]></text>
                                    <marker class="ExceptionPropertyName">
                                      <contents>
                                        <text><![CDATA[Class]]></text>
                                      </contents>
                                      <attributes />
                                    </marker>
                                    <text><![CDATA[: ]]></text>
                                    <marker class="ExceptionPropertyValue">
                                      <contents>
                                        <text><![CDATA[15]]></text>
                                      </contents>
                                      <attributes />
                                    </marker>
                                    <text><![CDATA[
]]></text>
                                    <marker class="ExceptionPropertyName">
                                      <contents>
                                        <text><![CDATA[LineNumber]]></text>
                                      </contents>
                                      <attributes />
                                    </marker>
                                    <text><![CDATA[: ]]></text>
                                    <marker class="ExceptionPropertyValue">
                                      <contents>
                                        <text><![CDATA[1]]></text>
                                      </contents>
                                      <attributes />
                                    </marker>
                                    <text><![CDATA[
]]></text>
                                    <marker class="ExceptionPropertyName">
                                      <contents>
                                        <text><![CDATA[Number]]></text>
                                      </contents>
                                      <attributes />
                                    </marker>
                                    <text><![CDATA[: ]]></text>
                                    <marker class="ExceptionPropertyValue">
                                      <contents>
                                        <text><![CDATA[156]]></text>
                                      </contents>
                                      <attributes />
                                    </marker>
                                    <text><![CDATA[
]]></text>
                                    <marker class="ExceptionPropertyName">
                                      <contents>
                                        <text><![CDATA[Procedure]]></text>
                                      </contents>
                                      <attributes />
                                    </marker>
                                    <text><![CDATA[: ]]></text>
                                    <marker class="ExceptionPropertyValue">
                                      <contents />
                                      <attributes />
                                    </marker>
                                    <text><![CDATA[
]]></text>
                                    <marker class="ExceptionPropertyName">
                                      <contents>
                                        <text><![CDATA[Server]]></text>
                                      </contents>
                                      <attributes />
                                    </marker>
                                    <text><![CDATA[: ]]></text>
                                    <marker class="ExceptionPropertyValue">
                                      <contents>
                                        <text><![CDATA[ANAXIMANDER\SQLEXPRESS]]></text>
                                      </contents>
                                      <attributes />
                                    </marker>
                                    <text><![CDATA[
]]></text>
                                    <marker class="ExceptionPropertyName">
                                      <contents>
                                        <text><![CDATA[State]]></text>
                                      </contents>
                                      <attributes />
                                    </marker>
                                    <text><![CDATA[: ]]></text>
                                    <marker class="ExceptionPropertyValue">
                                      <contents>
                                        <text><![CDATA[1]]></text>
                                      </contents>
                                      <attributes />
                                    </marker>
                                    <text><![CDATA[
]]></text>
                                    <marker class="ExceptionPropertyName">
                                      <contents>
                                        <text><![CDATA[ErrorCode]]></text>
                                      </contents>
                                      <attributes />
                                    </marker>
                                    <text><![CDATA[: ]]></text>
                                    <marker class="ExceptionPropertyValue">
                                      <contents>
                                        <text><![CDATA[-2146232060]]></text>
                                      </contents>
                                      <attributes />
                                    </marker>
                                    <text><![CDATA[
]]></text>
                                    <marker class="StackTrace">
                                      <contents>
                                        <text><![CDATA[   at System.Data.SqlClient.SqlConnection.OnError(SqlException exception, Boolean breakConnection)
   at System.Data.SqlClient.SqlInternalConnection.OnError(SqlException exception, Boolean breakConnection)
   at System.Data.SqlClient.TdsParser.ThrowExceptionAndWarning(TdsParserStateObject stateObj)
   at System.Data.SqlClient.TdsParser.Run(RunBehavior runBehavior, SqlCommand cmdHandler, SqlDataReader dataStream, BulkCopySimpleResultSet bulkCopyHandler, TdsParserStateObject stateObj)
   at System.Data.SqlClient.SqlDataReader.ConsumeMetaData()
   at System.Data.SqlClient.SqlDataReader.get_MetaData()
   at System.Data.SqlClient.SqlCommand.FinishExecuteReader(SqlDataReader ds, RunBehavior runBehavior, String resetOptionsString)
   at System.Data.SqlClient.SqlCommand.RunExecuteReaderTds(CommandBehavior cmdBehavior, RunBehavior runBehavior, Boolean returnStream, Boolean async)
   at System.Data.SqlClient.SqlCommand.RunExecuteReader(CommandBehavior cmdBehavior, RunBehavior runBehavior, Boolean returnStream, String method, DbAsyncResult result)
   at System.Data.SqlClient.SqlCommand.RunExecuteReader(CommandBehavior cmdBehavior, RunBehavior runBehavior, Boolean returnStream, String method)
   at System.Data.SqlClient.SqlCommand.ExecuteReader(CommandBehavior behavior, String method)
   at System.Data.SqlClient.SqlCommand.ExecuteReader(CommandBehavior behavior)
   at SubSonic.SqlDataProvider.GetReader(QueryCommand qry) in ]]></text>
                                        <marker class="CodeLocation">
                                          <contents>
                                            <text><![CDATA[C:\data\SubsonicRoot\ss2\SubSonic\DataProviders\SqlDataProvider.cs:line 384]]></text>
                                          </contents>
                                          <attributes>
                                            <attribute name="line" value="384" />
                                            <attribute name="path" value="C:\data\SubsonicRoot\ss2\SubSonic\DataProviders\SqlDataProvider.cs" />
                                          </attributes>
                                        </marker>
                                        <text><![CDATA[
   at SubSonic.DataService.GetReader(QueryCommand cmd) in ]]></text>
                                        <marker class="CodeLocation">
                                          <contents>
                                            <text><![CDATA[C:\data\SubsonicRoot\ss2\SubSonic\DataProviders\DataService.cs:line 506]]></text>
                                          </contents>
                                          <attributes>
                                            <attribute name="line" value="506" />
                                            <attribute name="path" value="C:\data\SubsonicRoot\ss2\SubSonic\DataProviders\DataService.cs" />
                                          </attributes>
                                        </marker>
                                        <text><![CDATA[
   at SubSonic.Query.ExecuteReader() in ]]></text>
                                        <marker class="CodeLocation">
                                          <contents>
                                            <text><![CDATA[C:\data\SubsonicRoot\ss2\SubSonic\Sql Tools\Query.cs:line 1814]]></text>
                                          </contents>
                                          <attributes>
                                            <attribute name="line" value="1814" />
                                            <attribute name="path" value="C:\data\SubsonicRoot\ss2\SubSonic\Sql Tools\Query.cs" />
                                          </attributes>
                                        </marker>
                                        <text><![CDATA[
   at SubSonic.ReadOnlyRecord`1.LoadByKey(Object keyID) in ]]></text>
                                        <marker class="CodeLocation">
                                          <contents>
                                            <text><![CDATA[C:\data\SubsonicRoot\ss2\SubSonic\ActiveRecord\ReadOnlyRecord.cs:line 72]]></text>
                                          </contents>
                                          <attributes>
                                            <attribute name="line" value="72" />
                                            <attribute name="path" value="C:\data\SubsonicRoot\ss2\SubSonic\ActiveRecord\ReadOnlyRecord.cs" />
                                          </attributes>
                                        </marker>
                                        <text><![CDATA[
   at Northwind.Product..ctor(Object keyID) in ]]></text>
                                        <marker class="CodeLocation">
                                          <contents>
                                            <text><![CDATA[C:\data\SubsonicRoot\ss2\SubSonic.Tests\Generated\Northwind\Product.cs:line 93]]></text>
                                          </contents>
                                          <attributes>
                                            <attribute name="line" value="93" />
                                            <attribute name="path" value="C:\data\SubsonicRoot\ss2\SubSonic.Tests\Generated\Northwind\Product.cs" />
                                          </attributes>
                                        </marker>
                                        <text><![CDATA[
   at SubSonic.Tests.ActiveRecordTest.Products_NullCrud() in ]]></text>
                                        <marker class="CodeLocation">
                                          <contents>
                                            <text><![CDATA[C:\data\SubsonicRoot\ss2\SubSonic.Tests\ActiveRecordTest.cs:line 92]]></text>
                                          </contents>
                                          <attributes>
                                            <attribute name="line" value="92" />
                                            <attribute name="path" value="C:\data\SubsonicRoot\ss2\SubSonic.Tests\ActiveRecordTest.cs" />
                                          </attributes>
                                        </marker>
                                      </contents>
                                      <attributes />
                                    </marker>
                                  </contents>
                                  <attributes />
                                </marker>
                              </contents>
                            </section>
                          </contents>
                        </body>
                      </stream>
                    </streams>
                    <attachments />
                  </testLog>
                </testStepRun>
                <testStepRun startTime="2011-08-05T15:48:28.8524705+09:30" endTime="2011-08-05T15:48:28.9774705+09:30">
                  <testStep id="7c0ec4dc3d46de01" name="SaveWhenNotDirty" fullName="SubSonic.Tests/ActiveRecordTest/SaveWhenNotDirty" testId="69b78c9817173632" isPrimary="true" isTestCase="true" isDynamic="false">
                    <codeReference assembly="SubSonic.Tests, Version=2.2.1.0, Culture=neutral, PublicKeyToken=null" namespace="SubSonic.Tests" type="SubSonic.Tests.ActiveRecordTest" member="SaveWhenNotDirty" />
                    <codeLocation path="C:\data\SubsonicRoot\ss2\SubSonic.Tests\ActiveRecordTest.cs" line="176" />
                    <metadata>
                      <entry key="TestKind">
                        <value>Test</value>
                      </entry>
                    </metadata>
                  </testStep>
                  <children />
                  <result assertCount="1" duration="0.1051179">
                    <outcome status="failed" />
                  </result>
                  <testLog>
                    <streams>
                      <stream name="Failures">
                        <body>
                          <contents>
                            <section name="Execute">
                              <contents>
                                <marker class="Exception">
                                  <contents>
                                    <marker class="ExceptionType">
                                      <contents>
                                        <text><![CDATA[System.Data.SqlClient.SqlException]]></text>
                                      </contents>
                                      <attributes />
                                    </marker>
                                    <text><![CDATA[: ]]></text>
                                    <marker class="ExceptionMessage">
                                      <contents>
                                        <text><![CDATA[Incorrect syntax near the keyword 'ORDER'.]]></text>
                                      </contents>
                                      <attributes />
                                    </marker>
                                    <text><![CDATA[
]]></text>
                                    <marker class="ExceptionPropertyName">
                                      <contents>
                                        <text><![CDATA[Errors]]></text>
                                      </contents>
                                      <attributes />
                                    </marker>
                                    <text><![CDATA[: ]]></text>
                                    <marker class="ExceptionPropertyValue">
                                      <contents>
                                        <text><![CDATA[System.Data.SqlClient.SqlErrorCollection]]></text>
                                      </contents>
                                      <attributes />
                                    </marker>
                                    <text><![CDATA[
]]></text>
                                    <marker class="ExceptionPropertyName">
                                      <contents>
                                        <text><![CDATA[Class]]></text>
                                      </contents>
                                      <attributes />
                                    </marker>
                                    <text><![CDATA[: ]]></text>
                                    <marker class="ExceptionPropertyValue">
                                      <contents>
                                        <text><![CDATA[15]]></text>
                                      </contents>
                                      <attributes />
                                    </marker>
                                    <text><![CDATA[
]]></text>
                                    <marker class="ExceptionPropertyName">
                                      <contents>
                                        <text><![CDATA[LineNumber]]></text>
                                      </contents>
                                      <attributes />
                                    </marker>
                                    <text><![CDATA[: ]]></text>
                                    <marker class="ExceptionPropertyValue">
                                      <contents>
                                        <text><![CDATA[1]]></text>
                                      </contents>
                                      <attributes />
                                    </marker>
                                    <text><![CDATA[
]]></text>
                                    <marker class="ExceptionPropertyName">
                                      <contents>
                                        <text><![CDATA[Number]]></text>
                                      </contents>
                                      <attributes />
                                    </marker>
                                    <text><![CDATA[: ]]></text>
                                    <marker class="ExceptionPropertyValue">
                                      <contents>
                                        <text><![CDATA[156]]></text>
                                      </contents>
                                      <attributes />
                                    </marker>
                                    <text><![CDATA[
]]></text>
                                    <marker class="ExceptionPropertyName">
                                      <contents>
                                        <text><![CDATA[Procedure]]></text>
                                      </contents>
                                      <attributes />
                                    </marker>
                                    <text><![CDATA[: ]]></text>
                                    <marker class="ExceptionPropertyValue">
                                      <contents />
                                      <attributes />
                                    </marker>
                                    <text><![CDATA[
]]></text>
                                    <marker class="ExceptionPropertyName">
                                      <contents>
                                        <text><![CDATA[Server]]></text>
                                      </contents>
                                      <attributes />
                                    </marker>
                                    <text><![CDATA[: ]]></text>
                                    <marker class="ExceptionPropertyValue">
                                      <contents>
                                        <text><![CDATA[ANAXIMANDER\SQLEXPRESS]]></text>
                                      </contents>
                                      <attributes />
                                    </marker>
                                    <text><![CDATA[
]]></text>
                                    <marker class="ExceptionPropertyName">
                                      <contents>
                                        <text><![CDATA[State]]></text>
                                      </contents>
                                      <attributes />
                                    </marker>
                                    <text><![CDATA[: ]]></text>
                                    <marker class="ExceptionPropertyValue">
                                      <contents>
                                        <text><![CDATA[1]]></text>
                                      </contents>
                                      <attributes />
                                    </marker>
                                    <text><![CDATA[
]]></text>
                                    <marker class="ExceptionPropertyName">
                                      <contents>
                                        <text><![CDATA[ErrorCode]]></text>
                                      </contents>
                                      <attributes />
                                    </marker>
                                    <text><![CDATA[: ]]></text>
                                    <marker class="ExceptionPropertyValue">
                                      <contents>
                                        <text><![CDATA[-2146232060]]></text>
                                      </contents>
                                      <attributes />
                                    </marker>
                                    <text><![CDATA[
]]></text>
                                    <marker class="StackTrace">
                                      <contents>
                                        <text><![CDATA[   at System.Data.SqlClient.SqlConnection.OnError(SqlException exception, Boolean breakConnection)
   at System.Data.SqlClient.SqlInternalConnection.OnError(SqlException exception, Boolean breakConnection)
   at System.Data.SqlClient.TdsParser.ThrowExceptionAndWarning(TdsParserStateObject stateObj)
   at System.Data.SqlClient.TdsParser.Run(RunBehavior runBehavior, SqlCommand cmdHandler, SqlDataReader dataStream, BulkCopySimpleResultSet bulkCopyHandler, TdsParserStateObject stateObj)
   at System.Data.SqlClient.SqlDataReader.ConsumeMetaData()
   at System.Data.SqlClient.SqlDataReader.get_MetaData()
   at System.Data.SqlClient.SqlCommand.FinishExecuteReader(SqlDataReader ds, RunBehavior runBehavior, String resetOptionsString)
   at System.Data.SqlClient.SqlCommand.RunExecuteReaderTds(CommandBehavior cmdBehavior, RunBehavior runBehavior, Boolean returnStream, Boolean async)
   at System.Data.SqlClient.SqlCommand.RunExecuteReader(CommandBehavior cmdBehavior, RunBehavior runBehavior, Boolean returnStream, String method, DbAsyncResult result)
   at System.Data.SqlClient.SqlCommand.RunExecuteReader(CommandBehavior cmdBehavior, RunBehavior runBehavior, Boolean returnStream, String method)
   at System.Data.SqlClient.SqlCommand.ExecuteReader(CommandBehavior behavior, String method)
   at System.Data.SqlClient.SqlCommand.ExecuteReader(CommandBehavior behavior)
   at SubSonic.SqlDataProvider.GetReader(QueryCommand qry) in ]]></text>
                                        <marker class="CodeLocation">
                                          <contents>
                                            <text><![CDATA[C:\data\SubsonicRoot\ss2\SubSonic\DataProviders\SqlDataProvider.cs:line 384]]></text>
                                          </contents>
                                          <attributes>
                                            <attribute name="line" value="384" />
                                            <attribute name="path" value="C:\data\SubsonicRoot\ss2\SubSonic\DataProviders\SqlDataProvider.cs" />
                                          </attributes>
                                        </marker>
                                        <text><![CDATA[
   at SubSonic.DataService.GetReader(QueryCommand cmd) in ]]></text>
                                        <marker class="CodeLocation">
                                          <contents>
                                            <text><![CDATA[C:\data\SubsonicRoot\ss2\SubSonic\DataProviders\DataService.cs:line 506]]></text>
                                          </contents>
                                          <attributes>
                                            <attribute name="line" value="506" />
                                            <attribute name="path" value="C:\data\SubsonicRoot\ss2\SubSonic\DataProviders\DataService.cs" />
                                          </attributes>
                                        </marker>
                                        <text><![CDATA[
   at SubSonic.Query.ExecuteReader() in ]]></text>
                                        <marker class="CodeLocation">
                                          <contents>
                                            <text><![CDATA[C:\data\SubsonicRoot\ss2\SubSonic\Sql Tools\Query.cs:line 1814]]></text>
                                          </contents>
                                          <attributes>
                                            <attribute name="line" value="1814" />
                                            <attribute name="path" value="C:\data\SubsonicRoot\ss2\SubSonic\Sql Tools\Query.cs" />
                                          </attributes>
                                        </marker>
                                        <text><![CDATA[
   at SubSonic.ReadOnlyRecord`1.LoadByKey(Object keyID) in ]]></text>
                                        <marker class="CodeLocation">
                                          <contents>
                                            <text><![CDATA[C:\data\SubsonicRoot\ss2\SubSonic\ActiveRecord\ReadOnlyRecord.cs:line 72]]></text>
                                          </contents>
                                          <attributes>
                                            <attribute name="line" value="72" />
                                            <attribute name="path" value="C:\data\SubsonicRoot\ss2\SubSonic\ActiveRecord\ReadOnlyRecord.cs" />
                                          </attributes>
                                        </marker>
                                        <text><![CDATA[
   at Northwind.Product..ctor(Object keyID) in ]]></text>
                                        <marker class="CodeLocation">
                                          <contents>
                                            <text><![CDATA[C:\data\SubsonicRoot\ss2\SubSonic.Tests\Generated\Northwind\Product.cs:line 93]]></text>
                                          </contents>
                                          <attributes>
                                            <attribute name="line" value="93" />
                                            <attribute name="path" value="C:\data\SubsonicRoot\ss2\SubSonic.Tests\Generated\Northwind\Product.cs" />
                                          </attributes>
                                        </marker>
                                        <text><![CDATA[
   at SubSonic.Tests.ActiveRecordTest.SaveWhenNotDirty() in ]]></text>
                                        <marker class="CodeLocation">
                                          <contents>
                                            <text><![CDATA[C:\data\SubsonicRoot\ss2\SubSonic.Tests\ActiveRecordTest.cs:line 188]]></text>
                                          </contents>
                                          <attributes>
                                            <attribute name="line" value="188" />
                                            <attribute name="path" value="C:\data\SubsonicRoot\ss2\SubSonic.Tests\ActiveRecordTest.cs" />
                                          </attributes>
                                        </marker>
                                      </contents>
                                      <attributes />
                                    </marker>
                                  </contents>
                                  <attributes />
                                </marker>
                              </contents>
                            </section>
                          </contents>
                        </body>
                      </stream>
                    </streams>
                    <attachments />
                  </testLog>
                </testStepRun>
              </children>
              <result assertCount="11" duration="0.6013079">
                <outcome status="failed" />
              </result>
              <testLog>
                <streams />
                <attachments />
              </testLog>
            </testStepRun>
            <testStepRun startTime="2011-08-05T15:48:28.9930955+09:30" endTime="2011-08-05T15:48:29.1962205+09:30">
              <testStep id="2d5107087c23d897" name="AggregateTests" fullName="SubSonic.Tests/AggregateTests" testId="7b08553eef1fbce5" isPrimary="true" isTestCase="false" isDynamic="false">
                <codeReference assembly="SubSonic.Tests, Version=2.2.1.0, Culture=neutral, PublicKeyToken=null" namespace="SubSonic.Tests.SqlQuery" type="SubSonic.Tests.SqlQuery.AggregateTests" />
                <codeLocation path="C:\data\SubsonicRoot\ss2\SubSonic.Tests\SqlQuery\AggregateTests.cs" />
                <metadata>
                  <entry key="TestKind">
                    <value>Fixture</value>
                  </entry>
                </metadata>
              </testStep>
              <children>
                <testStepRun startTime="2011-08-05T15:48:28.9930955+09:30" endTime="2011-08-05T15:48:28.9930955+09:30">
                  <testStep id="f4ad99b9c8fca945" name="Exec_AggregateAvg" fullName="SubSonic.Tests/AggregateTests/Exec_AggregateAvg" testId="87181fd2e72dc1a" isPrimary="true" isTestCase="true" isDynamic="false">
                    <codeReference assembly="SubSonic.Tests, Version=2.2.1.0, Culture=neutral, PublicKeyToken=null" namespace="SubSonic.Tests.SqlQuery" type="SubSonic.Tests.SqlQuery.AggregateTests" member="Exec_AggregateAvg" />
                    <codeLocation path="C:\data\SubsonicRoot\ss2\SubSonic.Tests\SqlQuery\AggregateTests.cs" line="38" />
                    <metadata>
                      <entry key="TestKind">
                        <value>Test</value>
                      </entry>
                    </metadata>
                  </testStep>
                  <children />
                  <result assertCount="4" duration="0.0556221">
                    <outcome status="passed" />
                  </result>
                  <testLog>
                    <streams />
                    <attachments />
                  </testLog>
                </testStepRun>
                <testStepRun startTime="2011-08-05T15:48:29.0087205+09:30" endTime="2011-08-05T15:48:29.0087205+09:30">
                  <testStep id="42a4197e888cbfec" name="Exec_AggregateExpression" fullName="SubSonic.Tests/AggregateTests/Exec_AggregateExpression" testId="64b9671d42ac6226" isPrimary="true" isTestCase="true" isDynamic="false">
                    <codeReference assembly="SubSonic.Tests, Version=2.2.1.0, Culture=neutral, PublicKeyToken=null" namespace="SubSonic.Tests.SqlQuery" type="SubSonic.Tests.SqlQuery.AggregateTests" member="Exec_AggregateExpression" />
                    <codeLocation path="C:\data\SubsonicRoot\ss2\SubSonic.Tests\SqlQuery\AggregateTests.cs" line="26" />
                    <metadata>
                      <entry key="TestKind">
                        <value>Test</value>
                      </entry>
                    </metadata>
                  </testStep>
                  <children />
                  <result assertCount="1" duration="0.0620043">
                    <outcome status="passed" />
                  </result>
                  <testLog>
                    <streams />
                    <attachments />
                  </testLog>
                </testStepRun>
                <testStepRun startTime="2011-08-05T15:48:29.0087205+09:30" endTime="2011-08-05T15:48:29.0243455+09:30">
                  <testStep id="63cb7c9b6ea11d89" name="Exec_AggregateMax" fullName="SubSonic.Tests/AggregateTests/Exec_AggregateMax" testId="8afea2ace33d2bc5" isPrimary="true" isTestCase="true" isDynamic="false">
                    <codeReference assembly="SubSonic.Tests, Version=2.2.1.0, Culture=neutral, PublicKeyToken=null" namespace="SubSonic.Tests.SqlQuery" type="SubSonic.Tests.SqlQuery.AggregateTests" member="Exec_AggregateMax" />
                    <codeLocation path="C:\data\SubsonicRoot\ss2\SubSonic.Tests\SqlQuery\AggregateTests.cs" line="72" />
                    <metadata>
                      <entry key="TestKind">
                        <value>Test</value>
                      </entry>
                    </metadata>
                  </testStep>
                  <children />
                  <result assertCount="4" duration="0.038363799999999997">
                    <outcome status="passed" />
                  </result>
                  <testLog>
                    <streams />
                    <attachments />
                  </testLog>
                </testStepRun>
                <testStepRun startTime="2011-08-05T15:48:29.0243455+09:30" endTime="2011-08-05T15:48:29.0399705+09:30">
                  <testStep id="28061aac5d616dcb" name="Exec_AggregateMin" fullName="SubSonic.Tests/AggregateTests/Exec_AggregateMin" testId="fe177be2cb358e99" isPrimary="true" isTestCase="true" isDynamic="false">
                    <codeReference assembly="SubSonic.Tests, Version=2.2.1.0, Culture=neutral, PublicKeyToken=null" namespace="SubSonic.Tests.SqlQuery" type="SubSonic.Tests.SqlQuery.AggregateTests" member="Exec_AggregateMin" />
                    <codeLocation path="C:\data\SubsonicRoot\ss2\SubSonic.Tests\SqlQuery\AggregateTests.cs" line="106" />
                    <metadata>
                      <entry key="TestKind">
                        <value>Test</value>
                      </entry>
                    </metadata>
                  </testStep>
                  <children />
                  <result assertCount="4" duration="0.0309276">
                    <outcome status="passed" />
                  </result>
                  <testLog>
                    <streams />
                    <attachments />
                  </testLog>
                </testStepRun>
                <testStepRun startTime="2011-08-05T15:48:29.0399705+09:30" endTime="2011-08-05T15:48:29.1024705+09:30">
                  <testStep id="e4279d7d2e75a809" name="Exec_AggregateStandardDeviation" fullName="SubSonic.Tests/AggregateTests/Exec_AggregateStandardDeviation" testId="332ed8a05646333b" isPrimary="true" isTestCase="true" isDynamic="false">
                    <codeReference assembly="SubSonic.Tests, Version=2.2.1.0, Culture=neutral, PublicKeyToken=null" namespace="SubSonic.Tests.SqlQuery" type="SubSonic.Tests.SqlQuery.AggregateTests" member="Exec_AggregateStandardDeviation" />
                    <codeLocation path="C:\data\SubsonicRoot\ss2\SubSonic.Tests\SqlQuery\AggregateTests.cs" line="140" />
                    <metadata>
                      <entry key="TestKind">
                        <value>Test</value>
                      </entry>
                    </metadata>
                  </testStep>
                  <children />
                  <result assertCount="4" duration="0.0685375">
                    <outcome status="passed" />
                  </result>
                  <testLog>
                    <streams />
                    <attachments />
                  </testLog>
                </testStepRun>
                <testStepRun startTime="2011-08-05T15:48:29.1024705+09:30" endTime="2011-08-05T15:48:29.1180955+09:30">
                  <testStep id="a71997d7e2f972b7" name="Exec_AggregateWithWhereAndHaving" fullName="SubSonic.Tests/AggregateTests/Exec_AggregateWithWhereAndHaving" testId="11eeb8a06e6c0168" isPrimary="true" isTestCase="true" isDynamic="false">
                    <codeReference assembly="SubSonic.Tests, Version=2.2.1.0, Culture=neutral, PublicKeyToken=null" namespace="SubSonic.Tests.SqlQuery" type="SubSonic.Tests.SqlQuery.AggregateTests" member="Exec_AggregateWithWhereAndHaving" />
                    <codeLocation path="C:\data\SubsonicRoot\ss2\SubSonic.Tests\SqlQuery\AggregateTests.cs" line="187" />
                    <metadata>
                      <entry key="TestKind">
                        <value>Test</value>
                      </entry>
                    </metadata>
                  </testStep>
                  <children />
                  <result assertCount="1" duration="0.0381486">
                    <outcome status="passed" />
                  </result>
                  <testLog>
                    <streams />
                    <attachments />
                  </testLog>
                </testStepRun>
                <testStepRun startTime="2011-08-05T15:48:29.1337205+09:30" endTime="2011-08-05T15:48:29.1493455+09:30">
                  <testStep id="4d88f1cfed225398" name="Exec_AggregateWithWhereNotHaving" fullName="SubSonic.Tests/AggregateTests/Exec_AggregateWithWhereNotHaving" testId="370dec0cba5c19da" isPrimary="true" isTestCase="true" isDynamic="false">
                    <codeReference assembly="SubSonic.Tests, Version=2.2.1.0, Culture=neutral, PublicKeyToken=null" namespace="SubSonic.Tests.SqlQuery" type="SubSonic.Tests.SqlQuery.AggregateTests" member="Exec_AggregateWithWhereNotHaving" />
                    <codeLocation path="C:\data\SubsonicRoot\ss2\SubSonic.Tests\SqlQuery\AggregateTests.cs" line="201" />
                    <metadata>
                      <entry key="TestKind">
                        <value>Test</value>
                      </entry>
                    </metadata>
                  </testStep>
                  <children />
                  <result assertCount="1" duration="0.0196314">
                    <outcome status="passed" />
                  </result>
                  <testLog>
                    <streams />
                    <attachments />
                  </testLog>
                </testStepRun>
                <testStepRun startTime="2011-08-05T15:48:29.1493455+09:30" endTime="2011-08-05T15:48:29.1805955+09:30">
                  <testStep id="a60a4ea3c0227a42" name="Exec_SingleAggregateWithWhere" fullName="SubSonic.Tests/AggregateTests/Exec_SingleAggregateWithWhere" testId="6b842429dd9d95f8" isPrimary="true" isTestCase="true" isDynamic="false">
                    <codeReference assembly="SubSonic.Tests, Version=2.2.1.0, Culture=neutral, PublicKeyToken=null" namespace="SubSonic.Tests.SqlQuery" type="SubSonic.Tests.SqlQuery.AggregateTests" member="Exec_SingleAggregateWithWhere" />
                    <codeLocation path="C:\data\SubsonicRoot\ss2\SubSonic.Tests\SqlQuery\AggregateTests.cs" line="174" />
                    <metadata>
                      <entry key="TestKind">
                        <value>Test</value>
                      </entry>
                    </metadata>
                  </testStep>
                  <children />
                  <result assertCount="1" duration="0.022484399999999998">
                    <outcome status="passed" />
                  </result>
                  <testLog>
                    <streams />
                    <attachments />
                  </testLog>
                </testStepRun>
              </children>
              <result assertCount="20" duration="0.3905437">
                <outcome status="passed" />
              </result>
              <testLog>
                <streams />
                <attachments />
              </testLog>
            </testStepRun>
            <testStepRun startTime="2011-08-05T15:48:29.1962205+09:30" endTime="2011-08-05T15:48:29.2118455+09:30">
              <testStep id="532582dd7d21d6fc" name="AssemblyFixture" fullName="SubSonic.Tests/AssemblyFixture" testId="51fe5df55b58f055" isPrimary="true" isTestCase="false" isDynamic="false">
                <codeReference assembly="SubSonic.Tests, Version=2.2.1.0, Culture=neutral, PublicKeyToken=null" namespace="SubSonic.Tests" type="SubSonic.Tests.AssemblyFixture" />
                <codeLocation path="C:\data\SubsonicRoot\ss2\SubSonic.Tests\AssemblyCleaner.cs" />
                <metadata>
                  <entry key="TestKind">
                    <value>Fixture</value>
                  </entry>
                </metadata>
              </testStep>
              <children />
              <result assertCount="0" duration="0.0053568">
                <outcome status="passed" />
              </result>
              <testLog>
                <streams />
                <attachments />
              </testLog>
            </testStepRun>
            <testStepRun startTime="2011-08-05T15:48:29.2587205+09:30" endTime="2011-08-05T15:48:34.3212205+09:30">
              <testStep id="f9dc80fe89fe689c" name="CodeGeneratorTests" fullName="SubSonic.Tests/CodeGeneratorTests" testId="68a95a4990db42f5" isPrimary="true" isTestCase="false" isDynamic="false">
                <codeReference assembly="SubSonic.Tests, Version=2.2.1.0, Culture=neutral, PublicKeyToken=null" namespace="SubSonic.Tests" type="SubSonic.Tests.CodeGeneratorTests" />
                <codeLocation path="C:\data\SubsonicRoot\ss2\SubSonic.Tests\CodeGeneratorTests.cs" />
                <metadata>
                  <entry key="TestKind">
                    <value>Fixture</value>
                  </entry>
                </metadata>
              </testStep>
              <children>
                <testStepRun startTime="2011-08-05T15:48:29.2587205+09:30" endTime="2011-08-05T15:48:29.6337205+09:30">
                  <testStep id="74f443e2ffbf132e" name="CodeGen2_RunClassTemplate" fullName="SubSonic.Tests/CodeGeneratorTests/CodeGen2_RunClassTemplate" testId="ab367a6e1fd0314f" isPrimary="true" isTestCase="true" isDynamic="false">
                    <codeReference assembly="SubSonic.Tests, Version=2.2.1.0, Culture=neutral, PublicKeyToken=null" namespace="SubSonic.Tests" type="SubSonic.Tests.CodeGeneratorTests" member="CodeGen2_RunClassTemplate" />
                    <codeLocation path="C:\data\SubsonicRoot\ss2\SubSonic.Tests\CodeGeneratorTests.cs" line="32" />
                    <metadata>
                      <entry key="TestKind">
                        <value>Test</value>
                      </entry>
                    </metadata>
                  </testStep>
                  <children />
                  <result assertCount="1" duration="0.4497351">
                    <outcome status="passed" />
                  </result>
                  <testLog>
                    <streams />
                    <attachments />
                  </testLog>
                </testStepRun>
                <testStepRun startTime="2011-08-05T15:48:29.6337205+09:30" endTime="2011-08-05T15:48:30.3368455+09:30">
                  <testStep id="27ec9be304d036" name="CodeGen2_RunSPTemplate" fullName="SubSonic.Tests/CodeGeneratorTests/CodeGen2_RunSPTemplate" testId="573732acbb6181e2" isPrimary="true" isTestCase="true" isDynamic="false">
                    <codeReference assembly="SubSonic.Tests, Version=2.2.1.0, Culture=neutral, PublicKeyToken=null" namespace="SubSonic.Tests" type="SubSonic.Tests.CodeGeneratorTests" member="CodeGen2_RunSPTemplate" />
                    <codeLocation path="C:\data\SubsonicRoot\ss2\SubSonic.Tests\CodeGeneratorTests.cs" line="45" />
                    <metadata>
                      <entry key="TestKind">
                        <value>Test</value>
                      </entry>
                    </metadata>
                  </testStep>
                  <children />
                  <result assertCount="1" duration="0.70065199999999994">
                    <outcome status="passed" />
                  </result>
                  <testLog>
                    <streams />
                    <attachments />
                  </testLog>
                </testStepRun>
                <testStepRun startTime="2011-08-05T15:48:30.3524705+09:30" endTime="2011-08-05T15:48:32.7430955+09:30">
                  <testStep id="67b5d94d4152e22" name="CodeGen2_RunStructTemplate" fullName="SubSonic.Tests/CodeGeneratorTests/CodeGen2_RunStructTemplate" testId="27cccb231a0e354c" isPrimary="true" isTestCase="true" isDynamic="false">
                    <codeReference assembly="SubSonic.Tests, Version=2.2.1.0, Culture=neutral, PublicKeyToken=null" namespace="SubSonic.Tests" type="SubSonic.Tests.CodeGeneratorTests" member="CodeGen2_RunStructTemplate" />
                    <codeLocation path="C:\data\SubsonicRoot\ss2\SubSonic.Tests\CodeGeneratorTests.cs" line="69" />
                    <metadata>
                      <entry key="TestKind">
                        <value>Test</value>
                      </entry>
                    </metadata>
                  </testStep>
                  <children />
                  <result assertCount="1" duration="2.392122">
                    <outcome status="passed" />
                  </result>
                  <testLog>
                    <streams />
                    <attachments />
                  </testLog>
                </testStepRun>
                <testStepRun startTime="2011-08-05T15:48:32.7587205+09:30" endTime="2011-08-05T15:48:33.0868455+09:30">
                  <testStep id="36fb4a7aabbe97b8" name="CodeGen2_RunViewTemplate" fullName="SubSonic.Tests/CodeGeneratorTests/CodeGen2_RunViewTemplate" testId="e7521bc44996209e" isPrimary="true" isTestCase="true" isDynamic="false">
                    <codeReference assembly="SubSonic.Tests, Version=2.2.1.0, Culture=neutral, PublicKeyToken=null" namespace="SubSonic.Tests" type="SubSonic.Tests.CodeGeneratorTests" member="CodeGen2_RunViewTemplate" />
                    <codeLocation path="C:\data\SubsonicRoot\ss2\SubSonic.Tests\CodeGeneratorTests.cs" line="57" />
                    <metadata>
                      <entry key="TestKind">
                        <value>Test</value>
                      </entry>
                    </metadata>
                  </testStep>
                  <children />
                  <result assertCount="1" duration="0.3251647">
                    <outcome status="passed" />
                  </result>
                  <testLog>
                    <streams />
                    <attachments />
                  </testLog>
                </testStepRun>
                <testStepRun startTime="2011-08-05T15:48:33.0868455+09:30" endTime="2011-08-05T15:48:33.4149705+09:30">
                  <testStep id="76cd4d5465086fbb" name="CodeGen2_VBRunClassTemplate" fullName="SubSonic.Tests/CodeGeneratorTests/CodeGen2_VBRunClassTemplate" testId="842b6141754bee7d" isPrimary="true" isTestCase="true" isDynamic="false">
                    <codeReference assembly="SubSonic.Tests, Version=2.2.1.0, Culture=neutral, PublicKeyToken=null" namespace="SubSonic.Tests" type="SubSonic.Tests.CodeGeneratorTests" member="CodeGen2_VBRunClassTemplate" />
                    <codeLocation path="C:\data\SubsonicRoot\ss2\SubSonic.Tests\CodeGeneratorTests.cs" line="81" />
                    <metadata>
                      <entry key="TestKind">
                        <value>Test</value>
                      </entry>
                    </metadata>
                  </testStep>
                  <children />
                  <result assertCount="1" duration="0.3181595">
                    <outcome status="passed" />
                  </result>
                  <testLog>
                    <streams />
                    <attachments />
                  </testLog>
                </testStepRun>
                <testStepRun startTime="2011-08-05T15:48:33.4149705+09:30" endTime="2011-08-05T15:48:33.7274705+09:30">
                  <testStep id="2f09acb1cfc48a85" name="CodeGen2_VBRunSPTemplate" fullName="SubSonic.Tests/CodeGeneratorTests/CodeGen2_VBRunSPTemplate" testId="9d63ffb3fed84048" isPrimary="true" isTestCase="true" isDynamic="false">
                    <codeReference assembly="SubSonic.Tests, Version=2.2.1.0, Culture=neutral, PublicKeyToken=null" namespace="SubSonic.Tests" type="SubSonic.Tests.CodeGeneratorTests" member="CodeGen2_VBRunSPTemplate" />
                    <codeLocation path="C:\data\SubsonicRoot\ss2\SubSonic.Tests\CodeGeneratorTests.cs" line="93" />
                    <metadata>
                      <entry key="TestKind">
                        <value>Test</value>
                      </entry>
                    </metadata>
                  </testStep>
                  <children />
                  <result assertCount="1" duration="0.32549859999999997">
                    <outcome status="passed" />
                  </result>
                  <testLog>
                    <streams />
                    <attachments />
                  </testLog>
                </testStepRun>
                <testStepRun startTime="2011-08-05T15:48:33.7430955+09:30" endTime="2011-08-05T15:48:34.0087205+09:30">
                  <testStep id="6aa74143b6e3fbc8" name="CodeGen2_VBRunStructTemplate" fullName="SubSonic.Tests/CodeGeneratorTests/CodeGen2_VBRunStructTemplate" testId="b7bffc3c3d64b19d" isPrimary="true" isTestCase="true" isDynamic="false">
                    <codeReference assembly="SubSonic.Tests, Version=2.2.1.0, Culture=neutral, PublicKeyToken=null" namespace="SubSonic.Tests" type="SubSonic.Tests.CodeGeneratorTests" member="CodeGen2_VBRunStructTemplate" />
                    <codeLocation path="C:\data\SubsonicRoot\ss2\SubSonic.Tests\CodeGeneratorTests.cs" line="117" />
                    <metadata>
                      <entry key="TestKind">
                        <value>Test</value>
                      </entry>
                    </metadata>
                  </testStep>
                  <children />
                  <result assertCount="1" duration="0.2702315">
                    <outcome status="passed" />
                  </result>
                  <testLog>
                    <streams />
                    <attachments />
                  </testLog>
                </testStepRun>
                <testStepRun startTime="2011-08-05T15:48:34.0087205+09:30" endTime="2011-08-05T15:48:34.3055955+09:30">
                  <testStep id="9d58e6d9d4b2e25b" name="CodeGen2_VBRunViewTemplate" fullName="SubSonic.Tests/CodeGeneratorTests/CodeGen2_VBRunViewTemplate" testId="9838a277a9925ec8" isPrimary="true" isTestCase="true" isDynamic="false">
                    <codeReference assembly="SubSonic.Tests, Version=2.2.1.0, Culture=neutral, PublicKeyToken=null" namespace="SubSonic.Tests" type="SubSonic.Tests.CodeGeneratorTests" member="CodeGen2_VBRunViewTemplate" />
                    <codeLocation path="C:\data\SubsonicRoot\ss2\SubSonic.Tests\CodeGeneratorTests.cs" line="105" />
                    <metadata>
                      <entry key="TestKind">
                        <value>Test</value>
                      </entry>
                    </metadata>
                  </testStep>
                  <children />
                  <result assertCount="1" duration="0.3068339">
                    <outcome status="passed" />
                  </result>
                  <testLog>
                    <streams />
                    <attachments />
                  </testLog>
                </testStepRun>
              </children>
              <result assertCount="8" duration="5.1406893">
                <outcome status="passed" />
              </result>
              <testLog>
                <streams />
                <attachments />
              </testLog>
            </testStepRun>
            <testStepRun startTime="2011-08-05T15:48:34.3212205+09:30" endTime="2011-08-05T15:48:34.4149705+09:30">
              <testStep id="31a6f759dba8efe4" name="DataServiceTest" fullName="SubSonic.Tests/DataServiceTest" testId="100d55b0e105bd89" isPrimary="true" isTestCase="false" isDynamic="false">
                <codeReference assembly="SubSonic.Tests, Version=2.2.1.0, Culture=neutral, PublicKeyToken=null" namespace="SubSonic.Tests" type="SubSonic.Tests.DataServiceTest" />
                <codeLocation path="C:\data\SubsonicRoot\ss2\SubSonic.Tests\DataServiceTest.cs" />
                <metadata>
                  <entry key="TestKind">
                    <value>Fixture</value>
                  </entry>
                </metadata>
              </testStep>
              <children>
                <testStepRun startTime="2011-08-05T15:48:34.3368455+09:30" endTime="2011-08-05T15:48:34.3524705+09:30">
                  <testStep id="87357daa20d0a47f" name="DataProvider_GetRecordCount" fullName="SubSonic.Tests/DataServiceTest/DataProvider_GetRecordCount" testId="ee678df2e826a4e0" isPrimary="true" isTestCase="true" isDynamic="false">
                    <codeReference assembly="SubSonic.Tests, Version=2.2.1.0, Culture=neutral, PublicKeyToken=null" namespace="SubSonic.Tests" type="SubSonic.Tests.DataServiceTest" member="DataProvider_GetRecordCount" />
                    <codeLocation path="C:\data\SubsonicRoot\ss2\SubSonic.Tests\DataServiceTest.cs" line="69" />
                    <metadata>
                      <entry key="TestKind">
                        <value>Test</value>
                      </entry>
                    </metadata>
                  </testStep>
                  <children />
                  <result assertCount="1" duration="0.0121379">
                    <outcome status="passed" />
                  </result>
                  <testLog>
                    <streams />
                    <attachments />
                  </testLog>
                </testStepRun>
                <testStepRun startTime="2011-08-05T15:48:34.3524705+09:30" endTime="2011-08-05T15:48:34.3524705+09:30">
                  <testStep id="640e829d29c98ecc" name="DataService_GetSchema" fullName="SubSonic.Tests/DataServiceTest/DataService_GetSchema" testId="b449a12d7036ab60" isPrimary="true" isTestCase="true" isDynamic="false">
                    <codeReference assembly="SubSonic.Tests, Version=2.2.1.0, Culture=neutral, PublicKeyToken=null" namespace="SubSonic.Tests" type="SubSonic.Tests.DataServiceTest" member="DataService_GetSchema" />
                    <codeLocation path="C:\data\SubsonicRoot\ss2\SubSonic.Tests\DataServiceTest.cs" line="49" />
                    <metadata>
                      <entry key="TestKind">
                        <value>Test</value>
                      </entry>
                    </metadata>
                  </testStep>
                  <children />
                  <result assertCount="1" duration="0.0029624">
                    <outcome status="passed" />
                  </result>
                  <testLog>
                    <streams />
                    <attachments />
                  </testLog>
                </testStepRun>
                <testStepRun startTime="2011-08-05T15:48:34.3524705+09:30" endTime="2011-08-05T15:48:34.4149705+09:30">
                  <testStep id="c1fe03f47e3fb868" name="DataService_GetTableNames" fullName="SubSonic.Tests/DataServiceTest/DataService_GetTableNames" testId="62b85bc2affcd08c" isPrimary="true" isTestCase="true" isDynamic="false">
                    <codeReference assembly="SubSonic.Tests, Version=2.2.1.0, Culture=neutral, PublicKeyToken=null" namespace="SubSonic.Tests" type="SubSonic.Tests.DataServiceTest" member="DataService_GetTableNames" />
                    <codeLocation path="C:\data\SubsonicRoot\ss2\SubSonic.Tests\DataServiceTest.cs" line="59" />
                    <metadata>
                      <entry key="TestKind">
                        <value>Test</value>
                      </entry>
                    </metadata>
                  </testStep>
                  <children />
                  <result assertCount="1" duration="0.016760999999999998">
                    <outcome status="passed" />
                  </result>
                  <testLog>
                    <streams />
                    <attachments />
                  </testLog>
                </testStepRun>
              </children>
              <result assertCount="3" duration="0.0472936">
                <outcome status="passed" />
              </result>
              <testLog>
                <streams />
                <attachments />
              </testLog>
            </testStepRun>
            <testStepRun startTime="2011-08-05T15:48:34.4305955+09:30" endTime="2011-08-05T15:48:34.5555955+09:30">
              <testStep id="f7cd570177d28c3d" name="DeleteTests" fullName="SubSonic.Tests/DeleteTests" testId="7a29c27c11dd12b4" isPrimary="true" isTestCase="false" isDynamic="false">
                <codeReference assembly="SubSonic.Tests, Version=2.2.1.0, Culture=neutral, PublicKeyToken=null" namespace="SubSonic.Tests.SqlQuery" type="SubSonic.Tests.SqlQuery.DeleteTests" />
                <codeLocation path="C:\data\SubsonicRoot\ss2\SubSonic.Tests\SqlQuery\DeleteTests.cs" />
                <metadata>
                  <entry key="TestKind">
                    <value>Fixture</value>
                  </entry>
                </metadata>
              </testStep>
              <children>
                <testStepRun startTime="2011-08-05T15:48:34.4305955+09:30" endTime="2011-08-05T15:48:34.5243455+09:30">
                  <testStep id="36486455c2d165e0" name="Delete_MultipleWithInsertBatch" fullName="SubSonic.Tests/DeleteTests/Delete_MultipleWithInsertBatch" testId="b8449160df3bfc16" isPrimary="true" isTestCase="true" isDynamic="false">
                    <codeReference assembly="SubSonic.Tests, Version=2.2.1.0, Culture=neutral, PublicKeyToken=null" namespace="SubSonic.Tests.SqlQuery" type="SubSonic.Tests.SqlQuery.DeleteTests" member="Delete_MultipleWithInsertBatch" />
                    <codeLocation path="C:\data\SubsonicRoot\ss2\SubSonic.Tests\SqlQuery\DeleteTests.cs" line="50" />
                    <metadata>
                      <entry key="TestKind">
                        <value>Test</value>
                      </entry>
                    </metadata>
                  </testStep>
                  <children />
                  <result assertCount="1" duration="0.1514816">
                    <outcome status="passed" />
                  </result>
                  <testLog>
                    <streams />
                    <attachments />
                  </testLog>
                </testStepRun>
                <testStepRun startTime="2011-08-05T15:48:34.5399705+09:30" endTime="2011-08-05T15:48:34.5399705+09:30">
                  <testStep id="c3b9a3d3619a70f1" name="Delete_Simple" fullName="SubSonic.Tests/DeleteTests/Delete_Simple" testId="5081633c8f2fb62f" isPrimary="true" isTestCase="true" isDynamic="false">
                    <codeReference assembly="SubSonic.Tests, Version=2.2.1.0, Culture=neutral, PublicKeyToken=null" namespace="SubSonic.Tests.SqlQuery" type="SubSonic.Tests.SqlQuery.DeleteTests" member="Delete_Simple" />
                    <codeLocation path="C:\data\SubsonicRoot\ss2\SubSonic.Tests\SqlQuery\DeleteTests.cs" line="36" />
                    <metadata>
                      <entry key="TestKind">
                        <value>Test</value>
                      </entry>
                    </metadata>
                  </testStep>
                  <children />
                  <result assertCount="1" duration="0.0109635">
                    <outcome status="passed" />
                  </result>
                  <testLog>
                    <streams />
                    <attachments />
                  </testLog>
                </testStepRun>
                <testStepRun startTime="2011-08-05T15:48:34.5555955+09:30" endTime="2011-08-05T15:48:34.5555955+09:30">
                  <testStep id="5b03b99b6e8dd211" name="Delete_SimpleSqlCheck" fullName="SubSonic.Tests/DeleteTests/Delete_SimpleSqlCheck" testId="2596e467ffe54266" isPrimary="true" isTestCase="true" isDynamic="false">
                    <codeReference assembly="SubSonic.Tests, Version=2.2.1.0, Culture=neutral, PublicKeyToken=null" namespace="SubSonic.Tests.SqlQuery" type="SubSonic.Tests.SqlQuery.DeleteTests" member="Delete_SimpleSqlCheck" />
                    <codeLocation path="C:\data\SubsonicRoot\ss2\SubSonic.Tests\SqlQuery\DeleteTests.cs" line="28" />
                    <metadata>
                      <entry key="TestKind">
                        <value>Test</value>
                      </entry>
                    </metadata>
                  </testStep>
                  <children />
                  <result assertCount="1" duration="0.0022537">
                    <outcome status="passed" />
                  </result>
                  <testLog>
                    <streams />
                    <attachments />
                  </testLog>
                </testStepRun>
              </children>
              <result assertCount="3" duration="0.18238849999999998">
                <outcome status="passed" />
              </result>
              <testLog>
                <streams />
                <attachments />
              </testLog>
            </testStepRun>
            <testStepRun startTime="2011-08-05T15:48:34.5555955+09:30" endTime="2011-08-05T15:48:35.2430955+09:30">
              <testStep id="235ff179be54f2d0" name="ETL" fullName="SubSonic.Tests/ETL" testId="ad7c7598a63cd1b4" isPrimary="true" isTestCase="false" isDynamic="false">
                <codeReference assembly="SubSonic.Tests, Version=2.2.1.0, Culture=neutral, PublicKeyToken=null" namespace="SubSonic.Tests" type="SubSonic.Tests.ETL" />
                <codeLocation path="C:\data\SubsonicRoot\ss2\SubSonic.Tests\ETL.cs" />
                <metadata>
                  <entry key="TestKind">
                    <value>Fixture</value>
                  </entry>
                </metadata>
              </testStep>
              <children>
                <testStepRun startTime="2011-08-05T15:48:34.5712205+09:30" endTime="2011-08-05T15:48:34.7587205+09:30">
                  <testStep id="e3898343d5be3f60" name="ETL_CloneCollection" fullName="SubSonic.Tests/ETL/ETL_CloneCollection" testId="cbceecda1b6cb0f4" isPrimary="true" isTestCase="true" isDynamic="false">
                    <codeReference assembly="SubSonic.Tests, Version=2.2.1.0, Culture=neutral, PublicKeyToken=null" namespace="SubSonic.Tests" type="SubSonic.Tests.ETL" member="ETL_CloneCollection" />
                    <codeLocation path="C:\data\SubsonicRoot\ss2\SubSonic.Tests\ETL.cs" line="63" />
                    <metadata>
                      <entry key="TestKind">
                        <value>Test</value>
                      </entry>
                    </metadata>
                  </testStep>
                  <children />
                  <result assertCount="0" duration="0.0224533">
                    <outcome status="failed" />
                  </result>
                  <testLog>
                    <streams>
                      <stream name="Failures">
                        <body>
                          <contents>
                            <section name="Execute">
                              <contents>
                                <marker class="Exception">
                                  <contents>
                                    <marker class="ExceptionType">
                                      <contents>
                                        <text><![CDATA[System.Data.SqlClient.SqlException]]></text>
                                      </contents>
                                      <attributes />
                                    </marker>
                                    <text><![CDATA[: ]]></text>
                                    <marker class="ExceptionMessage">
                                      <contents>
                                        <text><![CDATA[Incorrect syntax near the keyword 'ORDER'.]]></text>
                                      </contents>
                                      <attributes />
                                    </marker>
                                    <text><![CDATA[
]]></text>
                                    <marker class="ExceptionPropertyName">
                                      <contents>
                                        <text><![CDATA[Errors]]></text>
                                      </contents>
                                      <attributes />
                                    </marker>
                                    <text><![CDATA[: ]]></text>
                                    <marker class="ExceptionPropertyValue">
                                      <contents>
                                        <text><![CDATA[System.Data.SqlClient.SqlErrorCollection]]></text>
                                      </contents>
                                      <attributes />
                                    </marker>
                                    <text><![CDATA[
]]></text>
                                    <marker class="ExceptionPropertyName">
                                      <contents>
                                        <text><![CDATA[Class]]></text>
                                      </contents>
                                      <attributes />
                                    </marker>
                                    <text><![CDATA[: ]]></text>
                                    <marker class="ExceptionPropertyValue">
                                      <contents>
                                        <text><![CDATA[15]]></text>
                                      </contents>
                                      <attributes />
                                    </marker>
                                    <text><![CDATA[
]]></text>
                                    <marker class="ExceptionPropertyName">
                                      <contents>
                                        <text><![CDATA[LineNumber]]></text>
                                      </contents>
                                      <attributes />
                                    </marker>
                                    <text><![CDATA[: ]]></text>
                                    <marker class="ExceptionPropertyValue">
                                      <contents>
                                        <text><![CDATA[1]]></text>
                                      </contents>
                                      <attributes />
                                    </marker>
                                    <text><![CDATA[
]]></text>
                                    <marker class="ExceptionPropertyName">
                                      <contents>
                                        <text><![CDATA[Number]]></text>
                                      </contents>
                                      <attributes />
                                    </marker>
                                    <text><![CDATA[: ]]></text>
                                    <marker class="ExceptionPropertyValue">
                                      <contents>
                                        <text><![CDATA[156]]></text>
                                      </contents>
                                      <attributes />
                                    </marker>
                                    <text><![CDATA[
]]></text>
                                    <marker class="ExceptionPropertyName">
                                      <contents>
                                        <text><![CDATA[Procedure]]></text>
                                      </contents>
                                      <attributes />
                                    </marker>
                                    <text><![CDATA[: ]]></text>
                                    <marker class="ExceptionPropertyValue">
                                      <contents />
                                      <attributes />
                                    </marker>
                                    <text><![CDATA[
]]></text>
                                    <marker class="ExceptionPropertyName">
                                      <contents>
                                        <text><![CDATA[Server]]></text>
                                      </contents>
                                      <attributes />
                                    </marker>
                                    <text><![CDATA[: ]]></text>
                                    <marker class="ExceptionPropertyValue">
                                      <contents>
                                        <text><![CDATA[ANAXIMANDER\SQLEXPRESS]]></text>
                                      </contents>
                                      <attributes />
                                    </marker>
                                    <text><![CDATA[
]]></text>
                                    <marker class="ExceptionPropertyName">
                                      <contents>
                                        <text><![CDATA[State]]></text>
                                      </contents>
                                      <attributes />
                                    </marker>
                                    <text><![CDATA[: ]]></text>
                                    <marker class="ExceptionPropertyValue">
                                      <contents>
                                        <text><![CDATA[1]]></text>
                                      </contents>
                                      <attributes />
                                    </marker>
                                    <text><![CDATA[
]]></text>
                                    <marker class="ExceptionPropertyName">
                                      <contents>
                                        <text><![CDATA[ErrorCode]]></text>
                                      </contents>
                                      <attributes />
                                    </marker>
                                    <text><![CDATA[: ]]></text>
                                    <marker class="ExceptionPropertyValue">
                                      <contents>
                                        <text><![CDATA[-2146232060]]></text>
                                      </contents>
                                      <attributes />
                                    </marker>
                                    <text><![CDATA[
]]></text>
                                    <marker class="StackTrace">
                                      <contents>
                                        <text><![CDATA[   at System.Data.SqlClient.SqlConnection.OnError(SqlException exception, Boolean breakConnection)
   at System.Data.SqlClient.SqlInternalConnection.OnError(SqlException exception, Boolean breakConnection)
   at System.Data.SqlClient.TdsParser.ThrowExceptionAndWarning(TdsParserStateObject stateObj)
   at System.Data.SqlClient.TdsParser.Run(RunBehavior runBehavior, SqlCommand cmdHandler, SqlDataReader dataStream, BulkCopySimpleResultSet bulkCopyHandler, TdsParserStateObject stateObj)
   at System.Data.SqlClient.SqlDataReader.ConsumeMetaData()
   at System.Data.SqlClient.SqlDataReader.get_MetaData()
   at System.Data.SqlClient.SqlCommand.FinishExecuteReader(SqlDataReader ds, RunBehavior runBehavior, String resetOptionsString)
   at System.Data.SqlClient.SqlCommand.RunExecuteReaderTds(CommandBehavior cmdBehavior, RunBehavior runBehavior, Boolean returnStream, Boolean async)
   at System.Data.SqlClient.SqlCommand.RunExecuteReader(CommandBehavior cmdBehavior, RunBehavior runBehavior, Boolean returnStream, String method, DbAsyncResult result)
   at System.Data.SqlClient.SqlCommand.RunExecuteReader(CommandBehavior cmdBehavior, RunBehavior runBehavior, Boolean returnStream, String method)
   at System.Data.SqlClient.SqlCommand.ExecuteReader(CommandBehavior behavior, String method)
   at System.Data.SqlClient.SqlCommand.ExecuteReader(CommandBehavior behavior)
   at SubSonic.SqlDataProvider.GetReader(QueryCommand qry) in ]]></text>
                                        <marker class="CodeLocation">
                                          <contents>
                                            <text><![CDATA[C:\data\SubsonicRoot\ss2\SubSonic\DataProviders\SqlDataProvider.cs:line 384]]></text>
                                          </contents>
                                          <attributes>
                                            <attribute name="line" value="384" />
                                            <attribute name="path" value="C:\data\SubsonicRoot\ss2\SubSonic\DataProviders\SqlDataProvider.cs" />
                                          </attributes>
                                        </marker>
                                        <text><![CDATA[
   at SubSonic.DataService.GetReader(QueryCommand cmd) in ]]></text>
                                        <marker class="CodeLocation">
                                          <contents>
                                            <text><![CDATA[C:\data\SubsonicRoot\ss2\SubSonic\DataProviders\DataService.cs:line 506]]></text>
                                          </contents>
                                          <attributes>
                                            <attribute name="line" value="506" />
                                            <attribute name="path" value="C:\data\SubsonicRoot\ss2\SubSonic\DataProviders\DataService.cs" />
                                          </attributes>
                                        </marker>
                                        <text><![CDATA[
   at SubSonic.Query.ExecuteReader() in ]]></text>
                                        <marker class="CodeLocation">
                                          <contents>
                                            <text><![CDATA[C:\data\SubsonicRoot\ss2\SubSonic\Sql Tools\Query.cs:line 1814]]></text>
                                          </contents>
                                          <attributes>
                                            <attribute name="line" value="1814" />
                                            <attribute name="path" value="C:\data\SubsonicRoot\ss2\SubSonic\Sql Tools\Query.cs" />
                                          </attributes>
                                        </marker>
                                        <text><![CDATA[
   at SubSonic.AbstractList`2.Load() in ]]></text>
                                        <marker class="CodeLocation">
                                          <contents>
                                            <text><![CDATA[C:\data\SubsonicRoot\ss2\SubSonic\ActiveRecord\AbstractList.cs:line 469]]></text>
                                          </contents>
                                          <attributes>
                                            <attribute name="line" value="469" />
                                            <attribute name="path" value="C:\data\SubsonicRoot\ss2\SubSonic\ActiveRecord\AbstractList.cs" />
                                          </attributes>
                                        </marker>
                                        <text><![CDATA[
   at SubSonic.Tests.ETL.ETL_CloneCollection() in ]]></text>
                                        <marker class="CodeLocation">
                                          <contents>
                                            <text><![CDATA[C:\data\SubsonicRoot\ss2\SubSonic.Tests\ETL.cs:line 65]]></text>
                                          </contents>
                                          <attributes>
                                            <attribute name="line" value="65" />
                                            <attribute name="path" value="C:\data\SubsonicRoot\ss2\SubSonic.Tests\ETL.cs" />
                                          </attributes>
                                        </marker>
                                      </contents>
                                      <attributes />
                                    </marker>
                                  </contents>
                                  <attributes />
                                </marker>
                              </contents>
                            </section>
                          </contents>
                        </body>
                      </stream>
                    </streams>
                    <attachments />
                  </testLog>
                </testStepRun>
                <testStepRun startTime="2011-08-05T15:48:34.7587205+09:30" endTime="2011-08-05T15:48:34.9305955+09:30">
                  <testStep id="8b6e45fd0ca5fd3c" name="ETL_CloneInstance" fullName="SubSonic.Tests/ETL/ETL_CloneInstance" testId="f24ece17abffb775" isPrimary="true" isTestCase="true" isDynamic="false">
                    <codeReference assembly="SubSonic.Tests, Version=2.2.1.0, Culture=neutral, PublicKeyToken=null" namespace="SubSonic.Tests" type="SubSonic.Tests.ETL" member="ETL_CloneInstance" />
                    <codeLocation path="C:\data\SubsonicRoot\ss2\SubSonic.Tests\ETL.cs" line="50" />
                    <metadata>
                      <entry key="TestKind">
                        <value>Test</value>
                      </entry>
                    </metadata>
                  </testStep>
                  <children />
                  <result assertCount="0" duration="0.0121322">
                    <outcome status="failed" />
                  </result>
                  <testLog>
                    <streams>
                      <stream name="Failures">
                        <body>
                          <contents>
                            <section name="Execute">
                              <contents>
                                <marker class="Exception">
                                  <contents>
                                    <marker class="ExceptionType">
                                      <contents>
                                        <text><![CDATA[System.Data.SqlClient.SqlException]]></text>
                                      </contents>
                                      <attributes />
                                    </marker>
                                    <text><![CDATA[: ]]></text>
                                    <marker class="ExceptionMessage">
                                      <contents>
                                        <text><![CDATA[Incorrect syntax near the keyword 'ORDER'.]]></text>
                                      </contents>
                                      <attributes />
                                    </marker>
                                    <text><![CDATA[
]]></text>
                                    <marker class="ExceptionPropertyName">
                                      <contents>
                                        <text><![CDATA[Errors]]></text>
                                      </contents>
                                      <attributes />
                                    </marker>
                                    <text><![CDATA[: ]]></text>
                                    <marker class="ExceptionPropertyValue">
                                      <contents>
                                        <text><![CDATA[System.Data.SqlClient.SqlErrorCollection]]></text>
                                      </contents>
                                      <attributes />
                                    </marker>
                                    <text><![CDATA[
]]></text>
                                    <marker class="ExceptionPropertyName">
                                      <contents>
                                        <text><![CDATA[Class]]></text>
                                      </contents>
                                      <attributes />
                                    </marker>
                                    <text><![CDATA[: ]]></text>
                                    <marker class="ExceptionPropertyValue">
                                      <contents>
                                        <text><![CDATA[15]]></text>
                                      </contents>
                                      <attributes />
                                    </marker>
                                    <text><![CDATA[
]]></text>
                                    <marker class="ExceptionPropertyName">
                                      <contents>
                                        <text><![CDATA[LineNumber]]></text>
                                      </contents>
                                      <attributes />
                                    </marker>
                                    <text><![CDATA[: ]]></text>
                                    <marker class="ExceptionPropertyValue">
                                      <contents>
                                        <text><![CDATA[1]]></text>
                                      </contents>
                                      <attributes />
                                    </marker>
                                    <text><![CDATA[
]]></text>
                                    <marker class="ExceptionPropertyName">
                                      <contents>
                                        <text><![CDATA[Number]]></text>
                                      </contents>
                                      <attributes />
                                    </marker>
                                    <text><![CDATA[: ]]></text>
                                    <marker class="ExceptionPropertyValue">
                                      <contents>
                                        <text><![CDATA[156]]></text>
                                      </contents>
                                      <attributes />
                                    </marker>
                                    <text><![CDATA[
]]></text>
                                    <marker class="ExceptionPropertyName">
                                      <contents>
                                        <text><![CDATA[Procedure]]></text>
                                      </contents>
                                      <attributes />
                                    </marker>
                                    <text><![CDATA[: ]]></text>
                                    <marker class="ExceptionPropertyValue">
                                      <contents />
                                      <attributes />
                                    </marker>
                                    <text><![CDATA[
]]></text>
                                    <marker class="ExceptionPropertyName">
                                      <contents>
                                        <text><![CDATA[Server]]></text>
                                      </contents>
                                      <attributes />
                                    </marker>
                                    <text><![CDATA[: ]]></text>
                                    <marker class="ExceptionPropertyValue">
                                      <contents>
                                        <text><![CDATA[ANAXIMANDER\SQLEXPRESS]]></text>
                                      </contents>
                                      <attributes />
                                    </marker>
                                    <text><![CDATA[
]]></text>
                                    <marker class="ExceptionPropertyName">
                                      <contents>
                                        <text><![CDATA[State]]></text>
                                      </contents>
                                      <attributes />
                                    </marker>
                                    <text><![CDATA[: ]]></text>
                                    <marker class="ExceptionPropertyValue">
                                      <contents>
                                        <text><![CDATA[1]]></text>
                                      </contents>
                                      <attributes />
                                    </marker>
                                    <text><![CDATA[
]]></text>
                                    <marker class="ExceptionPropertyName">
                                      <contents>
                                        <text><![CDATA[ErrorCode]]></text>
                                      </contents>
                                      <attributes />
                                    </marker>
                                    <text><![CDATA[: ]]></text>
                                    <marker class="ExceptionPropertyValue">
                                      <contents>
                                        <text><![CDATA[-2146232060]]></text>
                                      </contents>
                                      <attributes />
                                    </marker>
                                    <text><![CDATA[
]]></text>
                                    <marker class="StackTrace">
                                      <contents>
                                        <text><![CDATA[   at System.Data.SqlClient.SqlConnection.OnError(SqlException exception, Boolean breakConnection)
   at System.Data.SqlClient.SqlInternalConnection.OnError(SqlException exception, Boolean breakConnection)
   at System.Data.SqlClient.TdsParser.ThrowExceptionAndWarning(TdsParserStateObject stateObj)
   at System.Data.SqlClient.TdsParser.Run(RunBehavior runBehavior, SqlCommand cmdHandler, SqlDataReader dataStream, BulkCopySimpleResultSet bulkCopyHandler, TdsParserStateObject stateObj)
   at System.Data.SqlClient.SqlDataReader.ConsumeMetaData()
   at System.Data.SqlClient.SqlDataReader.get_MetaData()
   at System.Data.SqlClient.SqlCommand.FinishExecuteReader(SqlDataReader ds, RunBehavior runBehavior, String resetOptionsString)
   at System.Data.SqlClient.SqlCommand.RunExecuteReaderTds(CommandBehavior cmdBehavior, RunBehavior runBehavior, Boolean returnStream, Boolean async)
   at System.Data.SqlClient.SqlCommand.RunExecuteReader(CommandBehavior cmdBehavior, RunBehavior runBehavior, Boolean returnStream, String method, DbAsyncResult result)
   at System.Data.SqlClient.SqlCommand.RunExecuteReader(CommandBehavior cmdBehavior, RunBehavior runBehavior, Boolean returnStream, String method)
   at System.Data.SqlClient.SqlCommand.ExecuteReader(CommandBehavior behavior, String method)
   at System.Data.SqlClient.SqlCommand.ExecuteReader(CommandBehavior behavior)
   at SubSonic.SqlDataProvider.GetReader(QueryCommand qry) in ]]></text>
                                        <marker class="CodeLocation">
                                          <contents>
                                            <text><![CDATA[C:\data\SubsonicRoot\ss2\SubSonic\DataProviders\SqlDataProvider.cs:line 384]]></text>
                                          </contents>
                                          <attributes>
                                            <attribute name="line" value="384" />
                                            <attribute name="path" value="C:\data\SubsonicRoot\ss2\SubSonic\DataProviders\SqlDataProvider.cs" />
                                          </attributes>
                                        </marker>
                                        <text><![CDATA[
   at SubSonic.DataService.GetReader(QueryCommand cmd) in ]]></text>
                                        <marker class="CodeLocation">
                                          <contents>
                                            <text><![CDATA[C:\data\SubsonicRoot\ss2\SubSonic\DataProviders\DataService.cs:line 506]]></text>
                                          </contents>
                                          <attributes>
                                            <attribute name="line" value="506" />
                                            <attribute name="path" value="C:\data\SubsonicRoot\ss2\SubSonic\DataProviders\DataService.cs" />
                                          </attributes>
                                        </marker>
                                        <text><![CDATA[
   at SubSonic.Query.ExecuteReader() in ]]></text>
                                        <marker class="CodeLocation">
                                          <contents>
                                            <text><![CDATA[C:\data\SubsonicRoot\ss2\SubSonic\Sql Tools\Query.cs:line 1814]]></text>
                                          </contents>
                                          <attributes>
                                            <attribute name="line" value="1814" />
                                            <attribute name="path" value="C:\data\SubsonicRoot\ss2\SubSonic\Sql Tools\Query.cs" />
                                          </attributes>
                                        </marker>
                                        <text><![CDATA[
   at SubSonic.ReadOnlyRecord`1.LoadByKey(Object keyID) in ]]></text>
                                        <marker class="CodeLocation">
                                          <contents>
                                            <text><![CDATA[C:\data\SubsonicRoot\ss2\SubSonic\ActiveRecord\ReadOnlyRecord.cs:line 72]]></text>
                                          </contents>
                                          <attributes>
                                            <attribute name="line" value="72" />
                                            <attribute name="path" value="C:\data\SubsonicRoot\ss2\SubSonic\ActiveRecord\ReadOnlyRecord.cs" />
                                          </attributes>
                                        </marker>
                                        <text><![CDATA[
   at Northwind.Product..ctor(Object keyID) in ]]></text>
                                        <marker class="CodeLocation">
                                          <contents>
                                            <text><![CDATA[C:\data\SubsonicRoot\ss2\SubSonic.Tests\Generated\Northwind\Product.cs:line 93]]></text>
                                          </contents>
                                          <attributes>
                                            <attribute name="line" value="93" />
                                            <attribute name="path" value="C:\data\SubsonicRoot\ss2\SubSonic.Tests\Generated\Northwind\Product.cs" />
                                          </attributes>
                                        </marker>
                                        <text><![CDATA[
   at SubSonic.Tests.ETL.ETL_CloneInstance() in ]]></text>
                                        <marker class="CodeLocation">
                                          <contents>
                                            <text><![CDATA[C:\data\SubsonicRoot\ss2\SubSonic.Tests\ETL.cs:line 51]]></text>
                                          </contents>
                                          <attributes>
                                            <attribute name="line" value="51" />
                                            <attribute name="path" value="C:\data\SubsonicRoot\ss2\SubSonic.Tests\ETL.cs" />
                                          </attributes>
                                        </marker>
                                      </contents>
                                      <attributes />
                                    </marker>
                                  </contents>
                                  <attributes />
                                </marker>
                              </contents>
                            </section>
                          </contents>
                        </body>
                      </stream>
                    </streams>
                    <attachments />
                  </testLog>
                </testStepRun>
                <testStepRun startTime="2011-08-05T15:48:34.9305955+09:30" endTime="2011-08-05T15:48:35.1024705+09:30">
                  <testStep id="4f6af65281e155ea" name="ETL_CollectionToTable" fullName="SubSonic.Tests/ETL/ETL_CollectionToTable" testId="6377c57e3d83cf09" isPrimary="true" isTestCase="true" isDynamic="false">
                    <codeReference assembly="SubSonic.Tests, Version=2.2.1.0, Culture=neutral, PublicKeyToken=null" namespace="SubSonic.Tests" type="SubSonic.Tests.ETL" member="ETL_CollectionToTable" />
                    <codeLocation path="C:\data\SubsonicRoot\ss2\SubSonic.Tests\ETL.cs" line="89" />
                    <metadata>
                      <entry key="TestKind">
                        <value>Test</value>
                      </entry>
                    </metadata>
                  </testStep>
                  <children />
                  <result assertCount="0" duration="0.0106409">
                    <outcome status="failed" />
                  </result>
                  <testLog>
                    <streams>
                      <stream name="Failures">
                        <body>
                          <contents>
                            <section name="Execute">
                              <contents>
                                <marker class="Exception">
                                  <contents>
                                    <marker class="ExceptionType">
                                      <contents>
                                        <text><![CDATA[System.Data.SqlClient.SqlException]]></text>
                                      </contents>
                                      <attributes />
                                    </marker>
                                    <text><![CDATA[: ]]></text>
                                    <marker class="ExceptionMessage">
                                      <contents>
                                        <text><![CDATA[Incorrect syntax near the keyword 'ORDER'.]]></text>
                                      </contents>
                                      <attributes />
                                    </marker>
                                    <text><![CDATA[
]]></text>
                                    <marker class="ExceptionPropertyName">
                                      <contents>
                                        <text><![CDATA[Errors]]></text>
                                      </contents>
                                      <attributes />
                                    </marker>
                                    <text><![CDATA[: ]]></text>
                                    <marker class="ExceptionPropertyValue">
                                      <contents>
                                        <text><![CDATA[System.Data.SqlClient.SqlErrorCollection]]></text>
                                      </contents>
                                      <attributes />
                                    </marker>
                                    <text><![CDATA[
]]></text>
                                    <marker class="ExceptionPropertyName">
                                      <contents>
                                        <text><![CDATA[Class]]></text>
                                      </contents>
                                      <attributes />
                                    </marker>
                                    <text><![CDATA[: ]]></text>
                                    <marker class="ExceptionPropertyValue">
                                      <contents>
                                        <text><![CDATA[15]]></text>
                                      </contents>
                                      <attributes />
                                    </marker>
                                    <text><![CDATA[
]]></text>
                                    <marker class="ExceptionPropertyName">
                                      <contents>
                                        <text><![CDATA[LineNumber]]></text>
                                      </contents>
                                      <attributes />
                                    </marker>
                                    <text><![CDATA[: ]]></text>
                                    <marker class="ExceptionPropertyValue">
                                      <contents>
                                        <text><![CDATA[1]]></text>
                                      </contents>
                                      <attributes />
                                    </marker>
                                    <text><![CDATA[
]]></text>
                                    <marker class="ExceptionPropertyName">
                                      <contents>
                                        <text><![CDATA[Number]]></text>
                                      </contents>
                                      <attributes />
                                    </marker>
                                    <text><![CDATA[: ]]></text>
                                    <marker class="ExceptionPropertyValue">
                                      <contents>
                                        <text><![CDATA[156]]></text>
                                      </contents>
                                      <attributes />
                                    </marker>
                                    <text><![CDATA[
]]></text>
                                    <marker class="ExceptionPropertyName">
                                      <contents>
                                        <text><![CDATA[Procedure]]></text>
                                      </contents>
                                      <attributes />
                                    </marker>
                                    <text><![CDATA[: ]]></text>
                                    <marker class="ExceptionPropertyValue">
                                      <contents />
                                      <attributes />
                                    </marker>
                                    <text><![CDATA[
]]></text>
                                    <marker class="ExceptionPropertyName">
                                      <contents>
                                        <text><![CDATA[Server]]></text>
                                      </contents>
                                      <attributes />
                                    </marker>
                                    <text><![CDATA[: ]]></text>
                                    <marker class="ExceptionPropertyValue">
                                      <contents>
                                        <text><![CDATA[ANAXIMANDER\SQLEXPRESS]]></text>
                                      </contents>
                                      <attributes />
                                    </marker>
                                    <text><![CDATA[
]]></text>
                                    <marker class="ExceptionPropertyName">
                                      <contents>
                                        <text><![CDATA[State]]></text>
                                      </contents>
                                      <attributes />
                                    </marker>
                                    <text><![CDATA[: ]]></text>
                                    <marker class="ExceptionPropertyValue">
                                      <contents>
                                        <text><![CDATA[1]]></text>
                                      </contents>
                                      <attributes />
                                    </marker>
                                    <text><![CDATA[
]]></text>
                                    <marker class="ExceptionPropertyName">
                                      <contents>
                                        <text><![CDATA[ErrorCode]]></text>
                                      </contents>
                                      <attributes />
                                    </marker>
                                    <text><![CDATA[: ]]></text>
                                    <marker class="ExceptionPropertyValue">
                                      <contents>
                                        <text><![CDATA[-2146232060]]></text>
                                      </contents>
                                      <attributes />
                                    </marker>
                                    <text><![CDATA[
]]></text>
                                    <marker class="StackTrace">
                                      <contents>
                                        <text><![CDATA[   at System.Data.SqlClient.SqlConnection.OnError(SqlException exception, Boolean breakConnection)
   at System.Data.SqlClient.SqlInternalConnection.OnError(SqlException exception, Boolean breakConnection)
   at System.Data.SqlClient.TdsParser.ThrowExceptionAndWarning(TdsParserStateObject stateObj)
   at System.Data.SqlClient.TdsParser.Run(RunBehavior runBehavior, SqlCommand cmdHandler, SqlDataReader dataStream, BulkCopySimpleResultSet bulkCopyHandler, TdsParserStateObject stateObj)
   at System.Data.SqlClient.SqlDataReader.ConsumeMetaData()
   at System.Data.SqlClient.SqlDataReader.get_MetaData()
   at System.Data.SqlClient.SqlCommand.FinishExecuteReader(SqlDataReader ds, RunBehavior runBehavior, String resetOptionsString)
   at System.Data.SqlClient.SqlCommand.RunExecuteReaderTds(CommandBehavior cmdBehavior, RunBehavior runBehavior, Boolean returnStream, Boolean async)
   at System.Data.SqlClient.SqlCommand.RunExecuteReader(CommandBehavior cmdBehavior, RunBehavior runBehavior, Boolean returnStream, String method, DbAsyncResult result)
   at System.Data.SqlClient.SqlCommand.RunExecuteReader(CommandBehavior cmdBehavior, RunBehavior runBehavior, Boolean returnStream, String method)
   at System.Data.SqlClient.SqlCommand.ExecuteReader(CommandBehavior behavior, String method)
   at System.Data.SqlClient.SqlCommand.ExecuteReader(CommandBehavior behavior)
   at SubSonic.SqlDataProvider.GetReader(QueryCommand qry) in ]]></text>
                                        <marker class="CodeLocation">
                                          <contents>
                                            <text><![CDATA[C:\data\SubsonicRoot\ss2\SubSonic\DataProviders\SqlDataProvider.cs:line 384]]></text>
                                          </contents>
                                          <attributes>
                                            <attribute name="line" value="384" />
                                            <attribute name="path" value="C:\data\SubsonicRoot\ss2\SubSonic\DataProviders\SqlDataProvider.cs" />
                                          </attributes>
                                        </marker>
                                        <text><![CDATA[
   at SubSonic.DataService.GetReader(QueryCommand cmd) in ]]></text>
                                        <marker class="CodeLocation">
                                          <contents>
                                            <text><![CDATA[C:\data\SubsonicRoot\ss2\SubSonic\DataProviders\DataService.cs:line 506]]></text>
                                          </contents>
                                          <attributes>
                                            <attribute name="line" value="506" />
                                            <attribute name="path" value="C:\data\SubsonicRoot\ss2\SubSonic\DataProviders\DataService.cs" />
                                          </attributes>
                                        </marker>
                                        <text><![CDATA[
   at SubSonic.Query.ExecuteReader() in ]]></text>
                                        <marker class="CodeLocation">
                                          <contents>
                                            <text><![CDATA[C:\data\SubsonicRoot\ss2\SubSonic\Sql Tools\Query.cs:line 1814]]></text>
                                          </contents>
                                          <attributes>
                                            <attribute name="line" value="1814" />
                                            <attribute name="path" value="C:\data\SubsonicRoot\ss2\SubSonic\Sql Tools\Query.cs" />
                                          </attributes>
                                        </marker>
                                        <text><![CDATA[
   at SubSonic.AbstractList`2.Load() in ]]></text>
                                        <marker class="CodeLocation">
                                          <contents>
                                            <text><![CDATA[C:\data\SubsonicRoot\ss2\SubSonic\ActiveRecord\AbstractList.cs:line 469]]></text>
                                          </contents>
                                          <attributes>
                                            <attribute name="line" value="469" />
                                            <attribute name="path" value="C:\data\SubsonicRoot\ss2\SubSonic\ActiveRecord\AbstractList.cs" />
                                          </attributes>
                                        </marker>
                                        <text><![CDATA[
   at SubSonic.Tests.ETL.ETL_CollectionToTable() in ]]></text>
                                        <marker class="CodeLocation">
                                          <contents>
                                            <text><![CDATA[C:\data\SubsonicRoot\ss2\SubSonic.Tests\ETL.cs:line 91]]></text>
                                          </contents>
                                          <attributes>
                                            <attribute name="line" value="91" />
                                            <attribute name="path" value="C:\data\SubsonicRoot\ss2\SubSonic.Tests\ETL.cs" />
                                          </attributes>
                                        </marker>
                                      </contents>
                                      <attributes />
                                    </marker>
                                  </contents>
                                  <attributes />
                                </marker>
                              </contents>
                            </section>
                          </contents>
                        </body>
                      </stream>
                    </streams>
                    <attachments />
                  </testLog>
                </testStepRun>
                <testStepRun startTime="2011-08-05T15:48:35.1024705+09:30" endTime="2011-08-05T15:48:35.2430955+09:30">
                  <testStep id="c613347beb469c8" name="ETL_CopyCollection" fullName="SubSonic.Tests/ETL/ETL_CopyCollection" testId="cbb6eb256b8756a6" isPrimary="true" isTestCase="true" isDynamic="false">
                    <codeReference assembly="SubSonic.Tests, Version=2.2.1.0, Culture=neutral, PublicKeyToken=null" namespace="SubSonic.Tests" type="SubSonic.Tests.ETL" member="ETL_CopyCollection" />
                    <codeLocation path="C:\data\SubsonicRoot\ss2\SubSonic.Tests\ETL.cs" line="76" />
                    <metadata>
                      <entry key="TestKind">
                        <value>Test</value>
                      </entry>
                    </metadata>
                  </testStep>
                  <children />
                  <result assertCount="0" duration="0.057181699999999995">
                    <outcome status="failed" />
                  </result>
                  <testLog>
                    <streams>
                      <stream name="Failures">
                        <body>
                          <contents>
                            <section name="Execute">
                              <contents>
                                <marker class="Exception">
                                  <contents>
                                    <marker class="ExceptionType">
                                      <contents>
                                        <text><![CDATA[System.Data.SqlClient.SqlException]]></text>
                                      </contents>
                                      <attributes />
                                    </marker>
                                    <text><![CDATA[: ]]></text>
                                    <marker class="ExceptionMessage">
                                      <contents>
                                        <text><![CDATA[Incorrect syntax near the keyword 'ORDER'.]]></text>
                                      </contents>
                                      <attributes />
                                    </marker>
                                    <text><![CDATA[
]]></text>
                                    <marker class="ExceptionPropertyName">
                                      <contents>
                                        <text><![CDATA[Errors]]></text>
                                      </contents>
                                      <attributes />
                                    </marker>
                                    <text><![CDATA[: ]]></text>
                                    <marker class="ExceptionPropertyValue">
                                      <contents>
                                        <text><![CDATA[System.Data.SqlClient.SqlErrorCollection]]></text>
                                      </contents>
                                      <attributes />
                                    </marker>
                                    <text><![CDATA[
]]></text>
                                    <marker class="ExceptionPropertyName">
                                      <contents>
                                        <text><![CDATA[Class]]></text>
                                      </contents>
                                      <attributes />
                                    </marker>
                                    <text><![CDATA[: ]]></text>
                                    <marker class="ExceptionPropertyValue">
                                      <contents>
                                        <text><![CDATA[15]]></text>
                                      </contents>
                                      <attributes />
                                    </marker>
                                    <text><![CDATA[
]]></text>
                                    <marker class="ExceptionPropertyName">
                                      <contents>
                                        <text><![CDATA[LineNumber]]></text>
                                      </contents>
                                      <attributes />
                                    </marker>
                                    <text><![CDATA[: ]]></text>
                                    <marker class="ExceptionPropertyValue">
                                      <contents>
                                        <text><![CDATA[1]]></text>
                                      </contents>
                                      <attributes />
                                    </marker>
                                    <text><![CDATA[
]]></text>
                                    <marker class="ExceptionPropertyName">
                                      <contents>
                                        <text><![CDATA[Number]]></text>
                                      </contents>
                                      <attributes />
                                    </marker>
                                    <text><![CDATA[: ]]></text>
                                    <marker class="ExceptionPropertyValue">
                                      <contents>
                                        <text><![CDATA[156]]></text>
                                      </contents>
                                      <attributes />
                                    </marker>
                                    <text><![CDATA[
]]></text>
                                    <marker class="ExceptionPropertyName">
                                      <contents>
                                        <text><![CDATA[Procedure]]></text>
                                      </contents>
                                      <attributes />
                                    </marker>
                                    <text><![CDATA[: ]]></text>
                                    <marker class="ExceptionPropertyValue">
                                      <contents />
                                      <attributes />
                                    </marker>
                                    <text><![CDATA[
]]></text>
                                    <marker class="ExceptionPropertyName">
                                      <contents>
                                        <text><![CDATA[Server]]></text>
                                      </contents>
                                      <attributes />
                                    </marker>
                                    <text><![CDATA[: ]]></text>
                                    <marker class="ExceptionPropertyValue">
                                      <contents>
                                        <text><![CDATA[ANAXIMANDER\SQLEXPRESS]]></text>
                                      </contents>
                                      <attributes />
                                    </marker>
                                    <text><![CDATA[
]]></text>
                                    <marker class="ExceptionPropertyName">
                                      <contents>
                                        <text><![CDATA[State]]></text>
                                      </contents>
                                      <attributes />
                                    </marker>
                                    <text><![CDATA[: ]]></text>
                                    <marker class="ExceptionPropertyValue">
                                      <contents>
                                        <text><![CDATA[1]]></text>
                                      </contents>
                                      <attributes />
                                    </marker>
                                    <text><![CDATA[
]]></text>
                                    <marker class="ExceptionPropertyName">
                                      <contents>
                                        <text><![CDATA[ErrorCode]]></text>
                                      </contents>
                                      <attributes />
                                    </marker>
                                    <text><![CDATA[: ]]></text>
                                    <marker class="ExceptionPropertyValue">
                                      <contents>
                                        <text><![CDATA[-2146232060]]></text>
                                      </contents>
                                      <attributes />
                                    </marker>
                                    <text><![CDATA[
]]></text>
                                    <marker class="StackTrace">
                                      <contents>
                                        <text><![CDATA[   at System.Data.SqlClient.SqlConnection.OnError(SqlException exception, Boolean breakConnection)
   at System.Data.SqlClient.SqlInternalConnection.OnError(SqlException exception, Boolean breakConnection)
   at System.Data.SqlClient.TdsParser.ThrowExceptionAndWarning(TdsParserStateObject stateObj)
   at System.Data.SqlClient.TdsParser.Run(RunBehavior runBehavior, SqlCommand cmdHandler, SqlDataReader dataStream, BulkCopySimpleResultSet bulkCopyHandler, TdsParserStateObject stateObj)
   at System.Data.SqlClient.SqlDataReader.ConsumeMetaData()
   at System.Data.SqlClient.SqlDataReader.get_MetaData()
   at System.Data.SqlClient.SqlCommand.FinishExecuteReader(SqlDataReader ds, RunBehavior runBehavior, String resetOptionsString)
   at System.Data.SqlClient.SqlCommand.RunExecuteReaderTds(CommandBehavior cmdBehavior, RunBehavior runBehavior, Boolean returnStream, Boolean async)
   at System.Data.SqlClient.SqlCommand.RunExecuteReader(CommandBehavior cmdBehavior, RunBehavior runBehavior, Boolean returnStream, String method, DbAsyncResult result)
   at System.Data.SqlClient.SqlCommand.RunExecuteReader(CommandBehavior cmdBehavior, RunBehavior runBehavior, Boolean returnStream, String method)
   at System.Data.SqlClient.SqlCommand.ExecuteReader(CommandBehavior behavior, String method)
   at System.Data.SqlClient.SqlCommand.ExecuteReader(CommandBehavior behavior)
   at SubSonic.SqlDataProvider.GetReader(QueryCommand qry) in ]]></text>
                                        <marker class="CodeLocation">
                                          <contents>
                                            <text><![CDATA[C:\data\SubsonicRoot\ss2\SubSonic\DataProviders\SqlDataProvider.cs:line 384]]></text>
                                          </contents>
                                          <attributes>
                                            <attribute name="line" value="384" />
                                            <attribute name="path" value="C:\data\SubsonicRoot\ss2\SubSonic\DataProviders\SqlDataProvider.cs" />
                                          </attributes>
                                        </marker>
                                        <text><![CDATA[
   at SubSonic.DataService.GetReader(QueryCommand cmd) in ]]></text>
                                        <marker class="CodeLocation">
                                          <contents>
                                            <text><![CDATA[C:\data\SubsonicRoot\ss2\SubSonic\DataProviders\DataService.cs:line 506]]></text>
                                          </contents>
                                          <attributes>
                                            <attribute name="line" value="506" />
                                            <attribute name="path" value="C:\data\SubsonicRoot\ss2\SubSonic\DataProviders\DataService.cs" />
                                          </attributes>
                                        </marker>
                                        <text><![CDATA[
   at SubSonic.Query.ExecuteReader() in ]]></text>
                                        <marker class="CodeLocation">
                                          <contents>
                                            <text><![CDATA[C:\data\SubsonicRoot\ss2\SubSonic\Sql Tools\Query.cs:line 1814]]></text>
                                          </contents>
                                          <attributes>
                                            <attribute name="line" value="1814" />
                                            <attribute name="path" value="C:\data\SubsonicRoot\ss2\SubSonic\Sql Tools\Query.cs" />
                                          </attributes>
                                        </marker>
                                        <text><![CDATA[
   at SubSonic.AbstractList`2.Load() in ]]></text>
                                        <marker class="CodeLocation">
                                          <contents>
                                            <text><![CDATA[C:\data\SubsonicRoot\ss2\SubSonic\ActiveRecord\AbstractList.cs:line 469]]></text>
                                          </contents>
                                          <attributes>
                                            <attribute name="line" value="469" />
                                            <attribute name="path" value="C:\data\SubsonicRoot\ss2\SubSonic\ActiveRecord\AbstractList.cs" />
                                          </attributes>
                                        </marker>
                                        <text><![CDATA[
   at SubSonic.Tests.ETL.ETL_CopyCollection() in ]]></text>
                                        <marker class="CodeLocation">
                                          <contents>
                                            <text><![CDATA[C:\data\SubsonicRoot\ss2\SubSonic.Tests\ETL.cs:line 78]]></text>
                                          </contents>
                                          <attributes>
                                            <attribute name="line" value="78" />
                                            <attribute name="path" value="C:\data\SubsonicRoot\ss2\SubSonic.Tests\ETL.cs" />
                                          </attributes>
                                        </marker>
                                      </contents>
                                      <attributes />
                                    </marker>
                                  </contents>
                                  <attributes />
                                </marker>
                              </contents>
                            </section>
                          </contents>
                        </body>
                      </stream>
                    </streams>
                    <attachments />
                  </testLog>
                </testStepRun>
              </children>
              <result assertCount="0" duration="0.11748">
                <outcome status="failed" />
              </result>
              <testLog>
                <streams />
                <attachments />
              </testLog>
            </testStepRun>
            <testStepRun startTime="2011-08-05T15:48:35.2587205+09:30" endTime="2011-08-05T15:48:35.4462205+09:30">
              <testStep id="30c4db6f4f657f8c" name="ForeignKeyTests" fullName="SubSonic.Tests/ForeignKeyTests" testId="f44040825e281a9b" isPrimary="true" isTestCase="false" isDynamic="false">
                <codeReference assembly="SubSonic.Tests, Version=2.2.1.0, Culture=neutral, PublicKeyToken=null" namespace="SubSonic.Tests" type="SubSonic.Tests.ForeignKeyTests" />
                <codeLocation path="C:\data\SubsonicRoot\ss2\SubSonic.Tests\ForeignKeyTests.cs" />
                <metadata>
                  <entry key="TestKind">
                    <value>Fixture</value>
                  </entry>
                </metadata>
              </testStep>
              <children>
                <testStepRun startTime="2011-08-05T15:48:35.2743455+09:30" endTime="2011-08-05T15:48:35.2743455+09:30">
                  <testStep id="9203e0fb4a08ff2d" name="FK_KeyCount" fullName="SubSonic.Tests/ForeignKeyTests/FK_KeyCount" testId="92c9a636a95bead0" isPrimary="true" isTestCase="true" isDynamic="false">
                    <codeReference assembly="SubSonic.Tests, Version=2.2.1.0, Culture=neutral, PublicKeyToken=null" namespace="SubSonic.Tests" type="SubSonic.Tests.ForeignKeyTests" member="FK_KeyCount" />
                    <codeLocation path="C:\data\SubsonicRoot\ss2\SubSonic.Tests\ForeignKeyTests.cs" line="59" />
                    <metadata>
                      <entry key="TestKind">
                        <value>Test</value>
                      </entry>
                    </metadata>
                  </testStep>
                  <children />
                  <result assertCount="1" duration="0.1887144">
                    <outcome status="passed" />
                  </result>
                  <testLog>
                    <streams />
                    <attachments />
                  </testLog>
                </testStepRun>
                <testStepRun startTime="2011-08-05T15:48:35.2743455+09:30" endTime="2011-08-05T15:48:35.2899705+09:30">
                  <testStep id="f7199576c724ab6e" name="FK_LoadForeignKeys" fullName="SubSonic.Tests/ForeignKeyTests/FK_LoadForeignKeys" testId="b91e0145401cd49" isPrimary="true" isTestCase="true" isDynamic="false">
                    <codeReference assembly="SubSonic.Tests, Version=2.2.1.0, Culture=neutral, PublicKeyToken=null" namespace="SubSonic.Tests" type="SubSonic.Tests.ForeignKeyTests" member="FK_LoadForeignKeys" />
                    <codeLocation path="C:\data\SubsonicRoot\ss2\SubSonic.Tests\ForeignKeyTests.cs" line="49" />
                    <metadata>
                      <entry key="TestKind">
                        <value>Test</value>
                      </entry>
                    </metadata>
                  </testStep>
                  <children />
                  <result assertCount="1" duration="0.1391915">
                    <outcome status="passed" />
                  </result>
                  <testLog>
                    <streams />
                    <attachments />
                  </testLog>
                </testStepRun>
                <testStepRun startTime="2011-08-05T15:48:35.2899705+09:30" endTime="2011-08-05T15:48:35.4462205+09:30">
                  <testStep id="c5a323b0fe1b2d99" name="FK_Properties" fullName="SubSonic.Tests/ForeignKeyTests/FK_Properties" testId="9e8326ab86d748d5" isPrimary="true" isTestCase="true" isDynamic="false">
                    <codeReference assembly="SubSonic.Tests, Version=2.2.1.0, Culture=neutral, PublicKeyToken=null" namespace="SubSonic.Tests" type="SubSonic.Tests.ForeignKeyTests" member="FK_Properties" />
                    <codeLocation path="C:\data\SubsonicRoot\ss2\SubSonic.Tests\ForeignKeyTests.cs" line="69" />
                    <metadata>
                      <entry key="TestKind">
                        <value>Test</value>
                      </entry>
                    </metadata>
                  </testStep>
                  <children />
                  <result assertCount="0" duration="0.0576922">
                    <outcome status="failed" />
                  </result>
                  <testLog>
                    <streams>
                      <stream name="Failures">
                        <body>
                          <contents>
                            <section name="Execute">
                              <contents>
                                <marker class="Exception">
                                  <contents>
                                    <marker class="ExceptionType">
                                      <contents>
                                        <text><![CDATA[System.Data.SqlClient.SqlException]]></text>
                                      </contents>
                                      <attributes />
                                    </marker>
                                    <text><![CDATA[: ]]></text>
                                    <marker class="ExceptionMessage">
                                      <contents>
                                        <text><![CDATA[Incorrect syntax near the keyword 'ORDER'.]]></text>
                                      </contents>
                                      <attributes />
                                    </marker>
                                    <text><![CDATA[
]]></text>
                                    <marker class="ExceptionPropertyName">
                                      <contents>
                                        <text><![CDATA[Errors]]></text>
                                      </contents>
                                      <attributes />
                                    </marker>
                                    <text><![CDATA[: ]]></text>
                                    <marker class="ExceptionPropertyValue">
                                      <contents>
                                        <text><![CDATA[System.Data.SqlClient.SqlErrorCollection]]></text>
                                      </contents>
                                      <attributes />
                                    </marker>
                                    <text><![CDATA[
]]></text>
                                    <marker class="ExceptionPropertyName">
                                      <contents>
                                        <text><![CDATA[Class]]></text>
                                      </contents>
                                      <attributes />
                                    </marker>
                                    <text><![CDATA[: ]]></text>
                                    <marker class="ExceptionPropertyValue">
                                      <contents>
                                        <text><![CDATA[15]]></text>
                                      </contents>
                                      <attributes />
                                    </marker>
                                    <text><![CDATA[
]]></text>
                                    <marker class="ExceptionPropertyName">
                                      <contents>
                                        <text><![CDATA[LineNumber]]></text>
                                      </contents>
                                      <attributes />
                                    </marker>
                                    <text><![CDATA[: ]]></text>
                                    <marker class="ExceptionPropertyValue">
                                      <contents>
                                        <text><![CDATA[1]]></text>
                                      </contents>
                                      <attributes />
                                    </marker>
                                    <text><![CDATA[
]]></text>
                                    <marker class="ExceptionPropertyName">
                                      <contents>
                                        <text><![CDATA[Number]]></text>
                                      </contents>
                                      <attributes />
                                    </marker>
                                    <text><![CDATA[: ]]></text>
                                    <marker class="ExceptionPropertyValue">
                                      <contents>
                                        <text><![CDATA[156]]></text>
                                      </contents>
                                      <attributes />
                                    </marker>
                                    <text><![CDATA[
]]></text>
                                    <marker class="ExceptionPropertyName">
                                      <contents>
                                        <text><![CDATA[Procedure]]></text>
                                      </contents>
                                      <attributes />
                                    </marker>
                                    <text><![CDATA[: ]]></text>
                                    <marker class="ExceptionPropertyValue">
                                      <contents />
                                      <attributes />
                                    </marker>
                                    <text><![CDATA[
]]></text>
                                    <marker class="ExceptionPropertyName">
                                      <contents>
                                        <text><![CDATA[Server]]></text>
                                      </contents>
                                      <attributes />
                                    </marker>
                                    <text><![CDATA[: ]]></text>
                                    <marker class="ExceptionPropertyValue">
                                      <contents>
                                        <text><![CDATA[ANAXIMANDER\SQLEXPRESS]]></text>
                                      </contents>
                                      <attributes />
                                    </marker>
                                    <text><![CDATA[
]]></text>
                                    <marker class="ExceptionPropertyName">
                                      <contents>
                                        <text><![CDATA[State]]></text>
                                      </contents>
                                      <attributes />
                                    </marker>
                                    <text><![CDATA[: ]]></text>
                                    <marker class="ExceptionPropertyValue">
                                      <contents>
                                        <text><![CDATA[1]]></text>
                                      </contents>
                                      <attributes />
                                    </marker>
                                    <text><![CDATA[
]]></text>
                                    <marker class="ExceptionPropertyName">
                                      <contents>
                                        <text><![CDATA[ErrorCode]]></text>
                                      </contents>
                                      <attributes />
                                    </marker>
                                    <text><![CDATA[: ]]></text>
                                    <marker class="ExceptionPropertyValue">
                                      <contents>
                                        <text><![CDATA[-2146232060]]></text>
                                      </contents>
                                      <attributes />
                                    </marker>
                                    <text><![CDATA[
]]></text>
                                    <marker class="StackTrace">
                                      <contents>
                                        <text><![CDATA[   at System.Data.SqlClient.SqlConnection.OnError(SqlException exception, Boolean breakConnection)
   at System.Data.SqlClient.SqlInternalConnection.OnError(SqlException exception, Boolean breakConnection)
   at System.Data.SqlClient.TdsParser.ThrowExceptionAndWarning(TdsParserStateObject stateObj)
   at System.Data.SqlClient.TdsParser.Run(RunBehavior runBehavior, SqlCommand cmdHandler, SqlDataReader dataStream, BulkCopySimpleResultSet bulkCopyHandler, TdsParserStateObject stateObj)
   at System.Data.SqlClient.SqlDataReader.ConsumeMetaData()
   at System.Data.SqlClient.SqlDataReader.get_MetaData()
   at System.Data.SqlClient.SqlCommand.FinishExecuteReader(SqlDataReader ds, RunBehavior runBehavior, String resetOptionsString)
   at System.Data.SqlClient.SqlCommand.RunExecuteReaderTds(CommandBehavior cmdBehavior, RunBehavior runBehavior, Boolean returnStream, Boolean async)
   at System.Data.SqlClient.SqlCommand.RunExecuteReader(CommandBehavior cmdBehavior, RunBehavior runBehavior, Boolean returnStream, String method, DbAsyncResult result)
   at System.Data.SqlClient.SqlCommand.RunExecuteReader(CommandBehavior cmdBehavior, RunBehavior runBehavior, Boolean returnStream, String method)
   at System.Data.SqlClient.SqlCommand.ExecuteReader(CommandBehavior behavior, String method)
   at System.Data.SqlClient.SqlCommand.ExecuteReader(CommandBehavior behavior)
   at SubSonic.SqlDataProvider.GetReader(QueryCommand qry) in ]]></text>
                                        <marker class="CodeLocation">
                                          <contents>
                                            <text><![CDATA[C:\data\SubsonicRoot\ss2\SubSonic\DataProviders\SqlDataProvider.cs:line 384]]></text>
                                          </contents>
                                          <attributes>
                                            <attribute name="line" value="384" />
                                            <attribute name="path" value="C:\data\SubsonicRoot\ss2\SubSonic\DataProviders\SqlDataProvider.cs" />
                                          </attributes>
                                        </marker>
                                        <text><![CDATA[
   at SubSonic.DataService.GetReader(QueryCommand cmd) in ]]></text>
                                        <marker class="CodeLocation">
                                          <contents>
                                            <text><![CDATA[C:\data\SubsonicRoot\ss2\SubSonic\DataProviders\DataService.cs:line 506]]></text>
                                          </contents>
                                          <attributes>
                                            <attribute name="line" value="506" />
                                            <attribute name="path" value="C:\data\SubsonicRoot\ss2\SubSonic\DataProviders\DataService.cs" />
                                          </attributes>
                                        </marker>
                                        <text><![CDATA[
   at SubSonic.Query.ExecuteReader() in ]]></text>
                                        <marker class="CodeLocation">
                                          <contents>
                                            <text><![CDATA[C:\data\SubsonicRoot\ss2\SubSonic\Sql Tools\Query.cs:line 1814]]></text>
                                          </contents>
                                          <attributes>
                                            <attribute name="line" value="1814" />
                                            <attribute name="path" value="C:\data\SubsonicRoot\ss2\SubSonic\Sql Tools\Query.cs" />
                                          </attributes>
                                        </marker>
                                        <text><![CDATA[
   at SubSonic.ReadOnlyRecord`1.LoadByKey(Object keyID) in ]]></text>
                                        <marker class="CodeLocation">
                                          <contents>
                                            <text><![CDATA[C:\data\SubsonicRoot\ss2\SubSonic\ActiveRecord\ReadOnlyRecord.cs:line 72]]></text>
                                          </contents>
                                          <attributes>
                                            <attribute name="line" value="72" />
                                            <attribute name="path" value="C:\data\SubsonicRoot\ss2\SubSonic\ActiveRecord\ReadOnlyRecord.cs" />
                                          </attributes>
                                        </marker>
                                        <text><![CDATA[
   at Northwind.Product..ctor(Object keyID) in ]]></text>
                                        <marker class="CodeLocation">
                                          <contents>
                                            <text><![CDATA[C:\data\SubsonicRoot\ss2\SubSonic.Tests\Generated\Northwind\Product.cs:line 93]]></text>
                                          </contents>
                                          <attributes>
                                            <attribute name="line" value="93" />
                                            <attribute name="path" value="C:\data\SubsonicRoot\ss2\SubSonic.Tests\Generated\Northwind\Product.cs" />
                                          </attributes>
                                        </marker>
                                        <text><![CDATA[
   at SubSonic.Tests.ForeignKeyTests.FK_Properties() in ]]></text>
                                        <marker class="CodeLocation">
                                          <contents>
                                            <text><![CDATA[C:\data\SubsonicRoot\ss2\SubSonic.Tests\ForeignKeyTests.cs:line 70]]></text>
                                          </contents>
                                          <attributes>
                                            <attribute name="line" value="70" />
                                            <attribute name="path" value="C:\data\SubsonicRoot\ss2\SubSonic.Tests\ForeignKeyTests.cs" />
                                          </attributes>
                                        </marker>
                                      </contents>
                                      <attributes />
                                    </marker>
                                  </contents>
                                  <attributes />
                                </marker>
                              </contents>
                            </section>
                          </contents>
                        </body>
                      </stream>
                    </streams>
                    <attachments />
                  </testLog>
                </testStepRun>
              </children>
              <result assertCount="2" duration="0.398507">
                <outcome status="failed" />
              </result>
              <testLog>
                <streams />
                <attachments />
              </testLog>
            </testStepRun>
            <testStepRun startTime="2011-08-05T15:48:35.4618455+09:30" endTime="2011-08-05T15:48:35.9774705+09:30">
              <testStep id="41564e809efe1501" name="GeneratedObjectTests" fullName="SubSonic.Tests/GeneratedObjectTests" testId="82e4f995d1ef4b99" isPrimary="true" isTestCase="false" isDynamic="false">
                <codeReference assembly="SubSonic.Tests, Version=2.2.1.0, Culture=neutral, PublicKeyToken=null" namespace="SubSonic.Tests" type="SubSonic.Tests.GeneratedObjectTests" />
                <codeLocation path="C:\data\SubsonicRoot\ss2\SubSonic.Tests\GeneratedObjectTests.cs" />
                <metadata>
                  <entry key="TestKind">
                    <value>Fixture</value>
                  </entry>
                </metadata>
              </testStep>
              <children>
                <testStepRun startTime="2011-08-05T15:48:35.4618455+09:30" endTime="2011-08-05T15:48:35.5868455+09:30">
                  <testStep id="e0ab2ed7f7522cb" name="Collections_DeletedTest" fullName="SubSonic.Tests/GeneratedObjectTests/Collections_DeletedTest" testId="c7acc287a1bc8226" isPrimary="true" isTestCase="true" isDynamic="false">
                    <codeReference assembly="SubSonic.Tests, Version=2.2.1.0, Culture=neutral, PublicKeyToken=null" namespace="SubSonic.Tests" type="SubSonic.Tests.GeneratedObjectTests" member="Collections_DeletedTest" />
                    <codeLocation path="C:\data\SubsonicRoot\ss2\SubSonic.Tests\GeneratedObjectTests.cs" line="51" />
                    <metadata>
                      <entry key="TestKind">
                        <value>Test</value>
                      </entry>
                    </metadata>
                  </testStep>
                  <children />
                  <result assertCount="0" duration="0.0803956">
                    <outcome status="failed" />
                  </result>
                  <testLog>
                    <streams>
                      <stream name="Failures">
                        <body>
                          <contents>
                            <section name="Execute">
                              <contents>
                                <marker class="Exception">
                                  <contents>
                                    <marker class="ExceptionType">
                                      <contents>
                                        <text><![CDATA[System.Data.SqlClient.SqlException]]></text>
                                      </contents>
                                      <attributes />
                                    </marker>
                                    <text><![CDATA[: ]]></text>
                                    <marker class="ExceptionMessage">
                                      <contents>
                                        <text><![CDATA[Incorrect syntax near the keyword 'ORDER'.]]></text>
                                      </contents>
                                      <attributes />
                                    </marker>
                                    <text><![CDATA[
]]></text>
                                    <marker class="ExceptionPropertyName">
                                      <contents>
                                        <text><![CDATA[Errors]]></text>
                                      </contents>
                                      <attributes />
                                    </marker>
                                    <text><![CDATA[: ]]></text>
                                    <marker class="ExceptionPropertyValue">
                                      <contents>
                                        <text><![CDATA[System.Data.SqlClient.SqlErrorCollection]]></text>
                                      </contents>
                                      <attributes />
                                    </marker>
                                    <text><![CDATA[
]]></text>
                                    <marker class="ExceptionPropertyName">
                                      <contents>
                                        <text><![CDATA[Class]]></text>
                                      </contents>
                                      <attributes />
                                    </marker>
                                    <text><![CDATA[: ]]></text>
                                    <marker class="ExceptionPropertyValue">
                                      <contents>
                                        <text><![CDATA[15]]></text>
                                      </contents>
                                      <attributes />
                                    </marker>
                                    <text><![CDATA[
]]></text>
                                    <marker class="ExceptionPropertyName">
                                      <contents>
                                        <text><![CDATA[LineNumber]]></text>
                                      </contents>
                                      <attributes />
                                    </marker>
                                    <text><![CDATA[: ]]></text>
                                    <marker class="ExceptionPropertyValue">
                                      <contents>
                                        <text><![CDATA[1]]></text>
                                      </contents>
                                      <attributes />
                                    </marker>
                                    <text><![CDATA[
]]></text>
                                    <marker class="ExceptionPropertyName">
                                      <contents>
                                        <text><![CDATA[Number]]></text>
                                      </contents>
                                      <attributes />
                                    </marker>
                                    <text><![CDATA[: ]]></text>
                                    <marker class="ExceptionPropertyValue">
                                      <contents>
                                        <text><![CDATA[156]]></text>
                                      </contents>
                                      <attributes />
                                    </marker>
                                    <text><![CDATA[
]]></text>
                                    <marker class="ExceptionPropertyName">
                                      <contents>
                                        <text><![CDATA[Procedure]]></text>
                                      </contents>
                                      <attributes />
                                    </marker>
                                    <text><![CDATA[: ]]></text>
                                    <marker class="ExceptionPropertyValue">
                                      <contents />
                                      <attributes />
                                    </marker>
                                    <text><![CDATA[
]]></text>
                                    <marker class="ExceptionPropertyName">
                                      <contents>
                                        <text><![CDATA[Server]]></text>
                                      </contents>
                                      <attributes />
                                    </marker>
                                    <text><![CDATA[: ]]></text>
                                    <marker class="ExceptionPropertyValue">
                                      <contents>
                                        <text><![CDATA[ANAXIMANDER\SQLEXPRESS]]></text>
                                      </contents>
                                      <attributes />
                                    </marker>
                                    <text><![CDATA[
]]></text>
                                    <marker class="ExceptionPropertyName">
                                      <contents>
                                        <text><![CDATA[State]]></text>
                                      </contents>
                                      <attributes />
                                    </marker>
                                    <text><![CDATA[: ]]></text>
                                    <marker class="ExceptionPropertyValue">
                                      <contents>
                                        <text><![CDATA[1]]></text>
                                      </contents>
                                      <attributes />
                                    </marker>
                                    <text><![CDATA[
]]></text>
                                    <marker class="ExceptionPropertyName">
                                      <contents>
                                        <text><![CDATA[ErrorCode]]></text>
                                      </contents>
                                      <attributes />
                                    </marker>
                                    <text><![CDATA[: ]]></text>
                                    <marker class="ExceptionPropertyValue">
                                      <contents>
                                        <text><![CDATA[-2146232060]]></text>
                                      </contents>
                                      <attributes />
                                    </marker>
                                    <text><![CDATA[
]]></text>
                                    <marker class="StackTrace">
                                      <contents>
                                        <text><![CDATA[   at System.Data.SqlClient.SqlConnection.OnError(SqlException exception, Boolean breakConnection)
   at System.Data.SqlClient.SqlInternalConnection.OnError(SqlException exception, Boolean breakConnection)
   at System.Data.SqlClient.TdsParser.ThrowExceptionAndWarning(TdsParserStateObject stateObj)
   at System.Data.SqlClient.TdsParser.Run(RunBehavior runBehavior, SqlCommand cmdHandler, SqlDataReader dataStream, BulkCopySimpleResultSet bulkCopyHandler, TdsParserStateObject stateObj)
   at System.Data.SqlClient.SqlDataReader.ConsumeMetaData()
   at System.Data.SqlClient.SqlDataReader.get_MetaData()
   at System.Data.SqlClient.SqlCommand.FinishExecuteReader(SqlDataReader ds, RunBehavior runBehavior, String resetOptionsString)
   at System.Data.SqlClient.SqlCommand.RunExecuteReaderTds(CommandBehavior cmdBehavior, RunBehavior runBehavior, Boolean returnStream, Boolean async)
   at System.Data.SqlClient.SqlCommand.RunExecuteReader(CommandBehavior cmdBehavior, RunBehavior runBehavior, Boolean returnStream, String method, DbAsyncResult result)
   at System.Data.SqlClient.SqlCommand.RunExecuteReader(CommandBehavior cmdBehavior, RunBehavior runBehavior, Boolean returnStream, String method)
   at System.Data.SqlClient.SqlCommand.ExecuteReader(CommandBehavior behavior, String method)
   at System.Data.SqlClient.SqlCommand.ExecuteReader(CommandBehavior behavior)
   at SubSonic.SqlDataProvider.GetReader(QueryCommand qry) in ]]></text>
                                        <marker class="CodeLocation">
                                          <contents>
                                            <text><![CDATA[C:\data\SubsonicRoot\ss2\SubSonic\DataProviders\SqlDataProvider.cs:line 384]]></text>
                                          </contents>
                                          <attributes>
                                            <attribute name="line" value="384" />
                                            <attribute name="path" value="C:\data\SubsonicRoot\ss2\SubSonic\DataProviders\SqlDataProvider.cs" />
                                          </attributes>
                                        </marker>
                                        <text><![CDATA[
   at SubSonic.DataService.GetReader(QueryCommand cmd) in ]]></text>
                                        <marker class="CodeLocation">
                                          <contents>
                                            <text><![CDATA[C:\data\SubsonicRoot\ss2\SubSonic\DataProviders\DataService.cs:line 506]]></text>
                                          </contents>
                                          <attributes>
                                            <attribute name="line" value="506" />
                                            <attribute name="path" value="C:\data\SubsonicRoot\ss2\SubSonic\DataProviders\DataService.cs" />
                                          </attributes>
                                        </marker>
                                        <text><![CDATA[
   at SubSonic.Query.ExecuteReader() in ]]></text>
                                        <marker class="CodeLocation">
                                          <contents>
                                            <text><![CDATA[C:\data\SubsonicRoot\ss2\SubSonic\Sql Tools\Query.cs:line 1814]]></text>
                                          </contents>
                                          <attributes>
                                            <attribute name="line" value="1814" />
                                            <attribute name="path" value="C:\data\SubsonicRoot\ss2\SubSonic\Sql Tools\Query.cs" />
                                          </attributes>
                                        </marker>
                                        <text><![CDATA[
   at SubSonic.AbstractList`2.Load() in ]]></text>
                                        <marker class="CodeLocation">
                                          <contents>
                                            <text><![CDATA[C:\data\SubsonicRoot\ss2\SubSonic\ActiveRecord\AbstractList.cs:line 469]]></text>
                                          </contents>
                                          <attributes>
                                            <attribute name="line" value="469" />
                                            <attribute name="path" value="C:\data\SubsonicRoot\ss2\SubSonic\ActiveRecord\AbstractList.cs" />
                                          </attributes>
                                        </marker>
                                        <text><![CDATA[
   at SubSonic.Tests.GeneratedObjectTests.Collections_DeletedTest() in ]]></text>
                                        <marker class="CodeLocation">
                                          <contents>
                                            <text><![CDATA[C:\data\SubsonicRoot\ss2\SubSonic.Tests\GeneratedObjectTests.cs:line 52]]></text>
                                          </contents>
                                          <attributes>
                                            <attribute name="line" value="52" />
                                            <attribute name="path" value="C:\data\SubsonicRoot\ss2\SubSonic.Tests\GeneratedObjectTests.cs" />
                                          </attributes>
                                        </marker>
                                      </contents>
                                      <attributes />
                                    </marker>
                                  </contents>
                                  <attributes />
                                </marker>
                              </contents>
                            </section>
                          </contents>
                        </body>
                      </stream>
                    </streams>
                    <attachments />
                  </testLog>
                </testStepRun>
                <testStepRun startTime="2011-08-05T15:48:35.5868455+09:30" endTime="2011-08-05T15:48:35.5868455+09:30">
                  <testStep id="e888e353ead0bf78" name="Object_CRUD" fullName="SubSonic.Tests/GeneratedObjectTests/Object_CRUD" testId="40bb206d85a9b796" isPrimary="true" isTestCase="true" isDynamic="false">
                    <codeReference assembly="SubSonic.Tests, Version=2.2.1.0, Culture=neutral, PublicKeyToken=null" namespace="SubSonic.Tests" type="SubSonic.Tests.GeneratedObjectTests" member="Object_CRUD" />
                    <codeLocation path="C:\data\SubsonicRoot\ss2\SubSonic.Tests\GeneratedObjectTests.cs" line="99" />
                    <metadata>
                      <entry key="TestKind">
                        <value>Test</value>
                      </entry>
                    </metadata>
                  </testStep>
                  <children />
                  <result assertCount="2" duration="0.0355349">
                    <outcome status="passed" />
                  </result>
                  <testLog>
                    <streams />
                    <attachments />
                  </testLog>
                </testStepRun>
                <testStepRun startTime="2011-08-05T15:48:35.6024705+09:30" endTime="2011-08-05T15:48:35.6180955+09:30">
                  <testStep id="8580f06d7a8b337" name="Object_DefaultSettings" fullName="SubSonic.Tests/GeneratedObjectTests/Object_DefaultSettings" testId="f95d8f08e78840f5" isPrimary="true" isTestCase="true" isDynamic="false">
                    <codeReference assembly="SubSonic.Tests, Version=2.2.1.0, Culture=neutral, PublicKeyToken=null" namespace="SubSonic.Tests" type="SubSonic.Tests.GeneratedObjectTests" member="Object_DefaultSettings" />
                    <codeLocation path="C:\data\SubsonicRoot\ss2\SubSonic.Tests\GeneratedObjectTests.cs" line="155" />
                    <metadata>
                      <entry key="TestKind">
                        <value>Test</value>
                      </entry>
                    </metadata>
                  </testStep>
                  <children />
                  <result assertCount="2" duration="0.0162531">
                    <outcome status="passed" />
                  </result>
                  <testLog>
                    <streams />
                    <attachments />
                  </testLog>
                </testStepRun>
                <testStepRun startTime="2011-08-05T15:48:35.6180955+09:30" endTime="2011-08-05T15:48:35.7118455+09:30">
                  <testStep id="d735aa65fde3e599" name="Object_Query" fullName="SubSonic.Tests/GeneratedObjectTests/Object_Query" testId="3c3bbcc98ccd4e2f" isPrimary="true" isTestCase="true" isDynamic="false">
                    <codeReference assembly="SubSonic.Tests, Version=2.2.1.0, Culture=neutral, PublicKeyToken=null" namespace="SubSonic.Tests" type="SubSonic.Tests.GeneratedObjectTests" member="Object_Query" />
                    <codeLocation path="C:\data\SubsonicRoot\ss2\SubSonic.Tests\GeneratedObjectTests.cs" line="85" />
                    <metadata>
                      <entry key="TestKind">
                        <value>Test</value>
                      </entry>
                    </metadata>
                  </testStep>
                  <children />
                  <result assertCount="0" duration="0.013315899999999999">
                    <outcome status="failed" />
                  </result>
                  <testLog>
                    <streams>
                      <stream name="Failures">
                        <body>
                          <contents>
                            <section name="Execute">
                              <contents>
                                <marker class="Exception">
                                  <contents>
                                    <marker class="ExceptionType">
                                      <contents>
                                        <text><![CDATA[System.Data.SqlClient.SqlException]]></text>
                                      </contents>
                                      <attributes />
                                    </marker>
                                    <text><![CDATA[: ]]></text>
                                    <marker class="ExceptionMessage">
                                      <contents>
                                        <text><![CDATA[Incorrect syntax near the keyword 'ORDER'.]]></text>
                                      </contents>
                                      <attributes />
                                    </marker>
                                    <text><![CDATA[
]]></text>
                                    <marker class="ExceptionPropertyName">
                                      <contents>
                                        <text><![CDATA[Errors]]></text>
                                      </contents>
                                      <attributes />
                                    </marker>
                                    <text><![CDATA[: ]]></text>
                                    <marker class="ExceptionPropertyValue">
                                      <contents>
                                        <text><![CDATA[System.Data.SqlClient.SqlErrorCollection]]></text>
                                      </contents>
                                      <attributes />
                                    </marker>
                                    <text><![CDATA[
]]></text>
                                    <marker class="ExceptionPropertyName">
                                      <contents>
                                        <text><![CDATA[Class]]></text>
                                      </contents>
                                      <attributes />
                                    </marker>
                                    <text><![CDATA[: ]]></text>
                                    <marker class="ExceptionPropertyValue">
                                      <contents>
                                        <text><![CDATA[15]]></text>
                                      </contents>
                                      <attributes />
                                    </marker>
                                    <text><![CDATA[
]]></text>
                                    <marker class="ExceptionPropertyName">
                                      <contents>
                                        <text><![CDATA[LineNumber]]></text>
                                      </contents>
                                      <attributes />
                                    </marker>
                                    <text><![CDATA[: ]]></text>
                                    <marker class="ExceptionPropertyValue">
                                      <contents>
                                        <text><![CDATA[1]]></text>
                                      </contents>
                                      <attributes />
                                    </marker>
                                    <text><![CDATA[
]]></text>
                                    <marker class="ExceptionPropertyName">
                                      <contents>
                                        <text><![CDATA[Number]]></text>
                                      </contents>
                                      <attributes />
                                    </marker>
                                    <text><![CDATA[: ]]></text>
                                    <marker class="ExceptionPropertyValue">
                                      <contents>
                                        <text><![CDATA[156]]></text>
                                      </contents>
                                      <attributes />
                                    </marker>
                                    <text><![CDATA[
]]></text>
                                    <marker class="ExceptionPropertyName">
                                      <contents>
                                        <text><![CDATA[Procedure]]></text>
                                      </contents>
                                      <attributes />
                                    </marker>
                                    <text><![CDATA[: ]]></text>
                                    <marker class="ExceptionPropertyValue">
                                      <contents />
                                      <attributes />
                                    </marker>
                                    <text><![CDATA[
]]></text>
                                    <marker class="ExceptionPropertyName">
                                      <contents>
                                        <text><![CDATA[Server]]></text>
                                      </contents>
                                      <attributes />
                                    </marker>
                                    <text><![CDATA[: ]]></text>
                                    <marker class="ExceptionPropertyValue">
                                      <contents>
                                        <text><![CDATA[ANAXIMANDER\SQLEXPRESS]]></text>
                                      </contents>
                                      <attributes />
                                    </marker>
                                    <text><![CDATA[
]]></text>
                                    <marker class="ExceptionPropertyName">
                                      <contents>
                                        <text><![CDATA[State]]></text>
                                      </contents>
                                      <attributes />
                                    </marker>
                                    <text><![CDATA[: ]]></text>
                                    <marker class="ExceptionPropertyValue">
                                      <contents>
                                        <text><![CDATA[1]]></text>
                                      </contents>
                                      <attributes />
                                    </marker>
                                    <text><![CDATA[
]]></text>
                                    <marker class="ExceptionPropertyName">
                                      <contents>
                                        <text><![CDATA[ErrorCode]]></text>
                                      </contents>
                                      <attributes />
                                    </marker>
                                    <text><![CDATA[: ]]></text>
                                    <marker class="ExceptionPropertyValue">
                                      <contents>
                                        <text><![CDATA[-2146232060]]></text>
                                      </contents>
                                      <attributes />
                                    </marker>
                                    <text><![CDATA[
]]></text>
                                    <marker class="StackTrace">
                                      <contents>
                                        <text><![CDATA[   at System.Data.SqlClient.SqlConnection.OnError(SqlException exception, Boolean breakConnection)
   at System.Data.SqlClient.SqlInternalConnection.OnError(SqlException exception, Boolean breakConnection)
   at System.Data.SqlClient.TdsParser.ThrowExceptionAndWarning(TdsParserStateObject stateObj)
   at System.Data.SqlClient.TdsParser.Run(RunBehavior runBehavior, SqlCommand cmdHandler, SqlDataReader dataStream, BulkCopySimpleResultSet bulkCopyHandler, TdsParserStateObject stateObj)
   at System.Data.SqlClient.SqlDataReader.ConsumeMetaData()
   at System.Data.SqlClient.SqlDataReader.get_MetaData()
   at System.Data.SqlClient.SqlCommand.FinishExecuteReader(SqlDataReader ds, RunBehavior runBehavior, String resetOptionsString)
   at System.Data.SqlClient.SqlCommand.RunExecuteReaderTds(CommandBehavior cmdBehavior, RunBehavior runBehavior, Boolean returnStream, Boolean async)
   at System.Data.SqlClient.SqlCommand.RunExecuteReader(CommandBehavior cmdBehavior, RunBehavior runBehavior, Boolean returnStream, String method, DbAsyncResult result)
   at System.Data.SqlClient.SqlCommand.RunExecuteReader(CommandBehavior cmdBehavior, RunBehavior runBehavior, Boolean returnStream, String method)
   at System.Data.SqlClient.SqlCommand.ExecuteReader(CommandBehavior behavior, String method)
   at System.Data.SqlClient.SqlCommand.ExecuteReader(CommandBehavior behavior)
   at SubSonic.SqlDataProvider.GetReader(QueryCommand qry) in ]]></text>
                                        <marker class="CodeLocation">
                                          <contents>
                                            <text><![CDATA[C:\data\SubsonicRoot\ss2\SubSonic\DataProviders\SqlDataProvider.cs:line 384]]></text>
                                          </contents>
                                          <attributes>
                                            <attribute name="line" value="384" />
                                            <attribute name="path" value="C:\data\SubsonicRoot\ss2\SubSonic\DataProviders\SqlDataProvider.cs" />
                                          </attributes>
                                        </marker>
                                        <text><![CDATA[
   at SubSonic.DataService.GetReader(QueryCommand cmd) in ]]></text>
                                        <marker class="CodeLocation">
                                          <contents>
                                            <text><![CDATA[C:\data\SubsonicRoot\ss2\SubSonic\DataProviders\DataService.cs:line 506]]></text>
                                          </contents>
                                          <attributes>
                                            <attribute name="line" value="506" />
                                            <attribute name="path" value="C:\data\SubsonicRoot\ss2\SubSonic\DataProviders\DataService.cs" />
                                          </attributes>
                                        </marker>
                                        <text><![CDATA[
   at SubSonic.Query.ExecuteReader() in ]]></text>
                                        <marker class="CodeLocation">
                                          <contents>
                                            <text><![CDATA[C:\data\SubsonicRoot\ss2\SubSonic\Sql Tools\Query.cs:line 1814]]></text>
                                          </contents>
                                          <attributes>
                                            <attribute name="line" value="1814" />
                                            <attribute name="path" value="C:\data\SubsonicRoot\ss2\SubSonic\Sql Tools\Query.cs" />
                                          </attributes>
                                        </marker>
                                        <text><![CDATA[
   at SubSonic.Tests.GeneratedObjectTests.Object_Query() in ]]></text>
                                        <marker class="CodeLocation">
                                          <contents>
                                            <text><![CDATA[C:\data\SubsonicRoot\ss2\SubSonic.Tests\GeneratedObjectTests.cs:line 86]]></text>
                                          </contents>
                                          <attributes>
                                            <attribute name="line" value="86" />
                                            <attribute name="path" value="C:\data\SubsonicRoot\ss2\SubSonic.Tests\GeneratedObjectTests.cs" />
                                          </attributes>
                                        </marker>
                                      </contents>
                                      <attributes />
                                    </marker>
                                  </contents>
                                  <attributes />
                                </marker>
                              </contents>
                            </section>
                          </contents>
                        </body>
                      </stream>
                    </streams>
                    <attachments />
                  </testLog>
                </testStepRun>
                <testStepRun startTime="2011-08-05T15:48:35.7118455+09:30" endTime="2011-08-05T15:48:35.7274705+09:30">
                  <testStep id="ce51c25b0aa4d118" name="Object_SchemaDefinition" fullName="SubSonic.Tests/GeneratedObjectTests/Object_SchemaDefinition" testId="29e469fbe053c6cc" isPrimary="true" isTestCase="true" isDynamic="false">
                    <codeReference assembly="SubSonic.Tests, Version=2.2.1.0, Culture=neutral, PublicKeyToken=null" namespace="SubSonic.Tests" type="SubSonic.Tests.GeneratedObjectTests" member="Object_SchemaDefinition" />
                    <codeLocation path="C:\data\SubsonicRoot\ss2\SubSonic.Tests\GeneratedObjectTests.cs" line="166" />
                    <metadata>
                      <entry key="TestKind">
                        <value>Test</value>
                      </entry>
                    </metadata>
                  </testStep>
                  <children />
                  <result assertCount="0" duration="0.0037844">
                    <outcome status="passed" />
                  </result>
                  <testLog>
                    <streams />
                    <attachments />
                  </testLog>
                </testStepRun>
                <testStepRun startTime="2011-08-05T15:48:35.7274705+09:30" endTime="2011-08-05T15:48:35.7274705+09:30">
                  <testStep id="b21db7dc49336664" name="Object_Validation" fullName="SubSonic.Tests/GeneratedObjectTests/Object_Validation" testId="14c17386f5fc54" isPrimary="true" isTestCase="true" isDynamic="false">
                    <codeReference assembly="SubSonic.Tests, Version=2.2.1.0, Culture=neutral, PublicKeyToken=null" namespace="SubSonic.Tests" type="SubSonic.Tests.GeneratedObjectTests" member="Object_Validation" />
                    <codeLocation path="C:\data\SubsonicRoot\ss2\SubSonic.Tests\GeneratedObjectTests.cs" line="124" />
                    <metadata>
                      <entry key="TestKind">
                        <value>Test</value>
                      </entry>
                    </metadata>
                  </testStep>
                  <children />
                  <result assertCount="1" duration="0.0032941">
                    <outcome status="passed" />
                  </result>
                  <testLog>
                    <streams />
                    <attachments />
                  </testLog>
                </testStepRun>
                <testStepRun startTime="2011-08-05T15:48:35.7274705+09:30" endTime="2011-08-05T15:48:35.8524705+09:30">
                  <testStep id="ba31cef1b0e9f3f1" name="Objects_DeletedTest" fullName="SubSonic.Tests/GeneratedObjectTests/Objects_DeletedTest" testId="bb5648aa7aeca27d" isPrimary="true" isTestCase="true" isDynamic="false">
                    <codeReference assembly="SubSonic.Tests, Version=2.2.1.0, Culture=neutral, PublicKeyToken=null" namespace="SubSonic.Tests" type="SubSonic.Tests.GeneratedObjectTests" member="Objects_DeletedTest" />
                    <codeLocation path="C:\data\SubsonicRoot\ss2\SubSonic.Tests\GeneratedObjectTests.cs" line="72" />
                    <metadata>
                      <entry key="TestKind">
                        <value>Test</value>
                      </entry>
                    </metadata>
                  </testStep>
                  <children />
                  <result assertCount="0" duration="0.017898999999999998">
                    <outcome status="failed" />
                  </result>
                  <testLog>
                    <streams>
                      <stream name="Failures">
                        <body>
                          <contents>
                            <section name="Execute">
                              <contents>
                                <marker class="Exception">
                                  <contents>
                                    <marker class="ExceptionType">
                                      <contents>
                                        <text><![CDATA[System.Data.SqlClient.SqlException]]></text>
                                      </contents>
                                      <attributes />
                                    </marker>
                                    <text><![CDATA[: ]]></text>
                                    <marker class="ExceptionMessage">
                                      <contents>
                                        <text><![CDATA[Incorrect syntax near the keyword 'ORDER'.]]></text>
                                      </contents>
                                      <attributes />
                                    </marker>
                                    <text><![CDATA[
]]></text>
                                    <marker class="ExceptionPropertyName">
                                      <contents>
                                        <text><![CDATA[Errors]]></text>
                                      </contents>
                                      <attributes />
                                    </marker>
                                    <text><![CDATA[: ]]></text>
                                    <marker class="ExceptionPropertyValue">
                                      <contents>
                                        <text><![CDATA[System.Data.SqlClient.SqlErrorCollection]]></text>
                                      </contents>
                                      <attributes />
                                    </marker>
                                    <text><![CDATA[
]]></text>
                                    <marker class="ExceptionPropertyName">
                                      <contents>
                                        <text><![CDATA[Class]]></text>
                                      </contents>
                                      <attributes />
                                    </marker>
                                    <text><![CDATA[: ]]></text>
                                    <marker class="ExceptionPropertyValue">
                                      <contents>
                                        <text><![CDATA[15]]></text>
                                      </contents>
                                      <attributes />
                                    </marker>
                                    <text><![CDATA[
]]></text>
                                    <marker class="ExceptionPropertyName">
                                      <contents>
                                        <text><![CDATA[LineNumber]]></text>
                                      </contents>
                                      <attributes />
                                    </marker>
                                    <text><![CDATA[: ]]></text>
                                    <marker class="ExceptionPropertyValue">
                                      <contents>
                                        <text><![CDATA[1]]></text>
                                      </contents>
                                      <attributes />
                                    </marker>
                                    <text><![CDATA[
]]></text>
                                    <marker class="ExceptionPropertyName">
                                      <contents>
                                        <text><![CDATA[Number]]></text>
                                      </contents>
                                      <attributes />
                                    </marker>
                                    <text><![CDATA[: ]]></text>
                                    <marker class="ExceptionPropertyValue">
                                      <contents>
                                        <text><![CDATA[156]]></text>
                                      </contents>
                                      <attributes />
                                    </marker>
                                    <text><![CDATA[
]]></text>
                                    <marker class="ExceptionPropertyName">
                                      <contents>
                                        <text><![CDATA[Procedure]]></text>
                                      </contents>
                                      <attributes />
                                    </marker>
                                    <text><![CDATA[: ]]></text>
                                    <marker class="ExceptionPropertyValue">
                                      <contents />
                                      <attributes />
                                    </marker>
                                    <text><![CDATA[
]]></text>
                                    <marker class="ExceptionPropertyName">
                                      <contents>
                                        <text><![CDATA[Server]]></text>
                                      </contents>
                                      <attributes />
                                    </marker>
                                    <text><![CDATA[: ]]></text>
                                    <marker class="ExceptionPropertyValue">
                                      <contents>
                                        <text><![CDATA[ANAXIMANDER\SQLEXPRESS]]></text>
                                      </contents>
                                      <attributes />
                                    </marker>
                                    <text><![CDATA[
]]></text>
                                    <marker class="ExceptionPropertyName">
                                      <contents>
                                        <text><![CDATA[State]]></text>
                                      </contents>
                                      <attributes />
                                    </marker>
                                    <text><![CDATA[: ]]></text>
                                    <marker class="ExceptionPropertyValue">
                                      <contents>
                                        <text><![CDATA[1]]></text>
                                      </contents>
                                      <attributes />
                                    </marker>
                                    <text><![CDATA[
]]></text>
                                    <marker class="ExceptionPropertyName">
                                      <contents>
                                        <text><![CDATA[ErrorCode]]></text>
                                      </contents>
                                      <attributes />
                                    </marker>
                                    <text><![CDATA[: ]]></text>
                                    <marker class="ExceptionPropertyValue">
                                      <contents>
                                        <text><![CDATA[-2146232060]]></text>
                                      </contents>
                                      <attributes />
                                    </marker>
                                    <text><![CDATA[
]]></text>
                                    <marker class="StackTrace">
                                      <contents>
                                        <text><![CDATA[   at System.Data.SqlClient.SqlConnection.OnError(SqlException exception, Boolean breakConnection)
   at System.Data.SqlClient.SqlInternalConnection.OnError(SqlException exception, Boolean breakConnection)
   at System.Data.SqlClient.TdsParser.ThrowExceptionAndWarning(TdsParserStateObject stateObj)
   at System.Data.SqlClient.TdsParser.Run(RunBehavior runBehavior, SqlCommand cmdHandler, SqlDataReader dataStream, BulkCopySimpleResultSet bulkCopyHandler, TdsParserStateObject stateObj)
   at System.Data.SqlClient.SqlDataReader.ConsumeMetaData()
   at System.Data.SqlClient.SqlDataReader.get_MetaData()
   at System.Data.SqlClient.SqlCommand.FinishExecuteReader(SqlDataReader ds, RunBehavior runBehavior, String resetOptionsString)
   at System.Data.SqlClient.SqlCommand.RunExecuteReaderTds(CommandBehavior cmdBehavior, RunBehavior runBehavior, Boolean returnStream, Boolean async)
   at System.Data.SqlClient.SqlCommand.RunExecuteReader(CommandBehavior cmdBehavior, RunBehavior runBehavior, Boolean returnStream, String method, DbAsyncResult result)
   at System.Data.SqlClient.SqlCommand.RunExecuteReader(CommandBehavior cmdBehavior, RunBehavior runBehavior, Boolean returnStream, String method)
   at System.Data.SqlClient.SqlCommand.ExecuteReader(CommandBehavior behavior, String method)
   at System.Data.SqlClient.SqlCommand.ExecuteReader(CommandBehavior behavior)
   at SubSonic.SqlDataProvider.GetReader(QueryCommand qry) in ]]></text>
                                        <marker class="CodeLocation">
                                          <contents>
                                            <text><![CDATA[C:\data\SubsonicRoot\ss2\SubSonic\DataProviders\SqlDataProvider.cs:line 384]]></text>
                                          </contents>
                                          <attributes>
                                            <attribute name="line" value="384" />
                                            <attribute name="path" value="C:\data\SubsonicRoot\ss2\SubSonic\DataProviders\SqlDataProvider.cs" />
                                          </attributes>
                                        </marker>
                                        <text><![CDATA[
   at SubSonic.DataService.GetReader(QueryCommand cmd) in ]]></text>
                                        <marker class="CodeLocation">
                                          <contents>
                                            <text><![CDATA[C:\data\SubsonicRoot\ss2\SubSonic\DataProviders\DataService.cs:line 506]]></text>
                                          </contents>
                                          <attributes>
                                            <attribute name="line" value="506" />
                                            <attribute name="path" value="C:\data\SubsonicRoot\ss2\SubSonic\DataProviders\DataService.cs" />
                                          </attributes>
                                        </marker>
                                        <text><![CDATA[
   at SubSonic.ReadOnlyRecord`1.FetchAll() in ]]></text>
                                        <marker class="CodeLocation">
                                          <contents>
                                            <text><![CDATA[C:\data\SubsonicRoot\ss2\SubSonic\ActiveRecord\ReadOnlyRecord.cs:line 217]]></text>
                                          </contents>
                                          <attributes>
                                            <attribute name="line" value="217" />
                                            <attribute name="path" value="C:\data\SubsonicRoot\ss2\SubSonic\ActiveRecord\ReadOnlyRecord.cs" />
                                          </attributes>
                                        </marker>
                                        <text><![CDATA[
   at SubSonic.Tests.GeneratedObjectTests.Objects_DeletedTest() in ]]></text>
                                        <marker class="CodeLocation">
                                          <contents>
                                            <text><![CDATA[C:\data\SubsonicRoot\ss2\SubSonic.Tests\GeneratedObjectTests.cs:line 73]]></text>
                                          </contents>
                                          <attributes>
                                            <attribute name="line" value="73" />
                                            <attribute name="path" value="C:\data\SubsonicRoot\ss2\SubSonic.Tests\GeneratedObjectTests.cs" />
                                          </attributes>
                                        </marker>
                                      </contents>
                                      <attributes />
                                    </marker>
                                  </contents>
                                  <attributes />
                                </marker>
                              </contents>
                            </section>
                          </contents>
                        </body>
                      </stream>
                    </streams>
                    <attachments />
                  </testLog>
                </testStepRun>
                <testStepRun startTime="2011-08-05T15:48:35.8524705+09:30" endTime="2011-08-05T15:48:35.9618455+09:30">
                  <testStep id="44e7df9a30b84f4b" name="Objects_LoadListItems" fullName="SubSonic.Tests/GeneratedObjectTests/Objects_LoadListItems" testId="aeb613d93bc00de9" isPrimary="true" isTestCase="true" isDynamic="false">
                    <codeReference assembly="SubSonic.Tests, Version=2.2.1.0, Culture=neutral, PublicKeyToken=null" namespace="SubSonic.Tests" type="SubSonic.Tests.GeneratedObjectTests" member="Objects_LoadListItems" />
                    <codeLocation path="C:\data\SubsonicRoot\ss2\SubSonic.Tests\GeneratedObjectTests.cs" line="62" />
                    <metadata>
                      <entry key="TestKind">
                        <value>Test</value>
                      </entry>
                    </metadata>
                  </testStep>
                  <children />
                  <result assertCount="0" duration="0.0273519">
                    <outcome status="failed" />
                  </result>
                  <testLog>
                    <streams>
                      <stream name="Failures">
                        <body>
                          <contents>
                            <section name="Execute">
                              <contents>
                                <marker class="Exception">
                                  <contents>
                                    <marker class="ExceptionType">
                                      <contents>
                                        <text><![CDATA[System.Data.SqlClient.SqlException]]></text>
                                      </contents>
                                      <attributes />
                                    </marker>
                                    <text><![CDATA[: ]]></text>
                                    <marker class="ExceptionMessage">
                                      <contents>
                                        <text><![CDATA[Incorrect syntax near the keyword 'ORDER'.]]></text>
                                      </contents>
                                      <attributes />
                                    </marker>
                                    <text><![CDATA[
]]></text>
                                    <marker class="ExceptionPropertyName">
                                      <contents>
                                        <text><![CDATA[Errors]]></text>
                                      </contents>
                                      <attributes />
                                    </marker>
                                    <text><![CDATA[: ]]></text>
                                    <marker class="ExceptionPropertyValue">
                                      <contents>
                                        <text><![CDATA[System.Data.SqlClient.SqlErrorCollection]]></text>
                                      </contents>
                                      <attributes />
                                    </marker>
                                    <text><![CDATA[
]]></text>
                                    <marker class="ExceptionPropertyName">
                                      <contents>
                                        <text><![CDATA[Class]]></text>
                                      </contents>
                                      <attributes />
                                    </marker>
                                    <text><![CDATA[: ]]></text>
                                    <marker class="ExceptionPropertyValue">
                                      <contents>
                                        <text><![CDATA[15]]></text>
                                      </contents>
                                      <attributes />
                                    </marker>
                                    <text><![CDATA[
]]></text>
                                    <marker class="ExceptionPropertyName">
                                      <contents>
                                        <text><![CDATA[LineNumber]]></text>
                                      </contents>
                                      <attributes />
                                    </marker>
                                    <text><![CDATA[: ]]></text>
                                    <marker class="ExceptionPropertyValue">
                                      <contents>
                                        <text><![CDATA[1]]></text>
                                      </contents>
                                      <attributes />
                                    </marker>
                                    <text><![CDATA[
]]></text>
                                    <marker class="ExceptionPropertyName">
                                      <contents>
                                        <text><![CDATA[Number]]></text>
                                      </contents>
                                      <attributes />
                                    </marker>
                                    <text><![CDATA[: ]]></text>
                                    <marker class="ExceptionPropertyValue">
                                      <contents>
                                        <text><![CDATA[156]]></text>
                                      </contents>
                                      <attributes />
                                    </marker>
                                    <text><![CDATA[
]]></text>
                                    <marker class="ExceptionPropertyName">
                                      <contents>
                                        <text><![CDATA[Procedure]]></text>
                                      </contents>
                                      <attributes />
                                    </marker>
                                    <text><![CDATA[: ]]></text>
                                    <marker class="ExceptionPropertyValue">
                                      <contents />
                                      <attributes />
                                    </marker>
                                    <text><![CDATA[
]]></text>
                                    <marker class="ExceptionPropertyName">
                                      <contents>
                                        <text><![CDATA[Server]]></text>
                                      </contents>
                                      <attributes />
                                    </marker>
                                    <text><![CDATA[: ]]></text>
                                    <marker class="ExceptionPropertyValue">
                                      <contents>
                                        <text><![CDATA[ANAXIMANDER\SQLEXPRESS]]></text>
                                      </contents>
                                      <attributes />
                                    </marker>
                                    <text><![CDATA[
]]></text>
                                    <marker class="ExceptionPropertyName">
                                      <contents>
                                        <text><![CDATA[State]]></text>
                                      </contents>
                                      <attributes />
                                    </marker>
                                    <text><![CDATA[: ]]></text>
                                    <marker class="ExceptionPropertyValue">
                                      <contents>
                                        <text><![CDATA[1]]></text>
                                      </contents>
                                      <attributes />
                                    </marker>
                                    <text><![CDATA[
]]></text>
                                    <marker class="ExceptionPropertyName">
                                      <contents>
                                        <text><![CDATA[ErrorCode]]></text>
                                      </contents>
                                      <attributes />
                                    </marker>
                                    <text><![CDATA[: ]]></text>
                                    <marker class="ExceptionPropertyValue">
                                      <contents>
                                        <text><![CDATA[-2146232060]]></text>
                                      </contents>
                                      <attributes />
                                    </marker>
                                    <text><![CDATA[
]]></text>
                                    <marker class="StackTrace">
                                      <contents>
                                        <text><![CDATA[   at System.Data.SqlClient.SqlConnection.OnError(SqlException exception, Boolean breakConnection)
   at System.Data.SqlClient.SqlInternalConnection.OnError(SqlException exception, Boolean breakConnection)
   at System.Data.SqlClient.TdsParser.ThrowExceptionAndWarning(TdsParserStateObject stateObj)
   at System.Data.SqlClient.TdsParser.Run(RunBehavior runBehavior, SqlCommand cmdHandler, SqlDataReader dataStream, BulkCopySimpleResultSet bulkCopyHandler, TdsParserStateObject stateObj)
   at System.Data.SqlClient.SqlDataReader.ConsumeMetaData()
   at System.Data.SqlClient.SqlDataReader.get_MetaData()
   at System.Data.SqlClient.SqlCommand.FinishExecuteReader(SqlDataReader ds, RunBehavior runBehavior, String resetOptionsString)
   at System.Data.SqlClient.SqlCommand.RunExecuteReaderTds(CommandBehavior cmdBehavior, RunBehavior runBehavior, Boolean returnStream, Boolean async)
   at System.Data.SqlClient.SqlCommand.RunExecuteReader(CommandBehavior cmdBehavior, RunBehavior runBehavior, Boolean returnStream, String method, DbAsyncResult result)
   at System.Data.SqlClient.SqlCommand.RunExecuteReader(CommandBehavior cmdBehavior, RunBehavior runBehavior, Boolean returnStream, String method)
   at System.Data.SqlClient.SqlCommand.ExecuteReader(CommandBehavior behavior, String method)
   at System.Data.SqlClient.SqlCommand.ExecuteReader(CommandBehavior behavior)
   at SubSonic.SqlDataProvider.GetReader(QueryCommand qry) in ]]></text>
                                        <marker class="CodeLocation">
                                          <contents>
                                            <text><![CDATA[C:\data\SubsonicRoot\ss2\SubSonic\DataProviders\SqlDataProvider.cs:line 384]]></text>
                                          </contents>
                                          <attributes>
                                            <attribute name="line" value="384" />
                                            <attribute name="path" value="C:\data\SubsonicRoot\ss2\SubSonic\DataProviders\SqlDataProvider.cs" />
                                          </attributes>
                                        </marker>
                                        <text><![CDATA[
   at SubSonic.DataService.GetReader(QueryCommand cmd) in ]]></text>
                                        <marker class="CodeLocation">
                                          <contents>
                                            <text><![CDATA[C:\data\SubsonicRoot\ss2\SubSonic\DataProviders\DataService.cs:line 506]]></text>
                                          </contents>
                                          <attributes>
                                            <attribute name="line" value="506" />
                                            <attribute name="path" value="C:\data\SubsonicRoot\ss2\SubSonic\DataProviders\DataService.cs" />
                                          </attributes>
                                        </marker>
                                        <text><![CDATA[
   at SubSonic.Query.ExecuteReader() in ]]></text>
                                        <marker class="CodeLocation">
                                          <contents>
                                            <text><![CDATA[C:\data\SubsonicRoot\ss2\SubSonic\Sql Tools\Query.cs:line 1814]]></text>
                                          </contents>
                                          <attributes>
                                            <attribute name="line" value="1814" />
                                            <attribute name="path" value="C:\data\SubsonicRoot\ss2\SubSonic\Sql Tools\Query.cs" />
                                          </attributes>
                                        </marker>
                                        <text><![CDATA[
   at SubSonic.ReadOnlyRecord`1.GetListItems(String textColumn) in ]]></text>
                                        <marker class="CodeLocation">
                                          <contents>
                                            <text><![CDATA[C:\data\SubsonicRoot\ss2\SubSonic\ActiveRecord\ReadOnlyRecord.cs:line 456]]></text>
                                          </contents>
                                          <attributes>
                                            <attribute name="line" value="456" />
                                            <attribute name="path" value="C:\data\SubsonicRoot\ss2\SubSonic\ActiveRecord\ReadOnlyRecord.cs" />
                                          </attributes>
                                        </marker>
                                        <text><![CDATA[
   at SubSonic.ReadOnlyRecord`1.GetListItems() in ]]></text>
                                        <marker class="CodeLocation">
                                          <contents>
                                            <text><![CDATA[C:\data\SubsonicRoot\ss2\SubSonic\ActiveRecord\ReadOnlyRecord.cs:line 435]]></text>
                                          </contents>
                                          <attributes>
                                            <attribute name="line" value="435" />
                                            <attribute name="path" value="C:\data\SubsonicRoot\ss2\SubSonic\ActiveRecord\ReadOnlyRecord.cs" />
                                          </attributes>
                                        </marker>
                                        <text><![CDATA[
   at SubSonic.Tests.GeneratedObjectTests.Objects_LoadListItems() in ]]></text>
                                        <marker class="CodeLocation">
                                          <contents>
                                            <text><![CDATA[C:\data\SubsonicRoot\ss2\SubSonic.Tests\GeneratedObjectTests.cs:line 63]]></text>
                                          </contents>
                                          <attributes>
                                            <attribute name="line" value="63" />
                                            <attribute name="path" value="C:\data\SubsonicRoot\ss2\SubSonic.Tests\GeneratedObjectTests.cs" />
                                          </attributes>
                                        </marker>
                                      </contents>
                                      <attributes />
                                    </marker>
                                  </contents>
                                  <attributes />
                                </marker>
                              </contents>
                            </section>
                          </contents>
                        </body>
                      </stream>
                    </streams>
                    <attachments />
                  </testLog>
                </testStepRun>
              </children>
              <result assertCount="5" duration="0.244494">
                <outcome status="failed" />
              </result>
              <testLog>
                <streams />
                <attachments />
              </testLog>
            </testStepRun>
            <testStepRun startTime="2011-08-05T15:48:35.9774705+09:30" endTime="2011-08-05T15:48:36.0087205+09:30">
              <testStep id="4fcd9cd2b1ef43f5" name="InlineQueryTests" fullName="SubSonic.Tests/InlineQueryTests" testId="a4b3d38ff5d95786" isPrimary="true" isTestCase="false" isDynamic="false">
                <codeReference assembly="SubSonic.Tests, Version=2.2.1.0, Culture=neutral, PublicKeyToken=null" namespace="SubSonic.Tests.SqlQuery" type="SubSonic.Tests.SqlQuery.InlineQueryTests" />
                <codeLocation path="C:\data\SubsonicRoot\ss2\SubSonic.Tests\SqlQuery\InlineQueryTests.cs" />
                <metadata>
                  <entry key="TestKind">
                    <value>Fixture</value>
                  </entry>
                </metadata>
              </testStep>
              <children>
                <testStepRun startTime="2011-08-05T15:48:35.9774705+09:30" endTime="2011-08-05T15:48:35.9774705+09:30">
                  <testStep id="bd59f7ad9c0eff1a" name="Inline_AsCollection" fullName="SubSonic.Tests/InlineQueryTests/Inline_AsCollection" testId="505820a5874ad648" isPrimary="true" isTestCase="true" isDynamic="false">
                    <codeReference assembly="SubSonic.Tests, Version=2.2.1.0, Culture=neutral, PublicKeyToken=null" namespace="SubSonic.Tests.SqlQuery" type="SubSonic.Tests.SqlQuery.InlineQueryTests" member="Inline_AsCollection" />
                    <codeLocation path="C:\data\SubsonicRoot\ss2\SubSonic.Tests\SqlQuery\InlineQueryTests.cs" line="43" />
                    <metadata>
                      <entry key="TestKind">
                        <value>Test</value>
                      </entry>
                    </metadata>
                  </testStep>
                  <children />
                  <result assertCount="0" duration="0.0287762">
                    <outcome status="passed" />
                  </result>
                  <testLog>
                    <streams />
                    <attachments />
                  </testLog>
                </testStepRun>
                <testStepRun startTime="2011-08-05T15:48:35.9930955+09:30" endTime="2011-08-05T15:48:35.9930955+09:30">
                  <testStep id="7ff106bb86150c21" name="Inline_Simple" fullName="SubSonic.Tests/InlineQueryTests/Inline_Simple" testId="701cd850fa67c6c9" isPrimary="true" isTestCase="true" isDynamic="false">
                    <codeReference assembly="SubSonic.Tests, Version=2.2.1.0, Culture=neutral, PublicKeyToken=null" namespace="SubSonic.Tests.SqlQuery" type="SubSonic.Tests.SqlQuery.InlineQueryTests" member="Inline_Simple" />
                    <codeLocation path="C:\data\SubsonicRoot\ss2\SubSonic.Tests\SqlQuery\InlineQueryTests.cs" line="27" />
                    <metadata>
                      <entry key="TestKind">
                        <value>Test</value>
                      </entry>
                    </metadata>
                  </testStep>
                  <children />
                  <result assertCount="1" duration="0.0023462">
                    <outcome status="passed" />
                  </result>
                  <testLog>
                    <streams />
                    <attachments />
                  </testLog>
                </testStepRun>
                <testStepRun startTime="2011-08-05T15:48:35.9930955+09:30" endTime="2011-08-05T15:48:35.9930955+09:30">
                  <testStep id="a03c4b971b9a9dcd" name="Inline_WithCommands" fullName="SubSonic.Tests/InlineQueryTests/Inline_WithCommands" testId="888f3066ed2a4bc1" isPrimary="true" isTestCase="true" isDynamic="false">
                    <codeReference assembly="SubSonic.Tests, Version=2.2.1.0, Culture=neutral, PublicKeyToken=null" namespace="SubSonic.Tests.SqlQuery" type="SubSonic.Tests.SqlQuery.InlineQueryTests" member="Inline_WithCommands" />
                    <codeLocation path="C:\data\SubsonicRoot\ss2\SubSonic.Tests\SqlQuery\InlineQueryTests.cs" line="34" />
                    <metadata>
                      <entry key="TestKind">
                        <value>Test</value>
                      </entry>
                    </metadata>
                  </testStep>
                  <children />
                  <result assertCount="2" duration="0.0088414">
                    <outcome status="passed" />
                  </result>
                  <testLog>
                    <streams />
                    <attachments />
                  </testLog>
                </testStepRun>
              </children>
              <result assertCount="3" duration="0.0597416">
                <outcome status="passed" />
              </result>
              <testLog>
                <streams />
                <attachments />
              </testLog>
            </testStepRun>
            <testStepRun startTime="2011-08-05T15:48:36.0087205+09:30" endTime="2011-08-05T15:48:36.0399705+09:30">
              <testStep id="4f4f28d85d76d2bd" name="InsertTests" fullName="SubSonic.Tests/InsertTests" testId="6ab4f5328a9660aa" isPrimary="true" isTestCase="false" isDynamic="false">
                <codeReference assembly="SubSonic.Tests, Version=2.2.1.0, Culture=neutral, PublicKeyToken=null" namespace="SubSonic.Tests.SqlQuery" type="SubSonic.Tests.SqlQuery.InsertTests" />
                <codeLocation path="C:\data\SubsonicRoot\ss2\SubSonic.Tests\SqlQuery\InsertTests.cs" />
                <metadata>
                  <entry key="TestKind">
                    <value>Fixture</value>
                  </entry>
                </metadata>
              </testStep>
              <children>
                <testStepRun startTime="2011-08-05T15:48:36.0087205+09:30" endTime="2011-08-05T15:48:36.0087205+09:30">
                  <testStep id="d62af9bc92b83931" name="Insert_Simple" fullName="SubSonic.Tests/InsertTests/Insert_Simple" testId="b303b9ae8f12c2ea" isPrimary="true" isTestCase="true" isDynamic="false">
                    <codeReference assembly="SubSonic.Tests, Version=2.2.1.0, Culture=neutral, PublicKeyToken=null" namespace="SubSonic.Tests.SqlQuery" type="SubSonic.Tests.SqlQuery.InsertTests" member="Insert_Simple" />
                    <codeLocation path="C:\data\SubsonicRoot\ss2\SubSonic.Tests\SqlQuery\InsertTests.cs" line="29" />
                    <metadata>
                      <entry key="TestKind">
                        <value>Test</value>
                      </entry>
                    </metadata>
                  </testStep>
                  <children />
                  <result assertCount="1" duration="0.0388584">
                    <outcome status="passed" />
                  </result>
                  <testLog>
                    <streams />
                    <attachments />
                  </testLog>
                </testStepRun>
                <testStepRun startTime="2011-08-05T15:48:36.0243455+09:30" endTime="2011-08-05T15:48:36.0243455+09:30">
                  <testStep id="2c8e988ce22f396d" name="Insert_SimpleWithSelect" fullName="SubSonic.Tests/InsertTests/Insert_SimpleWithSelect" testId="b6299421cf76c62f" isPrimary="true" isTestCase="true" isDynamic="false">
                    <codeReference assembly="SubSonic.Tests, Version=2.2.1.0, Culture=neutral, PublicKeyToken=null" namespace="SubSonic.Tests.SqlQuery" type="SubSonic.Tests.SqlQuery.InsertTests" member="Insert_SimpleWithSelect" />
                    <codeLocation path="C:\data\SubsonicRoot\ss2\SubSonic.Tests\SqlQuery\InsertTests.cs" line="38" />
                    <metadata>
                      <entry key="TestKind">
                        <value>Test</value>
                      </entry>
                    </metadata>
                  </testStep>
                  <children />
                  <result assertCount="1" duration="0.0041364">
                    <outcome status="passed" />
                  </result>
                  <testLog>
                    <streams />
                    <attachments />
                  </testLog>
                </testStepRun>
                <testStepRun startTime="2011-08-05T15:48:36.0243455+09:30" endTime="2011-08-05T15:48:36.0399705+09:30">
                  <testStep id="8dfae6bf50e95706" name="Insert_SimpleWithSelectAndSchema" fullName="SubSonic.Tests/InsertTests/Insert_SimpleWithSelectAndSchema" testId="ae153abf92394a57" isPrimary="true" isTestCase="true" isDynamic="false">
                    <codeReference assembly="SubSonic.Tests, Version=2.2.1.0, Culture=neutral, PublicKeyToken=null" namespace="SubSonic.Tests.SqlQuery" type="SubSonic.Tests.SqlQuery.InsertTests" member="Insert_SimpleWithSelectAndSchema" />
                    <codeLocation path="C:\data\SubsonicRoot\ss2\SubSonic.Tests\SqlQuery\InsertTests.cs" line="49" />
                    <metadata>
                      <entry key="TestKind">
                        <value>Test</value>
                      </entry>
                    </metadata>
                  </testStep>
                  <children />
                  <result assertCount="1" duration="0.0075355">
                    <outcome status="passed" />
                  </result>
                  <testLog>
                    <streams />
                    <attachments />
                  </testLog>
                </testStepRun>
              </children>
              <result assertCount="3" duration="0.0631883">
                <outcome status="passed" />
              </result>
              <testLog>
                <streams />
                <attachments />
              </testLog>
            </testStepRun>
            <testStepRun startTime="2011-08-05T15:48:36.0399705+09:30" endTime="2011-08-05T15:48:36.0399705+09:30">
              <testStep id="f3dc6ce60cf0b2a6" name="ManyToMany" fullName="SubSonic.Tests/ManyToMany" testId="4a525883a4c1bcb9" isPrimary="true" isTestCase="false" isDynamic="false">
                <codeReference assembly="SubSonic.Tests, Version=2.2.1.0, Culture=neutral, PublicKeyToken=null" namespace="SubSonic.Tests" type="SubSonic.Tests.ManyToMany" />
                <codeLocation path="C:\data\SubsonicRoot\ss2\SubSonic.Tests\bin\Debug\SubSonic.Tests.DLL" />
                <metadata>
                  <entry key="TestKind">
                    <value>Fixture</value>
                  </entry>
                </metadata>
              </testStep>
              <children />
              <result assertCount="0" duration="0.0023251">
                <outcome status="passed" />
              </result>
              <testLog>
                <streams />
                <attachments />
              </testLog>
            </testStepRun>
            <testStepRun startTime="2011-08-05T15:48:36.0555955+09:30" endTime="2011-08-05T15:48:39.6180955+09:30">
              <testStep id="cf4ffe0422b37650" name="MigrationTests" fullName="SubSonic.Tests/MigrationTests" testId="5bc31031dabd1cc3" isPrimary="true" isTestCase="false" isDynamic="false">
                <codeReference assembly="SubSonic.Tests, Version=2.2.1.0, Culture=neutral, PublicKeyToken=null" namespace="SubSonic.Tests.Migrations" type="SubSonic.Tests.Migrations.MigrationTests" />
                <codeLocation path="C:\data\SubsonicRoot\ss2\SubSonic.Tests\Migrations\MigrationTests.cs" />
                <metadata>
                  <entry key="TestKind">
                    <value>Fixture</value>
                  </entry>
                </metadata>
              </testStep>
              <children>
                <testStepRun startTime="2011-08-05T15:48:36.0555955+09:30" endTime="2011-08-05T15:48:36.0555955+09:30">
                  <testStep id="2b279029326920a7" name="CreateTable_Should_Allow_Char3_As_PrimaryKey" fullName="SubSonic.Tests/MigrationTests/CreateTable_Should_Allow_Char3_As_PrimaryKey" testId="4191394411848969" isPrimary="true" isTestCase="true" isDynamic="false">
                    <codeReference assembly="SubSonic.Tests, Version=2.2.1.0, Culture=neutral, PublicKeyToken=null" namespace="SubSonic.Tests.Migrations" type="SubSonic.Tests.Migrations.MigrationTests" member="CreateTable_Should_Allow_Char3_As_PrimaryKey" />
                    <codeLocation path="C:\data\SubsonicRoot\ss2\SubSonic.Tests\Migrations\MigrationTests.cs" line="286" />
                    <metadata>
                      <entry key="TestKind">
                        <value>Test</value>
                      </entry>
                    </metadata>
                  </testStep>
                  <children />
                  <result assertCount="2" duration="0.22948649999999998">
                    <outcome status="passed" />
                  </result>
                  <testLog>
                    <streams />
                    <attachments />
                  </testLog>
                </testStepRun>
                <testStepRun startTime="2011-08-05T15:48:36.0555955+09:30" endTime="2011-08-05T15:48:36.0712205+09:30">
                  <testStep id="b3b2ecceaecbd5ea" name="Dual_ForeignKey_Relationships_ShouldBe_Possible_From_One_To_Many" fullName="SubSonic.Tests/MigrationTests/Dual_ForeignKey_Relationships_ShouldBe_Possible_From_One_To_Many" testId="fca4a854339d17cf" isPrimary="true" isTestCase="true" isDynamic="false">
                    <codeReference assembly="SubSonic.Tests, Version=2.2.1.0, Culture=neutral, PublicKeyToken=null" namespace="SubSonic.Tests.Migrations" type="SubSonic.Tests.Migrations.MigrationTests" member="Dual_ForeignKey_Relationships_ShouldBe_Possible_From_One_To_Many" />
                    <codeLocation path="C:\data\SubsonicRoot\ss2\SubSonic.Tests\Migrations\MigrationTests.cs" line="310" />
                    <metadata>
                      <entry key="TestKind">
                        <value>Test</value>
                      </entry>
                    </metadata>
                  </testStep>
                  <children />
                  <result assertCount="0" duration="0.2001643">
                    <outcome status="passed" />
                  </result>
                  <testLog>
                    <streams />
                    <attachments />
                  </testLog>
                </testStepRun>
                <testStepRun startTime="2011-08-05T15:48:36.0712205+09:30" endTime="2011-08-05T15:48:36.1024705+09:30">
                  <testStep id="3f45d39f6535c7df" name="MigrateDownFromZero" fullName="SubSonic.Tests/MigrationTests/MigrateDownFromZero" testId="71cebd88972a170d" isPrimary="true" isTestCase="true" isDynamic="false">
                    <codeReference assembly="SubSonic.Tests, Version=2.2.1.0, Culture=neutral, PublicKeyToken=null" namespace="SubSonic.Tests.Migrations" type="SubSonic.Tests.Migrations.MigrationTests" member="MigrateDownFromZero" />
                    <codeLocation path="C:\data\SubsonicRoot\ss2\SubSonic.Tests\Migrations\MigrationTests.cs" line="69" />
                    <metadata>
                      <entry key="TestKind">
                        <value>Test</value>
                      </entry>
                    </metadata>
                  </testStep>
                  <children />
                  <result assertCount="2" duration="0.1910734">
                    <outcome status="passed" />
                  </result>
                  <testLog>
                    <streams />
                    <attachments />
                  </testLog>
                </testStepRun>
                <testStepRun startTime="2011-08-05T15:48:36.1180955+09:30" endTime="2011-08-05T15:48:36.8993455+09:30">
                  <testStep id="13fbb07d31073a77" name="MigrateUpDownNegative1" fullName="SubSonic.Tests/MigrationTests/MigrateUpDownNegative1" testId="bd66417745aec781" isPrimary="true" isTestCase="true" isDynamic="false">
                    <codeReference assembly="SubSonic.Tests, Version=2.2.1.0, Culture=neutral, PublicKeyToken=null" namespace="SubSonic.Tests.Migrations" type="SubSonic.Tests.Migrations.MigrationTests" member="MigrateUpDownNegative1" />
                    <codeLocation path="C:\data\SubsonicRoot\ss2\SubSonic.Tests\Migrations\MigrationTests.cs" line="79" />
                    <metadata>
                      <entry key="TestKind">
                        <value>Test</value>
                      </entry>
                    </metadata>
                  </testStep>
                  <children />
                  <result assertCount="4" duration="0.7860703">
                    <outcome status="passed" />
                  </result>
                  <testLog>
                    <streams>
                      <stream name="ConsoleOutput">
                        <body>
                          <contents>
                            <text><![CDATA[Found 2 migration files
Current DB Version is 0
Migrating to 001_MigrationTest (1)
Found 2 migration files
Current DB Version is 1
Migrating to 001_MigrationTest (1)
]]></text>
                          </contents>
                        </body>
                      </stream>
                    </streams>
                    <attachments />
                  </testLog>
                </testStepRun>
                <testStepRun startTime="2011-08-05T15:48:36.8993455+09:30" endTime="2011-08-05T15:48:36.9305955+09:30">
                  <testStep id="bf7c9a30cebe2ed9" name="Migration_SQL_Generation_AddRemoveColumns" fullName="SubSonic.Tests/MigrationTests/Migration_SQL_Generation_AddRemoveColumns" testId="fc1403bbd9c21f26" isPrimary="true" isTestCase="true" isDynamic="false">
                    <codeReference assembly="SubSonic.Tests, Version=2.2.1.0, Culture=neutral, PublicKeyToken=null" namespace="SubSonic.Tests.Migrations" type="SubSonic.Tests.Migrations.MigrationTests" member="Migration_SQL_Generation_AddRemoveColumns" />
                    <codeLocation path="C:\data\SubsonicRoot\ss2\SubSonic.Tests\Migrations\MigrationTests.cs" line="41" />
                    <metadata>
                      <entry key="TestKind">
                        <value>Test</value>
                      </entry>
                    </metadata>
                  </testStep>
                  <children />
                  <result assertCount="1" duration="0.021068">
                    <outcome status="passed" />
                  </result>
                  <testLog>
                    <streams />
                    <attachments />
                  </testLog>
                </testStepRun>
                <testStepRun startTime="2011-08-05T15:48:36.9305955+09:30" endTime="2011-08-05T15:48:37.0712205+09:30">
                  <testStep id="4996bce88b5ca467" name="MigrationAddRemoveColumns" fullName="SubSonic.Tests/MigrationTests/MigrationAddRemoveColumns" testId="5fbd30d8d3c730d4" isPrimary="true" isTestCase="true" isDynamic="false">
                    <codeReference assembly="SubSonic.Tests, Version=2.2.1.0, Culture=neutral, PublicKeyToken=null" namespace="SubSonic.Tests.Migrations" type="SubSonic.Tests.Migrations.MigrationTests" member="MigrationAddRemoveColumns" />
                    <codeLocation path="C:\data\SubsonicRoot\ss2\SubSonic.Tests\Migrations\MigrationTests.cs" line="171" />
                    <metadata>
                      <entry key="TestKind">
                        <value>Test</value>
                      </entry>
                    </metadata>
                  </testStep>
                  <children />
                  <result assertCount="2" duration="0.134569">
                    <outcome status="passed" />
                  </result>
                  <testLog>
                    <streams />
                    <attachments />
                  </testLog>
                </testStepRun>
                <testStepRun startTime="2011-08-05T15:48:37.0712205+09:30" endTime="2011-08-05T15:48:37.3524705+09:30">
                  <testStep id="d5b39424cb9bae8e" name="MigrationAlterColumn" fullName="SubSonic.Tests/MigrationTests/MigrationAlterColumn" testId="941fe2e0ac31211e" isPrimary="true" isTestCase="true" isDynamic="false">
                    <codeReference assembly="SubSonic.Tests, Version=2.2.1.0, Culture=neutral, PublicKeyToken=null" namespace="SubSonic.Tests.Migrations" type="SubSonic.Tests.Migrations.MigrationTests" member="MigrationAlterColumn" />
                    <codeLocation path="C:\data\SubsonicRoot\ss2\SubSonic.Tests\Migrations\MigrationTests.cs" line="148" />
                    <metadata>
                      <entry key="TestKind">
                        <value>Test</value>
                      </entry>
                    </metadata>
                  </testStep>
                  <children />
                  <result assertCount="2" duration="0.2666948">
                    <outcome status="passed" />
                  </result>
                  <testLog>
                    <streams />
                    <attachments />
                  </testLog>
                </testStepRun>
                <testStepRun startTime="2011-08-05T15:48:37.3680955+09:30" endTime="2011-08-05T15:48:37.3837205+09:30">
                  <testStep id="ec2246981d9125e3" name="MigrationExecute" fullName="SubSonic.Tests/MigrationTests/MigrationExecute" testId="bca569c17d71b8ce" isPrimary="true" isTestCase="true" isDynamic="false">
                    <codeReference assembly="SubSonic.Tests, Version=2.2.1.0, Culture=neutral, PublicKeyToken=null" namespace="SubSonic.Tests.Migrations" type="SubSonic.Tests.Migrations.MigrationTests" member="MigrationExecute" />
                    <codeLocation path="C:\data\SubsonicRoot\ss2\SubSonic.Tests\Migrations\MigrationTests.cs" line="250" />
                    <metadata>
                      <entry key="TestKind">
                        <value>Test</value>
                      </entry>
                    </metadata>
                  </testStep>
                  <children />
                  <result assertCount="1" duration="0.0169226">
                    <outcome status="passed" />
                  </result>
                  <testLog>
                    <streams />
                    <attachments />
                  </testLog>
                </testStepRun>
                <testStepRun startTime="2011-08-05T15:48:37.3837205+09:30" endTime="2011-08-05T15:48:37.3993455+09:30">
                  <testStep id="2ea095de0a48b8db" name="MigrationGenerateCreateTablesSql" fullName="SubSonic.Tests/MigrationTests/MigrationGenerateCreateTablesSql" testId="6ad5e975aee08ddf" isPrimary="true" isTestCase="true" isDynamic="false">
                    <codeReference assembly="SubSonic.Tests, Version=2.2.1.0, Culture=neutral, PublicKeyToken=null" namespace="SubSonic.Tests.Migrations" type="SubSonic.Tests.Migrations.MigrationTests" member="MigrationGenerateCreateTablesSql" />
                    <codeLocation path="C:\data\SubsonicRoot\ss2\SubSonic.Tests\Migrations\MigrationTests.cs" line="18" />
                    <metadata>
                      <entry key="TestKind">
                        <value>Test</value>
                      </entry>
                    </metadata>
                  </testStep>
                  <children />
                  <result assertCount="1" duration="0.0033485">
                    <outcome status="passed" />
                  </result>
                  <testLog>
                    <streams />
                    <attachments />
                  </testLog>
                </testStepRun>
                <testStepRun startTime="2011-08-05T15:48:37.3993455+09:30" endTime="2011-08-05T15:48:37.4930955+09:30">
                  <testStep id="b587aabfebef85f5" name="MigrationGenerateDropTablesSql" fullName="SubSonic.Tests/MigrationTests/MigrationGenerateDropTablesSql" testId="1989de16e4cda26b" isPrimary="true" isTestCase="true" isDynamic="false">
                    <codeReference assembly="SubSonic.Tests, Version=2.2.1.0, Culture=neutral, PublicKeyToken=null" namespace="SubSonic.Tests.Migrations" type="SubSonic.Tests.Migrations.MigrationTests" member="MigrationGenerateDropTablesSql" />
                    <codeLocation path="C:\data\SubsonicRoot\ss2\SubSonic.Tests\Migrations\MigrationTests.cs" line="29" />
                    <metadata>
                      <entry key="TestKind">
                        <value>Test</value>
                      </entry>
                    </metadata>
                  </testStep>
                  <children />
                  <result assertCount="1" duration="0.1097734">
                    <outcome status="passed" />
                  </result>
                  <testLog>
                    <streams />
                    <attachments />
                  </testLog>
                </testStepRun>
                <testStepRun startTime="2011-08-05T15:48:37.4930955+09:30" endTime="2011-08-05T15:48:37.6024705+09:30">
                  <testStep id="faf6497d515e1499" name="MigrationMySql" fullName="SubSonic.Tests/MigrationTests/MigrationMySql" testId="4abcbd35596f771b" isPrimary="true" isTestCase="true" isDynamic="false">
                    <codeReference assembly="SubSonic.Tests, Version=2.2.1.0, Culture=neutral, PublicKeyToken=null" namespace="SubSonic.Tests.Migrations" type="SubSonic.Tests.Migrations.MigrationTests" member="MigrationMySql" />
                    <codeLocation path="C:\data\SubsonicRoot\ss2\SubSonic.Tests\Migrations\MigrationTests.cs" line="265" />
                    <metadata>
                      <entry key="TestKind">
                        <value>Test</value>
                      </entry>
                    </metadata>
                  </testStep>
                  <children />
                  <result assertCount="4" duration="0.1089214">
                    <outcome status="passed" />
                  </result>
                  <testLog>
                    <streams />
                    <attachments />
                  </testLog>
                </testStepRun>
                <testStepRun startTime="2011-08-05T15:48:37.6024705+09:30" endTime="2011-08-05T15:48:37.7118455+09:30">
                  <testStep id="f96179f6bbda2f91" name="MigrationOnDispose" fullName="SubSonic.Tests/MigrationTests/MigrationOnDispose" testId="9b9ec6dd8cf18626" isPrimary="true" isTestCase="true" isDynamic="false">
                    <codeReference assembly="SubSonic.Tests, Version=2.2.1.0, Culture=neutral, PublicKeyToken=null" namespace="SubSonic.Tests.Migrations" type="SubSonic.Tests.Migrations.MigrationTests" member="MigrationOnDispose" />
                    <codeLocation path="C:\data\SubsonicRoot\ss2\SubSonic.Tests\Migrations\MigrationTests.cs" line="232" />
                    <metadata>
                      <entry key="TestKind">
                        <value>Test</value>
                      </entry>
                    </metadata>
                  </testStep>
                  <children />
                  <result assertCount="1" duration="0.0938841">
                    <outcome status="passed" />
                  </result>
                  <testLog>
                    <streams />
                    <attachments />
                  </testLog>
                </testStepRun>
                <testStepRun startTime="2011-08-05T15:48:37.7118455+09:30" endTime="2011-08-05T15:48:38.4149705+09:30">
                  <testStep id="92c2d22ab52af8ce" name="MigrationShouldCreateAndDropTestTable" fullName="SubSonic.Tests/MigrationTests/MigrationShouldCreateAndDropTestTable" testId="cfe29af00870094c" isPrimary="true" isTestCase="true" isDynamic="false">
                    <codeReference assembly="SubSonic.Tests, Version=2.2.1.0, Culture=neutral, PublicKeyToken=null" namespace="SubSonic.Tests.Migrations" type="SubSonic.Tests.Migrations.MigrationTests" member="MigrationShouldCreateAndDropTestTable" />
                    <codeLocation path="C:\data\SubsonicRoot\ss2\SubSonic.Tests\Migrations\MigrationTests.cs" line="184" />
                    <metadata>
                      <entry key="TestKind">
                        <value>Test</value>
                      </entry>
                    </metadata>
                  </testStep>
                  <children />
                  <result assertCount="6" duration="0.7118612">
                    <outcome status="passed" />
                  </result>
                  <testLog>
                    <streams>
                      <stream name="ConsoleOutput">
                        <body>
                          <contents>
                            <text><![CDATA[Found 2 migration files
Current DB Version is 0
Migrating to 001_MigrationTest (1)
Found 2 migration files
Current DB Version is 1
Migrating to 001_MigrationTest (1)
]]></text>
                          </contents>
                        </body>
                      </stream>
                    </streams>
                    <attachments />
                  </testLog>
                </testStepRun>
                <testStepRun startTime="2011-08-05T15:48:38.4305955+09:30" endTime="2011-08-05T15:48:39.4618455+09:30">
                  <testStep id="4123c115414f9bc9" name="MigrationShouldExecMultipleMigrations" fullName="SubSonic.Tests/MigrationTests/MigrationShouldExecMultipleMigrations" testId="68b84e1f9a9c2bc8" isPrimary="true" isTestCase="true" isDynamic="false">
                    <codeReference assembly="SubSonic.Tests, Version=2.2.1.0, Culture=neutral, PublicKeyToken=null" namespace="SubSonic.Tests.Migrations" type="SubSonic.Tests.Migrations.MigrationTests" member="MigrationShouldExecMultipleMigrations" />
                    <codeLocation path="C:\data\SubsonicRoot\ss2\SubSonic.Tests\Migrations\MigrationTests.cs" line="205" />
                    <metadata>
                      <entry key="TestKind">
                        <value>Test</value>
                      </entry>
                    </metadata>
                  </testStep>
                  <children />
                  <result assertCount="10" duration="1.0541668">
                    <outcome status="passed" />
                  </result>
                  <testLog>
                    <streams>
                      <stream name="ConsoleOutput">
                        <body>
                          <contents>
                            <text><![CDATA[Found 2 migration files
Current DB Version is 0
Migrating to 001_MigrationTest (1)
Migrating to 002_MigrationTest (2)
Found 2 migration files
Current DB Version is 2
Migrating to 002_MigrationTest (2)
]]></text>
                          </contents>
                        </body>
                      </stream>
                    </streams>
                    <attachments />
                  </testLog>
                </testStepRun>
                <testStepRun startTime="2011-08-05T15:48:39.4618455+09:30" endTime="2011-08-05T15:48:39.5712205+09:30">
                  <testStep id="c63fb3a6a36eaa7c" name="MigrationUpDown" fullName="SubSonic.Tests/MigrationTests/MigrationUpDown" testId="79ec5c9c7b50141d" isPrimary="true" isTestCase="true" isDynamic="false">
                    <codeReference assembly="SubSonic.Tests, Version=2.2.1.0, Culture=neutral, PublicKeyToken=null" namespace="SubSonic.Tests.Migrations" type="SubSonic.Tests.Migrations.MigrationTests" member="MigrationUpDown" />
                    <codeLocation path="C:\data\SubsonicRoot\ss2\SubSonic.Tests\Migrations\MigrationTests.cs" line="102" />
                    <metadata>
                      <entry key="TestKind">
                        <value>Test</value>
                      </entry>
                    </metadata>
                  </testStep>
                  <children />
                  <result assertCount="4" duration="0.1024887">
                    <outcome status="passed" />
                  </result>
                  <testLog>
                    <streams />
                    <attachments />
                  </testLog>
                </testStepRun>
                <testStepRun startTime="2011-08-05T15:48:39.5712205+09:30" endTime="2011-08-05T15:48:39.6024705+09:30">
                  <testStep id="ab14e13724d6dda6" name="MigrationUpwithErrors" fullName="SubSonic.Tests/MigrationTests/MigrationUpwithErrors" testId="c1db2d4e72754f2c" isPrimary="true" isTestCase="true" isDynamic="false">
                    <codeReference assembly="SubSonic.Tests, Version=2.2.1.0, Culture=neutral, PublicKeyToken=null" namespace="SubSonic.Tests.Migrations" type="SubSonic.Tests.Migrations.MigrationTests" member="MigrationUpwithErrors" />
                    <codeLocation path="C:\data\SubsonicRoot\ss2\SubSonic.Tests\Migrations\MigrationTests.cs" line="127" />
                    <metadata>
                      <entry key="TestKind">
                        <value>Test</value>
                      </entry>
                    </metadata>
                  </testStep>
                  <children />
                  <result assertCount="2" duration="0.0190583">
                    <outcome status="passed" />
                  </result>
                  <testLog>
                    <streams />
                    <attachments />
                  </testLog>
                </testStepRun>
              </children>
              <result assertCount="43" duration="4.1421665999999995">
                <outcome status="passed" />
              </result>
              <testLog>
                <streams />
                <attachments />
              </testLog>
            </testStepRun>
            <testStepRun startTime="2011-08-05T15:48:39.6180955+09:30" endTime="2011-08-05T15:48:39.8680955+09:30">
              <testStep id="2b29f26bdfaf4585" name="MultiProvider" fullName="SubSonic.Tests/MultiProvider" testId="621ae3895ea314a" isPrimary="true" isTestCase="false" isDynamic="false">
                <codeReference assembly="SubSonic.Tests, Version=2.2.1.0, Culture=neutral, PublicKeyToken=null" namespace="SubSonic.Tests" type="SubSonic.Tests.MultiProvider" />
                <codeLocation path="C:\data\SubsonicRoot\ss2\SubSonic.Tests\MultiProvider.cs" />
                <metadata>
                  <entry key="TestKind">
                    <value>Fixture</value>
                  </entry>
                </metadata>
              </testStep>
              <children>
                <testStepRun startTime="2011-08-05T15:48:39.6180955+09:30" endTime="2011-08-05T15:48:39.8524705+09:30">
                  <testStep id="1ad462af9ecb96ea" name="Multi_QueryTest" fullName="SubSonic.Tests/MultiProvider/Multi_QueryTest" testId="e240560f583195d4" isPrimary="true" isTestCase="true" isDynamic="false">
                    <codeReference assembly="SubSonic.Tests, Version=2.2.1.0, Culture=neutral, PublicKeyToken=null" namespace="SubSonic.Tests" type="SubSonic.Tests.MultiProvider" member="Multi_QueryTest" />
                    <codeLocation path="C:\data\SubsonicRoot\ss2\SubSonic.Tests\MultiProvider.cs" line="32" />
                    <metadata>
                      <entry key="TestKind">
                        <value>Test</value>
                      </entry>
                    </metadata>
                  </testStep>
                  <children />
                  <result assertCount="0" duration="0.1230848">
                    <outcome status="failed" />
                  </result>
                  <testLog>
                    <streams>
                      <stream name="Failures">
                        <body>
                          <contents>
                            <section name="Execute">
                              <contents>
                                <marker class="Exception">
                                  <contents>
                                    <marker class="ExceptionType">
                                      <contents>
                                        <text><![CDATA[System.Data.SqlClient.SqlException]]></text>
                                      </contents>
                                      <attributes />
                                    </marker>
                                    <text><![CDATA[: ]]></text>
                                    <marker class="ExceptionMessage">
                                      <contents>
                                        <text><![CDATA[Incorrect syntax near the keyword 'ORDER'.]]></text>
                                      </contents>
                                      <attributes />
                                    </marker>
                                    <text><![CDATA[
]]></text>
                                    <marker class="ExceptionPropertyName">
                                      <contents>
                                        <text><![CDATA[Errors]]></text>
                                      </contents>
                                      <attributes />
                                    </marker>
                                    <text><![CDATA[: ]]></text>
                                    <marker class="ExceptionPropertyValue">
                                      <contents>
                                        <text><![CDATA[System.Data.SqlClient.SqlErrorCollection]]></text>
                                      </contents>
                                      <attributes />
                                    </marker>
                                    <text><![CDATA[
]]></text>
                                    <marker class="ExceptionPropertyName">
                                      <contents>
                                        <text><![CDATA[Class]]></text>
                                      </contents>
                                      <attributes />
                                    </marker>
                                    <text><![CDATA[: ]]></text>
                                    <marker class="ExceptionPropertyValue">
                                      <contents>
                                        <text><![CDATA[15]]></text>
                                      </contents>
                                      <attributes />
                                    </marker>
                                    <text><![CDATA[
]]></text>
                                    <marker class="ExceptionPropertyName">
                                      <contents>
                                        <text><![CDATA[LineNumber]]></text>
                                      </contents>
                                      <attributes />
                                    </marker>
                                    <text><![CDATA[: ]]></text>
                                    <marker class="ExceptionPropertyValue">
                                      <contents>
                                        <text><![CDATA[1]]></text>
                                      </contents>
                                      <attributes />
                                    </marker>
                                    <text><![CDATA[
]]></text>
                                    <marker class="ExceptionPropertyName">
                                      <contents>
                                        <text><![CDATA[Number]]></text>
                                      </contents>
                                      <attributes />
                                    </marker>
                                    <text><![CDATA[: ]]></text>
                                    <marker class="ExceptionPropertyValue">
                                      <contents>
                                        <text><![CDATA[156]]></text>
                                      </contents>
                                      <attributes />
                                    </marker>
                                    <text><![CDATA[
]]></text>
                                    <marker class="ExceptionPropertyName">
                                      <contents>
                                        <text><![CDATA[Procedure]]></text>
                                      </contents>
                                      <attributes />
                                    </marker>
                                    <text><![CDATA[: ]]></text>
                                    <marker class="ExceptionPropertyValue">
                                      <contents />
                                      <attributes />
                                    </marker>
                                    <text><![CDATA[
]]></text>
                                    <marker class="ExceptionPropertyName">
                                      <contents>
                                        <text><![CDATA[Server]]></text>
                                      </contents>
                                      <attributes />
                                    </marker>
                                    <text><![CDATA[: ]]></text>
                                    <marker class="ExceptionPropertyValue">
                                      <contents>
                                        <text><![CDATA[ANAXIMANDER\SQLEXPRESS]]></text>
                                      </contents>
                                      <attributes />
                                    </marker>
                                    <text><![CDATA[
]]></text>
                                    <marker class="ExceptionPropertyName">
                                      <contents>
                                        <text><![CDATA[State]]></text>
                                      </contents>
                                      <attributes />
                                    </marker>
                                    <text><![CDATA[: ]]></text>
                                    <marker class="ExceptionPropertyValue">
                                      <contents>
                                        <text><![CDATA[1]]></text>
                                      </contents>
                                      <attributes />
                                    </marker>
                                    <text><![CDATA[
]]></text>
                                    <marker class="ExceptionPropertyName">
                                      <contents>
                                        <text><![CDATA[ErrorCode]]></text>
                                      </contents>
                                      <attributes />
                                    </marker>
                                    <text><![CDATA[: ]]></text>
                                    <marker class="ExceptionPropertyValue">
                                      <contents>
                                        <text><![CDATA[-2146232060]]></text>
                                      </contents>
                                      <attributes />
                                    </marker>
                                    <text><![CDATA[
]]></text>
                                    <marker class="StackTrace">
                                      <contents>
                                        <text><![CDATA[   at System.Data.SqlClient.SqlConnection.OnError(SqlException exception, Boolean breakConnection)
   at System.Data.SqlClient.SqlInternalConnection.OnError(SqlException exception, Boolean breakConnection)
   at System.Data.SqlClient.TdsParser.ThrowExceptionAndWarning(TdsParserStateObject stateObj)
   at System.Data.SqlClient.TdsParser.Run(RunBehavior runBehavior, SqlCommand cmdHandler, SqlDataReader dataStream, BulkCopySimpleResultSet bulkCopyHandler, TdsParserStateObject stateObj)
   at System.Data.SqlClient.SqlDataReader.ConsumeMetaData()
   at System.Data.SqlClient.SqlDataReader.get_MetaData()
   at System.Data.SqlClient.SqlCommand.FinishExecuteReader(SqlDataReader ds, RunBehavior runBehavior, String resetOptionsString)
   at System.Data.SqlClient.SqlCommand.RunExecuteReaderTds(CommandBehavior cmdBehavior, RunBehavior runBehavior, Boolean returnStream, Boolean async)
   at System.Data.SqlClient.SqlCommand.RunExecuteReader(CommandBehavior cmdBehavior, RunBehavior runBehavior, Boolean returnStream, String method, DbAsyncResult result)
   at System.Data.SqlClient.SqlCommand.RunExecuteReader(CommandBehavior cmdBehavior, RunBehavior runBehavior, Boolean returnStream, String method)
   at System.Data.SqlClient.SqlCommand.ExecuteReader(CommandBehavior behavior, String method)
   at System.Data.SqlClient.SqlCommand.ExecuteDbDataReader(CommandBehavior behavior)
   at System.Data.Common.DbCommand.System.Data.IDbCommand.ExecuteReader(CommandBehavior behavior)
   at System.Data.Common.DbDataAdapter.FillInternal(DataSet dataset, DataTable[] datatables, Int32 startRecord, Int32 maxRecords, String srcTable, IDbCommand command, CommandBehavior behavior)
   at System.Data.Common.DbDataAdapter.Fill(DataSet dataSet, Int32 startRecord, Int32 maxRecords, String srcTable, IDbCommand command, CommandBehavior behavior)
   at System.Data.Common.DbDataAdapter.Fill(DataSet dataSet)
   at SubSonic.SqlDataProvider.GetDataSet[T](QueryCommand qry) in ]]></text>
                                        <marker class="CodeLocation">
                                          <contents>
                                            <text><![CDATA[C:\data\SubsonicRoot\ss2\SubSonic\DataProviders\SqlDataProvider.cs:line 438]]></text>
                                          </contents>
                                          <attributes>
                                            <attribute name="line" value="438" />
                                            <attribute name="path" value="C:\data\SubsonicRoot\ss2\SubSonic\DataProviders\SqlDataProvider.cs" />
                                          </attributes>
                                        </marker>
                                        <text><![CDATA[
   at SubSonic.DataProvider.GetDataSet(QueryCommand cmd) in ]]></text>
                                        <marker class="CodeLocation">
                                          <contents>
                                            <text><![CDATA[C:\data\SubsonicRoot\ss2\SubSonic\DataProviders\DataProvider.cs:line 786]]></text>
                                          </contents>
                                          <attributes>
                                            <attribute name="line" value="786" />
                                            <attribute name="path" value="C:\data\SubsonicRoot\ss2\SubSonic\DataProviders\DataProvider.cs" />
                                          </attributes>
                                        </marker>
                                        <text><![CDATA[
   at SubSonic.DataService.GetDataSet(QueryCommand cmd) in ]]></text>
                                        <marker class="CodeLocation">
                                          <contents>
                                            <text><![CDATA[C:\data\SubsonicRoot\ss2\SubSonic\DataProviders\DataService.cs:line 526]]></text>
                                          </contents>
                                          <attributes>
                                            <attribute name="line" value="526" />
                                            <attribute name="path" value="C:\data\SubsonicRoot\ss2\SubSonic\DataProviders\DataService.cs" />
                                          </attributes>
                                        </marker>
                                        <text><![CDATA[
   at SubSonic.Query.ExecuteDataSet() in ]]></text>
                                        <marker class="CodeLocation">
                                          <contents>
                                            <text><![CDATA[C:\data\SubsonicRoot\ss2\SubSonic\Sql Tools\Query.cs:line 1823]]></text>
                                          </contents>
                                          <attributes>
                                            <attribute name="line" value="1823" />
                                            <attribute name="path" value="C:\data\SubsonicRoot\ss2\SubSonic\Sql Tools\Query.cs" />
                                          </attributes>
                                        </marker>
                                        <text><![CDATA[
   at SubSonic.Tests.MultiProvider.Multi_QueryTest() in ]]></text>
                                        <marker class="CodeLocation">
                                          <contents>
                                            <text><![CDATA[C:\data\SubsonicRoot\ss2\SubSonic.Tests\MultiProvider.cs:line 35]]></text>
                                          </contents>
                                          <attributes>
                                            <attribute name="line" value="35" />
                                            <attribute name="path" value="C:\data\SubsonicRoot\ss2\SubSonic.Tests\MultiProvider.cs" />
                                          </attributes>
                                        </marker>
                                      </contents>
                                      <attributes />
                                    </marker>
                                  </contents>
                                  <attributes />
                                </marker>
                              </contents>
                            </section>
                          </contents>
                        </body>
                      </stream>
                    </streams>
                    <attachments />
                  </testLog>
                </testStepRun>
                <testStepRun startTime="2011-08-05T15:48:39.8524705+09:30" endTime="2011-08-05T15:48:39.8680955+09:30">
                  <testStep id="61a405ed4355e688" name="Multiple_Providers_Should_Return_Correct_ProviderName" fullName="SubSonic.Tests/MultiProvider/Multiple_Providers_Should_Return_Correct_ProviderName" testId="44598ae75999557" isPrimary="true" isTestCase="true" isDynamic="false">
                    <codeReference assembly="SubSonic.Tests, Version=2.2.1.0, Culture=neutral, PublicKeyToken=null" namespace="SubSonic.Tests" type="SubSonic.Tests.MultiProvider" member="Multiple_Providers_Should_Return_Correct_ProviderName" />
                    <codeLocation path="C:\data\SubsonicRoot\ss2\SubSonic.Tests\MultiProvider.cs" line="45" />
                    <metadata>
                      <entry key="TestKind">
                        <value>Test</value>
                      </entry>
                    </metadata>
                  </testStep>
                  <children />
                  <result assertCount="2" duration="0.0030474">
                    <outcome status="passed" />
                  </result>
                  <testLog>
                    <streams />
                    <attachments />
                  </testLog>
                </testStepRun>
              </children>
              <result assertCount="2" duration="0.1408381">
                <outcome status="failed" />
              </result>
              <testLog>
                <streams />
                <attachments />
              </testLog>
            </testStepRun>
            <testStepRun startTime="2011-08-05T15:48:39.8837205+09:30" endTime="2011-08-05T15:48:40.3212205+09:30">
              <testStep id="74621640fa9b2343" name="MySqlGeneratorTests" fullName="SubSonic.Tests/MySqlGeneratorTests" testId="d555ee4381e205dd" isPrimary="true" isTestCase="false" isDynamic="false">
                <codeReference assembly="SubSonic.Tests, Version=2.2.1.0, Culture=neutral, PublicKeyToken=null" namespace="SubSonic.Tests.SqlGenerators" type="SubSonic.Tests.SqlGenerators.MySqlGeneratorTests" />
                <codeLocation path="C:\data\SubsonicRoot\ss2\SubSonic.Tests\SqlGenerators\MySqlGeneratorTests.cs" />
                <metadata>
                  <entry key="TestKind">
                    <value>Fixture</value>
                  </entry>
                </metadata>
              </testStep>
              <children>
                <testStepRun startTime="2011-08-05T15:48:39.8993455+09:30" endTime="2011-08-05T15:48:39.9774705+09:30">
                  <testStep id="2b3feaa82816f2f6" name="Add_Column" fullName="SubSonic.Tests/MySqlGeneratorTests/Add_Column" testId="f83464f45f4bb980" isPrimary="true" isTestCase="true" isDynamic="false">
                    <codeReference assembly="SubSonic.Tests, Version=2.2.1.0, Culture=neutral, PublicKeyToken=null" namespace="SubSonic.Tests.SqlGenerators" type="SubSonic.Tests.SqlGenerators.MySqlGeneratorTests" member="Add_Column" />
                    <codeLocation path="C:\data\SubsonicRoot\ss2\SubSonic.Tests\SqlGenerators\MySqlGeneratorTests.cs" line="46" />
                    <metadata>
                      <entry key="TestKind">
                        <value>Test</value>
                      </entry>
                    </metadata>
                  </testStep>
                  <children />
                  <result assertCount="1" duration="0.12173239999999999">
                    <outcome status="failed" />
                  </result>
                  <testLog>
                    <streams>
                      <stream name="Failures">
                        <body>
                          <contents>
                            <marker class="AssertionFailure">
                              <contents>
                                <section name="Expected values to be equal.">
                                  <contents>
                                    <text><![CDATA[
]]></text>
                                    <marker class="Monospace">
                                      <contents>
                                        <marker class="Label">
                                          <contents>
                                            <text><![CDATA[Expected Value : ]]></text>
                                          </contents>
                                          <attributes />
                                        </marker>
                                        <text><![CDATA["ALTER TABLE ]]></text>
                                        <marker class="DiffChange">
                                          <contents>
                                            <text><![CDATA[`]]></text>
                                          </contents>
                                          <attributes />
                                        </marker>
                                        <text><![CDATA[products]]></text>
                                        <marker class="DiffChange">
                                          <contents>
                                            <text><![CDATA[`]]></text>
                                          </contents>
                                          <attributes />
                                        </marker>
                                        <text><![CDATA[ ADD ]]></text>
                                        <marker class="DiffChange">
                                          <contents>
                                            <text><![CDATA[`]]></text>
                                          </contents>
                                          <attributes />
                                        </marker>
                                        <text><![CDATA[Address4]]></text>
                                        <marker class="DiffChange">
                                          <contents>
                                            <text><![CDATA[`]]></text>
                                          </contents>
                                          <attributes />
                                        </marker>
                                        <text><![CDATA[ nvarchar(50) NULL"
]]></text>
                                        <marker class="Label">
                                          <contents>
                                            <text><![CDATA[Actual Value   : ]]></text>
                                          </contents>
                                          <attributes />
                                        </marker>
                                        <text><![CDATA["ALTER TABLE ]]></text>
                                        <marker class="DiffChange">
                                          <contents>
                                            <text><![CDATA[[]]></text>
                                          </contents>
                                          <attributes />
                                        </marker>
                                        <text><![CDATA[products]]></text>
                                        <marker class="DiffChange">
                                          <contents>
                                            <text><![CDATA[]]]></text>
                                          </contents>
                                          <attributes />
                                        </marker>
                                        <text><![CDATA[ ADD ]]></text>
                                        <marker class="DiffChange">
                                          <contents>
                                            <text><![CDATA[[]]></text>
                                          </contents>
                                          <attributes />
                                        </marker>
                                        <text><![CDATA[Address4]]></text>
                                        <marker class="DiffChange">
                                          <contents>
                                            <text><![CDATA[]]]></text>
                                          </contents>
                                          <attributes />
                                        </marker>
                                        <text><![CDATA[ nvarchar(50) NULL"
]]></text>
                                      </contents>
                                      <attributes />
                                    </marker>
                                    <text><![CDATA[
]]></text>
                                    <marker class="StackTrace">
                                      <contents>
                                        <text><![CDATA[   at SubSonic.Tests.SqlGenerators.MySqlGeneratorTests.Add_Column() in ]]></text>
                                        <marker class="CodeLocation">
                                          <contents>
                                            <text><![CDATA[C:\data\SubsonicRoot\ss2\SubSonic.Tests\SqlGenerators\MySqlGeneratorTests.cs:line 56]]></text>
                                          </contents>
                                          <attributes>
                                            <attribute name="line" value="56" />
                                            <attribute name="path" value="C:\data\SubsonicRoot\ss2\SubSonic.Tests\SqlGenerators\MySqlGeneratorTests.cs" />
                                          </attributes>
                                        </marker>
                                      </contents>
                                      <attributes />
                                    </marker>
                                    <text><![CDATA[
]]></text>
                                  </contents>
                                </section>
                              </contents>
                              <attributes />
                            </marker>
                          </contents>
                        </body>
                      </stream>
                    </streams>
                    <attachments />
                  </testLog>
                </testStepRun>
                <testStepRun startTime="2011-08-05T15:48:39.9774705+09:30" endTime="2011-08-05T15:48:40.0712205+09:30">
                  <testStep id="8d5dadb3e8ed6caf" name="Alter_Column" fullName="SubSonic.Tests/MySqlGeneratorTests/Alter_Column" testId="5a34a93f4a70d135" isPrimary="true" isTestCase="true" isDynamic="false">
                    <codeReference assembly="SubSonic.Tests, Version=2.2.1.0, Culture=neutral, PublicKeyToken=null" namespace="SubSonic.Tests.SqlGenerators" type="SubSonic.Tests.SqlGenerators.MySqlGeneratorTests" member="Alter_Column" />
                    <codeLocation path="C:\data\SubsonicRoot\ss2\SubSonic.Tests\SqlGenerators\MySqlGeneratorTests.cs" line="61" />
                    <metadata>
                      <entry key="TestKind">
                        <value>Test</value>
                      </entry>
                    </metadata>
                  </testStep>
                  <children />
                  <result assertCount="1" duration="0.0141382">
                    <outcome status="failed" />
                  </result>
                  <testLog>
                    <streams>
                      <stream name="Failures">
                        <body>
                          <contents>
                            <marker class="AssertionFailure">
                              <contents>
                                <section name="Expected values to be equal.">
                                  <contents>
                                    <text><![CDATA[
]]></text>
                                    <marker class="Monospace">
                                      <contents>
                                        <marker class="Label">
                                          <contents>
                                            <text><![CDATA[Expected Value : ]]></text>
                                          </contents>
                                          <attributes />
                                        </marker>
                                        <text><![CDATA["ALTER TABLE ]]></text>
                                        <marker class="DiffChange">
                                          <contents>
                                            <text><![CDATA[`]]></text>
                                          </contents>
                                          <attributes />
                                        </marker>
                                        <text><![CDATA[products]]></text>
                                        <marker class="DiffChange">
                                          <contents>
                                            <text><![CDATA[`]]></text>
                                          </contents>
                                          <attributes />
                                        </marker>
                                        <text><![CDATA[ ALTER COLUMN ]]></text>
                                        <marker class="DiffChange">
                                          <contents>
                                            <text><![CDATA[`]]></text>
                                          </contents>
                                          <attributes />
                                        </marker>
                                        <text><![CDATA[ProductName]]></text>
                                        <marker class="DiffChange">
                                          <contents>
                                            <text><![CDATA[`]]></text>
                                          </contents>
                                          <attributes />
                                        </marker>
                                        <text><![CDATA[ nvarchar(150) NOT NULL"
]]></text>
                                        <marker class="Label">
                                          <contents>
                                            <text><![CDATA[Actual Value   : ]]></text>
                                          </contents>
                                          <attributes />
                                        </marker>
                                        <text><![CDATA["ALTER TABLE ]]></text>
                                        <marker class="DiffChange">
                                          <contents>
                                            <text><![CDATA[[]]></text>
                                          </contents>
                                          <attributes />
                                        </marker>
                                        <text><![CDATA[products]]></text>
                                        <marker class="DiffChange">
                                          <contents>
                                            <text><![CDATA[]]]></text>
                                          </contents>
                                          <attributes />
                                        </marker>
                                        <text><![CDATA[ ALTER COLUMN ]]></text>
                                        <marker class="DiffChange">
                                          <contents>
                                            <text><![CDATA[[]]></text>
                                          </contents>
                                          <attributes />
                                        </marker>
                                        <text><![CDATA[ProductName]]></text>
                                        <marker class="DiffChange">
                                          <contents>
                                            <text><![CDATA[]]]></text>
                                          </contents>
                                          <attributes />
                                        </marker>
                                        <text><![CDATA[ nvarchar(150) NOT NULL"
]]></text>
                                      </contents>
                                      <attributes />
                                    </marker>
                                    <text><![CDATA[
]]></text>
                                    <marker class="StackTrace">
                                      <contents>
                                        <text><![CDATA[   at SubSonic.Tests.SqlGenerators.MySqlGeneratorTests.Alter_Column() in ]]></text>
                                        <marker class="CodeLocation">
                                          <contents>
                                            <text><![CDATA[C:\data\SubsonicRoot\ss2\SubSonic.Tests\SqlGenerators\MySqlGeneratorTests.cs:line 68]]></text>
                                          </contents>
                                          <attributes>
                                            <attribute name="line" value="68" />
                                            <attribute name="path" value="C:\data\SubsonicRoot\ss2\SubSonic.Tests\SqlGenerators\MySqlGeneratorTests.cs" />
                                          </attributes>
                                        </marker>
                                      </contents>
                                      <attributes />
                                    </marker>
                                    <text><![CDATA[
]]></text>
                                  </contents>
                                </section>
                              </contents>
                              <attributes />
                            </marker>
                          </contents>
                        </body>
                      </stream>
                    </streams>
                    <attachments />
                  </testLog>
                </testStepRun>
                <testStepRun startTime="2011-08-05T15:48:40.0712205+09:30" endTime="2011-08-05T15:48:40.0868455+09:30">
                  <testStep id="41f9d8c6d4cde53" name="Create_Table" fullName="SubSonic.Tests/MySqlGeneratorTests/Create_Table" testId="21f87b47ae716092" isPrimary="true" isTestCase="true" isDynamic="false">
                    <codeReference assembly="SubSonic.Tests, Version=2.2.1.0, Culture=neutral, PublicKeyToken=null" namespace="SubSonic.Tests.SqlGenerators" type="SubSonic.Tests.SqlGenerators.MySqlGeneratorTests" member="Create_Table" />
                    <codeLocation path="C:\data\SubsonicRoot\ss2\SubSonic.Tests\SqlGenerators\MySqlGeneratorTests.cs" line="31" />
                    <metadata>
                      <entry key="TestKind">
                        <value>Test</value>
                      </entry>
                    </metadata>
                  </testStep>
                  <children />
                  <result assertCount="1" duration="0.0045049">
                    <outcome status="passed" />
                  </result>
                  <testLog>
                    <streams />
                    <attachments />
                  </testLog>
                </testStepRun>
                <testStepRun startTime="2011-08-05T15:48:40.0868455+09:30" endTime="2011-08-05T15:48:40.1337205+09:30">
                  <testStep id="3aad013608377330" name="Drop_Table" fullName="SubSonic.Tests/MySqlGeneratorTests/Drop_Table" testId="86b9711ecc776484" isPrimary="true" isTestCase="true" isDynamic="false">
                    <codeReference assembly="SubSonic.Tests, Version=2.2.1.0, Culture=neutral, PublicKeyToken=null" namespace="SubSonic.Tests.SqlGenerators" type="SubSonic.Tests.SqlGenerators.MySqlGeneratorTests" member="Drop_Table" />
                    <codeLocation path="C:\data\SubsonicRoot\ss2\SubSonic.Tests\SqlGenerators\MySqlGeneratorTests.cs" line="23" />
                    <metadata>
                      <entry key="TestKind">
                        <value>Test</value>
                      </entry>
                    </metadata>
                  </testStep>
                  <children />
                  <result assertCount="1" duration="0.015267">
                    <outcome status="failed" />
                  </result>
                  <testLog>
                    <streams>
                      <stream name="Failures">
                        <body>
                          <contents>
                            <marker class="AssertionFailure">
                              <contents>
                                <section name="Expected values to be equal.">
                                  <contents>
                                    <text><![CDATA[
]]></text>
                                    <marker class="Monospace">
                                      <contents>
                                        <marker class="Label">
                                          <contents>
                                            <text><![CDATA[Expected Value : ]]></text>
                                          </contents>
                                          <attributes />
                                        </marker>
                                        <text><![CDATA["DROP TABLE ]]></text>
                                        <marker class="DiffChange">
                                          <contents>
                                            <text><![CDATA[`]]></text>
                                          </contents>
                                          <attributes />
                                        </marker>
                                        <text><![CDATA[products]]></text>
                                        <marker class="DiffChange">
                                          <contents>
                                            <text><![CDATA[`]]></text>
                                          </contents>
                                          <attributes />
                                        </marker>
                                        <text><![CDATA["
]]></text>
                                        <marker class="Label">
                                          <contents>
                                            <text><![CDATA[Actual Value   : ]]></text>
                                          </contents>
                                          <attributes />
                                        </marker>
                                        <text><![CDATA["DROP TABLE ]]></text>
                                        <marker class="DiffChange">
                                          <contents>
                                            <text><![CDATA[[]]></text>
                                          </contents>
                                          <attributes />
                                        </marker>
                                        <text><![CDATA[products]]></text>
                                        <marker class="DiffChange">
                                          <contents>
                                            <text><![CDATA[]]]></text>
                                          </contents>
                                          <attributes />
                                        </marker>
                                        <text><![CDATA["
]]></text>
                                      </contents>
                                      <attributes />
                                    </marker>
                                    <text><![CDATA[
]]></text>
                                    <marker class="StackTrace">
                                      <contents>
                                        <text><![CDATA[   at SubSonic.Tests.SqlGenerators.MySqlGeneratorTests.Drop_Table() in ]]></text>
                                        <marker class="CodeLocation">
                                          <contents>
                                            <text><![CDATA[C:\data\SubsonicRoot\ss2\SubSonic.Tests\SqlGenerators\MySqlGeneratorTests.cs:line 26]]></text>
                                          </contents>
                                          <attributes>
                                            <attribute name="line" value="26" />
                                            <attribute name="path" value="C:\data\SubsonicRoot\ss2\SubSonic.Tests\SqlGenerators\MySqlGeneratorTests.cs" />
                                          </attributes>
                                        </marker>
                                      </contents>
                                      <attributes />
                                    </marker>
                                    <text><![CDATA[
]]></text>
                                  </contents>
                                </section>
                              </contents>
                              <attributes />
                            </marker>
                          </contents>
                        </body>
                      </stream>
                    </streams>
                    <attachments />
                  </testLog>
                </testStepRun>
                <testStepRun startTime="2011-08-05T15:48:40.1337205+09:30" endTime="2011-08-05T15:48:40.1962205+09:30">
                  <testStep id="9bdad33890b07956" name="Remove_Column" fullName="SubSonic.Tests/MySqlGeneratorTests/Remove_Column" testId="4b2410a3fffa3a15" isPrimary="true" isTestCase="true" isDynamic="false">
                    <codeReference assembly="SubSonic.Tests, Version=2.2.1.0, Culture=neutral, PublicKeyToken=null" namespace="SubSonic.Tests.SqlGenerators" type="SubSonic.Tests.SqlGenerators.MySqlGeneratorTests" member="Remove_Column" />
                    <codeLocation path="C:\data\SubsonicRoot\ss2\SubSonic.Tests\SqlGenerators\MySqlGeneratorTests.cs" line="73" />
                    <metadata>
                      <entry key="TestKind">
                        <value>Test</value>
                      </entry>
                    </metadata>
                  </testStep>
                  <children />
                  <result assertCount="1" duration="0.0102236">
                    <outcome status="failed" />
                  </result>
                  <testLog>
                    <streams>
                      <stream name="Failures">
                        <body>
                          <contents>
                            <marker class="AssertionFailure">
                              <contents>
                                <section name="Expected values to be equal.">
                                  <contents>
                                    <text><![CDATA[
]]></text>
                                    <marker class="Monospace">
                                      <contents>
                                        <marker class="Label">
                                          <contents>
                                            <text><![CDATA[Expected Value : ]]></text>
                                          </contents>
                                          <attributes />
                                        </marker>
                                        <text><![CDATA["ALTER TABLE ]]></text>
                                        <marker class="DiffChange">
                                          <contents>
                                            <text><![CDATA[`]]></text>
                                          </contents>
                                          <attributes />
                                        </marker>
                                        <text><![CDATA[products]]></text>
                                        <marker class="DiffChange">
                                          <contents>
                                            <text><![CDATA[`]]></text>
                                          </contents>
                                          <attributes />
                                        </marker>
                                        <text><![CDATA[ DROP COLUMN ]]></text>
                                        <marker class="DiffChange">
                                          <contents>
                                            <text><![CDATA[`]]></text>
                                          </contents>
                                          <attributes />
                                        </marker>
                                        <text><![CDATA[ProductName]]></text>
                                        <marker class="DiffChange">
                                          <contents>
                                            <text><![CDATA[`]]></text>
                                          </contents>
                                          <attributes />
                                        </marker>
                                        <text><![CDATA["
]]></text>
                                        <marker class="Label">
                                          <contents>
                                            <text><![CDATA[Actual Value   : ]]></text>
                                          </contents>
                                          <attributes />
                                        </marker>
                                        <text><![CDATA["ALTER TABLE ]]></text>
                                        <marker class="DiffChange">
                                          <contents>
                                            <text><![CDATA[[]]></text>
                                          </contents>
                                          <attributes />
                                        </marker>
                                        <text><![CDATA[products]]></text>
                                        <marker class="DiffChange">
                                          <contents>
                                            <text><![CDATA[]]]></text>
                                          </contents>
                                          <attributes />
                                        </marker>
                                        <text><![CDATA[ DROP COLUMN ]]></text>
                                        <marker class="DiffChange">
                                          <contents>
                                            <text><![CDATA[[]]></text>
                                          </contents>
                                          <attributes />
                                        </marker>
                                        <text><![CDATA[ProductName]]></text>
                                        <marker class="DiffChange">
                                          <contents>
                                            <text><![CDATA[]]]></text>
                                          </contents>
                                          <attributes />
                                        </marker>
                                        <text><![CDATA["
]]></text>
                                      </contents>
                                      <attributes />
                                    </marker>
                                    <text><![CDATA[
]]></text>
                                    <marker class="StackTrace">
                                      <contents>
                                        <text><![CDATA[   at SubSonic.Tests.SqlGenerators.MySqlGeneratorTests.Remove_Column() in ]]></text>
                                        <marker class="CodeLocation">
                                          <contents>
                                            <text><![CDATA[C:\data\SubsonicRoot\ss2\SubSonic.Tests\SqlGenerators\MySqlGeneratorTests.cs:line 79]]></text>
                                          </contents>
                                          <attributes>
                                            <attribute name="line" value="79" />
                                            <attribute name="path" value="C:\data\SubsonicRoot\ss2\SubSonic.Tests\SqlGenerators\MySqlGeneratorTests.cs" />
                                          </attributes>
                                        </marker>
                                      </contents>
                                      <attributes />
                                    </marker>
                                    <text><![CDATA[
]]></text>
                                  </contents>
                                </section>
                              </contents>
                              <attributes />
                            </marker>
                          </contents>
                        </body>
                      </stream>
                    </streams>
                    <attachments />
                  </testLog>
                </testStepRun>
                <testStepRun startTime="2011-08-05T15:48:40.1962205+09:30" endTime="2011-08-05T15:48:40.3055955+09:30">
                  <testStep id="a4708f9981359ef9" name="Select_ColumnList_Specified" fullName="SubSonic.Tests/MySqlGeneratorTests/Select_ColumnList_Specified" testId="58690fbdcef5469f" isPrimary="true" isTestCase="true" isDynamic="false">
                    <codeReference assembly="SubSonic.Tests, Version=2.2.1.0, Culture=neutral, PublicKeyToken=null" namespace="SubSonic.Tests.SqlGenerators" type="SubSonic.Tests.SqlGenerators.MySqlGeneratorTests" member="Select_ColumnList_Specified" />
                    <codeLocation path="C:\data\SubsonicRoot\ss2\SubSonic.Tests\SqlGenerators\MySqlGeneratorTests.cs" line="12" />
                    <metadata>
                      <entry key="TestKind">
                        <value>Test</value>
                      </entry>
                    </metadata>
                  </testStep>
                  <children />
                  <result assertCount="1" duration="0.0098376">
                    <outcome status="failed" />
                  </result>
                  <testLog>
                    <streams>
                      <stream name="Failures">
                        <body>
                          <contents>
                            <marker class="AssertionFailure">
                              <contents>
                                <section name="Expected values to be equal.">
                                  <contents>
                                    <text><![CDATA[
]]></text>
                                    <marker class="Monospace">
                                      <contents>
                                        <marker class="Label">
                                          <contents>
                                            <text><![CDATA[Expected Value : ]]></text>
                                          </contents>
                                          <attributes />
                                        </marker>
                                        <text><![CDATA["SELECT ]]></text>
                                        <marker class="DiffChange">
                                          <contents>
                                            <text><![CDATA[`]]></text>
                                          </contents>
                                          <attributes />
                                        </marker>
                                        <text><![CDATA[products]]></text>
                                        <marker class="DiffChange">
                                          <contents>
                                            <text><![CDATA[`.`]]></text>
                                          </contents>
                                          <attributes />
                                        </marker>
                                        <text><![CDATA[ProductID]]></text>
                                        <marker class="DiffChange">
                                          <contents>
                                            <text><![CDATA[`]]></text>
                                          </contents>
                                          <attributes />
                                        </marker>
                                        <text><![CDATA[, ]]></text>
                                        <marker class="DiffChange">
                                          <contents>
                                            <text><![CDATA[`]]></text>
                                          </contents>
                                          <attributes />
                                        </marker>
                                        <text><![CDATA[products]]></text>
                                        <marker class="DiffChange">
                                          <contents>
                                            <text><![CDATA[`.`]]></text>
                                          </contents>
                                          <attributes />
                                        </marker>
                                        <text><![CDATA[ProductName]]></text>
                                        <marker class="DiffChange">
                                          <contents>
                                            <text><![CDATA[`]]></text>
                                          </contents>
                                          <attributes />
                                        </marker>
                                        <text><![CDATA[\r\n"
]]></text>
                                        <marker class="Label">
                                          <contents>
                                            <text><![CDATA[Actual Value   : ]]></text>
                                          </contents>
                                          <attributes />
                                        </marker>
                                        <text><![CDATA["SELECT ]]></text>
                                        <marker class="DiffChange">
                                          <contents>
                                            <text><![CDATA[[]]></text>
                                          </contents>
                                          <attributes />
                                        </marker>
                                        <text><![CDATA[products]]></text>
                                        <marker class="DiffChange">
                                          <contents>
                                            <text><![CDATA[].[]]></text>
                                          </contents>
                                          <attributes />
                                        </marker>
                                        <text><![CDATA[ProductID]]></text>
                                        <marker class="DiffChange">
                                          <contents>
                                            <text><![CDATA[]]]></text>
                                          </contents>
                                          <attributes />
                                        </marker>
                                        <text><![CDATA[, ]]></text>
                                        <marker class="DiffChange">
                                          <contents>
                                            <text><![CDATA[[]]></text>
                                          </contents>
                                          <attributes />
                                        </marker>
                                        <text><![CDATA[products]]></text>
                                        <marker class="DiffChange">
                                          <contents>
                                            <text><![CDATA[].[]]></text>
                                          </contents>
                                          <attributes />
                                        </marker>
                                        <text><![CDATA[ProductName]]></text>
                                        <marker class="DiffChange">
                                          <contents>
                                            <text><![CDATA[]]]></text>
                                          </contents>
                                          <attributes />
                                        </marker>
                                        <text><![CDATA[\r\n"
]]></text>
                                      </contents>
                                      <attributes />
                                    </marker>
                                    <text><![CDATA[
]]></text>
                                    <marker class="StackTrace">
                                      <contents>
                                        <text><![CDATA[   at SubSonic.Tests.SqlGenerators.MySqlGeneratorTests.Select_ColumnList_Specified() in ]]></text>
                                        <marker class="CodeLocation">
                                          <contents>
                                            <text><![CDATA[C:\data\SubsonicRoot\ss2\SubSonic.Tests\SqlGenerators\MySqlGeneratorTests.cs:line 18]]></text>
                                          </contents>
                                          <attributes>
                                            <attribute name="line" value="18" />
                                            <attribute name="path" value="C:\data\SubsonicRoot\ss2\SubSonic.Tests\SqlGenerators\MySqlGeneratorTests.cs" />
                                          </attributes>
                                        </marker>
                                      </contents>
                                      <attributes />
                                    </marker>
                                    <text><![CDATA[
]]></text>
                                  </contents>
                                </section>
                              </contents>
                              <attributes />
                            </marker>
                          </contents>
                        </body>
                      </stream>
                    </streams>
                    <attachments />
                  </testLog>
                </testStepRun>
              </children>
              <result assertCount="6" duration="0.2220617">
                <outcome status="failed" />
              </result>
              <testLog>
                <streams />
                <attachments />
              </testLog>
            </testStepRun>
            <testStepRun startTime="2011-08-05T15:48:40.3212205+09:30" endTime="2011-08-05T15:48:40.3524705+09:30">
              <testStep id="80a0aafbf4e28ab0" name="MySqlTests" fullName="SubSonic.Tests/MySqlTests" testId="ac150421ef5e6b01" isPrimary="true" isTestCase="false" isDynamic="false">
                <codeReference assembly="SubSonic.Tests, Version=2.2.1.0, Culture=neutral, PublicKeyToken=null" namespace="SubSonic.Tests" type="SubSonic.Tests.MySqlTests" />
                <codeLocation path="C:\data\SubsonicRoot\ss2\SubSonic.Tests\MySqlTests.cs" />
                <metadata>
                  <entry key="TestKind">
                    <value>Fixture</value>
                  </entry>
                </metadata>
              </testStep>
              <children>
                <testStepRun startTime="2011-08-05T15:48:40.3212205+09:30" endTime="2011-08-05T15:48:40.3524705+09:30">
                  <testStep id="5ba4b7e7c10b16c6" name="CorrectSchemaLoad" fullName="SubSonic.Tests/MySqlTests/CorrectSchemaLoad" testId="be8622380961903f" isPrimary="true" isTestCase="true" isDynamic="false">
                    <codeReference assembly="SubSonic.Tests, Version=2.2.1.0, Culture=neutral, PublicKeyToken=null" namespace="SubSonic.Tests" type="SubSonic.Tests.MySqlTests" member="CorrectSchemaLoad" />
                    <codeLocation path="C:\data\SubsonicRoot\ss2\SubSonic.Tests\MySqlTests.cs" line="28" />
                    <metadata>
                      <entry key="TestKind">
                        <value>Test</value>
                      </entry>
                    </metadata>
                  </testStep>
                  <children />
                  <result assertCount="0" duration="0.0169172">
                    <outcome status="failed" />
                  </result>
                  <testLog>
                    <streams>
                      <stream name="Failures">
                        <body>
                          <contents>
                            <section name="Execute">
                              <contents>
                                <marker class="Exception">
                                  <contents>
                                    <marker class="ExceptionType">
                                      <contents>
                                        <text><![CDATA[System.InvalidCastException]]></text>
                                      </contents>
                                      <attributes />
                                    </marker>
                                    <text><![CDATA[: ]]></text>
                                    <marker class="ExceptionMessage">
                                      <contents>
                                        <text><![CDATA[Unable to cast object of type 'SubSonic.SqlDataProvider' to type 'SubSonic.MySqlDataProvider'.]]></text>
                                      </contents>
                                      <attributes />
                                    </marker>
                                    <text><![CDATA[
]]></text>
                                    <marker class="StackTrace">
                                      <contents>
                                        <text><![CDATA[   at SubSonic.Tests.MySqlTests.CorrectSchemaLoad() in ]]></text>
                                        <marker class="CodeLocation">
                                          <contents>
                                            <text><![CDATA[C:\data\SubsonicRoot\ss2\SubSonic.Tests\MySqlTests.cs:line 29]]></text>
                                          </contents>
                                          <attributes>
                                            <attribute name="line" value="29" />
                                            <attribute name="path" value="C:\data\SubsonicRoot\ss2\SubSonic.Tests\MySqlTests.cs" />
                                          </attributes>
                                        </marker>
                                      </contents>
                                      <attributes />
                                    </marker>
                                  </contents>
                                  <attributes />
                                </marker>
                              </contents>
                            </section>
                          </contents>
                        </body>
                      </stream>
                    </streams>
                    <attachments />
                  </testLog>
                </testStepRun>
              </children>
              <result assertCount="0" duration="0.024055299999999998">
                <outcome status="failed" />
              </result>
              <testLog>
                <streams />
                <attachments />
              </testLog>
            </testStepRun>
            <testStepRun startTime="2011-08-05T15:48:40.3524705+09:30" endTime="2011-08-05T15:48:40.3837205+09:30">
              <testStep id="a7e290b046a948a6" name="NameTransformationTests" fullName="SubSonic.Tests/NameTransformationTests" testId="7a8c3f10192cd9e6" isPrimary="true" isTestCase="false" isDynamic="false">
                <codeReference assembly="SubSonic.Tests, Version=2.2.1.0, Culture=neutral, PublicKeyToken=null" namespace="SubSonic.Tests" type="SubSonic.Tests.NameTransformationTests" />
                <codeLocation path="C:\data\SubsonicRoot\ss2\SubSonic.Tests\NameTransformationTests.cs" />
                <metadata>
                  <entry key="TestKind">
                    <value>Fixture</value>
                  </entry>
                </metadata>
              </testStep>
              <children>
                <testStepRun startTime="2011-08-05T15:48:40.3524705+09:30" endTime="2011-08-05T15:48:40.3680955+09:30">
                  <testStep id="61a4ded2c2f1ee0a" name="NameTransformation_ToPascalCase" fullName="SubSonic.Tests/NameTransformationTests/NameTransformation_ToPascalCase" testId="24d41af1d98cd3cb" isPrimary="true" isTestCase="true" isDynamic="false">
                    <codeReference assembly="SubSonic.Tests, Version=2.2.1.0, Culture=neutral, PublicKeyToken=null" namespace="SubSonic.Tests" type="SubSonic.Tests.NameTransformationTests" member="NameTransformation_ToPascalCase" />
                    <codeLocation path="C:\data\SubsonicRoot\ss2\SubSonic.Tests\NameTransformationTests.cs" line="30" />
                    <metadata>
                      <entry key="TestKind">
                        <value>Test</value>
                      </entry>
                    </metadata>
                  </testStep>
                  <children />
                  <result assertCount="16" duration="0.0031687">
                    <outcome status="passed" />
                  </result>
                  <testLog>
                    <streams />
                    <attachments />
                  </testLog>
                </testStepRun>
              </children>
              <result assertCount="16" duration="0.0108869">
                <outcome status="passed" />
              </result>
              <testLog>
                <streams />
                <attachments />
              </testLog>
            </testStepRun>
            <testStepRun startTime="2011-08-05T15:48:40.3837205+09:30" endTime="2011-08-05T15:48:46.1337205+09:30">
              <testStep id="df197e8e61c34ba5" name="QueryTest" fullName="SubSonic.Tests/QueryTest" testId="f46067cf1bd4c990" isPrimary="true" isTestCase="false" isDynamic="false">
                <codeReference assembly="SubSonic.Tests, Version=2.2.1.0, Culture=neutral, PublicKeyToken=null" namespace="SubSonic.Tests" type="SubSonic.Tests.QueryTest" />
                <codeLocation path="C:\data\SubsonicRoot\ss2\SubSonic.Tests\QueryTest.cs" />
                <metadata>
                  <entry key="TestKind">
                    <value>Fixture</value>
                  </entry>
                </metadata>
              </testStep>
              <children>
                <testStepRun startTime="2011-08-05T15:48:40.3993455+09:30" endTime="2011-08-05T15:48:40.3993455+09:30">
                  <testStep id="677d7cb8ba07d5eb" name="ExecuteJoinedDataSet_Should_Accept_Parameters" fullName="SubSonic.Tests/QueryTest/ExecuteJoinedDataSet_Should_Accept_Parameters" testId="d5a4330fc92e527" isPrimary="true" isTestCase="true" isDynamic="false">
                    <codeReference assembly="SubSonic.Tests, Version=2.2.1.0, Culture=neutral, PublicKeyToken=null" namespace="SubSonic.Tests" type="SubSonic.Tests.QueryTest" member="ExecuteJoinedDataSet_Should_Accept_Parameters" />
                    <codeLocation path="C:\data\SubsonicRoot\ss2\SubSonic.Tests\QueryTest.cs" line="441" />
                    <metadata>
                      <entry key="TestKind">
                        <value>Test</value>
                      </entry>
                    </metadata>
                  </testStep>
                  <children />
                  <result assertCount="1" duration="0.26091749999999997">
                    <outcome status="passed" />
                  </result>
                  <testLog>
                    <streams />
                    <attachments />
                  </testLog>
                </testStepRun>
                <testStepRun startTime="2011-08-05T15:48:40.3993455+09:30" endTime="2011-08-05T15:48:40.5868455+09:30">
                  <testStep id="50b27ca8f5fcd4c9" name="Query_BetweenAnd" fullName="SubSonic.Tests/QueryTest/Query_BetweenAnd" testId="d808a23c9537051e" isPrimary="true" isTestCase="true" isDynamic="false">
                    <codeReference assembly="SubSonic.Tests, Version=2.2.1.0, Culture=neutral, PublicKeyToken=null" namespace="SubSonic.Tests" type="SubSonic.Tests.QueryTest" member="Query_BetweenAnd" />
                    <codeLocation path="C:\data\SubsonicRoot\ss2\SubSonic.Tests\QueryTest.cs" line="102" />
                    <metadata>
                      <entry key="TestKind">
                        <value>Test</value>
                      </entry>
                    </metadata>
                  </testStep>
                  <children />
                  <result assertCount="0" duration="0.0285611">
                    <outcome status="failed" />
                  </result>
                  <testLog>
                    <streams>
                      <stream name="Failures">
                        <body>
                          <contents>
                            <section name="Execute">
                              <contents>
                                <marker class="Exception">
                                  <contents>
                                    <marker class="ExceptionType">
                                      <contents>
                                        <text><![CDATA[System.Data.SqlClient.SqlException]]></text>
                                      </contents>
                                      <attributes />
                                    </marker>
                                    <text><![CDATA[: ]]></text>
                                    <marker class="ExceptionMessage">
                                      <contents>
                                        <text><![CDATA[Incorrect syntax near the keyword 'ORDER'.]]></text>
                                      </contents>
                                      <attributes />
                                    </marker>
                                    <text><![CDATA[
]]></text>
                                    <marker class="ExceptionPropertyName">
                                      <contents>
                                        <text><![CDATA[Errors]]></text>
                                      </contents>
                                      <attributes />
                                    </marker>
                                    <text><![CDATA[: ]]></text>
                                    <marker class="ExceptionPropertyValue">
                                      <contents>
                                        <text><![CDATA[System.Data.SqlClient.SqlErrorCollection]]></text>
                                      </contents>
                                      <attributes />
                                    </marker>
                                    <text><![CDATA[
]]></text>
                                    <marker class="ExceptionPropertyName">
                                      <contents>
                                        <text><![CDATA[Class]]></text>
                                      </contents>
                                      <attributes />
                                    </marker>
                                    <text><![CDATA[: ]]></text>
                                    <marker class="ExceptionPropertyValue">
                                      <contents>
                                        <text><![CDATA[15]]></text>
                                      </contents>
                                      <attributes />
                                    </marker>
                                    <text><![CDATA[
]]></text>
                                    <marker class="ExceptionPropertyName">
                                      <contents>
                                        <text><![CDATA[LineNumber]]></text>
                                      </contents>
                                      <attributes />
                                    </marker>
                                    <text><![CDATA[: ]]></text>
                                    <marker class="ExceptionPropertyValue">
                                      <contents>
                                        <text><![CDATA[1]]></text>
                                      </contents>
                                      <attributes />
                                    </marker>
                                    <text><![CDATA[
]]></text>
                                    <marker class="ExceptionPropertyName">
                                      <contents>
                                        <text><![CDATA[Number]]></text>
                                      </contents>
                                      <attributes />
                                    </marker>
                                    <text><![CDATA[: ]]></text>
                                    <marker class="ExceptionPropertyValue">
                                      <contents>
                                        <text><![CDATA[156]]></text>
                                      </contents>
                                      <attributes />
                                    </marker>
                                    <text><![CDATA[
]]></text>
                                    <marker class="ExceptionPropertyName">
                                      <contents>
                                        <text><![CDATA[Procedure]]></text>
                                      </contents>
                                      <attributes />
                                    </marker>
                                    <text><![CDATA[: ]]></text>
                                    <marker class="ExceptionPropertyValue">
                                      <contents />
                                      <attributes />
                                    </marker>
                                    <text><![CDATA[
]]></text>
                                    <marker class="ExceptionPropertyName">
                                      <contents>
                                        <text><![CDATA[Server]]></text>
                                      </contents>
                                      <attributes />
                                    </marker>
                                    <text><![CDATA[: ]]></text>
                                    <marker class="ExceptionPropertyValue">
                                      <contents>
                                        <text><![CDATA[ANAXIMANDER\SQLEXPRESS]]></text>
                                      </contents>
                                      <attributes />
                                    </marker>
                                    <text><![CDATA[
]]></text>
                                    <marker class="ExceptionPropertyName">
                                      <contents>
                                        <text><![CDATA[State]]></text>
                                      </contents>
                                      <attributes />
                                    </marker>
                                    <text><![CDATA[: ]]></text>
                                    <marker class="ExceptionPropertyValue">
                                      <contents>
                                        <text><![CDATA[1]]></text>
                                      </contents>
                                      <attributes />
                                    </marker>
                                    <text><![CDATA[
]]></text>
                                    <marker class="ExceptionPropertyName">
                                      <contents>
                                        <text><![CDATA[ErrorCode]]></text>
                                      </contents>
                                      <attributes />
                                    </marker>
                                    <text><![CDATA[: ]]></text>
                                    <marker class="ExceptionPropertyValue">
                                      <contents>
                                        <text><![CDATA[-2146232060]]></text>
                                      </contents>
                                      <attributes />
                                    </marker>
                                    <text><![CDATA[
]]></text>
                                    <marker class="StackTrace">
                                      <contents>
                                        <text><![CDATA[   at System.Data.SqlClient.SqlConnection.OnError(SqlException exception, Boolean breakConnection)
   at System.Data.SqlClient.SqlInternalConnection.OnError(SqlException exception, Boolean breakConnection)
   at System.Data.SqlClient.TdsParser.ThrowExceptionAndWarning(TdsParserStateObject stateObj)
   at System.Data.SqlClient.TdsParser.Run(RunBehavior runBehavior, SqlCommand cmdHandler, SqlDataReader dataStream, BulkCopySimpleResultSet bulkCopyHandler, TdsParserStateObject stateObj)
   at System.Data.SqlClient.SqlDataReader.ConsumeMetaData()
   at System.Data.SqlClient.SqlDataReader.get_MetaData()
   at System.Data.SqlClient.SqlCommand.FinishExecuteReader(SqlDataReader ds, RunBehavior runBehavior, String resetOptionsString)
   at System.Data.SqlClient.SqlCommand.RunExecuteReaderTds(CommandBehavior cmdBehavior, RunBehavior runBehavior, Boolean returnStream, Boolean async)
   at System.Data.SqlClient.SqlCommand.RunExecuteReader(CommandBehavior cmdBehavior, RunBehavior runBehavior, Boolean returnStream, String method, DbAsyncResult result)
   at System.Data.SqlClient.SqlCommand.RunExecuteReader(CommandBehavior cmdBehavior, RunBehavior runBehavior, Boolean returnStream, String method)
   at System.Data.SqlClient.SqlCommand.ExecuteReader(CommandBehavior behavior, String method)
   at System.Data.SqlClient.SqlCommand.ExecuteReader(CommandBehavior behavior)
   at SubSonic.SqlDataProvider.GetReader(QueryCommand qry) in ]]></text>
                                        <marker class="CodeLocation">
                                          <contents>
                                            <text><![CDATA[C:\data\SubsonicRoot\ss2\SubSonic\DataProviders\SqlDataProvider.cs:line 384]]></text>
                                          </contents>
                                          <attributes>
                                            <attribute name="line" value="384" />
                                            <attribute name="path" value="C:\data\SubsonicRoot\ss2\SubSonic\DataProviders\SqlDataProvider.cs" />
                                          </attributes>
                                        </marker>
                                        <text><![CDATA[
   at SubSonic.DataService.GetReader(QueryCommand cmd) in ]]></text>
                                        <marker class="CodeLocation">
                                          <contents>
                                            <text><![CDATA[C:\data\SubsonicRoot\ss2\SubSonic\DataProviders\DataService.cs:line 506]]></text>
                                          </contents>
                                          <attributes>
                                            <attribute name="line" value="506" />
                                            <attribute name="path" value="C:\data\SubsonicRoot\ss2\SubSonic\DataProviders\DataService.cs" />
                                          </attributes>
                                        </marker>
                                        <text><![CDATA[
   at SubSonic.Query.ExecuteReader() in ]]></text>
                                        <marker class="CodeLocation">
                                          <contents>
                                            <text><![CDATA[C:\data\SubsonicRoot\ss2\SubSonic\Sql Tools\Query.cs:line 1814]]></text>
                                          </contents>
                                          <attributes>
                                            <attribute name="line" value="1814" />
                                            <attribute name="path" value="C:\data\SubsonicRoot\ss2\SubSonic\Sql Tools\Query.cs" />
                                          </attributes>
                                        </marker>
                                        <text><![CDATA[
   at SubSonic.Tests.QueryTest.Query_BetweenAnd() in ]]></text>
                                        <marker class="CodeLocation">
                                          <contents>
                                            <text><![CDATA[C:\data\SubsonicRoot\ss2\SubSonic.Tests\QueryTest.cs:line 105]]></text>
                                          </contents>
                                          <attributes>
                                            <attribute name="line" value="105" />
                                            <attribute name="path" value="C:\data\SubsonicRoot\ss2\SubSonic.Tests\QueryTest.cs" />
                                          </attributes>
                                        </marker>
                                      </contents>
                                      <attributes />
                                    </marker>
                                  </contents>
                                  <attributes />
                                </marker>
                              </contents>
                            </section>
                          </contents>
                        </body>
                      </stream>
                    </streams>
                    <attachments />
                  </testLog>
                </testStepRun>
                <testStepRun startTime="2011-08-05T15:48:40.5868455+09:30" endTime="2011-08-05T15:48:40.7430955+09:30">
                  <testStep id="8eaa993f311b1dbf" name="Query_BetweenNumbers" fullName="SubSonic.Tests/QueryTest/Query_BetweenNumbers" testId="859a4ecfc31fd653" isPrimary="true" isTestCase="true" isDynamic="false">
                    <codeReference assembly="SubSonic.Tests, Version=2.2.1.0, Culture=neutral, PublicKeyToken=null" namespace="SubSonic.Tests" type="SubSonic.Tests.QueryTest" member="Query_BetweenNumbers" />
                    <codeLocation path="C:\data\SubsonicRoot\ss2\SubSonic.Tests\QueryTest.cs" line="138" />
                    <metadata>
                      <entry key="TestKind">
                        <value>Test</value>
                      </entry>
                    </metadata>
                  </testStep>
                  <children />
                  <result assertCount="0" duration="0.0557579">
                    <outcome status="failed" />
                  </result>
                  <testLog>
                    <streams>
                      <stream name="Failures">
                        <body>
                          <contents>
                            <section name="Execute">
                              <contents>
                                <marker class="Exception">
                                  <contents>
                                    <marker class="ExceptionType">
                                      <contents>
                                        <text><![CDATA[System.Data.SqlClient.SqlException]]></text>
                                      </contents>
                                      <attributes />
                                    </marker>
                                    <text><![CDATA[: ]]></text>
                                    <marker class="ExceptionMessage">
                                      <contents>
                                        <text><![CDATA[Incorrect syntax near the keyword 'ORDER'.]]></text>
                                      </contents>
                                      <attributes />
                                    </marker>
                                    <text><![CDATA[
]]></text>
                                    <marker class="ExceptionPropertyName">
                                      <contents>
                                        <text><![CDATA[Errors]]></text>
                                      </contents>
                                      <attributes />
                                    </marker>
                                    <text><![CDATA[: ]]></text>
                                    <marker class="ExceptionPropertyValue">
                                      <contents>
                                        <text><![CDATA[System.Data.SqlClient.SqlErrorCollection]]></text>
                                      </contents>
                                      <attributes />
                                    </marker>
                                    <text><![CDATA[
]]></text>
                                    <marker class="ExceptionPropertyName">
                                      <contents>
                                        <text><![CDATA[Class]]></text>
                                      </contents>
                                      <attributes />
                                    </marker>
                                    <text><![CDATA[: ]]></text>
                                    <marker class="ExceptionPropertyValue">
                                      <contents>
                                        <text><![CDATA[15]]></text>
                                      </contents>
                                      <attributes />
                                    </marker>
                                    <text><![CDATA[
]]></text>
                                    <marker class="ExceptionPropertyName">
                                      <contents>
                                        <text><![CDATA[LineNumber]]></text>
                                      </contents>
                                      <attributes />
                                    </marker>
                                    <text><![CDATA[: ]]></text>
                                    <marker class="ExceptionPropertyValue">
                                      <contents>
                                        <text><![CDATA[1]]></text>
                                      </contents>
                                      <attributes />
                                    </marker>
                                    <text><![CDATA[
]]></text>
                                    <marker class="ExceptionPropertyName">
                                      <contents>
                                        <text><![CDATA[Number]]></text>
                                      </contents>
                                      <attributes />
                                    </marker>
                                    <text><![CDATA[: ]]></text>
                                    <marker class="ExceptionPropertyValue">
                                      <contents>
                                        <text><![CDATA[156]]></text>
                                      </contents>
                                      <attributes />
                                    </marker>
                                    <text><![CDATA[
]]></text>
                                    <marker class="ExceptionPropertyName">
                                      <contents>
                                        <text><![CDATA[Procedure]]></text>
                                      </contents>
                                      <attributes />
                                    </marker>
                                    <text><![CDATA[: ]]></text>
                                    <marker class="ExceptionPropertyValue">
                                      <contents />
                                      <attributes />
                                    </marker>
                                    <text><![CDATA[
]]></text>
                                    <marker class="ExceptionPropertyName">
                                      <contents>
                                        <text><![CDATA[Server]]></text>
                                      </contents>
                                      <attributes />
                                    </marker>
                                    <text><![CDATA[: ]]></text>
                                    <marker class="ExceptionPropertyValue">
                                      <contents>
                                        <text><![CDATA[ANAXIMANDER\SQLEXPRESS]]></text>
                                      </contents>
                                      <attributes />
                                    </marker>
                                    <text><![CDATA[
]]></text>
                                    <marker class="ExceptionPropertyName">
                                      <contents>
                                        <text><![CDATA[State]]></text>
                                      </contents>
                                      <attributes />
                                    </marker>
                                    <text><![CDATA[: ]]></text>
                                    <marker class="ExceptionPropertyValue">
                                      <contents>
                                        <text><![CDATA[1]]></text>
                                      </contents>
                                      <attributes />
                                    </marker>
                                    <text><![CDATA[
]]></text>
                                    <marker class="ExceptionPropertyName">
                                      <contents>
                                        <text><![CDATA[ErrorCode]]></text>
                                      </contents>
                                      <attributes />
                                    </marker>
                                    <text><![CDATA[: ]]></text>
                                    <marker class="ExceptionPropertyValue">
                                      <contents>
                                        <text><![CDATA[-2146232060]]></text>
                                      </contents>
                                      <attributes />
                                    </marker>
                                    <text><![CDATA[
]]></text>
                                    <marker class="StackTrace">
                                      <contents>
                                        <text><![CDATA[   at System.Data.SqlClient.SqlConnection.OnError(SqlException exception, Boolean breakConnection)
   at System.Data.SqlClient.SqlInternalConnection.OnError(SqlException exception, Boolean breakConnection)
   at System.Data.SqlClient.TdsParser.ThrowExceptionAndWarning(TdsParserStateObject stateObj)
   at System.Data.SqlClient.TdsParser.Run(RunBehavior runBehavior, SqlCommand cmdHandler, SqlDataReader dataStream, BulkCopySimpleResultSet bulkCopyHandler, TdsParserStateObject stateObj)
   at System.Data.SqlClient.SqlDataReader.ConsumeMetaData()
   at System.Data.SqlClient.SqlDataReader.get_MetaData()
   at System.Data.SqlClient.SqlCommand.FinishExecuteReader(SqlDataReader ds, RunBehavior runBehavior, String resetOptionsString)
   at System.Data.SqlClient.SqlCommand.RunExecuteReaderTds(CommandBehavior cmdBehavior, RunBehavior runBehavior, Boolean returnStream, Boolean async)
   at System.Data.SqlClient.SqlCommand.RunExecuteReader(CommandBehavior cmdBehavior, RunBehavior runBehavior, Boolean returnStream, String method, DbAsyncResult result)
   at System.Data.SqlClient.SqlCommand.RunExecuteReader(CommandBehavior cmdBehavior, RunBehavior runBehavior, Boolean returnStream, String method)
   at System.Data.SqlClient.SqlCommand.ExecuteReader(CommandBehavior behavior, String method)
   at System.Data.SqlClient.SqlCommand.ExecuteReader(CommandBehavior behavior)
   at SubSonic.SqlDataProvider.GetReader(QueryCommand qry) in ]]></text>
                                        <marker class="CodeLocation">
                                          <contents>
                                            <text><![CDATA[C:\data\SubsonicRoot\ss2\SubSonic\DataProviders\SqlDataProvider.cs:line 384]]></text>
                                          </contents>
                                          <attributes>
                                            <attribute name="line" value="384" />
                                            <attribute name="path" value="C:\data\SubsonicRoot\ss2\SubSonic\DataProviders\SqlDataProvider.cs" />
                                          </attributes>
                                        </marker>
                                        <text><![CDATA[
   at SubSonic.DataService.GetReader(QueryCommand cmd) in ]]></text>
                                        <marker class="CodeLocation">
                                          <contents>
                                            <text><![CDATA[C:\data\SubsonicRoot\ss2\SubSonic\DataProviders\DataService.cs:line 506]]></text>
                                          </contents>
                                          <attributes>
                                            <attribute name="line" value="506" />
                                            <attribute name="path" value="C:\data\SubsonicRoot\ss2\SubSonic\DataProviders\DataService.cs" />
                                          </attributes>
                                        </marker>
                                        <text><![CDATA[
   at SubSonic.Query.ExecuteReader() in ]]></text>
                                        <marker class="CodeLocation">
                                          <contents>
                                            <text><![CDATA[C:\data\SubsonicRoot\ss2\SubSonic\Sql Tools\Query.cs:line 1814]]></text>
                                          </contents>
                                          <attributes>
                                            <attribute name="line" value="1814" />
                                            <attribute name="path" value="C:\data\SubsonicRoot\ss2\SubSonic\Sql Tools\Query.cs" />
                                          </attributes>
                                        </marker>
                                        <text><![CDATA[
   at SubSonic.Tests.QueryTest.Query_BetweenNumbers() in ]]></text>
                                        <marker class="CodeLocation">
                                          <contents>
                                            <text><![CDATA[C:\data\SubsonicRoot\ss2\SubSonic.Tests\QueryTest.cs:line 141]]></text>
                                          </contents>
                                          <attributes>
                                            <attribute name="line" value="141" />
                                            <attribute name="path" value="C:\data\SubsonicRoot\ss2\SubSonic.Tests\QueryTest.cs" />
                                          </attributes>
                                        </marker>
                                      </contents>
                                      <attributes />
                                    </marker>
                                  </contents>
                                  <attributes />
                                </marker>
                              </contents>
                            </section>
                          </contents>
                        </body>
                      </stream>
                    </streams>
                    <attachments />
                  </testLog>
                </testStepRun>
                <testStepRun startTime="2011-08-05T15:48:40.7430955+09:30" endTime="2011-08-05T15:48:40.8993455+09:30">
                  <testStep id="7526b50e327b2389" name="Query_ConstraintExpression" fullName="SubSonic.Tests/QueryTest/Query_ConstraintExpression" testId="ec2493bfaffe6a56" isPrimary="true" isTestCase="true" isDynamic="false">
                    <codeReference assembly="SubSonic.Tests, Version=2.2.1.0, Culture=neutral, PublicKeyToken=null" namespace="SubSonic.Tests" type="SubSonic.Tests.QueryTest" member="Query_ConstraintExpression" />
                    <codeLocation path="C:\data\SubsonicRoot\ss2\SubSonic.Tests\QueryTest.cs" line="457" />
                    <metadata>
                      <entry key="TestKind">
                        <value>Test</value>
                      </entry>
                    </metadata>
                  </testStep>
                  <children />
                  <result assertCount="0" duration="0.047296">
                    <outcome status="failed" />
                  </result>
                  <testLog>
                    <streams>
                      <stream name="Failures">
                        <body>
                          <contents>
                            <section name="Execute">
                              <contents>
                                <marker class="Exception">
                                  <contents>
                                    <marker class="ExceptionType">
                                      <contents>
                                        <text><![CDATA[System.Data.SqlClient.SqlException]]></text>
                                      </contents>
                                      <attributes />
                                    </marker>
                                    <text><![CDATA[: ]]></text>
                                    <marker class="ExceptionMessage">
                                      <contents>
                                        <text><![CDATA[Incorrect syntax near the keyword 'ORDER'.]]></text>
                                      </contents>
                                      <attributes />
                                    </marker>
                                    <text><![CDATA[
]]></text>
                                    <marker class="ExceptionPropertyName">
                                      <contents>
                                        <text><![CDATA[Errors]]></text>
                                      </contents>
                                      <attributes />
                                    </marker>
                                    <text><![CDATA[: ]]></text>
                                    <marker class="ExceptionPropertyValue">
                                      <contents>
                                        <text><![CDATA[System.Data.SqlClient.SqlErrorCollection]]></text>
                                      </contents>
                                      <attributes />
                                    </marker>
                                    <text><![CDATA[
]]></text>
                                    <marker class="ExceptionPropertyName">
                                      <contents>
                                        <text><![CDATA[Class]]></text>
                                      </contents>
                                      <attributes />
                                    </marker>
                                    <text><![CDATA[: ]]></text>
                                    <marker class="ExceptionPropertyValue">
                                      <contents>
                                        <text><![CDATA[15]]></text>
                                      </contents>
                                      <attributes />
                                    </marker>
                                    <text><![CDATA[
]]></text>
                                    <marker class="ExceptionPropertyName">
                                      <contents>
                                        <text><![CDATA[LineNumber]]></text>
                                      </contents>
                                      <attributes />
                                    </marker>
                                    <text><![CDATA[: ]]></text>
                                    <marker class="ExceptionPropertyValue">
                                      <contents>
                                        <text><![CDATA[1]]></text>
                                      </contents>
                                      <attributes />
                                    </marker>
                                    <text><![CDATA[
]]></text>
                                    <marker class="ExceptionPropertyName">
                                      <contents>
                                        <text><![CDATA[Number]]></text>
                                      </contents>
                                      <attributes />
                                    </marker>
                                    <text><![CDATA[: ]]></text>
                                    <marker class="ExceptionPropertyValue">
                                      <contents>
                                        <text><![CDATA[156]]></text>
                                      </contents>
                                      <attributes />
                                    </marker>
                                    <text><![CDATA[
]]></text>
                                    <marker class="ExceptionPropertyName">
                                      <contents>
                                        <text><![CDATA[Procedure]]></text>
                                      </contents>
                                      <attributes />
                                    </marker>
                                    <text><![CDATA[: ]]></text>
                                    <marker class="ExceptionPropertyValue">
                                      <contents />
                                      <attributes />
                                    </marker>
                                    <text><![CDATA[
]]></text>
                                    <marker class="ExceptionPropertyName">
                                      <contents>
                                        <text><![CDATA[Server]]></text>
                                      </contents>
                                      <attributes />
                                    </marker>
                                    <text><![CDATA[: ]]></text>
                                    <marker class="ExceptionPropertyValue">
                                      <contents>
                                        <text><![CDATA[ANAXIMANDER\SQLEXPRESS]]></text>
                                      </contents>
                                      <attributes />
                                    </marker>
                                    <text><![CDATA[
]]></text>
                                    <marker class="ExceptionPropertyName">
                                      <contents>
                                        <text><![CDATA[State]]></text>
                                      </contents>
                                      <attributes />
                                    </marker>
                                    <text><![CDATA[: ]]></text>
                                    <marker class="ExceptionPropertyValue">
                                      <contents>
                                        <text><![CDATA[1]]></text>
                                      </contents>
                                      <attributes />
                                    </marker>
                                    <text><![CDATA[
]]></text>
                                    <marker class="ExceptionPropertyName">
                                      <contents>
                                        <text><![CDATA[ErrorCode]]></text>
                                      </contents>
                                      <attributes />
                                    </marker>
                                    <text><![CDATA[: ]]></text>
                                    <marker class="ExceptionPropertyValue">
                                      <contents>
                                        <text><![CDATA[-2146232060]]></text>
                                      </contents>
                                      <attributes />
                                    </marker>
                                    <text><![CDATA[
]]></text>
                                    <marker class="StackTrace">
                                      <contents>
                                        <text><![CDATA[   at System.Data.SqlClient.SqlConnection.OnError(SqlException exception, Boolean breakConnection)
   at System.Data.SqlClient.SqlInternalConnection.OnError(SqlException exception, Boolean breakConnection)
   at System.Data.SqlClient.TdsParser.ThrowExceptionAndWarning(TdsParserStateObject stateObj)
   at System.Data.SqlClient.TdsParser.Run(RunBehavior runBehavior, SqlCommand cmdHandler, SqlDataReader dataStream, BulkCopySimpleResultSet bulkCopyHandler, TdsParserStateObject stateObj)
   at System.Data.SqlClient.SqlDataReader.ConsumeMetaData()
   at System.Data.SqlClient.SqlDataReader.get_MetaData()
   at System.Data.SqlClient.SqlCommand.FinishExecuteReader(SqlDataReader ds, RunBehavior runBehavior, String resetOptionsString)
   at System.Data.SqlClient.SqlCommand.RunExecuteReaderTds(CommandBehavior cmdBehavior, RunBehavior runBehavior, Boolean returnStream, Boolean async)
   at System.Data.SqlClient.SqlCommand.RunExecuteReader(CommandBehavior cmdBehavior, RunBehavior runBehavior, Boolean returnStream, String method, DbAsyncResult result)
   at System.Data.SqlClient.SqlCommand.RunExecuteReader(CommandBehavior cmdBehavior, RunBehavior runBehavior, Boolean returnStream, String method)
   at System.Data.SqlClient.SqlCommand.ExecuteReader(CommandBehavior behavior, String method)
   at System.Data.SqlClient.SqlCommand.ExecuteReader(CommandBehavior behavior)
   at SubSonic.SqlDataProvider.GetReader(QueryCommand qry) in ]]></text>
                                        <marker class="CodeLocation">
                                          <contents>
                                            <text><![CDATA[C:\data\SubsonicRoot\ss2\SubSonic\DataProviders\SqlDataProvider.cs:line 384]]></text>
                                          </contents>
                                          <attributes>
                                            <attribute name="line" value="384" />
                                            <attribute name="path" value="C:\data\SubsonicRoot\ss2\SubSonic\DataProviders\SqlDataProvider.cs" />
                                          </attributes>
                                        </marker>
                                        <text><![CDATA[
   at SubSonic.DataService.GetReader(QueryCommand cmd) in ]]></text>
                                        <marker class="CodeLocation">
                                          <contents>
                                            <text><![CDATA[C:\data\SubsonicRoot\ss2\SubSonic\DataProviders\DataService.cs:line 506]]></text>
                                          </contents>
                                          <attributes>
                                            <attribute name="line" value="506" />
                                            <attribute name="path" value="C:\data\SubsonicRoot\ss2\SubSonic\DataProviders\DataService.cs" />
                                          </attributes>
                                        </marker>
                                        <text><![CDATA[
   at SubSonic.Query.ExecuteReader() in ]]></text>
                                        <marker class="CodeLocation">
                                          <contents>
                                            <text><![CDATA[C:\data\SubsonicRoot\ss2\SubSonic\Sql Tools\Query.cs:line 1814]]></text>
                                          </contents>
                                          <attributes>
                                            <attribute name="line" value="1814" />
                                            <attribute name="path" value="C:\data\SubsonicRoot\ss2\SubSonic\Sql Tools\Query.cs" />
                                          </attributes>
                                        </marker>
                                        <text><![CDATA[
   at SubSonic.Tests.QueryTest.Query_ConstraintExpression() in ]]></text>
                                        <marker class="CodeLocation">
                                          <contents>
                                            <text><![CDATA[C:\data\SubsonicRoot\ss2\SubSonic.Tests\QueryTest.cs:line 459]]></text>
                                          </contents>
                                          <attributes>
                                            <attribute name="line" value="459" />
                                            <attribute name="path" value="C:\data\SubsonicRoot\ss2\SubSonic.Tests\QueryTest.cs" />
                                          </attributes>
                                        </marker>
                                      </contents>
                                      <attributes />
                                    </marker>
                                  </contents>
                                  <attributes />
                                </marker>
                              </contents>
                            </section>
                          </contents>
                        </body>
                      </stream>
                    </streams>
                    <attachments />
                  </testLog>
                </testStepRun>
                <testStepRun startTime="2011-08-05T15:48:40.8993455+09:30" endTime="2011-08-05T15:48:40.9930955+09:30">
                  <testStep id="29fc838454b79714" name="Query_Expression" fullName="SubSonic.Tests/QueryTest/Query_Expression" testId="ad91cb18508fc3a6" isPrimary="true" isTestCase="true" isDynamic="false">
                    <codeReference assembly="SubSonic.Tests, Version=2.2.1.0, Culture=neutral, PublicKeyToken=null" namespace="SubSonic.Tests" type="SubSonic.Tests.QueryTest" member="Query_Expression" />
                    <codeLocation path="C:\data\SubsonicRoot\ss2\SubSonic.Tests\QueryTest.cs" line="373" />
                    <metadata>
                      <entry key="TestKind">
                        <value>Test</value>
                      </entry>
                    </metadata>
                  </testStep>
                  <children />
                  <result assertCount="0" duration="0.029941899999999997">
                    <outcome status="failed" />
                  </result>
                  <testLog>
                    <streams>
                      <stream name="Failures">
                        <body>
                          <contents>
                            <section name="Execute">
                              <contents>
                                <marker class="Exception">
                                  <contents>
                                    <marker class="ExceptionType">
                                      <contents>
                                        <text><![CDATA[System.Data.SqlClient.SqlException]]></text>
                                      </contents>
                                      <attributes />
                                    </marker>
                                    <text><![CDATA[: ]]></text>
                                    <marker class="ExceptionMessage">
                                      <contents>
                                        <text><![CDATA[Incorrect syntax near the keyword 'ORDER'.]]></text>
                                      </contents>
                                      <attributes />
                                    </marker>
                                    <text><![CDATA[
]]></text>
                                    <marker class="ExceptionPropertyName">
                                      <contents>
                                        <text><![CDATA[Errors]]></text>
                                      </contents>
                                      <attributes />
                                    </marker>
                                    <text><![CDATA[: ]]></text>
                                    <marker class="ExceptionPropertyValue">
                                      <contents>
                                        <text><![CDATA[System.Data.SqlClient.SqlErrorCollection]]></text>
                                      </contents>
                                      <attributes />
                                    </marker>
                                    <text><![CDATA[
]]></text>
                                    <marker class="ExceptionPropertyName">
                                      <contents>
                                        <text><![CDATA[Class]]></text>
                                      </contents>
                                      <attributes />
                                    </marker>
                                    <text><![CDATA[: ]]></text>
                                    <marker class="ExceptionPropertyValue">
                                      <contents>
                                        <text><![CDATA[15]]></text>
                                      </contents>
                                      <attributes />
                                    </marker>
                                    <text><![CDATA[
]]></text>
                                    <marker class="ExceptionPropertyName">
                                      <contents>
                                        <text><![CDATA[LineNumber]]></text>
                                      </contents>
                                      <attributes />
                                    </marker>
                                    <text><![CDATA[: ]]></text>
                                    <marker class="ExceptionPropertyValue">
                                      <contents>
                                        <text><![CDATA[1]]></text>
                                      </contents>
                                      <attributes />
                                    </marker>
                                    <text><![CDATA[
]]></text>
                                    <marker class="ExceptionPropertyName">
                                      <contents>
                                        <text><![CDATA[Number]]></text>
                                      </contents>
                                      <attributes />
                                    </marker>
                                    <text><![CDATA[: ]]></text>
                                    <marker class="ExceptionPropertyValue">
                                      <contents>
                                        <text><![CDATA[156]]></text>
                                      </contents>
                                      <attributes />
                                    </marker>
                                    <text><![CDATA[
]]></text>
                                    <marker class="ExceptionPropertyName">
                                      <contents>
                                        <text><![CDATA[Procedure]]></text>
                                      </contents>
                                      <attributes />
                                    </marker>
                                    <text><![CDATA[: ]]></text>
                                    <marker class="ExceptionPropertyValue">
                                      <contents />
                                      <attributes />
                                    </marker>
                                    <text><![CDATA[
]]></text>
                                    <marker class="ExceptionPropertyName">
                                      <contents>
                                        <text><![CDATA[Server]]></text>
                                      </contents>
                                      <attributes />
                                    </marker>
                                    <text><![CDATA[: ]]></text>
                                    <marker class="ExceptionPropertyValue">
                                      <contents>
                                        <text><![CDATA[ANAXIMANDER\SQLEXPRESS]]></text>
                                      </contents>
                                      <attributes />
                                    </marker>
                                    <text><![CDATA[
]]></text>
                                    <marker class="ExceptionPropertyName">
                                      <contents>
                                        <text><![CDATA[State]]></text>
                                      </contents>
                                      <attributes />
                                    </marker>
                                    <text><![CDATA[: ]]></text>
                                    <marker class="ExceptionPropertyValue">
                                      <contents>
                                        <text><![CDATA[1]]></text>
                                      </contents>
                                      <attributes />
                                    </marker>
                                    <text><![CDATA[
]]></text>
                                    <marker class="ExceptionPropertyName">
                                      <contents>
                                        <text><![CDATA[ErrorCode]]></text>
                                      </contents>
                                      <attributes />
                                    </marker>
                                    <text><![CDATA[: ]]></text>
                                    <marker class="ExceptionPropertyValue">
                                      <contents>
                                        <text><![CDATA[-2146232060]]></text>
                                      </contents>
                                      <attributes />
                                    </marker>
                                    <text><![CDATA[
]]></text>
                                    <marker class="StackTrace">
                                      <contents>
                                        <text><![CDATA[   at System.Data.SqlClient.SqlConnection.OnError(SqlException exception, Boolean breakConnection)
   at System.Data.SqlClient.SqlInternalConnection.OnError(SqlException exception, Boolean breakConnection)
   at System.Data.SqlClient.TdsParser.ThrowExceptionAndWarning(TdsParserStateObject stateObj)
   at System.Data.SqlClient.TdsParser.Run(RunBehavior runBehavior, SqlCommand cmdHandler, SqlDataReader dataStream, BulkCopySimpleResultSet bulkCopyHandler, TdsParserStateObject stateObj)
   at System.Data.SqlClient.SqlDataReader.ConsumeMetaData()
   at System.Data.SqlClient.SqlDataReader.get_MetaData()
   at System.Data.SqlClient.SqlCommand.FinishExecuteReader(SqlDataReader ds, RunBehavior runBehavior, String resetOptionsString)
   at System.Data.SqlClient.SqlCommand.RunExecuteReaderTds(CommandBehavior cmdBehavior, RunBehavior runBehavior, Boolean returnStream, Boolean async)
   at System.Data.SqlClient.SqlCommand.RunExecuteReader(CommandBehavior cmdBehavior, RunBehavior runBehavior, Boolean returnStream, String method, DbAsyncResult result)
   at System.Data.SqlClient.SqlCommand.RunExecuteReader(CommandBehavior cmdBehavior, RunBehavior runBehavior, Boolean returnStream, String method)
   at System.Data.SqlClient.SqlCommand.ExecuteReader(CommandBehavior behavior, String method)
   at System.Data.SqlClient.SqlCommand.ExecuteReader(CommandBehavior behavior)
   at SubSonic.SqlDataProvider.GetReader(QueryCommand qry) in ]]></text>
                                        <marker class="CodeLocation">
                                          <contents>
                                            <text><![CDATA[C:\data\SubsonicRoot\ss2\SubSonic\DataProviders\SqlDataProvider.cs:line 384]]></text>
                                          </contents>
                                          <attributes>
                                            <attribute name="line" value="384" />
                                            <attribute name="path" value="C:\data\SubsonicRoot\ss2\SubSonic\DataProviders\SqlDataProvider.cs" />
                                          </attributes>
                                        </marker>
                                        <text><![CDATA[
   at SubSonic.DataService.GetReader(QueryCommand cmd) in ]]></text>
                                        <marker class="CodeLocation">
                                          <contents>
                                            <text><![CDATA[C:\data\SubsonicRoot\ss2\SubSonic\DataProviders\DataService.cs:line 506]]></text>
                                          </contents>
                                          <attributes>
                                            <attribute name="line" value="506" />
                                            <attribute name="path" value="C:\data\SubsonicRoot\ss2\SubSonic\DataProviders\DataService.cs" />
                                          </attributes>
                                        </marker>
                                        <text><![CDATA[
   at SubSonic.Query.ExecuteReader() in ]]></text>
                                        <marker class="CodeLocation">
                                          <contents>
                                            <text><![CDATA[C:\data\SubsonicRoot\ss2\SubSonic\Sql Tools\Query.cs:line 1814]]></text>
                                          </contents>
                                          <attributes>
                                            <attribute name="line" value="1814" />
                                            <attribute name="path" value="C:\data\SubsonicRoot\ss2\SubSonic\Sql Tools\Query.cs" />
                                          </attributes>
                                        </marker>
                                        <text><![CDATA[
   at SubSonic.Tests.QueryTest.Query_Expression() in ]]></text>
                                        <marker class="CodeLocation">
                                          <contents>
                                            <text><![CDATA[C:\data\SubsonicRoot\ss2\SubSonic.Tests\QueryTest.cs:line 375]]></text>
                                          </contents>
                                          <attributes>
                                            <attribute name="line" value="375" />
                                            <attribute name="path" value="C:\data\SubsonicRoot\ss2\SubSonic.Tests\QueryTest.cs" />
                                          </attributes>
                                        </marker>
                                      </contents>
                                      <attributes />
                                    </marker>
                                  </contents>
                                  <attributes />
                                </marker>
                              </contents>
                            </section>
                          </contents>
                        </body>
                      </stream>
                    </streams>
                    <attachments />
                  </testLog>
                </testStepRun>
                <testStepRun startTime="2011-08-05T15:48:40.9930955+09:30" endTime="2011-08-05T15:48:41.1337205+09:30">
                  <testStep id="691b7c576fe82871" name="Query_IN_ArrayList" fullName="SubSonic.Tests/QueryTest/Query_IN_ArrayList" testId="8bf81810a4cc69e2" isPrimary="true" isTestCase="true" isDynamic="false">
                    <codeReference assembly="SubSonic.Tests, Version=2.2.1.0, Culture=neutral, PublicKeyToken=null" namespace="SubSonic.Tests" type="SubSonic.Tests.QueryTest" member="Query_IN_ArrayList" />
                    <codeLocation path="C:\data\SubsonicRoot\ss2\SubSonic.Tests\QueryTest.cs" line="196" />
                    <metadata>
                      <entry key="TestKind">
                        <value>Test</value>
                      </entry>
                    </metadata>
                  </testStep>
                  <children />
                  <result assertCount="0" duration="0.0253444">
                    <outcome status="failed" />
                  </result>
                  <testLog>
                    <streams>
                      <stream name="Failures">
                        <body>
                          <contents>
                            <section name="Execute">
                              <contents>
                                <marker class="Exception">
                                  <contents>
                                    <marker class="ExceptionType">
                                      <contents>
                                        <text><![CDATA[System.Data.SqlClient.SqlException]]></text>
                                      </contents>
                                      <attributes />
                                    </marker>
                                    <text><![CDATA[: ]]></text>
                                    <marker class="ExceptionMessage">
                                      <contents>
                                        <text><![CDATA[Incorrect syntax near the keyword 'ORDER'.]]></text>
                                      </contents>
                                      <attributes />
                                    </marker>
                                    <text><![CDATA[
]]></text>
                                    <marker class="ExceptionPropertyName">
                                      <contents>
                                        <text><![CDATA[Errors]]></text>
                                      </contents>
                                      <attributes />
                                    </marker>
                                    <text><![CDATA[: ]]></text>
                                    <marker class="ExceptionPropertyValue">
                                      <contents>
                                        <text><![CDATA[System.Data.SqlClient.SqlErrorCollection]]></text>
                                      </contents>
                                      <attributes />
                                    </marker>
                                    <text><![CDATA[
]]></text>
                                    <marker class="ExceptionPropertyName">
                                      <contents>
                                        <text><![CDATA[Class]]></text>
                                      </contents>
                                      <attributes />
                                    </marker>
                                    <text><![CDATA[: ]]></text>
                                    <marker class="ExceptionPropertyValue">
                                      <contents>
                                        <text><![CDATA[15]]></text>
                                      </contents>
                                      <attributes />
                                    </marker>
                                    <text><![CDATA[
]]></text>
                                    <marker class="ExceptionPropertyName">
                                      <contents>
                                        <text><![CDATA[LineNumber]]></text>
                                      </contents>
                                      <attributes />
                                    </marker>
                                    <text><![CDATA[: ]]></text>
                                    <marker class="ExceptionPropertyValue">
                                      <contents>
                                        <text><![CDATA[1]]></text>
                                      </contents>
                                      <attributes />
                                    </marker>
                                    <text><![CDATA[
]]></text>
                                    <marker class="ExceptionPropertyName">
                                      <contents>
                                        <text><![CDATA[Number]]></text>
                                      </contents>
                                      <attributes />
                                    </marker>
                                    <text><![CDATA[: ]]></text>
                                    <marker class="ExceptionPropertyValue">
                                      <contents>
                                        <text><![CDATA[156]]></text>
                                      </contents>
                                      <attributes />
                                    </marker>
                                    <text><![CDATA[
]]></text>
                                    <marker class="ExceptionPropertyName">
                                      <contents>
                                        <text><![CDATA[Procedure]]></text>
                                      </contents>
                                      <attributes />
                                    </marker>
                                    <text><![CDATA[: ]]></text>
                                    <marker class="ExceptionPropertyValue">
                                      <contents />
                                      <attributes />
                                    </marker>
                                    <text><![CDATA[
]]></text>
                                    <marker class="ExceptionPropertyName">
                                      <contents>
                                        <text><![CDATA[Server]]></text>
                                      </contents>
                                      <attributes />
                                    </marker>
                                    <text><![CDATA[: ]]></text>
                                    <marker class="ExceptionPropertyValue">
                                      <contents>
                                        <text><![CDATA[ANAXIMANDER\SQLEXPRESS]]></text>
                                      </contents>
                                      <attributes />
                                    </marker>
                                    <text><![CDATA[
]]></text>
                                    <marker class="ExceptionPropertyName">
                                      <contents>
                                        <text><![CDATA[State]]></text>
                                      </contents>
                                      <attributes />
                                    </marker>
                                    <text><![CDATA[: ]]></text>
                                    <marker class="ExceptionPropertyValue">
                                      <contents>
                                        <text><![CDATA[1]]></text>
                                      </contents>
                                      <attributes />
                                    </marker>
                                    <text><![CDATA[
]]></text>
                                    <marker class="ExceptionPropertyName">
                                      <contents>
                                        <text><![CDATA[ErrorCode]]></text>
                                      </contents>
                                      <attributes />
                                    </marker>
                                    <text><![CDATA[: ]]></text>
                                    <marker class="ExceptionPropertyValue">
                                      <contents>
                                        <text><![CDATA[-2146232060]]></text>
                                      </contents>
                                      <attributes />
                                    </marker>
                                    <text><![CDATA[
]]></text>
                                    <marker class="StackTrace">
                                      <contents>
                                        <text><![CDATA[   at System.Data.SqlClient.SqlConnection.OnError(SqlException exception, Boolean breakConnection)
   at System.Data.SqlClient.SqlInternalConnection.OnError(SqlException exception, Boolean breakConnection)
   at System.Data.SqlClient.TdsParser.ThrowExceptionAndWarning(TdsParserStateObject stateObj)
   at System.Data.SqlClient.TdsParser.Run(RunBehavior runBehavior, SqlCommand cmdHandler, SqlDataReader dataStream, BulkCopySimpleResultSet bulkCopyHandler, TdsParserStateObject stateObj)
   at System.Data.SqlClient.SqlDataReader.ConsumeMetaData()
   at System.Data.SqlClient.SqlDataReader.get_MetaData()
   at System.Data.SqlClient.SqlCommand.FinishExecuteReader(SqlDataReader ds, RunBehavior runBehavior, String resetOptionsString)
   at System.Data.SqlClient.SqlCommand.RunExecuteReaderTds(CommandBehavior cmdBehavior, RunBehavior runBehavior, Boolean returnStream, Boolean async)
   at System.Data.SqlClient.SqlCommand.RunExecuteReader(CommandBehavior cmdBehavior, RunBehavior runBehavior, Boolean returnStream, String method, DbAsyncResult result)
   at System.Data.SqlClient.SqlCommand.RunExecuteReader(CommandBehavior cmdBehavior, RunBehavior runBehavior, Boolean returnStream, String method)
   at System.Data.SqlClient.SqlCommand.ExecuteReader(CommandBehavior behavior, String method)
   at System.Data.SqlClient.SqlCommand.ExecuteReader(CommandBehavior behavior)
   at SubSonic.SqlDataProvider.GetReader(QueryCommand qry) in ]]></text>
                                        <marker class="CodeLocation">
                                          <contents>
                                            <text><![CDATA[C:\data\SubsonicRoot\ss2\SubSonic\DataProviders\SqlDataProvider.cs:line 384]]></text>
                                          </contents>
                                          <attributes>
                                            <attribute name="line" value="384" />
                                            <attribute name="path" value="C:\data\SubsonicRoot\ss2\SubSonic\DataProviders\SqlDataProvider.cs" />
                                          </attributes>
                                        </marker>
                                        <text><![CDATA[
   at SubSonic.DataService.GetReader(QueryCommand cmd) in ]]></text>
                                        <marker class="CodeLocation">
                                          <contents>
                                            <text><![CDATA[C:\data\SubsonicRoot\ss2\SubSonic\DataProviders\DataService.cs:line 506]]></text>
                                          </contents>
                                          <attributes>
                                            <attribute name="line" value="506" />
                                            <attribute name="path" value="C:\data\SubsonicRoot\ss2\SubSonic\DataProviders\DataService.cs" />
                                          </attributes>
                                        </marker>
                                        <text><![CDATA[
   at SubSonic.Query.ExecuteReader() in ]]></text>
                                        <marker class="CodeLocation">
                                          <contents>
                                            <text><![CDATA[C:\data\SubsonicRoot\ss2\SubSonic\Sql Tools\Query.cs:line 1814]]></text>
                                          </contents>
                                          <attributes>
                                            <attribute name="line" value="1814" />
                                            <attribute name="path" value="C:\data\SubsonicRoot\ss2\SubSonic\Sql Tools\Query.cs" />
                                          </attributes>
                                        </marker>
                                        <text><![CDATA[
   at SubSonic.Tests.QueryTest.Query_IN_ArrayList() in ]]></text>
                                        <marker class="CodeLocation">
                                          <contents>
                                            <text><![CDATA[C:\data\SubsonicRoot\ss2\SubSonic.Tests\QueryTest.cs:line 202]]></text>
                                          </contents>
                                          <attributes>
                                            <attribute name="line" value="202" />
                                            <attribute name="path" value="C:\data\SubsonicRoot\ss2\SubSonic.Tests\QueryTest.cs" />
                                          </attributes>
                                        </marker>
                                      </contents>
                                      <attributes />
                                    </marker>
                                  </contents>
                                  <attributes />
                                </marker>
                              </contents>
                            </section>
                          </contents>
                        </body>
                      </stream>
                    </streams>
                    <attachments />
                  </testLog>
                </testStepRun>
                <testStepRun startTime="2011-08-05T15:48:41.1337205+09:30" endTime="2011-08-05T15:48:41.2587205+09:30">
                  <testStep id="fc8099e4fb67dee5" name="Query_IN_ListCollection" fullName="SubSonic.Tests/QueryTest/Query_IN_ListCollection" testId="4ae6ad8f7041efb9" isPrimary="true" isTestCase="true" isDynamic="false">
                    <codeReference assembly="SubSonic.Tests, Version=2.2.1.0, Culture=neutral, PublicKeyToken=null" namespace="SubSonic.Tests" type="SubSonic.Tests.QueryTest" member="Query_IN_ListCollection" />
                    <codeLocation path="C:\data\SubsonicRoot\ss2\SubSonic.Tests\QueryTest.cs" line="172" />
                    <metadata>
                      <entry key="TestKind">
                        <value>Test</value>
                      </entry>
                    </metadata>
                  </testStep>
                  <children />
                  <result assertCount="0" duration="0.0177941">
                    <outcome status="failed" />
                  </result>
                  <testLog>
                    <streams>
                      <stream name="Failures">
                        <body>
                          <contents>
                            <section name="Execute">
                              <contents>
                                <marker class="Exception">
                                  <contents>
                                    <marker class="ExceptionType">
                                      <contents>
                                        <text><![CDATA[System.Data.SqlClient.SqlException]]></text>
                                      </contents>
                                      <attributes />
                                    </marker>
                                    <text><![CDATA[: ]]></text>
                                    <marker class="ExceptionMessage">
                                      <contents>
                                        <text><![CDATA[Incorrect syntax near the keyword 'ORDER'.]]></text>
                                      </contents>
                                      <attributes />
                                    </marker>
                                    <text><![CDATA[
]]></text>
                                    <marker class="ExceptionPropertyName">
                                      <contents>
                                        <text><![CDATA[Errors]]></text>
                                      </contents>
                                      <attributes />
                                    </marker>
                                    <text><![CDATA[: ]]></text>
                                    <marker class="ExceptionPropertyValue">
                                      <contents>
                                        <text><![CDATA[System.Data.SqlClient.SqlErrorCollection]]></text>
                                      </contents>
                                      <attributes />
                                    </marker>
                                    <text><![CDATA[
]]></text>
                                    <marker class="ExceptionPropertyName">
                                      <contents>
                                        <text><![CDATA[Class]]></text>
                                      </contents>
                                      <attributes />
                                    </marker>
                                    <text><![CDATA[: ]]></text>
                                    <marker class="ExceptionPropertyValue">
                                      <contents>
                                        <text><![CDATA[15]]></text>
                                      </contents>
                                      <attributes />
                                    </marker>
                                    <text><![CDATA[
]]></text>
                                    <marker class="ExceptionPropertyName">
                                      <contents>
                                        <text><![CDATA[LineNumber]]></text>
                                      </contents>
                                      <attributes />
                                    </marker>
                                    <text><![CDATA[: ]]></text>
                                    <marker class="ExceptionPropertyValue">
                                      <contents>
                                        <text><![CDATA[1]]></text>
                                      </contents>
                                      <attributes />
                                    </marker>
                                    <text><![CDATA[
]]></text>
                                    <marker class="ExceptionPropertyName">
                                      <contents>
                                        <text><![CDATA[Number]]></text>
                                      </contents>
                                      <attributes />
                                    </marker>
                                    <text><![CDATA[: ]]></text>
                                    <marker class="ExceptionPropertyValue">
                                      <contents>
                                        <text><![CDATA[156]]></text>
                                      </contents>
                                      <attributes />
                                    </marker>
                                    <text><![CDATA[
]]></text>
                                    <marker class="ExceptionPropertyName">
                                      <contents>
                                        <text><![CDATA[Procedure]]></text>
                                      </contents>
                                      <attributes />
                                    </marker>
                                    <text><![CDATA[: ]]></text>
                                    <marker class="ExceptionPropertyValue">
                                      <contents />
                                      <attributes />
                                    </marker>
                                    <text><![CDATA[
]]></text>
                                    <marker class="ExceptionPropertyName">
                                      <contents>
                                        <text><![CDATA[Server]]></text>
                                      </contents>
                                      <attributes />
                                    </marker>
                                    <text><![CDATA[: ]]></text>
                                    <marker class="ExceptionPropertyValue">
                                      <contents>
                                        <text><![CDATA[ANAXIMANDER\SQLEXPRESS]]></text>
                                      </contents>
                                      <attributes />
                                    </marker>
                                    <text><![CDATA[
]]></text>
                                    <marker class="ExceptionPropertyName">
                                      <contents>
                                        <text><![CDATA[State]]></text>
                                      </contents>
                                      <attributes />
                                    </marker>
                                    <text><![CDATA[: ]]></text>
                                    <marker class="ExceptionPropertyValue">
                                      <contents>
                                        <text><![CDATA[1]]></text>
                                      </contents>
                                      <attributes />
                                    </marker>
                                    <text><![CDATA[
]]></text>
                                    <marker class="ExceptionPropertyName">
                                      <contents>
                                        <text><![CDATA[ErrorCode]]></text>
                                      </contents>
                                      <attributes />
                                    </marker>
                                    <text><![CDATA[: ]]></text>
                                    <marker class="ExceptionPropertyValue">
                                      <contents>
                                        <text><![CDATA[-2146232060]]></text>
                                      </contents>
                                      <attributes />
                                    </marker>
                                    <text><![CDATA[
]]></text>
                                    <marker class="StackTrace">
                                      <contents>
                                        <text><![CDATA[   at System.Data.SqlClient.SqlConnection.OnError(SqlException exception, Boolean breakConnection)
   at System.Data.SqlClient.SqlInternalConnection.OnError(SqlException exception, Boolean breakConnection)
   at System.Data.SqlClient.TdsParser.ThrowExceptionAndWarning(TdsParserStateObject stateObj)
   at System.Data.SqlClient.TdsParser.Run(RunBehavior runBehavior, SqlCommand cmdHandler, SqlDataReader dataStream, BulkCopySimpleResultSet bulkCopyHandler, TdsParserStateObject stateObj)
   at System.Data.SqlClient.SqlDataReader.ConsumeMetaData()
   at System.Data.SqlClient.SqlDataReader.get_MetaData()
   at System.Data.SqlClient.SqlCommand.FinishExecuteReader(SqlDataReader ds, RunBehavior runBehavior, String resetOptionsString)
   at System.Data.SqlClient.SqlCommand.RunExecuteReaderTds(CommandBehavior cmdBehavior, RunBehavior runBehavior, Boolean returnStream, Boolean async)
   at System.Data.SqlClient.SqlCommand.RunExecuteReader(CommandBehavior cmdBehavior, RunBehavior runBehavior, Boolean returnStream, String method, DbAsyncResult result)
   at System.Data.SqlClient.SqlCommand.RunExecuteReader(CommandBehavior cmdBehavior, RunBehavior runBehavior, Boolean returnStream, String method)
   at System.Data.SqlClient.SqlCommand.ExecuteReader(CommandBehavior behavior, String method)
   at System.Data.SqlClient.SqlCommand.ExecuteReader(CommandBehavior behavior)
   at SubSonic.SqlDataProvider.GetReader(QueryCommand qry) in ]]></text>
                                        <marker class="CodeLocation">
                                          <contents>
                                            <text><![CDATA[C:\data\SubsonicRoot\ss2\SubSonic\DataProviders\SqlDataProvider.cs:line 384]]></text>
                                          </contents>
                                          <attributes>
                                            <attribute name="line" value="384" />
                                            <attribute name="path" value="C:\data\SubsonicRoot\ss2\SubSonic\DataProviders\SqlDataProvider.cs" />
                                          </attributes>
                                        </marker>
                                        <text><![CDATA[
   at SubSonic.DataService.GetReader(QueryCommand cmd) in ]]></text>
                                        <marker class="CodeLocation">
                                          <contents>
                                            <text><![CDATA[C:\data\SubsonicRoot\ss2\SubSonic\DataProviders\DataService.cs:line 506]]></text>
                                          </contents>
                                          <attributes>
                                            <attribute name="line" value="506" />
                                            <attribute name="path" value="C:\data\SubsonicRoot\ss2\SubSonic\DataProviders\DataService.cs" />
                                          </attributes>
                                        </marker>
                                        <text><![CDATA[
   at SubSonic.Query.ExecuteReader() in ]]></text>
                                        <marker class="CodeLocation">
                                          <contents>
                                            <text><![CDATA[C:\data\SubsonicRoot\ss2\SubSonic\Sql Tools\Query.cs:line 1814]]></text>
                                          </contents>
                                          <attributes>
                                            <attribute name="line" value="1814" />
                                            <attribute name="path" value="C:\data\SubsonicRoot\ss2\SubSonic\Sql Tools\Query.cs" />
                                          </attributes>
                                        </marker>
                                        <text><![CDATA[
   at SubSonic.Tests.QueryTest.Query_IN_ListCollection() in ]]></text>
                                        <marker class="CodeLocation">
                                          <contents>
                                            <text><![CDATA[C:\data\SubsonicRoot\ss2\SubSonic.Tests\QueryTest.cs:line 182]]></text>
                                          </contents>
                                          <attributes>
                                            <attribute name="line" value="182" />
                                            <attribute name="path" value="C:\data\SubsonicRoot\ss2\SubSonic.Tests\QueryTest.cs" />
                                          </attributes>
                                        </marker>
                                      </contents>
                                      <attributes />
                                    </marker>
                                  </contents>
                                  <attributes />
                                </marker>
                              </contents>
                            </section>
                          </contents>
                        </body>
                      </stream>
                    </streams>
                    <attachments />
                  </testLog>
                </testStepRun>
                <testStepRun startTime="2011-08-05T15:48:41.2587205+09:30" endTime="2011-08-05T15:48:41.3993455+09:30">
                  <testStep id="728d511abc31c358" name="Query_IN_ObjectArray" fullName="SubSonic.Tests/QueryTest/Query_IN_ObjectArray" testId="ca0b18762724c6a7" isPrimary="true" isTestCase="true" isDynamic="false">
                    <codeReference assembly="SubSonic.Tests, Version=2.2.1.0, Culture=neutral, PublicKeyToken=null" namespace="SubSonic.Tests" type="SubSonic.Tests.QueryTest" member="Query_IN_ObjectArray" />
                    <codeLocation path="C:\data\SubsonicRoot\ss2\SubSonic.Tests\QueryTest.cs" line="155" />
                    <metadata>
                      <entry key="TestKind">
                        <value>Test</value>
                      </entry>
                    </metadata>
                  </testStep>
                  <children />
                  <result assertCount="0" duration="0.0111694">
                    <outcome status="failed" />
                  </result>
                  <testLog>
                    <streams>
                      <stream name="Failures">
                        <body>
                          <contents>
                            <section name="Execute">
                              <contents>
                                <marker class="Exception">
                                  <contents>
                                    <marker class="ExceptionType">
                                      <contents>
                                        <text><![CDATA[System.Data.SqlClient.SqlException]]></text>
                                      </contents>
                                      <attributes />
                                    </marker>
                                    <text><![CDATA[: ]]></text>
                                    <marker class="ExceptionMessage">
                                      <contents>
                                        <text><![CDATA[Incorrect syntax near the keyword 'ORDER'.]]></text>
                                      </contents>
                                      <attributes />
                                    </marker>
                                    <text><![CDATA[
]]></text>
                                    <marker class="ExceptionPropertyName">
                                      <contents>
                                        <text><![CDATA[Errors]]></text>
                                      </contents>
                                      <attributes />
                                    </marker>
                                    <text><![CDATA[: ]]></text>
                                    <marker class="ExceptionPropertyValue">
                                      <contents>
                                        <text><![CDATA[System.Data.SqlClient.SqlErrorCollection]]></text>
                                      </contents>
                                      <attributes />
                                    </marker>
                                    <text><![CDATA[
]]></text>
                                    <marker class="ExceptionPropertyName">
                                      <contents>
                                        <text><![CDATA[Class]]></text>
                                      </contents>
                                      <attributes />
                                    </marker>
                                    <text><![CDATA[: ]]></text>
                                    <marker class="ExceptionPropertyValue">
                                      <contents>
                                        <text><![CDATA[15]]></text>
                                      </contents>
                                      <attributes />
                                    </marker>
                                    <text><![CDATA[
]]></text>
                                    <marker class="ExceptionPropertyName">
                                      <contents>
                                        <text><![CDATA[LineNumber]]></text>
                                      </contents>
                                      <attributes />
                                    </marker>
                                    <text><![CDATA[: ]]></text>
                                    <marker class="ExceptionPropertyValue">
                                      <contents>
                                        <text><![CDATA[1]]></text>
                                      </contents>
                                      <attributes />
                                    </marker>
                                    <text><![CDATA[
]]></text>
                                    <marker class="ExceptionPropertyName">
                                      <contents>
                                        <text><![CDATA[Number]]></text>
                                      </contents>
                                      <attributes />
                                    </marker>
                                    <text><![CDATA[: ]]></text>
                                    <marker class="ExceptionPropertyValue">
                                      <contents>
                                        <text><![CDATA[156]]></text>
                                      </contents>
                                      <attributes />
                                    </marker>
                                    <text><![CDATA[
]]></text>
                                    <marker class="ExceptionPropertyName">
                                      <contents>
                                        <text><![CDATA[Procedure]]></text>
                                      </contents>
                                      <attributes />
                                    </marker>
                                    <text><![CDATA[: ]]></text>
                                    <marker class="ExceptionPropertyValue">
                                      <contents />
                                      <attributes />
                                    </marker>
                                    <text><![CDATA[
]]></text>
                                    <marker class="ExceptionPropertyName">
                                      <contents>
                                        <text><![CDATA[Server]]></text>
                                      </contents>
                                      <attributes />
                                    </marker>
                                    <text><![CDATA[: ]]></text>
                                    <marker class="ExceptionPropertyValue">
                                      <contents>
                                        <text><![CDATA[ANAXIMANDER\SQLEXPRESS]]></text>
                                      </contents>
                                      <attributes />
                                    </marker>
                                    <text><![CDATA[
]]></text>
                                    <marker class="ExceptionPropertyName">
                                      <contents>
                                        <text><![CDATA[State]]></text>
                                      </contents>
                                      <attributes />
                                    </marker>
                                    <text><![CDATA[: ]]></text>
                                    <marker class="ExceptionPropertyValue">
                                      <contents>
                                        <text><![CDATA[1]]></text>
                                      </contents>
                                      <attributes />
                                    </marker>
                                    <text><![CDATA[
]]></text>
                                    <marker class="ExceptionPropertyName">
                                      <contents>
                                        <text><![CDATA[ErrorCode]]></text>
                                      </contents>
                                      <attributes />
                                    </marker>
                                    <text><![CDATA[: ]]></text>
                                    <marker class="ExceptionPropertyValue">
                                      <contents>
                                        <text><![CDATA[-2146232060]]></text>
                                      </contents>
                                      <attributes />
                                    </marker>
                                    <text><![CDATA[
]]></text>
                                    <marker class="StackTrace">
                                      <contents>
                                        <text><![CDATA[   at System.Data.SqlClient.SqlConnection.OnError(SqlException exception, Boolean breakConnection)
   at System.Data.SqlClient.SqlInternalConnection.OnError(SqlException exception, Boolean breakConnection)
   at System.Data.SqlClient.TdsParser.ThrowExceptionAndWarning(TdsParserStateObject stateObj)
   at System.Data.SqlClient.TdsParser.Run(RunBehavior runBehavior, SqlCommand cmdHandler, SqlDataReader dataStream, BulkCopySimpleResultSet bulkCopyHandler, TdsParserStateObject stateObj)
   at System.Data.SqlClient.SqlDataReader.ConsumeMetaData()
   at System.Data.SqlClient.SqlDataReader.get_MetaData()
   at System.Data.SqlClient.SqlCommand.FinishExecuteReader(SqlDataReader ds, RunBehavior runBehavior, String resetOptionsString)
   at System.Data.SqlClient.SqlCommand.RunExecuteReaderTds(CommandBehavior cmdBehavior, RunBehavior runBehavior, Boolean returnStream, Boolean async)
   at System.Data.SqlClient.SqlCommand.RunExecuteReader(CommandBehavior cmdBehavior, RunBehavior runBehavior, Boolean returnStream, String method, DbAsyncResult result)
   at System.Data.SqlClient.SqlCommand.RunExecuteReader(CommandBehavior cmdBehavior, RunBehavior runBehavior, Boolean returnStream, String method)
   at System.Data.SqlClient.SqlCommand.ExecuteReader(CommandBehavior behavior, String method)
   at System.Data.SqlClient.SqlCommand.ExecuteReader(CommandBehavior behavior)
   at SubSonic.SqlDataProvider.GetReader(QueryCommand qry) in ]]></text>
                                        <marker class="CodeLocation">
                                          <contents>
                                            <text><![CDATA[C:\data\SubsonicRoot\ss2\SubSonic\DataProviders\SqlDataProvider.cs:line 384]]></text>
                                          </contents>
                                          <attributes>
                                            <attribute name="line" value="384" />
                                            <attribute name="path" value="C:\data\SubsonicRoot\ss2\SubSonic\DataProviders\SqlDataProvider.cs" />
                                          </attributes>
                                        </marker>
                                        <text><![CDATA[
   at SubSonic.DataService.GetReader(QueryCommand cmd) in ]]></text>
                                        <marker class="CodeLocation">
                                          <contents>
                                            <text><![CDATA[C:\data\SubsonicRoot\ss2\SubSonic\DataProviders\DataService.cs:line 506]]></text>
                                          </contents>
                                          <attributes>
                                            <attribute name="line" value="506" />
                                            <attribute name="path" value="C:\data\SubsonicRoot\ss2\SubSonic\DataProviders\DataService.cs" />
                                          </attributes>
                                        </marker>
                                        <text><![CDATA[
   at SubSonic.Query.ExecuteReader() in ]]></text>
                                        <marker class="CodeLocation">
                                          <contents>
                                            <text><![CDATA[C:\data\SubsonicRoot\ss2\SubSonic\Sql Tools\Query.cs:line 1814]]></text>
                                          </contents>
                                          <attributes>
                                            <attribute name="line" value="1814" />
                                            <attribute name="path" value="C:\data\SubsonicRoot\ss2\SubSonic\Sql Tools\Query.cs" />
                                          </attributes>
                                        </marker>
                                        <text><![CDATA[
   at SubSonic.Tests.QueryTest.Query_IN_ObjectArray() in ]]></text>
                                        <marker class="CodeLocation">
                                          <contents>
                                            <text><![CDATA[C:\data\SubsonicRoot\ss2\SubSonic.Tests\QueryTest.cs:line 158]]></text>
                                          </contents>
                                          <attributes>
                                            <attribute name="line" value="158" />
                                            <attribute name="path" value="C:\data\SubsonicRoot\ss2\SubSonic.Tests\QueryTest.cs" />
                                          </attributes>
                                        </marker>
                                      </contents>
                                      <attributes />
                                    </marker>
                                  </contents>
                                  <attributes />
                                </marker>
                              </contents>
                            </section>
                          </contents>
                        </body>
                      </stream>
                    </streams>
                    <attachments />
                  </testLog>
                </testStepRun>
                <testStepRun startTime="2011-08-05T15:48:41.3993455+09:30" endTime="2011-08-05T15:48:41.5243455+09:30">
                  <testStep id="5c00a6942cf82141" name="Query_IsNotNull" fullName="SubSonic.Tests/QueryTest/Query_IsNotNull" testId="8e0f7118782fd21c" isPrimary="true" isTestCase="true" isDynamic="false">
                    <codeReference assembly="SubSonic.Tests, Version=2.2.1.0, Culture=neutral, PublicKeyToken=null" namespace="SubSonic.Tests" type="SubSonic.Tests.QueryTest" member="Query_IsNotNull" />
                    <codeLocation path="C:\data\SubsonicRoot\ss2\SubSonic.Tests\QueryTest.cs" line="277" />
                    <metadata>
                      <entry key="TestKind">
                        <value>Test</value>
                      </entry>
                    </metadata>
                  </testStep>
                  <children />
                  <result assertCount="0" duration="0.0219513">
                    <outcome status="failed" />
                  </result>
                  <testLog>
                    <streams>
                      <stream name="Failures">
                        <body>
                          <contents>
                            <section name="Execute">
                              <contents>
                                <marker class="Exception">
                                  <contents>
                                    <marker class="ExceptionType">
                                      <contents>
                                        <text><![CDATA[System.Data.SqlClient.SqlException]]></text>
                                      </contents>
                                      <attributes />
                                    </marker>
                                    <text><![CDATA[: ]]></text>
                                    <marker class="ExceptionMessage">
                                      <contents>
                                        <text><![CDATA[Incorrect syntax near the keyword 'ORDER'.]]></text>
                                      </contents>
                                      <attributes />
                                    </marker>
                                    <text><![CDATA[
]]></text>
                                    <marker class="ExceptionPropertyName">
                                      <contents>
                                        <text><![CDATA[Errors]]></text>
                                      </contents>
                                      <attributes />
                                    </marker>
                                    <text><![CDATA[: ]]></text>
                                    <marker class="ExceptionPropertyValue">
                                      <contents>
                                        <text><![CDATA[System.Data.SqlClient.SqlErrorCollection]]></text>
                                      </contents>
                                      <attributes />
                                    </marker>
                                    <text><![CDATA[
]]></text>
                                    <marker class="ExceptionPropertyName">
                                      <contents>
                                        <text><![CDATA[Class]]></text>
                                      </contents>
                                      <attributes />
                                    </marker>
                                    <text><![CDATA[: ]]></text>
                                    <marker class="ExceptionPropertyValue">
                                      <contents>
                                        <text><![CDATA[15]]></text>
                                      </contents>
                                      <attributes />
                                    </marker>
                                    <text><![CDATA[
]]></text>
                                    <marker class="ExceptionPropertyName">
                                      <contents>
                                        <text><![CDATA[LineNumber]]></text>
                                      </contents>
                                      <attributes />
                                    </marker>
                                    <text><![CDATA[: ]]></text>
                                    <marker class="ExceptionPropertyValue">
                                      <contents>
                                        <text><![CDATA[1]]></text>
                                      </contents>
                                      <attributes />
                                    </marker>
                                    <text><![CDATA[
]]></text>
                                    <marker class="ExceptionPropertyName">
                                      <contents>
                                        <text><![CDATA[Number]]></text>
                                      </contents>
                                      <attributes />
                                    </marker>
                                    <text><![CDATA[: ]]></text>
                                    <marker class="ExceptionPropertyValue">
                                      <contents>
                                        <text><![CDATA[156]]></text>
                                      </contents>
                                      <attributes />
                                    </marker>
                                    <text><![CDATA[
]]></text>
                                    <marker class="ExceptionPropertyName">
                                      <contents>
                                        <text><![CDATA[Procedure]]></text>
                                      </contents>
                                      <attributes />
                                    </marker>
                                    <text><![CDATA[: ]]></text>
                                    <marker class="ExceptionPropertyValue">
                                      <contents />
                                      <attributes />
                                    </marker>
                                    <text><![CDATA[
]]></text>
                                    <marker class="ExceptionPropertyName">
                                      <contents>
                                        <text><![CDATA[Server]]></text>
                                      </contents>
                                      <attributes />
                                    </marker>
                                    <text><![CDATA[: ]]></text>
                                    <marker class="ExceptionPropertyValue">
                                      <contents>
                                        <text><![CDATA[ANAXIMANDER\SQLEXPRESS]]></text>
                                      </contents>
                                      <attributes />
                                    </marker>
                                    <text><![CDATA[
]]></text>
                                    <marker class="ExceptionPropertyName">
                                      <contents>
                                        <text><![CDATA[State]]></text>
                                      </contents>
                                      <attributes />
                                    </marker>
                                    <text><![CDATA[: ]]></text>
                                    <marker class="ExceptionPropertyValue">
                                      <contents>
                                        <text><![CDATA[1]]></text>
                                      </contents>
                                      <attributes />
                                    </marker>
                                    <text><![CDATA[
]]></text>
                                    <marker class="ExceptionPropertyName">
                                      <contents>
                                        <text><![CDATA[ErrorCode]]></text>
                                      </contents>
                                      <attributes />
                                    </marker>
                                    <text><![CDATA[: ]]></text>
                                    <marker class="ExceptionPropertyValue">
                                      <contents>
                                        <text><![CDATA[-2146232060]]></text>
                                      </contents>
                                      <attributes />
                                    </marker>
                                    <text><![CDATA[
]]></text>
                                    <marker class="StackTrace">
                                      <contents>
                                        <text><![CDATA[   at System.Data.SqlClient.SqlConnection.OnError(SqlException exception, Boolean breakConnection)
   at System.Data.SqlClient.SqlInternalConnection.OnError(SqlException exception, Boolean breakConnection)
   at System.Data.SqlClient.TdsParser.ThrowExceptionAndWarning(TdsParserStateObject stateObj)
   at System.Data.SqlClient.TdsParser.Run(RunBehavior runBehavior, SqlCommand cmdHandler, SqlDataReader dataStream, BulkCopySimpleResultSet bulkCopyHandler, TdsParserStateObject stateObj)
   at System.Data.SqlClient.SqlDataReader.ConsumeMetaData()
   at System.Data.SqlClient.SqlDataReader.get_MetaData()
   at System.Data.SqlClient.SqlCommand.FinishExecuteReader(SqlDataReader ds, RunBehavior runBehavior, String resetOptionsString)
   at System.Data.SqlClient.SqlCommand.RunExecuteReaderTds(CommandBehavior cmdBehavior, RunBehavior runBehavior, Boolean returnStream, Boolean async)
   at System.Data.SqlClient.SqlCommand.RunExecuteReader(CommandBehavior cmdBehavior, RunBehavior runBehavior, Boolean returnStream, String method, DbAsyncResult result)
   at System.Data.SqlClient.SqlCommand.RunExecuteReader(CommandBehavior cmdBehavior, RunBehavior runBehavior, Boolean returnStream, String method)
   at System.Data.SqlClient.SqlCommand.ExecuteReader(CommandBehavior behavior, String method)
   at System.Data.SqlClient.SqlCommand.ExecuteReader(CommandBehavior behavior)
   at SubSonic.SqlDataProvider.GetReader(QueryCommand qry) in ]]></text>
                                        <marker class="CodeLocation">
                                          <contents>
                                            <text><![CDATA[C:\data\SubsonicRoot\ss2\SubSonic\DataProviders\SqlDataProvider.cs:line 384]]></text>
                                          </contents>
                                          <attributes>
                                            <attribute name="line" value="384" />
                                            <attribute name="path" value="C:\data\SubsonicRoot\ss2\SubSonic\DataProviders\SqlDataProvider.cs" />
                                          </attributes>
                                        </marker>
                                        <text><![CDATA[
   at SubSonic.DataService.GetReader(QueryCommand cmd) in ]]></text>
                                        <marker class="CodeLocation">
                                          <contents>
                                            <text><![CDATA[C:\data\SubsonicRoot\ss2\SubSonic\DataProviders\DataService.cs:line 506]]></text>
                                          </contents>
                                          <attributes>
                                            <attribute name="line" value="506" />
                                            <attribute name="path" value="C:\data\SubsonicRoot\ss2\SubSonic\DataProviders\DataService.cs" />
                                          </attributes>
                                        </marker>
                                        <text><![CDATA[
   at SubSonic.Query.ExecuteReader() in ]]></text>
                                        <marker class="CodeLocation">
                                          <contents>
                                            <text><![CDATA[C:\data\SubsonicRoot\ss2\SubSonic\Sql Tools\Query.cs:line 1814]]></text>
                                          </contents>
                                          <attributes>
                                            <attribute name="line" value="1814" />
                                            <attribute name="path" value="C:\data\SubsonicRoot\ss2\SubSonic\Sql Tools\Query.cs" />
                                          </attributes>
                                        </marker>
                                        <text><![CDATA[
   at SubSonic.Tests.QueryTest.Query_IsNotNull() in ]]></text>
                                        <marker class="CodeLocation">
                                          <contents>
                                            <text><![CDATA[C:\data\SubsonicRoot\ss2\SubSonic.Tests\QueryTest.cs:line 279]]></text>
                                          </contents>
                                          <attributes>
                                            <attribute name="line" value="279" />
                                            <attribute name="path" value="C:\data\SubsonicRoot\ss2\SubSonic.Tests\QueryTest.cs" />
                                          </attributes>
                                        </marker>
                                      </contents>
                                      <attributes />
                                    </marker>
                                  </contents>
                                  <attributes />
                                </marker>
                              </contents>
                            </section>
                          </contents>
                        </body>
                      </stream>
                    </streams>
                    <attachments />
                  </testLog>
                </testStepRun>
                <testStepRun startTime="2011-08-05T15:48:41.5243455+09:30" endTime="2011-08-05T15:48:41.5243455+09:30">
                  <testStep id="c044dc20a5bfaa57" name="Query_JoinedDataSet" fullName="SubSonic.Tests/QueryTest/Query_JoinedDataSet" testId="91d54299a1e93eec" isPrimary="true" isTestCase="true" isDynamic="false">
                    <codeReference assembly="SubSonic.Tests, Version=2.2.1.0, Culture=neutral, PublicKeyToken=null" namespace="SubSonic.Tests" type="SubSonic.Tests.QueryTest" member="Query_JoinedDataSet" />
                    <codeLocation path="C:\data\SubsonicRoot\ss2\SubSonic.Tests\QueryTest.cs" line="432" />
                    <metadata>
                      <entry key="TestKind">
                        <value>Test</value>
                      </entry>
                    </metadata>
                  </testStep>
                  <children />
                  <result assertCount="1" duration="0.039640299999999996">
                    <outcome status="passed" />
                  </result>
                  <testLog>
                    <streams />
                    <attachments />
                  </testLog>
                </testStepRun>
                <testStepRun startTime="2011-08-05T15:48:41.5243455+09:30" endTime="2011-08-05T15:48:41.7118455+09:30">
                  <testStep id="56a9234b52e4543b" name="Query_JoinedDataSet_OrderByCollection" fullName="SubSonic.Tests/QueryTest/Query_JoinedDataSet_OrderByCollection" testId="a02573cbf60fe8c0" isPrimary="true" isTestCase="true" isDynamic="false">
                    <codeReference assembly="SubSonic.Tests, Version=2.2.1.0, Culture=neutral, PublicKeyToken=null" namespace="SubSonic.Tests" type="SubSonic.Tests.QueryTest" member="Query_JoinedDataSet_OrderByCollection" />
                    <codeLocation path="C:\data\SubsonicRoot\ss2\SubSonic.Tests\QueryTest.cs" line="635" />
                    <metadata>
                      <entry key="TestKind">
                        <value>Test</value>
                      </entry>
                    </metadata>
                  </testStep>
                  <children />
                  <result assertCount="0" duration="0.0218838">
                    <outcome status="failed" />
                  </result>
                  <testLog>
                    <streams>
                      <stream name="Failures">
                        <body>
                          <contents>
                            <section name="Execute">
                              <contents>
                                <marker class="Exception">
                                  <contents>
                                    <marker class="ExceptionType">
                                      <contents>
                                        <text><![CDATA[System.Data.SqlClient.SqlException]]></text>
                                      </contents>
                                      <attributes />
                                    </marker>
                                    <text><![CDATA[: ]]></text>
                                    <marker class="ExceptionMessage">
                                      <contents>
                                        <text><![CDATA[Incorrect syntax near the keyword 'BY'.]]></text>
                                      </contents>
                                      <attributes />
                                    </marker>
                                    <text><![CDATA[
]]></text>
                                    <marker class="ExceptionPropertyName">
                                      <contents>
                                        <text><![CDATA[Errors]]></text>
                                      </contents>
                                      <attributes />
                                    </marker>
                                    <text><![CDATA[: ]]></text>
                                    <marker class="ExceptionPropertyValue">
                                      <contents>
                                        <text><![CDATA[System.Data.SqlClient.SqlErrorCollection]]></text>
                                      </contents>
                                      <attributes />
                                    </marker>
                                    <text><![CDATA[
]]></text>
                                    <marker class="ExceptionPropertyName">
                                      <contents>
                                        <text><![CDATA[Class]]></text>
                                      </contents>
                                      <attributes />
                                    </marker>
                                    <text><![CDATA[: ]]></text>
                                    <marker class="ExceptionPropertyValue">
                                      <contents>
                                        <text><![CDATA[15]]></text>
                                      </contents>
                                      <attributes />
                                    </marker>
                                    <text><![CDATA[
]]></text>
                                    <marker class="ExceptionPropertyName">
                                      <contents>
                                        <text><![CDATA[LineNumber]]></text>
                                      </contents>
                                      <attributes />
                                    </marker>
                                    <text><![CDATA[: ]]></text>
                                    <marker class="ExceptionPropertyValue">
                                      <contents>
                                        <text><![CDATA[1]]></text>
                                      </contents>
                                      <attributes />
                                    </marker>
                                    <text><![CDATA[
]]></text>
                                    <marker class="ExceptionPropertyName">
                                      <contents>
                                        <text><![CDATA[Number]]></text>
                                      </contents>
                                      <attributes />
                                    </marker>
                                    <text><![CDATA[: ]]></text>
                                    <marker class="ExceptionPropertyValue">
                                      <contents>
                                        <text><![CDATA[156]]></text>
                                      </contents>
                                      <attributes />
                                    </marker>
                                    <text><![CDATA[
]]></text>
                                    <marker class="ExceptionPropertyName">
                                      <contents>
                                        <text><![CDATA[Procedure]]></text>
                                      </contents>
                                      <attributes />
                                    </marker>
                                    <text><![CDATA[: ]]></text>
                                    <marker class="ExceptionPropertyValue">
                                      <contents />
                                      <attributes />
                                    </marker>
                                    <text><![CDATA[
]]></text>
                                    <marker class="ExceptionPropertyName">
                                      <contents>
                                        <text><![CDATA[Server]]></text>
                                      </contents>
                                      <attributes />
                                    </marker>
                                    <text><![CDATA[: ]]></text>
                                    <marker class="ExceptionPropertyValue">
                                      <contents>
                                        <text><![CDATA[ANAXIMANDER\SQLEXPRESS]]></text>
                                      </contents>
                                      <attributes />
                                    </marker>
                                    <text><![CDATA[
]]></text>
                                    <marker class="ExceptionPropertyName">
                                      <contents>
                                        <text><![CDATA[State]]></text>
                                      </contents>
                                      <attributes />
                                    </marker>
                                    <text><![CDATA[: ]]></text>
                                    <marker class="ExceptionPropertyValue">
                                      <contents>
                                        <text><![CDATA[1]]></text>
                                      </contents>
                                      <attributes />
                                    </marker>
                                    <text><![CDATA[
]]></text>
                                    <marker class="ExceptionPropertyName">
                                      <contents>
                                        <text><![CDATA[ErrorCode]]></text>
                                      </contents>
                                      <attributes />
                                    </marker>
                                    <text><![CDATA[: ]]></text>
                                    <marker class="ExceptionPropertyValue">
                                      <contents>
                                        <text><![CDATA[-2146232060]]></text>
                                      </contents>
                                      <attributes />
                                    </marker>
                                    <text><![CDATA[
]]></text>
                                    <marker class="StackTrace">
                                      <contents>
                                        <text><![CDATA[   at System.Data.SqlClient.SqlConnection.OnError(SqlException exception, Boolean breakConnection)
   at System.Data.SqlClient.SqlInternalConnection.OnError(SqlException exception, Boolean breakConnection)
   at System.Data.SqlClient.TdsParser.ThrowExceptionAndWarning(TdsParserStateObject stateObj)
   at System.Data.SqlClient.TdsParser.Run(RunBehavior runBehavior, SqlCommand cmdHandler, SqlDataReader dataStream, BulkCopySimpleResultSet bulkCopyHandler, TdsParserStateObject stateObj)
   at System.Data.SqlClient.SqlDataReader.ConsumeMetaData()
   at System.Data.SqlClient.SqlDataReader.get_MetaData()
   at System.Data.SqlClient.SqlCommand.FinishExecuteReader(SqlDataReader ds, RunBehavior runBehavior, String resetOptionsString)
   at System.Data.SqlClient.SqlCommand.RunExecuteReaderTds(CommandBehavior cmdBehavior, RunBehavior runBehavior, Boolean returnStream, Boolean async)
   at System.Data.SqlClient.SqlCommand.RunExecuteReader(CommandBehavior cmdBehavior, RunBehavior runBehavior, Boolean returnStream, String method, DbAsyncResult result)
   at System.Data.SqlClient.SqlCommand.RunExecuteReader(CommandBehavior cmdBehavior, RunBehavior runBehavior, Boolean returnStream, String method)
   at System.Data.SqlClient.SqlCommand.ExecuteReader(CommandBehavior behavior, String method)
   at System.Data.SqlClient.SqlCommand.ExecuteDbDataReader(CommandBehavior behavior)
   at System.Data.Common.DbCommand.System.Data.IDbCommand.ExecuteReader(CommandBehavior behavior)
   at System.Data.Common.DbDataAdapter.FillInternal(DataSet dataset, DataTable[] datatables, Int32 startRecord, Int32 maxRecords, String srcTable, IDbCommand command, CommandBehavior behavior)
   at System.Data.Common.DbDataAdapter.Fill(DataSet dataSet, Int32 startRecord, Int32 maxRecords, String srcTable, IDbCommand command, CommandBehavior behavior)
   at System.Data.Common.DbDataAdapter.Fill(DataSet dataSet)
   at SubSonic.SqlDataProvider.GetDataSet[T](QueryCommand qry) in ]]></text>
                                        <marker class="CodeLocation">
                                          <contents>
                                            <text><![CDATA[C:\data\SubsonicRoot\ss2\SubSonic\DataProviders\SqlDataProvider.cs:line 438]]></text>
                                          </contents>
                                          <attributes>
                                            <attribute name="line" value="438" />
                                            <attribute name="path" value="C:\data\SubsonicRoot\ss2\SubSonic\DataProviders\SqlDataProvider.cs" />
                                          </attributes>
                                        </marker>
                                        <text><![CDATA[
   at SubSonic.DataService.GetDataSet[T](QueryCommand cmd) in ]]></text>
                                        <marker class="CodeLocation">
                                          <contents>
                                            <text><![CDATA[C:\data\SubsonicRoot\ss2\SubSonic\DataProviders\DataService.cs:line 536]]></text>
                                          </contents>
                                          <attributes>
                                            <attribute name="line" value="536" />
                                            <attribute name="path" value="C:\data\SubsonicRoot\ss2\SubSonic\DataProviders\DataService.cs" />
                                          </attributes>
                                        </marker>
                                        <text><![CDATA[
   at SubSonic.Query.ExecuteJoinedDataSet[T]() in ]]></text>
                                        <marker class="CodeLocation">
                                          <contents>
                                            <text><![CDATA[C:\data\SubsonicRoot\ss2\SubSonic\Sql Tools\Query.cs:line 1957]]></text>
                                          </contents>
                                          <attributes>
                                            <attribute name="line" value="1957" />
                                            <attribute name="path" value="C:\data\SubsonicRoot\ss2\SubSonic\Sql Tools\Query.cs" />
                                          </attributes>
                                        </marker>
                                        <text><![CDATA[
   at SubSonic.Query.ExecuteJoinedDataSet() in ]]></text>
                                        <marker class="CodeLocation">
                                          <contents>
                                            <text><![CDATA[C:\data\SubsonicRoot\ss2\SubSonic\Sql Tools\Query.cs:line 1842]]></text>
                                          </contents>
                                          <attributes>
                                            <attribute name="line" value="1842" />
                                            <attribute name="path" value="C:\data\SubsonicRoot\ss2\SubSonic\Sql Tools\Query.cs" />
                                          </attributes>
                                        </marker>
                                        <text><![CDATA[
   at SubSonic.Tests.QueryTest.Query_JoinedDataSet_OrderByCollection() in ]]></text>
                                        <marker class="CodeLocation">
                                          <contents>
                                            <text><![CDATA[C:\data\SubsonicRoot\ss2\SubSonic.Tests\QueryTest.cs:line 641]]></text>
                                          </contents>
                                          <attributes>
                                            <attribute name="line" value="641" />
                                            <attribute name="path" value="C:\data\SubsonicRoot\ss2\SubSonic.Tests\QueryTest.cs" />
                                          </attributes>
                                        </marker>
                                      </contents>
                                      <attributes />
                                    </marker>
                                  </contents>
                                  <attributes />
                                </marker>
                              </contents>
                            </section>
                          </contents>
                        </body>
                      </stream>
                    </streams>
                    <attachments />
                  </testLog>
                </testStepRun>
                <testStepRun startTime="2011-08-05T15:48:41.7118455+09:30" endTime="2011-08-05T15:48:41.8212205+09:30">
                  <testStep id="794d892ab852ad7" name="Query_JoinedDataSet_OrderByFK" fullName="SubSonic.Tests/QueryTest/Query_JoinedDataSet_OrderByFK" testId="f9fd37038a1e8e27" isPrimary="true" isTestCase="true" isDynamic="false">
                    <codeReference assembly="SubSonic.Tests, Version=2.2.1.0, Culture=neutral, PublicKeyToken=null" namespace="SubSonic.Tests" type="SubSonic.Tests.QueryTest" member="Query_JoinedDataSet_OrderByFK" />
                    <codeLocation path="C:\data\SubsonicRoot\ss2\SubSonic.Tests\QueryTest.cs" line="473" />
                    <metadata>
                      <entry key="TestKind">
                        <value>Test</value>
                      </entry>
                    </metadata>
                  </testStep>
                  <children />
                  <result assertCount="0" duration="0.064662799999999993">
                    <outcome status="failed" />
                  </result>
                  <testLog>
                    <streams>
                      <stream name="Failures">
                        <body>
                          <contents>
                            <section name="Execute">
                              <contents>
                                <marker class="Exception">
                                  <contents>
                                    <marker class="ExceptionType">
                                      <contents>
                                        <text><![CDATA[System.Data.SqlClient.SqlException]]></text>
                                      </contents>
                                      <attributes />
                                    </marker>
                                    <text><![CDATA[: ]]></text>
                                    <marker class="ExceptionMessage">
                                      <contents>
                                        <text><![CDATA[Incorrect syntax near the keyword 'BY'.]]></text>
                                      </contents>
                                      <attributes />
                                    </marker>
                                    <text><![CDATA[
]]></text>
                                    <marker class="ExceptionPropertyName">
                                      <contents>
                                        <text><![CDATA[Errors]]></text>
                                      </contents>
                                      <attributes />
                                    </marker>
                                    <text><![CDATA[: ]]></text>
                                    <marker class="ExceptionPropertyValue">
                                      <contents>
                                        <text><![CDATA[System.Data.SqlClient.SqlErrorCollection]]></text>
                                      </contents>
                                      <attributes />
                                    </marker>
                                    <text><![CDATA[
]]></text>
                                    <marker class="ExceptionPropertyName">
                                      <contents>
                                        <text><![CDATA[Class]]></text>
                                      </contents>
                                      <attributes />
                                    </marker>
                                    <text><![CDATA[: ]]></text>
                                    <marker class="ExceptionPropertyValue">
                                      <contents>
                                        <text><![CDATA[15]]></text>
                                      </contents>
                                      <attributes />
                                    </marker>
                                    <text><![CDATA[
]]></text>
                                    <marker class="ExceptionPropertyName">
                                      <contents>
                                        <text><![CDATA[LineNumber]]></text>
                                      </contents>
                                      <attributes />
                                    </marker>
                                    <text><![CDATA[: ]]></text>
                                    <marker class="ExceptionPropertyValue">
                                      <contents>
                                        <text><![CDATA[1]]></text>
                                      </contents>
                                      <attributes />
                                    </marker>
                                    <text><![CDATA[
]]></text>
                                    <marker class="ExceptionPropertyName">
                                      <contents>
                                        <text><![CDATA[Number]]></text>
                                      </contents>
                                      <attributes />
                                    </marker>
                                    <text><![CDATA[: ]]></text>
                                    <marker class="ExceptionPropertyValue">
                                      <contents>
                                        <text><![CDATA[156]]></text>
                                      </contents>
                                      <attributes />
                                    </marker>
                                    <text><![CDATA[
]]></text>
                                    <marker class="ExceptionPropertyName">
                                      <contents>
                                        <text><![CDATA[Procedure]]></text>
                                      </contents>
                                      <attributes />
                                    </marker>
                                    <text><![CDATA[: ]]></text>
                                    <marker class="ExceptionPropertyValue">
                                      <contents />
                                      <attributes />
                                    </marker>
                                    <text><![CDATA[
]]></text>
                                    <marker class="ExceptionPropertyName">
                                      <contents>
                                        <text><![CDATA[Server]]></text>
                                      </contents>
                                      <attributes />
                                    </marker>
                                    <text><![CDATA[: ]]></text>
                                    <marker class="ExceptionPropertyValue">
                                      <contents>
                                        <text><![CDATA[ANAXIMANDER\SQLEXPRESS]]></text>
                                      </contents>
                                      <attributes />
                                    </marker>
                                    <text><![CDATA[
]]></text>
                                    <marker class="ExceptionPropertyName">
                                      <contents>
                                        <text><![CDATA[State]]></text>
                                      </contents>
                                      <attributes />
                                    </marker>
                                    <text><![CDATA[: ]]></text>
                                    <marker class="ExceptionPropertyValue">
                                      <contents>
                                        <text><![CDATA[1]]></text>
                                      </contents>
                                      <attributes />
                                    </marker>
                                    <text><![CDATA[
]]></text>
                                    <marker class="ExceptionPropertyName">
                                      <contents>
                                        <text><![CDATA[ErrorCode]]></text>
                                      </contents>
                                      <attributes />
                                    </marker>
                                    <text><![CDATA[: ]]></text>
                                    <marker class="ExceptionPropertyValue">
                                      <contents>
                                        <text><![CDATA[-2146232060]]></text>
                                      </contents>
                                      <attributes />
                                    </marker>
                                    <text><![CDATA[
]]></text>
                                    <marker class="StackTrace">
                                      <contents>
                                        <text><![CDATA[   at System.Data.SqlClient.SqlConnection.OnError(SqlException exception, Boolean breakConnection)
   at System.Data.SqlClient.SqlInternalConnection.OnError(SqlException exception, Boolean breakConnection)
   at System.Data.SqlClient.TdsParser.ThrowExceptionAndWarning(TdsParserStateObject stateObj)
   at System.Data.SqlClient.TdsParser.Run(RunBehavior runBehavior, SqlCommand cmdHandler, SqlDataReader dataStream, BulkCopySimpleResultSet bulkCopyHandler, TdsParserStateObject stateObj)
   at System.Data.SqlClient.SqlDataReader.ConsumeMetaData()
   at System.Data.SqlClient.SqlDataReader.get_MetaData()
   at System.Data.SqlClient.SqlCommand.FinishExecuteReader(SqlDataReader ds, RunBehavior runBehavior, String resetOptionsString)
   at System.Data.SqlClient.SqlCommand.RunExecuteReaderTds(CommandBehavior cmdBehavior, RunBehavior runBehavior, Boolean returnStream, Boolean async)
   at System.Data.SqlClient.SqlCommand.RunExecuteReader(CommandBehavior cmdBehavior, RunBehavior runBehavior, Boolean returnStream, String method, DbAsyncResult result)
   at System.Data.SqlClient.SqlCommand.RunExecuteReader(CommandBehavior cmdBehavior, RunBehavior runBehavior, Boolean returnStream, String method)
   at System.Data.SqlClient.SqlCommand.ExecuteReader(CommandBehavior behavior, String method)
   at System.Data.SqlClient.SqlCommand.ExecuteDbDataReader(CommandBehavior behavior)
   at System.Data.Common.DbCommand.System.Data.IDbCommand.ExecuteReader(CommandBehavior behavior)
   at System.Data.Common.DbDataAdapter.FillInternal(DataSet dataset, DataTable[] datatables, Int32 startRecord, Int32 maxRecords, String srcTable, IDbCommand command, CommandBehavior behavior)
   at System.Data.Common.DbDataAdapter.Fill(DataSet dataSet, Int32 startRecord, Int32 maxRecords, String srcTable, IDbCommand command, CommandBehavior behavior)
   at System.Data.Common.DbDataAdapter.Fill(DataSet dataSet)
   at SubSonic.SqlDataProvider.GetDataSet[T](QueryCommand qry) in ]]></text>
                                        <marker class="CodeLocation">
                                          <contents>
                                            <text><![CDATA[C:\data\SubsonicRoot\ss2\SubSonic\DataProviders\SqlDataProvider.cs:line 438]]></text>
                                          </contents>
                                          <attributes>
                                            <attribute name="line" value="438" />
                                            <attribute name="path" value="C:\data\SubsonicRoot\ss2\SubSonic\DataProviders\SqlDataProvider.cs" />
                                          </attributes>
                                        </marker>
                                        <text><![CDATA[
   at SubSonic.DataService.GetDataSet[T](QueryCommand cmd) in ]]></text>
                                        <marker class="CodeLocation">
                                          <contents>
                                            <text><![CDATA[C:\data\SubsonicRoot\ss2\SubSonic\DataProviders\DataService.cs:line 536]]></text>
                                          </contents>
                                          <attributes>
                                            <attribute name="line" value="536" />
                                            <attribute name="path" value="C:\data\SubsonicRoot\ss2\SubSonic\DataProviders\DataService.cs" />
                                          </attributes>
                                        </marker>
                                        <text><![CDATA[
   at SubSonic.Query.ExecuteJoinedDataSet[T]() in ]]></text>
                                        <marker class="CodeLocation">
                                          <contents>
                                            <text><![CDATA[C:\data\SubsonicRoot\ss2\SubSonic\Sql Tools\Query.cs:line 1957]]></text>
                                          </contents>
                                          <attributes>
                                            <attribute name="line" value="1957" />
                                            <attribute name="path" value="C:\data\SubsonicRoot\ss2\SubSonic\Sql Tools\Query.cs" />
                                          </attributes>
                                        </marker>
                                        <text><![CDATA[
   at SubSonic.Query.ExecuteJoinedDataSet() in ]]></text>
                                        <marker class="CodeLocation">
                                          <contents>
                                            <text><![CDATA[C:\data\SubsonicRoot\ss2\SubSonic\Sql Tools\Query.cs:line 1842]]></text>
                                          </contents>
                                          <attributes>
                                            <attribute name="line" value="1842" />
                                            <attribute name="path" value="C:\data\SubsonicRoot\ss2\SubSonic\Sql Tools\Query.cs" />
                                          </attributes>
                                        </marker>
                                        <text><![CDATA[
   at SubSonic.Tests.QueryTest.Query_JoinedDataSet_OrderByFK() in ]]></text>
                                        <marker class="CodeLocation">
                                          <contents>
                                            <text><![CDATA[C:\data\SubsonicRoot\ss2\SubSonic.Tests\QueryTest.cs:line 477]]></text>
                                          </contents>
                                          <attributes>
                                            <attribute name="line" value="477" />
                                            <attribute name="path" value="C:\data\SubsonicRoot\ss2\SubSonic.Tests\QueryTest.cs" />
                                          </attributes>
                                        </marker>
                                      </contents>
                                      <attributes />
                                    </marker>
                                  </contents>
                                  <attributes />
                                </marker>
                              </contents>
                            </section>
                          </contents>
                        </body>
                      </stream>
                    </streams>
                    <attachments />
                  </testLog>
                </testStepRun>
                <testStepRun startTime="2011-08-05T15:48:41.8212205+09:30" endTime="2011-08-05T15:48:41.9618455+09:30">
                  <testStep id="47659e6dc4f5803e" name="Query_NOT_IN_ArrayList" fullName="SubSonic.Tests/QueryTest/Query_NOT_IN_ArrayList" testId="4cc3e80c5ac0e249" isPrimary="true" isTestCase="true" isDynamic="false">
                    <codeReference assembly="SubSonic.Tests, Version=2.2.1.0, Culture=neutral, PublicKeyToken=null" namespace="SubSonic.Tests" type="SubSonic.Tests.QueryTest" member="Query_NOT_IN_ArrayList" />
                    <codeLocation path="C:\data\SubsonicRoot\ss2\SubSonic.Tests\QueryTest.cs" line="257" />
                    <metadata>
                      <entry key="TestKind">
                        <value>Test</value>
                      </entry>
                    </metadata>
                  </testStep>
                  <children />
                  <result assertCount="0" duration="0.0138912">
                    <outcome status="failed" />
                  </result>
                  <testLog>
                    <streams>
                      <stream name="Failures">
                        <body>
                          <contents>
                            <section name="Execute">
                              <contents>
                                <marker class="Exception">
                                  <contents>
                                    <marker class="ExceptionType">
                                      <contents>
                                        <text><![CDATA[System.Data.SqlClient.SqlException]]></text>
                                      </contents>
                                      <attributes />
                                    </marker>
                                    <text><![CDATA[: ]]></text>
                                    <marker class="ExceptionMessage">
                                      <contents>
                                        <text><![CDATA[Incorrect syntax near the keyword 'ORDER'.]]></text>
                                      </contents>
                                      <attributes />
                                    </marker>
                                    <text><![CDATA[
]]></text>
                                    <marker class="ExceptionPropertyName">
                                      <contents>
                                        <text><![CDATA[Errors]]></text>
                                      </contents>
                                      <attributes />
                                    </marker>
                                    <text><![CDATA[: ]]></text>
                                    <marker class="ExceptionPropertyValue">
                                      <contents>
                                        <text><![CDATA[System.Data.SqlClient.SqlErrorCollection]]></text>
                                      </contents>
                                      <attributes />
                                    </marker>
                                    <text><![CDATA[
]]></text>
                                    <marker class="ExceptionPropertyName">
                                      <contents>
                                        <text><![CDATA[Class]]></text>
                                      </contents>
                                      <attributes />
                                    </marker>
                                    <text><![CDATA[: ]]></text>
                                    <marker class="ExceptionPropertyValue">
                                      <contents>
                                        <text><![CDATA[15]]></text>
                                      </contents>
                                      <attributes />
                                    </marker>
                                    <text><![CDATA[
]]></text>
                                    <marker class="ExceptionPropertyName">
                                      <contents>
                                        <text><![CDATA[LineNumber]]></text>
                                      </contents>
                                      <attributes />
                                    </marker>
                                    <text><![CDATA[: ]]></text>
                                    <marker class="ExceptionPropertyValue">
                                      <contents>
                                        <text><![CDATA[1]]></text>
                                      </contents>
                                      <attributes />
                                    </marker>
                                    <text><![CDATA[
]]></text>
                                    <marker class="ExceptionPropertyName">
                                      <contents>
                                        <text><![CDATA[Number]]></text>
                                      </contents>
                                      <attributes />
                                    </marker>
                                    <text><![CDATA[: ]]></text>
                                    <marker class="ExceptionPropertyValue">
                                      <contents>
                                        <text><![CDATA[156]]></text>
                                      </contents>
                                      <attributes />
                                    </marker>
                                    <text><![CDATA[
]]></text>
                                    <marker class="ExceptionPropertyName">
                                      <contents>
                                        <text><![CDATA[Procedure]]></text>
                                      </contents>
                                      <attributes />
                                    </marker>
                                    <text><![CDATA[: ]]></text>
                                    <marker class="ExceptionPropertyValue">
                                      <contents />
                                      <attributes />
                                    </marker>
                                    <text><![CDATA[
]]></text>
                                    <marker class="ExceptionPropertyName">
                                      <contents>
                                        <text><![CDATA[Server]]></text>
                                      </contents>
                                      <attributes />
                                    </marker>
                                    <text><![CDATA[: ]]></text>
                                    <marker class="ExceptionPropertyValue">
                                      <contents>
                                        <text><![CDATA[ANAXIMANDER\SQLEXPRESS]]></text>
                                      </contents>
                                      <attributes />
                                    </marker>
                                    <text><![CDATA[
]]></text>
                                    <marker class="ExceptionPropertyName">
                                      <contents>
                                        <text><![CDATA[State]]></text>
                                      </contents>
                                      <attributes />
                                    </marker>
                                    <text><![CDATA[: ]]></text>
                                    <marker class="ExceptionPropertyValue">
                                      <contents>
                                        <text><![CDATA[1]]></text>
                                      </contents>
                                      <attributes />
                                    </marker>
                                    <text><![CDATA[
]]></text>
                                    <marker class="ExceptionPropertyName">
                                      <contents>
                                        <text><![CDATA[ErrorCode]]></text>
                                      </contents>
                                      <attributes />
                                    </marker>
                                    <text><![CDATA[: ]]></text>
                                    <marker class="ExceptionPropertyValue">
                                      <contents>
                                        <text><![CDATA[-2146232060]]></text>
                                      </contents>
                                      <attributes />
                                    </marker>
                                    <text><![CDATA[
]]></text>
                                    <marker class="StackTrace">
                                      <contents>
                                        <text><![CDATA[   at System.Data.SqlClient.SqlConnection.OnError(SqlException exception, Boolean breakConnection)
   at System.Data.SqlClient.SqlInternalConnection.OnError(SqlException exception, Boolean breakConnection)
   at System.Data.SqlClient.TdsParser.ThrowExceptionAndWarning(TdsParserStateObject stateObj)
   at System.Data.SqlClient.TdsParser.Run(RunBehavior runBehavior, SqlCommand cmdHandler, SqlDataReader dataStream, BulkCopySimpleResultSet bulkCopyHandler, TdsParserStateObject stateObj)
   at System.Data.SqlClient.SqlDataReader.ConsumeMetaData()
   at System.Data.SqlClient.SqlDataReader.get_MetaData()
   at System.Data.SqlClient.SqlCommand.FinishExecuteReader(SqlDataReader ds, RunBehavior runBehavior, String resetOptionsString)
   at System.Data.SqlClient.SqlCommand.RunExecuteReaderTds(CommandBehavior cmdBehavior, RunBehavior runBehavior, Boolean returnStream, Boolean async)
   at System.Data.SqlClient.SqlCommand.RunExecuteReader(CommandBehavior cmdBehavior, RunBehavior runBehavior, Boolean returnStream, String method, DbAsyncResult result)
   at System.Data.SqlClient.SqlCommand.RunExecuteReader(CommandBehavior cmdBehavior, RunBehavior runBehavior, Boolean returnStream, String method)
   at System.Data.SqlClient.SqlCommand.ExecuteReader(CommandBehavior behavior, String method)
   at System.Data.SqlClient.SqlCommand.ExecuteReader(CommandBehavior behavior)
   at SubSonic.SqlDataProvider.GetReader(QueryCommand qry) in ]]></text>
                                        <marker class="CodeLocation">
                                          <contents>
                                            <text><![CDATA[C:\data\SubsonicRoot\ss2\SubSonic\DataProviders\SqlDataProvider.cs:line 384]]></text>
                                          </contents>
                                          <attributes>
                                            <attribute name="line" value="384" />
                                            <attribute name="path" value="C:\data\SubsonicRoot\ss2\SubSonic\DataProviders\SqlDataProvider.cs" />
                                          </attributes>
                                        </marker>
                                        <text><![CDATA[
   at SubSonic.DataService.GetReader(QueryCommand cmd) in ]]></text>
                                        <marker class="CodeLocation">
                                          <contents>
                                            <text><![CDATA[C:\data\SubsonicRoot\ss2\SubSonic\DataProviders\DataService.cs:line 506]]></text>
                                          </contents>
                                          <attributes>
                                            <attribute name="line" value="506" />
                                            <attribute name="path" value="C:\data\SubsonicRoot\ss2\SubSonic\DataProviders\DataService.cs" />
                                          </attributes>
                                        </marker>
                                        <text><![CDATA[
   at SubSonic.Query.ExecuteReader() in ]]></text>
                                        <marker class="CodeLocation">
                                          <contents>
                                            <text><![CDATA[C:\data\SubsonicRoot\ss2\SubSonic\Sql Tools\Query.cs:line 1814]]></text>
                                          </contents>
                                          <attributes>
                                            <attribute name="line" value="1814" />
                                            <attribute name="path" value="C:\data\SubsonicRoot\ss2\SubSonic\Sql Tools\Query.cs" />
                                          </attributes>
                                        </marker>
                                        <text><![CDATA[
   at SubSonic.Tests.QueryTest.Query_NOT_IN_ArrayList() in ]]></text>
                                        <marker class="CodeLocation">
                                          <contents>
                                            <text><![CDATA[C:\data\SubsonicRoot\ss2\SubSonic.Tests\QueryTest.cs:line 263]]></text>
                                          </contents>
                                          <attributes>
                                            <attribute name="line" value="263" />
                                            <attribute name="path" value="C:\data\SubsonicRoot\ss2\SubSonic.Tests\QueryTest.cs" />
                                          </attributes>
                                        </marker>
                                      </contents>
                                      <attributes />
                                    </marker>
                                  </contents>
                                  <attributes />
                                </marker>
                              </contents>
                            </section>
                          </contents>
                        </body>
                      </stream>
                    </streams>
                    <attachments />
                  </testLog>
                </testStepRun>
                <testStepRun startTime="2011-08-05T15:48:41.9618455+09:30" endTime="2011-08-05T15:48:42.0555955+09:30">
                  <testStep id="a18840cb7e964cf6" name="Query_NOT_IN_ListCollection" fullName="SubSonic.Tests/QueryTest/Query_NOT_IN_ListCollection" testId="1bc6d6cab297a103" isPrimary="true" isTestCase="true" isDynamic="false">
                    <codeReference assembly="SubSonic.Tests, Version=2.2.1.0, Culture=neutral, PublicKeyToken=null" namespace="SubSonic.Tests" type="SubSonic.Tests.QueryTest" member="Query_NOT_IN_ListCollection" />
                    <codeLocation path="C:\data\SubsonicRoot\ss2\SubSonic.Tests\QueryTest.cs" line="233" />
                    <metadata>
                      <entry key="TestKind">
                        <value>Test</value>
                      </entry>
                    </metadata>
                  </testStep>
                  <children />
                  <result assertCount="0" duration="0.0134688">
                    <outcome status="failed" />
                  </result>
                  <testLog>
                    <streams>
                      <stream name="Failures">
                        <body>
                          <contents>
                            <section name="Execute">
                              <contents>
                                <marker class="Exception">
                                  <contents>
                                    <marker class="ExceptionType">
                                      <contents>
                                        <text><![CDATA[System.Data.SqlClient.SqlException]]></text>
                                      </contents>
                                      <attributes />
                                    </marker>
                                    <text><![CDATA[: ]]></text>
                                    <marker class="ExceptionMessage">
                                      <contents>
                                        <text><![CDATA[Incorrect syntax near the keyword 'ORDER'.]]></text>
                                      </contents>
                                      <attributes />
                                    </marker>
                                    <text><![CDATA[
]]></text>
                                    <marker class="ExceptionPropertyName">
                                      <contents>
                                        <text><![CDATA[Errors]]></text>
                                      </contents>
                                      <attributes />
                                    </marker>
                                    <text><![CDATA[: ]]></text>
                                    <marker class="ExceptionPropertyValue">
                                      <contents>
                                        <text><![CDATA[System.Data.SqlClient.SqlErrorCollection]]></text>
                                      </contents>
                                      <attributes />
                                    </marker>
                                    <text><![CDATA[
]]></text>
                                    <marker class="ExceptionPropertyName">
                                      <contents>
                                        <text><![CDATA[Class]]></text>
                                      </contents>
                                      <attributes />
                                    </marker>
                                    <text><![CDATA[: ]]></text>
                                    <marker class="ExceptionPropertyValue">
                                      <contents>
                                        <text><![CDATA[15]]></text>
                                      </contents>
                                      <attributes />
                                    </marker>
                                    <text><![CDATA[
]]></text>
                                    <marker class="ExceptionPropertyName">
                                      <contents>
                                        <text><![CDATA[LineNumber]]></text>
                                      </contents>
                                      <attributes />
                                    </marker>
                                    <text><![CDATA[: ]]></text>
                                    <marker class="ExceptionPropertyValue">
                                      <contents>
                                        <text><![CDATA[1]]></text>
                                      </contents>
                                      <attributes />
                                    </marker>
                                    <text><![CDATA[
]]></text>
                                    <marker class="ExceptionPropertyName">
                                      <contents>
                                        <text><![CDATA[Number]]></text>
                                      </contents>
                                      <attributes />
                                    </marker>
                                    <text><![CDATA[: ]]></text>
                                    <marker class="ExceptionPropertyValue">
                                      <contents>
                                        <text><![CDATA[156]]></text>
                                      </contents>
                                      <attributes />
                                    </marker>
                                    <text><![CDATA[
]]></text>
                                    <marker class="ExceptionPropertyName">
                                      <contents>
                                        <text><![CDATA[Procedure]]></text>
                                      </contents>
                                      <attributes />
                                    </marker>
                                    <text><![CDATA[: ]]></text>
                                    <marker class="ExceptionPropertyValue">
                                      <contents />
                                      <attributes />
                                    </marker>
                                    <text><![CDATA[
]]></text>
                                    <marker class="ExceptionPropertyName">
                                      <contents>
                                        <text><![CDATA[Server]]></text>
                                      </contents>
                                      <attributes />
                                    </marker>
                                    <text><![CDATA[: ]]></text>
                                    <marker class="ExceptionPropertyValue">
                                      <contents>
                                        <text><![CDATA[ANAXIMANDER\SQLEXPRESS]]></text>
                                      </contents>
                                      <attributes />
                                    </marker>
                                    <text><![CDATA[
]]></text>
                                    <marker class="ExceptionPropertyName">
                                      <contents>
                                        <text><![CDATA[State]]></text>
                                      </contents>
                                      <attributes />
                                    </marker>
                                    <text><![CDATA[: ]]></text>
                                    <marker class="ExceptionPropertyValue">
                                      <contents>
                                        <text><![CDATA[1]]></text>
                                      </contents>
                                      <attributes />
                                    </marker>
                                    <text><![CDATA[
]]></text>
                                    <marker class="ExceptionPropertyName">
                                      <contents>
                                        <text><![CDATA[ErrorCode]]></text>
                                      </contents>
                                      <attributes />
                                    </marker>
                                    <text><![CDATA[: ]]></text>
                                    <marker class="ExceptionPropertyValue">
                                      <contents>
                                        <text><![CDATA[-2146232060]]></text>
                                      </contents>
                                      <attributes />
                                    </marker>
                                    <text><![CDATA[
]]></text>
                                    <marker class="StackTrace">
                                      <contents>
                                        <text><![CDATA[   at System.Data.SqlClient.SqlConnection.OnError(SqlException exception, Boolean breakConnection)
   at System.Data.SqlClient.SqlInternalConnection.OnError(SqlException exception, Boolean breakConnection)
   at System.Data.SqlClient.TdsParser.ThrowExceptionAndWarning(TdsParserStateObject stateObj)
   at System.Data.SqlClient.TdsParser.Run(RunBehavior runBehavior, SqlCommand cmdHandler, SqlDataReader dataStream, BulkCopySimpleResultSet bulkCopyHandler, TdsParserStateObject stateObj)
   at System.Data.SqlClient.SqlDataReader.ConsumeMetaData()
   at System.Data.SqlClient.SqlDataReader.get_MetaData()
   at System.Data.SqlClient.SqlCommand.FinishExecuteReader(SqlDataReader ds, RunBehavior runBehavior, String resetOptionsString)
   at System.Data.SqlClient.SqlCommand.RunExecuteReaderTds(CommandBehavior cmdBehavior, RunBehavior runBehavior, Boolean returnStream, Boolean async)
   at System.Data.SqlClient.SqlCommand.RunExecuteReader(CommandBehavior cmdBehavior, RunBehavior runBehavior, Boolean returnStream, String method, DbAsyncResult result)
   at System.Data.SqlClient.SqlCommand.RunExecuteReader(CommandBehavior cmdBehavior, RunBehavior runBehavior, Boolean returnStream, String method)
   at System.Data.SqlClient.SqlCommand.ExecuteReader(CommandBehavior behavior, String method)
   at System.Data.SqlClient.SqlCommand.ExecuteReader(CommandBehavior behavior)
   at SubSonic.SqlDataProvider.GetReader(QueryCommand qry) in ]]></text>
                                        <marker class="CodeLocation">
                                          <contents>
                                            <text><![CDATA[C:\data\SubsonicRoot\ss2\SubSonic\DataProviders\SqlDataProvider.cs:line 384]]></text>
                                          </contents>
                                          <attributes>
                                            <attribute name="line" value="384" />
                                            <attribute name="path" value="C:\data\SubsonicRoot\ss2\SubSonic\DataProviders\SqlDataProvider.cs" />
                                          </attributes>
                                        </marker>
                                        <text><![CDATA[
   at SubSonic.DataService.GetReader(QueryCommand cmd) in ]]></text>
                                        <marker class="CodeLocation">
                                          <contents>
                                            <text><![CDATA[C:\data\SubsonicRoot\ss2\SubSonic\DataProviders\DataService.cs:line 506]]></text>
                                          </contents>
                                          <attributes>
                                            <attribute name="line" value="506" />
                                            <attribute name="path" value="C:\data\SubsonicRoot\ss2\SubSonic\DataProviders\DataService.cs" />
                                          </attributes>
                                        </marker>
                                        <text><![CDATA[
   at SubSonic.Query.ExecuteReader() in ]]></text>
                                        <marker class="CodeLocation">
                                          <contents>
                                            <text><![CDATA[C:\data\SubsonicRoot\ss2\SubSonic\Sql Tools\Query.cs:line 1814]]></text>
                                          </contents>
                                          <attributes>
                                            <attribute name="line" value="1814" />
                                            <attribute name="path" value="C:\data\SubsonicRoot\ss2\SubSonic\Sql Tools\Query.cs" />
                                          </attributes>
                                        </marker>
                                        <text><![CDATA[
   at SubSonic.Tests.QueryTest.Query_NOT_IN_ListCollection() in ]]></text>
                                        <marker class="CodeLocation">
                                          <contents>
                                            <text><![CDATA[C:\data\SubsonicRoot\ss2\SubSonic.Tests\QueryTest.cs:line 243]]></text>
                                          </contents>
                                          <attributes>
                                            <attribute name="line" value="243" />
                                            <attribute name="path" value="C:\data\SubsonicRoot\ss2\SubSonic.Tests\QueryTest.cs" />
                                          </attributes>
                                        </marker>
                                      </contents>
                                      <attributes />
                                    </marker>
                                  </contents>
                                  <attributes />
                                </marker>
                              </contents>
                            </section>
                          </contents>
                        </body>
                      </stream>
                    </streams>
                    <attachments />
                  </testLog>
                </testStepRun>
                <testStepRun startTime="2011-08-05T15:48:42.0555955+09:30" endTime="2011-08-05T15:48:42.2118455+09:30">
                  <testStep id="621bd4534f3e8ed3" name="Query_NOT_IN_ObjectArray" fullName="SubSonic.Tests/QueryTest/Query_NOT_IN_ObjectArray" testId="bff6e72f5d9925d1" isPrimary="true" isTestCase="true" isDynamic="false">
                    <codeReference assembly="SubSonic.Tests, Version=2.2.1.0, Culture=neutral, PublicKeyToken=null" namespace="SubSonic.Tests" type="SubSonic.Tests.QueryTest" member="Query_NOT_IN_ObjectArray" />
                    <codeLocation path="C:\data\SubsonicRoot\ss2\SubSonic.Tests\QueryTest.cs" line="216" />
                    <metadata>
                      <entry key="TestKind">
                        <value>Test</value>
                      </entry>
                    </metadata>
                  </testStep>
                  <children />
                  <result assertCount="0" duration="0.0156099">
                    <outcome status="failed" />
                  </result>
                  <testLog>
                    <streams>
                      <stream name="Failures">
                        <body>
                          <contents>
                            <section name="Execute">
                              <contents>
                                <marker class="Exception">
                                  <contents>
                                    <marker class="ExceptionType">
                                      <contents>
                                        <text><![CDATA[System.Data.SqlClient.SqlException]]></text>
                                      </contents>
                                      <attributes />
                                    </marker>
                                    <text><![CDATA[: ]]></text>
                                    <marker class="ExceptionMessage">
                                      <contents>
                                        <text><![CDATA[Incorrect syntax near the keyword 'ORDER'.]]></text>
                                      </contents>
                                      <attributes />
                                    </marker>
                                    <text><![CDATA[
]]></text>
                                    <marker class="ExceptionPropertyName">
                                      <contents>
                                        <text><![CDATA[Errors]]></text>
                                      </contents>
                                      <attributes />
                                    </marker>
                                    <text><![CDATA[: ]]></text>
                                    <marker class="ExceptionPropertyValue">
                                      <contents>
                                        <text><![CDATA[System.Data.SqlClient.SqlErrorCollection]]></text>
                                      </contents>
                                      <attributes />
                                    </marker>
                                    <text><![CDATA[
]]></text>
                                    <marker class="ExceptionPropertyName">
                                      <contents>
                                        <text><![CDATA[Class]]></text>
                                      </contents>
                                      <attributes />
                                    </marker>
                                    <text><![CDATA[: ]]></text>
                                    <marker class="ExceptionPropertyValue">
                                      <contents>
                                        <text><![CDATA[15]]></text>
                                      </contents>
                                      <attributes />
                                    </marker>
                                    <text><![CDATA[
]]></text>
                                    <marker class="ExceptionPropertyName">
                                      <contents>
                                        <text><![CDATA[LineNumber]]></text>
                                      </contents>
                                      <attributes />
                                    </marker>
                                    <text><![CDATA[: ]]></text>
                                    <marker class="ExceptionPropertyValue">
                                      <contents>
                                        <text><![CDATA[1]]></text>
                                      </contents>
                                      <attributes />
                                    </marker>
                                    <text><![CDATA[
]]></text>
                                    <marker class="ExceptionPropertyName">
                                      <contents>
                                        <text><![CDATA[Number]]></text>
                                      </contents>
                                      <attributes />
                                    </marker>
                                    <text><![CDATA[: ]]></text>
                                    <marker class="ExceptionPropertyValue">
                                      <contents>
                                        <text><![CDATA[156]]></text>
                                      </contents>
                                      <attributes />
                                    </marker>
                                    <text><![CDATA[
]]></text>
                                    <marker class="ExceptionPropertyName">
                                      <contents>
                                        <text><![CDATA[Procedure]]></text>
                                      </contents>
                                      <attributes />
                                    </marker>
                                    <text><![CDATA[: ]]></text>
                                    <marker class="ExceptionPropertyValue">
                                      <contents />
                                      <attributes />
                                    </marker>
                                    <text><![CDATA[
]]></text>
                                    <marker class="ExceptionPropertyName">
                                      <contents>
                                        <text><![CDATA[Server]]></text>
                                      </contents>
                                      <attributes />
                                    </marker>
                                    <text><![CDATA[: ]]></text>
                                    <marker class="ExceptionPropertyValue">
                                      <contents>
                                        <text><![CDATA[ANAXIMANDER\SQLEXPRESS]]></text>
                                      </contents>
                                      <attributes />
                                    </marker>
                                    <text><![CDATA[
]]></text>
                                    <marker class="ExceptionPropertyName">
                                      <contents>
                                        <text><![CDATA[State]]></text>
                                      </contents>
                                      <attributes />
                                    </marker>
                                    <text><![CDATA[: ]]></text>
                                    <marker class="ExceptionPropertyValue">
                                      <contents>
                                        <text><![CDATA[1]]></text>
                                      </contents>
                                      <attributes />
                                    </marker>
                                    <text><![CDATA[
]]></text>
                                    <marker class="ExceptionPropertyName">
                                      <contents>
                                        <text><![CDATA[ErrorCode]]></text>
                                      </contents>
                                      <attributes />
                                    </marker>
                                    <text><![CDATA[: ]]></text>
                                    <marker class="ExceptionPropertyValue">
                                      <contents>
                                        <text><![CDATA[-2146232060]]></text>
                                      </contents>
                                      <attributes />
                                    </marker>
                                    <text><![CDATA[
]]></text>
                                    <marker class="StackTrace">
                                      <contents>
                                        <text><![CDATA[   at System.Data.SqlClient.SqlConnection.OnError(SqlException exception, Boolean breakConnection)
   at System.Data.SqlClient.SqlInternalConnection.OnError(SqlException exception, Boolean breakConnection)
   at System.Data.SqlClient.TdsParser.ThrowExceptionAndWarning(TdsParserStateObject stateObj)
   at System.Data.SqlClient.TdsParser.Run(RunBehavior runBehavior, SqlCommand cmdHandler, SqlDataReader dataStream, BulkCopySimpleResultSet bulkCopyHandler, TdsParserStateObject stateObj)
   at System.Data.SqlClient.SqlDataReader.ConsumeMetaData()
   at System.Data.SqlClient.SqlDataReader.get_MetaData()
   at System.Data.SqlClient.SqlCommand.FinishExecuteReader(SqlDataReader ds, RunBehavior runBehavior, String resetOptionsString)
   at System.Data.SqlClient.SqlCommand.RunExecuteReaderTds(CommandBehavior cmdBehavior, RunBehavior runBehavior, Boolean returnStream, Boolean async)
   at System.Data.SqlClient.SqlCommand.RunExecuteReader(CommandBehavior cmdBehavior, RunBehavior runBehavior, Boolean returnStream, String method, DbAsyncResult result)
   at System.Data.SqlClient.SqlCommand.RunExecuteReader(CommandBehavior cmdBehavior, RunBehavior runBehavior, Boolean returnStream, String method)
   at System.Data.SqlClient.SqlCommand.ExecuteReader(CommandBehavior behavior, String method)
   at System.Data.SqlClient.SqlCommand.ExecuteReader(CommandBehavior behavior)
   at SubSonic.SqlDataProvider.GetReader(QueryCommand qry) in ]]></text>
                                        <marker class="CodeLocation">
                                          <contents>
                                            <text><![CDATA[C:\data\SubsonicRoot\ss2\SubSonic\DataProviders\SqlDataProvider.cs:line 384]]></text>
                                          </contents>
                                          <attributes>
                                            <attribute name="line" value="384" />
                                            <attribute name="path" value="C:\data\SubsonicRoot\ss2\SubSonic\DataProviders\SqlDataProvider.cs" />
                                          </attributes>
                                        </marker>
                                        <text><![CDATA[
   at SubSonic.DataService.GetReader(QueryCommand cmd) in ]]></text>
                                        <marker class="CodeLocation">
                                          <contents>
                                            <text><![CDATA[C:\data\SubsonicRoot\ss2\SubSonic\DataProviders\DataService.cs:line 506]]></text>
                                          </contents>
                                          <attributes>
                                            <attribute name="line" value="506" />
                                            <attribute name="path" value="C:\data\SubsonicRoot\ss2\SubSonic\DataProviders\DataService.cs" />
                                          </attributes>
                                        </marker>
                                        <text><![CDATA[
   at SubSonic.Query.ExecuteReader() in ]]></text>
                                        <marker class="CodeLocation">
                                          <contents>
                                            <text><![CDATA[C:\data\SubsonicRoot\ss2\SubSonic\Sql Tools\Query.cs:line 1814]]></text>
                                          </contents>
                                          <attributes>
                                            <attribute name="line" value="1814" />
                                            <attribute name="path" value="C:\data\SubsonicRoot\ss2\SubSonic\Sql Tools\Query.cs" />
                                          </attributes>
                                        </marker>
                                        <text><![CDATA[
   at SubSonic.Tests.QueryTest.Query_NOT_IN_ObjectArray() in ]]></text>
                                        <marker class="CodeLocation">
                                          <contents>
                                            <text><![CDATA[C:\data\SubsonicRoot\ss2\SubSonic.Tests\QueryTest.cs:line 219]]></text>
                                          </contents>
                                          <attributes>
                                            <attribute name="line" value="219" />
                                            <attribute name="path" value="C:\data\SubsonicRoot\ss2\SubSonic.Tests\QueryTest.cs" />
                                          </attributes>
                                        </marker>
                                      </contents>
                                      <attributes />
                                    </marker>
                                  </contents>
                                  <attributes />
                                </marker>
                              </contents>
                            </section>
                          </contents>
                        </body>
                      </stream>
                    </streams>
                    <attachments />
                  </testLog>
                </testStepRun>
                <testStepRun startTime="2011-08-05T15:48:42.2118455+09:30" endTime="2011-08-05T15:48:42.3368455+09:30">
                  <testStep id="2f03dde0c16c2bf0" name="Query_OR_Between" fullName="SubSonic.Tests/QueryTest/Query_OR_Between" testId="bba33423ce91eb6b" isPrimary="true" isTestCase="true" isDynamic="false">
                    <codeReference assembly="SubSonic.Tests, Version=2.2.1.0, Culture=neutral, PublicKeyToken=null" namespace="SubSonic.Tests" type="SubSonic.Tests.QueryTest" member="Query_OR_Between" />
                    <codeLocation path="C:\data\SubsonicRoot\ss2\SubSonic.Tests\QueryTest.cs" line="348" />
                    <metadata>
                      <entry key="TestKind">
                        <value>Test</value>
                      </entry>
                    </metadata>
                  </testStep>
                  <children />
                  <result assertCount="0" duration="0.0124313">
                    <outcome status="failed" />
                  </result>
                  <testLog>
                    <streams>
                      <stream name="Failures">
                        <body>
                          <contents>
                            <section name="Execute">
                              <contents>
                                <marker class="Exception">
                                  <contents>
                                    <marker class="ExceptionType">
                                      <contents>
                                        <text><![CDATA[System.Data.SqlClient.SqlException]]></text>
                                      </contents>
                                      <attributes />
                                    </marker>
                                    <text><![CDATA[: ]]></text>
                                    <marker class="ExceptionMessage">
                                      <contents>
                                        <text><![CDATA[Incorrect syntax near the keyword 'ORDER'.]]></text>
                                      </contents>
                                      <attributes />
                                    </marker>
                                    <text><![CDATA[
]]></text>
                                    <marker class="ExceptionPropertyName">
                                      <contents>
                                        <text><![CDATA[Errors]]></text>
                                      </contents>
                                      <attributes />
                                    </marker>
                                    <text><![CDATA[: ]]></text>
                                    <marker class="ExceptionPropertyValue">
                                      <contents>
                                        <text><![CDATA[System.Data.SqlClient.SqlErrorCollection]]></text>
                                      </contents>
                                      <attributes />
                                    </marker>
                                    <text><![CDATA[
]]></text>
                                    <marker class="ExceptionPropertyName">
                                      <contents>
                                        <text><![CDATA[Class]]></text>
                                      </contents>
                                      <attributes />
                                    </marker>
                                    <text><![CDATA[: ]]></text>
                                    <marker class="ExceptionPropertyValue">
                                      <contents>
                                        <text><![CDATA[15]]></text>
                                      </contents>
                                      <attributes />
                                    </marker>
                                    <text><![CDATA[
]]></text>
                                    <marker class="ExceptionPropertyName">
                                      <contents>
                                        <text><![CDATA[LineNumber]]></text>
                                      </contents>
                                      <attributes />
                                    </marker>
                                    <text><![CDATA[: ]]></text>
                                    <marker class="ExceptionPropertyValue">
                                      <contents>
                                        <text><![CDATA[1]]></text>
                                      </contents>
                                      <attributes />
                                    </marker>
                                    <text><![CDATA[
]]></text>
                                    <marker class="ExceptionPropertyName">
                                      <contents>
                                        <text><![CDATA[Number]]></text>
                                      </contents>
                                      <attributes />
                                    </marker>
                                    <text><![CDATA[: ]]></text>
                                    <marker class="ExceptionPropertyValue">
                                      <contents>
                                        <text><![CDATA[156]]></text>
                                      </contents>
                                      <attributes />
                                    </marker>
                                    <text><![CDATA[
]]></text>
                                    <marker class="ExceptionPropertyName">
                                      <contents>
                                        <text><![CDATA[Procedure]]></text>
                                      </contents>
                                      <attributes />
                                    </marker>
                                    <text><![CDATA[: ]]></text>
                                    <marker class="ExceptionPropertyValue">
                                      <contents />
                                      <attributes />
                                    </marker>
                                    <text><![CDATA[
]]></text>
                                    <marker class="ExceptionPropertyName">
                                      <contents>
                                        <text><![CDATA[Server]]></text>
                                      </contents>
                                      <attributes />
                                    </marker>
                                    <text><![CDATA[: ]]></text>
                                    <marker class="ExceptionPropertyValue">
                                      <contents>
                                        <text><![CDATA[ANAXIMANDER\SQLEXPRESS]]></text>
                                      </contents>
                                      <attributes />
                                    </marker>
                                    <text><![CDATA[
]]></text>
                                    <marker class="ExceptionPropertyName">
                                      <contents>
                                        <text><![CDATA[State]]></text>
                                      </contents>
                                      <attributes />
                                    </marker>
                                    <text><![CDATA[: ]]></text>
                                    <marker class="ExceptionPropertyValue">
                                      <contents>
                                        <text><![CDATA[1]]></text>
                                      </contents>
                                      <attributes />
                                    </marker>
                                    <text><![CDATA[
]]></text>
                                    <marker class="ExceptionPropertyName">
                                      <contents>
                                        <text><![CDATA[ErrorCode]]></text>
                                      </contents>
                                      <attributes />
                                    </marker>
                                    <text><![CDATA[: ]]></text>
                                    <marker class="ExceptionPropertyValue">
                                      <contents>
                                        <text><![CDATA[-2146232060]]></text>
                                      </contents>
                                      <attributes />
                                    </marker>
                                    <text><![CDATA[
]]></text>
                                    <marker class="StackTrace">
                                      <contents>
                                        <text><![CDATA[   at System.Data.SqlClient.SqlConnection.OnError(SqlException exception, Boolean breakConnection)
   at System.Data.SqlClient.SqlInternalConnection.OnError(SqlException exception, Boolean breakConnection)
   at System.Data.SqlClient.TdsParser.ThrowExceptionAndWarning(TdsParserStateObject stateObj)
   at System.Data.SqlClient.TdsParser.Run(RunBehavior runBehavior, SqlCommand cmdHandler, SqlDataReader dataStream, BulkCopySimpleResultSet bulkCopyHandler, TdsParserStateObject stateObj)
   at System.Data.SqlClient.SqlDataReader.ConsumeMetaData()
   at System.Data.SqlClient.SqlDataReader.get_MetaData()
   at System.Data.SqlClient.SqlCommand.FinishExecuteReader(SqlDataReader ds, RunBehavior runBehavior, String resetOptionsString)
   at System.Data.SqlClient.SqlCommand.RunExecuteReaderTds(CommandBehavior cmdBehavior, RunBehavior runBehavior, Boolean returnStream, Boolean async)
   at System.Data.SqlClient.SqlCommand.RunExecuteReader(CommandBehavior cmdBehavior, RunBehavior runBehavior, Boolean returnStream, String method, DbAsyncResult result)
   at System.Data.SqlClient.SqlCommand.RunExecuteReader(CommandBehavior cmdBehavior, RunBehavior runBehavior, Boolean returnStream, String method)
   at System.Data.SqlClient.SqlCommand.ExecuteReader(CommandBehavior behavior, String method)
   at System.Data.SqlClient.SqlCommand.ExecuteReader(CommandBehavior behavior)
   at SubSonic.SqlDataProvider.GetReader(QueryCommand qry) in ]]></text>
                                        <marker class="CodeLocation">
                                          <contents>
                                            <text><![CDATA[C:\data\SubsonicRoot\ss2\SubSonic\DataProviders\SqlDataProvider.cs:line 384]]></text>
                                          </contents>
                                          <attributes>
                                            <attribute name="line" value="384" />
                                            <attribute name="path" value="C:\data\SubsonicRoot\ss2\SubSonic\DataProviders\SqlDataProvider.cs" />
                                          </attributes>
                                        </marker>
                                        <text><![CDATA[
   at SubSonic.DataService.GetReader(QueryCommand cmd) in ]]></text>
                                        <marker class="CodeLocation">
                                          <contents>
                                            <text><![CDATA[C:\data\SubsonicRoot\ss2\SubSonic\DataProviders\DataService.cs:line 506]]></text>
                                          </contents>
                                          <attributes>
                                            <attribute name="line" value="506" />
                                            <attribute name="path" value="C:\data\SubsonicRoot\ss2\SubSonic\DataProviders\DataService.cs" />
                                          </attributes>
                                        </marker>
                                        <text><![CDATA[
   at SubSonic.Query.ExecuteReader() in ]]></text>
                                        <marker class="CodeLocation">
                                          <contents>
                                            <text><![CDATA[C:\data\SubsonicRoot\ss2\SubSonic\Sql Tools\Query.cs:line 1814]]></text>
                                          </contents>
                                          <attributes>
                                            <attribute name="line" value="1814" />
                                            <attribute name="path" value="C:\data\SubsonicRoot\ss2\SubSonic\Sql Tools\Query.cs" />
                                          </attributes>
                                        </marker>
                                        <text><![CDATA[
   at SubSonic.Tests.QueryTest.Query_OR_Between() in ]]></text>
                                        <marker class="CodeLocation">
                                          <contents>
                                            <text><![CDATA[C:\data\SubsonicRoot\ss2\SubSonic.Tests\QueryTest.cs:line 352]]></text>
                                          </contents>
                                          <attributes>
                                            <attribute name="line" value="352" />
                                            <attribute name="path" value="C:\data\SubsonicRoot\ss2\SubSonic.Tests\QueryTest.cs" />
                                          </attributes>
                                        </marker>
                                      </contents>
                                      <attributes />
                                    </marker>
                                  </contents>
                                  <attributes />
                                </marker>
                              </contents>
                            </section>
                          </contents>
                        </body>
                      </stream>
                    </streams>
                    <attachments />
                  </testLog>
                </testStepRun>
                <testStepRun startTime="2011-08-05T15:48:42.3368455+09:30" endTime="2011-08-05T15:48:42.4618455+09:30">
                  <testStep id="3e4516f452ce5394" name="Query_OR_Moderate" fullName="SubSonic.Tests/QueryTest/Query_OR_Moderate" testId="8ba9d1f171f2c098" isPrimary="true" isTestCase="true" isDynamic="false">
                    <codeReference assembly="SubSonic.Tests, Version=2.2.1.0, Culture=neutral, PublicKeyToken=null" namespace="SubSonic.Tests" type="SubSonic.Tests.QueryTest" member="Query_OR_Moderate" />
                    <codeLocation path="C:\data\SubsonicRoot\ss2\SubSonic.Tests\QueryTest.cs" line="311" />
                    <metadata>
                      <entry key="TestKind">
                        <value>Test</value>
                      </entry>
                    </metadata>
                  </testStep>
                  <children />
                  <result assertCount="0" duration="0.0438915">
                    <outcome status="failed" />
                  </result>
                  <testLog>
                    <streams>
                      <stream name="Failures">
                        <body>
                          <contents>
                            <section name="Execute">
                              <contents>
                                <marker class="Exception">
                                  <contents>
                                    <marker class="ExceptionType">
                                      <contents>
                                        <text><![CDATA[System.Data.SqlClient.SqlException]]></text>
                                      </contents>
                                      <attributes />
                                    </marker>
                                    <text><![CDATA[: ]]></text>
                                    <marker class="ExceptionMessage">
                                      <contents>
                                        <text><![CDATA[Incorrect syntax near the keyword 'ORDER'.]]></text>
                                      </contents>
                                      <attributes />
                                    </marker>
                                    <text><![CDATA[
]]></text>
                                    <marker class="ExceptionPropertyName">
                                      <contents>
                                        <text><![CDATA[Errors]]></text>
                                      </contents>
                                      <attributes />
                                    </marker>
                                    <text><![CDATA[: ]]></text>
                                    <marker class="ExceptionPropertyValue">
                                      <contents>
                                        <text><![CDATA[System.Data.SqlClient.SqlErrorCollection]]></text>
                                      </contents>
                                      <attributes />
                                    </marker>
                                    <text><![CDATA[
]]></text>
                                    <marker class="ExceptionPropertyName">
                                      <contents>
                                        <text><![CDATA[Class]]></text>
                                      </contents>
                                      <attributes />
                                    </marker>
                                    <text><![CDATA[: ]]></text>
                                    <marker class="ExceptionPropertyValue">
                                      <contents>
                                        <text><![CDATA[15]]></text>
                                      </contents>
                                      <attributes />
                                    </marker>
                                    <text><![CDATA[
]]></text>
                                    <marker class="ExceptionPropertyName">
                                      <contents>
                                        <text><![CDATA[LineNumber]]></text>
                                      </contents>
                                      <attributes />
                                    </marker>
                                    <text><![CDATA[: ]]></text>
                                    <marker class="ExceptionPropertyValue">
                                      <contents>
                                        <text><![CDATA[1]]></text>
                                      </contents>
                                      <attributes />
                                    </marker>
                                    <text><![CDATA[
]]></text>
                                    <marker class="ExceptionPropertyName">
                                      <contents>
                                        <text><![CDATA[Number]]></text>
                                      </contents>
                                      <attributes />
                                    </marker>
                                    <text><![CDATA[: ]]></text>
                                    <marker class="ExceptionPropertyValue">
                                      <contents>
                                        <text><![CDATA[156]]></text>
                                      </contents>
                                      <attributes />
                                    </marker>
                                    <text><![CDATA[
]]></text>
                                    <marker class="ExceptionPropertyName">
                                      <contents>
                                        <text><![CDATA[Procedure]]></text>
                                      </contents>
                                      <attributes />
                                    </marker>
                                    <text><![CDATA[: ]]></text>
                                    <marker class="ExceptionPropertyValue">
                                      <contents />
                                      <attributes />
                                    </marker>
                                    <text><![CDATA[
]]></text>
                                    <marker class="ExceptionPropertyName">
                                      <contents>
                                        <text><![CDATA[Server]]></text>
                                      </contents>
                                      <attributes />
                                    </marker>
                                    <text><![CDATA[: ]]></text>
                                    <marker class="ExceptionPropertyValue">
                                      <contents>
                                        <text><![CDATA[ANAXIMANDER\SQLEXPRESS]]></text>
                                      </contents>
                                      <attributes />
                                    </marker>
                                    <text><![CDATA[
]]></text>
                                    <marker class="ExceptionPropertyName">
                                      <contents>
                                        <text><![CDATA[State]]></text>
                                      </contents>
                                      <attributes />
                                    </marker>
                                    <text><![CDATA[: ]]></text>
                                    <marker class="ExceptionPropertyValue">
                                      <contents>
                                        <text><![CDATA[1]]></text>
                                      </contents>
                                      <attributes />
                                    </marker>
                                    <text><![CDATA[
]]></text>
                                    <marker class="ExceptionPropertyName">
                                      <contents>
                                        <text><![CDATA[ErrorCode]]></text>
                                      </contents>
                                      <attributes />
                                    </marker>
                                    <text><![CDATA[: ]]></text>
                                    <marker class="ExceptionPropertyValue">
                                      <contents>
                                        <text><![CDATA[-2146232060]]></text>
                                      </contents>
                                      <attributes />
                                    </marker>
                                    <text><![CDATA[
]]></text>
                                    <marker class="StackTrace">
                                      <contents>
                                        <text><![CDATA[   at System.Data.SqlClient.SqlConnection.OnError(SqlException exception, Boolean breakConnection)
   at System.Data.SqlClient.SqlInternalConnection.OnError(SqlException exception, Boolean breakConnection)
   at System.Data.SqlClient.TdsParser.ThrowExceptionAndWarning(TdsParserStateObject stateObj)
   at System.Data.SqlClient.TdsParser.Run(RunBehavior runBehavior, SqlCommand cmdHandler, SqlDataReader dataStream, BulkCopySimpleResultSet bulkCopyHandler, TdsParserStateObject stateObj)
   at System.Data.SqlClient.SqlDataReader.ConsumeMetaData()
   at System.Data.SqlClient.SqlDataReader.get_MetaData()
   at System.Data.SqlClient.SqlCommand.FinishExecuteReader(SqlDataReader ds, RunBehavior runBehavior, String resetOptionsString)
   at System.Data.SqlClient.SqlCommand.RunExecuteReaderTds(CommandBehavior cmdBehavior, RunBehavior runBehavior, Boolean returnStream, Boolean async)
   at System.Data.SqlClient.SqlCommand.RunExecuteReader(CommandBehavior cmdBehavior, RunBehavior runBehavior, Boolean returnStream, String method, DbAsyncResult result)
   at System.Data.SqlClient.SqlCommand.RunExecuteReader(CommandBehavior cmdBehavior, RunBehavior runBehavior, Boolean returnStream, String method)
   at System.Data.SqlClient.SqlCommand.ExecuteReader(CommandBehavior behavior, String method)
   at System.Data.SqlClient.SqlCommand.ExecuteReader(CommandBehavior behavior)
   at SubSonic.SqlDataProvider.GetReader(QueryCommand qry) in ]]></text>
                                        <marker class="CodeLocation">
                                          <contents>
                                            <text><![CDATA[C:\data\SubsonicRoot\ss2\SubSonic\DataProviders\SqlDataProvider.cs:line 384]]></text>
                                          </contents>
                                          <attributes>
                                            <attribute name="line" value="384" />
                                            <attribute name="path" value="C:\data\SubsonicRoot\ss2\SubSonic\DataProviders\SqlDataProvider.cs" />
                                          </attributes>
                                        </marker>
                                        <text><![CDATA[
   at SubSonic.DataService.GetReader(QueryCommand cmd) in ]]></text>
                                        <marker class="CodeLocation">
                                          <contents>
                                            <text><![CDATA[C:\data\SubsonicRoot\ss2\SubSonic\DataProviders\DataService.cs:line 506]]></text>
                                          </contents>
                                          <attributes>
                                            <attribute name="line" value="506" />
                                            <attribute name="path" value="C:\data\SubsonicRoot\ss2\SubSonic\DataProviders\DataService.cs" />
                                          </attributes>
                                        </marker>
                                        <text><![CDATA[
   at SubSonic.Query.ExecuteReader() in ]]></text>
                                        <marker class="CodeLocation">
                                          <contents>
                                            <text><![CDATA[C:\data\SubsonicRoot\ss2\SubSonic\Sql Tools\Query.cs:line 1814]]></text>
                                          </contents>
                                          <attributes>
                                            <attribute name="line" value="1814" />
                                            <attribute name="path" value="C:\data\SubsonicRoot\ss2\SubSonic\Sql Tools\Query.cs" />
                                          </attributes>
                                        </marker>
                                        <text><![CDATA[
   at SubSonic.Tests.QueryTest.Query_OR_Moderate() in ]]></text>
                                        <marker class="CodeLocation">
                                          <contents>
                                            <text><![CDATA[C:\data\SubsonicRoot\ss2\SubSonic.Tests\QueryTest.cs:line 314]]></text>
                                          </contents>
                                          <attributes>
                                            <attribute name="line" value="314" />
                                            <attribute name="path" value="C:\data\SubsonicRoot\ss2\SubSonic.Tests\QueryTest.cs" />
                                          </attributes>
                                        </marker>
                                      </contents>
                                      <attributes />
                                    </marker>
                                  </contents>
                                  <attributes />
                                </marker>
                              </contents>
                            </section>
                          </contents>
                        </body>
                      </stream>
                    </streams>
                    <attachments />
                  </testLog>
                </testStepRun>
                <testStepRun startTime="2011-08-05T15:48:42.4618455+09:30" endTime="2011-08-05T15:48:42.5712205+09:30">
                  <testStep id="36e7ca1cbf3d2aed" name="Query_OR_ModerateWithExpressions" fullName="SubSonic.Tests/QueryTest/Query_OR_ModerateWithExpressions" testId="4c48910813dc4eb1" isPrimary="true" isTestCase="true" isDynamic="false">
                    <codeReference assembly="SubSonic.Tests, Version=2.2.1.0, Culture=neutral, PublicKeyToken=null" namespace="SubSonic.Tests" type="SubSonic.Tests.QueryTest" member="Query_OR_ModerateWithExpressions" />
                    <codeLocation path="C:\data\SubsonicRoot\ss2\SubSonic.Tests\QueryTest.cs" line="330" />
                    <metadata>
                      <entry key="TestKind">
                        <value>Test</value>
                      </entry>
                    </metadata>
                  </testStep>
                  <children />
                  <result assertCount="0" duration="0.0274885">
                    <outcome status="failed" />
                  </result>
                  <testLog>
                    <streams>
                      <stream name="Failures">
                        <body>
                          <contents>
                            <section name="Execute">
                              <contents>
                                <marker class="Exception">
                                  <contents>
                                    <marker class="ExceptionType">
                                      <contents>
                                        <text><![CDATA[System.Data.SqlClient.SqlException]]></text>
                                      </contents>
                                      <attributes />
                                    </marker>
                                    <text><![CDATA[: ]]></text>
                                    <marker class="ExceptionMessage">
                                      <contents>
                                        <text><![CDATA[Incorrect syntax near the keyword 'ORDER'.]]></text>
                                      </contents>
                                      <attributes />
                                    </marker>
                                    <text><![CDATA[
]]></text>
                                    <marker class="ExceptionPropertyName">
                                      <contents>
                                        <text><![CDATA[Errors]]></text>
                                      </contents>
                                      <attributes />
                                    </marker>
                                    <text><![CDATA[: ]]></text>
                                    <marker class="ExceptionPropertyValue">
                                      <contents>
                                        <text><![CDATA[System.Data.SqlClient.SqlErrorCollection]]></text>
                                      </contents>
                                      <attributes />
                                    </marker>
                                    <text><![CDATA[
]]></text>
                                    <marker class="ExceptionPropertyName">
                                      <contents>
                                        <text><![CDATA[Class]]></text>
                                      </contents>
                                      <attributes />
                                    </marker>
                                    <text><![CDATA[: ]]></text>
                                    <marker class="ExceptionPropertyValue">
                                      <contents>
                                        <text><![CDATA[15]]></text>
                                      </contents>
                                      <attributes />
                                    </marker>
                                    <text><![CDATA[
]]></text>
                                    <marker class="ExceptionPropertyName">
                                      <contents>
                                        <text><![CDATA[LineNumber]]></text>
                                      </contents>
                                      <attributes />
                                    </marker>
                                    <text><![CDATA[: ]]></text>
                                    <marker class="ExceptionPropertyValue">
                                      <contents>
                                        <text><![CDATA[1]]></text>
                                      </contents>
                                      <attributes />
                                    </marker>
                                    <text><![CDATA[
]]></text>
                                    <marker class="ExceptionPropertyName">
                                      <contents>
                                        <text><![CDATA[Number]]></text>
                                      </contents>
                                      <attributes />
                                    </marker>
                                    <text><![CDATA[: ]]></text>
                                    <marker class="ExceptionPropertyValue">
                                      <contents>
                                        <text><![CDATA[156]]></text>
                                      </contents>
                                      <attributes />
                                    </marker>
                                    <text><![CDATA[
]]></text>
                                    <marker class="ExceptionPropertyName">
                                      <contents>
                                        <text><![CDATA[Procedure]]></text>
                                      </contents>
                                      <attributes />
                                    </marker>
                                    <text><![CDATA[: ]]></text>
                                    <marker class="ExceptionPropertyValue">
                                      <contents />
                                      <attributes />
                                    </marker>
                                    <text><![CDATA[
]]></text>
                                    <marker class="ExceptionPropertyName">
                                      <contents>
                                        <text><![CDATA[Server]]></text>
                                      </contents>
                                      <attributes />
                                    </marker>
                                    <text><![CDATA[: ]]></text>
                                    <marker class="ExceptionPropertyValue">
                                      <contents>
                                        <text><![CDATA[ANAXIMANDER\SQLEXPRESS]]></text>
                                      </contents>
                                      <attributes />
                                    </marker>
                                    <text><![CDATA[
]]></text>
                                    <marker class="ExceptionPropertyName">
                                      <contents>
                                        <text><![CDATA[State]]></text>
                                      </contents>
                                      <attributes />
                                    </marker>
                                    <text><![CDATA[: ]]></text>
                                    <marker class="ExceptionPropertyValue">
                                      <contents>
                                        <text><![CDATA[1]]></text>
                                      </contents>
                                      <attributes />
                                    </marker>
                                    <text><![CDATA[
]]></text>
                                    <marker class="ExceptionPropertyName">
                                      <contents>
                                        <text><![CDATA[ErrorCode]]></text>
                                      </contents>
                                      <attributes />
                                    </marker>
                                    <text><![CDATA[: ]]></text>
                                    <marker class="ExceptionPropertyValue">
                                      <contents>
                                        <text><![CDATA[-2146232060]]></text>
                                      </contents>
                                      <attributes />
                                    </marker>
                                    <text><![CDATA[
]]></text>
                                    <marker class="StackTrace">
                                      <contents>
                                        <text><![CDATA[   at System.Data.SqlClient.SqlConnection.OnError(SqlException exception, Boolean breakConnection)
   at System.Data.SqlClient.SqlInternalConnection.OnError(SqlException exception, Boolean breakConnection)
   at System.Data.SqlClient.TdsParser.ThrowExceptionAndWarning(TdsParserStateObject stateObj)
   at System.Data.SqlClient.TdsParser.Run(RunBehavior runBehavior, SqlCommand cmdHandler, SqlDataReader dataStream, BulkCopySimpleResultSet bulkCopyHandler, TdsParserStateObject stateObj)
   at System.Data.SqlClient.SqlDataReader.ConsumeMetaData()
   at System.Data.SqlClient.SqlDataReader.get_MetaData()
   at System.Data.SqlClient.SqlCommand.FinishExecuteReader(SqlDataReader ds, RunBehavior runBehavior, String resetOptionsString)
   at System.Data.SqlClient.SqlCommand.RunExecuteReaderTds(CommandBehavior cmdBehavior, RunBehavior runBehavior, Boolean returnStream, Boolean async)
   at System.Data.SqlClient.SqlCommand.RunExecuteReader(CommandBehavior cmdBehavior, RunBehavior runBehavior, Boolean returnStream, String method, DbAsyncResult result)
   at System.Data.SqlClient.SqlCommand.RunExecuteReader(CommandBehavior cmdBehavior, RunBehavior runBehavior, Boolean returnStream, String method)
   at System.Data.SqlClient.SqlCommand.ExecuteReader(CommandBehavior behavior, String method)
   at System.Data.SqlClient.SqlCommand.ExecuteReader(CommandBehavior behavior)
   at SubSonic.SqlDataProvider.GetReader(QueryCommand qry) in ]]></text>
                                        <marker class="CodeLocation">
                                          <contents>
                                            <text><![CDATA[C:\data\SubsonicRoot\ss2\SubSonic\DataProviders\SqlDataProvider.cs:line 384]]></text>
                                          </contents>
                                          <attributes>
                                            <attribute name="line" value="384" />
                                            <attribute name="path" value="C:\data\SubsonicRoot\ss2\SubSonic\DataProviders\SqlDataProvider.cs" />
                                          </attributes>
                                        </marker>
                                        <text><![CDATA[
   at SubSonic.DataService.GetReader(QueryCommand cmd) in ]]></text>
                                        <marker class="CodeLocation">
                                          <contents>
                                            <text><![CDATA[C:\data\SubsonicRoot\ss2\SubSonic\DataProviders\DataService.cs:line 506]]></text>
                                          </contents>
                                          <attributes>
                                            <attribute name="line" value="506" />
                                            <attribute name="path" value="C:\data\SubsonicRoot\ss2\SubSonic\DataProviders\DataService.cs" />
                                          </attributes>
                                        </marker>
                                        <text><![CDATA[
   at SubSonic.Query.ExecuteReader() in ]]></text>
                                        <marker class="CodeLocation">
                                          <contents>
                                            <text><![CDATA[C:\data\SubsonicRoot\ss2\SubSonic\Sql Tools\Query.cs:line 1814]]></text>
                                          </contents>
                                          <attributes>
                                            <attribute name="line" value="1814" />
                                            <attribute name="path" value="C:\data\SubsonicRoot\ss2\SubSonic\Sql Tools\Query.cs" />
                                          </attributes>
                                        </marker>
                                        <text><![CDATA[
   at SubSonic.Tests.QueryTest.Query_OR_ModerateWithExpressions() in ]]></text>
                                        <marker class="CodeLocation">
                                          <contents>
                                            <text><![CDATA[C:\data\SubsonicRoot\ss2\SubSonic.Tests\QueryTest.cs:line 333]]></text>
                                          </contents>
                                          <attributes>
                                            <attribute name="line" value="333" />
                                            <attribute name="path" value="C:\data\SubsonicRoot\ss2\SubSonic.Tests\QueryTest.cs" />
                                          </attributes>
                                        </marker>
                                      </contents>
                                      <attributes />
                                    </marker>
                                  </contents>
                                  <attributes />
                                </marker>
                              </contents>
                            </section>
                          </contents>
                        </body>
                      </stream>
                    </streams>
                    <attachments />
                  </testLog>
                </testStepRun>
                <testStepRun startTime="2011-08-05T15:48:42.5712205+09:30" endTime="2011-08-05T15:48:42.6962205+09:30">
                  <testStep id="baf22a8e9a34c565" name="Query_OR_Simple" fullName="SubSonic.Tests/QueryTest/Query_OR_Simple" testId="2ccc937c0a4864ae" isPrimary="true" isTestCase="true" isDynamic="false">
                    <codeReference assembly="SubSonic.Tests, Version=2.2.1.0, Culture=neutral, PublicKeyToken=null" namespace="SubSonic.Tests" type="SubSonic.Tests.QueryTest" member="Query_OR_Simple" />
                    <codeLocation path="C:\data\SubsonicRoot\ss2\SubSonic.Tests\QueryTest.cs" line="294" />
                    <metadata>
                      <entry key="TestKind">
                        <value>Test</value>
                      </entry>
                    </metadata>
                  </testStep>
                  <children />
                  <result assertCount="0" duration="0.0280241">
                    <outcome status="failed" />
                  </result>
                  <testLog>
                    <streams>
                      <stream name="Failures">
                        <body>
                          <contents>
                            <section name="Execute">
                              <contents>
                                <marker class="Exception">
                                  <contents>
                                    <marker class="ExceptionType">
                                      <contents>
                                        <text><![CDATA[System.Data.SqlClient.SqlException]]></text>
                                      </contents>
                                      <attributes />
                                    </marker>
                                    <text><![CDATA[: ]]></text>
                                    <marker class="ExceptionMessage">
                                      <contents>
                                        <text><![CDATA[Incorrect syntax near the keyword 'ORDER'.]]></text>
                                      </contents>
                                      <attributes />
                                    </marker>
                                    <text><![CDATA[
]]></text>
                                    <marker class="ExceptionPropertyName">
                                      <contents>
                                        <text><![CDATA[Errors]]></text>
                                      </contents>
                                      <attributes />
                                    </marker>
                                    <text><![CDATA[: ]]></text>
                                    <marker class="ExceptionPropertyValue">
                                      <contents>
                                        <text><![CDATA[System.Data.SqlClient.SqlErrorCollection]]></text>
                                      </contents>
                                      <attributes />
                                    </marker>
                                    <text><![CDATA[
]]></text>
                                    <marker class="ExceptionPropertyName">
                                      <contents>
                                        <text><![CDATA[Class]]></text>
                                      </contents>
                                      <attributes />
                                    </marker>
                                    <text><![CDATA[: ]]></text>
                                    <marker class="ExceptionPropertyValue">
                                      <contents>
                                        <text><![CDATA[15]]></text>
                                      </contents>
                                      <attributes />
                                    </marker>
                                    <text><![CDATA[
]]></text>
                                    <marker class="ExceptionPropertyName">
                                      <contents>
                                        <text><![CDATA[LineNumber]]></text>
                                      </contents>
                                      <attributes />
                                    </marker>
                                    <text><![CDATA[: ]]></text>
                                    <marker class="ExceptionPropertyValue">
                                      <contents>
                                        <text><![CDATA[1]]></text>
                                      </contents>
                                      <attributes />
                                    </marker>
                                    <text><![CDATA[
]]></text>
                                    <marker class="ExceptionPropertyName">
                                      <contents>
                                        <text><![CDATA[Number]]></text>
                                      </contents>
                                      <attributes />
                                    </marker>
                                    <text><![CDATA[: ]]></text>
                                    <marker class="ExceptionPropertyValue">
                                      <contents>
                                        <text><![CDATA[156]]></text>
                                      </contents>
                                      <attributes />
                                    </marker>
                                    <text><![CDATA[
]]></text>
                                    <marker class="ExceptionPropertyName">
                                      <contents>
                                        <text><![CDATA[Procedure]]></text>
                                      </contents>
                                      <attributes />
                                    </marker>
                                    <text><![CDATA[: ]]></text>
                                    <marker class="ExceptionPropertyValue">
                                      <contents />
                                      <attributes />
                                    </marker>
                                    <text><![CDATA[
]]></text>
                                    <marker class="ExceptionPropertyName">
                                      <contents>
                                        <text><![CDATA[Server]]></text>
                                      </contents>
                                      <attributes />
                                    </marker>
                                    <text><![CDATA[: ]]></text>
                                    <marker class="ExceptionPropertyValue">
                                      <contents>
                                        <text><![CDATA[ANAXIMANDER\SQLEXPRESS]]></text>
                                      </contents>
                                      <attributes />
                                    </marker>
                                    <text><![CDATA[
]]></text>
                                    <marker class="ExceptionPropertyName">
                                      <contents>
                                        <text><![CDATA[State]]></text>
                                      </contents>
                                      <attributes />
                                    </marker>
                                    <text><![CDATA[: ]]></text>
                                    <marker class="ExceptionPropertyValue">
                                      <contents>
                                        <text><![CDATA[1]]></text>
                                      </contents>
                                      <attributes />
                                    </marker>
                                    <text><![CDATA[
]]></text>
                                    <marker class="ExceptionPropertyName">
                                      <contents>
                                        <text><![CDATA[ErrorCode]]></text>
                                      </contents>
                                      <attributes />
                                    </marker>
                                    <text><![CDATA[: ]]></text>
                                    <marker class="ExceptionPropertyValue">
                                      <contents>
                                        <text><![CDATA[-2146232060]]></text>
                                      </contents>
                                      <attributes />
                                    </marker>
                                    <text><![CDATA[
]]></text>
                                    <marker class="StackTrace">
                                      <contents>
                                        <text><![CDATA[   at System.Data.SqlClient.SqlConnection.OnError(SqlException exception, Boolean breakConnection)
   at System.Data.SqlClient.SqlInternalConnection.OnError(SqlException exception, Boolean breakConnection)
   at System.Data.SqlClient.TdsParser.ThrowExceptionAndWarning(TdsParserStateObject stateObj)
   at System.Data.SqlClient.TdsParser.Run(RunBehavior runBehavior, SqlCommand cmdHandler, SqlDataReader dataStream, BulkCopySimpleResultSet bulkCopyHandler, TdsParserStateObject stateObj)
   at System.Data.SqlClient.SqlDataReader.ConsumeMetaData()
   at System.Data.SqlClient.SqlDataReader.get_MetaData()
   at System.Data.SqlClient.SqlCommand.FinishExecuteReader(SqlDataReader ds, RunBehavior runBehavior, String resetOptionsString)
   at System.Data.SqlClient.SqlCommand.RunExecuteReaderTds(CommandBehavior cmdBehavior, RunBehavior runBehavior, Boolean returnStream, Boolean async)
   at System.Data.SqlClient.SqlCommand.RunExecuteReader(CommandBehavior cmdBehavior, RunBehavior runBehavior, Boolean returnStream, String method, DbAsyncResult result)
   at System.Data.SqlClient.SqlCommand.RunExecuteReader(CommandBehavior cmdBehavior, RunBehavior runBehavior, Boolean returnStream, String method)
   at System.Data.SqlClient.SqlCommand.ExecuteReader(CommandBehavior behavior, String method)
   at System.Data.SqlClient.SqlCommand.ExecuteReader(CommandBehavior behavior)
   at SubSonic.SqlDataProvider.GetReader(QueryCommand qry) in ]]></text>
                                        <marker class="CodeLocation">
                                          <contents>
                                            <text><![CDATA[C:\data\SubsonicRoot\ss2\SubSonic\DataProviders\SqlDataProvider.cs:line 384]]></text>
                                          </contents>
                                          <attributes>
                                            <attribute name="line" value="384" />
                                            <attribute name="path" value="C:\data\SubsonicRoot\ss2\SubSonic\DataProviders\SqlDataProvider.cs" />
                                          </attributes>
                                        </marker>
                                        <text><![CDATA[
   at SubSonic.DataService.GetReader(QueryCommand cmd) in ]]></text>
                                        <marker class="CodeLocation">
                                          <contents>
                                            <text><![CDATA[C:\data\SubsonicRoot\ss2\SubSonic\DataProviders\DataService.cs:line 506]]></text>
                                          </contents>
                                          <attributes>
                                            <attribute name="line" value="506" />
                                            <attribute name="path" value="C:\data\SubsonicRoot\ss2\SubSonic\DataProviders\DataService.cs" />
                                          </attributes>
                                        </marker>
                                        <text><![CDATA[
   at SubSonic.Query.ExecuteReader() in ]]></text>
                                        <marker class="CodeLocation">
                                          <contents>
                                            <text><![CDATA[C:\data\SubsonicRoot\ss2\SubSonic\Sql Tools\Query.cs:line 1814]]></text>
                                          </contents>
                                          <attributes>
                                            <attribute name="line" value="1814" />
                                            <attribute name="path" value="C:\data\SubsonicRoot\ss2\SubSonic\Sql Tools\Query.cs" />
                                          </attributes>
                                        </marker>
                                        <text><![CDATA[
   at SubSonic.Tests.QueryTest.Query_OR_Simple() in ]]></text>
                                        <marker class="CodeLocation">
                                          <contents>
                                            <text><![CDATA[C:\data\SubsonicRoot\ss2\SubSonic.Tests\QueryTest.cs:line 296]]></text>
                                          </contents>
                                          <attributes>
                                            <attribute name="line" value="296" />
                                            <attribute name="path" value="C:\data\SubsonicRoot\ss2\SubSonic.Tests\QueryTest.cs" />
                                          </attributes>
                                        </marker>
                                      </contents>
                                      <attributes />
                                    </marker>
                                  </contents>
                                  <attributes />
                                </marker>
                              </contents>
                            </section>
                          </contents>
                        </body>
                      </stream>
                    </streams>
                    <attachments />
                  </testLog>
                </testStepRun>
                <testStepRun startTime="2011-08-05T15:48:42.6962205+09:30" endTime="2011-08-05T15:48:42.8212205+09:30">
                  <testStep id="33eef63cf1eacdea" name="Query_ORDER_BY" fullName="SubSonic.Tests/QueryTest/Query_ORDER_BY" testId="79fb4ff1bee03d7d" isPrimary="true" isTestCase="true" isDynamic="false">
                    <codeReference assembly="SubSonic.Tests, Version=2.2.1.0, Culture=neutral, PublicKeyToken=null" namespace="SubSonic.Tests" type="SubSonic.Tests.QueryTest" member="Query_ORDER_BY" />
                    <codeLocation path="C:\data\SubsonicRoot\ss2\SubSonic.Tests\QueryTest.cs" line="685" />
                    <metadata>
                      <entry key="TestKind">
                        <value>Test</value>
                      </entry>
                    </metadata>
                  </testStep>
                  <children />
                  <result assertCount="0" duration="0.0707151">
                    <outcome status="failed" />
                  </result>
                  <testLog>
                    <streams>
                      <stream name="Failures">
                        <body>
                          <contents>
                            <section name="Execute">
                              <contents>
                                <marker class="Exception">
                                  <contents>
                                    <marker class="ExceptionType">
                                      <contents>
                                        <text><![CDATA[System.Data.SqlClient.SqlException]]></text>
                                      </contents>
                                      <attributes />
                                    </marker>
                                    <text><![CDATA[: ]]></text>
                                    <marker class="ExceptionMessage">
                                      <contents>
                                        <text><![CDATA[Incorrect syntax near the keyword 'ORDER'.]]></text>
                                      </contents>
                                      <attributes />
                                    </marker>
                                    <text><![CDATA[
]]></text>
                                    <marker class="ExceptionPropertyName">
                                      <contents>
                                        <text><![CDATA[Errors]]></text>
                                      </contents>
                                      <attributes />
                                    </marker>
                                    <text><![CDATA[: ]]></text>
                                    <marker class="ExceptionPropertyValue">
                                      <contents>
                                        <text><![CDATA[System.Data.SqlClient.SqlErrorCollection]]></text>
                                      </contents>
                                      <attributes />
                                    </marker>
                                    <text><![CDATA[
]]></text>
                                    <marker class="ExceptionPropertyName">
                                      <contents>
                                        <text><![CDATA[Class]]></text>
                                      </contents>
                                      <attributes />
                                    </marker>
                                    <text><![CDATA[: ]]></text>
                                    <marker class="ExceptionPropertyValue">
                                      <contents>
                                        <text><![CDATA[15]]></text>
                                      </contents>
                                      <attributes />
                                    </marker>
                                    <text><![CDATA[
]]></text>
                                    <marker class="ExceptionPropertyName">
                                      <contents>
                                        <text><![CDATA[LineNumber]]></text>
                                      </contents>
                                      <attributes />
                                    </marker>
                                    <text><![CDATA[: ]]></text>
                                    <marker class="ExceptionPropertyValue">
                                      <contents>
                                        <text><![CDATA[1]]></text>
                                      </contents>
                                      <attributes />
                                    </marker>
                                    <text><![CDATA[
]]></text>
                                    <marker class="ExceptionPropertyName">
                                      <contents>
                                        <text><![CDATA[Number]]></text>
                                      </contents>
                                      <attributes />
                                    </marker>
                                    <text><![CDATA[: ]]></text>
                                    <marker class="ExceptionPropertyValue">
                                      <contents>
                                        <text><![CDATA[156]]></text>
                                      </contents>
                                      <attributes />
                                    </marker>
                                    <text><![CDATA[
]]></text>
                                    <marker class="ExceptionPropertyName">
                                      <contents>
                                        <text><![CDATA[Procedure]]></text>
                                      </contents>
                                      <attributes />
                                    </marker>
                                    <text><![CDATA[: ]]></text>
                                    <marker class="ExceptionPropertyValue">
                                      <contents />
                                      <attributes />
                                    </marker>
                                    <text><![CDATA[
]]></text>
                                    <marker class="ExceptionPropertyName">
                                      <contents>
                                        <text><![CDATA[Server]]></text>
                                      </contents>
                                      <attributes />
                                    </marker>
                                    <text><![CDATA[: ]]></text>
                                    <marker class="ExceptionPropertyValue">
                                      <contents>
                                        <text><![CDATA[ANAXIMANDER\SQLEXPRESS]]></text>
                                      </contents>
                                      <attributes />
                                    </marker>
                                    <text><![CDATA[
]]></text>
                                    <marker class="ExceptionPropertyName">
                                      <contents>
                                        <text><![CDATA[State]]></text>
                                      </contents>
                                      <attributes />
                                    </marker>
                                    <text><![CDATA[: ]]></text>
                                    <marker class="ExceptionPropertyValue">
                                      <contents>
                                        <text><![CDATA[1]]></text>
                                      </contents>
                                      <attributes />
                                    </marker>
                                    <text><![CDATA[
]]></text>
                                    <marker class="ExceptionPropertyName">
                                      <contents>
                                        <text><![CDATA[ErrorCode]]></text>
                                      </contents>
                                      <attributes />
                                    </marker>
                                    <text><![CDATA[: ]]></text>
                                    <marker class="ExceptionPropertyValue">
                                      <contents>
                                        <text><![CDATA[-2146232060]]></text>
                                      </contents>
                                      <attributes />
                                    </marker>
                                    <text><![CDATA[
]]></text>
                                    <marker class="StackTrace">
                                      <contents>
                                        <text><![CDATA[   at System.Data.SqlClient.SqlConnection.OnError(SqlException exception, Boolean breakConnection)
   at System.Data.SqlClient.SqlInternalConnection.OnError(SqlException exception, Boolean breakConnection)
   at System.Data.SqlClient.TdsParser.ThrowExceptionAndWarning(TdsParserStateObject stateObj)
   at System.Data.SqlClient.TdsParser.Run(RunBehavior runBehavior, SqlCommand cmdHandler, SqlDataReader dataStream, BulkCopySimpleResultSet bulkCopyHandler, TdsParserStateObject stateObj)
   at System.Data.SqlClient.SqlDataReader.ConsumeMetaData()
   at System.Data.SqlClient.SqlDataReader.get_MetaData()
   at System.Data.SqlClient.SqlCommand.FinishExecuteReader(SqlDataReader ds, RunBehavior runBehavior, String resetOptionsString)
   at System.Data.SqlClient.SqlCommand.RunExecuteReaderTds(CommandBehavior cmdBehavior, RunBehavior runBehavior, Boolean returnStream, Boolean async)
   at System.Data.SqlClient.SqlCommand.RunExecuteReader(CommandBehavior cmdBehavior, RunBehavior runBehavior, Boolean returnStream, String method, DbAsyncResult result)
   at System.Data.SqlClient.SqlCommand.RunExecuteReader(CommandBehavior cmdBehavior, RunBehavior runBehavior, Boolean returnStream, String method)
   at System.Data.SqlClient.SqlCommand.ExecuteReader(CommandBehavior behavior, String method)
   at System.Data.SqlClient.SqlCommand.ExecuteDbDataReader(CommandBehavior behavior)
   at System.Data.Common.DbCommand.System.Data.IDbCommand.ExecuteReader(CommandBehavior behavior)
   at System.Data.Common.DbDataAdapter.FillInternal(DataSet dataset, DataTable[] datatables, Int32 startRecord, Int32 maxRecords, String srcTable, IDbCommand command, CommandBehavior behavior)
   at System.Data.Common.DbDataAdapter.Fill(DataSet dataSet, Int32 startRecord, Int32 maxRecords, String srcTable, IDbCommand command, CommandBehavior behavior)
   at System.Data.Common.DbDataAdapter.Fill(DataSet dataSet)
   at SubSonic.SqlDataProvider.GetDataSet[T](QueryCommand qry) in ]]></text>
                                        <marker class="CodeLocation">
                                          <contents>
                                            <text><![CDATA[C:\data\SubsonicRoot\ss2\SubSonic\DataProviders\SqlDataProvider.cs:line 438]]></text>
                                          </contents>
                                          <attributes>
                                            <attribute name="line" value="438" />
                                            <attribute name="path" value="C:\data\SubsonicRoot\ss2\SubSonic\DataProviders\SqlDataProvider.cs" />
                                          </attributes>
                                        </marker>
                                        <text><![CDATA[
   at SubSonic.DataProvider.GetDataSet(QueryCommand cmd) in ]]></text>
                                        <marker class="CodeLocation">
                                          <contents>
                                            <text><![CDATA[C:\data\SubsonicRoot\ss2\SubSonic\DataProviders\DataProvider.cs:line 786]]></text>
                                          </contents>
                                          <attributes>
                                            <attribute name="line" value="786" />
                                            <attribute name="path" value="C:\data\SubsonicRoot\ss2\SubSonic\DataProviders\DataProvider.cs" />
                                          </attributes>
                                        </marker>
                                        <text><![CDATA[
   at SubSonic.DataService.GetDataSet(QueryCommand cmd) in ]]></text>
                                        <marker class="CodeLocation">
                                          <contents>
                                            <text><![CDATA[C:\data\SubsonicRoot\ss2\SubSonic\DataProviders\DataService.cs:line 526]]></text>
                                          </contents>
                                          <attributes>
                                            <attribute name="line" value="526" />
                                            <attribute name="path" value="C:\data\SubsonicRoot\ss2\SubSonic\DataProviders\DataService.cs" />
                                          </attributes>
                                        </marker>
                                        <text><![CDATA[
   at SubSonic.Query.ExecuteDataSet() in ]]></text>
                                        <marker class="CodeLocation">
                                          <contents>
                                            <text><![CDATA[C:\data\SubsonicRoot\ss2\SubSonic\Sql Tools\Query.cs:line 1823]]></text>
                                          </contents>
                                          <attributes>
                                            <attribute name="line" value="1823" />
                                            <attribute name="path" value="C:\data\SubsonicRoot\ss2\SubSonic\Sql Tools\Query.cs" />
                                          </attributes>
                                        </marker>
                                        <text><![CDATA[
   at SubSonic.Tests.QueryTest.Query_ORDER_BY() in ]]></text>
                                        <marker class="CodeLocation">
                                          <contents>
                                            <text><![CDATA[C:\data\SubsonicRoot\ss2\SubSonic.Tests\QueryTest.cs:line 689]]></text>
                                          </contents>
                                          <attributes>
                                            <attribute name="line" value="689" />
                                            <attribute name="path" value="C:\data\SubsonicRoot\ss2\SubSonic.Tests\QueryTest.cs" />
                                          </attributes>
                                        </marker>
                                      </contents>
                                      <attributes />
                                    </marker>
                                  </contents>
                                  <attributes />
                                </marker>
                              </contents>
                            </section>
                          </contents>
                        </body>
                      </stream>
                    </streams>
                    <attachments />
                  </testLog>
                </testStepRun>
                <testStepRun startTime="2011-08-05T15:48:42.8524705+09:30" endTime="2011-08-05T15:48:42.9774705+09:30">
                  <testStep id="59d76967cde2d881" name="Query_ORDER_BY_Collection" fullName="SubSonic.Tests/QueryTest/Query_ORDER_BY_Collection" testId="63e295e82b0e0c70" isPrimary="true" isTestCase="true" isDynamic="false">
                    <codeReference assembly="SubSonic.Tests, Version=2.2.1.0, Culture=neutral, PublicKeyToken=null" namespace="SubSonic.Tests" type="SubSonic.Tests.QueryTest" member="Query_ORDER_BY_Collection" />
                    <codeLocation path="C:\data\SubsonicRoot\ss2\SubSonic.Tests\QueryTest.cs" line="797" />
                    <metadata>
                      <entry key="TestKind">
                        <value>Test</value>
                      </entry>
                    </metadata>
                  </testStep>
                  <children />
                  <result assertCount="0" duration="0.018583099999999998">
                    <outcome status="failed" />
                  </result>
                  <testLog>
                    <streams>
                      <stream name="Failures">
                        <body>
                          <contents>
                            <section name="Execute">
                              <contents>
                                <marker class="Exception">
                                  <contents>
                                    <marker class="ExceptionType">
                                      <contents>
                                        <text><![CDATA[System.Data.SqlClient.SqlException]]></text>
                                      </contents>
                                      <attributes />
                                    </marker>
                                    <text><![CDATA[: ]]></text>
                                    <marker class="ExceptionMessage">
                                      <contents>
                                        <text><![CDATA[Incorrect syntax near the keyword 'ORDER'.]]></text>
                                      </contents>
                                      <attributes />
                                    </marker>
                                    <text><![CDATA[
]]></text>
                                    <marker class="ExceptionPropertyName">
                                      <contents>
                                        <text><![CDATA[Errors]]></text>
                                      </contents>
                                      <attributes />
                                    </marker>
                                    <text><![CDATA[: ]]></text>
                                    <marker class="ExceptionPropertyValue">
                                      <contents>
                                        <text><![CDATA[System.Data.SqlClient.SqlErrorCollection]]></text>
                                      </contents>
                                      <attributes />
                                    </marker>
                                    <text><![CDATA[
]]></text>
                                    <marker class="ExceptionPropertyName">
                                      <contents>
                                        <text><![CDATA[Class]]></text>
                                      </contents>
                                      <attributes />
                                    </marker>
                                    <text><![CDATA[: ]]></text>
                                    <marker class="ExceptionPropertyValue">
                                      <contents>
                                        <text><![CDATA[15]]></text>
                                      </contents>
                                      <attributes />
                                    </marker>
                                    <text><![CDATA[
]]></text>
                                    <marker class="ExceptionPropertyName">
                                      <contents>
                                        <text><![CDATA[LineNumber]]></text>
                                      </contents>
                                      <attributes />
                                    </marker>
                                    <text><![CDATA[: ]]></text>
                                    <marker class="ExceptionPropertyValue">
                                      <contents>
                                        <text><![CDATA[1]]></text>
                                      </contents>
                                      <attributes />
                                    </marker>
                                    <text><![CDATA[
]]></text>
                                    <marker class="ExceptionPropertyName">
                                      <contents>
                                        <text><![CDATA[Number]]></text>
                                      </contents>
                                      <attributes />
                                    </marker>
                                    <text><![CDATA[: ]]></text>
                                    <marker class="ExceptionPropertyValue">
                                      <contents>
                                        <text><![CDATA[156]]></text>
                                      </contents>
                                      <attributes />
                                    </marker>
                                    <text><![CDATA[
]]></text>
                                    <marker class="ExceptionPropertyName">
                                      <contents>
                                        <text><![CDATA[Procedure]]></text>
                                      </contents>
                                      <attributes />
                                    </marker>
                                    <text><![CDATA[: ]]></text>
                                    <marker class="ExceptionPropertyValue">
                                      <contents />
                                      <attributes />
                                    </marker>
                                    <text><![CDATA[
]]></text>
                                    <marker class="ExceptionPropertyName">
                                      <contents>
                                        <text><![CDATA[Server]]></text>
                                      </contents>
                                      <attributes />
                                    </marker>
                                    <text><![CDATA[: ]]></text>
                                    <marker class="ExceptionPropertyValue">
                                      <contents>
                                        <text><![CDATA[ANAXIMANDER\SQLEXPRESS]]></text>
                                      </contents>
                                      <attributes />
                                    </marker>
                                    <text><![CDATA[
]]></text>
                                    <marker class="ExceptionPropertyName">
                                      <contents>
                                        <text><![CDATA[State]]></text>
                                      </contents>
                                      <attributes />
                                    </marker>
                                    <text><![CDATA[: ]]></text>
                                    <marker class="ExceptionPropertyValue">
                                      <contents>
                                        <text><![CDATA[1]]></text>
                                      </contents>
                                      <attributes />
                                    </marker>
                                    <text><![CDATA[
]]></text>
                                    <marker class="ExceptionPropertyName">
                                      <contents>
                                        <text><![CDATA[ErrorCode]]></text>
                                      </contents>
                                      <attributes />
                                    </marker>
                                    <text><![CDATA[: ]]></text>
                                    <marker class="ExceptionPropertyValue">
                                      <contents>
                                        <text><![CDATA[-2146232060]]></text>
                                      </contents>
                                      <attributes />
                                    </marker>
                                    <text><![CDATA[
]]></text>
                                    <marker class="StackTrace">
                                      <contents>
                                        <text><![CDATA[   at System.Data.SqlClient.SqlConnection.OnError(SqlException exception, Boolean breakConnection)
   at System.Data.SqlClient.SqlInternalConnection.OnError(SqlException exception, Boolean breakConnection)
   at System.Data.SqlClient.TdsParser.ThrowExceptionAndWarning(TdsParserStateObject stateObj)
   at System.Data.SqlClient.TdsParser.Run(RunBehavior runBehavior, SqlCommand cmdHandler, SqlDataReader dataStream, BulkCopySimpleResultSet bulkCopyHandler, TdsParserStateObject stateObj)
   at System.Data.SqlClient.SqlDataReader.ConsumeMetaData()
   at System.Data.SqlClient.SqlDataReader.get_MetaData()
   at System.Data.SqlClient.SqlCommand.FinishExecuteReader(SqlDataReader ds, RunBehavior runBehavior, String resetOptionsString)
   at System.Data.SqlClient.SqlCommand.RunExecuteReaderTds(CommandBehavior cmdBehavior, RunBehavior runBehavior, Boolean returnStream, Boolean async)
   at System.Data.SqlClient.SqlCommand.RunExecuteReader(CommandBehavior cmdBehavior, RunBehavior runBehavior, Boolean returnStream, String method, DbAsyncResult result)
   at System.Data.SqlClient.SqlCommand.RunExecuteReader(CommandBehavior cmdBehavior, RunBehavior runBehavior, Boolean returnStream, String method)
   at System.Data.SqlClient.SqlCommand.ExecuteReader(CommandBehavior behavior, String method)
   at System.Data.SqlClient.SqlCommand.ExecuteDbDataReader(CommandBehavior behavior)
   at System.Data.Common.DbCommand.System.Data.IDbCommand.ExecuteReader(CommandBehavior behavior)
   at System.Data.Common.DbDataAdapter.FillInternal(DataSet dataset, DataTable[] datatables, Int32 startRecord, Int32 maxRecords, String srcTable, IDbCommand command, CommandBehavior behavior)
   at System.Data.Common.DbDataAdapter.Fill(DataSet dataSet, Int32 startRecord, Int32 maxRecords, String srcTable, IDbCommand command, CommandBehavior behavior)
   at System.Data.Common.DbDataAdapter.Fill(DataSet dataSet)
   at SubSonic.SqlDataProvider.GetDataSet[T](QueryCommand qry) in ]]></text>
                                        <marker class="CodeLocation">
                                          <contents>
                                            <text><![CDATA[C:\data\SubsonicRoot\ss2\SubSonic\DataProviders\SqlDataProvider.cs:line 438]]></text>
                                          </contents>
                                          <attributes>
                                            <attribute name="line" value="438" />
                                            <attribute name="path" value="C:\data\SubsonicRoot\ss2\SubSonic\DataProviders\SqlDataProvider.cs" />
                                          </attributes>
                                        </marker>
                                        <text><![CDATA[
   at SubSonic.DataProvider.GetDataSet(QueryCommand cmd) in ]]></text>
                                        <marker class="CodeLocation">
                                          <contents>
                                            <text><![CDATA[C:\data\SubsonicRoot\ss2\SubSonic\DataProviders\DataProvider.cs:line 786]]></text>
                                          </contents>
                                          <attributes>
                                            <attribute name="line" value="786" />
                                            <attribute name="path" value="C:\data\SubsonicRoot\ss2\SubSonic\DataProviders\DataProvider.cs" />
                                          </attributes>
                                        </marker>
                                        <text><![CDATA[
   at SubSonic.DataService.GetDataSet(QueryCommand cmd) in ]]></text>
                                        <marker class="CodeLocation">
                                          <contents>
                                            <text><![CDATA[C:\data\SubsonicRoot\ss2\SubSonic\DataProviders\DataService.cs:line 526]]></text>
                                          </contents>
                                          <attributes>
                                            <attribute name="line" value="526" />
                                            <attribute name="path" value="C:\data\SubsonicRoot\ss2\SubSonic\DataProviders\DataService.cs" />
                                          </attributes>
                                        </marker>
                                        <text><![CDATA[
   at SubSonic.Query.ExecuteDataSet() in ]]></text>
                                        <marker class="CodeLocation">
                                          <contents>
                                            <text><![CDATA[C:\data\SubsonicRoot\ss2\SubSonic\Sql Tools\Query.cs:line 1823]]></text>
                                          </contents>
                                          <attributes>
                                            <attribute name="line" value="1823" />
                                            <attribute name="path" value="C:\data\SubsonicRoot\ss2\SubSonic\Sql Tools\Query.cs" />
                                          </attributes>
                                        </marker>
                                        <text><![CDATA[
   at SubSonic.Tests.QueryTest.Query_ORDER_BY_Collection() in ]]></text>
                                        <marker class="CodeLocation">
                                          <contents>
                                            <text><![CDATA[C:\data\SubsonicRoot\ss2\SubSonic.Tests\QueryTest.cs:line 801]]></text>
                                          </contents>
                                          <attributes>
                                            <attribute name="line" value="801" />
                                            <attribute name="path" value="C:\data\SubsonicRoot\ss2\SubSonic.Tests\QueryTest.cs" />
                                          </attributes>
                                        </marker>
                                      </contents>
                                      <attributes />
                                    </marker>
                                  </contents>
                                  <attributes />
                                </marker>
                              </contents>
                            </section>
                          </contents>
                        </body>
                      </stream>
                    </streams>
                    <attachments />
                  </testLog>
                </testStepRun>
                <testStepRun startTime="2011-08-05T15:48:42.9930955+09:30" endTime="2011-08-05T15:48:43.1493455+09:30">
                  <testStep id="5c7f5470873f2c72" name="Query_ORDER_BY_DESC" fullName="SubSonic.Tests/QueryTest/Query_ORDER_BY_DESC" testId="3cfaf24b508ac6bf" isPrimary="true" isTestCase="true" isDynamic="false">
                    <codeReference assembly="SubSonic.Tests, Version=2.2.1.0, Culture=neutral, PublicKeyToken=null" namespace="SubSonic.Tests" type="SubSonic.Tests.QueryTest" member="Query_ORDER_BY_DESC" />
                    <codeLocation path="C:\data\SubsonicRoot\ss2\SubSonic.Tests\QueryTest.cs" line="700" />
                    <metadata>
                      <entry key="TestKind">
                        <value>Test</value>
                      </entry>
                    </metadata>
                  </testStep>
                  <children />
                  <result assertCount="0" duration="0.032923299999999996">
                    <outcome status="failed" />
                  </result>
                  <testLog>
                    <streams>
                      <stream name="Failures">
                        <body>
                          <contents>
                            <section name="Execute">
                              <contents>
                                <marker class="Exception">
                                  <contents>
                                    <marker class="ExceptionType">
                                      <contents>
                                        <text><![CDATA[System.Data.SqlClient.SqlException]]></text>
                                      </contents>
                                      <attributes />
                                    </marker>
                                    <text><![CDATA[: ]]></text>
                                    <marker class="ExceptionMessage">
                                      <contents>
                                        <text><![CDATA[Incorrect syntax near the keyword 'ORDER'.]]></text>
                                      </contents>
                                      <attributes />
                                    </marker>
                                    <text><![CDATA[
]]></text>
                                    <marker class="ExceptionPropertyName">
                                      <contents>
                                        <text><![CDATA[Errors]]></text>
                                      </contents>
                                      <attributes />
                                    </marker>
                                    <text><![CDATA[: ]]></text>
                                    <marker class="ExceptionPropertyValue">
                                      <contents>
                                        <text><![CDATA[System.Data.SqlClient.SqlErrorCollection]]></text>
                                      </contents>
                                      <attributes />
                                    </marker>
                                    <text><![CDATA[
]]></text>
                                    <marker class="ExceptionPropertyName">
                                      <contents>
                                        <text><![CDATA[Class]]></text>
                                      </contents>
                                      <attributes />
                                    </marker>
                                    <text><![CDATA[: ]]></text>
                                    <marker class="ExceptionPropertyValue">
                                      <contents>
                                        <text><![CDATA[15]]></text>
                                      </contents>
                                      <attributes />
                                    </marker>
                                    <text><![CDATA[
]]></text>
                                    <marker class="ExceptionPropertyName">
                                      <contents>
                                        <text><![CDATA[LineNumber]]></text>
                                      </contents>
                                      <attributes />
                                    </marker>
                                    <text><![CDATA[: ]]></text>
                                    <marker class="ExceptionPropertyValue">
                                      <contents>
                                        <text><![CDATA[1]]></text>
                                      </contents>
                                      <attributes />
                                    </marker>
                                    <text><![CDATA[
]]></text>
                                    <marker class="ExceptionPropertyName">
                                      <contents>
                                        <text><![CDATA[Number]]></text>
                                      </contents>
                                      <attributes />
                                    </marker>
                                    <text><![CDATA[: ]]></text>
                                    <marker class="ExceptionPropertyValue">
                                      <contents>
                                        <text><![CDATA[156]]></text>
                                      </contents>
                                      <attributes />
                                    </marker>
                                    <text><![CDATA[
]]></text>
                                    <marker class="ExceptionPropertyName">
                                      <contents>
                                        <text><![CDATA[Procedure]]></text>
                                      </contents>
                                      <attributes />
                                    </marker>
                                    <text><![CDATA[: ]]></text>
                                    <marker class="ExceptionPropertyValue">
                                      <contents />
                                      <attributes />
                                    </marker>
                                    <text><![CDATA[
]]></text>
                                    <marker class="ExceptionPropertyName">
                                      <contents>
                                        <text><![CDATA[Server]]></text>
                                      </contents>
                                      <attributes />
                                    </marker>
                                    <text><![CDATA[: ]]></text>
                                    <marker class="ExceptionPropertyValue">
                                      <contents>
                                        <text><![CDATA[ANAXIMANDER\SQLEXPRESS]]></text>
                                      </contents>
                                      <attributes />
                                    </marker>
                                    <text><![CDATA[
]]></text>
                                    <marker class="ExceptionPropertyName">
                                      <contents>
                                        <text><![CDATA[State]]></text>
                                      </contents>
                                      <attributes />
                                    </marker>
                                    <text><![CDATA[: ]]></text>
                                    <marker class="ExceptionPropertyValue">
                                      <contents>
                                        <text><![CDATA[1]]></text>
                                      </contents>
                                      <attributes />
                                    </marker>
                                    <text><![CDATA[
]]></text>
                                    <marker class="ExceptionPropertyName">
                                      <contents>
                                        <text><![CDATA[ErrorCode]]></text>
                                      </contents>
                                      <attributes />
                                    </marker>
                                    <text><![CDATA[: ]]></text>
                                    <marker class="ExceptionPropertyValue">
                                      <contents>
                                        <text><![CDATA[-2146232060]]></text>
                                      </contents>
                                      <attributes />
                                    </marker>
                                    <text><![CDATA[
]]></text>
                                    <marker class="StackTrace">
                                      <contents>
                                        <text><![CDATA[   at System.Data.SqlClient.SqlConnection.OnError(SqlException exception, Boolean breakConnection)
   at System.Data.SqlClient.SqlInternalConnection.OnError(SqlException exception, Boolean breakConnection)
   at System.Data.SqlClient.TdsParser.ThrowExceptionAndWarning(TdsParserStateObject stateObj)
   at System.Data.SqlClient.TdsParser.Run(RunBehavior runBehavior, SqlCommand cmdHandler, SqlDataReader dataStream, BulkCopySimpleResultSet bulkCopyHandler, TdsParserStateObject stateObj)
   at System.Data.SqlClient.SqlDataReader.ConsumeMetaData()
   at System.Data.SqlClient.SqlDataReader.get_MetaData()
   at System.Data.SqlClient.SqlCommand.FinishExecuteReader(SqlDataReader ds, RunBehavior runBehavior, String resetOptionsString)
   at System.Data.SqlClient.SqlCommand.RunExecuteReaderTds(CommandBehavior cmdBehavior, RunBehavior runBehavior, Boolean returnStream, Boolean async)
   at System.Data.SqlClient.SqlCommand.RunExecuteReader(CommandBehavior cmdBehavior, RunBehavior runBehavior, Boolean returnStream, String method, DbAsyncResult result)
   at System.Data.SqlClient.SqlCommand.RunExecuteReader(CommandBehavior cmdBehavior, RunBehavior runBehavior, Boolean returnStream, String method)
   at System.Data.SqlClient.SqlCommand.ExecuteReader(CommandBehavior behavior, String method)
   at System.Data.SqlClient.SqlCommand.ExecuteDbDataReader(CommandBehavior behavior)
   at System.Data.Common.DbCommand.System.Data.IDbCommand.ExecuteReader(CommandBehavior behavior)
   at System.Data.Common.DbDataAdapter.FillInternal(DataSet dataset, DataTable[] datatables, Int32 startRecord, Int32 maxRecords, String srcTable, IDbCommand command, CommandBehavior behavior)
   at System.Data.Common.DbDataAdapter.Fill(DataSet dataSet, Int32 startRecord, Int32 maxRecords, String srcTable, IDbCommand command, CommandBehavior behavior)
   at System.Data.Common.DbDataAdapter.Fill(DataSet dataSet)
   at SubSonic.SqlDataProvider.GetDataSet[T](QueryCommand qry) in ]]></text>
                                        <marker class="CodeLocation">
                                          <contents>
                                            <text><![CDATA[C:\data\SubsonicRoot\ss2\SubSonic\DataProviders\SqlDataProvider.cs:line 438]]></text>
                                          </contents>
                                          <attributes>
                                            <attribute name="line" value="438" />
                                            <attribute name="path" value="C:\data\SubsonicRoot\ss2\SubSonic\DataProviders\SqlDataProvider.cs" />
                                          </attributes>
                                        </marker>
                                        <text><![CDATA[
   at SubSonic.DataProvider.GetDataSet(QueryCommand cmd) in ]]></text>
                                        <marker class="CodeLocation">
                                          <contents>
                                            <text><![CDATA[C:\data\SubsonicRoot\ss2\SubSonic\DataProviders\DataProvider.cs:line 786]]></text>
                                          </contents>
                                          <attributes>
                                            <attribute name="line" value="786" />
                                            <attribute name="path" value="C:\data\SubsonicRoot\ss2\SubSonic\DataProviders\DataProvider.cs" />
                                          </attributes>
                                        </marker>
                                        <text><![CDATA[
   at SubSonic.DataService.GetDataSet(QueryCommand cmd) in ]]></text>
                                        <marker class="CodeLocation">
                                          <contents>
                                            <text><![CDATA[C:\data\SubsonicRoot\ss2\SubSonic\DataProviders\DataService.cs:line 526]]></text>
                                          </contents>
                                          <attributes>
                                            <attribute name="line" value="526" />
                                            <attribute name="path" value="C:\data\SubsonicRoot\ss2\SubSonic\DataProviders\DataService.cs" />
                                          </attributes>
                                        </marker>
                                        <text><![CDATA[
   at SubSonic.Query.ExecuteDataSet() in ]]></text>
                                        <marker class="CodeLocation">
                                          <contents>
                                            <text><![CDATA[C:\data\SubsonicRoot\ss2\SubSonic\Sql Tools\Query.cs:line 1823]]></text>
                                          </contents>
                                          <attributes>
                                            <attribute name="line" value="1823" />
                                            <attribute name="path" value="C:\data\SubsonicRoot\ss2\SubSonic\Sql Tools\Query.cs" />
                                          </attributes>
                                        </marker>
                                        <text><![CDATA[
   at SubSonic.Tests.QueryTest.Query_ORDER_BY_DESC() in ]]></text>
                                        <marker class="CodeLocation">
                                          <contents>
                                            <text><![CDATA[C:\data\SubsonicRoot\ss2\SubSonic.Tests\QueryTest.cs:line 704]]></text>
                                          </contents>
                                          <attributes>
                                            <attribute name="line" value="704" />
                                            <attribute name="path" value="C:\data\SubsonicRoot\ss2\SubSonic.Tests\QueryTest.cs" />
                                          </attributes>
                                        </marker>
                                      </contents>
                                      <attributes />
                                    </marker>
                                  </contents>
                                  <attributes />
                                </marker>
                              </contents>
                            </section>
                          </contents>
                        </body>
                      </stream>
                    </streams>
                    <attachments />
                  </testLog>
                </testStepRun>
                <testStepRun startTime="2011-08-05T15:48:43.1493455+09:30" endTime="2011-08-05T15:48:43.2899705+09:30">
                  <testStep id="9e37eb5d6917b64" name="Query_ORDER_BY_DESC_Collection" fullName="SubSonic.Tests/QueryTest/Query_ORDER_BY_DESC_Collection" testId="12c0523243a4b0ba" isPrimary="true" isTestCase="true" isDynamic="false">
                    <codeReference assembly="SubSonic.Tests, Version=2.2.1.0, Culture=neutral, PublicKeyToken=null" namespace="SubSonic.Tests" type="SubSonic.Tests.QueryTest" member="Query_ORDER_BY_DESC_Collection" />
                    <codeLocation path="C:\data\SubsonicRoot\ss2\SubSonic.Tests\QueryTest.cs" line="814" />
                    <metadata>
                      <entry key="TestKind">
                        <value>Test</value>
                      </entry>
                    </metadata>
                  </testStep>
                  <children />
                  <result assertCount="0" duration="0.030656199999999998">
                    <outcome status="failed" />
                  </result>
                  <testLog>
                    <streams>
                      <stream name="Failures">
                        <body>
                          <contents>
                            <section name="Execute">
                              <contents>
                                <marker class="Exception">
                                  <contents>
                                    <marker class="ExceptionType">
                                      <contents>
                                        <text><![CDATA[System.Data.SqlClient.SqlException]]></text>
                                      </contents>
                                      <attributes />
                                    </marker>
                                    <text><![CDATA[: ]]></text>
                                    <marker class="ExceptionMessage">
                                      <contents>
                                        <text><![CDATA[Incorrect syntax near the keyword 'ORDER'.]]></text>
                                      </contents>
                                      <attributes />
                                    </marker>
                                    <text><![CDATA[
]]></text>
                                    <marker class="ExceptionPropertyName">
                                      <contents>
                                        <text><![CDATA[Errors]]></text>
                                      </contents>
                                      <attributes />
                                    </marker>
                                    <text><![CDATA[: ]]></text>
                                    <marker class="ExceptionPropertyValue">
                                      <contents>
                                        <text><![CDATA[System.Data.SqlClient.SqlErrorCollection]]></text>
                                      </contents>
                                      <attributes />
                                    </marker>
                                    <text><![CDATA[
]]></text>
                                    <marker class="ExceptionPropertyName">
                                      <contents>
                                        <text><![CDATA[Class]]></text>
                                      </contents>
                                      <attributes />
                                    </marker>
                                    <text><![CDATA[: ]]></text>
                                    <marker class="ExceptionPropertyValue">
                                      <contents>
                                        <text><![CDATA[15]]></text>
                                      </contents>
                                      <attributes />
                                    </marker>
                                    <text><![CDATA[
]]></text>
                                    <marker class="ExceptionPropertyName">
                                      <contents>
                                        <text><![CDATA[LineNumber]]></text>
                                      </contents>
                                      <attributes />
                                    </marker>
                                    <text><![CDATA[: ]]></text>
                                    <marker class="ExceptionPropertyValue">
                                      <contents>
                                        <text><![CDATA[1]]></text>
                                      </contents>
                                      <attributes />
                                    </marker>
                                    <text><![CDATA[
]]></text>
                                    <marker class="ExceptionPropertyName">
                                      <contents>
                                        <text><![CDATA[Number]]></text>
                                      </contents>
                                      <attributes />
                                    </marker>
                                    <text><![CDATA[: ]]></text>
                                    <marker class="ExceptionPropertyValue">
                                      <contents>
                                        <text><![CDATA[156]]></text>
                                      </contents>
                                      <attributes />
                                    </marker>
                                    <text><![CDATA[
]]></text>
                                    <marker class="ExceptionPropertyName">
                                      <contents>
                                        <text><![CDATA[Procedure]]></text>
                                      </contents>
                                      <attributes />
                                    </marker>
                                    <text><![CDATA[: ]]></text>
                                    <marker class="ExceptionPropertyValue">
                                      <contents />
                                      <attributes />
                                    </marker>
                                    <text><![CDATA[
]]></text>
                                    <marker class="ExceptionPropertyName">
                                      <contents>
                                        <text><![CDATA[Server]]></text>
                                      </contents>
                                      <attributes />
                                    </marker>
                                    <text><![CDATA[: ]]></text>
                                    <marker class="ExceptionPropertyValue">
                                      <contents>
                                        <text><![CDATA[ANAXIMANDER\SQLEXPRESS]]></text>
                                      </contents>
                                      <attributes />
                                    </marker>
                                    <text><![CDATA[
]]></text>
                                    <marker class="ExceptionPropertyName">
                                      <contents>
                                        <text><![CDATA[State]]></text>
                                      </contents>
                                      <attributes />
                                    </marker>
                                    <text><![CDATA[: ]]></text>
                                    <marker class="ExceptionPropertyValue">
                                      <contents>
                                        <text><![CDATA[1]]></text>
                                      </contents>
                                      <attributes />
                                    </marker>
                                    <text><![CDATA[
]]></text>
                                    <marker class="ExceptionPropertyName">
                                      <contents>
                                        <text><![CDATA[ErrorCode]]></text>
                                      </contents>
                                      <attributes />
                                    </marker>
                                    <text><![CDATA[: ]]></text>
                                    <marker class="ExceptionPropertyValue">
                                      <contents>
                                        <text><![CDATA[-2146232060]]></text>
                                      </contents>
                                      <attributes />
                                    </marker>
                                    <text><![CDATA[
]]></text>
                                    <marker class="StackTrace">
                                      <contents>
                                        <text><![CDATA[   at System.Data.SqlClient.SqlConnection.OnError(SqlException exception, Boolean breakConnection)
   at System.Data.SqlClient.SqlInternalConnection.OnError(SqlException exception, Boolean breakConnection)
   at System.Data.SqlClient.TdsParser.ThrowExceptionAndWarning(TdsParserStateObject stateObj)
   at System.Data.SqlClient.TdsParser.Run(RunBehavior runBehavior, SqlCommand cmdHandler, SqlDataReader dataStream, BulkCopySimpleResultSet bulkCopyHandler, TdsParserStateObject stateObj)
   at System.Data.SqlClient.SqlDataReader.ConsumeMetaData()
   at System.Data.SqlClient.SqlDataReader.get_MetaData()
   at System.Data.SqlClient.SqlCommand.FinishExecuteReader(SqlDataReader ds, RunBehavior runBehavior, String resetOptionsString)
   at System.Data.SqlClient.SqlCommand.RunExecuteReaderTds(CommandBehavior cmdBehavior, RunBehavior runBehavior, Boolean returnStream, Boolean async)
   at System.Data.SqlClient.SqlCommand.RunExecuteReader(CommandBehavior cmdBehavior, RunBehavior runBehavior, Boolean returnStream, String method, DbAsyncResult result)
   at System.Data.SqlClient.SqlCommand.RunExecuteReader(CommandBehavior cmdBehavior, RunBehavior runBehavior, Boolean returnStream, String method)
   at System.Data.SqlClient.SqlCommand.ExecuteReader(CommandBehavior behavior, String method)
   at System.Data.SqlClient.SqlCommand.ExecuteDbDataReader(CommandBehavior behavior)
   at System.Data.Common.DbCommand.System.Data.IDbCommand.ExecuteReader(CommandBehavior behavior)
   at System.Data.Common.DbDataAdapter.FillInternal(DataSet dataset, DataTable[] datatables, Int32 startRecord, Int32 maxRecords, String srcTable, IDbCommand command, CommandBehavior behavior)
   at System.Data.Common.DbDataAdapter.Fill(DataSet dataSet, Int32 startRecord, Int32 maxRecords, String srcTable, IDbCommand command, CommandBehavior behavior)
   at System.Data.Common.DbDataAdapter.Fill(DataSet dataSet)
   at SubSonic.SqlDataProvider.GetDataSet[T](QueryCommand qry) in ]]></text>
                                        <marker class="CodeLocation">
                                          <contents>
                                            <text><![CDATA[C:\data\SubsonicRoot\ss2\SubSonic\DataProviders\SqlDataProvider.cs:line 438]]></text>
                                          </contents>
                                          <attributes>
                                            <attribute name="line" value="438" />
                                            <attribute name="path" value="C:\data\SubsonicRoot\ss2\SubSonic\DataProviders\SqlDataProvider.cs" />
                                          </attributes>
                                        </marker>
                                        <text><![CDATA[
   at SubSonic.DataProvider.GetDataSet(QueryCommand cmd) in ]]></text>
                                        <marker class="CodeLocation">
                                          <contents>
                                            <text><![CDATA[C:\data\SubsonicRoot\ss2\SubSonic\DataProviders\DataProvider.cs:line 786]]></text>
                                          </contents>
                                          <attributes>
                                            <attribute name="line" value="786" />
                                            <attribute name="path" value="C:\data\SubsonicRoot\ss2\SubSonic\DataProviders\DataProvider.cs" />
                                          </attributes>
                                        </marker>
                                        <text><![CDATA[
   at SubSonic.DataService.GetDataSet(QueryCommand cmd) in ]]></text>
                                        <marker class="CodeLocation">
                                          <contents>
                                            <text><![CDATA[C:\data\SubsonicRoot\ss2\SubSonic\DataProviders\DataService.cs:line 526]]></text>
                                          </contents>
                                          <attributes>
                                            <attribute name="line" value="526" />
                                            <attribute name="path" value="C:\data\SubsonicRoot\ss2\SubSonic\DataProviders\DataService.cs" />
                                          </attributes>
                                        </marker>
                                        <text><![CDATA[
   at SubSonic.Query.ExecuteDataSet() in ]]></text>
                                        <marker class="CodeLocation">
                                          <contents>
                                            <text><![CDATA[C:\data\SubsonicRoot\ss2\SubSonic\Sql Tools\Query.cs:line 1823]]></text>
                                          </contents>
                                          <attributes>
                                            <attribute name="line" value="1823" />
                                            <attribute name="path" value="C:\data\SubsonicRoot\ss2\SubSonic\Sql Tools\Query.cs" />
                                          </attributes>
                                        </marker>
                                        <text><![CDATA[
   at SubSonic.Tests.QueryTest.Query_ORDER_BY_DESC_Collection() in ]]></text>
                                        <marker class="CodeLocation">
                                          <contents>
                                            <text><![CDATA[C:\data\SubsonicRoot\ss2\SubSonic.Tests\QueryTest.cs:line 818]]></text>
                                          </contents>
                                          <attributes>
                                            <attribute name="line" value="818" />
                                            <attribute name="path" value="C:\data\SubsonicRoot\ss2\SubSonic.Tests\QueryTest.cs" />
                                          </attributes>
                                        </marker>
                                      </contents>
                                      <attributes />
                                    </marker>
                                  </contents>
                                  <attributes />
                                </marker>
                              </contents>
                            </section>
                          </contents>
                        </body>
                      </stream>
                    </streams>
                    <attachments />
                  </testLog>
                </testStepRun>
                <testStepRun startTime="2011-08-05T15:48:43.2899705+09:30" endTime="2011-08-05T15:48:43.4149705+09:30">
                  <testStep id="93efba303074d67d" name="Query_ORDER_BY_Expression" fullName="SubSonic.Tests/QueryTest/Query_ORDER_BY_Expression" testId="70b492a14e103f32" isPrimary="true" isTestCase="true" isDynamic="false">
                    <codeReference assembly="SubSonic.Tests, Version=2.2.1.0, Culture=neutral, PublicKeyToken=null" namespace="SubSonic.Tests" type="SubSonic.Tests.QueryTest" member="Query_ORDER_BY_Expression" />
                    <codeLocation path="C:\data\SubsonicRoot\ss2\SubSonic.Tests\QueryTest.cs" line="715" />
                    <metadata>
                      <entry key="TestKind">
                        <value>Test</value>
                      </entry>
                    </metadata>
                  </testStep>
                  <children />
                  <result assertCount="0" duration="0.018221499999999998">
                    <outcome status="failed" />
                  </result>
                  <testLog>
                    <streams>
                      <stream name="Failures">
                        <body>
                          <contents>
                            <section name="Execute">
                              <contents>
                                <marker class="Exception">
                                  <contents>
                                    <marker class="ExceptionType">
                                      <contents>
                                        <text><![CDATA[System.Data.SqlClient.SqlException]]></text>
                                      </contents>
                                      <attributes />
                                    </marker>
                                    <text><![CDATA[: ]]></text>
                                    <marker class="ExceptionMessage">
                                      <contents>
                                        <text><![CDATA[Incorrect syntax near the keyword 'ORDER'.]]></text>
                                      </contents>
                                      <attributes />
                                    </marker>
                                    <text><![CDATA[
]]></text>
                                    <marker class="ExceptionPropertyName">
                                      <contents>
                                        <text><![CDATA[Errors]]></text>
                                      </contents>
                                      <attributes />
                                    </marker>
                                    <text><![CDATA[: ]]></text>
                                    <marker class="ExceptionPropertyValue">
                                      <contents>
                                        <text><![CDATA[System.Data.SqlClient.SqlErrorCollection]]></text>
                                      </contents>
                                      <attributes />
                                    </marker>
                                    <text><![CDATA[
]]></text>
                                    <marker class="ExceptionPropertyName">
                                      <contents>
                                        <text><![CDATA[Class]]></text>
                                      </contents>
                                      <attributes />
                                    </marker>
                                    <text><![CDATA[: ]]></text>
                                    <marker class="ExceptionPropertyValue">
                                      <contents>
                                        <text><![CDATA[15]]></text>
                                      </contents>
                                      <attributes />
                                    </marker>
                                    <text><![CDATA[
]]></text>
                                    <marker class="ExceptionPropertyName">
                                      <contents>
                                        <text><![CDATA[LineNumber]]></text>
                                      </contents>
                                      <attributes />
                                    </marker>
                                    <text><![CDATA[: ]]></text>
                                    <marker class="ExceptionPropertyValue">
                                      <contents>
                                        <text><![CDATA[1]]></text>
                                      </contents>
                                      <attributes />
                                    </marker>
                                    <text><![CDATA[
]]></text>
                                    <marker class="ExceptionPropertyName">
                                      <contents>
                                        <text><![CDATA[Number]]></text>
                                      </contents>
                                      <attributes />
                                    </marker>
                                    <text><![CDATA[: ]]></text>
                                    <marker class="ExceptionPropertyValue">
                                      <contents>
                                        <text><![CDATA[156]]></text>
                                      </contents>
                                      <attributes />
                                    </marker>
                                    <text><![CDATA[
]]></text>
                                    <marker class="ExceptionPropertyName">
                                      <contents>
                                        <text><![CDATA[Procedure]]></text>
                                      </contents>
                                      <attributes />
                                    </marker>
                                    <text><![CDATA[: ]]></text>
                                    <marker class="ExceptionPropertyValue">
                                      <contents />
                                      <attributes />
                                    </marker>
                                    <text><![CDATA[
]]></text>
                                    <marker class="ExceptionPropertyName">
                                      <contents>
                                        <text><![CDATA[Server]]></text>
                                      </contents>
                                      <attributes />
                                    </marker>
                                    <text><![CDATA[: ]]></text>
                                    <marker class="ExceptionPropertyValue">
                                      <contents>
                                        <text><![CDATA[ANAXIMANDER\SQLEXPRESS]]></text>
                                      </contents>
                                      <attributes />
                                    </marker>
                                    <text><![CDATA[
]]></text>
                                    <marker class="ExceptionPropertyName">
                                      <contents>
                                        <text><![CDATA[State]]></text>
                                      </contents>
                                      <attributes />
                                    </marker>
                                    <text><![CDATA[: ]]></text>
                                    <marker class="ExceptionPropertyValue">
                                      <contents>
                                        <text><![CDATA[1]]></text>
                                      </contents>
                                      <attributes />
                                    </marker>
                                    <text><![CDATA[
]]></text>
                                    <marker class="ExceptionPropertyName">
                                      <contents>
                                        <text><![CDATA[ErrorCode]]></text>
                                      </contents>
                                      <attributes />
                                    </marker>
                                    <text><![CDATA[: ]]></text>
                                    <marker class="ExceptionPropertyValue">
                                      <contents>
                                        <text><![CDATA[-2146232060]]></text>
                                      </contents>
                                      <attributes />
                                    </marker>
                                    <text><![CDATA[
]]></text>
                                    <marker class="StackTrace">
                                      <contents>
                                        <text><![CDATA[   at System.Data.SqlClient.SqlConnection.OnError(SqlException exception, Boolean breakConnection)
   at System.Data.SqlClient.SqlInternalConnection.OnError(SqlException exception, Boolean breakConnection)
   at System.Data.SqlClient.TdsParser.ThrowExceptionAndWarning(TdsParserStateObject stateObj)
   at System.Data.SqlClient.TdsParser.Run(RunBehavior runBehavior, SqlCommand cmdHandler, SqlDataReader dataStream, BulkCopySimpleResultSet bulkCopyHandler, TdsParserStateObject stateObj)
   at System.Data.SqlClient.SqlDataReader.ConsumeMetaData()
   at System.Data.SqlClient.SqlDataReader.get_MetaData()
   at System.Data.SqlClient.SqlCommand.FinishExecuteReader(SqlDataReader ds, RunBehavior runBehavior, String resetOptionsString)
   at System.Data.SqlClient.SqlCommand.RunExecuteReaderTds(CommandBehavior cmdBehavior, RunBehavior runBehavior, Boolean returnStream, Boolean async)
   at System.Data.SqlClient.SqlCommand.RunExecuteReader(CommandBehavior cmdBehavior, RunBehavior runBehavior, Boolean returnStream, String method, DbAsyncResult result)
   at System.Data.SqlClient.SqlCommand.RunExecuteReader(CommandBehavior cmdBehavior, RunBehavior runBehavior, Boolean returnStream, String method)
   at System.Data.SqlClient.SqlCommand.ExecuteReader(CommandBehavior behavior, String method)
   at System.Data.SqlClient.SqlCommand.ExecuteDbDataReader(CommandBehavior behavior)
   at System.Data.Common.DbCommand.System.Data.IDbCommand.ExecuteReader(CommandBehavior behavior)
   at System.Data.Common.DbDataAdapter.FillInternal(DataSet dataset, DataTable[] datatables, Int32 startRecord, Int32 maxRecords, String srcTable, IDbCommand command, CommandBehavior behavior)
   at System.Data.Common.DbDataAdapter.Fill(DataSet dataSet, Int32 startRecord, Int32 maxRecords, String srcTable, IDbCommand command, CommandBehavior behavior)
   at System.Data.Common.DbDataAdapter.Fill(DataSet dataSet)
   at SubSonic.SqlDataProvider.GetDataSet[T](QueryCommand qry) in ]]></text>
                                        <marker class="CodeLocation">
                                          <contents>
                                            <text><![CDATA[C:\data\SubsonicRoot\ss2\SubSonic\DataProviders\SqlDataProvider.cs:line 438]]></text>
                                          </contents>
                                          <attributes>
                                            <attribute name="line" value="438" />
                                            <attribute name="path" value="C:\data\SubsonicRoot\ss2\SubSonic\DataProviders\SqlDataProvider.cs" />
                                          </attributes>
                                        </marker>
                                        <text><![CDATA[
   at SubSonic.DataProvider.GetDataSet(QueryCommand cmd) in ]]></text>
                                        <marker class="CodeLocation">
                                          <contents>
                                            <text><![CDATA[C:\data\SubsonicRoot\ss2\SubSonic\DataProviders\DataProvider.cs:line 786]]></text>
                                          </contents>
                                          <attributes>
                                            <attribute name="line" value="786" />
                                            <attribute name="path" value="C:\data\SubsonicRoot\ss2\SubSonic\DataProviders\DataProvider.cs" />
                                          </attributes>
                                        </marker>
                                        <text><![CDATA[
   at SubSonic.DataService.GetDataSet(QueryCommand cmd) in ]]></text>
                                        <marker class="CodeLocation">
                                          <contents>
                                            <text><![CDATA[C:\data\SubsonicRoot\ss2\SubSonic\DataProviders\DataService.cs:line 526]]></text>
                                          </contents>
                                          <attributes>
                                            <attribute name="line" value="526" />
                                            <attribute name="path" value="C:\data\SubsonicRoot\ss2\SubSonic\DataProviders\DataService.cs" />
                                          </attributes>
                                        </marker>
                                        <text><![CDATA[
   at SubSonic.Query.ExecuteDataSet() in ]]></text>
                                        <marker class="CodeLocation">
                                          <contents>
                                            <text><![CDATA[C:\data\SubsonicRoot\ss2\SubSonic\Sql Tools\Query.cs:line 1823]]></text>
                                          </contents>
                                          <attributes>
                                            <attribute name="line" value="1823" />
                                            <attribute name="path" value="C:\data\SubsonicRoot\ss2\SubSonic\Sql Tools\Query.cs" />
                                          </attributes>
                                        </marker>
                                        <text><![CDATA[
   at SubSonic.Tests.QueryTest.Query_ORDER_BY_Expression() in ]]></text>
                                        <marker class="CodeLocation">
                                          <contents>
                                            <text><![CDATA[C:\data\SubsonicRoot\ss2\SubSonic.Tests\QueryTest.cs:line 718]]></text>
                                          </contents>
                                          <attributes>
                                            <attribute name="line" value="718" />
                                            <attribute name="path" value="C:\data\SubsonicRoot\ss2\SubSonic.Tests\QueryTest.cs" />
                                          </attributes>
                                        </marker>
                                      </contents>
                                      <attributes />
                                    </marker>
                                  </contents>
                                  <attributes />
                                </marker>
                              </contents>
                            </section>
                          </contents>
                        </body>
                      </stream>
                    </streams>
                    <attachments />
                  </testLog>
                </testStepRun>
                <testStepRun startTime="2011-08-05T15:48:43.4149705+09:30" endTime="2011-08-05T15:48:43.5399705+09:30">
                  <testStep id="4bb08a9f2dfab62c" name="Query_ORDER_BY_Expression_Collection" fullName="SubSonic.Tests/QueryTest/Query_ORDER_BY_Expression_Collection" testId="781e3bc274e255ba" isPrimary="true" isTestCase="true" isDynamic="false">
                    <codeReference assembly="SubSonic.Tests, Version=2.2.1.0, Culture=neutral, PublicKeyToken=null" namespace="SubSonic.Tests" type="SubSonic.Tests.QueryTest" member="Query_ORDER_BY_Expression_Collection" />
                    <codeLocation path="C:\data\SubsonicRoot\ss2\SubSonic.Tests\QueryTest.cs" line="831" />
                    <metadata>
                      <entry key="TestKind">
                        <value>Test</value>
                      </entry>
                    </metadata>
                  </testStep>
                  <children />
                  <result assertCount="0" duration="0.018327799999999998">
                    <outcome status="failed" />
                  </result>
                  <testLog>
                    <streams>
                      <stream name="Failures">
                        <body>
                          <contents>
                            <section name="Execute">
                              <contents>
                                <marker class="Exception">
                                  <contents>
                                    <marker class="ExceptionType">
                                      <contents>
                                        <text><![CDATA[System.Data.SqlClient.SqlException]]></text>
                                      </contents>
                                      <attributes />
                                    </marker>
                                    <text><![CDATA[: ]]></text>
                                    <marker class="ExceptionMessage">
                                      <contents>
                                        <text><![CDATA[Incorrect syntax near the keyword 'ORDER'.]]></text>
                                      </contents>
                                      <attributes />
                                    </marker>
                                    <text><![CDATA[
]]></text>
                                    <marker class="ExceptionPropertyName">
                                      <contents>
                                        <text><![CDATA[Errors]]></text>
                                      </contents>
                                      <attributes />
                                    </marker>
                                    <text><![CDATA[: ]]></text>
                                    <marker class="ExceptionPropertyValue">
                                      <contents>
                                        <text><![CDATA[System.Data.SqlClient.SqlErrorCollection]]></text>
                                      </contents>
                                      <attributes />
                                    </marker>
                                    <text><![CDATA[
]]></text>
                                    <marker class="ExceptionPropertyName">
                                      <contents>
                                        <text><![CDATA[Class]]></text>
                                      </contents>
                                      <attributes />
                                    </marker>
                                    <text><![CDATA[: ]]></text>
                                    <marker class="ExceptionPropertyValue">
                                      <contents>
                                        <text><![CDATA[15]]></text>
                                      </contents>
                                      <attributes />
                                    </marker>
                                    <text><![CDATA[
]]></text>
                                    <marker class="ExceptionPropertyName">
                                      <contents>
                                        <text><![CDATA[LineNumber]]></text>
                                      </contents>
                                      <attributes />
                                    </marker>
                                    <text><![CDATA[: ]]></text>
                                    <marker class="ExceptionPropertyValue">
                                      <contents>
                                        <text><![CDATA[1]]></text>
                                      </contents>
                                      <attributes />
                                    </marker>
                                    <text><![CDATA[
]]></text>
                                    <marker class="ExceptionPropertyName">
                                      <contents>
                                        <text><![CDATA[Number]]></text>
                                      </contents>
                                      <attributes />
                                    </marker>
                                    <text><![CDATA[: ]]></text>
                                    <marker class="ExceptionPropertyValue">
                                      <contents>
                                        <text><![CDATA[156]]></text>
                                      </contents>
                                      <attributes />
                                    </marker>
                                    <text><![CDATA[
]]></text>
                                    <marker class="ExceptionPropertyName">
                                      <contents>
                                        <text><![CDATA[Procedure]]></text>
                                      </contents>
                                      <attributes />
                                    </marker>
                                    <text><![CDATA[: ]]></text>
                                    <marker class="ExceptionPropertyValue">
                                      <contents />
                                      <attributes />
                                    </marker>
                                    <text><![CDATA[
]]></text>
                                    <marker class="ExceptionPropertyName">
                                      <contents>
                                        <text><![CDATA[Server]]></text>
                                      </contents>
                                      <attributes />
                                    </marker>
                                    <text><![CDATA[: ]]></text>
                                    <marker class="ExceptionPropertyValue">
                                      <contents>
                                        <text><![CDATA[ANAXIMANDER\SQLEXPRESS]]></text>
                                      </contents>
                                      <attributes />
                                    </marker>
                                    <text><![CDATA[
]]></text>
                                    <marker class="ExceptionPropertyName">
                                      <contents>
                                        <text><![CDATA[State]]></text>
                                      </contents>
                                      <attributes />
                                    </marker>
                                    <text><![CDATA[: ]]></text>
                                    <marker class="ExceptionPropertyValue">
                                      <contents>
                                        <text><![CDATA[1]]></text>
                                      </contents>
                                      <attributes />
                                    </marker>
                                    <text><![CDATA[
]]></text>
                                    <marker class="ExceptionPropertyName">
                                      <contents>
                                        <text><![CDATA[ErrorCode]]></text>
                                      </contents>
                                      <attributes />
                                    </marker>
                                    <text><![CDATA[: ]]></text>
                                    <marker class="ExceptionPropertyValue">
                                      <contents>
                                        <text><![CDATA[-2146232060]]></text>
                                      </contents>
                                      <attributes />
                                    </marker>
                                    <text><![CDATA[
]]></text>
                                    <marker class="StackTrace">
                                      <contents>
                                        <text><![CDATA[   at System.Data.SqlClient.SqlConnection.OnError(SqlException exception, Boolean breakConnection)
   at System.Data.SqlClient.SqlInternalConnection.OnError(SqlException exception, Boolean breakConnection)
   at System.Data.SqlClient.TdsParser.ThrowExceptionAndWarning(TdsParserStateObject stateObj)
   at System.Data.SqlClient.TdsParser.Run(RunBehavior runBehavior, SqlCommand cmdHandler, SqlDataReader dataStream, BulkCopySimpleResultSet bulkCopyHandler, TdsParserStateObject stateObj)
   at System.Data.SqlClient.SqlDataReader.ConsumeMetaData()
   at System.Data.SqlClient.SqlDataReader.get_MetaData()
   at System.Data.SqlClient.SqlCommand.FinishExecuteReader(SqlDataReader ds, RunBehavior runBehavior, String resetOptionsString)
   at System.Data.SqlClient.SqlCommand.RunExecuteReaderTds(CommandBehavior cmdBehavior, RunBehavior runBehavior, Boolean returnStream, Boolean async)
   at System.Data.SqlClient.SqlCommand.RunExecuteReader(CommandBehavior cmdBehavior, RunBehavior runBehavior, Boolean returnStream, String method, DbAsyncResult result)
   at System.Data.SqlClient.SqlCommand.RunExecuteReader(CommandBehavior cmdBehavior, RunBehavior runBehavior, Boolean returnStream, String method)
   at System.Data.SqlClient.SqlCommand.ExecuteReader(CommandBehavior behavior, String method)
   at System.Data.SqlClient.SqlCommand.ExecuteDbDataReader(CommandBehavior behavior)
   at System.Data.Common.DbCommand.System.Data.IDbCommand.ExecuteReader(CommandBehavior behavior)
   at System.Data.Common.DbDataAdapter.FillInternal(DataSet dataset, DataTable[] datatables, Int32 startRecord, Int32 maxRecords, String srcTable, IDbCommand command, CommandBehavior behavior)
   at System.Data.Common.DbDataAdapter.Fill(DataSet dataSet, Int32 startRecord, Int32 maxRecords, String srcTable, IDbCommand command, CommandBehavior behavior)
   at System.Data.Common.DbDataAdapter.Fill(DataSet dataSet)
   at SubSonic.SqlDataProvider.GetDataSet[T](QueryCommand qry) in ]]></text>
                                        <marker class="CodeLocation">
                                          <contents>
                                            <text><![CDATA[C:\data\SubsonicRoot\ss2\SubSonic\DataProviders\SqlDataProvider.cs:line 438]]></text>
                                          </contents>
                                          <attributes>
                                            <attribute name="line" value="438" />
                                            <attribute name="path" value="C:\data\SubsonicRoot\ss2\SubSonic\DataProviders\SqlDataProvider.cs" />
                                          </attributes>
                                        </marker>
                                        <text><![CDATA[
   at SubSonic.DataProvider.GetDataSet(QueryCommand cmd) in ]]></text>
                                        <marker class="CodeLocation">
                                          <contents>
                                            <text><![CDATA[C:\data\SubsonicRoot\ss2\SubSonic\DataProviders\DataProvider.cs:line 786]]></text>
                                          </contents>
                                          <attributes>
                                            <attribute name="line" value="786" />
                                            <attribute name="path" value="C:\data\SubsonicRoot\ss2\SubSonic\DataProviders\DataProvider.cs" />
                                          </attributes>
                                        </marker>
                                        <text><![CDATA[
   at SubSonic.DataService.GetDataSet(QueryCommand cmd) in ]]></text>
                                        <marker class="CodeLocation">
                                          <contents>
                                            <text><![CDATA[C:\data\SubsonicRoot\ss2\SubSonic\DataProviders\DataService.cs:line 526]]></text>
                                          </contents>
                                          <attributes>
                                            <attribute name="line" value="526" />
                                            <attribute name="path" value="C:\data\SubsonicRoot\ss2\SubSonic\DataProviders\DataService.cs" />
                                          </attributes>
                                        </marker>
                                        <text><![CDATA[
   at SubSonic.Query.ExecuteDataSet() in ]]></text>
                                        <marker class="CodeLocation">
                                          <contents>
                                            <text><![CDATA[C:\data\SubsonicRoot\ss2\SubSonic\Sql Tools\Query.cs:line 1823]]></text>
                                          </contents>
                                          <attributes>
                                            <attribute name="line" value="1823" />
                                            <attribute name="path" value="C:\data\SubsonicRoot\ss2\SubSonic\Sql Tools\Query.cs" />
                                          </attributes>
                                        </marker>
                                        <text><![CDATA[
   at SubSonic.Tests.QueryTest.Query_ORDER_BY_Expression_Collection() in ]]></text>
                                        <marker class="CodeLocation">
                                          <contents>
                                            <text><![CDATA[C:\data\SubsonicRoot\ss2\SubSonic.Tests\QueryTest.cs:line 834]]></text>
                                          </contents>
                                          <attributes>
                                            <attribute name="line" value="834" />
                                            <attribute name="path" value="C:\data\SubsonicRoot\ss2\SubSonic.Tests\QueryTest.cs" />
                                          </attributes>
                                        </marker>
                                      </contents>
                                      <attributes />
                                    </marker>
                                  </contents>
                                  <attributes />
                                </marker>
                              </contents>
                            </section>
                          </contents>
                        </body>
                      </stream>
                    </streams>
                    <attachments />
                  </testLog>
                </testStepRun>
                <testStepRun startTime="2011-08-05T15:48:43.5399705+09:30" endTime="2011-08-05T15:48:43.7118455+09:30">
                  <testStep id="8a5089526dd82f8a" name="Query_ORDER_BY_ExpressionDESC" fullName="SubSonic.Tests/QueryTest/Query_ORDER_BY_ExpressionDESC" testId="38b6b7eb43f66658" isPrimary="true" isTestCase="true" isDynamic="false">
                    <codeReference assembly="SubSonic.Tests, Version=2.2.1.0, Culture=neutral, PublicKeyToken=null" namespace="SubSonic.Tests" type="SubSonic.Tests.QueryTest" member="Query_ORDER_BY_ExpressionDESC" />
                    <codeLocation path="C:\data\SubsonicRoot\ss2\SubSonic.Tests\QueryTest.cs" line="728" />
                    <metadata>
                      <entry key="TestKind">
                        <value>Test</value>
                      </entry>
                    </metadata>
                  </testStep>
                  <children />
                  <result assertCount="0" duration="0.0214619">
                    <outcome status="failed" />
                  </result>
                  <testLog>
                    <streams>
                      <stream name="Failures">
                        <body>
                          <contents>
                            <section name="Execute">
                              <contents>
                                <marker class="Exception">
                                  <contents>
                                    <marker class="ExceptionType">
                                      <contents>
                                        <text><![CDATA[System.Data.SqlClient.SqlException]]></text>
                                      </contents>
                                      <attributes />
                                    </marker>
                                    <text><![CDATA[: ]]></text>
                                    <marker class="ExceptionMessage">
                                      <contents>
                                        <text><![CDATA[Incorrect syntax near the keyword 'ORDER'.]]></text>
                                      </contents>
                                      <attributes />
                                    </marker>
                                    <text><![CDATA[
]]></text>
                                    <marker class="ExceptionPropertyName">
                                      <contents>
                                        <text><![CDATA[Errors]]></text>
                                      </contents>
                                      <attributes />
                                    </marker>
                                    <text><![CDATA[: ]]></text>
                                    <marker class="ExceptionPropertyValue">
                                      <contents>
                                        <text><![CDATA[System.Data.SqlClient.SqlErrorCollection]]></text>
                                      </contents>
                                      <attributes />
                                    </marker>
                                    <text><![CDATA[
]]></text>
                                    <marker class="ExceptionPropertyName">
                                      <contents>
                                        <text><![CDATA[Class]]></text>
                                      </contents>
                                      <attributes />
                                    </marker>
                                    <text><![CDATA[: ]]></text>
                                    <marker class="ExceptionPropertyValue">
                                      <contents>
                                        <text><![CDATA[15]]></text>
                                      </contents>
                                      <attributes />
                                    </marker>
                                    <text><![CDATA[
]]></text>
                                    <marker class="ExceptionPropertyName">
                                      <contents>
                                        <text><![CDATA[LineNumber]]></text>
                                      </contents>
                                      <attributes />
                                    </marker>
                                    <text><![CDATA[: ]]></text>
                                    <marker class="ExceptionPropertyValue">
                                      <contents>
                                        <text><![CDATA[1]]></text>
                                      </contents>
                                      <attributes />
                                    </marker>
                                    <text><![CDATA[
]]></text>
                                    <marker class="ExceptionPropertyName">
                                      <contents>
                                        <text><![CDATA[Number]]></text>
                                      </contents>
                                      <attributes />
                                    </marker>
                                    <text><![CDATA[: ]]></text>
                                    <marker class="ExceptionPropertyValue">
                                      <contents>
                                        <text><![CDATA[156]]></text>
                                      </contents>
                                      <attributes />
                                    </marker>
                                    <text><![CDATA[
]]></text>
                                    <marker class="ExceptionPropertyName">
                                      <contents>
                                        <text><![CDATA[Procedure]]></text>
                                      </contents>
                                      <attributes />
                                    </marker>
                                    <text><![CDATA[: ]]></text>
                                    <marker class="ExceptionPropertyValue">
                                      <contents />
                                      <attributes />
                                    </marker>
                                    <text><![CDATA[
]]></text>
                                    <marker class="ExceptionPropertyName">
                                      <contents>
                                        <text><![CDATA[Server]]></text>
                                      </contents>
                                      <attributes />
                                    </marker>
                                    <text><![CDATA[: ]]></text>
                                    <marker class="ExceptionPropertyValue">
                                      <contents>
                                        <text><![CDATA[ANAXIMANDER\SQLEXPRESS]]></text>
                                      </contents>
                                      <attributes />
                                    </marker>
                                    <text><![CDATA[
]]></text>
                                    <marker class="ExceptionPropertyName">
                                      <contents>
                                        <text><![CDATA[State]]></text>
                                      </contents>
                                      <attributes />
                                    </marker>
                                    <text><![CDATA[: ]]></text>
                                    <marker class="ExceptionPropertyValue">
                                      <contents>
                                        <text><![CDATA[1]]></text>
                                      </contents>
                                      <attributes />
                                    </marker>
                                    <text><![CDATA[
]]></text>
                                    <marker class="ExceptionPropertyName">
                                      <contents>
                                        <text><![CDATA[ErrorCode]]></text>
                                      </contents>
                                      <attributes />
                                    </marker>
                                    <text><![CDATA[: ]]></text>
                                    <marker class="ExceptionPropertyValue">
                                      <contents>
                                        <text><![CDATA[-2146232060]]></text>
                                      </contents>
                                      <attributes />
                                    </marker>
                                    <text><![CDATA[
]]></text>
                                    <marker class="StackTrace">
                                      <contents>
                                        <text><![CDATA[   at System.Data.SqlClient.SqlConnection.OnError(SqlException exception, Boolean breakConnection)
   at System.Data.SqlClient.SqlInternalConnection.OnError(SqlException exception, Boolean breakConnection)
   at System.Data.SqlClient.TdsParser.ThrowExceptionAndWarning(TdsParserStateObject stateObj)
   at System.Data.SqlClient.TdsParser.Run(RunBehavior runBehavior, SqlCommand cmdHandler, SqlDataReader dataStream, BulkCopySimpleResultSet bulkCopyHandler, TdsParserStateObject stateObj)
   at System.Data.SqlClient.SqlDataReader.ConsumeMetaData()
   at System.Data.SqlClient.SqlDataReader.get_MetaData()
   at System.Data.SqlClient.SqlCommand.FinishExecuteReader(SqlDataReader ds, RunBehavior runBehavior, String resetOptionsString)
   at System.Data.SqlClient.SqlCommand.RunExecuteReaderTds(CommandBehavior cmdBehavior, RunBehavior runBehavior, Boolean returnStream, Boolean async)
   at System.Data.SqlClient.SqlCommand.RunExecuteReader(CommandBehavior cmdBehavior, RunBehavior runBehavior, Boolean returnStream, String method, DbAsyncResult result)
   at System.Data.SqlClient.SqlCommand.RunExecuteReader(CommandBehavior cmdBehavior, RunBehavior runBehavior, Boolean returnStream, String method)
   at System.Data.SqlClient.SqlCommand.ExecuteReader(CommandBehavior behavior, String method)
   at System.Data.SqlClient.SqlCommand.ExecuteDbDataReader(CommandBehavior behavior)
   at System.Data.Common.DbCommand.System.Data.IDbCommand.ExecuteReader(CommandBehavior behavior)
   at System.Data.Common.DbDataAdapter.FillInternal(DataSet dataset, DataTable[] datatables, Int32 startRecord, Int32 maxRecords, String srcTable, IDbCommand command, CommandBehavior behavior)
   at System.Data.Common.DbDataAdapter.Fill(DataSet dataSet, Int32 startRecord, Int32 maxRecords, String srcTable, IDbCommand command, CommandBehavior behavior)
   at System.Data.Common.DbDataAdapter.Fill(DataSet dataSet)
   at SubSonic.SqlDataProvider.GetDataSet[T](QueryCommand qry) in ]]></text>
                                        <marker class="CodeLocation">
                                          <contents>
                                            <text><![CDATA[C:\data\SubsonicRoot\ss2\SubSonic\DataProviders\SqlDataProvider.cs:line 438]]></text>
                                          </contents>
                                          <attributes>
                                            <attribute name="line" value="438" />
                                            <attribute name="path" value="C:\data\SubsonicRoot\ss2\SubSonic\DataProviders\SqlDataProvider.cs" />
                                          </attributes>
                                        </marker>
                                        <text><![CDATA[
   at SubSonic.DataProvider.GetDataSet(QueryCommand cmd) in ]]></text>
                                        <marker class="CodeLocation">
                                          <contents>
                                            <text><![CDATA[C:\data\SubsonicRoot\ss2\SubSonic\DataProviders\DataProvider.cs:line 786]]></text>
                                          </contents>
                                          <attributes>
                                            <attribute name="line" value="786" />
                                            <attribute name="path" value="C:\data\SubsonicRoot\ss2\SubSonic\DataProviders\DataProvider.cs" />
                                          </attributes>
                                        </marker>
                                        <text><![CDATA[
   at SubSonic.DataService.GetDataSet(QueryCommand cmd) in ]]></text>
                                        <marker class="CodeLocation">
                                          <contents>
                                            <text><![CDATA[C:\data\SubsonicRoot\ss2\SubSonic\DataProviders\DataService.cs:line 526]]></text>
                                          </contents>
                                          <attributes>
                                            <attribute name="line" value="526" />
                                            <attribute name="path" value="C:\data\SubsonicRoot\ss2\SubSonic\DataProviders\DataService.cs" />
                                          </attributes>
                                        </marker>
                                        <text><![CDATA[
   at SubSonic.Query.ExecuteDataSet() in ]]></text>
                                        <marker class="CodeLocation">
                                          <contents>
                                            <text><![CDATA[C:\data\SubsonicRoot\ss2\SubSonic\Sql Tools\Query.cs:line 1823]]></text>
                                          </contents>
                                          <attributes>
                                            <attribute name="line" value="1823" />
                                            <attribute name="path" value="C:\data\SubsonicRoot\ss2\SubSonic\Sql Tools\Query.cs" />
                                          </attributes>
                                        </marker>
                                        <text><![CDATA[
   at SubSonic.Tests.QueryTest.Query_ORDER_BY_ExpressionDESC() in ]]></text>
                                        <marker class="CodeLocation">
                                          <contents>
                                            <text><![CDATA[C:\data\SubsonicRoot\ss2\SubSonic.Tests\QueryTest.cs:line 731]]></text>
                                          </contents>
                                          <attributes>
                                            <attribute name="line" value="731" />
                                            <attribute name="path" value="C:\data\SubsonicRoot\ss2\SubSonic.Tests\QueryTest.cs" />
                                          </attributes>
                                        </marker>
                                      </contents>
                                      <attributes />
                                    </marker>
                                  </contents>
                                  <attributes />
                                </marker>
                              </contents>
                            </section>
                          </contents>
                        </body>
                      </stream>
                    </streams>
                    <attachments />
                  </testLog>
                </testStepRun>
                <testStepRun startTime="2011-08-05T15:48:43.7430955+09:30" endTime="2011-08-05T15:48:43.8993455+09:30">
                  <testStep id="e9708417ad49b5e7" name="Query_ORDER_BY_ExpressionDESC_Collection" fullName="SubSonic.Tests/QueryTest/Query_ORDER_BY_ExpressionDESC_Collection" testId="cdf314a8da06c440" isPrimary="true" isTestCase="true" isDynamic="false">
                    <codeReference assembly="SubSonic.Tests, Version=2.2.1.0, Culture=neutral, PublicKeyToken=null" namespace="SubSonic.Tests" type="SubSonic.Tests.QueryTest" member="Query_ORDER_BY_ExpressionDESC_Collection" />
                    <codeLocation path="C:\data\SubsonicRoot\ss2\SubSonic.Tests\QueryTest.cs" line="847" />
                    <metadata>
                      <entry key="TestKind">
                        <value>Test</value>
                      </entry>
                    </metadata>
                  </testStep>
                  <children />
                  <result assertCount="0" duration="0.053835999999999995">
                    <outcome status="failed" />
                  </result>
                  <testLog>
                    <streams>
                      <stream name="Failures">
                        <body>
                          <contents>
                            <section name="Execute">
                              <contents>
                                <marker class="Exception">
                                  <contents>
                                    <marker class="ExceptionType">
                                      <contents>
                                        <text><![CDATA[System.Data.SqlClient.SqlException]]></text>
                                      </contents>
                                      <attributes />
                                    </marker>
                                    <text><![CDATA[: ]]></text>
                                    <marker class="ExceptionMessage">
                                      <contents>
                                        <text><![CDATA[Incorrect syntax near the keyword 'ORDER'.]]></text>
                                      </contents>
                                      <attributes />
                                    </marker>
                                    <text><![CDATA[
]]></text>
                                    <marker class="ExceptionPropertyName">
                                      <contents>
                                        <text><![CDATA[Errors]]></text>
                                      </contents>
                                      <attributes />
                                    </marker>
                                    <text><![CDATA[: ]]></text>
                                    <marker class="ExceptionPropertyValue">
                                      <contents>
                                        <text><![CDATA[System.Data.SqlClient.SqlErrorCollection]]></text>
                                      </contents>
                                      <attributes />
                                    </marker>
                                    <text><![CDATA[
]]></text>
                                    <marker class="ExceptionPropertyName">
                                      <contents>
                                        <text><![CDATA[Class]]></text>
                                      </contents>
                                      <attributes />
                                    </marker>
                                    <text><![CDATA[: ]]></text>
                                    <marker class="ExceptionPropertyValue">
                                      <contents>
                                        <text><![CDATA[15]]></text>
                                      </contents>
                                      <attributes />
                                    </marker>
                                    <text><![CDATA[
]]></text>
                                    <marker class="ExceptionPropertyName">
                                      <contents>
                                        <text><![CDATA[LineNumber]]></text>
                                      </contents>
                                      <attributes />
                                    </marker>
                                    <text><![CDATA[: ]]></text>
                                    <marker class="ExceptionPropertyValue">
                                      <contents>
                                        <text><![CDATA[1]]></text>
                                      </contents>
                                      <attributes />
                                    </marker>
                                    <text><![CDATA[
]]></text>
                                    <marker class="ExceptionPropertyName">
                                      <contents>
                                        <text><![CDATA[Number]]></text>
                                      </contents>
                                      <attributes />
                                    </marker>
                                    <text><![CDATA[: ]]></text>
                                    <marker class="ExceptionPropertyValue">
                                      <contents>
                                        <text><![CDATA[156]]></text>
                                      </contents>
                                      <attributes />
                                    </marker>
                                    <text><![CDATA[
]]></text>
                                    <marker class="ExceptionPropertyName">
                                      <contents>
                                        <text><![CDATA[Procedure]]></text>
                                      </contents>
                                      <attributes />
                                    </marker>
                                    <text><![CDATA[: ]]></text>
                                    <marker class="ExceptionPropertyValue">
                                      <contents />
                                      <attributes />
                                    </marker>
                                    <text><![CDATA[
]]></text>
                                    <marker class="ExceptionPropertyName">
                                      <contents>
                                        <text><![CDATA[Server]]></text>
                                      </contents>
                                      <attributes />
                                    </marker>
                                    <text><![CDATA[: ]]></text>
                                    <marker class="ExceptionPropertyValue">
                                      <contents>
                                        <text><![CDATA[ANAXIMANDER\SQLEXPRESS]]></text>
                                      </contents>
                                      <attributes />
                                    </marker>
                                    <text><![CDATA[
]]></text>
                                    <marker class="ExceptionPropertyName">
                                      <contents>
                                        <text><![CDATA[State]]></text>
                                      </contents>
                                      <attributes />
                                    </marker>
                                    <text><![CDATA[: ]]></text>
                                    <marker class="ExceptionPropertyValue">
                                      <contents>
                                        <text><![CDATA[1]]></text>
                                      </contents>
                                      <attributes />
                                    </marker>
                                    <text><![CDATA[
]]></text>
                                    <marker class="ExceptionPropertyName">
                                      <contents>
                                        <text><![CDATA[ErrorCode]]></text>
                                      </contents>
                                      <attributes />
                                    </marker>
                                    <text><![CDATA[: ]]></text>
                                    <marker class="ExceptionPropertyValue">
                                      <contents>
                                        <text><![CDATA[-2146232060]]></text>
                                      </contents>
                                      <attributes />
                                    </marker>
                                    <text><![CDATA[
]]></text>
                                    <marker class="StackTrace">
                                      <contents>
                                        <text><![CDATA[   at System.Data.SqlClient.SqlConnection.OnError(SqlException exception, Boolean breakConnection)
   at System.Data.SqlClient.SqlInternalConnection.OnError(SqlException exception, Boolean breakConnection)
   at System.Data.SqlClient.TdsParser.ThrowExceptionAndWarning(TdsParserStateObject stateObj)
   at System.Data.SqlClient.TdsParser.Run(RunBehavior runBehavior, SqlCommand cmdHandler, SqlDataReader dataStream, BulkCopySimpleResultSet bulkCopyHandler, TdsParserStateObject stateObj)
   at System.Data.SqlClient.SqlDataReader.ConsumeMetaData()
   at System.Data.SqlClient.SqlDataReader.get_MetaData()
   at System.Data.SqlClient.SqlCommand.FinishExecuteReader(SqlDataReader ds, RunBehavior runBehavior, String resetOptionsString)
   at System.Data.SqlClient.SqlCommand.RunExecuteReaderTds(CommandBehavior cmdBehavior, RunBehavior runBehavior, Boolean returnStream, Boolean async)
   at System.Data.SqlClient.SqlCommand.RunExecuteReader(CommandBehavior cmdBehavior, RunBehavior runBehavior, Boolean returnStream, String method, DbAsyncResult result)
   at System.Data.SqlClient.SqlCommand.RunExecuteReader(CommandBehavior cmdBehavior, RunBehavior runBehavior, Boolean returnStream, String method)
   at System.Data.SqlClient.SqlCommand.ExecuteReader(CommandBehavior behavior, String method)
   at System.Data.SqlClient.SqlCommand.ExecuteDbDataReader(CommandBehavior behavior)
   at System.Data.Common.DbCommand.System.Data.IDbCommand.ExecuteReader(CommandBehavior behavior)
   at System.Data.Common.DbDataAdapter.FillInternal(DataSet dataset, DataTable[] datatables, Int32 startRecord, Int32 maxRecords, String srcTable, IDbCommand command, CommandBehavior behavior)
   at System.Data.Common.DbDataAdapter.Fill(DataSet dataSet, Int32 startRecord, Int32 maxRecords, String srcTable, IDbCommand command, CommandBehavior behavior)
   at System.Data.Common.DbDataAdapter.Fill(DataSet dataSet)
   at SubSonic.SqlDataProvider.GetDataSet[T](QueryCommand qry) in ]]></text>
                                        <marker class="CodeLocation">
                                          <contents>
                                            <text><![CDATA[C:\data\SubsonicRoot\ss2\SubSonic\DataProviders\SqlDataProvider.cs:line 438]]></text>
                                          </contents>
                                          <attributes>
                                            <attribute name="line" value="438" />
                                            <attribute name="path" value="C:\data\SubsonicRoot\ss2\SubSonic\DataProviders\SqlDataProvider.cs" />
                                          </attributes>
                                        </marker>
                                        <text><![CDATA[
   at SubSonic.DataProvider.GetDataSet(QueryCommand cmd) in ]]></text>
                                        <marker class="CodeLocation">
                                          <contents>
                                            <text><![CDATA[C:\data\SubsonicRoot\ss2\SubSonic\DataProviders\DataProvider.cs:line 786]]></text>
                                          </contents>
                                          <attributes>
                                            <attribute name="line" value="786" />
                                            <attribute name="path" value="C:\data\SubsonicRoot\ss2\SubSonic\DataProviders\DataProvider.cs" />
                                          </attributes>
                                        </marker>
                                        <text><![CDATA[
   at SubSonic.DataService.GetDataSet(QueryCommand cmd) in ]]></text>
                                        <marker class="CodeLocation">
                                          <contents>
                                            <text><![CDATA[C:\data\SubsonicRoot\ss2\SubSonic\DataProviders\DataService.cs:line 526]]></text>
                                          </contents>
                                          <attributes>
                                            <attribute name="line" value="526" />
                                            <attribute name="path" value="C:\data\SubsonicRoot\ss2\SubSonic\DataProviders\DataService.cs" />
                                          </attributes>
                                        </marker>
                                        <text><![CDATA[
   at SubSonic.Query.ExecuteDataSet() in ]]></text>
                                        <marker class="CodeLocation">
                                          <contents>
                                            <text><![CDATA[C:\data\SubsonicRoot\ss2\SubSonic\Sql Tools\Query.cs:line 1823]]></text>
                                          </contents>
                                          <attributes>
                                            <attribute name="line" value="1823" />
                                            <attribute name="path" value="C:\data\SubsonicRoot\ss2\SubSonic\Sql Tools\Query.cs" />
                                          </attributes>
                                        </marker>
                                        <text><![CDATA[
   at SubSonic.Tests.QueryTest.Query_ORDER_BY_ExpressionDESC_Collection() in ]]></text>
                                        <marker class="CodeLocation">
                                          <contents>
                                            <text><![CDATA[C:\data\SubsonicRoot\ss2\SubSonic.Tests\QueryTest.cs:line 850]]></text>
                                          </contents>
                                          <attributes>
                                            <attribute name="line" value="850" />
                                            <attribute name="path" value="C:\data\SubsonicRoot\ss2\SubSonic.Tests\QueryTest.cs" />
                                          </attributes>
                                        </marker>
                                      </contents>
                                      <attributes />
                                    </marker>
                                  </contents>
                                  <attributes />
                                </marker>
                              </contents>
                            </section>
                          </contents>
                        </body>
                      </stream>
                    </streams>
                    <attachments />
                  </testLog>
                </testStepRun>
                <testStepRun startTime="2011-08-05T15:48:43.8993455+09:30" endTime="2011-08-05T15:48:44.0087205+09:30">
                  <testStep id="cc48cb405ea7c411" name="Query_OrderBy" fullName="SubSonic.Tests/QueryTest/Query_OrderBy" testId="ac4c55aa97b4f782" isPrimary="true" isTestCase="true" isDynamic="false">
                    <codeReference assembly="SubSonic.Tests, Version=2.2.1.0, Culture=neutral, PublicKeyToken=null" namespace="SubSonic.Tests" type="SubSonic.Tests.QueryTest" member="Query_OrderBy" />
                    <codeLocation path="C:\data\SubsonicRoot\ss2\SubSonic.Tests\QueryTest.cs" line="669" />
                    <metadata>
                      <entry key="TestKind">
                        <value>Test</value>
                      </entry>
                    </metadata>
                  </testStep>
                  <children />
                  <result assertCount="0" duration="0.0448032">
                    <outcome status="failed" />
                  </result>
                  <testLog>
                    <streams>
                      <stream name="Failures">
                        <body>
                          <contents>
                            <section name="Execute">
                              <contents>
                                <marker class="Exception">
                                  <contents>
                                    <marker class="ExceptionType">
                                      <contents>
                                        <text><![CDATA[System.Data.SqlClient.SqlException]]></text>
                                      </contents>
                                      <attributes />
                                    </marker>
                                    <text><![CDATA[: ]]></text>
                                    <marker class="ExceptionMessage">
                                      <contents>
                                        <text><![CDATA[Incorrect syntax near the keyword 'ORDER'.]]></text>
                                      </contents>
                                      <attributes />
                                    </marker>
                                    <text><![CDATA[
]]></text>
                                    <marker class="ExceptionPropertyName">
                                      <contents>
                                        <text><![CDATA[Errors]]></text>
                                      </contents>
                                      <attributes />
                                    </marker>
                                    <text><![CDATA[: ]]></text>
                                    <marker class="ExceptionPropertyValue">
                                      <contents>
                                        <text><![CDATA[System.Data.SqlClient.SqlErrorCollection]]></text>
                                      </contents>
                                      <attributes />
                                    </marker>
                                    <text><![CDATA[
]]></text>
                                    <marker class="ExceptionPropertyName">
                                      <contents>
                                        <text><![CDATA[Class]]></text>
                                      </contents>
                                      <attributes />
                                    </marker>
                                    <text><![CDATA[: ]]></text>
                                    <marker class="ExceptionPropertyValue">
                                      <contents>
                                        <text><![CDATA[15]]></text>
                                      </contents>
                                      <attributes />
                                    </marker>
                                    <text><![CDATA[
]]></text>
                                    <marker class="ExceptionPropertyName">
                                      <contents>
                                        <text><![CDATA[LineNumber]]></text>
                                      </contents>
                                      <attributes />
                                    </marker>
                                    <text><![CDATA[: ]]></text>
                                    <marker class="ExceptionPropertyValue">
                                      <contents>
                                        <text><![CDATA[1]]></text>
                                      </contents>
                                      <attributes />
                                    </marker>
                                    <text><![CDATA[
]]></text>
                                    <marker class="ExceptionPropertyName">
                                      <contents>
                                        <text><![CDATA[Number]]></text>
                                      </contents>
                                      <attributes />
                                    </marker>
                                    <text><![CDATA[: ]]></text>
                                    <marker class="ExceptionPropertyValue">
                                      <contents>
                                        <text><![CDATA[156]]></text>
                                      </contents>
                                      <attributes />
                                    </marker>
                                    <text><![CDATA[
]]></text>
                                    <marker class="ExceptionPropertyName">
                                      <contents>
                                        <text><![CDATA[Procedure]]></text>
                                      </contents>
                                      <attributes />
                                    </marker>
                                    <text><![CDATA[: ]]></text>
                                    <marker class="ExceptionPropertyValue">
                                      <contents />
                                      <attributes />
                                    </marker>
                                    <text><![CDATA[
]]></text>
                                    <marker class="ExceptionPropertyName">
                                      <contents>
                                        <text><![CDATA[Server]]></text>
                                      </contents>
                                      <attributes />
                                    </marker>
                                    <text><![CDATA[: ]]></text>
                                    <marker class="ExceptionPropertyValue">
                                      <contents>
                                        <text><![CDATA[ANAXIMANDER\SQLEXPRESS]]></text>
                                      </contents>
                                      <attributes />
                                    </marker>
                                    <text><![CDATA[
]]></text>
                                    <marker class="ExceptionPropertyName">
                                      <contents>
                                        <text><![CDATA[State]]></text>
                                      </contents>
                                      <attributes />
                                    </marker>
                                    <text><![CDATA[: ]]></text>
                                    <marker class="ExceptionPropertyValue">
                                      <contents>
                                        <text><![CDATA[1]]></text>
                                      </contents>
                                      <attributes />
                                    </marker>
                                    <text><![CDATA[
]]></text>
                                    <marker class="ExceptionPropertyName">
                                      <contents>
                                        <text><![CDATA[ErrorCode]]></text>
                                      </contents>
                                      <attributes />
                                    </marker>
                                    <text><![CDATA[: ]]></text>
                                    <marker class="ExceptionPropertyValue">
                                      <contents>
                                        <text><![CDATA[-2146232060]]></text>
                                      </contents>
                                      <attributes />
                                    </marker>
                                    <text><![CDATA[
]]></text>
                                    <marker class="StackTrace">
                                      <contents>
                                        <text><![CDATA[   at System.Data.SqlClient.SqlConnection.OnError(SqlException exception, Boolean breakConnection)
   at System.Data.SqlClient.SqlInternalConnection.OnError(SqlException exception, Boolean breakConnection)
   at System.Data.SqlClient.TdsParser.ThrowExceptionAndWarning(TdsParserStateObject stateObj)
   at System.Data.SqlClient.TdsParser.Run(RunBehavior runBehavior, SqlCommand cmdHandler, SqlDataReader dataStream, BulkCopySimpleResultSet bulkCopyHandler, TdsParserStateObject stateObj)
   at System.Data.SqlClient.SqlDataReader.ConsumeMetaData()
   at System.Data.SqlClient.SqlDataReader.get_MetaData()
   at System.Data.SqlClient.SqlCommand.FinishExecuteReader(SqlDataReader ds, RunBehavior runBehavior, String resetOptionsString)
   at System.Data.SqlClient.SqlCommand.RunExecuteReaderTds(CommandBehavior cmdBehavior, RunBehavior runBehavior, Boolean returnStream, Boolean async)
   at System.Data.SqlClient.SqlCommand.RunExecuteReader(CommandBehavior cmdBehavior, RunBehavior runBehavior, Boolean returnStream, String method, DbAsyncResult result)
   at System.Data.SqlClient.SqlCommand.RunExecuteReader(CommandBehavior cmdBehavior, RunBehavior runBehavior, Boolean returnStream, String method)
   at System.Data.SqlClient.SqlCommand.ExecuteReader(CommandBehavior behavior, String method)
   at System.Data.SqlClient.SqlCommand.ExecuteDbDataReader(CommandBehavior behavior)
   at System.Data.Common.DbCommand.System.Data.IDbCommand.ExecuteReader(CommandBehavior behavior)
   at System.Data.Common.DbDataAdapter.FillInternal(DataSet dataset, DataTable[] datatables, Int32 startRecord, Int32 maxRecords, String srcTable, IDbCommand command, CommandBehavior behavior)
   at System.Data.Common.DbDataAdapter.Fill(DataSet dataSet, Int32 startRecord, Int32 maxRecords, String srcTable, IDbCommand command, CommandBehavior behavior)
   at System.Data.Common.DbDataAdapter.Fill(DataSet dataSet)
   at SubSonic.SqlDataProvider.GetDataSet[T](QueryCommand qry) in ]]></text>
                                        <marker class="CodeLocation">
                                          <contents>
                                            <text><![CDATA[C:\data\SubsonicRoot\ss2\SubSonic\DataProviders\SqlDataProvider.cs:line 438]]></text>
                                          </contents>
                                          <attributes>
                                            <attribute name="line" value="438" />
                                            <attribute name="path" value="C:\data\SubsonicRoot\ss2\SubSonic\DataProviders\SqlDataProvider.cs" />
                                          </attributes>
                                        </marker>
                                        <text><![CDATA[
   at SubSonic.DataProvider.GetDataSet(QueryCommand cmd) in ]]></text>
                                        <marker class="CodeLocation">
                                          <contents>
                                            <text><![CDATA[C:\data\SubsonicRoot\ss2\SubSonic\DataProviders\DataProvider.cs:line 786]]></text>
                                          </contents>
                                          <attributes>
                                            <attribute name="line" value="786" />
                                            <attribute name="path" value="C:\data\SubsonicRoot\ss2\SubSonic\DataProviders\DataProvider.cs" />
                                          </attributes>
                                        </marker>
                                        <text><![CDATA[
   at SubSonic.DataService.GetDataSet(QueryCommand cmd) in ]]></text>
                                        <marker class="CodeLocation">
                                          <contents>
                                            <text><![CDATA[C:\data\SubsonicRoot\ss2\SubSonic\DataProviders\DataService.cs:line 526]]></text>
                                          </contents>
                                          <attributes>
                                            <attribute name="line" value="526" />
                                            <attribute name="path" value="C:\data\SubsonicRoot\ss2\SubSonic\DataProviders\DataService.cs" />
                                          </attributes>
                                        </marker>
                                        <text><![CDATA[
   at SubSonic.Query.ExecuteDataSet() in ]]></text>
                                        <marker class="CodeLocation">
                                          <contents>
                                            <text><![CDATA[C:\data\SubsonicRoot\ss2\SubSonic\Sql Tools\Query.cs:line 1823]]></text>
                                          </contents>
                                          <attributes>
                                            <attribute name="line" value="1823" />
                                            <attribute name="path" value="C:\data\SubsonicRoot\ss2\SubSonic\Sql Tools\Query.cs" />
                                          </attributes>
                                        </marker>
                                        <text><![CDATA[
   at SubSonic.Tests.QueryTest.Query_OrderBy() in ]]></text>
                                        <marker class="CodeLocation">
                                          <contents>
                                            <text><![CDATA[C:\data\SubsonicRoot\ss2\SubSonic.Tests\QueryTest.cs:line 674]]></text>
                                          </contents>
                                          <attributes>
                                            <attribute name="line" value="674" />
                                            <attribute name="path" value="C:\data\SubsonicRoot\ss2\SubSonic.Tests\QueryTest.cs" />
                                          </attributes>
                                        </marker>
                                      </contents>
                                      <attributes />
                                    </marker>
                                  </contents>
                                  <attributes />
                                </marker>
                              </contents>
                            </section>
                          </contents>
                        </body>
                      </stream>
                    </streams>
                    <attachments />
                  </testLog>
                </testStepRun>
                <testStepRun startTime="2011-08-05T15:48:44.0087205+09:30" endTime="2011-08-05T15:48:44.1337205+09:30">
                  <testStep id="ad74b444a189ebe3" name="Query_OrderByCollection" fullName="SubSonic.Tests/QueryTest/Query_OrderByCollection" testId="7fad8bfcd35f9aeb" isPrimary="true" isTestCase="true" isDynamic="false">
                    <codeReference assembly="SubSonic.Tests, Version=2.2.1.0, Culture=neutral, PublicKeyToken=null" namespace="SubSonic.Tests" type="SubSonic.Tests.QueryTest" member="Query_OrderByCollection" />
                    <codeLocation path="C:\data\SubsonicRoot\ss2\SubSonic.Tests\QueryTest.cs" line="652" />
                    <metadata>
                      <entry key="TestKind">
                        <value>Test</value>
                      </entry>
                    </metadata>
                  </testStep>
                  <children />
                  <result assertCount="0" duration="0.0308084">
                    <outcome status="failed" />
                  </result>
                  <testLog>
                    <streams>
                      <stream name="Failures">
                        <body>
                          <contents>
                            <section name="Execute">
                              <contents>
                                <marker class="Exception">
                                  <contents>
                                    <marker class="ExceptionType">
                                      <contents>
                                        <text><![CDATA[System.Data.SqlClient.SqlException]]></text>
                                      </contents>
                                      <attributes />
                                    </marker>
                                    <text><![CDATA[: ]]></text>
                                    <marker class="ExceptionMessage">
                                      <contents>
                                        <text><![CDATA[Incorrect syntax near the keyword 'ORDER'.]]></text>
                                      </contents>
                                      <attributes />
                                    </marker>
                                    <text><![CDATA[
]]></text>
                                    <marker class="ExceptionPropertyName">
                                      <contents>
                                        <text><![CDATA[Errors]]></text>
                                      </contents>
                                      <attributes />
                                    </marker>
                                    <text><![CDATA[: ]]></text>
                                    <marker class="ExceptionPropertyValue">
                                      <contents>
                                        <text><![CDATA[System.Data.SqlClient.SqlErrorCollection]]></text>
                                      </contents>
                                      <attributes />
                                    </marker>
                                    <text><![CDATA[
]]></text>
                                    <marker class="ExceptionPropertyName">
                                      <contents>
                                        <text><![CDATA[Class]]></text>
                                      </contents>
                                      <attributes />
                                    </marker>
                                    <text><![CDATA[: ]]></text>
                                    <marker class="ExceptionPropertyValue">
                                      <contents>
                                        <text><![CDATA[15]]></text>
                                      </contents>
                                      <attributes />
                                    </marker>
                                    <text><![CDATA[
]]></text>
                                    <marker class="ExceptionPropertyName">
                                      <contents>
                                        <text><![CDATA[LineNumber]]></text>
                                      </contents>
                                      <attributes />
                                    </marker>
                                    <text><![CDATA[: ]]></text>
                                    <marker class="ExceptionPropertyValue">
                                      <contents>
                                        <text><![CDATA[1]]></text>
                                      </contents>
                                      <attributes />
                                    </marker>
                                    <text><![CDATA[
]]></text>
                                    <marker class="ExceptionPropertyName">
                                      <contents>
                                        <text><![CDATA[Number]]></text>
                                      </contents>
                                      <attributes />
                                    </marker>
                                    <text><![CDATA[: ]]></text>
                                    <marker class="ExceptionPropertyValue">
                                      <contents>
                                        <text><![CDATA[156]]></text>
                                      </contents>
                                      <attributes />
                                    </marker>
                                    <text><![CDATA[
]]></text>
                                    <marker class="ExceptionPropertyName">
                                      <contents>
                                        <text><![CDATA[Procedure]]></text>
                                      </contents>
                                      <attributes />
                                    </marker>
                                    <text><![CDATA[: ]]></text>
                                    <marker class="ExceptionPropertyValue">
                                      <contents />
                                      <attributes />
                                    </marker>
                                    <text><![CDATA[
]]></text>
                                    <marker class="ExceptionPropertyName">
                                      <contents>
                                        <text><![CDATA[Server]]></text>
                                      </contents>
                                      <attributes />
                                    </marker>
                                    <text><![CDATA[: ]]></text>
                                    <marker class="ExceptionPropertyValue">
                                      <contents>
                                        <text><![CDATA[ANAXIMANDER\SQLEXPRESS]]></text>
                                      </contents>
                                      <attributes />
                                    </marker>
                                    <text><![CDATA[
]]></text>
                                    <marker class="ExceptionPropertyName">
                                      <contents>
                                        <text><![CDATA[State]]></text>
                                      </contents>
                                      <attributes />
                                    </marker>
                                    <text><![CDATA[: ]]></text>
                                    <marker class="ExceptionPropertyValue">
                                      <contents>
                                        <text><![CDATA[1]]></text>
                                      </contents>
                                      <attributes />
                                    </marker>
                                    <text><![CDATA[
]]></text>
                                    <marker class="ExceptionPropertyName">
                                      <contents>
                                        <text><![CDATA[ErrorCode]]></text>
                                      </contents>
                                      <attributes />
                                    </marker>
                                    <text><![CDATA[: ]]></text>
                                    <marker class="ExceptionPropertyValue">
                                      <contents>
                                        <text><![CDATA[-2146232060]]></text>
                                      </contents>
                                      <attributes />
                                    </marker>
                                    <text><![CDATA[
]]></text>
                                    <marker class="StackTrace">
                                      <contents>
                                        <text><![CDATA[   at System.Data.SqlClient.SqlConnection.OnError(SqlException exception, Boolean breakConnection)
   at System.Data.SqlClient.SqlInternalConnection.OnError(SqlException exception, Boolean breakConnection)
   at System.Data.SqlClient.TdsParser.ThrowExceptionAndWarning(TdsParserStateObject stateObj)
   at System.Data.SqlClient.TdsParser.Run(RunBehavior runBehavior, SqlCommand cmdHandler, SqlDataReader dataStream, BulkCopySimpleResultSet bulkCopyHandler, TdsParserStateObject stateObj)
   at System.Data.SqlClient.SqlDataReader.ConsumeMetaData()
   at System.Data.SqlClient.SqlDataReader.get_MetaData()
   at System.Data.SqlClient.SqlCommand.FinishExecuteReader(SqlDataReader ds, RunBehavior runBehavior, String resetOptionsString)
   at System.Data.SqlClient.SqlCommand.RunExecuteReaderTds(CommandBehavior cmdBehavior, RunBehavior runBehavior, Boolean returnStream, Boolean async)
   at System.Data.SqlClient.SqlCommand.RunExecuteReader(CommandBehavior cmdBehavior, RunBehavior runBehavior, Boolean returnStream, String method, DbAsyncResult result)
   at System.Data.SqlClient.SqlCommand.RunExecuteReader(CommandBehavior cmdBehavior, RunBehavior runBehavior, Boolean returnStream, String method)
   at System.Data.SqlClient.SqlCommand.ExecuteReader(CommandBehavior behavior, String method)
   at System.Data.SqlClient.SqlCommand.ExecuteDbDataReader(CommandBehavior behavior)
   at System.Data.Common.DbCommand.System.Data.IDbCommand.ExecuteReader(CommandBehavior behavior)
   at System.Data.Common.DbDataAdapter.FillInternal(DataSet dataset, DataTable[] datatables, Int32 startRecord, Int32 maxRecords, String srcTable, IDbCommand command, CommandBehavior behavior)
   at System.Data.Common.DbDataAdapter.Fill(DataSet dataSet, Int32 startRecord, Int32 maxRecords, String srcTable, IDbCommand command, CommandBehavior behavior)
   at System.Data.Common.DbDataAdapter.Fill(DataSet dataSet)
   at SubSonic.SqlDataProvider.GetDataSet[T](QueryCommand qry) in ]]></text>
                                        <marker class="CodeLocation">
                                          <contents>
                                            <text><![CDATA[C:\data\SubsonicRoot\ss2\SubSonic\DataProviders\SqlDataProvider.cs:line 438]]></text>
                                          </contents>
                                          <attributes>
                                            <attribute name="line" value="438" />
                                            <attribute name="path" value="C:\data\SubsonicRoot\ss2\SubSonic\DataProviders\SqlDataProvider.cs" />
                                          </attributes>
                                        </marker>
                                        <text><![CDATA[
   at SubSonic.DataProvider.GetDataSet(QueryCommand cmd) in ]]></text>
                                        <marker class="CodeLocation">
                                          <contents>
                                            <text><![CDATA[C:\data\SubsonicRoot\ss2\SubSonic\DataProviders\DataProvider.cs:line 786]]></text>
                                          </contents>
                                          <attributes>
                                            <attribute name="line" value="786" />
                                            <attribute name="path" value="C:\data\SubsonicRoot\ss2\SubSonic\DataProviders\DataProvider.cs" />
                                          </attributes>
                                        </marker>
                                        <text><![CDATA[
   at SubSonic.DataService.GetDataSet(QueryCommand cmd) in ]]></text>
                                        <marker class="CodeLocation">
                                          <contents>
                                            <text><![CDATA[C:\data\SubsonicRoot\ss2\SubSonic\DataProviders\DataService.cs:line 526]]></text>
                                          </contents>
                                          <attributes>
                                            <attribute name="line" value="526" />
                                            <attribute name="path" value="C:\data\SubsonicRoot\ss2\SubSonic\DataProviders\DataService.cs" />
                                          </attributes>
                                        </marker>
                                        <text><![CDATA[
   at SubSonic.Query.ExecuteDataSet() in ]]></text>
                                        <marker class="CodeLocation">
                                          <contents>
                                            <text><![CDATA[C:\data\SubsonicRoot\ss2\SubSonic\Sql Tools\Query.cs:line 1823]]></text>
                                          </contents>
                                          <attributes>
                                            <attribute name="line" value="1823" />
                                            <attribute name="path" value="C:\data\SubsonicRoot\ss2\SubSonic\Sql Tools\Query.cs" />
                                          </attributes>
                                        </marker>
                                        <text><![CDATA[
   at SubSonic.Tests.QueryTest.Query_OrderByCollection() in ]]></text>
                                        <marker class="CodeLocation">
                                          <contents>
                                            <text><![CDATA[C:\data\SubsonicRoot\ss2\SubSonic.Tests\QueryTest.cs:line 658]]></text>
                                          </contents>
                                          <attributes>
                                            <attribute name="line" value="658" />
                                            <attribute name="path" value="C:\data\SubsonicRoot\ss2\SubSonic.Tests\QueryTest.cs" />
                                          </attributes>
                                        </marker>
                                      </contents>
                                      <attributes />
                                    </marker>
                                  </contents>
                                  <attributes />
                                </marker>
                              </contents>
                            </section>
                          </contents>
                        </body>
                      </stream>
                    </streams>
                    <attachments />
                  </testLog>
                </testStepRun>
                <testStepRun startTime="2011-08-05T15:48:44.1493455+09:30" endTime="2011-08-05T15:48:44.2587205+09:30">
                  <testStep id="2bbacfceefcf6198" name="Query_PagingTest_Table" fullName="SubSonic.Tests/QueryTest/Query_PagingTest_Table" testId="5a81c6d8dc67efba" isPrimary="true" isTestCase="true" isDynamic="false">
                    <codeReference assembly="SubSonic.Tests, Version=2.2.1.0, Culture=neutral, PublicKeyToken=null" namespace="SubSonic.Tests" type="SubSonic.Tests.QueryTest" member="Query_PagingTest_Table" />
                    <codeLocation path="C:\data\SubsonicRoot\ss2\SubSonic.Tests\QueryTest.cs" line="390" />
                    <metadata>
                      <entry key="TestKind">
                        <value>Test</value>
                      </entry>
                    </metadata>
                  </testStep>
                  <children />
                  <result assertCount="0" duration="0.0355602">
                    <outcome status="failed" />
                  </result>
                  <testLog>
                    <streams>
                      <stream name="Failures">
                        <body>
                          <contents>
                            <section name="Execute">
                              <contents>
                                <marker class="Exception">
                                  <contents>
                                    <marker class="ExceptionType">
                                      <contents>
                                        <text><![CDATA[System.Data.SqlClient.SqlException]]></text>
                                      </contents>
                                      <attributes />
                                    </marker>
                                    <text><![CDATA[: ]]></text>
                                    <marker class="ExceptionMessage">
                                      <contents>
                                        <text><![CDATA[Incorrect syntax near the keyword 'ORDER'.
Incorrect syntax near the keyword 'ORDER'.]]></text>
                                      </contents>
                                      <attributes />
                                    </marker>
                                    <text><![CDATA[
]]></text>
                                    <marker class="ExceptionPropertyName">
                                      <contents>
                                        <text><![CDATA[Errors]]></text>
                                      </contents>
                                      <attributes />
                                    </marker>
                                    <text><![CDATA[: ]]></text>
                                    <marker class="ExceptionPropertyValue">
                                      <contents>
                                        <text><![CDATA[System.Data.SqlClient.SqlErrorCollection]]></text>
                                      </contents>
                                      <attributes />
                                    </marker>
                                    <text><![CDATA[
]]></text>
                                    <marker class="ExceptionPropertyName">
                                      <contents>
                                        <text><![CDATA[Class]]></text>
                                      </contents>
                                      <attributes />
                                    </marker>
                                    <text><![CDATA[: ]]></text>
                                    <marker class="ExceptionPropertyValue">
                                      <contents>
                                        <text><![CDATA[15]]></text>
                                      </contents>
                                      <attributes />
                                    </marker>
                                    <text><![CDATA[
]]></text>
                                    <marker class="ExceptionPropertyName">
                                      <contents>
                                        <text><![CDATA[LineNumber]]></text>
                                      </contents>
                                      <attributes />
                                    </marker>
                                    <text><![CDATA[: ]]></text>
                                    <marker class="ExceptionPropertyValue">
                                      <contents>
                                        <text><![CDATA[23]]></text>
                                      </contents>
                                      <attributes />
                                    </marker>
                                    <text><![CDATA[
]]></text>
                                    <marker class="ExceptionPropertyName">
                                      <contents>
                                        <text><![CDATA[Number]]></text>
                                      </contents>
                                      <attributes />
                                    </marker>
                                    <text><![CDATA[: ]]></text>
                                    <marker class="ExceptionPropertyValue">
                                      <contents>
                                        <text><![CDATA[156]]></text>
                                      </contents>
                                      <attributes />
                                    </marker>
                                    <text><![CDATA[
]]></text>
                                    <marker class="ExceptionPropertyName">
                                      <contents>
                                        <text><![CDATA[Procedure]]></text>
                                      </contents>
                                      <attributes />
                                    </marker>
                                    <text><![CDATA[: ]]></text>
                                    <marker class="ExceptionPropertyValue">
                                      <contents />
                                      <attributes />
                                    </marker>
                                    <text><![CDATA[
]]></text>
                                    <marker class="ExceptionPropertyName">
                                      <contents>
                                        <text><![CDATA[Server]]></text>
                                      </contents>
                                      <attributes />
                                    </marker>
                                    <text><![CDATA[: ]]></text>
                                    <marker class="ExceptionPropertyValue">
                                      <contents>
                                        <text><![CDATA[ANAXIMANDER\SQLEXPRESS]]></text>
                                      </contents>
                                      <attributes />
                                    </marker>
                                    <text><![CDATA[
]]></text>
                                    <marker class="ExceptionPropertyName">
                                      <contents>
                                        <text><![CDATA[State]]></text>
                                      </contents>
                                      <attributes />
                                    </marker>
                                    <text><![CDATA[: ]]></text>
                                    <marker class="ExceptionPropertyValue">
                                      <contents>
                                        <text><![CDATA[1]]></text>
                                      </contents>
                                      <attributes />
                                    </marker>
                                    <text><![CDATA[
]]></text>
                                    <marker class="ExceptionPropertyName">
                                      <contents>
                                        <text><![CDATA[ErrorCode]]></text>
                                      </contents>
                                      <attributes />
                                    </marker>
                                    <text><![CDATA[: ]]></text>
                                    <marker class="ExceptionPropertyValue">
                                      <contents>
                                        <text><![CDATA[-2146232060]]></text>
                                      </contents>
                                      <attributes />
                                    </marker>
                                    <text><![CDATA[
]]></text>
                                    <marker class="StackTrace">
                                      <contents>
                                        <text><![CDATA[   at System.Data.SqlClient.SqlConnection.OnError(SqlException exception, Boolean breakConnection)
   at System.Data.SqlClient.SqlInternalConnection.OnError(SqlException exception, Boolean breakConnection)
   at System.Data.SqlClient.TdsParser.ThrowExceptionAndWarning(TdsParserStateObject stateObj)
   at System.Data.SqlClient.TdsParser.Run(RunBehavior runBehavior, SqlCommand cmdHandler, SqlDataReader dataStream, BulkCopySimpleResultSet bulkCopyHandler, TdsParserStateObject stateObj)
   at System.Data.SqlClient.SqlDataReader.ConsumeMetaData()
   at System.Data.SqlClient.SqlDataReader.get_MetaData()
   at System.Data.SqlClient.SqlCommand.FinishExecuteReader(SqlDataReader ds, RunBehavior runBehavior, String resetOptionsString)
   at System.Data.SqlClient.SqlCommand.RunExecuteReaderTds(CommandBehavior cmdBehavior, RunBehavior runBehavior, Boolean returnStream, Boolean async)
   at System.Data.SqlClient.SqlCommand.RunExecuteReader(CommandBehavior cmdBehavior, RunBehavior runBehavior, Boolean returnStream, String method, DbAsyncResult result)
   at System.Data.SqlClient.SqlCommand.RunExecuteReader(CommandBehavior cmdBehavior, RunBehavior runBehavior, Boolean returnStream, String method)
   at System.Data.SqlClient.SqlCommand.ExecuteReader(CommandBehavior behavior, String method)
   at System.Data.SqlClient.SqlCommand.ExecuteReader(CommandBehavior behavior)
   at SubSonic.SqlDataProvider.GetReader(QueryCommand qry) in ]]></text>
                                        <marker class="CodeLocation">
                                          <contents>
                                            <text><![CDATA[C:\data\SubsonicRoot\ss2\SubSonic\DataProviders\SqlDataProvider.cs:line 384]]></text>
                                          </contents>
                                          <attributes>
                                            <attribute name="line" value="384" />
                                            <attribute name="path" value="C:\data\SubsonicRoot\ss2\SubSonic\DataProviders\SqlDataProvider.cs" />
                                          </attributes>
                                        </marker>
                                        <text><![CDATA[
   at SubSonic.DataService.GetReader(QueryCommand cmd) in ]]></text>
                                        <marker class="CodeLocation">
                                          <contents>
                                            <text><![CDATA[C:\data\SubsonicRoot\ss2\SubSonic\DataProviders\DataService.cs:line 506]]></text>
                                          </contents>
                                          <attributes>
                                            <attribute name="line" value="506" />
                                            <attribute name="path" value="C:\data\SubsonicRoot\ss2\SubSonic\DataProviders\DataService.cs" />
                                          </attributes>
                                        </marker>
                                        <text><![CDATA[
   at SubSonic.Query.ExecuteReader() in ]]></text>
                                        <marker class="CodeLocation">
                                          <contents>
                                            <text><![CDATA[C:\data\SubsonicRoot\ss2\SubSonic\Sql Tools\Query.cs:line 1814]]></text>
                                          </contents>
                                          <attributes>
                                            <attribute name="line" value="1814" />
                                            <attribute name="path" value="C:\data\SubsonicRoot\ss2\SubSonic\Sql Tools\Query.cs" />
                                          </attributes>
                                        </marker>
                                        <text><![CDATA[
   at SubSonic.Tests.QueryTest.Query_PagingTest_Table() in ]]></text>
                                        <marker class="CodeLocation">
                                          <contents>
                                            <text><![CDATA[C:\data\SubsonicRoot\ss2\SubSonic.Tests\QueryTest.cs:line 396]]></text>
                                          </contents>
                                          <attributes>
                                            <attribute name="line" value="396" />
                                            <attribute name="path" value="C:\data\SubsonicRoot\ss2\SubSonic.Tests\QueryTest.cs" />
                                          </attributes>
                                        </marker>
                                      </contents>
                                      <attributes />
                                    </marker>
                                  </contents>
                                  <attributes />
                                </marker>
                              </contents>
                            </section>
                          </contents>
                        </body>
                      </stream>
                    </streams>
                    <attachments />
                  </testLog>
                </testStepRun>
                <testStepRun startTime="2011-08-05T15:48:44.2743455+09:30" endTime="2011-08-05T15:48:44.3993455+09:30">
                  <testStep id="bd4c46118d8940ee" name="Query_PagingTest_View" fullName="SubSonic.Tests/QueryTest/Query_PagingTest_View" testId="cdc4703821199e54" isPrimary="true" isTestCase="true" isDynamic="false">
                    <codeReference assembly="SubSonic.Tests, Version=2.2.1.0, Culture=neutral, PublicKeyToken=null" namespace="SubSonic.Tests" type="SubSonic.Tests.QueryTest" member="Query_PagingTest_View" />
                    <codeLocation path="C:\data\SubsonicRoot\ss2\SubSonic.Tests\QueryTest.cs" line="411" />
                    <metadata>
                      <entry key="TestKind">
                        <value>Test</value>
                      </entry>
                    </metadata>
                  </testStep>
                  <children />
                  <result assertCount="0" duration="0.045617">
                    <outcome status="failed" />
                  </result>
                  <testLog>
                    <streams>
                      <stream name="Failures">
                        <body>
                          <contents>
                            <section name="Execute">
                              <contents>
                                <marker class="Exception">
                                  <contents>
                                    <marker class="ExceptionType">
                                      <contents>
                                        <text><![CDATA[System.Data.SqlClient.SqlException]]></text>
                                      </contents>
                                      <attributes />
                                    </marker>
                                    <text><![CDATA[: ]]></text>
                                    <marker class="ExceptionMessage">
                                      <contents>
                                        <text><![CDATA[Incorrect syntax near the keyword 'ORDER'.]]></text>
                                      </contents>
                                      <attributes />
                                    </marker>
                                    <text><![CDATA[
]]></text>
                                    <marker class="ExceptionPropertyName">
                                      <contents>
                                        <text><![CDATA[Errors]]></text>
                                      </contents>
                                      <attributes />
                                    </marker>
                                    <text><![CDATA[: ]]></text>
                                    <marker class="ExceptionPropertyValue">
                                      <contents>
                                        <text><![CDATA[System.Data.SqlClient.SqlErrorCollection]]></text>
                                      </contents>
                                      <attributes />
                                    </marker>
                                    <text><![CDATA[
]]></text>
                                    <marker class="ExceptionPropertyName">
                                      <contents>
                                        <text><![CDATA[Class]]></text>
                                      </contents>
                                      <attributes />
                                    </marker>
                                    <text><![CDATA[: ]]></text>
                                    <marker class="ExceptionPropertyValue">
                                      <contents>
                                        <text><![CDATA[15]]></text>
                                      </contents>
                                      <attributes />
                                    </marker>
                                    <text><![CDATA[
]]></text>
                                    <marker class="ExceptionPropertyName">
                                      <contents>
                                        <text><![CDATA[LineNumber]]></text>
                                      </contents>
                                      <attributes />
                                    </marker>
                                    <text><![CDATA[: ]]></text>
                                    <marker class="ExceptionPropertyValue">
                                      <contents>
                                        <text><![CDATA[11]]></text>
                                      </contents>
                                      <attributes />
                                    </marker>
                                    <text><![CDATA[
]]></text>
                                    <marker class="ExceptionPropertyName">
                                      <contents>
                                        <text><![CDATA[Number]]></text>
                                      </contents>
                                      <attributes />
                                    </marker>
                                    <text><![CDATA[: ]]></text>
                                    <marker class="ExceptionPropertyValue">
                                      <contents>
                                        <text><![CDATA[156]]></text>
                                      </contents>
                                      <attributes />
                                    </marker>
                                    <text><![CDATA[
]]></text>
                                    <marker class="ExceptionPropertyName">
                                      <contents>
                                        <text><![CDATA[Procedure]]></text>
                                      </contents>
                                      <attributes />
                                    </marker>
                                    <text><![CDATA[: ]]></text>
                                    <marker class="ExceptionPropertyValue">
                                      <contents />
                                      <attributes />
                                    </marker>
                                    <text><![CDATA[
]]></text>
                                    <marker class="ExceptionPropertyName">
                                      <contents>
                                        <text><![CDATA[Server]]></text>
                                      </contents>
                                      <attributes />
                                    </marker>
                                    <text><![CDATA[: ]]></text>
                                    <marker class="ExceptionPropertyValue">
                                      <contents>
                                        <text><![CDATA[ANAXIMANDER\SQLEXPRESS]]></text>
                                      </contents>
                                      <attributes />
                                    </marker>
                                    <text><![CDATA[
]]></text>
                                    <marker class="ExceptionPropertyName">
                                      <contents>
                                        <text><![CDATA[State]]></text>
                                      </contents>
                                      <attributes />
                                    </marker>
                                    <text><![CDATA[: ]]></text>
                                    <marker class="ExceptionPropertyValue">
                                      <contents>
                                        <text><![CDATA[1]]></text>
                                      </contents>
                                      <attributes />
                                    </marker>
                                    <text><![CDATA[
]]></text>
                                    <marker class="ExceptionPropertyName">
                                      <contents>
                                        <text><![CDATA[ErrorCode]]></text>
                                      </contents>
                                      <attributes />
                                    </marker>
                                    <text><![CDATA[: ]]></text>
                                    <marker class="ExceptionPropertyValue">
                                      <contents>
                                        <text><![CDATA[-2146232060]]></text>
                                      </contents>
                                      <attributes />
                                    </marker>
                                    <text><![CDATA[
]]></text>
                                    <marker class="StackTrace">
                                      <contents>
                                        <text><![CDATA[   at System.Data.SqlClient.SqlConnection.OnError(SqlException exception, Boolean breakConnection)
   at System.Data.SqlClient.SqlInternalConnection.OnError(SqlException exception, Boolean breakConnection)
   at System.Data.SqlClient.TdsParser.ThrowExceptionAndWarning(TdsParserStateObject stateObj)
   at System.Data.SqlClient.TdsParser.Run(RunBehavior runBehavior, SqlCommand cmdHandler, SqlDataReader dataStream, BulkCopySimpleResultSet bulkCopyHandler, TdsParserStateObject stateObj)
   at System.Data.SqlClient.SqlDataReader.ConsumeMetaData()
   at System.Data.SqlClient.SqlDataReader.get_MetaData()
   at System.Data.SqlClient.SqlCommand.FinishExecuteReader(SqlDataReader ds, RunBehavior runBehavior, String resetOptionsString)
   at System.Data.SqlClient.SqlCommand.RunExecuteReaderTds(CommandBehavior cmdBehavior, RunBehavior runBehavior, Boolean returnStream, Boolean async)
   at System.Data.SqlClient.SqlCommand.RunExecuteReader(CommandBehavior cmdBehavior, RunBehavior runBehavior, Boolean returnStream, String method, DbAsyncResult result)
   at System.Data.SqlClient.SqlCommand.RunExecuteReader(CommandBehavior cmdBehavior, RunBehavior runBehavior, Boolean returnStream, String method)
   at System.Data.SqlClient.SqlCommand.ExecuteReader(CommandBehavior behavior, String method)
   at System.Data.SqlClient.SqlCommand.ExecuteReader(CommandBehavior behavior)
   at SubSonic.SqlDataProvider.GetReader(QueryCommand qry) in ]]></text>
                                        <marker class="CodeLocation">
                                          <contents>
                                            <text><![CDATA[C:\data\SubsonicRoot\ss2\SubSonic\DataProviders\SqlDataProvider.cs:line 384]]></text>
                                          </contents>
                                          <attributes>
                                            <attribute name="line" value="384" />
                                            <attribute name="path" value="C:\data\SubsonicRoot\ss2\SubSonic\DataProviders\SqlDataProvider.cs" />
                                          </attributes>
                                        </marker>
                                        <text><![CDATA[
   at SubSonic.DataService.GetReader(QueryCommand cmd) in ]]></text>
                                        <marker class="CodeLocation">
                                          <contents>
                                            <text><![CDATA[C:\data\SubsonicRoot\ss2\SubSonic\DataProviders\DataService.cs:line 506]]></text>
                                          </contents>
                                          <attributes>
                                            <attribute name="line" value="506" />
                                            <attribute name="path" value="C:\data\SubsonicRoot\ss2\SubSonic\DataProviders\DataService.cs" />
                                          </attributes>
                                        </marker>
                                        <text><![CDATA[
   at SubSonic.Query.ExecuteReader() in ]]></text>
                                        <marker class="CodeLocation">
                                          <contents>
                                            <text><![CDATA[C:\data\SubsonicRoot\ss2\SubSonic\Sql Tools\Query.cs:line 1814]]></text>
                                          </contents>
                                          <attributes>
                                            <attribute name="line" value="1814" />
                                            <attribute name="path" value="C:\data\SubsonicRoot\ss2\SubSonic\Sql Tools\Query.cs" />
                                          </attributes>
                                        </marker>
                                        <text><![CDATA[
   at SubSonic.Tests.QueryTest.Query_PagingTest_View() in ]]></text>
                                        <marker class="CodeLocation">
                                          <contents>
                                            <text><![CDATA[C:\data\SubsonicRoot\ss2\SubSonic.Tests\QueryTest.cs:line 417]]></text>
                                          </contents>
                                          <attributes>
                                            <attribute name="line" value="417" />
                                            <attribute name="path" value="C:\data\SubsonicRoot\ss2\SubSonic.Tests\QueryTest.cs" />
                                          </attributes>
                                        </marker>
                                      </contents>
                                      <attributes />
                                    </marker>
                                  </contents>
                                  <attributes />
                                </marker>
                              </contents>
                            </section>
                          </contents>
                        </body>
                      </stream>
                    </streams>
                    <attachments />
                  </testLog>
                </testStepRun>
                <testStepRun startTime="2011-08-05T15:48:44.3993455+09:30" endTime="2011-08-05T15:48:44.5399705+09:30">
                  <testStep id="a3b9eb5a38c13f5" name="Query_Select" fullName="SubSonic.Tests/QueryTest/Query_Select" testId="a2c88f14d4053e39" isPrimary="true" isTestCase="true" isDynamic="false">
                    <codeReference assembly="SubSonic.Tests, Version=2.2.1.0, Culture=neutral, PublicKeyToken=null" namespace="SubSonic.Tests" type="SubSonic.Tests.QueryTest" member="Query_Select" />
                    <codeLocation path="C:\data\SubsonicRoot\ss2\SubSonic.Tests\QueryTest.cs" line="36" />
                    <metadata>
                      <entry key="TestKind">
                        <value>Test</value>
                      </entry>
                    </metadata>
                  </testStep>
                  <children />
                  <result assertCount="0" duration="0.0189762">
                    <outcome status="failed" />
                  </result>
                  <testLog>
                    <streams>
                      <stream name="Failures">
                        <body>
                          <contents>
                            <section name="Execute">
                              <contents>
                                <marker class="Exception">
                                  <contents>
                                    <marker class="ExceptionType">
                                      <contents>
                                        <text><![CDATA[System.Data.SqlClient.SqlException]]></text>
                                      </contents>
                                      <attributes />
                                    </marker>
                                    <text><![CDATA[: ]]></text>
                                    <marker class="ExceptionMessage">
                                      <contents>
                                        <text><![CDATA[Incorrect syntax near the keyword 'ORDER'.]]></text>
                                      </contents>
                                      <attributes />
                                    </marker>
                                    <text><![CDATA[
]]></text>
                                    <marker class="ExceptionPropertyName">
                                      <contents>
                                        <text><![CDATA[Errors]]></text>
                                      </contents>
                                      <attributes />
                                    </marker>
                                    <text><![CDATA[: ]]></text>
                                    <marker class="ExceptionPropertyValue">
                                      <contents>
                                        <text><![CDATA[System.Data.SqlClient.SqlErrorCollection]]></text>
                                      </contents>
                                      <attributes />
                                    </marker>
                                    <text><![CDATA[
]]></text>
                                    <marker class="ExceptionPropertyName">
                                      <contents>
                                        <text><![CDATA[Class]]></text>
                                      </contents>
                                      <attributes />
                                    </marker>
                                    <text><![CDATA[: ]]></text>
                                    <marker class="ExceptionPropertyValue">
                                      <contents>
                                        <text><![CDATA[15]]></text>
                                      </contents>
                                      <attributes />
                                    </marker>
                                    <text><![CDATA[
]]></text>
                                    <marker class="ExceptionPropertyName">
                                      <contents>
                                        <text><![CDATA[LineNumber]]></text>
                                      </contents>
                                      <attributes />
                                    </marker>
                                    <text><![CDATA[: ]]></text>
                                    <marker class="ExceptionPropertyValue">
                                      <contents>
                                        <text><![CDATA[1]]></text>
                                      </contents>
                                      <attributes />
                                    </marker>
                                    <text><![CDATA[
]]></text>
                                    <marker class="ExceptionPropertyName">
                                      <contents>
                                        <text><![CDATA[Number]]></text>
                                      </contents>
                                      <attributes />
                                    </marker>
                                    <text><![CDATA[: ]]></text>
                                    <marker class="ExceptionPropertyValue">
                                      <contents>
                                        <text><![CDATA[156]]></text>
                                      </contents>
                                      <attributes />
                                    </marker>
                                    <text><![CDATA[
]]></text>
                                    <marker class="ExceptionPropertyName">
                                      <contents>
                                        <text><![CDATA[Procedure]]></text>
                                      </contents>
                                      <attributes />
                                    </marker>
                                    <text><![CDATA[: ]]></text>
                                    <marker class="ExceptionPropertyValue">
                                      <contents />
                                      <attributes />
                                    </marker>
                                    <text><![CDATA[
]]></text>
                                    <marker class="ExceptionPropertyName">
                                      <contents>
                                        <text><![CDATA[Server]]></text>
                                      </contents>
                                      <attributes />
                                    </marker>
                                    <text><![CDATA[: ]]></text>
                                    <marker class="ExceptionPropertyValue">
                                      <contents>
                                        <text><![CDATA[ANAXIMANDER\SQLEXPRESS]]></text>
                                      </contents>
                                      <attributes />
                                    </marker>
                                    <text><![CDATA[
]]></text>
                                    <marker class="ExceptionPropertyName">
                                      <contents>
                                        <text><![CDATA[State]]></text>
                                      </contents>
                                      <attributes />
                                    </marker>
                                    <text><![CDATA[: ]]></text>
                                    <marker class="ExceptionPropertyValue">
                                      <contents>
                                        <text><![CDATA[1]]></text>
                                      </contents>
                                      <attributes />
                                    </marker>
                                    <text><![CDATA[
]]></text>
                                    <marker class="ExceptionPropertyName">
                                      <contents>
                                        <text><![CDATA[ErrorCode]]></text>
                                      </contents>
                                      <attributes />
                                    </marker>
                                    <text><![CDATA[: ]]></text>
                                    <marker class="ExceptionPropertyValue">
                                      <contents>
                                        <text><![CDATA[-2146232060]]></text>
                                      </contents>
                                      <attributes />
                                    </marker>
                                    <text><![CDATA[
]]></text>
                                    <marker class="StackTrace">
                                      <contents>
                                        <text><![CDATA[   at System.Data.SqlClient.SqlConnection.OnError(SqlException exception, Boolean breakConnection)
   at System.Data.SqlClient.SqlInternalConnection.OnError(SqlException exception, Boolean breakConnection)
   at System.Data.SqlClient.TdsParser.ThrowExceptionAndWarning(TdsParserStateObject stateObj)
   at System.Data.SqlClient.TdsParser.Run(RunBehavior runBehavior, SqlCommand cmdHandler, SqlDataReader dataStream, BulkCopySimpleResultSet bulkCopyHandler, TdsParserStateObject stateObj)
   at System.Data.SqlClient.SqlDataReader.ConsumeMetaData()
   at System.Data.SqlClient.SqlDataReader.get_MetaData()
   at System.Data.SqlClient.SqlCommand.FinishExecuteReader(SqlDataReader ds, RunBehavior runBehavior, String resetOptionsString)
   at System.Data.SqlClient.SqlCommand.RunExecuteReaderTds(CommandBehavior cmdBehavior, RunBehavior runBehavior, Boolean returnStream, Boolean async)
   at System.Data.SqlClient.SqlCommand.RunExecuteReader(CommandBehavior cmdBehavior, RunBehavior runBehavior, Boolean returnStream, String method, DbAsyncResult result)
   at System.Data.SqlClient.SqlCommand.RunExecuteReader(CommandBehavior cmdBehavior, RunBehavior runBehavior, Boolean returnStream, String method)
   at System.Data.SqlClient.SqlCommand.ExecuteScalar()
   at SubSonic.SqlDataProvider.ExecuteScalar(QueryCommand qry) in ]]></text>
                                        <marker class="CodeLocation">
                                          <contents>
                                            <text><![CDATA[C:\data\SubsonicRoot\ss2\SubSonic\DataProviders\SqlDataProvider.cs:line 463]]></text>
                                          </contents>
                                          <attributes>
                                            <attribute name="line" value="463" />
                                            <attribute name="path" value="C:\data\SubsonicRoot\ss2\SubSonic\DataProviders\SqlDataProvider.cs" />
                                          </attributes>
                                        </marker>
                                        <text><![CDATA[
   at SubSonic.DataService.ExecuteScalar(QueryCommand cmd) in ]]></text>
                                        <marker class="CodeLocation">
                                          <contents>
                                            <text><![CDATA[C:\data\SubsonicRoot\ss2\SubSonic\DataProviders\DataService.cs:line 546]]></text>
                                          </contents>
                                          <attributes>
                                            <attribute name="line" value="546" />
                                            <attribute name="path" value="C:\data\SubsonicRoot\ss2\SubSonic\DataProviders\DataService.cs" />
                                          </attributes>
                                        </marker>
                                        <text><![CDATA[
   at SubSonic.Query.ExecuteScalar() in ]]></text>
                                        <marker class="CodeLocation">
                                          <contents>
                                            <text><![CDATA[C:\data\SubsonicRoot\ss2\SubSonic\Sql Tools\Query.cs:line 1986]]></text>
                                          </contents>
                                          <attributes>
                                            <attribute name="line" value="1986" />
                                            <attribute name="path" value="C:\data\SubsonicRoot\ss2\SubSonic\Sql Tools\Query.cs" />
                                          </attributes>
                                        </marker>
                                        <text><![CDATA[
   at SubSonic.Tests.QueryTest.Query_Select() in ]]></text>
                                        <marker class="CodeLocation">
                                          <contents>
                                            <text><![CDATA[C:\data\SubsonicRoot\ss2\SubSonic.Tests\QueryTest.cs:line 39]]></text>
                                          </contents>
                                          <attributes>
                                            <attribute name="line" value="39" />
                                            <attribute name="path" value="C:\data\SubsonicRoot\ss2\SubSonic.Tests\QueryTest.cs" />
                                          </attributes>
                                        </marker>
                                      </contents>
                                      <attributes />
                                    </marker>
                                  </contents>
                                  <attributes />
                                </marker>
                              </contents>
                            </section>
                          </contents>
                        </body>
                      </stream>
                    </streams>
                    <attachments />
                  </testLog>
                </testStepRun>
                <testStepRun startTime="2011-08-05T15:48:44.5399705+09:30" endTime="2011-08-05T15:48:44.7274705+09:30">
                  <testStep id="a5fb5343fad6036f" name="Query_SelectTop" fullName="SubSonic.Tests/QueryTest/Query_SelectTop" testId="c0b441dbc2631f42" isPrimary="true" isTestCase="true" isDynamic="false">
                    <codeReference assembly="SubSonic.Tests, Version=2.2.1.0, Culture=neutral, PublicKeyToken=null" namespace="SubSonic.Tests" type="SubSonic.Tests.QueryTest" member="Query_SelectTop" />
                    <codeLocation path="C:\data\SubsonicRoot\ss2\SubSonic.Tests\QueryTest.cs" line="49" />
                    <metadata>
                      <entry key="TestKind">
                        <value>Test</value>
                      </entry>
                    </metadata>
                  </testStep>
                  <children />
                  <result assertCount="0" duration="0.0875672">
                    <outcome status="failed" />
                  </result>
                  <testLog>
                    <streams>
                      <stream name="Failures">
                        <body>
                          <contents>
                            <section name="Execute">
                              <contents>
                                <marker class="Exception">
                                  <contents>
                                    <marker class="ExceptionType">
                                      <contents>
                                        <text><![CDATA[System.Data.SqlClient.SqlException]]></text>
                                      </contents>
                                      <attributes />
                                    </marker>
                                    <text><![CDATA[: ]]></text>
                                    <marker class="ExceptionMessage">
                                      <contents>
                                        <text><![CDATA[Incorrect syntax near the keyword 'ORDER'.]]></text>
                                      </contents>
                                      <attributes />
                                    </marker>
                                    <text><![CDATA[
]]></text>
                                    <marker class="ExceptionPropertyName">
                                      <contents>
                                        <text><![CDATA[Errors]]></text>
                                      </contents>
                                      <attributes />
                                    </marker>
                                    <text><![CDATA[: ]]></text>
                                    <marker class="ExceptionPropertyValue">
                                      <contents>
                                        <text><![CDATA[System.Data.SqlClient.SqlErrorCollection]]></text>
                                      </contents>
                                      <attributes />
                                    </marker>
                                    <text><![CDATA[
]]></text>
                                    <marker class="ExceptionPropertyName">
                                      <contents>
                                        <text><![CDATA[Class]]></text>
                                      </contents>
                                      <attributes />
                                    </marker>
                                    <text><![CDATA[: ]]></text>
                                    <marker class="ExceptionPropertyValue">
                                      <contents>
                                        <text><![CDATA[15]]></text>
                                      </contents>
                                      <attributes />
                                    </marker>
                                    <text><![CDATA[
]]></text>
                                    <marker class="ExceptionPropertyName">
                                      <contents>
                                        <text><![CDATA[LineNumber]]></text>
                                      </contents>
                                      <attributes />
                                    </marker>
                                    <text><![CDATA[: ]]></text>
                                    <marker class="ExceptionPropertyValue">
                                      <contents>
                                        <text><![CDATA[1]]></text>
                                      </contents>
                                      <attributes />
                                    </marker>
                                    <text><![CDATA[
]]></text>
                                    <marker class="ExceptionPropertyName">
                                      <contents>
                                        <text><![CDATA[Number]]></text>
                                      </contents>
                                      <attributes />
                                    </marker>
                                    <text><![CDATA[: ]]></text>
                                    <marker class="ExceptionPropertyValue">
                                      <contents>
                                        <text><![CDATA[156]]></text>
                                      </contents>
                                      <attributes />
                                    </marker>
                                    <text><![CDATA[
]]></text>
                                    <marker class="ExceptionPropertyName">
                                      <contents>
                                        <text><![CDATA[Procedure]]></text>
                                      </contents>
                                      <attributes />
                                    </marker>
                                    <text><![CDATA[: ]]></text>
                                    <marker class="ExceptionPropertyValue">
                                      <contents />
                                      <attributes />
                                    </marker>
                                    <text><![CDATA[
]]></text>
                                    <marker class="ExceptionPropertyName">
                                      <contents>
                                        <text><![CDATA[Server]]></text>
                                      </contents>
                                      <attributes />
                                    </marker>
                                    <text><![CDATA[: ]]></text>
                                    <marker class="ExceptionPropertyValue">
                                      <contents>
                                        <text><![CDATA[ANAXIMANDER\SQLEXPRESS]]></text>
                                      </contents>
                                      <attributes />
                                    </marker>
                                    <text><![CDATA[
]]></text>
                                    <marker class="ExceptionPropertyName">
                                      <contents>
                                        <text><![CDATA[State]]></text>
                                      </contents>
                                      <attributes />
                                    </marker>
                                    <text><![CDATA[: ]]></text>
                                    <marker class="ExceptionPropertyValue">
                                      <contents>
                                        <text><![CDATA[1]]></text>
                                      </contents>
                                      <attributes />
                                    </marker>
                                    <text><![CDATA[
]]></text>
                                    <marker class="ExceptionPropertyName">
                                      <contents>
                                        <text><![CDATA[ErrorCode]]></text>
                                      </contents>
                                      <attributes />
                                    </marker>
                                    <text><![CDATA[: ]]></text>
                                    <marker class="ExceptionPropertyValue">
                                      <contents>
                                        <text><![CDATA[-2146232060]]></text>
                                      </contents>
                                      <attributes />
                                    </marker>
                                    <text><![CDATA[
]]></text>
                                    <marker class="StackTrace">
                                      <contents>
                                        <text><![CDATA[   at System.Data.SqlClient.SqlConnection.OnError(SqlException exception, Boolean breakConnection)
   at System.Data.SqlClient.SqlInternalConnection.OnError(SqlException exception, Boolean breakConnection)
   at System.Data.SqlClient.TdsParser.ThrowExceptionAndWarning(TdsParserStateObject stateObj)
   at System.Data.SqlClient.TdsParser.Run(RunBehavior runBehavior, SqlCommand cmdHandler, SqlDataReader dataStream, BulkCopySimpleResultSet bulkCopyHandler, TdsParserStateObject stateObj)
   at System.Data.SqlClient.SqlDataReader.ConsumeMetaData()
   at System.Data.SqlClient.SqlDataReader.get_MetaData()
   at System.Data.SqlClient.SqlCommand.FinishExecuteReader(SqlDataReader ds, RunBehavior runBehavior, String resetOptionsString)
   at System.Data.SqlClient.SqlCommand.RunExecuteReaderTds(CommandBehavior cmdBehavior, RunBehavior runBehavior, Boolean returnStream, Boolean async)
   at System.Data.SqlClient.SqlCommand.RunExecuteReader(CommandBehavior cmdBehavior, RunBehavior runBehavior, Boolean returnStream, String method, DbAsyncResult result)
   at System.Data.SqlClient.SqlCommand.RunExecuteReader(CommandBehavior cmdBehavior, RunBehavior runBehavior, Boolean returnStream, String method)
   at System.Data.SqlClient.SqlCommand.ExecuteReader(CommandBehavior behavior, String method)
   at System.Data.SqlClient.SqlCommand.ExecuteReader(CommandBehavior behavior)
   at SubSonic.SqlDataProvider.GetReader(QueryCommand qry) in ]]></text>
                                        <marker class="CodeLocation">
                                          <contents>
                                            <text><![CDATA[C:\data\SubsonicRoot\ss2\SubSonic\DataProviders\SqlDataProvider.cs:line 384]]></text>
                                          </contents>
                                          <attributes>
                                            <attribute name="line" value="384" />
                                            <attribute name="path" value="C:\data\SubsonicRoot\ss2\SubSonic\DataProviders\SqlDataProvider.cs" />
                                          </attributes>
                                        </marker>
                                        <text><![CDATA[
   at SubSonic.DataService.GetReader(QueryCommand cmd) in ]]></text>
                                        <marker class="CodeLocation">
                                          <contents>
                                            <text><![CDATA[C:\data\SubsonicRoot\ss2\SubSonic\DataProviders\DataService.cs:line 506]]></text>
                                          </contents>
                                          <attributes>
                                            <attribute name="line" value="506" />
                                            <attribute name="path" value="C:\data\SubsonicRoot\ss2\SubSonic\DataProviders\DataService.cs" />
                                          </attributes>
                                        </marker>
                                        <text><![CDATA[
   at SubSonic.Query.ExecuteReader() in ]]></text>
                                        <marker class="CodeLocation">
                                          <contents>
                                            <text><![CDATA[C:\data\SubsonicRoot\ss2\SubSonic\Sql Tools\Query.cs:line 1814]]></text>
                                          </contents>
                                          <attributes>
                                            <attribute name="line" value="1814" />
                                            <attribute name="path" value="C:\data\SubsonicRoot\ss2\SubSonic\Sql Tools\Query.cs" />
                                          </attributes>
                                        </marker>
                                        <text><![CDATA[
   at SubSonic.Tests.QueryTest.Query_SelectTop() in ]]></text>
                                        <marker class="CodeLocation">
                                          <contents>
                                            <text><![CDATA[C:\data\SubsonicRoot\ss2\SubSonic.Tests\QueryTest.cs:line 61]]></text>
                                          </contents>
                                          <attributes>
                                            <attribute name="line" value="61" />
                                            <attribute name="path" value="C:\data\SubsonicRoot\ss2\SubSonic.Tests\QueryTest.cs" />
                                          </attributes>
                                        </marker>
                                      </contents>
                                      <attributes />
                                    </marker>
                                  </contents>
                                  <attributes />
                                </marker>
                              </contents>
                            </section>
                          </contents>
                        </body>
                      </stream>
                    </streams>
                    <attachments />
                  </testLog>
                </testStepRun>
                <testStepRun startTime="2011-08-05T15:48:44.7274705+09:30" endTime="2011-08-05T15:48:44.8368455+09:30">
                  <testStep id="1e19ceb58c15d4e2" name="Query_Updates" fullName="SubSonic.Tests/QueryTest/Query_Updates" testId="272720888d8539d2" isPrimary="true" isTestCase="true" isDynamic="false">
                    <codeReference assembly="SubSonic.Tests, Version=2.2.1.0, Culture=neutral, PublicKeyToken=null" namespace="SubSonic.Tests" type="SubSonic.Tests.QueryTest" member="Query_Updates" />
                    <codeLocation path="C:\data\SubsonicRoot\ss2\SubSonic.Tests\QueryTest.cs" line="76" />
                    <metadata>
                      <entry key="TestKind">
                        <value>Test</value>
                      </entry>
                    </metadata>
                  </testStep>
                  <children />
                  <result assertCount="0" duration="0.0763649">
                    <outcome status="failed" />
                  </result>
                  <testLog>
                    <streams>
                      <stream name="Failures">
                        <body>
                          <contents>
                            <section name="Execute">
                              <contents>
                                <marker class="Exception">
                                  <contents>
                                    <marker class="ExceptionType">
                                      <contents>
                                        <text><![CDATA[System.Data.SqlClient.SqlException]]></text>
                                      </contents>
                                      <attributes />
                                    </marker>
                                    <text><![CDATA[: ]]></text>
                                    <marker class="ExceptionMessage">
                                      <contents>
                                        <text><![CDATA[Incorrect syntax near the keyword 'ORDER'.]]></text>
                                      </contents>
                                      <attributes />
                                    </marker>
                                    <text><![CDATA[
]]></text>
                                    <marker class="ExceptionPropertyName">
                                      <contents>
                                        <text><![CDATA[Errors]]></text>
                                      </contents>
                                      <attributes />
                                    </marker>
                                    <text><![CDATA[: ]]></text>
                                    <marker class="ExceptionPropertyValue">
                                      <contents>
                                        <text><![CDATA[System.Data.SqlClient.SqlErrorCollection]]></text>
                                      </contents>
                                      <attributes />
                                    </marker>
                                    <text><![CDATA[
]]></text>
                                    <marker class="ExceptionPropertyName">
                                      <contents>
                                        <text><![CDATA[Class]]></text>
                                      </contents>
                                      <attributes />
                                    </marker>
                                    <text><![CDATA[: ]]></text>
                                    <marker class="ExceptionPropertyValue">
                                      <contents>
                                        <text><![CDATA[15]]></text>
                                      </contents>
                                      <attributes />
                                    </marker>
                                    <text><![CDATA[
]]></text>
                                    <marker class="ExceptionPropertyName">
                                      <contents>
                                        <text><![CDATA[LineNumber]]></text>
                                      </contents>
                                      <attributes />
                                    </marker>
                                    <text><![CDATA[: ]]></text>
                                    <marker class="ExceptionPropertyValue">
                                      <contents>
                                        <text><![CDATA[1]]></text>
                                      </contents>
                                      <attributes />
                                    </marker>
                                    <text><![CDATA[
]]></text>
                                    <marker class="ExceptionPropertyName">
                                      <contents>
                                        <text><![CDATA[Number]]></text>
                                      </contents>
                                      <attributes />
                                    </marker>
                                    <text><![CDATA[: ]]></text>
                                    <marker class="ExceptionPropertyValue">
                                      <contents>
                                        <text><![CDATA[156]]></text>
                                      </contents>
                                      <attributes />
                                    </marker>
                                    <text><![CDATA[
]]></text>
                                    <marker class="ExceptionPropertyName">
                                      <contents>
                                        <text><![CDATA[Procedure]]></text>
                                      </contents>
                                      <attributes />
                                    </marker>
                                    <text><![CDATA[: ]]></text>
                                    <marker class="ExceptionPropertyValue">
                                      <contents />
                                      <attributes />
                                    </marker>
                                    <text><![CDATA[
]]></text>
                                    <marker class="ExceptionPropertyName">
                                      <contents>
                                        <text><![CDATA[Server]]></text>
                                      </contents>
                                      <attributes />
                                    </marker>
                                    <text><![CDATA[: ]]></text>
                                    <marker class="ExceptionPropertyValue">
                                      <contents>
                                        <text><![CDATA[ANAXIMANDER\SQLEXPRESS]]></text>
                                      </contents>
                                      <attributes />
                                    </marker>
                                    <text><![CDATA[
]]></text>
                                    <marker class="ExceptionPropertyName">
                                      <contents>
                                        <text><![CDATA[State]]></text>
                                      </contents>
                                      <attributes />
                                    </marker>
                                    <text><![CDATA[: ]]></text>
                                    <marker class="ExceptionPropertyValue">
                                      <contents>
                                        <text><![CDATA[1]]></text>
                                      </contents>
                                      <attributes />
                                    </marker>
                                    <text><![CDATA[
]]></text>
                                    <marker class="ExceptionPropertyName">
                                      <contents>
                                        <text><![CDATA[ErrorCode]]></text>
                                      </contents>
                                      <attributes />
                                    </marker>
                                    <text><![CDATA[: ]]></text>
                                    <marker class="ExceptionPropertyValue">
                                      <contents>
                                        <text><![CDATA[-2146232060]]></text>
                                      </contents>
                                      <attributes />
                                    </marker>
                                    <text><![CDATA[
]]></text>
                                    <marker class="StackTrace">
                                      <contents>
                                        <text><![CDATA[   at System.Data.SqlClient.SqlConnection.OnError(SqlException exception, Boolean breakConnection)
   at System.Data.SqlClient.SqlInternalConnection.OnError(SqlException exception, Boolean breakConnection)
   at System.Data.SqlClient.TdsParser.ThrowExceptionAndWarning(TdsParserStateObject stateObj)
   at System.Data.SqlClient.TdsParser.Run(RunBehavior runBehavior, SqlCommand cmdHandler, SqlDataReader dataStream, BulkCopySimpleResultSet bulkCopyHandler, TdsParserStateObject stateObj)
   at System.Data.SqlClient.SqlDataReader.ConsumeMetaData()
   at System.Data.SqlClient.SqlDataReader.get_MetaData()
   at System.Data.SqlClient.SqlCommand.FinishExecuteReader(SqlDataReader ds, RunBehavior runBehavior, String resetOptionsString)
   at System.Data.SqlClient.SqlCommand.RunExecuteReaderTds(CommandBehavior cmdBehavior, RunBehavior runBehavior, Boolean returnStream, Boolean async)
   at System.Data.SqlClient.SqlCommand.RunExecuteReader(CommandBehavior cmdBehavior, RunBehavior runBehavior, Boolean returnStream, String method, DbAsyncResult result)
   at System.Data.SqlClient.SqlCommand.RunExecuteReader(CommandBehavior cmdBehavior, RunBehavior runBehavior, Boolean returnStream, String method)
   at System.Data.SqlClient.SqlCommand.ExecuteReader(CommandBehavior behavior, String method)
   at System.Data.SqlClient.SqlCommand.ExecuteReader(CommandBehavior behavior)
   at SubSonic.SqlDataProvider.GetReader(QueryCommand qry) in ]]></text>
                                        <marker class="CodeLocation">
                                          <contents>
                                            <text><![CDATA[C:\data\SubsonicRoot\ss2\SubSonic\DataProviders\SqlDataProvider.cs:line 384]]></text>
                                          </contents>
                                          <attributes>
                                            <attribute name="line" value="384" />
                                            <attribute name="path" value="C:\data\SubsonicRoot\ss2\SubSonic\DataProviders\SqlDataProvider.cs" />
                                          </attributes>
                                        </marker>
                                        <text><![CDATA[
   at SubSonic.DataService.GetReader(QueryCommand cmd) in ]]></text>
                                        <marker class="CodeLocation">
                                          <contents>
                                            <text><![CDATA[C:\data\SubsonicRoot\ss2\SubSonic\DataProviders\DataService.cs:line 506]]></text>
                                          </contents>
                                          <attributes>
                                            <attribute name="line" value="506" />
                                            <attribute name="path" value="C:\data\SubsonicRoot\ss2\SubSonic\DataProviders\DataService.cs" />
                                          </attributes>
                                        </marker>
                                        <text><![CDATA[
   at SubSonic.Query.ExecuteReader() in ]]></text>
                                        <marker class="CodeLocation">
                                          <contents>
                                            <text><![CDATA[C:\data\SubsonicRoot\ss2\SubSonic\Sql Tools\Query.cs:line 1814]]></text>
                                          </contents>
                                          <attributes>
                                            <attribute name="line" value="1814" />
                                            <attribute name="path" value="C:\data\SubsonicRoot\ss2\SubSonic\Sql Tools\Query.cs" />
                                          </attributes>
                                        </marker>
                                        <text><![CDATA[
   at SubSonic.Tests.QueryTest.Query_Updates() in ]]></text>
                                        <marker class="CodeLocation">
                                          <contents>
                                            <text><![CDATA[C:\data\SubsonicRoot\ss2\SubSonic.Tests\QueryTest.cs:line 88]]></text>
                                          </contents>
                                          <attributes>
                                            <attribute name="line" value="88" />
                                            <attribute name="path" value="C:\data\SubsonicRoot\ss2\SubSonic.Tests\QueryTest.cs" />
                                          </attributes>
                                        </marker>
                                      </contents>
                                      <attributes />
                                    </marker>
                                  </contents>
                                  <attributes />
                                </marker>
                              </contents>
                            </section>
                          </contents>
                        </body>
                      </stream>
                    </streams>
                    <attachments />
                  </testLog>
                </testStepRun>
                <testStepRun startTime="2011-08-05T15:48:44.8524705+09:30" endTime="2011-08-05T15:48:44.8524705+09:30">
                  <testStep id="97d5ef9da26af045" name="Query_View" fullName="SubSonic.Tests/QueryTest/Query_View" testId="3ba9feda1f204305" isPrimary="true" isTestCase="true" isDynamic="false">
                    <codeReference assembly="SubSonic.Tests, Version=2.2.1.0, Culture=neutral, PublicKeyToken=null" namespace="SubSonic.Tests" type="SubSonic.Tests.QueryTest" member="Query_View" />
                    <codeLocation path="C:\data\SubsonicRoot\ss2\SubSonic.Tests\QueryTest.cs" line="121" />
                    <metadata>
                      <entry key="TestKind">
                        <value>Test</value>
                      </entry>
                    </metadata>
                  </testStep>
                  <children />
                  <result assertCount="1" duration="0.0794521">
                    <outcome status="passed" />
                  </result>
                  <testLog>
                    <streams />
                    <attachments />
                  </testLog>
                </testStepRun>
                <testStepRun startTime="2011-08-05T15:48:44.8524705+09:30" endTime="2011-08-05T15:48:44.8680955+09:30">
                  <testStep id="7545cc4b27aaf2f" name="QueryExecuteJoinedDataSet_AddBetweenAnd" fullName="SubSonic.Tests/QueryTest/QueryExecuteJoinedDataSet_AddBetweenAnd" testId="f731cdc721ce1572" isPrimary="true" isTestCase="true" isDynamic="false">
                    <codeReference assembly="SubSonic.Tests, Version=2.2.1.0, Culture=neutral, PublicKeyToken=null" namespace="SubSonic.Tests" type="SubSonic.Tests.QueryTest" member="QueryExecuteJoinedDataSet_AddBetweenAnd" />
                    <codeLocation path="C:\data\SubsonicRoot\ss2\SubSonic.Tests\QueryTest.cs" line="488" />
                    <metadata>
                      <entry key="TestKind">
                        <value>Test</value>
                      </entry>
                    </metadata>
                  </testStep>
                  <children />
                  <result assertCount="1" duration="0.0253454">
                    <outcome status="passed" />
                  </result>
                  <testLog>
                    <streams />
                    <attachments />
                  </testLog>
                </testStepRun>
                <testStepRun startTime="2011-08-05T15:48:44.8680955+09:30" endTime="2011-08-05T15:48:44.8680955+09:30">
                  <testStep id="b41a2443977f5ad3" name="QueryExecuteJoinedDataSet_AddBetweenAnd_WithExtraWhereCondition" fullName="SubSonic.Tests/QueryTest/QueryExecuteJoinedDataSet_AddBetweenAnd_WithExtraWhereCondition" testId="eb0bb31b0dfbb705" isPrimary="true" isTestCase="true" isDynamic="false">
                    <codeReference assembly="SubSonic.Tests, Version=2.2.1.0, Culture=neutral, PublicKeyToken=null" namespace="SubSonic.Tests" type="SubSonic.Tests.QueryTest" member="QueryExecuteJoinedDataSet_AddBetweenAnd_WithExtraWhereCondition" />
                    <codeLocation path="C:\data\SubsonicRoot\ss2\SubSonic.Tests\QueryTest.cs" line="501" />
                    <metadata>
                      <entry key="TestKind">
                        <value>Test</value>
                      </entry>
                    </metadata>
                  </testStep>
                  <children />
                  <result assertCount="1" duration="0.012254">
                    <outcome status="passed" />
                  </result>
                  <testLog>
                    <streams />
                    <attachments />
                  </testLog>
                </testStepRun>
                <testStepRun startTime="2011-08-05T15:48:44.8837205+09:30" endTime="2011-08-05T15:48:44.8837205+09:30">
                  <testStep id="6a25f1a739fd7b5b" name="QueryExecuteJoinedDataSet_BETWEEN_AND" fullName="SubSonic.Tests/QueryTest/QueryExecuteJoinedDataSet_BETWEEN_AND" testId="8d587e2a307ad8c7" isPrimary="true" isTestCase="true" isDynamic="false">
                    <codeReference assembly="SubSonic.Tests, Version=2.2.1.0, Culture=neutral, PublicKeyToken=null" namespace="SubSonic.Tests" type="SubSonic.Tests.QueryTest" member="QueryExecuteJoinedDataSet_BETWEEN_AND" />
                    <codeLocation path="C:\data\SubsonicRoot\ss2\SubSonic.Tests\QueryTest.cs" line="515" />
                    <metadata>
                      <entry key="TestKind">
                        <value>Test</value>
                      </entry>
                    </metadata>
                  </testStep>
                  <children />
                  <result assertCount="1" duration="0.010129299999999999">
                    <outcome status="passed" />
                  </result>
                  <testLog>
                    <streams />
                    <attachments />
                  </testLog>
                </testStepRun>
                <testStepRun startTime="2011-08-05T15:48:44.8837205+09:30" endTime="2011-08-05T15:48:44.8993455+09:30">
                  <testStep id="16d36fcbfca18a4f" name="QueryExecuteJoinedDataSet_BETWEEN_AND_WithExtraWhereCondition" fullName="SubSonic.Tests/QueryTest/QueryExecuteJoinedDataSet_BETWEEN_AND_WithExtraWhereCondition" testId="ea1e9dc1c4c51a8b" isPrimary="true" isTestCase="true" isDynamic="false">
                    <codeReference assembly="SubSonic.Tests, Version=2.2.1.0, Culture=neutral, PublicKeyToken=null" namespace="SubSonic.Tests" type="SubSonic.Tests.QueryTest" member="QueryExecuteJoinedDataSet_BETWEEN_AND_WithExtraWhereCondition" />
                    <codeLocation path="C:\data\SubsonicRoot\ss2\SubSonic.Tests\QueryTest.cs" line="529" />
                    <metadata>
                      <entry key="TestKind">
                        <value>Test</value>
                      </entry>
                    </metadata>
                  </testStep>
                  <children />
                  <result assertCount="1" duration="0.0424853">
                    <outcome status="passed" />
                  </result>
                  <testLog>
                    <streams />
                    <attachments />
                  </testLog>
                </testStepRun>
                <testStepRun startTime="2011-08-05T15:48:44.8993455+09:30" endTime="2011-08-05T15:48:44.8993455+09:30">
                  <testStep id="8a2a3fbaeaf6a6ce" name="QueryExecuteJoinedDataSet_IN_ArrayList" fullName="SubSonic.Tests/QueryTest/QueryExecuteJoinedDataSet_IN_ArrayList" testId="c0b5e4308c07981a" isPrimary="true" isTestCase="true" isDynamic="false">
                    <codeReference assembly="SubSonic.Tests, Version=2.2.1.0, Culture=neutral, PublicKeyToken=null" namespace="SubSonic.Tests" type="SubSonic.Tests.QueryTest" member="QueryExecuteJoinedDataSet_IN_ArrayList" />
                    <codeLocation path="C:\data\SubsonicRoot\ss2\SubSonic.Tests\QueryTest.cs" line="575" />
                    <metadata>
                      <entry key="TestKind">
                        <value>Test</value>
                      </entry>
                    </metadata>
                  </testStep>
                  <children />
                  <result assertCount="1" duration="0.019441399999999998">
                    <outcome status="passed" />
                  </result>
                  <testLog>
                    <streams />
                    <attachments />
                  </testLog>
                </testStepRun>
                <testStepRun startTime="2011-08-05T15:48:44.8993455+09:30" endTime="2011-08-05T15:48:44.9149705+09:30">
                  <testStep id="53f34f556f489287" name="QueryExecuteJoinedDataSet_IN_ListCollection" fullName="SubSonic.Tests/QueryTest/QueryExecuteJoinedDataSet_IN_ListCollection" testId="9d2ad9c822735e82" isPrimary="true" isTestCase="true" isDynamic="false">
                    <codeReference assembly="SubSonic.Tests, Version=2.2.1.0, Culture=neutral, PublicKeyToken=null" namespace="SubSonic.Tests" type="SubSonic.Tests.QueryTest" member="QueryExecuteJoinedDataSet_IN_ListCollection" />
                    <codeLocation path="C:\data\SubsonicRoot\ss2\SubSonic.Tests\QueryTest.cs" line="556" />
                    <metadata>
                      <entry key="TestKind">
                        <value>Test</value>
                      </entry>
                    </metadata>
                  </testStep>
                  <children />
                  <result assertCount="1" duration="0.0241934">
                    <outcome status="passed" />
                  </result>
                  <testLog>
                    <streams />
                    <attachments />
                  </testLog>
                </testStepRun>
                <testStepRun startTime="2011-08-05T15:48:44.9149705+09:30" endTime="2011-08-05T15:48:44.9149705+09:30">
                  <testStep id="cb0650f390cfa66" name="QueryExecuteJoinedDataSet_IN_ObjectArray" fullName="SubSonic.Tests/QueryTest/QueryExecuteJoinedDataSet_IN_ObjectArray" testId="870697a7f37cef92" isPrimary="true" isTestCase="true" isDynamic="false">
                    <codeReference assembly="SubSonic.Tests, Version=2.2.1.0, Culture=neutral, PublicKeyToken=null" namespace="SubSonic.Tests" type="SubSonic.Tests.QueryTest" member="QueryExecuteJoinedDataSet_IN_ObjectArray" />
                    <codeLocation path="C:\data\SubsonicRoot\ss2\SubSonic.Tests\QueryTest.cs" line="545" />
                    <metadata>
                      <entry key="TestKind">
                        <value>Test</value>
                      </entry>
                    </metadata>
                  </testStep>
                  <children />
                  <result assertCount="1" duration="0.0103106">
                    <outcome status="passed" />
                  </result>
                  <testLog>
                    <streams />
                    <attachments />
                  </testLog>
                </testStepRun>
                <testStepRun startTime="2011-08-05T15:48:44.9149705+09:30" endTime="2011-08-05T15:48:44.9305955+09:30">
                  <testStep id="ac377d053944804d" name="QueryExecuteJoinedDataSet_NOT_IN_ArrayList" fullName="SubSonic.Tests/QueryTest/QueryExecuteJoinedDataSet_NOT_IN_ArrayList" testId="c51cd3763d8fcd4e" isPrimary="true" isTestCase="true" isDynamic="false">
                    <codeReference assembly="SubSonic.Tests, Version=2.2.1.0, Culture=neutral, PublicKeyToken=null" namespace="SubSonic.Tests" type="SubSonic.Tests.QueryTest" member="QueryExecuteJoinedDataSet_NOT_IN_ArrayList" />
                    <codeLocation path="C:\data\SubsonicRoot\ss2\SubSonic.Tests\QueryTest.cs" line="620" />
                    <metadata>
                      <entry key="TestKind">
                        <value>Test</value>
                      </entry>
                    </metadata>
                  </testStep>
                  <children />
                  <result assertCount="1" duration="0.017297299999999998">
                    <outcome status="passed" />
                  </result>
                  <testLog>
                    <streams />
                    <attachments />
                  </testLog>
                </testStepRun>
                <testStepRun startTime="2011-08-05T15:48:44.9305955+09:30" endTime="2011-08-05T15:48:44.9305955+09:30">
                  <testStep id="52e3dd2e51f6ec16" name="QueryExecuteJoinedDataSet_NOT_IN_ListCollection" fullName="SubSonic.Tests/QueryTest/QueryExecuteJoinedDataSet_NOT_IN_ListCollection" testId="80c7207db2b7b112" isPrimary="true" isTestCase="true" isDynamic="false">
                    <codeReference assembly="SubSonic.Tests, Version=2.2.1.0, Culture=neutral, PublicKeyToken=null" namespace="SubSonic.Tests" type="SubSonic.Tests.QueryTest" member="QueryExecuteJoinedDataSet_NOT_IN_ListCollection" />
                    <codeLocation path="C:\data\SubsonicRoot\ss2\SubSonic.Tests\QueryTest.cs" line="601" />
                    <metadata>
                      <entry key="TestKind">
                        <value>Test</value>
                      </entry>
                    </metadata>
                  </testStep>
                  <children />
                  <result assertCount="1" duration="0.011971899999999999">
                    <outcome status="passed" />
                  </result>
                  <testLog>
                    <streams />
                    <attachments />
                  </testLog>
                </testStepRun>
                <testStepRun startTime="2011-08-05T15:48:44.9305955+09:30" endTime="2011-08-05T15:48:44.9462205+09:30">
                  <testStep id="dc4e364121ffa8d5" name="QueryExecuteJoinedDataSet_NOT_IN_ObjectArray" fullName="SubSonic.Tests/QueryTest/QueryExecuteJoinedDataSet_NOT_IN_ObjectArray" testId="c4a9d33534bc9118" isPrimary="true" isTestCase="true" isDynamic="false">
                    <codeReference assembly="SubSonic.Tests, Version=2.2.1.0, Culture=neutral, PublicKeyToken=null" namespace="SubSonic.Tests" type="SubSonic.Tests.QueryTest" member="QueryExecuteJoinedDataSet_NOT_IN_ObjectArray" />
                    <codeLocation path="C:\data\SubsonicRoot\ss2\SubSonic.Tests\QueryTest.cs" line="590" />
                    <metadata>
                      <entry key="TestKind">
                        <value>Test</value>
                      </entry>
                    </metadata>
                  </testStep>
                  <children />
                  <result assertCount="1" duration="0.022947199999999997">
                    <outcome status="passed" />
                  </result>
                  <testLog>
                    <streams />
                    <attachments />
                  </testLog>
                </testStepRun>
                <testStepRun startTime="2011-08-05T15:48:44.9462205+09:30" endTime="2011-08-05T15:48:45.0868455+09:30">
                  <testStep id="b470312f1956db98" name="QueryExecuteJoinedDataSet_ORDER_BY" fullName="SubSonic.Tests/QueryTest/QueryExecuteJoinedDataSet_ORDER_BY" testId="3a7d99bc8d4f20fb" isPrimary="true" isTestCase="true" isDynamic="false">
                    <codeReference assembly="SubSonic.Tests, Version=2.2.1.0, Culture=neutral, PublicKeyToken=null" namespace="SubSonic.Tests" type="SubSonic.Tests.QueryTest" member="QueryExecuteJoinedDataSet_ORDER_BY" />
                    <codeLocation path="C:\data\SubsonicRoot\ss2\SubSonic.Tests\QueryTest.cs" line="741" />
                    <metadata>
                      <entry key="TestKind">
                        <value>Test</value>
                      </entry>
                    </metadata>
                  </testStep>
                  <children />
                  <result assertCount="0" duration="0.0192522">
                    <outcome status="failed" />
                  </result>
                  <testLog>
                    <streams>
                      <stream name="Failures">
                        <body>
                          <contents>
                            <section name="Execute">
                              <contents>
                                <marker class="Exception">
                                  <contents>
                                    <marker class="ExceptionType">
                                      <contents>
                                        <text><![CDATA[System.Data.SqlClient.SqlException]]></text>
                                      </contents>
                                      <attributes />
                                    </marker>
                                    <text><![CDATA[: ]]></text>
                                    <marker class="ExceptionMessage">
                                      <contents>
                                        <text><![CDATA[Incorrect syntax near the keyword 'BY'.]]></text>
                                      </contents>
                                      <attributes />
                                    </marker>
                                    <text><![CDATA[
]]></text>
                                    <marker class="ExceptionPropertyName">
                                      <contents>
                                        <text><![CDATA[Errors]]></text>
                                      </contents>
                                      <attributes />
                                    </marker>
                                    <text><![CDATA[: ]]></text>
                                    <marker class="ExceptionPropertyValue">
                                      <contents>
                                        <text><![CDATA[System.Data.SqlClient.SqlErrorCollection]]></text>
                                      </contents>
                                      <attributes />
                                    </marker>
                                    <text><![CDATA[
]]></text>
                                    <marker class="ExceptionPropertyName">
                                      <contents>
                                        <text><![CDATA[Class]]></text>
                                      </contents>
                                      <attributes />
                                    </marker>
                                    <text><![CDATA[: ]]></text>
                                    <marker class="ExceptionPropertyValue">
                                      <contents>
                                        <text><![CDATA[15]]></text>
                                      </contents>
                                      <attributes />
                                    </marker>
                                    <text><![CDATA[
]]></text>
                                    <marker class="ExceptionPropertyName">
                                      <contents>
                                        <text><![CDATA[LineNumber]]></text>
                                      </contents>
                                      <attributes />
                                    </marker>
                                    <text><![CDATA[: ]]></text>
                                    <marker class="ExceptionPropertyValue">
                                      <contents>
                                        <text><![CDATA[1]]></text>
                                      </contents>
                                      <attributes />
                                    </marker>
                                    <text><![CDATA[
]]></text>
                                    <marker class="ExceptionPropertyName">
                                      <contents>
                                        <text><![CDATA[Number]]></text>
                                      </contents>
                                      <attributes />
                                    </marker>
                                    <text><![CDATA[: ]]></text>
                                    <marker class="ExceptionPropertyValue">
                                      <contents>
                                        <text><![CDATA[156]]></text>
                                      </contents>
                                      <attributes />
                                    </marker>
                                    <text><![CDATA[
]]></text>
                                    <marker class="ExceptionPropertyName">
                                      <contents>
                                        <text><![CDATA[Procedure]]></text>
                                      </contents>
                                      <attributes />
                                    </marker>
                                    <text><![CDATA[: ]]></text>
                                    <marker class="ExceptionPropertyValue">
                                      <contents />
                                      <attributes />
                                    </marker>
                                    <text><![CDATA[
]]></text>
                                    <marker class="ExceptionPropertyName">
                                      <contents>
                                        <text><![CDATA[Server]]></text>
                                      </contents>
                                      <attributes />
                                    </marker>
                                    <text><![CDATA[: ]]></text>
                                    <marker class="ExceptionPropertyValue">
                                      <contents>
                                        <text><![CDATA[ANAXIMANDER\SQLEXPRESS]]></text>
                                      </contents>
                                      <attributes />
                                    </marker>
                                    <text><![CDATA[
]]></text>
                                    <marker class="ExceptionPropertyName">
                                      <contents>
                                        <text><![CDATA[State]]></text>
                                      </contents>
                                      <attributes />
                                    </marker>
                                    <text><![CDATA[: ]]></text>
                                    <marker class="ExceptionPropertyValue">
                                      <contents>
                                        <text><![CDATA[1]]></text>
                                      </contents>
                                      <attributes />
                                    </marker>
                                    <text><![CDATA[
]]></text>
                                    <marker class="ExceptionPropertyName">
                                      <contents>
                                        <text><![CDATA[ErrorCode]]></text>
                                      </contents>
                                      <attributes />
                                    </marker>
                                    <text><![CDATA[: ]]></text>
                                    <marker class="ExceptionPropertyValue">
                                      <contents>
                                        <text><![CDATA[-2146232060]]></text>
                                      </contents>
                                      <attributes />
                                    </marker>
                                    <text><![CDATA[
]]></text>
                                    <marker class="StackTrace">
                                      <contents>
                                        <text><![CDATA[   at System.Data.SqlClient.SqlConnection.OnError(SqlException exception, Boolean breakConnection)
   at System.Data.SqlClient.SqlInternalConnection.OnError(SqlException exception, Boolean breakConnection)
   at System.Data.SqlClient.TdsParser.ThrowExceptionAndWarning(TdsParserStateObject stateObj)
   at System.Data.SqlClient.TdsParser.Run(RunBehavior runBehavior, SqlCommand cmdHandler, SqlDataReader dataStream, BulkCopySimpleResultSet bulkCopyHandler, TdsParserStateObject stateObj)
   at System.Data.SqlClient.SqlDataReader.ConsumeMetaData()
   at System.Data.SqlClient.SqlDataReader.get_MetaData()
   at System.Data.SqlClient.SqlCommand.FinishExecuteReader(SqlDataReader ds, RunBehavior runBehavior, String resetOptionsString)
   at System.Data.SqlClient.SqlCommand.RunExecuteReaderTds(CommandBehavior cmdBehavior, RunBehavior runBehavior, Boolean returnStream, Boolean async)
   at System.Data.SqlClient.SqlCommand.RunExecuteReader(CommandBehavior cmdBehavior, RunBehavior runBehavior, Boolean returnStream, String method, DbAsyncResult result)
   at System.Data.SqlClient.SqlCommand.RunExecuteReader(CommandBehavior cmdBehavior, RunBehavior runBehavior, Boolean returnStream, String method)
   at System.Data.SqlClient.SqlCommand.ExecuteReader(CommandBehavior behavior, String method)
   at System.Data.SqlClient.SqlCommand.ExecuteDbDataReader(CommandBehavior behavior)
   at System.Data.Common.DbCommand.System.Data.IDbCommand.ExecuteReader(CommandBehavior behavior)
   at System.Data.Common.DbDataAdapter.FillInternal(DataSet dataset, DataTable[] datatables, Int32 startRecord, Int32 maxRecords, String srcTable, IDbCommand command, CommandBehavior behavior)
   at System.Data.Common.DbDataAdapter.Fill(DataSet dataSet, Int32 startRecord, Int32 maxRecords, String srcTable, IDbCommand command, CommandBehavior behavior)
   at System.Data.Common.DbDataAdapter.Fill(DataSet dataSet)
   at SubSonic.SqlDataProvider.GetDataSet[T](QueryCommand qry) in ]]></text>
                                        <marker class="CodeLocation">
                                          <contents>
                                            <text><![CDATA[C:\data\SubsonicRoot\ss2\SubSonic\DataProviders\SqlDataProvider.cs:line 438]]></text>
                                          </contents>
                                          <attributes>
                                            <attribute name="line" value="438" />
                                            <attribute name="path" value="C:\data\SubsonicRoot\ss2\SubSonic\DataProviders\SqlDataProvider.cs" />
                                          </attributes>
                                        </marker>
                                        <text><![CDATA[
   at SubSonic.DataService.GetDataSet[T](QueryCommand cmd) in ]]></text>
                                        <marker class="CodeLocation">
                                          <contents>
                                            <text><![CDATA[C:\data\SubsonicRoot\ss2\SubSonic\DataProviders\DataService.cs:line 536]]></text>
                                          </contents>
                                          <attributes>
                                            <attribute name="line" value="536" />
                                            <attribute name="path" value="C:\data\SubsonicRoot\ss2\SubSonic\DataProviders\DataService.cs" />
                                          </attributes>
                                        </marker>
                                        <text><![CDATA[
   at SubSonic.Query.ExecuteJoinedDataSet[T]() in ]]></text>
                                        <marker class="CodeLocation">
                                          <contents>
                                            <text><![CDATA[C:\data\SubsonicRoot\ss2\SubSonic\Sql Tools\Query.cs:line 1957]]></text>
                                          </contents>
                                          <attributes>
                                            <attribute name="line" value="1957" />
                                            <attribute name="path" value="C:\data\SubsonicRoot\ss2\SubSonic\Sql Tools\Query.cs" />
                                          </attributes>
                                        </marker>
                                        <text><![CDATA[
   at SubSonic.Query.ExecuteJoinedDataSet() in ]]></text>
                                        <marker class="CodeLocation">
                                          <contents>
                                            <text><![CDATA[C:\data\SubsonicRoot\ss2\SubSonic\Sql Tools\Query.cs:line 1842]]></text>
                                          </contents>
                                          <attributes>
                                            <attribute name="line" value="1842" />
                                            <attribute name="path" value="C:\data\SubsonicRoot\ss2\SubSonic\Sql Tools\Query.cs" />
                                          </attributes>
                                        </marker>
                                        <text><![CDATA[
   at SubSonic.Tests.QueryTest.QueryExecuteJoinedDataSet_ORDER_BY() in ]]></text>
                                        <marker class="CodeLocation">
                                          <contents>
                                            <text><![CDATA[C:\data\SubsonicRoot\ss2\SubSonic.Tests\QueryTest.cs:line 745]]></text>
                                          </contents>
                                          <attributes>
                                            <attribute name="line" value="745" />
                                            <attribute name="path" value="C:\data\SubsonicRoot\ss2\SubSonic.Tests\QueryTest.cs" />
                                          </attributes>
                                        </marker>
                                      </contents>
                                      <attributes />
                                    </marker>
                                  </contents>
                                  <attributes />
                                </marker>
                              </contents>
                            </section>
                          </contents>
                        </body>
                      </stream>
                    </streams>
                    <attachments />
                  </testLog>
                </testStepRun>
                <testStepRun startTime="2011-08-05T15:48:45.1024705+09:30" endTime="2011-08-05T15:48:45.2587205+09:30">
                  <testStep id="99f6a3258d4238b5" name="QueryExecuteJoinedDataSet_ORDER_BY_Collection" fullName="SubSonic.Tests/QueryTest/QueryExecuteJoinedDataSet_ORDER_BY_Collection" testId="f5a8a3b68cfd45ee" isPrimary="true" isTestCase="true" isDynamic="false">
                    <codeReference assembly="SubSonic.Tests, Version=2.2.1.0, Culture=neutral, PublicKeyToken=null" namespace="SubSonic.Tests" type="SubSonic.Tests.QueryTest" member="QueryExecuteJoinedDataSet_ORDER_BY_Collection" />
                    <codeLocation path="C:\data\SubsonicRoot\ss2\SubSonic.Tests\QueryTest.cs" line="863" />
                    <metadata>
                      <entry key="TestKind">
                        <value>Test</value>
                      </entry>
                    </metadata>
                  </testStep>
                  <children />
                  <result assertCount="0" duration="0.028668">
                    <outcome status="failed" />
                  </result>
                  <testLog>
                    <streams>
                      <stream name="Failures">
                        <body>
                          <contents>
                            <section name="Execute">
                              <contents>
                                <marker class="Exception">
                                  <contents>
                                    <marker class="ExceptionType">
                                      <contents>
                                        <text><![CDATA[System.Data.SqlClient.SqlException]]></text>
                                      </contents>
                                      <attributes />
                                    </marker>
                                    <text><![CDATA[: ]]></text>
                                    <marker class="ExceptionMessage">
                                      <contents>
                                        <text><![CDATA[Incorrect syntax near the keyword 'BY'.]]></text>
                                      </contents>
                                      <attributes />
                                    </marker>
                                    <text><![CDATA[
]]></text>
                                    <marker class="ExceptionPropertyName">
                                      <contents>
                                        <text><![CDATA[Errors]]></text>
                                      </contents>
                                      <attributes />
                                    </marker>
                                    <text><![CDATA[: ]]></text>
                                    <marker class="ExceptionPropertyValue">
                                      <contents>
                                        <text><![CDATA[System.Data.SqlClient.SqlErrorCollection]]></text>
                                      </contents>
                                      <attributes />
                                    </marker>
                                    <text><![CDATA[
]]></text>
                                    <marker class="ExceptionPropertyName">
                                      <contents>
                                        <text><![CDATA[Class]]></text>
                                      </contents>
                                      <attributes />
                                    </marker>
                                    <text><![CDATA[: ]]></text>
                                    <marker class="ExceptionPropertyValue">
                                      <contents>
                                        <text><![CDATA[15]]></text>
                                      </contents>
                                      <attributes />
                                    </marker>
                                    <text><![CDATA[
]]></text>
                                    <marker class="ExceptionPropertyName">
                                      <contents>
                                        <text><![CDATA[LineNumber]]></text>
                                      </contents>
                                      <attributes />
                                    </marker>
                                    <text><![CDATA[: ]]></text>
                                    <marker class="ExceptionPropertyValue">
                                      <contents>
                                        <text><![CDATA[1]]></text>
                                      </contents>
                                      <attributes />
                                    </marker>
                                    <text><![CDATA[
]]></text>
                                    <marker class="ExceptionPropertyName">
                                      <contents>
                                        <text><![CDATA[Number]]></text>
                                      </contents>
                                      <attributes />
                                    </marker>
                                    <text><![CDATA[: ]]></text>
                                    <marker class="ExceptionPropertyValue">
                                      <contents>
                                        <text><![CDATA[156]]></text>
                                      </contents>
                                      <attributes />
                                    </marker>
                                    <text><![CDATA[
]]></text>
                                    <marker class="ExceptionPropertyName">
                                      <contents>
                                        <text><![CDATA[Procedure]]></text>
                                      </contents>
                                      <attributes />
                                    </marker>
                                    <text><![CDATA[: ]]></text>
                                    <marker class="ExceptionPropertyValue">
                                      <contents />
                                      <attributes />
                                    </marker>
                                    <text><![CDATA[
]]></text>
                                    <marker class="ExceptionPropertyName">
                                      <contents>
                                        <text><![CDATA[Server]]></text>
                                      </contents>
                                      <attributes />
                                    </marker>
                                    <text><![CDATA[: ]]></text>
                                    <marker class="ExceptionPropertyValue">
                                      <contents>
                                        <text><![CDATA[ANAXIMANDER\SQLEXPRESS]]></text>
                                      </contents>
                                      <attributes />
                                    </marker>
                                    <text><![CDATA[
]]></text>
                                    <marker class="ExceptionPropertyName">
                                      <contents>
                                        <text><![CDATA[State]]></text>
                                      </contents>
                                      <attributes />
                                    </marker>
                                    <text><![CDATA[: ]]></text>
                                    <marker class="ExceptionPropertyValue">
                                      <contents>
                                        <text><![CDATA[1]]></text>
                                      </contents>
                                      <attributes />
                                    </marker>
                                    <text><![CDATA[
]]></text>
                                    <marker class="ExceptionPropertyName">
                                      <contents>
                                        <text><![CDATA[ErrorCode]]></text>
                                      </contents>
                                      <attributes />
                                    </marker>
                                    <text><![CDATA[: ]]></text>
                                    <marker class="ExceptionPropertyValue">
                                      <contents>
                                        <text><![CDATA[-2146232060]]></text>
                                      </contents>
                                      <attributes />
                                    </marker>
                                    <text><![CDATA[
]]></text>
                                    <marker class="StackTrace">
                                      <contents>
                                        <text><![CDATA[   at System.Data.SqlClient.SqlConnection.OnError(SqlException exception, Boolean breakConnection)
   at System.Data.SqlClient.SqlInternalConnection.OnError(SqlException exception, Boolean breakConnection)
   at System.Data.SqlClient.TdsParser.ThrowExceptionAndWarning(TdsParserStateObject stateObj)
   at System.Data.SqlClient.TdsParser.Run(RunBehavior runBehavior, SqlCommand cmdHandler, SqlDataReader dataStream, BulkCopySimpleResultSet bulkCopyHandler, TdsParserStateObject stateObj)
   at System.Data.SqlClient.SqlDataReader.ConsumeMetaData()
   at System.Data.SqlClient.SqlDataReader.get_MetaData()
   at System.Data.SqlClient.SqlCommand.FinishExecuteReader(SqlDataReader ds, RunBehavior runBehavior, String resetOptionsString)
   at System.Data.SqlClient.SqlCommand.RunExecuteReaderTds(CommandBehavior cmdBehavior, RunBehavior runBehavior, Boolean returnStream, Boolean async)
   at System.Data.SqlClient.SqlCommand.RunExecuteReader(CommandBehavior cmdBehavior, RunBehavior runBehavior, Boolean returnStream, String method, DbAsyncResult result)
   at System.Data.SqlClient.SqlCommand.RunExecuteReader(CommandBehavior cmdBehavior, RunBehavior runBehavior, Boolean returnStream, String method)
   at System.Data.SqlClient.SqlCommand.ExecuteReader(CommandBehavior behavior, String method)
   at System.Data.SqlClient.SqlCommand.ExecuteDbDataReader(CommandBehavior behavior)
   at System.Data.Common.DbCommand.System.Data.IDbCommand.ExecuteReader(CommandBehavior behavior)
   at System.Data.Common.DbDataAdapter.FillInternal(DataSet dataset, DataTable[] datatables, Int32 startRecord, Int32 maxRecords, String srcTable, IDbCommand command, CommandBehavior behavior)
   at System.Data.Common.DbDataAdapter.Fill(DataSet dataSet, Int32 startRecord, Int32 maxRecords, String srcTable, IDbCommand command, CommandBehavior behavior)
   at System.Data.Common.DbDataAdapter.Fill(DataSet dataSet)
   at SubSonic.SqlDataProvider.GetDataSet[T](QueryCommand qry) in ]]></text>
                                        <marker class="CodeLocation">
                                          <contents>
                                            <text><![CDATA[C:\data\SubsonicRoot\ss2\SubSonic\DataProviders\SqlDataProvider.cs:line 438]]></text>
                                          </contents>
                                          <attributes>
                                            <attribute name="line" value="438" />
                                            <attribute name="path" value="C:\data\SubsonicRoot\ss2\SubSonic\DataProviders\SqlDataProvider.cs" />
                                          </attributes>
                                        </marker>
                                        <text><![CDATA[
   at SubSonic.DataService.GetDataSet[T](QueryCommand cmd) in ]]></text>
                                        <marker class="CodeLocation">
                                          <contents>
                                            <text><![CDATA[C:\data\SubsonicRoot\ss2\SubSonic\DataProviders\DataService.cs:line 536]]></text>
                                          </contents>
                                          <attributes>
                                            <attribute name="line" value="536" />
                                            <attribute name="path" value="C:\data\SubsonicRoot\ss2\SubSonic\DataProviders\DataService.cs" />
                                          </attributes>
                                        </marker>
                                        <text><![CDATA[
   at SubSonic.Query.ExecuteJoinedDataSet[T]() in ]]></text>
                                        <marker class="CodeLocation">
                                          <contents>
                                            <text><![CDATA[C:\data\SubsonicRoot\ss2\SubSonic\Sql Tools\Query.cs:line 1957]]></text>
                                          </contents>
                                          <attributes>
                                            <attribute name="line" value="1957" />
                                            <attribute name="path" value="C:\data\SubsonicRoot\ss2\SubSonic\Sql Tools\Query.cs" />
                                          </attributes>
                                        </marker>
                                        <text><![CDATA[
   at SubSonic.Query.ExecuteJoinedDataSet() in ]]></text>
                                        <marker class="CodeLocation">
                                          <contents>
                                            <text><![CDATA[C:\data\SubsonicRoot\ss2\SubSonic\Sql Tools\Query.cs:line 1842]]></text>
                                          </contents>
                                          <attributes>
                                            <attribute name="line" value="1842" />
                                            <attribute name="path" value="C:\data\SubsonicRoot\ss2\SubSonic\Sql Tools\Query.cs" />
                                          </attributes>
                                        </marker>
                                        <text><![CDATA[
   at SubSonic.Tests.QueryTest.QueryExecuteJoinedDataSet_ORDER_BY_Collection() in ]]></text>
                                        <marker class="CodeLocation">
                                          <contents>
                                            <text><![CDATA[C:\data\SubsonicRoot\ss2\SubSonic.Tests\QueryTest.cs:line 867]]></text>
                                          </contents>
                                          <attributes>
                                            <attribute name="line" value="867" />
                                            <attribute name="path" value="C:\data\SubsonicRoot\ss2\SubSonic.Tests\QueryTest.cs" />
                                          </attributes>
                                        </marker>
                                      </contents>
                                      <attributes />
                                    </marker>
                                  </contents>
                                  <attributes />
                                </marker>
                              </contents>
                            </section>
                          </contents>
                        </body>
                      </stream>
                    </streams>
                    <attachments />
                  </testLog>
                </testStepRun>
                <testStepRun startTime="2011-08-05T15:48:45.2587205+09:30" endTime="2011-08-05T15:48:45.4149705+09:30">
                  <testStep id="91d28b321adf3d34" name="QueryExecuteJoinedDataSet_ORDER_BY_DESC" fullName="SubSonic.Tests/QueryTest/QueryExecuteJoinedDataSet_ORDER_BY_DESC" testId="1c7e35ab2fdd19c0" isPrimary="true" isTestCase="true" isDynamic="false">
                    <codeReference assembly="SubSonic.Tests, Version=2.2.1.0, Culture=neutral, PublicKeyToken=null" namespace="SubSonic.Tests" type="SubSonic.Tests.QueryTest" member="QueryExecuteJoinedDataSet_ORDER_BY_DESC" />
                    <codeLocation path="C:\data\SubsonicRoot\ss2\SubSonic.Tests\QueryTest.cs" line="756" />
                    <metadata>
                      <entry key="TestKind">
                        <value>Test</value>
                      </entry>
                    </metadata>
                  </testStep>
                  <children />
                  <result assertCount="0" duration="0.018888099999999998">
                    <outcome status="failed" />
                  </result>
                  <testLog>
                    <streams>
                      <stream name="Failures">
                        <body>
                          <contents>
                            <section name="Execute">
                              <contents>
                                <marker class="Exception">
                                  <contents>
                                    <marker class="ExceptionType">
                                      <contents>
                                        <text><![CDATA[System.Data.SqlClient.SqlException]]></text>
                                      </contents>
                                      <attributes />
                                    </marker>
                                    <text><![CDATA[: ]]></text>
                                    <marker class="ExceptionMessage">
                                      <contents>
                                        <text><![CDATA[Incorrect syntax near the keyword 'BY'.]]></text>
                                      </contents>
                                      <attributes />
                                    </marker>
                                    <text><![CDATA[
]]></text>
                                    <marker class="ExceptionPropertyName">
                                      <contents>
                                        <text><![CDATA[Errors]]></text>
                                      </contents>
                                      <attributes />
                                    </marker>
                                    <text><![CDATA[: ]]></text>
                                    <marker class="ExceptionPropertyValue">
                                      <contents>
                                        <text><![CDATA[System.Data.SqlClient.SqlErrorCollection]]></text>
                                      </contents>
                                      <attributes />
                                    </marker>
                                    <text><![CDATA[
]]></text>
                                    <marker class="ExceptionPropertyName">
                                      <contents>
                                        <text><![CDATA[Class]]></text>
                                      </contents>
                                      <attributes />
                                    </marker>
                                    <text><![CDATA[: ]]></text>
                                    <marker class="ExceptionPropertyValue">
                                      <contents>
                                        <text><![CDATA[15]]></text>
                                      </contents>
                                      <attributes />
                                    </marker>
                                    <text><![CDATA[
]]></text>
                                    <marker class="ExceptionPropertyName">
                                      <contents>
                                        <text><![CDATA[LineNumber]]></text>
                                      </contents>
                                      <attributes />
                                    </marker>
                                    <text><![CDATA[: ]]></text>
                                    <marker class="ExceptionPropertyValue">
                                      <contents>
                                        <text><![CDATA[1]]></text>
                                      </contents>
                                      <attributes />
                                    </marker>
                                    <text><![CDATA[
]]></text>
                                    <marker class="ExceptionPropertyName">
                                      <contents>
                                        <text><![CDATA[Number]]></text>
                                      </contents>
                                      <attributes />
                                    </marker>
                                    <text><![CDATA[: ]]></text>
                                    <marker class="ExceptionPropertyValue">
                                      <contents>
                                        <text><![CDATA[156]]></text>
                                      </contents>
                                      <attributes />
                                    </marker>
                                    <text><![CDATA[
]]></text>
                                    <marker class="ExceptionPropertyName">
                                      <contents>
                                        <text><![CDATA[Procedure]]></text>
                                      </contents>
                                      <attributes />
                                    </marker>
                                    <text><![CDATA[: ]]></text>
                                    <marker class="ExceptionPropertyValue">
                                      <contents />
                                      <attributes />
                                    </marker>
                                    <text><![CDATA[
]]></text>
                                    <marker class="ExceptionPropertyName">
                                      <contents>
                                        <text><![CDATA[Server]]></text>
                                      </contents>
                                      <attributes />
                                    </marker>
                                    <text><![CDATA[: ]]></text>
                                    <marker class="ExceptionPropertyValue">
                                      <contents>
                                        <text><![CDATA[ANAXIMANDER\SQLEXPRESS]]></text>
                                      </contents>
                                      <attributes />
                                    </marker>
                                    <text><![CDATA[
]]></text>
                                    <marker class="ExceptionPropertyName">
                                      <contents>
                                        <text><![CDATA[State]]></text>
                                      </contents>
                                      <attributes />
                                    </marker>
                                    <text><![CDATA[: ]]></text>
                                    <marker class="ExceptionPropertyValue">
                                      <contents>
                                        <text><![CDATA[1]]></text>
                                      </contents>
                                      <attributes />
                                    </marker>
                                    <text><![CDATA[
]]></text>
                                    <marker class="ExceptionPropertyName">
                                      <contents>
                                        <text><![CDATA[ErrorCode]]></text>
                                      </contents>
                                      <attributes />
                                    </marker>
                                    <text><![CDATA[: ]]></text>
                                    <marker class="ExceptionPropertyValue">
                                      <contents>
                                        <text><![CDATA[-2146232060]]></text>
                                      </contents>
                                      <attributes />
                                    </marker>
                                    <text><![CDATA[
]]></text>
                                    <marker class="StackTrace">
                                      <contents>
                                        <text><![CDATA[   at System.Data.SqlClient.SqlConnection.OnError(SqlException exception, Boolean breakConnection)
   at System.Data.SqlClient.SqlInternalConnection.OnError(SqlException exception, Boolean breakConnection)
   at System.Data.SqlClient.TdsParser.ThrowExceptionAndWarning(TdsParserStateObject stateObj)
   at System.Data.SqlClient.TdsParser.Run(RunBehavior runBehavior, SqlCommand cmdHandler, SqlDataReader dataStream, BulkCopySimpleResultSet bulkCopyHandler, TdsParserStateObject stateObj)
   at System.Data.SqlClient.SqlDataReader.ConsumeMetaData()
   at System.Data.SqlClient.SqlDataReader.get_MetaData()
   at System.Data.SqlClient.SqlCommand.FinishExecuteReader(SqlDataReader ds, RunBehavior runBehavior, String resetOptionsString)
   at System.Data.SqlClient.SqlCommand.RunExecuteReaderTds(CommandBehavior cmdBehavior, RunBehavior runBehavior, Boolean returnStream, Boolean async)
   at System.Data.SqlClient.SqlCommand.RunExecuteReader(CommandBehavior cmdBehavior, RunBehavior runBehavior, Boolean returnStream, String method, DbAsyncResult result)
   at System.Data.SqlClient.SqlCommand.RunExecuteReader(CommandBehavior cmdBehavior, RunBehavior runBehavior, Boolean returnStream, String method)
   at System.Data.SqlClient.SqlCommand.ExecuteReader(CommandBehavior behavior, String method)
   at System.Data.SqlClient.SqlCommand.ExecuteDbDataReader(CommandBehavior behavior)
   at System.Data.Common.DbCommand.System.Data.IDbCommand.ExecuteReader(CommandBehavior behavior)
   at System.Data.Common.DbDataAdapter.FillInternal(DataSet dataset, DataTable[] datatables, Int32 startRecord, Int32 maxRecords, String srcTable, IDbCommand command, CommandBehavior behavior)
   at System.Data.Common.DbDataAdapter.Fill(DataSet dataSet, Int32 startRecord, Int32 maxRecords, String srcTable, IDbCommand command, CommandBehavior behavior)
   at System.Data.Common.DbDataAdapter.Fill(DataSet dataSet)
   at SubSonic.SqlDataProvider.GetDataSet[T](QueryCommand qry) in ]]></text>
                                        <marker class="CodeLocation">
                                          <contents>
                                            <text><![CDATA[C:\data\SubsonicRoot\ss2\SubSonic\DataProviders\SqlDataProvider.cs:line 438]]></text>
                                          </contents>
                                          <attributes>
                                            <attribute name="line" value="438" />
                                            <attribute name="path" value="C:\data\SubsonicRoot\ss2\SubSonic\DataProviders\SqlDataProvider.cs" />
                                          </attributes>
                                        </marker>
                                        <text><![CDATA[
   at SubSonic.DataService.GetDataSet[T](QueryCommand cmd) in ]]></text>
                                        <marker class="CodeLocation">
                                          <contents>
                                            <text><![CDATA[C:\data\SubsonicRoot\ss2\SubSonic\DataProviders\DataService.cs:line 536]]></text>
                                          </contents>
                                          <attributes>
                                            <attribute name="line" value="536" />
                                            <attribute name="path" value="C:\data\SubsonicRoot\ss2\SubSonic\DataProviders\DataService.cs" />
                                          </attributes>
                                        </marker>
                                        <text><![CDATA[
   at SubSonic.Query.ExecuteJoinedDataSet[T]() in ]]></text>
                                        <marker class="CodeLocation">
                                          <contents>
                                            <text><![CDATA[C:\data\SubsonicRoot\ss2\SubSonic\Sql Tools\Query.cs:line 1957]]></text>
                                          </contents>
                                          <attributes>
                                            <attribute name="line" value="1957" />
                                            <attribute name="path" value="C:\data\SubsonicRoot\ss2\SubSonic\Sql Tools\Query.cs" />
                                          </attributes>
                                        </marker>
                                        <text><![CDATA[
   at SubSonic.Query.ExecuteJoinedDataSet() in ]]></text>
                                        <marker class="CodeLocation">
                                          <contents>
                                            <text><![CDATA[C:\data\SubsonicRoot\ss2\SubSonic\Sql Tools\Query.cs:line 1842]]></text>
                                          </contents>
                                          <attributes>
                                            <attribute name="line" value="1842" />
                                            <attribute name="path" value="C:\data\SubsonicRoot\ss2\SubSonic\Sql Tools\Query.cs" />
                                          </attributes>
                                        </marker>
                                        <text><![CDATA[
   at SubSonic.Tests.QueryTest.QueryExecuteJoinedDataSet_ORDER_BY_DESC() in ]]></text>
                                        <marker class="CodeLocation">
                                          <contents>
                                            <text><![CDATA[C:\data\SubsonicRoot\ss2\SubSonic.Tests\QueryTest.cs:line 760]]></text>
                                          </contents>
                                          <attributes>
                                            <attribute name="line" value="760" />
                                            <attribute name="path" value="C:\data\SubsonicRoot\ss2\SubSonic.Tests\QueryTest.cs" />
                                          </attributes>
                                        </marker>
                                      </contents>
                                      <attributes />
                                    </marker>
                                  </contents>
                                  <attributes />
                                </marker>
                              </contents>
                            </section>
                          </contents>
                        </body>
                      </stream>
                    </streams>
                    <attachments />
                  </testLog>
                </testStepRun>
                <testStepRun startTime="2011-08-05T15:48:45.4305955+09:30" endTime="2011-08-05T15:48:45.6024705+09:30">
                  <testStep id="7e6f619b92fd761" name="QueryExecuteJoinedDataSet_ORDER_BY_DESC_Collection" fullName="SubSonic.Tests/QueryTest/QueryExecuteJoinedDataSet_ORDER_BY_DESC_Collection" testId="4af81c72f981aa27" isPrimary="true" isTestCase="true" isDynamic="false">
                    <codeReference assembly="SubSonic.Tests, Version=2.2.1.0, Culture=neutral, PublicKeyToken=null" namespace="SubSonic.Tests" type="SubSonic.Tests.QueryTest" member="QueryExecuteJoinedDataSet_ORDER_BY_DESC_Collection" />
                    <codeLocation path="C:\data\SubsonicRoot\ss2\SubSonic.Tests\QueryTest.cs" line="880" />
                    <metadata>
                      <entry key="TestKind">
                        <value>Test</value>
                      </entry>
                    </metadata>
                  </testStep>
                  <children />
                  <result assertCount="0" duration="0.1125518">
                    <outcome status="failed" />
                  </result>
                  <testLog>
                    <streams>
                      <stream name="Failures">
                        <body>
                          <contents>
                            <section name="Execute">
                              <contents>
                                <marker class="Exception">
                                  <contents>
                                    <marker class="ExceptionType">
                                      <contents>
                                        <text><![CDATA[System.Data.SqlClient.SqlException]]></text>
                                      </contents>
                                      <attributes />
                                    </marker>
                                    <text><![CDATA[: ]]></text>
                                    <marker class="ExceptionMessage">
                                      <contents>
                                        <text><![CDATA[Incorrect syntax near the keyword 'BY'.]]></text>
                                      </contents>
                                      <attributes />
                                    </marker>
                                    <text><![CDATA[
]]></text>
                                    <marker class="ExceptionPropertyName">
                                      <contents>
                                        <text><![CDATA[Errors]]></text>
                                      </contents>
                                      <attributes />
                                    </marker>
                                    <text><![CDATA[: ]]></text>
                                    <marker class="ExceptionPropertyValue">
                                      <contents>
                                        <text><![CDATA[System.Data.SqlClient.SqlErrorCollection]]></text>
                                      </contents>
                                      <attributes />
                                    </marker>
                                    <text><![CDATA[
]]></text>
                                    <marker class="ExceptionPropertyName">
                                      <contents>
                                        <text><![CDATA[Class]]></text>
                                      </contents>
                                      <attributes />
                                    </marker>
                                    <text><![CDATA[: ]]></text>
                                    <marker class="ExceptionPropertyValue">
                                      <contents>
                                        <text><![CDATA[15]]></text>
                                      </contents>
                                      <attributes />
                                    </marker>
                                    <text><![CDATA[
]]></text>
                                    <marker class="ExceptionPropertyName">
                                      <contents>
                                        <text><![CDATA[LineNumber]]></text>
                                      </contents>
                                      <attributes />
                                    </marker>
                                    <text><![CDATA[: ]]></text>
                                    <marker class="ExceptionPropertyValue">
                                      <contents>
                                        <text><![CDATA[1]]></text>
                                      </contents>
                                      <attributes />
                                    </marker>
                                    <text><![CDATA[
]]></text>
                                    <marker class="ExceptionPropertyName">
                                      <contents>
                                        <text><![CDATA[Number]]></text>
                                      </contents>
                                      <attributes />
                                    </marker>
                                    <text><![CDATA[: ]]></text>
                                    <marker class="ExceptionPropertyValue">
                                      <contents>
                                        <text><![CDATA[156]]></text>
                                      </contents>
                                      <attributes />
                                    </marker>
                                    <text><![CDATA[
]]></text>
                                    <marker class="ExceptionPropertyName">
                                      <contents>
                                        <text><![CDATA[Procedure]]></text>
                                      </contents>
                                      <attributes />
                                    </marker>
                                    <text><![CDATA[: ]]></text>
                                    <marker class="ExceptionPropertyValue">
                                      <contents />
                                      <attributes />
                                    </marker>
                                    <text><![CDATA[
]]></text>
                                    <marker class="ExceptionPropertyName">
                                      <contents>
                                        <text><![CDATA[Server]]></text>
                                      </contents>
                                      <attributes />
                                    </marker>
                                    <text><![CDATA[: ]]></text>
                                    <marker class="ExceptionPropertyValue">
                                      <contents>
                                        <text><![CDATA[ANAXIMANDER\SQLEXPRESS]]></text>
                                      </contents>
                                      <attributes />
                                    </marker>
                                    <text><![CDATA[
]]></text>
                                    <marker class="ExceptionPropertyName">
                                      <contents>
                                        <text><![CDATA[State]]></text>
                                      </contents>
                                      <attributes />
                                    </marker>
                                    <text><![CDATA[: ]]></text>
                                    <marker class="ExceptionPropertyValue">
                                      <contents>
                                        <text><![CDATA[1]]></text>
                                      </contents>
                                      <attributes />
                                    </marker>
                                    <text><![CDATA[
]]></text>
                                    <marker class="ExceptionPropertyName">
                                      <contents>
                                        <text><![CDATA[ErrorCode]]></text>
                                      </contents>
                                      <attributes />
                                    </marker>
                                    <text><![CDATA[: ]]></text>
                                    <marker class="ExceptionPropertyValue">
                                      <contents>
                                        <text><![CDATA[-2146232060]]></text>
                                      </contents>
                                      <attributes />
                                    </marker>
                                    <text><![CDATA[
]]></text>
                                    <marker class="StackTrace">
                                      <contents>
                                        <text><![CDATA[   at System.Data.SqlClient.SqlConnection.OnError(SqlException exception, Boolean breakConnection)
   at System.Data.SqlClient.SqlInternalConnection.OnError(SqlException exception, Boolean breakConnection)
   at System.Data.SqlClient.TdsParser.ThrowExceptionAndWarning(TdsParserStateObject stateObj)
   at System.Data.SqlClient.TdsParser.Run(RunBehavior runBehavior, SqlCommand cmdHandler, SqlDataReader dataStream, BulkCopySimpleResultSet bulkCopyHandler, TdsParserStateObject stateObj)
   at System.Data.SqlClient.SqlDataReader.ConsumeMetaData()
   at System.Data.SqlClient.SqlDataReader.get_MetaData()
   at System.Data.SqlClient.SqlCommand.FinishExecuteReader(SqlDataReader ds, RunBehavior runBehavior, String resetOptionsString)
   at System.Data.SqlClient.SqlCommand.RunExecuteReaderTds(CommandBehavior cmdBehavior, RunBehavior runBehavior, Boolean returnStream, Boolean async)
   at System.Data.SqlClient.SqlCommand.RunExecuteReader(CommandBehavior cmdBehavior, RunBehavior runBehavior, Boolean returnStream, String method, DbAsyncResult result)
   at System.Data.SqlClient.SqlCommand.RunExecuteReader(CommandBehavior cmdBehavior, RunBehavior runBehavior, Boolean returnStream, String method)
   at System.Data.SqlClient.SqlCommand.ExecuteReader(CommandBehavior behavior, String method)
   at System.Data.SqlClient.SqlCommand.ExecuteDbDataReader(CommandBehavior behavior)
   at System.Data.Common.DbCommand.System.Data.IDbCommand.ExecuteReader(CommandBehavior behavior)
   at System.Data.Common.DbDataAdapter.FillInternal(DataSet dataset, DataTable[] datatables, Int32 startRecord, Int32 maxRecords, String srcTable, IDbCommand command, CommandBehavior behavior)
   at System.Data.Common.DbDataAdapter.Fill(DataSet dataSet, Int32 startRecord, Int32 maxRecords, String srcTable, IDbCommand command, CommandBehavior behavior)
   at System.Data.Common.DbDataAdapter.Fill(DataSet dataSet)
   at SubSonic.SqlDataProvider.GetDataSet[T](QueryCommand qry) in ]]></text>
                                        <marker class="CodeLocation">
                                          <contents>
                                            <text><![CDATA[C:\data\SubsonicRoot\ss2\SubSonic\DataProviders\SqlDataProvider.cs:line 438]]></text>
                                          </contents>
                                          <attributes>
                                            <attribute name="line" value="438" />
                                            <attribute name="path" value="C:\data\SubsonicRoot\ss2\SubSonic\DataProviders\SqlDataProvider.cs" />
                                          </attributes>
                                        </marker>
                                        <text><![CDATA[
   at SubSonic.DataService.GetDataSet[T](QueryCommand cmd) in ]]></text>
                                        <marker class="CodeLocation">
                                          <contents>
                                            <text><![CDATA[C:\data\SubsonicRoot\ss2\SubSonic\DataProviders\DataService.cs:line 536]]></text>
                                          </contents>
                                          <attributes>
                                            <attribute name="line" value="536" />
                                            <attribute name="path" value="C:\data\SubsonicRoot\ss2\SubSonic\DataProviders\DataService.cs" />
                                          </attributes>
                                        </marker>
                                        <text><![CDATA[
   at SubSonic.Query.ExecuteJoinedDataSet[T]() in ]]></text>
                                        <marker class="CodeLocation">
                                          <contents>
                                            <text><![CDATA[C:\data\SubsonicRoot\ss2\SubSonic\Sql Tools\Query.cs:line 1957]]></text>
                                          </contents>
                                          <attributes>
                                            <attribute name="line" value="1957" />
                                            <attribute name="path" value="C:\data\SubsonicRoot\ss2\SubSonic\Sql Tools\Query.cs" />
                                          </attributes>
                                        </marker>
                                        <text><![CDATA[
   at SubSonic.Query.ExecuteJoinedDataSet() in ]]></text>
                                        <marker class="CodeLocation">
                                          <contents>
                                            <text><![CDATA[C:\data\SubsonicRoot\ss2\SubSonic\Sql Tools\Query.cs:line 1842]]></text>
                                          </contents>
                                          <attributes>
                                            <attribute name="line" value="1842" />
                                            <attribute name="path" value="C:\data\SubsonicRoot\ss2\SubSonic\Sql Tools\Query.cs" />
                                          </attributes>
                                        </marker>
                                        <text><![CDATA[
   at SubSonic.Tests.QueryTest.QueryExecuteJoinedDataSet_ORDER_BY_DESC_Collection() in ]]></text>
                                        <marker class="CodeLocation">
                                          <contents>
                                            <text><![CDATA[C:\data\SubsonicRoot\ss2\SubSonic.Tests\QueryTest.cs:line 884]]></text>
                                          </contents>
                                          <attributes>
                                            <attribute name="line" value="884" />
                                            <attribute name="path" value="C:\data\SubsonicRoot\ss2\SubSonic.Tests\QueryTest.cs" />
                                          </attributes>
                                        </marker>
                                      </contents>
                                      <attributes />
                                    </marker>
                                  </contents>
                                  <attributes />
                                </marker>
                              </contents>
                            </section>
                          </contents>
                        </body>
                      </stream>
                    </streams>
                    <attachments />
                  </testLog>
                </testStepRun>
                <testStepRun startTime="2011-08-05T15:48:45.6024705+09:30" endTime="2011-08-05T15:48:45.7274705+09:30">
                  <testStep id="46f79b4b8b40584a" name="QueryExecuteJoinedDataSet_ORDER_BY_Expression" fullName="SubSonic.Tests/QueryTest/QueryExecuteJoinedDataSet_ORDER_BY_Expression" testId="7b83051614492264" isPrimary="true" isTestCase="true" isDynamic="false">
                    <codeReference assembly="SubSonic.Tests, Version=2.2.1.0, Culture=neutral, PublicKeyToken=null" namespace="SubSonic.Tests" type="SubSonic.Tests.QueryTest" member="QueryExecuteJoinedDataSet_ORDER_BY_Expression" />
                    <codeLocation path="C:\data\SubsonicRoot\ss2\SubSonic.Tests\QueryTest.cs" line="771" />
                    <metadata>
                      <entry key="TestKind">
                        <value>Test</value>
                      </entry>
                    </metadata>
                  </testStep>
                  <children />
                  <result assertCount="0" duration="0.0258088">
                    <outcome status="failed" />
                  </result>
                  <testLog>
                    <streams>
                      <stream name="Failures">
                        <body>
                          <contents>
                            <section name="Execute">
                              <contents>
                                <marker class="Exception">
                                  <contents>
                                    <marker class="ExceptionType">
                                      <contents>
                                        <text><![CDATA[System.Data.SqlClient.SqlException]]></text>
                                      </contents>
                                      <attributes />
                                    </marker>
                                    <text><![CDATA[: ]]></text>
                                    <marker class="ExceptionMessage">
                                      <contents>
                                        <text><![CDATA[Incorrect syntax near the keyword 'BY'.]]></text>
                                      </contents>
                                      <attributes />
                                    </marker>
                                    <text><![CDATA[
]]></text>
                                    <marker class="ExceptionPropertyName">
                                      <contents>
                                        <text><![CDATA[Errors]]></text>
                                      </contents>
                                      <attributes />
                                    </marker>
                                    <text><![CDATA[: ]]></text>
                                    <marker class="ExceptionPropertyValue">
                                      <contents>
                                        <text><![CDATA[System.Data.SqlClient.SqlErrorCollection]]></text>
                                      </contents>
                                      <attributes />
                                    </marker>
                                    <text><![CDATA[
]]></text>
                                    <marker class="ExceptionPropertyName">
                                      <contents>
                                        <text><![CDATA[Class]]></text>
                                      </contents>
                                      <attributes />
                                    </marker>
                                    <text><![CDATA[: ]]></text>
                                    <marker class="ExceptionPropertyValue">
                                      <contents>
                                        <text><![CDATA[15]]></text>
                                      </contents>
                                      <attributes />
                                    </marker>
                                    <text><![CDATA[
]]></text>
                                    <marker class="ExceptionPropertyName">
                                      <contents>
                                        <text><![CDATA[LineNumber]]></text>
                                      </contents>
                                      <attributes />
                                    </marker>
                                    <text><![CDATA[: ]]></text>
                                    <marker class="ExceptionPropertyValue">
                                      <contents>
                                        <text><![CDATA[1]]></text>
                                      </contents>
                                      <attributes />
                                    </marker>
                                    <text><![CDATA[
]]></text>
                                    <marker class="ExceptionPropertyName">
                                      <contents>
                                        <text><![CDATA[Number]]></text>
                                      </contents>
                                      <attributes />
                                    </marker>
                                    <text><![CDATA[: ]]></text>
                                    <marker class="ExceptionPropertyValue">
                                      <contents>
                                        <text><![CDATA[156]]></text>
                                      </contents>
                                      <attributes />
                                    </marker>
                                    <text><![CDATA[
]]></text>
                                    <marker class="ExceptionPropertyName">
                                      <contents>
                                        <text><![CDATA[Procedure]]></text>
                                      </contents>
                                      <attributes />
                                    </marker>
                                    <text><![CDATA[: ]]></text>
                                    <marker class="ExceptionPropertyValue">
                                      <contents />
                                      <attributes />
                                    </marker>
                                    <text><![CDATA[
]]></text>
                                    <marker class="ExceptionPropertyName">
                                      <contents>
                                        <text><![CDATA[Server]]></text>
                                      </contents>
                                      <attributes />
                                    </marker>
                                    <text><![CDATA[: ]]></text>
                                    <marker class="ExceptionPropertyValue">
                                      <contents>
                                        <text><![CDATA[ANAXIMANDER\SQLEXPRESS]]></text>
                                      </contents>
                                      <attributes />
                                    </marker>
                                    <text><![CDATA[
]]></text>
                                    <marker class="ExceptionPropertyName">
                                      <contents>
                                        <text><![CDATA[State]]></text>
                                      </contents>
                                      <attributes />
                                    </marker>
                                    <text><![CDATA[: ]]></text>
                                    <marker class="ExceptionPropertyValue">
                                      <contents>
                                        <text><![CDATA[1]]></text>
                                      </contents>
                                      <attributes />
                                    </marker>
                                    <text><![CDATA[
]]></text>
                                    <marker class="ExceptionPropertyName">
                                      <contents>
                                        <text><![CDATA[ErrorCode]]></text>
                                      </contents>
                                      <attributes />
                                    </marker>
                                    <text><![CDATA[: ]]></text>
                                    <marker class="ExceptionPropertyValue">
                                      <contents>
                                        <text><![CDATA[-2146232060]]></text>
                                      </contents>
                                      <attributes />
                                    </marker>
                                    <text><![CDATA[
]]></text>
                                    <marker class="StackTrace">
                                      <contents>
                                        <text><![CDATA[   at System.Data.SqlClient.SqlConnection.OnError(SqlException exception, Boolean breakConnection)
   at System.Data.SqlClient.SqlInternalConnection.OnError(SqlException exception, Boolean breakConnection)
   at System.Data.SqlClient.TdsParser.ThrowExceptionAndWarning(TdsParserStateObject stateObj)
   at System.Data.SqlClient.TdsParser.Run(RunBehavior runBehavior, SqlCommand cmdHandler, SqlDataReader dataStream, BulkCopySimpleResultSet bulkCopyHandler, TdsParserStateObject stateObj)
   at System.Data.SqlClient.SqlDataReader.ConsumeMetaData()
   at System.Data.SqlClient.SqlDataReader.get_MetaData()
   at System.Data.SqlClient.SqlCommand.FinishExecuteReader(SqlDataReader ds, RunBehavior runBehavior, String resetOptionsString)
   at System.Data.SqlClient.SqlCommand.RunExecuteReaderTds(CommandBehavior cmdBehavior, RunBehavior runBehavior, Boolean returnStream, Boolean async)
   at System.Data.SqlClient.SqlCommand.RunExecuteReader(CommandBehavior cmdBehavior, RunBehavior runBehavior, Boolean returnStream, String method, DbAsyncResult result)
   at System.Data.SqlClient.SqlCommand.RunExecuteReader(CommandBehavior cmdBehavior, RunBehavior runBehavior, Boolean returnStream, String method)
   at System.Data.SqlClient.SqlCommand.ExecuteReader(CommandBehavior behavior, String method)
   at System.Data.SqlClient.SqlCommand.ExecuteDbDataReader(CommandBehavior behavior)
   at System.Data.Common.DbCommand.System.Data.IDbCommand.ExecuteReader(CommandBehavior behavior)
   at System.Data.Common.DbDataAdapter.FillInternal(DataSet dataset, DataTable[] datatables, Int32 startRecord, Int32 maxRecords, String srcTable, IDbCommand command, CommandBehavior behavior)
   at System.Data.Common.DbDataAdapter.Fill(DataSet dataSet, Int32 startRecord, Int32 maxRecords, String srcTable, IDbCommand command, CommandBehavior behavior)
   at System.Data.Common.DbDataAdapter.Fill(DataSet dataSet)
   at SubSonic.SqlDataProvider.GetDataSet[T](QueryCommand qry) in ]]></text>
                                        <marker class="CodeLocation">
                                          <contents>
                                            <text><![CDATA[C:\data\SubsonicRoot\ss2\SubSonic\DataProviders\SqlDataProvider.cs:line 438]]></text>
                                          </contents>
                                          <attributes>
                                            <attribute name="line" value="438" />
                                            <attribute name="path" value="C:\data\SubsonicRoot\ss2\SubSonic\DataProviders\SqlDataProvider.cs" />
                                          </attributes>
                                        </marker>
                                        <text><![CDATA[
   at SubSonic.DataService.GetDataSet[T](QueryCommand cmd) in ]]></text>
                                        <marker class="CodeLocation">
                                          <contents>
                                            <text><![CDATA[C:\data\SubsonicRoot\ss2\SubSonic\DataProviders\DataService.cs:line 536]]></text>
                                          </contents>
                                          <attributes>
                                            <attribute name="line" value="536" />
                                            <attribute name="path" value="C:\data\SubsonicRoot\ss2\SubSonic\DataProviders\DataService.cs" />
                                          </attributes>
                                        </marker>
                                        <text><![CDATA[
   at SubSonic.Query.ExecuteJoinedDataSet[T]() in ]]></text>
                                        <marker class="CodeLocation">
                                          <contents>
                                            <text><![CDATA[C:\data\SubsonicRoot\ss2\SubSonic\Sql Tools\Query.cs:line 1957]]></text>
                                          </contents>
                                          <attributes>
                                            <attribute name="line" value="1957" />
                                            <attribute name="path" value="C:\data\SubsonicRoot\ss2\SubSonic\Sql Tools\Query.cs" />
                                          </attributes>
                                        </marker>
                                        <text><![CDATA[
   at SubSonic.Query.ExecuteJoinedDataSet() in ]]></text>
                                        <marker class="CodeLocation">
                                          <contents>
                                            <text><![CDATA[C:\data\SubsonicRoot\ss2\SubSonic\Sql Tools\Query.cs:line 1842]]></text>
                                          </contents>
                                          <attributes>
                                            <attribute name="line" value="1842" />
                                            <attribute name="path" value="C:\data\SubsonicRoot\ss2\SubSonic\Sql Tools\Query.cs" />
                                          </attributes>
                                        </marker>
                                        <text><![CDATA[
   at SubSonic.Tests.QueryTest.QueryExecuteJoinedDataSet_ORDER_BY_Expression() in ]]></text>
                                        <marker class="CodeLocation">
                                          <contents>
                                            <text><![CDATA[C:\data\SubsonicRoot\ss2\SubSonic.Tests\QueryTest.cs:line 774]]></text>
                                          </contents>
                                          <attributes>
                                            <attribute name="line" value="774" />
                                            <attribute name="path" value="C:\data\SubsonicRoot\ss2\SubSonic.Tests\QueryTest.cs" />
                                          </attributes>
                                        </marker>
                                      </contents>
                                      <attributes />
                                    </marker>
                                  </contents>
                                  <attributes />
                                </marker>
                              </contents>
                            </section>
                          </contents>
                        </body>
                      </stream>
                    </streams>
                    <attachments />
                  </testLog>
                </testStepRun>
                <testStepRun startTime="2011-08-05T15:48:45.7274705+09:30" endTime="2011-08-05T15:48:45.8524705+09:30">
                  <testStep id="dd789151a4c43ded" name="QueryExecuteJoinedDataSet_ORDER_BY_Expression_Collection" fullName="SubSonic.Tests/QueryTest/QueryExecuteJoinedDataSet_ORDER_BY_Expression_Collection" testId="5526f38da62244ce" isPrimary="true" isTestCase="true" isDynamic="false">
                    <codeReference assembly="SubSonic.Tests, Version=2.2.1.0, Culture=neutral, PublicKeyToken=null" namespace="SubSonic.Tests" type="SubSonic.Tests.QueryTest" member="QueryExecuteJoinedDataSet_ORDER_BY_Expression_Collection" />
                    <codeLocation path="C:\data\SubsonicRoot\ss2\SubSonic.Tests\QueryTest.cs" line="897" />
                    <metadata>
                      <entry key="TestKind">
                        <value>Test</value>
                      </entry>
                    </metadata>
                  </testStep>
                  <children />
                  <result assertCount="0" duration="0.0314356">
                    <outcome status="failed" />
                  </result>
                  <testLog>
                    <streams>
                      <stream name="Failures">
                        <body>
                          <contents>
                            <section name="Execute">
                              <contents>
                                <marker class="Exception">
                                  <contents>
                                    <marker class="ExceptionType">
                                      <contents>
                                        <text><![CDATA[System.Data.SqlClient.SqlException]]></text>
                                      </contents>
                                      <attributes />
                                    </marker>
                                    <text><![CDATA[: ]]></text>
                                    <marker class="ExceptionMessage">
                                      <contents>
                                        <text><![CDATA[Incorrect syntax near the keyword 'BY'.]]></text>
                                      </contents>
                                      <attributes />
                                    </marker>
                                    <text><![CDATA[
]]></text>
                                    <marker class="ExceptionPropertyName">
                                      <contents>
                                        <text><![CDATA[Errors]]></text>
                                      </contents>
                                      <attributes />
                                    </marker>
                                    <text><![CDATA[: ]]></text>
                                    <marker class="ExceptionPropertyValue">
                                      <contents>
                                        <text><![CDATA[System.Data.SqlClient.SqlErrorCollection]]></text>
                                      </contents>
                                      <attributes />
                                    </marker>
                                    <text><![CDATA[
]]></text>
                                    <marker class="ExceptionPropertyName">
                                      <contents>
                                        <text><![CDATA[Class]]></text>
                                      </contents>
                                      <attributes />
                                    </marker>
                                    <text><![CDATA[: ]]></text>
                                    <marker class="ExceptionPropertyValue">
                                      <contents>
                                        <text><![CDATA[15]]></text>
                                      </contents>
                                      <attributes />
                                    </marker>
                                    <text><![CDATA[
]]></text>
                                    <marker class="ExceptionPropertyName">
                                      <contents>
                                        <text><![CDATA[LineNumber]]></text>
                                      </contents>
                                      <attributes />
                                    </marker>
                                    <text><![CDATA[: ]]></text>
                                    <marker class="ExceptionPropertyValue">
                                      <contents>
                                        <text><![CDATA[1]]></text>
                                      </contents>
                                      <attributes />
                                    </marker>
                                    <text><![CDATA[
]]></text>
                                    <marker class="ExceptionPropertyName">
                                      <contents>
                                        <text><![CDATA[Number]]></text>
                                      </contents>
                                      <attributes />
                                    </marker>
                                    <text><![CDATA[: ]]></text>
                                    <marker class="ExceptionPropertyValue">
                                      <contents>
                                        <text><![CDATA[156]]></text>
                                      </contents>
                                      <attributes />
                                    </marker>
                                    <text><![CDATA[
]]></text>
                                    <marker class="ExceptionPropertyName">
                                      <contents>
                                        <text><![CDATA[Procedure]]></text>
                                      </contents>
                                      <attributes />
                                    </marker>
                                    <text><![CDATA[: ]]></text>
                                    <marker class="ExceptionPropertyValue">
                                      <contents />
                                      <attributes />
                                    </marker>
                                    <text><![CDATA[
]]></text>
                                    <marker class="ExceptionPropertyName">
                                      <contents>
                                        <text><![CDATA[Server]]></text>
                                      </contents>
                                      <attributes />
                                    </marker>
                                    <text><![CDATA[: ]]></text>
                                    <marker class="ExceptionPropertyValue">
                                      <contents>
                                        <text><![CDATA[ANAXIMANDER\SQLEXPRESS]]></text>
                                      </contents>
                                      <attributes />
                                    </marker>
                                    <text><![CDATA[
]]></text>
                                    <marker class="ExceptionPropertyName">
                                      <contents>
                                        <text><![CDATA[State]]></text>
                                      </contents>
                                      <attributes />
                                    </marker>
                                    <text><![CDATA[: ]]></text>
                                    <marker class="ExceptionPropertyValue">
                                      <contents>
                                        <text><![CDATA[1]]></text>
                                      </contents>
                                      <attributes />
                                    </marker>
                                    <text><![CDATA[
]]></text>
                                    <marker class="ExceptionPropertyName">
                                      <contents>
                                        <text><![CDATA[ErrorCode]]></text>
                                      </contents>
                                      <attributes />
                                    </marker>
                                    <text><![CDATA[: ]]></text>
                                    <marker class="ExceptionPropertyValue">
                                      <contents>
                                        <text><![CDATA[-2146232060]]></text>
                                      </contents>
                                      <attributes />
                                    </marker>
                                    <text><![CDATA[
]]></text>
                                    <marker class="StackTrace">
                                      <contents>
                                        <text><![CDATA[   at System.Data.SqlClient.SqlConnection.OnError(SqlException exception, Boolean breakConnection)
   at System.Data.SqlClient.SqlInternalConnection.OnError(SqlException exception, Boolean breakConnection)
   at System.Data.SqlClient.TdsParser.ThrowExceptionAndWarning(TdsParserStateObject stateObj)
   at System.Data.SqlClient.TdsParser.Run(RunBehavior runBehavior, SqlCommand cmdHandler, SqlDataReader dataStream, BulkCopySimpleResultSet bulkCopyHandler, TdsParserStateObject stateObj)
   at System.Data.SqlClient.SqlDataReader.ConsumeMetaData()
   at System.Data.SqlClient.SqlDataReader.get_MetaData()
   at System.Data.SqlClient.SqlCommand.FinishExecuteReader(SqlDataReader ds, RunBehavior runBehavior, String resetOptionsString)
   at System.Data.SqlClient.SqlCommand.RunExecuteReaderTds(CommandBehavior cmdBehavior, RunBehavior runBehavior, Boolean returnStream, Boolean async)
   at System.Data.SqlClient.SqlCommand.RunExecuteReader(CommandBehavior cmdBehavior, RunBehavior runBehavior, Boolean returnStream, String method, DbAsyncResult result)
   at System.Data.SqlClient.SqlCommand.RunExecuteReader(CommandBehavior cmdBehavior, RunBehavior runBehavior, Boolean returnStream, String method)
   at System.Data.SqlClient.SqlCommand.ExecuteReader(CommandBehavior behavior, String method)
   at System.Data.SqlClient.SqlCommand.ExecuteDbDataReader(CommandBehavior behavior)
   at System.Data.Common.DbCommand.System.Data.IDbCommand.ExecuteReader(CommandBehavior behavior)
   at System.Data.Common.DbDataAdapter.FillInternal(DataSet dataset, DataTable[] datatables, Int32 startRecord, Int32 maxRecords, String srcTable, IDbCommand command, CommandBehavior behavior)
   at System.Data.Common.DbDataAdapter.Fill(DataSet dataSet, Int32 startRecord, Int32 maxRecords, String srcTable, IDbCommand command, CommandBehavior behavior)
   at System.Data.Common.DbDataAdapter.Fill(DataSet dataSet)
   at SubSonic.SqlDataProvider.GetDataSet[T](QueryCommand qry) in ]]></text>
                                        <marker class="CodeLocation">
                                          <contents>
                                            <text><![CDATA[C:\data\SubsonicRoot\ss2\SubSonic\DataProviders\SqlDataProvider.cs:line 438]]></text>
                                          </contents>
                                          <attributes>
                                            <attribute name="line" value="438" />
                                            <attribute name="path" value="C:\data\SubsonicRoot\ss2\SubSonic\DataProviders\SqlDataProvider.cs" />
                                          </attributes>
                                        </marker>
                                        <text><![CDATA[
   at SubSonic.DataService.GetDataSet[T](QueryCommand cmd) in ]]></text>
                                        <marker class="CodeLocation">
                                          <contents>
                                            <text><![CDATA[C:\data\SubsonicRoot\ss2\SubSonic\DataProviders\DataService.cs:line 536]]></text>
                                          </contents>
                                          <attributes>
                                            <attribute name="line" value="536" />
                                            <attribute name="path" value="C:\data\SubsonicRoot\ss2\SubSonic\DataProviders\DataService.cs" />
                                          </attributes>
                                        </marker>
                                        <text><![CDATA[
   at SubSonic.Query.ExecuteJoinedDataSet[T]() in ]]></text>
                                        <marker class="CodeLocation">
                                          <contents>
                                            <text><![CDATA[C:\data\SubsonicRoot\ss2\SubSonic\Sql Tools\Query.cs:line 1957]]></text>
                                          </contents>
                                          <attributes>
                                            <attribute name="line" value="1957" />
                                            <attribute name="path" value="C:\data\SubsonicRoot\ss2\SubSonic\Sql Tools\Query.cs" />
                                          </attributes>
                                        </marker>
                                        <text><![CDATA[
   at SubSonic.Query.ExecuteJoinedDataSet() in ]]></text>
                                        <marker class="CodeLocation">
                                          <contents>
                                            <text><![CDATA[C:\data\SubsonicRoot\ss2\SubSonic\Sql Tools\Query.cs:line 1842]]></text>
                                          </contents>
                                          <attributes>
                                            <attribute name="line" value="1842" />
                                            <attribute name="path" value="C:\data\SubsonicRoot\ss2\SubSonic\Sql Tools\Query.cs" />
                                          </attributes>
                                        </marker>
                                        <text><![CDATA[
   at SubSonic.Tests.QueryTest.QueryExecuteJoinedDataSet_ORDER_BY_Expression_Collection() in ]]></text>
                                        <marker class="CodeLocation">
                                          <contents>
                                            <text><![CDATA[C:\data\SubsonicRoot\ss2\SubSonic.Tests\QueryTest.cs:line 900]]></text>
                                          </contents>
                                          <attributes>
                                            <attribute name="line" value="900" />
                                            <attribute name="path" value="C:\data\SubsonicRoot\ss2\SubSonic.Tests\QueryTest.cs" />
                                          </attributes>
                                        </marker>
                                      </contents>
                                      <attributes />
                                    </marker>
                                  </contents>
                                  <attributes />
                                </marker>
                              </contents>
                            </section>
                          </contents>
                        </body>
                      </stream>
                    </streams>
                    <attachments />
                  </testLog>
                </testStepRun>
                <testStepRun startTime="2011-08-05T15:48:45.8524705+09:30" endTime="2011-08-05T15:48:46.0087205+09:30">
                  <testStep id="e5424a887d2db8bb" name="QueryExecuteJoinedDataSet_ORDER_BY_ExpressionDESC" fullName="SubSonic.Tests/QueryTest/QueryExecuteJoinedDataSet_ORDER_BY_ExpressionDESC" testId="a824e63bdf5fe916" isPrimary="true" isTestCase="true" isDynamic="false">
                    <codeReference assembly="SubSonic.Tests, Version=2.2.1.0, Culture=neutral, PublicKeyToken=null" namespace="SubSonic.Tests" type="SubSonic.Tests.QueryTest" member="QueryExecuteJoinedDataSet_ORDER_BY_ExpressionDESC" />
                    <codeLocation path="C:\data\SubsonicRoot\ss2\SubSonic.Tests\QueryTest.cs" line="784" />
                    <metadata>
                      <entry key="TestKind">
                        <value>Test</value>
                      </entry>
                    </metadata>
                  </testStep>
                  <children />
                  <result assertCount="0" duration="0.018801699999999998">
                    <outcome status="failed" />
                  </result>
                  <testLog>
                    <streams>
                      <stream name="Failures">
                        <body>
                          <contents>
                            <section name="Execute">
                              <contents>
                                <marker class="Exception">
                                  <contents>
                                    <marker class="ExceptionType">
                                      <contents>
                                        <text><![CDATA[System.Data.SqlClient.SqlException]]></text>
                                      </contents>
                                      <attributes />
                                    </marker>
                                    <text><![CDATA[: ]]></text>
                                    <marker class="ExceptionMessage">
                                      <contents>
                                        <text><![CDATA[Incorrect syntax near the keyword 'BY'.]]></text>
                                      </contents>
                                      <attributes />
                                    </marker>
                                    <text><![CDATA[
]]></text>
                                    <marker class="ExceptionPropertyName">
                                      <contents>
                                        <text><![CDATA[Errors]]></text>
                                      </contents>
                                      <attributes />
                                    </marker>
                                    <text><![CDATA[: ]]></text>
                                    <marker class="ExceptionPropertyValue">
                                      <contents>
                                        <text><![CDATA[System.Data.SqlClient.SqlErrorCollection]]></text>
                                      </contents>
                                      <attributes />
                                    </marker>
                                    <text><![CDATA[
]]></text>
                                    <marker class="ExceptionPropertyName">
                                      <contents>
                                        <text><![CDATA[Class]]></text>
                                      </contents>
                                      <attributes />
                                    </marker>
                                    <text><![CDATA[: ]]></text>
                                    <marker class="ExceptionPropertyValue">
                                      <contents>
                                        <text><![CDATA[15]]></text>
                                      </contents>
                                      <attributes />
                                    </marker>
                                    <text><![CDATA[
]]></text>
                                    <marker class="ExceptionPropertyName">
                                      <contents>
                                        <text><![CDATA[LineNumber]]></text>
                                      </contents>
                                      <attributes />
                                    </marker>
                                    <text><![CDATA[: ]]></text>
                                    <marker class="ExceptionPropertyValue">
                                      <contents>
                                        <text><![CDATA[1]]></text>
                                      </contents>
                                      <attributes />
                                    </marker>
                                    <text><![CDATA[
]]></text>
                                    <marker class="ExceptionPropertyName">
                                      <contents>
                                        <text><![CDATA[Number]]></text>
                                      </contents>
                                      <attributes />
                                    </marker>
                                    <text><![CDATA[: ]]></text>
                                    <marker class="ExceptionPropertyValue">
                                      <contents>
                                        <text><![CDATA[156]]></text>
                                      </contents>
                                      <attributes />
                                    </marker>
                                    <text><![CDATA[
]]></text>
                                    <marker class="ExceptionPropertyName">
                                      <contents>
                                        <text><![CDATA[Procedure]]></text>
                                      </contents>
                                      <attributes />
                                    </marker>
                                    <text><![CDATA[: ]]></text>
                                    <marker class="ExceptionPropertyValue">
                                      <contents />
                                      <attributes />
                                    </marker>
                                    <text><![CDATA[
]]></text>
                                    <marker class="ExceptionPropertyName">
                                      <contents>
                                        <text><![CDATA[Server]]></text>
                                      </contents>
                                      <attributes />
                                    </marker>
                                    <text><![CDATA[: ]]></text>
                                    <marker class="ExceptionPropertyValue">
                                      <contents>
                                        <text><![CDATA[ANAXIMANDER\SQLEXPRESS]]></text>
                                      </contents>
                                      <attributes />
                                    </marker>
                                    <text><![CDATA[
]]></text>
                                    <marker class="ExceptionPropertyName">
                                      <contents>
                                        <text><![CDATA[State]]></text>
                                      </contents>
                                      <attributes />
                                    </marker>
                                    <text><![CDATA[: ]]></text>
                                    <marker class="ExceptionPropertyValue">
                                      <contents>
                                        <text><![CDATA[1]]></text>
                                      </contents>
                                      <attributes />
                                    </marker>
                                    <text><![CDATA[
]]></text>
                                    <marker class="ExceptionPropertyName">
                                      <contents>
                                        <text><![CDATA[ErrorCode]]></text>
                                      </contents>
                                      <attributes />
                                    </marker>
                                    <text><![CDATA[: ]]></text>
                                    <marker class="ExceptionPropertyValue">
                                      <contents>
                                        <text><![CDATA[-2146232060]]></text>
                                      </contents>
                                      <attributes />
                                    </marker>
                                    <text><![CDATA[
]]></text>
                                    <marker class="StackTrace">
                                      <contents>
                                        <text><![CDATA[   at System.Data.SqlClient.SqlConnection.OnError(SqlException exception, Boolean breakConnection)
   at System.Data.SqlClient.SqlInternalConnection.OnError(SqlException exception, Boolean breakConnection)
   at System.Data.SqlClient.TdsParser.ThrowExceptionAndWarning(TdsParserStateObject stateObj)
   at System.Data.SqlClient.TdsParser.Run(RunBehavior runBehavior, SqlCommand cmdHandler, SqlDataReader dataStream, BulkCopySimpleResultSet bulkCopyHandler, TdsParserStateObject stateObj)
   at System.Data.SqlClient.SqlDataReader.ConsumeMetaData()
   at System.Data.SqlClient.SqlDataReader.get_MetaData()
   at System.Data.SqlClient.SqlCommand.FinishExecuteReader(SqlDataReader ds, RunBehavior runBehavior, String resetOptionsString)
   at System.Data.SqlClient.SqlCommand.RunExecuteReaderTds(CommandBehavior cmdBehavior, RunBehavior runBehavior, Boolean returnStream, Boolean async)
   at System.Data.SqlClient.SqlCommand.RunExecuteReader(CommandBehavior cmdBehavior, RunBehavior runBehavior, Boolean returnStream, String method, DbAsyncResult result)
   at System.Data.SqlClient.SqlCommand.RunExecuteReader(CommandBehavior cmdBehavior, RunBehavior runBehavior, Boolean returnStream, String method)
   at System.Data.SqlClient.SqlCommand.ExecuteReader(CommandBehavior behavior, String method)
   at System.Data.SqlClient.SqlCommand.ExecuteDbDataReader(CommandBehavior behavior)
   at System.Data.Common.DbCommand.System.Data.IDbCommand.ExecuteReader(CommandBehavior behavior)
   at System.Data.Common.DbDataAdapter.FillInternal(DataSet dataset, DataTable[] datatables, Int32 startRecord, Int32 maxRecords, String srcTable, IDbCommand command, CommandBehavior behavior)
   at System.Data.Common.DbDataAdapter.Fill(DataSet dataSet, Int32 startRecord, Int32 maxRecords, String srcTable, IDbCommand command, CommandBehavior behavior)
   at System.Data.Common.DbDataAdapter.Fill(DataSet dataSet)
   at SubSonic.SqlDataProvider.GetDataSet[T](QueryCommand qry) in ]]></text>
                                        <marker class="CodeLocation">
                                          <contents>
                                            <text><![CDATA[C:\data\SubsonicRoot\ss2\SubSonic\DataProviders\SqlDataProvider.cs:line 438]]></text>
                                          </contents>
                                          <attributes>
                                            <attribute name="line" value="438" />
                                            <attribute name="path" value="C:\data\SubsonicRoot\ss2\SubSonic\DataProviders\SqlDataProvider.cs" />
                                          </attributes>
                                        </marker>
                                        <text><![CDATA[
   at SubSonic.DataService.GetDataSet[T](QueryCommand cmd) in ]]></text>
                                        <marker class="CodeLocation">
                                          <contents>
                                            <text><![CDATA[C:\data\SubsonicRoot\ss2\SubSonic\DataProviders\DataService.cs:line 536]]></text>
                                          </contents>
                                          <attributes>
                                            <attribute name="line" value="536" />
                                            <attribute name="path" value="C:\data\SubsonicRoot\ss2\SubSonic\DataProviders\DataService.cs" />
                                          </attributes>
                                        </marker>
                                        <text><![CDATA[
   at SubSonic.Query.ExecuteJoinedDataSet[T]() in ]]></text>
                                        <marker class="CodeLocation">
                                          <contents>
                                            <text><![CDATA[C:\data\SubsonicRoot\ss2\SubSonic\Sql Tools\Query.cs:line 1957]]></text>
                                          </contents>
                                          <attributes>
                                            <attribute name="line" value="1957" />
                                            <attribute name="path" value="C:\data\SubsonicRoot\ss2\SubSonic\Sql Tools\Query.cs" />
                                          </attributes>
                                        </marker>
                                        <text><![CDATA[
   at SubSonic.Query.ExecuteJoinedDataSet() in ]]></text>
                                        <marker class="CodeLocation">
                                          <contents>
                                            <text><![CDATA[C:\data\SubsonicRoot\ss2\SubSonic\Sql Tools\Query.cs:line 1842]]></text>
                                          </contents>
                                          <attributes>
                                            <attribute name="line" value="1842" />
                                            <attribute name="path" value="C:\data\SubsonicRoot\ss2\SubSonic\Sql Tools\Query.cs" />
                                          </attributes>
                                        </marker>
                                        <text><![CDATA[
   at SubSonic.Tests.QueryTest.QueryExecuteJoinedDataSet_ORDER_BY_ExpressionDESC() in ]]></text>
                                        <marker class="CodeLocation">
                                          <contents>
                                            <text><![CDATA[C:\data\SubsonicRoot\ss2\SubSonic.Tests\QueryTest.cs:line 787]]></text>
                                          </contents>
                                          <attributes>
                                            <attribute name="line" value="787" />
                                            <attribute name="path" value="C:\data\SubsonicRoot\ss2\SubSonic.Tests\QueryTest.cs" />
                                          </attributes>
                                        </marker>
                                      </contents>
                                      <attributes />
                                    </marker>
                                  </contents>
                                  <attributes />
                                </marker>
                              </contents>
                            </section>
                          </contents>
                        </body>
                      </stream>
                    </streams>
                    <attachments />
                  </testLog>
                </testStepRun>
                <testStepRun startTime="2011-08-05T15:48:46.0087205+09:30" endTime="2011-08-05T15:48:46.1337205+09:30">
                  <testStep id="97c7e552e015d647" name="QueryExecuteJoinedDataSet_ORDER_BY_ExpressionDESC_Collection" fullName="SubSonic.Tests/QueryTest/QueryExecuteJoinedDataSet_ORDER_BY_ExpressionDESC_Collection" testId="aac99ba1d79bba39" isPrimary="true" isTestCase="true" isDynamic="false">
                    <codeReference assembly="SubSonic.Tests, Version=2.2.1.0, Culture=neutral, PublicKeyToken=null" namespace="SubSonic.Tests" type="SubSonic.Tests.QueryTest" member="QueryExecuteJoinedDataSet_ORDER_BY_ExpressionDESC_Collection" />
                    <codeLocation path="C:\data\SubsonicRoot\ss2\SubSonic.Tests\QueryTest.cs" line="913" />
                    <metadata>
                      <entry key="TestKind">
                        <value>Test</value>
                      </entry>
                    </metadata>
                  </testStep>
                  <children />
                  <result assertCount="0" duration="0.051051099999999995">
                    <outcome status="failed" />
                  </result>
                  <testLog>
                    <streams>
                      <stream name="Failures">
                        <body>
                          <contents>
                            <section name="Execute">
                              <contents>
                                <marker class="Exception">
                                  <contents>
                                    <marker class="ExceptionType">
                                      <contents>
                                        <text><![CDATA[System.Data.SqlClient.SqlException]]></text>
                                      </contents>
                                      <attributes />
                                    </marker>
                                    <text><![CDATA[: ]]></text>
                                    <marker class="ExceptionMessage">
                                      <contents>
                                        <text><![CDATA[Incorrect syntax near the keyword 'BY'.]]></text>
                                      </contents>
                                      <attributes />
                                    </marker>
                                    <text><![CDATA[
]]></text>
                                    <marker class="ExceptionPropertyName">
                                      <contents>
                                        <text><![CDATA[Errors]]></text>
                                      </contents>
                                      <attributes />
                                    </marker>
                                    <text><![CDATA[: ]]></text>
                                    <marker class="ExceptionPropertyValue">
                                      <contents>
                                        <text><![CDATA[System.Data.SqlClient.SqlErrorCollection]]></text>
                                      </contents>
                                      <attributes />
                                    </marker>
                                    <text><![CDATA[
]]></text>
                                    <marker class="ExceptionPropertyName">
                                      <contents>
                                        <text><![CDATA[Class]]></text>
                                      </contents>
                                      <attributes />
                                    </marker>
                                    <text><![CDATA[: ]]></text>
                                    <marker class="ExceptionPropertyValue">
                                      <contents>
                                        <text><![CDATA[15]]></text>
                                      </contents>
                                      <attributes />
                                    </marker>
                                    <text><![CDATA[
]]></text>
                                    <marker class="ExceptionPropertyName">
                                      <contents>
                                        <text><![CDATA[LineNumber]]></text>
                                      </contents>
                                      <attributes />
                                    </marker>
                                    <text><![CDATA[: ]]></text>
                                    <marker class="ExceptionPropertyValue">
                                      <contents>
                                        <text><![CDATA[1]]></text>
                                      </contents>
                                      <attributes />
                                    </marker>
                                    <text><![CDATA[
]]></text>
                                    <marker class="ExceptionPropertyName">
                                      <contents>
                                        <text><![CDATA[Number]]></text>
                                      </contents>
                                      <attributes />
                                    </marker>
                                    <text><![CDATA[: ]]></text>
                                    <marker class="ExceptionPropertyValue">
                                      <contents>
                                        <text><![CDATA[156]]></text>
                                      </contents>
                                      <attributes />
                                    </marker>
                                    <text><![CDATA[
]]></text>
                                    <marker class="ExceptionPropertyName">
                                      <contents>
                                        <text><![CDATA[Procedure]]></text>
                                      </contents>
                                      <attributes />
                                    </marker>
                                    <text><![CDATA[: ]]></text>
                                    <marker class="ExceptionPropertyValue">
                                      <contents />
                                      <attributes />
                                    </marker>
                                    <text><![CDATA[
]]></text>
                                    <marker class="ExceptionPropertyName">
                                      <contents>
                                        <text><![CDATA[Server]]></text>
                                      </contents>
                                      <attributes />
                                    </marker>
                                    <text><![CDATA[: ]]></text>
                                    <marker class="ExceptionPropertyValue">
                                      <contents>
                                        <text><![CDATA[ANAXIMANDER\SQLEXPRESS]]></text>
                                      </contents>
                                      <attributes />
                                    </marker>
                                    <text><![CDATA[
]]></text>
                                    <marker class="ExceptionPropertyName">
                                      <contents>
                                        <text><![CDATA[State]]></text>
                                      </contents>
                                      <attributes />
                                    </marker>
                                    <text><![CDATA[: ]]></text>
                                    <marker class="ExceptionPropertyValue">
                                      <contents>
                                        <text><![CDATA[1]]></text>
                                      </contents>
                                      <attributes />
                                    </marker>
                                    <text><![CDATA[
]]></text>
                                    <marker class="ExceptionPropertyName">
                                      <contents>
                                        <text><![CDATA[ErrorCode]]></text>
                                      </contents>
                                      <attributes />
                                    </marker>
                                    <text><![CDATA[: ]]></text>
                                    <marker class="ExceptionPropertyValue">
                                      <contents>
                                        <text><![CDATA[-2146232060]]></text>
                                      </contents>
                                      <attributes />
                                    </marker>
                                    <text><![CDATA[
]]></text>
                                    <marker class="StackTrace">
                                      <contents>
                                        <text><![CDATA[   at System.Data.SqlClient.SqlConnection.OnError(SqlException exception, Boolean breakConnection)
   at System.Data.SqlClient.SqlInternalConnection.OnError(SqlException exception, Boolean breakConnection)
   at System.Data.SqlClient.TdsParser.ThrowExceptionAndWarning(TdsParserStateObject stateObj)
   at System.Data.SqlClient.TdsParser.Run(RunBehavior runBehavior, SqlCommand cmdHandler, SqlDataReader dataStream, BulkCopySimpleResultSet bulkCopyHandler, TdsParserStateObject stateObj)
   at System.Data.SqlClient.SqlDataReader.ConsumeMetaData()
   at System.Data.SqlClient.SqlDataReader.get_MetaData()
   at System.Data.SqlClient.SqlCommand.FinishExecuteReader(SqlDataReader ds, RunBehavior runBehavior, String resetOptionsString)
   at System.Data.SqlClient.SqlCommand.RunExecuteReaderTds(CommandBehavior cmdBehavior, RunBehavior runBehavior, Boolean returnStream, Boolean async)
   at System.Data.SqlClient.SqlCommand.RunExecuteReader(CommandBehavior cmdBehavior, RunBehavior runBehavior, Boolean returnStream, String method, DbAsyncResult result)
   at System.Data.SqlClient.SqlCommand.RunExecuteReader(CommandBehavior cmdBehavior, RunBehavior runBehavior, Boolean returnStream, String method)
   at System.Data.SqlClient.SqlCommand.ExecuteReader(CommandBehavior behavior, String method)
   at System.Data.SqlClient.SqlCommand.ExecuteDbDataReader(CommandBehavior behavior)
   at System.Data.Common.DbCommand.System.Data.IDbCommand.ExecuteReader(CommandBehavior behavior)
   at System.Data.Common.DbDataAdapter.FillInternal(DataSet dataset, DataTable[] datatables, Int32 startRecord, Int32 maxRecords, String srcTable, IDbCommand command, CommandBehavior behavior)
   at System.Data.Common.DbDataAdapter.Fill(DataSet dataSet, Int32 startRecord, Int32 maxRecords, String srcTable, IDbCommand command, CommandBehavior behavior)
   at System.Data.Common.DbDataAdapter.Fill(DataSet dataSet)
   at SubSonic.SqlDataProvider.GetDataSet[T](QueryCommand qry) in ]]></text>
                                        <marker class="CodeLocation">
                                          <contents>
                                            <text><![CDATA[C:\data\SubsonicRoot\ss2\SubSonic\DataProviders\SqlDataProvider.cs:line 438]]></text>
                                          </contents>
                                          <attributes>
                                            <attribute name="line" value="438" />
                                            <attribute name="path" value="C:\data\SubsonicRoot\ss2\SubSonic\DataProviders\SqlDataProvider.cs" />
                                          </attributes>
                                        </marker>
                                        <text><![CDATA[
   at SubSonic.DataService.GetDataSet[T](QueryCommand cmd) in ]]></text>
                                        <marker class="CodeLocation">
                                          <contents>
                                            <text><![CDATA[C:\data\SubsonicRoot\ss2\SubSonic\DataProviders\DataService.cs:line 536]]></text>
                                          </contents>
                                          <attributes>
                                            <attribute name="line" value="536" />
                                            <attribute name="path" value="C:\data\SubsonicRoot\ss2\SubSonic\DataProviders\DataService.cs" />
                                          </attributes>
                                        </marker>
                                        <text><![CDATA[
   at SubSonic.Query.ExecuteJoinedDataSet[T]() in ]]></text>
                                        <marker class="CodeLocation">
                                          <contents>
                                            <text><![CDATA[C:\data\SubsonicRoot\ss2\SubSonic\Sql Tools\Query.cs:line 1957]]></text>
                                          </contents>
                                          <attributes>
                                            <attribute name="line" value="1957" />
                                            <attribute name="path" value="C:\data\SubsonicRoot\ss2\SubSonic\Sql Tools\Query.cs" />
                                          </attributes>
                                        </marker>
                                        <text><![CDATA[
   at SubSonic.Query.ExecuteJoinedDataSet() in ]]></text>
                                        <marker class="CodeLocation">
                                          <contents>
                                            <text><![CDATA[C:\data\SubsonicRoot\ss2\SubSonic\Sql Tools\Query.cs:line 1842]]></text>
                                          </contents>
                                          <attributes>
                                            <attribute name="line" value="1842" />
                                            <attribute name="path" value="C:\data\SubsonicRoot\ss2\SubSonic\Sql Tools\Query.cs" />
                                          </attributes>
                                        </marker>
                                        <text><![CDATA[
   at SubSonic.Tests.QueryTest.QueryExecuteJoinedDataSet_ORDER_BY_ExpressionDESC_Collection() in ]]></text>
                                        <marker class="CodeLocation">
                                          <contents>
                                            <text><![CDATA[C:\data\SubsonicRoot\ss2\SubSonic.Tests\QueryTest.cs:line 916]]></text>
                                          </contents>
                                          <attributes>
                                            <attribute name="line" value="916" />
                                            <attribute name="path" value="C:\data\SubsonicRoot\ss2\SubSonic.Tests\QueryTest.cs" />
                                          </attributes>
                                        </marker>
                                      </contents>
                                      <attributes />
                                    </marker>
                                  </contents>
                                  <attributes />
                                </marker>
                              </contents>
                            </section>
                          </contents>
                        </body>
                      </stream>
                    </streams>
                    <attachments />
                  </testLog>
                </testStepRun>
              </children>
              <result assertCount="13" duration="2.2204107">
                <outcome status="failed" />
              </result>
              <testLog>
                <streams />
                <attachments />
              </testLog>
            </testStepRun>
            <testStepRun startTime="2011-08-05T15:48:46.1337205+09:30" endTime="2011-08-05T15:48:46.2587205+09:30">
              <testStep id="ff841e865cc73ea" name="RepositoryTests" fullName="SubSonic.Tests/RepositoryTests" testId="6e5f3a8fac97c581" isPrimary="true" isTestCase="false" isDynamic="false">
                <codeReference assembly="SubSonic.Tests, Version=2.2.1.0, Culture=neutral, PublicKeyToken=null" namespace="SubSonic.Tests.Repository" type="SubSonic.Tests.Repository.RepositoryTests" />
                <codeLocation path="C:\data\SubsonicRoot\ss2\SubSonic.Tests\Repository\RepositoryTests.cs" />
                <metadata>
                  <entry key="TestKind">
                    <value>Fixture</value>
                  </entry>
                </metadata>
              </testStep>
              <children>
                <testStepRun startTime="2011-08-05T15:48:46.1337205+09:30" endTime="2011-08-05T15:48:46.1493455+09:30">
                  <testStep id="37f064d65baf0fc3" name="Repository_DeleteByKey" fullName="SubSonic.Tests/RepositoryTests/Repository_DeleteByKey" testId="e8bdbb96571b6b71" isPrimary="true" isTestCase="true" isDynamic="false">
                    <codeReference assembly="SubSonic.Tests, Version=2.2.1.0, Culture=neutral, PublicKeyToken=null" namespace="SubSonic.Tests.Repository" type="SubSonic.Tests.Repository.RepositoryTests" member="Repository_DeleteByKey" />
                    <codeLocation path="C:\data\SubsonicRoot\ss2\SubSonic.Tests\Repository\RepositoryTests.cs" line="112" />
                    <metadata>
                      <entry key="TestKind">
                        <value>Test</value>
                      </entry>
                    </metadata>
                  </testStep>
                  <children />
                  <result assertCount="2" duration="0.0886518">
                    <outcome status="passed" />
                  </result>
                  <testLog>
                    <streams />
                    <attachments />
                  </testLog>
                </testStepRun>
                <testStepRun startTime="2011-08-05T15:48:46.1493455+09:30" endTime="2011-08-05T15:48:46.1805955+09:30">
                  <testStep id="75c35604d1b8d8c3" name="Repository_DestroyByKey" fullName="SubSonic.Tests/RepositoryTests/Repository_DestroyByKey" testId="d366ccde4824190f" isPrimary="true" isTestCase="true" isDynamic="false">
                    <codeReference assembly="SubSonic.Tests, Version=2.2.1.0, Culture=neutral, PublicKeyToken=null" namespace="SubSonic.Tests.Repository" type="SubSonic.Tests.Repository.RepositoryTests" member="Repository_DestroyByKey" />
                    <codeLocation path="C:\data\SubsonicRoot\ss2\SubSonic.Tests\Repository\RepositoryTests.cs" line="144" />
                    <metadata>
                      <entry key="TestKind">
                        <value>Test</value>
                      </entry>
                    </metadata>
                  </testStep>
                  <children />
                  <result assertCount="2" duration="0.1013058">
                    <outcome status="passed" />
                  </result>
                  <testLog>
                    <streams />
                    <attachments />
                  </testLog>
                </testStepRun>
                <testStepRun startTime="2011-08-05T15:48:46.1805955+09:30" endTime="2011-08-05T15:48:46.1805955+09:30">
                  <testStep id="4c1d32e630721e97" name="Repository_FullCRUD" fullName="SubSonic.Tests/RepositoryTests/Repository_FullCRUD" testId="e89af05ec569a902" isPrimary="true" isTestCase="true" isDynamic="false">
                    <codeReference assembly="SubSonic.Tests, Version=2.2.1.0, Culture=neutral, PublicKeyToken=null" namespace="SubSonic.Tests.Repository" type="SubSonic.Tests.Repository.RepositoryTests" member="Repository_FullCRUD" />
                    <codeLocation path="C:\data\SubsonicRoot\ss2\SubSonic.Tests\Repository\RepositoryTests.cs" line="33" />
                    <metadata>
                      <entry key="TestKind">
                        <value>Test</value>
                      </entry>
                    </metadata>
                  </testStep>
                  <children />
                  <result assertCount="6" duration="0.093209699999999993">
                    <outcome status="passed" />
                  </result>
                  <testLog>
                    <streams />
                    <attachments />
                  </testLog>
                </testStepRun>
                <testStepRun startTime="2011-08-05T15:48:46.1805955+09:30" endTime="2011-08-05T15:48:46.2118455+09:30">
                  <testStep id="cf3396465ab73b75" name="Repository_Should_UpdateProductName" fullName="SubSonic.Tests/RepositoryTests/Repository_Should_UpdateProductName" testId="501bdffa4db407e3" isPrimary="true" isTestCase="true" isDynamic="false">
                    <codeReference assembly="SubSonic.Tests, Version=2.2.1.0, Culture=neutral, PublicKeyToken=null" namespace="SubSonic.Tests.Repository" type="SubSonic.Tests.Repository.RepositoryTests" member="Repository_Should_UpdateProductName" />
                    <codeLocation path="C:\data\SubsonicRoot\ss2\SubSonic.Tests\Repository\RepositoryTests.cs" line="87" />
                    <metadata>
                      <entry key="TestKind">
                        <value>Test</value>
                      </entry>
                    </metadata>
                  </testStep>
                  <children />
                  <result assertCount="1" duration="0.0226851">
                    <outcome status="passed" />
                  </result>
                  <testLog>
                    <streams />
                    <attachments />
                  </testLog>
                </testStepRun>
                <testStepRun startTime="2011-08-05T15:48:46.2118455+09:30" endTime="2011-08-05T15:48:46.2274705+09:30">
                  <testStep id="c0ec4c9761dd5afc" name="Repository_ShouldNot_ThrowWhenNoColumnsChanged" fullName="SubSonic.Tests/RepositoryTests/Repository_ShouldNot_ThrowWhenNoColumnsChanged" testId="b277c675572095f6" isPrimary="true" isTestCase="true" isDynamic="false">
                    <codeReference assembly="SubSonic.Tests, Version=2.2.1.0, Culture=neutral, PublicKeyToken=null" namespace="SubSonic.Tests.Repository" type="SubSonic.Tests.Repository.RepositoryTests" member="Repository_ShouldNot_ThrowWhenNoColumnsChanged" />
                    <codeLocation path="C:\data\SubsonicRoot\ss2\SubSonic.Tests\Repository\RepositoryTests.cs" line="98" />
                    <metadata>
                      <entry key="TestKind">
                        <value>Test</value>
                      </entry>
                    </metadata>
                  </testStep>
                  <children />
                  <result assertCount="0" duration="0.0420162">
                    <outcome status="passed" />
                  </result>
                  <testLog>
                    <streams />
                    <attachments />
                  </testLog>
                </testStepRun>
                <testStepRun startTime="2011-08-05T15:48:46.2274705+09:30" endTime="2011-08-05T15:48:46.2430955+09:30">
                  <testStep id="41aa4174cd42fca8" name="Repository_Simple_Select" fullName="SubSonic.Tests/RepositoryTests/Repository_Simple_Select" testId="a194cf2f72fa0da3" isPrimary="true" isTestCase="true" isDynamic="false">
                    <codeReference assembly="SubSonic.Tests, Version=2.2.1.0, Culture=neutral, PublicKeyToken=null" namespace="SubSonic.Tests.Repository" type="SubSonic.Tests.Repository.RepositoryTests" member="Repository_Simple_Select" />
                    <codeLocation path="C:\data\SubsonicRoot\ss2\SubSonic.Tests\Repository\RepositoryTests.cs" line="26" />
                    <metadata>
                      <entry key="TestKind">
                        <value>Test</value>
                      </entry>
                    </metadata>
                  </testStep>
                  <children />
                  <result assertCount="1" duration="0.004023">
                    <outcome status="passed" />
                  </result>
                  <testLog>
                    <streams />
                    <attachments />
                  </testLog>
                </testStepRun>
                <testStepRun startTime="2011-08-05T15:48:46.2430955+09:30" endTime="2011-08-05T15:48:46.2587205+09:30">
                  <testStep id="174ddd2c703fdf7f" name="Respository_CollectionLoad" fullName="SubSonic.Tests/RepositoryTests/Respository_CollectionLoad" testId="436b3caa8a0dda25" isPrimary="true" isTestCase="true" isDynamic="false">
                    <codeReference assembly="SubSonic.Tests, Version=2.2.1.0, Culture=neutral, PublicKeyToken=null" namespace="SubSonic.Tests.Repository" type="SubSonic.Tests.Repository.RepositoryTests" member="Respository_CollectionLoad" />
                    <codeLocation path="C:\data\SubsonicRoot\ss2\SubSonic.Tests\Repository\RepositoryTests.cs" line="106" />
                    <metadata>
                      <entry key="TestKind">
                        <value>Test</value>
                      </entry>
                    </metadata>
                  </testStep>
                  <children />
                  <result assertCount="1" duration="0.023074499999999998">
                    <outcome status="passed" />
                  </result>
                  <testLog>
                    <streams />
                    <attachments />
                  </testLog>
                </testStepRun>
              </children>
              <result assertCount="13" duration="0.4109866">
                <outcome status="passed" />
              </result>
              <testLog>
                <streams />
                <attachments />
              </testLog>
            </testStepRun>
            <testStepRun startTime="2011-08-05T15:48:46.2743455+09:30" endTime="2011-08-05T15:48:46.5555955+09:30">
              <testStep id="3ec4a9b0be49a37e" name="ScriptersTest" fullName="SubSonic.Tests/ScriptersTest" testId="c20a17c8fed4806e" isPrimary="true" isTestCase="false" isDynamic="false">
                <codeReference assembly="SubSonic.Tests, Version=2.2.1.0, Culture=neutral, PublicKeyToken=null" namespace="SubSonic.Tests" type="SubSonic.Tests.ScriptersTest" />
                <codeLocation path="C:\data\SubsonicRoot\ss2\SubSonic.Tests\ScriptersTest.cs" />
                <metadata>
                  <entry key="TestKind">
                    <value>Fixture</value>
                  </entry>
                </metadata>
              </testStep>
              <children>
                <testStepRun startTime="2011-08-05T15:48:46.2743455+09:30" endTime="2011-08-05T15:48:46.4305955+09:30">
                  <testStep id="762f2958c09cb1d4" name="Script_AllData" fullName="SubSonic.Tests/ScriptersTest/Script_AllData" testId="cca7e142becda979" isPrimary="true" isTestCase="true" isDynamic="false">
                    <codeReference assembly="SubSonic.Tests, Version=2.2.1.0, Culture=neutral, PublicKeyToken=null" namespace="SubSonic.Tests" type="SubSonic.Tests.ScriptersTest" member="Script_AllData" />
                    <codeLocation path="C:\data\SubsonicRoot\ss2\SubSonic.Tests\ScriptersTest.cs" line="60" />
                    <metadata>
                      <entry key="TestKind">
                        <value>Test</value>
                      </entry>
                    </metadata>
                  </testStep>
                  <children />
                  <result assertCount="0" duration="0.056418199999999995">
                    <outcome status="failed" />
                  </result>
                  <testLog>
                    <streams>
                      <stream name="Failures">
                        <body>
                          <contents>
                            <section name="Execute">
                              <contents>
                                <marker class="Exception">
                                  <contents>
                                    <marker class="ExceptionType">
                                      <contents>
                                        <text><![CDATA[System.Data.SqlClient.SqlException]]></text>
                                      </contents>
                                      <attributes />
                                    </marker>
                                    <text><![CDATA[: ]]></text>
                                    <marker class="ExceptionMessage">
                                      <contents>
                                        <text><![CDATA[Incorrect syntax near the keyword 'ORDER'.]]></text>
                                      </contents>
                                      <attributes />
                                    </marker>
                                    <text><![CDATA[
]]></text>
                                    <marker class="ExceptionPropertyName">
                                      <contents>
                                        <text><![CDATA[Errors]]></text>
                                      </contents>
                                      <attributes />
                                    </marker>
                                    <text><![CDATA[: ]]></text>
                                    <marker class="ExceptionPropertyValue">
                                      <contents>
                                        <text><![CDATA[System.Data.SqlClient.SqlErrorCollection]]></text>
                                      </contents>
                                      <attributes />
                                    </marker>
                                    <text><![CDATA[
]]></text>
                                    <marker class="ExceptionPropertyName">
                                      <contents>
                                        <text><![CDATA[Class]]></text>
                                      </contents>
                                      <attributes />
                                    </marker>
                                    <text><![CDATA[: ]]></text>
                                    <marker class="ExceptionPropertyValue">
                                      <contents>
                                        <text><![CDATA[15]]></text>
                                      </contents>
                                      <attributes />
                                    </marker>
                                    <text><![CDATA[
]]></text>
                                    <marker class="ExceptionPropertyName">
                                      <contents>
                                        <text><![CDATA[LineNumber]]></text>
                                      </contents>
                                      <attributes />
                                    </marker>
                                    <text><![CDATA[: ]]></text>
                                    <marker class="ExceptionPropertyValue">
                                      <contents>
                                        <text><![CDATA[1]]></text>
                                      </contents>
                                      <attributes />
                                    </marker>
                                    <text><![CDATA[
]]></text>
                                    <marker class="ExceptionPropertyName">
                                      <contents>
                                        <text><![CDATA[Number]]></text>
                                      </contents>
                                      <attributes />
                                    </marker>
                                    <text><![CDATA[: ]]></text>
                                    <marker class="ExceptionPropertyValue">
                                      <contents>
                                        <text><![CDATA[156]]></text>
                                      </contents>
                                      <attributes />
                                    </marker>
                                    <text><![CDATA[
]]></text>
                                    <marker class="ExceptionPropertyName">
                                      <contents>
                                        <text><![CDATA[Procedure]]></text>
                                      </contents>
                                      <attributes />
                                    </marker>
                                    <text><![CDATA[: ]]></text>
                                    <marker class="ExceptionPropertyValue">
                                      <contents />
                                      <attributes />
                                    </marker>
                                    <text><![CDATA[
]]></text>
                                    <marker class="ExceptionPropertyName">
                                      <contents>
                                        <text><![CDATA[Server]]></text>
                                      </contents>
                                      <attributes />
                                    </marker>
                                    <text><![CDATA[: ]]></text>
                                    <marker class="ExceptionPropertyValue">
                                      <contents>
                                        <text><![CDATA[ANAXIMANDER\SQLEXPRESS]]></text>
                                      </contents>
                                      <attributes />
                                    </marker>
                                    <text><![CDATA[
]]></text>
                                    <marker class="ExceptionPropertyName">
                                      <contents>
                                        <text><![CDATA[State]]></text>
                                      </contents>
                                      <attributes />
                                    </marker>
                                    <text><![CDATA[: ]]></text>
                                    <marker class="ExceptionPropertyValue">
                                      <contents>
                                        <text><![CDATA[1]]></text>
                                      </contents>
                                      <attributes />
                                    </marker>
                                    <text><![CDATA[
]]></text>
                                    <marker class="ExceptionPropertyName">
                                      <contents>
                                        <text><![CDATA[ErrorCode]]></text>
                                      </contents>
                                      <attributes />
                                    </marker>
                                    <text><![CDATA[: ]]></text>
                                    <marker class="ExceptionPropertyValue">
                                      <contents>
                                        <text><![CDATA[-2146232060]]></text>
                                      </contents>
                                      <attributes />
                                    </marker>
                                    <text><![CDATA[
]]></text>
                                    <marker class="StackTrace">
                                      <contents>
                                        <text><![CDATA[   at System.Data.SqlClient.SqlConnection.OnError(SqlException exception, Boolean breakConnection)
   at System.Data.SqlClient.SqlInternalConnection.OnError(SqlException exception, Boolean breakConnection)
   at System.Data.SqlClient.TdsParser.ThrowExceptionAndWarning(TdsParserStateObject stateObj)
   at System.Data.SqlClient.TdsParser.Run(RunBehavior runBehavior, SqlCommand cmdHandler, SqlDataReader dataStream, BulkCopySimpleResultSet bulkCopyHandler, TdsParserStateObject stateObj)
   at System.Data.SqlClient.SqlDataReader.ConsumeMetaData()
   at System.Data.SqlClient.SqlDataReader.get_MetaData()
   at System.Data.SqlClient.SqlCommand.FinishExecuteReader(SqlDataReader ds, RunBehavior runBehavior, String resetOptionsString)
   at System.Data.SqlClient.SqlCommand.RunExecuteReaderTds(CommandBehavior cmdBehavior, RunBehavior runBehavior, Boolean returnStream, Boolean async)
   at System.Data.SqlClient.SqlCommand.RunExecuteReader(CommandBehavior cmdBehavior, RunBehavior runBehavior, Boolean returnStream, String method, DbAsyncResult result)
   at System.Data.SqlClient.SqlCommand.RunExecuteReader(CommandBehavior cmdBehavior, RunBehavior runBehavior, Boolean returnStream, String method)
   at System.Data.SqlClient.SqlCommand.ExecuteReader(CommandBehavior behavior, String method)
   at System.Data.SqlClient.SqlCommand.ExecuteReader(CommandBehavior behavior)
   at SubSonic.SqlDataProvider.GetReader(QueryCommand qry) in ]]></text>
                                        <marker class="CodeLocation">
                                          <contents>
                                            <text><![CDATA[C:\data\SubsonicRoot\ss2\SubSonic\DataProviders\SqlDataProvider.cs:line 384]]></text>
                                          </contents>
                                          <attributes>
                                            <attribute name="line" value="384" />
                                            <attribute name="path" value="C:\data\SubsonicRoot\ss2\SubSonic\DataProviders\SqlDataProvider.cs" />
                                          </attributes>
                                        </marker>
                                        <text><![CDATA[
   at SubSonic.DataService.GetReader(QueryCommand cmd) in ]]></text>
                                        <marker class="CodeLocation">
                                          <contents>
                                            <text><![CDATA[C:\data\SubsonicRoot\ss2\SubSonic\DataProviders\DataService.cs:line 506]]></text>
                                          </contents>
                                          <attributes>
                                            <attribute name="line" value="506" />
                                            <attribute name="path" value="C:\data\SubsonicRoot\ss2\SubSonic\DataProviders\DataService.cs" />
                                          </attributes>
                                        </marker>
                                        <text><![CDATA[
   at SubSonic.Query.ExecuteReader() in ]]></text>
                                        <marker class="CodeLocation">
                                          <contents>
                                            <text><![CDATA[C:\data\SubsonicRoot\ss2\SubSonic\Sql Tools\Query.cs:line 1814]]></text>
                                          </contents>
                                          <attributes>
                                            <attribute name="line" value="1814" />
                                            <attribute name="path" value="C:\data\SubsonicRoot\ss2\SubSonic\Sql Tools\Query.cs" />
                                          </attributes>
                                        </marker>
                                        <text><![CDATA[
   at SubSonic.SqlDataProvider.ScriptData(String tableName, String providerName) in ]]></text>
                                        <marker class="CodeLocation">
                                          <contents>
                                            <text><![CDATA[C:\data\SubsonicRoot\ss2\SubSonic\DataProviders\SqlDataProvider.cs:line 1574]]></text>
                                          </contents>
                                          <attributes>
                                            <attribute name="line" value="1574" />
                                            <attribute name="path" value="C:\data\SubsonicRoot\ss2\SubSonic\DataProviders\SqlDataProvider.cs" />
                                          </attributes>
                                        </marker>
                                        <text><![CDATA[
   at SubSonic.DataService.ScriptData(String providerName) in ]]></text>
                                        <marker class="CodeLocation">
                                          <contents>
                                            <text><![CDATA[C:\data\SubsonicRoot\ss2\SubSonic\DataProviders\DataService.cs:line 367]]></text>
                                          </contents>
                                          <attributes>
                                            <attribute name="line" value="367" />
                                            <attribute name="path" value="C:\data\SubsonicRoot\ss2\SubSonic\DataProviders\DataService.cs" />
                                          </attributes>
                                        </marker>
                                        <text><![CDATA[
   at SubSonic.Tests.ScriptersTest.Script_AllData() in ]]></text>
                                        <marker class="CodeLocation">
                                          <contents>
                                            <text><![CDATA[C:\data\SubsonicRoot\ss2\SubSonic.Tests\ScriptersTest.cs:line 61]]></text>
                                          </contents>
                                          <attributes>
                                            <attribute name="line" value="61" />
                                            <attribute name="path" value="C:\data\SubsonicRoot\ss2\SubSonic.Tests\ScriptersTest.cs" />
                                          </attributes>
                                        </marker>
                                      </contents>
                                      <attributes />
                                    </marker>
                                  </contents>
                                  <attributes />
                                </marker>
                              </contents>
                            </section>
                          </contents>
                        </body>
                      </stream>
                    </streams>
                    <attachments />
                  </testLog>
                </testStepRun>
                <testStepRun startTime="2011-08-05T15:48:46.4305955+09:30" endTime="2011-08-05T15:48:46.5399705+09:30">
                  <testStep id="e2de03a556febe8b" name="Script_Data" fullName="SubSonic.Tests/ScriptersTest/Script_Data" testId="e510f6b31c4e537c" isPrimary="true" isTestCase="true" isDynamic="false">
                    <codeReference assembly="SubSonic.Tests, Version=2.2.1.0, Culture=neutral, PublicKeyToken=null" namespace="SubSonic.Tests" type="SubSonic.Tests.ScriptersTest" member="Script_Data" />
                    <codeLocation path="C:\data\SubsonicRoot\ss2\SubSonic.Tests\ScriptersTest.cs" line="49" />
                    <metadata>
                      <entry key="TestKind">
                        <value>Test</value>
                      </entry>
                    </metadata>
                  </testStep>
                  <children />
                  <result assertCount="0" duration="0.0482157">
                    <outcome status="failed" />
                  </result>
                  <testLog>
                    <streams>
                      <stream name="Failures">
                        <body>
                          <contents>
                            <section name="Execute">
                              <contents>
                                <marker class="Exception">
                                  <contents>
                                    <marker class="ExceptionType">
                                      <contents>
                                        <text><![CDATA[System.Data.SqlClient.SqlException]]></text>
                                      </contents>
                                      <attributes />
                                    </marker>
                                    <text><![CDATA[: ]]></text>
                                    <marker class="ExceptionMessage">
                                      <contents>
                                        <text><![CDATA[Incorrect syntax near the keyword 'ORDER'.]]></text>
                                      </contents>
                                      <attributes />
                                    </marker>
                                    <text><![CDATA[
]]></text>
                                    <marker class="ExceptionPropertyName">
                                      <contents>
                                        <text><![CDATA[Errors]]></text>
                                      </contents>
                                      <attributes />
                                    </marker>
                                    <text><![CDATA[: ]]></text>
                                    <marker class="ExceptionPropertyValue">
                                      <contents>
                                        <text><![CDATA[System.Data.SqlClient.SqlErrorCollection]]></text>
                                      </contents>
                                      <attributes />
                                    </marker>
                                    <text><![CDATA[
]]></text>
                                    <marker class="ExceptionPropertyName">
                                      <contents>
                                        <text><![CDATA[Class]]></text>
                                      </contents>
                                      <attributes />
                                    </marker>
                                    <text><![CDATA[: ]]></text>
                                    <marker class="ExceptionPropertyValue">
                                      <contents>
                                        <text><![CDATA[15]]></text>
                                      </contents>
                                      <attributes />
                                    </marker>
                                    <text><![CDATA[
]]></text>
                                    <marker class="ExceptionPropertyName">
                                      <contents>
                                        <text><![CDATA[LineNumber]]></text>
                                      </contents>
                                      <attributes />
                                    </marker>
                                    <text><![CDATA[: ]]></text>
                                    <marker class="ExceptionPropertyValue">
                                      <contents>
                                        <text><![CDATA[1]]></text>
                                      </contents>
                                      <attributes />
                                    </marker>
                                    <text><![CDATA[
]]></text>
                                    <marker class="ExceptionPropertyName">
                                      <contents>
                                        <text><![CDATA[Number]]></text>
                                      </contents>
                                      <attributes />
                                    </marker>
                                    <text><![CDATA[: ]]></text>
                                    <marker class="ExceptionPropertyValue">
                                      <contents>
                                        <text><![CDATA[156]]></text>
                                      </contents>
                                      <attributes />
                                    </marker>
                                    <text><![CDATA[
]]></text>
                                    <marker class="ExceptionPropertyName">
                                      <contents>
                                        <text><![CDATA[Procedure]]></text>
                                      </contents>
                                      <attributes />
                                    </marker>
                                    <text><![CDATA[: ]]></text>
                                    <marker class="ExceptionPropertyValue">
                                      <contents />
                                      <attributes />
                                    </marker>
                                    <text><![CDATA[
]]></text>
                                    <marker class="ExceptionPropertyName">
                                      <contents>
                                        <text><![CDATA[Server]]></text>
                                      </contents>
                                      <attributes />
                                    </marker>
                                    <text><![CDATA[: ]]></text>
                                    <marker class="ExceptionPropertyValue">
                                      <contents>
                                        <text><![CDATA[ANAXIMANDER\SQLEXPRESS]]></text>
                                      </contents>
                                      <attributes />
                                    </marker>
                                    <text><![CDATA[
]]></text>
                                    <marker class="ExceptionPropertyName">
                                      <contents>
                                        <text><![CDATA[State]]></text>
                                      </contents>
                                      <attributes />
                                    </marker>
                                    <text><![CDATA[: ]]></text>
                                    <marker class="ExceptionPropertyValue">
                                      <contents>
                                        <text><![CDATA[1]]></text>
                                      </contents>
                                      <attributes />
                                    </marker>
                                    <text><![CDATA[
]]></text>
                                    <marker class="ExceptionPropertyName">
                                      <contents>
                                        <text><![CDATA[ErrorCode]]></text>
                                      </contents>
                                      <attributes />
                                    </marker>
                                    <text><![CDATA[: ]]></text>
                                    <marker class="ExceptionPropertyValue">
                                      <contents>
                                        <text><![CDATA[-2146232060]]></text>
                                      </contents>
                                      <attributes />
                                    </marker>
                                    <text><![CDATA[
]]></text>
                                    <marker class="StackTrace">
                                      <contents>
                                        <text><![CDATA[   at System.Data.SqlClient.SqlConnection.OnError(SqlException exception, Boolean breakConnection)
   at System.Data.SqlClient.SqlInternalConnection.OnError(SqlException exception, Boolean breakConnection)
   at System.Data.SqlClient.TdsParser.ThrowExceptionAndWarning(TdsParserStateObject stateObj)
   at System.Data.SqlClient.TdsParser.Run(RunBehavior runBehavior, SqlCommand cmdHandler, SqlDataReader dataStream, BulkCopySimpleResultSet bulkCopyHandler, TdsParserStateObject stateObj)
   at System.Data.SqlClient.SqlDataReader.ConsumeMetaData()
   at System.Data.SqlClient.SqlDataReader.get_MetaData()
   at System.Data.SqlClient.SqlCommand.FinishExecuteReader(SqlDataReader ds, RunBehavior runBehavior, String resetOptionsString)
   at System.Data.SqlClient.SqlCommand.RunExecuteReaderTds(CommandBehavior cmdBehavior, RunBehavior runBehavior, Boolean returnStream, Boolean async)
   at System.Data.SqlClient.SqlCommand.RunExecuteReader(CommandBehavior cmdBehavior, RunBehavior runBehavior, Boolean returnStream, String method, DbAsyncResult result)
   at System.Data.SqlClient.SqlCommand.RunExecuteReader(CommandBehavior cmdBehavior, RunBehavior runBehavior, Boolean returnStream, String method)
   at System.Data.SqlClient.SqlCommand.ExecuteReader(CommandBehavior behavior, String method)
   at System.Data.SqlClient.SqlCommand.ExecuteReader(CommandBehavior behavior)
   at SubSonic.SqlDataProvider.GetReader(QueryCommand qry) in ]]></text>
                                        <marker class="CodeLocation">
                                          <contents>
                                            <text><![CDATA[C:\data\SubsonicRoot\ss2\SubSonic\DataProviders\SqlDataProvider.cs:line 384]]></text>
                                          </contents>
                                          <attributes>
                                            <attribute name="line" value="384" />
                                            <attribute name="path" value="C:\data\SubsonicRoot\ss2\SubSonic\DataProviders\SqlDataProvider.cs" />
                                          </attributes>
                                        </marker>
                                        <text><![CDATA[
   at SubSonic.DataService.GetReader(QueryCommand cmd) in ]]></text>
                                        <marker class="CodeLocation">
                                          <contents>
                                            <text><![CDATA[C:\data\SubsonicRoot\ss2\SubSonic\DataProviders\DataService.cs:line 506]]></text>
                                          </contents>
                                          <attributes>
                                            <attribute name="line" value="506" />
                                            <attribute name="path" value="C:\data\SubsonicRoot\ss2\SubSonic\DataProviders\DataService.cs" />
                                          </attributes>
                                        </marker>
                                        <text><![CDATA[
   at SubSonic.Query.ExecuteReader() in ]]></text>
                                        <marker class="CodeLocation">
                                          <contents>
                                            <text><![CDATA[C:\data\SubsonicRoot\ss2\SubSonic\Sql Tools\Query.cs:line 1814]]></text>
                                          </contents>
                                          <attributes>
                                            <attribute name="line" value="1814" />
                                            <attribute name="path" value="C:\data\SubsonicRoot\ss2\SubSonic\Sql Tools\Query.cs" />
                                          </attributes>
                                        </marker>
                                        <text><![CDATA[
   at SubSonic.SqlDataProvider.ScriptData(String tableName, String providerName) in ]]></text>
                                        <marker class="CodeLocation">
                                          <contents>
                                            <text><![CDATA[C:\data\SubsonicRoot\ss2\SubSonic\DataProviders\SqlDataProvider.cs:line 1574]]></text>
                                          </contents>
                                          <attributes>
                                            <attribute name="line" value="1574" />
                                            <attribute name="path" value="C:\data\SubsonicRoot\ss2\SubSonic\DataProviders\SqlDataProvider.cs" />
                                          </attributes>
                                        </marker>
                                        <text><![CDATA[
   at SubSonic.DataService.ScriptData(String tableName, String providerName) in ]]></text>
                                        <marker class="CodeLocation">
                                          <contents>
                                            <text><![CDATA[C:\data\SubsonicRoot\ss2\SubSonic\DataProviders\DataService.cs:line 383]]></text>
                                          </contents>
                                          <attributes>
                                            <attribute name="line" value="383" />
                                            <attribute name="path" value="C:\data\SubsonicRoot\ss2\SubSonic\DataProviders\DataService.cs" />
                                          </attributes>
                                        </marker>
                                        <text><![CDATA[
   at SubSonic.Tests.ScriptersTest.Script_Data() in ]]></text>
                                        <marker class="CodeLocation">
                                          <contents>
                                            <text><![CDATA[C:\data\SubsonicRoot\ss2\SubSonic.Tests\ScriptersTest.cs:line 50]]></text>
                                          </contents>
                                          <attributes>
                                            <attribute name="line" value="50" />
                                            <attribute name="path" value="C:\data\SubsonicRoot\ss2\SubSonic.Tests\ScriptersTest.cs" />
                                          </attributes>
                                        </marker>
                                      </contents>
                                      <attributes />
                                    </marker>
                                  </contents>
                                  <attributes />
                                </marker>
                              </contents>
                            </section>
                          </contents>
                        </body>
                      </stream>
                    </streams>
                    <attachments />
                  </testLog>
                </testStepRun>
              </children>
              <result assertCount="0" duration="0.11462649999999999">
                <outcome status="failed" />
              </result>
              <testLog>
                <streams />
                <attachments />
              </testLog>
            </testStepRun>
            <testStepRun startTime="2011-08-05T15:48:46.5555955+09:30" endTime="2011-08-05T15:48:47.8837205+09:30">
              <testStep id="f1a86abb641d50f6" name="SelectTests" fullName="SubSonic.Tests/SelectTests" testId="6be2c4890d451a28" isPrimary="true" isTestCase="false" isDynamic="false">
                <codeReference assembly="SubSonic.Tests, Version=2.2.1.0, Culture=neutral, PublicKeyToken=null" namespace="SubSonic.Tests.SqlQuery" type="SubSonic.Tests.SqlQuery.SelectTests" />
                <codeLocation path="C:\data\SubsonicRoot\ss2\SubSonic.Tests\SqlQuery\SelectTests.cs" />
                <metadata>
                  <entry key="TestKind">
                    <value>Fixture</value>
                  </entry>
                </metadata>
              </testStep>
              <children>
                <testStepRun startTime="2011-08-05T15:48:46.5555955+09:30" endTime="2011-08-05T15:48:46.6649705+09:30">
                  <testStep id="85d41eea7b94f02f" name="ActiveRecord_IsLoaded_ShouldBe_False_When_Record_Not_Present_Using_Key_Constructor" fullName="SubSonic.Tests/SelectTests/ActiveRecord_IsLoaded_ShouldBe_False_When_Record_Not_Present_Using_Key_Constructor" testId="236cc1b25668c8e1" isPrimary="true" isTestCase="true" isDynamic="false">
                    <codeReference assembly="SubSonic.Tests, Version=2.2.1.0, Culture=neutral, PublicKeyToken=null" namespace="SubSonic.Tests.SqlQuery" type="SubSonic.Tests.SqlQuery.SelectTests" member="ActiveRecord_IsLoaded_ShouldBe_False_When_Record_Not_Present_Using_Key_Constructor" />
                    <codeLocation path="C:\data\SubsonicRoot\ss2\SubSonic.Tests\SqlQuery\SelectTests.cs" line="782" />
                    <metadata>
                      <entry key="TestKind">
                        <value>Test</value>
                      </entry>
                    </metadata>
                  </testStep>
                  <children />
                  <result assertCount="0" duration="0.0143588">
                    <outcome status="failed" />
                  </result>
                  <testLog>
                    <streams>
                      <stream name="Failures">
                        <body>
                          <contents>
                            <section name="Execute">
                              <contents>
                                <marker class="Exception">
                                  <contents>
                                    <marker class="ExceptionType">
                                      <contents>
                                        <text><![CDATA[System.Data.SqlClient.SqlException]]></text>
                                      </contents>
                                      <attributes />
                                    </marker>
                                    <text><![CDATA[: ]]></text>
                                    <marker class="ExceptionMessage">
                                      <contents>
                                        <text><![CDATA[Incorrect syntax near the keyword 'ORDER'.]]></text>
                                      </contents>
                                      <attributes />
                                    </marker>
                                    <text><![CDATA[
]]></text>
                                    <marker class="ExceptionPropertyName">
                                      <contents>
                                        <text><![CDATA[Errors]]></text>
                                      </contents>
                                      <attributes />
                                    </marker>
                                    <text><![CDATA[: ]]></text>
                                    <marker class="ExceptionPropertyValue">
                                      <contents>
                                        <text><![CDATA[System.Data.SqlClient.SqlErrorCollection]]></text>
                                      </contents>
                                      <attributes />
                                    </marker>
                                    <text><![CDATA[
]]></text>
                                    <marker class="ExceptionPropertyName">
                                      <contents>
                                        <text><![CDATA[Class]]></text>
                                      </contents>
                                      <attributes />
                                    </marker>
                                    <text><![CDATA[: ]]></text>
                                    <marker class="ExceptionPropertyValue">
                                      <contents>
                                        <text><![CDATA[15]]></text>
                                      </contents>
                                      <attributes />
                                    </marker>
                                    <text><![CDATA[
]]></text>
                                    <marker class="ExceptionPropertyName">
                                      <contents>
                                        <text><![CDATA[LineNumber]]></text>
                                      </contents>
                                      <attributes />
                                    </marker>
                                    <text><![CDATA[: ]]></text>
                                    <marker class="ExceptionPropertyValue">
                                      <contents>
                                        <text><![CDATA[1]]></text>
                                      </contents>
                                      <attributes />
                                    </marker>
                                    <text><![CDATA[
]]></text>
                                    <marker class="ExceptionPropertyName">
                                      <contents>
                                        <text><![CDATA[Number]]></text>
                                      </contents>
                                      <attributes />
                                    </marker>
                                    <text><![CDATA[: ]]></text>
                                    <marker class="ExceptionPropertyValue">
                                      <contents>
                                        <text><![CDATA[156]]></text>
                                      </contents>
                                      <attributes />
                                    </marker>
                                    <text><![CDATA[
]]></text>
                                    <marker class="ExceptionPropertyName">
                                      <contents>
                                        <text><![CDATA[Procedure]]></text>
                                      </contents>
                                      <attributes />
                                    </marker>
                                    <text><![CDATA[: ]]></text>
                                    <marker class="ExceptionPropertyValue">
                                      <contents />
                                      <attributes />
                                    </marker>
                                    <text><![CDATA[
]]></text>
                                    <marker class="ExceptionPropertyName">
                                      <contents>
                                        <text><![CDATA[Server]]></text>
                                      </contents>
                                      <attributes />
                                    </marker>
                                    <text><![CDATA[: ]]></text>
                                    <marker class="ExceptionPropertyValue">
                                      <contents>
                                        <text><![CDATA[ANAXIMANDER\SQLEXPRESS]]></text>
                                      </contents>
                                      <attributes />
                                    </marker>
                                    <text><![CDATA[
]]></text>
                                    <marker class="ExceptionPropertyName">
                                      <contents>
                                        <text><![CDATA[State]]></text>
                                      </contents>
                                      <attributes />
                                    </marker>
                                    <text><![CDATA[: ]]></text>
                                    <marker class="ExceptionPropertyValue">
                                      <contents>
                                        <text><![CDATA[1]]></text>
                                      </contents>
                                      <attributes />
                                    </marker>
                                    <text><![CDATA[
]]></text>
                                    <marker class="ExceptionPropertyName">
                                      <contents>
                                        <text><![CDATA[ErrorCode]]></text>
                                      </contents>
                                      <attributes />
                                    </marker>
                                    <text><![CDATA[: ]]></text>
                                    <marker class="ExceptionPropertyValue">
                                      <contents>
                                        <text><![CDATA[-2146232060]]></text>
                                      </contents>
                                      <attributes />
                                    </marker>
                                    <text><![CDATA[
]]></text>
                                    <marker class="StackTrace">
                                      <contents>
                                        <text><![CDATA[   at System.Data.SqlClient.SqlConnection.OnError(SqlException exception, Boolean breakConnection)
   at System.Data.SqlClient.SqlInternalConnection.OnError(SqlException exception, Boolean breakConnection)
   at System.Data.SqlClient.TdsParser.ThrowExceptionAndWarning(TdsParserStateObject stateObj)
   at System.Data.SqlClient.TdsParser.Run(RunBehavior runBehavior, SqlCommand cmdHandler, SqlDataReader dataStream, BulkCopySimpleResultSet bulkCopyHandler, TdsParserStateObject stateObj)
   at System.Data.SqlClient.SqlDataReader.ConsumeMetaData()
   at System.Data.SqlClient.SqlDataReader.get_MetaData()
   at System.Data.SqlClient.SqlCommand.FinishExecuteReader(SqlDataReader ds, RunBehavior runBehavior, String resetOptionsString)
   at System.Data.SqlClient.SqlCommand.RunExecuteReaderTds(CommandBehavior cmdBehavior, RunBehavior runBehavior, Boolean returnStream, Boolean async)
   at System.Data.SqlClient.SqlCommand.RunExecuteReader(CommandBehavior cmdBehavior, RunBehavior runBehavior, Boolean returnStream, String method, DbAsyncResult result)
   at System.Data.SqlClient.SqlCommand.RunExecuteReader(CommandBehavior cmdBehavior, RunBehavior runBehavior, Boolean returnStream, String method)
   at System.Data.SqlClient.SqlCommand.ExecuteReader(CommandBehavior behavior, String method)
   at System.Data.SqlClient.SqlCommand.ExecuteReader(CommandBehavior behavior)
   at SubSonic.SqlDataProvider.GetReader(QueryCommand qry) in ]]></text>
                                        <marker class="CodeLocation">
                                          <contents>
                                            <text><![CDATA[C:\data\SubsonicRoot\ss2\SubSonic\DataProviders\SqlDataProvider.cs:line 384]]></text>
                                          </contents>
                                          <attributes>
                                            <attribute name="line" value="384" />
                                            <attribute name="path" value="C:\data\SubsonicRoot\ss2\SubSonic\DataProviders\SqlDataProvider.cs" />
                                          </attributes>
                                        </marker>
                                        <text><![CDATA[
   at SubSonic.DataService.GetReader(QueryCommand cmd) in ]]></text>
                                        <marker class="CodeLocation">
                                          <contents>
                                            <text><![CDATA[C:\data\SubsonicRoot\ss2\SubSonic\DataProviders\DataService.cs:line 506]]></text>
                                          </contents>
                                          <attributes>
                                            <attribute name="line" value="506" />
                                            <attribute name="path" value="C:\data\SubsonicRoot\ss2\SubSonic\DataProviders\DataService.cs" />
                                          </attributes>
                                        </marker>
                                        <text><![CDATA[
   at SubSonic.Query.ExecuteReader() in ]]></text>
                                        <marker class="CodeLocation">
                                          <contents>
                                            <text><![CDATA[C:\data\SubsonicRoot\ss2\SubSonic\Sql Tools\Query.cs:line 1814]]></text>
                                          </contents>
                                          <attributes>
                                            <attribute name="line" value="1814" />
                                            <attribute name="path" value="C:\data\SubsonicRoot\ss2\SubSonic\Sql Tools\Query.cs" />
                                          </attributes>
                                        </marker>
                                        <text><![CDATA[
   at SubSonic.ReadOnlyRecord`1.LoadByKey(Object keyID) in ]]></text>
                                        <marker class="CodeLocation">
                                          <contents>
                                            <text><![CDATA[C:\data\SubsonicRoot\ss2\SubSonic\ActiveRecord\ReadOnlyRecord.cs:line 72]]></text>
                                          </contents>
                                          <attributes>
                                            <attribute name="line" value="72" />
                                            <attribute name="path" value="C:\data\SubsonicRoot\ss2\SubSonic\ActiveRecord\ReadOnlyRecord.cs" />
                                          </attributes>
                                        </marker>
                                        <text><![CDATA[
   at Northwind.Product..ctor(Object keyID) in ]]></text>
                                        <marker class="CodeLocation">
                                          <contents>
                                            <text><![CDATA[C:\data\SubsonicRoot\ss2\SubSonic.Tests\Generated\Northwind\Product.cs:line 93]]></text>
                                          </contents>
                                          <attributes>
                                            <attribute name="line" value="93" />
                                            <attribute name="path" value="C:\data\SubsonicRoot\ss2\SubSonic.Tests\Generated\Northwind\Product.cs" />
                                          </attributes>
                                        </marker>
                                        <text><![CDATA[
   at SubSonic.Tests.SqlQuery.SelectTests.ActiveRecord_IsLoaded_ShouldBe_False_When_Record_Not_Present_Using_Key_Constructor() in ]]></text>
                                        <marker class="CodeLocation">
                                          <contents>
                                            <text><![CDATA[C:\data\SubsonicRoot\ss2\SubSonic.Tests\SqlQuery\SelectTests.cs:line 784]]></text>
                                          </contents>
                                          <attributes>
                                            <attribute name="line" value="784" />
                                            <attribute name="path" value="C:\data\SubsonicRoot\ss2\SubSonic.Tests\SqlQuery\SelectTests.cs" />
                                          </attributes>
                                        </marker>
                                      </contents>
                                      <attributes />
                                    </marker>
                                  </contents>
                                  <attributes />
                                </marker>
                              </contents>
                            </section>
                          </contents>
                        </body>
                      </stream>
                    </streams>
                    <attachments />
                  </testLog>
                </testStepRun>
                <testStepRun startTime="2011-08-05T15:48:46.6805955+09:30" endTime="2011-08-05T15:48:46.7899705+09:30">
                  <testStep id="e86200ed949b6f24" name="ActiveRecord_IsLoaded_ShouldBe_False_When_Record_Not_Present_Using_PK_Constructor" fullName="SubSonic.Tests/SelectTests/ActiveRecord_IsLoaded_ShouldBe_False_When_Record_Not_Present_Using_PK_Constructor" testId="a6abaedebb5cfa84" isPrimary="true" isTestCase="true" isDynamic="false">
                    <codeReference assembly="SubSonic.Tests, Version=2.2.1.0, Culture=neutral, PublicKeyToken=null" namespace="SubSonic.Tests.SqlQuery" type="SubSonic.Tests.SqlQuery.SelectTests" member="ActiveRecord_IsLoaded_ShouldBe_False_When_Record_Not_Present_Using_PK_Constructor" />
                    <codeLocation path="C:\data\SubsonicRoot\ss2\SubSonic.Tests\SqlQuery\SelectTests.cs" line="772" />
                    <metadata>
                      <entry key="TestKind">
                        <value>Test</value>
                      </entry>
                    </metadata>
                  </testStep>
                  <children />
                  <result assertCount="0" duration="0.0162344">
                    <outcome status="failed" />
                  </result>
                  <testLog>
                    <streams>
                      <stream name="Failures">
                        <body>
                          <contents>
                            <section name="Execute">
                              <contents>
                                <marker class="Exception">
                                  <contents>
                                    <marker class="ExceptionType">
                                      <contents>
                                        <text><![CDATA[System.Data.SqlClient.SqlException]]></text>
                                      </contents>
                                      <attributes />
                                    </marker>
                                    <text><![CDATA[: ]]></text>
                                    <marker class="ExceptionMessage">
                                      <contents>
                                        <text><![CDATA[Incorrect syntax near the keyword 'ORDER'.]]></text>
                                      </contents>
                                      <attributes />
                                    </marker>
                                    <text><![CDATA[
]]></text>
                                    <marker class="ExceptionPropertyName">
                                      <contents>
                                        <text><![CDATA[Errors]]></text>
                                      </contents>
                                      <attributes />
                                    </marker>
                                    <text><![CDATA[: ]]></text>
                                    <marker class="ExceptionPropertyValue">
                                      <contents>
                                        <text><![CDATA[System.Data.SqlClient.SqlErrorCollection]]></text>
                                      </contents>
                                      <attributes />
                                    </marker>
                                    <text><![CDATA[
]]></text>
                                    <marker class="ExceptionPropertyName">
                                      <contents>
                                        <text><![CDATA[Class]]></text>
                                      </contents>
                                      <attributes />
                                    </marker>
                                    <text><![CDATA[: ]]></text>
                                    <marker class="ExceptionPropertyValue">
                                      <contents>
                                        <text><![CDATA[15]]></text>
                                      </contents>
                                      <attributes />
                                    </marker>
                                    <text><![CDATA[
]]></text>
                                    <marker class="ExceptionPropertyName">
                                      <contents>
                                        <text><![CDATA[LineNumber]]></text>
                                      </contents>
                                      <attributes />
                                    </marker>
                                    <text><![CDATA[: ]]></text>
                                    <marker class="ExceptionPropertyValue">
                                      <contents>
                                        <text><![CDATA[1]]></text>
                                      </contents>
                                      <attributes />
                                    </marker>
                                    <text><![CDATA[
]]></text>
                                    <marker class="ExceptionPropertyName">
                                      <contents>
                                        <text><![CDATA[Number]]></text>
                                      </contents>
                                      <attributes />
                                    </marker>
                                    <text><![CDATA[: ]]></text>
                                    <marker class="ExceptionPropertyValue">
                                      <contents>
                                        <text><![CDATA[156]]></text>
                                      </contents>
                                      <attributes />
                                    </marker>
                                    <text><![CDATA[
]]></text>
                                    <marker class="ExceptionPropertyName">
                                      <contents>
                                        <text><![CDATA[Procedure]]></text>
                                      </contents>
                                      <attributes />
                                    </marker>
                                    <text><![CDATA[: ]]></text>
                                    <marker class="ExceptionPropertyValue">
                                      <contents />
                                      <attributes />
                                    </marker>
                                    <text><![CDATA[
]]></text>
                                    <marker class="ExceptionPropertyName">
                                      <contents>
                                        <text><![CDATA[Server]]></text>
                                      </contents>
                                      <attributes />
                                    </marker>
                                    <text><![CDATA[: ]]></text>
                                    <marker class="ExceptionPropertyValue">
                                      <contents>
                                        <text><![CDATA[ANAXIMANDER\SQLEXPRESS]]></text>
                                      </contents>
                                      <attributes />
                                    </marker>
                                    <text><![CDATA[
]]></text>
                                    <marker class="ExceptionPropertyName">
                                      <contents>
                                        <text><![CDATA[State]]></text>
                                      </contents>
                                      <attributes />
                                    </marker>
                                    <text><![CDATA[: ]]></text>
                                    <marker class="ExceptionPropertyValue">
                                      <contents>
                                        <text><![CDATA[1]]></text>
                                      </contents>
                                      <attributes />
                                    </marker>
                                    <text><![CDATA[
]]></text>
                                    <marker class="ExceptionPropertyName">
                                      <contents>
                                        <text><![CDATA[ErrorCode]]></text>
                                      </contents>
                                      <attributes />
                                    </marker>
                                    <text><![CDATA[: ]]></text>
                                    <marker class="ExceptionPropertyValue">
                                      <contents>
                                        <text><![CDATA[-2146232060]]></text>
                                      </contents>
                                      <attributes />
                                    </marker>
                                    <text><![CDATA[
]]></text>
                                    <marker class="StackTrace">
                                      <contents>
                                        <text><![CDATA[   at System.Data.SqlClient.SqlConnection.OnError(SqlException exception, Boolean breakConnection)
   at System.Data.SqlClient.SqlInternalConnection.OnError(SqlException exception, Boolean breakConnection)
   at System.Data.SqlClient.TdsParser.ThrowExceptionAndWarning(TdsParserStateObject stateObj)
   at System.Data.SqlClient.TdsParser.Run(RunBehavior runBehavior, SqlCommand cmdHandler, SqlDataReader dataStream, BulkCopySimpleResultSet bulkCopyHandler, TdsParserStateObject stateObj)
   at System.Data.SqlClient.SqlDataReader.ConsumeMetaData()
   at System.Data.SqlClient.SqlDataReader.get_MetaData()
   at System.Data.SqlClient.SqlCommand.FinishExecuteReader(SqlDataReader ds, RunBehavior runBehavior, String resetOptionsString)
   at System.Data.SqlClient.SqlCommand.RunExecuteReaderTds(CommandBehavior cmdBehavior, RunBehavior runBehavior, Boolean returnStream, Boolean async)
   at System.Data.SqlClient.SqlCommand.RunExecuteReader(CommandBehavior cmdBehavior, RunBehavior runBehavior, Boolean returnStream, String method, DbAsyncResult result)
   at System.Data.SqlClient.SqlCommand.RunExecuteReader(CommandBehavior cmdBehavior, RunBehavior runBehavior, Boolean returnStream, String method)
   at System.Data.SqlClient.SqlCommand.ExecuteReader(CommandBehavior behavior, String method)
   at System.Data.SqlClient.SqlCommand.ExecuteReader(CommandBehavior behavior)
   at SubSonic.SqlDataProvider.GetReader(QueryCommand qry) in ]]></text>
                                        <marker class="CodeLocation">
                                          <contents>
                                            <text><![CDATA[C:\data\SubsonicRoot\ss2\SubSonic\DataProviders\SqlDataProvider.cs:line 384]]></text>
                                          </contents>
                                          <attributes>
                                            <attribute name="line" value="384" />
                                            <attribute name="path" value="C:\data\SubsonicRoot\ss2\SubSonic\DataProviders\SqlDataProvider.cs" />
                                          </attributes>
                                        </marker>
                                        <text><![CDATA[
   at SubSonic.DataService.GetReader(QueryCommand cmd) in ]]></text>
                                        <marker class="CodeLocation">
                                          <contents>
                                            <text><![CDATA[C:\data\SubsonicRoot\ss2\SubSonic\DataProviders\DataService.cs:line 506]]></text>
                                          </contents>
                                          <attributes>
                                            <attribute name="line" value="506" />
                                            <attribute name="path" value="C:\data\SubsonicRoot\ss2\SubSonic\DataProviders\DataService.cs" />
                                          </attributes>
                                        </marker>
                                        <text><![CDATA[
   at SubSonic.Query.ExecuteReader() in ]]></text>
                                        <marker class="CodeLocation">
                                          <contents>
                                            <text><![CDATA[C:\data\SubsonicRoot\ss2\SubSonic\Sql Tools\Query.cs:line 1814]]></text>
                                          </contents>
                                          <attributes>
                                            <attribute name="line" value="1814" />
                                            <attribute name="path" value="C:\data\SubsonicRoot\ss2\SubSonic\Sql Tools\Query.cs" />
                                          </attributes>
                                        </marker>
                                        <text><![CDATA[
   at SubSonic.ReadOnlyRecord`1.LoadByKey(Object keyID) in ]]></text>
                                        <marker class="CodeLocation">
                                          <contents>
                                            <text><![CDATA[C:\data\SubsonicRoot\ss2\SubSonic\ActiveRecord\ReadOnlyRecord.cs:line 72]]></text>
                                          </contents>
                                          <attributes>
                                            <attribute name="line" value="72" />
                                            <attribute name="path" value="C:\data\SubsonicRoot\ss2\SubSonic\ActiveRecord\ReadOnlyRecord.cs" />
                                          </attributes>
                                        </marker>
                                        <text><![CDATA[
   at Northwind.Product..ctor(Object keyID) in ]]></text>
                                        <marker class="CodeLocation">
                                          <contents>
                                            <text><![CDATA[C:\data\SubsonicRoot\ss2\SubSonic.Tests\Generated\Northwind\Product.cs:line 93]]></text>
                                          </contents>
                                          <attributes>
                                            <attribute name="line" value="93" />
                                            <attribute name="path" value="C:\data\SubsonicRoot\ss2\SubSonic.Tests\Generated\Northwind\Product.cs" />
                                          </attributes>
                                        </marker>
                                        <text><![CDATA[
   at SubSonic.Tests.SqlQuery.SelectTests.ActiveRecord_IsLoaded_ShouldBe_False_When_Record_Not_Present_Using_PK_Constructor() in ]]></text>
                                        <marker class="CodeLocation">
                                          <contents>
                                            <text><![CDATA[C:\data\SubsonicRoot\ss2\SubSonic.Tests\SqlQuery\SelectTests.cs:line 774]]></text>
                                          </contents>
                                          <attributes>
                                            <attribute name="line" value="774" />
                                            <attribute name="path" value="C:\data\SubsonicRoot\ss2\SubSonic.Tests\SqlQuery\SelectTests.cs" />
                                          </attributes>
                                        </marker>
                                      </contents>
                                      <attributes />
                                    </marker>
                                  </contents>
                                  <attributes />
                                </marker>
                              </contents>
                            </section>
                          </contents>
                        </body>
                      </stream>
                    </streams>
                    <attachments />
                  </testLog>
                </testStepRun>
                <testStepRun startTime="2011-08-05T15:48:46.7899705+09:30" endTime="2011-08-05T15:48:46.7899705+09:30">
                  <testStep id="d96382fd3a3bd285" name="Collection_LoadTypedActiveRecord" fullName="SubSonic.Tests/SelectTests/Collection_LoadTypedActiveRecord" testId="71365874b01a3619" isPrimary="true" isTestCase="true" isDynamic="false">
                    <codeReference assembly="SubSonic.Tests, Version=2.2.1.0, Culture=neutral, PublicKeyToken=null" namespace="SubSonic.Tests.SqlQuery" type="SubSonic.Tests.SqlQuery.SelectTests" member="Collection_LoadTypedActiveRecord" />
                    <codeLocation path="C:\data\SubsonicRoot\ss2\SubSonic.Tests\SqlQuery\SelectTests.cs" line="520" />
                    <metadata>
                      <entry key="TestKind">
                        <value>Test</value>
                      </entry>
                    </metadata>
                  </testStep>
                  <children />
                  <result assertCount="4" duration="0.095340399999999992">
                    <outcome status="passed" />
                  </result>
                  <testLog>
                    <streams />
                    <attachments />
                  </testLog>
                </testStepRun>
                <testStepRun startTime="2011-08-05T15:48:46.7899705+09:30" endTime="2011-08-05T15:48:46.8055955+09:30">
                  <testStep id="b7d89a7b22624f9c" name="Collection_LoadTypedObject" fullName="SubSonic.Tests/SelectTests/Collection_LoadTypedObject" testId="bc1decbc9fdc85cf" isPrimary="true" isTestCase="true" isDynamic="false">
                    <codeReference assembly="SubSonic.Tests, Version=2.2.1.0, Culture=neutral, PublicKeyToken=null" namespace="SubSonic.Tests.SqlQuery" type="SubSonic.Tests.SqlQuery.SelectTests" member="Collection_LoadTypedObject" />
                    <codeLocation path="C:\data\SubsonicRoot\ss2\SubSonic.Tests\SqlQuery\SelectTests.cs" line="505" />
                    <metadata>
                      <entry key="TestKind">
                        <value>Test</value>
                      </entry>
                    </metadata>
                  </testStep>
                  <children />
                  <result assertCount="4" duration="0.0173011">
                    <outcome status="passed" />
                  </result>
                  <testLog>
                    <streams />
                    <attachments />
                  </testLog>
                </testStepRun>
                <testStepRun startTime="2011-08-05T15:48:46.8055955+09:30" endTime="2011-08-05T15:48:46.8212205+09:30">
                  <testStep id="856fe82c23f30096" name="Constraints_Should_Be_Valid_When_Table_Not_In_From" fullName="SubSonic.Tests/SelectTests/Constraints_Should_Be_Valid_When_Table_Not_In_From" testId="4568dda4f4a5f281" isPrimary="true" isTestCase="true" isDynamic="false">
                    <codeReference assembly="SubSonic.Tests, Version=2.2.1.0, Culture=neutral, PublicKeyToken=null" namespace="SubSonic.Tests.SqlQuery" type="SubSonic.Tests.SqlQuery.SelectTests" member="Constraints_Should_Be_Valid_When_Table_Not_In_From" />
                    <codeLocation path="C:\data\SubsonicRoot\ss2\SubSonic.Tests\SqlQuery\SelectTests.cs" line="793" />
                    <metadata>
                      <entry key="TestKind">
                        <value>Test</value>
                      </entry>
                    </metadata>
                  </testStep>
                  <children />
                  <result assertCount="1" duration="0.0092336">
                    <outcome status="passed" />
                  </result>
                  <testLog>
                    <streams />
                    <attachments />
                  </testLog>
                </testStepRun>
                <testStepRun startTime="2011-08-05T15:48:46.8212205+09:30" endTime="2011-08-05T15:48:46.8212205+09:30">
                  <testStep id="bb510c7ed0908c10" name="Exec_AggregateExpression" fullName="SubSonic.Tests/SelectTests/Exec_AggregateExpression" testId="b51a12706c7e1287" isPrimary="true" isTestCase="true" isDynamic="false">
                    <codeReference assembly="SubSonic.Tests, Version=2.2.1.0, Culture=neutral, PublicKeyToken=null" namespace="SubSonic.Tests.SqlQuery" type="SubSonic.Tests.SqlQuery.SelectTests" member="Exec_AggregateExpression" />
                    <codeLocation path="C:\data\SubsonicRoot\ss2\SubSonic.Tests\SqlQuery\SelectTests.cs" line="294" />
                    <metadata>
                      <entry key="TestKind">
                        <value>Test</value>
                      </entry>
                    </metadata>
                  </testStep>
                  <children />
                  <result assertCount="1" duration="0.0063967999999999994">
                    <outcome status="passed" />
                  </result>
                  <testLog>
                    <streams />
                    <attachments />
                  </testLog>
                </testStepRun>
                <testStepRun startTime="2011-08-05T15:48:46.8212205+09:30" endTime="2011-08-05T15:48:46.8368455+09:30">
                  <testStep id="707cae9094078727" name="Exec_Collection_Joined" fullName="SubSonic.Tests/SelectTests/Exec_Collection_Joined" testId="31c9b4bee0126aad" isPrimary="true" isTestCase="true" isDynamic="false">
                    <codeReference assembly="SubSonic.Tests, Version=2.2.1.0, Culture=neutral, PublicKeyToken=null" namespace="SubSonic.Tests.SqlQuery" type="SubSonic.Tests.SqlQuery.SelectTests" member="Exec_Collection_Joined" />
                    <codeLocation path="C:\data\SubsonicRoot\ss2\SubSonic.Tests\SqlQuery\SelectTests.cs" line="188" />
                    <metadata>
                      <entry key="TestKind">
                        <value>Test</value>
                      </entry>
                    </metadata>
                  </testStep>
                  <children />
                  <result assertCount="1" duration="0.0173783">
                    <outcome status="passed" />
                  </result>
                  <testLog>
                    <streams />
                    <attachments />
                  </testLog>
                </testStepRun>
                <testStepRun startTime="2011-08-05T15:48:46.8368455+09:30" endTime="2011-08-05T15:48:46.8368455+09:30">
                  <testStep id="a98857d8f086094a" name="Exec_Collection_JoinedWithLike" fullName="SubSonic.Tests/SelectTests/Exec_Collection_JoinedWithLike" testId="a0cce410e7044202" isPrimary="true" isTestCase="true" isDynamic="false">
                    <codeReference assembly="SubSonic.Tests, Version=2.2.1.0, Culture=neutral, PublicKeyToken=null" namespace="SubSonic.Tests.SqlQuery" type="SubSonic.Tests.SqlQuery.SelectTests" member="Exec_Collection_JoinedWithLike" />
                    <codeLocation path="C:\data\SubsonicRoot\ss2\SubSonic.Tests\SqlQuery\SelectTests.cs" line="198" />
                    <metadata>
                      <entry key="TestKind">
                        <value>Test</value>
                      </entry>
                    </metadata>
                  </testStep>
                  <children />
                  <result assertCount="1" duration="0.0139984">
                    <outcome status="passed" />
                  </result>
                  <testLog>
                    <streams />
                    <attachments />
                  </testLog>
                </testStepRun>
                <testStepRun startTime="2011-08-05T15:48:46.8524705+09:30" endTime="2011-08-05T15:48:46.8524705+09:30">
                  <testStep id="961c1e0d3c2883ee" name="Exec_Collection_JoinedWithLike_Typed" fullName="SubSonic.Tests/SelectTests/Exec_Collection_JoinedWithLike_Typed" testId="132b24ca35d178c6" isPrimary="true" isTestCase="true" isDynamic="false">
                    <codeReference assembly="SubSonic.Tests, Version=2.2.1.0, Culture=neutral, PublicKeyToken=null" namespace="SubSonic.Tests.SqlQuery" type="SubSonic.Tests.SqlQuery.SelectTests" member="Exec_Collection_JoinedWithLike_Typed" />
                    <codeLocation path="C:\data\SubsonicRoot\ss2\SubSonic.Tests\SqlQuery\SelectTests.cs" line="209" />
                    <metadata>
                      <entry key="TestKind">
                        <value>Test</value>
                      </entry>
                    </metadata>
                  </testStep>
                  <children />
                  <result assertCount="1" duration="0.0361173">
                    <outcome status="passed" />
                  </result>
                  <testLog>
                    <streams />
                    <attachments />
                  </testLog>
                </testStepRun>
                <testStepRun startTime="2011-08-05T15:48:46.8524705+09:30" endTime="2011-08-05T15:48:46.8680955+09:30">
                  <testStep id="ecbff5aa1fa0712c" name="Exec_Collection_Simple" fullName="SubSonic.Tests/SelectTests/Exec_Collection_Simple" testId="f724d8da54cedb9b" isPrimary="true" isTestCase="true" isDynamic="false">
                    <codeReference assembly="SubSonic.Tests, Version=2.2.1.0, Culture=neutral, PublicKeyToken=null" namespace="SubSonic.Tests.SqlQuery" type="SubSonic.Tests.SqlQuery.SelectTests" member="Exec_Collection_Simple" />
                    <codeLocation path="C:\data\SubsonicRoot\ss2\SubSonic.Tests\SqlQuery\SelectTests.cs" line="180" />
                    <metadata>
                      <entry key="TestKind">
                        <value>Test</value>
                      </entry>
                    </metadata>
                  </testStep>
                  <children />
                  <result assertCount="1" duration="0.0251891">
                    <outcome status="passed" />
                  </result>
                  <testLog>
                    <streams />
                    <attachments />
                  </testLog>
                </testStepRun>
                <testStepRun startTime="2011-08-05T15:48:46.8680955+09:30" endTime="2011-08-05T15:48:46.8837205+09:30">
                  <testStep id="fc8e32e8c74c9b5d" name="Exec_Distinct_JoinedWithLike" fullName="SubSonic.Tests/SelectTests/Exec_Distinct_JoinedWithLike" testId="fd862e1efb5cce42" isPrimary="true" isTestCase="true" isDynamic="false">
                    <codeReference assembly="SubSonic.Tests, Version=2.2.1.0, Culture=neutral, PublicKeyToken=null" namespace="SubSonic.Tests.SqlQuery" type="SubSonic.Tests.SqlQuery.SelectTests" member="Exec_Distinct_JoinedWithLike" />
                    <codeLocation path="C:\data\SubsonicRoot\ss2\SubSonic.Tests\SqlQuery\SelectTests.cs" line="281" />
                    <metadata>
                      <entry key="TestKind">
                        <value>Test</value>
                      </entry>
                    </metadata>
                  </testStep>
                  <children />
                  <result assertCount="1" duration="0.028895499999999998">
                    <outcome status="passed" />
                  </result>
                  <testLog>
                    <streams />
                    <attachments />
                  </testLog>
                </testStepRun>
                <testStepRun startTime="2011-08-05T15:48:46.8837205+09:30" endTime="2011-08-05T15:48:46.8837205+09:30">
                  <testStep id="34f8361ab785965f" name="Exec_DistinctTypedList" fullName="SubSonic.Tests/SelectTests/Exec_DistinctTypedList" testId="5a2d7a12510dc65c" isPrimary="true" isTestCase="true" isDynamic="false">
                    <codeReference assembly="SubSonic.Tests, Version=2.2.1.0, Culture=neutral, PublicKeyToken=null" namespace="SubSonic.Tests.SqlQuery" type="SubSonic.Tests.SqlQuery.SelectTests" member="Exec_DistinctTypedList" />
                    <codeLocation path="C:\data\SubsonicRoot\ss2\SubSonic.Tests\SqlQuery\SelectTests.cs" line="260" />
                    <metadata>
                      <entry key="TestKind">
                        <value>Test</value>
                      </entry>
                    </metadata>
                  </testStep>
                  <children />
                  <result assertCount="1" duration="0.0094585">
                    <outcome status="passed" />
                  </result>
                  <testLog>
                    <streams />
                    <attachments />
                  </testLog>
                </testStepRun>
                <testStepRun startTime="2011-08-05T15:48:46.8993455+09:30" endTime="2011-08-05T15:48:46.8993455+09:30">
                  <testStep id="aaefba10739f3cfb" name="Exec_DistinctWithWhere" fullName="SubSonic.Tests/SelectTests/Exec_DistinctWithWhere" testId="6b2d4c29e11f2d4a" isPrimary="true" isTestCase="true" isDynamic="false">
                    <codeReference assembly="SubSonic.Tests, Version=2.2.1.0, Culture=neutral, PublicKeyToken=null" namespace="SubSonic.Tests.SqlQuery" type="SubSonic.Tests.SqlQuery.SelectTests" member="Exec_DistinctWithWhere" />
                    <codeLocation path="C:\data\SubsonicRoot\ss2\SubSonic.Tests\SqlQuery\SelectTests.cs" line="269" />
                    <metadata>
                      <entry key="TestKind">
                        <value>Test</value>
                      </entry>
                    </metadata>
                  </testStep>
                  <children />
                  <result assertCount="1" duration="0.128041">
                    <outcome status="passed" />
                  </result>
                  <testLog>
                    <streams />
                    <attachments />
                  </testLog>
                </testStepRun>
                <testStepRun startTime="2011-08-05T15:48:46.8993455+09:30" endTime="2011-08-05T15:48:46.9149705+09:30">
                  <testStep id="ad818105c3af49ef" name="Exec_ExpressionSimpleOr" fullName="SubSonic.Tests/SelectTests/Exec_ExpressionSimpleOr" testId="8e62c4902bbffe5a" isPrimary="true" isTestCase="true" isDynamic="false">
                    <codeReference assembly="SubSonic.Tests, Version=2.2.1.0, Culture=neutral, PublicKeyToken=null" namespace="SubSonic.Tests.SqlQuery" type="SubSonic.Tests.SqlQuery.SelectTests" member="Exec_ExpressionSimpleOr" />
                    <codeLocation path="C:\data\SubsonicRoot\ss2\SubSonic.Tests\SqlQuery\SelectTests.cs" line="225" />
                    <metadata>
                      <entry key="TestKind">
                        <value>Test</value>
                      </entry>
                    </metadata>
                  </testStep>
                  <children />
                  <result assertCount="1" duration="0.025605199999999998">
                    <outcome status="passed" />
                  </result>
                  <testLog>
                    <streams />
                    <attachments />
                  </testLog>
                </testStepRun>
                <testStepRun startTime="2011-08-05T15:48:46.9149705+09:30" endTime="2011-08-05T15:48:46.9149705+09:30">
                  <testStep id="cc495e5407b172c3" name="Exec_InWithSelect" fullName="SubSonic.Tests/SelectTests/Exec_InWithSelect" testId="bd348406aaf1a6c0" isPrimary="true" isTestCase="true" isDynamic="false">
                    <codeReference assembly="SubSonic.Tests, Version=2.2.1.0, Culture=neutral, PublicKeyToken=null" namespace="SubSonic.Tests.SqlQuery" type="SubSonic.Tests.SqlQuery.SelectTests" member="Exec_InWithSelect" />
                    <codeLocation path="C:\data\SubsonicRoot\ss2\SubSonic.Tests\SqlQuery\SelectTests.cs" line="427" />
                    <metadata>
                      <entry key="TestKind">
                        <value>Test</value>
                      </entry>
                    </metadata>
                  </testStep>
                  <children />
                  <result assertCount="1" duration="0.0346436">
                    <outcome status="passed" />
                  </result>
                  <testLog>
                    <streams />
                    <attachments />
                  </testLog>
                </testStepRun>
                <testStepRun startTime="2011-08-05T15:48:46.9305955+09:30" endTime="2011-08-05T15:48:46.9305955+09:30">
                  <testStep id="ddc24bcc0dbf60c6" name="Exec_LeftOuterJoin_With_Generics" fullName="SubSonic.Tests/SelectTests/Exec_LeftOuterJoin_With_Generics" testId="b370eaf8c520c214" isPrimary="true" isTestCase="true" isDynamic="false">
                    <codeReference assembly="SubSonic.Tests, Version=2.2.1.0, Culture=neutral, PublicKeyToken=null" namespace="SubSonic.Tests.SqlQuery" type="SubSonic.Tests.SqlQuery.SelectTests" member="Exec_LeftOuterJoin_With_Generics" />
                    <codeLocation path="C:\data\SubsonicRoot\ss2\SubSonic.Tests\SqlQuery\SelectTests.cs" line="142" />
                    <metadata>
                      <entry key="TestKind">
                        <value>Test</value>
                      </entry>
                    </metadata>
                  </testStep>
                  <children />
                  <result assertCount="1" duration="0.0421246">
                    <outcome status="passed" />
                  </result>
                  <testLog>
                    <streams />
                    <attachments />
                  </testLog>
                </testStepRun>
                <testStepRun startTime="2011-08-05T15:48:46.9462205+09:30" endTime="2011-08-05T15:48:46.9618455+09:30">
                  <testStep id="63358567b90e5a8" name="Exec_LeftOuterJoin_With_String" fullName="SubSonic.Tests/SelectTests/Exec_LeftOuterJoin_With_String" testId="fed03b517481075a" isPrimary="true" isTestCase="true" isDynamic="false">
                    <codeReference assembly="SubSonic.Tests, Version=2.2.1.0, Culture=neutral, PublicKeyToken=null" namespace="SubSonic.Tests.SqlQuery" type="SubSonic.Tests.SqlQuery.SelectTests" member="Exec_LeftOuterJoin_With_String" />
                    <codeLocation path="C:\data\SubsonicRoot\ss2\SubSonic.Tests\SqlQuery\SelectTests.cs" line="153" />
                    <metadata>
                      <entry key="TestKind">
                        <value>Test</value>
                      </entry>
                    </metadata>
                  </testStep>
                  <children />
                  <result assertCount="1" duration="0.0089792">
                    <outcome status="passed" />
                  </result>
                  <testLog>
                    <streams />
                    <attachments />
                  </testLog>
                </testStepRun>
                <testStepRun startTime="2011-08-05T15:48:46.9618455+09:30" endTime="2011-08-05T15:48:46.9618455+09:30">
                  <testStep id="adb18c9c034fa789" name="Exec_LeftOuterJoin_With_TableColumn" fullName="SubSonic.Tests/SelectTests/Exec_LeftOuterJoin_With_TableColumn" testId="3d2d9c292f0de222" isPrimary="true" isTestCase="true" isDynamic="false">
                    <codeReference assembly="SubSonic.Tests, Version=2.2.1.0, Culture=neutral, PublicKeyToken=null" namespace="SubSonic.Tests.SqlQuery" type="SubSonic.Tests.SqlQuery.SelectTests" member="Exec_LeftOuterJoin_With_TableColumn" />
                    <codeLocation path="C:\data\SubsonicRoot\ss2\SubSonic.Tests\SqlQuery\SelectTests.cs" line="131" />
                    <metadata>
                      <entry key="TestKind">
                        <value>Test</value>
                      </entry>
                    </metadata>
                  </testStep>
                  <children />
                  <result assertCount="1" duration="0.042442099999999996">
                    <outcome status="passed" />
                  </result>
                  <testLog>
                    <streams />
                    <attachments />
                  </testLog>
                </testStepRun>
                <testStepRun startTime="2011-08-05T15:48:46.9618455+09:30" endTime="2011-08-05T15:48:46.9774705+09:30">
                  <testStep id="18d0b40f1a9604df" name="Exec_MultiJoin" fullName="SubSonic.Tests/SelectTests/Exec_MultiJoin" testId="2567e98394606df2" isPrimary="true" isTestCase="true" isDynamic="false">
                    <codeReference assembly="SubSonic.Tests, Version=2.2.1.0, Culture=neutral, PublicKeyToken=null" namespace="SubSonic.Tests.SqlQuery" type="SubSonic.Tests.SqlQuery.SelectTests" member="Exec_MultiJoin" />
                    <codeLocation path="C:\data\SubsonicRoot\ss2\SubSonic.Tests\SqlQuery\SelectTests.cs" line="117" />
                    <metadata>
                      <entry key="TestKind">
                        <value>Test</value>
                      </entry>
                    </metadata>
                  </testStep>
                  <children />
                  <result assertCount="1" duration="0.0311682">
                    <outcome status="passed" />
                  </result>
                  <testLog>
                    <streams />
                    <attachments />
                  </testLog>
                </testStepRun>
                <testStepRun startTime="2011-08-05T15:48:46.9930955+09:30" endTime="2011-08-05T15:48:46.9930955+09:30">
                  <testStep id="c6961e91877951ce" name="Exec_MultipleInWithAnd" fullName="SubSonic.Tests/SelectTests/Exec_MultipleInWithAnd" testId="3bf89f1b0ab491f9" isPrimary="true" isTestCase="true" isDynamic="false">
                    <codeReference assembly="SubSonic.Tests, Version=2.2.1.0, Culture=neutral, PublicKeyToken=null" namespace="SubSonic.Tests.SqlQuery" type="SubSonic.Tests.SqlQuery.SelectTests" member="Exec_MultipleInWithAnd" />
                    <codeLocation path="C:\data\SubsonicRoot\ss2\SubSonic.Tests\SqlQuery\SelectTests.cs" line="440" />
                    <metadata>
                      <entry key="TestKind">
                        <value>Test</value>
                      </entry>
                    </metadata>
                  </testStep>
                  <children />
                  <result assertCount="1" duration="0.0390038">
                    <outcome status="passed" />
                  </result>
                  <testLog>
                    <streams />
                    <attachments />
                  </testLog>
                </testStepRun>
                <testStepRun startTime="2011-08-05T15:48:46.9930955+09:30" endTime="2011-08-05T15:48:47.0087205+09:30">
                  <testStep id="6032e5af4dc5e9dc" name="Exec_NestedExpression" fullName="SubSonic.Tests/SelectTests/Exec_NestedExpression" testId="9fa32c4d90d19139" isPrimary="true" isTestCase="true" isDynamic="false">
                    <codeReference assembly="SubSonic.Tests, Version=2.2.1.0, Culture=neutral, PublicKeyToken=null" namespace="SubSonic.Tests.SqlQuery" type="SubSonic.Tests.SqlQuery.SelectTests" member="Exec_NestedExpression" />
                    <codeLocation path="C:\data\SubsonicRoot\ss2\SubSonic.Tests\SqlQuery\SelectTests.cs" line="236" />
                    <metadata>
                      <entry key="TestKind">
                        <value>Test</value>
                      </entry>
                    </metadata>
                  </testStep>
                  <children />
                  <result assertCount="1" duration="0.0079191">
                    <outcome status="passed" />
                  </result>
                  <testLog>
                    <streams />
                    <attachments />
                  </testLog>
                </testStepRun>
                <testStepRun startTime="2011-08-05T15:48:47.0087205+09:30" endTime="2011-08-05T15:48:47.0087205+09:30">
                  <testStep id="d317fb921019b51c" name="Exec_NotInWithSelect" fullName="SubSonic.Tests/SelectTests/Exec_NotInWithSelect" testId="2c5da3bbf6b730ae" isPrimary="true" isTestCase="true" isDynamic="false">
                    <codeReference assembly="SubSonic.Tests, Version=2.2.1.0, Culture=neutral, PublicKeyToken=null" namespace="SubSonic.Tests.SqlQuery" type="SubSonic.Tests.SqlQuery.SelectTests" member="Exec_NotInWithSelect" />
                    <codeLocation path="C:\data\SubsonicRoot\ss2\SubSonic.Tests\SqlQuery\SelectTests.cs" line="623" />
                    <metadata>
                      <entry key="TestKind">
                        <value>Test</value>
                      </entry>
                    </metadata>
                  </testStep>
                  <children />
                  <result assertCount="2" duration="0.0128553">
                    <outcome status="passed" />
                  </result>
                  <testLog>
                    <streams />
                    <attachments />
                  </testLog>
                </testStepRun>
                <testStepRun startTime="2011-08-05T15:48:47.0087205+09:30" endTime="2011-08-05T15:48:47.0243455+09:30">
                  <testStep id="df5fa00fa6b147d" name="Exec_PagedJoined" fullName="SubSonic.Tests/SelectTests/Exec_PagedJoined" testId="e815c74b1a7225d2" isPrimary="true" isTestCase="true" isDynamic="false">
                    <codeReference assembly="SubSonic.Tests, Version=2.2.1.0, Culture=neutral, PublicKeyToken=null" namespace="SubSonic.Tests.SqlQuery" type="SubSonic.Tests.SqlQuery.SelectTests" member="Exec_PagedJoined" />
                    <codeLocation path="C:\data\SubsonicRoot\ss2\SubSonic.Tests\SqlQuery\SelectTests.cs" line="335" />
                    <metadata>
                      <entry key="TestKind">
                        <value>Test</value>
                      </entry>
                    </metadata>
                  </testStep>
                  <children />
                  <result assertCount="1" duration="0.0097182">
                    <outcome status="passed" />
                  </result>
                  <testLog>
                    <streams />
                    <attachments />
                  </testLog>
                </testStepRun>
                <testStepRun startTime="2011-08-05T15:48:47.0243455+09:30" endTime="2011-08-05T15:48:47.0243455+09:30">
                  <testStep id="79484ca9d43bc9da" name="Exec_PagedSimple" fullName="SubSonic.Tests/SelectTests/Exec_PagedSimple" testId="2763a03853c61560" isPrimary="true" isTestCase="true" isDynamic="false">
                    <codeReference assembly="SubSonic.Tests, Version=2.2.1.0, Culture=neutral, PublicKeyToken=null" namespace="SubSonic.Tests.SqlQuery" type="SubSonic.Tests.SqlQuery.SelectTests" member="Exec_PagedSimple" />
                    <codeLocation path="C:\data\SubsonicRoot\ss2\SubSonic.Tests\SqlQuery\SelectTests.cs" line="310" />
                    <metadata>
                      <entry key="TestKind">
                        <value>Test</value>
                      </entry>
                    </metadata>
                  </testStep>
                  <children />
                  <result assertCount="1" duration="0.0074763">
                    <outcome status="passed" />
                  </result>
                  <testLog>
                    <streams />
                    <attachments />
                  </testLog>
                </testStepRun>
                <testStepRun startTime="2011-08-05T15:48:47.0243455+09:30" endTime="2011-08-05T15:48:47.0399705+09:30">
                  <testStep id="f903212f1139e561" name="Exec_PagedView" fullName="SubSonic.Tests/SelectTests/Exec_PagedView" testId="df430da5e68d2630" isPrimary="true" isTestCase="true" isDynamic="false">
                    <codeReference assembly="SubSonic.Tests, Version=2.2.1.0, Culture=neutral, PublicKeyToken=null" namespace="SubSonic.Tests.SqlQuery" type="SubSonic.Tests.SqlQuery.SelectTests" member="Exec_PagedView" />
                    <codeLocation path="C:\data\SubsonicRoot\ss2\SubSonic.Tests\SqlQuery\SelectTests.cs" line="349" />
                    <metadata>
                      <entry key="TestKind">
                        <value>Test</value>
                      </entry>
                    </metadata>
                  </testStep>
                  <children />
                  <result assertCount="1" duration="0.0771728">
                    <outcome status="passed" />
                  </result>
                  <testLog>
                    <streams />
                    <attachments />
                  </testLog>
                </testStepRun>
                <testStepRun startTime="2011-08-05T15:48:47.0399705+09:30" endTime="2011-08-05T15:48:47.0555955+09:30">
                  <testStep id="a3c6b7b4deee0fca" name="Exec_PagedViewJoined" fullName="SubSonic.Tests/SelectTests/Exec_PagedViewJoined" testId="a76cc2aa7909eef2" isPrimary="true" isTestCase="true" isDynamic="false">
                    <codeReference assembly="SubSonic.Tests, Version=2.2.1.0, Culture=neutral, PublicKeyToken=null" namespace="SubSonic.Tests.SqlQuery" type="SubSonic.Tests.SqlQuery.SelectTests" member="Exec_PagedViewJoined" />
                    <codeLocation path="C:\data\SubsonicRoot\ss2\SubSonic.Tests\SqlQuery\SelectTests.cs" line="357" />
                    <metadata>
                      <entry key="TestKind">
                        <value>Test</value>
                      </entry>
                    </metadata>
                  </testStep>
                  <children />
                  <result assertCount="1" duration="0.036242199999999995">
                    <outcome status="passed" />
                  </result>
                  <testLog>
                    <streams />
                    <attachments />
                  </testLog>
                </testStepRun>
                <testStepRun startTime="2011-08-05T15:48:47.0555955+09:30" endTime="2011-08-05T15:48:47.0712205+09:30">
                  <testStep id="b42540f97e9f10c9" name="Exec_PagedWithAggregate" fullName="SubSonic.Tests/SelectTests/Exec_PagedWithAggregate" testId="c112fd3991361893" isPrimary="true" isTestCase="true" isDynamic="false">
                    <codeReference assembly="SubSonic.Tests, Version=2.2.1.0, Culture=neutral, PublicKeyToken=null" namespace="SubSonic.Tests.SqlQuery" type="SubSonic.Tests.SqlQuery.SelectTests" member="Exec_PagedWithAggregate" />
                    <codeLocation path="C:\data\SubsonicRoot\ss2\SubSonic.Tests\SqlQuery\SelectTests.cs" line="317" />
                    <metadata>
                      <entry key="TestKind">
                        <value>Test</value>
                      </entry>
                    </metadata>
                  </testStep>
                  <children />
                  <result assertCount="1" duration="0.012412999999999999">
                    <outcome status="passed" />
                  </result>
                  <testLog>
                    <streams />
                    <attachments />
                  </testLog>
                </testStepRun>
                <testStepRun startTime="2011-08-05T15:48:47.0712205+09:30" endTime="2011-08-05T15:48:47.0712205+09:30">
                  <testStep id="5dda1c07616ec62c" name="Exec_Select_Top_Ten" fullName="SubSonic.Tests/SelectTests/Exec_Select_Top_Ten" testId="7fba649d1c73c23f" isPrimary="true" isTestCase="true" isDynamic="false">
                    <codeReference assembly="SubSonic.Tests, Version=2.2.1.0, Culture=neutral, PublicKeyToken=null" namespace="SubSonic.Tests.SqlQuery" type="SubSonic.Tests.SqlQuery.SelectTests" member="Exec_Select_Top_Ten" />
                    <codeLocation path="C:\data\SubsonicRoot\ss2\SubSonic.Tests\SqlQuery\SelectTests.cs" line="166" />
                    <metadata>
                      <entry key="TestKind">
                        <value>Test</value>
                      </entry>
                    </metadata>
                  </testStep>
                  <children />
                  <result assertCount="1" duration="0.0089763">
                    <outcome status="passed" />
                  </result>
                  <testLog>
                    <streams />
                    <attachments />
                  </testLog>
                </testStepRun>
                <testStepRun startTime="2011-08-05T15:48:47.0712205+09:30" endTime="2011-08-05T15:48:47.0868455+09:30">
                  <testStep id="6cb3584e28e9dcf3" name="Exec_Simple" fullName="SubSonic.Tests/SelectTests/Exec_Simple" testId="d943452b33fb4d6d" isPrimary="true" isTestCase="true" isDynamic="false">
                    <codeReference assembly="SubSonic.Tests, Version=2.2.1.0, Culture=neutral, PublicKeyToken=null" namespace="SubSonic.Tests.SqlQuery" type="SubSonic.Tests.SqlQuery.SelectTests" member="Exec_Simple" />
                    <codeLocation path="C:\data\SubsonicRoot\ss2\SubSonic.Tests\SqlQuery\SelectTests.cs" line="29" />
                    <metadata>
                      <entry key="TestKind">
                        <value>Test</value>
                      </entry>
                    </metadata>
                  </testStep>
                  <children />
                  <result assertCount="1" duration="0.0029008">
                    <outcome status="passed" />
                  </result>
                  <testLog>
                    <streams />
                    <attachments />
                  </testLog>
                </testStepRun>
                <testStepRun startTime="2011-08-05T15:48:47.0868455+09:30" endTime="2011-08-05T15:48:47.0868455+09:30">
                  <testStep id="f4280ee29f7a3e54" name="Exec_SimpleAnd" fullName="SubSonic.Tests/SelectTests/Exec_SimpleAnd" testId="84acacf34f8286da" isPrimary="true" isTestCase="true" isDynamic="false">
                    <codeReference assembly="SubSonic.Tests, Version=2.2.1.0, Culture=neutral, PublicKeyToken=null" namespace="SubSonic.Tests.SqlQuery" type="SubSonic.Tests.SqlQuery.SelectTests" member="Exec_SimpleAnd" />
                    <codeLocation path="C:\data\SubsonicRoot\ss2\SubSonic.Tests\SqlQuery\SelectTests.cs" line="370" />
                    <metadata>
                      <entry key="TestKind">
                        <value>Test</value>
                      </entry>
                    </metadata>
                  </testStep>
                  <children />
                  <result assertCount="1" duration="0.038442">
                    <outcome status="passed" />
                  </result>
                  <testLog>
                    <streams />
                    <attachments />
                  </testLog>
                </testStepRun>
                <testStepRun startTime="2011-08-05T15:48:47.0868455+09:30" endTime="2011-08-05T15:48:47.1024705+09:30">
                  <testStep id="e0af620957f57df2" name="Exec_SimpleAnd2" fullName="SubSonic.Tests/SelectTests/Exec_SimpleAnd2" testId="f5a54afea386b971" isPrimary="true" isTestCase="true" isDynamic="false">
                    <codeReference assembly="SubSonic.Tests, Version=2.2.1.0, Culture=neutral, PublicKeyToken=null" namespace="SubSonic.Tests.SqlQuery" type="SubSonic.Tests.SqlQuery.SelectTests" member="Exec_SimpleAnd2" />
                    <codeLocation path="C:\data\SubsonicRoot\ss2\SubSonic.Tests\SqlQuery\SelectTests.cs" line="384" />
                    <metadata>
                      <entry key="TestKind">
                        <value>Test</value>
                      </entry>
                    </metadata>
                  </testStep>
                  <children />
                  <result assertCount="1" duration="0.0129445">
                    <outcome status="passed" />
                  </result>
                  <testLog>
                    <streams />
                    <attachments />
                  </testLog>
                </testStepRun>
                <testStepRun startTime="2011-08-05T15:48:47.1024705+09:30" endTime="2011-08-05T15:48:47.1180955+09:30">
                  <testStep id="31176241cfc16ab7" name="Exec_SimpleAnd3" fullName="SubSonic.Tests/SelectTests/Exec_SimpleAnd3" testId="6c069a77c4600266" isPrimary="true" isTestCase="true" isDynamic="false">
                    <codeReference assembly="SubSonic.Tests, Version=2.2.1.0, Culture=neutral, PublicKeyToken=null" namespace="SubSonic.Tests.SqlQuery" type="SubSonic.Tests.SqlQuery.SelectTests" member="Exec_SimpleAnd3" />
                    <codeLocation path="C:\data\SubsonicRoot\ss2\SubSonic.Tests\SqlQuery\SelectTests.cs" line="398" />
                    <metadata>
                      <entry key="TestKind">
                        <value>Test</value>
                      </entry>
                    </metadata>
                  </testStep>
                  <children />
                  <result assertCount="1" duration="0.0128688">
                    <outcome status="passed" />
                  </result>
                  <testLog>
                    <streams />
                    <attachments />
                  </testLog>
                </testStepRun>
                <testStepRun startTime="2011-08-05T15:48:47.1337205+09:30" endTime="2011-08-05T15:48:47.1493455+09:30">
                  <testStep id="f6899e7e2f0cdf6c" name="Exec_SimpleAsSingle" fullName="SubSonic.Tests/SelectTests/Exec_SimpleAsSingle" testId="55446d52438c14d0" isPrimary="true" isTestCase="true" isDynamic="false">
                    <codeReference assembly="SubSonic.Tests, Version=2.2.1.0, Culture=neutral, PublicKeyToken=null" namespace="SubSonic.Tests.SqlQuery" type="SubSonic.Tests.SqlQuery.SelectTests" member="Exec_SimpleAsSingle" />
                    <codeLocation path="C:\data\SubsonicRoot\ss2\SubSonic.Tests\SqlQuery\SelectTests.cs" line="43" />
                    <metadata>
                      <entry key="TestKind">
                        <value>Test</value>
                      </entry>
                    </metadata>
                  </testStep>
                  <children />
                  <result assertCount="1" duration="0.0333652">
                    <outcome status="passed" />
                  </result>
                  <testLog>
                    <streams />
                    <attachments />
                  </testLog>
                </testStepRun>
                <testStepRun startTime="2011-08-05T15:48:47.1493455+09:30" endTime="2011-08-05T15:48:47.1493455+09:30">
                  <testStep id="8a70d0db938ebedb" name="Exec_SimpleIn" fullName="SubSonic.Tests/SelectTests/Exec_SimpleIn" testId="cc4967ca3f4a2c02" isPrimary="true" isTestCase="true" isDynamic="false">
                    <codeReference assembly="SubSonic.Tests, Version=2.2.1.0, Culture=neutral, PublicKeyToken=null" namespace="SubSonic.Tests.SqlQuery" type="SubSonic.Tests.SqlQuery.SelectTests" member="Exec_SimpleIn" />
                    <codeLocation path="C:\data\SubsonicRoot\ss2\SubSonic.Tests\SqlQuery\SelectTests.cs" line="418" />
                    <metadata>
                      <entry key="TestKind">
                        <value>Test</value>
                      </entry>
                    </metadata>
                  </testStep>
                  <children />
                  <result assertCount="1" duration="0.0068325999999999994">
                    <outcome status="passed" />
                  </result>
                  <testLog>
                    <streams />
                    <attachments />
                  </testLog>
                </testStepRun>
                <testStepRun startTime="2011-08-05T15:48:47.1493455+09:30" endTime="2011-08-05T15:48:47.1649705+09:30">
                  <testStep id="73ad9b9ae752e6bc" name="Exec_SimpleJoin" fullName="SubSonic.Tests/SelectTests/Exec_SimpleJoin" testId="d908a282699d4650" isPrimary="true" isTestCase="true" isDynamic="false">
                    <codeReference assembly="SubSonic.Tests, Version=2.2.1.0, Culture=neutral, PublicKeyToken=null" namespace="SubSonic.Tests.SqlQuery" type="SubSonic.Tests.SqlQuery.SelectTests" member="Exec_SimpleJoin" />
                    <codeLocation path="C:\data\SubsonicRoot\ss2\SubSonic.Tests\SqlQuery\SelectTests.cs" line="84" />
                    <metadata>
                      <entry key="TestKind">
                        <value>Test</value>
                      </entry>
                    </metadata>
                  </testStep>
                  <children />
                  <result assertCount="1" duration="0.0210096">
                    <outcome status="passed" />
                  </result>
                  <testLog>
                    <streams />
                    <attachments />
                  </testLog>
                </testStepRun>
                <testStepRun startTime="2011-08-05T15:48:47.1649705+09:30" endTime="2011-08-05T15:48:47.1805955+09:30">
                  <testStep id="90c01517ac389526" name="Exec_SimpleJoin2" fullName="SubSonic.Tests/SelectTests/Exec_SimpleJoin2" testId="d4139761853f7fcd" isPrimary="true" isTestCase="true" isDynamic="false">
                    <codeReference assembly="SubSonic.Tests, Version=2.2.1.0, Culture=neutral, PublicKeyToken=null" namespace="SubSonic.Tests.SqlQuery" type="SubSonic.Tests.SqlQuery.SelectTests" member="Exec_SimpleJoin2" />
                    <codeLocation path="C:\data\SubsonicRoot\ss2\SubSonic.Tests\SqlQuery\SelectTests.cs" line="95" />
                    <metadata>
                      <entry key="TestKind">
                        <value>Test</value>
                      </entry>
                    </metadata>
                  </testStep>
                  <children />
                  <result assertCount="1" duration="0.0121172">
                    <outcome status="passed" />
                  </result>
                  <testLog>
                    <streams />
                    <attachments />
                  </testLog>
                </testStepRun>
                <testStepRun startTime="2011-08-05T15:48:47.1805955+09:30" endTime="2011-08-05T15:48:47.1805955+09:30">
                  <testStep id="57d552357be9e74" name="Exec_SimpleJoin3" fullName="SubSonic.Tests/SelectTests/Exec_SimpleJoin3" testId="7334c663cee4838c" isPrimary="true" isTestCase="true" isDynamic="false">
                    <codeReference assembly="SubSonic.Tests, Version=2.2.1.0, Culture=neutral, PublicKeyToken=null" namespace="SubSonic.Tests.SqlQuery" type="SubSonic.Tests.SqlQuery.SelectTests" member="Exec_SimpleJoin3" />
                    <codeLocation path="C:\data\SubsonicRoot\ss2\SubSonic.Tests\SqlQuery\SelectTests.cs" line="106" />
                    <metadata>
                      <entry key="TestKind">
                        <value>Test</value>
                      </entry>
                    </metadata>
                  </testStep>
                  <children />
                  <result assertCount="1" duration="0.013919899999999999">
                    <outcome status="passed" />
                  </result>
                  <testLog>
                    <streams />
                    <attachments />
                  </testLog>
                </testStepRun>
                <testStepRun startTime="2011-08-05T15:48:47.1805955+09:30" endTime="2011-08-05T15:48:47.1962205+09:30">
                  <testStep id="c9ad4ac8742d1071" name="Exec_SimpleOr" fullName="SubSonic.Tests/SelectTests/Exec_SimpleOr" testId="aa15f6300be00489" isPrimary="true" isTestCase="true" isDynamic="false">
                    <codeReference assembly="SubSonic.Tests, Version=2.2.1.0, Culture=neutral, PublicKeyToken=null" namespace="SubSonic.Tests.SqlQuery" type="SubSonic.Tests.SqlQuery.SelectTests" member="Exec_SimpleOr" />
                    <codeLocation path="C:\data\SubsonicRoot\ss2\SubSonic.Tests\SqlQuery\SelectTests.cs" line="457" />
                    <metadata>
                      <entry key="TestKind">
                        <value>Test</value>
                      </entry>
                    </metadata>
                  </testStep>
                  <children />
                  <result assertCount="1" duration="0.0477224">
                    <outcome status="passed" />
                  </result>
                  <testLog>
                    <streams />
                    <attachments />
                  </testLog>
                </testStepRun>
                <testStepRun startTime="2011-08-05T15:48:47.1962205+09:30" endTime="2011-08-05T15:48:47.1962205+09:30">
                  <testStep id="ec41f00b2816328a" name="Exec_SimpleOr2" fullName="SubSonic.Tests/SelectTests/Exec_SimpleOr2" testId="33d0d25dfecbf6b1" isPrimary="true" isTestCase="true" isDynamic="false">
                    <codeReference assembly="SubSonic.Tests, Version=2.2.1.0, Culture=neutral, PublicKeyToken=null" namespace="SubSonic.Tests.SqlQuery" type="SubSonic.Tests.SqlQuery.SelectTests" member="Exec_SimpleOr2" />
                    <codeLocation path="C:\data\SubsonicRoot\ss2\SubSonic.Tests\SqlQuery\SelectTests.cs" line="471" />
                    <metadata>
                      <entry key="TestKind">
                        <value>Test</value>
                      </entry>
                    </metadata>
                  </testStep>
                  <children />
                  <result assertCount="1" duration="0.0051366">
                    <outcome status="passed" />
                  </result>
                  <testLog>
                    <streams />
                    <attachments />
                  </testLog>
                </testStepRun>
                <testStepRun startTime="2011-08-05T15:48:47.2118455+09:30" endTime="2011-08-05T15:48:47.2118455+09:30">
                  <testStep id="e848351d000e41b6" name="Exec_SimpleOr3" fullName="SubSonic.Tests/SelectTests/Exec_SimpleOr3" testId="4bae6bc711bf486" isPrimary="true" isTestCase="true" isDynamic="false">
                    <codeReference assembly="SubSonic.Tests, Version=2.2.1.0, Culture=neutral, PublicKeyToken=null" namespace="SubSonic.Tests.SqlQuery" type="SubSonic.Tests.SqlQuery.SelectTests" member="Exec_SimpleOr3" />
                    <codeLocation path="C:\data\SubsonicRoot\ss2\SubSonic.Tests\SqlQuery\SelectTests.cs" line="485" />
                    <metadata>
                      <entry key="TestKind">
                        <value>Test</value>
                      </entry>
                    </metadata>
                  </testStep>
                  <children />
                  <result assertCount="1" duration="0.0274609">
                    <outcome status="passed" />
                  </result>
                  <testLog>
                    <streams />
                    <attachments />
                  </testLog>
                </testStepRun>
                <testStepRun startTime="2011-08-05T15:48:47.2118455+09:30" endTime="2011-08-05T15:48:47.2274705+09:30">
                  <testStep id="198bf835344620e7" name="Exec_SimpleWhere" fullName="SubSonic.Tests/SelectTests/Exec_SimpleWhere" testId="351cac8e4ad5b3e1" isPrimary="true" isTestCase="true" isDynamic="false">
                    <codeReference assembly="SubSonic.Tests, Version=2.2.1.0, Culture=neutral, PublicKeyToken=null" namespace="SubSonic.Tests.SqlQuery" type="SubSonic.Tests.SqlQuery.SelectTests" member="Exec_SimpleWhere" />
                    <codeLocation path="C:\data\SubsonicRoot\ss2\SubSonic.Tests\SqlQuery\SelectTests.cs" line="57" />
                    <metadata>
                      <entry key="TestKind">
                        <value>Test</value>
                      </entry>
                    </metadata>
                  </testStep>
                  <children />
                  <result assertCount="1" duration="0.008102">
                    <outcome status="passed" />
                  </result>
                  <testLog>
                    <streams />
                    <attachments />
                  </testLog>
                </testStepRun>
                <testStepRun startTime="2011-08-05T15:48:47.2274705+09:30" endTime="2011-08-05T15:48:47.2274705+09:30">
                  <testStep id="69291c8f994dc5e8" name="Exec_SimpleWhere2" fullName="SubSonic.Tests/SelectTests/Exec_SimpleWhere2" testId="6a4d37a2d0f2d813" isPrimary="true" isTestCase="true" isDynamic="false">
                    <codeReference assembly="SubSonic.Tests, Version=2.2.1.0, Culture=neutral, PublicKeyToken=null" namespace="SubSonic.Tests.SqlQuery" type="SubSonic.Tests.SqlQuery.SelectTests" member="Exec_SimpleWhere2" />
                    <codeLocation path="C:\data\SubsonicRoot\ss2\SubSonic.Tests\SqlQuery\SelectTests.cs" line="64" />
                    <metadata>
                      <entry key="TestKind">
                        <value>Test</value>
                      </entry>
                    </metadata>
                  </testStep>
                  <children />
                  <result assertCount="1" duration="0.0299403">
                    <outcome status="passed" />
                  </result>
                  <testLog>
                    <streams />
                    <attachments />
                  </testLog>
                </testStepRun>
                <testStepRun startTime="2011-08-05T15:48:47.2430955+09:30" endTime="2011-08-05T15:48:47.2430955+09:30">
                  <testStep id="6a2d853096f63a2e" name="Exec_SimpleWhereAnd" fullName="SubSonic.Tests/SelectTests/Exec_SimpleWhereAnd" testId="d6451bb4fabcbc28" isPrimary="true" isTestCase="true" isDynamic="false">
                    <codeReference assembly="SubSonic.Tests, Version=2.2.1.0, Culture=neutral, PublicKeyToken=null" namespace="SubSonic.Tests.SqlQuery" type="SubSonic.Tests.SqlQuery.SelectTests" member="Exec_SimpleWhereAnd" />
                    <codeLocation path="C:\data\SubsonicRoot\ss2\SubSonic.Tests\SqlQuery\SelectTests.cs" line="71" />
                    <metadata>
                      <entry key="TestKind">
                        <value>Test</value>
                      </entry>
                    </metadata>
                  </testStep>
                  <children />
                  <result assertCount="1" duration="0.0112702">
                    <outcome status="passed" />
                  </result>
                  <testLog>
                    <streams />
                    <attachments />
                  </testLog>
                </testStepRun>
                <testStepRun startTime="2011-08-05T15:48:47.2430955+09:30" endTime="2011-08-05T15:48:47.2587205+09:30">
                  <testStep id="3db0278a9f5e7aa" name="Exec_SimpleWithTypedColumns" fullName="SubSonic.Tests/SelectTests/Exec_SimpleWithTypedColumns" testId="87ff466a71f0fac" isPrimary="true" isTestCase="true" isDynamic="false">
                    <codeReference assembly="SubSonic.Tests, Version=2.2.1.0, Culture=neutral, PublicKeyToken=null" namespace="SubSonic.Tests.SqlQuery" type="SubSonic.Tests.SqlQuery.SelectTests" member="Exec_SimpleWithTypedColumns" />
                    <codeLocation path="C:\data\SubsonicRoot\ss2\SubSonic.Tests\SqlQuery\SelectTests.cs" line="36" />
                    <metadata>
                      <entry key="TestKind">
                        <value>Test</value>
                      </entry>
                    </metadata>
                  </testStep>
                  <children />
                  <result assertCount="1" duration="0.0058785">
                    <outcome status="passed" />
                  </result>
                  <testLog>
                    <streams />
                    <attachments />
                  </testLog>
                </testStepRun>
                <testStepRun startTime="2011-08-05T15:48:47.2587205+09:30" endTime="2011-08-05T15:48:47.2743455+09:30">
                  <testStep id="f54aa30818b790d7" name="Exec_WithAllColumns" fullName="SubSonic.Tests/SelectTests/Exec_WithAllColumns" testId="8381811bae387097" isPrimary="true" isTestCase="true" isDynamic="false">
                    <codeReference assembly="SubSonic.Tests, Version=2.2.1.0, Culture=neutral, PublicKeyToken=null" namespace="SubSonic.Tests.SqlQuery" type="SubSonic.Tests.SqlQuery.SelectTests" member="Exec_WithAllColumns" />
                    <codeLocation path="C:\data\SubsonicRoot\ss2\SubSonic.Tests\SqlQuery\SelectTests.cs" line="50" />
                    <metadata>
                      <entry key="TestKind">
                        <value>Test</value>
                      </entry>
                    </metadata>
                  </testStep>
                  <children />
                  <result assertCount="1" duration="0.0052553">
                    <outcome status="passed" />
                  </result>
                  <testLog>
                    <streams />
                    <attachments />
                  </testLog>
                </testStepRun>
                <testStepRun startTime="2011-08-05T15:48:47.2743455+09:30" endTime="2011-08-05T15:48:47.2743455+09:30">
                  <testStep id="cd797d9921709e7e" name="MySql_Should_Set_Logical_Deletes" fullName="SubSonic.Tests/SelectTests/MySql_Should_Set_Logical_Deletes" testId="6f93c3a1aa751344" isPrimary="true" isTestCase="true" isDynamic="false">
                    <codeReference assembly="SubSonic.Tests, Version=2.2.1.0, Culture=neutral, PublicKeyToken=null" namespace="SubSonic.Tests.SqlQuery" type="SubSonic.Tests.SqlQuery.SelectTests" member="MySql_Should_Set_Logical_Deletes" />
                    <codeLocation path="C:\data\SubsonicRoot\ss2\SubSonic.Tests\SqlQuery\SelectTests.cs" line="873" />
                    <metadata>
                      <entry key="TestKind">
                        <value>Test</value>
                      </entry>
                    </metadata>
                  </testStep>
                  <children />
                  <result assertCount="0" duration="0.0056961">
                    <outcome status="passed" />
                  </result>
                  <testLog>
                    <streams />
                    <attachments />
                  </testLog>
                </testStepRun>
                <testStepRun startTime="2011-08-05T15:48:47.2743455+09:30" endTime="2011-08-05T15:48:47.4305955+09:30">
                  <testStep id="4ebe7e2550eab78a" name="Products_CollectionLoad2" fullName="SubSonic.Tests/SelectTests/Products_CollectionLoad2" testId="59070ef9a965d38c" isPrimary="true" isTestCase="true" isDynamic="false">
                    <codeReference assembly="SubSonic.Tests, Version=2.2.1.0, Culture=neutral, PublicKeyToken=null" namespace="SubSonic.Tests.SqlQuery" type="SubSonic.Tests.SqlQuery.SelectTests" member="Products_CollectionLoad2" />
                    <codeLocation path="C:\data\SubsonicRoot\ss2\SubSonic.Tests\SqlQuery\SelectTests.cs" line="590" />
                    <metadata>
                      <entry key="TestKind">
                        <value>Test</value>
                      </entry>
                    </metadata>
                  </testStep>
                  <children />
                  <result assertCount="0" duration="0.0393677">
                    <outcome status="failed" />
                  </result>
                  <testLog>
                    <streams>
                      <stream name="Failures">
                        <body>
                          <contents>
                            <section name="Execute">
                              <contents>
                                <marker class="Exception">
                                  <contents>
                                    <marker class="ExceptionType">
                                      <contents>
                                        <text><![CDATA[System.Data.SqlClient.SqlException]]></text>
                                      </contents>
                                      <attributes />
                                    </marker>
                                    <text><![CDATA[: ]]></text>
                                    <marker class="ExceptionMessage">
                                      <contents>
                                        <text><![CDATA[Incorrect syntax near the keyword 'ORDER'.]]></text>
                                      </contents>
                                      <attributes />
                                    </marker>
                                    <text><![CDATA[
]]></text>
                                    <marker class="ExceptionPropertyName">
                                      <contents>
                                        <text><![CDATA[Errors]]></text>
                                      </contents>
                                      <attributes />
                                    </marker>
                                    <text><![CDATA[: ]]></text>
                                    <marker class="ExceptionPropertyValue">
                                      <contents>
                                        <text><![CDATA[System.Data.SqlClient.SqlErrorCollection]]></text>
                                      </contents>
                                      <attributes />
                                    </marker>
                                    <text><![CDATA[
]]></text>
                                    <marker class="ExceptionPropertyName">
                                      <contents>
                                        <text><![CDATA[Class]]></text>
                                      </contents>
                                      <attributes />
                                    </marker>
                                    <text><![CDATA[: ]]></text>
                                    <marker class="ExceptionPropertyValue">
                                      <contents>
                                        <text><![CDATA[15]]></text>
                                      </contents>
                                      <attributes />
                                    </marker>
                                    <text><![CDATA[
]]></text>
                                    <marker class="ExceptionPropertyName">
                                      <contents>
                                        <text><![CDATA[LineNumber]]></text>
                                      </contents>
                                      <attributes />
                                    </marker>
                                    <text><![CDATA[: ]]></text>
                                    <marker class="ExceptionPropertyValue">
                                      <contents>
                                        <text><![CDATA[1]]></text>
                                      </contents>
                                      <attributes />
                                    </marker>
                                    <text><![CDATA[
]]></text>
                                    <marker class="ExceptionPropertyName">
                                      <contents>
                                        <text><![CDATA[Number]]></text>
                                      </contents>
                                      <attributes />
                                    </marker>
                                    <text><![CDATA[: ]]></text>
                                    <marker class="ExceptionPropertyValue">
                                      <contents>
                                        <text><![CDATA[156]]></text>
                                      </contents>
                                      <attributes />
                                    </marker>
                                    <text><![CDATA[
]]></text>
                                    <marker class="ExceptionPropertyName">
                                      <contents>
                                        <text><![CDATA[Procedure]]></text>
                                      </contents>
                                      <attributes />
                                    </marker>
                                    <text><![CDATA[: ]]></text>
                                    <marker class="ExceptionPropertyValue">
                                      <contents />
                                      <attributes />
                                    </marker>
                                    <text><![CDATA[
]]></text>
                                    <marker class="ExceptionPropertyName">
                                      <contents>
                                        <text><![CDATA[Server]]></text>
                                      </contents>
                                      <attributes />
                                    </marker>
                                    <text><![CDATA[: ]]></text>
                                    <marker class="ExceptionPropertyValue">
                                      <contents>
                                        <text><![CDATA[ANAXIMANDER\SQLEXPRESS]]></text>
                                      </contents>
                                      <attributes />
                                    </marker>
                                    <text><![CDATA[
]]></text>
                                    <marker class="ExceptionPropertyName">
                                      <contents>
                                        <text><![CDATA[State]]></text>
                                      </contents>
                                      <attributes />
                                    </marker>
                                    <text><![CDATA[: ]]></text>
                                    <marker class="ExceptionPropertyValue">
                                      <contents>
                                        <text><![CDATA[1]]></text>
                                      </contents>
                                      <attributes />
                                    </marker>
                                    <text><![CDATA[
]]></text>
                                    <marker class="ExceptionPropertyName">
                                      <contents>
                                        <text><![CDATA[ErrorCode]]></text>
                                      </contents>
                                      <attributes />
                                    </marker>
                                    <text><![CDATA[: ]]></text>
                                    <marker class="ExceptionPropertyValue">
                                      <contents>
                                        <text><![CDATA[-2146232060]]></text>
                                      </contents>
                                      <attributes />
                                    </marker>
                                    <text><![CDATA[
]]></text>
                                    <marker class="StackTrace">
                                      <contents>
                                        <text><![CDATA[   at System.Data.SqlClient.SqlConnection.OnError(SqlException exception, Boolean breakConnection)
   at System.Data.SqlClient.SqlInternalConnection.OnError(SqlException exception, Boolean breakConnection)
   at System.Data.SqlClient.TdsParser.ThrowExceptionAndWarning(TdsParserStateObject stateObj)
   at System.Data.SqlClient.TdsParser.Run(RunBehavior runBehavior, SqlCommand cmdHandler, SqlDataReader dataStream, BulkCopySimpleResultSet bulkCopyHandler, TdsParserStateObject stateObj)
   at System.Data.SqlClient.SqlDataReader.ConsumeMetaData()
   at System.Data.SqlClient.SqlDataReader.get_MetaData()
   at System.Data.SqlClient.SqlCommand.FinishExecuteReader(SqlDataReader ds, RunBehavior runBehavior, String resetOptionsString)
   at System.Data.SqlClient.SqlCommand.RunExecuteReaderTds(CommandBehavior cmdBehavior, RunBehavior runBehavior, Boolean returnStream, Boolean async)
   at System.Data.SqlClient.SqlCommand.RunExecuteReader(CommandBehavior cmdBehavior, RunBehavior runBehavior, Boolean returnStream, String method, DbAsyncResult result)
   at System.Data.SqlClient.SqlCommand.RunExecuteReader(CommandBehavior cmdBehavior, RunBehavior runBehavior, Boolean returnStream, String method)
   at System.Data.SqlClient.SqlCommand.ExecuteReader(CommandBehavior behavior, String method)
   at System.Data.SqlClient.SqlCommand.ExecuteReader(CommandBehavior behavior)
   at SubSonic.SqlDataProvider.GetReader(QueryCommand qry) in ]]></text>
                                        <marker class="CodeLocation">
                                          <contents>
                                            <text><![CDATA[C:\data\SubsonicRoot\ss2\SubSonic\DataProviders\SqlDataProvider.cs:line 384]]></text>
                                          </contents>
                                          <attributes>
                                            <attribute name="line" value="384" />
                                            <attribute name="path" value="C:\data\SubsonicRoot\ss2\SubSonic\DataProviders\SqlDataProvider.cs" />
                                          </attributes>
                                        </marker>
                                        <text><![CDATA[
   at SubSonic.DataService.GetReader(QueryCommand cmd) in ]]></text>
                                        <marker class="CodeLocation">
                                          <contents>
                                            <text><![CDATA[C:\data\SubsonicRoot\ss2\SubSonic\DataProviders\DataService.cs:line 506]]></text>
                                          </contents>
                                          <attributes>
                                            <attribute name="line" value="506" />
                                            <attribute name="path" value="C:\data\SubsonicRoot\ss2\SubSonic\DataProviders\DataService.cs" />
                                          </attributes>
                                        </marker>
                                        <text><![CDATA[
   at SubSonic.Query.ExecuteReader() in ]]></text>
                                        <marker class="CodeLocation">
                                          <contents>
                                            <text><![CDATA[C:\data\SubsonicRoot\ss2\SubSonic\Sql Tools\Query.cs:line 1814]]></text>
                                          </contents>
                                          <attributes>
                                            <attribute name="line" value="1814" />
                                            <attribute name="path" value="C:\data\SubsonicRoot\ss2\SubSonic\Sql Tools\Query.cs" />
                                          </attributes>
                                        </marker>
                                        <text><![CDATA[
   at SubSonic.AbstractList`2.Load() in ]]></text>
                                        <marker class="CodeLocation">
                                          <contents>
                                            <text><![CDATA[C:\data\SubsonicRoot\ss2\SubSonic\ActiveRecord\AbstractList.cs:line 469]]></text>
                                          </contents>
                                          <attributes>
                                            <attribute name="line" value="469" />
                                            <attribute name="path" value="C:\data\SubsonicRoot\ss2\SubSonic\ActiveRecord\AbstractList.cs" />
                                          </attributes>
                                        </marker>
                                        <text><![CDATA[
   at SubSonic.Tests.SqlQuery.SelectTests.Products_CollectionLoad2() in ]]></text>
                                        <marker class="CodeLocation">
                                          <contents>
                                            <text><![CDATA[C:\data\SubsonicRoot\ss2\SubSonic.Tests\SqlQuery\SelectTests.cs:line 591]]></text>
                                          </contents>
                                          <attributes>
                                            <attribute name="line" value="591" />
                                            <attribute name="path" value="C:\data\SubsonicRoot\ss2\SubSonic.Tests\SqlQuery\SelectTests.cs" />
                                          </attributes>
                                        </marker>
                                      </contents>
                                      <attributes />
                                    </marker>
                                  </contents>
                                  <attributes />
                                </marker>
                              </contents>
                            </section>
                          </contents>
                        </body>
                      </stream>
                    </streams>
                    <attachments />
                  </testLog>
                </testStepRun>
                <testStepRun startTime="2011-08-05T15:48:47.4462205+09:30" endTime="2011-08-05T15:48:47.5399705+09:30">
                  <testStep id="cceca8934db1b74c" name="Products_CollectionSample" fullName="SubSonic.Tests/SelectTests/Products_CollectionSample" testId="e43d556230ce8814" isPrimary="true" isTestCase="true" isDynamic="false">
                    <codeReference assembly="SubSonic.Tests, Version=2.2.1.0, Culture=neutral, PublicKeyToken=null" namespace="SubSonic.Tests.SqlQuery" type="SubSonic.Tests.SqlQuery.SelectTests" member="Products_CollectionSample" />
                    <codeLocation path="C:\data\SubsonicRoot\ss2\SubSonic.Tests\SqlQuery\SelectTests.cs" line="602" />
                    <metadata>
                      <entry key="TestKind">
                        <value>Test</value>
                      </entry>
                    </metadata>
                  </testStep>
                  <children />
                  <result assertCount="0" duration="0.016260999999999998">
                    <outcome status="failed" />
                  </result>
                  <testLog>
                    <streams>
                      <stream name="Failures">
                        <body>
                          <contents>
                            <section name="Execute">
                              <contents>
                                <marker class="Exception">
                                  <contents>
                                    <marker class="ExceptionType">
                                      <contents>
                                        <text><![CDATA[System.Data.SqlClient.SqlException]]></text>
                                      </contents>
                                      <attributes />
                                    </marker>
                                    <text><![CDATA[: ]]></text>
                                    <marker class="ExceptionMessage">
                                      <contents>
                                        <text><![CDATA[Incorrect syntax near the keyword 'ORDER'.]]></text>
                                      </contents>
                                      <attributes />
                                    </marker>
                                    <text><![CDATA[
]]></text>
                                    <marker class="ExceptionPropertyName">
                                      <contents>
                                        <text><![CDATA[Errors]]></text>
                                      </contents>
                                      <attributes />
                                    </marker>
                                    <text><![CDATA[: ]]></text>
                                    <marker class="ExceptionPropertyValue">
                                      <contents>
                                        <text><![CDATA[System.Data.SqlClient.SqlErrorCollection]]></text>
                                      </contents>
                                      <attributes />
                                    </marker>
                                    <text><![CDATA[
]]></text>
                                    <marker class="ExceptionPropertyName">
                                      <contents>
                                        <text><![CDATA[Class]]></text>
                                      </contents>
                                      <attributes />
                                    </marker>
                                    <text><![CDATA[: ]]></text>
                                    <marker class="ExceptionPropertyValue">
                                      <contents>
                                        <text><![CDATA[15]]></text>
                                      </contents>
                                      <attributes />
                                    </marker>
                                    <text><![CDATA[
]]></text>
                                    <marker class="ExceptionPropertyName">
                                      <contents>
                                        <text><![CDATA[LineNumber]]></text>
                                      </contents>
                                      <attributes />
                                    </marker>
                                    <text><![CDATA[: ]]></text>
                                    <marker class="ExceptionPropertyValue">
                                      <contents>
                                        <text><![CDATA[1]]></text>
                                      </contents>
                                      <attributes />
                                    </marker>
                                    <text><![CDATA[
]]></text>
                                    <marker class="ExceptionPropertyName">
                                      <contents>
                                        <text><![CDATA[Number]]></text>
                                      </contents>
                                      <attributes />
                                    </marker>
                                    <text><![CDATA[: ]]></text>
                                    <marker class="ExceptionPropertyValue">
                                      <contents>
                                        <text><![CDATA[156]]></text>
                                      </contents>
                                      <attributes />
                                    </marker>
                                    <text><![CDATA[
]]></text>
                                    <marker class="ExceptionPropertyName">
                                      <contents>
                                        <text><![CDATA[Procedure]]></text>
                                      </contents>
                                      <attributes />
                                    </marker>
                                    <text><![CDATA[: ]]></text>
                                    <marker class="ExceptionPropertyValue">
                                      <contents />
                                      <attributes />
                                    </marker>
                                    <text><![CDATA[
]]></text>
                                    <marker class="ExceptionPropertyName">
                                      <contents>
                                        <text><![CDATA[Server]]></text>
                                      </contents>
                                      <attributes />
                                    </marker>
                                    <text><![CDATA[: ]]></text>
                                    <marker class="ExceptionPropertyValue">
                                      <contents>
                                        <text><![CDATA[ANAXIMANDER\SQLEXPRESS]]></text>
                                      </contents>
                                      <attributes />
                                    </marker>
                                    <text><![CDATA[
]]></text>
                                    <marker class="ExceptionPropertyName">
                                      <contents>
                                        <text><![CDATA[State]]></text>
                                      </contents>
                                      <attributes />
                                    </marker>
                                    <text><![CDATA[: ]]></text>
                                    <marker class="ExceptionPropertyValue">
                                      <contents>
                                        <text><![CDATA[1]]></text>
                                      </contents>
                                      <attributes />
                                    </marker>
                                    <text><![CDATA[
]]></text>
                                    <marker class="ExceptionPropertyName">
                                      <contents>
                                        <text><![CDATA[ErrorCode]]></text>
                                      </contents>
                                      <attributes />
                                    </marker>
                                    <text><![CDATA[: ]]></text>
                                    <marker class="ExceptionPropertyValue">
                                      <contents>
                                        <text><![CDATA[-2146232060]]></text>
                                      </contents>
                                      <attributes />
                                    </marker>
                                    <text><![CDATA[
]]></text>
                                    <marker class="StackTrace">
                                      <contents>
                                        <text><![CDATA[   at System.Data.SqlClient.SqlConnection.OnError(SqlException exception, Boolean breakConnection)
   at System.Data.SqlClient.SqlInternalConnection.OnError(SqlException exception, Boolean breakConnection)
   at System.Data.SqlClient.TdsParser.ThrowExceptionAndWarning(TdsParserStateObject stateObj)
   at System.Data.SqlClient.TdsParser.Run(RunBehavior runBehavior, SqlCommand cmdHandler, SqlDataReader dataStream, BulkCopySimpleResultSet bulkCopyHandler, TdsParserStateObject stateObj)
   at System.Data.SqlClient.SqlDataReader.ConsumeMetaData()
   at System.Data.SqlClient.SqlDataReader.get_MetaData()
   at System.Data.SqlClient.SqlCommand.FinishExecuteReader(SqlDataReader ds, RunBehavior runBehavior, String resetOptionsString)
   at System.Data.SqlClient.SqlCommand.RunExecuteReaderTds(CommandBehavior cmdBehavior, RunBehavior runBehavior, Boolean returnStream, Boolean async)
   at System.Data.SqlClient.SqlCommand.RunExecuteReader(CommandBehavior cmdBehavior, RunBehavior runBehavior, Boolean returnStream, String method, DbAsyncResult result)
   at System.Data.SqlClient.SqlCommand.RunExecuteReader(CommandBehavior cmdBehavior, RunBehavior runBehavior, Boolean returnStream, String method)
   at System.Data.SqlClient.SqlCommand.ExecuteReader(CommandBehavior behavior, String method)
   at System.Data.SqlClient.SqlCommand.ExecuteReader(CommandBehavior behavior)
   at SubSonic.SqlDataProvider.GetReader(QueryCommand qry) in ]]></text>
                                        <marker class="CodeLocation">
                                          <contents>
                                            <text><![CDATA[C:\data\SubsonicRoot\ss2\SubSonic\DataProviders\SqlDataProvider.cs:line 384]]></text>
                                          </contents>
                                          <attributes>
                                            <attribute name="line" value="384" />
                                            <attribute name="path" value="C:\data\SubsonicRoot\ss2\SubSonic\DataProviders\SqlDataProvider.cs" />
                                          </attributes>
                                        </marker>
                                        <text><![CDATA[
   at SubSonic.DataService.GetReader(QueryCommand cmd) in ]]></text>
                                        <marker class="CodeLocation">
                                          <contents>
                                            <text><![CDATA[C:\data\SubsonicRoot\ss2\SubSonic\DataProviders\DataService.cs:line 506]]></text>
                                          </contents>
                                          <attributes>
                                            <attribute name="line" value="506" />
                                            <attribute name="path" value="C:\data\SubsonicRoot\ss2\SubSonic\DataProviders\DataService.cs" />
                                          </attributes>
                                        </marker>
                                        <text><![CDATA[
   at SubSonic.Query.ExecuteReader() in ]]></text>
                                        <marker class="CodeLocation">
                                          <contents>
                                            <text><![CDATA[C:\data\SubsonicRoot\ss2\SubSonic\Sql Tools\Query.cs:line 1814]]></text>
                                          </contents>
                                          <attributes>
                                            <attribute name="line" value="1814" />
                                            <attribute name="path" value="C:\data\SubsonicRoot\ss2\SubSonic\Sql Tools\Query.cs" />
                                          </attributes>
                                        </marker>
                                        <text><![CDATA[
   at SubSonic.AbstractList`2.Load() in ]]></text>
                                        <marker class="CodeLocation">
                                          <contents>
                                            <text><![CDATA[C:\data\SubsonicRoot\ss2\SubSonic\ActiveRecord\AbstractList.cs:line 469]]></text>
                                          </contents>
                                          <attributes>
                                            <attribute name="line" value="469" />
                                            <attribute name="path" value="C:\data\SubsonicRoot\ss2\SubSonic\ActiveRecord\AbstractList.cs" />
                                          </attributes>
                                        </marker>
                                        <text><![CDATA[
   at SubSonic.Tests.SqlQuery.SelectTests.Products_CollectionSample() in ]]></text>
                                        <marker class="CodeLocation">
                                          <contents>
                                            <text><![CDATA[C:\data\SubsonicRoot\ss2\SubSonic.Tests\SqlQuery\SelectTests.cs:line 604]]></text>
                                          </contents>
                                          <attributes>
                                            <attribute name="line" value="604" />
                                            <attribute name="path" value="C:\data\SubsonicRoot\ss2\SubSonic.Tests\SqlQuery\SelectTests.cs" />
                                          </attributes>
                                        </marker>
                                      </contents>
                                      <attributes />
                                    </marker>
                                  </contents>
                                  <attributes />
                                </marker>
                              </contents>
                            </section>
                          </contents>
                        </body>
                      </stream>
                    </streams>
                    <attachments />
                  </testLog>
                </testStepRun>
                <testStepRun startTime="2011-08-05T15:48:47.5555955+09:30" endTime="2011-08-05T15:48:47.6493455+09:30">
                  <testStep id="f4fee03942d8b52f" name="Products_Sample" fullName="SubSonic.Tests/SelectTests/Products_Sample" testId="af960a2bc2f1179d" isPrimary="true" isTestCase="true" isDynamic="false">
                    <codeReference assembly="SubSonic.Tests, Version=2.2.1.0, Culture=neutral, PublicKeyToken=null" namespace="SubSonic.Tests.SqlQuery" type="SubSonic.Tests.SqlQuery.SelectTests" member="Products_Sample" />
                    <codeLocation path="C:\data\SubsonicRoot\ss2\SubSonic.Tests\SqlQuery\SelectTests.cs" line="572" />
                    <metadata>
                      <entry key="TestKind">
                        <value>Test</value>
                      </entry>
                    </metadata>
                  </testStep>
                  <children />
                  <result assertCount="0" duration="0.0260538">
                    <outcome status="failed" />
                  </result>
                  <testLog>
                    <streams>
                      <stream name="Failures">
                        <body>
                          <contents>
                            <section name="Execute">
                              <contents>
                                <marker class="Exception">
                                  <contents>
                                    <marker class="ExceptionType">
                                      <contents>
                                        <text><![CDATA[System.Data.SqlClient.SqlException]]></text>
                                      </contents>
                                      <attributes />
                                    </marker>
                                    <text><![CDATA[: ]]></text>
                                    <marker class="ExceptionMessage">
                                      <contents>
                                        <text><![CDATA[Incorrect syntax near the keyword 'ORDER'.]]></text>
                                      </contents>
                                      <attributes />
                                    </marker>
                                    <text><![CDATA[
]]></text>
                                    <marker class="ExceptionPropertyName">
                                      <contents>
                                        <text><![CDATA[Errors]]></text>
                                      </contents>
                                      <attributes />
                                    </marker>
                                    <text><![CDATA[: ]]></text>
                                    <marker class="ExceptionPropertyValue">
                                      <contents>
                                        <text><![CDATA[System.Data.SqlClient.SqlErrorCollection]]></text>
                                      </contents>
                                      <attributes />
                                    </marker>
                                    <text><![CDATA[
]]></text>
                                    <marker class="ExceptionPropertyName">
                                      <contents>
                                        <text><![CDATA[Class]]></text>
                                      </contents>
                                      <attributes />
                                    </marker>
                                    <text><![CDATA[: ]]></text>
                                    <marker class="ExceptionPropertyValue">
                                      <contents>
                                        <text><![CDATA[15]]></text>
                                      </contents>
                                      <attributes />
                                    </marker>
                                    <text><![CDATA[
]]></text>
                                    <marker class="ExceptionPropertyName">
                                      <contents>
                                        <text><![CDATA[LineNumber]]></text>
                                      </contents>
                                      <attributes />
                                    </marker>
                                    <text><![CDATA[: ]]></text>
                                    <marker class="ExceptionPropertyValue">
                                      <contents>
                                        <text><![CDATA[1]]></text>
                                      </contents>
                                      <attributes />
                                    </marker>
                                    <text><![CDATA[
]]></text>
                                    <marker class="ExceptionPropertyName">
                                      <contents>
                                        <text><![CDATA[Number]]></text>
                                      </contents>
                                      <attributes />
                                    </marker>
                                    <text><![CDATA[: ]]></text>
                                    <marker class="ExceptionPropertyValue">
                                      <contents>
                                        <text><![CDATA[156]]></text>
                                      </contents>
                                      <attributes />
                                    </marker>
                                    <text><![CDATA[
]]></text>
                                    <marker class="ExceptionPropertyName">
                                      <contents>
                                        <text><![CDATA[Procedure]]></text>
                                      </contents>
                                      <attributes />
                                    </marker>
                                    <text><![CDATA[: ]]></text>
                                    <marker class="ExceptionPropertyValue">
                                      <contents />
                                      <attributes />
                                    </marker>
                                    <text><![CDATA[
]]></text>
                                    <marker class="ExceptionPropertyName">
                                      <contents>
                                        <text><![CDATA[Server]]></text>
                                      </contents>
                                      <attributes />
                                    </marker>
                                    <text><![CDATA[: ]]></text>
                                    <marker class="ExceptionPropertyValue">
                                      <contents>
                                        <text><![CDATA[ANAXIMANDER\SQLEXPRESS]]></text>
                                      </contents>
                                      <attributes />
                                    </marker>
                                    <text><![CDATA[
]]></text>
                                    <marker class="ExceptionPropertyName">
                                      <contents>
                                        <text><![CDATA[State]]></text>
                                      </contents>
                                      <attributes />
                                    </marker>
                                    <text><![CDATA[: ]]></text>
                                    <marker class="ExceptionPropertyValue">
                                      <contents>
                                        <text><![CDATA[1]]></text>
                                      </contents>
                                      <attributes />
                                    </marker>
                                    <text><![CDATA[
]]></text>
                                    <marker class="ExceptionPropertyName">
                                      <contents>
                                        <text><![CDATA[ErrorCode]]></text>
                                      </contents>
                                      <attributes />
                                    </marker>
                                    <text><![CDATA[: ]]></text>
                                    <marker class="ExceptionPropertyValue">
                                      <contents>
                                        <text><![CDATA[-2146232060]]></text>
                                      </contents>
                                      <attributes />
                                    </marker>
                                    <text><![CDATA[
]]></text>
                                    <marker class="StackTrace">
                                      <contents>
                                        <text><![CDATA[   at System.Data.SqlClient.SqlConnection.OnError(SqlException exception, Boolean breakConnection)
   at System.Data.SqlClient.SqlInternalConnection.OnError(SqlException exception, Boolean breakConnection)
   at System.Data.SqlClient.TdsParser.ThrowExceptionAndWarning(TdsParserStateObject stateObj)
   at System.Data.SqlClient.TdsParser.Run(RunBehavior runBehavior, SqlCommand cmdHandler, SqlDataReader dataStream, BulkCopySimpleResultSet bulkCopyHandler, TdsParserStateObject stateObj)
   at System.Data.SqlClient.SqlDataReader.ConsumeMetaData()
   at System.Data.SqlClient.SqlDataReader.get_MetaData()
   at System.Data.SqlClient.SqlCommand.FinishExecuteReader(SqlDataReader ds, RunBehavior runBehavior, String resetOptionsString)
   at System.Data.SqlClient.SqlCommand.RunExecuteReaderTds(CommandBehavior cmdBehavior, RunBehavior runBehavior, Boolean returnStream, Boolean async)
   at System.Data.SqlClient.SqlCommand.RunExecuteReader(CommandBehavior cmdBehavior, RunBehavior runBehavior, Boolean returnStream, String method, DbAsyncResult result)
   at System.Data.SqlClient.SqlCommand.RunExecuteReader(CommandBehavior cmdBehavior, RunBehavior runBehavior, Boolean returnStream, String method)
   at System.Data.SqlClient.SqlCommand.ExecuteReader(CommandBehavior behavior, String method)
   at System.Data.SqlClient.SqlCommand.ExecuteReader(CommandBehavior behavior)
   at SubSonic.SqlDataProvider.GetReader(QueryCommand qry) in ]]></text>
                                        <marker class="CodeLocation">
                                          <contents>
                                            <text><![CDATA[C:\data\SubsonicRoot\ss2\SubSonic\DataProviders\SqlDataProvider.cs:line 384]]></text>
                                          </contents>
                                          <attributes>
                                            <attribute name="line" value="384" />
                                            <attribute name="path" value="C:\data\SubsonicRoot\ss2\SubSonic\DataProviders\SqlDataProvider.cs" />
                                          </attributes>
                                        </marker>
                                        <text><![CDATA[
   at SubSonic.DataService.GetReader(QueryCommand cmd) in ]]></text>
                                        <marker class="CodeLocation">
                                          <contents>
                                            <text><![CDATA[C:\data\SubsonicRoot\ss2\SubSonic\DataProviders\DataService.cs:line 506]]></text>
                                          </contents>
                                          <attributes>
                                            <attribute name="line" value="506" />
                                            <attribute name="path" value="C:\data\SubsonicRoot\ss2\SubSonic\DataProviders\DataService.cs" />
                                          </attributes>
                                        </marker>
                                        <text><![CDATA[
   at SubSonic.Query.ExecuteReader() in ]]></text>
                                        <marker class="CodeLocation">
                                          <contents>
                                            <text><![CDATA[C:\data\SubsonicRoot\ss2\SubSonic\Sql Tools\Query.cs:line 1814]]></text>
                                          </contents>
                                          <attributes>
                                            <attribute name="line" value="1814" />
                                            <attribute name="path" value="C:\data\SubsonicRoot\ss2\SubSonic\Sql Tools\Query.cs" />
                                          </attributes>
                                        </marker>
                                        <text><![CDATA[
   at SubSonic.ReadOnlyRecord`1.LoadByKey(Object keyID) in ]]></text>
                                        <marker class="CodeLocation">
                                          <contents>
                                            <text><![CDATA[C:\data\SubsonicRoot\ss2\SubSonic\ActiveRecord\ReadOnlyRecord.cs:line 72]]></text>
                                          </contents>
                                          <attributes>
                                            <attribute name="line" value="72" />
                                            <attribute name="path" value="C:\data\SubsonicRoot\ss2\SubSonic\ActiveRecord\ReadOnlyRecord.cs" />
                                          </attributes>
                                        </marker>
                                        <text><![CDATA[
   at Northwind.Product..ctor(Object keyID) in ]]></text>
                                        <marker class="CodeLocation">
                                          <contents>
                                            <text><![CDATA[C:\data\SubsonicRoot\ss2\SubSonic.Tests\Generated\Northwind\Product.cs:line 93]]></text>
                                          </contents>
                                          <attributes>
                                            <attribute name="line" value="93" />
                                            <attribute name="path" value="C:\data\SubsonicRoot\ss2\SubSonic.Tests\Generated\Northwind\Product.cs" />
                                          </attributes>
                                        </marker>
                                        <text><![CDATA[
   at SubSonic.Tests.SqlQuery.SelectTests.Products_Sample() in ]]></text>
                                        <marker class="CodeLocation">
                                          <contents>
                                            <text><![CDATA[C:\data\SubsonicRoot\ss2\SubSonic.Tests\SqlQuery\SelectTests.cs:line 574]]></text>
                                          </contents>
                                          <attributes>
                                            <attribute name="line" value="574" />
                                            <attribute name="path" value="C:\data\SubsonicRoot\ss2\SubSonic.Tests\SqlQuery\SelectTests.cs" />
                                          </attributes>
                                        </marker>
                                      </contents>
                                      <attributes />
                                    </marker>
                                  </contents>
                                  <attributes />
                                </marker>
                              </contents>
                            </section>
                          </contents>
                        </body>
                      </stream>
                    </streams>
                    <attachments />
                  </testLog>
                </testStepRun>
                <testStepRun startTime="2011-08-05T15:48:47.6493455+09:30" endTime="2011-08-05T15:48:47.7587205+09:30">
                  <testStep id="a31ee9adcad11982" name="Saving_String_Property_With_StringValue_Null_Results_In_NullValue_In_DB" fullName="SubSonic.Tests/SelectTests/Saving_String_Property_With_StringValue_Null_Results_In_NullValue_In_DB" testId="925ff536a5b8ff4d" isPrimary="true" isTestCase="true" isDynamic="false">
                    <codeReference assembly="SubSonic.Tests, Version=2.2.1.0, Culture=neutral, PublicKeyToken=null" namespace="SubSonic.Tests.SqlQuery" type="SubSonic.Tests.SqlQuery.SelectTests" member="Saving_String_Property_With_StringValue_Null_Results_In_NullValue_In_DB" />
                    <codeLocation path="C:\data\SubsonicRoot\ss2\SubSonic.Tests\SqlQuery\SelectTests.cs" line="859" />
                    <metadata>
                      <entry key="TestKind">
                        <value>Test</value>
                      </entry>
                    </metadata>
                  </testStep>
                  <children />
                  <result assertCount="0" duration="0.0121734">
                    <outcome status="failed" />
                  </result>
                  <testLog>
                    <streams>
                      <stream name="Failures">
                        <body>
                          <contents>
                            <section name="Execute">
                              <contents>
                                <marker class="Exception">
                                  <contents>
                                    <marker class="ExceptionType">
                                      <contents>
                                        <text><![CDATA[System.Data.SqlClient.SqlException]]></text>
                                      </contents>
                                      <attributes />
                                    </marker>
                                    <text><![CDATA[: ]]></text>
                                    <marker class="ExceptionMessage">
                                      <contents>
                                        <text><![CDATA[Incorrect syntax near the keyword 'ORDER'.]]></text>
                                      </contents>
                                      <attributes />
                                    </marker>
                                    <text><![CDATA[
]]></text>
                                    <marker class="ExceptionPropertyName">
                                      <contents>
                                        <text><![CDATA[Errors]]></text>
                                      </contents>
                                      <attributes />
                                    </marker>
                                    <text><![CDATA[: ]]></text>
                                    <marker class="ExceptionPropertyValue">
                                      <contents>
                                        <text><![CDATA[System.Data.SqlClient.SqlErrorCollection]]></text>
                                      </contents>
                                      <attributes />
                                    </marker>
                                    <text><![CDATA[
]]></text>
                                    <marker class="ExceptionPropertyName">
                                      <contents>
                                        <text><![CDATA[Class]]></text>
                                      </contents>
                                      <attributes />
                                    </marker>
                                    <text><![CDATA[: ]]></text>
                                    <marker class="ExceptionPropertyValue">
                                      <contents>
                                        <text><![CDATA[15]]></text>
                                      </contents>
                                      <attributes />
                                    </marker>
                                    <text><![CDATA[
]]></text>
                                    <marker class="ExceptionPropertyName">
                                      <contents>
                                        <text><![CDATA[LineNumber]]></text>
                                      </contents>
                                      <attributes />
                                    </marker>
                                    <text><![CDATA[: ]]></text>
                                    <marker class="ExceptionPropertyValue">
                                      <contents>
                                        <text><![CDATA[1]]></text>
                                      </contents>
                                      <attributes />
                                    </marker>
                                    <text><![CDATA[
]]></text>
                                    <marker class="ExceptionPropertyName">
                                      <contents>
                                        <text><![CDATA[Number]]></text>
                                      </contents>
                                      <attributes />
                                    </marker>
                                    <text><![CDATA[: ]]></text>
                                    <marker class="ExceptionPropertyValue">
                                      <contents>
                                        <text><![CDATA[156]]></text>
                                      </contents>
                                      <attributes />
                                    </marker>
                                    <text><![CDATA[
]]></text>
                                    <marker class="ExceptionPropertyName">
                                      <contents>
                                        <text><![CDATA[Procedure]]></text>
                                      </contents>
                                      <attributes />
                                    </marker>
                                    <text><![CDATA[: ]]></text>
                                    <marker class="ExceptionPropertyValue">
                                      <contents />
                                      <attributes />
                                    </marker>
                                    <text><![CDATA[
]]></text>
                                    <marker class="ExceptionPropertyName">
                                      <contents>
                                        <text><![CDATA[Server]]></text>
                                      </contents>
                                      <attributes />
                                    </marker>
                                    <text><![CDATA[: ]]></text>
                                    <marker class="ExceptionPropertyValue">
                                      <contents>
                                        <text><![CDATA[ANAXIMANDER\SQLEXPRESS]]></text>
                                      </contents>
                                      <attributes />
                                    </marker>
                                    <text><![CDATA[
]]></text>
                                    <marker class="ExceptionPropertyName">
                                      <contents>
                                        <text><![CDATA[State]]></text>
                                      </contents>
                                      <attributes />
                                    </marker>
                                    <text><![CDATA[: ]]></text>
                                    <marker class="ExceptionPropertyValue">
                                      <contents>
                                        <text><![CDATA[1]]></text>
                                      </contents>
                                      <attributes />
                                    </marker>
                                    <text><![CDATA[
]]></text>
                                    <marker class="ExceptionPropertyName">
                                      <contents>
                                        <text><![CDATA[ErrorCode]]></text>
                                      </contents>
                                      <attributes />
                                    </marker>
                                    <text><![CDATA[: ]]></text>
                                    <marker class="ExceptionPropertyValue">
                                      <contents>
                                        <text><![CDATA[-2146232060]]></text>
                                      </contents>
                                      <attributes />
                                    </marker>
                                    <text><![CDATA[
]]></text>
                                    <marker class="StackTrace">
                                      <contents>
                                        <text><![CDATA[   at System.Data.SqlClient.SqlConnection.OnError(SqlException exception, Boolean breakConnection)
   at System.Data.SqlClient.SqlInternalConnection.OnError(SqlException exception, Boolean breakConnection)
   at System.Data.SqlClient.TdsParser.ThrowExceptionAndWarning(TdsParserStateObject stateObj)
   at System.Data.SqlClient.TdsParser.Run(RunBehavior runBehavior, SqlCommand cmdHandler, SqlDataReader dataStream, BulkCopySimpleResultSet bulkCopyHandler, TdsParserStateObject stateObj)
   at System.Data.SqlClient.SqlDataReader.ConsumeMetaData()
   at System.Data.SqlClient.SqlDataReader.get_MetaData()
   at System.Data.SqlClient.SqlCommand.FinishExecuteReader(SqlDataReader ds, RunBehavior runBehavior, String resetOptionsString)
   at System.Data.SqlClient.SqlCommand.RunExecuteReaderTds(CommandBehavior cmdBehavior, RunBehavior runBehavior, Boolean returnStream, Boolean async)
   at System.Data.SqlClient.SqlCommand.RunExecuteReader(CommandBehavior cmdBehavior, RunBehavior runBehavior, Boolean returnStream, String method, DbAsyncResult result)
   at System.Data.SqlClient.SqlCommand.RunExecuteReader(CommandBehavior cmdBehavior, RunBehavior runBehavior, Boolean returnStream, String method)
   at System.Data.SqlClient.SqlCommand.ExecuteReader(CommandBehavior behavior, String method)
   at System.Data.SqlClient.SqlCommand.ExecuteReader(CommandBehavior behavior)
   at SubSonic.SqlDataProvider.GetReader(QueryCommand qry) in ]]></text>
                                        <marker class="CodeLocation">
                                          <contents>
                                            <text><![CDATA[C:\data\SubsonicRoot\ss2\SubSonic\DataProviders\SqlDataProvider.cs:line 384]]></text>
                                          </contents>
                                          <attributes>
                                            <attribute name="line" value="384" />
                                            <attribute name="path" value="C:\data\SubsonicRoot\ss2\SubSonic\DataProviders\SqlDataProvider.cs" />
                                          </attributes>
                                        </marker>
                                        <text><![CDATA[
   at SubSonic.DataService.GetReader(QueryCommand cmd) in ]]></text>
                                        <marker class="CodeLocation">
                                          <contents>
                                            <text><![CDATA[C:\data\SubsonicRoot\ss2\SubSonic\DataProviders\DataService.cs:line 506]]></text>
                                          </contents>
                                          <attributes>
                                            <attribute name="line" value="506" />
                                            <attribute name="path" value="C:\data\SubsonicRoot\ss2\SubSonic\DataProviders\DataService.cs" />
                                          </attributes>
                                        </marker>
                                        <text><![CDATA[
   at SubSonic.Query.ExecuteReader() in ]]></text>
                                        <marker class="CodeLocation">
                                          <contents>
                                            <text><![CDATA[C:\data\SubsonicRoot\ss2\SubSonic\Sql Tools\Query.cs:line 1814]]></text>
                                          </contents>
                                          <attributes>
                                            <attribute name="line" value="1814" />
                                            <attribute name="path" value="C:\data\SubsonicRoot\ss2\SubSonic\Sql Tools\Query.cs" />
                                          </attributes>
                                        </marker>
                                        <text><![CDATA[
   at SubSonic.ReadOnlyRecord`1.LoadByKey(Object keyID) in ]]></text>
                                        <marker class="CodeLocation">
                                          <contents>
                                            <text><![CDATA[C:\data\SubsonicRoot\ss2\SubSonic\ActiveRecord\ReadOnlyRecord.cs:line 72]]></text>
                                          </contents>
                                          <attributes>
                                            <attribute name="line" value="72" />
                                            <attribute name="path" value="C:\data\SubsonicRoot\ss2\SubSonic\ActiveRecord\ReadOnlyRecord.cs" />
                                          </attributes>
                                        </marker>
                                        <text><![CDATA[
   at Northwind.Product..ctor(Object keyID) in ]]></text>
                                        <marker class="CodeLocation">
                                          <contents>
                                            <text><![CDATA[C:\data\SubsonicRoot\ss2\SubSonic.Tests\Generated\Northwind\Product.cs:line 93]]></text>
                                          </contents>
                                          <attributes>
                                            <attribute name="line" value="93" />
                                            <attribute name="path" value="C:\data\SubsonicRoot\ss2\SubSonic.Tests\Generated\Northwind\Product.cs" />
                                          </attributes>
                                        </marker>
                                        <text><![CDATA[
   at SubSonic.Tests.SqlQuery.SelectTests.Saving_String_Property_With_StringValue_Null_Results_In_NullValue_In_DB() in ]]></text>
                                        <marker class="CodeLocation">
                                          <contents>
                                            <text><![CDATA[C:\data\SubsonicRoot\ss2\SubSonic.Tests\SqlQuery\SelectTests.cs:line 861]]></text>
                                          </contents>
                                          <attributes>
                                            <attribute name="line" value="861" />
                                            <attribute name="path" value="C:\data\SubsonicRoot\ss2\SubSonic.Tests\SqlQuery\SelectTests.cs" />
                                          </attributes>
                                        </marker>
                                      </contents>
                                      <attributes />
                                    </marker>
                                  </contents>
                                  <attributes />
                                </marker>
                              </contents>
                            </section>
                          </contents>
                        </body>
                      </stream>
                    </streams>
                    <attachments />
                  </testLog>
                </testStepRun>
                <testStepRun startTime="2011-08-05T15:48:47.7587205+09:30" endTime="2011-08-05T15:48:47.7743455+09:30">
                  <testStep id="885363bc508bb401" name="Select_Paged_Can_Covert_To_SqlQuery" fullName="SubSonic.Tests/SelectTests/Select_Paged_Can_Covert_To_SqlQuery" testId="9d6793bdba7ca3f4" isPrimary="true" isTestCase="true" isDynamic="false">
                    <codeReference assembly="SubSonic.Tests, Version=2.2.1.0, Culture=neutral, PublicKeyToken=null" namespace="SubSonic.Tests.SqlQuery" type="SubSonic.Tests.SqlQuery.SelectTests" member="Select_Paged_Can_Covert_To_SqlQuery" />
                    <codeLocation path="C:\data\SubsonicRoot\ss2\SubSonic.Tests\SqlQuery\SelectTests.cs" line="829" />
                    <metadata>
                      <entry key="TestKind">
                        <value>Test</value>
                      </entry>
                    </metadata>
                  </testStep>
                  <children />
                  <result assertCount="1" duration="0.029601699999999998">
                    <outcome status="passed" />
                  </result>
                  <testLog>
                    <streams />
                    <attachments />
                  </testLog>
                </testStepRun>
                <testStepRun startTime="2011-08-05T15:48:47.7743455+09:30" endTime="2011-08-05T15:48:47.7743455+09:30">
                  <testStep id="83def7d47398369a" name="Select_Should_Work_With_SameColumn_Joins_UsingQualifiedColumns" fullName="SubSonic.Tests/SelectTests/Select_Should_Work_With_SameColumn_Joins_UsingQualifiedColumns" testId="6d2dfb81d1d8eb09" isPrimary="true" isTestCase="true" isDynamic="false">
                    <codeReference assembly="SubSonic.Tests, Version=2.2.1.0, Culture=neutral, PublicKeyToken=null" namespace="SubSonic.Tests.SqlQuery" type="SubSonic.Tests.SqlQuery.SelectTests" member="Select_Should_Work_With_SameColumn_Joins_UsingQualifiedColumns" />
                    <codeLocation path="C:\data\SubsonicRoot\ss2\SubSonic.Tests\SqlQuery\SelectTests.cs" line="662" />
                    <metadata>
                      <entry key="TestKind">
                        <value>Test</value>
                      </entry>
                    </metadata>
                  </testStep>
                  <children />
                  <result assertCount="1" duration="0.0057262">
                    <outcome status="passed" />
                  </result>
                  <testLog>
                    <streams />
                    <attachments />
                  </testLog>
                </testStepRun>
                <testStepRun startTime="2011-08-05T15:48:47.7743455+09:30" endTime="2011-08-05T15:48:47.7899705+09:30">
                  <testStep id="3101ff0538e57050" name="Select_Using_Contains_Ch_ShouldReturn_14_Records" fullName="SubSonic.Tests/SelectTests/Select_Using_Contains_Ch_ShouldReturn_14_Records" testId="dfe54cb0dd5f98a6" isPrimary="true" isTestCase="true" isDynamic="false">
                    <codeReference assembly="SubSonic.Tests, Version=2.2.1.0, Culture=neutral, PublicKeyToken=null" namespace="SubSonic.Tests.SqlQuery" type="SubSonic.Tests.SqlQuery.SelectTests" member="Select_Using_Contains_Ch_ShouldReturn_14_Records" />
                    <codeLocation path="C:\data\SubsonicRoot\ss2\SubSonic.Tests\SqlQuery\SelectTests.cs" line="695" />
                    <metadata>
                      <entry key="TestKind">
                        <value>Test</value>
                      </entry>
                    </metadata>
                  </testStep>
                  <children />
                  <result assertCount="1" duration="0.009063">
                    <outcome status="passed" />
                  </result>
                  <testLog>
                    <streams />
                    <attachments />
                  </testLog>
                </testStepRun>
                <testStepRun startTime="2011-08-05T15:48:47.7899705+09:30" endTime="2011-08-05T15:48:47.7899705+09:30">
                  <testStep id="85ba8c8b41959c9" name="Select_Using_EndsWith_S_ShouldReturn_9_Records" fullName="SubSonic.Tests/SelectTests/Select_Using_EndsWith_S_ShouldReturn_9_Records" testId="673af2a86975950a" isPrimary="true" isTestCase="true" isDynamic="false">
                    <codeReference assembly="SubSonic.Tests, Version=2.2.1.0, Culture=neutral, PublicKeyToken=null" namespace="SubSonic.Tests.SqlQuery" type="SubSonic.Tests.SqlQuery.SelectTests" member="Select_Using_EndsWith_S_ShouldReturn_9_Records" />
                    <codeLocation path="C:\data\SubsonicRoot\ss2\SubSonic.Tests\SqlQuery\SelectTests.cs" line="685" />
                    <metadata>
                      <entry key="TestKind">
                        <value>Test</value>
                      </entry>
                    </metadata>
                  </testStep>
                  <children />
                  <result assertCount="1" duration="0.014588299999999999">
                    <outcome status="passed" />
                  </result>
                  <testLog>
                    <streams />
                    <attachments />
                  </testLog>
                </testStepRun>
                <testStepRun startTime="2011-08-05T15:48:47.7899705+09:30" endTime="2011-08-05T15:48:47.8055955+09:30">
                  <testStep id="c639d7fe86a247d2" name="Select_Using_StartsWith_C_ShouldReturn_9_Records" fullName="SubSonic.Tests/SelectTests/Select_Using_StartsWith_C_ShouldReturn_9_Records" testId="4823b2bae76ef92c" isPrimary="true" isTestCase="true" isDynamic="false">
                    <codeReference assembly="SubSonic.Tests, Version=2.2.1.0, Culture=neutral, PublicKeyToken=null" namespace="SubSonic.Tests.SqlQuery" type="SubSonic.Tests.SqlQuery.SelectTests" member="Select_Using_StartsWith_C_ShouldReturn_9_Records" />
                    <codeLocation path="C:\data\SubsonicRoot\ss2\SubSonic.Tests\SqlQuery\SelectTests.cs" line="676" />
                    <metadata>
                      <entry key="TestKind">
                        <value>Test</value>
                      </entry>
                    </metadata>
                  </testStep>
                  <children />
                  <result assertCount="1" duration="0.0046629">
                    <outcome status="passed" />
                  </result>
                  <testLog>
                    <streams />
                    <attachments />
                  </testLog>
                </testStepRun>
                <testStepRun startTime="2011-08-05T15:48:47.8055955+09:30" endTime="2011-08-05T15:48:47.8212205+09:30">
                  <testStep id="2d35241b098cca02" name="Select_With_ExecuteTypedList_Should_Work_With_List_of_Guid" fullName="SubSonic.Tests/SelectTests/Select_With_ExecuteTypedList_Should_Work_With_List_of_Guid" testId="6882be85ac64b75c" isPrimary="true" isTestCase="true" isDynamic="false">
                    <codeReference assembly="SubSonic.Tests, Version=2.2.1.0, Culture=neutral, PublicKeyToken=null" namespace="SubSonic.Tests.SqlQuery" type="SubSonic.Tests.SqlQuery.SelectTests" member="Select_With_ExecuteTypedList_Should_Work_With_List_of_Guid" />
                    <codeLocation path="C:\data\SubsonicRoot\ss2\SubSonic.Tests\SqlQuery\SelectTests.cs" line="849" />
                    <metadata>
                      <entry key="TestKind">
                        <value>Test</value>
                      </entry>
                    </metadata>
                  </testStep>
                  <children />
                  <result assertCount="1" duration="0.0130455">
                    <outcome status="passed" />
                  </result>
                  <testLog>
                    <streams />
                    <attachments />
                  </testLog>
                </testStepRun>
                <testStepRun startTime="2011-08-05T15:48:47.8212205+09:30" endTime="2011-08-05T15:48:47.8212205+09:30">
                  <testStep id="fb159eae1bdcf3d6" name="SelectAllColumns_With_WhereExpression_And_QualifiedColumn_Formats_Where_Correctly" fullName="SubSonic.Tests/SelectTests/SelectAllColumns_With_WhereExpression_And_QualifiedColumn_Formats_Where_Correctly" testId="aaf55d8ecf4a3aca" isPrimary="true" isTestCase="true" isDynamic="false">
                    <codeReference assembly="SubSonic.Tests, Version=2.2.1.0, Culture=neutral, PublicKeyToken=null" namespace="SubSonic.Tests.SqlQuery" type="SubSonic.Tests.SqlQuery.SelectTests" member="SelectAllColumns_With_WhereExpression_And_QualifiedColumn_Formats_Where_Correctly" />
                    <codeLocation path="C:\data\SubsonicRoot\ss2\SubSonic.Tests\SqlQuery\SelectTests.cs" line="807" />
                    <metadata>
                      <entry key="TestKind">
                        <value>Test</value>
                      </entry>
                    </metadata>
                  </testStep>
                  <children />
                  <result assertCount="1" duration="0.0027760999999999997">
                    <outcome status="passed" />
                  </result>
                  <testLog>
                    <streams />
                    <attachments />
                  </testLog>
                </testStepRun>
                <testStepRun startTime="2011-08-05T15:48:47.8212205+09:30" endTime="2011-08-05T15:48:47.8368455+09:30">
                  <testStep id="ec2710aea891d52d" name="SelectAllColumns_With_WhereExpression_And_QualifiedColumn_Formats_Where_Correctly_And_Executes" fullName="SubSonic.Tests/SelectTests/SelectAllColumns_With_WhereExpression_And_QualifiedColumn_Formats_Where_Correctly_And_Executes" testId="4aa38a4c4fdd36a4" isPrimary="true" isTestCase="true" isDynamic="false">
                    <codeReference assembly="SubSonic.Tests, Version=2.2.1.0, Culture=neutral, PublicKeyToken=null" namespace="SubSonic.Tests.SqlQuery" type="SubSonic.Tests.SqlQuery.SelectTests" member="SelectAllColumns_With_WhereExpression_And_QualifiedColumn_Formats_Where_Correctly_And_Executes" />
                    <codeLocation path="C:\data\SubsonicRoot\ss2\SubSonic.Tests\SqlQuery\SelectTests.cs" line="818" />
                    <metadata>
                      <entry key="TestKind">
                        <value>Test</value>
                      </entry>
                    </metadata>
                  </testStep>
                  <children />
                  <result assertCount="1" duration="0.0044034999999999994">
                    <outcome status="passed" />
                  </result>
                  <testLog>
                    <streams />
                    <attachments />
                  </testLog>
                </testStepRun>
                <testStepRun startTime="2011-08-05T15:48:47.8368455+09:30" endTime="2011-08-05T15:48:47.8524705+09:30">
                  <testStep id="9774fb58a1712e0b" name="SqlQuery_Can_Compare_Columns" fullName="SubSonic.Tests/SelectTests/SqlQuery_Can_Compare_Columns" testId="2df05ec3dee511f9" isPrimary="true" isTestCase="true" isDynamic="false">
                    <codeReference assembly="SubSonic.Tests, Version=2.2.1.0, Culture=neutral, PublicKeyToken=null" namespace="SubSonic.Tests.SqlQuery" type="SubSonic.Tests.SqlQuery.SelectTests" member="SqlQuery_Can_Compare_Columns" />
                    <codeLocation path="C:\data\SubsonicRoot\ss2\SubSonic.Tests\SqlQuery\SelectTests.cs" line="763" />
                    <metadata>
                      <entry key="TestKind">
                        <value>Test</value>
                      </entry>
                    </metadata>
                  </testStep>
                  <children />
                  <result assertCount="0" duration="0.0023684">
                    <outcome status="passed" />
                  </result>
                  <testLog>
                    <streams />
                    <attachments />
                  </testLog>
                </testStepRun>
                <testStepRun startTime="2011-08-05T15:48:47.8524705+09:30" endTime="2011-08-05T15:48:47.8524705+09:30">
                  <testStep id="1710c7774e4dc6a6" name="SqlQuery_GetRecordCount_should_handle_distinct" fullName="SubSonic.Tests/SelectTests/SqlQuery_GetRecordCount_should_handle_distinct" testId="dcd2987f84048384" isPrimary="true" isTestCase="true" isDynamic="false">
                    <codeReference assembly="SubSonic.Tests, Version=2.2.1.0, Culture=neutral, PublicKeyToken=null" namespace="SubSonic.Tests.SqlQuery" type="SubSonic.Tests.SqlQuery.SelectTests" member="SqlQuery_GetRecordCount_should_handle_distinct" />
                    <codeLocation path="C:\data\SubsonicRoot\ss2\SubSonic.Tests\SqlQuery\SelectTests.cs" line="756" />
                    <metadata>
                      <entry key="TestKind">
                        <value>Test</value>
                      </entry>
                    </metadata>
                  </testStep>
                  <children />
                  <result assertCount="1" duration="0.012159">
                    <outcome status="passed" />
                  </result>
                  <testLog>
                    <streams />
                    <attachments />
                  </testLog>
                </testStepRun>
                <testStepRun startTime="2011-08-05T15:48:47.8524705+09:30" endTime="2011-08-05T15:48:47.8680955+09:30">
                  <testStep id="a37a78c5f57ed219" name="SqlQuery_should_handle_distinct" fullName="SubSonic.Tests/SelectTests/SqlQuery_should_handle_distinct" testId="7f9d77cad15d8604" isPrimary="true" isTestCase="true" isDynamic="false">
                    <codeReference assembly="SubSonic.Tests, Version=2.2.1.0, Culture=neutral, PublicKeyToken=null" namespace="SubSonic.Tests.SqlQuery" type="SubSonic.Tests.SqlQuery.SelectTests" member="SqlQuery_should_handle_distinct" />
                    <codeLocation path="C:\data\SubsonicRoot\ss2\SubSonic.Tests\SqlQuery\SelectTests.cs" line="742" />
                    <metadata>
                      <entry key="TestKind">
                        <value>Test</value>
                      </entry>
                    </metadata>
                  </testStep>
                  <children />
                  <result assertCount="1" duration="0.049996399999999996">
                    <outcome status="passed" />
                  </result>
                  <testLog>
                    <streams />
                    <attachments />
                  </testLog>
                </testStepRun>
                <testStepRun startTime="2011-08-05T15:48:47.8680955+09:30" endTime="2011-08-05T15:48:47.8680955+09:30">
                  <testStep id="edd10951d9cc8887" name="SqlQuery_when_setting_distinct_it_should_set_IsDistinct" fullName="SubSonic.Tests/SelectTests/SqlQuery_when_setting_distinct_it_should_set_IsDistinct" testId="7f5df6eba006a3b0" isPrimary="true" isTestCase="true" isDynamic="false">
                    <codeReference assembly="SubSonic.Tests, Version=2.2.1.0, Culture=neutral, PublicKeyToken=null" namespace="SubSonic.Tests.SqlQuery" type="SubSonic.Tests.SqlQuery.SelectTests" member="SqlQuery_when_setting_distinct_it_should_set_IsDistinct" />
                    <codeLocation path="C:\data\SubsonicRoot\ss2\SubSonic.Tests\SqlQuery\SelectTests.cs" line="735" />
                    <metadata>
                      <entry key="TestKind">
                        <value>Test</value>
                      </entry>
                    </metadata>
                  </testStep>
                  <children />
                  <result assertCount="1" duration="0.0019787">
                    <outcome status="passed" />
                  </result>
                  <testLog>
                    <streams />
                    <attachments />
                  </testLog>
                </testStepRun>
                <testStepRun startTime="2011-08-05T15:48:47.8680955+09:30" endTime="2011-08-05T15:48:47.8837205+09:30">
                  <testStep id="70ff08775b81d92e" name="StoredProc_TypedList" fullName="SubSonic.Tests/SelectTests/StoredProc_TypedList" testId="56c2ce08c5f5f680" isPrimary="true" isTestCase="true" isDynamic="false">
                    <codeReference assembly="SubSonic.Tests, Version=2.2.1.0, Culture=neutral, PublicKeyToken=null" namespace="SubSonic.Tests.SqlQuery" type="SubSonic.Tests.SqlQuery.SelectTests" member="StoredProc_TypedList" />
                    <codeLocation path="C:\data\SubsonicRoot\ss2\SubSonic.Tests\SqlQuery\SelectTests.cs" line="653" />
                    <metadata>
                      <entry key="TestKind">
                        <value>Test</value>
                      </entry>
                    </metadata>
                  </testStep>
                  <children />
                  <result assertCount="1" duration="0.0659048">
                    <outcome status="passed" />
                  </result>
                  <testLog>
                    <streams />
                    <attachments />
                  </testLog>
                </testStepRun>
              </children>
              <result assertCount="62" duration="1.744656">
                <outcome status="failed" />
              </result>
              <testLog>
                <streams />
                <attachments />
              </testLog>
            </testStepRun>
            <testStepRun startTime="2011-08-05T15:48:47.8837205+09:30" endTime="2011-08-05T15:48:48.0868455+09:30">
              <testStep id="6803688bf4349252" name="SPs" fullName="SubSonic.Tests/SPs" testId="88947b5ff026bc84" isPrimary="true" isTestCase="false" isDynamic="false">
                <codeReference assembly="SubSonic.Tests, Version=2.2.1.0, Culture=neutral, PublicKeyToken=null" namespace="SubSonic.Tests" type="SubSonic.Tests.SPs" />
                <codeLocation path="C:\data\SubsonicRoot\ss2\SubSonic.Tests\SPs.cs" />
                <metadata>
                  <entry key="TestKind">
                    <value>Fixture</value>
                  </entry>
                </metadata>
              </testStep>
              <children>
                <testStepRun startTime="2011-08-05T15:48:47.8837205+09:30" endTime="2011-08-05T15:48:47.8993455+09:30">
                  <testStep id="917c5e2e44b72d38" name="SP_Can_Execute_JSON_Result" fullName="SubSonic.Tests/SPs/SP_Can_Execute_JSON_Result" testId="7ac2a8ddcd10c009" isPrimary="true" isTestCase="true" isDynamic="false">
                    <codeReference assembly="SubSonic.Tests, Version=2.2.1.0, Culture=neutral, PublicKeyToken=null" namespace="SubSonic.Tests" type="SubSonic.Tests.SPs" member="SP_Can_Execute_JSON_Result" />
                    <codeLocation path="C:\data\SubsonicRoot\ss2\SubSonic.Tests\SPs.cs" line="229" />
                    <metadata>
                      <entry key="TestKind">
                        <value>Test</value>
                      </entry>
                    </metadata>
                  </testStep>
                  <children />
                  <result assertCount="1" duration="0.13434079999999998">
                    <outcome status="passed" />
                  </result>
                  <testLog>
                    <streams />
                    <attachments />
                  </testLog>
                </testStepRun>
                <testStepRun startTime="2011-08-05T15:48:47.8993455+09:30" endTime="2011-08-05T15:48:47.9149705+09:30">
                  <testStep id="c956fa4a408ea7a9" name="SP_CustOrderHist_Should_Have_Qualified_CommandSQL" fullName="SubSonic.Tests/SPs/SP_CustOrderHist_Should_Have_Qualified_CommandSQL" testId="af9eeab672e34f3c" isPrimary="true" isTestCase="true" isDynamic="false">
                    <codeReference assembly="SubSonic.Tests, Version=2.2.1.0, Culture=neutral, PublicKeyToken=null" namespace="SubSonic.Tests" type="SubSonic.Tests.SPs" member="SP_CustOrderHist_Should_Have_Qualified_CommandSQL" />
                    <codeLocation path="C:\data\SubsonicRoot\ss2\SubSonic.Tests\SPs.cs" line="73" />
                    <metadata>
                      <entry key="TestKind">
                        <value>Test</value>
                      </entry>
                    </metadata>
                  </testStep>
                  <children />
                  <result assertCount="1" duration="0.008158799999999999">
                    <outcome status="passed" />
                  </result>
                  <testLog>
                    <streams />
                    <attachments />
                  </testLog>
                </testStepRun>
                <testStepRun startTime="2011-08-05T15:48:47.9149705+09:30" endTime="2011-08-05T15:48:47.9305955+09:30">
                  <testStep id="d492c8e1b10609ac" name="SP_CustOrderHist_Should_Have_QualifiedName" fullName="SubSonic.Tests/SPs/SP_CustOrderHist_Should_Have_QualifiedName" testId="a9c9721192e7a74d" isPrimary="true" isTestCase="true" isDynamic="false">
                    <codeReference assembly="SubSonic.Tests, Version=2.2.1.0, Culture=neutral, PublicKeyToken=null" namespace="SubSonic.Tests" type="SubSonic.Tests.SPs" member="SP_CustOrderHist_Should_Have_QualifiedName" />
                    <codeLocation path="C:\data\SubsonicRoot\ss2\SubSonic.Tests\SPs.cs" line="65" />
                    <metadata>
                      <entry key="TestKind">
                        <value>Test</value>
                      </entry>
                    </metadata>
                  </testStep>
                  <children />
                  <result assertCount="1" duration="0.021738999999999998">
                    <outcome status="passed" />
                  </result>
                  <testLog>
                    <streams />
                    <attachments />
                  </testLog>
                </testStepRun>
                <testStepRun startTime="2011-08-05T15:48:47.9305955+09:30" endTime="2011-08-05T15:48:47.9305955+09:30">
                  <testStep id="ecbcd45b1eca5de8" name="SP_CustOrderHist_TypedSP_Should_Have_Qualified_CommandSQL" fullName="SubSonic.Tests/SPs/SP_CustOrderHist_TypedSP_Should_Have_Qualified_CommandSQL" testId="a907c2ba9df3f9ba" isPrimary="true" isTestCase="true" isDynamic="false">
                    <codeReference assembly="SubSonic.Tests, Version=2.2.1.0, Culture=neutral, PublicKeyToken=null" namespace="SubSonic.Tests" type="SubSonic.Tests.SPs" member="SP_CustOrderHist_TypedSP_Should_Have_Qualified_CommandSQL" />
                    <codeLocation path="C:\data\SubsonicRoot\ss2\SubSonic.Tests\SPs.cs" line="81" />
                    <metadata>
                      <entry key="TestKind">
                        <value>Test</value>
                      </entry>
                    </metadata>
                  </testStep>
                  <children />
                  <result assertCount="1" duration="0.0028336">
                    <outcome status="passed" />
                  </result>
                  <testLog>
                    <streams />
                    <attachments />
                  </testLog>
                </testStepRun>
                <testStepRun startTime="2011-08-05T15:48:47.9305955+09:30" endTime="2011-08-05T15:48:47.9462205+09:30">
                  <testStep id="3c71b47283cfa026" name="SP_DSTest" fullName="SubSonic.Tests/SPs/SP_DSTest" testId="7160661ba5b4f87" isPrimary="true" isTestCase="true" isDynamic="false">
                    <codeReference assembly="SubSonic.Tests, Version=2.2.1.0, Culture=neutral, PublicKeyToken=null" namespace="SubSonic.Tests" type="SubSonic.Tests.SPs" member="SP_DSTest" />
                    <codeLocation path="C:\data\SubsonicRoot\ss2\SubSonic.Tests\SPs.cs" line="126" />
                    <metadata>
                      <entry key="TestKind">
                        <value>Test</value>
                      </entry>
                    </metadata>
                  </testStep>
                  <children />
                  <result assertCount="1" duration="0.0065268">
                    <outcome status="passed" />
                  </result>
                  <testLog>
                    <streams />
                    <attachments />
                  </testLog>
                </testStepRun>
                <testStepRun startTime="2011-08-05T15:48:47.9462205+09:30" endTime="2011-08-05T15:48:47.9462205+09:30">
                  <testStep id="1ac4973526fcf604" name="SP_Outputs" fullName="SubSonic.Tests/SPs/SP_Outputs" testId="8a3e7cfbf064fdcd" isPrimary="true" isTestCase="true" isDynamic="false">
                    <codeReference assembly="SubSonic.Tests, Version=2.2.1.0, Culture=neutral, PublicKeyToken=null" namespace="SubSonic.Tests" type="SubSonic.Tests.SPs" member="SP_Outputs" />
                    <codeLocation path="C:\data\SubsonicRoot\ss2\SubSonic.Tests\SPs.cs" line="140" />
                    <metadata>
                      <entry key="TestKind">
                        <value>Test</value>
                      </entry>
                    </metadata>
                  </testStep>
                  <children />
                  <result assertCount="2" duration="0.011847499999999999">
                    <outcome status="passed" />
                  </result>
                  <testLog>
                    <streams />
                    <attachments />
                  </testLog>
                </testStepRun>
                <testStepRun startTime="2011-08-05T15:48:47.9462205+09:30" endTime="2011-08-05T15:48:47.9930955+09:30">
                  <testStep id="43d06c7bfa184af" name="SP_Outputs_DefaultProvider" fullName="SubSonic.Tests/SPs/SP_Outputs_DefaultProvider" testId="54b385f985ea3ada" isPrimary="true" isTestCase="true" isDynamic="false">
                    <codeReference assembly="SubSonic.Tests, Version=2.2.1.0, Culture=neutral, PublicKeyToken=null" namespace="SubSonic.Tests" type="SubSonic.Tests.SPs" member="SP_Outputs_DefaultProvider" />
                    <codeLocation path="C:\data\SubsonicRoot\ss2\SubSonic.Tests\SPs.cs" line="160" />
                    <metadata>
                      <entry key="TestKind">
                        <value>Test</value>
                      </entry>
                    </metadata>
                  </testStep>
                  <children />
                  <result assertCount="2" duration="0.0044123999999999995">
                    <outcome status="passed" />
                  </result>
                  <testLog>
                    <streams />
                    <attachments />
                  </testLog>
                </testStepRun>
                <testStepRun startTime="2011-08-05T15:48:47.9930955+09:30" endTime="2011-08-05T15:48:48.0087205+09:30">
                  <testStep id="b3a0c3e3c8c8f58c" name="SP_QuickDataSet" fullName="SubSonic.Tests/SPs/SP_QuickDataSet" testId="85f475848b5528df" isPrimary="true" isTestCase="true" isDynamic="false">
                    <codeReference assembly="SubSonic.Tests, Version=2.2.1.0, Culture=neutral, PublicKeyToken=null" namespace="SubSonic.Tests" type="SubSonic.Tests.SPs" member="SP_QuickDataSet" />
                    <codeLocation path="C:\data\SubsonicRoot\ss2\SubSonic.Tests\SPs.cs" line="197" />
                    <metadata>
                      <entry key="TestKind">
                        <value>Test</value>
                      </entry>
                    </metadata>
                  </testStep>
                  <children />
                  <result assertCount="1" duration="0.0334757">
                    <outcome status="passed" />
                  </result>
                  <testLog>
                    <streams />
                    <attachments />
                  </testLog>
                </testStepRun>
                <testStepRun startTime="2011-08-05T15:48:48.0087205+09:30" endTime="2011-08-05T15:48:48.0243455+09:30">
                  <testStep id="89b66c98df518ac6" name="SP_QuickReader" fullName="SubSonic.Tests/SPs/SP_QuickReader" testId="433e79030503e791" isPrimary="true" isTestCase="true" isDynamic="false">
                    <codeReference assembly="SubSonic.Tests, Version=2.2.1.0, Culture=neutral, PublicKeyToken=null" namespace="SubSonic.Tests" type="SubSonic.Tests.SPs" member="SP_QuickReader" />
                    <codeLocation path="C:\data\SubsonicRoot\ss2\SubSonic.Tests\SPs.cs" line="180" />
                    <metadata>
                      <entry key="TestKind">
                        <value>Test</value>
                      </entry>
                    </metadata>
                  </testStep>
                  <children />
                  <result assertCount="1" duration="0.0602951">
                    <outcome status="passed" />
                  </result>
                  <testLog>
                    <streams />
                    <attachments />
                  </testLog>
                </testStepRun>
                <testStepRun startTime="2011-08-05T15:48:48.0243455+09:30" endTime="2011-08-05T15:48:48.0243455+09:30">
                  <testStep id="2ccf7ded6b8c1338" name="SP_ReaderTest" fullName="SubSonic.Tests/SPs/SP_ReaderTest" testId="e282a136067cd032" isPrimary="true" isTestCase="true" isDynamic="false">
                    <codeReference assembly="SubSonic.Tests, Version=2.2.1.0, Culture=neutral, PublicKeyToken=null" namespace="SubSonic.Tests" type="SubSonic.Tests.SPs" member="SP_ReaderTest" />
                    <codeLocation path="C:\data\SubsonicRoot\ss2\SubSonic.Tests\SPs.cs" line="92" />
                    <metadata>
                      <entry key="TestKind">
                        <value>Test</value>
                      </entry>
                    </metadata>
                  </testStep>
                  <children />
                  <result assertCount="1" duration="0.0143524">
                    <outcome status="passed" />
                  </result>
                  <testLog>
                    <streams />
                    <attachments />
                  </testLog>
                </testStepRun>
                <testStepRun startTime="2011-08-05T15:48:48.0243455+09:30" endTime="2011-08-05T15:48:48.0399705+09:30">
                  <testStep id="813acee163e1f48a" name="SP_ScalarTest" fullName="SubSonic.Tests/SPs/SP_ScalarTest" testId="c0e0813a8e24c5af" isPrimary="true" isTestCase="true" isDynamic="false">
                    <codeReference assembly="SubSonic.Tests, Version=2.2.1.0, Culture=neutral, PublicKeyToken=null" namespace="SubSonic.Tests" type="SubSonic.Tests.SPs" member="SP_ScalarTest" />
                    <codeLocation path="C:\data\SubsonicRoot\ss2\SubSonic.Tests\SPs.cs" line="112" />
                    <metadata>
                      <entry key="TestKind">
                        <value>Test</value>
                      </entry>
                    </metadata>
                  </testStep>
                  <children />
                  <result assertCount="1" duration="0.0404736">
                    <outcome status="passed" />
                  </result>
                  <testLog>
                    <streams />
                    <attachments />
                  </testLog>
                </testStepRun>
                <testStepRun startTime="2011-08-05T15:48:48.0399705+09:30" endTime="2011-08-05T15:48:48.0399705+09:30">
                  <testStep id="33b786f099796b45" name="SP_Schema_Should_Load_10_SPs" fullName="SubSonic.Tests/SPs/SP_Schema_Should_Load_10_SPs" testId="2ad22264b70bd8d6" isPrimary="true" isTestCase="true" isDynamic="false">
                    <codeReference assembly="SubSonic.Tests, Version=2.2.1.0, Culture=neutral, PublicKeyToken=null" namespace="SubSonic.Tests" type="SubSonic.Tests.SPs" member="SP_Schema_Should_Load_10_SPs" />
                    <codeLocation path="C:\data\SubsonicRoot\ss2\SubSonic.Tests\SPs.cs" line="49" />
                    <metadata>
                      <entry key="TestKind">
                        <value>Test</value>
                      </entry>
                    </metadata>
                  </testStep>
                  <children />
                  <result assertCount="1" duration="0.0583121">
                    <outcome status="passed" />
                  </result>
                  <testLog>
                    <streams />
                    <attachments />
                  </testLog>
                </testStepRun>
                <testStepRun startTime="2011-08-05T15:48:48.0555955+09:30" endTime="2011-08-05T15:48:48.0555955+09:30">
                  <testStep id="433b8e33535e442a" name="SP_Schema_Should_Load_With_Schema_Name" fullName="SubSonic.Tests/SPs/SP_Schema_Should_Load_With_Schema_Name" testId="5a3b608b22e938aa" isPrimary="true" isTestCase="true" isDynamic="false">
                    <codeReference assembly="SubSonic.Tests, Version=2.2.1.0, Culture=neutral, PublicKeyToken=null" namespace="SubSonic.Tests" type="SubSonic.Tests.SPs" member="SP_Schema_Should_Load_With_Schema_Name" />
                    <codeLocation path="C:\data\SubsonicRoot\ss2\SubSonic.Tests\SPs.cs" line="57" />
                    <metadata>
                      <entry key="TestKind">
                        <value>Test</value>
                      </entry>
                    </metadata>
                  </testStep>
                  <children />
                  <result assertCount="1" duration="0.0231161">
                    <outcome status="passed" />
                  </result>
                  <testLog>
                    <streams />
                    <attachments />
                  </testLog>
                </testStepRun>
                <testStepRun startTime="2011-08-05T15:48:48.0555955+09:30" endTime="2011-08-05T15:48:48.0712205+09:30">
                  <testStep id="95e9f11a39e38fe7" name="SP_Should_Execute_Without_Parameter" fullName="SubSonic.Tests/SPs/SP_Should_Execute_Without_Parameter" testId="5ad8fc74df6a3527" isPrimary="true" isTestCase="true" isDynamic="false">
                    <codeReference assembly="SubSonic.Tests, Version=2.2.1.0, Culture=neutral, PublicKeyToken=null" namespace="SubSonic.Tests" type="SubSonic.Tests.SPs" member="SP_Should_Execute_Without_Parameter" />
                    <codeLocation path="C:\data\SubsonicRoot\ss2\SubSonic.Tests\SPs.cs" line="203" />
                    <metadata>
                      <entry key="TestKind">
                        <value>Test</value>
                      </entry>
                    </metadata>
                  </testStep>
                  <children />
                  <result assertCount="1" duration="0.0032627999999999997">
                    <outcome status="passed" />
                  </result>
                  <testLog>
                    <streams />
                    <attachments />
                  </testLog>
                </testStepRun>
                <testStepRun startTime="2011-08-05T15:48:48.0712205+09:30" endTime="2011-08-05T15:48:48.0868455+09:30">
                  <testStep id="7b8a5363dc0b23f3" name="SP_Should_Execute_Without_Parameter2" fullName="SubSonic.Tests/SPs/SP_Should_Execute_Without_Parameter2" testId="62cc4104c2c8176a" isPrimary="true" isTestCase="true" isDynamic="false">
                    <codeReference assembly="SubSonic.Tests, Version=2.2.1.0, Culture=neutral, PublicKeyToken=null" namespace="SubSonic.Tests" type="SubSonic.Tests.SPs" member="SP_Should_Execute_Without_Parameter2" />
                    <codeLocation path="C:\data\SubsonicRoot\ss2\SubSonic.Tests\SPs.cs" line="215" />
                    <metadata>
                      <entry key="TestKind">
                        <value>Test</value>
                      </entry>
                    </metadata>
                  </testStep>
                  <children />
                  <result assertCount="1" duration="0.036810999999999996">
                    <outcome status="passed" />
                  </result>
                  <testLog>
                    <streams />
                    <attachments />
                  </testLog>
                </testStepRun>
              </children>
              <result assertCount="17" duration="0.5170732">
                <outcome status="passed" />
              </result>
              <testLog>
                <streams />
                <attachments />
              </testLog>
            </testStepRun>
            <testStepRun startTime="2011-08-05T15:48:48.0868455+09:30" endTime="2011-08-05T15:48:48.3055955+09:30">
              <testStep id="2e6b65d4a5371904" name="SqlServerParserTests" fullName="SubSonic.Tests/SqlServerParserTests" testId="60b90858aa342229" isPrimary="true" isTestCase="false" isDynamic="false">
                <codeReference assembly="SubSonic.Tests, Version=2.2.1.0, Culture=neutral, PublicKeyToken=null" namespace="SubSonic.Tests.SqlQuery" type="SubSonic.Tests.SqlQuery.SqlServerParserTests" />
                <codeLocation path="C:\data\SubsonicRoot\ss2\SubSonic.Tests\SqlGenerators\SqlServerGeneratorTests.cs" />
                <metadata>
                  <entry key="TestKind">
                    <value>Fixture</value>
                  </entry>
                </metadata>
              </testStep>
              <children>
                <testStepRun startTime="2011-08-05T15:48:48.0868455+09:30" endTime="2011-08-05T15:48:48.1024705+09:30">
                  <testStep id="2411b5c09b962f50" name="Add_Column" fullName="SubSonic.Tests/SqlServerParserTests/Add_Column" testId="b038d3afb3264e1f" isPrimary="true" isTestCase="true" isDynamic="false">
                    <codeReference assembly="SubSonic.Tests, Version=2.2.1.0, Culture=neutral, PublicKeyToken=null" namespace="SubSonic.Tests.SqlQuery" type="SubSonic.Tests.SqlQuery.SqlServerParserTests" member="Add_Column" />
                    <codeLocation path="C:\data\SubsonicRoot\ss2\SubSonic.Tests\SqlGenerators\SqlServerGeneratorTests.cs" line="258" />
                    <metadata>
                      <entry key="TestKind">
                        <value>Test</value>
                      </entry>
                    </metadata>
                  </testStep>
                  <children />
                  <result assertCount="1" duration="0.0028534999999999997">
                    <outcome status="passed" />
                  </result>
                  <testLog>
                    <streams />
                    <attachments />
                  </testLog>
                </testStepRun>
                <testStepRun startTime="2011-08-05T15:48:48.1024705+09:30" endTime="2011-08-05T15:48:48.1024705+09:30">
                  <testStep id="65c69355dfbfb1fc" name="Aggregate_Count" fullName="SubSonic.Tests/SqlServerParserTests/Aggregate_Count" testId="fe33148885157218" isPrimary="true" isTestCase="true" isDynamic="false">
                    <codeReference assembly="SubSonic.Tests, Version=2.2.1.0, Culture=neutral, PublicKeyToken=null" namespace="SubSonic.Tests.SqlQuery" type="SubSonic.Tests.SqlQuery.SqlServerParserTests" member="Aggregate_Count" />
                    <codeLocation path="C:\data\SubsonicRoot\ss2\SubSonic.Tests\SqlGenerators\SqlServerGeneratorTests.cs" line="111" />
                    <metadata>
                      <entry key="TestKind">
                        <value>Test</value>
                      </entry>
                    </metadata>
                  </testStep>
                  <children />
                  <result assertCount="1" duration="0.0030099999999999997">
                    <outcome status="passed" />
                  </result>
                  <testLog>
                    <streams />
                    <attachments />
                  </testLog>
                </testStepRun>
                <testStepRun startTime="2011-08-05T15:48:48.1024705+09:30" endTime="2011-08-05T15:48:48.1180955+09:30">
                  <testStep id="3ce4b1ad90b57fcc" name="Alter_Column" fullName="SubSonic.Tests/SqlServerParserTests/Alter_Column" testId="230b5d41c88cd9d3" isPrimary="true" isTestCase="true" isDynamic="false">
                    <codeReference assembly="SubSonic.Tests, Version=2.2.1.0, Culture=neutral, PublicKeyToken=null" namespace="SubSonic.Tests.SqlQuery" type="SubSonic.Tests.SqlQuery.SqlServerParserTests" member="Alter_Column" />
                    <codeLocation path="C:\data\SubsonicRoot\ss2\SubSonic.Tests\SqlGenerators\SqlServerGeneratorTests.cs" line="273" />
                    <metadata>
                      <entry key="TestKind">
                        <value>Test</value>
                      </entry>
                    </metadata>
                  </testStep>
                  <children />
                  <result assertCount="1" duration="0.0021343">
                    <outcome status="passed" />
                  </result>
                  <testLog>
                    <streams />
                    <attachments />
                  </testLog>
                </testStepRun>
                <testStepRun startTime="2011-08-05T15:48:48.1180955+09:30" endTime="2011-08-05T15:48:48.1180955+09:30">
                  <testStep id="ca35585182b85186" name="Create_Table" fullName="SubSonic.Tests/SqlServerParserTests/Create_Table" testId="b23686f1b213f7ff" isPrimary="true" isTestCase="true" isDynamic="false">
                    <codeReference assembly="SubSonic.Tests, Version=2.2.1.0, Culture=neutral, PublicKeyToken=null" namespace="SubSonic.Tests.SqlQuery" type="SubSonic.Tests.SqlQuery.SqlServerParserTests" member="Create_Table" />
                    <codeLocation path="C:\data\SubsonicRoot\ss2\SubSonic.Tests\SqlGenerators\SqlServerGeneratorTests.cs" line="248" />
                    <metadata>
                      <entry key="TestKind">
                        <value>Test</value>
                      </entry>
                    </metadata>
                  </testStep>
                  <children />
                  <result assertCount="1" duration="0.0027021">
                    <outcome status="passed" />
                  </result>
                  <testLog>
                    <streams />
                    <attachments />
                  </testLog>
                </testStepRun>
                <testStepRun startTime="2011-08-05T15:48:48.1180955+09:30" endTime="2011-08-05T15:48:48.1337205+09:30">
                  <testStep id="4f2836b61f07fb90" name="Drop_Table" fullName="SubSonic.Tests/SqlServerParserTests/Drop_Table" testId="76cb5cc148d15d12" isPrimary="true" isTestCase="true" isDynamic="false">
                    <codeReference assembly="SubSonic.Tests, Version=2.2.1.0, Culture=neutral, PublicKeyToken=null" namespace="SubSonic.Tests.SqlQuery" type="SubSonic.Tests.SqlQuery.SqlServerParserTests" member="Drop_Table" />
                    <codeLocation path="C:\data\SubsonicRoot\ss2\SubSonic.Tests\SqlGenerators\SqlServerGeneratorTests.cs" line="240" />
                    <metadata>
                      <entry key="TestKind">
                        <value>Test</value>
                      </entry>
                    </metadata>
                  </testStep>
                  <children />
                  <result assertCount="1" duration="0.0027599">
                    <outcome status="passed" />
                  </result>
                  <testLog>
                    <streams />
                    <attachments />
                  </testLog>
                </testStepRun>
                <testStepRun startTime="2011-08-05T15:48:48.1337205+09:30" endTime="2011-08-05T15:48:48.1493455+09:30">
                  <testStep id="f956f1817ecb6506" name="Join_CreateImplicit" fullName="SubSonic.Tests/SqlServerParserTests/Join_CreateImplicit" testId="6b04afe64d308ac5" isPrimary="true" isTestCase="true" isDynamic="false">
                    <codeReference assembly="SubSonic.Tests, Version=2.2.1.0, Culture=neutral, PublicKeyToken=null" namespace="SubSonic.Tests.SqlQuery" type="SubSonic.Tests.SqlQuery.SqlServerParserTests" member="Join_CreateImplicit" />
                    <codeLocation path="C:\data\SubsonicRoot\ss2\SubSonic.Tests\SqlGenerators\SqlServerGeneratorTests.cs" line="65" />
                    <metadata>
                      <entry key="TestKind">
                        <value>Test</value>
                      </entry>
                    </metadata>
                  </testStep>
                  <children />
                  <result assertCount="2" duration="0.0038707">
                    <outcome status="passed" />
                  </result>
                  <testLog>
                    <streams />
                    <attachments />
                  </testLog>
                </testStepRun>
                <testStepRun startTime="2011-08-05T15:48:48.1493455+09:30" endTime="2011-08-05T15:48:48.1493455+09:30">
                  <testStep id="e9f448d5c4076efd" name="Join_CreateImplicit_Reversed" fullName="SubSonic.Tests/SqlServerParserTests/Join_CreateImplicit_Reversed" testId="93ecceb46b6af8ef" isPrimary="true" isTestCase="true" isDynamic="false">
                    <codeReference assembly="SubSonic.Tests, Version=2.2.1.0, Culture=neutral, PublicKeyToken=null" namespace="SubSonic.Tests.SqlQuery" type="SubSonic.Tests.SqlQuery.SqlServerParserTests" member="Join_CreateImplicit_Reversed" />
                    <codeLocation path="C:\data\SubsonicRoot\ss2\SubSonic.Tests\SqlGenerators\SqlServerGeneratorTests.cs" line="73" />
                    <metadata>
                      <entry key="TestKind">
                        <value>Test</value>
                      </entry>
                    </metadata>
                  </testStep>
                  <children />
                  <result assertCount="2" duration="0.0054094">
                    <outcome status="passed" />
                  </result>
                  <testLog>
                    <streams />
                    <attachments />
                  </testLog>
                </testStepRun>
                <testStepRun startTime="2011-08-05T15:48:48.1493455+09:30" endTime="2011-08-05T15:48:48.1649705+09:30">
                  <testStep id="3efc837cd313cbae" name="Join_Cross" fullName="SubSonic.Tests/SqlServerParserTests/Join_Cross" testId="145dc48b903294de" isPrimary="true" isTestCase="true" isDynamic="false">
                    <codeReference assembly="SubSonic.Tests, Version=2.2.1.0, Culture=neutral, PublicKeyToken=null" namespace="SubSonic.Tests.SqlQuery" type="SubSonic.Tests.SqlQuery.SqlServerParserTests" member="Join_Cross" />
                    <codeLocation path="C:\data\SubsonicRoot\ss2\SubSonic.Tests\SqlGenerators\SqlServerGeneratorTests.cs" line="216" />
                    <metadata>
                      <entry key="TestKind">
                        <value>Test</value>
                      </entry>
                    </metadata>
                  </testStep>
                  <children />
                  <result assertCount="1" duration="0.0043877">
                    <outcome status="passed" />
                  </result>
                  <testLog>
                    <streams />
                    <attachments />
                  </testLog>
                </testStepRun>
                <testStepRun startTime="2011-08-05T15:48:48.1649705+09:30" endTime="2011-08-05T15:48:48.1649705+09:30">
                  <testStep id="5d1e848e8d45ca95" name="Join_RightOuter" fullName="SubSonic.Tests/SqlServerParserTests/Join_RightOuter" testId="14656463e04d232d" isPrimary="true" isTestCase="true" isDynamic="false">
                    <codeReference assembly="SubSonic.Tests, Version=2.2.1.0, Culture=neutral, PublicKeyToken=null" namespace="SubSonic.Tests.SqlQuery" type="SubSonic.Tests.SqlQuery.SqlServerParserTests" member="Join_RightOuter" />
                    <codeLocation path="C:\data\SubsonicRoot\ss2\SubSonic.Tests\SqlGenerators\SqlServerGeneratorTests.cs" line="204" />
                    <metadata>
                      <entry key="TestKind">
                        <value>Test</value>
                      </entry>
                    </metadata>
                  </testStep>
                  <children />
                  <result assertCount="1" duration="0.0269521">
                    <outcome status="passed" />
                  </result>
                  <testLog>
                    <streams />
                    <attachments />
                  </testLog>
                </testStepRun>
                <testStepRun startTime="2011-08-05T15:48:48.1805955+09:30" endTime="2011-08-05T15:48:48.1805955+09:30">
                  <testStep id="70e29f525f31bf2a" name="Join_Unequal" fullName="SubSonic.Tests/SqlServerParserTests/Join_Unequal" testId="a81dd1f180303cf2" isPrimary="true" isTestCase="true" isDynamic="false">
                    <codeReference assembly="SubSonic.Tests, Version=2.2.1.0, Culture=neutral, PublicKeyToken=null" namespace="SubSonic.Tests.SqlQuery" type="SubSonic.Tests.SqlQuery.SqlServerParserTests" member="Join_Unequal" />
                    <codeLocation path="C:\data\SubsonicRoot\ss2\SubSonic.Tests\SqlGenerators\SqlServerGeneratorTests.cs" line="228" />
                    <metadata>
                      <entry key="TestKind">
                        <value>Test</value>
                      </entry>
                    </metadata>
                  </testStep>
                  <children />
                  <result assertCount="1" duration="0.0038965999999999996">
                    <outcome status="passed" />
                  </result>
                  <testLog>
                    <streams />
                    <attachments />
                  </testLog>
                </testStepRun>
                <testStepRun startTime="2011-08-05T15:48:48.1805955+09:30" endTime="2011-08-05T15:48:48.1962205+09:30">
                  <testStep id="5a594d6e7cb807f6" name="Remove_Column" fullName="SubSonic.Tests/SqlServerParserTests/Remove_Column" testId="55d0b3a9aa2fc7b5" isPrimary="true" isTestCase="true" isDynamic="false">
                    <codeReference assembly="SubSonic.Tests, Version=2.2.1.0, Culture=neutral, PublicKeyToken=null" namespace="SubSonic.Tests.SqlQuery" type="SubSonic.Tests.SqlQuery.SqlServerParserTests" member="Remove_Column" />
                    <codeLocation path="C:\data\SubsonicRoot\ss2\SubSonic.Tests\SqlGenerators\SqlServerGeneratorTests.cs" line="288" />
                    <metadata>
                      <entry key="TestKind">
                        <value>Test</value>
                      </entry>
                    </metadata>
                  </testStep>
                  <children />
                  <result assertCount="1" duration="0.010743599999999999">
                    <outcome status="passed" />
                  </result>
                  <testLog>
                    <streams />
                    <attachments />
                  </testLog>
                </testStepRun>
                <testStepRun startTime="2011-08-05T15:48:48.1962205+09:30" endTime="2011-08-05T15:48:48.1962205+09:30">
                  <testStep id="cff9bbc57a653d8b" name="Select_BetweenAnd" fullName="SubSonic.Tests/SqlServerParserTests/Select_BetweenAnd" testId="cd33398885417e68" isPrimary="true" isTestCase="true" isDynamic="false">
                    <codeReference assembly="SubSonic.Tests, Version=2.2.1.0, Culture=neutral, PublicKeyToken=null" namespace="SubSonic.Tests.SqlQuery" type="SubSonic.Tests.SqlQuery.SqlServerParserTests" member="Select_BetweenAnd" />
                    <codeLocation path="C:\data\SubsonicRoot\ss2\SubSonic.Tests\SqlGenerators\SqlServerGeneratorTests.cs" line="101" />
                    <metadata>
                      <entry key="TestKind">
                        <value>Test</value>
                      </entry>
                    </metadata>
                  </testStep>
                  <children />
                  <result assertCount="1" duration="0.0035369">
                    <outcome status="passed" />
                  </result>
                  <testLog>
                    <streams />
                    <attachments />
                  </testLog>
                </testStepRun>
                <testStepRun startTime="2011-08-05T15:48:48.2118455+09:30" endTime="2011-08-05T15:48:48.2118455+09:30">
                  <testStep id="71129d251a5f6370" name="Select_ColumnList_Specified" fullName="SubSonic.Tests/SqlServerParserTests/Select_ColumnList_Specified" testId="f10c18f4e6e52a40" isPrimary="true" isTestCase="true" isDynamic="false">
                    <codeReference assembly="SubSonic.Tests, Version=2.2.1.0, Culture=neutral, PublicKeyToken=null" namespace="SubSonic.Tests.SqlQuery" type="SubSonic.Tests.SqlQuery.SqlServerParserTests" member="Select_ColumnList_Specified" />
                    <codeLocation path="C:\data\SubsonicRoot\ss2\SubSonic.Tests\SqlGenerators\SqlServerGeneratorTests.cs" line="27" />
                    <metadata>
                      <entry key="TestKind">
                        <value>Test</value>
                      </entry>
                    </metadata>
                  </testStep>
                  <children />
                  <result assertCount="1" duration="0.0049362999999999994">
                    <outcome status="passed" />
                  </result>
                  <testLog>
                    <streams />
                    <attachments />
                  </testLog>
                </testStepRun>
                <testStepRun startTime="2011-08-05T15:48:48.2118455+09:30" endTime="2011-08-05T15:48:48.2274705+09:30">
                  <testStep id="334034dcebb8145e" name="Select_Expression" fullName="SubSonic.Tests/SqlServerParserTests/Select_Expression" testId="82c6a08c439adfeb" isPrimary="true" isTestCase="true" isDynamic="false">
                    <codeReference assembly="SubSonic.Tests, Version=2.2.1.0, Culture=neutral, PublicKeyToken=null" namespace="SubSonic.Tests.SqlQuery" type="SubSonic.Tests.SqlQuery.SqlServerParserTests" member="Select_Expression" />
                    <codeLocation path="C:\data\SubsonicRoot\ss2\SubSonic.Tests\SqlGenerators\SqlServerGeneratorTests.cs" line="138" />
                    <metadata>
                      <entry key="TestKind">
                        <value>Test</value>
                      </entry>
                    </metadata>
                  </testStep>
                  <children />
                  <result assertCount="1" duration="0.0045239">
                    <outcome status="passed" />
                  </result>
                  <testLog>
                    <streams />
                    <attachments />
                  </testLog>
                </testStepRun>
                <testStepRun startTime="2011-08-05T15:48:48.2274705+09:30" endTime="2011-08-05T15:48:48.2274705+09:30">
                  <testStep id="2d0ced6c9c36f91b" name="Select_Generate_FromList" fullName="SubSonic.Tests/SqlServerParserTests/Select_Generate_FromList" testId="9353a3d7f6f779c0" isPrimary="true" isTestCase="true" isDynamic="false">
                    <codeReference assembly="SubSonic.Tests, Version=2.2.1.0, Culture=neutral, PublicKeyToken=null" namespace="SubSonic.Tests.SqlQuery" type="SubSonic.Tests.SqlQuery.SqlServerParserTests" member="Select_Generate_FromList" />
                    <codeLocation path="C:\data\SubsonicRoot\ss2\SubSonic.Tests\SqlGenerators\SqlServerGeneratorTests.cs" line="38" />
                    <metadata>
                      <entry key="TestKind">
                        <value>Test</value>
                      </entry>
                    </metadata>
                  </testStep>
                  <children />
                  <result assertCount="1" duration="0.0110557">
                    <outcome status="passed" />
                  </result>
                  <testLog>
                    <streams />
                    <attachments />
                  </testLog>
                </testStepRun>
                <testStepRun startTime="2011-08-05T15:48:48.2430955+09:30" endTime="2011-08-05T15:48:48.2430955+09:30">
                  <testStep id="1182de0e669dc30c" name="Select_Generate_JoinList" fullName="SubSonic.Tests/SqlServerParserTests/Select_Generate_JoinList" testId="c16ca65665a60dcd" isPrimary="true" isTestCase="true" isDynamic="false">
                    <codeReference assembly="SubSonic.Tests, Version=2.2.1.0, Culture=neutral, PublicKeyToken=null" namespace="SubSonic.Tests.SqlQuery" type="SubSonic.Tests.SqlQuery.SqlServerParserTests" member="Select_Generate_JoinList" />
                    <codeLocation path="C:\data\SubsonicRoot\ss2\SubSonic.Tests\SqlGenerators\SqlServerGeneratorTests.cs" line="49" />
                    <metadata>
                      <entry key="TestKind">
                        <value>Test</value>
                      </entry>
                    </metadata>
                  </testStep>
                  <children />
                  <result assertCount="1" duration="0.005639">
                    <outcome status="passed" />
                  </result>
                  <testLog>
                    <streams />
                    <attachments />
                  </testLog>
                </testStepRun>
                <testStepRun startTime="2011-08-05T15:48:48.2430955+09:30" endTime="2011-08-05T15:48:48.2587205+09:30">
                  <testStep id="24ee0156381518dd" name="Select_IN" fullName="SubSonic.Tests/SqlServerParserTests/Select_IN" testId="ad7e1ee716b970b" isPrimary="true" isTestCase="true" isDynamic="false">
                    <codeReference assembly="SubSonic.Tests, Version=2.2.1.0, Culture=neutral, PublicKeyToken=null" namespace="SubSonic.Tests.SqlQuery" type="SubSonic.Tests.SqlQuery.SqlServerParserTests" member="Select_IN" />
                    <codeLocation path="C:\data\SubsonicRoot\ss2\SubSonic.Tests\SqlGenerators\SqlServerGeneratorTests.cs" line="196" />
                    <metadata>
                      <entry key="TestKind">
                        <value>Test</value>
                      </entry>
                    </metadata>
                  </testStep>
                  <children />
                  <result assertCount="0" duration="0.0045915999999999995">
                    <outcome status="passed" />
                  </result>
                  <testLog>
                    <streams />
                    <attachments />
                  </testLog>
                </testStepRun>
                <testStepRun startTime="2011-08-05T15:48:48.2587205+09:30" endTime="2011-08-05T15:48:48.2587205+09:30">
                  <testStep id="53c8b30b5fed5563" name="Select_Paged" fullName="SubSonic.Tests/SqlServerParserTests/Select_Paged" testId="f8b3de9ebe602bca" isPrimary="true" isTestCase="true" isDynamic="false">
                    <codeReference assembly="SubSonic.Tests, Version=2.2.1.0, Culture=neutral, PublicKeyToken=null" namespace="SubSonic.Tests.SqlQuery" type="SubSonic.Tests.SqlQuery.SqlServerParserTests" member="Select_Paged" />
                    <codeLocation path="C:\data\SubsonicRoot\ss2\SubSonic.Tests\SqlGenerators\SqlServerGeneratorTests.cs" line="157" />
                    <metadata>
                      <entry key="TestKind">
                        <value>Test</value>
                      </entry>
                    </metadata>
                  </testStep>
                  <children />
                  <result assertCount="2" duration="0.0345723">
                    <outcome status="passed" />
                  </result>
                  <testLog>
                    <streams />
                    <attachments />
                  </testLog>
                </testStepRun>
                <testStepRun startTime="2011-08-05T15:48:48.2587205+09:30" endTime="2011-08-05T15:48:48.2743455+09:30">
                  <testStep id="9c0ecef620146158" name="Select_PagedWithAggregate" fullName="SubSonic.Tests/SqlServerParserTests/Select_PagedWithAggregate" testId="5fa0547ca29e973d" isPrimary="true" isTestCase="true" isDynamic="false">
                    <codeReference assembly="SubSonic.Tests, Version=2.2.1.0, Culture=neutral, PublicKeyToken=null" namespace="SubSonic.Tests.SqlQuery" type="SubSonic.Tests.SqlQuery.SqlServerParserTests" member="Select_PagedWithAggregate" />
                    <codeLocation path="C:\data\SubsonicRoot\ss2\SubSonic.Tests\SqlGenerators\SqlServerGeneratorTests.cs" line="178" />
                    <metadata>
                      <entry key="TestKind">
                        <value>Test</value>
                      </entry>
                    </metadata>
                  </testStep>
                  <children />
                  <result assertCount="1" duration="0.0067478">
                    <outcome status="passed" />
                  </result>
                  <testLog>
                    <streams />
                    <attachments />
                  </testLog>
                </testStepRun>
                <testStepRun startTime="2011-08-05T15:48:48.2743455+09:30" endTime="2011-08-05T15:48:48.2899705+09:30">
                  <testStep id="e334fd6046607877" name="Where_And" fullName="SubSonic.Tests/SqlServerParserTests/Where_And" testId="8e81f1b907805ac6" isPrimary="true" isTestCase="true" isDynamic="false">
                    <codeReference assembly="SubSonic.Tests, Version=2.2.1.0, Culture=neutral, PublicKeyToken=null" namespace="SubSonic.Tests.SqlQuery" type="SubSonic.Tests.SqlQuery.SqlServerParserTests" member="Where_And" />
                    <codeLocation path="C:\data\SubsonicRoot\ss2\SubSonic.Tests\SqlGenerators\SqlServerGeneratorTests.cs" line="90" />
                    <metadata>
                      <entry key="TestKind">
                        <value>Test</value>
                      </entry>
                    </metadata>
                  </testStep>
                  <children />
                  <result assertCount="1" duration="0.0023168">
                    <outcome status="passed" />
                  </result>
                  <testLog>
                    <streams />
                    <attachments />
                  </testLog>
                </testStepRun>
                <testStepRun startTime="2011-08-05T15:48:48.2899705+09:30" endTime="2011-08-05T15:48:48.2899705+09:30">
                  <testStep id="c1b934ca1c8c91a5" name="Where_Expression" fullName="SubSonic.Tests/SqlServerParserTests/Where_Expression" testId="11814d6ca25ebd6" isPrimary="true" isTestCase="true" isDynamic="false">
                    <codeReference assembly="SubSonic.Tests, Version=2.2.1.0, Culture=neutral, PublicKeyToken=null" namespace="SubSonic.Tests.SqlQuery" type="SubSonic.Tests.SqlQuery.SqlServerParserTests" member="Where_Expression" />
                    <codeLocation path="C:\data\SubsonicRoot\ss2\SubSonic.Tests\SqlGenerators\SqlServerGeneratorTests.cs" line="126" />
                    <metadata>
                      <entry key="TestKind">
                        <value>Test</value>
                      </entry>
                    </metadata>
                  </testStep>
                  <children />
                  <result assertCount="1" duration="0.0039007">
                    <outcome status="passed" />
                  </result>
                  <testLog>
                    <streams />
                    <attachments />
                  </testLog>
                </testStepRun>
                <testStepRun startTime="2011-08-05T15:48:48.2899705+09:30" endTime="2011-08-05T15:48:48.3055955+09:30">
                  <testStep id="47b15abb0c3f0c3d" name="Where_Simple" fullName="SubSonic.Tests/SqlServerParserTests/Where_Simple" testId="e8c503421ed75cc7" isPrimary="true" isTestCase="true" isDynamic="false">
                    <codeReference assembly="SubSonic.Tests, Version=2.2.1.0, Culture=neutral, PublicKeyToken=null" namespace="SubSonic.Tests.SqlQuery" type="SubSonic.Tests.SqlQuery.SqlServerParserTests" member="Where_Simple" />
                    <codeLocation path="C:\data\SubsonicRoot\ss2\SubSonic.Tests\SqlGenerators\SqlServerGeneratorTests.cs" line="81" />
                    <metadata>
                      <entry key="TestKind">
                        <value>Test</value>
                      </entry>
                    </metadata>
                  </testStep>
                  <children />
                  <result assertCount="1" duration="0.0026568">
                    <outcome status="passed" />
                  </result>
                  <testLog>
                    <streams />
                    <attachments />
                  </testLog>
                </testStepRun>
              </children>
              <result assertCount="24" duration="0.2719503">
                <outcome status="passed" />
              </result>
              <testLog>
                <streams />
                <attachments />
              </testLog>
            </testStepRun>
            <testStepRun startTime="2011-08-05T15:48:48.3055955+09:30" endTime="2011-08-05T15:48:48.7587205+09:30">
              <testStep id="74ff379f5a394728" name="SugarTests" fullName="SubSonic.Tests/SugarTests" testId="babe4e099f85aa64" isPrimary="true" isTestCase="false" isDynamic="false">
                <codeReference assembly="SubSonic.Tests, Version=2.2.1.0, Culture=neutral, PublicKeyToken=null" namespace="SubSonic.Tests" type="SubSonic.Tests.SugarTests" />
                <codeLocation path="C:\data\SubsonicRoot\ss2\SubSonic.Tests\SugarTests.cs" />
                <metadata>
                  <entry key="TestKind">
                    <value>Fixture</value>
                  </entry>
                </metadata>
              </testStep>
              <children>
                <testStepRun startTime="2011-08-05T15:48:48.3212205+09:30" endTime="2011-08-05T15:48:48.3212205+09:30">
                  <testStep id="391a004071818066" name="Dates_DaysAgo" fullName="SubSonic.Tests/SugarTests/Dates_DaysAgo" testId="c69717b4d30d292a" isPrimary="true" isTestCase="true" isDynamic="false">
                    <codeReference assembly="SubSonic.Tests, Version=2.2.1.0, Culture=neutral, PublicKeyToken=null" namespace="SubSonic.Tests" type="SubSonic.Tests.SugarTests" member="Dates_DaysAgo" />
                    <codeLocation path="C:\data\SubsonicRoot\ss2\SubSonic.Tests\SugarTests.cs" line="33" />
                    <metadata>
                      <entry key="TestKind">
                        <value>Test</value>
                      </entry>
                    </metadata>
                  </testStep>
                  <children />
                  <result assertCount="1" duration="0.0043853999999999994">
                    <outcome status="passed" />
                  </result>
                  <testLog>
                    <streams />
                    <attachments />
                  </testLog>
                </testStepRun>
                <testStepRun startTime="2011-08-05T15:48:48.3368455+09:30" endTime="2011-08-05T15:48:48.5399705+09:30">
                  <testStep id="16e10702e0596b54" name="Dates_ReadableDiff" fullName="SubSonic.Tests/SugarTests/Dates_ReadableDiff" testId="d6b2470982053183" isPrimary="true" isTestCase="false" isDynamic="false">
                    <codeReference assembly="SubSonic.Tests, Version=2.2.1.0, Culture=neutral, PublicKeyToken=null" namespace="SubSonic.Tests" type="SubSonic.Tests.SugarTests" member="Dates_ReadableDiff" />
                    <codeLocation path="C:\data\SubsonicRoot\ss2\SubSonic.Tests\SugarTests.cs" line="121" />
                    <metadata>
                      <entry key="TestKind">
                        <value>Test</value>
                      </entry>
                    </metadata>
                  </testStep>
                  <children>
                    <testStepRun startTime="2011-08-05T15:48:48.3368455+09:30" endTime="2011-08-05T15:48:48.3368455+09:30">
                      <testStep id="f380559a099d0a5b" name="Dates_ReadableDiff(2007-01-01T00:00:00.0000000, 2007-01-01T01:01:00.0000000, &quot;1 hour, 1 minute ago&quot;)" fullName="SubSonic.Tests/SugarTests/Dates_ReadableDiff/Dates_ReadableDiff(2007-01-01T00:00:00.0000000, 2007-01-01T01:01:00.0000000, &quot;1 hour, 1 minute ago&quot;)" testId="d6b2470982053183" isPrimary="false" isTestCase="true" isDynamic="false">
                        <codeReference assembly="SubSonic.Tests, Version=2.2.1.0, Culture=neutral, PublicKeyToken=null" namespace="SubSonic.Tests" type="SubSonic.Tests.SugarTests" member="Dates_ReadableDiff" />
                        <codeLocation path="C:\data\SubsonicRoot\ss2\SubSonic.Tests\SugarTests.cs" line="121" />
                        <metadata>
                          <entry key="TestKind">
                            <value>Test</value>
                          </entry>
                        </metadata>
                      </testStep>
                      <children />
                      <result assertCount="1" duration="0.0023287">
                        <outcome status="passed" />
                      </result>
                      <testLog>
                        <streams />
                        <attachments />
                      </testLog>
                    </testStepRun>
                    <testStepRun startTime="2011-08-05T15:48:48.3368455+09:30" endTime="2011-08-05T15:48:48.3524705+09:30">
                      <testStep id="6c8af13fe7bc076d" name="Dates_ReadableDiff(2007-01-01T00:00:00.0000000, 2007-01-01T01:02:44.0000000, &quot;1 hour, 2 minutes ago&quot;)" fullName="SubSonic.Tests/SugarTests/Dates_ReadableDiff/Dates_ReadableDiff(2007-01-01T00:00:00.0000000, 2007-01-01T01:02:44.0000000, &quot;1 hour, 2 minutes ago&quot;)" testId="d6b2470982053183" isPrimary="false" isTestCase="true" isDynamic="false">
                        <codeReference assembly="SubSonic.Tests, Version=2.2.1.0, Culture=neutral, PublicKeyToken=null" namespace="SubSonic.Tests" type="SubSonic.Tests.SugarTests" member="Dates_ReadableDiff" />
                        <codeLocation path="C:\data\SubsonicRoot\ss2\SubSonic.Tests\SugarTests.cs" line="121" />
                        <metadata>
                          <entry key="TestKind">
                            <value>Test</value>
                          </entry>
                        </metadata>
                      </testStep>
                      <children />
                      <result assertCount="1" duration="0.00045089999999999996">
                        <outcome status="passed" />
                      </result>
                      <testLog>
                        <streams />
                        <attachments />
                      </testLog>
                    </testStepRun>
                    <testStepRun startTime="2011-08-05T15:48:48.3524705+09:30" endTime="2011-08-05T15:48:48.3680955+09:30">
                      <testStep id="acba722733e579f3" name="Dates_ReadableDiff(2007-01-01T00:00:00.0000000, 2007-01-01T00:15:00.0000000, &quot;15 minutes ago&quot;)" fullName="SubSonic.Tests/SugarTests/Dates_ReadableDiff/Dates_ReadableDiff(2007-01-01T00:00:00.0000000, 2007-01-01T00:15:00.0000000, &quot;15 minutes ago&quot;)" testId="d6b2470982053183" isPrimary="false" isTestCase="true" isDynamic="false">
                        <codeReference assembly="SubSonic.Tests, Version=2.2.1.0, Culture=neutral, PublicKeyToken=null" namespace="SubSonic.Tests" type="SubSonic.Tests.SugarTests" member="Dates_ReadableDiff" />
                        <codeLocation path="C:\data\SubsonicRoot\ss2\SubSonic.Tests\SugarTests.cs" line="121" />
                        <metadata>
                          <entry key="TestKind">
                            <value>Test</value>
                          </entry>
                        </metadata>
                      </testStep>
                      <children />
                      <result assertCount="1" duration="0.000158">
                        <outcome status="passed" />
                      </result>
                      <testLog>
                        <streams />
                        <attachments />
                      </testLog>
                    </testStepRun>
                    <testStepRun startTime="2011-08-05T15:48:48.3680955+09:30" endTime="2011-08-05T15:48:48.3680955+09:30">
                      <testStep id="6d904f54f05e0b3a" name="Dates_ReadableDiff(2007-01-01T00:00:00.0000000, 2007-01-01T01:00:00.0000000, &quot;1 hour ago&quot;)" fullName="SubSonic.Tests/SugarTests/Dates_ReadableDiff/Dates_ReadableDiff(2007-01-01T00:00:00.0000000, 2007-01-01T01:00:00.0000000, &quot;1 hour ago&quot;)" testId="d6b2470982053183" isPrimary="false" isTestCase="true" isDynamic="false">
                        <codeReference assembly="SubSonic.Tests, Version=2.2.1.0, Culture=neutral, PublicKeyToken=null" namespace="SubSonic.Tests" type="SubSonic.Tests.SugarTests" member="Dates_ReadableDiff" />
                        <codeLocation path="C:\data\SubsonicRoot\ss2\SubSonic.Tests\SugarTests.cs" line="121" />
                        <metadata>
                          <entry key="TestKind">
                            <value>Test</value>
                          </entry>
                        </metadata>
                      </testStep>
                      <children />
                      <result assertCount="1" duration="0.00013749999999999998">
                        <outcome status="passed" />
                      </result>
                      <testLog>
                        <streams />
                        <attachments />
                      </testLog>
                    </testStepRun>
                    <testStepRun startTime="2011-08-05T15:48:48.3680955+09:30" endTime="2011-08-05T15:48:48.3837205+09:30">
                      <testStep id="6a565fb71cb6397a" name="Dates_ReadableDiff(2007-01-01T00:00:00.0000000, 2007-01-01T02:40:00.0000000, &quot;2 hours, 40 minutes ago&quot;)" fullName="SubSonic.Tests/SugarTests/Dates_ReadableDiff/Dates_ReadableDiff(2007-01-01T00:00:00.0000000, 2007-01-01T02:40:00.0000000, &quot;2 hours, 40 minutes ago&quot;)" testId="d6b2470982053183" isPrimary="false" isTestCase="true" isDynamic="false">
                        <codeReference assembly="SubSonic.Tests, Version=2.2.1.0, Culture=neutral, PublicKeyToken=null" namespace="SubSonic.Tests" type="SubSonic.Tests.SugarTests" member="Dates_ReadableDiff" />
                        <codeLocation path="C:\data\SubsonicRoot\ss2\SubSonic.Tests\SugarTests.cs" line="121" />
                        <metadata>
                          <entry key="TestKind">
                            <value>Test</value>
                          </entry>
                        </metadata>
                      </testStep>
                      <children />
                      <result assertCount="1" duration="0.00022459999999999998">
                        <outcome status="passed" />
                      </result>
                      <testLog>
                        <streams />
                        <attachments />
                      </testLog>
                    </testStepRun>
                    <testStepRun startTime="2011-08-05T15:48:48.3837205+09:30" endTime="2011-08-05T15:48:48.3993455+09:30">
                      <testStep id="b47a09eb8a0e3927" name="Dates_ReadableDiff(2007-01-01T00:00:00.0000000, 2007-01-01T00:01:00.0000000, &quot;1 minute ago&quot;)" fullName="SubSonic.Tests/SugarTests/Dates_ReadableDiff/Dates_ReadableDiff(2007-01-01T00:00:00.0000000, 2007-01-01T00:01:00.0000000, &quot;1 minute ago&quot;)" testId="d6b2470982053183" isPrimary="false" isTestCase="true" isDynamic="false">
                        <codeReference assembly="SubSonic.Tests, Version=2.2.1.0, Culture=neutral, PublicKeyToken=null" namespace="SubSonic.Tests" type="SubSonic.Tests.SugarTests" member="Dates_ReadableDiff" />
                        <codeLocation path="C:\data\SubsonicRoot\ss2\SubSonic.Tests\SugarTests.cs" line="121" />
                        <metadata>
                          <entry key="TestKind">
                            <value>Test</value>
                          </entry>
                        </metadata>
                      </testStep>
                      <children />
                      <result assertCount="1" duration="0.0001347">
                        <outcome status="passed" />
                      </result>
                      <testLog>
                        <streams />
                        <attachments />
                      </testLog>
                    </testStepRun>
                    <testStepRun startTime="2011-08-05T15:48:48.4149705+09:30" endTime="2011-08-05T15:48:48.4305955+09:30">
                      <testStep id="50af0d2053280597" name="Dates_ReadableDiff(2007-01-01T00:00:00.0000000, 2007-01-01T00:00:00.0000000, &quot;0 seconds ago&quot;)" fullName="SubSonic.Tests/SugarTests/Dates_ReadableDiff/Dates_ReadableDiff(2007-01-01T00:00:00.0000000, 2007-01-01T00:00:00.0000000, &quot;0 seconds ago&quot;)" testId="d6b2470982053183" isPrimary="false" isTestCase="true" isDynamic="false">
                        <codeReference assembly="SubSonic.Tests, Version=2.2.1.0, Culture=neutral, PublicKeyToken=null" namespace="SubSonic.Tests" type="SubSonic.Tests.SugarTests" member="Dates_ReadableDiff" />
                        <codeLocation path="C:\data\SubsonicRoot\ss2\SubSonic.Tests\SugarTests.cs" line="121" />
                        <metadata>
                          <entry key="TestKind">
                            <value>Test</value>
                          </entry>
                        </metadata>
                      </testStep>
                      <children />
                      <result assertCount="1" duration="0.00015989999999999998">
                        <outcome status="passed" />
                      </result>
                      <testLog>
                        <streams />
                        <attachments />
                      </testLog>
                    </testStepRun>
                    <testStepRun startTime="2011-08-05T15:48:48.4305955+09:30" endTime="2011-08-05T15:48:48.4462205+09:30">
                      <testStep id="c9554c50c5c82f54" name="Dates_ReadableDiff(2007-01-01T00:00:00.0000000, 2207-05-01T01:30:40.0000000, &quot;200 years, 4 months ago&quot;)" fullName="SubSonic.Tests/SugarTests/Dates_ReadableDiff/Dates_ReadableDiff(2007-01-01T00:00:00.0000000, 2207-05-01T01:30:40.0000000, &quot;200 years, 4 months ago&quot;)" testId="d6b2470982053183" isPrimary="false" isTestCase="true" isDynamic="false">
                        <codeReference assembly="SubSonic.Tests, Version=2.2.1.0, Culture=neutral, PublicKeyToken=null" namespace="SubSonic.Tests" type="SubSonic.Tests.SugarTests" member="Dates_ReadableDiff" />
                        <codeLocation path="C:\data\SubsonicRoot\ss2\SubSonic.Tests\SugarTests.cs" line="121" />
                        <metadata>
                          <entry key="TestKind">
                            <value>Test</value>
                          </entry>
                        </metadata>
                      </testStep>
                      <children />
                      <result assertCount="1" duration="0.0001675">
                        <outcome status="passed" />
                      </result>
                      <testLog>
                        <streams />
                        <attachments />
                      </testLog>
                    </testStepRun>
                    <testStepRun startTime="2011-08-05T15:48:48.4618455+09:30" endTime="2011-08-05T15:48:48.4618455+09:30">
                      <testStep id="c818dd10b4ee8b75" name="Dates_ReadableDiff(2007-01-01T00:00:00.0000000, 2207-01-01T01:30:40.0000000, &quot;200 years ago&quot;)" fullName="SubSonic.Tests/SugarTests/Dates_ReadableDiff/Dates_ReadableDiff(2007-01-01T00:00:00.0000000, 2207-01-01T01:30:40.0000000, &quot;200 years ago&quot;)" testId="d6b2470982053183" isPrimary="false" isTestCase="true" isDynamic="false">
                        <codeReference assembly="SubSonic.Tests, Version=2.2.1.0, Culture=neutral, PublicKeyToken=null" namespace="SubSonic.Tests" type="SubSonic.Tests.SugarTests" member="Dates_ReadableDiff" />
                        <codeLocation path="C:\data\SubsonicRoot\ss2\SubSonic.Tests\SugarTests.cs" line="121" />
                        <metadata>
                          <entry key="TestKind">
                            <value>Test</value>
                          </entry>
                        </metadata>
                      </testStep>
                      <children />
                      <result assertCount="1" duration="0.0001281">
                        <outcome status="passed" />
                      </result>
                      <testLog>
                        <streams />
                        <attachments />
                      </testLog>
                    </testStepRun>
                    <testStepRun startTime="2011-08-05T15:48:48.4618455+09:30" endTime="2011-08-05T15:48:48.4774705+09:30">
                      <testStep id="2c50a352029f52aa" name="Dates_ReadableDiff(2007-01-01T00:00:00.0000000, 2007-01-02T02:30:40.0000000, &quot;1 day, 2 hours ago&quot;)" fullName="SubSonic.Tests/SugarTests/Dates_ReadableDiff/Dates_ReadableDiff(2007-01-01T00:00:00.0000000, 2007-01-02T02:30:40.0000000, &quot;1 day, 2 hours ago&quot;)" testId="d6b2470982053183" isPrimary="false" isTestCase="true" isDynamic="false">
                        <codeReference assembly="SubSonic.Tests, Version=2.2.1.0, Culture=neutral, PublicKeyToken=null" namespace="SubSonic.Tests" type="SubSonic.Tests.SugarTests" member="Dates_ReadableDiff" />
                        <codeLocation path="C:\data\SubsonicRoot\ss2\SubSonic.Tests\SugarTests.cs" line="121" />
                        <metadata>
                          <entry key="TestKind">
                            <value>Test</value>
                          </entry>
                        </metadata>
                      </testStep>
                      <children />
                      <result assertCount="1" duration="0.0002555">
                        <outcome status="passed" />
                      </result>
                      <testLog>
                        <streams />
                        <attachments />
                      </testLog>
                    </testStepRun>
                    <testStepRun startTime="2011-08-05T15:48:48.4774705+09:30" endTime="2011-08-05T15:48:48.4774705+09:30">
                      <testStep id="e9a1bf64f2b0e02c" name="Dates_ReadableDiff(2007-01-01T00:00:00.0000000, 2007-01-12T01:30:40.0000000, &quot;11 days, 1 hour ago&quot;)" fullName="SubSonic.Tests/SugarTests/Dates_ReadableDiff/Dates_ReadableDiff(2007-01-01T00:00:00.0000000, 2007-01-12T01:30:40.0000000, &quot;11 days, 1 hour ago&quot;)" testId="d6b2470982053183" isPrimary="false" isTestCase="true" isDynamic="false">
                        <codeReference assembly="SubSonic.Tests, Version=2.2.1.0, Culture=neutral, PublicKeyToken=null" namespace="SubSonic.Tests" type="SubSonic.Tests.SugarTests" member="Dates_ReadableDiff" />
                        <codeLocation path="C:\data\SubsonicRoot\ss2\SubSonic.Tests\SugarTests.cs" line="121" />
                        <metadata>
                          <entry key="TestKind">
                            <value>Test</value>
                          </entry>
                        </metadata>
                      </testStep>
                      <children />
                      <result assertCount="1" duration="0.00021439999999999998">
                        <outcome status="passed" />
                      </result>
                      <testLog>
                        <streams />
                        <attachments />
                      </testLog>
                    </testStepRun>
                    <testStepRun startTime="2011-08-05T15:48:48.4774705+09:30" endTime="2011-08-05T15:48:48.4930955+09:30">
                      <testStep id="76aa0229e46fcd75" name="Dates_ReadableDiff(2007-01-01T00:00:00.0000000, 2007-01-01T00:00:05.0000000, &quot;5 seconds ago&quot;)" fullName="SubSonic.Tests/SugarTests/Dates_ReadableDiff/Dates_ReadableDiff(2007-01-01T00:00:00.0000000, 2007-01-01T00:00:05.0000000, &quot;5 seconds ago&quot;)" testId="d6b2470982053183" isPrimary="false" isTestCase="true" isDynamic="false">
                        <codeReference assembly="SubSonic.Tests, Version=2.2.1.0, Culture=neutral, PublicKeyToken=null" namespace="SubSonic.Tests" type="SubSonic.Tests.SugarTests" member="Dates_ReadableDiff" />
                        <codeLocation path="C:\data\SubsonicRoot\ss2\SubSonic.Tests\SugarTests.cs" line="121" />
                        <metadata>
                          <entry key="TestKind">
                            <value>Test</value>
                          </entry>
                        </metadata>
                      </testStep>
                      <children />
                      <result assertCount="1" duration="0.0001401">
                        <outcome status="passed" />
                      </result>
                      <testLog>
                        <streams />
                        <attachments />
                      </testLog>
                    </testStepRun>
                    <testStepRun startTime="2011-08-05T15:48:48.4930955+09:30" endTime="2011-08-05T15:48:48.5087205+09:30">
                      <testStep id="336056bcd0b3f26e" name="Dates_ReadableDiff(2007-01-01T00:00:00.0000000, 2007-01-01T00:00:01.0000000, &quot;1 second ago&quot;)" fullName="SubSonic.Tests/SugarTests/Dates_ReadableDiff/Dates_ReadableDiff(2007-01-01T00:00:00.0000000, 2007-01-01T00:00:01.0000000, &quot;1 second ago&quot;)" testId="d6b2470982053183" isPrimary="false" isTestCase="true" isDynamic="false">
                        <codeReference assembly="SubSonic.Tests, Version=2.2.1.0, Culture=neutral, PublicKeyToken=null" namespace="SubSonic.Tests" type="SubSonic.Tests.SugarTests" member="Dates_ReadableDiff" />
                        <codeLocation path="C:\data\SubsonicRoot\ss2\SubSonic.Tests\SugarTests.cs" line="121" />
                        <metadata>
                          <entry key="TestKind">
                            <value>Test</value>
                          </entry>
                        </metadata>
                      </testStep>
                      <children />
                      <result assertCount="1" duration="0.0001726">
                        <outcome status="passed" />
                      </result>
                      <testLog>
                        <streams />
                        <attachments />
                      </testLog>
                    </testStepRun>
                    <testStepRun startTime="2011-08-05T15:48:48.5087205+09:30" endTime="2011-08-05T15:48:48.5087205+09:30">
                      <testStep id="d3088a610a8a3e35" name="Dates_ReadableDiff(2007-01-01T00:00:00.0000000, 2007-02-12T01:30:40.0000000, &quot;1 month, 11 days ago&quot;)" fullName="SubSonic.Tests/SugarTests/Dates_ReadableDiff/Dates_ReadableDiff(2007-01-01T00:00:00.0000000, 2007-02-12T01:30:40.0000000, &quot;1 month, 11 days ago&quot;)" testId="d6b2470982053183" isPrimary="false" isTestCase="true" isDynamic="false">
                        <codeReference assembly="SubSonic.Tests, Version=2.2.1.0, Culture=neutral, PublicKeyToken=null" namespace="SubSonic.Tests" type="SubSonic.Tests.SugarTests" member="Dates_ReadableDiff" />
                        <codeLocation path="C:\data\SubsonicRoot\ss2\SubSonic.Tests\SugarTests.cs" line="121" />
                        <metadata>
                          <entry key="TestKind">
                            <value>Test</value>
                          </entry>
                        </metadata>
                      </testStep>
                      <children />
                      <result assertCount="1" duration="0.0001534">
                        <outcome status="passed" />
                      </result>
                      <testLog>
                        <streams />
                        <attachments />
                      </testLog>
                    </testStepRun>
                    <testStepRun startTime="2011-08-05T15:48:48.5087205+09:30" endTime="2011-08-05T15:48:48.5243455+09:30">
                      <testStep id="772dc6f95b8bf465" name="Dates_ReadableDiff(2007-01-01T00:00:00.0000000, 2008-01-01T01:30:40.0000000, &quot;1 year ago&quot;)" fullName="SubSonic.Tests/SugarTests/Dates_ReadableDiff/Dates_ReadableDiff(2007-01-01T00:00:00.0000000, 2008-01-01T01:30:40.0000000, &quot;1 year ago&quot;)" testId="d6b2470982053183" isPrimary="false" isTestCase="true" isDynamic="false">
                        <codeReference assembly="SubSonic.Tests, Version=2.2.1.0, Culture=neutral, PublicKeyToken=null" namespace="SubSonic.Tests" type="SubSonic.Tests.SugarTests" member="Dates_ReadableDiff" />
                        <codeLocation path="C:\data\SubsonicRoot\ss2\SubSonic.Tests\SugarTests.cs" line="121" />
                        <metadata>
                          <entry key="TestKind">
                            <value>Test</value>
                          </entry>
                        </metadata>
                      </testStep>
                      <children />
                      <result assertCount="1" duration="0.0001273">
                        <outcome status="passed" />
                      </result>
                      <testLog>
                        <streams />
                        <attachments />
                      </testLog>
                    </testStepRun>
                    <testStepRun startTime="2011-08-05T15:48:48.5243455+09:30" endTime="2011-08-05T15:48:48.5243455+09:30">
                      <testStep id="f595a8a7f9193540" name="Dates_ReadableDiff(2007-01-01T00:00:00.0000000, 2007-02-01T01:30:40.0000000, &quot;1 month ago&quot;)" fullName="SubSonic.Tests/SugarTests/Dates_ReadableDiff/Dates_ReadableDiff(2007-01-01T00:00:00.0000000, 2007-02-01T01:30:40.0000000, &quot;1 month ago&quot;)" testId="d6b2470982053183" isPrimary="false" isTestCase="true" isDynamic="false">
                        <codeReference assembly="SubSonic.Tests, Version=2.2.1.0, Culture=neutral, PublicKeyToken=null" namespace="SubSonic.Tests" type="SubSonic.Tests.SugarTests" member="Dates_ReadableDiff" />
                        <codeLocation path="C:\data\SubsonicRoot\ss2\SubSonic.Tests\SugarTests.cs" line="121" />
                        <metadata>
                          <entry key="TestKind">
                            <value>Test</value>
                          </entry>
                        </metadata>
                      </testStep>
                      <children />
                      <result assertCount="1" duration="0.0001296">
                        <outcome status="passed" />
                      </result>
                      <testLog>
                        <streams />
                        <attachments />
                      </testLog>
                    </testStepRun>
                    <testStepRun startTime="2011-08-05T15:48:48.5243455+09:30" endTime="2011-08-05T15:48:48.5399705+09:30">
                      <testStep id="c1e6a5e85ff9f5a9" name="Dates_ReadableDiff(2007-01-01T00:00:00.0000000, 2007-02-02T01:30:40.0000000, &quot;1 month, 1 day ago&quot;)" fullName="SubSonic.Tests/SugarTests/Dates_ReadableDiff/Dates_ReadableDiff(2007-01-01T00:00:00.0000000, 2007-02-02T01:30:40.0000000, &quot;1 month, 1 day ago&quot;)" testId="d6b2470982053183" isPrimary="false" isTestCase="true" isDynamic="false">
                        <codeReference assembly="SubSonic.Tests, Version=2.2.1.0, Culture=neutral, PublicKeyToken=null" namespace="SubSonic.Tests" type="SubSonic.Tests.SugarTests" member="Dates_ReadableDiff" />
                        <codeLocation path="C:\data\SubsonicRoot\ss2\SubSonic.Tests\SugarTests.cs" line="121" />
                        <metadata>
                          <entry key="TestKind">
                            <value>Test</value>
                          </entry>
                        </metadata>
                      </testStep>
                      <children />
                      <result assertCount="1" duration="0.0007465">
                        <outcome status="passed" />
                      </result>
                      <testLog>
                        <streams />
                        <attachments />
                      </testLog>
                    </testStepRun>
                  </children>
                  <result assertCount="17" duration="0.1168393">
                    <outcome status="passed" />
                  </result>
                  <testLog>
                    <streams />
                    <attachments />
                  </testLog>
                </testStepRun>
                <testStepRun startTime="2011-08-05T15:48:48.5399705+09:30" endTime="2011-08-05T15:48:48.5399705+09:30">
                  <testStep id="24b8ffe2a51d0c1d" name="Numbers_IsInteger" fullName="SubSonic.Tests/SugarTests/Numbers_IsInteger" testId="9d1f3b426e0830d0" isPrimary="true" isTestCase="true" isDynamic="false">
                    <codeReference assembly="SubSonic.Tests, Version=2.2.1.0, Culture=neutral, PublicKeyToken=null" namespace="SubSonic.Tests" type="SubSonic.Tests.SugarTests" member="Numbers_IsInteger" />
                    <codeLocation path="C:\data\SubsonicRoot\ss2\SubSonic.Tests\SugarTests.cs" line="66" />
                    <metadata>
                      <entry key="TestKind">
                        <value>Test</value>
                      </entry>
                    </metadata>
                  </testStep>
                  <children />
                  <result assertCount="3" duration="0.0024755999999999997">
                    <outcome status="passed" />
                  </result>
                  <testLog>
                    <streams />
                    <attachments />
                  </testLog>
                </testStepRun>
                <testStepRun startTime="2011-08-05T15:48:48.5555955+09:30" endTime="2011-08-05T15:48:48.5555955+09:30">
                  <testStep id="e38c33cb352b7f77" name="Numbers_IsNumeric" fullName="SubSonic.Tests/SugarTests/Numbers_IsNumeric" testId="af2b9a98fb7c9a0a" isPrimary="true" isTestCase="true" isDynamic="false">
                    <codeReference assembly="SubSonic.Tests, Version=2.2.1.0, Culture=neutral, PublicKeyToken=null" namespace="SubSonic.Tests" type="SubSonic.Tests.SugarTests" member="Numbers_IsNumeric" />
                    <codeLocation path="C:\data\SubsonicRoot\ss2\SubSonic.Tests\SugarTests.cs" line="46" />
                    <metadata>
                      <entry key="TestKind">
                        <value>Test</value>
                      </entry>
                    </metadata>
                  </testStep>
                  <children />
                  <result assertCount="5" duration="0.0020794">
                    <outcome status="passed" />
                  </result>
                  <testLog>
                    <streams />
                    <attachments />
                  </testLog>
                </testStepRun>
                <testStepRun startTime="2011-08-05T15:48:48.5555955+09:30" endTime="2011-08-05T15:48:48.5555955+09:30">
                  <testStep id="a51d3922b6e79a17" name="Strings_IsAlpha" fullName="SubSonic.Tests/SugarTests/Strings_IsAlpha" testId="465b4d4accd38006" isPrimary="true" isTestCase="true" isDynamic="false">
                    <codeReference assembly="SubSonic.Tests, Version=2.2.1.0, Culture=neutral, PublicKeyToken=null" namespace="SubSonic.Tests" type="SubSonic.Tests.SugarTests" member="Strings_IsAlpha" />
                    <codeLocation path="C:\data\SubsonicRoot\ss2\SubSonic.Tests\SugarTests.cs" line="82" />
                    <metadata>
                      <entry key="TestKind">
                        <value>Test</value>
                      </entry>
                    </metadata>
                  </testStep>
                  <children />
                  <result assertCount="4" duration="0.0023649">
                    <outcome status="passed" />
                  </result>
                  <testLog>
                    <streams />
                    <attachments />
                  </testLog>
                </testStepRun>
                <testStepRun startTime="2011-08-05T15:48:48.5712205+09:30" endTime="2011-08-05T15:48:48.7587205+09:30">
                  <testStep id="63498e21698d42ae" name="Validation_IsCreditCardAny" fullName="SubSonic.Tests/SugarTests/Validation_IsCreditCardAny" testId="d3f05500890def04" isPrimary="true" isTestCase="false" isDynamic="false">
                    <codeReference assembly="SubSonic.Tests, Version=2.2.1.0, Culture=neutral, PublicKeyToken=null" namespace="SubSonic.Tests" type="SubSonic.Tests.SugarTests" member="Validation_IsCreditCardAny" />
                    <codeLocation path="C:\data\SubsonicRoot\ss2\SubSonic.Tests\SugarTests.cs" line="155" />
                    <metadata>
                      <entry key="TestKind">
                        <value>Test</value>
                      </entry>
                    </metadata>
                  </testStep>
                  <children>
                    <testStepRun startTime="2011-08-05T15:48:48.5712205+09:30" endTime="2011-08-05T15:48:48.5712205+09:30">
                      <testStep id="26d681d8a00f718b" name="Validation_IsCreditCardAny(&quot;341-1111-1111-1111&quot;, true)" fullName="SubSonic.Tests/SugarTests/Validation_IsCreditCardAny/Validation_IsCreditCardAny(&quot;341-1111-1111-1111&quot;, true)" testId="d3f05500890def04" isPrimary="false" isTestCase="true" isDynamic="false">
                        <codeReference assembly="SubSonic.Tests, Version=2.2.1.0, Culture=neutral, PublicKeyToken=null" namespace="SubSonic.Tests" type="SubSonic.Tests.SugarTests" member="Validation_IsCreditCardAny" />
                        <codeLocation path="C:\data\SubsonicRoot\ss2\SubSonic.Tests\SugarTests.cs" line="155" />
                        <metadata>
                          <entry key="TestKind">
                            <value>Test</value>
                          </entry>
                        </metadata>
                      </testStep>
                      <children />
                      <result assertCount="1" duration="0.0016385999999999998">
                        <outcome status="passed" />
                      </result>
                      <testLog>
                        <streams />
                        <attachments />
                      </testLog>
                    </testStepRun>
                    <testStepRun startTime="2011-08-05T15:48:48.5712205+09:30" endTime="2011-08-05T15:48:48.5868455+09:30">
                      <testStep id="f1c1f85f9115914e" name="Validation_IsCreditCardAny(&quot;6011-6011-6011&quot;, false)" fullName="SubSonic.Tests/SugarTests/Validation_IsCreditCardAny/Validation_IsCreditCardAny(&quot;6011-6011-6011&quot;, false)" testId="d3f05500890def04" isPrimary="false" isTestCase="true" isDynamic="false">
                        <codeReference assembly="SubSonic.Tests, Version=2.2.1.0, Culture=neutral, PublicKeyToken=null" namespace="SubSonic.Tests" type="SubSonic.Tests.SugarTests" member="Validation_IsCreditCardAny" />
                        <codeLocation path="C:\data\SubsonicRoot\ss2\SubSonic.Tests\SugarTests.cs" line="155" />
                        <metadata>
                          <entry key="TestKind">
                            <value>Test</value>
                          </entry>
                        </metadata>
                      </testStep>
                      <children />
                      <result assertCount="1" duration="0.0002061">
                        <outcome status="passed" />
                      </result>
                      <testLog>
                        <streams />
                        <attachments />
                      </testLog>
                    </testStepRun>
                    <testStepRun startTime="2011-08-05T15:48:48.5868455+09:30" endTime="2011-08-05T15:48:48.5868455+09:30">
                      <testStep id="df085b50a50e86d5" name="Validation_IsCreditCardAny(&quot;6011111111111117&quot;, true)" fullName="SubSonic.Tests/SugarTests/Validation_IsCreditCardAny/Validation_IsCreditCardAny(&quot;6011111111111117&quot;, true)" testId="d3f05500890def04" isPrimary="false" isTestCase="true" isDynamic="false">
                        <codeReference assembly="SubSonic.Tests, Version=2.2.1.0, Culture=neutral, PublicKeyToken=null" namespace="SubSonic.Tests" type="SubSonic.Tests.SugarTests" member="Validation_IsCreditCardAny" />
                        <codeLocation path="C:\data\SubsonicRoot\ss2\SubSonic.Tests\SugarTests.cs" line="155" />
                        <metadata>
                          <entry key="TestKind">
                            <value>Test</value>
                          </entry>
                        </metadata>
                      </testStep>
                      <children />
                      <result assertCount="1" duration="0.0002629">
                        <outcome status="passed" />
                      </result>
                      <testLog>
                        <streams />
                        <attachments />
                      </testLog>
                    </testStepRun>
                    <testStepRun startTime="2011-08-05T15:48:48.6024705+09:30" endTime="2011-08-05T15:48:48.6024705+09:30">
                      <testStep id="57d116a553f34fbc" name="Validation_IsCreditCardAny(&quot;38520000023237&quot;, true)" fullName="SubSonic.Tests/SugarTests/Validation_IsCreditCardAny/Validation_IsCreditCardAny(&quot;38520000023237&quot;, true)" testId="d3f05500890def04" isPrimary="false" isTestCase="true" isDynamic="false">
                        <codeReference assembly="SubSonic.Tests, Version=2.2.1.0, Culture=neutral, PublicKeyToken=null" namespace="SubSonic.Tests" type="SubSonic.Tests.SugarTests" member="Validation_IsCreditCardAny" />
                        <codeLocation path="C:\data\SubsonicRoot\ss2\SubSonic.Tests\SugarTests.cs" line="155" />
                        <metadata>
                          <entry key="TestKind">
                            <value>Test</value>
                          </entry>
                        </metadata>
                      </testStep>
                      <children />
                      <result assertCount="1" duration="0.0002161">
                        <outcome status="passed" />
                      </result>
                      <testLog>
                        <streams />
                        <attachments />
                      </testLog>
                    </testStepRun>
                    <testStepRun startTime="2011-08-05T15:48:48.6024705+09:30" endTime="2011-08-05T15:48:48.6024705+09:30">
                      <testStep id="e289fda02fa1ce82" name="Validation_IsCreditCardAny(&quot;30569309025904&quot;, true)" fullName="SubSonic.Tests/SugarTests/Validation_IsCreditCardAny/Validation_IsCreditCardAny(&quot;30569309025904&quot;, true)" testId="d3f05500890def04" isPrimary="false" isTestCase="true" isDynamic="false">
                        <codeReference assembly="SubSonic.Tests, Version=2.2.1.0, Culture=neutral, PublicKeyToken=null" namespace="SubSonic.Tests" type="SubSonic.Tests.SugarTests" member="Validation_IsCreditCardAny" />
                        <codeLocation path="C:\data\SubsonicRoot\ss2\SubSonic.Tests\SugarTests.cs" line="155" />
                        <metadata>
                          <entry key="TestKind">
                            <value>Test</value>
                          </entry>
                        </metadata>
                      </testStep>
                      <children />
                      <result assertCount="1" duration="0.0001897">
                        <outcome status="passed" />
                      </result>
                      <testLog>
                        <streams />
                        <attachments />
                      </testLog>
                    </testStepRun>
                    <testStepRun startTime="2011-08-05T15:48:48.6180955+09:30" endTime="2011-08-05T15:48:48.6180955+09:30">
                      <testStep id="2fd49bba94cb9849" name="Validation_IsCreditCardAny(&quot;4111111111111111&quot;, true)" fullName="SubSonic.Tests/SugarTests/Validation_IsCreditCardAny/Validation_IsCreditCardAny(&quot;4111111111111111&quot;, true)" testId="d3f05500890def04" isPrimary="false" isTestCase="true" isDynamic="false">
                        <codeReference assembly="SubSonic.Tests, Version=2.2.1.0, Culture=neutral, PublicKeyToken=null" namespace="SubSonic.Tests" type="SubSonic.Tests.SugarTests" member="Validation_IsCreditCardAny" />
                        <codeLocation path="C:\data\SubsonicRoot\ss2\SubSonic.Tests\SugarTests.cs" line="155" />
                        <metadata>
                          <entry key="TestKind">
                            <value>Test</value>
                          </entry>
                        </metadata>
                      </testStep>
                      <children />
                      <result assertCount="1" duration="0.0007911">
                        <outcome status="passed" />
                      </result>
                      <testLog>
                        <streams />
                        <attachments />
                      </testLog>
                    </testStepRun>
                    <testStepRun startTime="2011-08-05T15:48:48.6180955+09:30" endTime="2011-08-05T15:48:48.6180955+09:30">
                      <testStep id="4c73dddd99d10e96" name="Validation_IsCreditCardAny(&quot;000000000000000&quot;, false)" fullName="SubSonic.Tests/SugarTests/Validation_IsCreditCardAny/Validation_IsCreditCardAny(&quot;000000000000000&quot;, false)" testId="d3f05500890def04" isPrimary="false" isTestCase="true" isDynamic="false">
                        <codeReference assembly="SubSonic.Tests, Version=2.2.1.0, Culture=neutral, PublicKeyToken=null" namespace="SubSonic.Tests" type="SubSonic.Tests.SugarTests" member="Validation_IsCreditCardAny" />
                        <codeLocation path="C:\data\SubsonicRoot\ss2\SubSonic.Tests\SugarTests.cs" line="155" />
                        <metadata>
                          <entry key="TestKind">
                            <value>Test</value>
                          </entry>
                        </metadata>
                      </testStep>
                      <children />
                      <result assertCount="1" duration="0.000195">
                        <outcome status="passed" />
                      </result>
                      <testLog>
                        <streams />
                        <attachments />
                      </testLog>
                    </testStepRun>
                    <testStepRun startTime="2011-08-05T15:48:48.6337205+09:30" endTime="2011-08-05T15:48:48.6337205+09:30">
                      <testStep id="b69faed93a05303d" name="Validation_IsCreditCardAny(&quot;0000000000000&quot;, false)" fullName="SubSonic.Tests/SugarTests/Validation_IsCreditCardAny/Validation_IsCreditCardAny(&quot;0000000000000&quot;, false)" testId="d3f05500890def04" isPrimary="false" isTestCase="true" isDynamic="false">
                        <codeReference assembly="SubSonic.Tests, Version=2.2.1.0, Culture=neutral, PublicKeyToken=null" namespace="SubSonic.Tests" type="SubSonic.Tests.SugarTests" member="Validation_IsCreditCardAny" />
                        <codeLocation path="C:\data\SubsonicRoot\ss2\SubSonic.Tests\SugarTests.cs" line="155" />
                        <metadata>
                          <entry key="TestKind">
                            <value>Test</value>
                          </entry>
                        </metadata>
                      </testStep>
                      <children />
                      <result assertCount="1" duration="0.00018979999999999998">
                        <outcome status="passed" />
                      </result>
                      <testLog>
                        <streams />
                        <attachments />
                      </testLog>
                    </testStepRun>
                    <testStepRun startTime="2011-08-05T15:48:48.6337205+09:30" endTime="2011-08-05T15:48:48.6337205+09:30">
                      <testStep id="4a20fa12ea8420c7" name="Validation_IsCreditCardAny(&quot;6011-6011-6011-6611&quot;, true)" fullName="SubSonic.Tests/SugarTests/Validation_IsCreditCardAny/Validation_IsCreditCardAny(&quot;6011-6011-6011-6611&quot;, true)" testId="d3f05500890def04" isPrimary="false" isTestCase="true" isDynamic="false">
                        <codeReference assembly="SubSonic.Tests, Version=2.2.1.0, Culture=neutral, PublicKeyToken=null" namespace="SubSonic.Tests" type="SubSonic.Tests.SugarTests" member="Validation_IsCreditCardAny" />
                        <codeLocation path="C:\data\SubsonicRoot\ss2\SubSonic.Tests\SugarTests.cs" line="155" />
                        <metadata>
                          <entry key="TestKind">
                            <value>Test</value>
                          </entry>
                        </metadata>
                      </testStep>
                      <children />
                      <result assertCount="1" duration="0.00019119999999999999">
                        <outcome status="passed" />
                      </result>
                      <testLog>
                        <streams />
                        <attachments />
                      </testLog>
                    </testStepRun>
                    <testStepRun startTime="2011-08-05T15:48:48.6493455+09:30" endTime="2011-08-05T15:48:48.6493455+09:30">
                      <testStep id="5c3b695e9f8ee27d" name="Validation_IsCreditCardAny(&quot;5431-1111-1111-1111&quot;, true)" fullName="SubSonic.Tests/SugarTests/Validation_IsCreditCardAny/Validation_IsCreditCardAny(&quot;5431-1111-1111-1111&quot;, true)" testId="d3f05500890def04" isPrimary="false" isTestCase="true" isDynamic="false">
                        <codeReference assembly="SubSonic.Tests, Version=2.2.1.0, Culture=neutral, PublicKeyToken=null" namespace="SubSonic.Tests" type="SubSonic.Tests.SugarTests" member="Validation_IsCreditCardAny" />
                        <codeLocation path="C:\data\SubsonicRoot\ss2\SubSonic.Tests\SugarTests.cs" line="155" />
                        <metadata>
                          <entry key="TestKind">
                            <value>Test</value>
                          </entry>
                        </metadata>
                      </testStep>
                      <children />
                      <result assertCount="1" duration="0.000206">
                        <outcome status="passed" />
                      </result>
                      <testLog>
                        <streams />
                        <attachments />
                      </testLog>
                    </testStepRun>
                    <testStepRun startTime="2011-08-05T15:48:48.6493455+09:30" endTime="2011-08-05T15:48:48.6649705+09:30">
                      <testStep id="a75c382a1fe79aa4" name="Validation_IsCreditCardAny(&quot;4012888888881881&quot;, true)" fullName="SubSonic.Tests/SugarTests/Validation_IsCreditCardAny/Validation_IsCreditCardAny(&quot;4012888888881881&quot;, true)" testId="d3f05500890def04" isPrimary="false" isTestCase="true" isDynamic="false">
                        <codeReference assembly="SubSonic.Tests, Version=2.2.1.0, Culture=neutral, PublicKeyToken=null" namespace="SubSonic.Tests" type="SubSonic.Tests.SugarTests" member="Validation_IsCreditCardAny" />
                        <codeLocation path="C:\data\SubsonicRoot\ss2\SubSonic.Tests\SugarTests.cs" line="155" />
                        <metadata>
                          <entry key="TestKind">
                            <value>Test</value>
                          </entry>
                        </metadata>
                      </testStep>
                      <children />
                      <result assertCount="1" duration="0.00020559999999999998">
                        <outcome status="passed" />
                      </result>
                      <testLog>
                        <streams />
                        <attachments />
                      </testLog>
                    </testStepRun>
                    <testStepRun startTime="2011-08-05T15:48:48.6649705+09:30" endTime="2011-08-05T15:48:48.6649705+09:30">
                      <testStep id="1ecf740776eedc0f" name="Validation_IsCreditCardAny(&quot;5105105105105100&quot;, true)" fullName="SubSonic.Tests/SugarTests/Validation_IsCreditCardAny/Validation_IsCreditCardAny(&quot;5105105105105100&quot;, true)" testId="d3f05500890def04" isPrimary="false" isTestCase="true" isDynamic="false">
                        <codeReference assembly="SubSonic.Tests, Version=2.2.1.0, Culture=neutral, PublicKeyToken=null" namespace="SubSonic.Tests" type="SubSonic.Tests.SugarTests" member="Validation_IsCreditCardAny" />
                        <codeLocation path="C:\data\SubsonicRoot\ss2\SubSonic.Tests\SugarTests.cs" line="155" />
                        <metadata>
                          <entry key="TestKind">
                            <value>Test</value>
                          </entry>
                        </metadata>
                      </testStep>
                      <children />
                      <result assertCount="1" duration="0.00020099999999999998">
                        <outcome status="passed" />
                      </result>
                      <testLog>
                        <streams />
                        <attachments />
                      </testLog>
                    </testStepRun>
                    <testStepRun startTime="2011-08-05T15:48:48.6649705+09:30" endTime="2011-08-05T15:48:48.6805955+09:30">
                      <testStep id="ffe3d81de44732f7" name="Validation_IsCreditCardAny(&quot;5555555555554444&quot;, true)" fullName="SubSonic.Tests/SugarTests/Validation_IsCreditCardAny/Validation_IsCreditCardAny(&quot;5555555555554444&quot;, true)" testId="d3f05500890def04" isPrimary="false" isTestCase="true" isDynamic="false">
                        <codeReference assembly="SubSonic.Tests, Version=2.2.1.0, Culture=neutral, PublicKeyToken=null" namespace="SubSonic.Tests" type="SubSonic.Tests.SugarTests" member="Validation_IsCreditCardAny" />
                        <codeLocation path="C:\data\SubsonicRoot\ss2\SubSonic.Tests\SugarTests.cs" line="155" />
                        <metadata>
                          <entry key="TestKind">
                            <value>Test</value>
                          </entry>
                        </metadata>
                      </testStep>
                      <children />
                      <result assertCount="1" duration="0.0001928">
                        <outcome status="passed" />
                      </result>
                      <testLog>
                        <streams />
                        <attachments />
                      </testLog>
                    </testStepRun>
                    <testStepRun startTime="2011-08-05T15:48:48.6805955+09:30" endTime="2011-08-05T15:48:48.6805955+09:30">
                      <testStep id="3a42f03628997011" name="Validation_IsCreditCardAny(&quot;0000000000000000&quot;, false)" fullName="SubSonic.Tests/SugarTests/Validation_IsCreditCardAny/Validation_IsCreditCardAny(&quot;0000000000000000&quot;, false)" testId="d3f05500890def04" isPrimary="false" isTestCase="true" isDynamic="false">
                        <codeReference assembly="SubSonic.Tests, Version=2.2.1.0, Culture=neutral, PublicKeyToken=null" namespace="SubSonic.Tests" type="SubSonic.Tests.SugarTests" member="Validation_IsCreditCardAny" />
                        <codeLocation path="C:\data\SubsonicRoot\ss2\SubSonic.Tests\SugarTests.cs" line="155" />
                        <metadata>
                          <entry key="TestKind">
                            <value>Test</value>
                          </entry>
                        </metadata>
                      </testStep>
                      <children />
                      <result assertCount="1" duration="0.0002968">
                        <outcome status="passed" />
                      </result>
                      <testLog>
                        <streams />
                        <attachments />
                      </testLog>
                    </testStepRun>
                    <testStepRun startTime="2011-08-05T15:48:48.6805955+09:30" endTime="2011-08-05T15:48:48.6962205+09:30">
                      <testStep id="5c1e514fc57c4258" name="Validation_IsCreditCardAny(&quot;4222222222222&quot;, true)" fullName="SubSonic.Tests/SugarTests/Validation_IsCreditCardAny/Validation_IsCreditCardAny(&quot;4222222222222&quot;, true)" testId="d3f05500890def04" isPrimary="false" isTestCase="true" isDynamic="false">
                        <codeReference assembly="SubSonic.Tests, Version=2.2.1.0, Culture=neutral, PublicKeyToken=null" namespace="SubSonic.Tests" type="SubSonic.Tests.SugarTests" member="Validation_IsCreditCardAny" />
                        <codeLocation path="C:\data\SubsonicRoot\ss2\SubSonic.Tests\SugarTests.cs" line="155" />
                        <metadata>
                          <entry key="TestKind">
                            <value>Test</value>
                          </entry>
                        </metadata>
                      </testStep>
                      <children />
                      <result assertCount="1" duration="0.00021569999999999999">
                        <outcome status="passed" />
                      </result>
                      <testLog>
                        <streams />
                        <attachments />
                      </testLog>
                    </testStepRun>
                    <testStepRun startTime="2011-08-05T15:48:48.6962205+09:30" endTime="2011-08-05T15:48:48.6962205+09:30">
                      <testStep id="46900a7c9cc8632a" name="Validation_IsCreditCardAny(&quot;6011000990139424&quot;, true)" fullName="SubSonic.Tests/SugarTests/Validation_IsCreditCardAny/Validation_IsCreditCardAny(&quot;6011000990139424&quot;, true)" testId="d3f05500890def04" isPrimary="false" isTestCase="true" isDynamic="false">
                        <codeReference assembly="SubSonic.Tests, Version=2.2.1.0, Culture=neutral, PublicKeyToken=null" namespace="SubSonic.Tests" type="SubSonic.Tests.SugarTests" member="Validation_IsCreditCardAny" />
                        <codeLocation path="C:\data\SubsonicRoot\ss2\SubSonic.Tests\SugarTests.cs" line="155" />
                        <metadata>
                          <entry key="TestKind">
                            <value>Test</value>
                          </entry>
                        </metadata>
                      </testStep>
                      <children />
                      <result assertCount="1" duration="0.0002007">
                        <outcome status="passed" />
                      </result>
                      <testLog>
                        <streams />
                        <attachments />
                      </testLog>
                    </testStepRun>
                    <testStepRun startTime="2011-08-05T15:48:48.6962205+09:30" endTime="2011-08-05T15:48:48.7118455+09:30">
                      <testStep id="6f7c6c53b4e3bbe4" name="Validation_IsCreditCardAny(&quot;4111-1111-1111-1111&quot;, true)" fullName="SubSonic.Tests/SugarTests/Validation_IsCreditCardAny/Validation_IsCreditCardAny(&quot;4111-1111-1111-1111&quot;, true)" testId="d3f05500890def04" isPrimary="false" isTestCase="true" isDynamic="false">
                        <codeReference assembly="SubSonic.Tests, Version=2.2.1.0, Culture=neutral, PublicKeyToken=null" namespace="SubSonic.Tests" type="SubSonic.Tests.SugarTests" member="Validation_IsCreditCardAny" />
                        <codeLocation path="C:\data\SubsonicRoot\ss2\SubSonic.Tests\SugarTests.cs" line="155" />
                        <metadata>
                          <entry key="TestKind">
                            <value>Test</value>
                          </entry>
                        </metadata>
                      </testStep>
                      <children />
                      <result assertCount="1" duration="0.0003476">
                        <outcome status="passed" />
                      </result>
                      <testLog>
                        <streams />
                        <attachments />
                      </testLog>
                    </testStepRun>
                    <testStepRun startTime="2011-08-05T15:48:48.7118455+09:30" endTime="2011-08-05T15:48:48.7118455+09:30">
                      <testStep id="c81a3e48eeb0eb3f" name="Validation_IsCreditCardAny(&quot;371449635398431&quot;, true)" fullName="SubSonic.Tests/SugarTests/Validation_IsCreditCardAny/Validation_IsCreditCardAny(&quot;371449635398431&quot;, true)" testId="d3f05500890def04" isPrimary="false" isTestCase="true" isDynamic="false">
                        <codeReference assembly="SubSonic.Tests, Version=2.2.1.0, Culture=neutral, PublicKeyToken=null" namespace="SubSonic.Tests" type="SubSonic.Tests.SugarTests" member="Validation_IsCreditCardAny" />
                        <codeLocation path="C:\data\SubsonicRoot\ss2\SubSonic.Tests\SugarTests.cs" line="155" />
                        <metadata>
                          <entry key="TestKind">
                            <value>Test</value>
                          </entry>
                        </metadata>
                      </testStep>
                      <children />
                      <result assertCount="1" duration="0.0002742">
                        <outcome status="passed" />
                      </result>
                      <testLog>
                        <streams />
                        <attachments />
                      </testLog>
                    </testStepRun>
                    <testStepRun startTime="2011-08-05T15:48:48.7274705+09:30" endTime="2011-08-05T15:48:48.7274705+09:30">
                      <testStep id="f0f09e68cfd0c9da" name="Validation_IsCreditCardAny(&quot;378734493671000&quot;, true)" fullName="SubSonic.Tests/SugarTests/Validation_IsCreditCardAny/Validation_IsCreditCardAny(&quot;378734493671000&quot;, true)" testId="d3f05500890def04" isPrimary="false" isTestCase="true" isDynamic="false">
                        <codeReference assembly="SubSonic.Tests, Version=2.2.1.0, Culture=neutral, PublicKeyToken=null" namespace="SubSonic.Tests" type="SubSonic.Tests.SugarTests" member="Validation_IsCreditCardAny" />
                        <codeLocation path="C:\data\SubsonicRoot\ss2\SubSonic.Tests\SugarTests.cs" line="155" />
                        <metadata>
                          <entry key="TestKind">
                            <value>Test</value>
                          </entry>
                        </metadata>
                      </testStep>
                      <children />
                      <result assertCount="1" duration="0.00022689999999999999">
                        <outcome status="passed" />
                      </result>
                      <testLog>
                        <streams />
                        <attachments />
                      </testLog>
                    </testStepRun>
                    <testStepRun startTime="2011-08-05T15:48:48.7274705+09:30" endTime="2011-08-05T15:48:48.7430955+09:30">
                      <testStep id="5fb245b4fb4ddafd" name="Validation_IsCreditCardAny(&quot;378282246310005&quot;, true)" fullName="SubSonic.Tests/SugarTests/Validation_IsCreditCardAny/Validation_IsCreditCardAny(&quot;378282246310005&quot;, true)" testId="d3f05500890def04" isPrimary="false" isTestCase="true" isDynamic="false">
                        <codeReference assembly="SubSonic.Tests, Version=2.2.1.0, Culture=neutral, PublicKeyToken=null" namespace="SubSonic.Tests" type="SubSonic.Tests.SugarTests" member="Validation_IsCreditCardAny" />
                        <codeLocation path="C:\data\SubsonicRoot\ss2\SubSonic.Tests\SugarTests.cs" line="155" />
                        <metadata>
                          <entry key="TestKind">
                            <value>Test</value>
                          </entry>
                        </metadata>
                      </testStep>
                      <children />
                      <result assertCount="1" duration="0.0001906">
                        <outcome status="passed" />
                      </result>
                      <testLog>
                        <streams />
                        <attachments />
                      </testLog>
                    </testStepRun>
                    <testStepRun startTime="2011-08-05T15:48:48.7430955+09:30" endTime="2011-08-05T15:48:48.7430955+09:30">
                      <testStep id="4af45fce8fd6953d" name="Validation_IsCreditCardAny(&quot;3566002020360505&quot;, true)" fullName="SubSonic.Tests/SugarTests/Validation_IsCreditCardAny/Validation_IsCreditCardAny(&quot;3566002020360505&quot;, true)" testId="d3f05500890def04" isPrimary="false" isTestCase="true" isDynamic="false">
                        <codeReference assembly="SubSonic.Tests, Version=2.2.1.0, Culture=neutral, PublicKeyToken=null" namespace="SubSonic.Tests" type="SubSonic.Tests.SugarTests" member="Validation_IsCreditCardAny" />
                        <codeLocation path="C:\data\SubsonicRoot\ss2\SubSonic.Tests\SugarTests.cs" line="155" />
                        <metadata>
                          <entry key="TestKind">
                            <value>Test</value>
                          </entry>
                        </metadata>
                      </testStep>
                      <children />
                      <result assertCount="1" duration="0.00019789999999999999">
                        <outcome status="passed" />
                      </result>
                      <testLog>
                        <streams />
                        <attachments />
                      </testLog>
                    </testStepRun>
                    <testStepRun startTime="2011-08-05T15:48:48.7430955+09:30" endTime="2011-08-05T15:48:48.7587205+09:30">
                      <testStep id="8cfe8c259a88af94" name="Validation_IsCreditCardAny(&quot;3530111333300000&quot;, true)" fullName="SubSonic.Tests/SugarTests/Validation_IsCreditCardAny/Validation_IsCreditCardAny(&quot;3530111333300000&quot;, true)" testId="d3f05500890def04" isPrimary="false" isTestCase="true" isDynamic="false">
                        <codeReference assembly="SubSonic.Tests, Version=2.2.1.0, Culture=neutral, PublicKeyToken=null" namespace="SubSonic.Tests" type="SubSonic.Tests.SugarTests" member="Validation_IsCreditCardAny" />
                        <codeLocation path="C:\data\SubsonicRoot\ss2\SubSonic.Tests\SugarTests.cs" line="155" />
                        <metadata>
                          <entry key="TestKind">
                            <value>Test</value>
                          </entry>
                        </metadata>
                      </testStep>
                      <children />
                      <result assertCount="1" duration="0.0002037">
                        <outcome status="passed" />
                      </result>
                      <testLog>
                        <streams />
                        <attachments />
                      </testLog>
                    </testStepRun>
                  </children>
                  <result assertCount="22" duration="0.0582335">
                    <outcome status="passed" />
                  </result>
                  <testLog>
                    <streams />
                    <attachments />
                  </testLog>
                </testStepRun>
              </children>
              <result assertCount="52" duration="0.2248758">
                <outcome status="passed" />
              </result>
              <testLog>
                <streams />
                <attachments />
              </testLog>
            </testStepRun>
            <testStepRun startTime="2011-08-05T15:48:48.7587205+09:30" endTime="2011-08-05T15:48:48.9774705+09:30">
              <testStep id="55c4a4781442a2ba" name="TransactionTests" fullName="SubSonic.Tests/TransactionTests" testId="a55b2e3f81298baf" isPrimary="true" isTestCase="false" isDynamic="false">
                <codeReference assembly="SubSonic.Tests, Version=2.2.1.0, Culture=neutral, PublicKeyToken=null" namespace="SubSonic.Tests" type="SubSonic.Tests.TransactionTests" />
                <codeLocation path="C:\data\SubsonicRoot\ss2\SubSonic.Tests\TransactionTests.cs" />
                <metadata>
                  <entry key="TestKind">
                    <value>Fixture</value>
                  </entry>
                </metadata>
              </testStep>
              <children>
                <testStepRun startTime="2011-08-05T15:48:48.7743455+09:30" endTime="2011-08-05T15:48:48.8680955+09:30">
                  <testStep id="26b0b7ffc91df70a" name="Transaction_CommitProduct" fullName="SubSonic.Tests/TransactionTests/Transaction_CommitProduct" testId="62339cc90cadd0f1" isPrimary="true" isTestCase="true" isDynamic="false">
                    <codeReference assembly="SubSonic.Tests, Version=2.2.1.0, Culture=neutral, PublicKeyToken=null" namespace="SubSonic.Tests" type="SubSonic.Tests.TransactionTests" member="Transaction_CommitProduct" />
                    <codeLocation path="C:\data\SubsonicRoot\ss2\SubSonic.Tests\TransactionTests.cs" line="75" />
                    <metadata>
                      <entry key="TestKind">
                        <value>Test</value>
                      </entry>
                    </metadata>
                  </testStep>
                  <children />
                  <result assertCount="0" duration="0.015327499999999999">
                    <outcome status="failed" />
                  </result>
                  <testLog>
                    <streams>
                      <stream name="Failures">
                        <body>
                          <contents>
                            <section name="Execute">
                              <contents>
                                <marker class="Exception">
                                  <contents>
                                    <marker class="ExceptionType">
                                      <contents>
                                        <text><![CDATA[System.Data.SqlClient.SqlException]]></text>
                                      </contents>
                                      <attributes />
                                    </marker>
                                    <text><![CDATA[: ]]></text>
                                    <marker class="ExceptionMessage">
                                      <contents>
                                        <text><![CDATA[Incorrect syntax near the keyword 'ORDER'.]]></text>
                                      </contents>
                                      <attributes />
                                    </marker>
                                    <text><![CDATA[
]]></text>
                                    <marker class="ExceptionPropertyName">
                                      <contents>
                                        <text><![CDATA[Errors]]></text>
                                      </contents>
                                      <attributes />
                                    </marker>
                                    <text><![CDATA[: ]]></text>
                                    <marker class="ExceptionPropertyValue">
                                      <contents>
                                        <text><![CDATA[System.Data.SqlClient.SqlErrorCollection]]></text>
                                      </contents>
                                      <attributes />
                                    </marker>
                                    <text><![CDATA[
]]></text>
                                    <marker class="ExceptionPropertyName">
                                      <contents>
                                        <text><![CDATA[Class]]></text>
                                      </contents>
                                      <attributes />
                                    </marker>
                                    <text><![CDATA[: ]]></text>
                                    <marker class="ExceptionPropertyValue">
                                      <contents>
                                        <text><![CDATA[15]]></text>
                                      </contents>
                                      <attributes />
                                    </marker>
                                    <text><![CDATA[
]]></text>
                                    <marker class="ExceptionPropertyName">
                                      <contents>
                                        <text><![CDATA[LineNumber]]></text>
                                      </contents>
                                      <attributes />
                                    </marker>
                                    <text><![CDATA[: ]]></text>
                                    <marker class="ExceptionPropertyValue">
                                      <contents>
                                        <text><![CDATA[1]]></text>
                                      </contents>
                                      <attributes />
                                    </marker>
                                    <text><![CDATA[
]]></text>
                                    <marker class="ExceptionPropertyName">
                                      <contents>
                                        <text><![CDATA[Number]]></text>
                                      </contents>
                                      <attributes />
                                    </marker>
                                    <text><![CDATA[: ]]></text>
                                    <marker class="ExceptionPropertyValue">
                                      <contents>
                                        <text><![CDATA[156]]></text>
                                      </contents>
                                      <attributes />
                                    </marker>
                                    <text><![CDATA[
]]></text>
                                    <marker class="ExceptionPropertyName">
                                      <contents>
                                        <text><![CDATA[Procedure]]></text>
                                      </contents>
                                      <attributes />
                                    </marker>
                                    <text><![CDATA[: ]]></text>
                                    <marker class="ExceptionPropertyValue">
                                      <contents />
                                      <attributes />
                                    </marker>
                                    <text><![CDATA[
]]></text>
                                    <marker class="ExceptionPropertyName">
                                      <contents>
                                        <text><![CDATA[Server]]></text>
                                      </contents>
                                      <attributes />
                                    </marker>
                                    <text><![CDATA[: ]]></text>
                                    <marker class="ExceptionPropertyValue">
                                      <contents>
                                        <text><![CDATA[ANAXIMANDER\SQLEXPRESS]]></text>
                                      </contents>
                                      <attributes />
                                    </marker>
                                    <text><![CDATA[
]]></text>
                                    <marker class="ExceptionPropertyName">
                                      <contents>
                                        <text><![CDATA[State]]></text>
                                      </contents>
                                      <attributes />
                                    </marker>
                                    <text><![CDATA[: ]]></text>
                                    <marker class="ExceptionPropertyValue">
                                      <contents>
                                        <text><![CDATA[1]]></text>
                                      </contents>
                                      <attributes />
                                    </marker>
                                    <text><![CDATA[
]]></text>
                                    <marker class="ExceptionPropertyName">
                                      <contents>
                                        <text><![CDATA[ErrorCode]]></text>
                                      </contents>
                                      <attributes />
                                    </marker>
                                    <text><![CDATA[: ]]></text>
                                    <marker class="ExceptionPropertyValue">
                                      <contents>
                                        <text><![CDATA[-2146232060]]></text>
                                      </contents>
                                      <attributes />
                                    </marker>
                                    <text><![CDATA[
]]></text>
                                    <marker class="StackTrace">
                                      <contents>
                                        <text><![CDATA[   at System.Data.SqlClient.SqlConnection.OnError(SqlException exception, Boolean breakConnection)
   at System.Data.SqlClient.SqlInternalConnection.OnError(SqlException exception, Boolean breakConnection)
   at System.Data.SqlClient.TdsParser.ThrowExceptionAndWarning(TdsParserStateObject stateObj)
   at System.Data.SqlClient.TdsParser.Run(RunBehavior runBehavior, SqlCommand cmdHandler, SqlDataReader dataStream, BulkCopySimpleResultSet bulkCopyHandler, TdsParserStateObject stateObj)
   at System.Data.SqlClient.SqlDataReader.ConsumeMetaData()
   at System.Data.SqlClient.SqlDataReader.get_MetaData()
   at System.Data.SqlClient.SqlCommand.FinishExecuteReader(SqlDataReader ds, RunBehavior runBehavior, String resetOptionsString)
   at System.Data.SqlClient.SqlCommand.RunExecuteReaderTds(CommandBehavior cmdBehavior, RunBehavior runBehavior, Boolean returnStream, Boolean async)
   at System.Data.SqlClient.SqlCommand.RunExecuteReader(CommandBehavior cmdBehavior, RunBehavior runBehavior, Boolean returnStream, String method, DbAsyncResult result)
   at System.Data.SqlClient.SqlCommand.RunExecuteReader(CommandBehavior cmdBehavior, RunBehavior runBehavior, Boolean returnStream, String method)
   at System.Data.SqlClient.SqlCommand.ExecuteReader(CommandBehavior behavior, String method)
   at System.Data.SqlClient.SqlCommand.ExecuteReader(CommandBehavior behavior)
   at SubSonic.SqlDataProvider.GetReader(QueryCommand qry) in ]]></text>
                                        <marker class="CodeLocation">
                                          <contents>
                                            <text><![CDATA[C:\data\SubsonicRoot\ss2\SubSonic\DataProviders\SqlDataProvider.cs:line 384]]></text>
                                          </contents>
                                          <attributes>
                                            <attribute name="line" value="384" />
                                            <attribute name="path" value="C:\data\SubsonicRoot\ss2\SubSonic\DataProviders\SqlDataProvider.cs" />
                                          </attributes>
                                        </marker>
                                        <text><![CDATA[
   at SubSonic.DataService.GetReader(QueryCommand cmd) in ]]></text>
                                        <marker class="CodeLocation">
                                          <contents>
                                            <text><![CDATA[C:\data\SubsonicRoot\ss2\SubSonic\DataProviders\DataService.cs:line 506]]></text>
                                          </contents>
                                          <attributes>
                                            <attribute name="line" value="506" />
                                            <attribute name="path" value="C:\data\SubsonicRoot\ss2\SubSonic\DataProviders\DataService.cs" />
                                          </attributes>
                                        </marker>
                                        <text><![CDATA[
   at SubSonic.Query.ExecuteReader() in ]]></text>
                                        <marker class="CodeLocation">
                                          <contents>
                                            <text><![CDATA[C:\data\SubsonicRoot\ss2\SubSonic\Sql Tools\Query.cs:line 1814]]></text>
                                          </contents>
                                          <attributes>
                                            <attribute name="line" value="1814" />
                                            <attribute name="path" value="C:\data\SubsonicRoot\ss2\SubSonic\Sql Tools\Query.cs" />
                                          </attributes>
                                        </marker>
                                        <text><![CDATA[
   at SubSonic.ReadOnlyRecord`1.LoadByKey(Object keyID) in ]]></text>
                                        <marker class="CodeLocation">
                                          <contents>
                                            <text><![CDATA[C:\data\SubsonicRoot\ss2\SubSonic\ActiveRecord\ReadOnlyRecord.cs:line 72]]></text>
                                          </contents>
                                          <attributes>
                                            <attribute name="line" value="72" />
                                            <attribute name="path" value="C:\data\SubsonicRoot\ss2\SubSonic\ActiveRecord\ReadOnlyRecord.cs" />
                                          </attributes>
                                        </marker>
                                        <text><![CDATA[
   at Northwind.Product..ctor(Object keyID) in ]]></text>
                                        <marker class="CodeLocation">
                                          <contents>
                                            <text><![CDATA[C:\data\SubsonicRoot\ss2\SubSonic.Tests\Generated\Northwind\Product.cs:line 93]]></text>
                                          </contents>
                                          <attributes>
                                            <attribute name="line" value="93" />
                                            <attribute name="path" value="C:\data\SubsonicRoot\ss2\SubSonic.Tests\Generated\Northwind\Product.cs" />
                                          </attributes>
                                        </marker>
                                        <text><![CDATA[
   at SubSonic.Tests.TransactionTests.UpdateProduct(Int32 productId, String quantityPerUnit) in ]]></text>
                                        <marker class="CodeLocation">
                                          <contents>
                                            <text><![CDATA[C:\data\SubsonicRoot\ss2\SubSonic.Tests\TransactionTests.cs:line 109]]></text>
                                          </contents>
                                          <attributes>
                                            <attribute name="line" value="109" />
                                            <attribute name="path" value="C:\data\SubsonicRoot\ss2\SubSonic.Tests\TransactionTests.cs" />
                                          </attributes>
                                        </marker>
                                        <text><![CDATA[
   at SubSonic.Tests.TransactionTests.Transaction_CommitProduct() in ]]></text>
                                        <marker class="CodeLocation">
                                          <contents>
                                            <text><![CDATA[C:\data\SubsonicRoot\ss2\SubSonic.Tests\TransactionTests.cs:line 80]]></text>
                                          </contents>
                                          <attributes>
                                            <attribute name="line" value="80" />
                                            <attribute name="path" value="C:\data\SubsonicRoot\ss2\SubSonic.Tests\TransactionTests.cs" />
                                          </attributes>
                                        </marker>
                                      </contents>
                                      <attributes />
                                    </marker>
                                  </contents>
                                  <attributes />
                                </marker>
                              </contents>
                            </section>
                          </contents>
                        </body>
                      </stream>
                    </streams>
                    <attachments />
                  </testLog>
                </testStepRun>
                <testStepRun startTime="2011-08-05T15:48:48.8680955+09:30" endTime="2011-08-05T15:48:48.9774705+09:30">
                  <testStep id="81e7380f0b47f533" name="Transaction_RollbackProduct" fullName="SubSonic.Tests/TransactionTests/Transaction_RollbackProduct" testId="7a4c3c6601f21a91" isPrimary="true" isTestCase="true" isDynamic="false">
                    <codeReference assembly="SubSonic.Tests, Version=2.2.1.0, Culture=neutral, PublicKeyToken=null" namespace="SubSonic.Tests" type="SubSonic.Tests.TransactionTests" member="Transaction_RollbackProduct" />
                    <codeLocation path="C:\data\SubsonicRoot\ss2\SubSonic.Tests\TransactionTests.cs" line="56" />
                    <metadata>
                      <entry key="TestKind">
                        <value>Test</value>
                      </entry>
                    </metadata>
                  </testStep>
                  <children />
                  <result assertCount="0" duration="0.0123035">
                    <outcome status="failed" />
                  </result>
                  <testLog>
                    <streams>
                      <stream name="Failures">
                        <body>
                          <contents>
                            <section name="Execute">
                              <contents>
                                <marker class="Exception">
                                  <contents>
                                    <marker class="ExceptionType">
                                      <contents>
                                        <text><![CDATA[System.Data.SqlClient.SqlException]]></text>
                                      </contents>
                                      <attributes />
                                    </marker>
                                    <text><![CDATA[: ]]></text>
                                    <marker class="ExceptionMessage">
                                      <contents>
                                        <text><![CDATA[Incorrect syntax near the keyword 'ORDER'.]]></text>
                                      </contents>
                                      <attributes />
                                    </marker>
                                    <text><![CDATA[
]]></text>
                                    <marker class="ExceptionPropertyName">
                                      <contents>
                                        <text><![CDATA[Errors]]></text>
                                      </contents>
                                      <attributes />
                                    </marker>
                                    <text><![CDATA[: ]]></text>
                                    <marker class="ExceptionPropertyValue">
                                      <contents>
                                        <text><![CDATA[System.Data.SqlClient.SqlErrorCollection]]></text>
                                      </contents>
                                      <attributes />
                                    </marker>
                                    <text><![CDATA[
]]></text>
                                    <marker class="ExceptionPropertyName">
                                      <contents>
                                        <text><![CDATA[Class]]></text>
                                      </contents>
                                      <attributes />
                                    </marker>
                                    <text><![CDATA[: ]]></text>
                                    <marker class="ExceptionPropertyValue">
                                      <contents>
                                        <text><![CDATA[15]]></text>
                                      </contents>
                                      <attributes />
                                    </marker>
                                    <text><![CDATA[
]]></text>
                                    <marker class="ExceptionPropertyName">
                                      <contents>
                                        <text><![CDATA[LineNumber]]></text>
                                      </contents>
                                      <attributes />
                                    </marker>
                                    <text><![CDATA[: ]]></text>
                                    <marker class="ExceptionPropertyValue">
                                      <contents>
                                        <text><![CDATA[1]]></text>
                                      </contents>
                                      <attributes />
                                    </marker>
                                    <text><![CDATA[
]]></text>
                                    <marker class="ExceptionPropertyName">
                                      <contents>
                                        <text><![CDATA[Number]]></text>
                                      </contents>
                                      <attributes />
                                    </marker>
                                    <text><![CDATA[: ]]></text>
                                    <marker class="ExceptionPropertyValue">
                                      <contents>
                                        <text><![CDATA[156]]></text>
                                      </contents>
                                      <attributes />
                                    </marker>
                                    <text><![CDATA[
]]></text>
                                    <marker class="ExceptionPropertyName">
                                      <contents>
                                        <text><![CDATA[Procedure]]></text>
                                      </contents>
                                      <attributes />
                                    </marker>
                                    <text><![CDATA[: ]]></text>
                                    <marker class="ExceptionPropertyValue">
                                      <contents />
                                      <attributes />
                                    </marker>
                                    <text><![CDATA[
]]></text>
                                    <marker class="ExceptionPropertyName">
                                      <contents>
                                        <text><![CDATA[Server]]></text>
                                      </contents>
                                      <attributes />
                                    </marker>
                                    <text><![CDATA[: ]]></text>
                                    <marker class="ExceptionPropertyValue">
                                      <contents>
                                        <text><![CDATA[ANAXIMANDER\SQLEXPRESS]]></text>
                                      </contents>
                                      <attributes />
                                    </marker>
                                    <text><![CDATA[
]]></text>
                                    <marker class="ExceptionPropertyName">
                                      <contents>
                                        <text><![CDATA[State]]></text>
                                      </contents>
                                      <attributes />
                                    </marker>
                                    <text><![CDATA[: ]]></text>
                                    <marker class="ExceptionPropertyValue">
                                      <contents>
                                        <text><![CDATA[1]]></text>
                                      </contents>
                                      <attributes />
                                    </marker>
                                    <text><![CDATA[
]]></text>
                                    <marker class="ExceptionPropertyName">
                                      <contents>
                                        <text><![CDATA[ErrorCode]]></text>
                                      </contents>
                                      <attributes />
                                    </marker>
                                    <text><![CDATA[: ]]></text>
                                    <marker class="ExceptionPropertyValue">
                                      <contents>
                                        <text><![CDATA[-2146232060]]></text>
                                      </contents>
                                      <attributes />
                                    </marker>
                                    <text><![CDATA[
]]></text>
                                    <marker class="StackTrace">
                                      <contents>
                                        <text><![CDATA[   at System.Data.SqlClient.SqlConnection.OnError(SqlException exception, Boolean breakConnection)
   at System.Data.SqlClient.SqlInternalConnection.OnError(SqlException exception, Boolean breakConnection)
   at System.Data.SqlClient.TdsParser.ThrowExceptionAndWarning(TdsParserStateObject stateObj)
   at System.Data.SqlClient.TdsParser.Run(RunBehavior runBehavior, SqlCommand cmdHandler, SqlDataReader dataStream, BulkCopySimpleResultSet bulkCopyHandler, TdsParserStateObject stateObj)
   at System.Data.SqlClient.SqlDataReader.ConsumeMetaData()
   at System.Data.SqlClient.SqlDataReader.get_MetaData()
   at System.Data.SqlClient.SqlCommand.FinishExecuteReader(SqlDataReader ds, RunBehavior runBehavior, String resetOptionsString)
   at System.Data.SqlClient.SqlCommand.RunExecuteReaderTds(CommandBehavior cmdBehavior, RunBehavior runBehavior, Boolean returnStream, Boolean async)
   at System.Data.SqlClient.SqlCommand.RunExecuteReader(CommandBehavior cmdBehavior, RunBehavior runBehavior, Boolean returnStream, String method, DbAsyncResult result)
   at System.Data.SqlClient.SqlCommand.RunExecuteReader(CommandBehavior cmdBehavior, RunBehavior runBehavior, Boolean returnStream, String method)
   at System.Data.SqlClient.SqlCommand.ExecuteReader(CommandBehavior behavior, String method)
   at System.Data.SqlClient.SqlCommand.ExecuteReader(CommandBehavior behavior)
   at SubSonic.SqlDataProvider.GetReader(QueryCommand qry) in ]]></text>
                                        <marker class="CodeLocation">
                                          <contents>
                                            <text><![CDATA[C:\data\SubsonicRoot\ss2\SubSonic\DataProviders\SqlDataProvider.cs:line 384]]></text>
                                          </contents>
                                          <attributes>
                                            <attribute name="line" value="384" />
                                            <attribute name="path" value="C:\data\SubsonicRoot\ss2\SubSonic\DataProviders\SqlDataProvider.cs" />
                                          </attributes>
                                        </marker>
                                        <text><![CDATA[
   at SubSonic.DataService.GetReader(QueryCommand cmd) in ]]></text>
                                        <marker class="CodeLocation">
                                          <contents>
                                            <text><![CDATA[C:\data\SubsonicRoot\ss2\SubSonic\DataProviders\DataService.cs:line 506]]></text>
                                          </contents>
                                          <attributes>
                                            <attribute name="line" value="506" />
                                            <attribute name="path" value="C:\data\SubsonicRoot\ss2\SubSonic\DataProviders\DataService.cs" />
                                          </attributes>
                                        </marker>
                                        <text><![CDATA[
   at SubSonic.Query.ExecuteReader() in ]]></text>
                                        <marker class="CodeLocation">
                                          <contents>
                                            <text><![CDATA[C:\data\SubsonicRoot\ss2\SubSonic\Sql Tools\Query.cs:line 1814]]></text>
                                          </contents>
                                          <attributes>
                                            <attribute name="line" value="1814" />
                                            <attribute name="path" value="C:\data\SubsonicRoot\ss2\SubSonic\Sql Tools\Query.cs" />
                                          </attributes>
                                        </marker>
                                        <text><![CDATA[
   at SubSonic.ReadOnlyRecord`1.LoadByKey(Object keyID) in ]]></text>
                                        <marker class="CodeLocation">
                                          <contents>
                                            <text><![CDATA[C:\data\SubsonicRoot\ss2\SubSonic\ActiveRecord\ReadOnlyRecord.cs:line 72]]></text>
                                          </contents>
                                          <attributes>
                                            <attribute name="line" value="72" />
                                            <attribute name="path" value="C:\data\SubsonicRoot\ss2\SubSonic\ActiveRecord\ReadOnlyRecord.cs" />
                                          </attributes>
                                        </marker>
                                        <text><![CDATA[
   at Northwind.Product..ctor(Object keyID) in ]]></text>
                                        <marker class="CodeLocation">
                                          <contents>
                                            <text><![CDATA[C:\data\SubsonicRoot\ss2\SubSonic.Tests\Generated\Northwind\Product.cs:line 93]]></text>
                                          </contents>
                                          <attributes>
                                            <attribute name="line" value="93" />
                                            <attribute name="path" value="C:\data\SubsonicRoot\ss2\SubSonic.Tests\Generated\Northwind\Product.cs" />
                                          </attributes>
                                        </marker>
                                        <text><![CDATA[
   at SubSonic.Tests.TransactionTests.UpdateProduct(Int32 productId, String quantityPerUnit) in ]]></text>
                                        <marker class="CodeLocation">
                                          <contents>
                                            <text><![CDATA[C:\data\SubsonicRoot\ss2\SubSonic.Tests\TransactionTests.cs:line 109]]></text>
                                          </contents>
                                          <attributes>
                                            <attribute name="line" value="109" />
                                            <attribute name="path" value="C:\data\SubsonicRoot\ss2\SubSonic.Tests\TransactionTests.cs" />
                                          </attributes>
                                        </marker>
                                        <text><![CDATA[
   at SubSonic.Tests.TransactionTests.Transaction_RollbackProduct() in ]]></text>
                                        <marker class="CodeLocation">
                                          <contents>
                                            <text><![CDATA[C:\data\SubsonicRoot\ss2\SubSonic.Tests\TransactionTests.cs:line 60]]></text>
                                          </contents>
                                          <attributes>
                                            <attribute name="line" value="60" />
                                            <attribute name="path" value="C:\data\SubsonicRoot\ss2\SubSonic.Tests\TransactionTests.cs" />
                                          </attributes>
                                        </marker>
                                      </contents>
                                      <attributes />
                                    </marker>
                                  </contents>
                                  <attributes />
                                </marker>
                              </contents>
                            </section>
                          </contents>
                        </body>
                      </stream>
                    </streams>
                    <attachments />
                  </testLog>
                </testStepRun>
              </children>
              <result assertCount="0" duration="0.0527877">
                <outcome status="failed" />
              </result>
              <testLog>
                <streams />
                <attachments />
              </testLog>
            </testStepRun>
            <testStepRun startTime="2011-08-05T15:48:48.9930955+09:30" endTime="2011-08-05T15:48:49.0087205+09:30">
              <testStep id="9b9de96bfbea7af4" name="TransactionTests" fullName="SubSonic.Tests/TransactionTests" testId="a42c7aab47bd124a" isPrimary="true" isTestCase="false" isDynamic="false">
                <codeReference assembly="SubSonic.Tests, Version=2.2.1.0, Culture=neutral, PublicKeyToken=null" namespace="SubSonic.Tests.SqlQuery" type="SubSonic.Tests.SqlQuery.TransactionTests" />
                <codeLocation path="C:\data\SubsonicRoot\ss2\SubSonic.Tests\SqlQuery\TransactionTests.cs" />
                <metadata>
                  <entry key="TestKind">
                    <value>Fixture</value>
                  </entry>
                </metadata>
              </testStep>
              <children>
                <testStepRun startTime="2011-08-05T15:48:48.9930955+09:30" endTime="2011-08-05T15:48:49.0087205+09:30">
                  <testStep id="b2640ae046e25221" name="Transaction_Simple" fullName="SubSonic.Tests/TransactionTests/Transaction_Simple" testId="ce0ea0d4bbeba445" isPrimary="true" isTestCase="true" isDynamic="false">
                    <codeReference assembly="SubSonic.Tests, Version=2.2.1.0, Culture=neutral, PublicKeyToken=null" namespace="SubSonic.Tests.SqlQuery" type="SubSonic.Tests.SqlQuery.TransactionTests" member="Transaction_Simple" />
                    <codeLocation path="C:\data\SubsonicRoot\ss2\SubSonic.Tests\SqlQuery\TransactionTests.cs" line="27" />
                    <metadata>
                      <entry key="TestKind">
                        <value>Test</value>
                      </entry>
                    </metadata>
                  </testStep>
                  <children />
                  <result assertCount="0" duration="0.012530099999999999">
                    <outcome status="passed" />
                  </result>
                  <testLog>
                    <streams />
                    <attachments />
                  </testLog>
                </testStepRun>
              </children>
              <result assertCount="0" duration="0.0178381">
                <outcome status="passed" />
              </result>
              <testLog>
                <streams />
                <attachments />
              </testLog>
            </testStepRun>
            <testStepRun startTime="2011-08-05T15:48:49.0087205+09:30" endTime="2011-08-05T15:48:50.0712205+09:30">
              <testStep id="cde1e092dca22478" name="TransactionWithDtcOffTests" fullName="SubSonic.Tests/TransactionWithDtcOffTests" testId="880abdbef59a7034" isPrimary="true" isTestCase="false" isDynamic="false">
                <codeReference assembly="SubSonic.Tests, Version=2.2.1.0, Culture=neutral, PublicKeyToken=null" namespace="SubSonic.Tests" type="SubSonic.Tests.TransactionWithDtcOffTests" />
                <codeLocation path="C:\data\SubsonicRoot\ss2\SubSonic.Tests\TransactionWithDtcOffTests.cs" />
                <metadata>
                  <entry key="TestKind">
                    <value>Fixture</value>
                  </entry>
                </metadata>
              </testStep>
              <children>
                <testStepRun startTime="2011-08-05T15:48:49.0087205+09:30" endTime="2011-08-05T15:48:49.1337205+09:30">
                  <testStep id="ec283d7355f28231" name="CanNestSharedConnections" fullName="SubSonic.Tests/TransactionWithDtcOffTests/CanNestSharedConnections" testId="bf6fc463aa4691af" isPrimary="true" isTestCase="true" isDynamic="false">
                    <codeReference assembly="SubSonic.Tests, Version=2.2.1.0, Culture=neutral, PublicKeyToken=null" namespace="SubSonic.Tests" type="SubSonic.Tests.TransactionWithDtcOffTests" member="CanNestSharedConnections" />
                    <codeLocation path="C:\data\SubsonicRoot\ss2\SubSonic.Tests\TransactionWithDtcOffTests.cs" line="288" />
                    <metadata>
                      <entry key="TestKind">
                        <value>Test</value>
                      </entry>
                    </metadata>
                  </testStep>
                  <children />
                  <result assertCount="0" duration="0.014791299999999999">
                    <outcome status="failed" />
                  </result>
                  <testLog>
                    <streams>
                      <stream name="Failures">
                        <body>
                          <contents>
                            <section name="Execute">
                              <contents>
                                <marker class="Exception">
                                  <contents>
                                    <marker class="ExceptionType">
                                      <contents>
                                        <text><![CDATA[System.Data.SqlClient.SqlException]]></text>
                                      </contents>
                                      <attributes />
                                    </marker>
                                    <text><![CDATA[: ]]></text>
                                    <marker class="ExceptionMessage">
                                      <contents>
                                        <text><![CDATA[Incorrect syntax near the keyword 'ORDER'.]]></text>
                                      </contents>
                                      <attributes />
                                    </marker>
                                    <text><![CDATA[
]]></text>
                                    <marker class="ExceptionPropertyName">
                                      <contents>
                                        <text><![CDATA[Errors]]></text>
                                      </contents>
                                      <attributes />
                                    </marker>
                                    <text><![CDATA[: ]]></text>
                                    <marker class="ExceptionPropertyValue">
                                      <contents>
                                        <text><![CDATA[System.Data.SqlClient.SqlErrorCollection]]></text>
                                      </contents>
                                      <attributes />
                                    </marker>
                                    <text><![CDATA[
]]></text>
                                    <marker class="ExceptionPropertyName">
                                      <contents>
                                        <text><![CDATA[Class]]></text>
                                      </contents>
                                      <attributes />
                                    </marker>
                                    <text><![CDATA[: ]]></text>
                                    <marker class="ExceptionPropertyValue">
                                      <contents>
                                        <text><![CDATA[15]]></text>
                                      </contents>
                                      <attributes />
                                    </marker>
                                    <text><![CDATA[
]]></text>
                                    <marker class="ExceptionPropertyName">
                                      <contents>
                                        <text><![CDATA[LineNumber]]></text>
                                      </contents>
                                      <attributes />
                                    </marker>
                                    <text><![CDATA[: ]]></text>
                                    <marker class="ExceptionPropertyValue">
                                      <contents>
                                        <text><![CDATA[1]]></text>
                                      </contents>
                                      <attributes />
                                    </marker>
                                    <text><![CDATA[
]]></text>
                                    <marker class="ExceptionPropertyName">
                                      <contents>
                                        <text><![CDATA[Number]]></text>
                                      </contents>
                                      <attributes />
                                    </marker>
                                    <text><![CDATA[: ]]></text>
                                    <marker class="ExceptionPropertyValue">
                                      <contents>
                                        <text><![CDATA[156]]></text>
                                      </contents>
                                      <attributes />
                                    </marker>
                                    <text><![CDATA[
]]></text>
                                    <marker class="ExceptionPropertyName">
                                      <contents>
                                        <text><![CDATA[Procedure]]></text>
                                      </contents>
                                      <attributes />
                                    </marker>
                                    <text><![CDATA[: ]]></text>
                                    <marker class="ExceptionPropertyValue">
                                      <contents />
                                      <attributes />
                                    </marker>
                                    <text><![CDATA[
]]></text>
                                    <marker class="ExceptionPropertyName">
                                      <contents>
                                        <text><![CDATA[Server]]></text>
                                      </contents>
                                      <attributes />
                                    </marker>
                                    <text><![CDATA[: ]]></text>
                                    <marker class="ExceptionPropertyValue">
                                      <contents>
                                        <text><![CDATA[ANAXIMANDER\SQLEXPRESS]]></text>
                                      </contents>
                                      <attributes />
                                    </marker>
                                    <text><![CDATA[
]]></text>
                                    <marker class="ExceptionPropertyName">
                                      <contents>
                                        <text><![CDATA[State]]></text>
                                      </contents>
                                      <attributes />
                                    </marker>
                                    <text><![CDATA[: ]]></text>
                                    <marker class="ExceptionPropertyValue">
                                      <contents>
                                        <text><![CDATA[1]]></text>
                                      </contents>
                                      <attributes />
                                    </marker>
                                    <text><![CDATA[
]]></text>
                                    <marker class="ExceptionPropertyName">
                                      <contents>
                                        <text><![CDATA[ErrorCode]]></text>
                                      </contents>
                                      <attributes />
                                    </marker>
                                    <text><![CDATA[: ]]></text>
                                    <marker class="ExceptionPropertyValue">
                                      <contents>
                                        <text><![CDATA[-2146232060]]></text>
                                      </contents>
                                      <attributes />
                                    </marker>
                                    <text><![CDATA[
]]></text>
                                    <marker class="StackTrace">
                                      <contents>
                                        <text><![CDATA[   at System.Data.SqlClient.SqlConnection.OnError(SqlException exception, Boolean breakConnection)
   at System.Data.SqlClient.SqlInternalConnection.OnError(SqlException exception, Boolean breakConnection)
   at System.Data.SqlClient.TdsParser.ThrowExceptionAndWarning(TdsParserStateObject stateObj)
   at System.Data.SqlClient.TdsParser.Run(RunBehavior runBehavior, SqlCommand cmdHandler, SqlDataReader dataStream, BulkCopySimpleResultSet bulkCopyHandler, TdsParserStateObject stateObj)
   at System.Data.SqlClient.SqlDataReader.ConsumeMetaData()
   at System.Data.SqlClient.SqlDataReader.get_MetaData()
   at System.Data.SqlClient.SqlCommand.FinishExecuteReader(SqlDataReader ds, RunBehavior runBehavior, String resetOptionsString)
   at System.Data.SqlClient.SqlCommand.RunExecuteReaderTds(CommandBehavior cmdBehavior, RunBehavior runBehavior, Boolean returnStream, Boolean async)
   at System.Data.SqlClient.SqlCommand.RunExecuteReader(CommandBehavior cmdBehavior, RunBehavior runBehavior, Boolean returnStream, String method, DbAsyncResult result)
   at System.Data.SqlClient.SqlCommand.RunExecuteReader(CommandBehavior cmdBehavior, RunBehavior runBehavior, Boolean returnStream, String method)
   at System.Data.SqlClient.SqlCommand.ExecuteReader(CommandBehavior behavior, String method)
   at System.Data.SqlClient.SqlCommand.ExecuteReader(CommandBehavior behavior)
   at SubSonic.SqlDataProvider.GetReader(QueryCommand qry) in ]]></text>
                                        <marker class="CodeLocation">
                                          <contents>
                                            <text><![CDATA[C:\data\SubsonicRoot\ss2\SubSonic\DataProviders\SqlDataProvider.cs:line 384]]></text>
                                          </contents>
                                          <attributes>
                                            <attribute name="line" value="384" />
                                            <attribute name="path" value="C:\data\SubsonicRoot\ss2\SubSonic\DataProviders\SqlDataProvider.cs" />
                                          </attributes>
                                        </marker>
                                        <text><![CDATA[
   at SubSonic.DataService.GetReader(QueryCommand cmd) in ]]></text>
                                        <marker class="CodeLocation">
                                          <contents>
                                            <text><![CDATA[C:\data\SubsonicRoot\ss2\SubSonic\DataProviders\DataService.cs:line 506]]></text>
                                          </contents>
                                          <attributes>
                                            <attribute name="line" value="506" />
                                            <attribute name="path" value="C:\data\SubsonicRoot\ss2\SubSonic\DataProviders\DataService.cs" />
                                          </attributes>
                                        </marker>
                                        <text><![CDATA[
   at SubSonic.Query.ExecuteReader() in ]]></text>
                                        <marker class="CodeLocation">
                                          <contents>
                                            <text><![CDATA[C:\data\SubsonicRoot\ss2\SubSonic\Sql Tools\Query.cs:line 1814]]></text>
                                          </contents>
                                          <attributes>
                                            <attribute name="line" value="1814" />
                                            <attribute name="path" value="C:\data\SubsonicRoot\ss2\SubSonic\Sql Tools\Query.cs" />
                                          </attributes>
                                        </marker>
                                        <text><![CDATA[
   at SubSonic.ReadOnlyRecord`1.LoadByKey(Object keyID) in ]]></text>
                                        <marker class="CodeLocation">
                                          <contents>
                                            <text><![CDATA[C:\data\SubsonicRoot\ss2\SubSonic\ActiveRecord\ReadOnlyRecord.cs:line 72]]></text>
                                          </contents>
                                          <attributes>
                                            <attribute name="line" value="72" />
                                            <attribute name="path" value="C:\data\SubsonicRoot\ss2\SubSonic\ActiveRecord\ReadOnlyRecord.cs" />
                                          </attributes>
                                        </marker>
                                        <text><![CDATA[
   at Northwind.Product..ctor(Object keyID) in ]]></text>
                                        <marker class="CodeLocation">
                                          <contents>
                                            <text><![CDATA[C:\data\SubsonicRoot\ss2\SubSonic.Tests\Generated\Northwind\Product.cs:line 93]]></text>
                                          </contents>
                                          <attributes>
                                            <attribute name="line" value="93" />
                                            <attribute name="path" value="C:\data\SubsonicRoot\ss2\SubSonic.Tests\Generated\Northwind\Product.cs" />
                                          </attributes>
                                        </marker>
                                        <text><![CDATA[
   at SubSonic.Tests.TransactionWithDtcOffTests.CanNestSharedConnections() in ]]></text>
                                        <marker class="CodeLocation">
                                          <contents>
                                            <text><![CDATA[C:\data\SubsonicRoot\ss2\SubSonic.Tests\TransactionWithDtcOffTests.cs:line 291]]></text>
                                          </contents>
                                          <attributes>
                                            <attribute name="line" value="291" />
                                            <attribute name="path" value="C:\data\SubsonicRoot\ss2\SubSonic.Tests\TransactionWithDtcOffTests.cs" />
                                          </attributes>
                                        </marker>
                                      </contents>
                                      <attributes />
                                    </marker>
                                  </contents>
                                  <attributes />
                                </marker>
                              </contents>
                            </section>
                          </contents>
                        </body>
                      </stream>
                    </streams>
                    <attachments />
                  </testLog>
                </testStepRun>
                <testStepRun startTime="2011-08-05T15:48:49.1337205+09:30" endTime="2011-08-05T15:48:49.1649705+09:30">
                  <testStep id="2f2d1ece198dfae3" name="CanRetrieveMultipleEntities_FailsWithoutSharedConnectionScope" fullName="SubSonic.Tests/TransactionWithDtcOffTests/CanRetrieveMultipleEntities_FailsWithoutSharedConnectionScope" testId="33bc997a3d7805bc" isPrimary="true" isTestCase="true" isDynamic="false">
                    <codeReference assembly="SubSonic.Tests, Version=2.2.1.0, Culture=neutral, PublicKeyToken=null" namespace="SubSonic.Tests" type="SubSonic.Tests.TransactionWithDtcOffTests" member="CanRetrieveMultipleEntities_FailsWithoutSharedConnectionScope" />
                    <codeLocation path="C:\data\SubsonicRoot\ss2\SubSonic.Tests\TransactionWithDtcOffTests.cs" line="104" />
                    <metadata>
                      <entry key="TestKind">
                        <value>Test</value>
                      </entry>
                    </metadata>
                  </testStep>
                  <children />
                  <result assertCount="1" duration="0.013849499999999999">
                    <outcome status="failed" />
                  </result>
                  <testLog>
                    <streams>
                      <stream name="Failures">
                        <body>
                          <contents>
                            <marker class="AssertionFailure">
                              <contents>
                                <section name="Expected value to be true.">
                                  <contents>
                                    <text><![CDATA[Incorrect syntax near the keyword 'ORDER'.

]]></text>
                                    <marker class="Monospace">
                                      <contents>
                                        <marker class="Label">
                                          <contents>
                                            <text><![CDATA[Actual Value : ]]></text>
                                          </contents>
                                          <attributes />
                                        </marker>
                                        <text><![CDATA[false
]]></text>
                                      </contents>
                                      <attributes />
                                    </marker>
                                    <text><![CDATA[
]]></text>
                                    <marker class="StackTrace">
                                      <contents>
                                        <text><![CDATA[   at SubSonic.Tests.TransactionWithDtcOffTests.CanRetrieveMultipleEntities_FailsWithoutSharedConnectionScope() in ]]></text>
                                        <marker class="CodeLocation">
                                          <contents>
                                            <text><![CDATA[C:\data\SubsonicRoot\ss2\SubSonic.Tests\TransactionWithDtcOffTests.cs:line 127]]></text>
                                          </contents>
                                          <attributes>
                                            <attribute name="line" value="127" />
                                            <attribute name="path" value="C:\data\SubsonicRoot\ss2\SubSonic.Tests\TransactionWithDtcOffTests.cs" />
                                          </attributes>
                                        </marker>
                                      </contents>
                                      <attributes />
                                    </marker>
                                    <text><![CDATA[
]]></text>
                                  </contents>
                                </section>
                              </contents>
                              <attributes />
                            </marker>
                          </contents>
                        </body>
                      </stream>
                    </streams>
                    <attachments />
                  </testLog>
                </testStepRun>
                <testStepRun startTime="2011-08-05T15:48:49.1649705+09:30" endTime="2011-08-05T15:48:49.2743455+09:30">
                  <testStep id="c68284be10bc5f11" name="CanRetrieveMultipleEntities_SucceedsWithSharedConnectionScope" fullName="SubSonic.Tests/TransactionWithDtcOffTests/CanRetrieveMultipleEntities_SucceedsWithSharedConnectionScope" testId="710aa2d766b9c833" isPrimary="true" isTestCase="true" isDynamic="false">
                    <codeReference assembly="SubSonic.Tests, Version=2.2.1.0, Culture=neutral, PublicKeyToken=null" namespace="SubSonic.Tests" type="SubSonic.Tests.TransactionWithDtcOffTests" member="CanRetrieveMultipleEntities_SucceedsWithSharedConnectionScope" />
                    <codeLocation path="C:\data\SubsonicRoot\ss2\SubSonic.Tests\TransactionWithDtcOffTests.cs" line="135" />
                    <metadata>
                      <entry key="TestKind">
                        <value>Test</value>
                      </entry>
                    </metadata>
                  </testStep>
                  <children />
                  <result assertCount="0" duration="0.0125153">
                    <outcome status="failed" />
                  </result>
                  <testLog>
                    <streams>
                      <stream name="Failures">
                        <body>
                          <contents>
                            <section name="Execute">
                              <contents>
                                <marker class="Exception">
                                  <contents>
                                    <marker class="ExceptionType">
                                      <contents>
                                        <text><![CDATA[System.Data.SqlClient.SqlException]]></text>
                                      </contents>
                                      <attributes />
                                    </marker>
                                    <text><![CDATA[: ]]></text>
                                    <marker class="ExceptionMessage">
                                      <contents>
                                        <text><![CDATA[Incorrect syntax near the keyword 'ORDER'.]]></text>
                                      </contents>
                                      <attributes />
                                    </marker>
                                    <text><![CDATA[
]]></text>
                                    <marker class="ExceptionPropertyName">
                                      <contents>
                                        <text><![CDATA[Errors]]></text>
                                      </contents>
                                      <attributes />
                                    </marker>
                                    <text><![CDATA[: ]]></text>
                                    <marker class="ExceptionPropertyValue">
                                      <contents>
                                        <text><![CDATA[System.Data.SqlClient.SqlErrorCollection]]></text>
                                      </contents>
                                      <attributes />
                                    </marker>
                                    <text><![CDATA[
]]></text>
                                    <marker class="ExceptionPropertyName">
                                      <contents>
                                        <text><![CDATA[Class]]></text>
                                      </contents>
                                      <attributes />
                                    </marker>
                                    <text><![CDATA[: ]]></text>
                                    <marker class="ExceptionPropertyValue">
                                      <contents>
                                        <text><![CDATA[15]]></text>
                                      </contents>
                                      <attributes />
                                    </marker>
                                    <text><![CDATA[
]]></text>
                                    <marker class="ExceptionPropertyName">
                                      <contents>
                                        <text><![CDATA[LineNumber]]></text>
                                      </contents>
                                      <attributes />
                                    </marker>
                                    <text><![CDATA[: ]]></text>
                                    <marker class="ExceptionPropertyValue">
                                      <contents>
                                        <text><![CDATA[1]]></text>
                                      </contents>
                                      <attributes />
                                    </marker>
                                    <text><![CDATA[
]]></text>
                                    <marker class="ExceptionPropertyName">
                                      <contents>
                                        <text><![CDATA[Number]]></text>
                                      </contents>
                                      <attributes />
                                    </marker>
                                    <text><![CDATA[: ]]></text>
                                    <marker class="ExceptionPropertyValue">
                                      <contents>
                                        <text><![CDATA[156]]></text>
                                      </contents>
                                      <attributes />
                                    </marker>
                                    <text><![CDATA[
]]></text>
                                    <marker class="ExceptionPropertyName">
                                      <contents>
                                        <text><![CDATA[Procedure]]></text>
                                      </contents>
                                      <attributes />
                                    </marker>
                                    <text><![CDATA[: ]]></text>
                                    <marker class="ExceptionPropertyValue">
                                      <contents />
                                      <attributes />
                                    </marker>
                                    <text><![CDATA[
]]></text>
                                    <marker class="ExceptionPropertyName">
                                      <contents>
                                        <text><![CDATA[Server]]></text>
                                      </contents>
                                      <attributes />
                                    </marker>
                                    <text><![CDATA[: ]]></text>
                                    <marker class="ExceptionPropertyValue">
                                      <contents>
                                        <text><![CDATA[ANAXIMANDER\SQLEXPRESS]]></text>
                                      </contents>
                                      <attributes />
                                    </marker>
                                    <text><![CDATA[
]]></text>
                                    <marker class="ExceptionPropertyName">
                                      <contents>
                                        <text><![CDATA[State]]></text>
                                      </contents>
                                      <attributes />
                                    </marker>
                                    <text><![CDATA[: ]]></text>
                                    <marker class="ExceptionPropertyValue">
                                      <contents>
                                        <text><![CDATA[1]]></text>
                                      </contents>
                                      <attributes />
                                    </marker>
                                    <text><![CDATA[
]]></text>
                                    <marker class="ExceptionPropertyName">
                                      <contents>
                                        <text><![CDATA[ErrorCode]]></text>
                                      </contents>
                                      <attributes />
                                    </marker>
                                    <text><![CDATA[: ]]></text>
                                    <marker class="ExceptionPropertyValue">
                                      <contents>
                                        <text><![CDATA[-2146232060]]></text>
                                      </contents>
                                      <attributes />
                                    </marker>
                                    <text><![CDATA[
]]></text>
                                    <marker class="StackTrace">
                                      <contents>
                                        <text><![CDATA[   at System.Data.SqlClient.SqlConnection.OnError(SqlException exception, Boolean breakConnection)
   at System.Data.SqlClient.SqlInternalConnection.OnError(SqlException exception, Boolean breakConnection)
   at System.Data.SqlClient.TdsParser.ThrowExceptionAndWarning(TdsParserStateObject stateObj)
   at System.Data.SqlClient.TdsParser.Run(RunBehavior runBehavior, SqlCommand cmdHandler, SqlDataReader dataStream, BulkCopySimpleResultSet bulkCopyHandler, TdsParserStateObject stateObj)
   at System.Data.SqlClient.SqlDataReader.ConsumeMetaData()
   at System.Data.SqlClient.SqlDataReader.get_MetaData()
   at System.Data.SqlClient.SqlCommand.FinishExecuteReader(SqlDataReader ds, RunBehavior runBehavior, String resetOptionsString)
   at System.Data.SqlClient.SqlCommand.RunExecuteReaderTds(CommandBehavior cmdBehavior, RunBehavior runBehavior, Boolean returnStream, Boolean async)
   at System.Data.SqlClient.SqlCommand.RunExecuteReader(CommandBehavior cmdBehavior, RunBehavior runBehavior, Boolean returnStream, String method, DbAsyncResult result)
   at System.Data.SqlClient.SqlCommand.RunExecuteReader(CommandBehavior cmdBehavior, RunBehavior runBehavior, Boolean returnStream, String method)
   at System.Data.SqlClient.SqlCommand.ExecuteReader(CommandBehavior behavior, String method)
   at System.Data.SqlClient.SqlCommand.ExecuteReader()
   at SubSonic.SqlDataProvider.GetReader(QueryCommand qry) in ]]></text>
                                        <marker class="CodeLocation">
                                          <contents>
                                            <text><![CDATA[C:\data\SubsonicRoot\ss2\SubSonic\DataProviders\SqlDataProvider.cs:line 384]]></text>
                                          </contents>
                                          <attributes>
                                            <attribute name="line" value="384" />
                                            <attribute name="path" value="C:\data\SubsonicRoot\ss2\SubSonic\DataProviders\SqlDataProvider.cs" />
                                          </attributes>
                                        </marker>
                                        <text><![CDATA[
   at SubSonic.DataService.GetReader(QueryCommand cmd) in ]]></text>
                                        <marker class="CodeLocation">
                                          <contents>
                                            <text><![CDATA[C:\data\SubsonicRoot\ss2\SubSonic\DataProviders\DataService.cs:line 506]]></text>
                                          </contents>
                                          <attributes>
                                            <attribute name="line" value="506" />
                                            <attribute name="path" value="C:\data\SubsonicRoot\ss2\SubSonic\DataProviders\DataService.cs" />
                                          </attributes>
                                        </marker>
                                        <text><![CDATA[
   at SubSonic.Query.ExecuteReader() in ]]></text>
                                        <marker class="CodeLocation">
                                          <contents>
                                            <text><![CDATA[C:\data\SubsonicRoot\ss2\SubSonic\Sql Tools\Query.cs:line 1814]]></text>
                                          </contents>
                                          <attributes>
                                            <attribute name="line" value="1814" />
                                            <attribute name="path" value="C:\data\SubsonicRoot\ss2\SubSonic\Sql Tools\Query.cs" />
                                          </attributes>
                                        </marker>
                                        <text><![CDATA[
   at SubSonic.ReadOnlyRecord`1.LoadByKey(Object keyID) in ]]></text>
                                        <marker class="CodeLocation">
                                          <contents>
                                            <text><![CDATA[C:\data\SubsonicRoot\ss2\SubSonic\ActiveRecord\ReadOnlyRecord.cs:line 72]]></text>
                                          </contents>
                                          <attributes>
                                            <attribute name="line" value="72" />
                                            <attribute name="path" value="C:\data\SubsonicRoot\ss2\SubSonic\ActiveRecord\ReadOnlyRecord.cs" />
                                          </attributes>
                                        </marker>
                                        <text><![CDATA[
   at Northwind.Product..ctor(Object keyID) in ]]></text>
                                        <marker class="CodeLocation">
                                          <contents>
                                            <text><![CDATA[C:\data\SubsonicRoot\ss2\SubSonic.Tests\Generated\Northwind\Product.cs:line 93]]></text>
                                          </contents>
                                          <attributes>
                                            <attribute name="line" value="93" />
                                            <attribute name="path" value="C:\data\SubsonicRoot\ss2\SubSonic.Tests\Generated\Northwind\Product.cs" />
                                          </attributes>
                                        </marker>
                                        <text><![CDATA[
   at SubSonic.Tests.TransactionWithDtcOffTests.CanRetrieveMultipleEntities_SucceedsWithSharedConnectionScope() in ]]></text>
                                        <marker class="CodeLocation">
                                          <contents>
                                            <text><![CDATA[C:\data\SubsonicRoot\ss2\SubSonic.Tests\TransactionWithDtcOffTests.cs:line 140]]></text>
                                          </contents>
                                          <attributes>
                                            <attribute name="line" value="140" />
                                            <attribute name="path" value="C:\data\SubsonicRoot\ss2\SubSonic.Tests\TransactionWithDtcOffTests.cs" />
                                          </attributes>
                                        </marker>
                                      </contents>
                                      <attributes />
                                    </marker>
                                  </contents>
                                  <attributes />
                                </marker>
                              </contents>
                            </section>
                          </contents>
                        </body>
                      </stream>
                    </streams>
                    <attachments />
                  </testLog>
                </testStepRun>
                <testStepRun startTime="2011-08-05T15:48:49.2743455+09:30" endTime="2011-08-05T15:48:49.3837205+09:30">
                  <testStep id="37c0ac28026f1c18" name="NoTransactionScope_CanRetrieveMultipleProducts" fullName="SubSonic.Tests/TransactionWithDtcOffTests/NoTransactionScope_CanRetrieveMultipleProducts" testId="974661575d438355" isPrimary="true" isTestCase="true" isDynamic="false">
                    <codeReference assembly="SubSonic.Tests, Version=2.2.1.0, Culture=neutral, PublicKeyToken=null" namespace="SubSonic.Tests" type="SubSonic.Tests.TransactionWithDtcOffTests" member="NoTransactionScope_CanRetrieveMultipleProducts" />
                    <codeLocation path="C:\data\SubsonicRoot\ss2\SubSonic.Tests\TransactionWithDtcOffTests.cs" line="65" />
                    <metadata>
                      <entry key="TestKind">
                        <value>Test</value>
                      </entry>
                    </metadata>
                  </testStep>
                  <children />
                  <result assertCount="0" duration="0.0169076">
                    <outcome status="failed" />
                  </result>
                  <testLog>
                    <streams>
                      <stream name="Failures">
                        <body>
                          <contents>
                            <section name="Execute">
                              <contents>
                                <marker class="Exception">
                                  <contents>
                                    <marker class="ExceptionType">
                                      <contents>
                                        <text><![CDATA[System.Data.SqlClient.SqlException]]></text>
                                      </contents>
                                      <attributes />
                                    </marker>
                                    <text><![CDATA[: ]]></text>
                                    <marker class="ExceptionMessage">
                                      <contents>
                                        <text><![CDATA[Incorrect syntax near the keyword 'ORDER'.]]></text>
                                      </contents>
                                      <attributes />
                                    </marker>
                                    <text><![CDATA[
]]></text>
                                    <marker class="ExceptionPropertyName">
                                      <contents>
                                        <text><![CDATA[Errors]]></text>
                                      </contents>
                                      <attributes />
                                    </marker>
                                    <text><![CDATA[: ]]></text>
                                    <marker class="ExceptionPropertyValue">
                                      <contents>
                                        <text><![CDATA[System.Data.SqlClient.SqlErrorCollection]]></text>
                                      </contents>
                                      <attributes />
                                    </marker>
                                    <text><![CDATA[
]]></text>
                                    <marker class="ExceptionPropertyName">
                                      <contents>
                                        <text><![CDATA[Class]]></text>
                                      </contents>
                                      <attributes />
                                    </marker>
                                    <text><![CDATA[: ]]></text>
                                    <marker class="ExceptionPropertyValue">
                                      <contents>
                                        <text><![CDATA[15]]></text>
                                      </contents>
                                      <attributes />
                                    </marker>
                                    <text><![CDATA[
]]></text>
                                    <marker class="ExceptionPropertyName">
                                      <contents>
                                        <text><![CDATA[LineNumber]]></text>
                                      </contents>
                                      <attributes />
                                    </marker>
                                    <text><![CDATA[: ]]></text>
                                    <marker class="ExceptionPropertyValue">
                                      <contents>
                                        <text><![CDATA[1]]></text>
                                      </contents>
                                      <attributes />
                                    </marker>
                                    <text><![CDATA[
]]></text>
                                    <marker class="ExceptionPropertyName">
                                      <contents>
                                        <text><![CDATA[Number]]></text>
                                      </contents>
                                      <attributes />
                                    </marker>
                                    <text><![CDATA[: ]]></text>
                                    <marker class="ExceptionPropertyValue">
                                      <contents>
                                        <text><![CDATA[156]]></text>
                                      </contents>
                                      <attributes />
                                    </marker>
                                    <text><![CDATA[
]]></text>
                                    <marker class="ExceptionPropertyName">
                                      <contents>
                                        <text><![CDATA[Procedure]]></text>
                                      </contents>
                                      <attributes />
                                    </marker>
                                    <text><![CDATA[: ]]></text>
                                    <marker class="ExceptionPropertyValue">
                                      <contents />
                                      <attributes />
                                    </marker>
                                    <text><![CDATA[
]]></text>
                                    <marker class="ExceptionPropertyName">
                                      <contents>
                                        <text><![CDATA[Server]]></text>
                                      </contents>
                                      <attributes />
                                    </marker>
                                    <text><![CDATA[: ]]></text>
                                    <marker class="ExceptionPropertyValue">
                                      <contents>
                                        <text><![CDATA[ANAXIMANDER\SQLEXPRESS]]></text>
                                      </contents>
                                      <attributes />
                                    </marker>
                                    <text><![CDATA[
]]></text>
                                    <marker class="ExceptionPropertyName">
                                      <contents>
                                        <text><![CDATA[State]]></text>
                                      </contents>
                                      <attributes />
                                    </marker>
                                    <text><![CDATA[: ]]></text>
                                    <marker class="ExceptionPropertyValue">
                                      <contents>
                                        <text><![CDATA[1]]></text>
                                      </contents>
                                      <attributes />
                                    </marker>
                                    <text><![CDATA[
]]></text>
                                    <marker class="ExceptionPropertyName">
                                      <contents>
                                        <text><![CDATA[ErrorCode]]></text>
                                      </contents>
                                      <attributes />
                                    </marker>
                                    <text><![CDATA[: ]]></text>
                                    <marker class="ExceptionPropertyValue">
                                      <contents>
                                        <text><![CDATA[-2146232060]]></text>
                                      </contents>
                                      <attributes />
                                    </marker>
                                    <text><![CDATA[
]]></text>
                                    <marker class="StackTrace">
                                      <contents>
                                        <text><![CDATA[   at System.Data.SqlClient.SqlConnection.OnError(SqlException exception, Boolean breakConnection)
   at System.Data.SqlClient.SqlInternalConnection.OnError(SqlException exception, Boolean breakConnection)
   at System.Data.SqlClient.TdsParser.ThrowExceptionAndWarning(TdsParserStateObject stateObj)
   at System.Data.SqlClient.TdsParser.Run(RunBehavior runBehavior, SqlCommand cmdHandler, SqlDataReader dataStream, BulkCopySimpleResultSet bulkCopyHandler, TdsParserStateObject stateObj)
   at System.Data.SqlClient.SqlDataReader.ConsumeMetaData()
   at System.Data.SqlClient.SqlDataReader.get_MetaData()
   at System.Data.SqlClient.SqlCommand.FinishExecuteReader(SqlDataReader ds, RunBehavior runBehavior, String resetOptionsString)
   at System.Data.SqlClient.SqlCommand.RunExecuteReaderTds(CommandBehavior cmdBehavior, RunBehavior runBehavior, Boolean returnStream, Boolean async)
   at System.Data.SqlClient.SqlCommand.RunExecuteReader(CommandBehavior cmdBehavior, RunBehavior runBehavior, Boolean returnStream, String method, DbAsyncResult result)
   at System.Data.SqlClient.SqlCommand.RunExecuteReader(CommandBehavior cmdBehavior, RunBehavior runBehavior, Boolean returnStream, String method)
   at System.Data.SqlClient.SqlCommand.ExecuteReader(CommandBehavior behavior, String method)
   at System.Data.SqlClient.SqlCommand.ExecuteReader(CommandBehavior behavior)
   at SubSonic.SqlDataProvider.GetReader(QueryCommand qry) in ]]></text>
                                        <marker class="CodeLocation">
                                          <contents>
                                            <text><![CDATA[C:\data\SubsonicRoot\ss2\SubSonic\DataProviders\SqlDataProvider.cs:line 384]]></text>
                                          </contents>
                                          <attributes>
                                            <attribute name="line" value="384" />
                                            <attribute name="path" value="C:\data\SubsonicRoot\ss2\SubSonic\DataProviders\SqlDataProvider.cs" />
                                          </attributes>
                                        </marker>
                                        <text><![CDATA[
   at SubSonic.DataService.GetReader(QueryCommand cmd) in ]]></text>
                                        <marker class="CodeLocation">
                                          <contents>
                                            <text><![CDATA[C:\data\SubsonicRoot\ss2\SubSonic\DataProviders\DataService.cs:line 506]]></text>
                                          </contents>
                                          <attributes>
                                            <attribute name="line" value="506" />
                                            <attribute name="path" value="C:\data\SubsonicRoot\ss2\SubSonic\DataProviders\DataService.cs" />
                                          </attributes>
                                        </marker>
                                        <text><![CDATA[
   at SubSonic.Query.ExecuteReader() in ]]></text>
                                        <marker class="CodeLocation">
                                          <contents>
                                            <text><![CDATA[C:\data\SubsonicRoot\ss2\SubSonic\Sql Tools\Query.cs:line 1814]]></text>
                                          </contents>
                                          <attributes>
                                            <attribute name="line" value="1814" />
                                            <attribute name="path" value="C:\data\SubsonicRoot\ss2\SubSonic\Sql Tools\Query.cs" />
                                          </attributes>
                                        </marker>
                                        <text><![CDATA[
   at SubSonic.ReadOnlyRecord`1.LoadByKey(Object keyID) in ]]></text>
                                        <marker class="CodeLocation">
                                          <contents>
                                            <text><![CDATA[C:\data\SubsonicRoot\ss2\SubSonic\ActiveRecord\ReadOnlyRecord.cs:line 72]]></text>
                                          </contents>
                                          <attributes>
                                            <attribute name="line" value="72" />
                                            <attribute name="path" value="C:\data\SubsonicRoot\ss2\SubSonic\ActiveRecord\ReadOnlyRecord.cs" />
                                          </attributes>
                                        </marker>
                                        <text><![CDATA[
   at Northwind.Product..ctor(Object keyID) in ]]></text>
                                        <marker class="CodeLocation">
                                          <contents>
                                            <text><![CDATA[C:\data\SubsonicRoot\ss2\SubSonic.Tests\Generated\Northwind\Product.cs:line 93]]></text>
                                          </contents>
                                          <attributes>
                                            <attribute name="line" value="93" />
                                            <attribute name="path" value="C:\data\SubsonicRoot\ss2\SubSonic.Tests\Generated\Northwind\Product.cs" />
                                          </attributes>
                                        </marker>
                                        <text><![CDATA[
   at SubSonic.Tests.TransactionWithDtcOffTests.NoTransactionScope_CanRetrieveMultipleProducts() in ]]></text>
                                        <marker class="CodeLocation">
                                          <contents>
                                            <text><![CDATA[C:\data\SubsonicRoot\ss2\SubSonic.Tests\TransactionWithDtcOffTests.cs:line 66]]></text>
                                          </contents>
                                          <attributes>
                                            <attribute name="line" value="66" />
                                            <attribute name="path" value="C:\data\SubsonicRoot\ss2\SubSonic.Tests\TransactionWithDtcOffTests.cs" />
                                          </attributes>
                                        </marker>
                                      </contents>
                                      <attributes />
                                    </marker>
                                  </contents>
                                  <attributes />
                                </marker>
                              </contents>
                            </section>
                          </contents>
                        </body>
                      </stream>
                    </streams>
                    <attachments />
                  </testLog>
                </testStepRun>
                <testStepRun startTime="2011-08-05T15:48:49.3837205+09:30" endTime="2011-08-05T15:48:49.5087205+09:30">
                  <testStep id="4c60eb86a2ed5990" name="NoTransactionScope_CanRetrieveSingleProduct" fullName="SubSonic.Tests/TransactionWithDtcOffTests/NoTransactionScope_CanRetrieveSingleProduct" testId="9053402acf9b34da" isPrimary="true" isTestCase="true" isDynamic="false">
                    <codeReference assembly="SubSonic.Tests, Version=2.2.1.0, Culture=neutral, PublicKeyToken=null" namespace="SubSonic.Tests" type="SubSonic.Tests.TransactionWithDtcOffTests" member="NoTransactionScope_CanRetrieveSingleProduct" />
                    <codeLocation path="C:\data\SubsonicRoot\ss2\SubSonic.Tests\TransactionWithDtcOffTests.cs" line="55" />
                    <metadata>
                      <entry key="TestKind">
                        <value>Test</value>
                      </entry>
                    </metadata>
                  </testStep>
                  <children />
                  <result assertCount="0" duration="0.0104899">
                    <outcome status="failed" />
                  </result>
                  <testLog>
                    <streams>
                      <stream name="Failures">
                        <body>
                          <contents>
                            <section name="Execute">
                              <contents>
                                <marker class="Exception">
                                  <contents>
                                    <marker class="ExceptionType">
                                      <contents>
                                        <text><![CDATA[System.Data.SqlClient.SqlException]]></text>
                                      </contents>
                                      <attributes />
                                    </marker>
                                    <text><![CDATA[: ]]></text>
                                    <marker class="ExceptionMessage">
                                      <contents>
                                        <text><![CDATA[Incorrect syntax near the keyword 'ORDER'.]]></text>
                                      </contents>
                                      <attributes />
                                    </marker>
                                    <text><![CDATA[
]]></text>
                                    <marker class="ExceptionPropertyName">
                                      <contents>
                                        <text><![CDATA[Errors]]></text>
                                      </contents>
                                      <attributes />
                                    </marker>
                                    <text><![CDATA[: ]]></text>
                                    <marker class="ExceptionPropertyValue">
                                      <contents>
                                        <text><![CDATA[System.Data.SqlClient.SqlErrorCollection]]></text>
                                      </contents>
                                      <attributes />
                                    </marker>
                                    <text><![CDATA[
]]></text>
                                    <marker class="ExceptionPropertyName">
                                      <contents>
                                        <text><![CDATA[Class]]></text>
                                      </contents>
                                      <attributes />
                                    </marker>
                                    <text><![CDATA[: ]]></text>
                                    <marker class="ExceptionPropertyValue">
                                      <contents>
                                        <text><![CDATA[15]]></text>
                                      </contents>
                                      <attributes />
                                    </marker>
                                    <text><![CDATA[
]]></text>
                                    <marker class="ExceptionPropertyName">
                                      <contents>
                                        <text><![CDATA[LineNumber]]></text>
                                      </contents>
                                      <attributes />
                                    </marker>
                                    <text><![CDATA[: ]]></text>
                                    <marker class="ExceptionPropertyValue">
                                      <contents>
                                        <text><![CDATA[1]]></text>
                                      </contents>
                                      <attributes />
                                    </marker>
                                    <text><![CDATA[
]]></text>
                                    <marker class="ExceptionPropertyName">
                                      <contents>
                                        <text><![CDATA[Number]]></text>
                                      </contents>
                                      <attributes />
                                    </marker>
                                    <text><![CDATA[: ]]></text>
                                    <marker class="ExceptionPropertyValue">
                                      <contents>
                                        <text><![CDATA[156]]></text>
                                      </contents>
                                      <attributes />
                                    </marker>
                                    <text><![CDATA[
]]></text>
                                    <marker class="ExceptionPropertyName">
                                      <contents>
                                        <text><![CDATA[Procedure]]></text>
                                      </contents>
                                      <attributes />
                                    </marker>
                                    <text><![CDATA[: ]]></text>
                                    <marker class="ExceptionPropertyValue">
                                      <contents />
                                      <attributes />
                                    </marker>
                                    <text><![CDATA[
]]></text>
                                    <marker class="ExceptionPropertyName">
                                      <contents>
                                        <text><![CDATA[Server]]></text>
                                      </contents>
                                      <attributes />
                                    </marker>
                                    <text><![CDATA[: ]]></text>
                                    <marker class="ExceptionPropertyValue">
                                      <contents>
                                        <text><![CDATA[ANAXIMANDER\SQLEXPRESS]]></text>
                                      </contents>
                                      <attributes />
                                    </marker>
                                    <text><![CDATA[
]]></text>
                                    <marker class="ExceptionPropertyName">
                                      <contents>
                                        <text><![CDATA[State]]></text>
                                      </contents>
                                      <attributes />
                                    </marker>
                                    <text><![CDATA[: ]]></text>
                                    <marker class="ExceptionPropertyValue">
                                      <contents>
                                        <text><![CDATA[1]]></text>
                                      </contents>
                                      <attributes />
                                    </marker>
                                    <text><![CDATA[
]]></text>
                                    <marker class="ExceptionPropertyName">
                                      <contents>
                                        <text><![CDATA[ErrorCode]]></text>
                                      </contents>
                                      <attributes />
                                    </marker>
                                    <text><![CDATA[: ]]></text>
                                    <marker class="ExceptionPropertyValue">
                                      <contents>
                                        <text><![CDATA[-2146232060]]></text>
                                      </contents>
                                      <attributes />
                                    </marker>
                                    <text><![CDATA[
]]></text>
                                    <marker class="StackTrace">
                                      <contents>
                                        <text><![CDATA[   at System.Data.SqlClient.SqlConnection.OnError(SqlException exception, Boolean breakConnection)
   at System.Data.SqlClient.SqlInternalConnection.OnError(SqlException exception, Boolean breakConnection)
   at System.Data.SqlClient.TdsParser.ThrowExceptionAndWarning(TdsParserStateObject stateObj)
   at System.Data.SqlClient.TdsParser.Run(RunBehavior runBehavior, SqlCommand cmdHandler, SqlDataReader dataStream, BulkCopySimpleResultSet bulkCopyHandler, TdsParserStateObject stateObj)
   at System.Data.SqlClient.SqlDataReader.ConsumeMetaData()
   at System.Data.SqlClient.SqlDataReader.get_MetaData()
   at System.Data.SqlClient.SqlCommand.FinishExecuteReader(SqlDataReader ds, RunBehavior runBehavior, String resetOptionsString)
   at System.Data.SqlClient.SqlCommand.RunExecuteReaderTds(CommandBehavior cmdBehavior, RunBehavior runBehavior, Boolean returnStream, Boolean async)
   at System.Data.SqlClient.SqlCommand.RunExecuteReader(CommandBehavior cmdBehavior, RunBehavior runBehavior, Boolean returnStream, String method, DbAsyncResult result)
   at System.Data.SqlClient.SqlCommand.RunExecuteReader(CommandBehavior cmdBehavior, RunBehavior runBehavior, Boolean returnStream, String method)
   at System.Data.SqlClient.SqlCommand.ExecuteReader(CommandBehavior behavior, String method)
   at System.Data.SqlClient.SqlCommand.ExecuteReader(CommandBehavior behavior)
   at SubSonic.SqlDataProvider.GetReader(QueryCommand qry) in ]]></text>
                                        <marker class="CodeLocation">
                                          <contents>
                                            <text><![CDATA[C:\data\SubsonicRoot\ss2\SubSonic\DataProviders\SqlDataProvider.cs:line 384]]></text>
                                          </contents>
                                          <attributes>
                                            <attribute name="line" value="384" />
                                            <attribute name="path" value="C:\data\SubsonicRoot\ss2\SubSonic\DataProviders\SqlDataProvider.cs" />
                                          </attributes>
                                        </marker>
                                        <text><![CDATA[
   at SubSonic.DataService.GetReader(QueryCommand cmd) in ]]></text>
                                        <marker class="CodeLocation">
                                          <contents>
                                            <text><![CDATA[C:\data\SubsonicRoot\ss2\SubSonic\DataProviders\DataService.cs:line 506]]></text>
                                          </contents>
                                          <attributes>
                                            <attribute name="line" value="506" />
                                            <attribute name="path" value="C:\data\SubsonicRoot\ss2\SubSonic\DataProviders\DataService.cs" />
                                          </attributes>
                                        </marker>
                                        <text><![CDATA[
   at SubSonic.Query.ExecuteReader() in ]]></text>
                                        <marker class="CodeLocation">
                                          <contents>
                                            <text><![CDATA[C:\data\SubsonicRoot\ss2\SubSonic\Sql Tools\Query.cs:line 1814]]></text>
                                          </contents>
                                          <attributes>
                                            <attribute name="line" value="1814" />
                                            <attribute name="path" value="C:\data\SubsonicRoot\ss2\SubSonic\Sql Tools\Query.cs" />
                                          </attributes>
                                        </marker>
                                        <text><![CDATA[
   at SubSonic.ReadOnlyRecord`1.LoadByKey(Object keyID) in ]]></text>
                                        <marker class="CodeLocation">
                                          <contents>
                                            <text><![CDATA[C:\data\SubsonicRoot\ss2\SubSonic\ActiveRecord\ReadOnlyRecord.cs:line 72]]></text>
                                          </contents>
                                          <attributes>
                                            <attribute name="line" value="72" />
                                            <attribute name="path" value="C:\data\SubsonicRoot\ss2\SubSonic\ActiveRecord\ReadOnlyRecord.cs" />
                                          </attributes>
                                        </marker>
                                        <text><![CDATA[
   at Northwind.Product..ctor(Object keyID) in ]]></text>
                                        <marker class="CodeLocation">
                                          <contents>
                                            <text><![CDATA[C:\data\SubsonicRoot\ss2\SubSonic.Tests\Generated\Northwind\Product.cs:line 93]]></text>
                                          </contents>
                                          <attributes>
                                            <attribute name="line" value="93" />
                                            <attribute name="path" value="C:\data\SubsonicRoot\ss2\SubSonic.Tests\Generated\Northwind\Product.cs" />
                                          </attributes>
                                        </marker>
                                        <text><![CDATA[
   at SubSonic.Tests.TransactionWithDtcOffTests.NoTransactionScope_CanRetrieveSingleProduct() in ]]></text>
                                        <marker class="CodeLocation">
                                          <contents>
                                            <text><![CDATA[C:\data\SubsonicRoot\ss2\SubSonic.Tests\TransactionWithDtcOffTests.cs:line 56]]></text>
                                          </contents>
                                          <attributes>
                                            <attribute name="line" value="56" />
                                            <attribute name="path" value="C:\data\SubsonicRoot\ss2\SubSonic.Tests\TransactionWithDtcOffTests.cs" />
                                          </attributes>
                                        </marker>
                                      </contents>
                                      <attributes />
                                    </marker>
                                  </contents>
                                  <attributes />
                                </marker>
                              </contents>
                            </section>
                          </contents>
                        </body>
                      </stream>
                    </streams>
                    <attachments />
                  </testLog>
                </testStepRun>
                <testStepRun startTime="2011-08-05T15:48:49.5087205+09:30" endTime="2011-08-05T15:48:49.5399705+09:30">
                  <testStep id="a815124b73da0b7b" name="RetrieveMultipleProducts_FailsWithoutSharedConnection" fullName="SubSonic.Tests/TransactionWithDtcOffTests/RetrieveMultipleProducts_FailsWithoutSharedConnection" testId="d05195082be18aed" isPrimary="true" isTestCase="true" isDynamic="false">
                    <codeReference assembly="SubSonic.Tests, Version=2.2.1.0, Culture=neutral, PublicKeyToken=null" namespace="SubSonic.Tests" type="SubSonic.Tests.TransactionWithDtcOffTests" member="RetrieveMultipleProducts_FailsWithoutSharedConnection" />
                    <codeLocation path="C:\data\SubsonicRoot\ss2\SubSonic.Tests\TransactionWithDtcOffTests.cs" line="78" />
                    <metadata>
                      <entry key="TestKind">
                        <value>Test</value>
                      </entry>
                    </metadata>
                  </testStep>
                  <children />
                  <result assertCount="1" duration="0.0111303">
                    <outcome status="failed" />
                  </result>
                  <testLog>
                    <streams>
                      <stream name="Failures">
                        <body>
                          <contents>
                            <marker class="AssertionFailure">
                              <contents>
                                <section name="Expected value to be true.">
                                  <contents>
                                    <text><![CDATA[Incorrect syntax near the keyword 'ORDER'.

]]></text>
                                    <marker class="Monospace">
                                      <contents>
                                        <marker class="Label">
                                          <contents>
                                            <text><![CDATA[Actual Value : ]]></text>
                                          </contents>
                                          <attributes />
                                        </marker>
                                        <text><![CDATA[false
]]></text>
                                      </contents>
                                      <attributes />
                                    </marker>
                                    <text><![CDATA[
]]></text>
                                    <marker class="StackTrace">
                                      <contents>
                                        <text><![CDATA[   at SubSonic.Tests.TransactionWithDtcOffTests.RetrieveMultipleProducts_FailsWithoutSharedConnection() in ]]></text>
                                        <marker class="CodeLocation">
                                          <contents>
                                            <text><![CDATA[C:\data\SubsonicRoot\ss2\SubSonic.Tests\TransactionWithDtcOffTests.cs:line 96]]></text>
                                          </contents>
                                          <attributes>
                                            <attribute name="line" value="96" />
                                            <attribute name="path" value="C:\data\SubsonicRoot\ss2\SubSonic.Tests\TransactionWithDtcOffTests.cs" />
                                          </attributes>
                                        </marker>
                                      </contents>
                                      <attributes />
                                    </marker>
                                    <text><![CDATA[
]]></text>
                                  </contents>
                                </section>
                              </contents>
                              <attributes />
                            </marker>
                          </contents>
                        </body>
                      </stream>
                    </streams>
                    <attachments />
                  </testLog>
                </testStepRun>
                <testStepRun startTime="2011-08-05T15:48:49.5399705+09:30" endTime="2011-08-05T15:48:49.5712205+09:30">
                  <testStep id="93228bb312696f72" name="UpdateMultipleProducts_FailsWithoutSharedConnection" fullName="SubSonic.Tests/TransactionWithDtcOffTests/UpdateMultipleProducts_FailsWithoutSharedConnection" testId="2bfb29567a8c1e0a" isPrimary="true" isTestCase="true" isDynamic="false">
                    <codeReference assembly="SubSonic.Tests, Version=2.2.1.0, Culture=neutral, PublicKeyToken=null" namespace="SubSonic.Tests" type="SubSonic.Tests.TransactionWithDtcOffTests" member="UpdateMultipleProducts_FailsWithoutSharedConnection" />
                    <codeLocation path="C:\data\SubsonicRoot\ss2\SubSonic.Tests\TransactionWithDtcOffTests.cs" line="243" />
                    <metadata>
                      <entry key="TestKind">
                        <value>Test</value>
                      </entry>
                    </metadata>
                  </testStep>
                  <children />
                  <result assertCount="1" duration="0.0546168">
                    <outcome status="failed" />
                  </result>
                  <testLog>
                    <streams>
                      <stream name="Failures">
                        <body>
                          <contents>
                            <marker class="AssertionFailure">
                              <contents>
                                <section name="Expected value to be true.">
                                  <contents>
                                    <text><![CDATA[Incorrect syntax near the keyword 'ORDER'.

]]></text>
                                    <marker class="Monospace">
                                      <contents>
                                        <marker class="Label">
                                          <contents>
                                            <text><![CDATA[Actual Value : ]]></text>
                                          </contents>
                                          <attributes />
                                        </marker>
                                        <text><![CDATA[false
]]></text>
                                      </contents>
                                      <attributes />
                                    </marker>
                                    <text><![CDATA[
]]></text>
                                    <marker class="StackTrace">
                                      <contents>
                                        <text><![CDATA[   at SubSonic.Tests.TransactionWithDtcOffTests.UpdateMultipleProducts_FailsWithoutSharedConnection() in ]]></text>
                                        <marker class="CodeLocation">
                                          <contents>
                                            <text><![CDATA[C:\data\SubsonicRoot\ss2\SubSonic.Tests\TransactionWithDtcOffTests.cs:line 258]]></text>
                                          </contents>
                                          <attributes>
                                            <attribute name="line" value="258" />
                                            <attribute name="path" value="C:\data\SubsonicRoot\ss2\SubSonic.Tests\TransactionWithDtcOffTests.cs" />
                                          </attributes>
                                        </marker>
                                      </contents>
                                      <attributes />
                                    </marker>
                                    <text><![CDATA[
]]></text>
                                  </contents>
                                </section>
                              </contents>
                              <attributes />
                            </marker>
                          </contents>
                        </body>
                      </stream>
                    </streams>
                    <attachments />
                  </testLog>
                </testStepRun>
                <testStepRun startTime="2011-08-05T15:48:49.5712205+09:30" endTime="2011-08-05T15:48:49.6805955+09:30">
                  <testStep id="266b3b9a3da7f115" name="UpdateMultipleProducts_SucceedsWithSharedConnection" fullName="SubSonic.Tests/TransactionWithDtcOffTests/UpdateMultipleProducts_SucceedsWithSharedConnection" testId="cf8c2b87e86a6e43" isPrimary="true" isTestCase="true" isDynamic="false">
                    <codeReference assembly="SubSonic.Tests, Version=2.2.1.0, Culture=neutral, PublicKeyToken=null" namespace="SubSonic.Tests" type="SubSonic.Tests.TransactionWithDtcOffTests" member="UpdateMultipleProducts_SucceedsWithSharedConnection" />
                    <codeLocation path="C:\data\SubsonicRoot\ss2\SubSonic.Tests\TransactionWithDtcOffTests.cs" line="266" />
                    <metadata>
                      <entry key="TestKind">
                        <value>Test</value>
                      </entry>
                    </metadata>
                  </testStep>
                  <children />
                  <result assertCount="0" duration="0.03911">
                    <outcome status="failed" />
                  </result>
                  <testLog>
                    <streams>
                      <stream name="Failures">
                        <body>
                          <contents>
                            <section name="Execute">
                              <contents>
                                <marker class="Exception">
                                  <contents>
                                    <marker class="ExceptionType">
                                      <contents>
                                        <text><![CDATA[System.Data.SqlClient.SqlException]]></text>
                                      </contents>
                                      <attributes />
                                    </marker>
                                    <text><![CDATA[: ]]></text>
                                    <marker class="ExceptionMessage">
                                      <contents>
                                        <text><![CDATA[Incorrect syntax near the keyword 'ORDER'.]]></text>
                                      </contents>
                                      <attributes />
                                    </marker>
                                    <text><![CDATA[
]]></text>
                                    <marker class="ExceptionPropertyName">
                                      <contents>
                                        <text><![CDATA[Errors]]></text>
                                      </contents>
                                      <attributes />
                                    </marker>
                                    <text><![CDATA[: ]]></text>
                                    <marker class="ExceptionPropertyValue">
                                      <contents>
                                        <text><![CDATA[System.Data.SqlClient.SqlErrorCollection]]></text>
                                      </contents>
                                      <attributes />
                                    </marker>
                                    <text><![CDATA[
]]></text>
                                    <marker class="ExceptionPropertyName">
                                      <contents>
                                        <text><![CDATA[Class]]></text>
                                      </contents>
                                      <attributes />
                                    </marker>
                                    <text><![CDATA[: ]]></text>
                                    <marker class="ExceptionPropertyValue">
                                      <contents>
                                        <text><![CDATA[15]]></text>
                                      </contents>
                                      <attributes />
                                    </marker>
                                    <text><![CDATA[
]]></text>
                                    <marker class="ExceptionPropertyName">
                                      <contents>
                                        <text><![CDATA[LineNumber]]></text>
                                      </contents>
                                      <attributes />
                                    </marker>
                                    <text><![CDATA[: ]]></text>
                                    <marker class="ExceptionPropertyValue">
                                      <contents>
                                        <text><![CDATA[1]]></text>
                                      </contents>
                                      <attributes />
                                    </marker>
                                    <text><![CDATA[
]]></text>
                                    <marker class="ExceptionPropertyName">
                                      <contents>
                                        <text><![CDATA[Number]]></text>
                                      </contents>
                                      <attributes />
                                    </marker>
                                    <text><![CDATA[: ]]></text>
                                    <marker class="ExceptionPropertyValue">
                                      <contents>
                                        <text><![CDATA[156]]></text>
                                      </contents>
                                      <attributes />
                                    </marker>
                                    <text><![CDATA[
]]></text>
                                    <marker class="ExceptionPropertyName">
                                      <contents>
                                        <text><![CDATA[Procedure]]></text>
                                      </contents>
                                      <attributes />
                                    </marker>
                                    <text><![CDATA[: ]]></text>
                                    <marker class="ExceptionPropertyValue">
                                      <contents />
                                      <attributes />
                                    </marker>
                                    <text><![CDATA[
]]></text>
                                    <marker class="ExceptionPropertyName">
                                      <contents>
                                        <text><![CDATA[Server]]></text>
                                      </contents>
                                      <attributes />
                                    </marker>
                                    <text><![CDATA[: ]]></text>
                                    <marker class="ExceptionPropertyValue">
                                      <contents>
                                        <text><![CDATA[ANAXIMANDER\SQLEXPRESS]]></text>
                                      </contents>
                                      <attributes />
                                    </marker>
                                    <text><![CDATA[
]]></text>
                                    <marker class="ExceptionPropertyName">
                                      <contents>
                                        <text><![CDATA[State]]></text>
                                      </contents>
                                      <attributes />
                                    </marker>
                                    <text><![CDATA[: ]]></text>
                                    <marker class="ExceptionPropertyValue">
                                      <contents>
                                        <text><![CDATA[1]]></text>
                                      </contents>
                                      <attributes />
                                    </marker>
                                    <text><![CDATA[
]]></text>
                                    <marker class="ExceptionPropertyName">
                                      <contents>
                                        <text><![CDATA[ErrorCode]]></text>
                                      </contents>
                                      <attributes />
                                    </marker>
                                    <text><![CDATA[: ]]></text>
                                    <marker class="ExceptionPropertyValue">
                                      <contents>
                                        <text><![CDATA[-2146232060]]></text>
                                      </contents>
                                      <attributes />
                                    </marker>
                                    <text><![CDATA[
]]></text>
                                    <marker class="StackTrace">
                                      <contents>
                                        <text><![CDATA[   at System.Data.SqlClient.SqlConnection.OnError(SqlException exception, Boolean breakConnection)
   at System.Data.SqlClient.SqlInternalConnection.OnError(SqlException exception, Boolean breakConnection)
   at System.Data.SqlClient.TdsParser.ThrowExceptionAndWarning(TdsParserStateObject stateObj)
   at System.Data.SqlClient.TdsParser.Run(RunBehavior runBehavior, SqlCommand cmdHandler, SqlDataReader dataStream, BulkCopySimpleResultSet bulkCopyHandler, TdsParserStateObject stateObj)
   at System.Data.SqlClient.SqlDataReader.ConsumeMetaData()
   at System.Data.SqlClient.SqlDataReader.get_MetaData()
   at System.Data.SqlClient.SqlCommand.FinishExecuteReader(SqlDataReader ds, RunBehavior runBehavior, String resetOptionsString)
   at System.Data.SqlClient.SqlCommand.RunExecuteReaderTds(CommandBehavior cmdBehavior, RunBehavior runBehavior, Boolean returnStream, Boolean async)
   at System.Data.SqlClient.SqlCommand.RunExecuteReader(CommandBehavior cmdBehavior, RunBehavior runBehavior, Boolean returnStream, String method, DbAsyncResult result)
   at System.Data.SqlClient.SqlCommand.RunExecuteReader(CommandBehavior cmdBehavior, RunBehavior runBehavior, Boolean returnStream, String method)
   at System.Data.SqlClient.SqlCommand.ExecuteReader(CommandBehavior behavior, String method)
   at System.Data.SqlClient.SqlCommand.ExecuteReader(CommandBehavior behavior)
   at SubSonic.SqlDataProvider.GetReader(QueryCommand qry) in ]]></text>
                                        <marker class="CodeLocation">
                                          <contents>
                                            <text><![CDATA[C:\data\SubsonicRoot\ss2\SubSonic\DataProviders\SqlDataProvider.cs:line 384]]></text>
                                          </contents>
                                          <attributes>
                                            <attribute name="line" value="384" />
                                            <attribute name="path" value="C:\data\SubsonicRoot\ss2\SubSonic\DataProviders\SqlDataProvider.cs" />
                                          </attributes>
                                        </marker>
                                        <text><![CDATA[
   at SubSonic.DataService.GetReader(QueryCommand cmd) in ]]></text>
                                        <marker class="CodeLocation">
                                          <contents>
                                            <text><![CDATA[C:\data\SubsonicRoot\ss2\SubSonic\DataProviders\DataService.cs:line 506]]></text>
                                          </contents>
                                          <attributes>
                                            <attribute name="line" value="506" />
                                            <attribute name="path" value="C:\data\SubsonicRoot\ss2\SubSonic\DataProviders\DataService.cs" />
                                          </attributes>
                                        </marker>
                                        <text><![CDATA[
   at SubSonic.Query.ExecuteReader() in ]]></text>
                                        <marker class="CodeLocation">
                                          <contents>
                                            <text><![CDATA[C:\data\SubsonicRoot\ss2\SubSonic\Sql Tools\Query.cs:line 1814]]></text>
                                          </contents>
                                          <attributes>
                                            <attribute name="line" value="1814" />
                                            <attribute name="path" value="C:\data\SubsonicRoot\ss2\SubSonic\Sql Tools\Query.cs" />
                                          </attributes>
                                        </marker>
                                        <text><![CDATA[
   at SubSonic.ReadOnlyRecord`1.LoadByKey(Object keyID) in ]]></text>
                                        <marker class="CodeLocation">
                                          <contents>
                                            <text><![CDATA[C:\data\SubsonicRoot\ss2\SubSonic\ActiveRecord\ReadOnlyRecord.cs:line 72]]></text>
                                          </contents>
                                          <attributes>
                                            <attribute name="line" value="72" />
                                            <attribute name="path" value="C:\data\SubsonicRoot\ss2\SubSonic\ActiveRecord\ReadOnlyRecord.cs" />
                                          </attributes>
                                        </marker>
                                        <text><![CDATA[
   at Northwind.Product..ctor(Object keyID) in ]]></text>
                                        <marker class="CodeLocation">
                                          <contents>
                                            <text><![CDATA[C:\data\SubsonicRoot\ss2\SubSonic.Tests\Generated\Northwind\Product.cs:line 93]]></text>
                                          </contents>
                                          <attributes>
                                            <attribute name="line" value="93" />
                                            <attribute name="path" value="C:\data\SubsonicRoot\ss2\SubSonic.Tests\Generated\Northwind\Product.cs" />
                                          </attributes>
                                        </marker>
                                        <text><![CDATA[
   at SubSonic.Tests.TransactionWithDtcOffTests.UpdateMultipleProducts_SucceedsWithSharedConnection() in ]]></text>
                                        <marker class="CodeLocation">
                                          <contents>
                                            <text><![CDATA[C:\data\SubsonicRoot\ss2\SubSonic.Tests\TransactionWithDtcOffTests.cs:line 267]]></text>
                                          </contents>
                                          <attributes>
                                            <attribute name="line" value="267" />
                                            <attribute name="path" value="C:\data\SubsonicRoot\ss2\SubSonic.Tests\TransactionWithDtcOffTests.cs" />
                                          </attributes>
                                        </marker>
                                      </contents>
                                      <attributes />
                                    </marker>
                                  </contents>
                                  <attributes />
                                </marker>
                              </contents>
                            </section>
                          </contents>
                        </body>
                      </stream>
                    </streams>
                    <attachments />
                  </testLog>
                </testStepRun>
                <testStepRun startTime="2011-08-05T15:48:49.6805955+09:30" endTime="2011-08-05T15:48:49.7899705+09:30">
                  <testStep id="415a35dc8c1a57ef" name="UpdateSingleProduct_CommitChangeToDatabase" fullName="SubSonic.Tests/TransactionWithDtcOffTests/UpdateSingleProduct_CommitChangeToDatabase" testId="f61847d15bae9d7c" isPrimary="true" isTestCase="true" isDynamic="false">
                    <codeReference assembly="SubSonic.Tests, Version=2.2.1.0, Culture=neutral, PublicKeyToken=null" namespace="SubSonic.Tests" type="SubSonic.Tests.TransactionWithDtcOffTests" member="UpdateSingleProduct_CommitChangeToDatabase" />
                    <codeLocation path="C:\data\SubsonicRoot\ss2\SubSonic.Tests\TransactionWithDtcOffTests.cs" line="219" />
                    <metadata>
                      <entry key="TestKind">
                        <value>Test</value>
                      </entry>
                    </metadata>
                  </testStep>
                  <children />
                  <result assertCount="0" duration="0.017259">
                    <outcome status="failed" />
                  </result>
                  <testLog>
                    <streams>
                      <stream name="Failures">
                        <body>
                          <contents>
                            <section name="Execute">
                              <contents>
                                <marker class="Exception">
                                  <contents>
                                    <marker class="ExceptionType">
                                      <contents>
                                        <text><![CDATA[System.Data.SqlClient.SqlException]]></text>
                                      </contents>
                                      <attributes />
                                    </marker>
                                    <text><![CDATA[: ]]></text>
                                    <marker class="ExceptionMessage">
                                      <contents>
                                        <text><![CDATA[Incorrect syntax near the keyword 'ORDER'.]]></text>
                                      </contents>
                                      <attributes />
                                    </marker>
                                    <text><![CDATA[
]]></text>
                                    <marker class="ExceptionPropertyName">
                                      <contents>
                                        <text><![CDATA[Errors]]></text>
                                      </contents>
                                      <attributes />
                                    </marker>
                                    <text><![CDATA[: ]]></text>
                                    <marker class="ExceptionPropertyValue">
                                      <contents>
                                        <text><![CDATA[System.Data.SqlClient.SqlErrorCollection]]></text>
                                      </contents>
                                      <attributes />
                                    </marker>
                                    <text><![CDATA[
]]></text>
                                    <marker class="ExceptionPropertyName">
                                      <contents>
                                        <text><![CDATA[Class]]></text>
                                      </contents>
                                      <attributes />
                                    </marker>
                                    <text><![CDATA[: ]]></text>
                                    <marker class="ExceptionPropertyValue">
                                      <contents>
                                        <text><![CDATA[15]]></text>
                                      </contents>
                                      <attributes />
                                    </marker>
                                    <text><![CDATA[
]]></text>
                                    <marker class="ExceptionPropertyName">
                                      <contents>
                                        <text><![CDATA[LineNumber]]></text>
                                      </contents>
                                      <attributes />
                                    </marker>
                                    <text><![CDATA[: ]]></text>
                                    <marker class="ExceptionPropertyValue">
                                      <contents>
                                        <text><![CDATA[1]]></text>
                                      </contents>
                                      <attributes />
                                    </marker>
                                    <text><![CDATA[
]]></text>
                                    <marker class="ExceptionPropertyName">
                                      <contents>
                                        <text><![CDATA[Number]]></text>
                                      </contents>
                                      <attributes />
                                    </marker>
                                    <text><![CDATA[: ]]></text>
                                    <marker class="ExceptionPropertyValue">
                                      <contents>
                                        <text><![CDATA[156]]></text>
                                      </contents>
                                      <attributes />
                                    </marker>
                                    <text><![CDATA[
]]></text>
                                    <marker class="ExceptionPropertyName">
                                      <contents>
                                        <text><![CDATA[Procedure]]></text>
                                      </contents>
                                      <attributes />
                                    </marker>
                                    <text><![CDATA[: ]]></text>
                                    <marker class="ExceptionPropertyValue">
                                      <contents />
                                      <attributes />
                                    </marker>
                                    <text><![CDATA[
]]></text>
                                    <marker class="ExceptionPropertyName">
                                      <contents>
                                        <text><![CDATA[Server]]></text>
                                      </contents>
                                      <attributes />
                                    </marker>
                                    <text><![CDATA[: ]]></text>
                                    <marker class="ExceptionPropertyValue">
                                      <contents>
                                        <text><![CDATA[ANAXIMANDER\SQLEXPRESS]]></text>
                                      </contents>
                                      <attributes />
                                    </marker>
                                    <text><![CDATA[
]]></text>
                                    <marker class="ExceptionPropertyName">
                                      <contents>
                                        <text><![CDATA[State]]></text>
                                      </contents>
                                      <attributes />
                                    </marker>
                                    <text><![CDATA[: ]]></text>
                                    <marker class="ExceptionPropertyValue">
                                      <contents>
                                        <text><![CDATA[1]]></text>
                                      </contents>
                                      <attributes />
                                    </marker>
                                    <text><![CDATA[
]]></text>
                                    <marker class="ExceptionPropertyName">
                                      <contents>
                                        <text><![CDATA[ErrorCode]]></text>
                                      </contents>
                                      <attributes />
                                    </marker>
                                    <text><![CDATA[: ]]></text>
                                    <marker class="ExceptionPropertyValue">
                                      <contents>
                                        <text><![CDATA[-2146232060]]></text>
                                      </contents>
                                      <attributes />
                                    </marker>
                                    <text><![CDATA[
]]></text>
                                    <marker class="StackTrace">
                                      <contents>
                                        <text><![CDATA[   at System.Data.SqlClient.SqlConnection.OnError(SqlException exception, Boolean breakConnection)
   at System.Data.SqlClient.SqlInternalConnection.OnError(SqlException exception, Boolean breakConnection)
   at System.Data.SqlClient.TdsParser.ThrowExceptionAndWarning(TdsParserStateObject stateObj)
   at System.Data.SqlClient.TdsParser.Run(RunBehavior runBehavior, SqlCommand cmdHandler, SqlDataReader dataStream, BulkCopySimpleResultSet bulkCopyHandler, TdsParserStateObject stateObj)
   at System.Data.SqlClient.SqlDataReader.ConsumeMetaData()
   at System.Data.SqlClient.SqlDataReader.get_MetaData()
   at System.Data.SqlClient.SqlCommand.FinishExecuteReader(SqlDataReader ds, RunBehavior runBehavior, String resetOptionsString)
   at System.Data.SqlClient.SqlCommand.RunExecuteReaderTds(CommandBehavior cmdBehavior, RunBehavior runBehavior, Boolean returnStream, Boolean async)
   at System.Data.SqlClient.SqlCommand.RunExecuteReader(CommandBehavior cmdBehavior, RunBehavior runBehavior, Boolean returnStream, String method, DbAsyncResult result)
   at System.Data.SqlClient.SqlCommand.RunExecuteReader(CommandBehavior cmdBehavior, RunBehavior runBehavior, Boolean returnStream, String method)
   at System.Data.SqlClient.SqlCommand.ExecuteReader(CommandBehavior behavior, String method)
   at System.Data.SqlClient.SqlCommand.ExecuteReader()
   at SubSonic.SqlDataProvider.GetReader(QueryCommand qry) in ]]></text>
                                        <marker class="CodeLocation">
                                          <contents>
                                            <text><![CDATA[C:\data\SubsonicRoot\ss2\SubSonic\DataProviders\SqlDataProvider.cs:line 384]]></text>
                                          </contents>
                                          <attributes>
                                            <attribute name="line" value="384" />
                                            <attribute name="path" value="C:\data\SubsonicRoot\ss2\SubSonic\DataProviders\SqlDataProvider.cs" />
                                          </attributes>
                                        </marker>
                                        <text><![CDATA[
   at SubSonic.DataService.GetReader(QueryCommand cmd) in ]]></text>
                                        <marker class="CodeLocation">
                                          <contents>
                                            <text><![CDATA[C:\data\SubsonicRoot\ss2\SubSonic\DataProviders\DataService.cs:line 506]]></text>
                                          </contents>
                                          <attributes>
                                            <attribute name="line" value="506" />
                                            <attribute name="path" value="C:\data\SubsonicRoot\ss2\SubSonic\DataProviders\DataService.cs" />
                                          </attributes>
                                        </marker>
                                        <text><![CDATA[
   at SubSonic.Query.ExecuteReader() in ]]></text>
                                        <marker class="CodeLocation">
                                          <contents>
                                            <text><![CDATA[C:\data\SubsonicRoot\ss2\SubSonic\Sql Tools\Query.cs:line 1814]]></text>
                                          </contents>
                                          <attributes>
                                            <attribute name="line" value="1814" />
                                            <attribute name="path" value="C:\data\SubsonicRoot\ss2\SubSonic\Sql Tools\Query.cs" />
                                          </attributes>
                                        </marker>
                                        <text><![CDATA[
   at SubSonic.ReadOnlyRecord`1.LoadByKey(Object keyID) in ]]></text>
                                        <marker class="CodeLocation">
                                          <contents>
                                            <text><![CDATA[C:\data\SubsonicRoot\ss2\SubSonic\ActiveRecord\ReadOnlyRecord.cs:line 72]]></text>
                                          </contents>
                                          <attributes>
                                            <attribute name="line" value="72" />
                                            <attribute name="path" value="C:\data\SubsonicRoot\ss2\SubSonic\ActiveRecord\ReadOnlyRecord.cs" />
                                          </attributes>
                                        </marker>
                                        <text><![CDATA[
   at Northwind.Product..ctor(Object keyID) in ]]></text>
                                        <marker class="CodeLocation">
                                          <contents>
                                            <text><![CDATA[C:\data\SubsonicRoot\ss2\SubSonic.Tests\Generated\Northwind\Product.cs:line 93]]></text>
                                          </contents>
                                          <attributes>
                                            <attribute name="line" value="93" />
                                            <attribute name="path" value="C:\data\SubsonicRoot\ss2\SubSonic.Tests\Generated\Northwind\Product.cs" />
                                          </attributes>
                                        </marker>
                                        <text><![CDATA[
   at SubSonic.Tests.TransactionWithDtcOffTests.UpdateProduct(Int32 productId, String productName) in ]]></text>
                                        <marker class="CodeLocation">
                                          <contents>
                                            <text><![CDATA[C:\data\SubsonicRoot\ss2\SubSonic.Tests\TransactionWithDtcOffTests.cs:line 410]]></text>
                                          </contents>
                                          <attributes>
                                            <attribute name="line" value="410" />
                                            <attribute name="path" value="C:\data\SubsonicRoot\ss2\SubSonic.Tests\TransactionWithDtcOffTests.cs" />
                                          </attributes>
                                        </marker>
                                        <text><![CDATA[
   at SubSonic.Tests.TransactionWithDtcOffTests.SaveProduct(Int32 productId, String productName) in ]]></text>
                                        <marker class="CodeLocation">
                                          <contents>
                                            <text><![CDATA[C:\data\SubsonicRoot\ss2\SubSonic.Tests\TransactionWithDtcOffTests.cs:line 398]]></text>
                                          </contents>
                                          <attributes>
                                            <attribute name="line" value="398" />
                                            <attribute name="path" value="C:\data\SubsonicRoot\ss2\SubSonic.Tests\TransactionWithDtcOffTests.cs" />
                                          </attributes>
                                        </marker>
                                        <text><![CDATA[
   at SubSonic.Tests.TransactionWithDtcOffTests.UpdateSingleProduct_CommitChangeToDatabase() in ]]></text>
                                        <marker class="CodeLocation">
                                          <contents>
                                            <text><![CDATA[C:\data\SubsonicRoot\ss2\SubSonic.Tests\TransactionWithDtcOffTests.cs:line 226]]></text>
                                          </contents>
                                          <attributes>
                                            <attribute name="line" value="226" />
                                            <attribute name="path" value="C:\data\SubsonicRoot\ss2\SubSonic.Tests\TransactionWithDtcOffTests.cs" />
                                          </attributes>
                                        </marker>
                                      </contents>
                                      <attributes />
                                    </marker>
                                  </contents>
                                  <attributes />
                                </marker>
                              </contents>
                            </section>
                          </contents>
                        </body>
                      </stream>
                    </streams>
                    <attachments />
                  </testLog>
                </testStepRun>
                <testStepRun startTime="2011-08-05T15:48:49.7899705+09:30" endTime="2011-08-05T15:48:49.9149705+09:30">
                  <testStep id="3a8649208fe87357" name="UpdateSingleProduct_SucceedsUsingSharedConnection" fullName="SubSonic.Tests/TransactionWithDtcOffTests/UpdateSingleProduct_SucceedsUsingSharedConnection" testId="c1645f8c4a9f20ab" isPrimary="true" isTestCase="true" isDynamic="false">
                    <codeReference assembly="SubSonic.Tests, Version=2.2.1.0, Culture=neutral, PublicKeyToken=null" namespace="SubSonic.Tests" type="SubSonic.Tests.TransactionWithDtcOffTests" member="UpdateSingleProduct_SucceedsUsingSharedConnection" />
                    <codeLocation path="C:\data\SubsonicRoot\ss2\SubSonic.Tests\TransactionWithDtcOffTests.cs" line="159" />
                    <metadata>
                      <entry key="TestKind">
                        <value>Test</value>
                      </entry>
                    </metadata>
                  </testStep>
                  <children />
                  <result assertCount="0" duration="0.042815399999999997">
                    <outcome status="failed" />
                  </result>
                  <testLog>
                    <streams>
                      <stream name="Failures">
                        <body>
                          <contents>
                            <section name="Execute">
                              <contents>
                                <marker class="Exception">
                                  <contents>
                                    <marker class="ExceptionType">
                                      <contents>
                                        <text><![CDATA[System.Data.SqlClient.SqlException]]></text>
                                      </contents>
                                      <attributes />
                                    </marker>
                                    <text><![CDATA[: ]]></text>
                                    <marker class="ExceptionMessage">
                                      <contents>
                                        <text><![CDATA[Incorrect syntax near the keyword 'ORDER'.]]></text>
                                      </contents>
                                      <attributes />
                                    </marker>
                                    <text><![CDATA[
]]></text>
                                    <marker class="ExceptionPropertyName">
                                      <contents>
                                        <text><![CDATA[Errors]]></text>
                                      </contents>
                                      <attributes />
                                    </marker>
                                    <text><![CDATA[: ]]></text>
                                    <marker class="ExceptionPropertyValue">
                                      <contents>
                                        <text><![CDATA[System.Data.SqlClient.SqlErrorCollection]]></text>
                                      </contents>
                                      <attributes />
                                    </marker>
                                    <text><![CDATA[
]]></text>
                                    <marker class="ExceptionPropertyName">
                                      <contents>
                                        <text><![CDATA[Class]]></text>
                                      </contents>
                                      <attributes />
                                    </marker>
                                    <text><![CDATA[: ]]></text>
                                    <marker class="ExceptionPropertyValue">
                                      <contents>
                                        <text><![CDATA[15]]></text>
                                      </contents>
                                      <attributes />
                                    </marker>
                                    <text><![CDATA[
]]></text>
                                    <marker class="ExceptionPropertyName">
                                      <contents>
                                        <text><![CDATA[LineNumber]]></text>
                                      </contents>
                                      <attributes />
                                    </marker>
                                    <text><![CDATA[: ]]></text>
                                    <marker class="ExceptionPropertyValue">
                                      <contents>
                                        <text><![CDATA[1]]></text>
                                      </contents>
                                      <attributes />
                                    </marker>
                                    <text><![CDATA[
]]></text>
                                    <marker class="ExceptionPropertyName">
                                      <contents>
                                        <text><![CDATA[Number]]></text>
                                      </contents>
                                      <attributes />
                                    </marker>
                                    <text><![CDATA[: ]]></text>
                                    <marker class="ExceptionPropertyValue">
                                      <contents>
                                        <text><![CDATA[156]]></text>
                                      </contents>
                                      <attributes />
                                    </marker>
                                    <text><![CDATA[
]]></text>
                                    <marker class="ExceptionPropertyName">
                                      <contents>
                                        <text><![CDATA[Procedure]]></text>
                                      </contents>
                                      <attributes />
                                    </marker>
                                    <text><![CDATA[: ]]></text>
                                    <marker class="ExceptionPropertyValue">
                                      <contents />
                                      <attributes />
                                    </marker>
                                    <text><![CDATA[
]]></text>
                                    <marker class="ExceptionPropertyName">
                                      <contents>
                                        <text><![CDATA[Server]]></text>
                                      </contents>
                                      <attributes />
                                    </marker>
                                    <text><![CDATA[: ]]></text>
                                    <marker class="ExceptionPropertyValue">
                                      <contents>
                                        <text><![CDATA[ANAXIMANDER\SQLEXPRESS]]></text>
                                      </contents>
                                      <attributes />
                                    </marker>
                                    <text><![CDATA[
]]></text>
                                    <marker class="ExceptionPropertyName">
                                      <contents>
                                        <text><![CDATA[State]]></text>
                                      </contents>
                                      <attributes />
                                    </marker>
                                    <text><![CDATA[: ]]></text>
                                    <marker class="ExceptionPropertyValue">
                                      <contents>
                                        <text><![CDATA[1]]></text>
                                      </contents>
                                      <attributes />
                                    </marker>
                                    <text><![CDATA[
]]></text>
                                    <marker class="ExceptionPropertyName">
                                      <contents>
                                        <text><![CDATA[ErrorCode]]></text>
                                      </contents>
                                      <attributes />
                                    </marker>
                                    <text><![CDATA[: ]]></text>
                                    <marker class="ExceptionPropertyValue">
                                      <contents>
                                        <text><![CDATA[-2146232060]]></text>
                                      </contents>
                                      <attributes />
                                    </marker>
                                    <text><![CDATA[
]]></text>
                                    <marker class="StackTrace">
                                      <contents>
                                        <text><![CDATA[   at System.Data.SqlClient.SqlConnection.OnError(SqlException exception, Boolean breakConnection)
   at System.Data.SqlClient.SqlInternalConnection.OnError(SqlException exception, Boolean breakConnection)
   at System.Data.SqlClient.TdsParser.ThrowExceptionAndWarning(TdsParserStateObject stateObj)
   at System.Data.SqlClient.TdsParser.Run(RunBehavior runBehavior, SqlCommand cmdHandler, SqlDataReader dataStream, BulkCopySimpleResultSet bulkCopyHandler, TdsParserStateObject stateObj)
   at System.Data.SqlClient.SqlDataReader.ConsumeMetaData()
   at System.Data.SqlClient.SqlDataReader.get_MetaData()
   at System.Data.SqlClient.SqlCommand.FinishExecuteReader(SqlDataReader ds, RunBehavior runBehavior, String resetOptionsString)
   at System.Data.SqlClient.SqlCommand.RunExecuteReaderTds(CommandBehavior cmdBehavior, RunBehavior runBehavior, Boolean returnStream, Boolean async)
   at System.Data.SqlClient.SqlCommand.RunExecuteReader(CommandBehavior cmdBehavior, RunBehavior runBehavior, Boolean returnStream, String method, DbAsyncResult result)
   at System.Data.SqlClient.SqlCommand.RunExecuteReader(CommandBehavior cmdBehavior, RunBehavior runBehavior, Boolean returnStream, String method)
   at System.Data.SqlClient.SqlCommand.ExecuteReader(CommandBehavior behavior, String method)
   at System.Data.SqlClient.SqlCommand.ExecuteReader()
   at SubSonic.SqlDataProvider.GetReader(QueryCommand qry) in ]]></text>
                                        <marker class="CodeLocation">
                                          <contents>
                                            <text><![CDATA[C:\data\SubsonicRoot\ss2\SubSonic\DataProviders\SqlDataProvider.cs:line 384]]></text>
                                          </contents>
                                          <attributes>
                                            <attribute name="line" value="384" />
                                            <attribute name="path" value="C:\data\SubsonicRoot\ss2\SubSonic\DataProviders\SqlDataProvider.cs" />
                                          </attributes>
                                        </marker>
                                        <text><![CDATA[
   at SubSonic.DataService.GetReader(QueryCommand cmd) in ]]></text>
                                        <marker class="CodeLocation">
                                          <contents>
                                            <text><![CDATA[C:\data\SubsonicRoot\ss2\SubSonic\DataProviders\DataService.cs:line 506]]></text>
                                          </contents>
                                          <attributes>
                                            <attribute name="line" value="506" />
                                            <attribute name="path" value="C:\data\SubsonicRoot\ss2\SubSonic\DataProviders\DataService.cs" />
                                          </attributes>
                                        </marker>
                                        <text><![CDATA[
   at SubSonic.Query.ExecuteReader() in ]]></text>
                                        <marker class="CodeLocation">
                                          <contents>
                                            <text><![CDATA[C:\data\SubsonicRoot\ss2\SubSonic\Sql Tools\Query.cs:line 1814]]></text>
                                          </contents>
                                          <attributes>
                                            <attribute name="line" value="1814" />
                                            <attribute name="path" value="C:\data\SubsonicRoot\ss2\SubSonic\Sql Tools\Query.cs" />
                                          </attributes>
                                        </marker>
                                        <text><![CDATA[
   at SubSonic.ReadOnlyRecord`1.LoadByKey(Object keyID) in ]]></text>
                                        <marker class="CodeLocation">
                                          <contents>
                                            <text><![CDATA[C:\data\SubsonicRoot\ss2\SubSonic\ActiveRecord\ReadOnlyRecord.cs:line 72]]></text>
                                          </contents>
                                          <attributes>
                                            <attribute name="line" value="72" />
                                            <attribute name="path" value="C:\data\SubsonicRoot\ss2\SubSonic\ActiveRecord\ReadOnlyRecord.cs" />
                                          </attributes>
                                        </marker>
                                        <text><![CDATA[
   at Northwind.Product..ctor(Object keyID) in ]]></text>
                                        <marker class="CodeLocation">
                                          <contents>
                                            <text><![CDATA[C:\data\SubsonicRoot\ss2\SubSonic.Tests\Generated\Northwind\Product.cs:line 93]]></text>
                                          </contents>
                                          <attributes>
                                            <attribute name="line" value="93" />
                                            <attribute name="path" value="C:\data\SubsonicRoot\ss2\SubSonic.Tests\Generated\Northwind\Product.cs" />
                                          </attributes>
                                        </marker>
                                        <text><![CDATA[
   at SubSonic.Tests.TransactionWithDtcOffTests.UpdateProduct(Int32 productId, String productName) in ]]></text>
                                        <marker class="CodeLocation">
                                          <contents>
                                            <text><![CDATA[C:\data\SubsonicRoot\ss2\SubSonic.Tests\TransactionWithDtcOffTests.cs:line 410]]></text>
                                          </contents>
                                          <attributes>
                                            <attribute name="line" value="410" />
                                            <attribute name="path" value="C:\data\SubsonicRoot\ss2\SubSonic.Tests\TransactionWithDtcOffTests.cs" />
                                          </attributes>
                                        </marker>
                                        <text><![CDATA[
   at SubSonic.Tests.TransactionWithDtcOffTests.SaveProduct(Int32 productId, String productName) in ]]></text>
                                        <marker class="CodeLocation">
                                          <contents>
                                            <text><![CDATA[C:\data\SubsonicRoot\ss2\SubSonic.Tests\TransactionWithDtcOffTests.cs:line 398]]></text>
                                          </contents>
                                          <attributes>
                                            <attribute name="line" value="398" />
                                            <attribute name="path" value="C:\data\SubsonicRoot\ss2\SubSonic.Tests\TransactionWithDtcOffTests.cs" />
                                          </attributes>
                                        </marker>
                                        <text><![CDATA[
   at SubSonic.Tests.TransactionWithDtcOffTests.UpdateSingleProduct_SucceedsUsingSharedConnection() in ]]></text>
                                        <marker class="CodeLocation">
                                          <contents>
                                            <text><![CDATA[C:\data\SubsonicRoot\ss2\SubSonic.Tests\TransactionWithDtcOffTests.cs:line 163]]></text>
                                          </contents>
                                          <attributes>
                                            <attribute name="line" value="163" />
                                            <attribute name="path" value="C:\data\SubsonicRoot\ss2\SubSonic.Tests\TransactionWithDtcOffTests.cs" />
                                          </attributes>
                                        </marker>
                                      </contents>
                                      <attributes />
                                    </marker>
                                  </contents>
                                  <attributes />
                                </marker>
                              </contents>
                            </section>
                          </contents>
                        </body>
                      </stream>
                    </streams>
                    <attachments />
                  </testLog>
                </testStepRun>
                <testStepRun startTime="2011-08-05T15:48:49.9149705+09:30" endTime="2011-08-05T15:48:49.9462205+09:30">
                  <testStep id="2ffa92f0379b3dcb" name="UpdateSingleProductRetrieveMultipleProducts_FailsWithoutSharedConnection" fullName="SubSonic.Tests/TransactionWithDtcOffTests/UpdateSingleProductRetrieveMultipleProducts_FailsWithoutSharedConnection" testId="8e42c869bec9e786" isPrimary="true" isTestCase="true" isDynamic="false">
                    <codeReference assembly="SubSonic.Tests, Version=2.2.1.0, Culture=neutral, PublicKeyToken=null" namespace="SubSonic.Tests" type="SubSonic.Tests.TransactionWithDtcOffTests" member="UpdateSingleProductRetrieveMultipleProducts_FailsWithoutSharedConnection" />
                    <codeLocation path="C:\data\SubsonicRoot\ss2\SubSonic.Tests\TransactionWithDtcOffTests.cs" line="172" />
                    <metadata>
                      <entry key="TestKind">
                        <value>Test</value>
                      </entry>
                    </metadata>
                  </testStep>
                  <children />
                  <result assertCount="1" duration="0.0234358">
                    <outcome status="failed" />
                  </result>
                  <testLog>
                    <streams>
                      <stream name="Failures">
                        <body>
                          <contents>
                            <marker class="AssertionFailure">
                              <contents>
                                <section name="Expected value to be true.">
                                  <contents>
                                    <text><![CDATA[Incorrect syntax near the keyword 'ORDER'.

]]></text>
                                    <marker class="Monospace">
                                      <contents>
                                        <marker class="Label">
                                          <contents>
                                            <text><![CDATA[Actual Value : ]]></text>
                                          </contents>
                                          <attributes />
                                        </marker>
                                        <text><![CDATA[false
]]></text>
                                      </contents>
                                      <attributes />
                                    </marker>
                                    <text><![CDATA[
]]></text>
                                    <marker class="StackTrace">
                                      <contents>
                                        <text><![CDATA[   at SubSonic.Tests.TransactionWithDtcOffTests.UpdateSingleProductRetrieveMultipleProducts_FailsWithoutSharedConnection() in ]]></text>
                                        <marker class="CodeLocation">
                                          <contents>
                                            <text><![CDATA[C:\data\SubsonicRoot\ss2\SubSonic.Tests\TransactionWithDtcOffTests.cs:line 189]]></text>
                                          </contents>
                                          <attributes>
                                            <attribute name="line" value="189" />
                                            <attribute name="path" value="C:\data\SubsonicRoot\ss2\SubSonic.Tests\TransactionWithDtcOffTests.cs" />
                                          </attributes>
                                        </marker>
                                      </contents>
                                      <attributes />
                                    </marker>
                                    <text><![CDATA[
]]></text>
                                  </contents>
                                </section>
                              </contents>
                              <attributes />
                            </marker>
                          </contents>
                        </body>
                      </stream>
                    </streams>
                    <attachments />
                  </testLog>
                </testStepRun>
                <testStepRun startTime="2011-08-05T15:48:49.9462205+09:30" endTime="2011-08-05T15:48:50.0555955+09:30">
                  <testStep id="c7c5a87a4040e9d9" name="UpdateSingleProductRetrieveMultipleProducts_SucceedsWithSharedConnection" fullName="SubSonic.Tests/TransactionWithDtcOffTests/UpdateSingleProductRetrieveMultipleProducts_SucceedsWithSharedConnection" testId="32f81b0fb6408d6e" isPrimary="true" isTestCase="true" isDynamic="false">
                    <codeReference assembly="SubSonic.Tests, Version=2.2.1.0, Culture=neutral, PublicKeyToken=null" namespace="SubSonic.Tests" type="SubSonic.Tests.TransactionWithDtcOffTests" member="UpdateSingleProductRetrieveMultipleProducts_SucceedsWithSharedConnection" />
                    <codeLocation path="C:\data\SubsonicRoot\ss2\SubSonic.Tests\TransactionWithDtcOffTests.cs" line="197" />
                    <metadata>
                      <entry key="TestKind">
                        <value>Test</value>
                      </entry>
                    </metadata>
                  </testStep>
                  <children />
                  <result assertCount="0" duration="0.0177411">
                    <outcome status="failed" />
                  </result>
                  <testLog>
                    <streams>
                      <stream name="Failures">
                        <body>
                          <contents>
                            <section name="Execute">
                              <contents>
                                <marker class="Exception">
                                  <contents>
                                    <marker class="ExceptionType">
                                      <contents>
                                        <text><![CDATA[System.Data.SqlClient.SqlException]]></text>
                                      </contents>
                                      <attributes />
                                    </marker>
                                    <text><![CDATA[: ]]></text>
                                    <marker class="ExceptionMessage">
                                      <contents>
                                        <text><![CDATA[Incorrect syntax near the keyword 'ORDER'.]]></text>
                                      </contents>
                                      <attributes />
                                    </marker>
                                    <text><![CDATA[
]]></text>
                                    <marker class="ExceptionPropertyName">
                                      <contents>
                                        <text><![CDATA[Errors]]></text>
                                      </contents>
                                      <attributes />
                                    </marker>
                                    <text><![CDATA[: ]]></text>
                                    <marker class="ExceptionPropertyValue">
                                      <contents>
                                        <text><![CDATA[System.Data.SqlClient.SqlErrorCollection]]></text>
                                      </contents>
                                      <attributes />
                                    </marker>
                                    <text><![CDATA[
]]></text>
                                    <marker class="ExceptionPropertyName">
                                      <contents>
                                        <text><![CDATA[Class]]></text>
                                      </contents>
                                      <attributes />
                                    </marker>
                                    <text><![CDATA[: ]]></text>
                                    <marker class="ExceptionPropertyValue">
                                      <contents>
                                        <text><![CDATA[15]]></text>
                                      </contents>
                                      <attributes />
                                    </marker>
                                    <text><![CDATA[
]]></text>
                                    <marker class="ExceptionPropertyName">
                                      <contents>
                                        <text><![CDATA[LineNumber]]></text>
                                      </contents>
                                      <attributes />
                                    </marker>
                                    <text><![CDATA[: ]]></text>
                                    <marker class="ExceptionPropertyValue">
                                      <contents>
                                        <text><![CDATA[1]]></text>
                                      </contents>
                                      <attributes />
                                    </marker>
                                    <text><![CDATA[
]]></text>
                                    <marker class="ExceptionPropertyName">
                                      <contents>
                                        <text><![CDATA[Number]]></text>
                                      </contents>
                                      <attributes />
                                    </marker>
                                    <text><![CDATA[: ]]></text>
                                    <marker class="ExceptionPropertyValue">
                                      <contents>
                                        <text><![CDATA[156]]></text>
                                      </contents>
                                      <attributes />
                                    </marker>
                                    <text><![CDATA[
]]></text>
                                    <marker class="ExceptionPropertyName">
                                      <contents>
                                        <text><![CDATA[Procedure]]></text>
                                      </contents>
                                      <attributes />
                                    </marker>
                                    <text><![CDATA[: ]]></text>
                                    <marker class="ExceptionPropertyValue">
                                      <contents />
                                      <attributes />
                                    </marker>
                                    <text><![CDATA[
]]></text>
                                    <marker class="ExceptionPropertyName">
                                      <contents>
                                        <text><![CDATA[Server]]></text>
                                      </contents>
                                      <attributes />
                                    </marker>
                                    <text><![CDATA[: ]]></text>
                                    <marker class="ExceptionPropertyValue">
                                      <contents>
                                        <text><![CDATA[ANAXIMANDER\SQLEXPRESS]]></text>
                                      </contents>
                                      <attributes />
                                    </marker>
                                    <text><![CDATA[
]]></text>
                                    <marker class="ExceptionPropertyName">
                                      <contents>
                                        <text><![CDATA[State]]></text>
                                      </contents>
                                      <attributes />
                                    </marker>
                                    <text><![CDATA[: ]]></text>
                                    <marker class="ExceptionPropertyValue">
                                      <contents>
                                        <text><![CDATA[1]]></text>
                                      </contents>
                                      <attributes />
                                    </marker>
                                    <text><![CDATA[
]]></text>
                                    <marker class="ExceptionPropertyName">
                                      <contents>
                                        <text><![CDATA[ErrorCode]]></text>
                                      </contents>
                                      <attributes />
                                    </marker>
                                    <text><![CDATA[: ]]></text>
                                    <marker class="ExceptionPropertyValue">
                                      <contents>
                                        <text><![CDATA[-2146232060]]></text>
                                      </contents>
                                      <attributes />
                                    </marker>
                                    <text><![CDATA[
]]></text>
                                    <marker class="StackTrace">
                                      <contents>
                                        <text><![CDATA[   at System.Data.SqlClient.SqlConnection.OnError(SqlException exception, Boolean breakConnection)
   at System.Data.SqlClient.SqlInternalConnection.OnError(SqlException exception, Boolean breakConnection)
   at System.Data.SqlClient.TdsParser.ThrowExceptionAndWarning(TdsParserStateObject stateObj)
   at System.Data.SqlClient.TdsParser.Run(RunBehavior runBehavior, SqlCommand cmdHandler, SqlDataReader dataStream, BulkCopySimpleResultSet bulkCopyHandler, TdsParserStateObject stateObj)
   at System.Data.SqlClient.SqlDataReader.ConsumeMetaData()
   at System.Data.SqlClient.SqlDataReader.get_MetaData()
   at System.Data.SqlClient.SqlCommand.FinishExecuteReader(SqlDataReader ds, RunBehavior runBehavior, String resetOptionsString)
   at System.Data.SqlClient.SqlCommand.RunExecuteReaderTds(CommandBehavior cmdBehavior, RunBehavior runBehavior, Boolean returnStream, Boolean async)
   at System.Data.SqlClient.SqlCommand.RunExecuteReader(CommandBehavior cmdBehavior, RunBehavior runBehavior, Boolean returnStream, String method, DbAsyncResult result)
   at System.Data.SqlClient.SqlCommand.RunExecuteReader(CommandBehavior cmdBehavior, RunBehavior runBehavior, Boolean returnStream, String method)
   at System.Data.SqlClient.SqlCommand.ExecuteReader(CommandBehavior behavior, String method)
   at System.Data.SqlClient.SqlCommand.ExecuteReader(CommandBehavior behavior)
   at SubSonic.SqlDataProvider.GetReader(QueryCommand qry) in ]]></text>
                                        <marker class="CodeLocation">
                                          <contents>
                                            <text><![CDATA[C:\data\SubsonicRoot\ss2\SubSonic\DataProviders\SqlDataProvider.cs:line 384]]></text>
                                          </contents>
                                          <attributes>
                                            <attribute name="line" value="384" />
                                            <attribute name="path" value="C:\data\SubsonicRoot\ss2\SubSonic\DataProviders\SqlDataProvider.cs" />
                                          </attributes>
                                        </marker>
                                        <text><![CDATA[
   at SubSonic.DataService.GetReader(QueryCommand cmd) in ]]></text>
                                        <marker class="CodeLocation">
                                          <contents>
                                            <text><![CDATA[C:\data\SubsonicRoot\ss2\SubSonic\DataProviders\DataService.cs:line 506]]></text>
                                          </contents>
                                          <attributes>
                                            <attribute name="line" value="506" />
                                            <attribute name="path" value="C:\data\SubsonicRoot\ss2\SubSonic\DataProviders\DataService.cs" />
                                          </attributes>
                                        </marker>
                                        <text><![CDATA[
   at SubSonic.Query.ExecuteReader() in ]]></text>
                                        <marker class="CodeLocation">
                                          <contents>
                                            <text><![CDATA[C:\data\SubsonicRoot\ss2\SubSonic\Sql Tools\Query.cs:line 1814]]></text>
                                          </contents>
                                          <attributes>
                                            <attribute name="line" value="1814" />
                                            <attribute name="path" value="C:\data\SubsonicRoot\ss2\SubSonic\Sql Tools\Query.cs" />
                                          </attributes>
                                        </marker>
                                        <text><![CDATA[
   at SubSonic.ReadOnlyRecord`1.LoadByKey(Object keyID) in ]]></text>
                                        <marker class="CodeLocation">
                                          <contents>
                                            <text><![CDATA[C:\data\SubsonicRoot\ss2\SubSonic\ActiveRecord\ReadOnlyRecord.cs:line 72]]></text>
                                          </contents>
                                          <attributes>
                                            <attribute name="line" value="72" />
                                            <attribute name="path" value="C:\data\SubsonicRoot\ss2\SubSonic\ActiveRecord\ReadOnlyRecord.cs" />
                                          </attributes>
                                        </marker>
                                        <text><![CDATA[
   at Northwind.Product..ctor(Object keyID) in ]]></text>
                                        <marker class="CodeLocation">
                                          <contents>
                                            <text><![CDATA[C:\data\SubsonicRoot\ss2\SubSonic.Tests\Generated\Northwind\Product.cs:line 93]]></text>
                                          </contents>
                                          <attributes>
                                            <attribute name="line" value="93" />
                                            <attribute name="path" value="C:\data\SubsonicRoot\ss2\SubSonic.Tests\Generated\Northwind\Product.cs" />
                                          </attributes>
                                        </marker>
                                        <text><![CDATA[
   at SubSonic.Tests.TransactionWithDtcOffTests.UpdateSingleProductRetrieveMultipleProducts_SucceedsWithSharedConnection() in ]]></text>
                                        <marker class="CodeLocation">
                                          <contents>
                                            <text><![CDATA[C:\data\SubsonicRoot\ss2\SubSonic.Tests\TransactionWithDtcOffTests.cs:line 198]]></text>
                                          </contents>
                                          <attributes>
                                            <attribute name="line" value="198" />
                                            <attribute name="path" value="C:\data\SubsonicRoot\ss2\SubSonic.Tests\TransactionWithDtcOffTests.cs" />
                                          </attributes>
                                        </marker>
                                      </contents>
                                      <attributes />
                                    </marker>
                                  </contents>
                                  <attributes />
                                </marker>
                              </contents>
                            </section>
                          </contents>
                        </body>
                      </stream>
                    </streams>
                    <attachments />
                  </testLog>
                </testStepRun>
              </children>
              <result assertCount="4" duration="1.3307084">
                <outcome status="failed" />
              </result>
              <testLog>
                <streams />
                <attachments />
              </testLog>
            </testStepRun>
            <testStepRun startTime="2011-08-05T15:48:50.0712205+09:30" endTime="2011-08-05T15:48:50.0868455+09:30">
              <testStep id="5ac6be84fa052d1e" name="TurboTemplateTests" fullName="SubSonic.Tests/TurboTemplateTests" testId="830415a07fe92f82" isPrimary="true" isTestCase="false" isDynamic="false">
                <codeReference assembly="SubSonic.Tests, Version=2.2.1.0, Culture=neutral, PublicKeyToken=null" namespace="SubSonic.Tests" type="SubSonic.Tests.TurboTemplateTests" />
                <codeLocation path="C:\data\SubsonicRoot\ss2\SubSonic.Tests\TurboTemplateTests.cs" />
                <metadata>
                  <entry key="TestKind">
                    <value>Fixture</value>
                  </entry>
                </metadata>
              </testStep>
              <children>
                <testStepRun startTime="2011-08-05T15:48:50.0712205+09:30" endTime="2011-08-05T15:48:50.0712205+09:30">
                  <testStep id="928fd76ae48f18bb" name="AssemblyDirectiveIsStrippedFromTemplate" fullName="SubSonic.Tests/TurboTemplateTests/AssemblyDirectiveIsStrippedFromTemplate" testId="47fa02932e4efe5c" isPrimary="true" isTestCase="true" isDynamic="false">
                    <codeReference assembly="SubSonic.Tests, Version=2.2.1.0, Culture=neutral, PublicKeyToken=null" namespace="SubSonic.Tests" type="SubSonic.Tests.TurboTemplateTests" member="AssemblyDirectiveIsStrippedFromTemplate" />
                    <codeLocation path="C:\data\SubsonicRoot\ss2\SubSonic.Tests\TurboTemplateTests.cs" line="45" />
                    <metadata>
                      <entry key="TestKind">
                        <value>Test</value>
                      </entry>
                    </metadata>
                  </testStep>
                  <children />
                  <result assertCount="1" duration="0.0020177">
                    <outcome status="passed" />
                  </result>
                  <testLog>
                    <streams />
                    <attachments />
                  </testLog>
                </testStepRun>
              </children>
              <result assertCount="1" duration="0.0349538">
                <outcome status="passed" />
              </result>
              <testLog>
                <streams />
                <attachments />
              </testLog>
            </testStepRun>
            <testStepRun startTime="2011-08-05T15:48:50.0868455+09:30" endTime="2011-08-05T15:48:50.4149705+09:30">
              <testStep id="d8a9bf3ecf0c703f" name="UpdateTests" fullName="SubSonic.Tests/UpdateTests" testId="6588e506eeb48f18" isPrimary="true" isTestCase="false" isDynamic="false">
                <codeReference assembly="SubSonic.Tests, Version=2.2.1.0, Culture=neutral, PublicKeyToken=null" namespace="SubSonic.Tests.SqlQuery" type="SubSonic.Tests.SqlQuery.UpdateTests" />
                <codeLocation path="C:\data\SubsonicRoot\ss2\SubSonic.Tests\SqlQuery\UpdateTests.cs" />
                <metadata>
                  <entry key="TestKind">
                    <value>Fixture</value>
                  </entry>
                </metadata>
              </testStep>
              <children>
                <testStepRun startTime="2011-08-05T15:48:50.0868455+09:30" endTime="2011-08-05T15:48:50.1962205+09:30">
                  <testStep id="13933aa7820b8378" name="Update_Expression" fullName="SubSonic.Tests/UpdateTests/Update_Expression" testId="1c84229c354ae60d" isPrimary="true" isTestCase="true" isDynamic="false">
                    <codeReference assembly="SubSonic.Tests, Version=2.2.1.0, Culture=neutral, PublicKeyToken=null" namespace="SubSonic.Tests.SqlQuery" type="SubSonic.Tests.SqlQuery.UpdateTests" member="Update_Expression" />
                    <codeLocation path="C:\data\SubsonicRoot\ss2\SubSonic.Tests\SqlQuery\UpdateTests.cs" line="52" />
                    <metadata>
                      <entry key="TestKind">
                        <value>Test</value>
                      </entry>
                    </metadata>
                  </testStep>
                  <children />
                  <result assertCount="0" duration="0.07399639999999999">
                    <outcome status="failed" />
                  </result>
                  <testLog>
                    <streams>
                      <stream name="Failures">
                        <body>
                          <contents>
                            <section name="Execute">
                              <contents>
                                <marker class="Exception">
                                  <contents>
                                    <marker class="ExceptionType">
                                      <contents>
                                        <text><![CDATA[System.Data.SqlClient.SqlException]]></text>
                                      </contents>
                                      <attributes />
                                    </marker>
                                    <text><![CDATA[: ]]></text>
                                    <marker class="ExceptionMessage">
                                      <contents>
                                        <text><![CDATA[Incorrect syntax near the keyword 'ORDER'.]]></text>
                                      </contents>
                                      <attributes />
                                    </marker>
                                    <text><![CDATA[
]]></text>
                                    <marker class="ExceptionPropertyName">
                                      <contents>
                                        <text><![CDATA[Errors]]></text>
                                      </contents>
                                      <attributes />
                                    </marker>
                                    <text><![CDATA[: ]]></text>
                                    <marker class="ExceptionPropertyValue">
                                      <contents>
                                        <text><![CDATA[System.Data.SqlClient.SqlErrorCollection]]></text>
                                      </contents>
                                      <attributes />
                                    </marker>
                                    <text><![CDATA[
]]></text>
                                    <marker class="ExceptionPropertyName">
                                      <contents>
                                        <text><![CDATA[Class]]></text>
                                      </contents>
                                      <attributes />
                                    </marker>
                                    <text><![CDATA[: ]]></text>
                                    <marker class="ExceptionPropertyValue">
                                      <contents>
                                        <text><![CDATA[15]]></text>
                                      </contents>
                                      <attributes />
                                    </marker>
                                    <text><![CDATA[
]]></text>
                                    <marker class="ExceptionPropertyName">
                                      <contents>
                                        <text><![CDATA[LineNumber]]></text>
                                      </contents>
                                      <attributes />
                                    </marker>
                                    <text><![CDATA[: ]]></text>
                                    <marker class="ExceptionPropertyValue">
                                      <contents>
                                        <text><![CDATA[1]]></text>
                                      </contents>
                                      <attributes />
                                    </marker>
                                    <text><![CDATA[
]]></text>
                                    <marker class="ExceptionPropertyName">
                                      <contents>
                                        <text><![CDATA[Number]]></text>
                                      </contents>
                                      <attributes />
                                    </marker>
                                    <text><![CDATA[: ]]></text>
                                    <marker class="ExceptionPropertyValue">
                                      <contents>
                                        <text><![CDATA[156]]></text>
                                      </contents>
                                      <attributes />
                                    </marker>
                                    <text><![CDATA[
]]></text>
                                    <marker class="ExceptionPropertyName">
                                      <contents>
                                        <text><![CDATA[Procedure]]></text>
                                      </contents>
                                      <attributes />
                                    </marker>
                                    <text><![CDATA[: ]]></text>
                                    <marker class="ExceptionPropertyValue">
                                      <contents />
                                      <attributes />
                                    </marker>
                                    <text><![CDATA[
]]></text>
                                    <marker class="ExceptionPropertyName">
                                      <contents>
                                        <text><![CDATA[Server]]></text>
                                      </contents>
                                      <attributes />
                                    </marker>
                                    <text><![CDATA[: ]]></text>
                                    <marker class="ExceptionPropertyValue">
                                      <contents>
                                        <text><![CDATA[ANAXIMANDER\SQLEXPRESS]]></text>
                                      </contents>
                                      <attributes />
                                    </marker>
                                    <text><![CDATA[
]]></text>
                                    <marker class="ExceptionPropertyName">
                                      <contents>
                                        <text><![CDATA[State]]></text>
                                      </contents>
                                      <attributes />
                                    </marker>
                                    <text><![CDATA[: ]]></text>
                                    <marker class="ExceptionPropertyValue">
                                      <contents>
                                        <text><![CDATA[1]]></text>
                                      </contents>
                                      <attributes />
                                    </marker>
                                    <text><![CDATA[
]]></text>
                                    <marker class="ExceptionPropertyName">
                                      <contents>
                                        <text><![CDATA[ErrorCode]]></text>
                                      </contents>
                                      <attributes />
                                    </marker>
                                    <text><![CDATA[: ]]></text>
                                    <marker class="ExceptionPropertyValue">
                                      <contents>
                                        <text><![CDATA[-2146232060]]></text>
                                      </contents>
                                      <attributes />
                                    </marker>
                                    <text><![CDATA[
]]></text>
                                    <marker class="StackTrace">
                                      <contents>
                                        <text><![CDATA[   at System.Data.SqlClient.SqlConnection.OnError(SqlException exception, Boolean breakConnection)
   at System.Data.SqlClient.SqlInternalConnection.OnError(SqlException exception, Boolean breakConnection)
   at System.Data.SqlClient.TdsParser.ThrowExceptionAndWarning(TdsParserStateObject stateObj)
   at System.Data.SqlClient.TdsParser.Run(RunBehavior runBehavior, SqlCommand cmdHandler, SqlDataReader dataStream, BulkCopySimpleResultSet bulkCopyHandler, TdsParserStateObject stateObj)
   at System.Data.SqlClient.SqlDataReader.ConsumeMetaData()
   at System.Data.SqlClient.SqlDataReader.get_MetaData()
   at System.Data.SqlClient.SqlCommand.FinishExecuteReader(SqlDataReader ds, RunBehavior runBehavior, String resetOptionsString)
   at System.Data.SqlClient.SqlCommand.RunExecuteReaderTds(CommandBehavior cmdBehavior, RunBehavior runBehavior, Boolean returnStream, Boolean async)
   at System.Data.SqlClient.SqlCommand.RunExecuteReader(CommandBehavior cmdBehavior, RunBehavior runBehavior, Boolean returnStream, String method, DbAsyncResult result)
   at System.Data.SqlClient.SqlCommand.RunExecuteReader(CommandBehavior cmdBehavior, RunBehavior runBehavior, Boolean returnStream, String method)
   at System.Data.SqlClient.SqlCommand.ExecuteReader(CommandBehavior behavior, String method)
   at System.Data.SqlClient.SqlCommand.ExecuteReader(CommandBehavior behavior)
   at SubSonic.SqlDataProvider.GetReader(QueryCommand qry) in ]]></text>
                                        <marker class="CodeLocation">
                                          <contents>
                                            <text><![CDATA[C:\data\SubsonicRoot\ss2\SubSonic\DataProviders\SqlDataProvider.cs:line 384]]></text>
                                          </contents>
                                          <attributes>
                                            <attribute name="line" value="384" />
                                            <attribute name="path" value="C:\data\SubsonicRoot\ss2\SubSonic\DataProviders\SqlDataProvider.cs" />
                                          </attributes>
                                        </marker>
                                        <text><![CDATA[
   at SubSonic.DataService.GetReader(QueryCommand cmd) in ]]></text>
                                        <marker class="CodeLocation">
                                          <contents>
                                            <text><![CDATA[C:\data\SubsonicRoot\ss2\SubSonic\DataProviders\DataService.cs:line 506]]></text>
                                          </contents>
                                          <attributes>
                                            <attribute name="line" value="506" />
                                            <attribute name="path" value="C:\data\SubsonicRoot\ss2\SubSonic\DataProviders\DataService.cs" />
                                          </attributes>
                                        </marker>
                                        <text><![CDATA[
   at SubSonic.Query.ExecuteReader() in ]]></text>
                                        <marker class="CodeLocation">
                                          <contents>
                                            <text><![CDATA[C:\data\SubsonicRoot\ss2\SubSonic\Sql Tools\Query.cs:line 1814]]></text>
                                          </contents>
                                          <attributes>
                                            <attribute name="line" value="1814" />
                                            <attribute name="path" value="C:\data\SubsonicRoot\ss2\SubSonic\Sql Tools\Query.cs" />
                                          </attributes>
                                        </marker>
                                        <text><![CDATA[
   at SubSonic.ReadOnlyRecord`1.LoadByKey(Object keyID) in ]]></text>
                                        <marker class="CodeLocation">
                                          <contents>
                                            <text><![CDATA[C:\data\SubsonicRoot\ss2\SubSonic\ActiveRecord\ReadOnlyRecord.cs:line 72]]></text>
                                          </contents>
                                          <attributes>
                                            <attribute name="line" value="72" />
                                            <attribute name="path" value="C:\data\SubsonicRoot\ss2\SubSonic\ActiveRecord\ReadOnlyRecord.cs" />
                                          </attributes>
                                        </marker>
                                        <text><![CDATA[
   at Northwind.Product..ctor(Object keyID) in ]]></text>
                                        <marker class="CodeLocation">
                                          <contents>
                                            <text><![CDATA[C:\data\SubsonicRoot\ss2\SubSonic.Tests\Generated\Northwind\Product.cs:line 93]]></text>
                                          </contents>
                                          <attributes>
                                            <attribute name="line" value="93" />
                                            <attribute name="path" value="C:\data\SubsonicRoot\ss2\SubSonic.Tests\Generated\Northwind\Product.cs" />
                                          </attributes>
                                        </marker>
                                        <text><![CDATA[
   at SubSonic.Tests.SqlQuery.UpdateTests.Update_Expression() in ]]></text>
                                        <marker class="CodeLocation">
                                          <contents>
                                            <text><![CDATA[C:\data\SubsonicRoot\ss2\SubSonic.Tests\SqlQuery\UpdateTests.cs:line 53]]></text>
                                          </contents>
                                          <attributes>
                                            <attribute name="line" value="53" />
                                            <attribute name="path" value="C:\data\SubsonicRoot\ss2\SubSonic.Tests\SqlQuery\UpdateTests.cs" />
                                          </attributes>
                                        </marker>
                                      </contents>
                                      <attributes />
                                    </marker>
                                  </contents>
                                  <attributes />
                                </marker>
                              </contents>
                            </section>
                          </contents>
                        </body>
                      </stream>
                    </streams>
                    <attachments />
                  </testLog>
                </testStepRun>
                <testStepRun startTime="2011-08-05T15:48:50.1962205+09:30" endTime="2011-08-05T15:48:50.3055955+09:30">
                  <testStep id="45837a0d1aefa569" name="Update_Simple" fullName="SubSonic.Tests/UpdateTests/Update_Simple" testId="f7fa1b357aa3059d" isPrimary="true" isTestCase="true" isDynamic="false">
                    <codeReference assembly="SubSonic.Tests, Version=2.2.1.0, Culture=neutral, PublicKeyToken=null" namespace="SubSonic.Tests.SqlQuery" type="SubSonic.Tests.SqlQuery.UpdateTests" member="Update_Simple" />
                    <codeLocation path="C:\data\SubsonicRoot\ss2\SubSonic.Tests\SqlQuery\UpdateTests.cs" line="35" />
                    <metadata>
                      <entry key="TestKind">
                        <value>Test</value>
                      </entry>
                    </metadata>
                  </testStep>
                  <children />
                  <result assertCount="1" duration="0.0254673">
                    <outcome status="failed" />
                  </result>
                  <testLog>
                    <streams>
                      <stream name="Failures">
                        <body>
                          <contents>
                            <section name="Execute">
                              <contents>
                                <marker class="Exception">
                                  <contents>
                                    <marker class="ExceptionType">
                                      <contents>
                                        <text><![CDATA[System.Data.SqlClient.SqlException]]></text>
                                      </contents>
                                      <attributes />
                                    </marker>
                                    <text><![CDATA[: ]]></text>
                                    <marker class="ExceptionMessage">
                                      <contents>
                                        <text><![CDATA[Incorrect syntax near the keyword 'ORDER'.]]></text>
                                      </contents>
                                      <attributes />
                                    </marker>
                                    <text><![CDATA[
]]></text>
                                    <marker class="ExceptionPropertyName">
                                      <contents>
                                        <text><![CDATA[Errors]]></text>
                                      </contents>
                                      <attributes />
                                    </marker>
                                    <text><![CDATA[: ]]></text>
                                    <marker class="ExceptionPropertyValue">
                                      <contents>
                                        <text><![CDATA[System.Data.SqlClient.SqlErrorCollection]]></text>
                                      </contents>
                                      <attributes />
                                    </marker>
                                    <text><![CDATA[
]]></text>
                                    <marker class="ExceptionPropertyName">
                                      <contents>
                                        <text><![CDATA[Class]]></text>
                                      </contents>
                                      <attributes />
                                    </marker>
                                    <text><![CDATA[: ]]></text>
                                    <marker class="ExceptionPropertyValue">
                                      <contents>
                                        <text><![CDATA[15]]></text>
                                      </contents>
                                      <attributes />
                                    </marker>
                                    <text><![CDATA[
]]></text>
                                    <marker class="ExceptionPropertyName">
                                      <contents>
                                        <text><![CDATA[LineNumber]]></text>
                                      </contents>
                                      <attributes />
                                    </marker>
                                    <text><![CDATA[: ]]></text>
                                    <marker class="ExceptionPropertyValue">
                                      <contents>
                                        <text><![CDATA[1]]></text>
                                      </contents>
                                      <attributes />
                                    </marker>
                                    <text><![CDATA[
]]></text>
                                    <marker class="ExceptionPropertyName">
                                      <contents>
                                        <text><![CDATA[Number]]></text>
                                      </contents>
                                      <attributes />
                                    </marker>
                                    <text><![CDATA[: ]]></text>
                                    <marker class="ExceptionPropertyValue">
                                      <contents>
                                        <text><![CDATA[156]]></text>
                                      </contents>
                                      <attributes />
                                    </marker>
                                    <text><![CDATA[
]]></text>
                                    <marker class="ExceptionPropertyName">
                                      <contents>
                                        <text><![CDATA[Procedure]]></text>
                                      </contents>
                                      <attributes />
                                    </marker>
                                    <text><![CDATA[: ]]></text>
                                    <marker class="ExceptionPropertyValue">
                                      <contents />
                                      <attributes />
                                    </marker>
                                    <text><![CDATA[
]]></text>
                                    <marker class="ExceptionPropertyName">
                                      <contents>
                                        <text><![CDATA[Server]]></text>
                                      </contents>
                                      <attributes />
                                    </marker>
                                    <text><![CDATA[: ]]></text>
                                    <marker class="ExceptionPropertyValue">
                                      <contents>
                                        <text><![CDATA[ANAXIMANDER\SQLEXPRESS]]></text>
                                      </contents>
                                      <attributes />
                                    </marker>
                                    <text><![CDATA[
]]></text>
                                    <marker class="ExceptionPropertyName">
                                      <contents>
                                        <text><![CDATA[State]]></text>
                                      </contents>
                                      <attributes />
                                    </marker>
                                    <text><![CDATA[: ]]></text>
                                    <marker class="ExceptionPropertyValue">
                                      <contents>
                                        <text><![CDATA[1]]></text>
                                      </contents>
                                      <attributes />
                                    </marker>
                                    <text><![CDATA[
]]></text>
                                    <marker class="ExceptionPropertyName">
                                      <contents>
                                        <text><![CDATA[ErrorCode]]></text>
                                      </contents>
                                      <attributes />
                                    </marker>
                                    <text><![CDATA[: ]]></text>
                                    <marker class="ExceptionPropertyValue">
                                      <contents>
                                        <text><![CDATA[-2146232060]]></text>
                                      </contents>
                                      <attributes />
                                    </marker>
                                    <text><![CDATA[
]]></text>
                                    <marker class="StackTrace">
                                      <contents>
                                        <text><![CDATA[   at System.Data.SqlClient.SqlConnection.OnError(SqlException exception, Boolean breakConnection)
   at System.Data.SqlClient.SqlInternalConnection.OnError(SqlException exception, Boolean breakConnection)
   at System.Data.SqlClient.TdsParser.ThrowExceptionAndWarning(TdsParserStateObject stateObj)
   at System.Data.SqlClient.TdsParser.Run(RunBehavior runBehavior, SqlCommand cmdHandler, SqlDataReader dataStream, BulkCopySimpleResultSet bulkCopyHandler, TdsParserStateObject stateObj)
   at System.Data.SqlClient.SqlDataReader.ConsumeMetaData()
   at System.Data.SqlClient.SqlDataReader.get_MetaData()
   at System.Data.SqlClient.SqlCommand.FinishExecuteReader(SqlDataReader ds, RunBehavior runBehavior, String resetOptionsString)
   at System.Data.SqlClient.SqlCommand.RunExecuteReaderTds(CommandBehavior cmdBehavior, RunBehavior runBehavior, Boolean returnStream, Boolean async)
   at System.Data.SqlClient.SqlCommand.RunExecuteReader(CommandBehavior cmdBehavior, RunBehavior runBehavior, Boolean returnStream, String method, DbAsyncResult result)
   at System.Data.SqlClient.SqlCommand.RunExecuteReader(CommandBehavior cmdBehavior, RunBehavior runBehavior, Boolean returnStream, String method)
   at System.Data.SqlClient.SqlCommand.ExecuteReader(CommandBehavior behavior, String method)
   at System.Data.SqlClient.SqlCommand.ExecuteReader(CommandBehavior behavior)
   at SubSonic.SqlDataProvider.GetReader(QueryCommand qry) in ]]></text>
                                        <marker class="CodeLocation">
                                          <contents>
                                            <text><![CDATA[C:\data\SubsonicRoot\ss2\SubSonic\DataProviders\SqlDataProvider.cs:line 384]]></text>
                                          </contents>
                                          <attributes>
                                            <attribute name="line" value="384" />
                                            <attribute name="path" value="C:\data\SubsonicRoot\ss2\SubSonic\DataProviders\SqlDataProvider.cs" />
                                          </attributes>
                                        </marker>
                                        <text><![CDATA[
   at SubSonic.DataService.GetReader(QueryCommand cmd) in ]]></text>
                                        <marker class="CodeLocation">
                                          <contents>
                                            <text><![CDATA[C:\data\SubsonicRoot\ss2\SubSonic\DataProviders\DataService.cs:line 506]]></text>
                                          </contents>
                                          <attributes>
                                            <attribute name="line" value="506" />
                                            <attribute name="path" value="C:\data\SubsonicRoot\ss2\SubSonic\DataProviders\DataService.cs" />
                                          </attributes>
                                        </marker>
                                        <text><![CDATA[
   at SubSonic.Query.ExecuteReader() in ]]></text>
                                        <marker class="CodeLocation">
                                          <contents>
                                            <text><![CDATA[C:\data\SubsonicRoot\ss2\SubSonic\Sql Tools\Query.cs:line 1814]]></text>
                                          </contents>
                                          <attributes>
                                            <attribute name="line" value="1814" />
                                            <attribute name="path" value="C:\data\SubsonicRoot\ss2\SubSonic\Sql Tools\Query.cs" />
                                          </attributes>
                                        </marker>
                                        <text><![CDATA[
   at SubSonic.ReadOnlyRecord`1.LoadByKey(Object keyID) in ]]></text>
                                        <marker class="CodeLocation">
                                          <contents>
                                            <text><![CDATA[C:\data\SubsonicRoot\ss2\SubSonic\ActiveRecord\ReadOnlyRecord.cs:line 72]]></text>
                                          </contents>
                                          <attributes>
                                            <attribute name="line" value="72" />
                                            <attribute name="path" value="C:\data\SubsonicRoot\ss2\SubSonic\ActiveRecord\ReadOnlyRecord.cs" />
                                          </attributes>
                                        </marker>
                                        <text><![CDATA[
   at Northwind.Product..ctor(Object keyID) in ]]></text>
                                        <marker class="CodeLocation">
                                          <contents>
                                            <text><![CDATA[C:\data\SubsonicRoot\ss2\SubSonic.Tests\Generated\Northwind\Product.cs:line 93]]></text>
                                          </contents>
                                          <attributes>
                                            <attribute name="line" value="93" />
                                            <attribute name="path" value="C:\data\SubsonicRoot\ss2\SubSonic.Tests\Generated\Northwind\Product.cs" />
                                          </attributes>
                                        </marker>
                                        <text><![CDATA[
   at SubSonic.Tests.SqlQuery.UpdateTests.Update_Simple() in ]]></text>
                                        <marker class="CodeLocation">
                                          <contents>
                                            <text><![CDATA[C:\data\SubsonicRoot\ss2\SubSonic.Tests\SqlQuery\UpdateTests.cs:line 40]]></text>
                                          </contents>
                                          <attributes>
                                            <attribute name="line" value="40" />
                                            <attribute name="path" value="C:\data\SubsonicRoot\ss2\SubSonic.Tests\SqlQuery\UpdateTests.cs" />
                                          </attributes>
                                        </marker>
                                      </contents>
                                      <attributes />
                                    </marker>
                                  </contents>
                                  <attributes />
                                </marker>
                              </contents>
                            </section>
                          </contents>
                        </body>
                      </stream>
                    </streams>
                    <attachments />
                  </testLog>
                </testStepRun>
                <testStepRun startTime="2011-08-05T15:48:50.3055955+09:30" endTime="2011-08-05T15:48:50.3212205+09:30">
                  <testStep id="ab420bd28cd44a75" name="Update_SimpleSqlCheck" fullName="SubSonic.Tests/UpdateTests/Update_SimpleSqlCheck" testId="7643c0325899aef5" isPrimary="true" isTestCase="true" isDynamic="false">
                    <codeReference assembly="SubSonic.Tests, Version=2.2.1.0, Culture=neutral, PublicKeyToken=null" namespace="SubSonic.Tests.SqlQuery" type="SubSonic.Tests.SqlQuery.UpdateTests" member="Update_SimpleSqlCheck" />
                    <codeLocation path="C:\data\SubsonicRoot\ss2\SubSonic.Tests\SqlQuery\UpdateTests.cs" line="27" />
                    <metadata>
                      <entry key="TestKind">
                        <value>Test</value>
                      </entry>
                    </metadata>
                  </testStep>
                  <children />
                  <result assertCount="1" duration="0.0097942999999999988">
                    <outcome status="passed" />
                  </result>
                  <testLog>
                    <streams />
                    <attachments />
                  </testLog>
                </testStepRun>
                <testStepRun startTime="2011-08-05T15:48:50.3212205+09:30" endTime="2011-08-05T15:48:50.4149705+09:30">
                  <testStep id="3bc6567145995599" name="Update_SimpleTyped" fullName="SubSonic.Tests/UpdateTests/Update_SimpleTyped" testId="9018805426534641" isPrimary="true" isTestCase="true" isDynamic="false">
                    <codeReference assembly="SubSonic.Tests, Version=2.2.1.0, Culture=neutral, PublicKeyToken=null" namespace="SubSonic.Tests.SqlQuery" type="SubSonic.Tests.SqlQuery.UpdateTests" member="Update_SimpleTyped" />
                    <codeLocation path="C:\data\SubsonicRoot\ss2\SubSonic.Tests\SqlQuery\UpdateTests.cs" line="74" />
                    <metadata>
                      <entry key="TestKind">
                        <value>Test</value>
                      </entry>
                    </metadata>
                  </testStep>
                  <children />
                  <result assertCount="1" duration="0.0147549">
                    <outcome status="failed" />
                  </result>
                  <testLog>
                    <streams>
                      <stream name="Failures">
                        <body>
                          <contents>
                            <section name="Execute">
                              <contents>
                                <marker class="Exception">
                                  <contents>
                                    <marker class="ExceptionType">
                                      <contents>
                                        <text><![CDATA[System.Data.SqlClient.SqlException]]></text>
                                      </contents>
                                      <attributes />
                                    </marker>
                                    <text><![CDATA[: ]]></text>
                                    <marker class="ExceptionMessage">
                                      <contents>
                                        <text><![CDATA[Incorrect syntax near the keyword 'ORDER'.]]></text>
                                      </contents>
                                      <attributes />
                                    </marker>
                                    <text><![CDATA[
]]></text>
                                    <marker class="ExceptionPropertyName">
                                      <contents>
                                        <text><![CDATA[Errors]]></text>
                                      </contents>
                                      <attributes />
                                    </marker>
                                    <text><![CDATA[: ]]></text>
                                    <marker class="ExceptionPropertyValue">
                                      <contents>
                                        <text><![CDATA[System.Data.SqlClient.SqlErrorCollection]]></text>
                                      </contents>
                                      <attributes />
                                    </marker>
                                    <text><![CDATA[
]]></text>
                                    <marker class="ExceptionPropertyName">
                                      <contents>
                                        <text><![CDATA[Class]]></text>
                                      </contents>
                                      <attributes />
                                    </marker>
                                    <text><![CDATA[: ]]></text>
                                    <marker class="ExceptionPropertyValue">
                                      <contents>
                                        <text><![CDATA[15]]></text>
                                      </contents>
                                      <attributes />
                                    </marker>
                                    <text><![CDATA[
]]></text>
                                    <marker class="ExceptionPropertyName">
                                      <contents>
                                        <text><![CDATA[LineNumber]]></text>
                                      </contents>
                                      <attributes />
                                    </marker>
                                    <text><![CDATA[: ]]></text>
                                    <marker class="ExceptionPropertyValue">
                                      <contents>
                                        <text><![CDATA[1]]></text>
                                      </contents>
                                      <attributes />
                                    </marker>
                                    <text><![CDATA[
]]></text>
                                    <marker class="ExceptionPropertyName">
                                      <contents>
                                        <text><![CDATA[Number]]></text>
                                      </contents>
                                      <attributes />
                                    </marker>
                                    <text><![CDATA[: ]]></text>
                                    <marker class="ExceptionPropertyValue">
                                      <contents>
                                        <text><![CDATA[156]]></text>
                                      </contents>
                                      <attributes />
                                    </marker>
                                    <text><![CDATA[
]]></text>
                                    <marker class="ExceptionPropertyName">
                                      <contents>
                                        <text><![CDATA[Procedure]]></text>
                                      </contents>
                                      <attributes />
                                    </marker>
                                    <text><![CDATA[: ]]></text>
                                    <marker class="ExceptionPropertyValue">
                                      <contents />
                                      <attributes />
                                    </marker>
                                    <text><![CDATA[
]]></text>
                                    <marker class="ExceptionPropertyName">
                                      <contents>
                                        <text><![CDATA[Server]]></text>
                                      </contents>
                                      <attributes />
                                    </marker>
                                    <text><![CDATA[: ]]></text>
                                    <marker class="ExceptionPropertyValue">
                                      <contents>
                                        <text><![CDATA[ANAXIMANDER\SQLEXPRESS]]></text>
                                      </contents>
                                      <attributes />
                                    </marker>
                                    <text><![CDATA[
]]></text>
                                    <marker class="ExceptionPropertyName">
                                      <contents>
                                        <text><![CDATA[State]]></text>
                                      </contents>
                                      <attributes />
                                    </marker>
                                    <text><![CDATA[: ]]></text>
                                    <marker class="ExceptionPropertyValue">
                                      <contents>
                                        <text><![CDATA[1]]></text>
                                      </contents>
                                      <attributes />
                                    </marker>
                                    <text><![CDATA[
]]></text>
                                    <marker class="ExceptionPropertyName">
                                      <contents>
                                        <text><![CDATA[ErrorCode]]></text>
                                      </contents>
                                      <attributes />
                                    </marker>
                                    <text><![CDATA[: ]]></text>
                                    <marker class="ExceptionPropertyValue">
                                      <contents>
                                        <text><![CDATA[-2146232060]]></text>
                                      </contents>
                                      <attributes />
                                    </marker>
                                    <text><![CDATA[
]]></text>
                                    <marker class="StackTrace">
                                      <contents>
                                        <text><![CDATA[   at System.Data.SqlClient.SqlConnection.OnError(SqlException exception, Boolean breakConnection)
   at System.Data.SqlClient.SqlInternalConnection.OnError(SqlException exception, Boolean breakConnection)
   at System.Data.SqlClient.TdsParser.ThrowExceptionAndWarning(TdsParserStateObject stateObj)
   at System.Data.SqlClient.TdsParser.Run(RunBehavior runBehavior, SqlCommand cmdHandler, SqlDataReader dataStream, BulkCopySimpleResultSet bulkCopyHandler, TdsParserStateObject stateObj)
   at System.Data.SqlClient.SqlDataReader.ConsumeMetaData()
   at System.Data.SqlClient.SqlDataReader.get_MetaData()
   at System.Data.SqlClient.SqlCommand.FinishExecuteReader(SqlDataReader ds, RunBehavior runBehavior, String resetOptionsString)
   at System.Data.SqlClient.SqlCommand.RunExecuteReaderTds(CommandBehavior cmdBehavior, RunBehavior runBehavior, Boolean returnStream, Boolean async)
   at System.Data.SqlClient.SqlCommand.RunExecuteReader(CommandBehavior cmdBehavior, RunBehavior runBehavior, Boolean returnStream, String method, DbAsyncResult result)
   at System.Data.SqlClient.SqlCommand.RunExecuteReader(CommandBehavior cmdBehavior, RunBehavior runBehavior, Boolean returnStream, String method)
   at System.Data.SqlClient.SqlCommand.ExecuteReader(CommandBehavior behavior, String method)
   at System.Data.SqlClient.SqlCommand.ExecuteReader(CommandBehavior behavior)
   at SubSonic.SqlDataProvider.GetReader(QueryCommand qry) in ]]></text>
                                        <marker class="CodeLocation">
                                          <contents>
                                            <text><![CDATA[C:\data\SubsonicRoot\ss2\SubSonic\DataProviders\SqlDataProvider.cs:line 384]]></text>
                                          </contents>
                                          <attributes>
                                            <attribute name="line" value="384" />
                                            <attribute name="path" value="C:\data\SubsonicRoot\ss2\SubSonic\DataProviders\SqlDataProvider.cs" />
                                          </attributes>
                                        </marker>
                                        <text><![CDATA[
   at SubSonic.DataService.GetReader(QueryCommand cmd) in ]]></text>
                                        <marker class="CodeLocation">
                                          <contents>
                                            <text><![CDATA[C:\data\SubsonicRoot\ss2\SubSonic\DataProviders\DataService.cs:line 506]]></text>
                                          </contents>
                                          <attributes>
                                            <attribute name="line" value="506" />
                                            <attribute name="path" value="C:\data\SubsonicRoot\ss2\SubSonic\DataProviders\DataService.cs" />
                                          </attributes>
                                        </marker>
                                        <text><![CDATA[
   at SubSonic.Query.ExecuteReader() in ]]></text>
                                        <marker class="CodeLocation">
                                          <contents>
                                            <text><![CDATA[C:\data\SubsonicRoot\ss2\SubSonic\Sql Tools\Query.cs:line 1814]]></text>
                                          </contents>
                                          <attributes>
                                            <attribute name="line" value="1814" />
                                            <attribute name="path" value="C:\data\SubsonicRoot\ss2\SubSonic\Sql Tools\Query.cs" />
                                          </attributes>
                                        </marker>
                                        <text><![CDATA[
   at SubSonic.ReadOnlyRecord`1.LoadByKey(Object keyID) in ]]></text>
                                        <marker class="CodeLocation">
                                          <contents>
                                            <text><![CDATA[C:\data\SubsonicRoot\ss2\SubSonic\ActiveRecord\ReadOnlyRecord.cs:line 72]]></text>
                                          </contents>
                                          <attributes>
                                            <attribute name="line" value="72" />
                                            <attribute name="path" value="C:\data\SubsonicRoot\ss2\SubSonic\ActiveRecord\ReadOnlyRecord.cs" />
                                          </attributes>
                                        </marker>
                                        <text><![CDATA[
   at Northwind.Product..ctor(Object keyID) in ]]></text>
                                        <marker class="CodeLocation">
                                          <contents>
                                            <text><![CDATA[C:\data\SubsonicRoot\ss2\SubSonic.Tests\Generated\Northwind\Product.cs:line 93]]></text>
                                          </contents>
                                          <attributes>
                                            <attribute name="line" value="93" />
                                            <attribute name="path" value="C:\data\SubsonicRoot\ss2\SubSonic.Tests\Generated\Northwind\Product.cs" />
                                          </attributes>
                                        </marker>
                                        <text><![CDATA[
   at SubSonic.Tests.SqlQuery.UpdateTests.Update_SimpleTyped() in ]]></text>
                                        <marker class="CodeLocation">
                                          <contents>
                                            <text><![CDATA[C:\data\SubsonicRoot\ss2\SubSonic.Tests\SqlQuery\UpdateTests.cs:line 79]]></text>
                                          </contents>
                                          <attributes>
                                            <attribute name="line" value="79" />
                                            <attribute name="path" value="C:\data\SubsonicRoot\ss2\SubSonic.Tests\SqlQuery\UpdateTests.cs" />
                                          </attributes>
                                        </marker>
                                      </contents>
                                      <attributes />
                                    </marker>
                                  </contents>
                                  <attributes />
                                </marker>
                              </contents>
                            </section>
                          </contents>
                        </body>
                      </stream>
                    </streams>
                    <attachments />
                  </testLog>
                </testStepRun>
              </children>
              <result assertCount="3" duration="0.1460492">
                <outcome status="failed" />
              </result>
              <testLog>
                <streams />
                <attachments />
              </testLog>
            </testStepRun>
          </children>
          <result assertCount="321" duration="25.6366505">
            <outcome status="failed" />
          </result>
          <testLog>
            <streams />
            <attachments />
          </testLog>
        </testStepRun>
      </children>
      <result assertCount="321" duration="33.5877354">
        <outcome status="failed" />
      </result>
      <testLog>
        <streams />
        <attachments />
      </testLog>
    </testStepRun>
    <statistics assertCount="321" duration="33.5890773" runCount="308" passedCount="217" failedCount="91" inconclusiveCount="0" skippedCount="0" testCount="308" stepCount="342">
      <outcomeSummaries>
        <outcomeSummary count="91">
          <outcome status="failed" />
        </outcomeSummary>
        <outcomeSummary count="217">
          <outcome status="passed" />
        </outcomeSummary>
      </outcomeSummaries>
    </statistics>
  </testPackageRun>
  <logEntries>
    <logEntry severity="info" message="Host started at 5/08/2011 3:48:18 PM." />
    <logEntry severity="info" message="Running under CLR v2.0.50727 runtime." />
    <logEntry severity="debug" message="Listening for connections on IPC port: 'IsolatedProcessHost.c9d910be86b75325'" />
    <logEntry severity="debug" message="Disabled plugin 'Gallio40': The plugin enable condition was not satisfied.  Please note that this is the intended behavior for plugins that must be hosted inside third party applications in order to work.  Enable condition: '${minFramework:NET40}'." />
    <logEntry severity="debug" message="Disabled plugin 'MbUnit40': The plugin depends on another disabled plugin: 'Gallio40'." />
    <logEntry severity="info" message="Host stopped at 5/08/2011 3:48:51 PM." />
    <logEntry severity="info" message="Host process exited with code: 0" />
  </logEntries>
</report>