<?xml version="1.0" encoding="utf-8"?>
<report xmlns:xsi="http://www.w3.org/2001/XMLSchema-instance" xmlns:xsd="http://www.w3.org/2001/XMLSchema" xmlns="http://www.gallio.org/">
  <testPackage shadowCopy="false" debug="false">
    <files>
      <file>C:\data\SubsonicRoot\ss2\SubSonic.Tests\bin\Debug\SubSonic.Tests.dll</file>
    </files>
    <hintDirectories />
    <excludedFrameworkIds />
    <properties />
  </testPackage>
  <testModel>
    <test id="c2722843734a7a54" name="Root" fullName="" isTestCase="false">
      <codeReference />
      <codeLocation />
      <metadata>
        <entry key="TestKind">
          <value>Root</value>
        </entry>
      </metadata>
      <children>
        <test id="af69a8159bbce33b" name="SubSonic.Tests" fullName="SubSonic.Tests" isTestCase="false">
          <codeReference assembly="SubSonic.Tests, Version=2.2.1.0, Culture=neutral, PublicKeyToken=null" />
          <codeLocation path="C:\data\SubsonicRoot\ss2\SubSonic.Tests\bin\Debug\SubSonic.Tests.DLL" />
          <metadata>
            <entry key="TestKind">
              <value>MbUnit v3 Assembly</value>
            </entry>
            <entry key="File">
              <value>C:\data\SubsonicRoot\ss2\SubSonic.Tests\bin\Debug\SubSonic.Tests.DLL</value>
            </entry>
            <entry key="CodeBase">
              <value>C:\data\SubsonicRoot\ss2\SubSonic.Tests\bin\Debug\SubSonic.Tests.DLL</value>
            </entry>
            <entry key="Copyright">
              <value>Copyright Â©2006-2009 The SubSonic Project</value>
            </entry>
            <entry key="FileVersion">
              <value>2.2.1.0</value>
            </entry>
            <entry key="Product">
              <value>SubSonic.Tests</value>
            </entry>
            <entry key="Title">
              <value>SubSonic.Tests</value>
            </entry>
            <entry key="Version">
              <value>2.2.1.0</value>
            </entry>
            <entry key="Framework">
              <value>MbUnit v3.2 build 749</value>
            </entry>
          </metadata>
          <children>
            <test id="f46067cf1bd4c990" name="QueryTest" fullName="SubSonic.Tests/QueryTest" isTestCase="false">
              <codeReference assembly="SubSonic.Tests, Version=2.2.1.0, Culture=neutral, PublicKeyToken=null" namespace="SubSonic.Tests" type="SubSonic.Tests.QueryTest" />
              <codeLocation path="C:\data\SubsonicRoot\ss2\SubSonic.Tests\QueryTest.cs" />
              <metadata>
                <entry key="TestKind">
                  <value>Fixture</value>
                </entry>
              </metadata>
              <children>
                <test id="70b492a14e103f32" name="Query_ORDER_BY_Expression" fullName="SubSonic.Tests/QueryTest/Query_ORDER_BY_Expression" isTestCase="true">
                  <codeReference assembly="SubSonic.Tests, Version=2.2.1.0, Culture=neutral, PublicKeyToken=null" namespace="SubSonic.Tests" type="SubSonic.Tests.QueryTest" member="Query_ORDER_BY_Expression" />
                  <codeLocation path="C:\data\SubsonicRoot\ss2\SubSonic.Tests\QueryTest.cs" line="715" />
                  <metadata>
                    <entry key="TestKind">
                      <value>Test</value>
                    </entry>
                  </metadata>
                  <children />
                  <parameters />
                </test>
                <test id="3cfaf24b508ac6bf" name="Query_ORDER_BY_DESC" fullName="SubSonic.Tests/QueryTest/Query_ORDER_BY_DESC" isTestCase="true">
                  <codeReference assembly="SubSonic.Tests, Version=2.2.1.0, Culture=neutral, PublicKeyToken=null" namespace="SubSonic.Tests" type="SubSonic.Tests.QueryTest" member="Query_ORDER_BY_DESC" />
                  <codeLocation path="C:\data\SubsonicRoot\ss2\SubSonic.Tests\QueryTest.cs" line="700" />
                  <metadata>
                    <entry key="TestKind">
                      <value>Test</value>
                    </entry>
                  </metadata>
                  <children />
                  <parameters />
                </test>
                <test id="38b6b7eb43f66658" name="Query_ORDER_BY_ExpressionDESC" fullName="SubSonic.Tests/QueryTest/Query_ORDER_BY_ExpressionDESC" isTestCase="true">
                  <codeReference assembly="SubSonic.Tests, Version=2.2.1.0, Culture=neutral, PublicKeyToken=null" namespace="SubSonic.Tests" type="SubSonic.Tests.QueryTest" member="Query_ORDER_BY_ExpressionDESC" />
                  <codeLocation path="C:\data\SubsonicRoot\ss2\SubSonic.Tests\QueryTest.cs" line="728" />
                  <metadata>
                    <entry key="TestKind">
                      <value>Test</value>
                    </entry>
                  </metadata>
                  <children />
                  <parameters />
                </test>
                <test id="1c7e35ab2fdd19c0" name="QueryExecuteJoinedDataSet_ORDER_BY_DESC" fullName="SubSonic.Tests/QueryTest/QueryExecuteJoinedDataSet_ORDER_BY_DESC" isTestCase="true">
                  <codeReference assembly="SubSonic.Tests, Version=2.2.1.0, Culture=neutral, PublicKeyToken=null" namespace="SubSonic.Tests" type="SubSonic.Tests.QueryTest" member="QueryExecuteJoinedDataSet_ORDER_BY_DESC" />
                  <codeLocation path="C:\data\SubsonicRoot\ss2\SubSonic.Tests\QueryTest.cs" line="756" />
                  <metadata>
                    <entry key="TestKind">
                      <value>Test</value>
                    </entry>
                  </metadata>
                  <children />
                  <parameters />
                </test>
                <test id="3a7d99bc8d4f20fb" name="QueryExecuteJoinedDataSet_ORDER_BY" fullName="SubSonic.Tests/QueryTest/QueryExecuteJoinedDataSet_ORDER_BY" isTestCase="true">
                  <codeReference assembly="SubSonic.Tests, Version=2.2.1.0, Culture=neutral, PublicKeyToken=null" namespace="SubSonic.Tests" type="SubSonic.Tests.QueryTest" member="QueryExecuteJoinedDataSet_ORDER_BY" />
                  <codeLocation path="C:\data\SubsonicRoot\ss2\SubSonic.Tests\QueryTest.cs" line="741" />
                  <metadata>
                    <entry key="TestKind">
                      <value>Test</value>
                    </entry>
                  </metadata>
                  <children />
                  <parameters />
                </test>
                <test id="79fb4ff1bee03d7d" name="Query_ORDER_BY" fullName="SubSonic.Tests/QueryTest/Query_ORDER_BY" isTestCase="true">
                  <codeReference assembly="SubSonic.Tests, Version=2.2.1.0, Culture=neutral, PublicKeyToken=null" namespace="SubSonic.Tests" type="SubSonic.Tests.QueryTest" member="Query_ORDER_BY" />
                  <codeLocation path="C:\data\SubsonicRoot\ss2\SubSonic.Tests\QueryTest.cs" line="685" />
                  <metadata>
                    <entry key="TestKind">
                      <value>Test</value>
                    </entry>
                  </metadata>
                  <children />
                  <parameters />
                </test>
                <test id="c51cd3763d8fcd4e" name="QueryExecuteJoinedDataSet_NOT_IN_ArrayList" fullName="SubSonic.Tests/QueryTest/QueryExecuteJoinedDataSet_NOT_IN_ArrayList" isTestCase="true">
                  <codeReference assembly="SubSonic.Tests, Version=2.2.1.0, Culture=neutral, PublicKeyToken=null" namespace="SubSonic.Tests" type="SubSonic.Tests.QueryTest" member="QueryExecuteJoinedDataSet_NOT_IN_ArrayList" />
                  <codeLocation path="C:\data\SubsonicRoot\ss2\SubSonic.Tests\QueryTest.cs" line="620" />
                  <metadata>
                    <entry key="TestKind">
                      <value>Test</value>
                    </entry>
                  </metadata>
                  <children />
                  <parameters />
                </test>
                <test id="80c7207db2b7b112" name="QueryExecuteJoinedDataSet_NOT_IN_ListCollection" fullName="SubSonic.Tests/QueryTest/QueryExecuteJoinedDataSet_NOT_IN_ListCollection" isTestCase="true">
                  <codeReference assembly="SubSonic.Tests, Version=2.2.1.0, Culture=neutral, PublicKeyToken=null" namespace="SubSonic.Tests" type="SubSonic.Tests.QueryTest" member="QueryExecuteJoinedDataSet_NOT_IN_ListCollection" />
                  <codeLocation path="C:\data\SubsonicRoot\ss2\SubSonic.Tests\QueryTest.cs" line="601" />
                  <metadata>
                    <entry key="TestKind">
                      <value>Test</value>
                    </entry>
                  </metadata>
                  <children />
                  <parameters />
                </test>
                <test id="a02573cbf60fe8c0" name="Query_JoinedDataSet_OrderByCollection" fullName="SubSonic.Tests/QueryTest/Query_JoinedDataSet_OrderByCollection" isTestCase="true">
                  <codeReference assembly="SubSonic.Tests, Version=2.2.1.0, Culture=neutral, PublicKeyToken=null" namespace="SubSonic.Tests" type="SubSonic.Tests.QueryTest" member="Query_JoinedDataSet_OrderByCollection" />
                  <codeLocation path="C:\data\SubsonicRoot\ss2\SubSonic.Tests\QueryTest.cs" line="635" />
                  <metadata>
                    <entry key="TestKind">
                      <value>Test</value>
                    </entry>
                  </metadata>
                  <children />
                  <parameters />
                </test>
                <test id="ac4c55aa97b4f782" name="Query_OrderBy" fullName="SubSonic.Tests/QueryTest/Query_OrderBy" isTestCase="true">
                  <codeReference assembly="SubSonic.Tests, Version=2.2.1.0, Culture=neutral, PublicKeyToken=null" namespace="SubSonic.Tests" type="SubSonic.Tests.QueryTest" member="Query_OrderBy" />
                  <codeLocation path="C:\data\SubsonicRoot\ss2\SubSonic.Tests\QueryTest.cs" line="669" />
                  <metadata>
                    <entry key="TestKind">
                      <value>Test</value>
                    </entry>
                  </metadata>
                  <children />
                  <parameters />
                </test>
                <test id="7fad8bfcd35f9aeb" name="Query_OrderByCollection" fullName="SubSonic.Tests/QueryTest/Query_OrderByCollection" isTestCase="true">
                  <codeReference assembly="SubSonic.Tests, Version=2.2.1.0, Culture=neutral, PublicKeyToken=null" namespace="SubSonic.Tests" type="SubSonic.Tests.QueryTest" member="Query_OrderByCollection" />
                  <codeLocation path="C:\data\SubsonicRoot\ss2\SubSonic.Tests\QueryTest.cs" line="652" />
                  <metadata>
                    <entry key="TestKind">
                      <value>Test</value>
                    </entry>
                  </metadata>
                  <children />
                  <parameters />
                </test>
                <test id="4af81c72f981aa27" name="QueryExecuteJoinedDataSet_ORDER_BY_DESC_Collection" fullName="SubSonic.Tests/QueryTest/QueryExecuteJoinedDataSet_ORDER_BY_DESC_Collection" isTestCase="true">
                  <codeReference assembly="SubSonic.Tests, Version=2.2.1.0, Culture=neutral, PublicKeyToken=null" namespace="SubSonic.Tests" type="SubSonic.Tests.QueryTest" member="QueryExecuteJoinedDataSet_ORDER_BY_DESC_Collection" />
                  <codeLocation path="C:\data\SubsonicRoot\ss2\SubSonic.Tests\QueryTest.cs" line="880" />
                  <metadata>
                    <entry key="TestKind">
                      <value>Test</value>
                    </entry>
                  </metadata>
                  <children />
                  <parameters />
                </test>
                <test id="f5a8a3b68cfd45ee" name="QueryExecuteJoinedDataSet_ORDER_BY_Collection" fullName="SubSonic.Tests/QueryTest/QueryExecuteJoinedDataSet_ORDER_BY_Collection" isTestCase="true">
                  <codeReference assembly="SubSonic.Tests, Version=2.2.1.0, Culture=neutral, PublicKeyToken=null" namespace="SubSonic.Tests" type="SubSonic.Tests.QueryTest" member="QueryExecuteJoinedDataSet_ORDER_BY_Collection" />
                  <codeLocation path="C:\data\SubsonicRoot\ss2\SubSonic.Tests\QueryTest.cs" line="863" />
                  <metadata>
                    <entry key="TestKind">
                      <value>Test</value>
                    </entry>
                  </metadata>
                  <children />
                  <parameters />
                </test>
                <test id="5526f38da62244ce" name="QueryExecuteJoinedDataSet_ORDER_BY_Expression_Collection" fullName="SubSonic.Tests/QueryTest/QueryExecuteJoinedDataSet_ORDER_BY_Expression_Collection" isTestCase="true">
                  <codeReference assembly="SubSonic.Tests, Version=2.2.1.0, Culture=neutral, PublicKeyToken=null" namespace="SubSonic.Tests" type="SubSonic.Tests.QueryTest" member="QueryExecuteJoinedDataSet_ORDER_BY_Expression_Collection" />
                  <codeLocation path="C:\data\SubsonicRoot\ss2\SubSonic.Tests\QueryTest.cs" line="897" />
                  <metadata>
                    <entry key="TestKind">
                      <value>Test</value>
                    </entry>
                  </metadata>
                  <children />
                  <parameters />
                </test>
                <test id="a2c88f14d4053e39" name="Query_Select" fullName="SubSonic.Tests/QueryTest/Query_Select" isTestCase="true">
                  <codeReference assembly="SubSonic.Tests, Version=2.2.1.0, Culture=neutral, PublicKeyToken=null" namespace="SubSonic.Tests" type="SubSonic.Tests.QueryTest" member="Query_Select" />
                  <codeLocation path="C:\data\SubsonicRoot\ss2\SubSonic.Tests\QueryTest.cs" line="36" />
                  <metadata>
                    <entry key="TestKind">
                      <value>Test</value>
                    </entry>
                  </metadata>
                  <children />
                  <parameters />
                </test>
                <test id="aac99ba1d79bba39" name="QueryExecuteJoinedDataSet_ORDER_BY_ExpressionDESC_Collection" fullName="SubSonic.Tests/QueryTest/QueryExecuteJoinedDataSet_ORDER_BY_ExpressionDESC_Collection" isTestCase="true">
                  <codeReference assembly="SubSonic.Tests, Version=2.2.1.0, Culture=neutral, PublicKeyToken=null" namespace="SubSonic.Tests" type="SubSonic.Tests.QueryTest" member="QueryExecuteJoinedDataSet_ORDER_BY_ExpressionDESC_Collection" />
                  <codeLocation path="C:\data\SubsonicRoot\ss2\SubSonic.Tests\QueryTest.cs" line="913" />
                  <metadata>
                    <entry key="TestKind">
                      <value>Test</value>
                    </entry>
                  </metadata>
                  <children />
                  <parameters />
                </test>
                <test id="cdf314a8da06c440" name="Query_ORDER_BY_ExpressionDESC_Collection" fullName="SubSonic.Tests/QueryTest/Query_ORDER_BY_ExpressionDESC_Collection" isTestCase="true">
                  <codeReference assembly="SubSonic.Tests, Version=2.2.1.0, Culture=neutral, PublicKeyToken=null" namespace="SubSonic.Tests" type="SubSonic.Tests.QueryTest" member="Query_ORDER_BY_ExpressionDESC_Collection" />
                  <codeLocation path="C:\data\SubsonicRoot\ss2\SubSonic.Tests\QueryTest.cs" line="847" />
                  <metadata>
                    <entry key="TestKind">
                      <value>Test</value>
                    </entry>
                  </metadata>
                  <children />
                  <parameters />
                </test>
                <test id="a824e63bdf5fe916" name="QueryExecuteJoinedDataSet_ORDER_BY_ExpressionDESC" fullName="SubSonic.Tests/QueryTest/QueryExecuteJoinedDataSet_ORDER_BY_ExpressionDESC" isTestCase="true">
                  <codeReference assembly="SubSonic.Tests, Version=2.2.1.0, Culture=neutral, PublicKeyToken=null" namespace="SubSonic.Tests" type="SubSonic.Tests.QueryTest" member="QueryExecuteJoinedDataSet_ORDER_BY_ExpressionDESC" />
                  <codeLocation path="C:\data\SubsonicRoot\ss2\SubSonic.Tests\QueryTest.cs" line="784" />
                  <metadata>
                    <entry key="TestKind">
                      <value>Test</value>
                    </entry>
                  </metadata>
                  <children />
                  <parameters />
                </test>
                <test id="7b83051614492264" name="QueryExecuteJoinedDataSet_ORDER_BY_Expression" fullName="SubSonic.Tests/QueryTest/QueryExecuteJoinedDataSet_ORDER_BY_Expression" isTestCase="true">
                  <codeReference assembly="SubSonic.Tests, Version=2.2.1.0, Culture=neutral, PublicKeyToken=null" namespace="SubSonic.Tests" type="SubSonic.Tests.QueryTest" member="QueryExecuteJoinedDataSet_ORDER_BY_Expression" />
                  <codeLocation path="C:\data\SubsonicRoot\ss2\SubSonic.Tests\QueryTest.cs" line="771" />
                  <metadata>
                    <entry key="TestKind">
                      <value>Test</value>
                    </entry>
                  </metadata>
                  <children />
                  <parameters />
                </test>
                <test id="63e295e82b0e0c70" name="Query_ORDER_BY_Collection" fullName="SubSonic.Tests/QueryTest/Query_ORDER_BY_Collection" isTestCase="true">
                  <codeReference assembly="SubSonic.Tests, Version=2.2.1.0, Culture=neutral, PublicKeyToken=null" namespace="SubSonic.Tests" type="SubSonic.Tests.QueryTest" member="Query_ORDER_BY_Collection" />
                  <codeLocation path="C:\data\SubsonicRoot\ss2\SubSonic.Tests\QueryTest.cs" line="797" />
                  <metadata>
                    <entry key="TestKind">
                      <value>Test</value>
                    </entry>
                  </metadata>
                  <children />
                  <parameters />
                </test>
                <test id="781e3bc274e255ba" name="Query_ORDER_BY_Expression_Collection" fullName="SubSonic.Tests/QueryTest/Query_ORDER_BY_Expression_Collection" isTestCase="true">
                  <codeReference assembly="SubSonic.Tests, Version=2.2.1.0, Culture=neutral, PublicKeyToken=null" namespace="SubSonic.Tests" type="SubSonic.Tests.QueryTest" member="Query_ORDER_BY_Expression_Collection" />
                  <codeLocation path="C:\data\SubsonicRoot\ss2\SubSonic.Tests\QueryTest.cs" line="831" />
                  <metadata>
                    <entry key="TestKind">
                      <value>Test</value>
                    </entry>
                  </metadata>
                  <children />
                  <parameters />
                </test>
                <test id="12c0523243a4b0ba" name="Query_ORDER_BY_DESC_Collection" fullName="SubSonic.Tests/QueryTest/Query_ORDER_BY_DESC_Collection" isTestCase="true">
                  <codeReference assembly="SubSonic.Tests, Version=2.2.1.0, Culture=neutral, PublicKeyToken=null" namespace="SubSonic.Tests" type="SubSonic.Tests.QueryTest" member="Query_ORDER_BY_DESC_Collection" />
                  <codeLocation path="C:\data\SubsonicRoot\ss2\SubSonic.Tests\QueryTest.cs" line="814" />
                  <metadata>
                    <entry key="TestKind">
                      <value>Test</value>
                    </entry>
                  </metadata>
                  <children />
                  <parameters />
                </test>
                <test id="4cc3e80c5ac0e249" name="Query_NOT_IN_ArrayList" fullName="SubSonic.Tests/QueryTest/Query_NOT_IN_ArrayList" isTestCase="true">
                  <codeReference assembly="SubSonic.Tests, Version=2.2.1.0, Culture=neutral, PublicKeyToken=null" namespace="SubSonic.Tests" type="SubSonic.Tests.QueryTest" member="Query_NOT_IN_ArrayList" />
                  <codeLocation path="C:\data\SubsonicRoot\ss2\SubSonic.Tests\QueryTest.cs" line="257" />
                  <metadata>
                    <entry key="TestKind">
                      <value>Test</value>
                    </entry>
                  </metadata>
                  <children />
                  <parameters />
                </test>
                <test id="1bc6d6cab297a103" name="Query_NOT_IN_ListCollection" fullName="SubSonic.Tests/QueryTest/Query_NOT_IN_ListCollection" isTestCase="true">
                  <codeReference assembly="SubSonic.Tests, Version=2.2.1.0, Culture=neutral, PublicKeyToken=null" namespace="SubSonic.Tests" type="SubSonic.Tests.QueryTest" member="Query_NOT_IN_ListCollection" />
                  <codeLocation path="C:\data\SubsonicRoot\ss2\SubSonic.Tests\QueryTest.cs" line="233" />
                  <metadata>
                    <entry key="TestKind">
                      <value>Test</value>
                    </entry>
                  </metadata>
                  <children />
                  <parameters />
                </test>
                <test id="bff6e72f5d9925d1" name="Query_NOT_IN_ObjectArray" fullName="SubSonic.Tests/QueryTest/Query_NOT_IN_ObjectArray" isTestCase="true">
                  <codeReference assembly="SubSonic.Tests, Version=2.2.1.0, Culture=neutral, PublicKeyToken=null" namespace="SubSonic.Tests" type="SubSonic.Tests.QueryTest" member="Query_NOT_IN_ObjectArray" />
                  <codeLocation path="C:\data\SubsonicRoot\ss2\SubSonic.Tests\QueryTest.cs" line="216" />
                  <metadata>
                    <entry key="TestKind">
                      <value>Test</value>
                    </entry>
                  </metadata>
                  <children />
                  <parameters />
                </test>
                <test id="8e0f7118782fd21c" name="Query_IsNotNull" fullName="SubSonic.Tests/QueryTest/Query_IsNotNull" isTestCase="true">
                  <codeReference assembly="SubSonic.Tests, Version=2.2.1.0, Culture=neutral, PublicKeyToken=null" namespace="SubSonic.Tests" type="SubSonic.Tests.QueryTest" member="Query_IsNotNull" />
                  <codeLocation path="C:\data\SubsonicRoot\ss2\SubSonic.Tests\QueryTest.cs" line="277" />
                  <metadata>
                    <entry key="TestKind">
                      <value>Test</value>
                    </entry>
                  </metadata>
                  <children />
                  <parameters />
                </test>
                <test id="4c48910813dc4eb1" name="Query_OR_ModerateWithExpressions" fullName="SubSonic.Tests/QueryTest/Query_OR_ModerateWithExpressions" isTestCase="true">
                  <codeReference assembly="SubSonic.Tests, Version=2.2.1.0, Culture=neutral, PublicKeyToken=null" namespace="SubSonic.Tests" type="SubSonic.Tests.QueryTest" member="Query_OR_ModerateWithExpressions" />
                  <codeLocation path="C:\data\SubsonicRoot\ss2\SubSonic.Tests\QueryTest.cs" line="330" />
                  <metadata>
                    <entry key="TestKind">
                      <value>Test</value>
                    </entry>
                  </metadata>
                  <children />
                  <parameters />
                </test>
                <test id="8ba9d1f171f2c098" name="Query_OR_Moderate" fullName="SubSonic.Tests/QueryTest/Query_OR_Moderate" isTestCase="true">
                  <codeReference assembly="SubSonic.Tests, Version=2.2.1.0, Culture=neutral, PublicKeyToken=null" namespace="SubSonic.Tests" type="SubSonic.Tests.QueryTest" member="Query_OR_Moderate" />
                  <codeLocation path="C:\data\SubsonicRoot\ss2\SubSonic.Tests\QueryTest.cs" line="311" />
                  <metadata>
                    <entry key="TestKind">
                      <value>Test</value>
                    </entry>
                  </metadata>
                  <children />
                  <parameters />
                </test>
                <test id="2ccc937c0a4864ae" name="Query_OR_Simple" fullName="SubSonic.Tests/QueryTest/Query_OR_Simple" isTestCase="true">
                  <codeReference assembly="SubSonic.Tests, Version=2.2.1.0, Culture=neutral, PublicKeyToken=null" namespace="SubSonic.Tests" type="SubSonic.Tests.QueryTest" member="Query_OR_Simple" />
                  <codeLocation path="C:\data\SubsonicRoot\ss2\SubSonic.Tests\QueryTest.cs" line="294" />
                  <metadata>
                    <entry key="TestKind">
                      <value>Test</value>
                    </entry>
                  </metadata>
                  <children />
                  <parameters />
                </test>
                <test id="8bf81810a4cc69e2" name="Query_IN_ArrayList" fullName="SubSonic.Tests/QueryTest/Query_IN_ArrayList" isTestCase="true">
                  <codeReference assembly="SubSonic.Tests, Version=2.2.1.0, Culture=neutral, PublicKeyToken=null" namespace="SubSonic.Tests" type="SubSonic.Tests.QueryTest" member="Query_IN_ArrayList" />
                  <codeLocation path="C:\data\SubsonicRoot\ss2\SubSonic.Tests\QueryTest.cs" line="196" />
                  <metadata>
                    <entry key="TestKind">
                      <value>Test</value>
                    </entry>
                  </metadata>
                  <children />
                  <parameters />
                </test>
                <test id="d808a23c9537051e" name="Query_BetweenAnd" fullName="SubSonic.Tests/QueryTest/Query_BetweenAnd" isTestCase="true">
                  <codeReference assembly="SubSonic.Tests, Version=2.2.1.0, Culture=neutral, PublicKeyToken=null" namespace="SubSonic.Tests" type="SubSonic.Tests.QueryTest" member="Query_BetweenAnd" />
                  <codeLocation path="C:\data\SubsonicRoot\ss2\SubSonic.Tests\QueryTest.cs" line="102" />
                  <metadata>
                    <entry key="TestKind">
                      <value>Test</value>
                    </entry>
                  </metadata>
                  <children />
                  <parameters />
                </test>
                <test id="272720888d8539d2" name="Query_Updates" fullName="SubSonic.Tests/QueryTest/Query_Updates" isTestCase="true">
                  <codeReference assembly="SubSonic.Tests, Version=2.2.1.0, Culture=neutral, PublicKeyToken=null" namespace="SubSonic.Tests" type="SubSonic.Tests.QueryTest" member="Query_Updates" />
                  <codeLocation path="C:\data\SubsonicRoot\ss2\SubSonic.Tests\QueryTest.cs" line="76" />
                  <metadata>
                    <entry key="TestKind">
                      <value>Test</value>
                    </entry>
                  </metadata>
                  <children />
                  <parameters />
                </test>
                <test id="c0b441dbc2631f42" name="Query_SelectTop" fullName="SubSonic.Tests/QueryTest/Query_SelectTop" isTestCase="true">
                  <codeReference assembly="SubSonic.Tests, Version=2.2.1.0, Culture=neutral, PublicKeyToken=null" namespace="SubSonic.Tests" type="SubSonic.Tests.QueryTest" member="Query_SelectTop" />
                  <codeLocation path="C:\data\SubsonicRoot\ss2\SubSonic.Tests\QueryTest.cs" line="49" />
                  <metadata>
                    <entry key="TestKind">
                      <value>Test</value>
                    </entry>
                  </metadata>
                  <children />
                  <parameters />
                </test>
                <test id="3ba9feda1f204305" name="Query_View" fullName="SubSonic.Tests/QueryTest/Query_View" isTestCase="true">
                  <codeReference assembly="SubSonic.Tests, Version=2.2.1.0, Culture=neutral, PublicKeyToken=null" namespace="SubSonic.Tests" type="SubSonic.Tests.QueryTest" member="Query_View" />
                  <codeLocation path="C:\data\SubsonicRoot\ss2\SubSonic.Tests\QueryTest.cs" line="121" />
                  <metadata>
                    <entry key="TestKind">
                      <value>Test</value>
                    </entry>
                  </metadata>
                  <children />
                  <parameters />
                </test>
                <test id="4ae6ad8f7041efb9" name="Query_IN_ListCollection" fullName="SubSonic.Tests/QueryTest/Query_IN_ListCollection" isTestCase="true">
                  <codeReference assembly="SubSonic.Tests, Version=2.2.1.0, Culture=neutral, PublicKeyToken=null" namespace="SubSonic.Tests" type="SubSonic.Tests.QueryTest" member="Query_IN_ListCollection" />
                  <codeLocation path="C:\data\SubsonicRoot\ss2\SubSonic.Tests\QueryTest.cs" line="172" />
                  <metadata>
                    <entry key="TestKind">
                      <value>Test</value>
                    </entry>
                  </metadata>
                  <children />
                  <parameters />
                </test>
                <test id="ca0b18762724c6a7" name="Query_IN_ObjectArray" fullName="SubSonic.Tests/QueryTest/Query_IN_ObjectArray" isTestCase="true">
                  <codeReference assembly="SubSonic.Tests, Version=2.2.1.0, Culture=neutral, PublicKeyToken=null" namespace="SubSonic.Tests" type="SubSonic.Tests.QueryTest" member="Query_IN_ObjectArray" />
                  <codeLocation path="C:\data\SubsonicRoot\ss2\SubSonic.Tests\QueryTest.cs" line="155" />
                  <metadata>
                    <entry key="TestKind">
                      <value>Test</value>
                    </entry>
                  </metadata>
                  <children />
                  <parameters />
                </test>
                <test id="859a4ecfc31fd653" name="Query_BetweenNumbers" fullName="SubSonic.Tests/QueryTest/Query_BetweenNumbers" isTestCase="true">
                  <codeReference assembly="SubSonic.Tests, Version=2.2.1.0, Culture=neutral, PublicKeyToken=null" namespace="SubSonic.Tests" type="SubSonic.Tests.QueryTest" member="Query_BetweenNumbers" />
                  <codeLocation path="C:\data\SubsonicRoot\ss2\SubSonic.Tests\QueryTest.cs" line="138" />
                  <metadata>
                    <entry key="TestKind">
                      <value>Test</value>
                    </entry>
                  </metadata>
                  <children />
                  <parameters />
                </test>
                <test id="bba33423ce91eb6b" name="Query_OR_Between" fullName="SubSonic.Tests/QueryTest/Query_OR_Between" isTestCase="true">
                  <codeReference assembly="SubSonic.Tests, Version=2.2.1.0, Culture=neutral, PublicKeyToken=null" namespace="SubSonic.Tests" type="SubSonic.Tests.QueryTest" member="Query_OR_Between" />
                  <codeLocation path="C:\data\SubsonicRoot\ss2\SubSonic.Tests\QueryTest.cs" line="348" />
                  <metadata>
                    <entry key="TestKind">
                      <value>Test</value>
                    </entry>
                  </metadata>
                  <children />
                  <parameters />
                </test>
                <test id="ea1e9dc1c4c51a8b" name="QueryExecuteJoinedDataSet_BETWEEN_AND_WithExtraWhereCondition" fullName="SubSonic.Tests/QueryTest/QueryExecuteJoinedDataSet_BETWEEN_AND_WithExtraWhereCondition" isTestCase="true">
                  <codeReference assembly="SubSonic.Tests, Version=2.2.1.0, Culture=neutral, PublicKeyToken=null" namespace="SubSonic.Tests" type="SubSonic.Tests.QueryTest" member="QueryExecuteJoinedDataSet_BETWEEN_AND_WithExtraWhereCondition" />
                  <codeLocation path="C:\data\SubsonicRoot\ss2\SubSonic.Tests\QueryTest.cs" line="529" />
                  <metadata>
                    <entry key="TestKind">
                      <value>Test</value>
                    </entry>
                  </metadata>
                  <children />
                  <parameters />
                </test>
                <test id="8d587e2a307ad8c7" name="QueryExecuteJoinedDataSet_BETWEEN_AND" fullName="SubSonic.Tests/QueryTest/QueryExecuteJoinedDataSet_BETWEEN_AND" isTestCase="true">
                  <codeReference assembly="SubSonic.Tests, Version=2.2.1.0, Culture=neutral, PublicKeyToken=null" namespace="SubSonic.Tests" type="SubSonic.Tests.QueryTest" member="QueryExecuteJoinedDataSet_BETWEEN_AND" />
                  <codeLocation path="C:\data\SubsonicRoot\ss2\SubSonic.Tests\QueryTest.cs" line="515" />
                  <metadata>
                    <entry key="TestKind">
                      <value>Test</value>
                    </entry>
                  </metadata>
                  <children />
                  <parameters />
                </test>
                <test id="eb0bb31b0dfbb705" name="QueryExecuteJoinedDataSet_AddBetweenAnd_WithExtraWhereCondition" fullName="SubSonic.Tests/QueryTest/QueryExecuteJoinedDataSet_AddBetweenAnd_WithExtraWhereCondition" isTestCase="true">
                  <codeReference assembly="SubSonic.Tests, Version=2.2.1.0, Culture=neutral, PublicKeyToken=null" namespace="SubSonic.Tests" type="SubSonic.Tests.QueryTest" member="QueryExecuteJoinedDataSet_AddBetweenAnd_WithExtraWhereCondition" />
                  <codeLocation path="C:\data\SubsonicRoot\ss2\SubSonic.Tests\QueryTest.cs" line="501" />
                  <metadata>
                    <entry key="TestKind">
                      <value>Test</value>
                    </entry>
                  </metadata>
                  <children />
                  <parameters />
                </test>
                <test id="870697a7f37cef92" name="QueryExecuteJoinedDataSet_IN_ObjectArray" fullName="SubSonic.Tests/QueryTest/QueryExecuteJoinedDataSet_IN_ObjectArray" isTestCase="true">
                  <codeReference assembly="SubSonic.Tests, Version=2.2.1.0, Culture=neutral, PublicKeyToken=null" namespace="SubSonic.Tests" type="SubSonic.Tests.QueryTest" member="QueryExecuteJoinedDataSet_IN_ObjectArray" />
                  <codeLocation path="C:\data\SubsonicRoot\ss2\SubSonic.Tests\QueryTest.cs" line="545" />
                  <metadata>
                    <entry key="TestKind">
                      <value>Test</value>
                    </entry>
                  </metadata>
                  <children />
                  <parameters />
                </test>
                <test id="c4a9d33534bc9118" name="QueryExecuteJoinedDataSet_NOT_IN_ObjectArray" fullName="SubSonic.Tests/QueryTest/QueryExecuteJoinedDataSet_NOT_IN_ObjectArray" isTestCase="true">
                  <codeReference assembly="SubSonic.Tests, Version=2.2.1.0, Culture=neutral, PublicKeyToken=null" namespace="SubSonic.Tests" type="SubSonic.Tests.QueryTest" member="QueryExecuteJoinedDataSet_NOT_IN_ObjectArray" />
                  <codeLocation path="C:\data\SubsonicRoot\ss2\SubSonic.Tests\QueryTest.cs" line="590" />
                  <metadata>
                    <entry key="TestKind">
                      <value>Test</value>
                    </entry>
                  </metadata>
                  <children />
                  <parameters />
                </test>
                <test id="c0b5e4308c07981a" name="QueryExecuteJoinedDataSet_IN_ArrayList" fullName="SubSonic.Tests/QueryTest/QueryExecuteJoinedDataSet_IN_ArrayList" isTestCase="true">
                  <codeReference assembly="SubSonic.Tests, Version=2.2.1.0, Culture=neutral, PublicKeyToken=null" namespace="SubSonic.Tests" type="SubSonic.Tests.QueryTest" member="QueryExecuteJoinedDataSet_IN_ArrayList" />
                  <codeLocation path="C:\data\SubsonicRoot\ss2\SubSonic.Tests\QueryTest.cs" line="575" />
                  <metadata>
                    <entry key="TestKind">
                      <value>Test</value>
                    </entry>
                  </metadata>
                  <children />
                  <parameters />
                </test>
                <test id="9d2ad9c822735e82" name="QueryExecuteJoinedDataSet_IN_ListCollection" fullName="SubSonic.Tests/QueryTest/QueryExecuteJoinedDataSet_IN_ListCollection" isTestCase="true">
                  <codeReference assembly="SubSonic.Tests, Version=2.2.1.0, Culture=neutral, PublicKeyToken=null" namespace="SubSonic.Tests" type="SubSonic.Tests.QueryTest" member="QueryExecuteJoinedDataSet_IN_ListCollection" />
                  <codeLocation path="C:\data\SubsonicRoot\ss2\SubSonic.Tests\QueryTest.cs" line="556" />
                  <metadata>
                    <entry key="TestKind">
                      <value>Test</value>
                    </entry>
                  </metadata>
                  <children />
                  <parameters />
                </test>
                <test id="f731cdc721ce1572" name="QueryExecuteJoinedDataSet_AddBetweenAnd" fullName="SubSonic.Tests/QueryTest/QueryExecuteJoinedDataSet_AddBetweenAnd" isTestCase="true">
                  <codeReference assembly="SubSonic.Tests, Version=2.2.1.0, Culture=neutral, PublicKeyToken=null" namespace="SubSonic.Tests" type="SubSonic.Tests.QueryTest" member="QueryExecuteJoinedDataSet_AddBetweenAnd" />
                  <codeLocation path="C:\data\SubsonicRoot\ss2\SubSonic.Tests\QueryTest.cs" line="488" />
                  <metadata>
                    <entry key="TestKind">
                      <value>Test</value>
                    </entry>
                  </metadata>
                  <children />
                  <parameters />
                </test>
                <test id="cdc4703821199e54" name="Query_PagingTest_View" fullName="SubSonic.Tests/QueryTest/Query_PagingTest_View" isTestCase="true">
                  <codeReference assembly="SubSonic.Tests, Version=2.2.1.0, Culture=neutral, PublicKeyToken=null" namespace="SubSonic.Tests" type="SubSonic.Tests.QueryTest" member="Query_PagingTest_View" />
                  <codeLocation path="C:\data\SubsonicRoot\ss2\SubSonic.Tests\QueryTest.cs" line="411" />
                  <metadata>
                    <entry key="TestKind">
                      <value>Test</value>
                    </entry>
                  </metadata>
                  <children />
                  <parameters />
                </test>
                <test id="5a81c6d8dc67efba" name="Query_PagingTest_Table" fullName="SubSonic.Tests/QueryTest/Query_PagingTest_Table" isTestCase="true">
                  <codeReference assembly="SubSonic.Tests, Version=2.2.1.0, Culture=neutral, PublicKeyToken=null" namespace="SubSonic.Tests" type="SubSonic.Tests.QueryTest" member="Query_PagingTest_Table" />
                  <codeLocation path="C:\data\SubsonicRoot\ss2\SubSonic.Tests\QueryTest.cs" line="390" />
                  <metadata>
                    <entry key="TestKind">
                      <value>Test</value>
                    </entry>
                  </metadata>
                  <children />
                  <parameters />
                </test>
                <test id="ad91cb18508fc3a6" name="Query_Expression" fullName="SubSonic.Tests/QueryTest/Query_Expression" isTestCase="true">
                  <codeReference assembly="SubSonic.Tests, Version=2.2.1.0, Culture=neutral, PublicKeyToken=null" namespace="SubSonic.Tests" type="SubSonic.Tests.QueryTest" member="Query_Expression" />
                  <codeLocation path="C:\data\SubsonicRoot\ss2\SubSonic.Tests\QueryTest.cs" line="373" />
                  <metadata>
                    <entry key="TestKind">
                      <value>Test</value>
                    </entry>
                  </metadata>
                  <children />
                  <parameters />
                </test>
                <test id="91d54299a1e93eec" name="Query_JoinedDataSet" fullName="SubSonic.Tests/QueryTest/Query_JoinedDataSet" isTestCase="true">
                  <codeReference assembly="SubSonic.Tests, Version=2.2.1.0, Culture=neutral, PublicKeyToken=null" namespace="SubSonic.Tests" type="SubSonic.Tests.QueryTest" member="Query_JoinedDataSet" />
                  <codeLocation path="C:\data\SubsonicRoot\ss2\SubSonic.Tests\QueryTest.cs" line="432" />
                  <metadata>
                    <entry key="TestKind">
                      <value>Test</value>
                    </entry>
                  </metadata>
                  <children />
                  <parameters />
                </test>
                <test id="f9fd37038a1e8e27" name="Query_JoinedDataSet_OrderByFK" fullName="SubSonic.Tests/QueryTest/Query_JoinedDataSet_OrderByFK" isTestCase="true">
                  <codeReference assembly="SubSonic.Tests, Version=2.2.1.0, Culture=neutral, PublicKeyToken=null" namespace="SubSonic.Tests" type="SubSonic.Tests.QueryTest" member="Query_JoinedDataSet_OrderByFK" />
                  <codeLocation path="C:\data\SubsonicRoot\ss2\SubSonic.Tests\QueryTest.cs" line="473" />
                  <metadata>
                    <entry key="TestKind">
                      <value>Test</value>
                    </entry>
                  </metadata>
                  <children />
                  <parameters />
                </test>
                <test id="ec2493bfaffe6a56" name="Query_ConstraintExpression" fullName="SubSonic.Tests/QueryTest/Query_ConstraintExpression" isTestCase="true">
                  <codeReference assembly="SubSonic.Tests, Version=2.2.1.0, Culture=neutral, PublicKeyToken=null" namespace="SubSonic.Tests" type="SubSonic.Tests.QueryTest" member="Query_ConstraintExpression" />
                  <codeLocation path="C:\data\SubsonicRoot\ss2\SubSonic.Tests\QueryTest.cs" line="457" />
                  <metadata>
                    <entry key="TestKind">
                      <value>Test</value>
                    </entry>
                  </metadata>
                  <children />
                  <parameters />
                </test>
                <test id="d5a4330fc92e527" name="ExecuteJoinedDataSet_Should_Accept_Parameters" fullName="SubSonic.Tests/QueryTest/ExecuteJoinedDataSet_Should_Accept_Parameters" isTestCase="true">
                  <codeReference assembly="SubSonic.Tests, Version=2.2.1.0, Culture=neutral, PublicKeyToken=null" namespace="SubSonic.Tests" type="SubSonic.Tests.QueryTest" member="ExecuteJoinedDataSet_Should_Accept_Parameters" />
                  <codeLocation path="C:\data\SubsonicRoot\ss2\SubSonic.Tests\QueryTest.cs" line="441" />
                  <metadata>
                    <entry key="TestKind">
                      <value>Test</value>
                    </entry>
                  </metadata>
                  <children />
                  <parameters />
                </test>
              </children>
              <parameters />
            </test>
            <test id="7a29c27c11dd12b4" name="DeleteTests" fullName="SubSonic.Tests/DeleteTests" isTestCase="false">
              <codeReference assembly="SubSonic.Tests, Version=2.2.1.0, Culture=neutral, PublicKeyToken=null" namespace="SubSonic.Tests.SqlQuery" type="SubSonic.Tests.SqlQuery.DeleteTests" />
              <codeLocation path="C:\data\SubsonicRoot\ss2\SubSonic.Tests\SqlQuery\DeleteTests.cs" />
              <metadata>
                <entry key="TestKind">
                  <value>Fixture</value>
                </entry>
              </metadata>
              <children>
                <test id="2596e467ffe54266" name="Delete_SimpleSqlCheck" fullName="SubSonic.Tests/DeleteTests/Delete_SimpleSqlCheck" isTestCase="true">
                  <codeReference assembly="SubSonic.Tests, Version=2.2.1.0, Culture=neutral, PublicKeyToken=null" namespace="SubSonic.Tests.SqlQuery" type="SubSonic.Tests.SqlQuery.DeleteTests" member="Delete_SimpleSqlCheck" />
                  <codeLocation path="C:\data\SubsonicRoot\ss2\SubSonic.Tests\SqlQuery\DeleteTests.cs" line="28" />
                  <metadata>
                    <entry key="TestKind">
                      <value>Test</value>
                    </entry>
                  </metadata>
                  <children />
                  <parameters />
                </test>
                <test id="b8449160df3bfc16" name="Delete_MultipleWithInsertBatch" fullName="SubSonic.Tests/DeleteTests/Delete_MultipleWithInsertBatch" isTestCase="true">
                  <codeReference assembly="SubSonic.Tests, Version=2.2.1.0, Culture=neutral, PublicKeyToken=null" namespace="SubSonic.Tests.SqlQuery" type="SubSonic.Tests.SqlQuery.DeleteTests" member="Delete_MultipleWithInsertBatch" />
                  <codeLocation path="C:\data\SubsonicRoot\ss2\SubSonic.Tests\SqlQuery\DeleteTests.cs" line="50" />
                  <metadata>
                    <entry key="TestKind">
                      <value>Test</value>
                    </entry>
                  </metadata>
                  <children />
                  <parameters />
                </test>
                <test id="5081633c8f2fb62f" name="Delete_Simple" fullName="SubSonic.Tests/DeleteTests/Delete_Simple" isTestCase="true">
                  <codeReference assembly="SubSonic.Tests, Version=2.2.1.0, Culture=neutral, PublicKeyToken=null" namespace="SubSonic.Tests.SqlQuery" type="SubSonic.Tests.SqlQuery.DeleteTests" member="Delete_Simple" />
                  <codeLocation path="C:\data\SubsonicRoot\ss2\SubSonic.Tests\SqlQuery\DeleteTests.cs" line="36" />
                  <metadata>
                    <entry key="TestKind">
                      <value>Test</value>
                    </entry>
                  </metadata>
                  <children />
                  <parameters />
                </test>
              </children>
              <parameters />
            </test>
            <test id="51fe5df55b58f055" name="AssemblyFixture" fullName="SubSonic.Tests/AssemblyFixture" isTestCase="false">
              <codeReference assembly="SubSonic.Tests, Version=2.2.1.0, Culture=neutral, PublicKeyToken=null" namespace="SubSonic.Tests" type="SubSonic.Tests.AssemblyFixture" />
              <codeLocation path="C:\data\SubsonicRoot\ss2\SubSonic.Tests\AssemblyCleaner.cs" />
              <metadata>
                <entry key="TestKind">
                  <value>Fixture</value>
                </entry>
              </metadata>
              <children />
              <parameters />
            </test>
            <test id="88947b5ff026bc84" name="SPs" fullName="SubSonic.Tests/SPs" isTestCase="false">
              <codeReference assembly="SubSonic.Tests, Version=2.2.1.0, Culture=neutral, PublicKeyToken=null" namespace="SubSonic.Tests" type="SubSonic.Tests.SPs" />
              <codeLocation path="C:\data\SubsonicRoot\ss2\SubSonic.Tests\SPs.cs" />
              <metadata>
                <entry key="TestKind">
                  <value>Fixture</value>
                </entry>
              </metadata>
              <children>
                <test id="62cc4104c2c8176a" name="SP_Should_Execute_Without_Parameter2" fullName="SubSonic.Tests/SPs/SP_Should_Execute_Without_Parameter2" isTestCase="true">
                  <codeReference assembly="SubSonic.Tests, Version=2.2.1.0, Culture=neutral, PublicKeyToken=null" namespace="SubSonic.Tests" type="SubSonic.Tests.SPs" member="SP_Should_Execute_Without_Parameter2" />
                  <codeLocation path="C:\data\SubsonicRoot\ss2\SubSonic.Tests\SPs.cs" line="215" />
                  <metadata>
                    <entry key="TestKind">
                      <value>Test</value>
                    </entry>
                  </metadata>
                  <children />
                  <parameters />
                </test>
                <test id="7ac2a8ddcd10c009" name="SP_Can_Execute_JSON_Result" fullName="SubSonic.Tests/SPs/SP_Can_Execute_JSON_Result" isTestCase="true">
                  <codeReference assembly="SubSonic.Tests, Version=2.2.1.0, Culture=neutral, PublicKeyToken=null" namespace="SubSonic.Tests" type="SubSonic.Tests.SPs" member="SP_Can_Execute_JSON_Result" />
                  <codeLocation path="C:\data\SubsonicRoot\ss2\SubSonic.Tests\SPs.cs" line="229" />
                  <metadata>
                    <entry key="TestKind">
                      <value>Test</value>
                    </entry>
                  </metadata>
                  <children />
                  <parameters />
                </test>
                <test id="2ad22264b70bd8d6" name="SP_Schema_Should_Load_10_SPs" fullName="SubSonic.Tests/SPs/SP_Schema_Should_Load_10_SPs" isTestCase="true">
                  <codeReference assembly="SubSonic.Tests, Version=2.2.1.0, Culture=neutral, PublicKeyToken=null" namespace="SubSonic.Tests" type="SubSonic.Tests.SPs" member="SP_Schema_Should_Load_10_SPs" />
                  <codeLocation path="C:\data\SubsonicRoot\ss2\SubSonic.Tests\SPs.cs" line="49" />
                  <metadata>
                    <entry key="TestKind">
                      <value>Test</value>
                    </entry>
                  </metadata>
                  <children />
                  <parameters />
                </test>
                <test id="a907c2ba9df3f9ba" name="SP_CustOrderHist_TypedSP_Should_Have_Qualified_CommandSQL" fullName="SubSonic.Tests/SPs/SP_CustOrderHist_TypedSP_Should_Have_Qualified_CommandSQL" isTestCase="true">
                  <codeReference assembly="SubSonic.Tests, Version=2.2.1.0, Culture=neutral, PublicKeyToken=null" namespace="SubSonic.Tests" type="SubSonic.Tests.SPs" member="SP_CustOrderHist_TypedSP_Should_Have_Qualified_CommandSQL" />
                  <codeLocation path="C:\data\SubsonicRoot\ss2\SubSonic.Tests\SPs.cs" line="81" />
                  <metadata>
                    <entry key="TestKind">
                      <value>Test</value>
                    </entry>
                  </metadata>
                  <children />
                  <parameters />
                </test>
                <test id="e282a136067cd032" name="SP_ReaderTest" fullName="SubSonic.Tests/SPs/SP_ReaderTest" isTestCase="true">
                  <codeReference assembly="SubSonic.Tests, Version=2.2.1.0, Culture=neutral, PublicKeyToken=null" namespace="SubSonic.Tests" type="SubSonic.Tests.SPs" member="SP_ReaderTest" />
                  <codeLocation path="C:\data\SubsonicRoot\ss2\SubSonic.Tests\SPs.cs" line="92" />
                  <metadata>
                    <entry key="TestKind">
                      <value>Test</value>
                    </entry>
                  </metadata>
                  <children />
                  <parameters />
                </test>
                <test id="c0e0813a8e24c5af" name="SP_ScalarTest" fullName="SubSonic.Tests/SPs/SP_ScalarTest" isTestCase="true">
                  <codeReference assembly="SubSonic.Tests, Version=2.2.1.0, Culture=neutral, PublicKeyToken=null" namespace="SubSonic.Tests" type="SubSonic.Tests.SPs" member="SP_ScalarTest" />
                  <codeLocation path="C:\data\SubsonicRoot\ss2\SubSonic.Tests\SPs.cs" line="112" />
                  <metadata>
                    <entry key="TestKind">
                      <value>Test</value>
                    </entry>
                  </metadata>
                  <children />
                  <parameters />
                </test>
                <test id="5a3b608b22e938aa" name="SP_Schema_Should_Load_With_Schema_Name" fullName="SubSonic.Tests/SPs/SP_Schema_Should_Load_With_Schema_Name" isTestCase="true">
                  <codeReference assembly="SubSonic.Tests, Version=2.2.1.0, Culture=neutral, PublicKeyToken=null" namespace="SubSonic.Tests" type="SubSonic.Tests.SPs" member="SP_Schema_Should_Load_With_Schema_Name" />
                  <codeLocation path="C:\data\SubsonicRoot\ss2\SubSonic.Tests\SPs.cs" line="57" />
                  <metadata>
                    <entry key="TestKind">
                      <value>Test</value>
                    </entry>
                  </metadata>
                  <children />
                  <parameters />
                </test>
                <test id="a9c9721192e7a74d" name="SP_CustOrderHist_Should_Have_QualifiedName" fullName="SubSonic.Tests/SPs/SP_CustOrderHist_Should_Have_QualifiedName" isTestCase="true">
                  <codeReference assembly="SubSonic.Tests, Version=2.2.1.0, Culture=neutral, PublicKeyToken=null" namespace="SubSonic.Tests" type="SubSonic.Tests.SPs" member="SP_CustOrderHist_Should_Have_QualifiedName" />
                  <codeLocation path="C:\data\SubsonicRoot\ss2\SubSonic.Tests\SPs.cs" line="65" />
                  <metadata>
                    <entry key="TestKind">
                      <value>Test</value>
                    </entry>
                  </metadata>
                  <children />
                  <parameters />
                </test>
                <test id="af9eeab672e34f3c" name="SP_CustOrderHist_Should_Have_Qualified_CommandSQL" fullName="SubSonic.Tests/SPs/SP_CustOrderHist_Should_Have_Qualified_CommandSQL" isTestCase="true">
                  <codeReference assembly="SubSonic.Tests, Version=2.2.1.0, Culture=neutral, PublicKeyToken=null" namespace="SubSonic.Tests" type="SubSonic.Tests.SPs" member="SP_CustOrderHist_Should_Have_Qualified_CommandSQL" />
                  <codeLocation path="C:\data\SubsonicRoot\ss2\SubSonic.Tests\SPs.cs" line="73" />
                  <metadata>
                    <entry key="TestKind">
                      <value>Test</value>
                    </entry>
                  </metadata>
                  <children />
                  <parameters />
                </test>
                <test id="433e79030503e791" name="SP_QuickReader" fullName="SubSonic.Tests/SPs/SP_QuickReader" isTestCase="true">
                  <codeReference assembly="SubSonic.Tests, Version=2.2.1.0, Culture=neutral, PublicKeyToken=null" namespace="SubSonic.Tests" type="SubSonic.Tests.SPs" member="SP_QuickReader" />
                  <codeLocation path="C:\data\SubsonicRoot\ss2\SubSonic.Tests\SPs.cs" line="180" />
                  <metadata>
                    <entry key="TestKind">
                      <value>Test</value>
                    </entry>
                  </metadata>
                  <children />
                  <parameters />
                </test>
                <test id="85f475848b5528df" name="SP_QuickDataSet" fullName="SubSonic.Tests/SPs/SP_QuickDataSet" isTestCase="true">
                  <codeReference assembly="SubSonic.Tests, Version=2.2.1.0, Culture=neutral, PublicKeyToken=null" namespace="SubSonic.Tests" type="SubSonic.Tests.SPs" member="SP_QuickDataSet" />
                  <codeLocation path="C:\data\SubsonicRoot\ss2\SubSonic.Tests\SPs.cs" line="197" />
                  <metadata>
                    <entry key="TestKind">
                      <value>Test</value>
                    </entry>
                  </metadata>
                  <children />
                  <parameters />
                </test>
                <test id="5ad8fc74df6a3527" name="SP_Should_Execute_Without_Parameter" fullName="SubSonic.Tests/SPs/SP_Should_Execute_Without_Parameter" isTestCase="true">
                  <codeReference assembly="SubSonic.Tests, Version=2.2.1.0, Culture=neutral, PublicKeyToken=null" namespace="SubSonic.Tests" type="SubSonic.Tests.SPs" member="SP_Should_Execute_Without_Parameter" />
                  <codeLocation path="C:\data\SubsonicRoot\ss2\SubSonic.Tests\SPs.cs" line="203" />
                  <metadata>
                    <entry key="TestKind">
                      <value>Test</value>
                    </entry>
                  </metadata>
                  <children />
                  <parameters />
                </test>
                <test id="7160661ba5b4f87" name="SP_DSTest" fullName="SubSonic.Tests/SPs/SP_DSTest" isTestCase="true">
                  <codeReference assembly="SubSonic.Tests, Version=2.2.1.0, Culture=neutral, PublicKeyToken=null" namespace="SubSonic.Tests" type="SubSonic.Tests.SPs" member="SP_DSTest" />
                  <codeLocation path="C:\data\SubsonicRoot\ss2\SubSonic.Tests\SPs.cs" line="126" />
                  <metadata>
                    <entry key="TestKind">
                      <value>Test</value>
                    </entry>
                  </metadata>
                  <children />
                  <parameters />
                </test>
                <test id="8a3e7cfbf064fdcd" name="SP_Outputs" fullName="SubSonic.Tests/SPs/SP_Outputs" isTestCase="true">
                  <codeReference assembly="SubSonic.Tests, Version=2.2.1.0, Culture=neutral, PublicKeyToken=null" namespace="SubSonic.Tests" type="SubSonic.Tests.SPs" member="SP_Outputs" />
                  <codeLocation path="C:\data\SubsonicRoot\ss2\SubSonic.Tests\SPs.cs" line="140" />
                  <metadata>
                    <entry key="TestKind">
                      <value>Test</value>
                    </entry>
                  </metadata>
                  <children />
                  <parameters />
                </test>
                <test id="54b385f985ea3ada" name="SP_Outputs_DefaultProvider" fullName="SubSonic.Tests/SPs/SP_Outputs_DefaultProvider" isTestCase="true">
                  <codeReference assembly="SubSonic.Tests, Version=2.2.1.0, Culture=neutral, PublicKeyToken=null" namespace="SubSonic.Tests" type="SubSonic.Tests.SPs" member="SP_Outputs_DefaultProvider" />
                  <codeLocation path="C:\data\SubsonicRoot\ss2\SubSonic.Tests\SPs.cs" line="160" />
                  <metadata>
                    <entry key="TestKind">
                      <value>Test</value>
                    </entry>
                  </metadata>
                  <children />
                  <parameters />
                </test>
              </children>
              <parameters />
            </test>
            <test id="7a8c3f10192cd9e6" name="NameTransformationTests" fullName="SubSonic.Tests/NameTransformationTests" isTestCase="false">
              <codeReference assembly="SubSonic.Tests, Version=2.2.1.0, Culture=neutral, PublicKeyToken=null" namespace="SubSonic.Tests" type="SubSonic.Tests.NameTransformationTests" />
              <codeLocation path="C:\data\SubsonicRoot\ss2\SubSonic.Tests\NameTransformationTests.cs" />
              <metadata>
                <entry key="TestKind">
                  <value>Fixture</value>
                </entry>
              </metadata>
              <children>
                <test id="24d41af1d98cd3cb" name="NameTransformation_ToPascalCase" fullName="SubSonic.Tests/NameTransformationTests/NameTransformation_ToPascalCase" isTestCase="true">
                  <codeReference assembly="SubSonic.Tests, Version=2.2.1.0, Culture=neutral, PublicKeyToken=null" namespace="SubSonic.Tests" type="SubSonic.Tests.NameTransformationTests" member="NameTransformation_ToPascalCase" />
                  <codeLocation path="C:\data\SubsonicRoot\ss2\SubSonic.Tests\NameTransformationTests.cs" line="30" />
                  <metadata>
                    <entry key="TestKind">
                      <value>Test</value>
                    </entry>
                  </metadata>
                  <children />
                  <parameters />
                </test>
              </children>
              <parameters />
            </test>
            <test id="6e5f3a8fac97c581" name="RepositoryTests" fullName="SubSonic.Tests/RepositoryTests" isTestCase="false">
              <codeReference assembly="SubSonic.Tests, Version=2.2.1.0, Culture=neutral, PublicKeyToken=null" namespace="SubSonic.Tests.Repository" type="SubSonic.Tests.Repository.RepositoryTests" />
              <codeLocation path="C:\data\SubsonicRoot\ss2\SubSonic.Tests\Repository\RepositoryTests.cs" />
              <metadata>
                <entry key="TestKind">
                  <value>Fixture</value>
                </entry>
              </metadata>
              <children>
                <test id="501bdffa4db407e3" name="Repository_Should_UpdateProductName" fullName="SubSonic.Tests/RepositoryTests/Repository_Should_UpdateProductName" isTestCase="true">
                  <codeReference assembly="SubSonic.Tests, Version=2.2.1.0, Culture=neutral, PublicKeyToken=null" namespace="SubSonic.Tests.Repository" type="SubSonic.Tests.Repository.RepositoryTests" member="Repository_Should_UpdateProductName" />
                  <codeLocation path="C:\data\SubsonicRoot\ss2\SubSonic.Tests\Repository\RepositoryTests.cs" line="87" />
                  <metadata>
                    <entry key="TestKind">
                      <value>Test</value>
                    </entry>
                  </metadata>
                  <children />
                  <parameters />
                </test>
                <test id="e89af05ec569a902" name="Repository_FullCRUD" fullName="SubSonic.Tests/RepositoryTests/Repository_FullCRUD" isTestCase="true">
                  <codeReference assembly="SubSonic.Tests, Version=2.2.1.0, Culture=neutral, PublicKeyToken=null" namespace="SubSonic.Tests.Repository" type="SubSonic.Tests.Repository.RepositoryTests" member="Repository_FullCRUD" />
                  <codeLocation path="C:\data\SubsonicRoot\ss2\SubSonic.Tests\Repository\RepositoryTests.cs" line="33" />
                  <metadata>
                    <entry key="TestKind">
                      <value>Test</value>
                    </entry>
                  </metadata>
                  <children />
                  <parameters />
                </test>
                <test id="a194cf2f72fa0da3" name="Repository_Simple_Select" fullName="SubSonic.Tests/RepositoryTests/Repository_Simple_Select" isTestCase="true">
                  <codeReference assembly="SubSonic.Tests, Version=2.2.1.0, Culture=neutral, PublicKeyToken=null" namespace="SubSonic.Tests.Repository" type="SubSonic.Tests.Repository.RepositoryTests" member="Repository_Simple_Select" />
                  <codeLocation path="C:\data\SubsonicRoot\ss2\SubSonic.Tests\Repository\RepositoryTests.cs" line="26" />
                  <metadata>
                    <entry key="TestKind">
                      <value>Test</value>
                    </entry>
                  </metadata>
                  <children />
                  <parameters />
                </test>
                <test id="e8bdbb96571b6b71" name="Repository_DeleteByKey" fullName="SubSonic.Tests/RepositoryTests/Repository_DeleteByKey" isTestCase="true">
                  <codeReference assembly="SubSonic.Tests, Version=2.2.1.0, Culture=neutral, PublicKeyToken=null" namespace="SubSonic.Tests.Repository" type="SubSonic.Tests.Repository.RepositoryTests" member="Repository_DeleteByKey" />
                  <codeLocation path="C:\data\SubsonicRoot\ss2\SubSonic.Tests\Repository\RepositoryTests.cs" line="112" />
                  <metadata>
                    <entry key="TestKind">
                      <value>Test</value>
                    </entry>
                  </metadata>
                  <children />
                  <parameters />
                </test>
                <test id="d366ccde4824190f" name="Repository_DestroyByKey" fullName="SubSonic.Tests/RepositoryTests/Repository_DestroyByKey" isTestCase="true">
                  <codeReference assembly="SubSonic.Tests, Version=2.2.1.0, Culture=neutral, PublicKeyToken=null" namespace="SubSonic.Tests.Repository" type="SubSonic.Tests.Repository.RepositoryTests" member="Repository_DestroyByKey" />
                  <codeLocation path="C:\data\SubsonicRoot\ss2\SubSonic.Tests\Repository\RepositoryTests.cs" line="144" />
                  <metadata>
                    <entry key="TestKind">
                      <value>Test</value>
                    </entry>
                  </metadata>
                  <children />
                  <parameters />
                </test>
                <test id="b277c675572095f6" name="Repository_ShouldNot_ThrowWhenNoColumnsChanged" fullName="SubSonic.Tests/RepositoryTests/Repository_ShouldNot_ThrowWhenNoColumnsChanged" isTestCase="true">
                  <codeReference assembly="SubSonic.Tests, Version=2.2.1.0, Culture=neutral, PublicKeyToken=null" namespace="SubSonic.Tests.Repository" type="SubSonic.Tests.Repository.RepositoryTests" member="Repository_ShouldNot_ThrowWhenNoColumnsChanged" />
                  <codeLocation path="C:\data\SubsonicRoot\ss2\SubSonic.Tests\Repository\RepositoryTests.cs" line="98" />
                  <metadata>
                    <entry key="TestKind">
                      <value>Test</value>
                    </entry>
                  </metadata>
                  <children />
                  <parameters />
                </test>
                <test id="436b3caa8a0dda25" name="Respository_CollectionLoad" fullName="SubSonic.Tests/RepositoryTests/Respository_CollectionLoad" isTestCase="true">
                  <codeReference assembly="SubSonic.Tests, Version=2.2.1.0, Culture=neutral, PublicKeyToken=null" namespace="SubSonic.Tests.Repository" type="SubSonic.Tests.Repository.RepositoryTests" member="Respository_CollectionLoad" />
                  <codeLocation path="C:\data\SubsonicRoot\ss2\SubSonic.Tests\Repository\RepositoryTests.cs" line="106" />
                  <metadata>
                    <entry key="TestKind">
                      <value>Test</value>
                    </entry>
                  </metadata>
                  <children />
                  <parameters />
                </test>
              </children>
              <parameters />
            </test>
            <test id="bc7166f99ef30223" name="ActiveListTests" fullName="SubSonic.Tests/ActiveListTests" isTestCase="false">
              <codeReference assembly="SubSonic.Tests, Version=2.2.1.0, Culture=neutral, PublicKeyToken=null" namespace="SubSonic.Tests" type="SubSonic.Tests.ActiveListTests" />
              <codeLocation path="C:\data\SubsonicRoot\ss2\SubSonic.Tests\ActiveListTests.cs" />
              <metadata>
                <entry key="TestKind">
                  <value>Fixture</value>
                </entry>
              </metadata>
              <children>
                <test id="c63e43da4f9829e6" name="ListTHelper" fullName="SubSonic.Tests/ActiveListTests/ListTHelper" isTestCase="true">
                  <codeReference assembly="SubSonic.Tests, Version=2.2.1.0, Culture=neutral, PublicKeyToken=null" namespace="SubSonic.Tests" type="SubSonic.Tests.ActiveListTests" member="ListTHelper" />
                  <codeLocation path="C:\data\SubsonicRoot\ss2\SubSonic.Tests\ActiveListTests.cs" line="88" />
                  <metadata>
                    <entry key="TestKind">
                      <value>Test</value>
                    </entry>
                  </metadata>
                  <children />
                  <parameters />
                </test>
                <test id="59081e8fe33bad22" name="BatchSaveInsert" fullName="SubSonic.Tests/ActiveListTests/BatchSaveInsert" isTestCase="true">
                  <codeReference assembly="SubSonic.Tests, Version=2.2.1.0, Culture=neutral, PublicKeyToken=null" namespace="SubSonic.Tests" type="SubSonic.Tests.ActiveListTests" member="BatchSaveInsert" />
                  <codeLocation path="C:\data\SubsonicRoot\ss2\SubSonic.Tests\ActiveListTests.cs" line="51" />
                  <metadata>
                    <entry key="TestKind">
                      <value>Test</value>
                    </entry>
                  </metadata>
                  <children />
                  <parameters />
                </test>
                <test id="828dd42707b21bbe" name="DeferredDelete" fullName="SubSonic.Tests/ActiveListTests/DeferredDelete" isTestCase="true">
                  <codeReference assembly="SubSonic.Tests, Version=2.2.1.0, Culture=neutral, PublicKeyToken=null" namespace="SubSonic.Tests" type="SubSonic.Tests.ActiveListTests" member="DeferredDelete" />
                  <codeLocation path="C:\data\SubsonicRoot\ss2\SubSonic.Tests\ActiveListTests.cs" line="66" />
                  <metadata>
                    <entry key="TestKind">
                      <value>Test</value>
                    </entry>
                  </metadata>
                  <children />
                  <parameters />
                </test>
                <test id="c10c3bb6a31302d5" name="BatchSaveUpdate" fullName="SubSonic.Tests/ActiveListTests/BatchSaveUpdate" isTestCase="true">
                  <codeReference assembly="SubSonic.Tests, Version=2.2.1.0, Culture=neutral, PublicKeyToken=null" namespace="SubSonic.Tests" type="SubSonic.Tests.ActiveListTests" member="BatchSaveUpdate" />
                  <codeLocation path="C:\data\SubsonicRoot\ss2\SubSonic.Tests\ActiveListTests.cs" line="130" />
                  <metadata>
                    <entry key="TestKind">
                      <value>Test</value>
                    </entry>
                  </metadata>
                  <children />
                  <parameters />
                </test>
                <test id="a1003a1d129446b2" name="BatchSaveUpdateNoChanges" fullName="SubSonic.Tests/ActiveListTests/BatchSaveUpdateNoChanges" isTestCase="true">
                  <codeReference assembly="SubSonic.Tests, Version=2.2.1.0, Culture=neutral, PublicKeyToken=null" namespace="SubSonic.Tests" type="SubSonic.Tests.ActiveListTests" member="BatchSaveUpdateNoChanges" />
                  <codeLocation path="C:\data\SubsonicRoot\ss2\SubSonic.Tests\ActiveListTests.cs" line="152" />
                  <metadata>
                    <entry key="TestKind">
                      <value>Test</value>
                    </entry>
                  </metadata>
                  <children />
                  <parameters />
                </test>
                <test id="dc06ea3eb5ecffc" name="ListSerialization" fullName="SubSonic.Tests/ActiveListTests/ListSerialization" isTestCase="true">
                  <codeReference assembly="SubSonic.Tests, Version=2.2.1.0, Culture=neutral, PublicKeyToken=null" namespace="SubSonic.Tests" type="SubSonic.Tests.ActiveListTests" member="ListSerialization" />
                  <codeLocation path="C:\data\SubsonicRoot\ss2\SubSonic.Tests\ActiveListTests.cs" line="173" />
                  <metadata>
                    <entry key="TestKind">
                      <value>Test</value>
                    </entry>
                  </metadata>
                  <children />
                  <parameters />
                </test>
              </children>
              <parameters />
            </test>
            <test id="621ae3895ea314a" name="MultiProvider" fullName="SubSonic.Tests/MultiProvider" isTestCase="false">
              <codeReference assembly="SubSonic.Tests, Version=2.2.1.0, Culture=neutral, PublicKeyToken=null" namespace="SubSonic.Tests" type="SubSonic.Tests.MultiProvider" />
              <codeLocation path="C:\data\SubsonicRoot\ss2\SubSonic.Tests\MultiProvider.cs" />
              <metadata>
                <entry key="TestKind">
                  <value>Fixture</value>
                </entry>
              </metadata>
              <children>
                <test id="e240560f583195d4" name="Multi_QueryTest" fullName="SubSonic.Tests/MultiProvider/Multi_QueryTest" isTestCase="true">
                  <codeReference assembly="SubSonic.Tests, Version=2.2.1.0, Culture=neutral, PublicKeyToken=null" namespace="SubSonic.Tests" type="SubSonic.Tests.MultiProvider" member="Multi_QueryTest" />
                  <codeLocation path="C:\data\SubsonicRoot\ss2\SubSonic.Tests\MultiProvider.cs" line="32" />
                  <metadata>
                    <entry key="TestKind">
                      <value>Test</value>
                    </entry>
                  </metadata>
                  <children />
                  <parameters />
                </test>
                <test id="44598ae75999557" name="Multiple_Providers_Should_Return_Correct_ProviderName" fullName="SubSonic.Tests/MultiProvider/Multiple_Providers_Should_Return_Correct_ProviderName" isTestCase="true">
                  <codeReference assembly="SubSonic.Tests, Version=2.2.1.0, Culture=neutral, PublicKeyToken=null" namespace="SubSonic.Tests" type="SubSonic.Tests.MultiProvider" member="Multiple_Providers_Should_Return_Correct_ProviderName" />
                  <codeLocation path="C:\data\SubsonicRoot\ss2\SubSonic.Tests\MultiProvider.cs" line="45" />
                  <metadata>
                    <entry key="TestKind">
                      <value>Test</value>
                    </entry>
                  </metadata>
                  <children />
                  <parameters />
                </test>
              </children>
              <parameters />
            </test>
            <test id="a42c7aab47bd124a" name="TransactionTests" fullName="SubSonic.Tests/TransactionTests" isTestCase="false">
              <codeReference assembly="SubSonic.Tests, Version=2.2.1.0, Culture=neutral, PublicKeyToken=null" namespace="SubSonic.Tests.SqlQuery" type="SubSonic.Tests.SqlQuery.TransactionTests" />
              <codeLocation path="C:\data\SubsonicRoot\ss2\SubSonic.Tests\SqlQuery\TransactionTests.cs" />
              <metadata>
                <entry key="TestKind">
                  <value>Fixture</value>
                </entry>
              </metadata>
              <children>
                <test id="ce0ea0d4bbeba445" name="Transaction_Simple" fullName="SubSonic.Tests/TransactionTests/Transaction_Simple" isTestCase="true">
                  <codeReference assembly="SubSonic.Tests, Version=2.2.1.0, Culture=neutral, PublicKeyToken=null" namespace="SubSonic.Tests.SqlQuery" type="SubSonic.Tests.SqlQuery.TransactionTests" member="Transaction_Simple" />
                  <codeLocation path="C:\data\SubsonicRoot\ss2\SubSonic.Tests\SqlQuery\TransactionTests.cs" line="27" />
                  <metadata>
                    <entry key="TestKind">
                      <value>Test</value>
                    </entry>
                  </metadata>
                  <children />
                  <parameters />
                </test>
              </children>
              <parameters />
            </test>
            <test id="82e4f995d1ef4b99" name="GeneratedObjectTests" fullName="SubSonic.Tests/GeneratedObjectTests" isTestCase="false">
              <codeReference assembly="SubSonic.Tests, Version=2.2.1.0, Culture=neutral, PublicKeyToken=null" namespace="SubSonic.Tests" type="SubSonic.Tests.GeneratedObjectTests" />
              <codeLocation path="C:\data\SubsonicRoot\ss2\SubSonic.Tests\GeneratedObjectTests.cs" />
              <metadata>
                <entry key="TestKind">
                  <value>Fixture</value>
                </entry>
              </metadata>
              <children>
                <test id="bb5648aa7aeca27d" name="Objects_DeletedTest" fullName="SubSonic.Tests/GeneratedObjectTests/Objects_DeletedTest" isTestCase="true">
                  <codeReference assembly="SubSonic.Tests, Version=2.2.1.0, Culture=neutral, PublicKeyToken=null" namespace="SubSonic.Tests" type="SubSonic.Tests.GeneratedObjectTests" member="Objects_DeletedTest" />
                  <codeLocation path="C:\data\SubsonicRoot\ss2\SubSonic.Tests\GeneratedObjectTests.cs" line="72" />
                  <metadata>
                    <entry key="TestKind">
                      <value>Test</value>
                    </entry>
                  </metadata>
                  <children />
                  <parameters />
                </test>
                <test id="3c3bbcc98ccd4e2f" name="Object_Query" fullName="SubSonic.Tests/GeneratedObjectTests/Object_Query" isTestCase="true">
                  <codeReference assembly="SubSonic.Tests, Version=2.2.1.0, Culture=neutral, PublicKeyToken=null" namespace="SubSonic.Tests" type="SubSonic.Tests.GeneratedObjectTests" member="Object_Query" />
                  <codeLocation path="C:\data\SubsonicRoot\ss2\SubSonic.Tests\GeneratedObjectTests.cs" line="85" />
                  <metadata>
                    <entry key="TestKind">
                      <value>Test</value>
                    </entry>
                  </metadata>
                  <children />
                  <parameters />
                </test>
                <test id="c7acc287a1bc8226" name="Collections_DeletedTest" fullName="SubSonic.Tests/GeneratedObjectTests/Collections_DeletedTest" isTestCase="true">
                  <codeReference assembly="SubSonic.Tests, Version=2.2.1.0, Culture=neutral, PublicKeyToken=null" namespace="SubSonic.Tests" type="SubSonic.Tests.GeneratedObjectTests" member="Collections_DeletedTest" />
                  <codeLocation path="C:\data\SubsonicRoot\ss2\SubSonic.Tests\GeneratedObjectTests.cs" line="51" />
                  <metadata>
                    <entry key="TestKind">
                      <value>Test</value>
                    </entry>
                  </metadata>
                  <children />
                  <parameters />
                </test>
                <test id="aeb613d93bc00de9" name="Objects_LoadListItems" fullName="SubSonic.Tests/GeneratedObjectTests/Objects_LoadListItems" isTestCase="true">
                  <codeReference assembly="SubSonic.Tests, Version=2.2.1.0, Culture=neutral, PublicKeyToken=null" namespace="SubSonic.Tests" type="SubSonic.Tests.GeneratedObjectTests" member="Objects_LoadListItems" />
                  <codeLocation path="C:\data\SubsonicRoot\ss2\SubSonic.Tests\GeneratedObjectTests.cs" line="62" />
                  <metadata>
                    <entry key="TestKind">
                      <value>Test</value>
                    </entry>
                  </metadata>
                  <children />
                  <parameters />
                </test>
                <test id="f95d8f08e78840f5" name="Object_DefaultSettings" fullName="SubSonic.Tests/GeneratedObjectTests/Object_DefaultSettings" isTestCase="true">
                  <codeReference assembly="SubSonic.Tests, Version=2.2.1.0, Culture=neutral, PublicKeyToken=null" namespace="SubSonic.Tests" type="SubSonic.Tests.GeneratedObjectTests" member="Object_DefaultSettings" />
                  <codeLocation path="C:\data\SubsonicRoot\ss2\SubSonic.Tests\GeneratedObjectTests.cs" line="155" />
                  <metadata>
                    <entry key="TestKind">
                      <value>Test</value>
                    </entry>
                  </metadata>
                  <children />
                  <parameters />
                </test>
                <test id="29e469fbe053c6cc" name="Object_SchemaDefinition" fullName="SubSonic.Tests/GeneratedObjectTests/Object_SchemaDefinition" isTestCase="true">
                  <codeReference assembly="SubSonic.Tests, Version=2.2.1.0, Culture=neutral, PublicKeyToken=null" namespace="SubSonic.Tests" type="SubSonic.Tests.GeneratedObjectTests" member="Object_SchemaDefinition" />
                  <codeLocation path="C:\data\SubsonicRoot\ss2\SubSonic.Tests\GeneratedObjectTests.cs" line="166" />
                  <metadata>
                    <entry key="TestKind">
                      <value>Test</value>
                    </entry>
                  </metadata>
                  <children />
                  <parameters />
                </test>
                <test id="40bb206d85a9b796" name="Object_CRUD" fullName="SubSonic.Tests/GeneratedObjectTests/Object_CRUD" isTestCase="true">
                  <codeReference assembly="SubSonic.Tests, Version=2.2.1.0, Culture=neutral, PublicKeyToken=null" namespace="SubSonic.Tests" type="SubSonic.Tests.GeneratedObjectTests" member="Object_CRUD" />
                  <codeLocation path="C:\data\SubsonicRoot\ss2\SubSonic.Tests\GeneratedObjectTests.cs" line="99" />
                  <metadata>
                    <entry key="TestKind">
                      <value>Test</value>
                    </entry>
                  </metadata>
                  <children />
                  <parameters />
                </test>
                <test id="14c17386f5fc54" name="Object_Validation" fullName="SubSonic.Tests/GeneratedObjectTests/Object_Validation" isTestCase="true">
                  <codeReference assembly="SubSonic.Tests, Version=2.2.1.0, Culture=neutral, PublicKeyToken=null" namespace="SubSonic.Tests" type="SubSonic.Tests.GeneratedObjectTests" member="Object_Validation" />
                  <codeLocation path="C:\data\SubsonicRoot\ss2\SubSonic.Tests\GeneratedObjectTests.cs" line="124" />
                  <metadata>
                    <entry key="TestKind">
                      <value>Test</value>
                    </entry>
                  </metadata>
                  <children />
                  <parameters />
                </test>
              </children>
              <parameters />
            </test>
            <test id="100d55b0e105bd89" name="DataServiceTest" fullName="SubSonic.Tests/DataServiceTest" isTestCase="false">
              <codeReference assembly="SubSonic.Tests, Version=2.2.1.0, Culture=neutral, PublicKeyToken=null" namespace="SubSonic.Tests" type="SubSonic.Tests.DataServiceTest" />
              <codeLocation path="C:\data\SubsonicRoot\ss2\SubSonic.Tests\DataServiceTest.cs" />
              <metadata>
                <entry key="TestKind">
                  <value>Fixture</value>
                </entry>
              </metadata>
              <children>
                <test id="b449a12d7036ab60" name="DataService_GetSchema" fullName="SubSonic.Tests/DataServiceTest/DataService_GetSchema" isTestCase="true">
                  <codeReference assembly="SubSonic.Tests, Version=2.2.1.0, Culture=neutral, PublicKeyToken=null" namespace="SubSonic.Tests" type="SubSonic.Tests.DataServiceTest" member="DataService_GetSchema" />
                  <codeLocation path="C:\data\SubsonicRoot\ss2\SubSonic.Tests\DataServiceTest.cs" line="49" />
                  <metadata>
                    <entry key="TestKind">
                      <value>Test</value>
                    </entry>
                  </metadata>
                  <children />
                  <parameters />
                </test>
                <test id="ee678df2e826a4e0" name="DataProvider_GetRecordCount" fullName="SubSonic.Tests/DataServiceTest/DataProvider_GetRecordCount" isTestCase="true">
                  <codeReference assembly="SubSonic.Tests, Version=2.2.1.0, Culture=neutral, PublicKeyToken=null" namespace="SubSonic.Tests" type="SubSonic.Tests.DataServiceTest" member="DataProvider_GetRecordCount" />
                  <codeLocation path="C:\data\SubsonicRoot\ss2\SubSonic.Tests\DataServiceTest.cs" line="69" />
                  <metadata>
                    <entry key="TestKind">
                      <value>Test</value>
                    </entry>
                  </metadata>
                  <children />
                  <parameters />
                </test>
                <test id="62b85bc2affcd08c" name="DataService_GetTableNames" fullName="SubSonic.Tests/DataServiceTest/DataService_GetTableNames" isTestCase="true">
                  <codeReference assembly="SubSonic.Tests, Version=2.2.1.0, Culture=neutral, PublicKeyToken=null" namespace="SubSonic.Tests" type="SubSonic.Tests.DataServiceTest" member="DataService_GetTableNames" />
                  <codeLocation path="C:\data\SubsonicRoot\ss2\SubSonic.Tests\DataServiceTest.cs" line="59" />
                  <metadata>
                    <entry key="TestKind">
                      <value>Test</value>
                    </entry>
                  </metadata>
                  <children />
                  <parameters />
                </test>
              </children>
              <parameters />
            </test>
            <test id="d555ee4381e205dd" name="MySqlGeneratorTests" fullName="SubSonic.Tests/MySqlGeneratorTests" isTestCase="false">
              <codeReference assembly="SubSonic.Tests, Version=2.2.1.0, Culture=neutral, PublicKeyToken=null" namespace="SubSonic.Tests.SqlGenerators" type="SubSonic.Tests.SqlGenerators.MySqlGeneratorTests" />
              <codeLocation path="C:\data\SubsonicRoot\ss2\SubSonic.Tests\SqlGenerators\MySqlGeneratorTests.cs" />
              <metadata>
                <entry key="TestKind">
                  <value>Fixture</value>
                </entry>
              </metadata>
              <children>
                <test id="86b9711ecc776484" name="Drop_Table" fullName="SubSonic.Tests/MySqlGeneratorTests/Drop_Table" isTestCase="true">
                  <codeReference assembly="SubSonic.Tests, Version=2.2.1.0, Culture=neutral, PublicKeyToken=null" namespace="SubSonic.Tests.SqlGenerators" type="SubSonic.Tests.SqlGenerators.MySqlGeneratorTests" member="Drop_Table" />
                  <codeLocation path="C:\data\SubsonicRoot\ss2\SubSonic.Tests\SqlGenerators\MySqlGeneratorTests.cs" line="23" />
                  <metadata>
                    <entry key="TestKind">
                      <value>Test</value>
                    </entry>
                  </metadata>
                  <children />
                  <parameters />
                </test>
                <test id="58690fbdcef5469f" name="Select_ColumnList_Specified" fullName="SubSonic.Tests/MySqlGeneratorTests/Select_ColumnList_Specified" isTestCase="true">
                  <codeReference assembly="SubSonic.Tests, Version=2.2.1.0, Culture=neutral, PublicKeyToken=null" namespace="SubSonic.Tests.SqlGenerators" type="SubSonic.Tests.SqlGenerators.MySqlGeneratorTests" member="Select_ColumnList_Specified" />
                  <codeLocation path="C:\data\SubsonicRoot\ss2\SubSonic.Tests\SqlGenerators\MySqlGeneratorTests.cs" line="12" />
                  <metadata>
                    <entry key="TestKind">
                      <value>Test</value>
                    </entry>
                  </metadata>
                  <children />
                  <parameters />
                </test>
                <test id="21f87b47ae716092" name="Create_Table" fullName="SubSonic.Tests/MySqlGeneratorTests/Create_Table" isTestCase="true">
                  <codeReference assembly="SubSonic.Tests, Version=2.2.1.0, Culture=neutral, PublicKeyToken=null" namespace="SubSonic.Tests.SqlGenerators" type="SubSonic.Tests.SqlGenerators.MySqlGeneratorTests" member="Create_Table" />
                  <codeLocation path="C:\data\SubsonicRoot\ss2\SubSonic.Tests\SqlGenerators\MySqlGeneratorTests.cs" line="31" />
                  <metadata>
                    <entry key="TestKind">
                      <value>Test</value>
                    </entry>
                  </metadata>
                  <children />
                  <parameters />
                </test>
                <test id="4b2410a3fffa3a15" name="Remove_Column" fullName="SubSonic.Tests/MySqlGeneratorTests/Remove_Column" isTestCase="true">
                  <codeReference assembly="SubSonic.Tests, Version=2.2.1.0, Culture=neutral, PublicKeyToken=null" namespace="SubSonic.Tests.SqlGenerators" type="SubSonic.Tests.SqlGenerators.MySqlGeneratorTests" member="Remove_Column" />
                  <codeLocation path="C:\data\SubsonicRoot\ss2\SubSonic.Tests\SqlGenerators\MySqlGeneratorTests.cs" line="73" />
                  <metadata>
                    <entry key="TestKind">
                      <value>Test</value>
                    </entry>
                  </metadata>
                  <children />
                  <parameters />
                </test>
                <test id="5a34a93f4a70d135" name="Alter_Column" fullName="SubSonic.Tests/MySqlGeneratorTests/Alter_Column" isTestCase="true">
                  <codeReference assembly="SubSonic.Tests, Version=2.2.1.0, Culture=neutral, PublicKeyToken=null" namespace="SubSonic.Tests.SqlGenerators" type="SubSonic.Tests.SqlGenerators.MySqlGeneratorTests" member="Alter_Column" />
                  <codeLocation path="C:\data\SubsonicRoot\ss2\SubSonic.Tests\SqlGenerators\MySqlGeneratorTests.cs" line="61" />
                  <metadata>
                    <entry key="TestKind">
                      <value>Test</value>
                    </entry>
                  </metadata>
                  <children />
                  <parameters />
                </test>
                <test id="f83464f45f4bb980" name="Add_Column" fullName="SubSonic.Tests/MySqlGeneratorTests/Add_Column" isTestCase="true">
                  <codeReference assembly="SubSonic.Tests, Version=2.2.1.0, Culture=neutral, PublicKeyToken=null" namespace="SubSonic.Tests.SqlGenerators" type="SubSonic.Tests.SqlGenerators.MySqlGeneratorTests" member="Add_Column" />
                  <codeLocation path="C:\data\SubsonicRoot\ss2\SubSonic.Tests\SqlGenerators\MySqlGeneratorTests.cs" line="46" />
                  <metadata>
                    <entry key="TestKind">
                      <value>Test</value>
                    </entry>
                  </metadata>
                  <children />
                  <parameters />
                </test>
              </children>
              <parameters />
            </test>
            <test id="4a525883a4c1bcb9" name="ManyToMany" fullName="SubSonic.Tests/ManyToMany" isTestCase="false">
              <codeReference assembly="SubSonic.Tests, Version=2.2.1.0, Culture=neutral, PublicKeyToken=null" namespace="SubSonic.Tests" type="SubSonic.Tests.ManyToMany" />
              <codeLocation path="C:\data\SubsonicRoot\ss2\SubSonic.Tests\bin\Debug\SubSonic.Tests.DLL" />
              <metadata>
                <entry key="TestKind">
                  <value>Fixture</value>
                </entry>
              </metadata>
              <children />
              <parameters />
            </test>
            <test id="60b90858aa342229" name="SqlServerParserTests" fullName="SubSonic.Tests/SqlServerParserTests" isTestCase="false">
              <codeReference assembly="SubSonic.Tests, Version=2.2.1.0, Culture=neutral, PublicKeyToken=null" namespace="SubSonic.Tests.SqlQuery" type="SubSonic.Tests.SqlQuery.SqlServerParserTests" />
              <codeLocation path="C:\data\SubsonicRoot\ss2\SubSonic.Tests\SqlGenerators\SqlServerGeneratorTests.cs" />
              <metadata>
                <entry key="TestKind">
                  <value>Fixture</value>
                </entry>
              </metadata>
              <children>
                <test id="b038d3afb3264e1f" name="Add_Column" fullName="SubSonic.Tests/SqlServerParserTests/Add_Column" isTestCase="true">
                  <codeReference assembly="SubSonic.Tests, Version=2.2.1.0, Culture=neutral, PublicKeyToken=null" namespace="SubSonic.Tests.SqlQuery" type="SubSonic.Tests.SqlQuery.SqlServerParserTests" member="Add_Column" />
                  <codeLocation path="C:\data\SubsonicRoot\ss2\SubSonic.Tests\SqlGenerators\SqlServerGeneratorTests.cs" line="258" />
                  <metadata>
                    <entry key="TestKind">
                      <value>Test</value>
                    </entry>
                  </metadata>
                  <children />
                  <parameters />
                </test>
                <test id="b23686f1b213f7ff" name="Create_Table" fullName="SubSonic.Tests/SqlServerParserTests/Create_Table" isTestCase="true">
                  <codeReference assembly="SubSonic.Tests, Version=2.2.1.0, Culture=neutral, PublicKeyToken=null" namespace="SubSonic.Tests.SqlQuery" type="SubSonic.Tests.SqlQuery.SqlServerParserTests" member="Create_Table" />
                  <codeLocation path="C:\data\SubsonicRoot\ss2\SubSonic.Tests\SqlGenerators\SqlServerGeneratorTests.cs" line="248" />
                  <metadata>
                    <entry key="TestKind">
                      <value>Test</value>
                    </entry>
                  </metadata>
                  <children />
                  <parameters />
                </test>
                <test id="76cb5cc148d15d12" name="Drop_Table" fullName="SubSonic.Tests/SqlServerParserTests/Drop_Table" isTestCase="true">
                  <codeReference assembly="SubSonic.Tests, Version=2.2.1.0, Culture=neutral, PublicKeyToken=null" namespace="SubSonic.Tests.SqlQuery" type="SubSonic.Tests.SqlQuery.SqlServerParserTests" member="Drop_Table" />
                  <codeLocation path="C:\data\SubsonicRoot\ss2\SubSonic.Tests\SqlGenerators\SqlServerGeneratorTests.cs" line="240" />
                  <metadata>
                    <entry key="TestKind">
                      <value>Test</value>
                    </entry>
                  </metadata>
                  <children />
                  <parameters />
                </test>
                <test id="f10c18f4e6e52a40" name="Select_ColumnList_Specified" fullName="SubSonic.Tests/SqlServerParserTests/Select_ColumnList_Specified" isTestCase="true">
                  <codeReference assembly="SubSonic.Tests, Version=2.2.1.0, Culture=neutral, PublicKeyToken=null" namespace="SubSonic.Tests.SqlQuery" type="SubSonic.Tests.SqlQuery.SqlServerParserTests" member="Select_ColumnList_Specified" />
                  <codeLocation path="C:\data\SubsonicRoot\ss2\SubSonic.Tests\SqlGenerators\SqlServerGeneratorTests.cs" line="27" />
                  <metadata>
                    <entry key="TestKind">
                      <value>Test</value>
                    </entry>
                  </metadata>
                  <children />
                  <parameters />
                </test>
                <test id="55d0b3a9aa2fc7b5" name="Remove_Column" fullName="SubSonic.Tests/SqlServerParserTests/Remove_Column" isTestCase="true">
                  <codeReference assembly="SubSonic.Tests, Version=2.2.1.0, Culture=neutral, PublicKeyToken=null" namespace="SubSonic.Tests.SqlQuery" type="SubSonic.Tests.SqlQuery.SqlServerParserTests" member="Remove_Column" />
                  <codeLocation path="C:\data\SubsonicRoot\ss2\SubSonic.Tests\SqlGenerators\SqlServerGeneratorTests.cs" line="288" />
                  <metadata>
                    <entry key="TestKind">
                      <value>Test</value>
                    </entry>
                  </metadata>
                  <children />
                  <parameters />
                </test>
                <test id="230b5d41c88cd9d3" name="Alter_Column" fullName="SubSonic.Tests/SqlServerParserTests/Alter_Column" isTestCase="true">
                  <codeReference assembly="SubSonic.Tests, Version=2.2.1.0, Culture=neutral, PublicKeyToken=null" namespace="SubSonic.Tests.SqlQuery" type="SubSonic.Tests.SqlQuery.SqlServerParserTests" member="Alter_Column" />
                  <codeLocation path="C:\data\SubsonicRoot\ss2\SubSonic.Tests\SqlGenerators\SqlServerGeneratorTests.cs" line="273" />
                  <metadata>
                    <entry key="TestKind">
                      <value>Test</value>
                    </entry>
                  </metadata>
                  <children />
                  <parameters />
                </test>
                <test id="a81dd1f180303cf2" name="Join_Unequal" fullName="SubSonic.Tests/SqlServerParserTests/Join_Unequal" isTestCase="true">
                  <codeReference assembly="SubSonic.Tests, Version=2.2.1.0, Culture=neutral, PublicKeyToken=null" namespace="SubSonic.Tests.SqlQuery" type="SubSonic.Tests.SqlQuery.SqlServerParserTests" member="Join_Unequal" />
                  <codeLocation path="C:\data\SubsonicRoot\ss2\SubSonic.Tests\SqlGenerators\SqlServerGeneratorTests.cs" line="228" />
                  <metadata>
                    <entry key="TestKind">
                      <value>Test</value>
                    </entry>
                  </metadata>
                  <children />
                  <parameters />
                </test>
                <test id="e8c503421ed75cc7" name="Where_Simple" fullName="SubSonic.Tests/SqlServerParserTests/Where_Simple" isTestCase="true">
                  <codeReference assembly="SubSonic.Tests, Version=2.2.1.0, Culture=neutral, PublicKeyToken=null" namespace="SubSonic.Tests.SqlQuery" type="SubSonic.Tests.SqlQuery.SqlServerParserTests" member="Where_Simple" />
                  <codeLocation path="C:\data\SubsonicRoot\ss2\SubSonic.Tests\SqlGenerators\SqlServerGeneratorTests.cs" line="81" />
                  <metadata>
                    <entry key="TestKind">
                      <value>Test</value>
                    </entry>
                  </metadata>
                  <children />
                  <parameters />
                </test>
                <test id="8e81f1b907805ac6" name="Where_And" fullName="SubSonic.Tests/SqlServerParserTests/Where_And" isTestCase="true">
                  <codeReference assembly="SubSonic.Tests, Version=2.2.1.0, Culture=neutral, PublicKeyToken=null" namespace="SubSonic.Tests.SqlQuery" type="SubSonic.Tests.SqlQuery.SqlServerParserTests" member="Where_And" />
                  <codeLocation path="C:\data\SubsonicRoot\ss2\SubSonic.Tests\SqlGenerators\SqlServerGeneratorTests.cs" line="90" />
                  <metadata>
                    <entry key="TestKind">
                      <value>Test</value>
                    </entry>
                  </metadata>
                  <children />
                  <parameters />
                </test>
                <test id="cd33398885417e68" name="Select_BetweenAnd" fullName="SubSonic.Tests/SqlServerParserTests/Select_BetweenAnd" isTestCase="true">
                  <codeReference assembly="SubSonic.Tests, Version=2.2.1.0, Culture=neutral, PublicKeyToken=null" namespace="SubSonic.Tests.SqlQuery" type="SubSonic.Tests.SqlQuery.SqlServerParserTests" member="Select_BetweenAnd" />
                  <codeLocation path="C:\data\SubsonicRoot\ss2\SubSonic.Tests\SqlGenerators\SqlServerGeneratorTests.cs" line="101" />
                  <metadata>
                    <entry key="TestKind">
                      <value>Test</value>
                    </entry>
                  </metadata>
                  <children />
                  <parameters />
                </test>
                <test id="93ecceb46b6af8ef" name="Join_CreateImplicit_Reversed" fullName="SubSonic.Tests/SqlServerParserTests/Join_CreateImplicit_Reversed" isTestCase="true">
                  <codeReference assembly="SubSonic.Tests, Version=2.2.1.0, Culture=neutral, PublicKeyToken=null" namespace="SubSonic.Tests.SqlQuery" type="SubSonic.Tests.SqlQuery.SqlServerParserTests" member="Join_CreateImplicit_Reversed" />
                  <codeLocation path="C:\data\SubsonicRoot\ss2\SubSonic.Tests\SqlGenerators\SqlServerGeneratorTests.cs" line="73" />
                  <metadata>
                    <entry key="TestKind">
                      <value>Test</value>
                    </entry>
                  </metadata>
                  <children />
                  <parameters />
                </test>
                <test id="9353a3d7f6f779c0" name="Select_Generate_FromList" fullName="SubSonic.Tests/SqlServerParserTests/Select_Generate_FromList" isTestCase="true">
                  <codeReference assembly="SubSonic.Tests, Version=2.2.1.0, Culture=neutral, PublicKeyToken=null" namespace="SubSonic.Tests.SqlQuery" type="SubSonic.Tests.SqlQuery.SqlServerParserTests" member="Select_Generate_FromList" />
                  <codeLocation path="C:\data\SubsonicRoot\ss2\SubSonic.Tests\SqlGenerators\SqlServerGeneratorTests.cs" line="38" />
                  <metadata>
                    <entry key="TestKind">
                      <value>Test</value>
                    </entry>
                  </metadata>
                  <children />
                  <parameters />
                </test>
                <test id="c16ca65665a60dcd" name="Select_Generate_JoinList" fullName="SubSonic.Tests/SqlServerParserTests/Select_Generate_JoinList" isTestCase="true">
                  <codeReference assembly="SubSonic.Tests, Version=2.2.1.0, Culture=neutral, PublicKeyToken=null" namespace="SubSonic.Tests.SqlQuery" type="SubSonic.Tests.SqlQuery.SqlServerParserTests" member="Select_Generate_JoinList" />
                  <codeLocation path="C:\data\SubsonicRoot\ss2\SubSonic.Tests\SqlGenerators\SqlServerGeneratorTests.cs" line="49" />
                  <metadata>
                    <entry key="TestKind">
                      <value>Test</value>
                    </entry>
                  </metadata>
                  <children />
                  <parameters />
                </test>
                <test id="6b04afe64d308ac5" name="Join_CreateImplicit" fullName="SubSonic.Tests/SqlServerParserTests/Join_CreateImplicit" isTestCase="true">
                  <codeReference assembly="SubSonic.Tests, Version=2.2.1.0, Culture=neutral, PublicKeyToken=null" namespace="SubSonic.Tests.SqlQuery" type="SubSonic.Tests.SqlQuery.SqlServerParserTests" member="Join_CreateImplicit" />
                  <codeLocation path="C:\data\SubsonicRoot\ss2\SubSonic.Tests\SqlGenerators\SqlServerGeneratorTests.cs" line="65" />
                  <metadata>
                    <entry key="TestKind">
                      <value>Test</value>
                    </entry>
                  </metadata>
                  <children />
                  <parameters />
                </test>
                <test id="fe33148885157218" name="Aggregate_Count" fullName="SubSonic.Tests/SqlServerParserTests/Aggregate_Count" isTestCase="true">
                  <codeReference assembly="SubSonic.Tests, Version=2.2.1.0, Culture=neutral, PublicKeyToken=null" namespace="SubSonic.Tests.SqlQuery" type="SubSonic.Tests.SqlQuery.SqlServerParserTests" member="Aggregate_Count" />
                  <codeLocation path="C:\data\SubsonicRoot\ss2\SubSonic.Tests\SqlGenerators\SqlServerGeneratorTests.cs" line="111" />
                  <metadata>
                    <entry key="TestKind">
                      <value>Test</value>
                    </entry>
                  </metadata>
                  <children />
                  <parameters />
                </test>
                <test id="ad7e1ee716b970b" name="Select_IN" fullName="SubSonic.Tests/SqlServerParserTests/Select_IN" isTestCase="true">
                  <codeReference assembly="SubSonic.Tests, Version=2.2.1.0, Culture=neutral, PublicKeyToken=null" namespace="SubSonic.Tests.SqlQuery" type="SubSonic.Tests.SqlQuery.SqlServerParserTests" member="Select_IN" />
                  <codeLocation path="C:\data\SubsonicRoot\ss2\SubSonic.Tests\SqlGenerators\SqlServerGeneratorTests.cs" line="196" />
                  <metadata>
                    <entry key="TestKind">
                      <value>Test</value>
                    </entry>
                  </metadata>
                  <children />
                  <parameters />
                </test>
                <test id="14656463e04d232d" name="Join_RightOuter" fullName="SubSonic.Tests/SqlServerParserTests/Join_RightOuter" isTestCase="true">
                  <codeReference assembly="SubSonic.Tests, Version=2.2.1.0, Culture=neutral, PublicKeyToken=null" namespace="SubSonic.Tests.SqlQuery" type="SubSonic.Tests.SqlQuery.SqlServerParserTests" member="Join_RightOuter" />
                  <codeLocation path="C:\data\SubsonicRoot\ss2\SubSonic.Tests\SqlGenerators\SqlServerGeneratorTests.cs" line="204" />
                  <metadata>
                    <entry key="TestKind">
                      <value>Test</value>
                    </entry>
                  </metadata>
                  <children />
                  <parameters />
                </test>
                <test id="145dc48b903294de" name="Join_Cross" fullName="SubSonic.Tests/SqlServerParserTests/Join_Cross" isTestCase="true">
                  <codeReference assembly="SubSonic.Tests, Version=2.2.1.0, Culture=neutral, PublicKeyToken=null" namespace="SubSonic.Tests.SqlQuery" type="SubSonic.Tests.SqlQuery.SqlServerParserTests" member="Join_Cross" />
                  <codeLocation path="C:\data\SubsonicRoot\ss2\SubSonic.Tests\SqlGenerators\SqlServerGeneratorTests.cs" line="216" />
                  <metadata>
                    <entry key="TestKind">
                      <value>Test</value>
                    </entry>
                  </metadata>
                  <children />
                  <parameters />
                </test>
                <test id="5fa0547ca29e973d" name="Select_PagedWithAggregate" fullName="SubSonic.Tests/SqlServerParserTests/Select_PagedWithAggregate" isTestCase="true">
                  <codeReference assembly="SubSonic.Tests, Version=2.2.1.0, Culture=neutral, PublicKeyToken=null" namespace="SubSonic.Tests.SqlQuery" type="SubSonic.Tests.SqlQuery.SqlServerParserTests" member="Select_PagedWithAggregate" />
                  <codeLocation path="C:\data\SubsonicRoot\ss2\SubSonic.Tests\SqlGenerators\SqlServerGeneratorTests.cs" line="178" />
                  <metadata>
                    <entry key="TestKind">
                      <value>Test</value>
                    </entry>
                  </metadata>
                  <children />
                  <parameters />
                </test>
                <test id="11814d6ca25ebd6" name="Where_Expression" fullName="SubSonic.Tests/SqlServerParserTests/Where_Expression" isTestCase="true">
                  <codeReference assembly="SubSonic.Tests, Version=2.2.1.0, Culture=neutral, PublicKeyToken=null" namespace="SubSonic.Tests.SqlQuery" type="SubSonic.Tests.SqlQuery.SqlServerParserTests" member="Where_Expression" />
                  <codeLocation path="C:\data\SubsonicRoot\ss2\SubSonic.Tests\SqlGenerators\SqlServerGeneratorTests.cs" line="126" />
                  <metadata>
                    <entry key="TestKind">
                      <value>Test</value>
                    </entry>
                  </metadata>
                  <children />
                  <parameters />
                </test>
                <test id="82c6a08c439adfeb" name="Select_Expression" fullName="SubSonic.Tests/SqlServerParserTests/Select_Expression" isTestCase="true">
                  <codeReference assembly="SubSonic.Tests, Version=2.2.1.0, Culture=neutral, PublicKeyToken=null" namespace="SubSonic.Tests.SqlQuery" type="SubSonic.Tests.SqlQuery.SqlServerParserTests" member="Select_Expression" />
                  <codeLocation path="C:\data\SubsonicRoot\ss2\SubSonic.Tests\SqlGenerators\SqlServerGeneratorTests.cs" line="138" />
                  <metadata>
                    <entry key="TestKind">
                      <value>Test</value>
                    </entry>
                  </metadata>
                  <children />
                  <parameters />
                </test>
                <test id="f8b3de9ebe602bca" name="Select_Paged" fullName="SubSonic.Tests/SqlServerParserTests/Select_Paged" isTestCase="true">
                  <codeReference assembly="SubSonic.Tests, Version=2.2.1.0, Culture=neutral, PublicKeyToken=null" namespace="SubSonic.Tests.SqlQuery" type="SubSonic.Tests.SqlQuery.SqlServerParserTests" member="Select_Paged" />
                  <codeLocation path="C:\data\SubsonicRoot\ss2\SubSonic.Tests\SqlGenerators\SqlServerGeneratorTests.cs" line="157" />
                  <metadata>
                    <entry key="TestKind">
                      <value>Test</value>
                    </entry>
                  </metadata>
                  <children />
                  <parameters />
                </test>
              </children>
              <parameters />
            </test>
            <test id="880abdbef59a7034" name="TransactionWithDtcOffTests" fullName="SubSonic.Tests/TransactionWithDtcOffTests" isTestCase="false">
              <codeReference assembly="SubSonic.Tests, Version=2.2.1.0, Culture=neutral, PublicKeyToken=null" namespace="SubSonic.Tests" type="SubSonic.Tests.TransactionWithDtcOffTests" />
              <codeLocation path="C:\data\SubsonicRoot\ss2\SubSonic.Tests\TransactionWithDtcOffTests.cs" />
              <metadata>
                <entry key="TestKind">
                  <value>Fixture</value>
                </entry>
              </metadata>
              <children>
                <test id="d05195082be18aed" name="RetrieveMultipleProducts_FailsWithoutSharedConnection" fullName="SubSonic.Tests/TransactionWithDtcOffTests/RetrieveMultipleProducts_FailsWithoutSharedConnection" isTestCase="true">
                  <codeReference assembly="SubSonic.Tests, Version=2.2.1.0, Culture=neutral, PublicKeyToken=null" namespace="SubSonic.Tests" type="SubSonic.Tests.TransactionWithDtcOffTests" member="RetrieveMultipleProducts_FailsWithoutSharedConnection" />
                  <codeLocation path="C:\data\SubsonicRoot\ss2\SubSonic.Tests\TransactionWithDtcOffTests.cs" line="78" />
                  <metadata>
                    <entry key="TestKind">
                      <value>Test</value>
                    </entry>
                  </metadata>
                  <children />
                  <parameters />
                </test>
                <test id="33bc997a3d7805bc" name="CanRetrieveMultipleEntities_FailsWithoutSharedConnectionScope" fullName="SubSonic.Tests/TransactionWithDtcOffTests/CanRetrieveMultipleEntities_FailsWithoutSharedConnectionScope" isTestCase="true">
                  <codeReference assembly="SubSonic.Tests, Version=2.2.1.0, Culture=neutral, PublicKeyToken=null" namespace="SubSonic.Tests" type="SubSonic.Tests.TransactionWithDtcOffTests" member="CanRetrieveMultipleEntities_FailsWithoutSharedConnectionScope" />
                  <codeLocation path="C:\data\SubsonicRoot\ss2\SubSonic.Tests\TransactionWithDtcOffTests.cs" line="104" />
                  <metadata>
                    <entry key="TestKind">
                      <value>Test</value>
                    </entry>
                  </metadata>
                  <children />
                  <parameters />
                </test>
                <test id="710aa2d766b9c833" name="CanRetrieveMultipleEntities_SucceedsWithSharedConnectionScope" fullName="SubSonic.Tests/TransactionWithDtcOffTests/CanRetrieveMultipleEntities_SucceedsWithSharedConnectionScope" isTestCase="true">
                  <codeReference assembly="SubSonic.Tests, Version=2.2.1.0, Culture=neutral, PublicKeyToken=null" namespace="SubSonic.Tests" type="SubSonic.Tests.TransactionWithDtcOffTests" member="CanRetrieveMultipleEntities_SucceedsWithSharedConnectionScope" />
                  <codeLocation path="C:\data\SubsonicRoot\ss2\SubSonic.Tests\TransactionWithDtcOffTests.cs" line="135" />
                  <metadata>
                    <entry key="TestKind">
                      <value>Test</value>
                    </entry>
                  </metadata>
                  <children />
                  <parameters />
                </test>
                <test id="9053402acf9b34da" name="NoTransactionScope_CanRetrieveSingleProduct" fullName="SubSonic.Tests/TransactionWithDtcOffTests/NoTransactionScope_CanRetrieveSingleProduct" isTestCase="true">
                  <codeReference assembly="SubSonic.Tests, Version=2.2.1.0, Culture=neutral, PublicKeyToken=null" namespace="SubSonic.Tests" type="SubSonic.Tests.TransactionWithDtcOffTests" member="NoTransactionScope_CanRetrieveSingleProduct" />
                  <codeLocation path="C:\data\SubsonicRoot\ss2\SubSonic.Tests\TransactionWithDtcOffTests.cs" line="55" />
                  <metadata>
                    <entry key="TestKind">
                      <value>Test</value>
                    </entry>
                  </metadata>
                  <children />
                  <parameters />
                </test>
                <test id="974661575d438355" name="NoTransactionScope_CanRetrieveMultipleProducts" fullName="SubSonic.Tests/TransactionWithDtcOffTests/NoTransactionScope_CanRetrieveMultipleProducts" isTestCase="true">
                  <codeReference assembly="SubSonic.Tests, Version=2.2.1.0, Culture=neutral, PublicKeyToken=null" namespace="SubSonic.Tests" type="SubSonic.Tests.TransactionWithDtcOffTests" member="NoTransactionScope_CanRetrieveMultipleProducts" />
                  <codeLocation path="C:\data\SubsonicRoot\ss2\SubSonic.Tests\TransactionWithDtcOffTests.cs" line="65" />
                  <metadata>
                    <entry key="TestKind">
                      <value>Test</value>
                    </entry>
                  </metadata>
                  <children />
                  <parameters />
                </test>
                <test id="c1645f8c4a9f20ab" name="UpdateSingleProduct_SucceedsUsingSharedConnection" fullName="SubSonic.Tests/TransactionWithDtcOffTests/UpdateSingleProduct_SucceedsUsingSharedConnection" isTestCase="true">
                  <codeReference assembly="SubSonic.Tests, Version=2.2.1.0, Culture=neutral, PublicKeyToken=null" namespace="SubSonic.Tests" type="SubSonic.Tests.TransactionWithDtcOffTests" member="UpdateSingleProduct_SucceedsUsingSharedConnection" />
                  <codeLocation path="C:\data\SubsonicRoot\ss2\SubSonic.Tests\TransactionWithDtcOffTests.cs" line="159" />
                  <metadata>
                    <entry key="TestKind">
                      <value>Test</value>
                    </entry>
                  </metadata>
                  <children />
                  <parameters />
                </test>
                <test id="2bfb29567a8c1e0a" name="UpdateMultipleProducts_FailsWithoutSharedConnection" fullName="SubSonic.Tests/TransactionWithDtcOffTests/UpdateMultipleProducts_FailsWithoutSharedConnection" isTestCase="true">
                  <codeReference assembly="SubSonic.Tests, Version=2.2.1.0, Culture=neutral, PublicKeyToken=null" namespace="SubSonic.Tests" type="SubSonic.Tests.TransactionWithDtcOffTests" member="UpdateMultipleProducts_FailsWithoutSharedConnection" />
                  <codeLocation path="C:\data\SubsonicRoot\ss2\SubSonic.Tests\TransactionWithDtcOffTests.cs" line="243" />
                  <metadata>
                    <entry key="TestKind">
                      <value>Test</value>
                    </entry>
                  </metadata>
                  <children />
                  <parameters />
                </test>
                <test id="cf8c2b87e86a6e43" name="UpdateMultipleProducts_SucceedsWithSharedConnection" fullName="SubSonic.Tests/TransactionWithDtcOffTests/UpdateMultipleProducts_SucceedsWithSharedConnection" isTestCase="true">
                  <codeReference assembly="SubSonic.Tests, Version=2.2.1.0, Culture=neutral, PublicKeyToken=null" namespace="SubSonic.Tests" type="SubSonic.Tests.TransactionWithDtcOffTests" member="UpdateMultipleProducts_SucceedsWithSharedConnection" />
                  <codeLocation path="C:\data\SubsonicRoot\ss2\SubSonic.Tests\TransactionWithDtcOffTests.cs" line="266" />
                  <metadata>
                    <entry key="TestKind">
                      <value>Test</value>
                    </entry>
                  </metadata>
                  <children />
                  <parameters />
                </test>
                <test id="bf6fc463aa4691af" name="CanNestSharedConnections" fullName="SubSonic.Tests/TransactionWithDtcOffTests/CanNestSharedConnections" isTestCase="true">
                  <codeReference assembly="SubSonic.Tests, Version=2.2.1.0, Culture=neutral, PublicKeyToken=null" namespace="SubSonic.Tests" type="SubSonic.Tests.TransactionWithDtcOffTests" member="CanNestSharedConnections" />
                  <codeLocation path="C:\data\SubsonicRoot\ss2\SubSonic.Tests\TransactionWithDtcOffTests.cs" line="288" />
                  <metadata>
                    <entry key="TestKind">
                      <value>Test</value>
                    </entry>
                  </metadata>
                  <children />
                  <parameters />
                </test>
                <test id="8e42c869bec9e786" name="UpdateSingleProductRetrieveMultipleProducts_FailsWithoutSharedConnection" fullName="SubSonic.Tests/TransactionWithDtcOffTests/UpdateSingleProductRetrieveMultipleProducts_FailsWithoutSharedConnection" isTestCase="true">
                  <codeReference assembly="SubSonic.Tests, Version=2.2.1.0, Culture=neutral, PublicKeyToken=null" namespace="SubSonic.Tests" type="SubSonic.Tests.TransactionWithDtcOffTests" member="UpdateSingleProductRetrieveMultipleProducts_FailsWithoutSharedConnection" />
                  <codeLocation path="C:\data\SubsonicRoot\ss2\SubSonic.Tests\TransactionWithDtcOffTests.cs" line="172" />
                  <metadata>
                    <entry key="TestKind">
                      <value>Test</value>
                    </entry>
                  </metadata>
                  <children />
                  <parameters />
                </test>
                <test id="32f81b0fb6408d6e" name="UpdateSingleProductRetrieveMultipleProducts_SucceedsWithSharedConnection" fullName="SubSonic.Tests/TransactionWithDtcOffTests/UpdateSingleProductRetrieveMultipleProducts_SucceedsWithSharedConnection" isTestCase="true">
                  <codeReference assembly="SubSonic.Tests, Version=2.2.1.0, Culture=neutral, PublicKeyToken=null" namespace="SubSonic.Tests" type="SubSonic.Tests.TransactionWithDtcOffTests" member="UpdateSingleProductRetrieveMultipleProducts_SucceedsWithSharedConnection" />
                  <codeLocation path="C:\data\SubsonicRoot\ss2\SubSonic.Tests\TransactionWithDtcOffTests.cs" line="197" />
                  <metadata>
                    <entry key="TestKind">
                      <value>Test</value>
                    </entry>
                  </metadata>
                  <children />
                  <parameters />
                </test>
                <test id="f61847d15bae9d7c" name="UpdateSingleProduct_CommitChangeToDatabase" fullName="SubSonic.Tests/TransactionWithDtcOffTests/UpdateSingleProduct_CommitChangeToDatabase" isTestCase="true">
                  <codeReference assembly="SubSonic.Tests, Version=2.2.1.0, Culture=neutral, PublicKeyToken=null" namespace="SubSonic.Tests" type="SubSonic.Tests.TransactionWithDtcOffTests" member="UpdateSingleProduct_CommitChangeToDatabase" />
                  <codeLocation path="C:\data\SubsonicRoot\ss2\SubSonic.Tests\TransactionWithDtcOffTests.cs" line="219" />
                  <metadata>
                    <entry key="TestKind">
                      <value>Test</value>
                    </entry>
                  </metadata>
                  <children />
                  <parameters />
                </test>
              </children>
              <parameters />
            </test>
            <test id="6588e506eeb48f18" name="UpdateTests" fullName="SubSonic.Tests/UpdateTests" isTestCase="false">
              <codeReference assembly="SubSonic.Tests, Version=2.2.1.0, Culture=neutral, PublicKeyToken=null" namespace="SubSonic.Tests.SqlQuery" type="SubSonic.Tests.SqlQuery.UpdateTests" />
              <codeLocation path="C:\data\SubsonicRoot\ss2\SubSonic.Tests\SqlQuery\UpdateTests.cs" />
              <metadata>
                <entry key="TestKind">
                  <value>Fixture</value>
                </entry>
              </metadata>
              <children>
                <test id="7643c0325899aef5" name="Update_SimpleSqlCheck" fullName="SubSonic.Tests/UpdateTests/Update_SimpleSqlCheck" isTestCase="true">
                  <codeReference assembly="SubSonic.Tests, Version=2.2.1.0, Culture=neutral, PublicKeyToken=null" namespace="SubSonic.Tests.SqlQuery" type="SubSonic.Tests.SqlQuery.UpdateTests" member="Update_SimpleSqlCheck" />
                  <codeLocation path="C:\data\SubsonicRoot\ss2\SubSonic.Tests\SqlQuery\UpdateTests.cs" line="27" />
                  <metadata>
                    <entry key="TestKind">
                      <value>Test</value>
                    </entry>
                  </metadata>
                  <children />
                  <parameters />
                </test>
                <test id="f7fa1b357aa3059d" name="Update_Simple" fullName="SubSonic.Tests/UpdateTests/Update_Simple" isTestCase="true">
                  <codeReference assembly="SubSonic.Tests, Version=2.2.1.0, Culture=neutral, PublicKeyToken=null" namespace="SubSonic.Tests.SqlQuery" type="SubSonic.Tests.SqlQuery.UpdateTests" member="Update_Simple" />
                  <codeLocation path="C:\data\SubsonicRoot\ss2\SubSonic.Tests\SqlQuery\UpdateTests.cs" line="35" />
                  <metadata>
                    <entry key="TestKind">
                      <value>Test</value>
                    </entry>
                  </metadata>
                  <children />
                  <parameters />
                </test>
                <test id="9018805426534641" name="Update_SimpleTyped" fullName="SubSonic.Tests/UpdateTests/Update_SimpleTyped" isTestCase="true">
                  <codeReference assembly="SubSonic.Tests, Version=2.2.1.0, Culture=neutral, PublicKeyToken=null" namespace="SubSonic.Tests.SqlQuery" type="SubSonic.Tests.SqlQuery.UpdateTests" member="Update_SimpleTyped" />
                  <codeLocation path="C:\data\SubsonicRoot\ss2\SubSonic.Tests\SqlQuery\UpdateTests.cs" line="74" />
                  <metadata>
                    <entry key="TestKind">
                      <value>Test</value>
                    </entry>
                  </metadata>
                  <children />
                  <parameters />
                </test>
                <test id="1c84229c354ae60d" name="Update_Expression" fullName="SubSonic.Tests/UpdateTests/Update_Expression" isTestCase="true">
                  <codeReference assembly="SubSonic.Tests, Version=2.2.1.0, Culture=neutral, PublicKeyToken=null" namespace="SubSonic.Tests.SqlQuery" type="SubSonic.Tests.SqlQuery.UpdateTests" member="Update_Expression" />
                  <codeLocation path="C:\data\SubsonicRoot\ss2\SubSonic.Tests\SqlQuery\UpdateTests.cs" line="52" />
                  <metadata>
                    <entry key="TestKind">
                      <value>Test</value>
                    </entry>
                  </metadata>
                  <children />
                  <parameters />
                </test>
              </children>
              <parameters />
            </test>
            <test id="973cf89c2152aa4a" name="ActiveRecordTest" fullName="SubSonic.Tests/ActiveRecordTest" isTestCase="false">
              <codeReference assembly="SubSonic.Tests, Version=2.2.1.0, Culture=neutral, PublicKeyToken=null" namespace="SubSonic.Tests" type="SubSonic.Tests.ActiveRecordTest" />
              <codeLocation path="C:\data\SubsonicRoot\ss2\SubSonic.Tests\ActiveRecordTest.cs" />
              <metadata>
                <entry key="TestKind">
                  <value>Fixture</value>
                </entry>
              </metadata>
              <children>
                <test id="79f2d4a9b8bf6477" name="Products_CollectionLoad" fullName="SubSonic.Tests/ActiveRecordTest/Products_CollectionLoad" isTestCase="true">
                  <codeReference assembly="SubSonic.Tests, Version=2.2.1.0, Culture=neutral, PublicKeyToken=null" namespace="SubSonic.Tests" type="SubSonic.Tests.ActiveRecordTest" member="Products_CollectionLoad" />
                  <codeLocation path="C:\data\SubsonicRoot\ss2\SubSonic.Tests\ActiveRecordTest.cs" line="116" />
                  <metadata>
                    <entry key="TestKind">
                      <value>Test</value>
                    </entry>
                  </metadata>
                  <children />
                  <parameters />
                </test>
                <test id="7d081ada19736f13" name="GetNewCommand" fullName="SubSonic.Tests/ActiveRecordTest/GetNewCommand" isTestCase="true">
                  <codeReference assembly="SubSonic.Tests, Version=2.2.1.0, Culture=neutral, PublicKeyToken=null" namespace="SubSonic.Tests" type="SubSonic.Tests.ActiveRecordTest" member="GetNewCommand" />
                  <codeLocation path="C:\data\SubsonicRoot\ss2\SubSonic.Tests\ActiveRecordTest.cs" line="132" />
                  <metadata>
                    <entry key="TestKind">
                      <value>Test</value>
                    </entry>
                  </metadata>
                  <children />
                  <parameters />
                </test>
                <test id="9c01227d5c205df6" name="Products_Crud" fullName="SubSonic.Tests/ActiveRecordTest/Products_Crud" isTestCase="true">
                  <codeReference assembly="SubSonic.Tests, Version=2.2.1.0, Culture=neutral, PublicKeyToken=null" namespace="SubSonic.Tests" type="SubSonic.Tests.ActiveRecordTest" member="Products_Crud" />
                  <codeLocation path="C:\data\SubsonicRoot\ss2\SubSonic.Tests\ActiveRecordTest.cs" line="51" />
                  <metadata>
                    <entry key="TestKind">
                      <value>Test</value>
                    </entry>
                  </metadata>
                  <children />
                  <parameters />
                </test>
                <test id="bc00b0d557b094a9" name="Products_NullCrud" fullName="SubSonic.Tests/ActiveRecordTest/Products_NullCrud" isTestCase="true">
                  <codeReference assembly="SubSonic.Tests, Version=2.2.1.0, Culture=neutral, PublicKeyToken=null" namespace="SubSonic.Tests" type="SubSonic.Tests.ActiveRecordTest" member="Products_NullCrud" />
                  <codeLocation path="C:\data\SubsonicRoot\ss2\SubSonic.Tests\ActiveRecordTest.cs" line="74" />
                  <metadata>
                    <entry key="TestKind">
                      <value>Test</value>
                    </entry>
                  </metadata>
                  <children />
                  <parameters />
                </test>
                <test id="417c38654e97c64e" name="GetUpdateCommand" fullName="SubSonic.Tests/ActiveRecordTest/GetUpdateCommand" isTestCase="true">
                  <codeReference assembly="SubSonic.Tests, Version=2.2.1.0, Culture=neutral, PublicKeyToken=null" namespace="SubSonic.Tests" type="SubSonic.Tests.ActiveRecordTest" member="GetUpdateCommand" />
                  <codeLocation path="C:\data\SubsonicRoot\ss2\SubSonic.Tests\ActiveRecordTest.cs" line="145" />
                  <metadata>
                    <entry key="TestKind">
                      <value>Test</value>
                    </entry>
                  </metadata>
                  <children />
                  <parameters />
                </test>
                <test id="95ba428346d485c8" name="DirtyColumnsExist" fullName="SubSonic.Tests/ActiveRecordTest/DirtyColumnsExist" isTestCase="true">
                  <codeReference assembly="SubSonic.Tests, Version=2.2.1.0, Culture=neutral, PublicKeyToken=null" namespace="SubSonic.Tests" type="SubSonic.Tests.ActiveRecordTest" member="DirtyColumnsExist" />
                  <codeLocation path="C:\data\SubsonicRoot\ss2\SubSonic.Tests\ActiveRecordTest.cs" line="257" />
                  <metadata>
                    <entry key="TestKind">
                      <value>Test</value>
                    </entry>
                  </metadata>
                  <children />
                  <parameters />
                </test>
                <test id="ab826f791528530e" name="GetNoChangesCommand" fullName="SubSonic.Tests/ActiveRecordTest/GetNoChangesCommand" isTestCase="true">
                  <codeReference assembly="SubSonic.Tests, Version=2.2.1.0, Culture=neutral, PublicKeyToken=null" namespace="SubSonic.Tests" type="SubSonic.Tests.ActiveRecordTest" member="GetNoChangesCommand" />
                  <codeLocation path="C:\data\SubsonicRoot\ss2\SubSonic.Tests\ActiveRecordTest.cs" line="161" />
                  <metadata>
                    <entry key="TestKind">
                      <value>Test</value>
                    </entry>
                  </metadata>
                  <children />
                  <parameters />
                </test>
                <test id="69b78c9817173632" name="SaveWhenNotDirty" fullName="SubSonic.Tests/ActiveRecordTest/SaveWhenNotDirty" isTestCase="true">
                  <codeReference assembly="SubSonic.Tests, Version=2.2.1.0, Culture=neutral, PublicKeyToken=null" namespace="SubSonic.Tests" type="SubSonic.Tests.ActiveRecordTest" member="SaveWhenNotDirty" />
                  <codeLocation path="C:\data\SubsonicRoot\ss2\SubSonic.Tests\ActiveRecordTest.cs" line="176" />
                  <metadata>
                    <entry key="TestKind">
                      <value>Test</value>
                    </entry>
                  </metadata>
                  <children />
                  <parameters />
                </test>
              </children>
              <parameters />
            </test>
            <test id="f44040825e281a9b" name="ForeignKeyTests" fullName="SubSonic.Tests/ForeignKeyTests" isTestCase="false">
              <codeReference assembly="SubSonic.Tests, Version=2.2.1.0, Culture=neutral, PublicKeyToken=null" namespace="SubSonic.Tests" type="SubSonic.Tests.ForeignKeyTests" />
              <codeLocation path="C:\data\SubsonicRoot\ss2\SubSonic.Tests\ForeignKeyTests.cs" />
              <metadata>
                <entry key="TestKind">
                  <value>Fixture</value>
                </entry>
              </metadata>
              <children>
                <test id="b91e0145401cd49" name="FK_LoadForeignKeys" fullName="SubSonic.Tests/ForeignKeyTests/FK_LoadForeignKeys" isTestCase="true">
                  <codeReference assembly="SubSonic.Tests, Version=2.2.1.0, Culture=neutral, PublicKeyToken=null" namespace="SubSonic.Tests" type="SubSonic.Tests.ForeignKeyTests" member="FK_LoadForeignKeys" />
                  <codeLocation path="C:\data\SubsonicRoot\ss2\SubSonic.Tests\ForeignKeyTests.cs" line="49" />
                  <metadata>
                    <entry key="TestKind">
                      <value>Test</value>
                    </entry>
                  </metadata>
                  <children />
                  <parameters />
                </test>
                <test id="9e8326ab86d748d5" name="FK_Properties" fullName="SubSonic.Tests/ForeignKeyTests/FK_Properties" isTestCase="true">
                  <codeReference assembly="SubSonic.Tests, Version=2.2.1.0, Culture=neutral, PublicKeyToken=null" namespace="SubSonic.Tests" type="SubSonic.Tests.ForeignKeyTests" member="FK_Properties" />
                  <codeLocation path="C:\data\SubsonicRoot\ss2\SubSonic.Tests\ForeignKeyTests.cs" line="69" />
                  <metadata>
                    <entry key="TestKind">
                      <value>Test</value>
                    </entry>
                  </metadata>
                  <children />
                  <parameters />
                </test>
                <test id="92c9a636a95bead0" name="FK_KeyCount" fullName="SubSonic.Tests/ForeignKeyTests/FK_KeyCount" isTestCase="true">
                  <codeReference assembly="SubSonic.Tests, Version=2.2.1.0, Culture=neutral, PublicKeyToken=null" namespace="SubSonic.Tests" type="SubSonic.Tests.ForeignKeyTests" member="FK_KeyCount" />
                  <codeLocation path="C:\data\SubsonicRoot\ss2\SubSonic.Tests\ForeignKeyTests.cs" line="59" />
                  <metadata>
                    <entry key="TestKind">
                      <value>Test</value>
                    </entry>
                  </metadata>
                  <children />
                  <parameters />
                </test>
              </children>
              <parameters />
            </test>
            <test id="ad7c7598a63cd1b4" name="ETL" fullName="SubSonic.Tests/ETL" isTestCase="false">
              <codeReference assembly="SubSonic.Tests, Version=2.2.1.0, Culture=neutral, PublicKeyToken=null" namespace="SubSonic.Tests" type="SubSonic.Tests.ETL" />
              <codeLocation path="C:\data\SubsonicRoot\ss2\SubSonic.Tests\ETL.cs" />
              <metadata>
                <entry key="TestKind">
                  <value>Fixture</value>
                </entry>
              </metadata>
              <children>
                <test id="f24ece17abffb775" name="ETL_CloneInstance" fullName="SubSonic.Tests/ETL/ETL_CloneInstance" isTestCase="true">
                  <codeReference assembly="SubSonic.Tests, Version=2.2.1.0, Culture=neutral, PublicKeyToken=null" namespace="SubSonic.Tests" type="SubSonic.Tests.ETL" member="ETL_CloneInstance" />
                  <codeLocation path="C:\data\SubsonicRoot\ss2\SubSonic.Tests\ETL.cs" line="50" />
                  <metadata>
                    <entry key="TestKind">
                      <value>Test</value>
                    </entry>
                  </metadata>
                  <children />
                  <parameters />
                </test>
                <test id="cbceecda1b6cb0f4" name="ETL_CloneCollection" fullName="SubSonic.Tests/ETL/ETL_CloneCollection" isTestCase="true">
                  <codeReference assembly="SubSonic.Tests, Version=2.2.1.0, Culture=neutral, PublicKeyToken=null" namespace="SubSonic.Tests" type="SubSonic.Tests.ETL" member="ETL_CloneCollection" />
                  <codeLocation path="C:\data\SubsonicRoot\ss2\SubSonic.Tests\ETL.cs" line="63" />
                  <metadata>
                    <entry key="TestKind">
                      <value>Test</value>
                    </entry>
                  </metadata>
                  <children />
                  <parameters />
                </test>
                <test id="6377c57e3d83cf09" name="ETL_CollectionToTable" fullName="SubSonic.Tests/ETL/ETL_CollectionToTable" isTestCase="true">
                  <codeReference assembly="SubSonic.Tests, Version=2.2.1.0, Culture=neutral, PublicKeyToken=null" namespace="SubSonic.Tests" type="SubSonic.Tests.ETL" member="ETL_CollectionToTable" />
                  <codeLocation path="C:\data\SubsonicRoot\ss2\SubSonic.Tests\ETL.cs" line="89" />
                  <metadata>
                    <entry key="TestKind">
                      <value>Test</value>
                    </entry>
                  </metadata>
                  <children />
                  <parameters />
                </test>
                <test id="cbb6eb256b8756a6" name="ETL_CopyCollection" fullName="SubSonic.Tests/ETL/ETL_CopyCollection" isTestCase="true">
                  <codeReference assembly="SubSonic.Tests, Version=2.2.1.0, Culture=neutral, PublicKeyToken=null" namespace="SubSonic.Tests" type="SubSonic.Tests.ETL" member="ETL_CopyCollection" />
                  <codeLocation path="C:\data\SubsonicRoot\ss2\SubSonic.Tests\ETL.cs" line="76" />
                  <metadata>
                    <entry key="TestKind">
                      <value>Test</value>
                    </entry>
                  </metadata>
                  <children />
                  <parameters />
                </test>
              </children>
              <parameters />
            </test>
            <test id="6ab4f5328a9660aa" name="InsertTests" fullName="SubSonic.Tests/InsertTests" isTestCase="false">
              <codeReference assembly="SubSonic.Tests, Version=2.2.1.0, Culture=neutral, PublicKeyToken=null" namespace="SubSonic.Tests.SqlQuery" type="SubSonic.Tests.SqlQuery.InsertTests" />
              <codeLocation path="C:\data\SubsonicRoot\ss2\SubSonic.Tests\SqlQuery\InsertTests.cs" />
              <metadata>
                <entry key="TestKind">
                  <value>Fixture</value>
                </entry>
              </metadata>
              <children>
                <test id="b303b9ae8f12c2ea" name="Insert_Simple" fullName="SubSonic.Tests/InsertTests/Insert_Simple" isTestCase="true">
                  <codeReference assembly="SubSonic.Tests, Version=2.2.1.0, Culture=neutral, PublicKeyToken=null" namespace="SubSonic.Tests.SqlQuery" type="SubSonic.Tests.SqlQuery.InsertTests" member="Insert_Simple" />
                  <codeLocation path="C:\data\SubsonicRoot\ss2\SubSonic.Tests\SqlQuery\InsertTests.cs" line="29" />
                  <metadata>
                    <entry key="TestKind">
                      <value>Test</value>
                    </entry>
                  </metadata>
                  <children />
                  <parameters />
                </test>
                <test id="ae153abf92394a57" name="Insert_SimpleWithSelectAndSchema" fullName="SubSonic.Tests/InsertTests/Insert_SimpleWithSelectAndSchema" isTestCase="true">
                  <codeReference assembly="SubSonic.Tests, Version=2.2.1.0, Culture=neutral, PublicKeyToken=null" namespace="SubSonic.Tests.SqlQuery" type="SubSonic.Tests.SqlQuery.InsertTests" member="Insert_SimpleWithSelectAndSchema" />
                  <codeLocation path="C:\data\SubsonicRoot\ss2\SubSonic.Tests\SqlQuery\InsertTests.cs" line="49" />
                  <metadata>
                    <entry key="TestKind">
                      <value>Test</value>
                    </entry>
                  </metadata>
                  <children />
                  <parameters />
                </test>
                <test id="b6299421cf76c62f" name="Insert_SimpleWithSelect" fullName="SubSonic.Tests/InsertTests/Insert_SimpleWithSelect" isTestCase="true">
                  <codeReference assembly="SubSonic.Tests, Version=2.2.1.0, Culture=neutral, PublicKeyToken=null" namespace="SubSonic.Tests.SqlQuery" type="SubSonic.Tests.SqlQuery.InsertTests" member="Insert_SimpleWithSelect" />
                  <codeLocation path="C:\data\SubsonicRoot\ss2\SubSonic.Tests\SqlQuery\InsertTests.cs" line="38" />
                  <metadata>
                    <entry key="TestKind">
                      <value>Test</value>
                    </entry>
                  </metadata>
                  <children />
                  <parameters />
                </test>
              </children>
              <parameters />
            </test>
            <test id="830415a07fe92f82" name="TurboTemplateTests" fullName="SubSonic.Tests/TurboTemplateTests" isTestCase="false">
              <codeReference assembly="SubSonic.Tests, Version=2.2.1.0, Culture=neutral, PublicKeyToken=null" namespace="SubSonic.Tests" type="SubSonic.Tests.TurboTemplateTests" />
              <codeLocation path="C:\data\SubsonicRoot\ss2\SubSonic.Tests\TurboTemplateTests.cs" />
              <metadata>
                <entry key="TestKind">
                  <value>Fixture</value>
                </entry>
              </metadata>
              <children>
                <test id="47fa02932e4efe5c" name="AssemblyDirectiveIsStrippedFromTemplate" fullName="SubSonic.Tests/TurboTemplateTests/AssemblyDirectiveIsStrippedFromTemplate" isTestCase="true">
                  <codeReference assembly="SubSonic.Tests, Version=2.2.1.0, Culture=neutral, PublicKeyToken=null" namespace="SubSonic.Tests" type="SubSonic.Tests.TurboTemplateTests" member="AssemblyDirectiveIsStrippedFromTemplate" />
                  <codeLocation path="C:\data\SubsonicRoot\ss2\SubSonic.Tests\TurboTemplateTests.cs" line="45" />
                  <metadata>
                    <entry key="TestKind">
                      <value>Test</value>
                    </entry>
                  </metadata>
                  <children />
                  <parameters />
                </test>
              </children>
              <parameters />
            </test>
            <test id="a55b2e3f81298baf" name="TransactionTests" fullName="SubSonic.Tests/TransactionTests" isTestCase="false">
              <codeReference assembly="SubSonic.Tests, Version=2.2.1.0, Culture=neutral, PublicKeyToken=null" namespace="SubSonic.Tests" type="SubSonic.Tests.TransactionTests" />
              <codeLocation path="C:\data\SubsonicRoot\ss2\SubSonic.Tests\TransactionTests.cs" />
              <metadata>
                <entry key="TestKind">
                  <value>Fixture</value>
                </entry>
              </metadata>
              <children>
                <test id="62339cc90cadd0f1" name="Transaction_CommitProduct" fullName="SubSonic.Tests/TransactionTests/Transaction_CommitProduct" isTestCase="true">
                  <codeReference assembly="SubSonic.Tests, Version=2.2.1.0, Culture=neutral, PublicKeyToken=null" namespace="SubSonic.Tests" type="SubSonic.Tests.TransactionTests" member="Transaction_CommitProduct" />
                  <codeLocation path="C:\data\SubsonicRoot\ss2\SubSonic.Tests\TransactionTests.cs" line="75" />
                  <metadata>
                    <entry key="TestKind">
                      <value>Test</value>
                    </entry>
                  </metadata>
                  <children />
                  <parameters />
                </test>
                <test id="7a4c3c6601f21a91" name="Transaction_RollbackProduct" fullName="SubSonic.Tests/TransactionTests/Transaction_RollbackProduct" isTestCase="true">
                  <codeReference assembly="SubSonic.Tests, Version=2.2.1.0, Culture=neutral, PublicKeyToken=null" namespace="SubSonic.Tests" type="SubSonic.Tests.TransactionTests" member="Transaction_RollbackProduct" />
                  <codeLocation path="C:\data\SubsonicRoot\ss2\SubSonic.Tests\TransactionTests.cs" line="56" />
                  <metadata>
                    <entry key="TestKind">
                      <value>Test</value>
                    </entry>
                  </metadata>
                  <children />
                  <parameters />
                </test>
              </children>
              <parameters />
            </test>
            <test id="c20a17c8fed4806e" name="ScriptersTest" fullName="SubSonic.Tests/ScriptersTest" isTestCase="false">
              <codeReference assembly="SubSonic.Tests, Version=2.2.1.0, Culture=neutral, PublicKeyToken=null" namespace="SubSonic.Tests" type="SubSonic.Tests.ScriptersTest" />
              <codeLocation path="C:\data\SubsonicRoot\ss2\SubSonic.Tests\ScriptersTest.cs" />
              <metadata>
                <entry key="TestKind">
                  <value>Fixture</value>
                </entry>
              </metadata>
              <children>
                <test id="e510f6b31c4e537c" name="Script_Data" fullName="SubSonic.Tests/ScriptersTest/Script_Data" isTestCase="true">
                  <codeReference assembly="SubSonic.Tests, Version=2.2.1.0, Culture=neutral, PublicKeyToken=null" namespace="SubSonic.Tests" type="SubSonic.Tests.ScriptersTest" member="Script_Data" />
                  <codeLocation path="C:\data\SubsonicRoot\ss2\SubSonic.Tests\ScriptersTest.cs" line="49" />
                  <metadata>
                    <entry key="TestKind">
                      <value>Test</value>
                    </entry>
                  </metadata>
                  <children />
                  <parameters />
                </test>
                <test id="cca7e142becda979" name="Script_AllData" fullName="SubSonic.Tests/ScriptersTest/Script_AllData" isTestCase="true">
                  <codeReference assembly="SubSonic.Tests, Version=2.2.1.0, Culture=neutral, PublicKeyToken=null" namespace="SubSonic.Tests" type="SubSonic.Tests.ScriptersTest" member="Script_AllData" />
                  <codeLocation path="C:\data\SubsonicRoot\ss2\SubSonic.Tests\ScriptersTest.cs" line="60" />
                  <metadata>
                    <entry key="TestKind">
                      <value>Test</value>
                    </entry>
                  </metadata>
                  <children />
                  <parameters />
                </test>
              </children>
              <parameters />
            </test>
            <test id="6be2c4890d451a28" name="SelectTests" fullName="SubSonic.Tests/SelectTests" isTestCase="false">
              <codeReference assembly="SubSonic.Tests, Version=2.2.1.0, Culture=neutral, PublicKeyToken=null" namespace="SubSonic.Tests.SqlQuery" type="SubSonic.Tests.SqlQuery.SelectTests" />
              <codeLocation path="C:\data\SubsonicRoot\ss2\SubSonic.Tests\SqlQuery\SelectTests.cs" />
              <metadata>
                <entry key="TestKind">
                  <value>Fixture</value>
                </entry>
              </metadata>
              <children>
                <test id="6d2dfb81d1d8eb09" name="Select_Should_Work_With_SameColumn_Joins_UsingQualifiedColumns" fullName="SubSonic.Tests/SelectTests/Select_Should_Work_With_SameColumn_Joins_UsingQualifiedColumns" isTestCase="true">
                  <codeReference assembly="SubSonic.Tests, Version=2.2.1.0, Culture=neutral, PublicKeyToken=null" namespace="SubSonic.Tests.SqlQuery" type="SubSonic.Tests.SqlQuery.SelectTests" member="Select_Should_Work_With_SameColumn_Joins_UsingQualifiedColumns" />
                  <codeLocation path="C:\data\SubsonicRoot\ss2\SubSonic.Tests\SqlQuery\SelectTests.cs" line="662" />
                  <metadata>
                    <entry key="TestKind">
                      <value>Test</value>
                    </entry>
                  </metadata>
                  <children />
                  <parameters />
                </test>
                <test id="56c2ce08c5f5f680" name="StoredProc_TypedList" fullName="SubSonic.Tests/SelectTests/StoredProc_TypedList" isTestCase="true">
                  <codeReference assembly="SubSonic.Tests, Version=2.2.1.0, Culture=neutral, PublicKeyToken=null" namespace="SubSonic.Tests.SqlQuery" type="SubSonic.Tests.SqlQuery.SelectTests" member="StoredProc_TypedList" />
                  <codeLocation path="C:\data\SubsonicRoot\ss2\SubSonic.Tests\SqlQuery\SelectTests.cs" line="653" />
                  <metadata>
                    <entry key="TestKind">
                      <value>Test</value>
                    </entry>
                  </metadata>
                  <children />
                  <parameters />
                </test>
                <test id="2c5da3bbf6b730ae" name="Exec_NotInWithSelect" fullName="SubSonic.Tests/SelectTests/Exec_NotInWithSelect" isTestCase="true">
                  <codeReference assembly="SubSonic.Tests, Version=2.2.1.0, Culture=neutral, PublicKeyToken=null" namespace="SubSonic.Tests.SqlQuery" type="SubSonic.Tests.SqlQuery.SelectTests" member="Exec_NotInWithSelect" />
                  <codeLocation path="C:\data\SubsonicRoot\ss2\SubSonic.Tests\SqlQuery\SelectTests.cs" line="623" />
                  <metadata>
                    <entry key="TestKind">
                      <value>Test</value>
                    </entry>
                  </metadata>
                  <children />
                  <parameters />
                </test>
                <test id="dfe54cb0dd5f98a6" name="Select_Using_Contains_Ch_ShouldReturn_14_Records" fullName="SubSonic.Tests/SelectTests/Select_Using_Contains_Ch_ShouldReturn_14_Records" isTestCase="true">
                  <codeReference assembly="SubSonic.Tests, Version=2.2.1.0, Culture=neutral, PublicKeyToken=null" namespace="SubSonic.Tests.SqlQuery" type="SubSonic.Tests.SqlQuery.SelectTests" member="Select_Using_Contains_Ch_ShouldReturn_14_Records" />
                  <codeLocation path="C:\data\SubsonicRoot\ss2\SubSonic.Tests\SqlQuery\SelectTests.cs" line="695" />
                  <metadata>
                    <entry key="TestKind">
                      <value>Test</value>
                    </entry>
                  </metadata>
                  <children />
                  <parameters />
                </test>
                <test id="673af2a86975950a" name="Select_Using_EndsWith_S_ShouldReturn_9_Records" fullName="SubSonic.Tests/SelectTests/Select_Using_EndsWith_S_ShouldReturn_9_Records" isTestCase="true">
                  <codeReference assembly="SubSonic.Tests, Version=2.2.1.0, Culture=neutral, PublicKeyToken=null" namespace="SubSonic.Tests.SqlQuery" type="SubSonic.Tests.SqlQuery.SelectTests" member="Select_Using_EndsWith_S_ShouldReturn_9_Records" />
                  <codeLocation path="C:\data\SubsonicRoot\ss2\SubSonic.Tests\SqlQuery\SelectTests.cs" line="685" />
                  <metadata>
                    <entry key="TestKind">
                      <value>Test</value>
                    </entry>
                  </metadata>
                  <children />
                  <parameters />
                </test>
                <test id="4823b2bae76ef92c" name="Select_Using_StartsWith_C_ShouldReturn_9_Records" fullName="SubSonic.Tests/SelectTests/Select_Using_StartsWith_C_ShouldReturn_9_Records" isTestCase="true">
                  <codeReference assembly="SubSonic.Tests, Version=2.2.1.0, Culture=neutral, PublicKeyToken=null" namespace="SubSonic.Tests.SqlQuery" type="SubSonic.Tests.SqlQuery.SelectTests" member="Select_Using_StartsWith_C_ShouldReturn_9_Records" />
                  <codeLocation path="C:\data\SubsonicRoot\ss2\SubSonic.Tests\SqlQuery\SelectTests.cs" line="676" />
                  <metadata>
                    <entry key="TestKind">
                      <value>Test</value>
                    </entry>
                  </metadata>
                  <children />
                  <parameters />
                </test>
                <test id="e43d556230ce8814" name="Products_CollectionSample" fullName="SubSonic.Tests/SelectTests/Products_CollectionSample" isTestCase="true">
                  <codeReference assembly="SubSonic.Tests, Version=2.2.1.0, Culture=neutral, PublicKeyToken=null" namespace="SubSonic.Tests.SqlQuery" type="SubSonic.Tests.SqlQuery.SelectTests" member="Products_CollectionSample" />
                  <codeLocation path="C:\data\SubsonicRoot\ss2\SubSonic.Tests\SqlQuery\SelectTests.cs" line="602" />
                  <metadata>
                    <entry key="TestKind">
                      <value>Test</value>
                    </entry>
                  </metadata>
                  <children />
                  <parameters />
                </test>
                <test id="bc1decbc9fdc85cf" name="Collection_LoadTypedObject" fullName="SubSonic.Tests/SelectTests/Collection_LoadTypedObject" isTestCase="true">
                  <codeReference assembly="SubSonic.Tests, Version=2.2.1.0, Culture=neutral, PublicKeyToken=null" namespace="SubSonic.Tests.SqlQuery" type="SubSonic.Tests.SqlQuery.SelectTests" member="Collection_LoadTypedObject" />
                  <codeLocation path="C:\data\SubsonicRoot\ss2\SubSonic.Tests\SqlQuery\SelectTests.cs" line="505" />
                  <metadata>
                    <entry key="TestKind">
                      <value>Test</value>
                    </entry>
                  </metadata>
                  <children />
                  <parameters />
                </test>
                <test id="4bae6bc711bf486" name="Exec_SimpleOr3" fullName="SubSonic.Tests/SelectTests/Exec_SimpleOr3" isTestCase="true">
                  <codeReference assembly="SubSonic.Tests, Version=2.2.1.0, Culture=neutral, PublicKeyToken=null" namespace="SubSonic.Tests.SqlQuery" type="SubSonic.Tests.SqlQuery.SelectTests" member="Exec_SimpleOr3" />
                  <codeLocation path="C:\data\SubsonicRoot\ss2\SubSonic.Tests\SqlQuery\SelectTests.cs" line="485" />
                  <metadata>
                    <entry key="TestKind">
                      <value>Test</value>
                    </entry>
                  </metadata>
                  <children />
                  <parameters />
                </test>
                <test id="33d0d25dfecbf6b1" name="Exec_SimpleOr2" fullName="SubSonic.Tests/SelectTests/Exec_SimpleOr2" isTestCase="true">
                  <codeReference assembly="SubSonic.Tests, Version=2.2.1.0, Culture=neutral, PublicKeyToken=null" namespace="SubSonic.Tests.SqlQuery" type="SubSonic.Tests.SqlQuery.SelectTests" member="Exec_SimpleOr2" />
                  <codeLocation path="C:\data\SubsonicRoot\ss2\SubSonic.Tests\SqlQuery\SelectTests.cs" line="471" />
                  <metadata>
                    <entry key="TestKind">
                      <value>Test</value>
                    </entry>
                  </metadata>
                  <children />
                  <parameters />
                </test>
                <test id="59070ef9a965d38c" name="Products_CollectionLoad2" fullName="SubSonic.Tests/SelectTests/Products_CollectionLoad2" isTestCase="true">
                  <codeReference assembly="SubSonic.Tests, Version=2.2.1.0, Culture=neutral, PublicKeyToken=null" namespace="SubSonic.Tests.SqlQuery" type="SubSonic.Tests.SqlQuery.SelectTests" member="Products_CollectionLoad2" />
                  <codeLocation path="C:\data\SubsonicRoot\ss2\SubSonic.Tests\SqlQuery\SelectTests.cs" line="590" />
                  <metadata>
                    <entry key="TestKind">
                      <value>Test</value>
                    </entry>
                  </metadata>
                  <children />
                  <parameters />
                </test>
                <test id="af960a2bc2f1179d" name="Products_Sample" fullName="SubSonic.Tests/SelectTests/Products_Sample" isTestCase="true">
                  <codeReference assembly="SubSonic.Tests, Version=2.2.1.0, Culture=neutral, PublicKeyToken=null" namespace="SubSonic.Tests.SqlQuery" type="SubSonic.Tests.SqlQuery.SelectTests" member="Products_Sample" />
                  <codeLocation path="C:\data\SubsonicRoot\ss2\SubSonic.Tests\SqlQuery\SelectTests.cs" line="572" />
                  <metadata>
                    <entry key="TestKind">
                      <value>Test</value>
                    </entry>
                  </metadata>
                  <children />
                  <parameters />
                </test>
                <test id="71365874b01a3619" name="Collection_LoadTypedActiveRecord" fullName="SubSonic.Tests/SelectTests/Collection_LoadTypedActiveRecord" isTestCase="true">
                  <codeReference assembly="SubSonic.Tests, Version=2.2.1.0, Culture=neutral, PublicKeyToken=null" namespace="SubSonic.Tests.SqlQuery" type="SubSonic.Tests.SqlQuery.SelectTests" member="Collection_LoadTypedActiveRecord" />
                  <codeLocation path="C:\data\SubsonicRoot\ss2\SubSonic.Tests\SqlQuery\SelectTests.cs" line="520" />
                  <metadata>
                    <entry key="TestKind">
                      <value>Test</value>
                    </entry>
                  </metadata>
                  <children />
                  <parameters />
                </test>
                <test id="7f5df6eba006a3b0" name="SqlQuery_when_setting_distinct_it_should_set_IsDistinct" fullName="SubSonic.Tests/SelectTests/SqlQuery_when_setting_distinct_it_should_set_IsDistinct" isTestCase="true">
                  <codeReference assembly="SubSonic.Tests, Version=2.2.1.0, Culture=neutral, PublicKeyToken=null" namespace="SubSonic.Tests.SqlQuery" type="SubSonic.Tests.SqlQuery.SelectTests" member="SqlQuery_when_setting_distinct_it_should_set_IsDistinct" />
                  <codeLocation path="C:\data\SubsonicRoot\ss2\SubSonic.Tests\SqlQuery\SelectTests.cs" line="735" />
                  <metadata>
                    <entry key="TestKind">
                      <value>Test</value>
                    </entry>
                  </metadata>
                  <children />
                  <parameters />
                </test>
                <test id="6882be85ac64b75c" name="Select_With_ExecuteTypedList_Should_Work_With_List_of_Guid" fullName="SubSonic.Tests/SelectTests/Select_With_ExecuteTypedList_Should_Work_With_List_of_Guid" isTestCase="true">
                  <codeReference assembly="SubSonic.Tests, Version=2.2.1.0, Culture=neutral, PublicKeyToken=null" namespace="SubSonic.Tests.SqlQuery" type="SubSonic.Tests.SqlQuery.SelectTests" member="Select_With_ExecuteTypedList_Should_Work_With_List_of_Guid" />
                  <codeLocation path="C:\data\SubsonicRoot\ss2\SubSonic.Tests\SqlQuery\SelectTests.cs" line="849" />
                  <metadata>
                    <entry key="TestKind">
                      <value>Test</value>
                    </entry>
                  </metadata>
                  <children />
                  <parameters />
                </test>
                <test id="9d6793bdba7ca3f4" name="Select_Paged_Can_Covert_To_SqlQuery" fullName="SubSonic.Tests/SelectTests/Select_Paged_Can_Covert_To_SqlQuery" isTestCase="true">
                  <codeReference assembly="SubSonic.Tests, Version=2.2.1.0, Culture=neutral, PublicKeyToken=null" namespace="SubSonic.Tests.SqlQuery" type="SubSonic.Tests.SqlQuery.SelectTests" member="Select_Paged_Can_Covert_To_SqlQuery" />
                  <codeLocation path="C:\data\SubsonicRoot\ss2\SubSonic.Tests\SqlQuery\SelectTests.cs" line="829" />
                  <metadata>
                    <entry key="TestKind">
                      <value>Test</value>
                    </entry>
                  </metadata>
                  <children />
                  <parameters />
                </test>
                <test id="4aa38a4c4fdd36a4" name="SelectAllColumns_With_WhereExpression_And_QualifiedColumn_Formats_Where_Correctly_And_Executes" fullName="SubSonic.Tests/SelectTests/SelectAllColumns_With_WhereExpression_And_QualifiedColumn_Formats_Where_Correctly_And_Executes" isTestCase="true">
                  <codeReference assembly="SubSonic.Tests, Version=2.2.1.0, Culture=neutral, PublicKeyToken=null" namespace="SubSonic.Tests.SqlQuery" type="SubSonic.Tests.SqlQuery.SelectTests" member="SelectAllColumns_With_WhereExpression_And_QualifiedColumn_Formats_Where_Correctly_And_Executes" />
                  <codeLocation path="C:\data\SubsonicRoot\ss2\SubSonic.Tests\SqlQuery\SelectTests.cs" line="818" />
                  <metadata>
                    <entry key="TestKind">
                      <value>Test</value>
                    </entry>
                  </metadata>
                  <children />
                  <parameters />
                </test>
                <test id="d943452b33fb4d6d" name="Exec_Simple" fullName="SubSonic.Tests/SelectTests/Exec_Simple" isTestCase="true">
                  <codeReference assembly="SubSonic.Tests, Version=2.2.1.0, Culture=neutral, PublicKeyToken=null" namespace="SubSonic.Tests.SqlQuery" type="SubSonic.Tests.SqlQuery.SelectTests" member="Exec_Simple" />
                  <codeLocation path="C:\data\SubsonicRoot\ss2\SubSonic.Tests\SqlQuery\SelectTests.cs" line="29" />
                  <metadata>
                    <entry key="TestKind">
                      <value>Test</value>
                    </entry>
                  </metadata>
                  <children />
                  <parameters />
                </test>
                <test id="6f93c3a1aa751344" name="MySql_Should_Set_Logical_Deletes" fullName="SubSonic.Tests/SelectTests/MySql_Should_Set_Logical_Deletes" isTestCase="true">
                  <codeReference assembly="SubSonic.Tests, Version=2.2.1.0, Culture=neutral, PublicKeyToken=null" namespace="SubSonic.Tests.SqlQuery" type="SubSonic.Tests.SqlQuery.SelectTests" member="MySql_Should_Set_Logical_Deletes" />
                  <codeLocation path="C:\data\SubsonicRoot\ss2\SubSonic.Tests\SqlQuery\SelectTests.cs" line="873" />
                  <metadata>
                    <entry key="TestKind">
                      <value>Test</value>
                    </entry>
                  </metadata>
                  <children />
                  <parameters />
                </test>
                <test id="925ff536a5b8ff4d" name="Saving_String_Property_With_StringValue_Null_Results_In_NullValue_In_DB" fullName="SubSonic.Tests/SelectTests/Saving_String_Property_With_StringValue_Null_Results_In_NullValue_In_DB" isTestCase="true">
                  <codeReference assembly="SubSonic.Tests, Version=2.2.1.0, Culture=neutral, PublicKeyToken=null" namespace="SubSonic.Tests.SqlQuery" type="SubSonic.Tests.SqlQuery.SelectTests" member="Saving_String_Property_With_StringValue_Null_Results_In_NullValue_In_DB" />
                  <codeLocation path="C:\data\SubsonicRoot\ss2\SubSonic.Tests\SqlQuery\SelectTests.cs" line="859" />
                  <metadata>
                    <entry key="TestKind">
                      <value>Test</value>
                    </entry>
                  </metadata>
                  <children />
                  <parameters />
                </test>
                <test id="aaf55d8ecf4a3aca" name="SelectAllColumns_With_WhereExpression_And_QualifiedColumn_Formats_Where_Correctly" fullName="SubSonic.Tests/SelectTests/SelectAllColumns_With_WhereExpression_And_QualifiedColumn_Formats_Where_Correctly" isTestCase="true">
                  <codeReference assembly="SubSonic.Tests, Version=2.2.1.0, Culture=neutral, PublicKeyToken=null" namespace="SubSonic.Tests.SqlQuery" type="SubSonic.Tests.SqlQuery.SelectTests" member="SelectAllColumns_With_WhereExpression_And_QualifiedColumn_Formats_Where_Correctly" />
                  <codeLocation path="C:\data\SubsonicRoot\ss2\SubSonic.Tests\SqlQuery\SelectTests.cs" line="807" />
                  <metadata>
                    <entry key="TestKind">
                      <value>Test</value>
                    </entry>
                  </metadata>
                  <children />
                  <parameters />
                </test>
                <test id="2df05ec3dee511f9" name="SqlQuery_Can_Compare_Columns" fullName="SubSonic.Tests/SelectTests/SqlQuery_Can_Compare_Columns" isTestCase="true">
                  <codeReference assembly="SubSonic.Tests, Version=2.2.1.0, Culture=neutral, PublicKeyToken=null" namespace="SubSonic.Tests.SqlQuery" type="SubSonic.Tests.SqlQuery.SelectTests" member="SqlQuery_Can_Compare_Columns" />
                  <codeLocation path="C:\data\SubsonicRoot\ss2\SubSonic.Tests\SqlQuery\SelectTests.cs" line="763" />
                  <metadata>
                    <entry key="TestKind">
                      <value>Test</value>
                    </entry>
                  </metadata>
                  <children />
                  <parameters />
                </test>
                <test id="dcd2987f84048384" name="SqlQuery_GetRecordCount_should_handle_distinct" fullName="SubSonic.Tests/SelectTests/SqlQuery_GetRecordCount_should_handle_distinct" isTestCase="true">
                  <codeReference assembly="SubSonic.Tests, Version=2.2.1.0, Culture=neutral, PublicKeyToken=null" namespace="SubSonic.Tests.SqlQuery" type="SubSonic.Tests.SqlQuery.SelectTests" member="SqlQuery_GetRecordCount_should_handle_distinct" />
                  <codeLocation path="C:\data\SubsonicRoot\ss2\SubSonic.Tests\SqlQuery\SelectTests.cs" line="756" />
                  <metadata>
                    <entry key="TestKind">
                      <value>Test</value>
                    </entry>
                  </metadata>
                  <children />
                  <parameters />
                </test>
                <test id="7f9d77cad15d8604" name="SqlQuery_should_handle_distinct" fullName="SubSonic.Tests/SelectTests/SqlQuery_should_handle_distinct" isTestCase="true">
                  <codeReference assembly="SubSonic.Tests, Version=2.2.1.0, Culture=neutral, PublicKeyToken=null" namespace="SubSonic.Tests.SqlQuery" type="SubSonic.Tests.SqlQuery.SelectTests" member="SqlQuery_should_handle_distinct" />
                  <codeLocation path="C:\data\SubsonicRoot\ss2\SubSonic.Tests\SqlQuery\SelectTests.cs" line="742" />
                  <metadata>
                    <entry key="TestKind">
                      <value>Test</value>
                    </entry>
                  </metadata>
                  <children />
                  <parameters />
                </test>
                <test id="4568dda4f4a5f281" name="Constraints_Should_Be_Valid_When_Table_Not_In_From" fullName="SubSonic.Tests/SelectTests/Constraints_Should_Be_Valid_When_Table_Not_In_From" isTestCase="true">
                  <codeReference assembly="SubSonic.Tests, Version=2.2.1.0, Culture=neutral, PublicKeyToken=null" namespace="SubSonic.Tests.SqlQuery" type="SubSonic.Tests.SqlQuery.SelectTests" member="Constraints_Should_Be_Valid_When_Table_Not_In_From" />
                  <codeLocation path="C:\data\SubsonicRoot\ss2\SubSonic.Tests\SqlQuery\SelectTests.cs" line="793" />
                  <metadata>
                    <entry key="TestKind">
                      <value>Test</value>
                    </entry>
                  </metadata>
                  <children />
                  <parameters />
                </test>
                <test id="236cc1b25668c8e1" name="ActiveRecord_IsLoaded_ShouldBe_False_When_Record_Not_Present_Using_Key_Constructor" fullName="SubSonic.Tests/SelectTests/ActiveRecord_IsLoaded_ShouldBe_False_When_Record_Not_Present_Using_Key_Constructor" isTestCase="true">
                  <codeReference assembly="SubSonic.Tests, Version=2.2.1.0, Culture=neutral, PublicKeyToken=null" namespace="SubSonic.Tests.SqlQuery" type="SubSonic.Tests.SqlQuery.SelectTests" member="ActiveRecord_IsLoaded_ShouldBe_False_When_Record_Not_Present_Using_Key_Constructor" />
                  <codeLocation path="C:\data\SubsonicRoot\ss2\SubSonic.Tests\SqlQuery\SelectTests.cs" line="782" />
                  <metadata>
                    <entry key="TestKind">
                      <value>Test</value>
                    </entry>
                  </metadata>
                  <children />
                  <parameters />
                </test>
                <test id="a6abaedebb5cfa84" name="ActiveRecord_IsLoaded_ShouldBe_False_When_Record_Not_Present_Using_PK_Constructor" fullName="SubSonic.Tests/SelectTests/ActiveRecord_IsLoaded_ShouldBe_False_When_Record_Not_Present_Using_PK_Constructor" isTestCase="true">
                  <codeReference assembly="SubSonic.Tests, Version=2.2.1.0, Culture=neutral, PublicKeyToken=null" namespace="SubSonic.Tests.SqlQuery" type="SubSonic.Tests.SqlQuery.SelectTests" member="ActiveRecord_IsLoaded_ShouldBe_False_When_Record_Not_Present_Using_PK_Constructor" />
                  <codeLocation path="C:\data\SubsonicRoot\ss2\SubSonic.Tests\SqlQuery\SelectTests.cs" line="772" />
                  <metadata>
                    <entry key="TestKind">
                      <value>Test</value>
                    </entry>
                  </metadata>
                  <children />
                  <parameters />
                </test>
                <test id="b370eaf8c520c214" name="Exec_LeftOuterJoin_With_Generics" fullName="SubSonic.Tests/SelectTests/Exec_LeftOuterJoin_With_Generics" isTestCase="true">
                  <codeReference assembly="SubSonic.Tests, Version=2.2.1.0, Culture=neutral, PublicKeyToken=null" namespace="SubSonic.Tests.SqlQuery" type="SubSonic.Tests.SqlQuery.SelectTests" member="Exec_LeftOuterJoin_With_Generics" />
                  <codeLocation path="C:\data\SubsonicRoot\ss2\SubSonic.Tests\SqlQuery\SelectTests.cs" line="142" />
                  <metadata>
                    <entry key="TestKind">
                      <value>Test</value>
                    </entry>
                  </metadata>
                  <children />
                  <parameters />
                </test>
                <test id="fed03b517481075a" name="Exec_LeftOuterJoin_With_String" fullName="SubSonic.Tests/SelectTests/Exec_LeftOuterJoin_With_String" isTestCase="true">
                  <codeReference assembly="SubSonic.Tests, Version=2.2.1.0, Culture=neutral, PublicKeyToken=null" namespace="SubSonic.Tests.SqlQuery" type="SubSonic.Tests.SqlQuery.SelectTests" member="Exec_LeftOuterJoin_With_String" />
                  <codeLocation path="C:\data\SubsonicRoot\ss2\SubSonic.Tests\SqlQuery\SelectTests.cs" line="153" />
                  <metadata>
                    <entry key="TestKind">
                      <value>Test</value>
                    </entry>
                  </metadata>
                  <children />
                  <parameters />
                </test>
                <test id="2567e98394606df2" name="Exec_MultiJoin" fullName="SubSonic.Tests/SelectTests/Exec_MultiJoin" isTestCase="true">
                  <codeReference assembly="SubSonic.Tests, Version=2.2.1.0, Culture=neutral, PublicKeyToken=null" namespace="SubSonic.Tests.SqlQuery" type="SubSonic.Tests.SqlQuery.SelectTests" member="Exec_MultiJoin" />
                  <codeLocation path="C:\data\SubsonicRoot\ss2\SubSonic.Tests\SqlQuery\SelectTests.cs" line="117" />
                  <metadata>
                    <entry key="TestKind">
                      <value>Test</value>
                    </entry>
                  </metadata>
                  <children />
                  <parameters />
                </test>
                <test id="3d2d9c292f0de222" name="Exec_LeftOuterJoin_With_TableColumn" fullName="SubSonic.Tests/SelectTests/Exec_LeftOuterJoin_With_TableColumn" isTestCase="true">
                  <codeReference assembly="SubSonic.Tests, Version=2.2.1.0, Culture=neutral, PublicKeyToken=null" namespace="SubSonic.Tests.SqlQuery" type="SubSonic.Tests.SqlQuery.SelectTests" member="Exec_LeftOuterJoin_With_TableColumn" />
                  <codeLocation path="C:\data\SubsonicRoot\ss2\SubSonic.Tests\SqlQuery\SelectTests.cs" line="131" />
                  <metadata>
                    <entry key="TestKind">
                      <value>Test</value>
                    </entry>
                  </metadata>
                  <children />
                  <parameters />
                </test>
                <test id="7fba649d1c73c23f" name="Exec_Select_Top_Ten" fullName="SubSonic.Tests/SelectTests/Exec_Select_Top_Ten" isTestCase="true">
                  <codeReference assembly="SubSonic.Tests, Version=2.2.1.0, Culture=neutral, PublicKeyToken=null" namespace="SubSonic.Tests.SqlQuery" type="SubSonic.Tests.SqlQuery.SelectTests" member="Exec_Select_Top_Ten" />
                  <codeLocation path="C:\data\SubsonicRoot\ss2\SubSonic.Tests\SqlQuery\SelectTests.cs" line="166" />
                  <metadata>
                    <entry key="TestKind">
                      <value>Test</value>
                    </entry>
                  </metadata>
                  <children />
                  <parameters />
                </test>
                <test id="a0cce410e7044202" name="Exec_Collection_JoinedWithLike" fullName="SubSonic.Tests/SelectTests/Exec_Collection_JoinedWithLike" isTestCase="true">
                  <codeReference assembly="SubSonic.Tests, Version=2.2.1.0, Culture=neutral, PublicKeyToken=null" namespace="SubSonic.Tests.SqlQuery" type="SubSonic.Tests.SqlQuery.SelectTests" member="Exec_Collection_JoinedWithLike" />
                  <codeLocation path="C:\data\SubsonicRoot\ss2\SubSonic.Tests\SqlQuery\SelectTests.cs" line="198" />
                  <metadata>
                    <entry key="TestKind">
                      <value>Test</value>
                    </entry>
                  </metadata>
                  <children />
                  <parameters />
                </test>
                <test id="132b24ca35d178c6" name="Exec_Collection_JoinedWithLike_Typed" fullName="SubSonic.Tests/SelectTests/Exec_Collection_JoinedWithLike_Typed" isTestCase="true">
                  <codeReference assembly="SubSonic.Tests, Version=2.2.1.0, Culture=neutral, PublicKeyToken=null" namespace="SubSonic.Tests.SqlQuery" type="SubSonic.Tests.SqlQuery.SelectTests" member="Exec_Collection_JoinedWithLike_Typed" />
                  <codeLocation path="C:\data\SubsonicRoot\ss2\SubSonic.Tests\SqlQuery\SelectTests.cs" line="209" />
                  <metadata>
                    <entry key="TestKind">
                      <value>Test</value>
                    </entry>
                  </metadata>
                  <children />
                  <parameters />
                </test>
                <test id="f724d8da54cedb9b" name="Exec_Collection_Simple" fullName="SubSonic.Tests/SelectTests/Exec_Collection_Simple" isTestCase="true">
                  <codeReference assembly="SubSonic.Tests, Version=2.2.1.0, Culture=neutral, PublicKeyToken=null" namespace="SubSonic.Tests.SqlQuery" type="SubSonic.Tests.SqlQuery.SelectTests" member="Exec_Collection_Simple" />
                  <codeLocation path="C:\data\SubsonicRoot\ss2\SubSonic.Tests\SqlQuery\SelectTests.cs" line="180" />
                  <metadata>
                    <entry key="TestKind">
                      <value>Test</value>
                    </entry>
                  </metadata>
                  <children />
                  <parameters />
                </test>
                <test id="31c9b4bee0126aad" name="Exec_Collection_Joined" fullName="SubSonic.Tests/SelectTests/Exec_Collection_Joined" isTestCase="true">
                  <codeReference assembly="SubSonic.Tests, Version=2.2.1.0, Culture=neutral, PublicKeyToken=null" namespace="SubSonic.Tests.SqlQuery" type="SubSonic.Tests.SqlQuery.SelectTests" member="Exec_Collection_Joined" />
                  <codeLocation path="C:\data\SubsonicRoot\ss2\SubSonic.Tests\SqlQuery\SelectTests.cs" line="188" />
                  <metadata>
                    <entry key="TestKind">
                      <value>Test</value>
                    </entry>
                  </metadata>
                  <children />
                  <parameters />
                </test>
                <test id="8381811bae387097" name="Exec_WithAllColumns" fullName="SubSonic.Tests/SelectTests/Exec_WithAllColumns" isTestCase="true">
                  <codeReference assembly="SubSonic.Tests, Version=2.2.1.0, Culture=neutral, PublicKeyToken=null" namespace="SubSonic.Tests.SqlQuery" type="SubSonic.Tests.SqlQuery.SelectTests" member="Exec_WithAllColumns" />
                  <codeLocation path="C:\data\SubsonicRoot\ss2\SubSonic.Tests\SqlQuery\SelectTests.cs" line="50" />
                  <metadata>
                    <entry key="TestKind">
                      <value>Test</value>
                    </entry>
                  </metadata>
                  <children />
                  <parameters />
                </test>
                <test id="351cac8e4ad5b3e1" name="Exec_SimpleWhere" fullName="SubSonic.Tests/SelectTests/Exec_SimpleWhere" isTestCase="true">
                  <codeReference assembly="SubSonic.Tests, Version=2.2.1.0, Culture=neutral, PublicKeyToken=null" namespace="SubSonic.Tests.SqlQuery" type="SubSonic.Tests.SqlQuery.SelectTests" member="Exec_SimpleWhere" />
                  <codeLocation path="C:\data\SubsonicRoot\ss2\SubSonic.Tests\SqlQuery\SelectTests.cs" line="57" />
                  <metadata>
                    <entry key="TestKind">
                      <value>Test</value>
                    </entry>
                  </metadata>
                  <children />
                  <parameters />
                </test>
                <test id="87ff466a71f0fac" name="Exec_SimpleWithTypedColumns" fullName="SubSonic.Tests/SelectTests/Exec_SimpleWithTypedColumns" isTestCase="true">
                  <codeReference assembly="SubSonic.Tests, Version=2.2.1.0, Culture=neutral, PublicKeyToken=null" namespace="SubSonic.Tests.SqlQuery" type="SubSonic.Tests.SqlQuery.SelectTests" member="Exec_SimpleWithTypedColumns" />
                  <codeLocation path="C:\data\SubsonicRoot\ss2\SubSonic.Tests\SqlQuery\SelectTests.cs" line="36" />
                  <metadata>
                    <entry key="TestKind">
                      <value>Test</value>
                    </entry>
                  </metadata>
                  <children />
                  <parameters />
                </test>
                <test id="55446d52438c14d0" name="Exec_SimpleAsSingle" fullName="SubSonic.Tests/SelectTests/Exec_SimpleAsSingle" isTestCase="true">
                  <codeReference assembly="SubSonic.Tests, Version=2.2.1.0, Culture=neutral, PublicKeyToken=null" namespace="SubSonic.Tests.SqlQuery" type="SubSonic.Tests.SqlQuery.SelectTests" member="Exec_SimpleAsSingle" />
                  <codeLocation path="C:\data\SubsonicRoot\ss2\SubSonic.Tests\SqlQuery\SelectTests.cs" line="43" />
                  <metadata>
                    <entry key="TestKind">
                      <value>Test</value>
                    </entry>
                  </metadata>
                  <children />
                  <parameters />
                </test>
                <test id="6a4d37a2d0f2d813" name="Exec_SimpleWhere2" fullName="SubSonic.Tests/SelectTests/Exec_SimpleWhere2" isTestCase="true">
                  <codeReference assembly="SubSonic.Tests, Version=2.2.1.0, Culture=neutral, PublicKeyToken=null" namespace="SubSonic.Tests.SqlQuery" type="SubSonic.Tests.SqlQuery.SelectTests" member="Exec_SimpleWhere2" />
                  <codeLocation path="C:\data\SubsonicRoot\ss2\SubSonic.Tests\SqlQuery\SelectTests.cs" line="64" />
                  <metadata>
                    <entry key="TestKind">
                      <value>Test</value>
                    </entry>
                  </metadata>
                  <children />
                  <parameters />
                </test>
                <test id="d4139761853f7fcd" name="Exec_SimpleJoin2" fullName="SubSonic.Tests/SelectTests/Exec_SimpleJoin2" isTestCase="true">
                  <codeReference assembly="SubSonic.Tests, Version=2.2.1.0, Culture=neutral, PublicKeyToken=null" namespace="SubSonic.Tests.SqlQuery" type="SubSonic.Tests.SqlQuery.SelectTests" member="Exec_SimpleJoin2" />
                  <codeLocation path="C:\data\SubsonicRoot\ss2\SubSonic.Tests\SqlQuery\SelectTests.cs" line="95" />
                  <metadata>
                    <entry key="TestKind">
                      <value>Test</value>
                    </entry>
                  </metadata>
                  <children />
                  <parameters />
                </test>
                <test id="7334c663cee4838c" name="Exec_SimpleJoin3" fullName="SubSonic.Tests/SelectTests/Exec_SimpleJoin3" isTestCase="true">
                  <codeReference assembly="SubSonic.Tests, Version=2.2.1.0, Culture=neutral, PublicKeyToken=null" namespace="SubSonic.Tests.SqlQuery" type="SubSonic.Tests.SqlQuery.SelectTests" member="Exec_SimpleJoin3" />
                  <codeLocation path="C:\data\SubsonicRoot\ss2\SubSonic.Tests\SqlQuery\SelectTests.cs" line="106" />
                  <metadata>
                    <entry key="TestKind">
                      <value>Test</value>
                    </entry>
                  </metadata>
                  <children />
                  <parameters />
                </test>
                <test id="d6451bb4fabcbc28" name="Exec_SimpleWhereAnd" fullName="SubSonic.Tests/SelectTests/Exec_SimpleWhereAnd" isTestCase="true">
                  <codeReference assembly="SubSonic.Tests, Version=2.2.1.0, Culture=neutral, PublicKeyToken=null" namespace="SubSonic.Tests.SqlQuery" type="SubSonic.Tests.SqlQuery.SelectTests" member="Exec_SimpleWhereAnd" />
                  <codeLocation path="C:\data\SubsonicRoot\ss2\SubSonic.Tests\SqlQuery\SelectTests.cs" line="71" />
                  <metadata>
                    <entry key="TestKind">
                      <value>Test</value>
                    </entry>
                  </metadata>
                  <children />
                  <parameters />
                </test>
                <test id="d908a282699d4650" name="Exec_SimpleJoin" fullName="SubSonic.Tests/SelectTests/Exec_SimpleJoin" isTestCase="true">
                  <codeReference assembly="SubSonic.Tests, Version=2.2.1.0, Culture=neutral, PublicKeyToken=null" namespace="SubSonic.Tests.SqlQuery" type="SubSonic.Tests.SqlQuery.SelectTests" member="Exec_SimpleJoin" />
                  <codeLocation path="C:\data\SubsonicRoot\ss2\SubSonic.Tests\SqlQuery\SelectTests.cs" line="84" />
                  <metadata>
                    <entry key="TestKind">
                      <value>Test</value>
                    </entry>
                  </metadata>
                  <children />
                  <parameters />
                </test>
                <test id="84acacf34f8286da" name="Exec_SimpleAnd" fullName="SubSonic.Tests/SelectTests/Exec_SimpleAnd" isTestCase="true">
                  <codeReference assembly="SubSonic.Tests, Version=2.2.1.0, Culture=neutral, PublicKeyToken=null" namespace="SubSonic.Tests.SqlQuery" type="SubSonic.Tests.SqlQuery.SelectTests" member="Exec_SimpleAnd" />
                  <codeLocation path="C:\data\SubsonicRoot\ss2\SubSonic.Tests\SqlQuery\SelectTests.cs" line="370" />
                  <metadata>
                    <entry key="TestKind">
                      <value>Test</value>
                    </entry>
                  </metadata>
                  <children />
                  <parameters />
                </test>
                <test id="f5a54afea386b971" name="Exec_SimpleAnd2" fullName="SubSonic.Tests/SelectTests/Exec_SimpleAnd2" isTestCase="true">
                  <codeReference assembly="SubSonic.Tests, Version=2.2.1.0, Culture=neutral, PublicKeyToken=null" namespace="SubSonic.Tests.SqlQuery" type="SubSonic.Tests.SqlQuery.SelectTests" member="Exec_SimpleAnd2" />
                  <codeLocation path="C:\data\SubsonicRoot\ss2\SubSonic.Tests\SqlQuery\SelectTests.cs" line="384" />
                  <metadata>
                    <entry key="TestKind">
                      <value>Test</value>
                    </entry>
                  </metadata>
                  <children />
                  <parameters />
                </test>
                <test id="df430da5e68d2630" name="Exec_PagedView" fullName="SubSonic.Tests/SelectTests/Exec_PagedView" isTestCase="true">
                  <codeReference assembly="SubSonic.Tests, Version=2.2.1.0, Culture=neutral, PublicKeyToken=null" namespace="SubSonic.Tests.SqlQuery" type="SubSonic.Tests.SqlQuery.SelectTests" member="Exec_PagedView" />
                  <codeLocation path="C:\data\SubsonicRoot\ss2\SubSonic.Tests\SqlQuery\SelectTests.cs" line="349" />
                  <metadata>
                    <entry key="TestKind">
                      <value>Test</value>
                    </entry>
                  </metadata>
                  <children />
                  <parameters />
                </test>
                <test id="a76cc2aa7909eef2" name="Exec_PagedViewJoined" fullName="SubSonic.Tests/SelectTests/Exec_PagedViewJoined" isTestCase="true">
                  <codeReference assembly="SubSonic.Tests, Version=2.2.1.0, Culture=neutral, PublicKeyToken=null" namespace="SubSonic.Tests.SqlQuery" type="SubSonic.Tests.SqlQuery.SelectTests" member="Exec_PagedViewJoined" />
                  <codeLocation path="C:\data\SubsonicRoot\ss2\SubSonic.Tests\SqlQuery\SelectTests.cs" line="357" />
                  <metadata>
                    <entry key="TestKind">
                      <value>Test</value>
                    </entry>
                  </metadata>
                  <children />
                  <parameters />
                </test>
                <test id="6c069a77c4600266" name="Exec_SimpleAnd3" fullName="SubSonic.Tests/SelectTests/Exec_SimpleAnd3" isTestCase="true">
                  <codeReference assembly="SubSonic.Tests, Version=2.2.1.0, Culture=neutral, PublicKeyToken=null" namespace="SubSonic.Tests.SqlQuery" type="SubSonic.Tests.SqlQuery.SelectTests" member="Exec_SimpleAnd3" />
                  <codeLocation path="C:\data\SubsonicRoot\ss2\SubSonic.Tests\SqlQuery\SelectTests.cs" line="398" />
                  <metadata>
                    <entry key="TestKind">
                      <value>Test</value>
                    </entry>
                  </metadata>
                  <children />
                  <parameters />
                </test>
                <test id="3bf89f1b0ab491f9" name="Exec_MultipleInWithAnd" fullName="SubSonic.Tests/SelectTests/Exec_MultipleInWithAnd" isTestCase="true">
                  <codeReference assembly="SubSonic.Tests, Version=2.2.1.0, Culture=neutral, PublicKeyToken=null" namespace="SubSonic.Tests.SqlQuery" type="SubSonic.Tests.SqlQuery.SelectTests" member="Exec_MultipleInWithAnd" />
                  <codeLocation path="C:\data\SubsonicRoot\ss2\SubSonic.Tests\SqlQuery\SelectTests.cs" line="440" />
                  <metadata>
                    <entry key="TestKind">
                      <value>Test</value>
                    </entry>
                  </metadata>
                  <children />
                  <parameters />
                </test>
                <test id="aa15f6300be00489" name="Exec_SimpleOr" fullName="SubSonic.Tests/SelectTests/Exec_SimpleOr" isTestCase="true">
                  <codeReference assembly="SubSonic.Tests, Version=2.2.1.0, Culture=neutral, PublicKeyToken=null" namespace="SubSonic.Tests.SqlQuery" type="SubSonic.Tests.SqlQuery.SelectTests" member="Exec_SimpleOr" />
                  <codeLocation path="C:\data\SubsonicRoot\ss2\SubSonic.Tests\SqlQuery\SelectTests.cs" line="457" />
                  <metadata>
                    <entry key="TestKind">
                      <value>Test</value>
                    </entry>
                  </metadata>
                  <children />
                  <parameters />
                </test>
                <test id="cc4967ca3f4a2c02" name="Exec_SimpleIn" fullName="SubSonic.Tests/SelectTests/Exec_SimpleIn" isTestCase="true">
                  <codeReference assembly="SubSonic.Tests, Version=2.2.1.0, Culture=neutral, PublicKeyToken=null" namespace="SubSonic.Tests.SqlQuery" type="SubSonic.Tests.SqlQuery.SelectTests" member="Exec_SimpleIn" />
                  <codeLocation path="C:\data\SubsonicRoot\ss2\SubSonic.Tests\SqlQuery\SelectTests.cs" line="418" />
                  <metadata>
                    <entry key="TestKind">
                      <value>Test</value>
                    </entry>
                  </metadata>
                  <children />
                  <parameters />
                </test>
                <test id="bd348406aaf1a6c0" name="Exec_InWithSelect" fullName="SubSonic.Tests/SelectTests/Exec_InWithSelect" isTestCase="true">
                  <codeReference assembly="SubSonic.Tests, Version=2.2.1.0, Culture=neutral, PublicKeyToken=null" namespace="SubSonic.Tests.SqlQuery" type="SubSonic.Tests.SqlQuery.SelectTests" member="Exec_InWithSelect" />
                  <codeLocation path="C:\data\SubsonicRoot\ss2\SubSonic.Tests\SqlQuery\SelectTests.cs" line="427" />
                  <metadata>
                    <entry key="TestKind">
                      <value>Test</value>
                    </entry>
                  </metadata>
                  <children />
                  <parameters />
                </test>
                <test id="5a2d7a12510dc65c" name="Exec_DistinctTypedList" fullName="SubSonic.Tests/SelectTests/Exec_DistinctTypedList" isTestCase="true">
                  <codeReference assembly="SubSonic.Tests, Version=2.2.1.0, Culture=neutral, PublicKeyToken=null" namespace="SubSonic.Tests.SqlQuery" type="SubSonic.Tests.SqlQuery.SelectTests" member="Exec_DistinctTypedList" />
                  <codeLocation path="C:\data\SubsonicRoot\ss2\SubSonic.Tests\SqlQuery\SelectTests.cs" line="260" />
                  <metadata>
                    <entry key="TestKind">
                      <value>Test</value>
                    </entry>
                  </metadata>
                  <children />
                  <parameters />
                </test>
                <test id="6b2d4c29e11f2d4a" name="Exec_DistinctWithWhere" fullName="SubSonic.Tests/SelectTests/Exec_DistinctWithWhere" isTestCase="true">
                  <codeReference assembly="SubSonic.Tests, Version=2.2.1.0, Culture=neutral, PublicKeyToken=null" namespace="SubSonic.Tests.SqlQuery" type="SubSonic.Tests.SqlQuery.SelectTests" member="Exec_DistinctWithWhere" />
                  <codeLocation path="C:\data\SubsonicRoot\ss2\SubSonic.Tests\SqlQuery\SelectTests.cs" line="269" />
                  <metadata>
                    <entry key="TestKind">
                      <value>Test</value>
                    </entry>
                  </metadata>
                  <children />
                  <parameters />
                </test>
                <test id="8e62c4902bbffe5a" name="Exec_ExpressionSimpleOr" fullName="SubSonic.Tests/SelectTests/Exec_ExpressionSimpleOr" isTestCase="true">
                  <codeReference assembly="SubSonic.Tests, Version=2.2.1.0, Culture=neutral, PublicKeyToken=null" namespace="SubSonic.Tests.SqlQuery" type="SubSonic.Tests.SqlQuery.SelectTests" member="Exec_ExpressionSimpleOr" />
                  <codeLocation path="C:\data\SubsonicRoot\ss2\SubSonic.Tests\SqlQuery\SelectTests.cs" line="225" />
                  <metadata>
                    <entry key="TestKind">
                      <value>Test</value>
                    </entry>
                  </metadata>
                  <children />
                  <parameters />
                </test>
                <test id="9fa32c4d90d19139" name="Exec_NestedExpression" fullName="SubSonic.Tests/SelectTests/Exec_NestedExpression" isTestCase="true">
                  <codeReference assembly="SubSonic.Tests, Version=2.2.1.0, Culture=neutral, PublicKeyToken=null" namespace="SubSonic.Tests.SqlQuery" type="SubSonic.Tests.SqlQuery.SelectTests" member="Exec_NestedExpression" />
                  <codeLocation path="C:\data\SubsonicRoot\ss2\SubSonic.Tests\SqlQuery\SelectTests.cs" line="236" />
                  <metadata>
                    <entry key="TestKind">
                      <value>Test</value>
                    </entry>
                  </metadata>
                  <children />
                  <parameters />
                </test>
                <test id="fd862e1efb5cce42" name="Exec_Distinct_JoinedWithLike" fullName="SubSonic.Tests/SelectTests/Exec_Distinct_JoinedWithLike" isTestCase="true">
                  <codeReference assembly="SubSonic.Tests, Version=2.2.1.0, Culture=neutral, PublicKeyToken=null" namespace="SubSonic.Tests.SqlQuery" type="SubSonic.Tests.SqlQuery.SelectTests" member="Exec_Distinct_JoinedWithLike" />
                  <codeLocation path="C:\data\SubsonicRoot\ss2\SubSonic.Tests\SqlQuery\SelectTests.cs" line="281" />
                  <metadata>
                    <entry key="TestKind">
                      <value>Test</value>
                    </entry>
                  </metadata>
                  <children />
                  <parameters />
                </test>
                <test id="c112fd3991361893" name="Exec_PagedWithAggregate" fullName="SubSonic.Tests/SelectTests/Exec_PagedWithAggregate" isTestCase="true">
                  <codeReference assembly="SubSonic.Tests, Version=2.2.1.0, Culture=neutral, PublicKeyToken=null" namespace="SubSonic.Tests.SqlQuery" type="SubSonic.Tests.SqlQuery.SelectTests" member="Exec_PagedWithAggregate" />
                  <codeLocation path="C:\data\SubsonicRoot\ss2\SubSonic.Tests\SqlQuery\SelectTests.cs" line="317" />
                  <metadata>
                    <entry key="TestKind">
                      <value>Test</value>
                    </entry>
                  </metadata>
                  <children />
                  <parameters />
                </test>
                <test id="e815c74b1a7225d2" name="Exec_PagedJoined" fullName="SubSonic.Tests/SelectTests/Exec_PagedJoined" isTestCase="true">
                  <codeReference assembly="SubSonic.Tests, Version=2.2.1.0, Culture=neutral, PublicKeyToken=null" namespace="SubSonic.Tests.SqlQuery" type="SubSonic.Tests.SqlQuery.SelectTests" member="Exec_PagedJoined" />
                  <codeLocation path="C:\data\SubsonicRoot\ss2\SubSonic.Tests\SqlQuery\SelectTests.cs" line="335" />
                  <metadata>
                    <entry key="TestKind">
                      <value>Test</value>
                    </entry>
                  </metadata>
                  <children />
                  <parameters />
                </test>
                <test id="b51a12706c7e1287" name="Exec_AggregateExpression" fullName="SubSonic.Tests/SelectTests/Exec_AggregateExpression" isTestCase="true">
                  <codeReference assembly="SubSonic.Tests, Version=2.2.1.0, Culture=neutral, PublicKeyToken=null" namespace="SubSonic.Tests.SqlQuery" type="SubSonic.Tests.SqlQuery.SelectTests" member="Exec_AggregateExpression" />
                  <codeLocation path="C:\data\SubsonicRoot\ss2\SubSonic.Tests\SqlQuery\SelectTests.cs" line="294" />
                  <metadata>
                    <entry key="TestKind">
                      <value>Test</value>
                    </entry>
                  </metadata>
                  <children />
                  <parameters />
                </test>
                <test id="2763a03853c61560" name="Exec_PagedSimple" fullName="SubSonic.Tests/SelectTests/Exec_PagedSimple" isTestCase="true">
                  <codeReference assembly="SubSonic.Tests, Version=2.2.1.0, Culture=neutral, PublicKeyToken=null" namespace="SubSonic.Tests.SqlQuery" type="SubSonic.Tests.SqlQuery.SelectTests" member="Exec_PagedSimple" />
                  <codeLocation path="C:\data\SubsonicRoot\ss2\SubSonic.Tests\SqlQuery\SelectTests.cs" line="310" />
                  <metadata>
                    <entry key="TestKind">
                      <value>Test</value>
                    </entry>
                  </metadata>
                  <children />
                  <parameters />
                </test>
              </children>
              <parameters />
            </test>
            <test id="7b08553eef1fbce5" name="AggregateTests" fullName="SubSonic.Tests/AggregateTests" isTestCase="false">
              <codeReference assembly="SubSonic.Tests, Version=2.2.1.0, Culture=neutral, PublicKeyToken=null" namespace="SubSonic.Tests.SqlQuery" type="SubSonic.Tests.SqlQuery.AggregateTests" />
              <codeLocation path="C:\data\SubsonicRoot\ss2\SubSonic.Tests\SqlQuery\AggregateTests.cs" />
              <metadata>
                <entry key="TestKind">
                  <value>Fixture</value>
                </entry>
              </metadata>
              <children>
                <test id="8afea2ace33d2bc5" name="Exec_AggregateMax" fullName="SubSonic.Tests/AggregateTests/Exec_AggregateMax" isTestCase="true">
                  <codeReference assembly="SubSonic.Tests, Version=2.2.1.0, Culture=neutral, PublicKeyToken=null" namespace="SubSonic.Tests.SqlQuery" type="SubSonic.Tests.SqlQuery.AggregateTests" member="Exec_AggregateMax" />
                  <codeLocation path="C:\data\SubsonicRoot\ss2\SubSonic.Tests\SqlQuery\AggregateTests.cs" line="72" />
                  <metadata>
                    <entry key="TestKind">
                      <value>Test</value>
                    </entry>
                  </metadata>
                  <children />
                  <parameters />
                </test>
                <test id="87181fd2e72dc1a" name="Exec_AggregateAvg" fullName="SubSonic.Tests/AggregateTests/Exec_AggregateAvg" isTestCase="true">
                  <codeReference assembly="SubSonic.Tests, Version=2.2.1.0, Culture=neutral, PublicKeyToken=null" namespace="SubSonic.Tests.SqlQuery" type="SubSonic.Tests.SqlQuery.AggregateTests" member="Exec_AggregateAvg" />
                  <codeLocation path="C:\data\SubsonicRoot\ss2\SubSonic.Tests\SqlQuery\AggregateTests.cs" line="38" />
                  <metadata>
                    <entry key="TestKind">
                      <value>Test</value>
                    </entry>
                  </metadata>
                  <children />
                  <parameters />
                </test>
                <test id="64b9671d42ac6226" name="Exec_AggregateExpression" fullName="SubSonic.Tests/AggregateTests/Exec_AggregateExpression" isTestCase="true">
                  <codeReference assembly="SubSonic.Tests, Version=2.2.1.0, Culture=neutral, PublicKeyToken=null" namespace="SubSonic.Tests.SqlQuery" type="SubSonic.Tests.SqlQuery.AggregateTests" member="Exec_AggregateExpression" />
                  <codeLocation path="C:\data\SubsonicRoot\ss2\SubSonic.Tests\SqlQuery\AggregateTests.cs" line="26" />
                  <metadata>
                    <entry key="TestKind">
                      <value>Test</value>
                    </entry>
                  </metadata>
                  <children />
                  <parameters />
                </test>
                <test id="fe177be2cb358e99" name="Exec_AggregateMin" fullName="SubSonic.Tests/AggregateTests/Exec_AggregateMin" isTestCase="true">
                  <codeReference assembly="SubSonic.Tests, Version=2.2.1.0, Culture=neutral, PublicKeyToken=null" namespace="SubSonic.Tests.SqlQuery" type="SubSonic.Tests.SqlQuery.AggregateTests" member="Exec_AggregateMin" />
                  <codeLocation path="C:\data\SubsonicRoot\ss2\SubSonic.Tests\SqlQuery\AggregateTests.cs" line="106" />
                  <metadata>
                    <entry key="TestKind">
                      <value>Test</value>
                    </entry>
                  </metadata>
                  <children />
                  <parameters />
                </test>
                <test id="11eeb8a06e6c0168" name="Exec_AggregateWithWhereAndHaving" fullName="SubSonic.Tests/AggregateTests/Exec_AggregateWithWhereAndHaving" isTestCase="true">
                  <codeReference assembly="SubSonic.Tests, Version=2.2.1.0, Culture=neutral, PublicKeyToken=null" namespace="SubSonic.Tests.SqlQuery" type="SubSonic.Tests.SqlQuery.AggregateTests" member="Exec_AggregateWithWhereAndHaving" />
                  <codeLocation path="C:\data\SubsonicRoot\ss2\SubSonic.Tests\SqlQuery\AggregateTests.cs" line="187" />
                  <metadata>
                    <entry key="TestKind">
                      <value>Test</value>
                    </entry>
                  </metadata>
                  <children />
                  <parameters />
                </test>
                <test id="370dec0cba5c19da" name="Exec_AggregateWithWhereNotHaving" fullName="SubSonic.Tests/AggregateTests/Exec_AggregateWithWhereNotHaving" isTestCase="true">
                  <codeReference assembly="SubSonic.Tests, Version=2.2.1.0, Culture=neutral, PublicKeyToken=null" namespace="SubSonic.Tests.SqlQuery" type="SubSonic.Tests.SqlQuery.AggregateTests" member="Exec_AggregateWithWhereNotHaving" />
                  <codeLocation path="C:\data\SubsonicRoot\ss2\SubSonic.Tests\SqlQuery\AggregateTests.cs" line="201" />
                  <metadata>
                    <entry key="TestKind">
                      <value>Test</value>
                    </entry>
                  </metadata>
                  <children />
                  <parameters />
                </test>
                <test id="332ed8a05646333b" name="Exec_AggregateStandardDeviation" fullName="SubSonic.Tests/AggregateTests/Exec_AggregateStandardDeviation" isTestCase="true">
                  <codeReference assembly="SubSonic.Tests, Version=2.2.1.0, Culture=neutral, PublicKeyToken=null" namespace="SubSonic.Tests.SqlQuery" type="SubSonic.Tests.SqlQuery.AggregateTests" member="Exec_AggregateStandardDeviation" />
                  <codeLocation path="C:\data\SubsonicRoot\ss2\SubSonic.Tests\SqlQuery\AggregateTests.cs" line="140" />
                  <metadata>
                    <entry key="TestKind">
                      <value>Test</value>
                    </entry>
                  </metadata>
                  <children />
                  <parameters />
                </test>
                <test id="6b842429dd9d95f8" name="Exec_SingleAggregateWithWhere" fullName="SubSonic.Tests/AggregateTests/Exec_SingleAggregateWithWhere" isTestCase="true">
                  <codeReference assembly="SubSonic.Tests, Version=2.2.1.0, Culture=neutral, PublicKeyToken=null" namespace="SubSonic.Tests.SqlQuery" type="SubSonic.Tests.SqlQuery.AggregateTests" member="Exec_SingleAggregateWithWhere" />
                  <codeLocation path="C:\data\SubsonicRoot\ss2\SubSonic.Tests\SqlQuery\AggregateTests.cs" line="174" />
                  <metadata>
                    <entry key="TestKind">
                      <value>Test</value>
                    </entry>
                  </metadata>
                  <children />
                  <parameters />
                </test>
              </children>
              <parameters />
            </test>
            <test id="68a95a4990db42f5" name="CodeGeneratorTests" fullName="SubSonic.Tests/CodeGeneratorTests" isTestCase="false">
              <codeReference assembly="SubSonic.Tests, Version=2.2.1.0, Culture=neutral, PublicKeyToken=null" namespace="SubSonic.Tests" type="SubSonic.Tests.CodeGeneratorTests" />
              <codeLocation path="C:\data\SubsonicRoot\ss2\SubSonic.Tests\CodeGeneratorTests.cs" />
              <metadata>
                <entry key="TestKind">
                  <value>Fixture</value>
                </entry>
              </metadata>
              <children>
                <test id="e7521bc44996209e" name="CodeGen2_RunViewTemplate" fullName="SubSonic.Tests/CodeGeneratorTests/CodeGen2_RunViewTemplate" isTestCase="true">
                  <codeReference assembly="SubSonic.Tests, Version=2.2.1.0, Culture=neutral, PublicKeyToken=null" namespace="SubSonic.Tests" type="SubSonic.Tests.CodeGeneratorTests" member="CodeGen2_RunViewTemplate" />
                  <codeLocation path="C:\data\SubsonicRoot\ss2\SubSonic.Tests\CodeGeneratorTests.cs" line="57" />
                  <metadata>
                    <entry key="TestKind">
                      <value>Test</value>
                    </entry>
                  </metadata>
                  <children />
                  <parameters />
                </test>
                <test id="573732acbb6181e2" name="CodeGen2_RunSPTemplate" fullName="SubSonic.Tests/CodeGeneratorTests/CodeGen2_RunSPTemplate" isTestCase="true">
                  <codeReference assembly="SubSonic.Tests, Version=2.2.1.0, Culture=neutral, PublicKeyToken=null" namespace="SubSonic.Tests" type="SubSonic.Tests.CodeGeneratorTests" member="CodeGen2_RunSPTemplate" />
                  <codeLocation path="C:\data\SubsonicRoot\ss2\SubSonic.Tests\CodeGeneratorTests.cs" line="45" />
                  <metadata>
                    <entry key="TestKind">
                      <value>Test</value>
                    </entry>
                  </metadata>
                  <children />
                  <parameters />
                </test>
                <test id="ab367a6e1fd0314f" name="CodeGen2_RunClassTemplate" fullName="SubSonic.Tests/CodeGeneratorTests/CodeGen2_RunClassTemplate" isTestCase="true">
                  <codeReference assembly="SubSonic.Tests, Version=2.2.1.0, Culture=neutral, PublicKeyToken=null" namespace="SubSonic.Tests" type="SubSonic.Tests.CodeGeneratorTests" member="CodeGen2_RunClassTemplate" />
                  <codeLocation path="C:\data\SubsonicRoot\ss2\SubSonic.Tests\CodeGeneratorTests.cs" line="32" />
                  <metadata>
                    <entry key="TestKind">
                      <value>Test</value>
                    </entry>
                  </metadata>
                  <children />
                  <parameters />
                </test>
                <test id="27cccb231a0e354c" name="CodeGen2_RunStructTemplate" fullName="SubSonic.Tests/CodeGeneratorTests/CodeGen2_RunStructTemplate" isTestCase="true">
                  <codeReference assembly="SubSonic.Tests, Version=2.2.1.0, Culture=neutral, PublicKeyToken=null" namespace="SubSonic.Tests" type="SubSonic.Tests.CodeGeneratorTests" member="CodeGen2_RunStructTemplate" />
                  <codeLocation path="C:\data\SubsonicRoot\ss2\SubSonic.Tests\CodeGeneratorTests.cs" line="69" />
                  <metadata>
                    <entry key="TestKind">
                      <value>Test</value>
                    </entry>
                  </metadata>
                  <children />
                  <parameters />
                </test>
                <test id="9838a277a9925ec8" name="CodeGen2_VBRunViewTemplate" fullName="SubSonic.Tests/CodeGeneratorTests/CodeGen2_VBRunViewTemplate" isTestCase="true">
                  <codeReference assembly="SubSonic.Tests, Version=2.2.1.0, Culture=neutral, PublicKeyToken=null" namespace="SubSonic.Tests" type="SubSonic.Tests.CodeGeneratorTests" member="CodeGen2_VBRunViewTemplate" />
                  <codeLocation path="C:\data\SubsonicRoot\ss2\SubSonic.Tests\CodeGeneratorTests.cs" line="105" />
                  <metadata>
                    <entry key="TestKind">
                      <value>Test</value>
                    </entry>
                  </metadata>
                  <children />
                  <parameters />
                </test>
                <test id="b7bffc3c3d64b19d" name="CodeGen2_VBRunStructTemplate" fullName="SubSonic.Tests/CodeGeneratorTests/CodeGen2_VBRunStructTemplate" isTestCase="true">
                  <codeReference assembly="SubSonic.Tests, Version=2.2.1.0, Culture=neutral, PublicKeyToken=null" namespace="SubSonic.Tests" type="SubSonic.Tests.CodeGeneratorTests" member="CodeGen2_VBRunStructTemplate" />
                  <codeLocation path="C:\data\SubsonicRoot\ss2\SubSonic.Tests\CodeGeneratorTests.cs" line="117" />
                  <metadata>
                    <entry key="TestKind">
                      <value>Test</value>
                    </entry>
                  </metadata>
                  <children />
                  <parameters />
                </test>
                <test id="842b6141754bee7d" name="CodeGen2_VBRunClassTemplate" fullName="SubSonic.Tests/CodeGeneratorTests/CodeGen2_VBRunClassTemplate" isTestCase="true">
                  <codeReference assembly="SubSonic.Tests, Version=2.2.1.0, Culture=neutral, PublicKeyToken=null" namespace="SubSonic.Tests" type="SubSonic.Tests.CodeGeneratorTests" member="CodeGen2_VBRunClassTemplate" />
                  <codeLocation path="C:\data\SubsonicRoot\ss2\SubSonic.Tests\CodeGeneratorTests.cs" line="81" />
                  <metadata>
                    <entry key="TestKind">
                      <value>Test</value>
                    </entry>
                  </metadata>
                  <children />
                  <parameters />
                </test>
                <test id="9d63ffb3fed84048" name="CodeGen2_VBRunSPTemplate" fullName="SubSonic.Tests/CodeGeneratorTests/CodeGen2_VBRunSPTemplate" isTestCase="true">
                  <codeReference assembly="SubSonic.Tests, Version=2.2.1.0, Culture=neutral, PublicKeyToken=null" namespace="SubSonic.Tests" type="SubSonic.Tests.CodeGeneratorTests" member="CodeGen2_VBRunSPTemplate" />
                  <codeLocation path="C:\data\SubsonicRoot\ss2\SubSonic.Tests\CodeGeneratorTests.cs" line="93" />
                  <metadata>
                    <entry key="TestKind">
                      <value>Test</value>
                    </entry>
                  </metadata>
                  <children />
                  <parameters />
                </test>
              </children>
              <parameters />
            </test>
            <test id="babe4e099f85aa64" name="SugarTests" fullName="SubSonic.Tests/SugarTests" isTestCase="false">
              <codeReference assembly="SubSonic.Tests, Version=2.2.1.0, Culture=neutral, PublicKeyToken=null" namespace="SubSonic.Tests" type="SubSonic.Tests.SugarTests" />
              <codeLocation path="C:\data\SubsonicRoot\ss2\SubSonic.Tests\SugarTests.cs" />
              <metadata>
                <entry key="TestKind">
                  <value>Fixture</value>
                </entry>
              </metadata>
              <children>
                <test id="af2b9a98fb7c9a0a" name="Numbers_IsNumeric" fullName="SubSonic.Tests/SugarTests/Numbers_IsNumeric" isTestCase="true">
                  <codeReference assembly="SubSonic.Tests, Version=2.2.1.0, Culture=neutral, PublicKeyToken=null" namespace="SubSonic.Tests" type="SubSonic.Tests.SugarTests" member="Numbers_IsNumeric" />
                  <codeLocation path="C:\data\SubsonicRoot\ss2\SubSonic.Tests\SugarTests.cs" line="46" />
                  <metadata>
                    <entry key="TestKind">
                      <value>Test</value>
                    </entry>
                  </metadata>
                  <children />
                  <parameters />
                </test>
                <test id="c69717b4d30d292a" name="Dates_DaysAgo" fullName="SubSonic.Tests/SugarTests/Dates_DaysAgo" isTestCase="true">
                  <codeReference assembly="SubSonic.Tests, Version=2.2.1.0, Culture=neutral, PublicKeyToken=null" namespace="SubSonic.Tests" type="SubSonic.Tests.SugarTests" member="Dates_DaysAgo" />
                  <codeLocation path="C:\data\SubsonicRoot\ss2\SubSonic.Tests\SugarTests.cs" line="33" />
                  <metadata>
                    <entry key="TestKind">
                      <value>Test</value>
                    </entry>
                  </metadata>
                  <children />
                  <parameters />
                </test>
                <test id="9d1f3b426e0830d0" name="Numbers_IsInteger" fullName="SubSonic.Tests/SugarTests/Numbers_IsInteger" isTestCase="true">
                  <codeReference assembly="SubSonic.Tests, Version=2.2.1.0, Culture=neutral, PublicKeyToken=null" namespace="SubSonic.Tests" type="SubSonic.Tests.SugarTests" member="Numbers_IsInteger" />
                  <codeLocation path="C:\data\SubsonicRoot\ss2\SubSonic.Tests\SugarTests.cs" line="66" />
                  <metadata>
                    <entry key="TestKind">
                      <value>Test</value>
                    </entry>
                  </metadata>
                  <children />
                  <parameters />
                </test>
                <test id="d3f05500890def04" name="Validation_IsCreditCardAny" fullName="SubSonic.Tests/SugarTests/Validation_IsCreditCardAny" isTestCase="true">
                  <codeReference assembly="SubSonic.Tests, Version=2.2.1.0, Culture=neutral, PublicKeyToken=null" namespace="SubSonic.Tests" type="SubSonic.Tests.SugarTests" member="Validation_IsCreditCardAny" />
                  <codeLocation path="C:\data\SubsonicRoot\ss2\SubSonic.Tests\SugarTests.cs" line="155" />
                  <metadata>
                    <entry key="TestKind">
                      <value>Test</value>
                    </entry>
                  </metadata>
                  <children />
                  <parameters>
                    <parameter id="d3f05500890def04@creditCardNumber" name="creditCardNumber">
                      <codeReference assembly="SubSonic.Tests, Version=2.2.1.0, Culture=neutral, PublicKeyToken=null" namespace="SubSonic.Tests" type="SubSonic.Tests.SugarTests" member="Validation_IsCreditCardAny" parameter="creditCardNumber" />
                      <codeLocation />
                      <metadata />
                    </parameter>
                    <parameter id="d3f05500890def04@expected" name="expected">
                      <codeReference assembly="SubSonic.Tests, Version=2.2.1.0, Culture=neutral, PublicKeyToken=null" namespace="SubSonic.Tests" type="SubSonic.Tests.SugarTests" member="Validation_IsCreditCardAny" parameter="expected" />
                      <codeLocation />
                      <metadata />
                    </parameter>
                  </parameters>
                </test>
                <test id="d6b2470982053183" name="Dates_ReadableDiff" fullName="SubSonic.Tests/SugarTests/Dates_ReadableDiff" isTestCase="true">
                  <codeReference assembly="SubSonic.Tests, Version=2.2.1.0, Culture=neutral, PublicKeyToken=null" namespace="SubSonic.Tests" type="SubSonic.Tests.SugarTests" member="Dates_ReadableDiff" />
                  <codeLocation path="C:\data\SubsonicRoot\ss2\SubSonic.Tests\SugarTests.cs" line="121" />
                  <metadata>
                    <entry key="TestKind">
                      <value>Test</value>
                    </entry>
                  </metadata>
                  <children />
                  <parameters>
                    <parameter id="d6b2470982053183@startTime" name="startTime">
                      <codeReference assembly="SubSonic.Tests, Version=2.2.1.0, Culture=neutral, PublicKeyToken=null" namespace="SubSonic.Tests" type="SubSonic.Tests.SugarTests" member="Dates_ReadableDiff" parameter="startTime" />
                      <codeLocation />
                      <metadata />
                    </parameter>
                    <parameter id="d6b2470982053183@endTime" name="endTime">
                      <codeReference assembly="SubSonic.Tests, Version=2.2.1.0, Culture=neutral, PublicKeyToken=null" namespace="SubSonic.Tests" type="SubSonic.Tests.SugarTests" member="Dates_ReadableDiff" parameter="endTime" />
                      <codeLocation />
                      <metadata />
                    </parameter>
                    <parameter id="d6b2470982053183@expected" name="expected">
                      <codeReference assembly="SubSonic.Tests, Version=2.2.1.0, Culture=neutral, PublicKeyToken=null" namespace="SubSonic.Tests" type="SubSonic.Tests.SugarTests" member="Dates_ReadableDiff" parameter="expected" />
                      <codeLocation />
                      <metadata />
                    </parameter>
                  </parameters>
                </test>
                <test id="465b4d4accd38006" name="Strings_IsAlpha" fullName="SubSonic.Tests/SugarTests/Strings_IsAlpha" isTestCase="true">
                  <codeReference assembly="SubSonic.Tests, Version=2.2.1.0, Culture=neutral, PublicKeyToken=null" namespace="SubSonic.Tests" type="SubSonic.Tests.SugarTests" member="Strings_IsAlpha" />
                  <codeLocation path="C:\data\SubsonicRoot\ss2\SubSonic.Tests\SugarTests.cs" line="82" />
                  <metadata>
                    <entry key="TestKind">
                      <value>Test</value>
                    </entry>
                  </metadata>
                  <children />
                  <parameters />
                </test>
              </children>
              <parameters />
            </test>
            <test id="ac150421ef5e6b01" name="MySqlTests" fullName="SubSonic.Tests/MySqlTests" isTestCase="false">
              <codeReference assembly="SubSonic.Tests, Version=2.2.1.0, Culture=neutral, PublicKeyToken=null" namespace="SubSonic.Tests" type="SubSonic.Tests.MySqlTests" />
              <codeLocation path="C:\data\SubsonicRoot\ss2\SubSonic.Tests\MySqlTests.cs" />
              <metadata>
                <entry key="TestKind">
                  <value>Fixture</value>
                </entry>
              </metadata>
              <children>
                <test id="be8622380961903f" name="CorrectSchemaLoad" fullName="SubSonic.Tests/MySqlTests/CorrectSchemaLoad" isTestCase="true">
                  <codeReference assembly="SubSonic.Tests, Version=2.2.1.0, Culture=neutral, PublicKeyToken=null" namespace="SubSonic.Tests" type="SubSonic.Tests.MySqlTests" member="CorrectSchemaLoad" />
                  <codeLocation path="C:\data\SubsonicRoot\ss2\SubSonic.Tests\MySqlTests.cs" line="28" />
                  <metadata>
                    <entry key="TestKind">
                      <value>Test</value>
                    </entry>
                  </metadata>
                  <children />
                  <parameters />
                </test>
              </children>
              <parameters />
            </test>
            <test id="a4b3d38ff5d95786" name="InlineQueryTests" fullName="SubSonic.Tests/InlineQueryTests" isTestCase="false">
              <codeReference assembly="SubSonic.Tests, Version=2.2.1.0, Culture=neutral, PublicKeyToken=null" namespace="SubSonic.Tests.SqlQuery" type="SubSonic.Tests.SqlQuery.InlineQueryTests" />
              <codeLocation path="C:\data\SubsonicRoot\ss2\SubSonic.Tests\SqlQuery\InlineQueryTests.cs" />
              <metadata>
                <entry key="TestKind">
                  <value>Fixture</value>
                </entry>
              </metadata>
              <children>
                <test id="701cd850fa67c6c9" name="Inline_Simple" fullName="SubSonic.Tests/InlineQueryTests/Inline_Simple" isTestCase="true">
                  <codeReference assembly="SubSonic.Tests, Version=2.2.1.0, Culture=neutral, PublicKeyToken=null" namespace="SubSonic.Tests.SqlQuery" type="SubSonic.Tests.SqlQuery.InlineQueryTests" member="Inline_Simple" />
                  <codeLocation path="C:\data\SubsonicRoot\ss2\SubSonic.Tests\SqlQuery\InlineQueryTests.cs" line="27" />
                  <metadata>
                    <entry key="TestKind">
                      <value>Test</value>
                    </entry>
                  </metadata>
                  <children />
                  <parameters />
                </test>
                <test id="505820a5874ad648" name="Inline_AsCollection" fullName="SubSonic.Tests/InlineQueryTests/Inline_AsCollection" isTestCase="true">
                  <codeReference assembly="SubSonic.Tests, Version=2.2.1.0, Culture=neutral, PublicKeyToken=null" namespace="SubSonic.Tests.SqlQuery" type="SubSonic.Tests.SqlQuery.InlineQueryTests" member="Inline_AsCollection" />
                  <codeLocation path="C:\data\SubsonicRoot\ss2\SubSonic.Tests\SqlQuery\InlineQueryTests.cs" line="43" />
                  <metadata>
                    <entry key="TestKind">
                      <value>Test</value>
                    </entry>
                  </metadata>
                  <children />
                  <parameters />
                </test>
                <test id="888f3066ed2a4bc1" name="Inline_WithCommands" fullName="SubSonic.Tests/InlineQueryTests/Inline_WithCommands" isTestCase="true">
                  <codeReference assembly="SubSonic.Tests, Version=2.2.1.0, Culture=neutral, PublicKeyToken=null" namespace="SubSonic.Tests.SqlQuery" type="SubSonic.Tests.SqlQuery.InlineQueryTests" member="Inline_WithCommands" />
                  <codeLocation path="C:\data\SubsonicRoot\ss2\SubSonic.Tests\SqlQuery\InlineQueryTests.cs" line="34" />
                  <metadata>
                    <entry key="TestKind">
                      <value>Test</value>
                    </entry>
                  </metadata>
                  <children />
                  <parameters />
                </test>
              </children>
              <parameters />
            </test>
            <test id="5bc31031dabd1cc3" name="MigrationTests" fullName="SubSonic.Tests/MigrationTests" isTestCase="false">
              <codeReference assembly="SubSonic.Tests, Version=2.2.1.0, Culture=neutral, PublicKeyToken=null" namespace="SubSonic.Tests.Migrations" type="SubSonic.Tests.Migrations.MigrationTests" />
              <codeLocation path="C:\data\SubsonicRoot\ss2\SubSonic.Tests\Migrations\MigrationTests.cs" />
              <metadata>
                <entry key="TestKind">
                  <value>Fixture</value>
                </entry>
              </metadata>
              <children>
                <test id="4191394411848969" name="CreateTable_Should_Allow_Char3_As_PrimaryKey" fullName="SubSonic.Tests/MigrationTests/CreateTable_Should_Allow_Char3_As_PrimaryKey" isTestCase="true">
                  <codeReference assembly="SubSonic.Tests, Version=2.2.1.0, Culture=neutral, PublicKeyToken=null" namespace="SubSonic.Tests.Migrations" type="SubSonic.Tests.Migrations.MigrationTests" member="CreateTable_Should_Allow_Char3_As_PrimaryKey" />
                  <codeLocation path="C:\data\SubsonicRoot\ss2\SubSonic.Tests\Migrations\MigrationTests.cs" line="286" />
                  <metadata>
                    <entry key="TestKind">
                      <value>Test</value>
                    </entry>
                  </metadata>
                  <children />
                  <parameters />
                </test>
                <test id="4abcbd35596f771b" name="MigrationMySql" fullName="SubSonic.Tests/MigrationTests/MigrationMySql" isTestCase="true">
                  <codeReference assembly="SubSonic.Tests, Version=2.2.1.0, Culture=neutral, PublicKeyToken=null" namespace="SubSonic.Tests.Migrations" type="SubSonic.Tests.Migrations.MigrationTests" member="MigrationMySql" />
                  <codeLocation path="C:\data\SubsonicRoot\ss2\SubSonic.Tests\Migrations\MigrationTests.cs" line="265" />
                  <metadata>
                    <entry key="TestKind">
                      <value>Test</value>
                    </entry>
                  </metadata>
                  <children />
                  <parameters />
                </test>
                <test id="6ad5e975aee08ddf" name="MigrationGenerateCreateTablesSql" fullName="SubSonic.Tests/MigrationTests/MigrationGenerateCreateTablesSql" isTestCase="true">
                  <codeReference assembly="SubSonic.Tests, Version=2.2.1.0, Culture=neutral, PublicKeyToken=null" namespace="SubSonic.Tests.Migrations" type="SubSonic.Tests.Migrations.MigrationTests" member="MigrationGenerateCreateTablesSql" />
                  <codeLocation path="C:\data\SubsonicRoot\ss2\SubSonic.Tests\Migrations\MigrationTests.cs" line="18" />
                  <metadata>
                    <entry key="TestKind">
                      <value>Test</value>
                    </entry>
                  </metadata>
                  <children />
                  <parameters />
                </test>
                <test id="fca4a854339d17cf" name="Dual_ForeignKey_Relationships_ShouldBe_Possible_From_One_To_Many" fullName="SubSonic.Tests/MigrationTests/Dual_ForeignKey_Relationships_ShouldBe_Possible_From_One_To_Many" isTestCase="true">
                  <codeReference assembly="SubSonic.Tests, Version=2.2.1.0, Culture=neutral, PublicKeyToken=null" namespace="SubSonic.Tests.Migrations" type="SubSonic.Tests.Migrations.MigrationTests" member="Dual_ForeignKey_Relationships_ShouldBe_Possible_From_One_To_Many" />
                  <codeLocation path="C:\data\SubsonicRoot\ss2\SubSonic.Tests\Migrations\MigrationTests.cs" line="310" />
                  <metadata>
                    <entry key="TestKind">
                      <value>Test</value>
                    </entry>
                  </metadata>
                  <children />
                  <parameters />
                </test>
                <test id="71cebd88972a170d" name="MigrateDownFromZero" fullName="SubSonic.Tests/MigrationTests/MigrateDownFromZero" isTestCase="true">
                  <codeReference assembly="SubSonic.Tests, Version=2.2.1.0, Culture=neutral, PublicKeyToken=null" namespace="SubSonic.Tests.Migrations" type="SubSonic.Tests.Migrations.MigrationTests" member="MigrateDownFromZero" />
                  <codeLocation path="C:\data\SubsonicRoot\ss2\SubSonic.Tests\Migrations\MigrationTests.cs" line="69" />
                  <metadata>
                    <entry key="TestKind">
                      <value>Test</value>
                    </entry>
                  </metadata>
                  <children />
                  <parameters />
                </test>
                <test id="bd66417745aec781" name="MigrateUpDownNegative1" fullName="SubSonic.Tests/MigrationTests/MigrateUpDownNegative1" isTestCase="true">
                  <codeReference assembly="SubSonic.Tests, Version=2.2.1.0, Culture=neutral, PublicKeyToken=null" namespace="SubSonic.Tests.Migrations" type="SubSonic.Tests.Migrations.MigrationTests" member="MigrateUpDownNegative1" />
                  <codeLocation path="C:\data\SubsonicRoot\ss2\SubSonic.Tests\Migrations\MigrationTests.cs" line="79" />
                  <metadata>
                    <entry key="TestKind">
                      <value>Test</value>
                    </entry>
                  </metadata>
                  <children />
                  <parameters />
                </test>
                <test id="79ec5c9c7b50141d" name="MigrationUpDown" fullName="SubSonic.Tests/MigrationTests/MigrationUpDown" isTestCase="true">
                  <codeReference assembly="SubSonic.Tests, Version=2.2.1.0, Culture=neutral, PublicKeyToken=null" namespace="SubSonic.Tests.Migrations" type="SubSonic.Tests.Migrations.MigrationTests" member="MigrationUpDown" />
                  <codeLocation path="C:\data\SubsonicRoot\ss2\SubSonic.Tests\Migrations\MigrationTests.cs" line="102" />
                  <metadata>
                    <entry key="TestKind">
                      <value>Test</value>
                    </entry>
                  </metadata>
                  <children />
                  <parameters />
                </test>
                <test id="1989de16e4cda26b" name="MigrationGenerateDropTablesSql" fullName="SubSonic.Tests/MigrationTests/MigrationGenerateDropTablesSql" isTestCase="true">
                  <codeReference assembly="SubSonic.Tests, Version=2.2.1.0, Culture=neutral, PublicKeyToken=null" namespace="SubSonic.Tests.Migrations" type="SubSonic.Tests.Migrations.MigrationTests" member="MigrationGenerateDropTablesSql" />
                  <codeLocation path="C:\data\SubsonicRoot\ss2\SubSonic.Tests\Migrations\MigrationTests.cs" line="29" />
                  <metadata>
                    <entry key="TestKind">
                      <value>Test</value>
                    </entry>
                  </metadata>
                  <children />
                  <parameters />
                </test>
                <test id="fc1403bbd9c21f26" name="Migration_SQL_Generation_AddRemoveColumns" fullName="SubSonic.Tests/MigrationTests/Migration_SQL_Generation_AddRemoveColumns" isTestCase="true">
                  <codeReference assembly="SubSonic.Tests, Version=2.2.1.0, Culture=neutral, PublicKeyToken=null" namespace="SubSonic.Tests.Migrations" type="SubSonic.Tests.Migrations.MigrationTests" member="Migration_SQL_Generation_AddRemoveColumns" />
                  <codeLocation path="C:\data\SubsonicRoot\ss2\SubSonic.Tests\Migrations\MigrationTests.cs" line="41" />
                  <metadata>
                    <entry key="TestKind">
                      <value>Test</value>
                    </entry>
                  </metadata>
                  <children />
                  <parameters />
                </test>
                <test id="c1db2d4e72754f2c" name="MigrationUpwithErrors" fullName="SubSonic.Tests/MigrationTests/MigrationUpwithErrors" isTestCase="true">
                  <codeReference assembly="SubSonic.Tests, Version=2.2.1.0, Culture=neutral, PublicKeyToken=null" namespace="SubSonic.Tests.Migrations" type="SubSonic.Tests.Migrations.MigrationTests" member="MigrationUpwithErrors" />
                  <codeLocation path="C:\data\SubsonicRoot\ss2\SubSonic.Tests\Migrations\MigrationTests.cs" line="127" />
                  <metadata>
                    <entry key="TestKind">
                      <value>Test</value>
                    </entry>
                  </metadata>
                  <children />
                  <parameters />
                </test>
                <test id="68b84e1f9a9c2bc8" name="MigrationShouldExecMultipleMigrations" fullName="SubSonic.Tests/MigrationTests/MigrationShouldExecMultipleMigrations" isTestCase="true">
                  <codeReference assembly="SubSonic.Tests, Version=2.2.1.0, Culture=neutral, PublicKeyToken=null" namespace="SubSonic.Tests.Migrations" type="SubSonic.Tests.Migrations.MigrationTests" member="MigrationShouldExecMultipleMigrations" />
                  <codeLocation path="C:\data\SubsonicRoot\ss2\SubSonic.Tests\Migrations\MigrationTests.cs" line="205" />
                  <metadata>
                    <entry key="TestKind">
                      <value>Test</value>
                    </entry>
                  </metadata>
                  <children />
                  <parameters />
                </test>
                <test id="9b9ec6dd8cf18626" name="MigrationOnDispose" fullName="SubSonic.Tests/MigrationTests/MigrationOnDispose" isTestCase="true">
                  <codeReference assembly="SubSonic.Tests, Version=2.2.1.0, Culture=neutral, PublicKeyToken=null" namespace="SubSonic.Tests.Migrations" type="SubSonic.Tests.Migrations.MigrationTests" member="MigrationOnDispose" />
                  <codeLocation path="C:\data\SubsonicRoot\ss2\SubSonic.Tests\Migrations\MigrationTests.cs" line="232" />
                  <metadata>
                    <entry key="TestKind">
                      <value>Test</value>
                    </entry>
                  </metadata>
                  <children />
                  <parameters />
                </test>
                <test id="bca569c17d71b8ce" name="MigrationExecute" fullName="SubSonic.Tests/MigrationTests/MigrationExecute" isTestCase="true">
                  <codeReference assembly="SubSonic.Tests, Version=2.2.1.0, Culture=neutral, PublicKeyToken=null" namespace="SubSonic.Tests.Migrations" type="SubSonic.Tests.Migrations.MigrationTests" member="MigrationExecute" />
                  <codeLocation path="C:\data\SubsonicRoot\ss2\SubSonic.Tests\Migrations\MigrationTests.cs" line="250" />
                  <metadata>
                    <entry key="TestKind">
                      <value>Test</value>
                    </entry>
                  </metadata>
                  <children />
                  <parameters />
                </test>
                <test id="941fe2e0ac31211e" name="MigrationAlterColumn" fullName="SubSonic.Tests/MigrationTests/MigrationAlterColumn" isTestCase="true">
                  <codeReference assembly="SubSonic.Tests, Version=2.2.1.0, Culture=neutral, PublicKeyToken=null" namespace="SubSonic.Tests.Migrations" type="SubSonic.Tests.Migrations.MigrationTests" member="MigrationAlterColumn" />
                  <codeLocation path="C:\data\SubsonicRoot\ss2\SubSonic.Tests\Migrations\MigrationTests.cs" line="148" />
                  <metadata>
                    <entry key="TestKind">
                      <value>Test</value>
                    </entry>
                  </metadata>
                  <children />
                  <parameters />
                </test>
                <test id="5fbd30d8d3c730d4" name="MigrationAddRemoveColumns" fullName="SubSonic.Tests/MigrationTests/MigrationAddRemoveColumns" isTestCase="true">
                  <codeReference assembly="SubSonic.Tests, Version=2.2.1.0, Culture=neutral, PublicKeyToken=null" namespace="SubSonic.Tests.Migrations" type="SubSonic.Tests.Migrations.MigrationTests" member="MigrationAddRemoveColumns" />
                  <codeLocation path="C:\data\SubsonicRoot\ss2\SubSonic.Tests\Migrations\MigrationTests.cs" line="171" />
                  <metadata>
                    <entry key="TestKind">
                      <value>Test</value>
                    </entry>
                  </metadata>
                  <children />
                  <parameters />
                </test>
                <test id="cfe29af00870094c" name="MigrationShouldCreateAndDropTestTable" fullName="SubSonic.Tests/MigrationTests/MigrationShouldCreateAndDropTestTable" isTestCase="true">
                  <codeReference assembly="SubSonic.Tests, Version=2.2.1.0, Culture=neutral, PublicKeyToken=null" namespace="SubSonic.Tests.Migrations" type="SubSonic.Tests.Migrations.MigrationTests" member="MigrationShouldCreateAndDropTestTable" />
                  <codeLocation path="C:\data\SubsonicRoot\ss2\SubSonic.Tests\Migrations\MigrationTests.cs" line="184" />
                  <metadata>
                    <entry key="TestKind">
                      <value>Test</value>
                    </entry>
                  </metadata>
                  <children />
                  <parameters />
                </test>
              </children>
              <parameters />
            </test>
          </children>
          <parameters />
        </test>
      </children>
      <parameters />
    </test>
    <annotations />
  </testModel>
  <testPackageRun startTime="2011-08-05T13:39:29.2118455+09:30" endTime="2011-08-05T13:40:08.9462205+09:30">
    <testStepRun startTime="2011-08-05T13:39:32.4149705+09:30" endTime="2011-08-05T13:40:08.9462205+09:30">
      <testStep id="94d0fb7b4195800f" name="Root" fullName="" testId="c2722843734a7a54" isPrimary="true" isTestCase="false" isDynamic="false">
        <codeReference />
        <codeLocation />
        <metadata>
          <entry key="TestKind">
            <value>Root</value>
          </entry>
        </metadata>
      </testStep>
      <children>
        <testStepRun startTime="2011-08-05T13:39:32.5087205+09:30" endTime="2011-08-05T13:40:07.1649705+09:30">
          <testStep id="5d54992f557f9558" name="SubSonic.Tests" fullName="SubSonic.Tests" testId="af69a8159bbce33b" isPrimary="true" isTestCase="false" isDynamic="false">
            <codeReference assembly="SubSonic.Tests, Version=2.2.1.0, Culture=neutral, PublicKeyToken=null" />
            <codeLocation path="C:\data\SubsonicRoot\ss2\SubSonic.Tests\bin\Debug\SubSonic.Tests.DLL" />
            <metadata>
              <entry key="TestKind">
                <value>MbUnit v3 Assembly</value>
              </entry>
              <entry key="File">
                <value>C:\data\SubsonicRoot\ss2\SubSonic.Tests\bin\Debug\SubSonic.Tests.DLL</value>
              </entry>
              <entry key="CodeBase">
                <value>C:\data\SubsonicRoot\ss2\SubSonic.Tests\bin\Debug\SubSonic.Tests.DLL</value>
              </entry>
              <entry key="Copyright">
                <value>Copyright Â©2006-2009 The SubSonic Project</value>
              </entry>
              <entry key="FileVersion">
                <value>2.2.1.0</value>
              </entry>
              <entry key="Product">
                <value>SubSonic.Tests</value>
              </entry>
              <entry key="Title">
                <value>SubSonic.Tests</value>
              </entry>
              <entry key="Version">
                <value>2.2.1.0</value>
              </entry>
              <entry key="Framework">
                <value>MbUnit v3.2 build 749</value>
              </entry>
            </metadata>
          </testStep>
          <children>
            <testStepRun startTime="2011-08-05T13:39:32.5399705+09:30" endTime="2011-08-05T13:39:44.7743455+09:30">
              <testStep id="33cc4d4d024cbc20" name="ActiveListTests" fullName="SubSonic.Tests/ActiveListTests" testId="bc7166f99ef30223" isPrimary="true" isTestCase="false" isDynamic="false">
                <codeReference assembly="SubSonic.Tests, Version=2.2.1.0, Culture=neutral, PublicKeyToken=null" namespace="SubSonic.Tests" type="SubSonic.Tests.ActiveListTests" />
                <codeLocation path="C:\data\SubsonicRoot\ss2\SubSonic.Tests\ActiveListTests.cs" />
                <metadata>
                  <entry key="TestKind">
                    <value>Fixture</value>
                  </entry>
                </metadata>
              </testStep>
              <children>
                <testStepRun startTime="2011-08-05T13:39:32.5712205+09:30" endTime="2011-08-05T13:39:40.2899705+09:30">
                  <testStep id="b1eaa5acf380ac56" name="BatchSaveInsert" fullName="SubSonic.Tests/ActiveListTests/BatchSaveInsert" testId="59081e8fe33bad22" isPrimary="true" isTestCase="true" isDynamic="false">
                    <codeReference assembly="SubSonic.Tests, Version=2.2.1.0, Culture=neutral, PublicKeyToken=null" namespace="SubSonic.Tests" type="SubSonic.Tests.ActiveListTests" member="BatchSaveInsert" />
                    <codeLocation path="C:\data\SubsonicRoot\ss2\SubSonic.Tests\ActiveListTests.cs" line="51" />
                    <metadata>
                      <entry key="TestKind">
                        <value>Test</value>
                      </entry>
                    </metadata>
                  </testStep>
                  <children />
                  <result assertCount="2" duration="7.7192824999999994">
                    <outcome status="passed" />
                  </result>
                  <testLog>
                    <streams />
                    <attachments />
                  </testLog>
                </testStepRun>
                <testStepRun startTime="2011-08-05T13:39:40.3212205+09:30" endTime="2011-08-05T13:39:41.9618455+09:30">
                  <testStep id="878edfe6137551dd" name="BatchSaveUpdate" fullName="SubSonic.Tests/ActiveListTests/BatchSaveUpdate" testId="c10c3bb6a31302d5" isPrimary="true" isTestCase="true" isDynamic="false">
                    <codeReference assembly="SubSonic.Tests, Version=2.2.1.0, Culture=neutral, PublicKeyToken=null" namespace="SubSonic.Tests" type="SubSonic.Tests.ActiveListTests" member="BatchSaveUpdate" />
                    <codeLocation path="C:\data\SubsonicRoot\ss2\SubSonic.Tests\ActiveListTests.cs" line="130" />
                    <metadata>
                      <entry key="TestKind">
                        <value>Test</value>
                      </entry>
                    </metadata>
                  </testStep>
                  <children />
                  <result assertCount="1002" duration="1.6671072">
                    <outcome status="passed" />
                  </result>
                  <testLog>
                    <streams />
                    <attachments />
                  </testLog>
                </testStepRun>
                <testStepRun startTime="2011-08-05T13:39:41.9618455+09:30" endTime="2011-08-05T13:39:43.1024705+09:30">
                  <testStep id="c6ff4eda11276598" name="BatchSaveUpdateNoChanges" fullName="SubSonic.Tests/ActiveListTests/BatchSaveUpdateNoChanges" testId="a1003a1d129446b2" isPrimary="true" isTestCase="true" isDynamic="false">
                    <codeReference assembly="SubSonic.Tests, Version=2.2.1.0, Culture=neutral, PublicKeyToken=null" namespace="SubSonic.Tests" type="SubSonic.Tests.ActiveListTests" member="BatchSaveUpdateNoChanges" />
                    <codeLocation path="C:\data\SubsonicRoot\ss2\SubSonic.Tests\ActiveListTests.cs" line="152" />
                    <metadata>
                      <entry key="TestKind">
                        <value>Test</value>
                      </entry>
                    </metadata>
                  </testStep>
                  <children />
                  <result assertCount="1002" duration="1.1121676999999999">
                    <outcome status="passed" />
                  </result>
                  <testLog>
                    <streams />
                    <attachments />
                  </testLog>
                </testStepRun>
                <testStepRun startTime="2011-08-05T13:39:43.1024705+09:30" endTime="2011-08-05T13:39:44.6493455+09:30">
                  <testStep id="b18426f7880135d0" name="DeferredDelete" fullName="SubSonic.Tests/ActiveListTests/DeferredDelete" testId="828dd42707b21bbe" isPrimary="true" isTestCase="true" isDynamic="false">
                    <codeReference assembly="SubSonic.Tests, Version=2.2.1.0, Culture=neutral, PublicKeyToken=null" namespace="SubSonic.Tests" type="SubSonic.Tests.ActiveListTests" member="DeferredDelete" />
                    <codeLocation path="C:\data\SubsonicRoot\ss2\SubSonic.Tests\ActiveListTests.cs" line="66" />
                    <metadata>
                      <entry key="TestKind">
                        <value>Test</value>
                      </entry>
                    </metadata>
                  </testStep>
                  <children />
                  <result assertCount="3" duration="1.5419578999999999">
                    <outcome status="passed" />
                  </result>
                  <testLog>
                    <streams />
                    <attachments />
                  </testLog>
                </testStepRun>
                <testStepRun startTime="2011-08-05T13:39:44.6493455+09:30" endTime="2011-08-05T13:39:44.7118455+09:30">
                  <testStep id="dc0070dd32fde099" name="ListSerialization" fullName="SubSonic.Tests/ActiveListTests/ListSerialization" testId="dc06ea3eb5ecffc" isPrimary="true" isTestCase="true" isDynamic="false">
                    <codeReference assembly="SubSonic.Tests, Version=2.2.1.0, Culture=neutral, PublicKeyToken=null" namespace="SubSonic.Tests" type="SubSonic.Tests.ActiveListTests" member="ListSerialization" />
                    <codeLocation path="C:\data\SubsonicRoot\ss2\SubSonic.Tests\ActiveListTests.cs" line="173" />
                    <metadata>
                      <entry key="TestKind">
                        <value>Test</value>
                      </entry>
                    </metadata>
                  </testStep>
                  <children />
                  <result assertCount="2" duration="0.054742799999999994">
                    <outcome status="passed" />
                  </result>
                  <testLog>
                    <streams />
                    <attachments />
                  </testLog>
                </testStepRun>
                <testStepRun startTime="2011-08-05T13:39:44.7274705+09:30" endTime="2011-08-05T13:39:44.7743455+09:30">
                  <testStep id="1c6260a13aa98290" name="ListTHelper" fullName="SubSonic.Tests/ActiveListTests/ListTHelper" testId="c63e43da4f9829e6" isPrimary="true" isTestCase="true" isDynamic="false">
                    <codeReference assembly="SubSonic.Tests, Version=2.2.1.0, Culture=neutral, PublicKeyToken=null" namespace="SubSonic.Tests" type="SubSonic.Tests.ActiveListTests" member="ListTHelper" />
                    <codeLocation path="C:\data\SubsonicRoot\ss2\SubSonic.Tests\ActiveListTests.cs" line="88" />
                    <metadata>
                      <entry key="TestKind">
                        <value>Test</value>
                      </entry>
                    </metadata>
                  </testStep>
                  <children />
                  <result assertCount="3" duration="0.0486534">
                    <outcome status="passed" />
                  </result>
                  <testLog>
                    <streams />
                    <attachments />
                  </testLog>
                </testStepRun>
              </children>
              <result assertCount="2014" duration="12.2444969">
                <outcome status="passed" />
              </result>
              <testLog>
                <streams />
                <attachments />
              </testLog>
            </testStepRun>
            <testStepRun startTime="2011-08-05T13:39:44.7899705+09:30" endTime="2011-08-05T13:39:45.4774705+09:30">
              <testStep id="9e405d65e043e199" name="ActiveRecordTest" fullName="SubSonic.Tests/ActiveRecordTest" testId="973cf89c2152aa4a" isPrimary="true" isTestCase="false" isDynamic="false">
                <codeReference assembly="SubSonic.Tests, Version=2.2.1.0, Culture=neutral, PublicKeyToken=null" namespace="SubSonic.Tests" type="SubSonic.Tests.ActiveRecordTest" />
                <codeLocation path="C:\data\SubsonicRoot\ss2\SubSonic.Tests\ActiveRecordTest.cs" />
                <metadata>
                  <entry key="TestKind">
                    <value>Fixture</value>
                  </entry>
                </metadata>
              </testStep>
              <children>
                <testStepRun startTime="2011-08-05T13:39:44.7899705+09:30" endTime="2011-08-05T13:39:44.9618455+09:30">
                  <testStep id="69b8627fe1e53c15" name="DirtyColumnsExist" fullName="SubSonic.Tests/ActiveRecordTest/DirtyColumnsExist" testId="95ba428346d485c8" isPrimary="true" isTestCase="true" isDynamic="false">
                    <codeReference assembly="SubSonic.Tests, Version=2.2.1.0, Culture=neutral, PublicKeyToken=null" namespace="SubSonic.Tests" type="SubSonic.Tests.ActiveRecordTest" member="DirtyColumnsExist" />
                    <codeLocation path="C:\data\SubsonicRoot\ss2\SubSonic.Tests\ActiveRecordTest.cs" line="257" />
                    <metadata>
                      <entry key="TestKind">
                        <value>Test</value>
                      </entry>
                    </metadata>
                  </testStep>
                  <children />
                  <result assertCount="2" duration="0.1661422">
                    <outcome status="passed" />
                  </result>
                  <testLog>
                    <streams />
                    <attachments />
                  </testLog>
                </testStepRun>
                <testStepRun startTime="2011-08-05T13:39:44.9618455+09:30" endTime="2011-08-05T13:39:44.9930955+09:30">
                  <testStep id="ae076ded28769283" name="GetNewCommand" fullName="SubSonic.Tests/ActiveRecordTest/GetNewCommand" testId="7d081ada19736f13" isPrimary="true" isTestCase="true" isDynamic="false">
                    <codeReference assembly="SubSonic.Tests, Version=2.2.1.0, Culture=neutral, PublicKeyToken=null" namespace="SubSonic.Tests" type="SubSonic.Tests.ActiveRecordTest" member="GetNewCommand" />
                    <codeLocation path="C:\data\SubsonicRoot\ss2\SubSonic.Tests\ActiveRecordTest.cs" line="132" />
                    <metadata>
                      <entry key="TestKind">
                        <value>Test</value>
                      </entry>
                    </metadata>
                  </testStep>
                  <children />
                  <result assertCount="3" duration="0.0371882">
                    <outcome status="passed" />
                  </result>
                  <testLog>
                    <streams />
                    <attachments />
                  </testLog>
                </testStepRun>
                <testStepRun startTime="2011-08-05T13:39:44.9930955+09:30" endTime="2011-08-05T13:39:45.0712205+09:30">
                  <testStep id="24ac2fe1ed62be86" name="GetNoChangesCommand" fullName="SubSonic.Tests/ActiveRecordTest/GetNoChangesCommand" testId="ab826f791528530e" isPrimary="true" isTestCase="true" isDynamic="false">
                    <codeReference assembly="SubSonic.Tests, Version=2.2.1.0, Culture=neutral, PublicKeyToken=null" namespace="SubSonic.Tests" type="SubSonic.Tests.ActiveRecordTest" member="GetNoChangesCommand" />
                    <codeLocation path="C:\data\SubsonicRoot\ss2\SubSonic.Tests\ActiveRecordTest.cs" line="161" />
                    <metadata>
                      <entry key="TestKind">
                        <value>Test</value>
                      </entry>
                    </metadata>
                  </testStep>
                  <children />
                  <result assertCount="3" duration="0.078674">
                    <outcome status="passed" />
                  </result>
                  <testLog>
                    <streams />
                    <attachments />
                  </testLog>
                </testStepRun>
                <testStepRun startTime="2011-08-05T13:39:45.0868455+09:30" endTime="2011-08-05T13:39:45.1337205+09:30">
                  <testStep id="b59074052298a394" name="GetUpdateCommand" fullName="SubSonic.Tests/ActiveRecordTest/GetUpdateCommand" testId="417c38654e97c64e" isPrimary="true" isTestCase="true" isDynamic="false">
                    <codeReference assembly="SubSonic.Tests, Version=2.2.1.0, Culture=neutral, PublicKeyToken=null" namespace="SubSonic.Tests" type="SubSonic.Tests.ActiveRecordTest" member="GetUpdateCommand" />
                    <codeLocation path="C:\data\SubsonicRoot\ss2\SubSonic.Tests\ActiveRecordTest.cs" line="145" />
                    <metadata>
                      <entry key="TestKind">
                        <value>Test</value>
                      </entry>
                    </metadata>
                  </testStep>
                  <children />
                  <result assertCount="4" duration="0.0523222">
                    <outcome status="passed" />
                  </result>
                  <testLog>
                    <streams />
                    <attachments />
                  </testLog>
                </testStepRun>
                <testStepRun startTime="2011-08-05T13:39:45.1337205+09:30" endTime="2011-08-05T13:39:45.2743455+09:30">
                  <testStep id="7b2615ff62d40cfe" name="Products_CollectionLoad" fullName="SubSonic.Tests/ActiveRecordTest/Products_CollectionLoad" testId="79f2d4a9b8bf6477" isPrimary="true" isTestCase="true" isDynamic="false">
                    <codeReference assembly="SubSonic.Tests, Version=2.2.1.0, Culture=neutral, PublicKeyToken=null" namespace="SubSonic.Tests" type="SubSonic.Tests.ActiveRecordTest" member="Products_CollectionLoad" />
                    <codeLocation path="C:\data\SubsonicRoot\ss2\SubSonic.Tests\ActiveRecordTest.cs" line="116" />
                    <metadata>
                      <entry key="TestKind">
                        <value>Test</value>
                      </entry>
                    </metadata>
                  </testStep>
                  <children />
                  <result assertCount="1" duration="0.1353728">
                    <outcome status="passed" />
                  </result>
                  <testLog>
                    <streams />
                    <attachments />
                  </testLog>
                </testStepRun>
                <testStepRun startTime="2011-08-05T13:39:45.2743455+09:30" endTime="2011-08-05T13:39:45.3055955+09:30">
                  <testStep id="d0eeac65eb327e4e" name="Products_Crud" fullName="SubSonic.Tests/ActiveRecordTest/Products_Crud" testId="9c01227d5c205df6" isPrimary="true" isTestCase="true" isDynamic="false">
                    <codeReference assembly="SubSonic.Tests, Version=2.2.1.0, Culture=neutral, PublicKeyToken=null" namespace="SubSonic.Tests" type="SubSonic.Tests.ActiveRecordTest" member="Products_Crud" />
                    <codeLocation path="C:\data\SubsonicRoot\ss2\SubSonic.Tests\ActiveRecordTest.cs" line="51" />
                    <metadata>
                      <entry key="TestKind">
                        <value>Test</value>
                      </entry>
                    </metadata>
                  </testStep>
                  <children />
                  <result assertCount="1" duration="0.027837999999999998">
                    <outcome status="passed" />
                  </result>
                  <testLog>
                    <streams />
                    <attachments />
                  </testLog>
                </testStepRun>
                <testStepRun startTime="2011-08-05T13:39:45.3055955+09:30" endTime="2011-08-05T13:39:45.4149705+09:30">
                  <testStep id="366c546ed68eefa3" name="Products_NullCrud" fullName="SubSonic.Tests/ActiveRecordTest/Products_NullCrud" testId="bc00b0d557b094a9" isPrimary="true" isTestCase="true" isDynamic="false">
                    <codeReference assembly="SubSonic.Tests, Version=2.2.1.0, Culture=neutral, PublicKeyToken=null" namespace="SubSonic.Tests" type="SubSonic.Tests.ActiveRecordTest" member="Products_NullCrud" />
                    <codeLocation path="C:\data\SubsonicRoot\ss2\SubSonic.Tests\ActiveRecordTest.cs" line="74" />
                    <metadata>
                      <entry key="TestKind">
                        <value>Test</value>
                      </entry>
                    </metadata>
                  </testStep>
                  <children />
                  <result assertCount="2" duration="0.11265589999999999">
                    <outcome status="passed" />
                  </result>
                  <testLog>
                    <streams />
                    <attachments />
                  </testLog>
                </testStepRun>
                <testStepRun startTime="2011-08-05T13:39:45.4305955+09:30" endTime="2011-08-05T13:39:45.4462205+09:30">
                  <testStep id="97411eb96b0c859" name="SaveWhenNotDirty" fullName="SubSonic.Tests/ActiveRecordTest/SaveWhenNotDirty" testId="69b78c9817173632" isPrimary="true" isTestCase="true" isDynamic="false">
                    <codeReference assembly="SubSonic.Tests, Version=2.2.1.0, Culture=neutral, PublicKeyToken=null" namespace="SubSonic.Tests" type="SubSonic.Tests.ActiveRecordTest" member="SaveWhenNotDirty" />
                    <codeLocation path="C:\data\SubsonicRoot\ss2\SubSonic.Tests\ActiveRecordTest.cs" line="176" />
                    <metadata>
                      <entry key="TestKind">
                        <value>Test</value>
                      </entry>
                    </metadata>
                  </testStep>
                  <children />
                  <result assertCount="3" duration="0.0234818">
                    <outcome status="passed" />
                  </result>
                  <testLog>
                    <streams />
                    <attachments />
                  </testLog>
                </testStepRun>
              </children>
              <result assertCount="19" duration="0.68163909999999994">
                <outcome status="passed" />
              </result>
              <testLog>
                <streams />
                <attachments />
              </testLog>
            </testStepRun>
            <testStepRun startTime="2011-08-05T13:39:45.4774705+09:30" endTime="2011-08-05T13:39:45.8680955+09:30">
              <testStep id="9a90934d66f4ff59" name="AggregateTests" fullName="SubSonic.Tests/AggregateTests" testId="7b08553eef1fbce5" isPrimary="true" isTestCase="false" isDynamic="false">
                <codeReference assembly="SubSonic.Tests, Version=2.2.1.0, Culture=neutral, PublicKeyToken=null" namespace="SubSonic.Tests.SqlQuery" type="SubSonic.Tests.SqlQuery.AggregateTests" />
                <codeLocation path="C:\data\SubsonicRoot\ss2\SubSonic.Tests\SqlQuery\AggregateTests.cs" />
                <metadata>
                  <entry key="TestKind">
                    <value>Fixture</value>
                  </entry>
                </metadata>
              </testStep>
              <children>
                <testStepRun startTime="2011-08-05T13:39:45.4774705+09:30" endTime="2011-08-05T13:39:45.5399705+09:30">
                  <testStep id="f1ea26a5f3674f01" name="Exec_AggregateAvg" fullName="SubSonic.Tests/AggregateTests/Exec_AggregateAvg" testId="87181fd2e72dc1a" isPrimary="true" isTestCase="true" isDynamic="false">
                    <codeReference assembly="SubSonic.Tests, Version=2.2.1.0, Culture=neutral, PublicKeyToken=null" namespace="SubSonic.Tests.SqlQuery" type="SubSonic.Tests.SqlQuery.AggregateTests" member="Exec_AggregateAvg" />
                    <codeLocation path="C:\data\SubsonicRoot\ss2\SubSonic.Tests\SqlQuery\AggregateTests.cs" line="38" />
                    <metadata>
                      <entry key="TestKind">
                        <value>Test</value>
                      </entry>
                    </metadata>
                  </testStep>
                  <children />
                  <result assertCount="4" duration="0.0624312">
                    <outcome status="passed" />
                  </result>
                  <testLog>
                    <streams />
                    <attachments />
                  </testLog>
                </testStepRun>
                <testStepRun startTime="2011-08-05T13:39:45.5399705+09:30" endTime="2011-08-05T13:39:45.5868455+09:30">
                  <testStep id="e9f511dee2132865" name="Exec_AggregateExpression" fullName="SubSonic.Tests/AggregateTests/Exec_AggregateExpression" testId="64b9671d42ac6226" isPrimary="true" isTestCase="true" isDynamic="false">
                    <codeReference assembly="SubSonic.Tests, Version=2.2.1.0, Culture=neutral, PublicKeyToken=null" namespace="SubSonic.Tests.SqlQuery" type="SubSonic.Tests.SqlQuery.AggregateTests" member="Exec_AggregateExpression" />
                    <codeLocation path="C:\data\SubsonicRoot\ss2\SubSonic.Tests\SqlQuery\AggregateTests.cs" line="26" />
                    <metadata>
                      <entry key="TestKind">
                        <value>Test</value>
                      </entry>
                    </metadata>
                  </testStep>
                  <children />
                  <result assertCount="1" duration="0.049242">
                    <outcome status="passed" />
                  </result>
                  <testLog>
                    <streams />
                    <attachments />
                  </testLog>
                </testStepRun>
                <testStepRun startTime="2011-08-05T13:39:45.5868455+09:30" endTime="2011-08-05T13:39:45.6493455+09:30">
                  <testStep id="65ae120836232950" name="Exec_AggregateMax" fullName="SubSonic.Tests/AggregateTests/Exec_AggregateMax" testId="8afea2ace33d2bc5" isPrimary="true" isTestCase="true" isDynamic="false">
                    <codeReference assembly="SubSonic.Tests, Version=2.2.1.0, Culture=neutral, PublicKeyToken=null" namespace="SubSonic.Tests.SqlQuery" type="SubSonic.Tests.SqlQuery.AggregateTests" member="Exec_AggregateMax" />
                    <codeLocation path="C:\data\SubsonicRoot\ss2\SubSonic.Tests\SqlQuery\AggregateTests.cs" line="72" />
                    <metadata>
                      <entry key="TestKind">
                        <value>Test</value>
                      </entry>
                    </metadata>
                  </testStep>
                  <children />
                  <result assertCount="4" duration="0.059338699999999994">
                    <outcome status="passed" />
                  </result>
                  <testLog>
                    <streams />
                    <attachments />
                  </testLog>
                </testStepRun>
                <testStepRun startTime="2011-08-05T13:39:45.6493455+09:30" endTime="2011-08-05T13:39:45.6805955+09:30">
                  <testStep id="734e0eedfcdd69ab" name="Exec_AggregateMin" fullName="SubSonic.Tests/AggregateTests/Exec_AggregateMin" testId="fe177be2cb358e99" isPrimary="true" isTestCase="true" isDynamic="false">
                    <codeReference assembly="SubSonic.Tests, Version=2.2.1.0, Culture=neutral, PublicKeyToken=null" namespace="SubSonic.Tests.SqlQuery" type="SubSonic.Tests.SqlQuery.AggregateTests" member="Exec_AggregateMin" />
                    <codeLocation path="C:\data\SubsonicRoot\ss2\SubSonic.Tests\SqlQuery\AggregateTests.cs" line="106" />
                    <metadata>
                      <entry key="TestKind">
                        <value>Test</value>
                      </entry>
                    </metadata>
                  </testStep>
                  <children />
                  <result assertCount="4" duration="0.0267511">
                    <outcome status="passed" />
                  </result>
                  <testLog>
                    <streams />
                    <attachments />
                  </testLog>
                </testStepRun>
                <testStepRun startTime="2011-08-05T13:39:45.6805955+09:30" endTime="2011-08-05T13:39:45.7430955+09:30">
                  <testStep id="ac7a386daa08e1df" name="Exec_AggregateStandardDeviation" fullName="SubSonic.Tests/AggregateTests/Exec_AggregateStandardDeviation" testId="332ed8a05646333b" isPrimary="true" isTestCase="true" isDynamic="false">
                    <codeReference assembly="SubSonic.Tests, Version=2.2.1.0, Culture=neutral, PublicKeyToken=null" namespace="SubSonic.Tests.SqlQuery" type="SubSonic.Tests.SqlQuery.AggregateTests" member="Exec_AggregateStandardDeviation" />
                    <codeLocation path="C:\data\SubsonicRoot\ss2\SubSonic.Tests\SqlQuery\AggregateTests.cs" line="140" />
                    <metadata>
                      <entry key="TestKind">
                        <value>Test</value>
                      </entry>
                    </metadata>
                  </testStep>
                  <children />
                  <result assertCount="4" duration="0.0692874">
                    <outcome status="passed" />
                  </result>
                  <testLog>
                    <streams />
                    <attachments />
                  </testLog>
                </testStepRun>
                <testStepRun startTime="2011-08-05T13:39:45.7587205+09:30" endTime="2011-08-05T13:39:45.7899705+09:30">
                  <testStep id="a7039329928bd598" name="Exec_AggregateWithWhereAndHaving" fullName="SubSonic.Tests/AggregateTests/Exec_AggregateWithWhereAndHaving" testId="11eeb8a06e6c0168" isPrimary="true" isTestCase="true" isDynamic="false">
                    <codeReference assembly="SubSonic.Tests, Version=2.2.1.0, Culture=neutral, PublicKeyToken=null" namespace="SubSonic.Tests.SqlQuery" type="SubSonic.Tests.SqlQuery.AggregateTests" member="Exec_AggregateWithWhereAndHaving" />
                    <codeLocation path="C:\data\SubsonicRoot\ss2\SubSonic.Tests\SqlQuery\AggregateTests.cs" line="187" />
                    <metadata>
                      <entry key="TestKind">
                        <value>Test</value>
                      </entry>
                    </metadata>
                  </testStep>
                  <children />
                  <result assertCount="1" duration="0.030649199999999998">
                    <outcome status="passed" />
                  </result>
                  <testLog>
                    <streams />
                    <attachments />
                  </testLog>
                </testStepRun>
                <testStepRun startTime="2011-08-05T13:39:45.7899705+09:30" endTime="2011-08-05T13:39:45.8212205+09:30">
                  <testStep id="9d20807baded8683" name="Exec_AggregateWithWhereNotHaving" fullName="SubSonic.Tests/AggregateTests/Exec_AggregateWithWhereNotHaving" testId="370dec0cba5c19da" isPrimary="true" isTestCase="true" isDynamic="false">
                    <codeReference assembly="SubSonic.Tests, Version=2.2.1.0, Culture=neutral, PublicKeyToken=null" namespace="SubSonic.Tests.SqlQuery" type="SubSonic.Tests.SqlQuery.AggregateTests" member="Exec_AggregateWithWhereNotHaving" />
                    <codeLocation path="C:\data\SubsonicRoot\ss2\SubSonic.Tests\SqlQuery\AggregateTests.cs" line="201" />
                    <metadata>
                      <entry key="TestKind">
                        <value>Test</value>
                      </entry>
                    </metadata>
                  </testStep>
                  <children />
                  <result assertCount="1" duration="0.026020599999999998">
                    <outcome status="passed" />
                  </result>
                  <testLog>
                    <streams />
                    <attachments />
                  </testLog>
                </testStepRun>
                <testStepRun startTime="2011-08-05T13:39:45.8368455+09:30" endTime="2011-08-05T13:39:45.8680955+09:30">
                  <testStep id="f926ea38663434a7" name="Exec_SingleAggregateWithWhere" fullName="SubSonic.Tests/AggregateTests/Exec_SingleAggregateWithWhere" testId="6b842429dd9d95f8" isPrimary="true" isTestCase="true" isDynamic="false">
                    <codeReference assembly="SubSonic.Tests, Version=2.2.1.0, Culture=neutral, PublicKeyToken=null" namespace="SubSonic.Tests.SqlQuery" type="SubSonic.Tests.SqlQuery.AggregateTests" member="Exec_SingleAggregateWithWhere" />
                    <codeLocation path="C:\data\SubsonicRoot\ss2\SubSonic.Tests\SqlQuery\AggregateTests.cs" line="174" />
                    <metadata>
                      <entry key="TestKind">
                        <value>Test</value>
                      </entry>
                    </metadata>
                  </testStep>
                  <children />
                  <result assertCount="1" duration="0.0372264">
                    <outcome status="passed" />
                  </result>
                  <testLog>
                    <streams />
                    <attachments />
                  </testLog>
                </testStepRun>
              </children>
              <result assertCount="20" duration="0.400159">
                <outcome status="passed" />
              </result>
              <testLog>
                <streams />
                <attachments />
              </testLog>
            </testStepRun>
            <testStepRun startTime="2011-08-05T13:39:45.8680955+09:30" endTime="2011-08-05T13:39:45.8993455+09:30">
              <testStep id="3af5cb1d57764d9c" name="AssemblyFixture" fullName="SubSonic.Tests/AssemblyFixture" testId="51fe5df55b58f055" isPrimary="true" isTestCase="false" isDynamic="false">
                <codeReference assembly="SubSonic.Tests, Version=2.2.1.0, Culture=neutral, PublicKeyToken=null" namespace="SubSonic.Tests" type="SubSonic.Tests.AssemblyFixture" />
                <codeLocation path="C:\data\SubsonicRoot\ss2\SubSonic.Tests\AssemblyCleaner.cs" />
                <metadata>
                  <entry key="TestKind">
                    <value>Fixture</value>
                  </entry>
                </metadata>
              </testStep>
              <children />
              <result assertCount="0" duration="0.0016164999999999999">
                <outcome status="passed" />
              </result>
              <testLog>
                <streams />
                <attachments />
              </testLog>
            </testStepRun>
            <testStepRun startTime="2011-08-05T13:39:45.8993455+09:30" endTime="2011-08-05T13:39:51.1962205+09:30">
              <testStep id="dd47dc769a4f9031" name="CodeGeneratorTests" fullName="SubSonic.Tests/CodeGeneratorTests" testId="68a95a4990db42f5" isPrimary="true" isTestCase="false" isDynamic="false">
                <codeReference assembly="SubSonic.Tests, Version=2.2.1.0, Culture=neutral, PublicKeyToken=null" namespace="SubSonic.Tests" type="SubSonic.Tests.CodeGeneratorTests" />
                <codeLocation path="C:\data\SubsonicRoot\ss2\SubSonic.Tests\CodeGeneratorTests.cs" />
                <metadata>
                  <entry key="TestKind">
                    <value>Fixture</value>
                  </entry>
                </metadata>
              </testStep>
              <children>
                <testStepRun startTime="2011-08-05T13:39:45.8993455+09:30" endTime="2011-08-05T13:39:46.4149705+09:30">
                  <testStep id="e30bc23a0e5e34a2" name="CodeGen2_RunClassTemplate" fullName="SubSonic.Tests/CodeGeneratorTests/CodeGen2_RunClassTemplate" testId="ab367a6e1fd0314f" isPrimary="true" isTestCase="true" isDynamic="false">
                    <codeReference assembly="SubSonic.Tests, Version=2.2.1.0, Culture=neutral, PublicKeyToken=null" namespace="SubSonic.Tests" type="SubSonic.Tests.CodeGeneratorTests" member="CodeGen2_RunClassTemplate" />
                    <codeLocation path="C:\data\SubsonicRoot\ss2\SubSonic.Tests\CodeGeneratorTests.cs" line="32" />
                    <metadata>
                      <entry key="TestKind">
                        <value>Test</value>
                      </entry>
                    </metadata>
                  </testStep>
                  <children />
                  <result assertCount="1" duration="0.5367929">
                    <outcome status="passed" />
                  </result>
                  <testLog>
                    <streams />
                    <attachments />
                  </testLog>
                </testStepRun>
                <testStepRun startTime="2011-08-05T13:39:46.4305955+09:30" endTime="2011-08-05T13:39:47.1805955+09:30">
                  <testStep id="c549861905778dc8" name="CodeGen2_RunSPTemplate" fullName="SubSonic.Tests/CodeGeneratorTests/CodeGen2_RunSPTemplate" testId="573732acbb6181e2" isPrimary="true" isTestCase="true" isDynamic="false">
                    <codeReference assembly="SubSonic.Tests, Version=2.2.1.0, Culture=neutral, PublicKeyToken=null" namespace="SubSonic.Tests" type="SubSonic.Tests.CodeGeneratorTests" member="CodeGen2_RunSPTemplate" />
                    <codeLocation path="C:\data\SubsonicRoot\ss2\SubSonic.Tests\CodeGeneratorTests.cs" line="45" />
                    <metadata>
                      <entry key="TestKind">
                        <value>Test</value>
                      </entry>
                    </metadata>
                  </testStep>
                  <children />
                  <result assertCount="1" duration="0.77374159999999992">
                    <outcome status="passed" />
                  </result>
                  <testLog>
                    <streams />
                    <attachments />
                  </testLog>
                </testStepRun>
                <testStepRun startTime="2011-08-05T13:39:47.1805955+09:30" endTime="2011-08-05T13:39:49.6649705+09:30">
                  <testStep id="5629e73f5912af73" name="CodeGen2_RunStructTemplate" fullName="SubSonic.Tests/CodeGeneratorTests/CodeGen2_RunStructTemplate" testId="27cccb231a0e354c" isPrimary="true" isTestCase="true" isDynamic="false">
                    <codeReference assembly="SubSonic.Tests, Version=2.2.1.0, Culture=neutral, PublicKeyToken=null" namespace="SubSonic.Tests" type="SubSonic.Tests.CodeGeneratorTests" member="CodeGen2_RunStructTemplate" />
                    <codeLocation path="C:\data\SubsonicRoot\ss2\SubSonic.Tests\CodeGeneratorTests.cs" line="69" />
                    <metadata>
                      <entry key="TestKind">
                        <value>Test</value>
                      </entry>
                    </metadata>
                  </testStep>
                  <children />
                  <result assertCount="1" duration="2.4798755999999997">
                    <outcome status="passed" />
                  </result>
                  <testLog>
                    <streams />
                    <attachments />
                  </testLog>
                </testStepRun>
                <testStepRun startTime="2011-08-05T13:39:49.6649705+09:30" endTime="2011-08-05T13:39:49.9774705+09:30">
                  <testStep id="83827f4d8f319bcc" name="CodeGen2_RunViewTemplate" fullName="SubSonic.Tests/CodeGeneratorTests/CodeGen2_RunViewTemplate" testId="e7521bc44996209e" isPrimary="true" isTestCase="true" isDynamic="false">
                    <codeReference assembly="SubSonic.Tests, Version=2.2.1.0, Culture=neutral, PublicKeyToken=null" namespace="SubSonic.Tests" type="SubSonic.Tests.CodeGeneratorTests" member="CodeGen2_RunViewTemplate" />
                    <codeLocation path="C:\data\SubsonicRoot\ss2\SubSonic.Tests\CodeGeneratorTests.cs" line="57" />
                    <metadata>
                      <entry key="TestKind">
                        <value>Test</value>
                      </entry>
                    </metadata>
                  </testStep>
                  <children />
                  <result assertCount="1" duration="0.3156832">
                    <outcome status="passed" />
                  </result>
                  <testLog>
                    <streams />
                    <attachments />
                  </testLog>
                </testStepRun>
                <testStepRun startTime="2011-08-05T13:39:50.0087205+09:30" endTime="2011-08-05T13:39:50.3055955+09:30">
                  <testStep id="5854c645d0d03e3c" name="CodeGen2_VBRunClassTemplate" fullName="SubSonic.Tests/CodeGeneratorTests/CodeGen2_VBRunClassTemplate" testId="842b6141754bee7d" isPrimary="true" isTestCase="true" isDynamic="false">
                    <codeReference assembly="SubSonic.Tests, Version=2.2.1.0, Culture=neutral, PublicKeyToken=null" namespace="SubSonic.Tests" type="SubSonic.Tests.CodeGeneratorTests" member="CodeGen2_VBRunClassTemplate" />
                    <codeLocation path="C:\data\SubsonicRoot\ss2\SubSonic.Tests\CodeGeneratorTests.cs" line="81" />
                    <metadata>
                      <entry key="TestKind">
                        <value>Test</value>
                      </entry>
                    </metadata>
                  </testStep>
                  <children />
                  <result assertCount="1" duration="0.3240554">
                    <outcome status="passed" />
                  </result>
                  <testLog>
                    <streams />
                    <attachments />
                  </testLog>
                </testStepRun>
                <testStepRun startTime="2011-08-05T13:39:50.3212205+09:30" endTime="2011-08-05T13:39:50.6024705+09:30">
                  <testStep id="8fd64872dd381c3a" name="CodeGen2_VBRunSPTemplate" fullName="SubSonic.Tests/CodeGeneratorTests/CodeGen2_VBRunSPTemplate" testId="9d63ffb3fed84048" isPrimary="true" isTestCase="true" isDynamic="false">
                    <codeReference assembly="SubSonic.Tests, Version=2.2.1.0, Culture=neutral, PublicKeyToken=null" namespace="SubSonic.Tests" type="SubSonic.Tests.CodeGeneratorTests" member="CodeGen2_VBRunSPTemplate" />
                    <codeLocation path="C:\data\SubsonicRoot\ss2\SubSonic.Tests\CodeGeneratorTests.cs" line="93" />
                    <metadata>
                      <entry key="TestKind">
                        <value>Test</value>
                      </entry>
                    </metadata>
                  </testStep>
                  <children />
                  <result assertCount="1" duration="0.290964">
                    <outcome status="passed" />
                  </result>
                  <testLog>
                    <streams />
                    <attachments />
                  </testLog>
                </testStepRun>
                <testStepRun startTime="2011-08-05T13:39:50.6180955+09:30" endTime="2011-08-05T13:39:50.9149705+09:30">
                  <testStep id="ca251046c09efda8" name="CodeGen2_VBRunStructTemplate" fullName="SubSonic.Tests/CodeGeneratorTests/CodeGen2_VBRunStructTemplate" testId="b7bffc3c3d64b19d" isPrimary="true" isTestCase="true" isDynamic="false">
                    <codeReference assembly="SubSonic.Tests, Version=2.2.1.0, Culture=neutral, PublicKeyToken=null" namespace="SubSonic.Tests" type="SubSonic.Tests.CodeGeneratorTests" member="CodeGen2_VBRunStructTemplate" />
                    <codeLocation path="C:\data\SubsonicRoot\ss2\SubSonic.Tests\CodeGeneratorTests.cs" line="117" />
                    <metadata>
                      <entry key="TestKind">
                        <value>Test</value>
                      </entry>
                    </metadata>
                  </testStep>
                  <children />
                  <result assertCount="1" duration="0.2988554">
                    <outcome status="passed" />
                  </result>
                  <testLog>
                    <streams />
                    <attachments />
                  </testLog>
                </testStepRun>
                <testStepRun startTime="2011-08-05T13:39:50.9149705+09:30" endTime="2011-08-05T13:39:51.1805955+09:30">
                  <testStep id="b94e0b14a30e54d2" name="CodeGen2_VBRunViewTemplate" fullName="SubSonic.Tests/CodeGeneratorTests/CodeGen2_VBRunViewTemplate" testId="9838a277a9925ec8" isPrimary="true" isTestCase="true" isDynamic="false">
                    <codeReference assembly="SubSonic.Tests, Version=2.2.1.0, Culture=neutral, PublicKeyToken=null" namespace="SubSonic.Tests" type="SubSonic.Tests.CodeGeneratorTests" member="CodeGen2_VBRunViewTemplate" />
                    <codeLocation path="C:\data\SubsonicRoot\ss2\SubSonic.Tests\CodeGeneratorTests.cs" line="105" />
                    <metadata>
                      <entry key="TestKind">
                        <value>Test</value>
                      </entry>
                    </metadata>
                  </testStep>
                  <children />
                  <result assertCount="1" duration="0.2697614">
                    <outcome status="passed" />
                  </result>
                  <testLog>
                    <streams />
                    <attachments />
                  </testLog>
                </testStepRun>
              </children>
              <result assertCount="8" duration="5.3260993">
                <outcome status="passed" />
              </result>
              <testLog>
                <streams />
                <attachments />
              </testLog>
            </testStepRun>
            <testStepRun startTime="2011-08-05T13:39:51.1962205+09:30" endTime="2011-08-05T13:39:51.3368455+09:30">
              <testStep id="856eddc6bee0bb24" name="DataServiceTest" fullName="SubSonic.Tests/DataServiceTest" testId="100d55b0e105bd89" isPrimary="true" isTestCase="false" isDynamic="false">
                <codeReference assembly="SubSonic.Tests, Version=2.2.1.0, Culture=neutral, PublicKeyToken=null" namespace="SubSonic.Tests" type="SubSonic.Tests.DataServiceTest" />
                <codeLocation path="C:\data\SubsonicRoot\ss2\SubSonic.Tests\DataServiceTest.cs" />
                <metadata>
                  <entry key="TestKind">
                    <value>Fixture</value>
                  </entry>
                </metadata>
              </testStep>
              <children>
                <testStepRun startTime="2011-08-05T13:39:51.2118455+09:30" endTime="2011-08-05T13:39:51.2743455+09:30">
                  <testStep id="4c9cbaf0ac826685" name="DataProvider_GetRecordCount" fullName="SubSonic.Tests/DataServiceTest/DataProvider_GetRecordCount" testId="ee678df2e826a4e0" isPrimary="true" isTestCase="true" isDynamic="false">
                    <codeReference assembly="SubSonic.Tests, Version=2.2.1.0, Culture=neutral, PublicKeyToken=null" namespace="SubSonic.Tests" type="SubSonic.Tests.DataServiceTest" member="DataProvider_GetRecordCount" />
                    <codeLocation path="C:\data\SubsonicRoot\ss2\SubSonic.Tests\DataServiceTest.cs" line="69" />
                    <metadata>
                      <entry key="TestKind">
                        <value>Test</value>
                      </entry>
                    </metadata>
                  </testStep>
                  <children />
                  <result assertCount="1" duration="0.058810999999999995">
                    <outcome status="passed" />
                  </result>
                  <testLog>
                    <streams />
                    <attachments />
                  </testLog>
                </testStepRun>
                <testStepRun startTime="2011-08-05T13:39:51.2899705+09:30" endTime="2011-08-05T13:39:51.2899705+09:30">
                  <testStep id="136422ae45033c2a" name="DataService_GetSchema" fullName="SubSonic.Tests/DataServiceTest/DataService_GetSchema" testId="b449a12d7036ab60" isPrimary="true" isTestCase="true" isDynamic="false">
                    <codeReference assembly="SubSonic.Tests, Version=2.2.1.0, Culture=neutral, PublicKeyToken=null" namespace="SubSonic.Tests" type="SubSonic.Tests.DataServiceTest" member="DataService_GetSchema" />
                    <codeLocation path="C:\data\SubsonicRoot\ss2\SubSonic.Tests\DataServiceTest.cs" line="49" />
                    <metadata>
                      <entry key="TestKind">
                        <value>Test</value>
                      </entry>
                    </metadata>
                  </testStep>
                  <children />
                  <result assertCount="1" duration="0.0027286">
                    <outcome status="passed" />
                  </result>
                  <testLog>
                    <streams />
                    <attachments />
                  </testLog>
                </testStepRun>
                <testStepRun startTime="2011-08-05T13:39:51.2899705+09:30" endTime="2011-08-05T13:39:51.3055955+09:30">
                  <testStep id="e3fec1d0f721b71c" name="DataService_GetTableNames" fullName="SubSonic.Tests/DataServiceTest/DataService_GetTableNames" testId="62b85bc2affcd08c" isPrimary="true" isTestCase="true" isDynamic="false">
                    <codeReference assembly="SubSonic.Tests, Version=2.2.1.0, Culture=neutral, PublicKeyToken=null" namespace="SubSonic.Tests" type="SubSonic.Tests.DataServiceTest" member="DataService_GetTableNames" />
                    <codeLocation path="C:\data\SubsonicRoot\ss2\SubSonic.Tests\DataServiceTest.cs" line="59" />
                    <metadata>
                      <entry key="TestKind">
                        <value>Test</value>
                      </entry>
                    </metadata>
                  </testStep>
                  <children />
                  <result assertCount="1" duration="0.0191069">
                    <outcome status="passed" />
                  </result>
                  <testLog>
                    <streams />
                    <attachments />
                  </testLog>
                </testStepRun>
              </children>
              <result assertCount="3" duration="0.1091269">
                <outcome status="passed" />
              </result>
              <testLog>
                <streams />
                <attachments />
              </testLog>
            </testStepRun>
            <testStepRun startTime="2011-08-05T13:39:51.3368455+09:30" endTime="2011-08-05T13:39:51.8680955+09:30">
              <testStep id="39200269d25ccf1a" name="DeleteTests" fullName="SubSonic.Tests/DeleteTests" testId="7a29c27c11dd12b4" isPrimary="true" isTestCase="false" isDynamic="false">
                <codeReference assembly="SubSonic.Tests, Version=2.2.1.0, Culture=neutral, PublicKeyToken=null" namespace="SubSonic.Tests.SqlQuery" type="SubSonic.Tests.SqlQuery.DeleteTests" />
                <codeLocation path="C:\data\SubsonicRoot\ss2\SubSonic.Tests\SqlQuery\DeleteTests.cs" />
                <metadata>
                  <entry key="TestKind">
                    <value>Fixture</value>
                  </entry>
                </metadata>
              </testStep>
              <children>
                <testStepRun startTime="2011-08-05T13:39:51.3368455+09:30" endTime="2011-08-05T13:39:51.8055955+09:30">
                  <testStep id="7410ffdd8eb16138" name="Delete_MultipleWithInsertBatch" fullName="SubSonic.Tests/DeleteTests/Delete_MultipleWithInsertBatch" testId="b8449160df3bfc16" isPrimary="true" isTestCase="true" isDynamic="false">
                    <codeReference assembly="SubSonic.Tests, Version=2.2.1.0, Culture=neutral, PublicKeyToken=null" namespace="SubSonic.Tests.SqlQuery" type="SubSonic.Tests.SqlQuery.DeleteTests" member="Delete_MultipleWithInsertBatch" />
                    <codeLocation path="C:\data\SubsonicRoot\ss2\SubSonic.Tests\SqlQuery\DeleteTests.cs" line="50" />
                    <metadata>
                      <entry key="TestKind">
                        <value>Test</value>
                      </entry>
                    </metadata>
                  </testStep>
                  <children />
                  <result assertCount="1" duration="0.4845624">
                    <outcome status="passed" />
                  </result>
                  <testLog>
                    <streams />
                    <attachments />
                  </testLog>
                </testStepRun>
                <testStepRun startTime="2011-08-05T13:39:51.8055955+09:30" endTime="2011-08-05T13:39:51.8212205+09:30">
                  <testStep id="aa1a0da44699e25" name="Delete_Simple" fullName="SubSonic.Tests/DeleteTests/Delete_Simple" testId="5081633c8f2fb62f" isPrimary="true" isTestCase="true" isDynamic="false">
                    <codeReference assembly="SubSonic.Tests, Version=2.2.1.0, Culture=neutral, PublicKeyToken=null" namespace="SubSonic.Tests.SqlQuery" type="SubSonic.Tests.SqlQuery.DeleteTests" member="Delete_Simple" />
                    <codeLocation path="C:\data\SubsonicRoot\ss2\SubSonic.Tests\SqlQuery\DeleteTests.cs" line="36" />
                    <metadata>
                      <entry key="TestKind">
                        <value>Test</value>
                      </entry>
                    </metadata>
                  </testStep>
                  <children />
                  <result assertCount="1" duration="0.0190945">
                    <outcome status="passed" />
                  </result>
                  <testLog>
                    <streams />
                    <attachments />
                  </testLog>
                </testStepRun>
                <testStepRun startTime="2011-08-05T13:39:51.8368455+09:30" endTime="2011-08-05T13:39:51.8524705+09:30">
                  <testStep id="f3acab18ee636d1b" name="Delete_SimpleSqlCheck" fullName="SubSonic.Tests/DeleteTests/Delete_SimpleSqlCheck" testId="2596e467ffe54266" isPrimary="true" isTestCase="true" isDynamic="false">
                    <codeReference assembly="SubSonic.Tests, Version=2.2.1.0, Culture=neutral, PublicKeyToken=null" namespace="SubSonic.Tests.SqlQuery" type="SubSonic.Tests.SqlQuery.DeleteTests" member="Delete_SimpleSqlCheck" />
                    <codeLocation path="C:\data\SubsonicRoot\ss2\SubSonic.Tests\SqlQuery\DeleteTests.cs" line="28" />
                    <metadata>
                      <entry key="TestKind">
                        <value>Test</value>
                      </entry>
                    </metadata>
                  </testStep>
                  <children />
                  <result assertCount="1" duration="0.0098678">
                    <outcome status="passed" />
                  </result>
                  <testLog>
                    <streams />
                    <attachments />
                  </testLog>
                </testStepRun>
              </children>
              <result assertCount="3" duration="0.54749439999999994">
                <outcome status="passed" />
              </result>
              <testLog>
                <streams />
                <attachments />
              </testLog>
            </testStepRun>
            <testStepRun startTime="2011-08-05T13:39:51.8680955+09:30" endTime="2011-08-05T13:39:51.9618455+09:30">
              <testStep id="f2c59ae50f39818d" name="ETL" fullName="SubSonic.Tests/ETL" testId="ad7c7598a63cd1b4" isPrimary="true" isTestCase="false" isDynamic="false">
                <codeReference assembly="SubSonic.Tests, Version=2.2.1.0, Culture=neutral, PublicKeyToken=null" namespace="SubSonic.Tests" type="SubSonic.Tests.ETL" />
                <codeLocation path="C:\data\SubsonicRoot\ss2\SubSonic.Tests\ETL.cs" />
                <metadata>
                  <entry key="TestKind">
                    <value>Fixture</value>
                  </entry>
                </metadata>
              </testStep>
              <children>
                <testStepRun startTime="2011-08-05T13:39:51.8680955+09:30" endTime="2011-08-05T13:39:51.8993455+09:30">
                  <testStep id="2ec3c81339f8d323" name="ETL_CloneCollection" fullName="SubSonic.Tests/ETL/ETL_CloneCollection" testId="cbceecda1b6cb0f4" isPrimary="true" isTestCase="true" isDynamic="false">
                    <codeReference assembly="SubSonic.Tests, Version=2.2.1.0, Culture=neutral, PublicKeyToken=null" namespace="SubSonic.Tests" type="SubSonic.Tests.ETL" member="ETL_CloneCollection" />
                    <codeLocation path="C:\data\SubsonicRoot\ss2\SubSonic.Tests\ETL.cs" line="63" />
                    <metadata>
                      <entry key="TestKind">
                        <value>Test</value>
                      </entry>
                    </metadata>
                  </testStep>
                  <children />
                  <result assertCount="1" duration="0.0357109">
                    <outcome status="passed" />
                  </result>
                  <testLog>
                    <streams />
                    <attachments />
                  </testLog>
                </testStepRun>
                <testStepRun startTime="2011-08-05T13:39:51.8993455+09:30" endTime="2011-08-05T13:39:51.9149705+09:30">
                  <testStep id="1923c134fd3c2b35" name="ETL_CloneInstance" fullName="SubSonic.Tests/ETL/ETL_CloneInstance" testId="f24ece17abffb775" isPrimary="true" isTestCase="true" isDynamic="false">
                    <codeReference assembly="SubSonic.Tests, Version=2.2.1.0, Culture=neutral, PublicKeyToken=null" namespace="SubSonic.Tests" type="SubSonic.Tests.ETL" member="ETL_CloneInstance" />
                    <codeLocation path="C:\data\SubsonicRoot\ss2\SubSonic.Tests\ETL.cs" line="50" />
                    <metadata>
                      <entry key="TestKind">
                        <value>Test</value>
                      </entry>
                    </metadata>
                  </testStep>
                  <children />
                  <result assertCount="1" duration="0.0126987">
                    <outcome status="passed" />
                  </result>
                  <testLog>
                    <streams />
                    <attachments />
                  </testLog>
                </testStepRun>
                <testStepRun startTime="2011-08-05T13:39:51.9149705+09:30" endTime="2011-08-05T13:39:51.9462205+09:30">
                  <testStep id="9eef62391fa35a99" name="ETL_CollectionToTable" fullName="SubSonic.Tests/ETL/ETL_CollectionToTable" testId="6377c57e3d83cf09" isPrimary="true" isTestCase="true" isDynamic="false">
                    <codeReference assembly="SubSonic.Tests, Version=2.2.1.0, Culture=neutral, PublicKeyToken=null" namespace="SubSonic.Tests" type="SubSonic.Tests.ETL" member="ETL_CollectionToTable" />
                    <codeLocation path="C:\data\SubsonicRoot\ss2\SubSonic.Tests\ETL.cs" line="89" />
                    <metadata>
                      <entry key="TestKind">
                        <value>Test</value>
                      </entry>
                    </metadata>
                  </testStep>
                  <children />
                  <result assertCount="1" duration="0.0233706">
                    <outcome status="passed" />
                  </result>
                  <testLog>
                    <streams />
                    <attachments />
                  </testLog>
                </testStepRun>
                <testStepRun startTime="2011-08-05T13:39:51.9462205+09:30" endTime="2011-08-05T13:39:51.9618455+09:30">
                  <testStep id="af5ee3b60b38fabb" name="ETL_CopyCollection" fullName="SubSonic.Tests/ETL/ETL_CopyCollection" testId="cbb6eb256b8756a6" isPrimary="true" isTestCase="true" isDynamic="false">
                    <codeReference assembly="SubSonic.Tests, Version=2.2.1.0, Culture=neutral, PublicKeyToken=null" namespace="SubSonic.Tests" type="SubSonic.Tests.ETL" member="ETL_CopyCollection" />
                    <codeLocation path="C:\data\SubsonicRoot\ss2\SubSonic.Tests\ETL.cs" line="76" />
                    <metadata>
                      <entry key="TestKind">
                        <value>Test</value>
                      </entry>
                    </metadata>
                  </testStep>
                  <children />
                  <result assertCount="1" duration="0.0080346">
                    <outcome status="passed" />
                  </result>
                  <testLog>
                    <streams />
                    <attachments />
                  </testLog>
                </testStepRun>
              </children>
              <result assertCount="4" duration="0.0993768">
                <outcome status="passed" />
              </result>
              <testLog>
                <streams />
                <attachments />
              </testLog>
            </testStepRun>
            <testStepRun startTime="2011-08-05T13:39:51.9618455+09:30" endTime="2011-08-05T13:39:52.2430955+09:30">
              <testStep id="72f77f39a2a092af" name="ForeignKeyTests" fullName="SubSonic.Tests/ForeignKeyTests" testId="f44040825e281a9b" isPrimary="true" isTestCase="false" isDynamic="false">
                <codeReference assembly="SubSonic.Tests, Version=2.2.1.0, Culture=neutral, PublicKeyToken=null" namespace="SubSonic.Tests" type="SubSonic.Tests.ForeignKeyTests" />
                <codeLocation path="C:\data\SubsonicRoot\ss2\SubSonic.Tests\ForeignKeyTests.cs" />
                <metadata>
                  <entry key="TestKind">
                    <value>Fixture</value>
                  </entry>
                </metadata>
              </testStep>
              <children>
                <testStepRun startTime="2011-08-05T13:39:51.9618455+09:30" endTime="2011-08-05T13:39:52.0868455+09:30">
                  <testStep id="c5fb389c85ddbb0d" name="FK_KeyCount" fullName="SubSonic.Tests/ForeignKeyTests/FK_KeyCount" testId="92c9a636a95bead0" isPrimary="true" isTestCase="true" isDynamic="false">
                    <codeReference assembly="SubSonic.Tests, Version=2.2.1.0, Culture=neutral, PublicKeyToken=null" namespace="SubSonic.Tests" type="SubSonic.Tests.ForeignKeyTests" member="FK_KeyCount" />
                    <codeLocation path="C:\data\SubsonicRoot\ss2\SubSonic.Tests\ForeignKeyTests.cs" line="59" />
                    <metadata>
                      <entry key="TestKind">
                        <value>Test</value>
                      </entry>
                    </metadata>
                  </testStep>
                  <children />
                  <result assertCount="1" duration="0.1240442">
                    <outcome status="passed" />
                  </result>
                  <testLog>
                    <streams />
                    <attachments />
                  </testLog>
                </testStepRun>
                <testStepRun startTime="2011-08-05T13:39:52.1024705+09:30" endTime="2011-08-05T13:39:52.2118455+09:30">
                  <testStep id="48f4a4d4c6f15b19" name="FK_LoadForeignKeys" fullName="SubSonic.Tests/ForeignKeyTests/FK_LoadForeignKeys" testId="b91e0145401cd49" isPrimary="true" isTestCase="true" isDynamic="false">
                    <codeReference assembly="SubSonic.Tests, Version=2.2.1.0, Culture=neutral, PublicKeyToken=null" namespace="SubSonic.Tests" type="SubSonic.Tests.ForeignKeyTests" member="FK_LoadForeignKeys" />
                    <codeLocation path="C:\data\SubsonicRoot\ss2\SubSonic.Tests\ForeignKeyTests.cs" line="49" />
                    <metadata>
                      <entry key="TestKind">
                        <value>Test</value>
                      </entry>
                    </metadata>
                  </testStep>
                  <children />
                  <result assertCount="1" duration="0.11652799999999999">
                    <outcome status="passed" />
                  </result>
                  <testLog>
                    <streams />
                    <attachments />
                  </testLog>
                </testStepRun>
                <testStepRun startTime="2011-08-05T13:39:52.2274705+09:30" endTime="2011-08-05T13:39:52.2430955+09:30">
                  <testStep id="e4d252b2ee906975" name="FK_Properties" fullName="SubSonic.Tests/ForeignKeyTests/FK_Properties" testId="9e8326ab86d748d5" isPrimary="true" isTestCase="true" isDynamic="false">
                    <codeReference assembly="SubSonic.Tests, Version=2.2.1.0, Culture=neutral, PublicKeyToken=null" namespace="SubSonic.Tests" type="SubSonic.Tests.ForeignKeyTests" member="FK_Properties" />
                    <codeLocation path="C:\data\SubsonicRoot\ss2\SubSonic.Tests\ForeignKeyTests.cs" line="69" />
                    <metadata>
                      <entry key="TestKind">
                        <value>Test</value>
                      </entry>
                    </metadata>
                  </testStep>
                  <children />
                  <result assertCount="0" duration="0.0032978">
                    <outcome status="passed" />
                  </result>
                  <testLog>
                    <streams />
                    <attachments />
                  </testLog>
                </testStepRun>
              </children>
              <result assertCount="2" duration="0.2632897">
                <outcome status="passed" />
              </result>
              <testLog>
                <streams />
                <attachments />
              </testLog>
            </testStepRun>
            <testStepRun startTime="2011-08-05T13:39:52.2430955+09:30" endTime="2011-08-05T13:39:52.4930955+09:30">
              <testStep id="81c9e7c8810ea6ac" name="GeneratedObjectTests" fullName="SubSonic.Tests/GeneratedObjectTests" testId="82e4f995d1ef4b99" isPrimary="true" isTestCase="false" isDynamic="false">
                <codeReference assembly="SubSonic.Tests, Version=2.2.1.0, Culture=neutral, PublicKeyToken=null" namespace="SubSonic.Tests" type="SubSonic.Tests.GeneratedObjectTests" />
                <codeLocation path="C:\data\SubsonicRoot\ss2\SubSonic.Tests\GeneratedObjectTests.cs" />
                <metadata>
                  <entry key="TestKind">
                    <value>Fixture</value>
                  </entry>
                </metadata>
              </testStep>
              <children>
                <testStepRun startTime="2011-08-05T13:39:52.2587205+09:30" endTime="2011-08-05T13:39:52.2899705+09:30">
                  <testStep id="87330b23af5de8f4" name="Collections_DeletedTest" fullName="SubSonic.Tests/GeneratedObjectTests/Collections_DeletedTest" testId="c7acc287a1bc8226" isPrimary="true" isTestCase="true" isDynamic="false">
                    <codeReference assembly="SubSonic.Tests, Version=2.2.1.0, Culture=neutral, PublicKeyToken=null" namespace="SubSonic.Tests" type="SubSonic.Tests.GeneratedObjectTests" member="Collections_DeletedTest" />
                    <codeLocation path="C:\data\SubsonicRoot\ss2\SubSonic.Tests\GeneratedObjectTests.cs" line="51" />
                    <metadata>
                      <entry key="TestKind">
                        <value>Test</value>
                      </entry>
                    </metadata>
                  </testStep>
                  <children />
                  <result assertCount="1" duration="0.057204599999999994">
                    <outcome status="passed" />
                  </result>
                  <testLog>
                    <streams />
                    <attachments />
                  </testLog>
                </testStepRun>
                <testStepRun startTime="2011-08-05T13:39:52.2899705+09:30" endTime="2011-08-05T13:39:52.3212205+09:30">
                  <testStep id="c1ecc662a0b99d8" name="Object_CRUD" fullName="SubSonic.Tests/GeneratedObjectTests/Object_CRUD" testId="40bb206d85a9b796" isPrimary="true" isTestCase="true" isDynamic="false">
                    <codeReference assembly="SubSonic.Tests, Version=2.2.1.0, Culture=neutral, PublicKeyToken=null" namespace="SubSonic.Tests" type="SubSonic.Tests.GeneratedObjectTests" member="Object_CRUD" />
                    <codeLocation path="C:\data\SubsonicRoot\ss2\SubSonic.Tests\GeneratedObjectTests.cs" line="99" />
                    <metadata>
                      <entry key="TestKind">
                        <value>Test</value>
                      </entry>
                    </metadata>
                  </testStep>
                  <children />
                  <result assertCount="2" duration="0.019122399999999998">
                    <outcome status="passed" />
                  </result>
                  <testLog>
                    <streams />
                    <attachments />
                  </testLog>
                </testStepRun>
                <testStepRun startTime="2011-08-05T13:39:52.3212205+09:30" endTime="2011-08-05T13:39:52.3524705+09:30">
                  <testStep id="b8f2784e01bf4420" name="Object_DefaultSettings" fullName="SubSonic.Tests/GeneratedObjectTests/Object_DefaultSettings" testId="f95d8f08e78840f5" isPrimary="true" isTestCase="true" isDynamic="false">
                    <codeReference assembly="SubSonic.Tests, Version=2.2.1.0, Culture=neutral, PublicKeyToken=null" namespace="SubSonic.Tests" type="SubSonic.Tests.GeneratedObjectTests" member="Object_DefaultSettings" />
                    <codeLocation path="C:\data\SubsonicRoot\ss2\SubSonic.Tests\GeneratedObjectTests.cs" line="155" />
                    <metadata>
                      <entry key="TestKind">
                        <value>Test</value>
                      </entry>
                    </metadata>
                  </testStep>
                  <children />
                  <result assertCount="2" duration="0.0350105">
                    <outcome status="passed" />
                  </result>
                  <testLog>
                    <streams />
                    <attachments />
                  </testLog>
                </testStepRun>
                <testStepRun startTime="2011-08-05T13:39:52.3524705+09:30" endTime="2011-08-05T13:39:52.3680955+09:30">
                  <testStep id="54cfe43664f55c15" name="Object_Query" fullName="SubSonic.Tests/GeneratedObjectTests/Object_Query" testId="3c3bbcc98ccd4e2f" isPrimary="true" isTestCase="true" isDynamic="false">
                    <codeReference assembly="SubSonic.Tests, Version=2.2.1.0, Culture=neutral, PublicKeyToken=null" namespace="SubSonic.Tests" type="SubSonic.Tests.GeneratedObjectTests" member="Object_Query" />
                    <codeLocation path="C:\data\SubsonicRoot\ss2\SubSonic.Tests\GeneratedObjectTests.cs" line="85" />
                    <metadata>
                      <entry key="TestKind">
                        <value>Test</value>
                      </entry>
                    </metadata>
                  </testStep>
                  <children />
                  <result assertCount="1" duration="0.0191752">
                    <outcome status="passed" />
                  </result>
                  <testLog>
                    <streams />
                    <attachments />
                  </testLog>
                </testStepRun>
                <testStepRun startTime="2011-08-05T13:39:52.3837205+09:30" endTime="2011-08-05T13:39:52.3837205+09:30">
                  <testStep id="da213c77e1cadd16" name="Object_SchemaDefinition" fullName="SubSonic.Tests/GeneratedObjectTests/Object_SchemaDefinition" testId="29e469fbe053c6cc" isPrimary="true" isTestCase="true" isDynamic="false">
                    <codeReference assembly="SubSonic.Tests, Version=2.2.1.0, Culture=neutral, PublicKeyToken=null" namespace="SubSonic.Tests" type="SubSonic.Tests.GeneratedObjectTests" member="Object_SchemaDefinition" />
                    <codeLocation path="C:\data\SubsonicRoot\ss2\SubSonic.Tests\GeneratedObjectTests.cs" line="166" />
                    <metadata>
                      <entry key="TestKind">
                        <value>Test</value>
                      </entry>
                    </metadata>
                  </testStep>
                  <children />
                  <result assertCount="0" duration="0.0020380999999999997">
                    <outcome status="passed" />
                  </result>
                  <testLog>
                    <streams />
                    <attachments />
                  </testLog>
                </testStepRun>
                <testStepRun startTime="2011-08-05T13:39:52.3993455+09:30" endTime="2011-08-05T13:39:52.3993455+09:30">
                  <testStep id="baf17b4e3ca9d532" name="Object_Validation" fullName="SubSonic.Tests/GeneratedObjectTests/Object_Validation" testId="14c17386f5fc54" isPrimary="true" isTestCase="true" isDynamic="false">
                    <codeReference assembly="SubSonic.Tests, Version=2.2.1.0, Culture=neutral, PublicKeyToken=null" namespace="SubSonic.Tests" type="SubSonic.Tests.GeneratedObjectTests" member="Object_Validation" />
                    <codeLocation path="C:\data\SubsonicRoot\ss2\SubSonic.Tests\GeneratedObjectTests.cs" line="124" />
                    <metadata>
                      <entry key="TestKind">
                        <value>Test</value>
                      </entry>
                    </metadata>
                  </testStep>
                  <children />
                  <result assertCount="1" duration="0.0044742">
                    <outcome status="passed" />
                  </result>
                  <testLog>
                    <streams />
                    <attachments />
                  </testLog>
                </testStepRun>
                <testStepRun startTime="2011-08-05T13:39:52.3993455+09:30" endTime="2011-08-05T13:39:52.4149705+09:30">
                  <testStep id="9ce5f3d3cb3ccfee" name="Objects_DeletedTest" fullName="SubSonic.Tests/GeneratedObjectTests/Objects_DeletedTest" testId="bb5648aa7aeca27d" isPrimary="true" isTestCase="true" isDynamic="false">
                    <codeReference assembly="SubSonic.Tests, Version=2.2.1.0, Culture=neutral, PublicKeyToken=null" namespace="SubSonic.Tests" type="SubSonic.Tests.GeneratedObjectTests" member="Objects_DeletedTest" />
                    <codeLocation path="C:\data\SubsonicRoot\ss2\SubSonic.Tests\GeneratedObjectTests.cs" line="72" />
                    <metadata>
                      <entry key="TestKind">
                        <value>Test</value>
                      </entry>
                    </metadata>
                  </testStep>
                  <children />
                  <result assertCount="1" duration="0.014428">
                    <outcome status="passed" />
                  </result>
                  <testLog>
                    <streams />
                    <attachments />
                  </testLog>
                </testStepRun>
                <testStepRun startTime="2011-08-05T13:39:52.4305955+09:30" endTime="2011-08-05T13:39:52.4930955+09:30">
                  <testStep id="6dcfdc148333b9af" name="Objects_LoadListItems" fullName="SubSonic.Tests/GeneratedObjectTests/Objects_LoadListItems" testId="aeb613d93bc00de9" isPrimary="true" isTestCase="true" isDynamic="false">
                    <codeReference assembly="SubSonic.Tests, Version=2.2.1.0, Culture=neutral, PublicKeyToken=null" namespace="SubSonic.Tests" type="SubSonic.Tests.GeneratedObjectTests" member="Objects_LoadListItems" />
                    <codeLocation path="C:\data\SubsonicRoot\ss2\SubSonic.Tests\GeneratedObjectTests.cs" line="62" />
                    <metadata>
                      <entry key="TestKind">
                        <value>Test</value>
                      </entry>
                    </metadata>
                  </testStep>
                  <children />
                  <result assertCount="1" duration="0.0679606">
                    <outcome status="passed" />
                  </result>
                  <testLog>
                    <streams />
                    <attachments />
                  </testLog>
                </testStepRun>
              </children>
              <result assertCount="9" duration="0.2618496">
                <outcome status="passed" />
              </result>
              <testLog>
                <streams />
                <attachments />
              </testLog>
            </testStepRun>
            <testStepRun startTime="2011-08-05T13:39:52.4930955+09:30" endTime="2011-08-05T13:39:52.5555955+09:30">
              <testStep id="6eb28133801c2eb6" name="InlineQueryTests" fullName="SubSonic.Tests/InlineQueryTests" testId="a4b3d38ff5d95786" isPrimary="true" isTestCase="false" isDynamic="false">
                <codeReference assembly="SubSonic.Tests, Version=2.2.1.0, Culture=neutral, PublicKeyToken=null" namespace="SubSonic.Tests.SqlQuery" type="SubSonic.Tests.SqlQuery.InlineQueryTests" />
                <codeLocation path="C:\data\SubsonicRoot\ss2\SubSonic.Tests\SqlQuery\InlineQueryTests.cs" />
                <metadata>
                  <entry key="TestKind">
                    <value>Fixture</value>
                  </entry>
                </metadata>
              </testStep>
              <children>
                <testStepRun startTime="2011-08-05T13:39:52.5087205+09:30" endTime="2011-08-05T13:39:52.5399705+09:30">
                  <testStep id="1f05d0739f7bb208" name="Inline_AsCollection" fullName="SubSonic.Tests/InlineQueryTests/Inline_AsCollection" testId="505820a5874ad648" isPrimary="true" isTestCase="true" isDynamic="false">
                    <codeReference assembly="SubSonic.Tests, Version=2.2.1.0, Culture=neutral, PublicKeyToken=null" namespace="SubSonic.Tests.SqlQuery" type="SubSonic.Tests.SqlQuery.InlineQueryTests" member="Inline_AsCollection" />
                    <codeLocation path="C:\data\SubsonicRoot\ss2\SubSonic.Tests\SqlQuery\InlineQueryTests.cs" line="43" />
                    <metadata>
                      <entry key="TestKind">
                        <value>Test</value>
                      </entry>
                    </metadata>
                  </testStep>
                  <children />
                  <result assertCount="0" duration="0.0164814">
                    <outcome status="passed" />
                  </result>
                  <testLog>
                    <streams />
                    <attachments />
                  </testLog>
                </testStepRun>
                <testStepRun startTime="2011-08-05T13:39:52.5399705+09:30" endTime="2011-08-05T13:39:52.5399705+09:30">
                  <testStep id="1dc8ecca4514b8a3" name="Inline_Simple" fullName="SubSonic.Tests/InlineQueryTests/Inline_Simple" testId="701cd850fa67c6c9" isPrimary="true" isTestCase="true" isDynamic="false">
                    <codeReference assembly="SubSonic.Tests, Version=2.2.1.0, Culture=neutral, PublicKeyToken=null" namespace="SubSonic.Tests.SqlQuery" type="SubSonic.Tests.SqlQuery.InlineQueryTests" member="Inline_Simple" />
                    <codeLocation path="C:\data\SubsonicRoot\ss2\SubSonic.Tests\SqlQuery\InlineQueryTests.cs" line="27" />
                    <metadata>
                      <entry key="TestKind">
                        <value>Test</value>
                      </entry>
                    </metadata>
                  </testStep>
                  <children />
                  <result assertCount="1" duration="0.0026543">
                    <outcome status="passed" />
                  </result>
                  <testLog>
                    <streams />
                    <attachments />
                  </testLog>
                </testStepRun>
                <testStepRun startTime="2011-08-05T13:39:52.5555955+09:30" endTime="2011-08-05T13:39:52.5555955+09:30">
                  <testStep id="78a187f75246a8cd" name="Inline_WithCommands" fullName="SubSonic.Tests/InlineQueryTests/Inline_WithCommands" testId="888f3066ed2a4bc1" isPrimary="true" isTestCase="true" isDynamic="false">
                    <codeReference assembly="SubSonic.Tests, Version=2.2.1.0, Culture=neutral, PublicKeyToken=null" namespace="SubSonic.Tests.SqlQuery" type="SubSonic.Tests.SqlQuery.InlineQueryTests" member="Inline_WithCommands" />
                    <codeLocation path="C:\data\SubsonicRoot\ss2\SubSonic.Tests\SqlQuery\InlineQueryTests.cs" line="34" />
                    <metadata>
                      <entry key="TestKind">
                        <value>Test</value>
                      </entry>
                    </metadata>
                  </testStep>
                  <children />
                  <result assertCount="2" duration="0.012867499999999999">
                    <outcome status="passed" />
                  </result>
                  <testLog>
                    <streams />
                    <attachments />
                  </testLog>
                </testStepRun>
              </children>
              <result assertCount="3" duration="0.0554633">
                <outcome status="passed" />
              </result>
              <testLog>
                <streams />
                <attachments />
              </testLog>
            </testStepRun>
            <testStepRun startTime="2011-08-05T13:39:52.5712205+09:30" endTime="2011-08-05T13:39:52.6805955+09:30">
              <testStep id="8f46b644803bfebf" name="InsertTests" fullName="SubSonic.Tests/InsertTests" testId="6ab4f5328a9660aa" isPrimary="true" isTestCase="false" isDynamic="false">
                <codeReference assembly="SubSonic.Tests, Version=2.2.1.0, Culture=neutral, PublicKeyToken=null" namespace="SubSonic.Tests.SqlQuery" type="SubSonic.Tests.SqlQuery.InsertTests" />
                <codeLocation path="C:\data\SubsonicRoot\ss2\SubSonic.Tests\SqlQuery\InsertTests.cs" />
                <metadata>
                  <entry key="TestKind">
                    <value>Fixture</value>
                  </entry>
                </metadata>
              </testStep>
              <children>
                <testStepRun startTime="2011-08-05T13:39:52.5712205+09:30" endTime="2011-08-05T13:39:52.6180955+09:30">
                  <testStep id="20589f094caf9e12" name="Insert_Simple" fullName="SubSonic.Tests/InsertTests/Insert_Simple" testId="b303b9ae8f12c2ea" isPrimary="true" isTestCase="true" isDynamic="false">
                    <codeReference assembly="SubSonic.Tests, Version=2.2.1.0, Culture=neutral, PublicKeyToken=null" namespace="SubSonic.Tests.SqlQuery" type="SubSonic.Tests.SqlQuery.InsertTests" member="Insert_Simple" />
                    <codeLocation path="C:\data\SubsonicRoot\ss2\SubSonic.Tests\SqlQuery\InsertTests.cs" line="29" />
                    <metadata>
                      <entry key="TestKind">
                        <value>Test</value>
                      </entry>
                    </metadata>
                  </testStep>
                  <children />
                  <result assertCount="1" duration="0.036578599999999996">
                    <outcome status="passed" />
                  </result>
                  <testLog>
                    <streams />
                    <attachments />
                  </testLog>
                </testStepRun>
                <testStepRun startTime="2011-08-05T13:39:52.6337205+09:30" endTime="2011-08-05T13:39:52.6493455+09:30">
                  <testStep id="6ca0d7572b5d8adf" name="Insert_SimpleWithSelect" fullName="SubSonic.Tests/InsertTests/Insert_SimpleWithSelect" testId="b6299421cf76c62f" isPrimary="true" isTestCase="true" isDynamic="false">
                    <codeReference assembly="SubSonic.Tests, Version=2.2.1.0, Culture=neutral, PublicKeyToken=null" namespace="SubSonic.Tests.SqlQuery" type="SubSonic.Tests.SqlQuery.InsertTests" member="Insert_SimpleWithSelect" />
                    <codeLocation path="C:\data\SubsonicRoot\ss2\SubSonic.Tests\SqlQuery\InsertTests.cs" line="38" />
                    <metadata>
                      <entry key="TestKind">
                        <value>Test</value>
                      </entry>
                    </metadata>
                  </testStep>
                  <children />
                  <result assertCount="1" duration="0.0076599">
                    <outcome status="passed" />
                  </result>
                  <testLog>
                    <streams />
                    <attachments />
                  </testLog>
                </testStepRun>
                <testStepRun startTime="2011-08-05T13:39:52.6649705+09:30" endTime="2011-08-05T13:39:52.6649705+09:30">
                  <testStep id="e37a36d27bf862f9" name="Insert_SimpleWithSelectAndSchema" fullName="SubSonic.Tests/InsertTests/Insert_SimpleWithSelectAndSchema" testId="ae153abf92394a57" isPrimary="true" isTestCase="true" isDynamic="false">
                    <codeReference assembly="SubSonic.Tests, Version=2.2.1.0, Culture=neutral, PublicKeyToken=null" namespace="SubSonic.Tests.SqlQuery" type="SubSonic.Tests.SqlQuery.InsertTests" member="Insert_SimpleWithSelectAndSchema" />
                    <codeLocation path="C:\data\SubsonicRoot\ss2\SubSonic.Tests\SqlQuery\InsertTests.cs" line="49" />
                    <metadata>
                      <entry key="TestKind">
                        <value>Test</value>
                      </entry>
                    </metadata>
                  </testStep>
                  <children />
                  <result assertCount="1" duration="0.0063301999999999994">
                    <outcome status="passed" />
                  </result>
                  <testLog>
                    <streams />
                    <attachments />
                  </testLog>
                </testStepRun>
              </children>
              <result assertCount="3" duration="0.1196691">
                <outcome status="passed" />
              </result>
              <testLog>
                <streams />
                <attachments />
              </testLog>
            </testStepRun>
            <testStepRun startTime="2011-08-05T13:39:52.6805955+09:30" endTime="2011-08-05T13:39:52.6962205+09:30">
              <testStep id="38393ad28e7ca78e" name="ManyToMany" fullName="SubSonic.Tests/ManyToMany" testId="4a525883a4c1bcb9" isPrimary="true" isTestCase="false" isDynamic="false">
                <codeReference assembly="SubSonic.Tests, Version=2.2.1.0, Culture=neutral, PublicKeyToken=null" namespace="SubSonic.Tests" type="SubSonic.Tests.ManyToMany" />
                <codeLocation path="C:\data\SubsonicRoot\ss2\SubSonic.Tests\bin\Debug\SubSonic.Tests.DLL" />
                <metadata>
                  <entry key="TestKind">
                    <value>Fixture</value>
                  </entry>
                </metadata>
              </testStep>
              <children />
              <result assertCount="0" duration="0.0020499999999999997">
                <outcome status="passed" />
              </result>
              <testLog>
                <streams />
                <attachments />
              </testLog>
            </testStepRun>
            <testStepRun startTime="2011-08-05T13:39:52.6962205+09:30" endTime="2011-08-05T13:39:57.1493455+09:30">
              <testStep id="993525807eb09e60" name="MigrationTests" fullName="SubSonic.Tests/MigrationTests" testId="5bc31031dabd1cc3" isPrimary="true" isTestCase="false" isDynamic="false">
                <codeReference assembly="SubSonic.Tests, Version=2.2.1.0, Culture=neutral, PublicKeyToken=null" namespace="SubSonic.Tests.Migrations" type="SubSonic.Tests.Migrations.MigrationTests" />
                <codeLocation path="C:\data\SubsonicRoot\ss2\SubSonic.Tests\Migrations\MigrationTests.cs" />
                <metadata>
                  <entry key="TestKind">
                    <value>Fixture</value>
                  </entry>
                </metadata>
              </testStep>
              <children>
                <testStepRun startTime="2011-08-05T13:39:52.7118455+09:30" endTime="2011-08-05T13:39:52.9149705+09:30">
                  <testStep id="33a51c9023459eda" name="CreateTable_Should_Allow_Char3_As_PrimaryKey" fullName="SubSonic.Tests/MigrationTests/CreateTable_Should_Allow_Char3_As_PrimaryKey" testId="4191394411848969" isPrimary="true" isTestCase="true" isDynamic="false">
                    <codeReference assembly="SubSonic.Tests, Version=2.2.1.0, Culture=neutral, PublicKeyToken=null" namespace="SubSonic.Tests.Migrations" type="SubSonic.Tests.Migrations.MigrationTests" member="CreateTable_Should_Allow_Char3_As_PrimaryKey" />
                    <codeLocation path="C:\data\SubsonicRoot\ss2\SubSonic.Tests\Migrations\MigrationTests.cs" line="286" />
                    <metadata>
                      <entry key="TestKind">
                        <value>Test</value>
                      </entry>
                    </metadata>
                  </testStep>
                  <children />
                  <result assertCount="2" duration="0.2520765">
                    <outcome status="passed" />
                  </result>
                  <testLog>
                    <streams />
                    <attachments />
                  </testLog>
                </testStepRun>
                <testStepRun startTime="2011-08-05T13:39:52.9149705+09:30" endTime="2011-08-05T13:39:53.1805955+09:30">
                  <testStep id="b72ca41b4b8c87b5" name="Dual_ForeignKey_Relationships_ShouldBe_Possible_From_One_To_Many" fullName="SubSonic.Tests/MigrationTests/Dual_ForeignKey_Relationships_ShouldBe_Possible_From_One_To_Many" testId="fca4a854339d17cf" isPrimary="true" isTestCase="true" isDynamic="false">
                    <codeReference assembly="SubSonic.Tests, Version=2.2.1.0, Culture=neutral, PublicKeyToken=null" namespace="SubSonic.Tests.Migrations" type="SubSonic.Tests.Migrations.MigrationTests" member="Dual_ForeignKey_Relationships_ShouldBe_Possible_From_One_To_Many" />
                    <codeLocation path="C:\data\SubsonicRoot\ss2\SubSonic.Tests\Migrations\MigrationTests.cs" line="310" />
                    <metadata>
                      <entry key="TestKind">
                        <value>Test</value>
                      </entry>
                    </metadata>
                  </testStep>
                  <children />
                  <result assertCount="0" duration="0.24920579999999998">
                    <outcome status="passed" />
                  </result>
                  <testLog>
                    <streams />
                    <attachments />
                  </testLog>
                </testStepRun>
                <testStepRun startTime="2011-08-05T13:39:53.1805955+09:30" endTime="2011-08-05T13:39:53.3055955+09:30">
                  <testStep id="46b8f2d297083ebe" name="MigrateDownFromZero" fullName="SubSonic.Tests/MigrationTests/MigrateDownFromZero" testId="71cebd88972a170d" isPrimary="true" isTestCase="true" isDynamic="false">
                    <codeReference assembly="SubSonic.Tests, Version=2.2.1.0, Culture=neutral, PublicKeyToken=null" namespace="SubSonic.Tests.Migrations" type="SubSonic.Tests.Migrations.MigrationTests" member="MigrateDownFromZero" />
                    <codeLocation path="C:\data\SubsonicRoot\ss2\SubSonic.Tests\Migrations\MigrationTests.cs" line="69" />
                    <metadata>
                      <entry key="TestKind">
                        <value>Test</value>
                      </entry>
                    </metadata>
                  </testStep>
                  <children />
                  <result assertCount="2" duration="0.1315091">
                    <outcome status="passed" />
                  </result>
                  <testLog>
                    <streams />
                    <attachments />
                  </testLog>
                </testStepRun>
                <testStepRun startTime="2011-08-05T13:39:53.3055955+09:30" endTime="2011-08-05T13:39:54.1337205+09:30">
                  <testStep id="169ffba58bbe149d" name="MigrateUpDownNegative1" fullName="SubSonic.Tests/MigrationTests/MigrateUpDownNegative1" testId="bd66417745aec781" isPrimary="true" isTestCase="true" isDynamic="false">
                    <codeReference assembly="SubSonic.Tests, Version=2.2.1.0, Culture=neutral, PublicKeyToken=null" namespace="SubSonic.Tests.Migrations" type="SubSonic.Tests.Migrations.MigrationTests" member="MigrateUpDownNegative1" />
                    <codeLocation path="C:\data\SubsonicRoot\ss2\SubSonic.Tests\Migrations\MigrationTests.cs" line="79" />
                    <metadata>
                      <entry key="TestKind">
                        <value>Test</value>
                      </entry>
                    </metadata>
                  </testStep>
                  <children />
                  <result assertCount="4" duration="0.81018039999999991">
                    <outcome status="passed" />
                  </result>
                  <testLog>
                    <streams>
                      <stream name="ConsoleOutput">
                        <body>
                          <contents>
                            <text><![CDATA[Found 2 migration files
Current DB Version is 0
Migrating to 001_MigrationTest (1)
Found 2 migration files
Current DB Version is 1
Migrating to 001_MigrationTest (1)
]]></text>
                          </contents>
                        </body>
                      </stream>
                    </streams>
                    <attachments />
                  </testLog>
                </testStepRun>
                <testStepRun startTime="2011-08-05T13:39:54.1337205+09:30" endTime="2011-08-05T13:39:54.1493455+09:30">
                  <testStep id="1161686e1cff56be" name="Migration_SQL_Generation_AddRemoveColumns" fullName="SubSonic.Tests/MigrationTests/Migration_SQL_Generation_AddRemoveColumns" testId="fc1403bbd9c21f26" isPrimary="true" isTestCase="true" isDynamic="false">
                    <codeReference assembly="SubSonic.Tests, Version=2.2.1.0, Culture=neutral, PublicKeyToken=null" namespace="SubSonic.Tests.Migrations" type="SubSonic.Tests.Migrations.MigrationTests" member="Migration_SQL_Generation_AddRemoveColumns" />
                    <codeLocation path="C:\data\SubsonicRoot\ss2\SubSonic.Tests\Migrations\MigrationTests.cs" line="41" />
                    <metadata>
                      <entry key="TestKind">
                        <value>Test</value>
                      </entry>
                    </metadata>
                  </testStep>
                  <children />
                  <result assertCount="1" duration="0.0207221">
                    <outcome status="passed" />
                  </result>
                  <testLog>
                    <streams />
                    <attachments />
                  </testLog>
                </testStepRun>
                <testStepRun startTime="2011-08-05T13:39:54.1649705+09:30" endTime="2011-08-05T13:39:54.3055955+09:30">
                  <testStep id="2634f0ed7c5a2881" name="MigrationAddRemoveColumns" fullName="SubSonic.Tests/MigrationTests/MigrationAddRemoveColumns" testId="5fbd30d8d3c730d4" isPrimary="true" isTestCase="true" isDynamic="false">
                    <codeReference assembly="SubSonic.Tests, Version=2.2.1.0, Culture=neutral, PublicKeyToken=null" namespace="SubSonic.Tests.Migrations" type="SubSonic.Tests.Migrations.MigrationTests" member="MigrationAddRemoveColumns" />
                    <codeLocation path="C:\data\SubsonicRoot\ss2\SubSonic.Tests\Migrations\MigrationTests.cs" line="171" />
                    <metadata>
                      <entry key="TestKind">
                        <value>Test</value>
                      </entry>
                    </metadata>
                  </testStep>
                  <children />
                  <result assertCount="2" duration="0.14987999999999999">
                    <outcome status="passed" />
                  </result>
                  <testLog>
                    <streams />
                    <attachments />
                  </testLog>
                </testStepRun>
                <testStepRun startTime="2011-08-05T13:39:54.3212205+09:30" endTime="2011-08-05T13:39:54.6337205+09:30">
                  <testStep id="e5e85c6d46c647cc" name="MigrationAlterColumn" fullName="SubSonic.Tests/MigrationTests/MigrationAlterColumn" testId="941fe2e0ac31211e" isPrimary="true" isTestCase="true" isDynamic="false">
                    <codeReference assembly="SubSonic.Tests, Version=2.2.1.0, Culture=neutral, PublicKeyToken=null" namespace="SubSonic.Tests.Migrations" type="SubSonic.Tests.Migrations.MigrationTests" member="MigrationAlterColumn" />
                    <codeLocation path="C:\data\SubsonicRoot\ss2\SubSonic.Tests\Migrations\MigrationTests.cs" line="148" />
                    <metadata>
                      <entry key="TestKind">
                        <value>Test</value>
                      </entry>
                    </metadata>
                  </testStep>
                  <children />
                  <result assertCount="2" duration="0.3093645">
                    <outcome status="passed" />
                  </result>
                  <testLog>
                    <streams />
                    <attachments />
                  </testLog>
                </testStepRun>
                <testStepRun startTime="2011-08-05T13:39:54.6337205+09:30" endTime="2011-08-05T13:39:54.6493455+09:30">
                  <testStep id="f0c9bb3156b0208c" name="MigrationExecute" fullName="SubSonic.Tests/MigrationTests/MigrationExecute" testId="bca569c17d71b8ce" isPrimary="true" isTestCase="true" isDynamic="false">
                    <codeReference assembly="SubSonic.Tests, Version=2.2.1.0, Culture=neutral, PublicKeyToken=null" namespace="SubSonic.Tests.Migrations" type="SubSonic.Tests.Migrations.MigrationTests" member="MigrationExecute" />
                    <codeLocation path="C:\data\SubsonicRoot\ss2\SubSonic.Tests\Migrations\MigrationTests.cs" line="250" />
                    <metadata>
                      <entry key="TestKind">
                        <value>Test</value>
                      </entry>
                    </metadata>
                  </testStep>
                  <children />
                  <result assertCount="1" duration="0.0148556">
                    <outcome status="passed" />
                  </result>
                  <testLog>
                    <streams />
                    <attachments />
                  </testLog>
                </testStepRun>
                <testStepRun startTime="2011-08-05T13:39:54.6649705+09:30" endTime="2011-08-05T13:39:54.6649705+09:30">
                  <testStep id="e5153722a26840eb" name="MigrationGenerateCreateTablesSql" fullName="SubSonic.Tests/MigrationTests/MigrationGenerateCreateTablesSql" testId="6ad5e975aee08ddf" isPrimary="true" isTestCase="true" isDynamic="false">
                    <codeReference assembly="SubSonic.Tests, Version=2.2.1.0, Culture=neutral, PublicKeyToken=null" namespace="SubSonic.Tests.Migrations" type="SubSonic.Tests.Migrations.MigrationTests" member="MigrationGenerateCreateTablesSql" />
                    <codeLocation path="C:\data\SubsonicRoot\ss2\SubSonic.Tests\Migrations\MigrationTests.cs" line="18" />
                    <metadata>
                      <entry key="TestKind">
                        <value>Test</value>
                      </entry>
                    </metadata>
                  </testStep>
                  <children />
                  <result assertCount="1" duration="0.0031815999999999997">
                    <outcome status="passed" />
                  </result>
                  <testLog>
                    <streams />
                    <attachments />
                  </testLog>
                </testStepRun>
                <testStepRun startTime="2011-08-05T13:39:54.6649705+09:30" endTime="2011-08-05T13:39:54.7587205+09:30">
                  <testStep id="854975635c40b14d" name="MigrationGenerateDropTablesSql" fullName="SubSonic.Tests/MigrationTests/MigrationGenerateDropTablesSql" testId="1989de16e4cda26b" isPrimary="true" isTestCase="true" isDynamic="false">
                    <codeReference assembly="SubSonic.Tests, Version=2.2.1.0, Culture=neutral, PublicKeyToken=null" namespace="SubSonic.Tests.Migrations" type="SubSonic.Tests.Migrations.MigrationTests" member="MigrationGenerateDropTablesSql" />
                    <codeLocation path="C:\data\SubsonicRoot\ss2\SubSonic.Tests\Migrations\MigrationTests.cs" line="29" />
                    <metadata>
                      <entry key="TestKind">
                        <value>Test</value>
                      </entry>
                    </metadata>
                  </testStep>
                  <children />
                  <result assertCount="1" duration="0.1094686">
                    <outcome status="passed" />
                  </result>
                  <testLog>
                    <streams />
                    <attachments />
                  </testLog>
                </testStepRun>
                <testStepRun startTime="2011-08-05T13:39:54.7743455+09:30" endTime="2011-08-05T13:39:54.8680955+09:30">
                  <testStep id="ef8b29361565f713" name="MigrationMySql" fullName="SubSonic.Tests/MigrationTests/MigrationMySql" testId="4abcbd35596f771b" isPrimary="true" isTestCase="true" isDynamic="false">
                    <codeReference assembly="SubSonic.Tests, Version=2.2.1.0, Culture=neutral, PublicKeyToken=null" namespace="SubSonic.Tests.Migrations" type="SubSonic.Tests.Migrations.MigrationTests" member="MigrationMySql" />
                    <codeLocation path="C:\data\SubsonicRoot\ss2\SubSonic.Tests\Migrations\MigrationTests.cs" line="265" />
                    <metadata>
                      <entry key="TestKind">
                        <value>Test</value>
                      </entry>
                    </metadata>
                  </testStep>
                  <children />
                  <result assertCount="4" duration="0.0984119">
                    <outcome status="passed" />
                  </result>
                  <testLog>
                    <streams />
                    <attachments />
                  </testLog>
                </testStepRun>
                <testStepRun startTime="2011-08-05T13:39:54.8837205+09:30" endTime="2011-08-05T13:39:54.9774705+09:30">
                  <testStep id="2874b53e58f5269f" name="MigrationOnDispose" fullName="SubSonic.Tests/MigrationTests/MigrationOnDispose" testId="9b9ec6dd8cf18626" isPrimary="true" isTestCase="true" isDynamic="false">
                    <codeReference assembly="SubSonic.Tests, Version=2.2.1.0, Culture=neutral, PublicKeyToken=null" namespace="SubSonic.Tests.Migrations" type="SubSonic.Tests.Migrations.MigrationTests" member="MigrationOnDispose" />
                    <codeLocation path="C:\data\SubsonicRoot\ss2\SubSonic.Tests\Migrations\MigrationTests.cs" line="232" />
                    <metadata>
                      <entry key="TestKind">
                        <value>Test</value>
                      </entry>
                    </metadata>
                  </testStep>
                  <children />
                  <result assertCount="1" duration="0.0944869">
                    <outcome status="passed" />
                  </result>
                  <testLog>
                    <streams />
                    <attachments />
                  </testLog>
                </testStepRun>
                <testStepRun startTime="2011-08-05T13:39:54.9774705+09:30" endTime="2011-08-05T13:39:55.8212205+09:30">
                  <testStep id="b81fdab88f11d5c8" name="MigrationShouldCreateAndDropTestTable" fullName="SubSonic.Tests/MigrationTests/MigrationShouldCreateAndDropTestTable" testId="cfe29af00870094c" isPrimary="true" isTestCase="true" isDynamic="false">
                    <codeReference assembly="SubSonic.Tests, Version=2.2.1.0, Culture=neutral, PublicKeyToken=null" namespace="SubSonic.Tests.Migrations" type="SubSonic.Tests.Migrations.MigrationTests" member="MigrationShouldCreateAndDropTestTable" />
                    <codeLocation path="C:\data\SubsonicRoot\ss2\SubSonic.Tests\Migrations\MigrationTests.cs" line="184" />
                    <metadata>
                      <entry key="TestKind">
                        <value>Test</value>
                      </entry>
                    </metadata>
                  </testStep>
                  <children />
                  <result assertCount="6" duration="0.8442212">
                    <outcome status="passed" />
                  </result>
                  <testLog>
                    <streams>
                      <stream name="ConsoleOutput">
                        <body>
                          <contents>
                            <text><![CDATA[Found 2 migration files
Current DB Version is 0
Migrating to 001_MigrationTest (1)
Found 2 migration files
Current DB Version is 1
Migrating to 001_MigrationTest (1)
]]></text>
                          </contents>
                        </body>
                      </stream>
                    </streams>
                    <attachments />
                  </testLog>
                </testStepRun>
                <testStepRun startTime="2011-08-05T13:39:55.8212205+09:30" endTime="2011-08-05T13:39:56.9305955+09:30">
                  <testStep id="dc0c60c48d51c802" name="MigrationShouldExecMultipleMigrations" fullName="SubSonic.Tests/MigrationTests/MigrationShouldExecMultipleMigrations" testId="68b84e1f9a9c2bc8" isPrimary="true" isTestCase="true" isDynamic="false">
                    <codeReference assembly="SubSonic.Tests, Version=2.2.1.0, Culture=neutral, PublicKeyToken=null" namespace="SubSonic.Tests.Migrations" type="SubSonic.Tests.Migrations.MigrationTests" member="MigrationShouldExecMultipleMigrations" />
                    <codeLocation path="C:\data\SubsonicRoot\ss2\SubSonic.Tests\Migrations\MigrationTests.cs" line="205" />
                    <metadata>
                      <entry key="TestKind">
                        <value>Test</value>
                      </entry>
                    </metadata>
                  </testStep>
                  <children />
                  <result assertCount="10" duration="1.1026163">
                    <outcome status="passed" />
                  </result>
                  <testLog>
                    <streams>
                      <stream name="ConsoleOutput">
                        <body>
                          <contents>
                            <text><![CDATA[Found 2 migration files
Current DB Version is 0
Migrating to 001_MigrationTest (1)
Migrating to 002_MigrationTest (2)
Found 2 migration files
Current DB Version is 2
Migrating to 002_MigrationTest (2)
]]></text>
                          </contents>
                        </body>
                      </stream>
                    </streams>
                    <attachments />
                  </testLog>
                </testStepRun>
                <testStepRun startTime="2011-08-05T13:39:56.9305955+09:30" endTime="2011-08-05T13:39:57.0399705+09:30">
                  <testStep id="c52150194ba5bebf" name="MigrationUpDown" fullName="SubSonic.Tests/MigrationTests/MigrationUpDown" testId="79ec5c9c7b50141d" isPrimary="true" isTestCase="true" isDynamic="false">
                    <codeReference assembly="SubSonic.Tests, Version=2.2.1.0, Culture=neutral, PublicKeyToken=null" namespace="SubSonic.Tests.Migrations" type="SubSonic.Tests.Migrations.MigrationTests" member="MigrationUpDown" />
                    <codeLocation path="C:\data\SubsonicRoot\ss2\SubSonic.Tests\Migrations\MigrationTests.cs" line="102" />
                    <metadata>
                      <entry key="TestKind">
                        <value>Test</value>
                      </entry>
                    </metadata>
                  </testStep>
                  <children />
                  <result assertCount="4" duration="0.0997853">
                    <outcome status="passed" />
                  </result>
                  <testLog>
                    <streams />
                    <attachments />
                  </testLog>
                </testStepRun>
                <testStepRun startTime="2011-08-05T13:39:57.0399705+09:30" endTime="2011-08-05T13:39:57.1337205+09:30">
                  <testStep id="305e7b78b962f3ad" name="MigrationUpwithErrors" fullName="SubSonic.Tests/MigrationTests/MigrationUpwithErrors" testId="c1db2d4e72754f2c" isPrimary="true" isTestCase="true" isDynamic="false">
                    <codeReference assembly="SubSonic.Tests, Version=2.2.1.0, Culture=neutral, PublicKeyToken=null" namespace="SubSonic.Tests.Migrations" type="SubSonic.Tests.Migrations.MigrationTests" member="MigrationUpwithErrors" />
                    <codeLocation path="C:\data\SubsonicRoot\ss2\SubSonic.Tests\Migrations\MigrationTests.cs" line="127" />
                    <metadata>
                      <entry key="TestKind">
                        <value>Test</value>
                      </entry>
                    </metadata>
                  </testStep>
                  <children />
                  <result assertCount="2" duration="0.10052459999999999">
                    <outcome status="passed" />
                  </result>
                  <testLog>
                    <streams />
                    <attachments />
                  </testLog>
                </testStepRun>
              </children>
              <result assertCount="43" duration="4.4830871">
                <outcome status="passed" />
              </result>
              <testLog>
                <streams />
                <attachments />
              </testLog>
            </testStepRun>
            <testStepRun startTime="2011-08-05T13:39:57.1493455+09:30" endTime="2011-08-05T13:39:57.3837205+09:30">
              <testStep id="6df98b92961f3115" name="MultiProvider" fullName="SubSonic.Tests/MultiProvider" testId="621ae3895ea314a" isPrimary="true" isTestCase="false" isDynamic="false">
                <codeReference assembly="SubSonic.Tests, Version=2.2.1.0, Culture=neutral, PublicKeyToken=null" namespace="SubSonic.Tests" type="SubSonic.Tests.MultiProvider" />
                <codeLocation path="C:\data\SubsonicRoot\ss2\SubSonic.Tests\MultiProvider.cs" />
                <metadata>
                  <entry key="TestKind">
                    <value>Fixture</value>
                  </entry>
                </metadata>
              </testStep>
              <children>
                <testStepRun startTime="2011-08-05T13:39:57.1649705+09:30" endTime="2011-08-05T13:39:57.3680955+09:30">
                  <testStep id="7bc5eb206949142b" name="Multi_QueryTest" fullName="SubSonic.Tests/MultiProvider/Multi_QueryTest" testId="e240560f583195d4" isPrimary="true" isTestCase="true" isDynamic="false">
                    <codeReference assembly="SubSonic.Tests, Version=2.2.1.0, Culture=neutral, PublicKeyToken=null" namespace="SubSonic.Tests" type="SubSonic.Tests.MultiProvider" member="Multi_QueryTest" />
                    <codeLocation path="C:\data\SubsonicRoot\ss2\SubSonic.Tests\MultiProvider.cs" line="32" />
                    <metadata>
                      <entry key="TestKind">
                        <value>Test</value>
                      </entry>
                    </metadata>
                  </testStep>
                  <children />
                  <result assertCount="2" duration="0.2044282">
                    <outcome status="passed" />
                  </result>
                  <testLog>
                    <streams />
                    <attachments />
                  </testLog>
                </testStepRun>
                <testStepRun startTime="2011-08-05T13:39:57.3680955+09:30" endTime="2011-08-05T13:39:57.3837205+09:30">
                  <testStep id="656373d58efd82f4" name="Multiple_Providers_Should_Return_Correct_ProviderName" fullName="SubSonic.Tests/MultiProvider/Multiple_Providers_Should_Return_Correct_ProviderName" testId="44598ae75999557" isPrimary="true" isTestCase="true" isDynamic="false">
                    <codeReference assembly="SubSonic.Tests, Version=2.2.1.0, Culture=neutral, PublicKeyToken=null" namespace="SubSonic.Tests" type="SubSonic.Tests.MultiProvider" member="Multiple_Providers_Should_Return_Correct_ProviderName" />
                    <codeLocation path="C:\data\SubsonicRoot\ss2\SubSonic.Tests\MultiProvider.cs" line="45" />
                    <metadata>
                      <entry key="TestKind">
                        <value>Test</value>
                      </entry>
                    </metadata>
                  </testStep>
                  <children />
                  <result assertCount="2" duration="0.0039882">
                    <outcome status="passed" />
                  </result>
                  <testLog>
                    <streams />
                    <attachments />
                  </testLog>
                </testStepRun>
              </children>
              <result assertCount="4" duration="0.2201031">
                <outcome status="passed" />
              </result>
              <testLog>
                <streams />
                <attachments />
              </testLog>
            </testStepRun>
            <testStepRun startTime="2011-08-05T13:39:57.3837205+09:30" endTime="2011-08-05T13:39:58.4618455+09:30">
              <testStep id="ced5bfe17cbb940d" name="MySqlGeneratorTests" fullName="SubSonic.Tests/MySqlGeneratorTests" testId="d555ee4381e205dd" isPrimary="true" isTestCase="false" isDynamic="false">
                <codeReference assembly="SubSonic.Tests, Version=2.2.1.0, Culture=neutral, PublicKeyToken=null" namespace="SubSonic.Tests.SqlGenerators" type="SubSonic.Tests.SqlGenerators.MySqlGeneratorTests" />
                <codeLocation path="C:\data\SubsonicRoot\ss2\SubSonic.Tests\SqlGenerators\MySqlGeneratorTests.cs" />
                <metadata>
                  <entry key="TestKind">
                    <value>Fixture</value>
                  </entry>
                </metadata>
              </testStep>
              <children>
                <testStepRun startTime="2011-08-05T13:39:57.3993455+09:30" endTime="2011-08-05T13:39:58.0399705+09:30">
                  <testStep id="dcadc38eabbd42f6" name="Add_Column" fullName="SubSonic.Tests/MySqlGeneratorTests/Add_Column" testId="f83464f45f4bb980" isPrimary="true" isTestCase="true" isDynamic="false">
                    <codeReference assembly="SubSonic.Tests, Version=2.2.1.0, Culture=neutral, PublicKeyToken=null" namespace="SubSonic.Tests.SqlGenerators" type="SubSonic.Tests.SqlGenerators.MySqlGeneratorTests" member="Add_Column" />
                    <codeLocation path="C:\data\SubsonicRoot\ss2\SubSonic.Tests\SqlGenerators\MySqlGeneratorTests.cs" line="46" />
                    <metadata>
                      <entry key="TestKind">
                        <value>Test</value>
                      </entry>
                    </metadata>
                  </testStep>
                  <children />
                  <result assertCount="1" duration="0.636604">
                    <outcome status="failed" />
                  </result>
                  <testLog>
                    <streams>
                      <stream name="Failures">
                        <body>
                          <contents>
                            <marker class="AssertionFailure">
                              <contents>
                                <section name="Expected values to be equal.">
                                  <contents>
                                    <text><![CDATA[
]]></text>
                                    <marker class="Monospace">
                                      <contents>
                                        <marker class="Label">
                                          <contents>
                                            <text><![CDATA[Expected Value : ]]></text>
                                          </contents>
                                          <attributes />
                                        </marker>
                                        <text><![CDATA["ALTER TABLE ]]></text>
                                        <marker class="DiffChange">
                                          <contents>
                                            <text><![CDATA[`]]></text>
                                          </contents>
                                          <attributes />
                                        </marker>
                                        <text><![CDATA[products]]></text>
                                        <marker class="DiffChange">
                                          <contents>
                                            <text><![CDATA[`]]></text>
                                          </contents>
                                          <attributes />
                                        </marker>
                                        <text><![CDATA[ ADD ]]></text>
                                        <marker class="DiffChange">
                                          <contents>
                                            <text><![CDATA[`]]></text>
                                          </contents>
                                          <attributes />
                                        </marker>
                                        <text><![CDATA[Address4]]></text>
                                        <marker class="DiffChange">
                                          <contents>
                                            <text><![CDATA[`]]></text>
                                          </contents>
                                          <attributes />
                                        </marker>
                                        <text><![CDATA[ nvarchar(50) NULL"
]]></text>
                                        <marker class="Label">
                                          <contents>
                                            <text><![CDATA[Actual Value   : ]]></text>
                                          </contents>
                                          <attributes />
                                        </marker>
                                        <text><![CDATA["ALTER TABLE ]]></text>
                                        <marker class="DiffChange">
                                          <contents>
                                            <text><![CDATA[[]]></text>
                                          </contents>
                                          <attributes />
                                        </marker>
                                        <text><![CDATA[products]]></text>
                                        <marker class="DiffChange">
                                          <contents>
                                            <text><![CDATA[]]]></text>
                                          </contents>
                                          <attributes />
                                        </marker>
                                        <text><![CDATA[ ADD ]]></text>
                                        <marker class="DiffChange">
                                          <contents>
                                            <text><![CDATA[[]]></text>
                                          </contents>
                                          <attributes />
                                        </marker>
                                        <text><![CDATA[Address4]]></text>
                                        <marker class="DiffChange">
                                          <contents>
                                            <text><![CDATA[]]]></text>
                                          </contents>
                                          <attributes />
                                        </marker>
                                        <text><![CDATA[ nvarchar(50) NULL"
]]></text>
                                      </contents>
                                      <attributes />
                                    </marker>
                                    <text><![CDATA[
]]></text>
                                    <marker class="StackTrace">
                                      <contents>
                                        <text><![CDATA[   at SubSonic.Tests.SqlGenerators.MySqlGeneratorTests.Add_Column() in ]]></text>
                                        <marker class="CodeLocation">
                                          <contents>
                                            <text><![CDATA[C:\data\SubsonicRoot\ss2\SubSonic.Tests\SqlGenerators\MySqlGeneratorTests.cs:line 56]]></text>
                                          </contents>
                                          <attributes>
                                            <attribute name="line" value="56" />
                                            <attribute name="path" value="C:\data\SubsonicRoot\ss2\SubSonic.Tests\SqlGenerators\MySqlGeneratorTests.cs" />
                                          </attributes>
                                        </marker>
                                      </contents>
                                      <attributes />
                                    </marker>
                                    <text><![CDATA[
]]></text>
                                  </contents>
                                </section>
                              </contents>
                              <attributes />
                            </marker>
                          </contents>
                        </body>
                      </stream>
                    </streams>
                    <attachments />
                  </testLog>
                </testStepRun>
                <testStepRun startTime="2011-08-05T13:39:58.0555955+09:30" endTime="2011-08-05T13:39:58.1337205+09:30">
                  <testStep id="d3f94901e3430fb" name="Alter_Column" fullName="SubSonic.Tests/MySqlGeneratorTests/Alter_Column" testId="5a34a93f4a70d135" isPrimary="true" isTestCase="true" isDynamic="false">
                    <codeReference assembly="SubSonic.Tests, Version=2.2.1.0, Culture=neutral, PublicKeyToken=null" namespace="SubSonic.Tests.SqlGenerators" type="SubSonic.Tests.SqlGenerators.MySqlGeneratorTests" member="Alter_Column" />
                    <codeLocation path="C:\data\SubsonicRoot\ss2\SubSonic.Tests\SqlGenerators\MySqlGeneratorTests.cs" line="61" />
                    <metadata>
                      <entry key="TestKind">
                        <value>Test</value>
                      </entry>
                    </metadata>
                  </testStep>
                  <children />
                  <result assertCount="1" duration="0.0059521999999999995">
                    <outcome status="failed" />
                  </result>
                  <testLog>
                    <streams>
                      <stream name="Failures">
                        <body>
                          <contents>
                            <marker class="AssertionFailure">
                              <contents>
                                <section name="Expected values to be equal.">
                                  <contents>
                                    <text><![CDATA[
]]></text>
                                    <marker class="Monospace">
                                      <contents>
                                        <marker class="Label">
                                          <contents>
                                            <text><![CDATA[Expected Value : ]]></text>
                                          </contents>
                                          <attributes />
                                        </marker>
                                        <text><![CDATA["ALTER TABLE ]]></text>
                                        <marker class="DiffChange">
                                          <contents>
                                            <text><![CDATA[`]]></text>
                                          </contents>
                                          <attributes />
                                        </marker>
                                        <text><![CDATA[products]]></text>
                                        <marker class="DiffChange">
                                          <contents>
                                            <text><![CDATA[`]]></text>
                                          </contents>
                                          <attributes />
                                        </marker>
                                        <text><![CDATA[ ALTER COLUMN ]]></text>
                                        <marker class="DiffChange">
                                          <contents>
                                            <text><![CDATA[`]]></text>
                                          </contents>
                                          <attributes />
                                        </marker>
                                        <text><![CDATA[ProductName]]></text>
                                        <marker class="DiffChange">
                                          <contents>
                                            <text><![CDATA[`]]></text>
                                          </contents>
                                          <attributes />
                                        </marker>
                                        <text><![CDATA[ nvarchar(150) NOT NULL"
]]></text>
                                        <marker class="Label">
                                          <contents>
                                            <text><![CDATA[Actual Value   : ]]></text>
                                          </contents>
                                          <attributes />
                                        </marker>
                                        <text><![CDATA["ALTER TABLE ]]></text>
                                        <marker class="DiffChange">
                                          <contents>
                                            <text><![CDATA[[]]></text>
                                          </contents>
                                          <attributes />
                                        </marker>
                                        <text><![CDATA[products]]></text>
                                        <marker class="DiffChange">
                                          <contents>
                                            <text><![CDATA[]]]></text>
                                          </contents>
                                          <attributes />
                                        </marker>
                                        <text><![CDATA[ ALTER COLUMN ]]></text>
                                        <marker class="DiffChange">
                                          <contents>
                                            <text><![CDATA[[]]></text>
                                          </contents>
                                          <attributes />
                                        </marker>
                                        <text><![CDATA[ProductName]]></text>
                                        <marker class="DiffChange">
                                          <contents>
                                            <text><![CDATA[]]]></text>
                                          </contents>
                                          <attributes />
                                        </marker>
                                        <text><![CDATA[ nvarchar(150) NOT NULL"
]]></text>
                                      </contents>
                                      <attributes />
                                    </marker>
                                    <text><![CDATA[
]]></text>
                                    <marker class="StackTrace">
                                      <contents>
                                        <text><![CDATA[   at SubSonic.Tests.SqlGenerators.MySqlGeneratorTests.Alter_Column() in ]]></text>
                                        <marker class="CodeLocation">
                                          <contents>
                                            <text><![CDATA[C:\data\SubsonicRoot\ss2\SubSonic.Tests\SqlGenerators\MySqlGeneratorTests.cs:line 68]]></text>
                                          </contents>
                                          <attributes>
                                            <attribute name="line" value="68" />
                                            <attribute name="path" value="C:\data\SubsonicRoot\ss2\SubSonic.Tests\SqlGenerators\MySqlGeneratorTests.cs" />
                                          </attributes>
                                        </marker>
                                      </contents>
                                      <attributes />
                                    </marker>
                                    <text><![CDATA[
]]></text>
                                  </contents>
                                </section>
                              </contents>
                              <attributes />
                            </marker>
                          </contents>
                        </body>
                      </stream>
                    </streams>
                    <attachments />
                  </testLog>
                </testStepRun>
                <testStepRun startTime="2011-08-05T13:39:58.1337205+09:30" endTime="2011-08-05T13:39:58.1962205+09:30">
                  <testStep id="27bd6fe1b7694d09" name="Create_Table" fullName="SubSonic.Tests/MySqlGeneratorTests/Create_Table" testId="21f87b47ae716092" isPrimary="true" isTestCase="true" isDynamic="false">
                    <codeReference assembly="SubSonic.Tests, Version=2.2.1.0, Culture=neutral, PublicKeyToken=null" namespace="SubSonic.Tests.SqlGenerators" type="SubSonic.Tests.SqlGenerators.MySqlGeneratorTests" member="Create_Table" />
                    <codeLocation path="C:\data\SubsonicRoot\ss2\SubSonic.Tests\SqlGenerators\MySqlGeneratorTests.cs" line="31" />
                    <metadata>
                      <entry key="TestKind">
                        <value>Test</value>
                      </entry>
                    </metadata>
                  </testStep>
                  <children />
                  <result assertCount="1" duration="0.0042144">
                    <outcome status="passed" />
                  </result>
                  <testLog>
                    <streams />
                    <attachments />
                  </testLog>
                </testStepRun>
                <testStepRun startTime="2011-08-05T13:39:58.1962205+09:30" endTime="2011-08-05T13:39:58.2430955+09:30">
                  <testStep id="26f6cd95798209c5" name="Drop_Table" fullName="SubSonic.Tests/MySqlGeneratorTests/Drop_Table" testId="86b9711ecc776484" isPrimary="true" isTestCase="true" isDynamic="false">
                    <codeReference assembly="SubSonic.Tests, Version=2.2.1.0, Culture=neutral, PublicKeyToken=null" namespace="SubSonic.Tests.SqlGenerators" type="SubSonic.Tests.SqlGenerators.MySqlGeneratorTests" member="Drop_Table" />
                    <codeLocation path="C:\data\SubsonicRoot\ss2\SubSonic.Tests\SqlGenerators\MySqlGeneratorTests.cs" line="23" />
                    <metadata>
                      <entry key="TestKind">
                        <value>Test</value>
                      </entry>
                    </metadata>
                  </testStep>
                  <children />
                  <result assertCount="1" duration="0.0111439">
                    <outcome status="failed" />
                  </result>
                  <testLog>
                    <streams>
                      <stream name="Failures">
                        <body>
                          <contents>
                            <marker class="AssertionFailure">
                              <contents>
                                <section name="Expected values to be equal.">
                                  <contents>
                                    <text><![CDATA[
]]></text>
                                    <marker class="Monospace">
                                      <contents>
                                        <marker class="Label">
                                          <contents>
                                            <text><![CDATA[Expected Value : ]]></text>
                                          </contents>
                                          <attributes />
                                        </marker>
                                        <text><![CDATA["DROP TABLE ]]></text>
                                        <marker class="DiffChange">
                                          <contents>
                                            <text><![CDATA[`]]></text>
                                          </contents>
                                          <attributes />
                                        </marker>
                                        <text><![CDATA[products]]></text>
                                        <marker class="DiffChange">
                                          <contents>
                                            <text><![CDATA[`]]></text>
                                          </contents>
                                          <attributes />
                                        </marker>
                                        <text><![CDATA["
]]></text>
                                        <marker class="Label">
                                          <contents>
                                            <text><![CDATA[Actual Value   : ]]></text>
                                          </contents>
                                          <attributes />
                                        </marker>
                                        <text><![CDATA["DROP TABLE ]]></text>
                                        <marker class="DiffChange">
                                          <contents>
                                            <text><![CDATA[[]]></text>
                                          </contents>
                                          <attributes />
                                        </marker>
                                        <text><![CDATA[products]]></text>
                                        <marker class="DiffChange">
                                          <contents>
                                            <text><![CDATA[]]]></text>
                                          </contents>
                                          <attributes />
                                        </marker>
                                        <text><![CDATA["
]]></text>
                                      </contents>
                                      <attributes />
                                    </marker>
                                    <text><![CDATA[
]]></text>
                                    <marker class="StackTrace">
                                      <contents>
                                        <text><![CDATA[   at SubSonic.Tests.SqlGenerators.MySqlGeneratorTests.Drop_Table() in ]]></text>
                                        <marker class="CodeLocation">
                                          <contents>
                                            <text><![CDATA[C:\data\SubsonicRoot\ss2\SubSonic.Tests\SqlGenerators\MySqlGeneratorTests.cs:line 26]]></text>
                                          </contents>
                                          <attributes>
                                            <attribute name="line" value="26" />
                                            <attribute name="path" value="C:\data\SubsonicRoot\ss2\SubSonic.Tests\SqlGenerators\MySqlGeneratorTests.cs" />
                                          </attributes>
                                        </marker>
                                      </contents>
                                      <attributes />
                                    </marker>
                                    <text><![CDATA[
]]></text>
                                  </contents>
                                </section>
                              </contents>
                              <attributes />
                            </marker>
                          </contents>
                        </body>
                      </stream>
                    </streams>
                    <attachments />
                  </testLog>
                </testStepRun>
                <testStepRun startTime="2011-08-05T13:39:58.2430955+09:30" endTime="2011-08-05T13:39:58.3368455+09:30">
                  <testStep id="13a1f37243e670e2" name="Remove_Column" fullName="SubSonic.Tests/MySqlGeneratorTests/Remove_Column" testId="4b2410a3fffa3a15" isPrimary="true" isTestCase="true" isDynamic="false">
                    <codeReference assembly="SubSonic.Tests, Version=2.2.1.0, Culture=neutral, PublicKeyToken=null" namespace="SubSonic.Tests.SqlGenerators" type="SubSonic.Tests.SqlGenerators.MySqlGeneratorTests" member="Remove_Column" />
                    <codeLocation path="C:\data\SubsonicRoot\ss2\SubSonic.Tests\SqlGenerators\MySqlGeneratorTests.cs" line="73" />
                    <metadata>
                      <entry key="TestKind">
                        <value>Test</value>
                      </entry>
                    </metadata>
                  </testStep>
                  <children />
                  <result assertCount="1" duration="0.0048864">
                    <outcome status="failed" />
                  </result>
                  <testLog>
                    <streams>
                      <stream name="Failures">
                        <body>
                          <contents>
                            <marker class="AssertionFailure">
                              <contents>
                                <section name="Expected values to be equal.">
                                  <contents>
                                    <text><![CDATA[
]]></text>
                                    <marker class="Monospace">
                                      <contents>
                                        <marker class="Label">
                                          <contents>
                                            <text><![CDATA[Expected Value : ]]></text>
                                          </contents>
                                          <attributes />
                                        </marker>
                                        <text><![CDATA["ALTER TABLE ]]></text>
                                        <marker class="DiffChange">
                                          <contents>
                                            <text><![CDATA[`]]></text>
                                          </contents>
                                          <attributes />
                                        </marker>
                                        <text><![CDATA[products]]></text>
                                        <marker class="DiffChange">
                                          <contents>
                                            <text><![CDATA[`]]></text>
                                          </contents>
                                          <attributes />
                                        </marker>
                                        <text><![CDATA[ DROP COLUMN ]]></text>
                                        <marker class="DiffChange">
                                          <contents>
                                            <text><![CDATA[`]]></text>
                                          </contents>
                                          <attributes />
                                        </marker>
                                        <text><![CDATA[ProductName]]></text>
                                        <marker class="DiffChange">
                                          <contents>
                                            <text><![CDATA[`]]></text>
                                          </contents>
                                          <attributes />
                                        </marker>
                                        <text><![CDATA["
]]></text>
                                        <marker class="Label">
                                          <contents>
                                            <text><![CDATA[Actual Value   : ]]></text>
                                          </contents>
                                          <attributes />
                                        </marker>
                                        <text><![CDATA["ALTER TABLE ]]></text>
                                        <marker class="DiffChange">
                                          <contents>
                                            <text><![CDATA[[]]></text>
                                          </contents>
                                          <attributes />
                                        </marker>
                                        <text><![CDATA[products]]></text>
                                        <marker class="DiffChange">
                                          <contents>
                                            <text><![CDATA[]]]></text>
                                          </contents>
                                          <attributes />
                                        </marker>
                                        <text><![CDATA[ DROP COLUMN ]]></text>
                                        <marker class="DiffChange">
                                          <contents>
                                            <text><![CDATA[[]]></text>
                                          </contents>
                                          <attributes />
                                        </marker>
                                        <text><![CDATA[ProductName]]></text>
                                        <marker class="DiffChange">
                                          <contents>
                                            <text><![CDATA[]]]></text>
                                          </contents>
                                          <attributes />
                                        </marker>
                                        <text><![CDATA["
]]></text>
                                      </contents>
                                      <attributes />
                                    </marker>
                                    <text><![CDATA[
]]></text>
                                    <marker class="StackTrace">
                                      <contents>
                                        <text><![CDATA[   at SubSonic.Tests.SqlGenerators.MySqlGeneratorTests.Remove_Column() in ]]></text>
                                        <marker class="CodeLocation">
                                          <contents>
                                            <text><![CDATA[C:\data\SubsonicRoot\ss2\SubSonic.Tests\SqlGenerators\MySqlGeneratorTests.cs:line 79]]></text>
                                          </contents>
                                          <attributes>
                                            <attribute name="line" value="79" />
                                            <attribute name="path" value="C:\data\SubsonicRoot\ss2\SubSonic.Tests\SqlGenerators\MySqlGeneratorTests.cs" />
                                          </attributes>
                                        </marker>
                                      </contents>
                                      <attributes />
                                    </marker>
                                    <text><![CDATA[
]]></text>
                                  </contents>
                                </section>
                              </contents>
                              <attributes />
                            </marker>
                          </contents>
                        </body>
                      </stream>
                    </streams>
                    <attachments />
                  </testLog>
                </testStepRun>
                <testStepRun startTime="2011-08-05T13:39:58.3368455+09:30" endTime="2011-08-05T13:39:58.4618455+09:30">
                  <testStep id="350a8e6db8d301e2" name="Select_ColumnList_Specified" fullName="SubSonic.Tests/MySqlGeneratorTests/Select_ColumnList_Specified" testId="58690fbdcef5469f" isPrimary="true" isTestCase="true" isDynamic="false">
                    <codeReference assembly="SubSonic.Tests, Version=2.2.1.0, Culture=neutral, PublicKeyToken=null" namespace="SubSonic.Tests.SqlGenerators" type="SubSonic.Tests.SqlGenerators.MySqlGeneratorTests" member="Select_ColumnList_Specified" />
                    <codeLocation path="C:\data\SubsonicRoot\ss2\SubSonic.Tests\SqlGenerators\MySqlGeneratorTests.cs" line="12" />
                    <metadata>
                      <entry key="TestKind">
                        <value>Test</value>
                      </entry>
                    </metadata>
                  </testStep>
                  <children />
                  <result assertCount="1" duration="0.016147599999999998">
                    <outcome status="failed" />
                  </result>
                  <testLog>
                    <streams>
                      <stream name="Failures">
                        <body>
                          <contents>
                            <marker class="AssertionFailure">
                              <contents>
                                <section name="Expected values to be equal.">
                                  <contents>
                                    <text><![CDATA[
]]></text>
                                    <marker class="Monospace">
                                      <contents>
                                        <marker class="Label">
                                          <contents>
                                            <text><![CDATA[Expected Value : ]]></text>
                                          </contents>
                                          <attributes />
                                        </marker>
                                        <text><![CDATA["SELECT ]]></text>
                                        <marker class="DiffChange">
                                          <contents>
                                            <text><![CDATA[`]]></text>
                                          </contents>
                                          <attributes />
                                        </marker>
                                        <text><![CDATA[products]]></text>
                                        <marker class="DiffChange">
                                          <contents>
                                            <text><![CDATA[`.`]]></text>
                                          </contents>
                                          <attributes />
                                        </marker>
                                        <text><![CDATA[ProductID]]></text>
                                        <marker class="DiffChange">
                                          <contents>
                                            <text><![CDATA[`]]></text>
                                          </contents>
                                          <attributes />
                                        </marker>
                                        <text><![CDATA[, ]]></text>
                                        <marker class="DiffChange">
                                          <contents>
                                            <text><![CDATA[`]]></text>
                                          </contents>
                                          <attributes />
                                        </marker>
                                        <text><![CDATA[products]]></text>
                                        <marker class="DiffChange">
                                          <contents>
                                            <text><![CDATA[`.`]]></text>
                                          </contents>
                                          <attributes />
                                        </marker>
                                        <text><![CDATA[ProductName]]></text>
                                        <marker class="DiffChange">
                                          <contents>
                                            <text><![CDATA[`]]></text>
                                          </contents>
                                          <attributes />
                                        </marker>
                                        <text><![CDATA[\r\n"
]]></text>
                                        <marker class="Label">
                                          <contents>
                                            <text><![CDATA[Actual Value   : ]]></text>
                                          </contents>
                                          <attributes />
                                        </marker>
                                        <text><![CDATA["SELECT ]]></text>
                                        <marker class="DiffChange">
                                          <contents>
                                            <text><![CDATA[[]]></text>
                                          </contents>
                                          <attributes />
                                        </marker>
                                        <text><![CDATA[products]]></text>
                                        <marker class="DiffChange">
                                          <contents>
                                            <text><![CDATA[].[]]></text>
                                          </contents>
                                          <attributes />
                                        </marker>
                                        <text><![CDATA[ProductID]]></text>
                                        <marker class="DiffChange">
                                          <contents>
                                            <text><![CDATA[]]]></text>
                                          </contents>
                                          <attributes />
                                        </marker>
                                        <text><![CDATA[, ]]></text>
                                        <marker class="DiffChange">
                                          <contents>
                                            <text><![CDATA[[]]></text>
                                          </contents>
                                          <attributes />
                                        </marker>
                                        <text><![CDATA[products]]></text>
                                        <marker class="DiffChange">
                                          <contents>
                                            <text><![CDATA[].[]]></text>
                                          </contents>
                                          <attributes />
                                        </marker>
                                        <text><![CDATA[ProductName]]></text>
                                        <marker class="DiffChange">
                                          <contents>
                                            <text><![CDATA[]]]></text>
                                          </contents>
                                          <attributes />
                                        </marker>
                                        <text><![CDATA[\r\n"
]]></text>
                                      </contents>
                                      <attributes />
                                    </marker>
                                    <text><![CDATA[
]]></text>
                                    <marker class="StackTrace">
                                      <contents>
                                        <text><![CDATA[   at SubSonic.Tests.SqlGenerators.MySqlGeneratorTests.Select_ColumnList_Specified() in ]]></text>
                                        <marker class="CodeLocation">
                                          <contents>
                                            <text><![CDATA[C:\data\SubsonicRoot\ss2\SubSonic.Tests\SqlGenerators\MySqlGeneratorTests.cs:line 18]]></text>
                                          </contents>
                                          <attributes>
                                            <attribute name="line" value="18" />
                                            <attribute name="path" value="C:\data\SubsonicRoot\ss2\SubSonic.Tests\SqlGenerators\MySqlGeneratorTests.cs" />
                                          </attributes>
                                        </marker>
                                      </contents>
                                      <attributes />
                                    </marker>
                                    <text><![CDATA[
]]></text>
                                  </contents>
                                </section>
                              </contents>
                              <attributes />
                            </marker>
                          </contents>
                        </body>
                      </stream>
                    </streams>
                    <attachments />
                  </testLog>
                </testStepRun>
              </children>
              <result assertCount="6" duration="0.7070076">
                <outcome status="failed" />
              </result>
              <testLog>
                <streams />
                <attachments />
              </testLog>
            </testStepRun>
            <testStepRun startTime="2011-08-05T13:39:58.4618455+09:30" endTime="2011-08-05T13:39:58.5087205+09:30">
              <testStep id="19ff4da4d990ee49" name="MySqlTests" fullName="SubSonic.Tests/MySqlTests" testId="ac150421ef5e6b01" isPrimary="true" isTestCase="false" isDynamic="false">
                <codeReference assembly="SubSonic.Tests, Version=2.2.1.0, Culture=neutral, PublicKeyToken=null" namespace="SubSonic.Tests" type="SubSonic.Tests.MySqlTests" />
                <codeLocation path="C:\data\SubsonicRoot\ss2\SubSonic.Tests\MySqlTests.cs" />
                <metadata>
                  <entry key="TestKind">
                    <value>Fixture</value>
                  </entry>
                </metadata>
              </testStep>
              <children>
                <testStepRun startTime="2011-08-05T13:39:58.4774705+09:30" endTime="2011-08-05T13:39:58.4930955+09:30">
                  <testStep id="4e08573b101a877b" name="CorrectSchemaLoad" fullName="SubSonic.Tests/MySqlTests/CorrectSchemaLoad" testId="be8622380961903f" isPrimary="true" isTestCase="true" isDynamic="false">
                    <codeReference assembly="SubSonic.Tests, Version=2.2.1.0, Culture=neutral, PublicKeyToken=null" namespace="SubSonic.Tests" type="SubSonic.Tests.MySqlTests" member="CorrectSchemaLoad" />
                    <codeLocation path="C:\data\SubsonicRoot\ss2\SubSonic.Tests\MySqlTests.cs" line="28" />
                    <metadata>
                      <entry key="TestKind">
                        <value>Test</value>
                      </entry>
                    </metadata>
                  </testStep>
                  <children />
                  <result assertCount="0" duration="0.1799635">
                    <outcome status="failed" />
                  </result>
                  <testLog>
                    <streams>
                      <stream name="Failures">
                        <body>
                          <contents>
                            <section name="Execute">
                              <contents>
                                <marker class="Exception">
                                  <contents>
                                    <marker class="ExceptionType">
                                      <contents>
                                        <text><![CDATA[System.InvalidCastException]]></text>
                                      </contents>
                                      <attributes />
                                    </marker>
                                    <text><![CDATA[: ]]></text>
                                    <marker class="ExceptionMessage">
                                      <contents>
                                        <text><![CDATA[Unable to cast object of type 'SubSonic.SqlDataProvider' to type 'SubSonic.MySqlDataProvider'.]]></text>
                                      </contents>
                                      <attributes />
                                    </marker>
                                    <text><![CDATA[
]]></text>
                                    <marker class="StackTrace">
                                      <contents>
                                        <text><![CDATA[   at SubSonic.Tests.MySqlTests.CorrectSchemaLoad() in ]]></text>
                                        <marker class="CodeLocation">
                                          <contents>
                                            <text><![CDATA[C:\data\SubsonicRoot\ss2\SubSonic.Tests\MySqlTests.cs:line 29]]></text>
                                          </contents>
                                          <attributes>
                                            <attribute name="line" value="29" />
                                            <attribute name="path" value="C:\data\SubsonicRoot\ss2\SubSonic.Tests\MySqlTests.cs" />
                                          </attributes>
                                        </marker>
                                      </contents>
                                      <attributes />
                                    </marker>
                                  </contents>
                                  <attributes />
                                </marker>
                              </contents>
                            </section>
                          </contents>
                        </body>
                      </stream>
                    </streams>
                    <attachments />
                  </testLog>
                </testStepRun>
              </children>
              <result assertCount="0" duration="0.1875637">
                <outcome status="failed" />
              </result>
              <testLog>
                <streams />
                <attachments />
              </testLog>
            </testStepRun>
            <testStepRun startTime="2011-08-05T13:39:58.5087205+09:30" endTime="2011-08-05T13:39:58.5243455+09:30">
              <testStep id="65b4f88f5011fc3c" name="NameTransformationTests" fullName="SubSonic.Tests/NameTransformationTests" testId="7a8c3f10192cd9e6" isPrimary="true" isTestCase="false" isDynamic="false">
                <codeReference assembly="SubSonic.Tests, Version=2.2.1.0, Culture=neutral, PublicKeyToken=null" namespace="SubSonic.Tests" type="SubSonic.Tests.NameTransformationTests" />
                <codeLocation path="C:\data\SubsonicRoot\ss2\SubSonic.Tests\NameTransformationTests.cs" />
                <metadata>
                  <entry key="TestKind">
                    <value>Fixture</value>
                  </entry>
                </metadata>
              </testStep>
              <children>
                <testStepRun startTime="2011-08-05T13:39:58.5087205+09:30" endTime="2011-08-05T13:39:58.5243455+09:30">
                  <testStep id="ab7f89aae33d5c23" name="NameTransformation_ToPascalCase" fullName="SubSonic.Tests/NameTransformationTests/NameTransformation_ToPascalCase" testId="24d41af1d98cd3cb" isPrimary="true" isTestCase="true" isDynamic="false">
                    <codeReference assembly="SubSonic.Tests, Version=2.2.1.0, Culture=neutral, PublicKeyToken=null" namespace="SubSonic.Tests" type="SubSonic.Tests.NameTransformationTests" member="NameTransformation_ToPascalCase" />
                    <codeLocation path="C:\data\SubsonicRoot\ss2\SubSonic.Tests\NameTransformationTests.cs" line="30" />
                    <metadata>
                      <entry key="TestKind">
                        <value>Test</value>
                      </entry>
                    </metadata>
                  </testStep>
                  <children />
                  <result assertCount="16" duration="0.013803399999999999">
                    <outcome status="passed" />
                  </result>
                  <testLog>
                    <streams />
                    <attachments />
                  </testLog>
                </testStepRun>
              </children>
              <result assertCount="16" duration="0.053207399999999995">
                <outcome status="passed" />
              </result>
              <testLog>
                <streams />
                <attachments />
              </testLog>
            </testStepRun>
            <testStepRun startTime="2011-08-05T13:39:58.5243455+09:30" endTime="2011-08-05T13:40:00.2274705+09:30">
              <testStep id="2c7e3f5e9bfbe314" name="QueryTest" fullName="SubSonic.Tests/QueryTest" testId="f46067cf1bd4c990" isPrimary="true" isTestCase="false" isDynamic="false">
                <codeReference assembly="SubSonic.Tests, Version=2.2.1.0, Culture=neutral, PublicKeyToken=null" namespace="SubSonic.Tests" type="SubSonic.Tests.QueryTest" />
                <codeLocation path="C:\data\SubsonicRoot\ss2\SubSonic.Tests\QueryTest.cs" />
                <metadata>
                  <entry key="TestKind">
                    <value>Fixture</value>
                  </entry>
                </metadata>
              </testStep>
              <children>
                <testStepRun startTime="2011-08-05T13:39:58.5399705+09:30" endTime="2011-08-05T13:39:58.5555955+09:30">
                  <testStep id="a8bdcc3b3def1af" name="ExecuteJoinedDataSet_Should_Accept_Parameters" fullName="SubSonic.Tests/QueryTest/ExecuteJoinedDataSet_Should_Accept_Parameters" testId="d5a4330fc92e527" isPrimary="true" isTestCase="true" isDynamic="false">
                    <codeReference assembly="SubSonic.Tests, Version=2.2.1.0, Culture=neutral, PublicKeyToken=null" namespace="SubSonic.Tests" type="SubSonic.Tests.QueryTest" member="ExecuteJoinedDataSet_Should_Accept_Parameters" />
                    <codeLocation path="C:\data\SubsonicRoot\ss2\SubSonic.Tests\QueryTest.cs" line="441" />
                    <metadata>
                      <entry key="TestKind">
                        <value>Test</value>
                      </entry>
                    </metadata>
                  </testStep>
                  <children />
                  <result assertCount="1" duration="0.059923199999999996">
                    <outcome status="passed" />
                  </result>
                  <testLog>
                    <streams />
                    <attachments />
                  </testLog>
                </testStepRun>
                <testStepRun startTime="2011-08-05T13:39:58.5555955+09:30" endTime="2011-08-05T13:39:58.5555955+09:30">
                  <testStep id="3acaec679347f095" name="Query_BetweenAnd" fullName="SubSonic.Tests/QueryTest/Query_BetweenAnd" testId="d808a23c9537051e" isPrimary="true" isTestCase="true" isDynamic="false">
                    <codeReference assembly="SubSonic.Tests, Version=2.2.1.0, Culture=neutral, PublicKeyToken=null" namespace="SubSonic.Tests" type="SubSonic.Tests.QueryTest" member="Query_BetweenAnd" />
                    <codeLocation path="C:\data\SubsonicRoot\ss2\SubSonic.Tests\QueryTest.cs" line="102" />
                    <metadata>
                      <entry key="TestKind">
                        <value>Test</value>
                      </entry>
                    </metadata>
                  </testStep>
                  <children />
                  <result assertCount="1" duration="0.0344569">
                    <outcome status="passed" />
                  </result>
                  <testLog>
                    <streams />
                    <attachments />
                  </testLog>
                </testStepRun>
                <testStepRun startTime="2011-08-05T13:39:58.5555955+09:30" endTime="2011-08-05T13:39:58.5712205+09:30">
                  <testStep id="869a39e575b87c4e" name="Query_BetweenNumbers" fullName="SubSonic.Tests/QueryTest/Query_BetweenNumbers" testId="859a4ecfc31fd653" isPrimary="true" isTestCase="true" isDynamic="false">
                    <codeReference assembly="SubSonic.Tests, Version=2.2.1.0, Culture=neutral, PublicKeyToken=null" namespace="SubSonic.Tests" type="SubSonic.Tests.QueryTest" member="Query_BetweenNumbers" />
                    <codeLocation path="C:\data\SubsonicRoot\ss2\SubSonic.Tests\QueryTest.cs" line="138" />
                    <metadata>
                      <entry key="TestKind">
                        <value>Test</value>
                      </entry>
                    </metadata>
                  </testStep>
                  <children />
                  <result assertCount="1" duration="0.0067931">
                    <outcome status="passed" />
                  </result>
                  <testLog>
                    <streams />
                    <attachments />
                  </testLog>
                </testStepRun>
                <testStepRun startTime="2011-08-05T13:39:58.5712205+09:30" endTime="2011-08-05T13:39:58.5868455+09:30">
                  <testStep id="ea17a7384b861395" name="Query_ConstraintExpression" fullName="SubSonic.Tests/QueryTest/Query_ConstraintExpression" testId="ec2493bfaffe6a56" isPrimary="true" isTestCase="true" isDynamic="false">
                    <codeReference assembly="SubSonic.Tests, Version=2.2.1.0, Culture=neutral, PublicKeyToken=null" namespace="SubSonic.Tests" type="SubSonic.Tests.QueryTest" member="Query_ConstraintExpression" />
                    <codeLocation path="C:\data\SubsonicRoot\ss2\SubSonic.Tests\QueryTest.cs" line="457" />
                    <metadata>
                      <entry key="TestKind">
                        <value>Test</value>
                      </entry>
                    </metadata>
                  </testStep>
                  <children />
                  <result assertCount="1" duration="0.0051865999999999995">
                    <outcome status="passed" />
                  </result>
                  <testLog>
                    <streams />
                    <attachments />
                  </testLog>
                </testStepRun>
                <testStepRun startTime="2011-08-05T13:39:58.5868455+09:30" endTime="2011-08-05T13:39:58.5868455+09:30">
                  <testStep id="9fea0b1300ceed69" name="Query_Expression" fullName="SubSonic.Tests/QueryTest/Query_Expression" testId="ad91cb18508fc3a6" isPrimary="true" isTestCase="true" isDynamic="false">
                    <codeReference assembly="SubSonic.Tests, Version=2.2.1.0, Culture=neutral, PublicKeyToken=null" namespace="SubSonic.Tests" type="SubSonic.Tests.QueryTest" member="Query_Expression" />
                    <codeLocation path="C:\data\SubsonicRoot\ss2\SubSonic.Tests\QueryTest.cs" line="373" />
                    <metadata>
                      <entry key="TestKind">
                        <value>Test</value>
                      </entry>
                    </metadata>
                  </testStep>
                  <children />
                  <result assertCount="1" duration="0.010548499999999999">
                    <outcome status="passed" />
                  </result>
                  <testLog>
                    <streams />
                    <attachments />
                  </testLog>
                </testStepRun>
                <testStepRun startTime="2011-08-05T13:39:58.5868455+09:30" endTime="2011-08-05T13:39:58.6024705+09:30">
                  <testStep id="8dfc908a170d6a07" name="Query_IN_ArrayList" fullName="SubSonic.Tests/QueryTest/Query_IN_ArrayList" testId="8bf81810a4cc69e2" isPrimary="true" isTestCase="true" isDynamic="false">
                    <codeReference assembly="SubSonic.Tests, Version=2.2.1.0, Culture=neutral, PublicKeyToken=null" namespace="SubSonic.Tests" type="SubSonic.Tests.QueryTest" member="Query_IN_ArrayList" />
                    <codeLocation path="C:\data\SubsonicRoot\ss2\SubSonic.Tests\QueryTest.cs" line="196" />
                    <metadata>
                      <entry key="TestKind">
                        <value>Test</value>
                      </entry>
                    </metadata>
                  </testStep>
                  <children />
                  <result assertCount="1" duration="0.11025489999999999">
                    <outcome status="passed" />
                  </result>
                  <testLog>
                    <streams />
                    <attachments />
                  </testLog>
                </testStepRun>
                <testStepRun startTime="2011-08-05T13:39:58.6180955+09:30" endTime="2011-08-05T13:39:58.6180955+09:30">
                  <testStep id="932e765efeffeb2a" name="Query_IN_ListCollection" fullName="SubSonic.Tests/QueryTest/Query_IN_ListCollection" testId="4ae6ad8f7041efb9" isPrimary="true" isTestCase="true" isDynamic="false">
                    <codeReference assembly="SubSonic.Tests, Version=2.2.1.0, Culture=neutral, PublicKeyToken=null" namespace="SubSonic.Tests" type="SubSonic.Tests.QueryTest" member="Query_IN_ListCollection" />
                    <codeLocation path="C:\data\SubsonicRoot\ss2\SubSonic.Tests\QueryTest.cs" line="172" />
                    <metadata>
                      <entry key="TestKind">
                        <value>Test</value>
                      </entry>
                    </metadata>
                  </testStep>
                  <children />
                  <result assertCount="1" duration="0.0078789999999999989">
                    <outcome status="passed" />
                  </result>
                  <testLog>
                    <streams />
                    <attachments />
                  </testLog>
                </testStepRun>
                <testStepRun startTime="2011-08-05T13:39:58.6337205+09:30" endTime="2011-08-05T13:39:58.6649705+09:30">
                  <testStep id="97e136ba72cc7392" name="Query_IN_ObjectArray" fullName="SubSonic.Tests/QueryTest/Query_IN_ObjectArray" testId="ca0b18762724c6a7" isPrimary="true" isTestCase="true" isDynamic="false">
                    <codeReference assembly="SubSonic.Tests, Version=2.2.1.0, Culture=neutral, PublicKeyToken=null" namespace="SubSonic.Tests" type="SubSonic.Tests.QueryTest" member="Query_IN_ObjectArray" />
                    <codeLocation path="C:\data\SubsonicRoot\ss2\SubSonic.Tests\QueryTest.cs" line="155" />
                    <metadata>
                      <entry key="TestKind">
                        <value>Test</value>
                      </entry>
                    </metadata>
                  </testStep>
                  <children />
                  <result assertCount="1" duration="0.0136887">
                    <outcome status="passed" />
                  </result>
                  <testLog>
                    <streams />
                    <attachments />
                  </testLog>
                </testStepRun>
                <testStepRun startTime="2011-08-05T13:39:58.6649705+09:30" endTime="2011-08-05T13:39:58.6805955+09:30">
                  <testStep id="899e55c79483de2e" name="Query_IsNotNull" fullName="SubSonic.Tests/QueryTest/Query_IsNotNull" testId="8e0f7118782fd21c" isPrimary="true" isTestCase="true" isDynamic="false">
                    <codeReference assembly="SubSonic.Tests, Version=2.2.1.0, Culture=neutral, PublicKeyToken=null" namespace="SubSonic.Tests" type="SubSonic.Tests.QueryTest" member="Query_IsNotNull" />
                    <codeLocation path="C:\data\SubsonicRoot\ss2\SubSonic.Tests\QueryTest.cs" line="277" />
                    <metadata>
                      <entry key="TestKind">
                        <value>Test</value>
                      </entry>
                    </metadata>
                  </testStep>
                  <children />
                  <result assertCount="1" duration="0.0115633">
                    <outcome status="passed" />
                  </result>
                  <testLog>
                    <streams />
                    <attachments />
                  </testLog>
                </testStepRun>
                <testStepRun startTime="2011-08-05T13:39:58.6962205+09:30" endTime="2011-08-05T13:39:58.7274705+09:30">
                  <testStep id="91c72ae7758c3270" name="Query_JoinedDataSet" fullName="SubSonic.Tests/QueryTest/Query_JoinedDataSet" testId="91d54299a1e93eec" isPrimary="true" isTestCase="true" isDynamic="false">
                    <codeReference assembly="SubSonic.Tests, Version=2.2.1.0, Culture=neutral, PublicKeyToken=null" namespace="SubSonic.Tests" type="SubSonic.Tests.QueryTest" member="Query_JoinedDataSet" />
                    <codeLocation path="C:\data\SubsonicRoot\ss2\SubSonic.Tests\QueryTest.cs" line="432" />
                    <metadata>
                      <entry key="TestKind">
                        <value>Test</value>
                      </entry>
                    </metadata>
                  </testStep>
                  <children />
                  <result assertCount="1" duration="0.0357018">
                    <outcome status="passed" />
                  </result>
                  <testLog>
                    <streams />
                    <attachments />
                  </testLog>
                </testStepRun>
                <testStepRun startTime="2011-08-05T13:39:58.7274705+09:30" endTime="2011-08-05T13:39:58.7430955+09:30">
                  <testStep id="994ed1de081a421e" name="Query_JoinedDataSet_OrderByCollection" fullName="SubSonic.Tests/QueryTest/Query_JoinedDataSet_OrderByCollection" testId="a02573cbf60fe8c0" isPrimary="true" isTestCase="true" isDynamic="false">
                    <codeReference assembly="SubSonic.Tests, Version=2.2.1.0, Culture=neutral, PublicKeyToken=null" namespace="SubSonic.Tests" type="SubSonic.Tests.QueryTest" member="Query_JoinedDataSet_OrderByCollection" />
                    <codeLocation path="C:\data\SubsonicRoot\ss2\SubSonic.Tests\QueryTest.cs" line="635" />
                    <metadata>
                      <entry key="TestKind">
                        <value>Test</value>
                      </entry>
                    </metadata>
                  </testStep>
                  <children />
                  <result assertCount="1" duration="0.0165757">
                    <outcome status="passed" />
                  </result>
                  <testLog>
                    <streams />
                    <attachments />
                  </testLog>
                </testStepRun>
                <testStepRun startTime="2011-08-05T13:39:58.7430955+09:30" endTime="2011-08-05T13:39:58.7587205+09:30">
                  <testStep id="23c3fad10e88cfad" name="Query_JoinedDataSet_OrderByFK" fullName="SubSonic.Tests/QueryTest/Query_JoinedDataSet_OrderByFK" testId="f9fd37038a1e8e27" isPrimary="true" isTestCase="true" isDynamic="false">
                    <codeReference assembly="SubSonic.Tests, Version=2.2.1.0, Culture=neutral, PublicKeyToken=null" namespace="SubSonic.Tests" type="SubSonic.Tests.QueryTest" member="Query_JoinedDataSet_OrderByFK" />
                    <codeLocation path="C:\data\SubsonicRoot\ss2\SubSonic.Tests\QueryTest.cs" line="473" />
                    <metadata>
                      <entry key="TestKind">
                        <value>Test</value>
                      </entry>
                    </metadata>
                  </testStep>
                  <children />
                  <result assertCount="1" duration="0.0213463">
                    <outcome status="passed" />
                  </result>
                  <testLog>
                    <streams />
                    <attachments />
                  </testLog>
                </testStepRun>
                <testStepRun startTime="2011-08-05T13:39:58.7899705+09:30" endTime="2011-08-05T13:39:58.7899705+09:30">
                  <testStep id="e12a0d560d97d004" name="Query_NOT_IN_ArrayList" fullName="SubSonic.Tests/QueryTest/Query_NOT_IN_ArrayList" testId="4cc3e80c5ac0e249" isPrimary="true" isTestCase="true" isDynamic="false">
                    <codeReference assembly="SubSonic.Tests, Version=2.2.1.0, Culture=neutral, PublicKeyToken=null" namespace="SubSonic.Tests" type="SubSonic.Tests.QueryTest" member="Query_NOT_IN_ArrayList" />
                    <codeLocation path="C:\data\SubsonicRoot\ss2\SubSonic.Tests\QueryTest.cs" line="257" />
                    <metadata>
                      <entry key="TestKind">
                        <value>Test</value>
                      </entry>
                    </metadata>
                  </testStep>
                  <children />
                  <result assertCount="1" duration="0.0109505">
                    <outcome status="passed" />
                  </result>
                  <testLog>
                    <streams />
                    <attachments />
                  </testLog>
                </testStepRun>
                <testStepRun startTime="2011-08-05T13:39:58.7899705+09:30" endTime="2011-08-05T13:39:58.8055955+09:30">
                  <testStep id="1f5eba5be07c900b" name="Query_NOT_IN_ListCollection" fullName="SubSonic.Tests/QueryTest/Query_NOT_IN_ListCollection" testId="1bc6d6cab297a103" isPrimary="true" isTestCase="true" isDynamic="false">
                    <codeReference assembly="SubSonic.Tests, Version=2.2.1.0, Culture=neutral, PublicKeyToken=null" namespace="SubSonic.Tests" type="SubSonic.Tests.QueryTest" member="Query_NOT_IN_ListCollection" />
                    <codeLocation path="C:\data\SubsonicRoot\ss2\SubSonic.Tests\QueryTest.cs" line="233" />
                    <metadata>
                      <entry key="TestKind">
                        <value>Test</value>
                      </entry>
                    </metadata>
                  </testStep>
                  <children />
                  <result assertCount="1" duration="0.019323999999999997">
                    <outcome status="passed" />
                  </result>
                  <testLog>
                    <streams />
                    <attachments />
                  </testLog>
                </testStepRun>
                <testStepRun startTime="2011-08-05T13:39:58.8055955+09:30" endTime="2011-08-05T13:39:58.8212205+09:30">
                  <testStep id="577f9bd9ee82b2ae" name="Query_NOT_IN_ObjectArray" fullName="SubSonic.Tests/QueryTest/Query_NOT_IN_ObjectArray" testId="bff6e72f5d9925d1" isPrimary="true" isTestCase="true" isDynamic="false">
                    <codeReference assembly="SubSonic.Tests, Version=2.2.1.0, Culture=neutral, PublicKeyToken=null" namespace="SubSonic.Tests" type="SubSonic.Tests.QueryTest" member="Query_NOT_IN_ObjectArray" />
                    <codeLocation path="C:\data\SubsonicRoot\ss2\SubSonic.Tests\QueryTest.cs" line="216" />
                    <metadata>
                      <entry key="TestKind">
                        <value>Test</value>
                      </entry>
                    </metadata>
                  </testStep>
                  <children />
                  <result assertCount="1" duration="0.0122227">
                    <outcome status="passed" />
                  </result>
                  <testLog>
                    <streams />
                    <attachments />
                  </testLog>
                </testStepRun>
                <testStepRun startTime="2011-08-05T13:39:58.8212205+09:30" endTime="2011-08-05T13:39:58.8368455+09:30">
                  <testStep id="22c3bdd4c6e06203" name="Query_OR_Between" fullName="SubSonic.Tests/QueryTest/Query_OR_Between" testId="bba33423ce91eb6b" isPrimary="true" isTestCase="true" isDynamic="false">
                    <codeReference assembly="SubSonic.Tests, Version=2.2.1.0, Culture=neutral, PublicKeyToken=null" namespace="SubSonic.Tests" type="SubSonic.Tests.QueryTest" member="Query_OR_Between" />
                    <codeLocation path="C:\data\SubsonicRoot\ss2\SubSonic.Tests\QueryTest.cs" line="348" />
                    <metadata>
                      <entry key="TestKind">
                        <value>Test</value>
                      </entry>
                    </metadata>
                  </testStep>
                  <children />
                  <result assertCount="1" duration="0.021633">
                    <outcome status="passed" />
                  </result>
                  <testLog>
                    <streams />
                    <attachments />
                  </testLog>
                </testStepRun>
                <testStepRun startTime="2011-08-05T13:39:58.8524705+09:30" endTime="2011-08-05T13:39:58.8680955+09:30">
                  <testStep id="ed746cb3d2f2eee3" name="Query_OR_Moderate" fullName="SubSonic.Tests/QueryTest/Query_OR_Moderate" testId="8ba9d1f171f2c098" isPrimary="true" isTestCase="true" isDynamic="false">
                    <codeReference assembly="SubSonic.Tests, Version=2.2.1.0, Culture=neutral, PublicKeyToken=null" namespace="SubSonic.Tests" type="SubSonic.Tests.QueryTest" member="Query_OR_Moderate" />
                    <codeLocation path="C:\data\SubsonicRoot\ss2\SubSonic.Tests\QueryTest.cs" line="311" />
                    <metadata>
                      <entry key="TestKind">
                        <value>Test</value>
                      </entry>
                    </metadata>
                  </testStep>
                  <children />
                  <result assertCount="1" duration="0.0120374">
                    <outcome status="passed" />
                  </result>
                  <testLog>
                    <streams />
                    <attachments />
                  </testLog>
                </testStepRun>
                <testStepRun startTime="2011-08-05T13:39:58.8680955+09:30" endTime="2011-08-05T13:39:58.8837205+09:30">
                  <testStep id="fe136220ab9675ba" name="Query_OR_ModerateWithExpressions" fullName="SubSonic.Tests/QueryTest/Query_OR_ModerateWithExpressions" testId="4c48910813dc4eb1" isPrimary="true" isTestCase="true" isDynamic="false">
                    <codeReference assembly="SubSonic.Tests, Version=2.2.1.0, Culture=neutral, PublicKeyToken=null" namespace="SubSonic.Tests" type="SubSonic.Tests.QueryTest" member="Query_OR_ModerateWithExpressions" />
                    <codeLocation path="C:\data\SubsonicRoot\ss2\SubSonic.Tests\QueryTest.cs" line="330" />
                    <metadata>
                      <entry key="TestKind">
                        <value>Test</value>
                      </entry>
                    </metadata>
                  </testStep>
                  <children />
                  <result assertCount="1" duration="0.0068782">
                    <outcome status="passed" />
                  </result>
                  <testLog>
                    <streams />
                    <attachments />
                  </testLog>
                </testStepRun>
                <testStepRun startTime="2011-08-05T13:39:58.8837205+09:30" endTime="2011-08-05T13:39:58.9305955+09:30">
                  <testStep id="ef193fe69660037f" name="Query_OR_Simple" fullName="SubSonic.Tests/QueryTest/Query_OR_Simple" testId="2ccc937c0a4864ae" isPrimary="true" isTestCase="true" isDynamic="false">
                    <codeReference assembly="SubSonic.Tests, Version=2.2.1.0, Culture=neutral, PublicKeyToken=null" namespace="SubSonic.Tests" type="SubSonic.Tests.QueryTest" member="Query_OR_Simple" />
                    <codeLocation path="C:\data\SubsonicRoot\ss2\SubSonic.Tests\QueryTest.cs" line="294" />
                    <metadata>
                      <entry key="TestKind">
                        <value>Test</value>
                      </entry>
                    </metadata>
                  </testStep>
                  <children />
                  <result assertCount="1" duration="0.0565563">
                    <outcome status="passed" />
                  </result>
                  <testLog>
                    <streams />
                    <attachments />
                  </testLog>
                </testStepRun>
                <testStepRun startTime="2011-08-05T13:39:58.9305955+09:30" endTime="2011-08-05T13:39:58.9462205+09:30">
                  <testStep id="a795a1c04466310b" name="Query_ORDER_BY" fullName="SubSonic.Tests/QueryTest/Query_ORDER_BY" testId="79fb4ff1bee03d7d" isPrimary="true" isTestCase="true" isDynamic="false">
                    <codeReference assembly="SubSonic.Tests, Version=2.2.1.0, Culture=neutral, PublicKeyToken=null" namespace="SubSonic.Tests" type="SubSonic.Tests.QueryTest" member="Query_ORDER_BY" />
                    <codeLocation path="C:\data\SubsonicRoot\ss2\SubSonic.Tests\QueryTest.cs" line="685" />
                    <metadata>
                      <entry key="TestKind">
                        <value>Test</value>
                      </entry>
                    </metadata>
                  </testStep>
                  <children />
                  <result assertCount="1" duration="0.0136165">
                    <outcome status="passed" />
                  </result>
                  <testLog>
                    <streams />
                    <attachments />
                  </testLog>
                </testStepRun>
                <testStepRun startTime="2011-08-05T13:39:58.9618455+09:30" endTime="2011-08-05T13:39:58.9774705+09:30">
                  <testStep id="bf4dccdaa695ac8" name="Query_ORDER_BY_Collection" fullName="SubSonic.Tests/QueryTest/Query_ORDER_BY_Collection" testId="63e295e82b0e0c70" isPrimary="true" isTestCase="true" isDynamic="false">
                    <codeReference assembly="SubSonic.Tests, Version=2.2.1.0, Culture=neutral, PublicKeyToken=null" namespace="SubSonic.Tests" type="SubSonic.Tests.QueryTest" member="Query_ORDER_BY_Collection" />
                    <codeLocation path="C:\data\SubsonicRoot\ss2\SubSonic.Tests\QueryTest.cs" line="797" />
                    <metadata>
                      <entry key="TestKind">
                        <value>Test</value>
                      </entry>
                    </metadata>
                  </testStep>
                  <children />
                  <result assertCount="1" duration="0.0107542">
                    <outcome status="passed" />
                  </result>
                  <testLog>
                    <streams />
                    <attachments />
                  </testLog>
                </testStepRun>
                <testStepRun startTime="2011-08-05T13:39:58.9774705+09:30" endTime="2011-08-05T13:39:58.9930955+09:30">
                  <testStep id="8f506598a2b4e79c" name="Query_ORDER_BY_DESC" fullName="SubSonic.Tests/QueryTest/Query_ORDER_BY_DESC" testId="3cfaf24b508ac6bf" isPrimary="true" isTestCase="true" isDynamic="false">
                    <codeReference assembly="SubSonic.Tests, Version=2.2.1.0, Culture=neutral, PublicKeyToken=null" namespace="SubSonic.Tests" type="SubSonic.Tests.QueryTest" member="Query_ORDER_BY_DESC" />
                    <codeLocation path="C:\data\SubsonicRoot\ss2\SubSonic.Tests\QueryTest.cs" line="700" />
                    <metadata>
                      <entry key="TestKind">
                        <value>Test</value>
                      </entry>
                    </metadata>
                  </testStep>
                  <children />
                  <result assertCount="1" duration="0.0213516">
                    <outcome status="passed" />
                  </result>
                  <testLog>
                    <streams />
                    <attachments />
                  </testLog>
                </testStepRun>
                <testStepRun startTime="2011-08-05T13:39:59.0087205+09:30" endTime="2011-08-05T13:39:59.0243455+09:30">
                  <testStep id="88a2174e781bff81" name="Query_ORDER_BY_DESC_Collection" fullName="SubSonic.Tests/QueryTest/Query_ORDER_BY_DESC_Collection" testId="12c0523243a4b0ba" isPrimary="true" isTestCase="true" isDynamic="false">
                    <codeReference assembly="SubSonic.Tests, Version=2.2.1.0, Culture=neutral, PublicKeyToken=null" namespace="SubSonic.Tests" type="SubSonic.Tests.QueryTest" member="Query_ORDER_BY_DESC_Collection" />
                    <codeLocation path="C:\data\SubsonicRoot\ss2\SubSonic.Tests\QueryTest.cs" line="814" />
                    <metadata>
                      <entry key="TestKind">
                        <value>Test</value>
                      </entry>
                    </metadata>
                  </testStep>
                  <children />
                  <result assertCount="1" duration="0.0166433">
                    <outcome status="passed" />
                  </result>
                  <testLog>
                    <streams />
                    <attachments />
                  </testLog>
                </testStepRun>
                <testStepRun startTime="2011-08-05T13:39:59.0243455+09:30" endTime="2011-08-05T13:39:59.0399705+09:30">
                  <testStep id="91ddd5f34988d32b" name="Query_ORDER_BY_Expression" fullName="SubSonic.Tests/QueryTest/Query_ORDER_BY_Expression" testId="70b492a14e103f32" isPrimary="true" isTestCase="true" isDynamic="false">
                    <codeReference assembly="SubSonic.Tests, Version=2.2.1.0, Culture=neutral, PublicKeyToken=null" namespace="SubSonic.Tests" type="SubSonic.Tests.QueryTest" member="Query_ORDER_BY_Expression" />
                    <codeLocation path="C:\data\SubsonicRoot\ss2\SubSonic.Tests\QueryTest.cs" line="715" />
                    <metadata>
                      <entry key="TestKind">
                        <value>Test</value>
                      </entry>
                    </metadata>
                  </testStep>
                  <children />
                  <result assertCount="1" duration="0.0191675">
                    <outcome status="passed" />
                  </result>
                  <testLog>
                    <streams />
                    <attachments />
                  </testLog>
                </testStepRun>
                <testStepRun startTime="2011-08-05T13:39:59.0555955+09:30" endTime="2011-08-05T13:39:59.0712205+09:30">
                  <testStep id="64db5af33d2df28e" name="Query_ORDER_BY_Expression_Collection" fullName="SubSonic.Tests/QueryTest/Query_ORDER_BY_Expression_Collection" testId="781e3bc274e255ba" isPrimary="true" isTestCase="true" isDynamic="false">
                    <codeReference assembly="SubSonic.Tests, Version=2.2.1.0, Culture=neutral, PublicKeyToken=null" namespace="SubSonic.Tests" type="SubSonic.Tests.QueryTest" member="Query_ORDER_BY_Expression_Collection" />
                    <codeLocation path="C:\data\SubsonicRoot\ss2\SubSonic.Tests\QueryTest.cs" line="831" />
                    <metadata>
                      <entry key="TestKind">
                        <value>Test</value>
                      </entry>
                    </metadata>
                  </testStep>
                  <children />
                  <result assertCount="1" duration="0.018235499999999998">
                    <outcome status="passed" />
                  </result>
                  <testLog>
                    <streams />
                    <attachments />
                  </testLog>
                </testStepRun>
                <testStepRun startTime="2011-08-05T13:39:59.0712205+09:30" endTime="2011-08-05T13:39:59.0868455+09:30">
                  <testStep id="1861ca201bbe980f" name="Query_ORDER_BY_ExpressionDESC" fullName="SubSonic.Tests/QueryTest/Query_ORDER_BY_ExpressionDESC" testId="38b6b7eb43f66658" isPrimary="true" isTestCase="true" isDynamic="false">
                    <codeReference assembly="SubSonic.Tests, Version=2.2.1.0, Culture=neutral, PublicKeyToken=null" namespace="SubSonic.Tests" type="SubSonic.Tests.QueryTest" member="Query_ORDER_BY_ExpressionDESC" />
                    <codeLocation path="C:\data\SubsonicRoot\ss2\SubSonic.Tests\QueryTest.cs" line="728" />
                    <metadata>
                      <entry key="TestKind">
                        <value>Test</value>
                      </entry>
                    </metadata>
                  </testStep>
                  <children />
                  <result assertCount="1" duration="0.014296199999999999">
                    <outcome status="passed" />
                  </result>
                  <testLog>
                    <streams />
                    <attachments />
                  </testLog>
                </testStepRun>
                <testStepRun startTime="2011-08-05T13:39:59.0868455+09:30" endTime="2011-08-05T13:39:59.1024705+09:30">
                  <testStep id="23cc1e5e834eca6b" name="Query_ORDER_BY_ExpressionDESC_Collection" fullName="SubSonic.Tests/QueryTest/Query_ORDER_BY_ExpressionDESC_Collection" testId="cdf314a8da06c440" isPrimary="true" isTestCase="true" isDynamic="false">
                    <codeReference assembly="SubSonic.Tests, Version=2.2.1.0, Culture=neutral, PublicKeyToken=null" namespace="SubSonic.Tests" type="SubSonic.Tests.QueryTest" member="Query_ORDER_BY_ExpressionDESC_Collection" />
                    <codeLocation path="C:\data\SubsonicRoot\ss2\SubSonic.Tests\QueryTest.cs" line="847" />
                    <metadata>
                      <entry key="TestKind">
                        <value>Test</value>
                      </entry>
                    </metadata>
                  </testStep>
                  <children />
                  <result assertCount="1" duration="0.0162561">
                    <outcome status="passed" />
                  </result>
                  <testLog>
                    <streams />
                    <attachments />
                  </testLog>
                </testStepRun>
                <testStepRun startTime="2011-08-05T13:39:59.1180955+09:30" endTime="2011-08-05T13:39:59.1337205+09:30">
                  <testStep id="ad65c4b576de36d5" name="Query_OrderBy" fullName="SubSonic.Tests/QueryTest/Query_OrderBy" testId="ac4c55aa97b4f782" isPrimary="true" isTestCase="true" isDynamic="false">
                    <codeReference assembly="SubSonic.Tests, Version=2.2.1.0, Culture=neutral, PublicKeyToken=null" namespace="SubSonic.Tests" type="SubSonic.Tests.QueryTest" member="Query_OrderBy" />
                    <codeLocation path="C:\data\SubsonicRoot\ss2\SubSonic.Tests\QueryTest.cs" line="669" />
                    <metadata>
                      <entry key="TestKind">
                        <value>Test</value>
                      </entry>
                    </metadata>
                  </testStep>
                  <children />
                  <result assertCount="1" duration="0.013239299999999999">
                    <outcome status="passed" />
                  </result>
                  <testLog>
                    <streams />
                    <attachments />
                  </testLog>
                </testStepRun>
                <testStepRun startTime="2011-08-05T13:39:59.1337205+09:30" endTime="2011-08-05T13:39:59.1493455+09:30">
                  <testStep id="cf0d9b8c7aaa37fc" name="Query_OrderByCollection" fullName="SubSonic.Tests/QueryTest/Query_OrderByCollection" testId="7fad8bfcd35f9aeb" isPrimary="true" isTestCase="true" isDynamic="false">
                    <codeReference assembly="SubSonic.Tests, Version=2.2.1.0, Culture=neutral, PublicKeyToken=null" namespace="SubSonic.Tests" type="SubSonic.Tests.QueryTest" member="Query_OrderByCollection" />
                    <codeLocation path="C:\data\SubsonicRoot\ss2\SubSonic.Tests\QueryTest.cs" line="652" />
                    <metadata>
                      <entry key="TestKind">
                        <value>Test</value>
                      </entry>
                    </metadata>
                  </testStep>
                  <children />
                  <result assertCount="1" duration="0.0152987">
                    <outcome status="passed" />
                  </result>
                  <testLog>
                    <streams />
                    <attachments />
                  </testLog>
                </testStepRun>
                <testStepRun startTime="2011-08-05T13:39:59.1493455+09:30" endTime="2011-08-05T13:39:59.3524705+09:30">
                  <testStep id="fb6a1052ecdf1189" name="Query_PagingTest_Table" fullName="SubSonic.Tests/QueryTest/Query_PagingTest_Table" testId="5a81c6d8dc67efba" isPrimary="true" isTestCase="true" isDynamic="false">
                    <codeReference assembly="SubSonic.Tests, Version=2.2.1.0, Culture=neutral, PublicKeyToken=null" namespace="SubSonic.Tests" type="SubSonic.Tests.QueryTest" member="Query_PagingTest_Table" />
                    <codeLocation path="C:\data\SubsonicRoot\ss2\SubSonic.Tests\QueryTest.cs" line="390" />
                    <metadata>
                      <entry key="TestKind">
                        <value>Test</value>
                      </entry>
                    </metadata>
                  </testStep>
                  <children />
                  <result assertCount="1" duration="0.1992242">
                    <outcome status="passed" />
                  </result>
                  <testLog>
                    <streams />
                    <attachments />
                  </testLog>
                </testStepRun>
                <testStepRun startTime="2011-08-05T13:39:59.3524705+09:30" endTime="2011-08-05T13:39:59.5399705+09:30">
                  <testStep id="ce0497772ee4ad1a" name="Query_PagingTest_View" fullName="SubSonic.Tests/QueryTest/Query_PagingTest_View" testId="cdc4703821199e54" isPrimary="true" isTestCase="true" isDynamic="false">
                    <codeReference assembly="SubSonic.Tests, Version=2.2.1.0, Culture=neutral, PublicKeyToken=null" namespace="SubSonic.Tests" type="SubSonic.Tests.QueryTest" member="Query_PagingTest_View" />
                    <codeLocation path="C:\data\SubsonicRoot\ss2\SubSonic.Tests\QueryTest.cs" line="411" />
                    <metadata>
                      <entry key="TestKind">
                        <value>Test</value>
                      </entry>
                    </metadata>
                  </testStep>
                  <children />
                  <result assertCount="1" duration="0.18063559999999998">
                    <outcome status="passed" />
                  </result>
                  <testLog>
                    <streams />
                    <attachments />
                  </testLog>
                </testStepRun>
                <testStepRun startTime="2011-08-05T13:39:59.5399705+09:30" endTime="2011-08-05T13:39:59.5555955+09:30">
                  <testStep id="8dcfb437f6512b47" name="Query_Select" fullName="SubSonic.Tests/QueryTest/Query_Select" testId="a2c88f14d4053e39" isPrimary="true" isTestCase="true" isDynamic="false">
                    <codeReference assembly="SubSonic.Tests, Version=2.2.1.0, Culture=neutral, PublicKeyToken=null" namespace="SubSonic.Tests" type="SubSonic.Tests.QueryTest" member="Query_Select" />
                    <codeLocation path="C:\data\SubsonicRoot\ss2\SubSonic.Tests\QueryTest.cs" line="36" />
                    <metadata>
                      <entry key="TestKind">
                        <value>Test</value>
                      </entry>
                    </metadata>
                  </testStep>
                  <children />
                  <result assertCount="1" duration="0.0127049">
                    <outcome status="passed" />
                  </result>
                  <testLog>
                    <streams />
                    <attachments />
                  </testLog>
                </testStepRun>
                <testStepRun startTime="2011-08-05T13:39:59.5555955+09:30" endTime="2011-08-05T13:39:59.6337205+09:30">
                  <testStep id="901aab3c4241db0e" name="Query_SelectTop" fullName="SubSonic.Tests/QueryTest/Query_SelectTop" testId="c0b441dbc2631f42" isPrimary="true" isTestCase="true" isDynamic="false">
                    <codeReference assembly="SubSonic.Tests, Version=2.2.1.0, Culture=neutral, PublicKeyToken=null" namespace="SubSonic.Tests" type="SubSonic.Tests.QueryTest" member="Query_SelectTop" />
                    <codeLocation path="C:\data\SubsonicRoot\ss2\SubSonic.Tests\QueryTest.cs" line="49" />
                    <metadata>
                      <entry key="TestKind">
                        <value>Test</value>
                      </entry>
                    </metadata>
                  </testStep>
                  <children />
                  <result assertCount="1" duration="0.074980499999999992">
                    <outcome status="passed" />
                  </result>
                  <testLog>
                    <streams />
                    <attachments />
                  </testLog>
                </testStepRun>
                <testStepRun startTime="2011-08-05T13:39:59.6337205+09:30" endTime="2011-08-05T13:39:59.6493455+09:30">
                  <testStep id="8b3c2298d4ebfe82" name="Query_Updates" fullName="SubSonic.Tests/QueryTest/Query_Updates" testId="272720888d8539d2" isPrimary="true" isTestCase="true" isDynamic="false">
                    <codeReference assembly="SubSonic.Tests, Version=2.2.1.0, Culture=neutral, PublicKeyToken=null" namespace="SubSonic.Tests" type="SubSonic.Tests.QueryTest" member="Query_Updates" />
                    <codeLocation path="C:\data\SubsonicRoot\ss2\SubSonic.Tests\QueryTest.cs" line="76" />
                    <metadata>
                      <entry key="TestKind">
                        <value>Test</value>
                      </entry>
                    </metadata>
                  </testStep>
                  <children />
                  <result assertCount="0" duration="0.014465899999999999">
                    <outcome status="passed" />
                  </result>
                  <testLog>
                    <streams />
                    <attachments />
                  </testLog>
                </testStepRun>
                <testStepRun startTime="2011-08-05T13:39:59.6493455+09:30" endTime="2011-08-05T13:39:59.7118455+09:30">
                  <testStep id="a4d6c8017b78a60c" name="Query_View" fullName="SubSonic.Tests/QueryTest/Query_View" testId="3ba9feda1f204305" isPrimary="true" isTestCase="true" isDynamic="false">
                    <codeReference assembly="SubSonic.Tests, Version=2.2.1.0, Culture=neutral, PublicKeyToken=null" namespace="SubSonic.Tests" type="SubSonic.Tests.QueryTest" member="Query_View" />
                    <codeLocation path="C:\data\SubsonicRoot\ss2\SubSonic.Tests\QueryTest.cs" line="121" />
                    <metadata>
                      <entry key="TestKind">
                        <value>Test</value>
                      </entry>
                    </metadata>
                  </testStep>
                  <children />
                  <result assertCount="1" duration="0.060589699999999996">
                    <outcome status="passed" />
                  </result>
                  <testLog>
                    <streams />
                    <attachments />
                  </testLog>
                </testStepRun>
                <testStepRun startTime="2011-08-05T13:39:59.7118455+09:30" endTime="2011-08-05T13:39:59.7430955+09:30">
                  <testStep id="71ffe7a54827eea" name="QueryExecuteJoinedDataSet_AddBetweenAnd" fullName="SubSonic.Tests/QueryTest/QueryExecuteJoinedDataSet_AddBetweenAnd" testId="f731cdc721ce1572" isPrimary="true" isTestCase="true" isDynamic="false">
                    <codeReference assembly="SubSonic.Tests, Version=2.2.1.0, Culture=neutral, PublicKeyToken=null" namespace="SubSonic.Tests" type="SubSonic.Tests.QueryTest" member="QueryExecuteJoinedDataSet_AddBetweenAnd" />
                    <codeLocation path="C:\data\SubsonicRoot\ss2\SubSonic.Tests\QueryTest.cs" line="488" />
                    <metadata>
                      <entry key="TestKind">
                        <value>Test</value>
                      </entry>
                    </metadata>
                  </testStep>
                  <children />
                  <result assertCount="1" duration="0.0227311">
                    <outcome status="passed" />
                  </result>
                  <testLog>
                    <streams />
                    <attachments />
                  </testLog>
                </testStepRun>
                <testStepRun startTime="2011-08-05T13:39:59.7430955+09:30" endTime="2011-08-05T13:39:59.7587205+09:30">
                  <testStep id="2d943eba0729aad5" name="QueryExecuteJoinedDataSet_AddBetweenAnd_WithExtraWhereCondition" fullName="SubSonic.Tests/QueryTest/QueryExecuteJoinedDataSet_AddBetweenAnd_WithExtraWhereCondition" testId="eb0bb31b0dfbb705" isPrimary="true" isTestCase="true" isDynamic="false">
                    <codeReference assembly="SubSonic.Tests, Version=2.2.1.0, Culture=neutral, PublicKeyToken=null" namespace="SubSonic.Tests" type="SubSonic.Tests.QueryTest" member="QueryExecuteJoinedDataSet_AddBetweenAnd_WithExtraWhereCondition" />
                    <codeLocation path="C:\data\SubsonicRoot\ss2\SubSonic.Tests\QueryTest.cs" line="501" />
                    <metadata>
                      <entry key="TestKind">
                        <value>Test</value>
                      </entry>
                    </metadata>
                  </testStep>
                  <children />
                  <result assertCount="1" duration="0.0130788">
                    <outcome status="passed" />
                  </result>
                  <testLog>
                    <streams />
                    <attachments />
                  </testLog>
                </testStepRun>
                <testStepRun startTime="2011-08-05T13:39:59.7587205+09:30" endTime="2011-08-05T13:39:59.7743455+09:30">
                  <testStep id="d0aead54dfce6486" name="QueryExecuteJoinedDataSet_BETWEEN_AND" fullName="SubSonic.Tests/QueryTest/QueryExecuteJoinedDataSet_BETWEEN_AND" testId="8d587e2a307ad8c7" isPrimary="true" isTestCase="true" isDynamic="false">
                    <codeReference assembly="SubSonic.Tests, Version=2.2.1.0, Culture=neutral, PublicKeyToken=null" namespace="SubSonic.Tests" type="SubSonic.Tests.QueryTest" member="QueryExecuteJoinedDataSet_BETWEEN_AND" />
                    <codeLocation path="C:\data\SubsonicRoot\ss2\SubSonic.Tests\QueryTest.cs" line="515" />
                    <metadata>
                      <entry key="TestKind">
                        <value>Test</value>
                      </entry>
                    </metadata>
                  </testStep>
                  <children />
                  <result assertCount="1" duration="0.0049092">
                    <outcome status="passed" />
                  </result>
                  <testLog>
                    <streams />
                    <attachments />
                  </testLog>
                </testStepRun>
                <testStepRun startTime="2011-08-05T13:39:59.7743455+09:30" endTime="2011-08-05T13:39:59.7899705+09:30">
                  <testStep id="dac991edae3e2a10" name="QueryExecuteJoinedDataSet_BETWEEN_AND_WithExtraWhereCondition" fullName="SubSonic.Tests/QueryTest/QueryExecuteJoinedDataSet_BETWEEN_AND_WithExtraWhereCondition" testId="ea1e9dc1c4c51a8b" isPrimary="true" isTestCase="true" isDynamic="false">
                    <codeReference assembly="SubSonic.Tests, Version=2.2.1.0, Culture=neutral, PublicKeyToken=null" namespace="SubSonic.Tests" type="SubSonic.Tests.QueryTest" member="QueryExecuteJoinedDataSet_BETWEEN_AND_WithExtraWhereCondition" />
                    <codeLocation path="C:\data\SubsonicRoot\ss2\SubSonic.Tests\QueryTest.cs" line="529" />
                    <metadata>
                      <entry key="TestKind">
                        <value>Test</value>
                      </entry>
                    </metadata>
                  </testStep>
                  <children />
                  <result assertCount="1" duration="0.0099957999999999991">
                    <outcome status="passed" />
                  </result>
                  <testLog>
                    <streams />
                    <attachments />
                  </testLog>
                </testStepRun>
                <testStepRun startTime="2011-08-05T13:39:59.7899705+09:30" endTime="2011-08-05T13:39:59.8055955+09:30">
                  <testStep id="10263f395ffae2e4" name="QueryExecuteJoinedDataSet_IN_ArrayList" fullName="SubSonic.Tests/QueryTest/QueryExecuteJoinedDataSet_IN_ArrayList" testId="c0b5e4308c07981a" isPrimary="true" isTestCase="true" isDynamic="false">
                    <codeReference assembly="SubSonic.Tests, Version=2.2.1.0, Culture=neutral, PublicKeyToken=null" namespace="SubSonic.Tests" type="SubSonic.Tests.QueryTest" member="QueryExecuteJoinedDataSet_IN_ArrayList" />
                    <codeLocation path="C:\data\SubsonicRoot\ss2\SubSonic.Tests\QueryTest.cs" line="575" />
                    <metadata>
                      <entry key="TestKind">
                        <value>Test</value>
                      </entry>
                    </metadata>
                  </testStep>
                  <children />
                  <result assertCount="1" duration="0.013646499999999999">
                    <outcome status="passed" />
                  </result>
                  <testLog>
                    <streams />
                    <attachments />
                  </testLog>
                </testStepRun>
                <testStepRun startTime="2011-08-05T13:39:59.8055955+09:30" endTime="2011-08-05T13:39:59.8212205+09:30">
                  <testStep id="b1f221bbb8472c7a" name="QueryExecuteJoinedDataSet_IN_ListCollection" fullName="SubSonic.Tests/QueryTest/QueryExecuteJoinedDataSet_IN_ListCollection" testId="9d2ad9c822735e82" isPrimary="true" isTestCase="true" isDynamic="false">
                    <codeReference assembly="SubSonic.Tests, Version=2.2.1.0, Culture=neutral, PublicKeyToken=null" namespace="SubSonic.Tests" type="SubSonic.Tests.QueryTest" member="QueryExecuteJoinedDataSet_IN_ListCollection" />
                    <codeLocation path="C:\data\SubsonicRoot\ss2\SubSonic.Tests\QueryTest.cs" line="556" />
                    <metadata>
                      <entry key="TestKind">
                        <value>Test</value>
                      </entry>
                    </metadata>
                  </testStep>
                  <children />
                  <result assertCount="1" duration="0.0049023999999999995">
                    <outcome status="passed" />
                  </result>
                  <testLog>
                    <streams />
                    <attachments />
                  </testLog>
                </testStepRun>
                <testStepRun startTime="2011-08-05T13:39:59.8212205+09:30" endTime="2011-08-05T13:39:59.8368455+09:30">
                  <testStep id="d513f015d39144f5" name="QueryExecuteJoinedDataSet_IN_ObjectArray" fullName="SubSonic.Tests/QueryTest/QueryExecuteJoinedDataSet_IN_ObjectArray" testId="870697a7f37cef92" isPrimary="true" isTestCase="true" isDynamic="false">
                    <codeReference assembly="SubSonic.Tests, Version=2.2.1.0, Culture=neutral, PublicKeyToken=null" namespace="SubSonic.Tests" type="SubSonic.Tests.QueryTest" member="QueryExecuteJoinedDataSet_IN_ObjectArray" />
                    <codeLocation path="C:\data\SubsonicRoot\ss2\SubSonic.Tests\QueryTest.cs" line="545" />
                    <metadata>
                      <entry key="TestKind">
                        <value>Test</value>
                      </entry>
                    </metadata>
                  </testStep>
                  <children />
                  <result assertCount="1" duration="0.0203914">
                    <outcome status="passed" />
                  </result>
                  <testLog>
                    <streams />
                    <attachments />
                  </testLog>
                </testStepRun>
                <testStepRun startTime="2011-08-05T13:39:59.8368455+09:30" endTime="2011-08-05T13:39:59.8680955+09:30">
                  <testStep id="c1e3683194d813f8" name="QueryExecuteJoinedDataSet_NOT_IN_ArrayList" fullName="SubSonic.Tests/QueryTest/QueryExecuteJoinedDataSet_NOT_IN_ArrayList" testId="c51cd3763d8fcd4e" isPrimary="true" isTestCase="true" isDynamic="false">
                    <codeReference assembly="SubSonic.Tests, Version=2.2.1.0, Culture=neutral, PublicKeyToken=null" namespace="SubSonic.Tests" type="SubSonic.Tests.QueryTest" member="QueryExecuteJoinedDataSet_NOT_IN_ArrayList" />
                    <codeLocation path="C:\data\SubsonicRoot\ss2\SubSonic.Tests\QueryTest.cs" line="620" />
                    <metadata>
                      <entry key="TestKind">
                        <value>Test</value>
                      </entry>
                    </metadata>
                  </testStep>
                  <children />
                  <result assertCount="1" duration="0.0244978">
                    <outcome status="passed" />
                  </result>
                  <testLog>
                    <streams />
                    <attachments />
                  </testLog>
                </testStepRun>
                <testStepRun startTime="2011-08-05T13:39:59.8680955+09:30" endTime="2011-08-05T13:39:59.8993455+09:30">
                  <testStep id="e754d531a916808a" name="QueryExecuteJoinedDataSet_NOT_IN_ListCollection" fullName="SubSonic.Tests/QueryTest/QueryExecuteJoinedDataSet_NOT_IN_ListCollection" testId="80c7207db2b7b112" isPrimary="true" isTestCase="true" isDynamic="false">
                    <codeReference assembly="SubSonic.Tests, Version=2.2.1.0, Culture=neutral, PublicKeyToken=null" namespace="SubSonic.Tests" type="SubSonic.Tests.QueryTest" member="QueryExecuteJoinedDataSet_NOT_IN_ListCollection" />
                    <codeLocation path="C:\data\SubsonicRoot\ss2\SubSonic.Tests\QueryTest.cs" line="601" />
                    <metadata>
                      <entry key="TestKind">
                        <value>Test</value>
                      </entry>
                    </metadata>
                  </testStep>
                  <children />
                  <result assertCount="1" duration="0.0275038">
                    <outcome status="passed" />
                  </result>
                  <testLog>
                    <streams />
                    <attachments />
                  </testLog>
                </testStepRun>
                <testStepRun startTime="2011-08-05T13:39:59.9149705+09:30" endTime="2011-08-05T13:39:59.9305955+09:30">
                  <testStep id="223292111b0e94b4" name="QueryExecuteJoinedDataSet_NOT_IN_ObjectArray" fullName="SubSonic.Tests/QueryTest/QueryExecuteJoinedDataSet_NOT_IN_ObjectArray" testId="c4a9d33534bc9118" isPrimary="true" isTestCase="true" isDynamic="false">
                    <codeReference assembly="SubSonic.Tests, Version=2.2.1.0, Culture=neutral, PublicKeyToken=null" namespace="SubSonic.Tests" type="SubSonic.Tests.QueryTest" member="QueryExecuteJoinedDataSet_NOT_IN_ObjectArray" />
                    <codeLocation path="C:\data\SubsonicRoot\ss2\SubSonic.Tests\QueryTest.cs" line="590" />
                    <metadata>
                      <entry key="TestKind">
                        <value>Test</value>
                      </entry>
                    </metadata>
                  </testStep>
                  <children />
                  <result assertCount="1" duration="0.0253183">
                    <outcome status="passed" />
                  </result>
                  <testLog>
                    <streams />
                    <attachments />
                  </testLog>
                </testStepRun>
                <testStepRun startTime="2011-08-05T13:39:59.9305955+09:30" endTime="2011-08-05T13:39:59.9930955+09:30">
                  <testStep id="1d9803b4e802099a" name="QueryExecuteJoinedDataSet_ORDER_BY" fullName="SubSonic.Tests/QueryTest/QueryExecuteJoinedDataSet_ORDER_BY" testId="3a7d99bc8d4f20fb" isPrimary="true" isTestCase="true" isDynamic="false">
                    <codeReference assembly="SubSonic.Tests, Version=2.2.1.0, Culture=neutral, PublicKeyToken=null" namespace="SubSonic.Tests" type="SubSonic.Tests.QueryTest" member="QueryExecuteJoinedDataSet_ORDER_BY" />
                    <codeLocation path="C:\data\SubsonicRoot\ss2\SubSonic.Tests\QueryTest.cs" line="741" />
                    <metadata>
                      <entry key="TestKind">
                        <value>Test</value>
                      </entry>
                    </metadata>
                  </testStep>
                  <children />
                  <result assertCount="1" duration="0.024886">
                    <outcome status="passed" />
                  </result>
                  <testLog>
                    <streams />
                    <attachments />
                  </testLog>
                </testStepRun>
                <testStepRun startTime="2011-08-05T13:39:59.9930955+09:30" endTime="2011-08-05T13:40:00.0868455+09:30">
                  <testStep id="26a372d02666193c" name="QueryExecuteJoinedDataSet_ORDER_BY_Collection" fullName="SubSonic.Tests/QueryTest/QueryExecuteJoinedDataSet_ORDER_BY_Collection" testId="f5a8a3b68cfd45ee" isPrimary="true" isTestCase="true" isDynamic="false">
                    <codeReference assembly="SubSonic.Tests, Version=2.2.1.0, Culture=neutral, PublicKeyToken=null" namespace="SubSonic.Tests" type="SubSonic.Tests.QueryTest" member="QueryExecuteJoinedDataSet_ORDER_BY_Collection" />
                    <codeLocation path="C:\data\SubsonicRoot\ss2\SubSonic.Tests\QueryTest.cs" line="863" />
                    <metadata>
                      <entry key="TestKind">
                        <value>Test</value>
                      </entry>
                    </metadata>
                  </testStep>
                  <children />
                  <result assertCount="1" duration="0.059442999999999996">
                    <outcome status="failed" />
                  </result>
                  <testLog>
                    <streams>
                      <stream name="Failures">
                        <body>
                          <contents>
                            <marker class="AssertionFailure">
                              <contents>
                                <section name="Expected value to be true.">
                                  <contents>
                                    <text><![CDATA[
]]></text>
                                    <marker class="Monospace">
                                      <contents>
                                        <marker class="Label">
                                          <contents>
                                            <text><![CDATA[Actual Value : ]]></text>
                                          </contents>
                                          <attributes />
                                        </marker>
                                        <text><![CDATA[false
]]></text>
                                      </contents>
                                      <attributes />
                                    </marker>
                                    <text><![CDATA[
]]></text>
                                    <marker class="StackTrace">
                                      <contents>
                                        <text><![CDATA[   at SubSonic.Tests.QueryTest.QueryExecuteJoinedDataSet_ORDER_BY_Collection() in ]]></text>
                                        <marker class="CodeLocation">
                                          <contents>
                                            <text><![CDATA[C:\data\SubsonicRoot\ss2\SubSonic.Tests\QueryTest.cs:line 872]]></text>
                                          </contents>
                                          <attributes>
                                            <attribute name="line" value="872" />
                                            <attribute name="path" value="C:\data\SubsonicRoot\ss2\SubSonic.Tests\QueryTest.cs" />
                                          </attributes>
                                        </marker>
                                      </contents>
                                      <attributes />
                                    </marker>
                                    <text><![CDATA[
]]></text>
                                  </contents>
                                </section>
                              </contents>
                              <attributes />
                            </marker>
                          </contents>
                        </body>
                      </stream>
                    </streams>
                    <attachments />
                  </testLog>
                </testStepRun>
                <testStepRun startTime="2011-08-05T13:40:00.0868455+09:30" endTime="2011-08-05T13:40:00.1024705+09:30">
                  <testStep id="98cc7f0da62b7547" name="QueryExecuteJoinedDataSet_ORDER_BY_DESC" fullName="SubSonic.Tests/QueryTest/QueryExecuteJoinedDataSet_ORDER_BY_DESC" testId="1c7e35ab2fdd19c0" isPrimary="true" isTestCase="true" isDynamic="false">
                    <codeReference assembly="SubSonic.Tests, Version=2.2.1.0, Culture=neutral, PublicKeyToken=null" namespace="SubSonic.Tests" type="SubSonic.Tests.QueryTest" member="QueryExecuteJoinedDataSet_ORDER_BY_DESC" />
                    <codeLocation path="C:\data\SubsonicRoot\ss2\SubSonic.Tests\QueryTest.cs" line="756" />
                    <metadata>
                      <entry key="TestKind">
                        <value>Test</value>
                      </entry>
                    </metadata>
                  </testStep>
                  <children />
                  <result assertCount="1" duration="0.0223849">
                    <outcome status="passed" />
                  </result>
                  <testLog>
                    <streams />
                    <attachments />
                  </testLog>
                </testStepRun>
                <testStepRun startTime="2011-08-05T13:40:00.1024705+09:30" endTime="2011-08-05T13:40:00.1493455+09:30">
                  <testStep id="20a882871c46a06c" name="QueryExecuteJoinedDataSet_ORDER_BY_DESC_Collection" fullName="SubSonic.Tests/QueryTest/QueryExecuteJoinedDataSet_ORDER_BY_DESC_Collection" testId="4af81c72f981aa27" isPrimary="true" isTestCase="true" isDynamic="false">
                    <codeReference assembly="SubSonic.Tests, Version=2.2.1.0, Culture=neutral, PublicKeyToken=null" namespace="SubSonic.Tests" type="SubSonic.Tests.QueryTest" member="QueryExecuteJoinedDataSet_ORDER_BY_DESC_Collection" />
                    <codeLocation path="C:\data\SubsonicRoot\ss2\SubSonic.Tests\QueryTest.cs" line="880" />
                    <metadata>
                      <entry key="TestKind">
                        <value>Test</value>
                      </entry>
                    </metadata>
                  </testStep>
                  <children />
                  <result assertCount="1" duration="0.019021">
                    <outcome status="failed" />
                  </result>
                  <testLog>
                    <streams>
                      <stream name="Failures">
                        <body>
                          <contents>
                            <marker class="AssertionFailure">
                              <contents>
                                <section name="Expected value to be true.">
                                  <contents>
                                    <text><![CDATA[
]]></text>
                                    <marker class="Monospace">
                                      <contents>
                                        <marker class="Label">
                                          <contents>
                                            <text><![CDATA[Actual Value : ]]></text>
                                          </contents>
                                          <attributes />
                                        </marker>
                                        <text><![CDATA[false
]]></text>
                                      </contents>
                                      <attributes />
                                    </marker>
                                    <text><![CDATA[
]]></text>
                                    <marker class="StackTrace">
                                      <contents>
                                        <text><![CDATA[   at SubSonic.Tests.QueryTest.QueryExecuteJoinedDataSet_ORDER_BY_DESC_Collection() in ]]></text>
                                        <marker class="CodeLocation">
                                          <contents>
                                            <text><![CDATA[C:\data\SubsonicRoot\ss2\SubSonic.Tests\QueryTest.cs:line 889]]></text>
                                          </contents>
                                          <attributes>
                                            <attribute name="line" value="889" />
                                            <attribute name="path" value="C:\data\SubsonicRoot\ss2\SubSonic.Tests\QueryTest.cs" />
                                          </attributes>
                                        </marker>
                                      </contents>
                                      <attributes />
                                    </marker>
                                    <text><![CDATA[
]]></text>
                                  </contents>
                                </section>
                              </contents>
                              <attributes />
                            </marker>
                          </contents>
                        </body>
                      </stream>
                    </streams>
                    <attachments />
                  </testLog>
                </testStepRun>
                <testStepRun startTime="2011-08-05T13:40:00.1493455+09:30" endTime="2011-08-05T13:40:00.1493455+09:30">
                  <testStep id="93fa24e17c9f6336" name="QueryExecuteJoinedDataSet_ORDER_BY_Expression" fullName="SubSonic.Tests/QueryTest/QueryExecuteJoinedDataSet_ORDER_BY_Expression" testId="7b83051614492264" isPrimary="true" isTestCase="true" isDynamic="false">
                    <codeReference assembly="SubSonic.Tests, Version=2.2.1.0, Culture=neutral, PublicKeyToken=null" namespace="SubSonic.Tests" type="SubSonic.Tests.QueryTest" member="QueryExecuteJoinedDataSet_ORDER_BY_Expression" />
                    <codeLocation path="C:\data\SubsonicRoot\ss2\SubSonic.Tests\QueryTest.cs" line="771" />
                    <metadata>
                      <entry key="TestKind">
                        <value>Test</value>
                      </entry>
                    </metadata>
                  </testStep>
                  <children />
                  <result assertCount="1" duration="0.0520249">
                    <outcome status="passed" />
                  </result>
                  <testLog>
                    <streams />
                    <attachments />
                  </testLog>
                </testStepRun>
                <testStepRun startTime="2011-08-05T13:40:00.1649705+09:30" endTime="2011-08-05T13:40:00.1649705+09:30">
                  <testStep id="2e46d33f7fc7d817" name="QueryExecuteJoinedDataSet_ORDER_BY_Expression_Collection" fullName="SubSonic.Tests/QueryTest/QueryExecuteJoinedDataSet_ORDER_BY_Expression_Collection" testId="5526f38da62244ce" isPrimary="true" isTestCase="true" isDynamic="false">
                    <codeReference assembly="SubSonic.Tests, Version=2.2.1.0, Culture=neutral, PublicKeyToken=null" namespace="SubSonic.Tests" type="SubSonic.Tests.QueryTest" member="QueryExecuteJoinedDataSet_ORDER_BY_Expression_Collection" />
                    <codeLocation path="C:\data\SubsonicRoot\ss2\SubSonic.Tests\QueryTest.cs" line="897" />
                    <metadata>
                      <entry key="TestKind">
                        <value>Test</value>
                      </entry>
                    </metadata>
                  </testStep>
                  <children />
                  <result assertCount="1" duration="0.0142797">
                    <outcome status="passed" />
                  </result>
                  <testLog>
                    <streams />
                    <attachments />
                  </testLog>
                </testStepRun>
                <testStepRun startTime="2011-08-05T13:40:00.1805955+09:30" endTime="2011-08-05T13:40:00.1962205+09:30">
                  <testStep id="c02dc83594d76f80" name="QueryExecuteJoinedDataSet_ORDER_BY_ExpressionDESC" fullName="SubSonic.Tests/QueryTest/QueryExecuteJoinedDataSet_ORDER_BY_ExpressionDESC" testId="a824e63bdf5fe916" isPrimary="true" isTestCase="true" isDynamic="false">
                    <codeReference assembly="SubSonic.Tests, Version=2.2.1.0, Culture=neutral, PublicKeyToken=null" namespace="SubSonic.Tests" type="SubSonic.Tests.QueryTest" member="QueryExecuteJoinedDataSet_ORDER_BY_ExpressionDESC" />
                    <codeLocation path="C:\data\SubsonicRoot\ss2\SubSonic.Tests\QueryTest.cs" line="784" />
                    <metadata>
                      <entry key="TestKind">
                        <value>Test</value>
                      </entry>
                    </metadata>
                  </testStep>
                  <children />
                  <result assertCount="1" duration="0.0181425">
                    <outcome status="passed" />
                  </result>
                  <testLog>
                    <streams />
                    <attachments />
                  </testLog>
                </testStepRun>
                <testStepRun startTime="2011-08-05T13:40:00.1962205+09:30" endTime="2011-08-05T13:40:00.2274705+09:30">
                  <testStep id="55c0f7deed780f7" name="QueryExecuteJoinedDataSet_ORDER_BY_ExpressionDESC_Collection" fullName="SubSonic.Tests/QueryTest/QueryExecuteJoinedDataSet_ORDER_BY_ExpressionDESC_Collection" testId="aac99ba1d79bba39" isPrimary="true" isTestCase="true" isDynamic="false">
                    <codeReference assembly="SubSonic.Tests, Version=2.2.1.0, Culture=neutral, PublicKeyToken=null" namespace="SubSonic.Tests" type="SubSonic.Tests.QueryTest" member="QueryExecuteJoinedDataSet_ORDER_BY_ExpressionDESC_Collection" />
                    <codeLocation path="C:\data\SubsonicRoot\ss2\SubSonic.Tests\QueryTest.cs" line="913" />
                    <metadata>
                      <entry key="TestKind">
                        <value>Test</value>
                      </entry>
                    </metadata>
                  </testStep>
                  <children />
                  <result assertCount="1" duration="0.017302599999999998">
                    <outcome status="passed" />
                  </result>
                  <testLog>
                    <streams />
                    <attachments />
                  </testLog>
                </testStepRun>
              </children>
              <result assertCount="52" duration="1.8963404">
                <outcome status="failed" />
              </result>
              <testLog>
                <streams />
                <attachments />
              </testLog>
            </testStepRun>
            <testStepRun startTime="2011-08-05T13:40:00.2430955+09:30" endTime="2011-08-05T13:40:00.4774705+09:30">
              <testStep id="ad1674d1ae8f7820" name="RepositoryTests" fullName="SubSonic.Tests/RepositoryTests" testId="6e5f3a8fac97c581" isPrimary="true" isTestCase="false" isDynamic="false">
                <codeReference assembly="SubSonic.Tests, Version=2.2.1.0, Culture=neutral, PublicKeyToken=null" namespace="SubSonic.Tests.Repository" type="SubSonic.Tests.Repository.RepositoryTests" />
                <codeLocation path="C:\data\SubsonicRoot\ss2\SubSonic.Tests\Repository\RepositoryTests.cs" />
                <metadata>
                  <entry key="TestKind">
                    <value>Fixture</value>
                  </entry>
                </metadata>
              </testStep>
              <children>
                <testStepRun startTime="2011-08-05T13:40:00.2430955+09:30" endTime="2011-08-05T13:40:00.2743455+09:30">
                  <testStep id="38f1a77d7fa331dc" name="Repository_DeleteByKey" fullName="SubSonic.Tests/RepositoryTests/Repository_DeleteByKey" testId="e8bdbb96571b6b71" isPrimary="true" isTestCase="true" isDynamic="false">
                    <codeReference assembly="SubSonic.Tests, Version=2.2.1.0, Culture=neutral, PublicKeyToken=null" namespace="SubSonic.Tests.Repository" type="SubSonic.Tests.Repository.RepositoryTests" member="Repository_DeleteByKey" />
                    <codeLocation path="C:\data\SubsonicRoot\ss2\SubSonic.Tests\Repository\RepositoryTests.cs" line="112" />
                    <metadata>
                      <entry key="TestKind">
                        <value>Test</value>
                      </entry>
                    </metadata>
                  </testStep>
                  <children />
                  <result assertCount="2" duration="0.0541527">
                    <outcome status="passed" />
                  </result>
                  <testLog>
                    <streams />
                    <attachments />
                  </testLog>
                </testStepRun>
                <testStepRun startTime="2011-08-05T13:40:00.2899705+09:30" endTime="2011-08-05T13:40:00.3212205+09:30">
                  <testStep id="cdc9a46279bae16d" name="Repository_DestroyByKey" fullName="SubSonic.Tests/RepositoryTests/Repository_DestroyByKey" testId="d366ccde4824190f" isPrimary="true" isTestCase="true" isDynamic="false">
                    <codeReference assembly="SubSonic.Tests, Version=2.2.1.0, Culture=neutral, PublicKeyToken=null" namespace="SubSonic.Tests.Repository" type="SubSonic.Tests.Repository.RepositoryTests" member="Repository_DestroyByKey" />
                    <codeLocation path="C:\data\SubsonicRoot\ss2\SubSonic.Tests\Repository\RepositoryTests.cs" line="144" />
                    <metadata>
                      <entry key="TestKind">
                        <value>Test</value>
                      </entry>
                    </metadata>
                  </testStep>
                  <children />
                  <result assertCount="2" duration="0.0335523">
                    <outcome status="passed" />
                  </result>
                  <testLog>
                    <streams />
                    <attachments />
                  </testLog>
                </testStepRun>
                <testStepRun startTime="2011-08-05T13:40:00.3212205+09:30" endTime="2011-08-05T13:40:00.3680955+09:30">
                  <testStep id="c5491e2fe5817ee2" name="Repository_FullCRUD" fullName="SubSonic.Tests/RepositoryTests/Repository_FullCRUD" testId="e89af05ec569a902" isPrimary="true" isTestCase="true" isDynamic="false">
                    <codeReference assembly="SubSonic.Tests, Version=2.2.1.0, Culture=neutral, PublicKeyToken=null" namespace="SubSonic.Tests.Repository" type="SubSonic.Tests.Repository.RepositoryTests" member="Repository_FullCRUD" />
                    <codeLocation path="C:\data\SubsonicRoot\ss2\SubSonic.Tests\Repository\RepositoryTests.cs" line="33" />
                    <metadata>
                      <entry key="TestKind">
                        <value>Test</value>
                      </entry>
                    </metadata>
                  </testStep>
                  <children />
                  <result assertCount="6" duration="0.0524185">
                    <outcome status="passed" />
                  </result>
                  <testLog>
                    <streams />
                    <attachments />
                  </testLog>
                </testStepRun>
                <testStepRun startTime="2011-08-05T13:40:00.3680955+09:30" endTime="2011-08-05T13:40:00.3993455+09:30">
                  <testStep id="c2a09186c9b94f7a" name="Repository_Should_UpdateProductName" fullName="SubSonic.Tests/RepositoryTests/Repository_Should_UpdateProductName" testId="501bdffa4db407e3" isPrimary="true" isTestCase="true" isDynamic="false">
                    <codeReference assembly="SubSonic.Tests, Version=2.2.1.0, Culture=neutral, PublicKeyToken=null" namespace="SubSonic.Tests.Repository" type="SubSonic.Tests.Repository.RepositoryTests" member="Repository_Should_UpdateProductName" />
                    <codeLocation path="C:\data\SubsonicRoot\ss2\SubSonic.Tests\Repository\RepositoryTests.cs" line="87" />
                    <metadata>
                      <entry key="TestKind">
                        <value>Test</value>
                      </entry>
                    </metadata>
                  </testStep>
                  <children />
                  <result assertCount="1" duration="0.0218217">
                    <outcome status="passed" />
                  </result>
                  <testLog>
                    <streams />
                    <attachments />
                  </testLog>
                </testStepRun>
                <testStepRun startTime="2011-08-05T13:40:00.3993455+09:30" endTime="2011-08-05T13:40:00.4305955+09:30">
                  <testStep id="634c080916e140ec" name="Repository_ShouldNot_ThrowWhenNoColumnsChanged" fullName="SubSonic.Tests/RepositoryTests/Repository_ShouldNot_ThrowWhenNoColumnsChanged" testId="b277c675572095f6" isPrimary="true" isTestCase="true" isDynamic="false">
                    <codeReference assembly="SubSonic.Tests, Version=2.2.1.0, Culture=neutral, PublicKeyToken=null" namespace="SubSonic.Tests.Repository" type="SubSonic.Tests.Repository.RepositoryTests" member="Repository_ShouldNot_ThrowWhenNoColumnsChanged" />
                    <codeLocation path="C:\data\SubsonicRoot\ss2\SubSonic.Tests\Repository\RepositoryTests.cs" line="98" />
                    <metadata>
                      <entry key="TestKind">
                        <value>Test</value>
                      </entry>
                    </metadata>
                  </testStep>
                  <children />
                  <result assertCount="0" duration="0.0267517">
                    <outcome status="passed" />
                  </result>
                  <testLog>
                    <streams />
                    <attachments />
                  </testLog>
                </testStepRun>
                <testStepRun startTime="2011-08-05T13:40:00.4305955+09:30" endTime="2011-08-05T13:40:00.4462205+09:30">
                  <testStep id="6e3c262268cf7619" name="Repository_Simple_Select" fullName="SubSonic.Tests/RepositoryTests/Repository_Simple_Select" testId="a194cf2f72fa0da3" isPrimary="true" isTestCase="true" isDynamic="false">
                    <codeReference assembly="SubSonic.Tests, Version=2.2.1.0, Culture=neutral, PublicKeyToken=null" namespace="SubSonic.Tests.Repository" type="SubSonic.Tests.Repository.RepositoryTests" member="Repository_Simple_Select" />
                    <codeLocation path="C:\data\SubsonicRoot\ss2\SubSonic.Tests\Repository\RepositoryTests.cs" line="26" />
                    <metadata>
                      <entry key="TestKind">
                        <value>Test</value>
                      </entry>
                    </metadata>
                  </testStep>
                  <children />
                  <result assertCount="1" duration="0.0092532">
                    <outcome status="passed" />
                  </result>
                  <testLog>
                    <streams />
                    <attachments />
                  </testLog>
                </testStepRun>
                <testStepRun startTime="2011-08-05T13:40:00.4462205+09:30" endTime="2011-08-05T13:40:00.4774705+09:30">
                  <testStep id="ef2d62f90c05771e" name="Respository_CollectionLoad" fullName="SubSonic.Tests/RepositoryTests/Respository_CollectionLoad" testId="436b3caa8a0dda25" isPrimary="true" isTestCase="true" isDynamic="false">
                    <codeReference assembly="SubSonic.Tests, Version=2.2.1.0, Culture=neutral, PublicKeyToken=null" namespace="SubSonic.Tests.Repository" type="SubSonic.Tests.Repository.RepositoryTests" member="Respository_CollectionLoad" />
                    <codeLocation path="C:\data\SubsonicRoot\ss2\SubSonic.Tests\Repository\RepositoryTests.cs" line="106" />
                    <metadata>
                      <entry key="TestKind">
                        <value>Test</value>
                      </entry>
                    </metadata>
                  </testStep>
                  <children />
                  <result assertCount="1" duration="0.0274073">
                    <outcome status="passed" />
                  </result>
                  <testLog>
                    <streams />
                    <attachments />
                  </testLog>
                </testStepRun>
              </children>
              <result assertCount="13" duration="0.25471669999999996">
                <outcome status="passed" />
              </result>
              <testLog>
                <streams />
                <attachments />
              </testLog>
            </testStepRun>
            <testStepRun startTime="2011-08-05T13:40:00.4774705+09:30" endTime="2011-08-05T13:40:01.0712205+09:30">
              <testStep id="333db80ac6374824" name="ScriptersTest" fullName="SubSonic.Tests/ScriptersTest" testId="c20a17c8fed4806e" isPrimary="true" isTestCase="false" isDynamic="false">
                <codeReference assembly="SubSonic.Tests, Version=2.2.1.0, Culture=neutral, PublicKeyToken=null" namespace="SubSonic.Tests" type="SubSonic.Tests.ScriptersTest" />
                <codeLocation path="C:\data\SubsonicRoot\ss2\SubSonic.Tests\ScriptersTest.cs" />
                <metadata>
                  <entry key="TestKind">
                    <value>Fixture</value>
                  </entry>
                </metadata>
              </testStep>
              <children>
                <testStepRun startTime="2011-08-05T13:40:00.4930955+09:30" endTime="2011-08-05T13:40:00.9930955+09:30">
                  <testStep id="60e27c06de54e3e" name="Script_AllData" fullName="SubSonic.Tests/ScriptersTest/Script_AllData" testId="cca7e142becda979" isPrimary="true" isTestCase="true" isDynamic="false">
                    <codeReference assembly="SubSonic.Tests, Version=2.2.1.0, Culture=neutral, PublicKeyToken=null" namespace="SubSonic.Tests" type="SubSonic.Tests.ScriptersTest" member="Script_AllData" />
                    <codeLocation path="C:\data\SubsonicRoot\ss2\SubSonic.Tests\ScriptersTest.cs" line="60" />
                    <metadata>
                      <entry key="TestKind">
                        <value>Test</value>
                      </entry>
                    </metadata>
                  </testStep>
                  <children />
                  <result assertCount="1" duration="0.5191671">
                    <outcome status="passed" />
                  </result>
                  <testLog>
                    <streams />
                    <attachments />
                  </testLog>
                </testStepRun>
                <testStepRun startTime="2011-08-05T13:40:01.0087205+09:30" endTime="2011-08-05T13:40:01.0555955+09:30">
                  <testStep id="a74f2cc118045aed" name="Script_Data" fullName="SubSonic.Tests/ScriptersTest/Script_Data" testId="e510f6b31c4e537c" isPrimary="true" isTestCase="true" isDynamic="false">
                    <codeReference assembly="SubSonic.Tests, Version=2.2.1.0, Culture=neutral, PublicKeyToken=null" namespace="SubSonic.Tests" type="SubSonic.Tests.ScriptersTest" member="Script_Data" />
                    <codeLocation path="C:\data\SubsonicRoot\ss2\SubSonic.Tests\ScriptersTest.cs" line="49" />
                    <metadata>
                      <entry key="TestKind">
                        <value>Test</value>
                      </entry>
                    </metadata>
                  </testStep>
                  <children />
                  <result assertCount="1" duration="0.055563299999999996">
                    <outcome status="passed" />
                  </result>
                  <testLog>
                    <streams />
                    <attachments />
                  </testLog>
                </testStepRun>
              </children>
              <result assertCount="2" duration="0.5850394">
                <outcome status="passed" />
              </result>
              <testLog>
                <streams />
                <attachments />
              </testLog>
            </testStepRun>
            <testStepRun startTime="2011-08-05T13:40:01.0868455+09:30" endTime="2011-08-05T13:40:02.7587205+09:30">
              <testStep id="bd5afe666d91cb85" name="SelectTests" fullName="SubSonic.Tests/SelectTests" testId="6be2c4890d451a28" isPrimary="true" isTestCase="false" isDynamic="false">
                <codeReference assembly="SubSonic.Tests, Version=2.2.1.0, Culture=neutral, PublicKeyToken=null" namespace="SubSonic.Tests.SqlQuery" type="SubSonic.Tests.SqlQuery.SelectTests" />
                <codeLocation path="C:\data\SubsonicRoot\ss2\SubSonic.Tests\SqlQuery\SelectTests.cs" />
                <metadata>
                  <entry key="TestKind">
                    <value>Fixture</value>
                  </entry>
                </metadata>
              </testStep>
              <children>
                <testStepRun startTime="2011-08-05T13:40:01.0868455+09:30" endTime="2011-08-05T13:40:01.1024705+09:30">
                  <testStep id="206b834e57d6c2ba" name="ActiveRecord_IsLoaded_ShouldBe_False_When_Record_Not_Present_Using_Key_Constructor" fullName="SubSonic.Tests/SelectTests/ActiveRecord_IsLoaded_ShouldBe_False_When_Record_Not_Present_Using_Key_Constructor" testId="236cc1b25668c8e1" isPrimary="true" isTestCase="true" isDynamic="false">
                    <codeReference assembly="SubSonic.Tests, Version=2.2.1.0, Culture=neutral, PublicKeyToken=null" namespace="SubSonic.Tests.SqlQuery" type="SubSonic.Tests.SqlQuery.SelectTests" member="ActiveRecord_IsLoaded_ShouldBe_False_When_Record_Not_Present_Using_Key_Constructor" />
                    <codeLocation path="C:\data\SubsonicRoot\ss2\SubSonic.Tests\SqlQuery\SelectTests.cs" line="782" />
                    <metadata>
                      <entry key="TestKind">
                        <value>Test</value>
                      </entry>
                    </metadata>
                  </testStep>
                  <children />
                  <result assertCount="2" duration="0.0246078">
                    <outcome status="passed" />
                  </result>
                  <testLog>
                    <streams />
                    <attachments />
                  </testLog>
                </testStepRun>
                <testStepRun startTime="2011-08-05T13:40:01.1024705+09:30" endTime="2011-08-05T13:40:01.1180955+09:30">
                  <testStep id="6c06e3b0a2f61a07" name="ActiveRecord_IsLoaded_ShouldBe_False_When_Record_Not_Present_Using_PK_Constructor" fullName="SubSonic.Tests/SelectTests/ActiveRecord_IsLoaded_ShouldBe_False_When_Record_Not_Present_Using_PK_Constructor" testId="a6abaedebb5cfa84" isPrimary="true" isTestCase="true" isDynamic="false">
                    <codeReference assembly="SubSonic.Tests, Version=2.2.1.0, Culture=neutral, PublicKeyToken=null" namespace="SubSonic.Tests.SqlQuery" type="SubSonic.Tests.SqlQuery.SelectTests" member="ActiveRecord_IsLoaded_ShouldBe_False_When_Record_Not_Present_Using_PK_Constructor" />
                    <codeLocation path="C:\data\SubsonicRoot\ss2\SubSonic.Tests\SqlQuery\SelectTests.cs" line="772" />
                    <metadata>
                      <entry key="TestKind">
                        <value>Test</value>
                      </entry>
                    </metadata>
                  </testStep>
                  <children />
                  <result assertCount="2" duration="0.009733">
                    <outcome status="passed" />
                  </result>
                  <testLog>
                    <streams />
                    <attachments />
                  </testLog>
                </testStepRun>
                <testStepRun startTime="2011-08-05T13:40:01.1180955+09:30" endTime="2011-08-05T13:40:01.1805955+09:30">
                  <testStep id="17ce5b036b4192eb" name="Collection_LoadTypedActiveRecord" fullName="SubSonic.Tests/SelectTests/Collection_LoadTypedActiveRecord" testId="71365874b01a3619" isPrimary="true" isTestCase="true" isDynamic="false">
                    <codeReference assembly="SubSonic.Tests, Version=2.2.1.0, Culture=neutral, PublicKeyToken=null" namespace="SubSonic.Tests.SqlQuery" type="SubSonic.Tests.SqlQuery.SelectTests" member="Collection_LoadTypedActiveRecord" />
                    <codeLocation path="C:\data\SubsonicRoot\ss2\SubSonic.Tests\SqlQuery\SelectTests.cs" line="520" />
                    <metadata>
                      <entry key="TestKind">
                        <value>Test</value>
                      </entry>
                    </metadata>
                  </testStep>
                  <children />
                  <result assertCount="4" duration="0.07493749999999999">
                    <outcome status="passed" />
                  </result>
                  <testLog>
                    <streams />
                    <attachments />
                  </testLog>
                </testStepRun>
                <testStepRun startTime="2011-08-05T13:40:01.1962205+09:30" endTime="2011-08-05T13:40:01.2118455+09:30">
                  <testStep id="ce52cbd0a2ed77b0" name="Collection_LoadTypedObject" fullName="SubSonic.Tests/SelectTests/Collection_LoadTypedObject" testId="bc1decbc9fdc85cf" isPrimary="true" isTestCase="true" isDynamic="false">
                    <codeReference assembly="SubSonic.Tests, Version=2.2.1.0, Culture=neutral, PublicKeyToken=null" namespace="SubSonic.Tests.SqlQuery" type="SubSonic.Tests.SqlQuery.SelectTests" member="Collection_LoadTypedObject" />
                    <codeLocation path="C:\data\SubsonicRoot\ss2\SubSonic.Tests\SqlQuery\SelectTests.cs" line="505" />
                    <metadata>
                      <entry key="TestKind">
                        <value>Test</value>
                      </entry>
                    </metadata>
                  </testStep>
                  <children />
                  <result assertCount="4" duration="0.017616299999999998">
                    <outcome status="passed" />
                  </result>
                  <testLog>
                    <streams />
                    <attachments />
                  </testLog>
                </testStepRun>
                <testStepRun startTime="2011-08-05T13:40:01.2118455+09:30" endTime="2011-08-05T13:40:01.2587205+09:30">
                  <testStep id="40def549b6db4dd" name="Constraints_Should_Be_Valid_When_Table_Not_In_From" fullName="SubSonic.Tests/SelectTests/Constraints_Should_Be_Valid_When_Table_Not_In_From" testId="4568dda4f4a5f281" isPrimary="true" isTestCase="true" isDynamic="false">
                    <codeReference assembly="SubSonic.Tests, Version=2.2.1.0, Culture=neutral, PublicKeyToken=null" namespace="SubSonic.Tests.SqlQuery" type="SubSonic.Tests.SqlQuery.SelectTests" member="Constraints_Should_Be_Valid_When_Table_Not_In_From" />
                    <codeLocation path="C:\data\SubsonicRoot\ss2\SubSonic.Tests\SqlQuery\SelectTests.cs" line="793" />
                    <metadata>
                      <entry key="TestKind">
                        <value>Test</value>
                      </entry>
                    </metadata>
                  </testStep>
                  <children />
                  <result assertCount="1" duration="0.0328274">
                    <outcome status="passed" />
                  </result>
                  <testLog>
                    <streams />
                    <attachments />
                  </testLog>
                </testStepRun>
                <testStepRun startTime="2011-08-05T13:40:01.2743455+09:30" endTime="2011-08-05T13:40:01.2743455+09:30">
                  <testStep id="ca2862b080b48210" name="Exec_AggregateExpression" fullName="SubSonic.Tests/SelectTests/Exec_AggregateExpression" testId="b51a12706c7e1287" isPrimary="true" isTestCase="true" isDynamic="false">
                    <codeReference assembly="SubSonic.Tests, Version=2.2.1.0, Culture=neutral, PublicKeyToken=null" namespace="SubSonic.Tests.SqlQuery" type="SubSonic.Tests.SqlQuery.SelectTests" member="Exec_AggregateExpression" />
                    <codeLocation path="C:\data\SubsonicRoot\ss2\SubSonic.Tests\SqlQuery\SelectTests.cs" line="294" />
                    <metadata>
                      <entry key="TestKind">
                        <value>Test</value>
                      </entry>
                    </metadata>
                  </testStep>
                  <children />
                  <result assertCount="1" duration="0.0120772">
                    <outcome status="passed" />
                  </result>
                  <testLog>
                    <streams />
                    <attachments />
                  </testLog>
                </testStepRun>
                <testStepRun startTime="2011-08-05T13:40:01.2743455+09:30" endTime="2011-08-05T13:40:01.3212205+09:30">
                  <testStep id="9f2f7742dc2f2cd8" name="Exec_Collection_Joined" fullName="SubSonic.Tests/SelectTests/Exec_Collection_Joined" testId="31c9b4bee0126aad" isPrimary="true" isTestCase="true" isDynamic="false">
                    <codeReference assembly="SubSonic.Tests, Version=2.2.1.0, Culture=neutral, PublicKeyToken=null" namespace="SubSonic.Tests.SqlQuery" type="SubSonic.Tests.SqlQuery.SelectTests" member="Exec_Collection_Joined" />
                    <codeLocation path="C:\data\SubsonicRoot\ss2\SubSonic.Tests\SqlQuery\SelectTests.cs" line="188" />
                    <metadata>
                      <entry key="TestKind">
                        <value>Test</value>
                      </entry>
                    </metadata>
                  </testStep>
                  <children />
                  <result assertCount="1" duration="0.0295669">
                    <outcome status="passed" />
                  </result>
                  <testLog>
                    <streams />
                    <attachments />
                  </testLog>
                </testStepRun>
                <testStepRun startTime="2011-08-05T13:40:01.3212205+09:30" endTime="2011-08-05T13:40:01.3368455+09:30">
                  <testStep id="16b82dfad883947f" name="Exec_Collection_JoinedWithLike" fullName="SubSonic.Tests/SelectTests/Exec_Collection_JoinedWithLike" testId="a0cce410e7044202" isPrimary="true" isTestCase="true" isDynamic="false">
                    <codeReference assembly="SubSonic.Tests, Version=2.2.1.0, Culture=neutral, PublicKeyToken=null" namespace="SubSonic.Tests.SqlQuery" type="SubSonic.Tests.SqlQuery.SelectTests" member="Exec_Collection_JoinedWithLike" />
                    <codeLocation path="C:\data\SubsonicRoot\ss2\SubSonic.Tests\SqlQuery\SelectTests.cs" line="198" />
                    <metadata>
                      <entry key="TestKind">
                        <value>Test</value>
                      </entry>
                    </metadata>
                  </testStep>
                  <children />
                  <result assertCount="1" duration="0.0167316">
                    <outcome status="passed" />
                  </result>
                  <testLog>
                    <streams />
                    <attachments />
                  </testLog>
                </testStepRun>
                <testStepRun startTime="2011-08-05T13:40:01.3368455+09:30" endTime="2011-08-05T13:40:01.3524705+09:30">
                  <testStep id="94bb2503734ca4f0" name="Exec_Collection_JoinedWithLike_Typed" fullName="SubSonic.Tests/SelectTests/Exec_Collection_JoinedWithLike_Typed" testId="132b24ca35d178c6" isPrimary="true" isTestCase="true" isDynamic="false">
                    <codeReference assembly="SubSonic.Tests, Version=2.2.1.0, Culture=neutral, PublicKeyToken=null" namespace="SubSonic.Tests.SqlQuery" type="SubSonic.Tests.SqlQuery.SelectTests" member="Exec_Collection_JoinedWithLike_Typed" />
                    <codeLocation path="C:\data\SubsonicRoot\ss2\SubSonic.Tests\SqlQuery\SelectTests.cs" line="209" />
                    <metadata>
                      <entry key="TestKind">
                        <value>Test</value>
                      </entry>
                    </metadata>
                  </testStep>
                  <children />
                  <result assertCount="1" duration="0.0186998">
                    <outcome status="passed" />
                  </result>
                  <testLog>
                    <streams />
                    <attachments />
                  </testLog>
                </testStepRun>
                <testStepRun startTime="2011-08-05T13:40:01.3524705+09:30" endTime="2011-08-05T13:40:01.3680955+09:30">
                  <testStep id="5ef7cae01cb8fff5" name="Exec_Collection_Simple" fullName="SubSonic.Tests/SelectTests/Exec_Collection_Simple" testId="f724d8da54cedb9b" isPrimary="true" isTestCase="true" isDynamic="false">
                    <codeReference assembly="SubSonic.Tests, Version=2.2.1.0, Culture=neutral, PublicKeyToken=null" namespace="SubSonic.Tests.SqlQuery" type="SubSonic.Tests.SqlQuery.SelectTests" member="Exec_Collection_Simple" />
                    <codeLocation path="C:\data\SubsonicRoot\ss2\SubSonic.Tests\SqlQuery\SelectTests.cs" line="180" />
                    <metadata>
                      <entry key="TestKind">
                        <value>Test</value>
                      </entry>
                    </metadata>
                  </testStep>
                  <children />
                  <result assertCount="1" duration="0.030212799999999998">
                    <outcome status="passed" />
                  </result>
                  <testLog>
                    <streams />
                    <attachments />
                  </testLog>
                </testStepRun>
                <testStepRun startTime="2011-08-05T13:40:01.3680955+09:30" endTime="2011-08-05T13:40:01.4149705+09:30">
                  <testStep id="a9de2359407177ce" name="Exec_Distinct_JoinedWithLike" fullName="SubSonic.Tests/SelectTests/Exec_Distinct_JoinedWithLike" testId="fd862e1efb5cce42" isPrimary="true" isTestCase="true" isDynamic="false">
                    <codeReference assembly="SubSonic.Tests, Version=2.2.1.0, Culture=neutral, PublicKeyToken=null" namespace="SubSonic.Tests.SqlQuery" type="SubSonic.Tests.SqlQuery.SelectTests" member="Exec_Distinct_JoinedWithLike" />
                    <codeLocation path="C:\data\SubsonicRoot\ss2\SubSonic.Tests\SqlQuery\SelectTests.cs" line="281" />
                    <metadata>
                      <entry key="TestKind">
                        <value>Test</value>
                      </entry>
                    </metadata>
                  </testStep>
                  <children />
                  <result assertCount="1" duration="0.0356266">
                    <outcome status="passed" />
                  </result>
                  <testLog>
                    <streams />
                    <attachments />
                  </testLog>
                </testStepRun>
                <testStepRun startTime="2011-08-05T13:40:01.4149705+09:30" endTime="2011-08-05T13:40:01.4305955+09:30">
                  <testStep id="f26b48543185a411" name="Exec_DistinctTypedList" fullName="SubSonic.Tests/SelectTests/Exec_DistinctTypedList" testId="5a2d7a12510dc65c" isPrimary="true" isTestCase="true" isDynamic="false">
                    <codeReference assembly="SubSonic.Tests, Version=2.2.1.0, Culture=neutral, PublicKeyToken=null" namespace="SubSonic.Tests.SqlQuery" type="SubSonic.Tests.SqlQuery.SelectTests" member="Exec_DistinctTypedList" />
                    <codeLocation path="C:\data\SubsonicRoot\ss2\SubSonic.Tests\SqlQuery\SelectTests.cs" line="260" />
                    <metadata>
                      <entry key="TestKind">
                        <value>Test</value>
                      </entry>
                    </metadata>
                  </testStep>
                  <children />
                  <result assertCount="1" duration="0.0167819">
                    <outcome status="passed" />
                  </result>
                  <testLog>
                    <streams />
                    <attachments />
                  </testLog>
                </testStepRun>
                <testStepRun startTime="2011-08-05T13:40:01.4305955+09:30" endTime="2011-08-05T13:40:01.5243455+09:30">
                  <testStep id="6c04bdab9d7ff5f9" name="Exec_DistinctWithWhere" fullName="SubSonic.Tests/SelectTests/Exec_DistinctWithWhere" testId="6b2d4c29e11f2d4a" isPrimary="true" isTestCase="true" isDynamic="false">
                    <codeReference assembly="SubSonic.Tests, Version=2.2.1.0, Culture=neutral, PublicKeyToken=null" namespace="SubSonic.Tests.SqlQuery" type="SubSonic.Tests.SqlQuery.SelectTests" member="Exec_DistinctWithWhere" />
                    <codeLocation path="C:\data\SubsonicRoot\ss2\SubSonic.Tests\SqlQuery\SelectTests.cs" line="269" />
                    <metadata>
                      <entry key="TestKind">
                        <value>Test</value>
                      </entry>
                    </metadata>
                  </testStep>
                  <children />
                  <result assertCount="1" duration="0.0812473">
                    <outcome status="passed" />
                  </result>
                  <testLog>
                    <streams />
                    <attachments />
                  </testLog>
                </testStepRun>
                <testStepRun startTime="2011-08-05T13:40:01.5243455+09:30" endTime="2011-08-05T13:40:01.5712205+09:30">
                  <testStep id="15e3edb9482fc5eb" name="Exec_ExpressionSimpleOr" fullName="SubSonic.Tests/SelectTests/Exec_ExpressionSimpleOr" testId="8e62c4902bbffe5a" isPrimary="true" isTestCase="true" isDynamic="false">
                    <codeReference assembly="SubSonic.Tests, Version=2.2.1.0, Culture=neutral, PublicKeyToken=null" namespace="SubSonic.Tests.SqlQuery" type="SubSonic.Tests.SqlQuery.SelectTests" member="Exec_ExpressionSimpleOr" />
                    <codeLocation path="C:\data\SubsonicRoot\ss2\SubSonic.Tests\SqlQuery\SelectTests.cs" line="225" />
                    <metadata>
                      <entry key="TestKind">
                        <value>Test</value>
                      </entry>
                    </metadata>
                  </testStep>
                  <children />
                  <result assertCount="1" duration="0.0269801">
                    <outcome status="passed" />
                  </result>
                  <testLog>
                    <streams />
                    <attachments />
                  </testLog>
                </testStepRun>
                <testStepRun startTime="2011-08-05T13:40:01.5712205+09:30" endTime="2011-08-05T13:40:01.6024705+09:30">
                  <testStep id="950f6c558dddc66d" name="Exec_InWithSelect" fullName="SubSonic.Tests/SelectTests/Exec_InWithSelect" testId="bd348406aaf1a6c0" isPrimary="true" isTestCase="true" isDynamic="false">
                    <codeReference assembly="SubSonic.Tests, Version=2.2.1.0, Culture=neutral, PublicKeyToken=null" namespace="SubSonic.Tests.SqlQuery" type="SubSonic.Tests.SqlQuery.SelectTests" member="Exec_InWithSelect" />
                    <codeLocation path="C:\data\SubsonicRoot\ss2\SubSonic.Tests\SqlQuery\SelectTests.cs" line="427" />
                    <metadata>
                      <entry key="TestKind">
                        <value>Test</value>
                      </entry>
                    </metadata>
                  </testStep>
                  <children />
                  <result assertCount="1" duration="0.0338333">
                    <outcome status="passed" />
                  </result>
                  <testLog>
                    <streams />
                    <attachments />
                  </testLog>
                </testStepRun>
                <testStepRun startTime="2011-08-05T13:40:01.6024705+09:30" endTime="2011-08-05T13:40:01.6180955+09:30">
                  <testStep id="c5458677409c2d4b" name="Exec_LeftOuterJoin_With_Generics" fullName="SubSonic.Tests/SelectTests/Exec_LeftOuterJoin_With_Generics" testId="b370eaf8c520c214" isPrimary="true" isTestCase="true" isDynamic="false">
                    <codeReference assembly="SubSonic.Tests, Version=2.2.1.0, Culture=neutral, PublicKeyToken=null" namespace="SubSonic.Tests.SqlQuery" type="SubSonic.Tests.SqlQuery.SelectTests" member="Exec_LeftOuterJoin_With_Generics" />
                    <codeLocation path="C:\data\SubsonicRoot\ss2\SubSonic.Tests\SqlQuery\SelectTests.cs" line="142" />
                    <metadata>
                      <entry key="TestKind">
                        <value>Test</value>
                      </entry>
                    </metadata>
                  </testStep>
                  <children />
                  <result assertCount="1" duration="0.025616899999999998">
                    <outcome status="passed" />
                  </result>
                  <testLog>
                    <streams />
                    <attachments />
                  </testLog>
                </testStepRun>
                <testStepRun startTime="2011-08-05T13:40:01.6493455+09:30" endTime="2011-08-05T13:40:01.6493455+09:30">
                  <testStep id="c4742104ab3c4a15" name="Exec_LeftOuterJoin_With_String" fullName="SubSonic.Tests/SelectTests/Exec_LeftOuterJoin_With_String" testId="fed03b517481075a" isPrimary="true" isTestCase="true" isDynamic="false">
                    <codeReference assembly="SubSonic.Tests, Version=2.2.1.0, Culture=neutral, PublicKeyToken=null" namespace="SubSonic.Tests.SqlQuery" type="SubSonic.Tests.SqlQuery.SelectTests" member="Exec_LeftOuterJoin_With_String" />
                    <codeLocation path="C:\data\SubsonicRoot\ss2\SubSonic.Tests\SqlQuery\SelectTests.cs" line="153" />
                    <metadata>
                      <entry key="TestKind">
                        <value>Test</value>
                      </entry>
                    </metadata>
                  </testStep>
                  <children />
                  <result assertCount="1" duration="0.0280243">
                    <outcome status="passed" />
                  </result>
                  <testLog>
                    <streams />
                    <attachments />
                  </testLog>
                </testStepRun>
                <testStepRun startTime="2011-08-05T13:40:01.6493455+09:30" endTime="2011-08-05T13:40:01.6649705+09:30">
                  <testStep id="708bc3343fd3c3e4" name="Exec_LeftOuterJoin_With_TableColumn" fullName="SubSonic.Tests/SelectTests/Exec_LeftOuterJoin_With_TableColumn" testId="3d2d9c292f0de222" isPrimary="true" isTestCase="true" isDynamic="false">
                    <codeReference assembly="SubSonic.Tests, Version=2.2.1.0, Culture=neutral, PublicKeyToken=null" namespace="SubSonic.Tests.SqlQuery" type="SubSonic.Tests.SqlQuery.SelectTests" member="Exec_LeftOuterJoin_With_TableColumn" />
                    <codeLocation path="C:\data\SubsonicRoot\ss2\SubSonic.Tests\SqlQuery\SelectTests.cs" line="131" />
                    <metadata>
                      <entry key="TestKind">
                        <value>Test</value>
                      </entry>
                    </metadata>
                  </testStep>
                  <children />
                  <result assertCount="1" duration="0.0040358999999999994">
                    <outcome status="passed" />
                  </result>
                  <testLog>
                    <streams />
                    <attachments />
                  </testLog>
                </testStepRun>
                <testStepRun startTime="2011-08-05T13:40:01.6649705+09:30" endTime="2011-08-05T13:40:01.6962205+09:30">
                  <testStep id="b520796e4615d69e" name="Exec_MultiJoin" fullName="SubSonic.Tests/SelectTests/Exec_MultiJoin" testId="2567e98394606df2" isPrimary="true" isTestCase="true" isDynamic="false">
                    <codeReference assembly="SubSonic.Tests, Version=2.2.1.0, Culture=neutral, PublicKeyToken=null" namespace="SubSonic.Tests.SqlQuery" type="SubSonic.Tests.SqlQuery.SelectTests" member="Exec_MultiJoin" />
                    <codeLocation path="C:\data\SubsonicRoot\ss2\SubSonic.Tests\SqlQuery\SelectTests.cs" line="117" />
                    <metadata>
                      <entry key="TestKind">
                        <value>Test</value>
                      </entry>
                    </metadata>
                  </testStep>
                  <children />
                  <result assertCount="1" duration="0.043941">
                    <outcome status="passed" />
                  </result>
                  <testLog>
                    <streams />
                    <attachments />
                  </testLog>
                </testStepRun>
                <testStepRun startTime="2011-08-05T13:40:01.7118455+09:30" endTime="2011-08-05T13:40:01.7118455+09:30">
                  <testStep id="551292dbf8874d14" name="Exec_MultipleInWithAnd" fullName="SubSonic.Tests/SelectTests/Exec_MultipleInWithAnd" testId="3bf89f1b0ab491f9" isPrimary="true" isTestCase="true" isDynamic="false">
                    <codeReference assembly="SubSonic.Tests, Version=2.2.1.0, Culture=neutral, PublicKeyToken=null" namespace="SubSonic.Tests.SqlQuery" type="SubSonic.Tests.SqlQuery.SelectTests" member="Exec_MultipleInWithAnd" />
                    <codeLocation path="C:\data\SubsonicRoot\ss2\SubSonic.Tests\SqlQuery\SelectTests.cs" line="440" />
                    <metadata>
                      <entry key="TestKind">
                        <value>Test</value>
                      </entry>
                    </metadata>
                  </testStep>
                  <children />
                  <result assertCount="1" duration="0.010227199999999999">
                    <outcome status="passed" />
                  </result>
                  <testLog>
                    <streams />
                    <attachments />
                  </testLog>
                </testStepRun>
                <testStepRun startTime="2011-08-05T13:40:01.7118455+09:30" endTime="2011-08-05T13:40:01.7274705+09:30">
                  <testStep id="e79e70a804976585" name="Exec_NestedExpression" fullName="SubSonic.Tests/SelectTests/Exec_NestedExpression" testId="9fa32c4d90d19139" isPrimary="true" isTestCase="true" isDynamic="false">
                    <codeReference assembly="SubSonic.Tests, Version=2.2.1.0, Culture=neutral, PublicKeyToken=null" namespace="SubSonic.Tests.SqlQuery" type="SubSonic.Tests.SqlQuery.SelectTests" member="Exec_NestedExpression" />
                    <codeLocation path="C:\data\SubsonicRoot\ss2\SubSonic.Tests\SqlQuery\SelectTests.cs" line="236" />
                    <metadata>
                      <entry key="TestKind">
                        <value>Test</value>
                      </entry>
                    </metadata>
                  </testStep>
                  <children />
                  <result assertCount="1" duration="0.0149439">
                    <outcome status="passed" />
                  </result>
                  <testLog>
                    <streams />
                    <attachments />
                  </testLog>
                </testStepRun>
                <testStepRun startTime="2011-08-05T13:40:01.7430955+09:30" endTime="2011-08-05T13:40:01.7587205+09:30">
                  <testStep id="bea74afea8a6caa9" name="Exec_NotInWithSelect" fullName="SubSonic.Tests/SelectTests/Exec_NotInWithSelect" testId="2c5da3bbf6b730ae" isPrimary="true" isTestCase="true" isDynamic="false">
                    <codeReference assembly="SubSonic.Tests, Version=2.2.1.0, Culture=neutral, PublicKeyToken=null" namespace="SubSonic.Tests.SqlQuery" type="SubSonic.Tests.SqlQuery.SelectTests" member="Exec_NotInWithSelect" />
                    <codeLocation path="C:\data\SubsonicRoot\ss2\SubSonic.Tests\SqlQuery\SelectTests.cs" line="623" />
                    <metadata>
                      <entry key="TestKind">
                        <value>Test</value>
                      </entry>
                    </metadata>
                  </testStep>
                  <children />
                  <result assertCount="2" duration="0.018853699999999998">
                    <outcome status="passed" />
                  </result>
                  <testLog>
                    <streams />
                    <attachments />
                  </testLog>
                </testStepRun>
                <testStepRun startTime="2011-08-05T13:40:01.7587205+09:30" endTime="2011-08-05T13:40:01.7743455+09:30">
                  <testStep id="878a5ede02353a54" name="Exec_PagedJoined" fullName="SubSonic.Tests/SelectTests/Exec_PagedJoined" testId="e815c74b1a7225d2" isPrimary="true" isTestCase="true" isDynamic="false">
                    <codeReference assembly="SubSonic.Tests, Version=2.2.1.0, Culture=neutral, PublicKeyToken=null" namespace="SubSonic.Tests.SqlQuery" type="SubSonic.Tests.SqlQuery.SelectTests" member="Exec_PagedJoined" />
                    <codeLocation path="C:\data\SubsonicRoot\ss2\SubSonic.Tests\SqlQuery\SelectTests.cs" line="335" />
                    <metadata>
                      <entry key="TestKind">
                        <value>Test</value>
                      </entry>
                    </metadata>
                  </testStep>
                  <children />
                  <result assertCount="1" duration="0.025151999999999997">
                    <outcome status="passed" />
                  </result>
                  <testLog>
                    <streams />
                    <attachments />
                  </testLog>
                </testStepRun>
                <testStepRun startTime="2011-08-05T13:40:01.7899705+09:30" endTime="2011-08-05T13:40:01.8055955+09:30">
                  <testStep id="aac11051d28ec78d" name="Exec_PagedSimple" fullName="SubSonic.Tests/SelectTests/Exec_PagedSimple" testId="2763a03853c61560" isPrimary="true" isTestCase="true" isDynamic="false">
                    <codeReference assembly="SubSonic.Tests, Version=2.2.1.0, Culture=neutral, PublicKeyToken=null" namespace="SubSonic.Tests.SqlQuery" type="SubSonic.Tests.SqlQuery.SelectTests" member="Exec_PagedSimple" />
                    <codeLocation path="C:\data\SubsonicRoot\ss2\SubSonic.Tests\SqlQuery\SelectTests.cs" line="310" />
                    <metadata>
                      <entry key="TestKind">
                        <value>Test</value>
                      </entry>
                    </metadata>
                  </testStep>
                  <children />
                  <result assertCount="1" duration="0.0131168">
                    <outcome status="passed" />
                  </result>
                  <testLog>
                    <streams />
                    <attachments />
                  </testLog>
                </testStepRun>
                <testStepRun startTime="2011-08-05T13:40:01.8055955+09:30" endTime="2011-08-05T13:40:01.8680955+09:30">
                  <testStep id="c5d90d176762ae47" name="Exec_PagedView" fullName="SubSonic.Tests/SelectTests/Exec_PagedView" testId="df430da5e68d2630" isPrimary="true" isTestCase="true" isDynamic="false">
                    <codeReference assembly="SubSonic.Tests, Version=2.2.1.0, Culture=neutral, PublicKeyToken=null" namespace="SubSonic.Tests.SqlQuery" type="SubSonic.Tests.SqlQuery.SelectTests" member="Exec_PagedView" />
                    <codeLocation path="C:\data\SubsonicRoot\ss2\SubSonic.Tests\SqlQuery\SelectTests.cs" line="349" />
                    <metadata>
                      <entry key="TestKind">
                        <value>Test</value>
                      </entry>
                    </metadata>
                  </testStep>
                  <children />
                  <result assertCount="1" duration="0.0531057">
                    <outcome status="passed" />
                  </result>
                  <testLog>
                    <streams />
                    <attachments />
                  </testLog>
                </testStepRun>
                <testStepRun startTime="2011-08-05T13:40:01.8680955+09:30" endTime="2011-08-05T13:40:01.8993455+09:30">
                  <testStep id="ed13328cfa760beb" name="Exec_PagedViewJoined" fullName="SubSonic.Tests/SelectTests/Exec_PagedViewJoined" testId="a76cc2aa7909eef2" isPrimary="true" isTestCase="true" isDynamic="false">
                    <codeReference assembly="SubSonic.Tests, Version=2.2.1.0, Culture=neutral, PublicKeyToken=null" namespace="SubSonic.Tests.SqlQuery" type="SubSonic.Tests.SqlQuery.SelectTests" member="Exec_PagedViewJoined" />
                    <codeLocation path="C:\data\SubsonicRoot\ss2\SubSonic.Tests\SqlQuery\SelectTests.cs" line="357" />
                    <metadata>
                      <entry key="TestKind">
                        <value>Test</value>
                      </entry>
                    </metadata>
                  </testStep>
                  <children />
                  <result assertCount="1" duration="0.036784899999999995">
                    <outcome status="passed" />
                  </result>
                  <testLog>
                    <streams />
                    <attachments />
                  </testLog>
                </testStepRun>
                <testStepRun startTime="2011-08-05T13:40:01.9149705+09:30" endTime="2011-08-05T13:40:01.9462205+09:30">
                  <testStep id="cabb19636d61362e" name="Exec_PagedWithAggregate" fullName="SubSonic.Tests/SelectTests/Exec_PagedWithAggregate" testId="c112fd3991361893" isPrimary="true" isTestCase="true" isDynamic="false">
                    <codeReference assembly="SubSonic.Tests, Version=2.2.1.0, Culture=neutral, PublicKeyToken=null" namespace="SubSonic.Tests.SqlQuery" type="SubSonic.Tests.SqlQuery.SelectTests" member="Exec_PagedWithAggregate" />
                    <codeLocation path="C:\data\SubsonicRoot\ss2\SubSonic.Tests\SqlQuery\SelectTests.cs" line="317" />
                    <metadata>
                      <entry key="TestKind">
                        <value>Test</value>
                      </entry>
                    </metadata>
                  </testStep>
                  <children />
                  <result assertCount="1" duration="0.0396104">
                    <outcome status="passed" />
                  </result>
                  <testLog>
                    <streams />
                    <attachments />
                  </testLog>
                </testStepRun>
                <testStepRun startTime="2011-08-05T13:40:01.9462205+09:30" endTime="2011-08-05T13:40:01.9618455+09:30">
                  <testStep id="545c3fe5e1438731" name="Exec_Select_Top_Ten" fullName="SubSonic.Tests/SelectTests/Exec_Select_Top_Ten" testId="7fba649d1c73c23f" isPrimary="true" isTestCase="true" isDynamic="false">
                    <codeReference assembly="SubSonic.Tests, Version=2.2.1.0, Culture=neutral, PublicKeyToken=null" namespace="SubSonic.Tests.SqlQuery" type="SubSonic.Tests.SqlQuery.SelectTests" member="Exec_Select_Top_Ten" />
                    <codeLocation path="C:\data\SubsonicRoot\ss2\SubSonic.Tests\SqlQuery\SelectTests.cs" line="166" />
                    <metadata>
                      <entry key="TestKind">
                        <value>Test</value>
                      </entry>
                    </metadata>
                  </testStep>
                  <children />
                  <result assertCount="1" duration="0.0108886">
                    <outcome status="passed" />
                  </result>
                  <testLog>
                    <streams />
                    <attachments />
                  </testLog>
                </testStepRun>
                <testStepRun startTime="2011-08-05T13:40:01.9618455+09:30" endTime="2011-08-05T13:40:01.9774705+09:30">
                  <testStep id="a12da3174f205b9" name="Exec_Simple" fullName="SubSonic.Tests/SelectTests/Exec_Simple" testId="d943452b33fb4d6d" isPrimary="true" isTestCase="true" isDynamic="false">
                    <codeReference assembly="SubSonic.Tests, Version=2.2.1.0, Culture=neutral, PublicKeyToken=null" namespace="SubSonic.Tests.SqlQuery" type="SubSonic.Tests.SqlQuery.SelectTests" member="Exec_Simple" />
                    <codeLocation path="C:\data\SubsonicRoot\ss2\SubSonic.Tests\SqlQuery\SelectTests.cs" line="29" />
                    <metadata>
                      <entry key="TestKind">
                        <value>Test</value>
                      </entry>
                    </metadata>
                  </testStep>
                  <children />
                  <result assertCount="1" duration="0.005493">
                    <outcome status="passed" />
                  </result>
                  <testLog>
                    <streams />
                    <attachments />
                  </testLog>
                </testStepRun>
                <testStepRun startTime="2011-08-05T13:40:01.9774705+09:30" endTime="2011-08-05T13:40:01.9930955+09:30">
                  <testStep id="c9aa6e2c138c010" name="Exec_SimpleAnd" fullName="SubSonic.Tests/SelectTests/Exec_SimpleAnd" testId="84acacf34f8286da" isPrimary="true" isTestCase="true" isDynamic="false">
                    <codeReference assembly="SubSonic.Tests, Version=2.2.1.0, Culture=neutral, PublicKeyToken=null" namespace="SubSonic.Tests.SqlQuery" type="SubSonic.Tests.SqlQuery.SelectTests" member="Exec_SimpleAnd" />
                    <codeLocation path="C:\data\SubsonicRoot\ss2\SubSonic.Tests\SqlQuery\SelectTests.cs" line="370" />
                    <metadata>
                      <entry key="TestKind">
                        <value>Test</value>
                      </entry>
                    </metadata>
                  </testStep>
                  <children />
                  <result assertCount="1" duration="0.0212154">
                    <outcome status="passed" />
                  </result>
                  <testLog>
                    <streams />
                    <attachments />
                  </testLog>
                </testStepRun>
                <testStepRun startTime="2011-08-05T13:40:01.9930955+09:30" endTime="2011-08-05T13:40:02.0087205+09:30">
                  <testStep id="da4a8e15f0e5d7ba" name="Exec_SimpleAnd2" fullName="SubSonic.Tests/SelectTests/Exec_SimpleAnd2" testId="f5a54afea386b971" isPrimary="true" isTestCase="true" isDynamic="false">
                    <codeReference assembly="SubSonic.Tests, Version=2.2.1.0, Culture=neutral, PublicKeyToken=null" namespace="SubSonic.Tests.SqlQuery" type="SubSonic.Tests.SqlQuery.SelectTests" member="Exec_SimpleAnd2" />
                    <codeLocation path="C:\data\SubsonicRoot\ss2\SubSonic.Tests\SqlQuery\SelectTests.cs" line="384" />
                    <metadata>
                      <entry key="TestKind">
                        <value>Test</value>
                      </entry>
                    </metadata>
                  </testStep>
                  <children />
                  <result assertCount="1" duration="0.013223299999999999">
                    <outcome status="passed" />
                  </result>
                  <testLog>
                    <streams />
                    <attachments />
                  </testLog>
                </testStepRun>
                <testStepRun startTime="2011-08-05T13:40:02.0243455+09:30" endTime="2011-08-05T13:40:02.0399705+09:30">
                  <testStep id="1641a6ab08fbd296" name="Exec_SimpleAnd3" fullName="SubSonic.Tests/SelectTests/Exec_SimpleAnd3" testId="6c069a77c4600266" isPrimary="true" isTestCase="true" isDynamic="false">
                    <codeReference assembly="SubSonic.Tests, Version=2.2.1.0, Culture=neutral, PublicKeyToken=null" namespace="SubSonic.Tests.SqlQuery" type="SubSonic.Tests.SqlQuery.SelectTests" member="Exec_SimpleAnd3" />
                    <codeLocation path="C:\data\SubsonicRoot\ss2\SubSonic.Tests\SqlQuery\SelectTests.cs" line="398" />
                    <metadata>
                      <entry key="TestKind">
                        <value>Test</value>
                      </entry>
                    </metadata>
                  </testStep>
                  <children />
                  <result assertCount="1" duration="0.0279317">
                    <outcome status="passed" />
                  </result>
                  <testLog>
                    <streams />
                    <attachments />
                  </testLog>
                </testStepRun>
                <testStepRun startTime="2011-08-05T13:40:02.0555955+09:30" endTime="2011-08-05T13:40:02.0712205+09:30">
                  <testStep id="a8a2de1886dd89e5" name="Exec_SimpleAsSingle" fullName="SubSonic.Tests/SelectTests/Exec_SimpleAsSingle" testId="55446d52438c14d0" isPrimary="true" isTestCase="true" isDynamic="false">
                    <codeReference assembly="SubSonic.Tests, Version=2.2.1.0, Culture=neutral, PublicKeyToken=null" namespace="SubSonic.Tests.SqlQuery" type="SubSonic.Tests.SqlQuery.SelectTests" member="Exec_SimpleAsSingle" />
                    <codeLocation path="C:\data\SubsonicRoot\ss2\SubSonic.Tests\SqlQuery\SelectTests.cs" line="43" />
                    <metadata>
                      <entry key="TestKind">
                        <value>Test</value>
                      </entry>
                    </metadata>
                  </testStep>
                  <children />
                  <result assertCount="1" duration="0.021154899999999997">
                    <outcome status="passed" />
                  </result>
                  <testLog>
                    <streams />
                    <attachments />
                  </testLog>
                </testStepRun>
                <testStepRun startTime="2011-08-05T13:40:02.0712205+09:30" endTime="2011-08-05T13:40:02.1024705+09:30">
                  <testStep id="ac63206be9f6018f" name="Exec_SimpleIn" fullName="SubSonic.Tests/SelectTests/Exec_SimpleIn" testId="cc4967ca3f4a2c02" isPrimary="true" isTestCase="true" isDynamic="false">
                    <codeReference assembly="SubSonic.Tests, Version=2.2.1.0, Culture=neutral, PublicKeyToken=null" namespace="SubSonic.Tests.SqlQuery" type="SubSonic.Tests.SqlQuery.SelectTests" member="Exec_SimpleIn" />
                    <codeLocation path="C:\data\SubsonicRoot\ss2\SubSonic.Tests\SqlQuery\SelectTests.cs" line="418" />
                    <metadata>
                      <entry key="TestKind">
                        <value>Test</value>
                      </entry>
                    </metadata>
                  </testStep>
                  <children />
                  <result assertCount="1" duration="0.0082741999999999989">
                    <outcome status="passed" />
                  </result>
                  <testLog>
                    <streams />
                    <attachments />
                  </testLog>
                </testStepRun>
                <testStepRun startTime="2011-08-05T13:40:02.1024705+09:30" endTime="2011-08-05T13:40:02.1180955+09:30">
                  <testStep id="f66f94aa5bc540f7" name="Exec_SimpleJoin" fullName="SubSonic.Tests/SelectTests/Exec_SimpleJoin" testId="d908a282699d4650" isPrimary="true" isTestCase="true" isDynamic="false">
                    <codeReference assembly="SubSonic.Tests, Version=2.2.1.0, Culture=neutral, PublicKeyToken=null" namespace="SubSonic.Tests.SqlQuery" type="SubSonic.Tests.SqlQuery.SelectTests" member="Exec_SimpleJoin" />
                    <codeLocation path="C:\data\SubsonicRoot\ss2\SubSonic.Tests\SqlQuery\SelectTests.cs" line="84" />
                    <metadata>
                      <entry key="TestKind">
                        <value>Test</value>
                      </entry>
                    </metadata>
                  </testStep>
                  <children />
                  <result assertCount="1" duration="0.0275301">
                    <outcome status="passed" />
                  </result>
                  <testLog>
                    <streams />
                    <attachments />
                  </testLog>
                </testStepRun>
                <testStepRun startTime="2011-08-05T13:40:02.1180955+09:30" endTime="2011-08-05T13:40:02.1337205+09:30">
                  <testStep id="107f5ac44baffa15" name="Exec_SimpleJoin2" fullName="SubSonic.Tests/SelectTests/Exec_SimpleJoin2" testId="d4139761853f7fcd" isPrimary="true" isTestCase="true" isDynamic="false">
                    <codeReference assembly="SubSonic.Tests, Version=2.2.1.0, Culture=neutral, PublicKeyToken=null" namespace="SubSonic.Tests.SqlQuery" type="SubSonic.Tests.SqlQuery.SelectTests" member="Exec_SimpleJoin2" />
                    <codeLocation path="C:\data\SubsonicRoot\ss2\SubSonic.Tests\SqlQuery\SelectTests.cs" line="95" />
                    <metadata>
                      <entry key="TestKind">
                        <value>Test</value>
                      </entry>
                    </metadata>
                  </testStep>
                  <children />
                  <result assertCount="1" duration="0.015313199999999999">
                    <outcome status="passed" />
                  </result>
                  <testLog>
                    <streams />
                    <attachments />
                  </testLog>
                </testStepRun>
                <testStepRun startTime="2011-08-05T13:40:02.1337205+09:30" endTime="2011-08-05T13:40:02.1493455+09:30">
                  <testStep id="bc69ac7e8a3de16a" name="Exec_SimpleJoin3" fullName="SubSonic.Tests/SelectTests/Exec_SimpleJoin3" testId="7334c663cee4838c" isPrimary="true" isTestCase="true" isDynamic="false">
                    <codeReference assembly="SubSonic.Tests, Version=2.2.1.0, Culture=neutral, PublicKeyToken=null" namespace="SubSonic.Tests.SqlQuery" type="SubSonic.Tests.SqlQuery.SelectTests" member="Exec_SimpleJoin3" />
                    <codeLocation path="C:\data\SubsonicRoot\ss2\SubSonic.Tests\SqlQuery\SelectTests.cs" line="106" />
                    <metadata>
                      <entry key="TestKind">
                        <value>Test</value>
                      </entry>
                    </metadata>
                  </testStep>
                  <children />
                  <result assertCount="1" duration="0.0140605">
                    <outcome status="passed" />
                  </result>
                  <testLog>
                    <streams />
                    <attachments />
                  </testLog>
                </testStepRun>
                <testStepRun startTime="2011-08-05T13:40:02.1493455+09:30" endTime="2011-08-05T13:40:02.1649705+09:30">
                  <testStep id="af6349174937eca3" name="Exec_SimpleOr" fullName="SubSonic.Tests/SelectTests/Exec_SimpleOr" testId="aa15f6300be00489" isPrimary="true" isTestCase="true" isDynamic="false">
                    <codeReference assembly="SubSonic.Tests, Version=2.2.1.0, Culture=neutral, PublicKeyToken=null" namespace="SubSonic.Tests.SqlQuery" type="SubSonic.Tests.SqlQuery.SelectTests" member="Exec_SimpleOr" />
                    <codeLocation path="C:\data\SubsonicRoot\ss2\SubSonic.Tests\SqlQuery\SelectTests.cs" line="457" />
                    <metadata>
                      <entry key="TestKind">
                        <value>Test</value>
                      </entry>
                    </metadata>
                  </testStep>
                  <children />
                  <result assertCount="1" duration="0.0137107">
                    <outcome status="passed" />
                  </result>
                  <testLog>
                    <streams />
                    <attachments />
                  </testLog>
                </testStepRun>
                <testStepRun startTime="2011-08-05T13:40:02.1805955+09:30" endTime="2011-08-05T13:40:02.1805955+09:30">
                  <testStep id="94ae468f4598b497" name="Exec_SimpleOr2" fullName="SubSonic.Tests/SelectTests/Exec_SimpleOr2" testId="33d0d25dfecbf6b1" isPrimary="true" isTestCase="true" isDynamic="false">
                    <codeReference assembly="SubSonic.Tests, Version=2.2.1.0, Culture=neutral, PublicKeyToken=null" namespace="SubSonic.Tests.SqlQuery" type="SubSonic.Tests.SqlQuery.SelectTests" member="Exec_SimpleOr2" />
                    <codeLocation path="C:\data\SubsonicRoot\ss2\SubSonic.Tests\SqlQuery\SelectTests.cs" line="471" />
                    <metadata>
                      <entry key="TestKind">
                        <value>Test</value>
                      </entry>
                    </metadata>
                  </testStep>
                  <children />
                  <result assertCount="1" duration="0.011748399999999999">
                    <outcome status="passed" />
                  </result>
                  <testLog>
                    <streams />
                    <attachments />
                  </testLog>
                </testStepRun>
                <testStepRun startTime="2011-08-05T13:40:02.1962205+09:30" endTime="2011-08-05T13:40:02.2118455+09:30">
                  <testStep id="f22357c10c4aefa1" name="Exec_SimpleOr3" fullName="SubSonic.Tests/SelectTests/Exec_SimpleOr3" testId="4bae6bc711bf486" isPrimary="true" isTestCase="true" isDynamic="false">
                    <codeReference assembly="SubSonic.Tests, Version=2.2.1.0, Culture=neutral, PublicKeyToken=null" namespace="SubSonic.Tests.SqlQuery" type="SubSonic.Tests.SqlQuery.SelectTests" member="Exec_SimpleOr3" />
                    <codeLocation path="C:\data\SubsonicRoot\ss2\SubSonic.Tests\SqlQuery\SelectTests.cs" line="485" />
                    <metadata>
                      <entry key="TestKind">
                        <value>Test</value>
                      </entry>
                    </metadata>
                  </testStep>
                  <children />
                  <result assertCount="1" duration="0.0227617">
                    <outcome status="passed" />
                  </result>
                  <testLog>
                    <streams />
                    <attachments />
                  </testLog>
                </testStepRun>
                <testStepRun startTime="2011-08-05T13:40:02.2274705+09:30" endTime="2011-08-05T13:40:02.2430955+09:30">
                  <testStep id="5c1c3d3cdd712947" name="Exec_SimpleWhere" fullName="SubSonic.Tests/SelectTests/Exec_SimpleWhere" testId="351cac8e4ad5b3e1" isPrimary="true" isTestCase="true" isDynamic="false">
                    <codeReference assembly="SubSonic.Tests, Version=2.2.1.0, Culture=neutral, PublicKeyToken=null" namespace="SubSonic.Tests.SqlQuery" type="SubSonic.Tests.SqlQuery.SelectTests" member="Exec_SimpleWhere" />
                    <codeLocation path="C:\data\SubsonicRoot\ss2\SubSonic.Tests\SqlQuery\SelectTests.cs" line="57" />
                    <metadata>
                      <entry key="TestKind">
                        <value>Test</value>
                      </entry>
                    </metadata>
                  </testStep>
                  <children />
                  <result assertCount="1" duration="0.0140042">
                    <outcome status="passed" />
                  </result>
                  <testLog>
                    <streams />
                    <attachments />
                  </testLog>
                </testStepRun>
                <testStepRun startTime="2011-08-05T13:40:02.2430955+09:30" endTime="2011-08-05T13:40:02.2587205+09:30">
                  <testStep id="c4b08043fc6bf898" name="Exec_SimpleWhere2" fullName="SubSonic.Tests/SelectTests/Exec_SimpleWhere2" testId="6a4d37a2d0f2d813" isPrimary="true" isTestCase="true" isDynamic="false">
                    <codeReference assembly="SubSonic.Tests, Version=2.2.1.0, Culture=neutral, PublicKeyToken=null" namespace="SubSonic.Tests.SqlQuery" type="SubSonic.Tests.SqlQuery.SelectTests" member="Exec_SimpleWhere2" />
                    <codeLocation path="C:\data\SubsonicRoot\ss2\SubSonic.Tests\SqlQuery\SelectTests.cs" line="64" />
                    <metadata>
                      <entry key="TestKind">
                        <value>Test</value>
                      </entry>
                    </metadata>
                  </testStep>
                  <children />
                  <result assertCount="1" duration="0.0052171">
                    <outcome status="passed" />
                  </result>
                  <testLog>
                    <streams />
                    <attachments />
                  </testLog>
                </testStepRun>
                <testStepRun startTime="2011-08-05T13:40:02.2587205+09:30" endTime="2011-08-05T13:40:02.2743455+09:30">
                  <testStep id="b0017d46766daeb4" name="Exec_SimpleWhereAnd" fullName="SubSonic.Tests/SelectTests/Exec_SimpleWhereAnd" testId="d6451bb4fabcbc28" isPrimary="true" isTestCase="true" isDynamic="false">
                    <codeReference assembly="SubSonic.Tests, Version=2.2.1.0, Culture=neutral, PublicKeyToken=null" namespace="SubSonic.Tests.SqlQuery" type="SubSonic.Tests.SqlQuery.SelectTests" member="Exec_SimpleWhereAnd" />
                    <codeLocation path="C:\data\SubsonicRoot\ss2\SubSonic.Tests\SqlQuery\SelectTests.cs" line="71" />
                    <metadata>
                      <entry key="TestKind">
                        <value>Test</value>
                      </entry>
                    </metadata>
                  </testStep>
                  <children />
                  <result assertCount="1" duration="0.0295466">
                    <outcome status="passed" />
                  </result>
                  <testLog>
                    <streams />
                    <attachments />
                  </testLog>
                </testStepRun>
                <testStepRun startTime="2011-08-05T13:40:02.2899705+09:30" endTime="2011-08-05T13:40:02.3055955+09:30">
                  <testStep id="34b146893db08f9f" name="Exec_SimpleWithTypedColumns" fullName="SubSonic.Tests/SelectTests/Exec_SimpleWithTypedColumns" testId="87ff466a71f0fac" isPrimary="true" isTestCase="true" isDynamic="false">
                    <codeReference assembly="SubSonic.Tests, Version=2.2.1.0, Culture=neutral, PublicKeyToken=null" namespace="SubSonic.Tests.SqlQuery" type="SubSonic.Tests.SqlQuery.SelectTests" member="Exec_SimpleWithTypedColumns" />
                    <codeLocation path="C:\data\SubsonicRoot\ss2\SubSonic.Tests\SqlQuery\SelectTests.cs" line="36" />
                    <metadata>
                      <entry key="TestKind">
                        <value>Test</value>
                      </entry>
                    </metadata>
                  </testStep>
                  <children />
                  <result assertCount="1" duration="0.0096486">
                    <outcome status="passed" />
                  </result>
                  <testLog>
                    <streams />
                    <attachments />
                  </testLog>
                </testStepRun>
                <testStepRun startTime="2011-08-05T13:40:02.3055955+09:30" endTime="2011-08-05T13:40:02.3055955+09:30">
                  <testStep id="76bc3554d398765" name="Exec_WithAllColumns" fullName="SubSonic.Tests/SelectTests/Exec_WithAllColumns" testId="8381811bae387097" isPrimary="true" isTestCase="true" isDynamic="false">
                    <codeReference assembly="SubSonic.Tests, Version=2.2.1.0, Culture=neutral, PublicKeyToken=null" namespace="SubSonic.Tests.SqlQuery" type="SubSonic.Tests.SqlQuery.SelectTests" member="Exec_WithAllColumns" />
                    <codeLocation path="C:\data\SubsonicRoot\ss2\SubSonic.Tests\SqlQuery\SelectTests.cs" line="50" />
                    <metadata>
                      <entry key="TestKind">
                        <value>Test</value>
                      </entry>
                    </metadata>
                  </testStep>
                  <children />
                  <result assertCount="1" duration="0.0073057">
                    <outcome status="passed" />
                  </result>
                  <testLog>
                    <streams />
                    <attachments />
                  </testLog>
                </testStepRun>
                <testStepRun startTime="2011-08-05T13:40:02.3055955+09:30" endTime="2011-08-05T13:40:02.3212205+09:30">
                  <testStep id="8a19c2fa8121eb7" name="MySql_Should_Set_Logical_Deletes" fullName="SubSonic.Tests/SelectTests/MySql_Should_Set_Logical_Deletes" testId="6f93c3a1aa751344" isPrimary="true" isTestCase="true" isDynamic="false">
                    <codeReference assembly="SubSonic.Tests, Version=2.2.1.0, Culture=neutral, PublicKeyToken=null" namespace="SubSonic.Tests.SqlQuery" type="SubSonic.Tests.SqlQuery.SelectTests" member="MySql_Should_Set_Logical_Deletes" />
                    <codeLocation path="C:\data\SubsonicRoot\ss2\SubSonic.Tests\SqlQuery\SelectTests.cs" line="873" />
                    <metadata>
                      <entry key="TestKind">
                        <value>Test</value>
                      </entry>
                    </metadata>
                  </testStep>
                  <children />
                  <result assertCount="0" duration="0.0017567">
                    <outcome status="passed" />
                  </result>
                  <testLog>
                    <streams />
                    <attachments />
                  </testLog>
                </testStepRun>
                <testStepRun startTime="2011-08-05T13:40:02.3212205+09:30" endTime="2011-08-05T13:40:02.3524705+09:30">
                  <testStep id="b7b3d0ca1cb1d1e2" name="Products_CollectionLoad2" fullName="SubSonic.Tests/SelectTests/Products_CollectionLoad2" testId="59070ef9a965d38c" isPrimary="true" isTestCase="true" isDynamic="false">
                    <codeReference assembly="SubSonic.Tests, Version=2.2.1.0, Culture=neutral, PublicKeyToken=null" namespace="SubSonic.Tests.SqlQuery" type="SubSonic.Tests.SqlQuery.SelectTests" member="Products_CollectionLoad2" />
                    <codeLocation path="C:\data\SubsonicRoot\ss2\SubSonic.Tests\SqlQuery\SelectTests.cs" line="590" />
                    <metadata>
                      <entry key="TestKind">
                        <value>Test</value>
                      </entry>
                    </metadata>
                  </testStep>
                  <children />
                  <result assertCount="1" duration="0.0215839">
                    <outcome status="passed" />
                  </result>
                  <testLog>
                    <streams />
                    <attachments />
                  </testLog>
                </testStepRun>
                <testStepRun startTime="2011-08-05T13:40:02.3524705+09:30" endTime="2011-08-05T13:40:02.3680955+09:30">
                  <testStep id="1fb8aa46b8f66eef" name="Products_CollectionSample" fullName="SubSonic.Tests/SelectTests/Products_CollectionSample" testId="e43d556230ce8814" isPrimary="true" isTestCase="true" isDynamic="false">
                    <codeReference assembly="SubSonic.Tests, Version=2.2.1.0, Culture=neutral, PublicKeyToken=null" namespace="SubSonic.Tests.SqlQuery" type="SubSonic.Tests.SqlQuery.SelectTests" member="Products_CollectionSample" />
                    <codeLocation path="C:\data\SubsonicRoot\ss2\SubSonic.Tests\SqlQuery\SelectTests.cs" line="602" />
                    <metadata>
                      <entry key="TestKind">
                        <value>Test</value>
                      </entry>
                    </metadata>
                  </testStep>
                  <children />
                  <result assertCount="4" duration="0.023108999999999998">
                    <outcome status="passed" />
                  </result>
                  <testLog>
                    <streams />
                    <attachments />
                  </testLog>
                </testStepRun>
                <testStepRun startTime="2011-08-05T13:40:02.3837205+09:30" endTime="2011-08-05T13:40:02.4462205+09:30">
                  <testStep id="33208009c28a2c80" name="Products_Sample" fullName="SubSonic.Tests/SelectTests/Products_Sample" testId="af960a2bc2f1179d" isPrimary="true" isTestCase="true" isDynamic="false">
                    <codeReference assembly="SubSonic.Tests, Version=2.2.1.0, Culture=neutral, PublicKeyToken=null" namespace="SubSonic.Tests.SqlQuery" type="SubSonic.Tests.SqlQuery.SelectTests" member="Products_Sample" />
                    <codeLocation path="C:\data\SubsonicRoot\ss2\SubSonic.Tests\SqlQuery\SelectTests.cs" line="572" />
                    <metadata>
                      <entry key="TestKind">
                        <value>Test</value>
                      </entry>
                    </metadata>
                  </testStep>
                  <children />
                  <result assertCount="4" duration="0.056923999999999995">
                    <outcome status="passed" />
                  </result>
                  <testLog>
                    <streams />
                    <attachments />
                  </testLog>
                </testStepRun>
                <testStepRun startTime="2011-08-05T13:40:02.4462205+09:30" endTime="2011-08-05T13:40:02.4618455+09:30">
                  <testStep id="6a899c1923aaad10" name="Saving_String_Property_With_StringValue_Null_Results_In_NullValue_In_DB" fullName="SubSonic.Tests/SelectTests/Saving_String_Property_With_StringValue_Null_Results_In_NullValue_In_DB" testId="925ff536a5b8ff4d" isPrimary="true" isTestCase="true" isDynamic="false">
                    <codeReference assembly="SubSonic.Tests, Version=2.2.1.0, Culture=neutral, PublicKeyToken=null" namespace="SubSonic.Tests.SqlQuery" type="SubSonic.Tests.SqlQuery.SelectTests" member="Saving_String_Property_With_StringValue_Null_Results_In_NullValue_In_DB" />
                    <codeLocation path="C:\data\SubsonicRoot\ss2\SubSonic.Tests\SqlQuery\SelectTests.cs" line="859" />
                    <metadata>
                      <entry key="TestKind">
                        <value>Test</value>
                      </entry>
                    </metadata>
                  </testStep>
                  <children />
                  <result assertCount="2" duration="0.013543999999999999">
                    <outcome status="passed" />
                  </result>
                  <testLog>
                    <streams />
                    <attachments />
                  </testLog>
                </testStepRun>
                <testStepRun startTime="2011-08-05T13:40:02.4618455+09:30" endTime="2011-08-05T13:40:02.4930955+09:30">
                  <testStep id="756afdbc9017ef4c" name="Select_Paged_Can_Covert_To_SqlQuery" fullName="SubSonic.Tests/SelectTests/Select_Paged_Can_Covert_To_SqlQuery" testId="9d6793bdba7ca3f4" isPrimary="true" isTestCase="true" isDynamic="false">
                    <codeReference assembly="SubSonic.Tests, Version=2.2.1.0, Culture=neutral, PublicKeyToken=null" namespace="SubSonic.Tests.SqlQuery" type="SubSonic.Tests.SqlQuery.SelectTests" member="Select_Paged_Can_Covert_To_SqlQuery" />
                    <codeLocation path="C:\data\SubsonicRoot\ss2\SubSonic.Tests\SqlQuery\SelectTests.cs" line="829" />
                    <metadata>
                      <entry key="TestKind">
                        <value>Test</value>
                      </entry>
                    </metadata>
                  </testStep>
                  <children />
                  <result assertCount="1" duration="0.0216867">
                    <outcome status="passed" />
                  </result>
                  <testLog>
                    <streams />
                    <attachments />
                  </testLog>
                </testStepRun>
                <testStepRun startTime="2011-08-05T13:40:02.4930955+09:30" endTime="2011-08-05T13:40:02.5087205+09:30">
                  <testStep id="a605f3af19113f3d" name="Select_Should_Work_With_SameColumn_Joins_UsingQualifiedColumns" fullName="SubSonic.Tests/SelectTests/Select_Should_Work_With_SameColumn_Joins_UsingQualifiedColumns" testId="6d2dfb81d1d8eb09" isPrimary="true" isTestCase="true" isDynamic="false">
                    <codeReference assembly="SubSonic.Tests, Version=2.2.1.0, Culture=neutral, PublicKeyToken=null" namespace="SubSonic.Tests.SqlQuery" type="SubSonic.Tests.SqlQuery.SelectTests" member="Select_Should_Work_With_SameColumn_Joins_UsingQualifiedColumns" />
                    <codeLocation path="C:\data\SubsonicRoot\ss2\SubSonic.Tests\SqlQuery\SelectTests.cs" line="662" />
                    <metadata>
                      <entry key="TestKind">
                        <value>Test</value>
                      </entry>
                    </metadata>
                  </testStep>
                  <children />
                  <result assertCount="1" duration="0.0028189">
                    <outcome status="passed" />
                  </result>
                  <testLog>
                    <streams />
                    <attachments />
                  </testLog>
                </testStepRun>
                <testStepRun startTime="2011-08-05T13:40:02.5087205+09:30" endTime="2011-08-05T13:40:02.5243455+09:30">
                  <testStep id="6ca99be774484533" name="Select_Using_Contains_Ch_ShouldReturn_14_Records" fullName="SubSonic.Tests/SelectTests/Select_Using_Contains_Ch_ShouldReturn_14_Records" testId="dfe54cb0dd5f98a6" isPrimary="true" isTestCase="true" isDynamic="false">
                    <codeReference assembly="SubSonic.Tests, Version=2.2.1.0, Culture=neutral, PublicKeyToken=null" namespace="SubSonic.Tests.SqlQuery" type="SubSonic.Tests.SqlQuery.SelectTests" member="Select_Using_Contains_Ch_ShouldReturn_14_Records" />
                    <codeLocation path="C:\data\SubsonicRoot\ss2\SubSonic.Tests\SqlQuery\SelectTests.cs" line="695" />
                    <metadata>
                      <entry key="TestKind">
                        <value>Test</value>
                      </entry>
                    </metadata>
                  </testStep>
                  <children />
                  <result assertCount="1" duration="0.0068796">
                    <outcome status="passed" />
                  </result>
                  <testLog>
                    <streams />
                    <attachments />
                  </testLog>
                </testStepRun>
                <testStepRun startTime="2011-08-05T13:40:02.5243455+09:30" endTime="2011-08-05T13:40:02.5399705+09:30">
                  <testStep id="6554e08cb3745bbb" name="Select_Using_EndsWith_S_ShouldReturn_9_Records" fullName="SubSonic.Tests/SelectTests/Select_Using_EndsWith_S_ShouldReturn_9_Records" testId="673af2a86975950a" isPrimary="true" isTestCase="true" isDynamic="false">
                    <codeReference assembly="SubSonic.Tests, Version=2.2.1.0, Culture=neutral, PublicKeyToken=null" namespace="SubSonic.Tests.SqlQuery" type="SubSonic.Tests.SqlQuery.SelectTests" member="Select_Using_EndsWith_S_ShouldReturn_9_Records" />
                    <codeLocation path="C:\data\SubsonicRoot\ss2\SubSonic.Tests\SqlQuery\SelectTests.cs" line="685" />
                    <metadata>
                      <entry key="TestKind">
                        <value>Test</value>
                      </entry>
                    </metadata>
                  </testStep>
                  <children />
                  <result assertCount="1" duration="0.0179717">
                    <outcome status="passed" />
                  </result>
                  <testLog>
                    <streams />
                    <attachments />
                  </testLog>
                </testStepRun>
                <testStepRun startTime="2011-08-05T13:40:02.5399705+09:30" endTime="2011-08-05T13:40:02.5555955+09:30">
                  <testStep id="63e2501e7ab1bf90" name="Select_Using_StartsWith_C_ShouldReturn_9_Records" fullName="SubSonic.Tests/SelectTests/Select_Using_StartsWith_C_ShouldReturn_9_Records" testId="4823b2bae76ef92c" isPrimary="true" isTestCase="true" isDynamic="false">
                    <codeReference assembly="SubSonic.Tests, Version=2.2.1.0, Culture=neutral, PublicKeyToken=null" namespace="SubSonic.Tests.SqlQuery" type="SubSonic.Tests.SqlQuery.SelectTests" member="Select_Using_StartsWith_C_ShouldReturn_9_Records" />
                    <codeLocation path="C:\data\SubsonicRoot\ss2\SubSonic.Tests\SqlQuery\SelectTests.cs" line="676" />
                    <metadata>
                      <entry key="TestKind">
                        <value>Test</value>
                      </entry>
                    </metadata>
                  </testStep>
                  <children />
                  <result assertCount="1" duration="0.0139993">
                    <outcome status="passed" />
                  </result>
                  <testLog>
                    <streams />
                    <attachments />
                  </testLog>
                </testStepRun>
                <testStepRun startTime="2011-08-05T13:40:02.5555955+09:30" endTime="2011-08-05T13:40:02.5712205+09:30">
                  <testStep id="6ef232b04df2da93" name="Select_With_ExecuteTypedList_Should_Work_With_List_of_Guid" fullName="SubSonic.Tests/SelectTests/Select_With_ExecuteTypedList_Should_Work_With_List_of_Guid" testId="6882be85ac64b75c" isPrimary="true" isTestCase="true" isDynamic="false">
                    <codeReference assembly="SubSonic.Tests, Version=2.2.1.0, Culture=neutral, PublicKeyToken=null" namespace="SubSonic.Tests.SqlQuery" type="SubSonic.Tests.SqlQuery.SelectTests" member="Select_With_ExecuteTypedList_Should_Work_With_List_of_Guid" />
                    <codeLocation path="C:\data\SubsonicRoot\ss2\SubSonic.Tests\SqlQuery\SelectTests.cs" line="849" />
                    <metadata>
                      <entry key="TestKind">
                        <value>Test</value>
                      </entry>
                    </metadata>
                  </testStep>
                  <children />
                  <result assertCount="1" duration="0.0251107">
                    <outcome status="passed" />
                  </result>
                  <testLog>
                    <streams />
                    <attachments />
                  </testLog>
                </testStepRun>
                <testStepRun startTime="2011-08-05T13:40:02.5868455+09:30" endTime="2011-08-05T13:40:02.5868455+09:30">
                  <testStep id="19ac0e11f9a9d915" name="SelectAllColumns_With_WhereExpression_And_QualifiedColumn_Formats_Where_Correctly" fullName="SubSonic.Tests/SelectTests/SelectAllColumns_With_WhereExpression_And_QualifiedColumn_Formats_Where_Correctly" testId="aaf55d8ecf4a3aca" isPrimary="true" isTestCase="true" isDynamic="false">
                    <codeReference assembly="SubSonic.Tests, Version=2.2.1.0, Culture=neutral, PublicKeyToken=null" namespace="SubSonic.Tests.SqlQuery" type="SubSonic.Tests.SqlQuery.SelectTests" member="SelectAllColumns_With_WhereExpression_And_QualifiedColumn_Formats_Where_Correctly" />
                    <codeLocation path="C:\data\SubsonicRoot\ss2\SubSonic.Tests\SqlQuery\SelectTests.cs" line="807" />
                    <metadata>
                      <entry key="TestKind">
                        <value>Test</value>
                      </entry>
                    </metadata>
                  </testStep>
                  <children />
                  <result assertCount="1" duration="0.0107939">
                    <outcome status="passed" />
                  </result>
                  <testLog>
                    <streams />
                    <attachments />
                  </testLog>
                </testStepRun>
                <testStepRun startTime="2011-08-05T13:40:02.5868455+09:30" endTime="2011-08-05T13:40:02.6024705+09:30">
                  <testStep id="4a6111da00b7f856" name="SelectAllColumns_With_WhereExpression_And_QualifiedColumn_Formats_Where_Correctly_And_Executes" fullName="SubSonic.Tests/SelectTests/SelectAllColumns_With_WhereExpression_And_QualifiedColumn_Formats_Where_Correctly_And_Executes" testId="4aa38a4c4fdd36a4" isPrimary="true" isTestCase="true" isDynamic="false">
                    <codeReference assembly="SubSonic.Tests, Version=2.2.1.0, Culture=neutral, PublicKeyToken=null" namespace="SubSonic.Tests.SqlQuery" type="SubSonic.Tests.SqlQuery.SelectTests" member="SelectAllColumns_With_WhereExpression_And_QualifiedColumn_Formats_Where_Correctly_And_Executes" />
                    <codeLocation path="C:\data\SubsonicRoot\ss2\SubSonic.Tests\SqlQuery\SelectTests.cs" line="818" />
                    <metadata>
                      <entry key="TestKind">
                        <value>Test</value>
                      </entry>
                    </metadata>
                  </testStep>
                  <children />
                  <result assertCount="1" duration="0.0095509">
                    <outcome status="passed" />
                  </result>
                  <testLog>
                    <streams />
                    <attachments />
                  </testLog>
                </testStepRun>
                <testStepRun startTime="2011-08-05T13:40:02.6024705+09:30" endTime="2011-08-05T13:40:02.6180955+09:30">
                  <testStep id="49a842fabd442805" name="SqlQuery_Can_Compare_Columns" fullName="SubSonic.Tests/SelectTests/SqlQuery_Can_Compare_Columns" testId="2df05ec3dee511f9" isPrimary="true" isTestCase="true" isDynamic="false">
                    <codeReference assembly="SubSonic.Tests, Version=2.2.1.0, Culture=neutral, PublicKeyToken=null" namespace="SubSonic.Tests.SqlQuery" type="SubSonic.Tests.SqlQuery.SelectTests" member="SqlQuery_Can_Compare_Columns" />
                    <codeLocation path="C:\data\SubsonicRoot\ss2\SubSonic.Tests\SqlQuery\SelectTests.cs" line="763" />
                    <metadata>
                      <entry key="TestKind">
                        <value>Test</value>
                      </entry>
                    </metadata>
                  </testStep>
                  <children />
                  <result assertCount="0" duration="0.0051224999999999994">
                    <outcome status="passed" />
                  </result>
                  <testLog>
                    <streams />
                    <attachments />
                  </testLog>
                </testStepRun>
                <testStepRun startTime="2011-08-05T13:40:02.6180955+09:30" endTime="2011-08-05T13:40:02.6337205+09:30">
                  <testStep id="8dc3fa62af6dbf73" name="SqlQuery_GetRecordCount_should_handle_distinct" fullName="SubSonic.Tests/SelectTests/SqlQuery_GetRecordCount_should_handle_distinct" testId="dcd2987f84048384" isPrimary="true" isTestCase="true" isDynamic="false">
                    <codeReference assembly="SubSonic.Tests, Version=2.2.1.0, Culture=neutral, PublicKeyToken=null" namespace="SubSonic.Tests.SqlQuery" type="SubSonic.Tests.SqlQuery.SelectTests" member="SqlQuery_GetRecordCount_should_handle_distinct" />
                    <codeLocation path="C:\data\SubsonicRoot\ss2\SubSonic.Tests\SqlQuery\SelectTests.cs" line="756" />
                    <metadata>
                      <entry key="TestKind">
                        <value>Test</value>
                      </entry>
                    </metadata>
                  </testStep>
                  <children />
                  <result assertCount="1" duration="0.0137986">
                    <outcome status="passed" />
                  </result>
                  <testLog>
                    <streams />
                    <attachments />
                  </testLog>
                </testStepRun>
                <testStepRun startTime="2011-08-05T13:40:02.6337205+09:30" endTime="2011-08-05T13:40:02.6805955+09:30">
                  <testStep id="afa4c33a036d3da2" name="SqlQuery_should_handle_distinct" fullName="SubSonic.Tests/SelectTests/SqlQuery_should_handle_distinct" testId="7f9d77cad15d8604" isPrimary="true" isTestCase="true" isDynamic="false">
                    <codeReference assembly="SubSonic.Tests, Version=2.2.1.0, Culture=neutral, PublicKeyToken=null" namespace="SubSonic.Tests.SqlQuery" type="SubSonic.Tests.SqlQuery.SelectTests" member="SqlQuery_should_handle_distinct" />
                    <codeLocation path="C:\data\SubsonicRoot\ss2\SubSonic.Tests\SqlQuery\SelectTests.cs" line="742" />
                    <metadata>
                      <entry key="TestKind">
                        <value>Test</value>
                      </entry>
                    </metadata>
                  </testStep>
                  <children />
                  <result assertCount="1" duration="0.0333209">
                    <outcome status="passed" />
                  </result>
                  <testLog>
                    <streams />
                    <attachments />
                  </testLog>
                </testStepRun>
                <testStepRun startTime="2011-08-05T13:40:02.6805955+09:30" endTime="2011-08-05T13:40:02.6805955+09:30">
                  <testStep id="98c50750bdd4f13c" name="SqlQuery_when_setting_distinct_it_should_set_IsDistinct" fullName="SubSonic.Tests/SelectTests/SqlQuery_when_setting_distinct_it_should_set_IsDistinct" testId="7f5df6eba006a3b0" isPrimary="true" isTestCase="true" isDynamic="false">
                    <codeReference assembly="SubSonic.Tests, Version=2.2.1.0, Culture=neutral, PublicKeyToken=null" namespace="SubSonic.Tests.SqlQuery" type="SubSonic.Tests.SqlQuery.SelectTests" member="SqlQuery_when_setting_distinct_it_should_set_IsDistinct" />
                    <codeLocation path="C:\data\SubsonicRoot\ss2\SubSonic.Tests\SqlQuery\SelectTests.cs" line="735" />
                    <metadata>
                      <entry key="TestKind">
                        <value>Test</value>
                      </entry>
                    </metadata>
                  </testStep>
                  <children />
                  <result assertCount="1" duration="0.0020719">
                    <outcome status="passed" />
                  </result>
                  <testLog>
                    <streams />
                    <attachments />
                  </testLog>
                </testStepRun>
                <testStepRun startTime="2011-08-05T13:40:02.6962205+09:30" endTime="2011-08-05T13:40:02.7430955+09:30">
                  <testStep id="7c9e0d4fa4638894" name="StoredProc_TypedList" fullName="SubSonic.Tests/SelectTests/StoredProc_TypedList" testId="56c2ce08c5f5f680" isPrimary="true" isTestCase="true" isDynamic="false">
                    <codeReference assembly="SubSonic.Tests, Version=2.2.1.0, Culture=neutral, PublicKeyToken=null" namespace="SubSonic.Tests.SqlQuery" type="SubSonic.Tests.SqlQuery.SelectTests" member="StoredProc_TypedList" />
                    <codeLocation path="C:\data\SubsonicRoot\ss2\SubSonic.Tests\SqlQuery\SelectTests.cs" line="653" />
                    <metadata>
                      <entry key="TestKind">
                        <value>Test</value>
                      </entry>
                    </metadata>
                  </testStep>
                  <children />
                  <result assertCount="1" duration="0.0389373">
                    <outcome status="passed" />
                  </result>
                  <testLog>
                    <streams />
                    <attachments />
                  </testLog>
                </testStepRun>
              </children>
              <result assertCount="77" duration="1.6478868">
                <outcome status="passed" />
              </result>
              <testLog>
                <streams />
                <attachments />
              </testLog>
            </testStepRun>
            <testStepRun startTime="2011-08-05T13:40:02.7587205+09:30" endTime="2011-08-05T13:40:03.0868455+09:30">
              <testStep id="1ebba44409080c1" name="SPs" fullName="SubSonic.Tests/SPs" testId="88947b5ff026bc84" isPrimary="true" isTestCase="false" isDynamic="false">
                <codeReference assembly="SubSonic.Tests, Version=2.2.1.0, Culture=neutral, PublicKeyToken=null" namespace="SubSonic.Tests" type="SubSonic.Tests.SPs" />
                <codeLocation path="C:\data\SubsonicRoot\ss2\SubSonic.Tests\SPs.cs" />
                <metadata>
                  <entry key="TestKind">
                    <value>Fixture</value>
                  </entry>
                </metadata>
              </testStep>
              <children>
                <testStepRun startTime="2011-08-05T13:40:02.7587205+09:30" endTime="2011-08-05T13:40:02.8055955+09:30">
                  <testStep id="be8bad3e8f69d7e1" name="SP_Can_Execute_JSON_Result" fullName="SubSonic.Tests/SPs/SP_Can_Execute_JSON_Result" testId="7ac2a8ddcd10c009" isPrimary="true" isTestCase="true" isDynamic="false">
                    <codeReference assembly="SubSonic.Tests, Version=2.2.1.0, Culture=neutral, PublicKeyToken=null" namespace="SubSonic.Tests" type="SubSonic.Tests.SPs" member="SP_Can_Execute_JSON_Result" />
                    <codeLocation path="C:\data\SubsonicRoot\ss2\SubSonic.Tests\SPs.cs" line="229" />
                    <metadata>
                      <entry key="TestKind">
                        <value>Test</value>
                      </entry>
                    </metadata>
                  </testStep>
                  <children />
                  <result assertCount="1" duration="0.0743199">
                    <outcome status="passed" />
                  </result>
                  <testLog>
                    <streams />
                    <attachments />
                  </testLog>
                </testStepRun>
                <testStepRun startTime="2011-08-05T13:40:02.8055955+09:30" endTime="2011-08-05T13:40:02.8212205+09:30">
                  <testStep id="83d8e1f4a27ea2e1" name="SP_CustOrderHist_Should_Have_Qualified_CommandSQL" fullName="SubSonic.Tests/SPs/SP_CustOrderHist_Should_Have_Qualified_CommandSQL" testId="af9eeab672e34f3c" isPrimary="true" isTestCase="true" isDynamic="false">
                    <codeReference assembly="SubSonic.Tests, Version=2.2.1.0, Culture=neutral, PublicKeyToken=null" namespace="SubSonic.Tests" type="SubSonic.Tests.SPs" member="SP_CustOrderHist_Should_Have_Qualified_CommandSQL" />
                    <codeLocation path="C:\data\SubsonicRoot\ss2\SubSonic.Tests\SPs.cs" line="73" />
                    <metadata>
                      <entry key="TestKind">
                        <value>Test</value>
                      </entry>
                    </metadata>
                  </testStep>
                  <children />
                  <result assertCount="1" duration="0.021581799999999998">
                    <outcome status="passed" />
                  </result>
                  <testLog>
                    <streams />
                    <attachments />
                  </testLog>
                </testStepRun>
                <testStepRun startTime="2011-08-05T13:40:02.8212205+09:30" endTime="2011-08-05T13:40:02.8368455+09:30">
                  <testStep id="a38e0e024fe0e55d" name="SP_CustOrderHist_Should_Have_QualifiedName" fullName="SubSonic.Tests/SPs/SP_CustOrderHist_Should_Have_QualifiedName" testId="a9c9721192e7a74d" isPrimary="true" isTestCase="true" isDynamic="false">
                    <codeReference assembly="SubSonic.Tests, Version=2.2.1.0, Culture=neutral, PublicKeyToken=null" namespace="SubSonic.Tests" type="SubSonic.Tests.SPs" member="SP_CustOrderHist_Should_Have_QualifiedName" />
                    <codeLocation path="C:\data\SubsonicRoot\ss2\SubSonic.Tests\SPs.cs" line="65" />
                    <metadata>
                      <entry key="TestKind">
                        <value>Test</value>
                      </entry>
                    </metadata>
                  </testStep>
                  <children />
                  <result assertCount="1" duration="0.010529499999999999">
                    <outcome status="passed" />
                  </result>
                  <testLog>
                    <streams />
                    <attachments />
                  </testLog>
                </testStepRun>
                <testStepRun startTime="2011-08-05T13:40:02.8524705+09:30" endTime="2011-08-05T13:40:02.8524705+09:30">
                  <testStep id="a4a404e280ea260b" name="SP_CustOrderHist_TypedSP_Should_Have_Qualified_CommandSQL" fullName="SubSonic.Tests/SPs/SP_CustOrderHist_TypedSP_Should_Have_Qualified_CommandSQL" testId="a907c2ba9df3f9ba" isPrimary="true" isTestCase="true" isDynamic="false">
                    <codeReference assembly="SubSonic.Tests, Version=2.2.1.0, Culture=neutral, PublicKeyToken=null" namespace="SubSonic.Tests" type="SubSonic.Tests.SPs" member="SP_CustOrderHist_TypedSP_Should_Have_Qualified_CommandSQL" />
                    <codeLocation path="C:\data\SubsonicRoot\ss2\SubSonic.Tests\SPs.cs" line="81" />
                    <metadata>
                      <entry key="TestKind">
                        <value>Test</value>
                      </entry>
                    </metadata>
                  </testStep>
                  <children />
                  <result assertCount="1" duration="0.0033236">
                    <outcome status="passed" />
                  </result>
                  <testLog>
                    <streams />
                    <attachments />
                  </testLog>
                </testStepRun>
                <testStepRun startTime="2011-08-05T13:40:02.8680955+09:30" endTime="2011-08-05T13:40:02.8837205+09:30">
                  <testStep id="af5d2f899ab3b9d2" name="SP_DSTest" fullName="SubSonic.Tests/SPs/SP_DSTest" testId="7160661ba5b4f87" isPrimary="true" isTestCase="true" isDynamic="false">
                    <codeReference assembly="SubSonic.Tests, Version=2.2.1.0, Culture=neutral, PublicKeyToken=null" namespace="SubSonic.Tests" type="SubSonic.Tests.SPs" member="SP_DSTest" />
                    <codeLocation path="C:\data\SubsonicRoot\ss2\SubSonic.Tests\SPs.cs" line="126" />
                    <metadata>
                      <entry key="TestKind">
                        <value>Test</value>
                      </entry>
                    </metadata>
                  </testStep>
                  <children />
                  <result assertCount="1" duration="0.0164371">
                    <outcome status="passed" />
                  </result>
                  <testLog>
                    <streams />
                    <attachments />
                  </testLog>
                </testStepRun>
                <testStepRun startTime="2011-08-05T13:40:02.8837205+09:30" endTime="2011-08-05T13:40:02.8993455+09:30">
                  <testStep id="1493d5c117469f50" name="SP_Outputs" fullName="SubSonic.Tests/SPs/SP_Outputs" testId="8a3e7cfbf064fdcd" isPrimary="true" isTestCase="true" isDynamic="false">
                    <codeReference assembly="SubSonic.Tests, Version=2.2.1.0, Culture=neutral, PublicKeyToken=null" namespace="SubSonic.Tests" type="SubSonic.Tests.SPs" member="SP_Outputs" />
                    <codeLocation path="C:\data\SubsonicRoot\ss2\SubSonic.Tests\SPs.cs" line="140" />
                    <metadata>
                      <entry key="TestKind">
                        <value>Test</value>
                      </entry>
                    </metadata>
                  </testStep>
                  <children />
                  <result assertCount="2" duration="0.0194436">
                    <outcome status="passed" />
                  </result>
                  <testLog>
                    <streams />
                    <attachments />
                  </testLog>
                </testStepRun>
                <testStepRun startTime="2011-08-05T13:40:02.8993455+09:30" endTime="2011-08-05T13:40:02.9462205+09:30">
                  <testStep id="2ab5b860969928f1" name="SP_Outputs_DefaultProvider" fullName="SubSonic.Tests/SPs/SP_Outputs_DefaultProvider" testId="54b385f985ea3ada" isPrimary="true" isTestCase="true" isDynamic="false">
                    <codeReference assembly="SubSonic.Tests, Version=2.2.1.0, Culture=neutral, PublicKeyToken=null" namespace="SubSonic.Tests" type="SubSonic.Tests.SPs" member="SP_Outputs_DefaultProvider" />
                    <codeLocation path="C:\data\SubsonicRoot\ss2\SubSonic.Tests\SPs.cs" line="160" />
                    <metadata>
                      <entry key="TestKind">
                        <value>Test</value>
                      </entry>
                    </metadata>
                  </testStep>
                  <children />
                  <result assertCount="2" duration="0.0401266">
                    <outcome status="passed" />
                  </result>
                  <testLog>
                    <streams />
                    <attachments />
                  </testLog>
                </testStepRun>
                <testStepRun startTime="2011-08-05T13:40:02.9462205+09:30" endTime="2011-08-05T13:40:02.9462205+09:30">
                  <testStep id="b50ff6e9ca38d60f" name="SP_QuickDataSet" fullName="SubSonic.Tests/SPs/SP_QuickDataSet" testId="85f475848b5528df" isPrimary="true" isTestCase="true" isDynamic="false">
                    <codeReference assembly="SubSonic.Tests, Version=2.2.1.0, Culture=neutral, PublicKeyToken=null" namespace="SubSonic.Tests" type="SubSonic.Tests.SPs" member="SP_QuickDataSet" />
                    <codeLocation path="C:\data\SubsonicRoot\ss2\SubSonic.Tests\SPs.cs" line="197" />
                    <metadata>
                      <entry key="TestKind">
                        <value>Test</value>
                      </entry>
                    </metadata>
                  </testStep>
                  <children />
                  <result assertCount="1" duration="0.0095458">
                    <outcome status="passed" />
                  </result>
                  <testLog>
                    <streams />
                    <attachments />
                  </testLog>
                </testStepRun>
                <testStepRun startTime="2011-08-05T13:40:02.9618455+09:30" endTime="2011-08-05T13:40:02.9618455+09:30">
                  <testStep id="c900a0506021e40e" name="SP_QuickReader" fullName="SubSonic.Tests/SPs/SP_QuickReader" testId="433e79030503e791" isPrimary="true" isTestCase="true" isDynamic="false">
                    <codeReference assembly="SubSonic.Tests, Version=2.2.1.0, Culture=neutral, PublicKeyToken=null" namespace="SubSonic.Tests" type="SubSonic.Tests.SPs" member="SP_QuickReader" />
                    <codeLocation path="C:\data\SubsonicRoot\ss2\SubSonic.Tests\SPs.cs" line="180" />
                    <metadata>
                      <entry key="TestKind">
                        <value>Test</value>
                      </entry>
                    </metadata>
                  </testStep>
                  <children />
                  <result assertCount="1" duration="0.011044199999999999">
                    <outcome status="passed" />
                  </result>
                  <testLog>
                    <streams />
                    <attachments />
                  </testLog>
                </testStepRun>
                <testStepRun startTime="2011-08-05T13:40:02.9774705+09:30" endTime="2011-08-05T13:40:02.9774705+09:30">
                  <testStep id="f52eda509f90b56" name="SP_ReaderTest" fullName="SubSonic.Tests/SPs/SP_ReaderTest" testId="e282a136067cd032" isPrimary="true" isTestCase="true" isDynamic="false">
                    <codeReference assembly="SubSonic.Tests, Version=2.2.1.0, Culture=neutral, PublicKeyToken=null" namespace="SubSonic.Tests" type="SubSonic.Tests.SPs" member="SP_ReaderTest" />
                    <codeLocation path="C:\data\SubsonicRoot\ss2\SubSonic.Tests\SPs.cs" line="92" />
                    <metadata>
                      <entry key="TestKind">
                        <value>Test</value>
                      </entry>
                    </metadata>
                  </testStep>
                  <children />
                  <result assertCount="1" duration="0.011501899999999999">
                    <outcome status="passed" />
                  </result>
                  <testLog>
                    <streams />
                    <attachments />
                  </testLog>
                </testStepRun>
                <testStepRun startTime="2011-08-05T13:40:02.9930955+09:30" endTime="2011-08-05T13:40:02.9930955+09:30">
                  <testStep id="86e913254d406c11" name="SP_ScalarTest" fullName="SubSonic.Tests/SPs/SP_ScalarTest" testId="c0e0813a8e24c5af" isPrimary="true" isTestCase="true" isDynamic="false">
                    <codeReference assembly="SubSonic.Tests, Version=2.2.1.0, Culture=neutral, PublicKeyToken=null" namespace="SubSonic.Tests" type="SubSonic.Tests.SPs" member="SP_ScalarTest" />
                    <codeLocation path="C:\data\SubsonicRoot\ss2\SubSonic.Tests\SPs.cs" line="112" />
                    <metadata>
                      <entry key="TestKind">
                        <value>Test</value>
                      </entry>
                    </metadata>
                  </testStep>
                  <children />
                  <result assertCount="1" duration="0.009641">
                    <outcome status="passed" />
                  </result>
                  <testLog>
                    <streams />
                    <attachments />
                  </testLog>
                </testStepRun>
                <testStepRun startTime="2011-08-05T13:40:03.0087205+09:30" endTime="2011-08-05T13:40:03.0243455+09:30">
                  <testStep id="65e7834140dd5120" name="SP_Schema_Should_Load_10_SPs" fullName="SubSonic.Tests/SPs/SP_Schema_Should_Load_10_SPs" testId="2ad22264b70bd8d6" isPrimary="true" isTestCase="true" isDynamic="false">
                    <codeReference assembly="SubSonic.Tests, Version=2.2.1.0, Culture=neutral, PublicKeyToken=null" namespace="SubSonic.Tests" type="SubSonic.Tests.SPs" member="SP_Schema_Should_Load_10_SPs" />
                    <codeLocation path="C:\data\SubsonicRoot\ss2\SubSonic.Tests\SPs.cs" line="49" />
                    <metadata>
                      <entry key="TestKind">
                        <value>Test</value>
                      </entry>
                    </metadata>
                  </testStep>
                  <children />
                  <result assertCount="1" duration="0.017645499999999998">
                    <outcome status="passed" />
                  </result>
                  <testLog>
                    <streams />
                    <attachments />
                  </testLog>
                </testStepRun>
                <testStepRun startTime="2011-08-05T13:40:03.0399705+09:30" endTime="2011-08-05T13:40:03.0399705+09:30">
                  <testStep id="7285191b0edc0cee" name="SP_Schema_Should_Load_With_Schema_Name" fullName="SubSonic.Tests/SPs/SP_Schema_Should_Load_With_Schema_Name" testId="5a3b608b22e938aa" isPrimary="true" isTestCase="true" isDynamic="false">
                    <codeReference assembly="SubSonic.Tests, Version=2.2.1.0, Culture=neutral, PublicKeyToken=null" namespace="SubSonic.Tests" type="SubSonic.Tests.SPs" member="SP_Schema_Should_Load_With_Schema_Name" />
                    <codeLocation path="C:\data\SubsonicRoot\ss2\SubSonic.Tests\SPs.cs" line="57" />
                    <metadata>
                      <entry key="TestKind">
                        <value>Test</value>
                      </entry>
                    </metadata>
                  </testStep>
                  <children />
                  <result assertCount="1" duration="0.014967999999999999">
                    <outcome status="passed" />
                  </result>
                  <testLog>
                    <streams />
                    <attachments />
                  </testLog>
                </testStepRun>
                <testStepRun startTime="2011-08-05T13:40:03.0555955+09:30" endTime="2011-08-05T13:40:03.0555955+09:30">
                  <testStep id="32572aa857c95056" name="SP_Should_Execute_Without_Parameter" fullName="SubSonic.Tests/SPs/SP_Should_Execute_Without_Parameter" testId="5ad8fc74df6a3527" isPrimary="true" isTestCase="true" isDynamic="false">
                    <codeReference assembly="SubSonic.Tests, Version=2.2.1.0, Culture=neutral, PublicKeyToken=null" namespace="SubSonic.Tests" type="SubSonic.Tests.SPs" member="SP_Should_Execute_Without_Parameter" />
                    <codeLocation path="C:\data\SubsonicRoot\ss2\SubSonic.Tests\SPs.cs" line="203" />
                    <metadata>
                      <entry key="TestKind">
                        <value>Test</value>
                      </entry>
                    </metadata>
                  </testStep>
                  <children />
                  <result assertCount="1" duration="0.0110137">
                    <outcome status="passed" />
                  </result>
                  <testLog>
                    <streams />
                    <attachments />
                  </testLog>
                </testStepRun>
                <testStepRun startTime="2011-08-05T13:40:03.0712205+09:30" endTime="2011-08-05T13:40:03.0712205+09:30">
                  <testStep id="55da99ec31ee5674" name="SP_Should_Execute_Without_Parameter2" fullName="SubSonic.Tests/SPs/SP_Should_Execute_Without_Parameter2" testId="62cc4104c2c8176a" isPrimary="true" isTestCase="true" isDynamic="false">
                    <codeReference assembly="SubSonic.Tests, Version=2.2.1.0, Culture=neutral, PublicKeyToken=null" namespace="SubSonic.Tests" type="SubSonic.Tests.SPs" member="SP_Should_Execute_Without_Parameter2" />
                    <codeLocation path="C:\data\SubsonicRoot\ss2\SubSonic.Tests\SPs.cs" line="215" />
                    <metadata>
                      <entry key="TestKind">
                        <value>Test</value>
                      </entry>
                    </metadata>
                  </testStep>
                  <children />
                  <result assertCount="1" duration="0.0082632">
                    <outcome status="passed" />
                  </result>
                  <testLog>
                    <streams />
                    <attachments />
                  </testLog>
                </testStepRun>
              </children>
              <result assertCount="17" duration="0.3676195">
                <outcome status="passed" />
              </result>
              <testLog>
                <streams />
                <attachments />
              </testLog>
            </testStepRun>
            <testStepRun startTime="2011-08-05T13:40:03.1024705+09:30" endTime="2011-08-05T13:40:03.4462205+09:30">
              <testStep id="4889b82579bd099b" name="SqlServerParserTests" fullName="SubSonic.Tests/SqlServerParserTests" testId="60b90858aa342229" isPrimary="true" isTestCase="false" isDynamic="false">
                <codeReference assembly="SubSonic.Tests, Version=2.2.1.0, Culture=neutral, PublicKeyToken=null" namespace="SubSonic.Tests.SqlQuery" type="SubSonic.Tests.SqlQuery.SqlServerParserTests" />
                <codeLocation path="C:\data\SubsonicRoot\ss2\SubSonic.Tests\SqlGenerators\SqlServerGeneratorTests.cs" />
                <metadata>
                  <entry key="TestKind">
                    <value>Fixture</value>
                  </entry>
                </metadata>
              </testStep>
              <children>
                <testStepRun startTime="2011-08-05T13:40:03.1180955+09:30" endTime="2011-08-05T13:40:03.1180955+09:30">
                  <testStep id="7fb97a7e360aa791" name="Add_Column" fullName="SubSonic.Tests/SqlServerParserTests/Add_Column" testId="b038d3afb3264e1f" isPrimary="true" isTestCase="true" isDynamic="false">
                    <codeReference assembly="SubSonic.Tests, Version=2.2.1.0, Culture=neutral, PublicKeyToken=null" namespace="SubSonic.Tests.SqlQuery" type="SubSonic.Tests.SqlQuery.SqlServerParserTests" member="Add_Column" />
                    <codeLocation path="C:\data\SubsonicRoot\ss2\SubSonic.Tests\SqlGenerators\SqlServerGeneratorTests.cs" line="258" />
                    <metadata>
                      <entry key="TestKind">
                        <value>Test</value>
                      </entry>
                    </metadata>
                  </testStep>
                  <children />
                  <result assertCount="1" duration="0.0040202">
                    <outcome status="passed" />
                  </result>
                  <testLog>
                    <streams />
                    <attachments />
                  </testLog>
                </testStepRun>
                <testStepRun startTime="2011-08-05T13:40:03.1337205+09:30" endTime="2011-08-05T13:40:03.1493455+09:30">
                  <testStep id="ff7a87387c856b8" name="Aggregate_Count" fullName="SubSonic.Tests/SqlServerParserTests/Aggregate_Count" testId="fe33148885157218" isPrimary="true" isTestCase="true" isDynamic="false">
                    <codeReference assembly="SubSonic.Tests, Version=2.2.1.0, Culture=neutral, PublicKeyToken=null" namespace="SubSonic.Tests.SqlQuery" type="SubSonic.Tests.SqlQuery.SqlServerParserTests" member="Aggregate_Count" />
                    <codeLocation path="C:\data\SubsonicRoot\ss2\SubSonic.Tests\SqlGenerators\SqlServerGeneratorTests.cs" line="111" />
                    <metadata>
                      <entry key="TestKind">
                        <value>Test</value>
                      </entry>
                    </metadata>
                  </testStep>
                  <children />
                  <result assertCount="1" duration="0.0118259">
                    <outcome status="passed" />
                  </result>
                  <testLog>
                    <streams />
                    <attachments />
                  </testLog>
                </testStepRun>
                <testStepRun startTime="2011-08-05T13:40:03.1493455+09:30" endTime="2011-08-05T13:40:03.1493455+09:30">
                  <testStep id="85b1f0a932635681" name="Alter_Column" fullName="SubSonic.Tests/SqlServerParserTests/Alter_Column" testId="230b5d41c88cd9d3" isPrimary="true" isTestCase="true" isDynamic="false">
                    <codeReference assembly="SubSonic.Tests, Version=2.2.1.0, Culture=neutral, PublicKeyToken=null" namespace="SubSonic.Tests.SqlQuery" type="SubSonic.Tests.SqlQuery.SqlServerParserTests" member="Alter_Column" />
                    <codeLocation path="C:\data\SubsonicRoot\ss2\SubSonic.Tests\SqlGenerators\SqlServerGeneratorTests.cs" line="273" />
                    <metadata>
                      <entry key="TestKind">
                        <value>Test</value>
                      </entry>
                    </metadata>
                  </testStep>
                  <children />
                  <result assertCount="1" duration="0.0038569999999999998">
                    <outcome status="passed" />
                  </result>
                  <testLog>
                    <streams />
                    <attachments />
                  </testLog>
                </testStepRun>
                <testStepRun startTime="2011-08-05T13:40:03.1493455+09:30" endTime="2011-08-05T13:40:03.1805955+09:30">
                  <testStep id="aac0b9dd1cbdfa47" name="Create_Table" fullName="SubSonic.Tests/SqlServerParserTests/Create_Table" testId="b23686f1b213f7ff" isPrimary="true" isTestCase="true" isDynamic="false">
                    <codeReference assembly="SubSonic.Tests, Version=2.2.1.0, Culture=neutral, PublicKeyToken=null" namespace="SubSonic.Tests.SqlQuery" type="SubSonic.Tests.SqlQuery.SqlServerParserTests" member="Create_Table" />
                    <codeLocation path="C:\data\SubsonicRoot\ss2\SubSonic.Tests\SqlGenerators\SqlServerGeneratorTests.cs" line="248" />
                    <metadata>
                      <entry key="TestKind">
                        <value>Test</value>
                      </entry>
                    </metadata>
                  </testStep>
                  <children />
                  <result assertCount="1" duration="0.0022388">
                    <outcome status="passed" />
                  </result>
                  <testLog>
                    <streams />
                    <attachments />
                  </testLog>
                </testStepRun>
                <testStepRun startTime="2011-08-05T13:40:03.1805955+09:30" endTime="2011-08-05T13:40:03.2118455+09:30">
                  <testStep id="8a07e828c50b8756" name="Drop_Table" fullName="SubSonic.Tests/SqlServerParserTests/Drop_Table" testId="76cb5cc148d15d12" isPrimary="true" isTestCase="true" isDynamic="false">
                    <codeReference assembly="SubSonic.Tests, Version=2.2.1.0, Culture=neutral, PublicKeyToken=null" namespace="SubSonic.Tests.SqlQuery" type="SubSonic.Tests.SqlQuery.SqlServerParserTests" member="Drop_Table" />
                    <codeLocation path="C:\data\SubsonicRoot\ss2\SubSonic.Tests\SqlGenerators\SqlServerGeneratorTests.cs" line="240" />
                    <metadata>
                      <entry key="TestKind">
                        <value>Test</value>
                      </entry>
                    </metadata>
                  </testStep>
                  <children />
                  <result assertCount="1" duration="0.0027443">
                    <outcome status="passed" />
                  </result>
                  <testLog>
                    <streams />
                    <attachments />
                  </testLog>
                </testStepRun>
                <testStepRun startTime="2011-08-05T13:40:03.2118455+09:30" endTime="2011-08-05T13:40:03.2274705+09:30">
                  <testStep id="afad5e591819df2" name="Join_CreateImplicit" fullName="SubSonic.Tests/SqlServerParserTests/Join_CreateImplicit" testId="6b04afe64d308ac5" isPrimary="true" isTestCase="true" isDynamic="false">
                    <codeReference assembly="SubSonic.Tests, Version=2.2.1.0, Culture=neutral, PublicKeyToken=null" namespace="SubSonic.Tests.SqlQuery" type="SubSonic.Tests.SqlQuery.SqlServerParserTests" member="Join_CreateImplicit" />
                    <codeLocation path="C:\data\SubsonicRoot\ss2\SubSonic.Tests\SqlGenerators\SqlServerGeneratorTests.cs" line="65" />
                    <metadata>
                      <entry key="TestKind">
                        <value>Test</value>
                      </entry>
                    </metadata>
                  </testStep>
                  <children />
                  <result assertCount="2" duration="0.0068689">
                    <outcome status="passed" />
                  </result>
                  <testLog>
                    <streams />
                    <attachments />
                  </testLog>
                </testStepRun>
                <testStepRun startTime="2011-08-05T13:40:03.2274705+09:30" endTime="2011-08-05T13:40:03.2430955+09:30">
                  <testStep id="24d75152e7e27e45" name="Join_CreateImplicit_Reversed" fullName="SubSonic.Tests/SqlServerParserTests/Join_CreateImplicit_Reversed" testId="93ecceb46b6af8ef" isPrimary="true" isTestCase="true" isDynamic="false">
                    <codeReference assembly="SubSonic.Tests, Version=2.2.1.0, Culture=neutral, PublicKeyToken=null" namespace="SubSonic.Tests.SqlQuery" type="SubSonic.Tests.SqlQuery.SqlServerParserTests" member="Join_CreateImplicit_Reversed" />
                    <codeLocation path="C:\data\SubsonicRoot\ss2\SubSonic.Tests\SqlGenerators\SqlServerGeneratorTests.cs" line="73" />
                    <metadata>
                      <entry key="TestKind">
                        <value>Test</value>
                      </entry>
                    </metadata>
                  </testStep>
                  <children />
                  <result assertCount="2" duration="0.0036381">
                    <outcome status="passed" />
                  </result>
                  <testLog>
                    <streams />
                    <attachments />
                  </testLog>
                </testStepRun>
                <testStepRun startTime="2011-08-05T13:40:03.2430955+09:30" endTime="2011-08-05T13:40:03.2587205+09:30">
                  <testStep id="b8f4321d7e2e8e53" name="Join_Cross" fullName="SubSonic.Tests/SqlServerParserTests/Join_Cross" testId="145dc48b903294de" isPrimary="true" isTestCase="true" isDynamic="false">
                    <codeReference assembly="SubSonic.Tests, Version=2.2.1.0, Culture=neutral, PublicKeyToken=null" namespace="SubSonic.Tests.SqlQuery" type="SubSonic.Tests.SqlQuery.SqlServerParserTests" member="Join_Cross" />
                    <codeLocation path="C:\data\SubsonicRoot\ss2\SubSonic.Tests\SqlGenerators\SqlServerGeneratorTests.cs" line="216" />
                    <metadata>
                      <entry key="TestKind">
                        <value>Test</value>
                      </entry>
                    </metadata>
                  </testStep>
                  <children />
                  <result assertCount="1" duration="0.0072501">
                    <outcome status="passed" />
                  </result>
                  <testLog>
                    <streams />
                    <attachments />
                  </testLog>
                </testStepRun>
                <testStepRun startTime="2011-08-05T13:40:03.2587205+09:30" endTime="2011-08-05T13:40:03.2743455+09:30">
                  <testStep id="6ab8c013588e2f1c" name="Join_RightOuter" fullName="SubSonic.Tests/SqlServerParserTests/Join_RightOuter" testId="14656463e04d232d" isPrimary="true" isTestCase="true" isDynamic="false">
                    <codeReference assembly="SubSonic.Tests, Version=2.2.1.0, Culture=neutral, PublicKeyToken=null" namespace="SubSonic.Tests.SqlQuery" type="SubSonic.Tests.SqlQuery.SqlServerParserTests" member="Join_RightOuter" />
                    <codeLocation path="C:\data\SubsonicRoot\ss2\SubSonic.Tests\SqlGenerators\SqlServerGeneratorTests.cs" line="204" />
                    <metadata>
                      <entry key="TestKind">
                        <value>Test</value>
                      </entry>
                    </metadata>
                  </testStep>
                  <children />
                  <result assertCount="1" duration="0.009574">
                    <outcome status="passed" />
                  </result>
                  <testLog>
                    <streams />
                    <attachments />
                  </testLog>
                </testStepRun>
                <testStepRun startTime="2011-08-05T13:40:03.2743455+09:30" endTime="2011-08-05T13:40:03.2743455+09:30">
                  <testStep id="2dfc2b0bdc623e80" name="Join_Unequal" fullName="SubSonic.Tests/SqlServerParserTests/Join_Unequal" testId="a81dd1f180303cf2" isPrimary="true" isTestCase="true" isDynamic="false">
                    <codeReference assembly="SubSonic.Tests, Version=2.2.1.0, Culture=neutral, PublicKeyToken=null" namespace="SubSonic.Tests.SqlQuery" type="SubSonic.Tests.SqlQuery.SqlServerParserTests" member="Join_Unequal" />
                    <codeLocation path="C:\data\SubsonicRoot\ss2\SubSonic.Tests\SqlGenerators\SqlServerGeneratorTests.cs" line="228" />
                    <metadata>
                      <entry key="TestKind">
                        <value>Test</value>
                      </entry>
                    </metadata>
                  </testStep>
                  <children />
                  <result assertCount="1" duration="0.0069549">
                    <outcome status="passed" />
                  </result>
                  <testLog>
                    <streams />
                    <attachments />
                  </testLog>
                </testStepRun>
                <testStepRun startTime="2011-08-05T13:40:03.2743455+09:30" endTime="2011-08-05T13:40:03.2899705+09:30">
                  <testStep id="900f7f1cd3dbb5eb" name="Remove_Column" fullName="SubSonic.Tests/SqlServerParserTests/Remove_Column" testId="55d0b3a9aa2fc7b5" isPrimary="true" isTestCase="true" isDynamic="false">
                    <codeReference assembly="SubSonic.Tests, Version=2.2.1.0, Culture=neutral, PublicKeyToken=null" namespace="SubSonic.Tests.SqlQuery" type="SubSonic.Tests.SqlQuery.SqlServerParserTests" member="Remove_Column" />
                    <codeLocation path="C:\data\SubsonicRoot\ss2\SubSonic.Tests\SqlGenerators\SqlServerGeneratorTests.cs" line="288" />
                    <metadata>
                      <entry key="TestKind">
                        <value>Test</value>
                      </entry>
                    </metadata>
                  </testStep>
                  <children />
                  <result assertCount="1" duration="0.0023739">
                    <outcome status="passed" />
                  </result>
                  <testLog>
                    <streams />
                    <attachments />
                  </testLog>
                </testStepRun>
                <testStepRun startTime="2011-08-05T13:40:03.2899705+09:30" endTime="2011-08-05T13:40:03.2899705+09:30">
                  <testStep id="dce8508596caceef" name="Select_BetweenAnd" fullName="SubSonic.Tests/SqlServerParserTests/Select_BetweenAnd" testId="cd33398885417e68" isPrimary="true" isTestCase="true" isDynamic="false">
                    <codeReference assembly="SubSonic.Tests, Version=2.2.1.0, Culture=neutral, PublicKeyToken=null" namespace="SubSonic.Tests.SqlQuery" type="SubSonic.Tests.SqlQuery.SqlServerParserTests" member="Select_BetweenAnd" />
                    <codeLocation path="C:\data\SubsonicRoot\ss2\SubSonic.Tests\SqlGenerators\SqlServerGeneratorTests.cs" line="101" />
                    <metadata>
                      <entry key="TestKind">
                        <value>Test</value>
                      </entry>
                    </metadata>
                  </testStep>
                  <children />
                  <result assertCount="1" duration="0.0025004999999999997">
                    <outcome status="passed" />
                  </result>
                  <testLog>
                    <streams />
                    <attachments />
                  </testLog>
                </testStepRun>
                <testStepRun startTime="2011-08-05T13:40:03.2899705+09:30" endTime="2011-08-05T13:40:03.3055955+09:30">
                  <testStep id="d5512e0a717a3c03" name="Select_ColumnList_Specified" fullName="SubSonic.Tests/SqlServerParserTests/Select_ColumnList_Specified" testId="f10c18f4e6e52a40" isPrimary="true" isTestCase="true" isDynamic="false">
                    <codeReference assembly="SubSonic.Tests, Version=2.2.1.0, Culture=neutral, PublicKeyToken=null" namespace="SubSonic.Tests.SqlQuery" type="SubSonic.Tests.SqlQuery.SqlServerParserTests" member="Select_ColumnList_Specified" />
                    <codeLocation path="C:\data\SubsonicRoot\ss2\SubSonic.Tests\SqlGenerators\SqlServerGeneratorTests.cs" line="27" />
                    <metadata>
                      <entry key="TestKind">
                        <value>Test</value>
                      </entry>
                    </metadata>
                  </testStep>
                  <children />
                  <result assertCount="1" duration="0.0052196">
                    <outcome status="passed" />
                  </result>
                  <testLog>
                    <streams />
                    <attachments />
                  </testLog>
                </testStepRun>
                <testStepRun startTime="2011-08-05T13:40:03.3055955+09:30" endTime="2011-08-05T13:40:03.3055955+09:30">
                  <testStep id="3b671096aba4a4a8" name="Select_Expression" fullName="SubSonic.Tests/SqlServerParserTests/Select_Expression" testId="82c6a08c439adfeb" isPrimary="true" isTestCase="true" isDynamic="false">
                    <codeReference assembly="SubSonic.Tests, Version=2.2.1.0, Culture=neutral, PublicKeyToken=null" namespace="SubSonic.Tests.SqlQuery" type="SubSonic.Tests.SqlQuery.SqlServerParserTests" member="Select_Expression" />
                    <codeLocation path="C:\data\SubsonicRoot\ss2\SubSonic.Tests\SqlGenerators\SqlServerGeneratorTests.cs" line="138" />
                    <metadata>
                      <entry key="TestKind">
                        <value>Test</value>
                      </entry>
                    </metadata>
                  </testStep>
                  <children />
                  <result assertCount="1" duration="0.0028744">
                    <outcome status="passed" />
                  </result>
                  <testLog>
                    <streams />
                    <attachments />
                  </testLog>
                </testStepRun>
                <testStepRun startTime="2011-08-05T13:40:03.3055955+09:30" endTime="2011-08-05T13:40:03.3212205+09:30">
                  <testStep id="8a7b9f4d0820ee58" name="Select_Generate_FromList" fullName="SubSonic.Tests/SqlServerParserTests/Select_Generate_FromList" testId="9353a3d7f6f779c0" isPrimary="true" isTestCase="true" isDynamic="false">
                    <codeReference assembly="SubSonic.Tests, Version=2.2.1.0, Culture=neutral, PublicKeyToken=null" namespace="SubSonic.Tests.SqlQuery" type="SubSonic.Tests.SqlQuery.SqlServerParserTests" member="Select_Generate_FromList" />
                    <codeLocation path="C:\data\SubsonicRoot\ss2\SubSonic.Tests\SqlGenerators\SqlServerGeneratorTests.cs" line="38" />
                    <metadata>
                      <entry key="TestKind">
                        <value>Test</value>
                      </entry>
                    </metadata>
                  </testStep>
                  <children />
                  <result assertCount="1" duration="0.0088766">
                    <outcome status="passed" />
                  </result>
                  <testLog>
                    <streams />
                    <attachments />
                  </testLog>
                </testStepRun>
                <testStepRun startTime="2011-08-05T13:40:03.3212205+09:30" endTime="2011-08-05T13:40:03.3368455+09:30">
                  <testStep id="73b6659a78f1aa4e" name="Select_Generate_JoinList" fullName="SubSonic.Tests/SqlServerParserTests/Select_Generate_JoinList" testId="c16ca65665a60dcd" isPrimary="true" isTestCase="true" isDynamic="false">
                    <codeReference assembly="SubSonic.Tests, Version=2.2.1.0, Culture=neutral, PublicKeyToken=null" namespace="SubSonic.Tests.SqlQuery" type="SubSonic.Tests.SqlQuery.SqlServerParserTests" member="Select_Generate_JoinList" />
                    <codeLocation path="C:\data\SubsonicRoot\ss2\SubSonic.Tests\SqlGenerators\SqlServerGeneratorTests.cs" line="49" />
                    <metadata>
                      <entry key="TestKind">
                        <value>Test</value>
                      </entry>
                    </metadata>
                  </testStep>
                  <children />
                  <result assertCount="1" duration="0.0060834">
                    <outcome status="passed" />
                  </result>
                  <testLog>
                    <streams />
                    <attachments />
                  </testLog>
                </testStepRun>
                <testStepRun startTime="2011-08-05T13:40:03.3368455+09:30" endTime="2011-08-05T13:40:03.3524705+09:30">
                  <testStep id="d1e9e4255339beb7" name="Select_IN" fullName="SubSonic.Tests/SqlServerParserTests/Select_IN" testId="ad7e1ee716b970b" isPrimary="true" isTestCase="true" isDynamic="false">
                    <codeReference assembly="SubSonic.Tests, Version=2.2.1.0, Culture=neutral, PublicKeyToken=null" namespace="SubSonic.Tests.SqlQuery" type="SubSonic.Tests.SqlQuery.SqlServerParserTests" member="Select_IN" />
                    <codeLocation path="C:\data\SubsonicRoot\ss2\SubSonic.Tests\SqlGenerators\SqlServerGeneratorTests.cs" line="196" />
                    <metadata>
                      <entry key="TestKind">
                        <value>Test</value>
                      </entry>
                    </metadata>
                  </testStep>
                  <children />
                  <result assertCount="0" duration="0.0061375">
                    <outcome status="passed" />
                  </result>
                  <testLog>
                    <streams />
                    <attachments />
                  </testLog>
                </testStepRun>
                <testStepRun startTime="2011-08-05T13:40:03.3524705+09:30" endTime="2011-08-05T13:40:03.3524705+09:30">
                  <testStep id="3374d2f2cb1f36a7" name="Select_Paged" fullName="SubSonic.Tests/SqlServerParserTests/Select_Paged" testId="f8b3de9ebe602bca" isPrimary="true" isTestCase="true" isDynamic="false">
                    <codeReference assembly="SubSonic.Tests, Version=2.2.1.0, Culture=neutral, PublicKeyToken=null" namespace="SubSonic.Tests.SqlQuery" type="SubSonic.Tests.SqlQuery.SqlServerParserTests" member="Select_Paged" />
                    <codeLocation path="C:\data\SubsonicRoot\ss2\SubSonic.Tests\SqlGenerators\SqlServerGeneratorTests.cs" line="157" />
                    <metadata>
                      <entry key="TestKind">
                        <value>Test</value>
                      </entry>
                    </metadata>
                  </testStep>
                  <children />
                  <result assertCount="2" duration="0.091168699999999991">
                    <outcome status="passed" />
                  </result>
                  <testLog>
                    <streams />
                    <attachments />
                  </testLog>
                </testStepRun>
                <testStepRun startTime="2011-08-05T13:40:03.3680955+09:30" endTime="2011-08-05T13:40:03.3993455+09:30">
                  <testStep id="70eb42d632543372" name="Select_PagedWithAggregate" fullName="SubSonic.Tests/SqlServerParserTests/Select_PagedWithAggregate" testId="5fa0547ca29e973d" isPrimary="true" isTestCase="true" isDynamic="false">
                    <codeReference assembly="SubSonic.Tests, Version=2.2.1.0, Culture=neutral, PublicKeyToken=null" namespace="SubSonic.Tests.SqlQuery" type="SubSonic.Tests.SqlQuery.SqlServerParserTests" member="Select_PagedWithAggregate" />
                    <codeLocation path="C:\data\SubsonicRoot\ss2\SubSonic.Tests\SqlGenerators\SqlServerGeneratorTests.cs" line="178" />
                    <metadata>
                      <entry key="TestKind">
                        <value>Test</value>
                      </entry>
                    </metadata>
                  </testStep>
                  <children />
                  <result assertCount="1" duration="0.040670399999999995">
                    <outcome status="passed" />
                  </result>
                  <testLog>
                    <streams />
                    <attachments />
                  </testLog>
                </testStepRun>
                <testStepRun startTime="2011-08-05T13:40:03.3993455+09:30" endTime="2011-08-05T13:40:03.4149705+09:30">
                  <testStep id="cfcd7439f6c7d798" name="Where_And" fullName="SubSonic.Tests/SqlServerParserTests/Where_And" testId="8e81f1b907805ac6" isPrimary="true" isTestCase="true" isDynamic="false">
                    <codeReference assembly="SubSonic.Tests, Version=2.2.1.0, Culture=neutral, PublicKeyToken=null" namespace="SubSonic.Tests.SqlQuery" type="SubSonic.Tests.SqlQuery.SqlServerParserTests" member="Where_And" />
                    <codeLocation path="C:\data\SubsonicRoot\ss2\SubSonic.Tests\SqlGenerators\SqlServerGeneratorTests.cs" line="90" />
                    <metadata>
                      <entry key="TestKind">
                        <value>Test</value>
                      </entry>
                    </metadata>
                  </testStep>
                  <children />
                  <result assertCount="1" duration="0.0026195">
                    <outcome status="passed" />
                  </result>
                  <testLog>
                    <streams />
                    <attachments />
                  </testLog>
                </testStepRun>
                <testStepRun startTime="2011-08-05T13:40:03.4149705+09:30" endTime="2011-08-05T13:40:03.4305955+09:30">
                  <testStep id="d48676aac8829e6" name="Where_Expression" fullName="SubSonic.Tests/SqlServerParserTests/Where_Expression" testId="11814d6ca25ebd6" isPrimary="true" isTestCase="true" isDynamic="false">
                    <codeReference assembly="SubSonic.Tests, Version=2.2.1.0, Culture=neutral, PublicKeyToken=null" namespace="SubSonic.Tests.SqlQuery" type="SubSonic.Tests.SqlQuery.SqlServerParserTests" member="Where_Expression" />
                    <codeLocation path="C:\data\SubsonicRoot\ss2\SubSonic.Tests\SqlGenerators\SqlServerGeneratorTests.cs" line="126" />
                    <metadata>
                      <entry key="TestKind">
                        <value>Test</value>
                      </entry>
                    </metadata>
                  </testStep>
                  <children />
                  <result assertCount="1" duration="0.0022808">
                    <outcome status="passed" />
                  </result>
                  <testLog>
                    <streams />
                    <attachments />
                  </testLog>
                </testStepRun>
                <testStepRun startTime="2011-08-05T13:40:03.4305955+09:30" endTime="2011-08-05T13:40:03.4462205+09:30">
                  <testStep id="78ea82f04c45a1fc" name="Where_Simple" fullName="SubSonic.Tests/SqlServerParserTests/Where_Simple" testId="e8c503421ed75cc7" isPrimary="true" isTestCase="true" isDynamic="false">
                    <codeReference assembly="SubSonic.Tests, Version=2.2.1.0, Culture=neutral, PublicKeyToken=null" namespace="SubSonic.Tests.SqlQuery" type="SubSonic.Tests.SqlQuery.SqlServerParserTests" member="Where_Simple" />
                    <codeLocation path="C:\data\SubsonicRoot\ss2\SubSonic.Tests\SqlGenerators\SqlServerGeneratorTests.cs" line="81" />
                    <metadata>
                      <entry key="TestKind">
                        <value>Test</value>
                      </entry>
                    </metadata>
                  </testStep>
                  <children />
                  <result assertCount="1" duration="0.0030226">
                    <outcome status="passed" />
                  </result>
                  <testLog>
                    <streams />
                    <attachments />
                  </testLog>
                </testStepRun>
              </children>
              <result assertCount="24" duration="0.3358885">
                <outcome status="passed" />
              </result>
              <testLog>
                <streams />
                <attachments />
              </testLog>
            </testStepRun>
            <testStepRun startTime="2011-08-05T13:40:03.4462205+09:30" endTime="2011-08-05T13:40:04.0712205+09:30">
              <testStep id="d462b332a933f37e" name="SugarTests" fullName="SubSonic.Tests/SugarTests" testId="babe4e099f85aa64" isPrimary="true" isTestCase="false" isDynamic="false">
                <codeReference assembly="SubSonic.Tests, Version=2.2.1.0, Culture=neutral, PublicKeyToken=null" namespace="SubSonic.Tests" type="SubSonic.Tests.SugarTests" />
                <codeLocation path="C:\data\SubsonicRoot\ss2\SubSonic.Tests\SugarTests.cs" />
                <metadata>
                  <entry key="TestKind">
                    <value>Fixture</value>
                  </entry>
                </metadata>
              </testStep>
              <children>
                <testStepRun startTime="2011-08-05T13:40:03.4618455+09:30" endTime="2011-08-05T13:40:03.4774705+09:30">
                  <testStep id="3a50402ca2774112" name="Dates_DaysAgo" fullName="SubSonic.Tests/SugarTests/Dates_DaysAgo" testId="c69717b4d30d292a" isPrimary="true" isTestCase="true" isDynamic="false">
                    <codeReference assembly="SubSonic.Tests, Version=2.2.1.0, Culture=neutral, PublicKeyToken=null" namespace="SubSonic.Tests" type="SubSonic.Tests.SugarTests" member="Dates_DaysAgo" />
                    <codeLocation path="C:\data\SubsonicRoot\ss2\SubSonic.Tests\SugarTests.cs" line="33" />
                    <metadata>
                      <entry key="TestKind">
                        <value>Test</value>
                      </entry>
                    </metadata>
                  </testStep>
                  <children />
                  <result assertCount="1" duration="0.0027944999999999997">
                    <outcome status="passed" />
                  </result>
                  <testLog>
                    <streams />
                    <attachments />
                  </testLog>
                </testStepRun>
                <testStepRun startTime="2011-08-05T13:40:03.4774705+09:30" endTime="2011-08-05T13:40:03.7587205+09:30">
                  <testStep id="4de859698085d7b0" name="Dates_ReadableDiff" fullName="SubSonic.Tests/SugarTests/Dates_ReadableDiff" testId="d6b2470982053183" isPrimary="true" isTestCase="false" isDynamic="false">
                    <codeReference assembly="SubSonic.Tests, Version=2.2.1.0, Culture=neutral, PublicKeyToken=null" namespace="SubSonic.Tests" type="SubSonic.Tests.SugarTests" member="Dates_ReadableDiff" />
                    <codeLocation path="C:\data\SubsonicRoot\ss2\SubSonic.Tests\SugarTests.cs" line="121" />
                    <metadata>
                      <entry key="TestKind">
                        <value>Test</value>
                      </entry>
                    </metadata>
                  </testStep>
                  <children>
                    <testStepRun startTime="2011-08-05T13:40:03.5243455+09:30" endTime="2011-08-05T13:40:03.5399705+09:30">
                      <testStep id="65d64f7796e72b0d" name="Dates_ReadableDiff(2007-01-01T00:00:00.0000000, 2007-01-01T01:01:00.0000000, &quot;1 hour, 1 minute ago&quot;)" fullName="SubSonic.Tests/SugarTests/Dates_ReadableDiff/Dates_ReadableDiff(2007-01-01T00:00:00.0000000, 2007-01-01T01:01:00.0000000, &quot;1 hour, 1 minute ago&quot;)" testId="d6b2470982053183" isPrimary="false" isTestCase="true" isDynamic="false">
                        <codeReference assembly="SubSonic.Tests, Version=2.2.1.0, Culture=neutral, PublicKeyToken=null" namespace="SubSonic.Tests" type="SubSonic.Tests.SugarTests" member="Dates_ReadableDiff" />
                        <codeLocation path="C:\data\SubsonicRoot\ss2\SubSonic.Tests\SugarTests.cs" line="121" />
                        <metadata>
                          <entry key="TestKind">
                            <value>Test</value>
                          </entry>
                        </metadata>
                      </testStep>
                      <children />
                      <result assertCount="1" duration="0.0022752">
                        <outcome status="passed" />
                      </result>
                      <testLog>
                        <streams />
                        <attachments />
                      </testLog>
                    </testStepRun>
                    <testStepRun startTime="2011-08-05T13:40:03.5399705+09:30" endTime="2011-08-05T13:40:03.5555955+09:30">
                      <testStep id="d9ef26d6626376e6" name="Dates_ReadableDiff(2007-01-01T00:00:00.0000000, 2007-01-01T01:02:44.0000000, &quot;1 hour, 2 minutes ago&quot;)" fullName="SubSonic.Tests/SugarTests/Dates_ReadableDiff/Dates_ReadableDiff(2007-01-01T00:00:00.0000000, 2007-01-01T01:02:44.0000000, &quot;1 hour, 2 minutes ago&quot;)" testId="d6b2470982053183" isPrimary="false" isTestCase="true" isDynamic="false">
                        <codeReference assembly="SubSonic.Tests, Version=2.2.1.0, Culture=neutral, PublicKeyToken=null" namespace="SubSonic.Tests" type="SubSonic.Tests.SugarTests" member="Dates_ReadableDiff" />
                        <codeLocation path="C:\data\SubsonicRoot\ss2\SubSonic.Tests\SugarTests.cs" line="121" />
                        <metadata>
                          <entry key="TestKind">
                            <value>Test</value>
                          </entry>
                        </metadata>
                      </testStep>
                      <children />
                      <result assertCount="1" duration="0.0080901999999999988">
                        <outcome status="passed" />
                      </result>
                      <testLog>
                        <streams />
                        <attachments />
                      </testLog>
                    </testStepRun>
                    <testStepRun startTime="2011-08-05T13:40:03.5555955+09:30" endTime="2011-08-05T13:40:03.5712205+09:30">
                      <testStep id="2094dbcd22386145" name="Dates_ReadableDiff(2007-01-01T00:00:00.0000000, 2007-01-01T00:15:00.0000000, &quot;15 minutes ago&quot;)" fullName="SubSonic.Tests/SugarTests/Dates_ReadableDiff/Dates_ReadableDiff(2007-01-01T00:00:00.0000000, 2007-01-01T00:15:00.0000000, &quot;15 minutes ago&quot;)" testId="d6b2470982053183" isPrimary="false" isTestCase="true" isDynamic="false">
                        <codeReference assembly="SubSonic.Tests, Version=2.2.1.0, Culture=neutral, PublicKeyToken=null" namespace="SubSonic.Tests" type="SubSonic.Tests.SugarTests" member="Dates_ReadableDiff" />
                        <codeLocation path="C:\data\SubsonicRoot\ss2\SubSonic.Tests\SugarTests.cs" line="121" />
                        <metadata>
                          <entry key="TestKind">
                            <value>Test</value>
                          </entry>
                        </metadata>
                      </testStep>
                      <children />
                      <result assertCount="1" duration="0.00018099999999999998">
                        <outcome status="passed" />
                      </result>
                      <testLog>
                        <streams />
                        <attachments />
                      </testLog>
                    </testStepRun>
                    <testStepRun startTime="2011-08-05T13:40:03.5712205+09:30" endTime="2011-08-05T13:40:03.5712205+09:30">
                      <testStep id="d39d2e01c29f3455" name="Dates_ReadableDiff(2007-01-01T00:00:00.0000000, 2007-01-01T01:00:00.0000000, &quot;1 hour ago&quot;)" fullName="SubSonic.Tests/SugarTests/Dates_ReadableDiff/Dates_ReadableDiff(2007-01-01T00:00:00.0000000, 2007-01-01T01:00:00.0000000, &quot;1 hour ago&quot;)" testId="d6b2470982053183" isPrimary="false" isTestCase="true" isDynamic="false">
                        <codeReference assembly="SubSonic.Tests, Version=2.2.1.0, Culture=neutral, PublicKeyToken=null" namespace="SubSonic.Tests" type="SubSonic.Tests.SugarTests" member="Dates_ReadableDiff" />
                        <codeLocation path="C:\data\SubsonicRoot\ss2\SubSonic.Tests\SugarTests.cs" line="121" />
                        <metadata>
                          <entry key="TestKind">
                            <value>Test</value>
                          </entry>
                        </metadata>
                      </testStep>
                      <children />
                      <result assertCount="1" duration="0.00012749999999999998">
                        <outcome status="passed" />
                      </result>
                      <testLog>
                        <streams />
                        <attachments />
                      </testLog>
                    </testStepRun>
                    <testStepRun startTime="2011-08-05T13:40:03.5868455+09:30" endTime="2011-08-05T13:40:03.5868455+09:30">
                      <testStep id="584a58d1bcb75be3" name="Dates_ReadableDiff(2007-01-01T00:00:00.0000000, 2007-01-01T02:40:00.0000000, &quot;2 hours, 40 minutes ago&quot;)" fullName="SubSonic.Tests/SugarTests/Dates_ReadableDiff/Dates_ReadableDiff(2007-01-01T00:00:00.0000000, 2007-01-01T02:40:00.0000000, &quot;2 hours, 40 minutes ago&quot;)" testId="d6b2470982053183" isPrimary="false" isTestCase="true" isDynamic="false">
                        <codeReference assembly="SubSonic.Tests, Version=2.2.1.0, Culture=neutral, PublicKeyToken=null" namespace="SubSonic.Tests" type="SubSonic.Tests.SugarTests" member="Dates_ReadableDiff" />
                        <codeLocation path="C:\data\SubsonicRoot\ss2\SubSonic.Tests\SugarTests.cs" line="121" />
                        <metadata>
                          <entry key="TestKind">
                            <value>Test</value>
                          </entry>
                        </metadata>
                      </testStep>
                      <children />
                      <result assertCount="1" duration="0.0007071">
                        <outcome status="passed" />
                      </result>
                      <testLog>
                        <streams />
                        <attachments />
                      </testLog>
                    </testStepRun>
                    <testStepRun startTime="2011-08-05T13:40:03.5868455+09:30" endTime="2011-08-05T13:40:03.6180955+09:30">
                      <testStep id="b4d22cf08af43f50" name="Dates_ReadableDiff(2007-01-01T00:00:00.0000000, 2007-01-01T00:01:00.0000000, &quot;1 minute ago&quot;)" fullName="SubSonic.Tests/SugarTests/Dates_ReadableDiff/Dates_ReadableDiff(2007-01-01T00:00:00.0000000, 2007-01-01T00:01:00.0000000, &quot;1 minute ago&quot;)" testId="d6b2470982053183" isPrimary="false" isTestCase="true" isDynamic="false">
                        <codeReference assembly="SubSonic.Tests, Version=2.2.1.0, Culture=neutral, PublicKeyToken=null" namespace="SubSonic.Tests" type="SubSonic.Tests.SugarTests" member="Dates_ReadableDiff" />
                        <codeLocation path="C:\data\SubsonicRoot\ss2\SubSonic.Tests\SugarTests.cs" line="121" />
                        <metadata>
                          <entry key="TestKind">
                            <value>Test</value>
                          </entry>
                        </metadata>
                      </testStep>
                      <children />
                      <result assertCount="1" duration="0.00018899999999999999">
                        <outcome status="passed" />
                      </result>
                      <testLog>
                        <streams />
                        <attachments />
                      </testLog>
                    </testStepRun>
                    <testStepRun startTime="2011-08-05T13:40:03.6180955+09:30" endTime="2011-08-05T13:40:03.6337205+09:30">
                      <testStep id="c97d7782e9b714e9" name="Dates_ReadableDiff(2007-01-01T00:00:00.0000000, 2007-01-01T00:00:00.0000000, &quot;0 seconds ago&quot;)" fullName="SubSonic.Tests/SugarTests/Dates_ReadableDiff/Dates_ReadableDiff(2007-01-01T00:00:00.0000000, 2007-01-01T00:00:00.0000000, &quot;0 seconds ago&quot;)" testId="d6b2470982053183" isPrimary="false" isTestCase="true" isDynamic="false">
                        <codeReference assembly="SubSonic.Tests, Version=2.2.1.0, Culture=neutral, PublicKeyToken=null" namespace="SubSonic.Tests" type="SubSonic.Tests.SugarTests" member="Dates_ReadableDiff" />
                        <codeLocation path="C:\data\SubsonicRoot\ss2\SubSonic.Tests\SugarTests.cs" line="121" />
                        <metadata>
                          <entry key="TestKind">
                            <value>Test</value>
                          </entry>
                        </metadata>
                      </testStep>
                      <children />
                      <result assertCount="1" duration="0.00012989999999999999">
                        <outcome status="passed" />
                      </result>
                      <testLog>
                        <streams />
                        <attachments />
                      </testLog>
                    </testStepRun>
                    <testStepRun startTime="2011-08-05T13:40:03.6337205+09:30" endTime="2011-08-05T13:40:03.6493455+09:30">
                      <testStep id="cda93bf3ce8841b5" name="Dates_ReadableDiff(2007-01-01T00:00:00.0000000, 2207-05-01T01:30:40.0000000, &quot;200 years, 4 months ago&quot;)" fullName="SubSonic.Tests/SugarTests/Dates_ReadableDiff/Dates_ReadableDiff(2007-01-01T00:00:00.0000000, 2207-05-01T01:30:40.0000000, &quot;200 years, 4 months ago&quot;)" testId="d6b2470982053183" isPrimary="false" isTestCase="true" isDynamic="false">
                        <codeReference assembly="SubSonic.Tests, Version=2.2.1.0, Culture=neutral, PublicKeyToken=null" namespace="SubSonic.Tests" type="SubSonic.Tests.SugarTests" member="Dates_ReadableDiff" />
                        <codeLocation path="C:\data\SubsonicRoot\ss2\SubSonic.Tests\SugarTests.cs" line="121" />
                        <metadata>
                          <entry key="TestKind">
                            <value>Test</value>
                          </entry>
                        </metadata>
                      </testStep>
                      <children />
                      <result assertCount="1" duration="0.00013529999999999998">
                        <outcome status="passed" />
                      </result>
                      <testLog>
                        <streams />
                        <attachments />
                      </testLog>
                    </testStepRun>
                    <testStepRun startTime="2011-08-05T13:40:03.6493455+09:30" endTime="2011-08-05T13:40:03.6493455+09:30">
                      <testStep id="b92b7544a2d02000" name="Dates_ReadableDiff(2007-01-01T00:00:00.0000000, 2207-01-01T01:30:40.0000000, &quot;200 years ago&quot;)" fullName="SubSonic.Tests/SugarTests/Dates_ReadableDiff/Dates_ReadableDiff(2007-01-01T00:00:00.0000000, 2207-01-01T01:30:40.0000000, &quot;200 years ago&quot;)" testId="d6b2470982053183" isPrimary="false" isTestCase="true" isDynamic="false">
                        <codeReference assembly="SubSonic.Tests, Version=2.2.1.0, Culture=neutral, PublicKeyToken=null" namespace="SubSonic.Tests" type="SubSonic.Tests.SugarTests" member="Dates_ReadableDiff" />
                        <codeLocation path="C:\data\SubsonicRoot\ss2\SubSonic.Tests\SugarTests.cs" line="121" />
                        <metadata>
                          <entry key="TestKind">
                            <value>Test</value>
                          </entry>
                        </metadata>
                      </testStep>
                      <children />
                      <result assertCount="1" duration="0.0003676">
                        <outcome status="passed" />
                      </result>
                      <testLog>
                        <streams />
                        <attachments />
                      </testLog>
                    </testStepRun>
                    <testStepRun startTime="2011-08-05T13:40:03.6649705+09:30" endTime="2011-08-05T13:40:03.6649705+09:30">
                      <testStep id="7b8d44dac1eb5d75" name="Dates_ReadableDiff(2007-01-01T00:00:00.0000000, 2007-01-02T02:30:40.0000000, &quot;1 day, 2 hours ago&quot;)" fullName="SubSonic.Tests/SugarTests/Dates_ReadableDiff/Dates_ReadableDiff(2007-01-01T00:00:00.0000000, 2007-01-02T02:30:40.0000000, &quot;1 day, 2 hours ago&quot;)" testId="d6b2470982053183" isPrimary="false" isTestCase="true" isDynamic="false">
                        <codeReference assembly="SubSonic.Tests, Version=2.2.1.0, Culture=neutral, PublicKeyToken=null" namespace="SubSonic.Tests" type="SubSonic.Tests.SugarTests" member="Dates_ReadableDiff" />
                        <codeLocation path="C:\data\SubsonicRoot\ss2\SubSonic.Tests\SugarTests.cs" line="121" />
                        <metadata>
                          <entry key="TestKind">
                            <value>Test</value>
                          </entry>
                        </metadata>
                      </testStep>
                      <children />
                      <result assertCount="1" duration="0.00017549999999999998">
                        <outcome status="passed" />
                      </result>
                      <testLog>
                        <streams />
                        <attachments />
                      </testLog>
                    </testStepRun>
                    <testStepRun startTime="2011-08-05T13:40:03.6805955+09:30" endTime="2011-08-05T13:40:03.6805955+09:30">
                      <testStep id="cfc97a1d9168645d" name="Dates_ReadableDiff(2007-01-01T00:00:00.0000000, 2007-01-12T01:30:40.0000000, &quot;11 days, 1 hour ago&quot;)" fullName="SubSonic.Tests/SugarTests/Dates_ReadableDiff/Dates_ReadableDiff(2007-01-01T00:00:00.0000000, 2007-01-12T01:30:40.0000000, &quot;11 days, 1 hour ago&quot;)" testId="d6b2470982053183" isPrimary="false" isTestCase="true" isDynamic="false">
                        <codeReference assembly="SubSonic.Tests, Version=2.2.1.0, Culture=neutral, PublicKeyToken=null" namespace="SubSonic.Tests" type="SubSonic.Tests.SugarTests" member="Dates_ReadableDiff" />
                        <codeLocation path="C:\data\SubsonicRoot\ss2\SubSonic.Tests\SugarTests.cs" line="121" />
                        <metadata>
                          <entry key="TestKind">
                            <value>Test</value>
                          </entry>
                        </metadata>
                      </testStep>
                      <children />
                      <result assertCount="1" duration="0.00036199999999999996">
                        <outcome status="passed" />
                      </result>
                      <testLog>
                        <streams />
                        <attachments />
                      </testLog>
                    </testStepRun>
                    <testStepRun startTime="2011-08-05T13:40:03.6805955+09:30" endTime="2011-08-05T13:40:03.6962205+09:30">
                      <testStep id="9fe10bdf740d9d22" name="Dates_ReadableDiff(2007-01-01T00:00:00.0000000, 2007-01-01T00:00:05.0000000, &quot;5 seconds ago&quot;)" fullName="SubSonic.Tests/SugarTests/Dates_ReadableDiff/Dates_ReadableDiff(2007-01-01T00:00:00.0000000, 2007-01-01T00:00:05.0000000, &quot;5 seconds ago&quot;)" testId="d6b2470982053183" isPrimary="false" isTestCase="true" isDynamic="false">
                        <codeReference assembly="SubSonic.Tests, Version=2.2.1.0, Culture=neutral, PublicKeyToken=null" namespace="SubSonic.Tests" type="SubSonic.Tests.SugarTests" member="Dates_ReadableDiff" />
                        <codeLocation path="C:\data\SubsonicRoot\ss2\SubSonic.Tests\SugarTests.cs" line="121" />
                        <metadata>
                          <entry key="TestKind">
                            <value>Test</value>
                          </entry>
                        </metadata>
                      </testStep>
                      <children />
                      <result assertCount="1" duration="0.0006165">
                        <outcome status="passed" />
                      </result>
                      <testLog>
                        <streams />
                        <attachments />
                      </testLog>
                    </testStepRun>
                    <testStepRun startTime="2011-08-05T13:40:03.6962205+09:30" endTime="2011-08-05T13:40:03.7118455+09:30">
                      <testStep id="cd172ca197f1c70c" name="Dates_ReadableDiff(2007-01-01T00:00:00.0000000, 2007-01-01T00:00:01.0000000, &quot;1 second ago&quot;)" fullName="SubSonic.Tests/SugarTests/Dates_ReadableDiff/Dates_ReadableDiff(2007-01-01T00:00:00.0000000, 2007-01-01T00:00:01.0000000, &quot;1 second ago&quot;)" testId="d6b2470982053183" isPrimary="false" isTestCase="true" isDynamic="false">
                        <codeReference assembly="SubSonic.Tests, Version=2.2.1.0, Culture=neutral, PublicKeyToken=null" namespace="SubSonic.Tests" type="SubSonic.Tests.SugarTests" member="Dates_ReadableDiff" />
                        <codeLocation path="C:\data\SubsonicRoot\ss2\SubSonic.Tests\SugarTests.cs" line="121" />
                        <metadata>
                          <entry key="TestKind">
                            <value>Test</value>
                          </entry>
                        </metadata>
                      </testStep>
                      <children />
                      <result assertCount="1" duration="0.0001527">
                        <outcome status="passed" />
                      </result>
                      <testLog>
                        <streams />
                        <attachments />
                      </testLog>
                    </testStepRun>
                    <testStepRun startTime="2011-08-05T13:40:03.7118455+09:30" endTime="2011-08-05T13:40:03.7274705+09:30">
                      <testStep id="867e447fe3eb386f" name="Dates_ReadableDiff(2007-01-01T00:00:00.0000000, 2007-02-12T01:30:40.0000000, &quot;1 month, 11 days ago&quot;)" fullName="SubSonic.Tests/SugarTests/Dates_ReadableDiff/Dates_ReadableDiff(2007-01-01T00:00:00.0000000, 2007-02-12T01:30:40.0000000, &quot;1 month, 11 days ago&quot;)" testId="d6b2470982053183" isPrimary="false" isTestCase="true" isDynamic="false">
                        <codeReference assembly="SubSonic.Tests, Version=2.2.1.0, Culture=neutral, PublicKeyToken=null" namespace="SubSonic.Tests" type="SubSonic.Tests.SugarTests" member="Dates_ReadableDiff" />
                        <codeLocation path="C:\data\SubsonicRoot\ss2\SubSonic.Tests\SugarTests.cs" line="121" />
                        <metadata>
                          <entry key="TestKind">
                            <value>Test</value>
                          </entry>
                        </metadata>
                      </testStep>
                      <children />
                      <result assertCount="1" duration="0.0001497">
                        <outcome status="passed" />
                      </result>
                      <testLog>
                        <streams />
                        <attachments />
                      </testLog>
                    </testStepRun>
                    <testStepRun startTime="2011-08-05T13:40:03.7274705+09:30" endTime="2011-08-05T13:40:03.7274705+09:30">
                      <testStep id="e33358f9cd696229" name="Dates_ReadableDiff(2007-01-01T00:00:00.0000000, 2008-01-01T01:30:40.0000000, &quot;1 year ago&quot;)" fullName="SubSonic.Tests/SugarTests/Dates_ReadableDiff/Dates_ReadableDiff(2007-01-01T00:00:00.0000000, 2008-01-01T01:30:40.0000000, &quot;1 year ago&quot;)" testId="d6b2470982053183" isPrimary="false" isTestCase="true" isDynamic="false">
                        <codeReference assembly="SubSonic.Tests, Version=2.2.1.0, Culture=neutral, PublicKeyToken=null" namespace="SubSonic.Tests" type="SubSonic.Tests.SugarTests" member="Dates_ReadableDiff" />
                        <codeLocation path="C:\data\SubsonicRoot\ss2\SubSonic.Tests\SugarTests.cs" line="121" />
                        <metadata>
                          <entry key="TestKind">
                            <value>Test</value>
                          </entry>
                        </metadata>
                      </testStep>
                      <children />
                      <result assertCount="1" duration="0.0001247">
                        <outcome status="passed" />
                      </result>
                      <testLog>
                        <streams />
                        <attachments />
                      </testLog>
                    </testStepRun>
                    <testStepRun startTime="2011-08-05T13:40:03.7274705+09:30" endTime="2011-08-05T13:40:03.7430955+09:30">
                      <testStep id="fc2640bc633c34ae" name="Dates_ReadableDiff(2007-01-01T00:00:00.0000000, 2007-02-01T01:30:40.0000000, &quot;1 month ago&quot;)" fullName="SubSonic.Tests/SugarTests/Dates_ReadableDiff/Dates_ReadableDiff(2007-01-01T00:00:00.0000000, 2007-02-01T01:30:40.0000000, &quot;1 month ago&quot;)" testId="d6b2470982053183" isPrimary="false" isTestCase="true" isDynamic="false">
                        <codeReference assembly="SubSonic.Tests, Version=2.2.1.0, Culture=neutral, PublicKeyToken=null" namespace="SubSonic.Tests" type="SubSonic.Tests.SugarTests" member="Dates_ReadableDiff" />
                        <codeLocation path="C:\data\SubsonicRoot\ss2\SubSonic.Tests\SugarTests.cs" line="121" />
                        <metadata>
                          <entry key="TestKind">
                            <value>Test</value>
                          </entry>
                        </metadata>
                      </testStep>
                      <children />
                      <result assertCount="1" duration="0.0001283">
                        <outcome status="passed" />
                      </result>
                      <testLog>
                        <streams />
                        <attachments />
                      </testLog>
                    </testStepRun>
                    <testStepRun startTime="2011-08-05T13:40:03.7430955+09:30" endTime="2011-08-05T13:40:03.7587205+09:30">
                      <testStep id="88569471a815e0fe" name="Dates_ReadableDiff(2007-01-01T00:00:00.0000000, 2007-02-02T01:30:40.0000000, &quot;1 month, 1 day ago&quot;)" fullName="SubSonic.Tests/SugarTests/Dates_ReadableDiff/Dates_ReadableDiff(2007-01-01T00:00:00.0000000, 2007-02-02T01:30:40.0000000, &quot;1 month, 1 day ago&quot;)" testId="d6b2470982053183" isPrimary="false" isTestCase="true" isDynamic="false">
                        <codeReference assembly="SubSonic.Tests, Version=2.2.1.0, Culture=neutral, PublicKeyToken=null" namespace="SubSonic.Tests" type="SubSonic.Tests.SugarTests" member="Dates_ReadableDiff" />
                        <codeLocation path="C:\data\SubsonicRoot\ss2\SubSonic.Tests\SugarTests.cs" line="121" />
                        <metadata>
                          <entry key="TestKind">
                            <value>Test</value>
                          </entry>
                        </metadata>
                      </testStep>
                      <children />
                      <result assertCount="1" duration="0.00013979999999999998">
                        <outcome status="passed" />
                      </result>
                      <testLog>
                        <streams />
                        <attachments />
                      </testLog>
                    </testStepRun>
                  </children>
                  <result assertCount="17" duration="0.1587297">
                    <outcome status="passed" />
                  </result>
                  <testLog>
                    <streams />
                    <attachments />
                  </testLog>
                </testStepRun>
                <testStepRun startTime="2011-08-05T13:40:03.7587205+09:30" endTime="2011-08-05T13:40:03.7743455+09:30">
                  <testStep id="c11262717dc97b34" name="Numbers_IsInteger" fullName="SubSonic.Tests/SugarTests/Numbers_IsInteger" testId="9d1f3b426e0830d0" isPrimary="true" isTestCase="true" isDynamic="false">
                    <codeReference assembly="SubSonic.Tests, Version=2.2.1.0, Culture=neutral, PublicKeyToken=null" namespace="SubSonic.Tests" type="SubSonic.Tests.SugarTests" member="Numbers_IsInteger" />
                    <codeLocation path="C:\data\SubsonicRoot\ss2\SubSonic.Tests\SugarTests.cs" line="66" />
                    <metadata>
                      <entry key="TestKind">
                        <value>Test</value>
                      </entry>
                    </metadata>
                  </testStep>
                  <children />
                  <result assertCount="3" duration="0.0025870999999999997">
                    <outcome status="passed" />
                  </result>
                  <testLog>
                    <streams />
                    <attachments />
                  </testLog>
                </testStepRun>
                <testStepRun startTime="2011-08-05T13:40:03.7743455+09:30" endTime="2011-08-05T13:40:03.7899705+09:30">
                  <testStep id="a151c5e9bddca32e" name="Numbers_IsNumeric" fullName="SubSonic.Tests/SugarTests/Numbers_IsNumeric" testId="af2b9a98fb7c9a0a" isPrimary="true" isTestCase="true" isDynamic="false">
                    <codeReference assembly="SubSonic.Tests, Version=2.2.1.0, Culture=neutral, PublicKeyToken=null" namespace="SubSonic.Tests" type="SubSonic.Tests.SugarTests" member="Numbers_IsNumeric" />
                    <codeLocation path="C:\data\SubsonicRoot\ss2\SubSonic.Tests\SugarTests.cs" line="46" />
                    <metadata>
                      <entry key="TestKind">
                        <value>Test</value>
                      </entry>
                    </metadata>
                  </testStep>
                  <children />
                  <result assertCount="5" duration="0.0040409999999999995">
                    <outcome status="passed" />
                  </result>
                  <testLog>
                    <streams />
                    <attachments />
                  </testLog>
                </testStepRun>
                <testStepRun startTime="2011-08-05T13:40:03.7899705+09:30" endTime="2011-08-05T13:40:03.8055955+09:30">
                  <testStep id="255bd9ffbaefd811" name="Strings_IsAlpha" fullName="SubSonic.Tests/SugarTests/Strings_IsAlpha" testId="465b4d4accd38006" isPrimary="true" isTestCase="true" isDynamic="false">
                    <codeReference assembly="SubSonic.Tests, Version=2.2.1.0, Culture=neutral, PublicKeyToken=null" namespace="SubSonic.Tests" type="SubSonic.Tests.SugarTests" member="Strings_IsAlpha" />
                    <codeLocation path="C:\data\SubsonicRoot\ss2\SubSonic.Tests\SugarTests.cs" line="82" />
                    <metadata>
                      <entry key="TestKind">
                        <value>Test</value>
                      </entry>
                    </metadata>
                  </testStep>
                  <children />
                  <result assertCount="4" duration="0.0030767">
                    <outcome status="passed" />
                  </result>
                  <testLog>
                    <streams />
                    <attachments />
                  </testLog>
                </testStepRun>
                <testStepRun startTime="2011-08-05T13:40:03.8055955+09:30" endTime="2011-08-05T13:40:04.0712205+09:30">
                  <testStep id="ccefbf9a22f23171" name="Validation_IsCreditCardAny" fullName="SubSonic.Tests/SugarTests/Validation_IsCreditCardAny" testId="d3f05500890def04" isPrimary="true" isTestCase="false" isDynamic="false">
                    <codeReference assembly="SubSonic.Tests, Version=2.2.1.0, Culture=neutral, PublicKeyToken=null" namespace="SubSonic.Tests" type="SubSonic.Tests.SugarTests" member="Validation_IsCreditCardAny" />
                    <codeLocation path="C:\data\SubsonicRoot\ss2\SubSonic.Tests\SugarTests.cs" line="155" />
                    <metadata>
                      <entry key="TestKind">
                        <value>Test</value>
                      </entry>
                    </metadata>
                  </testStep>
                  <children>
                    <testStepRun startTime="2011-08-05T13:40:03.8212205+09:30" endTime="2011-08-05T13:40:03.8212205+09:30">
                      <testStep id="21de0c43b516b3a1" name="Validation_IsCreditCardAny(&quot;341-1111-1111-1111&quot;, true)" fullName="SubSonic.Tests/SugarTests/Validation_IsCreditCardAny/Validation_IsCreditCardAny(&quot;341-1111-1111-1111&quot;, true)" testId="d3f05500890def04" isPrimary="false" isTestCase="true" isDynamic="false">
                        <codeReference assembly="SubSonic.Tests, Version=2.2.1.0, Culture=neutral, PublicKeyToken=null" namespace="SubSonic.Tests" type="SubSonic.Tests.SugarTests" member="Validation_IsCreditCardAny" />
                        <codeLocation path="C:\data\SubsonicRoot\ss2\SubSonic.Tests\SugarTests.cs" line="155" />
                        <metadata>
                          <entry key="TestKind">
                            <value>Test</value>
                          </entry>
                        </metadata>
                      </testStep>
                      <children />
                      <result assertCount="1" duration="0.0017928">
                        <outcome status="passed" />
                      </result>
                      <testLog>
                        <streams />
                        <attachments />
                      </testLog>
                    </testStepRun>
                    <testStepRun startTime="2011-08-05T13:40:03.8368455+09:30" endTime="2011-08-05T13:40:03.8524705+09:30">
                      <testStep id="cac704e4cf834e55" name="Validation_IsCreditCardAny(&quot;6011-6011-6011&quot;, false)" fullName="SubSonic.Tests/SugarTests/Validation_IsCreditCardAny/Validation_IsCreditCardAny(&quot;6011-6011-6011&quot;, false)" testId="d3f05500890def04" isPrimary="false" isTestCase="true" isDynamic="false">
                        <codeReference assembly="SubSonic.Tests, Version=2.2.1.0, Culture=neutral, PublicKeyToken=null" namespace="SubSonic.Tests" type="SubSonic.Tests.SugarTests" member="Validation_IsCreditCardAny" />
                        <codeLocation path="C:\data\SubsonicRoot\ss2\SubSonic.Tests\SugarTests.cs" line="155" />
                        <metadata>
                          <entry key="TestKind">
                            <value>Test</value>
                          </entry>
                        </metadata>
                      </testStep>
                      <children />
                      <result assertCount="1" duration="0.0001771">
                        <outcome status="passed" />
                      </result>
                      <testLog>
                        <streams />
                        <attachments />
                      </testLog>
                    </testStepRun>
                    <testStepRun startTime="2011-08-05T13:40:03.8524705+09:30" endTime="2011-08-05T13:40:03.8680955+09:30">
                      <testStep id="c42f08b3036154db" name="Validation_IsCreditCardAny(&quot;6011111111111117&quot;, true)" fullName="SubSonic.Tests/SugarTests/Validation_IsCreditCardAny/Validation_IsCreditCardAny(&quot;6011111111111117&quot;, true)" testId="d3f05500890def04" isPrimary="false" isTestCase="true" isDynamic="false">
                        <codeReference assembly="SubSonic.Tests, Version=2.2.1.0, Culture=neutral, PublicKeyToken=null" namespace="SubSonic.Tests" type="SubSonic.Tests.SugarTests" member="Validation_IsCreditCardAny" />
                        <codeLocation path="C:\data\SubsonicRoot\ss2\SubSonic.Tests\SugarTests.cs" line="155" />
                        <metadata>
                          <entry key="TestKind">
                            <value>Test</value>
                          </entry>
                        </metadata>
                      </testStep>
                      <children />
                      <result assertCount="1" duration="0.0002623">
                        <outcome status="passed" />
                      </result>
                      <testLog>
                        <streams />
                        <attachments />
                      </testLog>
                    </testStepRun>
                    <testStepRun startTime="2011-08-05T13:40:03.8680955+09:30" endTime="2011-08-05T13:40:03.8837205+09:30">
                      <testStep id="92172c7bc7919c63" name="Validation_IsCreditCardAny(&quot;38520000023237&quot;, true)" fullName="SubSonic.Tests/SugarTests/Validation_IsCreditCardAny/Validation_IsCreditCardAny(&quot;38520000023237&quot;, true)" testId="d3f05500890def04" isPrimary="false" isTestCase="true" isDynamic="false">
                        <codeReference assembly="SubSonic.Tests, Version=2.2.1.0, Culture=neutral, PublicKeyToken=null" namespace="SubSonic.Tests" type="SubSonic.Tests.SugarTests" member="Validation_IsCreditCardAny" />
                        <codeLocation path="C:\data\SubsonicRoot\ss2\SubSonic.Tests\SugarTests.cs" line="155" />
                        <metadata>
                          <entry key="TestKind">
                            <value>Test</value>
                          </entry>
                        </metadata>
                      </testStep>
                      <children />
                      <result assertCount="1" duration="0.0002205">
                        <outcome status="passed" />
                      </result>
                      <testLog>
                        <streams />
                        <attachments />
                      </testLog>
                    </testStepRun>
                    <testStepRun startTime="2011-08-05T13:40:03.8837205+09:30" endTime="2011-08-05T13:40:03.8993455+09:30">
                      <testStep id="b2e40730129e9877" name="Validation_IsCreditCardAny(&quot;30569309025904&quot;, true)" fullName="SubSonic.Tests/SugarTests/Validation_IsCreditCardAny/Validation_IsCreditCardAny(&quot;30569309025904&quot;, true)" testId="d3f05500890def04" isPrimary="false" isTestCase="true" isDynamic="false">
                        <codeReference assembly="SubSonic.Tests, Version=2.2.1.0, Culture=neutral, PublicKeyToken=null" namespace="SubSonic.Tests" type="SubSonic.Tests.SugarTests" member="Validation_IsCreditCardAny" />
                        <codeLocation path="C:\data\SubsonicRoot\ss2\SubSonic.Tests\SugarTests.cs" line="155" />
                        <metadata>
                          <entry key="TestKind">
                            <value>Test</value>
                          </entry>
                        </metadata>
                      </testStep>
                      <children />
                      <result assertCount="1" duration="0.00025069999999999997">
                        <outcome status="passed" />
                      </result>
                      <testLog>
                        <streams />
                        <attachments />
                      </testLog>
                    </testStepRun>
                    <testStepRun startTime="2011-08-05T13:40:03.8993455+09:30" endTime="2011-08-05T13:40:03.8993455+09:30">
                      <testStep id="2d9ea9500d80d02f" name="Validation_IsCreditCardAny(&quot;4111111111111111&quot;, true)" fullName="SubSonic.Tests/SugarTests/Validation_IsCreditCardAny/Validation_IsCreditCardAny(&quot;4111111111111111&quot;, true)" testId="d3f05500890def04" isPrimary="false" isTestCase="true" isDynamic="false">
                        <codeReference assembly="SubSonic.Tests, Version=2.2.1.0, Culture=neutral, PublicKeyToken=null" namespace="SubSonic.Tests" type="SubSonic.Tests.SugarTests" member="Validation_IsCreditCardAny" />
                        <codeLocation path="C:\data\SubsonicRoot\ss2\SubSonic.Tests\SugarTests.cs" line="155" />
                        <metadata>
                          <entry key="TestKind">
                            <value>Test</value>
                          </entry>
                        </metadata>
                      </testStep>
                      <children />
                      <result assertCount="1" duration="0.0009475">
                        <outcome status="passed" />
                      </result>
                      <testLog>
                        <streams />
                        <attachments />
                      </testLog>
                    </testStepRun>
                    <testStepRun startTime="2011-08-05T13:40:03.8993455+09:30" endTime="2011-08-05T13:40:03.9149705+09:30">
                      <testStep id="4057e15ca38ccdf4" name="Validation_IsCreditCardAny(&quot;000000000000000&quot;, false)" fullName="SubSonic.Tests/SugarTests/Validation_IsCreditCardAny/Validation_IsCreditCardAny(&quot;000000000000000&quot;, false)" testId="d3f05500890def04" isPrimary="false" isTestCase="true" isDynamic="false">
                        <codeReference assembly="SubSonic.Tests, Version=2.2.1.0, Culture=neutral, PublicKeyToken=null" namespace="SubSonic.Tests" type="SubSonic.Tests.SugarTests" member="Validation_IsCreditCardAny" />
                        <codeLocation path="C:\data\SubsonicRoot\ss2\SubSonic.Tests\SugarTests.cs" line="155" />
                        <metadata>
                          <entry key="TestKind">
                            <value>Test</value>
                          </entry>
                        </metadata>
                      </testStep>
                      <children />
                      <result assertCount="1" duration="0.0002375">
                        <outcome status="passed" />
                      </result>
                      <testLog>
                        <streams />
                        <attachments />
                      </testLog>
                    </testStepRun>
                    <testStepRun startTime="2011-08-05T13:40:03.9149705+09:30" endTime="2011-08-05T13:40:03.9149705+09:30">
                      <testStep id="93ddc6d0e56d2e8d" name="Validation_IsCreditCardAny(&quot;0000000000000&quot;, false)" fullName="SubSonic.Tests/SugarTests/Validation_IsCreditCardAny/Validation_IsCreditCardAny(&quot;0000000000000&quot;, false)" testId="d3f05500890def04" isPrimary="false" isTestCase="true" isDynamic="false">
                        <codeReference assembly="SubSonic.Tests, Version=2.2.1.0, Culture=neutral, PublicKeyToken=null" namespace="SubSonic.Tests" type="SubSonic.Tests.SugarTests" member="Validation_IsCreditCardAny" />
                        <codeLocation path="C:\data\SubsonicRoot\ss2\SubSonic.Tests\SugarTests.cs" line="155" />
                        <metadata>
                          <entry key="TestKind">
                            <value>Test</value>
                          </entry>
                        </metadata>
                      </testStep>
                      <children />
                      <result assertCount="1" duration="0.00025069999999999997">
                        <outcome status="passed" />
                      </result>
                      <testLog>
                        <streams />
                        <attachments />
                      </testLog>
                    </testStepRun>
                    <testStepRun startTime="2011-08-05T13:40:03.9305955+09:30" endTime="2011-08-05T13:40:03.9305955+09:30">
                      <testStep id="1486b03329b62380" name="Validation_IsCreditCardAny(&quot;6011-6011-6011-6611&quot;, true)" fullName="SubSonic.Tests/SugarTests/Validation_IsCreditCardAny/Validation_IsCreditCardAny(&quot;6011-6011-6011-6611&quot;, true)" testId="d3f05500890def04" isPrimary="false" isTestCase="true" isDynamic="false">
                        <codeReference assembly="SubSonic.Tests, Version=2.2.1.0, Culture=neutral, PublicKeyToken=null" namespace="SubSonic.Tests" type="SubSonic.Tests.SugarTests" member="Validation_IsCreditCardAny" />
                        <codeLocation path="C:\data\SubsonicRoot\ss2\SubSonic.Tests\SugarTests.cs" line="155" />
                        <metadata>
                          <entry key="TestKind">
                            <value>Test</value>
                          </entry>
                        </metadata>
                      </testStep>
                      <children />
                      <result assertCount="1" duration="0.00022679999999999998">
                        <outcome status="passed" />
                      </result>
                      <testLog>
                        <streams />
                        <attachments />
                      </testLog>
                    </testStepRun>
                    <testStepRun startTime="2011-08-05T13:40:03.9305955+09:30" endTime="2011-08-05T13:40:03.9462205+09:30">
                      <testStep id="74f81f6aaff9a397" name="Validation_IsCreditCardAny(&quot;5431-1111-1111-1111&quot;, true)" fullName="SubSonic.Tests/SugarTests/Validation_IsCreditCardAny/Validation_IsCreditCardAny(&quot;5431-1111-1111-1111&quot;, true)" testId="d3f05500890def04" isPrimary="false" isTestCase="true" isDynamic="false">
                        <codeReference assembly="SubSonic.Tests, Version=2.2.1.0, Culture=neutral, PublicKeyToken=null" namespace="SubSonic.Tests" type="SubSonic.Tests.SugarTests" member="Validation_IsCreditCardAny" />
                        <codeLocation path="C:\data\SubsonicRoot\ss2\SubSonic.Tests\SugarTests.cs" line="155" />
                        <metadata>
                          <entry key="TestKind">
                            <value>Test</value>
                          </entry>
                        </metadata>
                      </testStep>
                      <children />
                      <result assertCount="1" duration="0.0002936">
                        <outcome status="passed" />
                      </result>
                      <testLog>
                        <streams />
                        <attachments />
                      </testLog>
                    </testStepRun>
                    <testStepRun startTime="2011-08-05T13:40:03.9462205+09:30" endTime="2011-08-05T13:40:03.9618455+09:30">
                      <testStep id="5cc6f501e9595d70" name="Validation_IsCreditCardAny(&quot;4012888888881881&quot;, true)" fullName="SubSonic.Tests/SugarTests/Validation_IsCreditCardAny/Validation_IsCreditCardAny(&quot;4012888888881881&quot;, true)" testId="d3f05500890def04" isPrimary="false" isTestCase="true" isDynamic="false">
                        <codeReference assembly="SubSonic.Tests, Version=2.2.1.0, Culture=neutral, PublicKeyToken=null" namespace="SubSonic.Tests" type="SubSonic.Tests.SugarTests" member="Validation_IsCreditCardAny" />
                        <codeLocation path="C:\data\SubsonicRoot\ss2\SubSonic.Tests\SugarTests.cs" line="155" />
                        <metadata>
                          <entry key="TestKind">
                            <value>Test</value>
                          </entry>
                        </metadata>
                      </testStep>
                      <children />
                      <result assertCount="1" duration="0.00023559999999999998">
                        <outcome status="passed" />
                      </result>
                      <testLog>
                        <streams />
                        <attachments />
                      </testLog>
                    </testStepRun>
                    <testStepRun startTime="2011-08-05T13:40:03.9618455+09:30" endTime="2011-08-05T13:40:03.9774705+09:30">
                      <testStep id="caaa49c4717b873" name="Validation_IsCreditCardAny(&quot;5105105105105100&quot;, true)" fullName="SubSonic.Tests/SugarTests/Validation_IsCreditCardAny/Validation_IsCreditCardAny(&quot;5105105105105100&quot;, true)" testId="d3f05500890def04" isPrimary="false" isTestCase="true" isDynamic="false">
                        <codeReference assembly="SubSonic.Tests, Version=2.2.1.0, Culture=neutral, PublicKeyToken=null" namespace="SubSonic.Tests" type="SubSonic.Tests.SugarTests" member="Validation_IsCreditCardAny" />
                        <codeLocation path="C:\data\SubsonicRoot\ss2\SubSonic.Tests\SugarTests.cs" line="155" />
                        <metadata>
                          <entry key="TestKind">
                            <value>Test</value>
                          </entry>
                        </metadata>
                      </testStep>
                      <children />
                      <result assertCount="1" duration="0.0002125">
                        <outcome status="passed" />
                      </result>
                      <testLog>
                        <streams />
                        <attachments />
                      </testLog>
                    </testStepRun>
                    <testStepRun startTime="2011-08-05T13:40:03.9774705+09:30" endTime="2011-08-05T13:40:03.9774705+09:30">
                      <testStep id="348dab33fdf9bdfc" name="Validation_IsCreditCardAny(&quot;5555555555554444&quot;, true)" fullName="SubSonic.Tests/SugarTests/Validation_IsCreditCardAny/Validation_IsCreditCardAny(&quot;5555555555554444&quot;, true)" testId="d3f05500890def04" isPrimary="false" isTestCase="true" isDynamic="false">
                        <codeReference assembly="SubSonic.Tests, Version=2.2.1.0, Culture=neutral, PublicKeyToken=null" namespace="SubSonic.Tests" type="SubSonic.Tests.SugarTests" member="Validation_IsCreditCardAny" />
                        <codeLocation path="C:\data\SubsonicRoot\ss2\SubSonic.Tests\SugarTests.cs" line="155" />
                        <metadata>
                          <entry key="TestKind">
                            <value>Test</value>
                          </entry>
                        </metadata>
                      </testStep>
                      <children />
                      <result assertCount="1" duration="0.0007183">
                        <outcome status="passed" />
                      </result>
                      <testLog>
                        <streams />
                        <attachments />
                      </testLog>
                    </testStepRun>
                    <testStepRun startTime="2011-08-05T13:40:03.9774705+09:30" endTime="2011-08-05T13:40:03.9930955+09:30">
                      <testStep id="c16971139bf3fe13" name="Validation_IsCreditCardAny(&quot;0000000000000000&quot;, false)" fullName="SubSonic.Tests/SugarTests/Validation_IsCreditCardAny/Validation_IsCreditCardAny(&quot;0000000000000000&quot;, false)" testId="d3f05500890def04" isPrimary="false" isTestCase="true" isDynamic="false">
                        <codeReference assembly="SubSonic.Tests, Version=2.2.1.0, Culture=neutral, PublicKeyToken=null" namespace="SubSonic.Tests" type="SubSonic.Tests.SugarTests" member="Validation_IsCreditCardAny" />
                        <codeLocation path="C:\data\SubsonicRoot\ss2\SubSonic.Tests\SugarTests.cs" line="155" />
                        <metadata>
                          <entry key="TestKind">
                            <value>Test</value>
                          </entry>
                        </metadata>
                      </testStep>
                      <children />
                      <result assertCount="1" duration="0.0002386">
                        <outcome status="passed" />
                      </result>
                      <testLog>
                        <streams />
                        <attachments />
                      </testLog>
                    </testStepRun>
                    <testStepRun startTime="2011-08-05T13:40:03.9930955+09:30" endTime="2011-08-05T13:40:04.0087205+09:30">
                      <testStep id="74055191ce83196a" name="Validation_IsCreditCardAny(&quot;4222222222222&quot;, true)" fullName="SubSonic.Tests/SugarTests/Validation_IsCreditCardAny/Validation_IsCreditCardAny(&quot;4222222222222&quot;, true)" testId="d3f05500890def04" isPrimary="false" isTestCase="true" isDynamic="false">
                        <codeReference assembly="SubSonic.Tests, Version=2.2.1.0, Culture=neutral, PublicKeyToken=null" namespace="SubSonic.Tests" type="SubSonic.Tests.SugarTests" member="Validation_IsCreditCardAny" />
                        <codeLocation path="C:\data\SubsonicRoot\ss2\SubSonic.Tests\SugarTests.cs" line="155" />
                        <metadata>
                          <entry key="TestKind">
                            <value>Test</value>
                          </entry>
                        </metadata>
                      </testStep>
                      <children />
                      <result assertCount="1" duration="0.00024329999999999998">
                        <outcome status="passed" />
                      </result>
                      <testLog>
                        <streams />
                        <attachments />
                      </testLog>
                    </testStepRun>
                    <testStepRun startTime="2011-08-05T13:40:04.0087205+09:30" endTime="2011-08-05T13:40:04.0087205+09:30">
                      <testStep id="bf94af87ec62cce3" name="Validation_IsCreditCardAny(&quot;6011000990139424&quot;, true)" fullName="SubSonic.Tests/SugarTests/Validation_IsCreditCardAny/Validation_IsCreditCardAny(&quot;6011000990139424&quot;, true)" testId="d3f05500890def04" isPrimary="false" isTestCase="true" isDynamic="false">
                        <codeReference assembly="SubSonic.Tests, Version=2.2.1.0, Culture=neutral, PublicKeyToken=null" namespace="SubSonic.Tests" type="SubSonic.Tests.SugarTests" member="Validation_IsCreditCardAny" />
                        <codeLocation path="C:\data\SubsonicRoot\ss2\SubSonic.Tests\SugarTests.cs" line="155" />
                        <metadata>
                          <entry key="TestKind">
                            <value>Test</value>
                          </entry>
                        </metadata>
                      </testStep>
                      <children />
                      <result assertCount="1" duration="0.0002002">
                        <outcome status="passed" />
                      </result>
                      <testLog>
                        <streams />
                        <attachments />
                      </testLog>
                    </testStepRun>
                    <testStepRun startTime="2011-08-05T13:40:04.0087205+09:30" endTime="2011-08-05T13:40:04.0243455+09:30">
                      <testStep id="5984a5366d68a126" name="Validation_IsCreditCardAny(&quot;4111-1111-1111-1111&quot;, true)" fullName="SubSonic.Tests/SugarTests/Validation_IsCreditCardAny/Validation_IsCreditCardAny(&quot;4111-1111-1111-1111&quot;, true)" testId="d3f05500890def04" isPrimary="false" isTestCase="true" isDynamic="false">
                        <codeReference assembly="SubSonic.Tests, Version=2.2.1.0, Culture=neutral, PublicKeyToken=null" namespace="SubSonic.Tests" type="SubSonic.Tests.SugarTests" member="Validation_IsCreditCardAny" />
                        <codeLocation path="C:\data\SubsonicRoot\ss2\SubSonic.Tests\SugarTests.cs" line="155" />
                        <metadata>
                          <entry key="TestKind">
                            <value>Test</value>
                          </entry>
                        </metadata>
                      </testStep>
                      <children />
                      <result assertCount="1" duration="0.00031549999999999997">
                        <outcome status="passed" />
                      </result>
                      <testLog>
                        <streams />
                        <attachments />
                      </testLog>
                    </testStepRun>
                    <testStepRun startTime="2011-08-05T13:40:04.0243455+09:30" endTime="2011-08-05T13:40:04.0243455+09:30">
                      <testStep id="6a4bbde6a741315d" name="Validation_IsCreditCardAny(&quot;371449635398431&quot;, true)" fullName="SubSonic.Tests/SugarTests/Validation_IsCreditCardAny/Validation_IsCreditCardAny(&quot;371449635398431&quot;, true)" testId="d3f05500890def04" isPrimary="false" isTestCase="true" isDynamic="false">
                        <codeReference assembly="SubSonic.Tests, Version=2.2.1.0, Culture=neutral, PublicKeyToken=null" namespace="SubSonic.Tests" type="SubSonic.Tests.SugarTests" member="Validation_IsCreditCardAny" />
                        <codeLocation path="C:\data\SubsonicRoot\ss2\SubSonic.Tests\SugarTests.cs" line="155" />
                        <metadata>
                          <entry key="TestKind">
                            <value>Test</value>
                          </entry>
                        </metadata>
                      </testStep>
                      <children />
                      <result assertCount="1" duration="0.0002219">
                        <outcome status="passed" />
                      </result>
                      <testLog>
                        <streams />
                        <attachments />
                      </testLog>
                    </testStepRun>
                    <testStepRun startTime="2011-08-05T13:40:04.0243455+09:30" endTime="2011-08-05T13:40:04.0399705+09:30">
                      <testStep id="e1bc0f75163a5b55" name="Validation_IsCreditCardAny(&quot;378734493671000&quot;, true)" fullName="SubSonic.Tests/SugarTests/Validation_IsCreditCardAny/Validation_IsCreditCardAny(&quot;378734493671000&quot;, true)" testId="d3f05500890def04" isPrimary="false" isTestCase="true" isDynamic="false">
                        <codeReference assembly="SubSonic.Tests, Version=2.2.1.0, Culture=neutral, PublicKeyToken=null" namespace="SubSonic.Tests" type="SubSonic.Tests.SugarTests" member="Validation_IsCreditCardAny" />
                        <codeLocation path="C:\data\SubsonicRoot\ss2\SubSonic.Tests\SugarTests.cs" line="155" />
                        <metadata>
                          <entry key="TestKind">
                            <value>Test</value>
                          </entry>
                        </metadata>
                      </testStep>
                      <children />
                      <result assertCount="1" duration="0.000212">
                        <outcome status="passed" />
                      </result>
                      <testLog>
                        <streams />
                        <attachments />
                      </testLog>
                    </testStepRun>
                    <testStepRun startTime="2011-08-05T13:40:04.0399705+09:30" endTime="2011-08-05T13:40:04.0555955+09:30">
                      <testStep id="28dc2e388dd9d973" name="Validation_IsCreditCardAny(&quot;378282246310005&quot;, true)" fullName="SubSonic.Tests/SugarTests/Validation_IsCreditCardAny/Validation_IsCreditCardAny(&quot;378282246310005&quot;, true)" testId="d3f05500890def04" isPrimary="false" isTestCase="true" isDynamic="false">
                        <codeReference assembly="SubSonic.Tests, Version=2.2.1.0, Culture=neutral, PublicKeyToken=null" namespace="SubSonic.Tests" type="SubSonic.Tests.SugarTests" member="Validation_IsCreditCardAny" />
                        <codeLocation path="C:\data\SubsonicRoot\ss2\SubSonic.Tests\SugarTests.cs" line="155" />
                        <metadata>
                          <entry key="TestKind">
                            <value>Test</value>
                          </entry>
                        </metadata>
                      </testStep>
                      <children />
                      <result assertCount="1" duration="0.0003716">
                        <outcome status="passed" />
                      </result>
                      <testLog>
                        <streams />
                        <attachments />
                      </testLog>
                    </testStepRun>
                    <testStepRun startTime="2011-08-05T13:40:04.0555955+09:30" endTime="2011-08-05T13:40:04.0555955+09:30">
                      <testStep id="315dae74f3a58576" name="Validation_IsCreditCardAny(&quot;3566002020360505&quot;, true)" fullName="SubSonic.Tests/SugarTests/Validation_IsCreditCardAny/Validation_IsCreditCardAny(&quot;3566002020360505&quot;, true)" testId="d3f05500890def04" isPrimary="false" isTestCase="true" isDynamic="false">
                        <codeReference assembly="SubSonic.Tests, Version=2.2.1.0, Culture=neutral, PublicKeyToken=null" namespace="SubSonic.Tests" type="SubSonic.Tests.SugarTests" member="Validation_IsCreditCardAny" />
                        <codeLocation path="C:\data\SubsonicRoot\ss2\SubSonic.Tests\SugarTests.cs" line="155" />
                        <metadata>
                          <entry key="TestKind">
                            <value>Test</value>
                          </entry>
                        </metadata>
                      </testStep>
                      <children />
                      <result assertCount="1" duration="0.0003635">
                        <outcome status="passed" />
                      </result>
                      <testLog>
                        <streams />
                        <attachments />
                      </testLog>
                    </testStepRun>
                    <testStepRun startTime="2011-08-05T13:40:04.0555955+09:30" endTime="2011-08-05T13:40:04.0712205+09:30">
                      <testStep id="42e87699b472d530" name="Validation_IsCreditCardAny(&quot;3530111333300000&quot;, true)" fullName="SubSonic.Tests/SugarTests/Validation_IsCreditCardAny/Validation_IsCreditCardAny(&quot;3530111333300000&quot;, true)" testId="d3f05500890def04" isPrimary="false" isTestCase="true" isDynamic="false">
                        <codeReference assembly="SubSonic.Tests, Version=2.2.1.0, Culture=neutral, PublicKeyToken=null" namespace="SubSonic.Tests" type="SubSonic.Tests.SugarTests" member="Validation_IsCreditCardAny" />
                        <codeLocation path="C:\data\SubsonicRoot\ss2\SubSonic.Tests\SugarTests.cs" line="155" />
                        <metadata>
                          <entry key="TestKind">
                            <value>Test</value>
                          </entry>
                        </metadata>
                      </testStep>
                      <children />
                      <result assertCount="1" duration="0.0002807">
                        <outcome status="passed" />
                      </result>
                      <testLog>
                        <streams />
                        <attachments />
                      </testLog>
                    </testStepRun>
                  </children>
                  <result assertCount="22" duration="0.079332">
                    <outcome status="passed" />
                  </result>
                  <testLog>
                    <streams />
                    <attachments />
                  </testLog>
                </testStepRun>
              </children>
              <result assertCount="52" duration="0.3040431">
                <outcome status="passed" />
              </result>
              <testLog>
                <streams />
                <attachments />
              </testLog>
            </testStepRun>
            <testStepRun startTime="2011-08-05T13:40:04.0868455+09:30" endTime="2011-08-05T13:40:04.1962205+09:30">
              <testStep id="b3a03f0397010e37" name="TransactionTests" fullName="SubSonic.Tests/TransactionTests" testId="a55b2e3f81298baf" isPrimary="true" isTestCase="false" isDynamic="false">
                <codeReference assembly="SubSonic.Tests, Version=2.2.1.0, Culture=neutral, PublicKeyToken=null" namespace="SubSonic.Tests" type="SubSonic.Tests.TransactionTests" />
                <codeLocation path="C:\data\SubsonicRoot\ss2\SubSonic.Tests\TransactionTests.cs" />
                <metadata>
                  <entry key="TestKind">
                    <value>Fixture</value>
                  </entry>
                </metadata>
              </testStep>
              <children>
                <testStepRun startTime="2011-08-05T13:40:04.0868455+09:30" endTime="2011-08-05T13:40:04.1024705+09:30">
                  <testStep id="be60113c50e190b" name="Transaction_CommitProduct" fullName="SubSonic.Tests/TransactionTests/Transaction_CommitProduct" testId="62339cc90cadd0f1" isPrimary="true" isTestCase="true" isDynamic="false">
                    <codeReference assembly="SubSonic.Tests, Version=2.2.1.0, Culture=neutral, PublicKeyToken=null" namespace="SubSonic.Tests" type="SubSonic.Tests.TransactionTests" member="Transaction_CommitProduct" />
                    <codeLocation path="C:\data\SubsonicRoot\ss2\SubSonic.Tests\TransactionTests.cs" line="75" />
                    <metadata>
                      <entry key="TestKind">
                        <value>Test</value>
                      </entry>
                    </metadata>
                  </testStep>
                  <children />
                  <result assertCount="1" duration="0.2055546">
                    <outcome status="passed" />
                  </result>
                  <testLog>
                    <streams />
                    <attachments />
                  </testLog>
                </testStepRun>
                <testStepRun startTime="2011-08-05T13:40:04.1180955+09:30" endTime="2011-08-05T13:40:04.1493455+09:30">
                  <testStep id="f5cf597a542d05e7" name="Transaction_RollbackProduct" fullName="SubSonic.Tests/TransactionTests/Transaction_RollbackProduct" testId="7a4c3c6601f21a91" isPrimary="true" isTestCase="true" isDynamic="false">
                    <codeReference assembly="SubSonic.Tests, Version=2.2.1.0, Culture=neutral, PublicKeyToken=null" namespace="SubSonic.Tests" type="SubSonic.Tests.TransactionTests" member="Transaction_RollbackProduct" />
                    <codeLocation path="C:\data\SubsonicRoot\ss2\SubSonic.Tests\TransactionTests.cs" line="56" />
                    <metadata>
                      <entry key="TestKind">
                        <value>Test</value>
                      </entry>
                    </metadata>
                  </testStep>
                  <children />
                  <result assertCount="1" duration="0.0226058">
                    <outcome status="passed" />
                  </result>
                  <testLog>
                    <streams />
                    <attachments />
                  </testLog>
                </testStepRun>
              </children>
              <result assertCount="2" duration="0.2631959">
                <outcome status="passed" />
              </result>
              <testLog>
                <streams />
                <attachments />
              </testLog>
            </testStepRun>
            <testStepRun startTime="2011-08-05T13:40:04.1962205+09:30" endTime="2011-08-05T13:40:04.2430955+09:30">
              <testStep id="3fd40afeb5076461" name="TransactionTests" fullName="SubSonic.Tests/TransactionTests" testId="a42c7aab47bd124a" isPrimary="true" isTestCase="false" isDynamic="false">
                <codeReference assembly="SubSonic.Tests, Version=2.2.1.0, Culture=neutral, PublicKeyToken=null" namespace="SubSonic.Tests.SqlQuery" type="SubSonic.Tests.SqlQuery.TransactionTests" />
                <codeLocation path="C:\data\SubsonicRoot\ss2\SubSonic.Tests\SqlQuery\TransactionTests.cs" />
                <metadata>
                  <entry key="TestKind">
                    <value>Fixture</value>
                  </entry>
                </metadata>
              </testStep>
              <children>
                <testStepRun startTime="2011-08-05T13:40:04.2118455+09:30" endTime="2011-08-05T13:40:04.2274705+09:30">
                  <testStep id="2d22a41a8eaf48c5" name="Transaction_Simple" fullName="SubSonic.Tests/TransactionTests/Transaction_Simple" testId="ce0ea0d4bbeba445" isPrimary="true" isTestCase="true" isDynamic="false">
                    <codeReference assembly="SubSonic.Tests, Version=2.2.1.0, Culture=neutral, PublicKeyToken=null" namespace="SubSonic.Tests.SqlQuery" type="SubSonic.Tests.SqlQuery.TransactionTests" member="Transaction_Simple" />
                    <codeLocation path="C:\data\SubsonicRoot\ss2\SubSonic.Tests\SqlQuery\TransactionTests.cs" line="27" />
                    <metadata>
                      <entry key="TestKind">
                        <value>Test</value>
                      </entry>
                    </metadata>
                  </testStep>
                  <children />
                  <result assertCount="0" duration="0.024971399999999998">
                    <outcome status="passed" />
                  </result>
                  <testLog>
                    <streams />
                    <attachments />
                  </testLog>
                </testStepRun>
              </children>
              <result assertCount="0" duration="0.0320034">
                <outcome status="passed" />
              </result>
              <testLog>
                <streams />
                <attachments />
              </testLog>
            </testStepRun>
            <testStepRun startTime="2011-08-05T13:40:04.2587205+09:30" endTime="2011-08-05T13:40:07.0399705+09:30">
              <testStep id="7a424f225428506c" name="TransactionWithDtcOffTests" fullName="SubSonic.Tests/TransactionWithDtcOffTests" testId="880abdbef59a7034" isPrimary="true" isTestCase="false" isDynamic="false">
                <codeReference assembly="SubSonic.Tests, Version=2.2.1.0, Culture=neutral, PublicKeyToken=null" namespace="SubSonic.Tests" type="SubSonic.Tests.TransactionWithDtcOffTests" />
                <codeLocation path="C:\data\SubsonicRoot\ss2\SubSonic.Tests\TransactionWithDtcOffTests.cs" />
                <metadata>
                  <entry key="TestKind">
                    <value>Fixture</value>
                  </entry>
                </metadata>
              </testStep>
              <children>
                <testStepRun startTime="2011-08-05T13:40:05.1805955+09:30" endTime="2011-08-05T13:40:05.4618455+09:30">
                  <testStep id="e7f9254f919d341c" name="CanNestSharedConnections" fullName="SubSonic.Tests/TransactionWithDtcOffTests/CanNestSharedConnections" testId="bf6fc463aa4691af" isPrimary="true" isTestCase="true" isDynamic="false">
                    <codeReference assembly="SubSonic.Tests, Version=2.2.1.0, Culture=neutral, PublicKeyToken=null" namespace="SubSonic.Tests" type="SubSonic.Tests.TransactionWithDtcOffTests" member="CanNestSharedConnections" />
                    <codeLocation path="C:\data\SubsonicRoot\ss2\SubSonic.Tests\TransactionWithDtcOffTests.cs" line="288" />
                    <metadata>
                      <entry key="TestKind">
                        <value>Test</value>
                      </entry>
                    </metadata>
                  </testStep>
                  <children />
                  <result assertCount="6" duration="0.3349301">
                    <outcome status="passed" />
                  </result>
                  <testLog>
                    <streams />
                    <attachments />
                  </testLog>
                </testStepRun>
                <testStepRun startTime="2011-08-05T13:40:05.5243455+09:30" endTime="2011-08-05T13:40:05.8837205+09:30">
                  <testStep id="64b93c4609a158f4" name="CanRetrieveMultipleEntities_FailsWithoutSharedConnectionScope" fullName="SubSonic.Tests/TransactionWithDtcOffTests/CanRetrieveMultipleEntities_FailsWithoutSharedConnectionScope" testId="33bc997a3d7805bc" isPrimary="true" isTestCase="true" isDynamic="false">
                    <codeReference assembly="SubSonic.Tests, Version=2.2.1.0, Culture=neutral, PublicKeyToken=null" namespace="SubSonic.Tests" type="SubSonic.Tests.TransactionWithDtcOffTests" member="CanRetrieveMultipleEntities_FailsWithoutSharedConnectionScope" />
                    <codeLocation path="C:\data\SubsonicRoot\ss2\SubSonic.Tests\TransactionWithDtcOffTests.cs" line="104" />
                    <metadata>
                      <entry key="TestKind">
                        <value>Test</value>
                      </entry>
                    </metadata>
                  </testStep>
                  <children />
                  <result assertCount="1" duration="0.3631213">
                    <outcome status="passed" />
                  </result>
                  <testLog>
                    <streams />
                    <attachments />
                  </testLog>
                </testStepRun>
                <testStepRun startTime="2011-08-05T13:40:05.8837205+09:30" endTime="2011-08-05T13:40:05.8993455+09:30">
                  <testStep id="eed8ebf6f7ed6cf" name="CanRetrieveMultipleEntities_SucceedsWithSharedConnectionScope" fullName="SubSonic.Tests/TransactionWithDtcOffTests/CanRetrieveMultipleEntities_SucceedsWithSharedConnectionScope" testId="710aa2d766b9c833" isPrimary="true" isTestCase="true" isDynamic="false">
                    <codeReference assembly="SubSonic.Tests, Version=2.2.1.0, Culture=neutral, PublicKeyToken=null" namespace="SubSonic.Tests" type="SubSonic.Tests.TransactionWithDtcOffTests" member="CanRetrieveMultipleEntities_SucceedsWithSharedConnectionScope" />
                    <codeLocation path="C:\data\SubsonicRoot\ss2\SubSonic.Tests\TransactionWithDtcOffTests.cs" line="135" />
                    <metadata>
                      <entry key="TestKind">
                        <value>Test</value>
                      </entry>
                    </metadata>
                  </testStep>
                  <children />
                  <result assertCount="4" duration="0.0144817">
                    <outcome status="passed" />
                  </result>
                  <testLog>
                    <streams />
                    <attachments />
                  </testLog>
                </testStepRun>
                <testStepRun startTime="2011-08-05T13:40:05.8993455+09:30" endTime="2011-08-05T13:40:05.9149705+09:30">
                  <testStep id="4ceff05078ba1eb0" name="NoTransactionScope_CanRetrieveMultipleProducts" fullName="SubSonic.Tests/TransactionWithDtcOffTests/NoTransactionScope_CanRetrieveMultipleProducts" testId="974661575d438355" isPrimary="true" isTestCase="true" isDynamic="false">
                    <codeReference assembly="SubSonic.Tests, Version=2.2.1.0, Culture=neutral, PublicKeyToken=null" namespace="SubSonic.Tests" type="SubSonic.Tests.TransactionWithDtcOffTests" member="NoTransactionScope_CanRetrieveMultipleProducts" />
                    <codeLocation path="C:\data\SubsonicRoot\ss2\SubSonic.Tests\TransactionWithDtcOffTests.cs" line="65" />
                    <metadata>
                      <entry key="TestKind">
                        <value>Test</value>
                      </entry>
                    </metadata>
                  </testStep>
                  <children />
                  <result assertCount="2" duration="0.0101218">
                    <outcome status="passed" />
                  </result>
                  <testLog>
                    <streams />
                    <attachments />
                  </testLog>
                </testStepRun>
                <testStepRun startTime="2011-08-05T13:40:05.9305955+09:30" endTime="2011-08-05T13:40:05.9305955+09:30">
                  <testStep id="29ac218310f4270e" name="NoTransactionScope_CanRetrieveSingleProduct" fullName="SubSonic.Tests/TransactionWithDtcOffTests/NoTransactionScope_CanRetrieveSingleProduct" testId="9053402acf9b34da" isPrimary="true" isTestCase="true" isDynamic="false">
                    <codeReference assembly="SubSonic.Tests, Version=2.2.1.0, Culture=neutral, PublicKeyToken=null" namespace="SubSonic.Tests" type="SubSonic.Tests.TransactionWithDtcOffTests" member="NoTransactionScope_CanRetrieveSingleProduct" />
                    <codeLocation path="C:\data\SubsonicRoot\ss2\SubSonic.Tests\TransactionWithDtcOffTests.cs" line="55" />
                    <metadata>
                      <entry key="TestKind">
                        <value>Test</value>
                      </entry>
                    </metadata>
                  </testStep>
                  <children />
                  <result assertCount="1" duration="0.0106851">
                    <outcome status="passed" />
                  </result>
                  <testLog>
                    <streams />
                    <attachments />
                  </testLog>
                </testStepRun>
                <testStepRun startTime="2011-08-05T13:40:05.9462205+09:30" endTime="2011-08-05T13:40:05.9618455+09:30">
                  <testStep id="686f2554d23c6614" name="RetrieveMultipleProducts_FailsWithoutSharedConnection" fullName="SubSonic.Tests/TransactionWithDtcOffTests/RetrieveMultipleProducts_FailsWithoutSharedConnection" testId="d05195082be18aed" isPrimary="true" isTestCase="true" isDynamic="false">
                    <codeReference assembly="SubSonic.Tests, Version=2.2.1.0, Culture=neutral, PublicKeyToken=null" namespace="SubSonic.Tests" type="SubSonic.Tests.TransactionWithDtcOffTests" member="RetrieveMultipleProducts_FailsWithoutSharedConnection" />
                    <codeLocation path="C:\data\SubsonicRoot\ss2\SubSonic.Tests\TransactionWithDtcOffTests.cs" line="78" />
                    <metadata>
                      <entry key="TestKind">
                        <value>Test</value>
                      </entry>
                    </metadata>
                  </testStep>
                  <children />
                  <result assertCount="1" duration="0.0182179">
                    <outcome status="passed" />
                  </result>
                  <testLog>
                    <streams />
                    <attachments />
                  </testLog>
                </testStepRun>
                <testStepRun startTime="2011-08-05T13:40:05.9774705+09:30" endTime="2011-08-05T13:40:05.9930955+09:30">
                  <testStep id="19113166b145b621" name="UpdateMultipleProducts_FailsWithoutSharedConnection" fullName="SubSonic.Tests/TransactionWithDtcOffTests/UpdateMultipleProducts_FailsWithoutSharedConnection" testId="2bfb29567a8c1e0a" isPrimary="true" isTestCase="true" isDynamic="false">
                    <codeReference assembly="SubSonic.Tests, Version=2.2.1.0, Culture=neutral, PublicKeyToken=null" namespace="SubSonic.Tests" type="SubSonic.Tests.TransactionWithDtcOffTests" member="UpdateMultipleProducts_FailsWithoutSharedConnection" />
                    <codeLocation path="C:\data\SubsonicRoot\ss2\SubSonic.Tests\TransactionWithDtcOffTests.cs" line="243" />
                    <metadata>
                      <entry key="TestKind">
                        <value>Test</value>
                      </entry>
                    </metadata>
                  </testStep>
                  <children />
                  <result assertCount="1" duration="0.025143099999999998">
                    <outcome status="passed" />
                  </result>
                  <testLog>
                    <streams />
                    <attachments />
                  </testLog>
                </testStepRun>
                <testStepRun startTime="2011-08-05T13:40:06.0087205+09:30" endTime="2011-08-05T13:40:06.0399705+09:30">
                  <testStep id="b9f560bbd70b8e06" name="UpdateMultipleProducts_SucceedsWithSharedConnection" fullName="SubSonic.Tests/TransactionWithDtcOffTests/UpdateMultipleProducts_SucceedsWithSharedConnection" testId="cf8c2b87e86a6e43" isPrimary="true" isTestCase="true" isDynamic="false">
                    <codeReference assembly="SubSonic.Tests, Version=2.2.1.0, Culture=neutral, PublicKeyToken=null" namespace="SubSonic.Tests" type="SubSonic.Tests.TransactionWithDtcOffTests" member="UpdateMultipleProducts_SucceedsWithSharedConnection" />
                    <codeLocation path="C:\data\SubsonicRoot\ss2\SubSonic.Tests\TransactionWithDtcOffTests.cs" line="266" />
                    <metadata>
                      <entry key="TestKind">
                        <value>Test</value>
                      </entry>
                    </metadata>
                  </testStep>
                  <children />
                  <result assertCount="2" duration="0.023419199999999998">
                    <outcome status="passed" />
                  </result>
                  <testLog>
                    <streams />
                    <attachments />
                  </testLog>
                </testStepRun>
                <testStepRun startTime="2011-08-05T13:40:06.0555955+09:30" endTime="2011-08-05T13:40:06.1024705+09:30">
                  <testStep id="a0269c565b7b6010" name="UpdateSingleProduct_CommitChangeToDatabase" fullName="SubSonic.Tests/TransactionWithDtcOffTests/UpdateSingleProduct_CommitChangeToDatabase" testId="f61847d15bae9d7c" isPrimary="true" isTestCase="true" isDynamic="false">
                    <codeReference assembly="SubSonic.Tests, Version=2.2.1.0, Culture=neutral, PublicKeyToken=null" namespace="SubSonic.Tests" type="SubSonic.Tests.TransactionWithDtcOffTests" member="UpdateSingleProduct_CommitChangeToDatabase" />
                    <codeLocation path="C:\data\SubsonicRoot\ss2\SubSonic.Tests\TransactionWithDtcOffTests.cs" line="219" />
                    <metadata>
                      <entry key="TestKind">
                        <value>Test</value>
                      </entry>
                    </metadata>
                  </testStep>
                  <children />
                  <result assertCount="1" duration="0.0637981">
                    <outcome status="passed" />
                  </result>
                  <testLog>
                    <streams />
                    <attachments />
                  </testLog>
                </testStepRun>
                <testStepRun startTime="2011-08-05T13:40:06.1024705+09:30" endTime="2011-08-05T13:40:06.1180955+09:30">
                  <testStep id="bd76dde9648292f9" name="UpdateSingleProduct_SucceedsUsingSharedConnection" fullName="SubSonic.Tests/TransactionWithDtcOffTests/UpdateSingleProduct_SucceedsUsingSharedConnection" testId="c1645f8c4a9f20ab" isPrimary="true" isTestCase="true" isDynamic="false">
                    <codeReference assembly="SubSonic.Tests, Version=2.2.1.0, Culture=neutral, PublicKeyToken=null" namespace="SubSonic.Tests" type="SubSonic.Tests.TransactionWithDtcOffTests" member="UpdateSingleProduct_SucceedsUsingSharedConnection" />
                    <codeLocation path="C:\data\SubsonicRoot\ss2\SubSonic.Tests\TransactionWithDtcOffTests.cs" line="159" />
                    <metadata>
                      <entry key="TestKind">
                        <value>Test</value>
                      </entry>
                    </metadata>
                  </testStep>
                  <children />
                  <result assertCount="0" duration="0.0132147">
                    <outcome status="passed" />
                  </result>
                  <testLog>
                    <streams />
                    <attachments />
                  </testLog>
                </testStepRun>
                <testStepRun startTime="2011-08-05T13:40:06.1180955+09:30" endTime="2011-08-05T13:40:06.1493455+09:30">
                  <testStep id="ca5f41b98893238b" name="UpdateSingleProductRetrieveMultipleProducts_FailsWithoutSharedConnection" fullName="SubSonic.Tests/TransactionWithDtcOffTests/UpdateSingleProductRetrieveMultipleProducts_FailsWithoutSharedConnection" testId="8e42c869bec9e786" isPrimary="true" isTestCase="true" isDynamic="false">
                    <codeReference assembly="SubSonic.Tests, Version=2.2.1.0, Culture=neutral, PublicKeyToken=null" namespace="SubSonic.Tests" type="SubSonic.Tests.TransactionWithDtcOffTests" member="UpdateSingleProductRetrieveMultipleProducts_FailsWithoutSharedConnection" />
                    <codeLocation path="C:\data\SubsonicRoot\ss2\SubSonic.Tests\TransactionWithDtcOffTests.cs" line="172" />
                    <metadata>
                      <entry key="TestKind">
                        <value>Test</value>
                      </entry>
                    </metadata>
                  </testStep>
                  <children />
                  <result assertCount="1" duration="0.021175199999999998">
                    <outcome status="passed" />
                  </result>
                  <testLog>
                    <streams />
                    <attachments />
                  </testLog>
                </testStepRun>
                <testStepRun startTime="2011-08-05T13:40:06.1493455+09:30" endTime="2011-08-05T13:40:06.1649705+09:30">
                  <testStep id="d6669b803abde917" name="UpdateSingleProductRetrieveMultipleProducts_SucceedsWithSharedConnection" fullName="SubSonic.Tests/TransactionWithDtcOffTests/UpdateSingleProductRetrieveMultipleProducts_SucceedsWithSharedConnection" testId="32f81b0fb6408d6e" isPrimary="true" isTestCase="true" isDynamic="false">
                    <codeReference assembly="SubSonic.Tests, Version=2.2.1.0, Culture=neutral, PublicKeyToken=null" namespace="SubSonic.Tests" type="SubSonic.Tests.TransactionWithDtcOffTests" member="UpdateSingleProductRetrieveMultipleProducts_SucceedsWithSharedConnection" />
                    <codeLocation path="C:\data\SubsonicRoot\ss2\SubSonic.Tests\TransactionWithDtcOffTests.cs" line="197" />
                    <metadata>
                      <entry key="TestKind">
                        <value>Test</value>
                      </entry>
                    </metadata>
                  </testStep>
                  <children />
                  <result assertCount="1" duration="0.010024499999999999">
                    <outcome status="passed" />
                  </result>
                  <testLog>
                    <streams />
                    <attachments />
                  </testLog>
                </testStepRun>
              </children>
              <result assertCount="21" duration="3.294971">
                <outcome status="passed" />
              </result>
              <testLog>
                <streams />
                <attachments />
              </testLog>
            </testStepRun>
            <testStepRun startTime="2011-08-05T13:40:07.0399705+09:30" endTime="2011-08-05T13:40:07.0712205+09:30">
              <testStep id="cdd73e7e156bd858" name="TurboTemplateTests" fullName="SubSonic.Tests/TurboTemplateTests" testId="830415a07fe92f82" isPrimary="true" isTestCase="false" isDynamic="false">
                <codeReference assembly="SubSonic.Tests, Version=2.2.1.0, Culture=neutral, PublicKeyToken=null" namespace="SubSonic.Tests" type="SubSonic.Tests.TurboTemplateTests" />
                <codeLocation path="C:\data\SubsonicRoot\ss2\SubSonic.Tests\TurboTemplateTests.cs" />
                <metadata>
                  <entry key="TestKind">
                    <value>Fixture</value>
                  </entry>
                </metadata>
              </testStep>
              <children>
                <testStepRun startTime="2011-08-05T13:40:07.0555955+09:30" endTime="2011-08-05T13:40:07.0555955+09:30">
                  <testStep id="5e626ca57fbaeffc" name="AssemblyDirectiveIsStrippedFromTemplate" fullName="SubSonic.Tests/TurboTemplateTests/AssemblyDirectiveIsStrippedFromTemplate" testId="47fa02932e4efe5c" isPrimary="true" isTestCase="true" isDynamic="false">
                    <codeReference assembly="SubSonic.Tests, Version=2.2.1.0, Culture=neutral, PublicKeyToken=null" namespace="SubSonic.Tests" type="SubSonic.Tests.TurboTemplateTests" member="AssemblyDirectiveIsStrippedFromTemplate" />
                    <codeLocation path="C:\data\SubsonicRoot\ss2\SubSonic.Tests\TurboTemplateTests.cs" line="45" />
                    <metadata>
                      <entry key="TestKind">
                        <value>Test</value>
                      </entry>
                    </metadata>
                  </testStep>
                  <children />
                  <result assertCount="1" duration="0.0056061">
                    <outcome status="passed" />
                  </result>
                  <testLog>
                    <streams />
                    <attachments />
                  </testLog>
                </testStepRun>
              </children>
              <result assertCount="1" duration="0.013323">
                <outcome status="passed" />
              </result>
              <testLog>
                <streams />
                <attachments />
              </testLog>
            </testStepRun>
            <testStepRun startTime="2011-08-05T13:40:07.0712205+09:30" endTime="2011-08-05T13:40:07.1337205+09:30">
              <testStep id="719773c0ad118045" name="UpdateTests" fullName="SubSonic.Tests/UpdateTests" testId="6588e506eeb48f18" isPrimary="true" isTestCase="false" isDynamic="false">
                <codeReference assembly="SubSonic.Tests, Version=2.2.1.0, Culture=neutral, PublicKeyToken=null" namespace="SubSonic.Tests.SqlQuery" type="SubSonic.Tests.SqlQuery.UpdateTests" />
                <codeLocation path="C:\data\SubsonicRoot\ss2\SubSonic.Tests\SqlQuery\UpdateTests.cs" />
                <metadata>
                  <entry key="TestKind">
                    <value>Fixture</value>
                  </entry>
                </metadata>
              </testStep>
              <children>
                <testStepRun startTime="2011-08-05T13:40:07.0712205+09:30" endTime="2011-08-05T13:40:07.1024705+09:30">
                  <testStep id="976da3e61fe86b38" name="Update_Expression" fullName="SubSonic.Tests/UpdateTests/Update_Expression" testId="1c84229c354ae60d" isPrimary="true" isTestCase="true" isDynamic="false">
                    <codeReference assembly="SubSonic.Tests, Version=2.2.1.0, Culture=neutral, PublicKeyToken=null" namespace="SubSonic.Tests.SqlQuery" type="SubSonic.Tests.SqlQuery.UpdateTests" member="Update_Expression" />
                    <codeLocation path="C:\data\SubsonicRoot\ss2\SubSonic.Tests\SqlQuery\UpdateTests.cs" line="52" />
                    <metadata>
                      <entry key="TestKind">
                        <value>Test</value>
                      </entry>
                    </metadata>
                  </testStep>
                  <children />
                  <result assertCount="2" duration="0.0260437">
                    <outcome status="passed" />
                  </result>
                  <testLog>
                    <streams />
                    <attachments />
                  </testLog>
                </testStepRun>
                <testStepRun startTime="2011-08-05T13:40:07.1024705+09:30" endTime="2011-08-05T13:40:07.1180955+09:30">
                  <testStep id="294c00654ff871d8" name="Update_Simple" fullName="SubSonic.Tests/UpdateTests/Update_Simple" testId="f7fa1b357aa3059d" isPrimary="true" isTestCase="true" isDynamic="false">
                    <codeReference assembly="SubSonic.Tests, Version=2.2.1.0, Culture=neutral, PublicKeyToken=null" namespace="SubSonic.Tests.SqlQuery" type="SubSonic.Tests.SqlQuery.UpdateTests" member="Update_Simple" />
                    <codeLocation path="C:\data\SubsonicRoot\ss2\SubSonic.Tests\SqlQuery\UpdateTests.cs" line="35" />
                    <metadata>
                      <entry key="TestKind">
                        <value>Test</value>
                      </entry>
                    </metadata>
                  </testStep>
                  <children />
                  <result assertCount="2" duration="0.0104896">
                    <outcome status="passed" />
                  </result>
                  <testLog>
                    <streams />
                    <attachments />
                  </testLog>
                </testStepRun>
                <testStepRun startTime="2011-08-05T13:40:07.1180955+09:30" endTime="2011-08-05T13:40:07.1337205+09:30">
                  <testStep id="e14b5f5559c6830" name="Update_SimpleSqlCheck" fullName="SubSonic.Tests/UpdateTests/Update_SimpleSqlCheck" testId="7643c0325899aef5" isPrimary="true" isTestCase="true" isDynamic="false">
                    <codeReference assembly="SubSonic.Tests, Version=2.2.1.0, Culture=neutral, PublicKeyToken=null" namespace="SubSonic.Tests.SqlQuery" type="SubSonic.Tests.SqlQuery.UpdateTests" member="Update_SimpleSqlCheck" />
                    <codeLocation path="C:\data\SubsonicRoot\ss2\SubSonic.Tests\SqlQuery\UpdateTests.cs" line="27" />
                    <metadata>
                      <entry key="TestKind">
                        <value>Test</value>
                      </entry>
                    </metadata>
                  </testStep>
                  <children />
                  <result assertCount="1" duration="0.0027982999999999997">
                    <outcome status="passed" />
                  </result>
                  <testLog>
                    <streams />
                    <attachments />
                  </testLog>
                </testStepRun>
                <testStepRun startTime="2011-08-05T13:40:07.1337205+09:30" endTime="2011-08-05T13:40:07.1337205+09:30">
                  <testStep id="bc2b0bc65a603b3b" name="Update_SimpleTyped" fullName="SubSonic.Tests/UpdateTests/Update_SimpleTyped" testId="9018805426534641" isPrimary="true" isTestCase="true" isDynamic="false">
                    <codeReference assembly="SubSonic.Tests, Version=2.2.1.0, Culture=neutral, PublicKeyToken=null" namespace="SubSonic.Tests.SqlQuery" type="SubSonic.Tests.SqlQuery.UpdateTests" member="Update_SimpleTyped" />
                    <codeLocation path="C:\data\SubsonicRoot\ss2\SubSonic.Tests\SqlQuery\UpdateTests.cs" line="74" />
                    <metadata>
                      <entry key="TestKind">
                        <value>Test</value>
                      </entry>
                    </metadata>
                  </testStep>
                  <children />
                  <result assertCount="2" duration="0.0063063">
                    <outcome status="passed" />
                  </result>
                  <testLog>
                    <streams />
                    <attachments />
                  </testLog>
                </testStepRun>
              </children>
              <result assertCount="7" duration="0.0695099">
                <outcome status="passed" />
              </result>
              <testLog>
                <streams />
                <attachments />
              </testLog>
            </testStepRun>
          </children>
          <result assertCount="2425" duration="35.023467499999995">
            <outcome status="failed" />
          </result>
          <testLog>
            <streams />
            <attachments />
          </testLog>
        </testStepRun>
      </children>
      <result assertCount="2425" duration="40.1127542">
        <outcome status="failed" />
      </result>
      <testLog>
        <streams />
        <attachments />
      </testLog>
    </testStepRun>
    <statistics assertCount="2425" duration="40.1138462" runCount="308" passedCount="300" failedCount="8" inconclusiveCount="0" skippedCount="0" testCount="308" stepCount="342">
      <outcomeSummaries>
        <outcomeSummary count="300">
          <outcome status="passed" />
        </outcomeSummary>
        <outcomeSummary count="8">
          <outcome status="failed" />
        </outcomeSummary>
      </outcomeSummaries>
    </statistics>
  </testPackageRun>
  <logEntries>
    <logEntry severity="info" message="Host started at 5/08/2011 1:39:29 PM." />
    <logEntry severity="info" message="Running under CLR v2.0.50727 runtime." />
    <logEntry severity="debug" message="Listening for connections on IPC port: 'IsolatedProcessHost.716f5e38684220f8'" />
    <logEntry severity="debug" message="Disabled plugin 'Gallio40': The plugin enable condition was not satisfied.  Please note that this is the intended behavior for plugins that must be hosted inside third party applications in order to work.  Enable condition: '${minFramework:NET40}'." />
    <logEntry severity="debug" message="Disabled plugin 'MbUnit40': The plugin depends on another disabled plugin: 'Gallio40'." />
    <logEntry severity="info" message="Host stopped at 5/08/2011 1:40:08 PM." />
    <logEntry severity="info" message="Host process exited with code: 0" />
  </logEntries>
</report>