<?xml version="1.0" encoding="utf-8"?>
<report xmlns:xsi="http://www.w3.org/2001/XMLSchema-instance" xmlns:xsd="http://www.w3.org/2001/XMLSchema" xmlns="http://www.gallio.org/">
  <testPackage shadowCopy="false" debug="true">
    <files>
      <file>C:\data\SubsonicRoot\ss2\SubSonic.Tests\bin\Debug\SubSonic.Tests.dll</file>
    </files>
    <hintDirectories />
    <excludedFrameworkIds />
    <properties />
  </testPackage>
  <testModel>
    <test id="c2722843734a7a54" name="Root" fullName="" isTestCase="false">
      <codeReference />
      <codeLocation />
      <metadata>
        <entry key="TestKind">
          <value>Root</value>
        </entry>
      </metadata>
      <children>
        <test id="af69a8159bbce33b" name="SubSonic.Tests" fullName="SubSonic.Tests" isTestCase="false">
          <codeReference assembly="SubSonic.Tests, Version=2.2.1.0, Culture=neutral, PublicKeyToken=null" />
          <codeLocation path="C:\data\SubsonicRoot\ss2\SubSonic.Tests\bin\Debug\SubSonic.Tests.DLL" />
          <metadata>
            <entry key="TestKind">
              <value>MbUnit v3 Assembly</value>
            </entry>
            <entry key="File">
              <value>C:\data\SubsonicRoot\ss2\SubSonic.Tests\bin\Debug\SubSonic.Tests.DLL</value>
            </entry>
            <entry key="CodeBase">
              <value>C:\data\SubsonicRoot\ss2\SubSonic.Tests\bin\Debug\SubSonic.Tests.DLL</value>
            </entry>
            <entry key="Copyright">
              <value>Copyright Â©2006-2009 The SubSonic Project</value>
            </entry>
            <entry key="FileVersion">
              <value>2.2.1.0</value>
            </entry>
            <entry key="Product">
              <value>SubSonic.Tests</value>
            </entry>
            <entry key="Title">
              <value>SubSonic.Tests</value>
            </entry>
            <entry key="Version">
              <value>2.2.1.0</value>
            </entry>
            <entry key="Framework">
              <value>MbUnit v3.2 build 749</value>
            </entry>
          </metadata>
          <children>
            <test id="f46067cf1bd4c990" name="QueryTest" fullName="SubSonic.Tests/QueryTest" isTestCase="false">
              <codeReference assembly="SubSonic.Tests, Version=2.2.1.0, Culture=neutral, PublicKeyToken=null" namespace="SubSonic.Tests" type="SubSonic.Tests.QueryTest" />
              <codeLocation path="C:\data\SubsonicRoot\ss2\SubSonic.Tests\QueryTest.cs" />
              <metadata>
                <entry key="TestKind">
                  <value>Fixture</value>
                </entry>
              </metadata>
              <children>
                <test id="70b492a14e103f32" name="Query_ORDER_BY_Expression" fullName="SubSonic.Tests/QueryTest/Query_ORDER_BY_Expression" isTestCase="true">
                  <codeReference assembly="SubSonic.Tests, Version=2.2.1.0, Culture=neutral, PublicKeyToken=null" namespace="SubSonic.Tests" type="SubSonic.Tests.QueryTest" member="Query_ORDER_BY_Expression" />
                  <codeLocation path="C:\data\SubsonicRoot\ss2\SubSonic.Tests\QueryTest.cs" line="715" />
                  <metadata>
                    <entry key="TestKind">
                      <value>Test</value>
                    </entry>
                  </metadata>
                  <children />
                  <parameters />
                </test>
                <test id="3cfaf24b508ac6bf" name="Query_ORDER_BY_DESC" fullName="SubSonic.Tests/QueryTest/Query_ORDER_BY_DESC" isTestCase="true">
                  <codeReference assembly="SubSonic.Tests, Version=2.2.1.0, Culture=neutral, PublicKeyToken=null" namespace="SubSonic.Tests" type="SubSonic.Tests.QueryTest" member="Query_ORDER_BY_DESC" />
                  <codeLocation path="C:\data\SubsonicRoot\ss2\SubSonic.Tests\QueryTest.cs" line="700" />
                  <metadata>
                    <entry key="TestKind">
                      <value>Test</value>
                    </entry>
                  </metadata>
                  <children />
                  <parameters />
                </test>
                <test id="38b6b7eb43f66658" name="Query_ORDER_BY_ExpressionDESC" fullName="SubSonic.Tests/QueryTest/Query_ORDER_BY_ExpressionDESC" isTestCase="true">
                  <codeReference assembly="SubSonic.Tests, Version=2.2.1.0, Culture=neutral, PublicKeyToken=null" namespace="SubSonic.Tests" type="SubSonic.Tests.QueryTest" member="Query_ORDER_BY_ExpressionDESC" />
                  <codeLocation path="C:\data\SubsonicRoot\ss2\SubSonic.Tests\QueryTest.cs" line="728" />
                  <metadata>
                    <entry key="TestKind">
                      <value>Test</value>
                    </entry>
                  </metadata>
                  <children />
                  <parameters />
                </test>
                <test id="1c7e35ab2fdd19c0" name="QueryExecuteJoinedDataSet_ORDER_BY_DESC" fullName="SubSonic.Tests/QueryTest/QueryExecuteJoinedDataSet_ORDER_BY_DESC" isTestCase="true">
                  <codeReference assembly="SubSonic.Tests, Version=2.2.1.0, Culture=neutral, PublicKeyToken=null" namespace="SubSonic.Tests" type="SubSonic.Tests.QueryTest" member="QueryExecuteJoinedDataSet_ORDER_BY_DESC" />
                  <codeLocation path="C:\data\SubsonicRoot\ss2\SubSonic.Tests\QueryTest.cs" line="756" />
                  <metadata>
                    <entry key="TestKind">
                      <value>Test</value>
                    </entry>
                  </metadata>
                  <children />
                  <parameters />
                </test>
                <test id="3a7d99bc8d4f20fb" name="QueryExecuteJoinedDataSet_ORDER_BY" fullName="SubSonic.Tests/QueryTest/QueryExecuteJoinedDataSet_ORDER_BY" isTestCase="true">
                  <codeReference assembly="SubSonic.Tests, Version=2.2.1.0, Culture=neutral, PublicKeyToken=null" namespace="SubSonic.Tests" type="SubSonic.Tests.QueryTest" member="QueryExecuteJoinedDataSet_ORDER_BY" />
                  <codeLocation path="C:\data\SubsonicRoot\ss2\SubSonic.Tests\QueryTest.cs" line="741" />
                  <metadata>
                    <entry key="TestKind">
                      <value>Test</value>
                    </entry>
                  </metadata>
                  <children />
                  <parameters />
                </test>
                <test id="79fb4ff1bee03d7d" name="Query_ORDER_BY" fullName="SubSonic.Tests/QueryTest/Query_ORDER_BY" isTestCase="true">
                  <codeReference assembly="SubSonic.Tests, Version=2.2.1.0, Culture=neutral, PublicKeyToken=null" namespace="SubSonic.Tests" type="SubSonic.Tests.QueryTest" member="Query_ORDER_BY" />
                  <codeLocation path="C:\data\SubsonicRoot\ss2\SubSonic.Tests\QueryTest.cs" line="685" />
                  <metadata>
                    <entry key="TestKind">
                      <value>Test</value>
                    </entry>
                  </metadata>
                  <children />
                  <parameters />
                </test>
                <test id="c51cd3763d8fcd4e" name="QueryExecuteJoinedDataSet_NOT_IN_ArrayList" fullName="SubSonic.Tests/QueryTest/QueryExecuteJoinedDataSet_NOT_IN_ArrayList" isTestCase="true">
                  <codeReference assembly="SubSonic.Tests, Version=2.2.1.0, Culture=neutral, PublicKeyToken=null" namespace="SubSonic.Tests" type="SubSonic.Tests.QueryTest" member="QueryExecuteJoinedDataSet_NOT_IN_ArrayList" />
                  <codeLocation path="C:\data\SubsonicRoot\ss2\SubSonic.Tests\QueryTest.cs" line="620" />
                  <metadata>
                    <entry key="TestKind">
                      <value>Test</value>
                    </entry>
                  </metadata>
                  <children />
                  <parameters />
                </test>
                <test id="80c7207db2b7b112" name="QueryExecuteJoinedDataSet_NOT_IN_ListCollection" fullName="SubSonic.Tests/QueryTest/QueryExecuteJoinedDataSet_NOT_IN_ListCollection" isTestCase="true">
                  <codeReference assembly="SubSonic.Tests, Version=2.2.1.0, Culture=neutral, PublicKeyToken=null" namespace="SubSonic.Tests" type="SubSonic.Tests.QueryTest" member="QueryExecuteJoinedDataSet_NOT_IN_ListCollection" />
                  <codeLocation path="C:\data\SubsonicRoot\ss2\SubSonic.Tests\QueryTest.cs" line="601" />
                  <metadata>
                    <entry key="TestKind">
                      <value>Test</value>
                    </entry>
                  </metadata>
                  <children />
                  <parameters />
                </test>
                <test id="a02573cbf60fe8c0" name="Query_JoinedDataSet_OrderByCollection" fullName="SubSonic.Tests/QueryTest/Query_JoinedDataSet_OrderByCollection" isTestCase="true">
                  <codeReference assembly="SubSonic.Tests, Version=2.2.1.0, Culture=neutral, PublicKeyToken=null" namespace="SubSonic.Tests" type="SubSonic.Tests.QueryTest" member="Query_JoinedDataSet_OrderByCollection" />
                  <codeLocation path="C:\data\SubsonicRoot\ss2\SubSonic.Tests\QueryTest.cs" line="635" />
                  <metadata>
                    <entry key="TestKind">
                      <value>Test</value>
                    </entry>
                  </metadata>
                  <children />
                  <parameters />
                </test>
                <test id="ac4c55aa97b4f782" name="Query_OrderBy" fullName="SubSonic.Tests/QueryTest/Query_OrderBy" isTestCase="true">
                  <codeReference assembly="SubSonic.Tests, Version=2.2.1.0, Culture=neutral, PublicKeyToken=null" namespace="SubSonic.Tests" type="SubSonic.Tests.QueryTest" member="Query_OrderBy" />
                  <codeLocation path="C:\data\SubsonicRoot\ss2\SubSonic.Tests\QueryTest.cs" line="669" />
                  <metadata>
                    <entry key="TestKind">
                      <value>Test</value>
                    </entry>
                  </metadata>
                  <children />
                  <parameters />
                </test>
                <test id="7fad8bfcd35f9aeb" name="Query_OrderByCollection" fullName="SubSonic.Tests/QueryTest/Query_OrderByCollection" isTestCase="true">
                  <codeReference assembly="SubSonic.Tests, Version=2.2.1.0, Culture=neutral, PublicKeyToken=null" namespace="SubSonic.Tests" type="SubSonic.Tests.QueryTest" member="Query_OrderByCollection" />
                  <codeLocation path="C:\data\SubsonicRoot\ss2\SubSonic.Tests\QueryTest.cs" line="652" />
                  <metadata>
                    <entry key="TestKind">
                      <value>Test</value>
                    </entry>
                  </metadata>
                  <children />
                  <parameters />
                </test>
                <test id="4af81c72f981aa27" name="QueryExecuteJoinedDataSet_ORDER_BY_DESC_Collection" fullName="SubSonic.Tests/QueryTest/QueryExecuteJoinedDataSet_ORDER_BY_DESC_Collection" isTestCase="true">
                  <codeReference assembly="SubSonic.Tests, Version=2.2.1.0, Culture=neutral, PublicKeyToken=null" namespace="SubSonic.Tests" type="SubSonic.Tests.QueryTest" member="QueryExecuteJoinedDataSet_ORDER_BY_DESC_Collection" />
                  <codeLocation path="C:\data\SubsonicRoot\ss2\SubSonic.Tests\QueryTest.cs" line="880" />
                  <metadata>
                    <entry key="TestKind">
                      <value>Test</value>
                    </entry>
                  </metadata>
                  <children />
                  <parameters />
                </test>
                <test id="f5a8a3b68cfd45ee" name="QueryExecuteJoinedDataSet_ORDER_BY_Collection" fullName="SubSonic.Tests/QueryTest/QueryExecuteJoinedDataSet_ORDER_BY_Collection" isTestCase="true">
                  <codeReference assembly="SubSonic.Tests, Version=2.2.1.0, Culture=neutral, PublicKeyToken=null" namespace="SubSonic.Tests" type="SubSonic.Tests.QueryTest" member="QueryExecuteJoinedDataSet_ORDER_BY_Collection" />
                  <codeLocation path="C:\data\SubsonicRoot\ss2\SubSonic.Tests\QueryTest.cs" line="863" />
                  <metadata>
                    <entry key="TestKind">
                      <value>Test</value>
                    </entry>
                  </metadata>
                  <children />
                  <parameters />
                </test>
                <test id="5526f38da62244ce" name="QueryExecuteJoinedDataSet_ORDER_BY_Expression_Collection" fullName="SubSonic.Tests/QueryTest/QueryExecuteJoinedDataSet_ORDER_BY_Expression_Collection" isTestCase="true">
                  <codeReference assembly="SubSonic.Tests, Version=2.2.1.0, Culture=neutral, PublicKeyToken=null" namespace="SubSonic.Tests" type="SubSonic.Tests.QueryTest" member="QueryExecuteJoinedDataSet_ORDER_BY_Expression_Collection" />
                  <codeLocation path="C:\data\SubsonicRoot\ss2\SubSonic.Tests\QueryTest.cs" line="897" />
                  <metadata>
                    <entry key="TestKind">
                      <value>Test</value>
                    </entry>
                  </metadata>
                  <children />
                  <parameters />
                </test>
                <test id="a2c88f14d4053e39" name="Query_Select" fullName="SubSonic.Tests/QueryTest/Query_Select" isTestCase="true">
                  <codeReference assembly="SubSonic.Tests, Version=2.2.1.0, Culture=neutral, PublicKeyToken=null" namespace="SubSonic.Tests" type="SubSonic.Tests.QueryTest" member="Query_Select" />
                  <codeLocation path="C:\data\SubsonicRoot\ss2\SubSonic.Tests\QueryTest.cs" line="36" />
                  <metadata>
                    <entry key="TestKind">
                      <value>Test</value>
                    </entry>
                  </metadata>
                  <children />
                  <parameters />
                </test>
                <test id="aac99ba1d79bba39" name="QueryExecuteJoinedDataSet_ORDER_BY_ExpressionDESC_Collection" fullName="SubSonic.Tests/QueryTest/QueryExecuteJoinedDataSet_ORDER_BY_ExpressionDESC_Collection" isTestCase="true">
                  <codeReference assembly="SubSonic.Tests, Version=2.2.1.0, Culture=neutral, PublicKeyToken=null" namespace="SubSonic.Tests" type="SubSonic.Tests.QueryTest" member="QueryExecuteJoinedDataSet_ORDER_BY_ExpressionDESC_Collection" />
                  <codeLocation path="C:\data\SubsonicRoot\ss2\SubSonic.Tests\QueryTest.cs" line="913" />
                  <metadata>
                    <entry key="TestKind">
                      <value>Test</value>
                    </entry>
                  </metadata>
                  <children />
                  <parameters />
                </test>
                <test id="cdf314a8da06c440" name="Query_ORDER_BY_ExpressionDESC_Collection" fullName="SubSonic.Tests/QueryTest/Query_ORDER_BY_ExpressionDESC_Collection" isTestCase="true">
                  <codeReference assembly="SubSonic.Tests, Version=2.2.1.0, Culture=neutral, PublicKeyToken=null" namespace="SubSonic.Tests" type="SubSonic.Tests.QueryTest" member="Query_ORDER_BY_ExpressionDESC_Collection" />
                  <codeLocation path="C:\data\SubsonicRoot\ss2\SubSonic.Tests\QueryTest.cs" line="847" />
                  <metadata>
                    <entry key="TestKind">
                      <value>Test</value>
                    </entry>
                  </metadata>
                  <children />
                  <parameters />
                </test>
                <test id="a824e63bdf5fe916" name="QueryExecuteJoinedDataSet_ORDER_BY_ExpressionDESC" fullName="SubSonic.Tests/QueryTest/QueryExecuteJoinedDataSet_ORDER_BY_ExpressionDESC" isTestCase="true">
                  <codeReference assembly="SubSonic.Tests, Version=2.2.1.0, Culture=neutral, PublicKeyToken=null" namespace="SubSonic.Tests" type="SubSonic.Tests.QueryTest" member="QueryExecuteJoinedDataSet_ORDER_BY_ExpressionDESC" />
                  <codeLocation path="C:\data\SubsonicRoot\ss2\SubSonic.Tests\QueryTest.cs" line="784" />
                  <metadata>
                    <entry key="TestKind">
                      <value>Test</value>
                    </entry>
                  </metadata>
                  <children />
                  <parameters />
                </test>
                <test id="7b83051614492264" name="QueryExecuteJoinedDataSet_ORDER_BY_Expression" fullName="SubSonic.Tests/QueryTest/QueryExecuteJoinedDataSet_ORDER_BY_Expression" isTestCase="true">
                  <codeReference assembly="SubSonic.Tests, Version=2.2.1.0, Culture=neutral, PublicKeyToken=null" namespace="SubSonic.Tests" type="SubSonic.Tests.QueryTest" member="QueryExecuteJoinedDataSet_ORDER_BY_Expression" />
                  <codeLocation path="C:\data\SubsonicRoot\ss2\SubSonic.Tests\QueryTest.cs" line="771" />
                  <metadata>
                    <entry key="TestKind">
                      <value>Test</value>
                    </entry>
                  </metadata>
                  <children />
                  <parameters />
                </test>
                <test id="63e295e82b0e0c70" name="Query_ORDER_BY_Collection" fullName="SubSonic.Tests/QueryTest/Query_ORDER_BY_Collection" isTestCase="true">
                  <codeReference assembly="SubSonic.Tests, Version=2.2.1.0, Culture=neutral, PublicKeyToken=null" namespace="SubSonic.Tests" type="SubSonic.Tests.QueryTest" member="Query_ORDER_BY_Collection" />
                  <codeLocation path="C:\data\SubsonicRoot\ss2\SubSonic.Tests\QueryTest.cs" line="797" />
                  <metadata>
                    <entry key="TestKind">
                      <value>Test</value>
                    </entry>
                  </metadata>
                  <children />
                  <parameters />
                </test>
                <test id="781e3bc274e255ba" name="Query_ORDER_BY_Expression_Collection" fullName="SubSonic.Tests/QueryTest/Query_ORDER_BY_Expression_Collection" isTestCase="true">
                  <codeReference assembly="SubSonic.Tests, Version=2.2.1.0, Culture=neutral, PublicKeyToken=null" namespace="SubSonic.Tests" type="SubSonic.Tests.QueryTest" member="Query_ORDER_BY_Expression_Collection" />
                  <codeLocation path="C:\data\SubsonicRoot\ss2\SubSonic.Tests\QueryTest.cs" line="831" />
                  <metadata>
                    <entry key="TestKind">
                      <value>Test</value>
                    </entry>
                  </metadata>
                  <children />
                  <parameters />
                </test>
                <test id="12c0523243a4b0ba" name="Query_ORDER_BY_DESC_Collection" fullName="SubSonic.Tests/QueryTest/Query_ORDER_BY_DESC_Collection" isTestCase="true">
                  <codeReference assembly="SubSonic.Tests, Version=2.2.1.0, Culture=neutral, PublicKeyToken=null" namespace="SubSonic.Tests" type="SubSonic.Tests.QueryTest" member="Query_ORDER_BY_DESC_Collection" />
                  <codeLocation path="C:\data\SubsonicRoot\ss2\SubSonic.Tests\QueryTest.cs" line="814" />
                  <metadata>
                    <entry key="TestKind">
                      <value>Test</value>
                    </entry>
                  </metadata>
                  <children />
                  <parameters />
                </test>
                <test id="4cc3e80c5ac0e249" name="Query_NOT_IN_ArrayList" fullName="SubSonic.Tests/QueryTest/Query_NOT_IN_ArrayList" isTestCase="true">
                  <codeReference assembly="SubSonic.Tests, Version=2.2.1.0, Culture=neutral, PublicKeyToken=null" namespace="SubSonic.Tests" type="SubSonic.Tests.QueryTest" member="Query_NOT_IN_ArrayList" />
                  <codeLocation path="C:\data\SubsonicRoot\ss2\SubSonic.Tests\QueryTest.cs" line="257" />
                  <metadata>
                    <entry key="TestKind">
                      <value>Test</value>
                    </entry>
                  </metadata>
                  <children />
                  <parameters />
                </test>
                <test id="1bc6d6cab297a103" name="Query_NOT_IN_ListCollection" fullName="SubSonic.Tests/QueryTest/Query_NOT_IN_ListCollection" isTestCase="true">
                  <codeReference assembly="SubSonic.Tests, Version=2.2.1.0, Culture=neutral, PublicKeyToken=null" namespace="SubSonic.Tests" type="SubSonic.Tests.QueryTest" member="Query_NOT_IN_ListCollection" />
                  <codeLocation path="C:\data\SubsonicRoot\ss2\SubSonic.Tests\QueryTest.cs" line="233" />
                  <metadata>
                    <entry key="TestKind">
                      <value>Test</value>
                    </entry>
                  </metadata>
                  <children />
                  <parameters />
                </test>
                <test id="bff6e72f5d9925d1" name="Query_NOT_IN_ObjectArray" fullName="SubSonic.Tests/QueryTest/Query_NOT_IN_ObjectArray" isTestCase="true">
                  <codeReference assembly="SubSonic.Tests, Version=2.2.1.0, Culture=neutral, PublicKeyToken=null" namespace="SubSonic.Tests" type="SubSonic.Tests.QueryTest" member="Query_NOT_IN_ObjectArray" />
                  <codeLocation path="C:\data\SubsonicRoot\ss2\SubSonic.Tests\QueryTest.cs" line="216" />
                  <metadata>
                    <entry key="TestKind">
                      <value>Test</value>
                    </entry>
                  </metadata>
                  <children />
                  <parameters />
                </test>
                <test id="8e0f7118782fd21c" name="Query_IsNotNull" fullName="SubSonic.Tests/QueryTest/Query_IsNotNull" isTestCase="true">
                  <codeReference assembly="SubSonic.Tests, Version=2.2.1.0, Culture=neutral, PublicKeyToken=null" namespace="SubSonic.Tests" type="SubSonic.Tests.QueryTest" member="Query_IsNotNull" />
                  <codeLocation path="C:\data\SubsonicRoot\ss2\SubSonic.Tests\QueryTest.cs" line="277" />
                  <metadata>
                    <entry key="TestKind">
                      <value>Test</value>
                    </entry>
                  </metadata>
                  <children />
                  <parameters />
                </test>
                <test id="4c48910813dc4eb1" name="Query_OR_ModerateWithExpressions" fullName="SubSonic.Tests/QueryTest/Query_OR_ModerateWithExpressions" isTestCase="true">
                  <codeReference assembly="SubSonic.Tests, Version=2.2.1.0, Culture=neutral, PublicKeyToken=null" namespace="SubSonic.Tests" type="SubSonic.Tests.QueryTest" member="Query_OR_ModerateWithExpressions" />
                  <codeLocation path="C:\data\SubsonicRoot\ss2\SubSonic.Tests\QueryTest.cs" line="330" />
                  <metadata>
                    <entry key="TestKind">
                      <value>Test</value>
                    </entry>
                  </metadata>
                  <children />
                  <parameters />
                </test>
                <test id="8ba9d1f171f2c098" name="Query_OR_Moderate" fullName="SubSonic.Tests/QueryTest/Query_OR_Moderate" isTestCase="true">
                  <codeReference assembly="SubSonic.Tests, Version=2.2.1.0, Culture=neutral, PublicKeyToken=null" namespace="SubSonic.Tests" type="SubSonic.Tests.QueryTest" member="Query_OR_Moderate" />
                  <codeLocation path="C:\data\SubsonicRoot\ss2\SubSonic.Tests\QueryTest.cs" line="311" />
                  <metadata>
                    <entry key="TestKind">
                      <value>Test</value>
                    </entry>
                  </metadata>
                  <children />
                  <parameters />
                </test>
                <test id="2ccc937c0a4864ae" name="Query_OR_Simple" fullName="SubSonic.Tests/QueryTest/Query_OR_Simple" isTestCase="true">
                  <codeReference assembly="SubSonic.Tests, Version=2.2.1.0, Culture=neutral, PublicKeyToken=null" namespace="SubSonic.Tests" type="SubSonic.Tests.QueryTest" member="Query_OR_Simple" />
                  <codeLocation path="C:\data\SubsonicRoot\ss2\SubSonic.Tests\QueryTest.cs" line="294" />
                  <metadata>
                    <entry key="TestKind">
                      <value>Test</value>
                    </entry>
                  </metadata>
                  <children />
                  <parameters />
                </test>
                <test id="8bf81810a4cc69e2" name="Query_IN_ArrayList" fullName="SubSonic.Tests/QueryTest/Query_IN_ArrayList" isTestCase="true">
                  <codeReference assembly="SubSonic.Tests, Version=2.2.1.0, Culture=neutral, PublicKeyToken=null" namespace="SubSonic.Tests" type="SubSonic.Tests.QueryTest" member="Query_IN_ArrayList" />
                  <codeLocation path="C:\data\SubsonicRoot\ss2\SubSonic.Tests\QueryTest.cs" line="196" />
                  <metadata>
                    <entry key="TestKind">
                      <value>Test</value>
                    </entry>
                  </metadata>
                  <children />
                  <parameters />
                </test>
                <test id="d808a23c9537051e" name="Query_BetweenAnd" fullName="SubSonic.Tests/QueryTest/Query_BetweenAnd" isTestCase="true">
                  <codeReference assembly="SubSonic.Tests, Version=2.2.1.0, Culture=neutral, PublicKeyToken=null" namespace="SubSonic.Tests" type="SubSonic.Tests.QueryTest" member="Query_BetweenAnd" />
                  <codeLocation path="C:\data\SubsonicRoot\ss2\SubSonic.Tests\QueryTest.cs" line="102" />
                  <metadata>
                    <entry key="TestKind">
                      <value>Test</value>
                    </entry>
                  </metadata>
                  <children />
                  <parameters />
                </test>
                <test id="272720888d8539d2" name="Query_Updates" fullName="SubSonic.Tests/QueryTest/Query_Updates" isTestCase="true">
                  <codeReference assembly="SubSonic.Tests, Version=2.2.1.0, Culture=neutral, PublicKeyToken=null" namespace="SubSonic.Tests" type="SubSonic.Tests.QueryTest" member="Query_Updates" />
                  <codeLocation path="C:\data\SubsonicRoot\ss2\SubSonic.Tests\QueryTest.cs" line="76" />
                  <metadata>
                    <entry key="TestKind">
                      <value>Test</value>
                    </entry>
                  </metadata>
                  <children />
                  <parameters />
                </test>
                <test id="c0b441dbc2631f42" name="Query_SelectTop" fullName="SubSonic.Tests/QueryTest/Query_SelectTop" isTestCase="true">
                  <codeReference assembly="SubSonic.Tests, Version=2.2.1.0, Culture=neutral, PublicKeyToken=null" namespace="SubSonic.Tests" type="SubSonic.Tests.QueryTest" member="Query_SelectTop" />
                  <codeLocation path="C:\data\SubsonicRoot\ss2\SubSonic.Tests\QueryTest.cs" line="49" />
                  <metadata>
                    <entry key="TestKind">
                      <value>Test</value>
                    </entry>
                  </metadata>
                  <children />
                  <parameters />
                </test>
                <test id="3ba9feda1f204305" name="Query_View" fullName="SubSonic.Tests/QueryTest/Query_View" isTestCase="true">
                  <codeReference assembly="SubSonic.Tests, Version=2.2.1.0, Culture=neutral, PublicKeyToken=null" namespace="SubSonic.Tests" type="SubSonic.Tests.QueryTest" member="Query_View" />
                  <codeLocation path="C:\data\SubsonicRoot\ss2\SubSonic.Tests\QueryTest.cs" line="121" />
                  <metadata>
                    <entry key="TestKind">
                      <value>Test</value>
                    </entry>
                  </metadata>
                  <children />
                  <parameters />
                </test>
                <test id="4ae6ad8f7041efb9" name="Query_IN_ListCollection" fullName="SubSonic.Tests/QueryTest/Query_IN_ListCollection" isTestCase="true">
                  <codeReference assembly="SubSonic.Tests, Version=2.2.1.0, Culture=neutral, PublicKeyToken=null" namespace="SubSonic.Tests" type="SubSonic.Tests.QueryTest" member="Query_IN_ListCollection" />
                  <codeLocation path="C:\data\SubsonicRoot\ss2\SubSonic.Tests\QueryTest.cs" line="172" />
                  <metadata>
                    <entry key="TestKind">
                      <value>Test</value>
                    </entry>
                  </metadata>
                  <children />
                  <parameters />
                </test>
                <test id="ca0b18762724c6a7" name="Query_IN_ObjectArray" fullName="SubSonic.Tests/QueryTest/Query_IN_ObjectArray" isTestCase="true">
                  <codeReference assembly="SubSonic.Tests, Version=2.2.1.0, Culture=neutral, PublicKeyToken=null" namespace="SubSonic.Tests" type="SubSonic.Tests.QueryTest" member="Query_IN_ObjectArray" />
                  <codeLocation path="C:\data\SubsonicRoot\ss2\SubSonic.Tests\QueryTest.cs" line="155" />
                  <metadata>
                    <entry key="TestKind">
                      <value>Test</value>
                    </entry>
                  </metadata>
                  <children />
                  <parameters />
                </test>
                <test id="859a4ecfc31fd653" name="Query_BetweenNumbers" fullName="SubSonic.Tests/QueryTest/Query_BetweenNumbers" isTestCase="true">
                  <codeReference assembly="SubSonic.Tests, Version=2.2.1.0, Culture=neutral, PublicKeyToken=null" namespace="SubSonic.Tests" type="SubSonic.Tests.QueryTest" member="Query_BetweenNumbers" />
                  <codeLocation path="C:\data\SubsonicRoot\ss2\SubSonic.Tests\QueryTest.cs" line="138" />
                  <metadata>
                    <entry key="TestKind">
                      <value>Test</value>
                    </entry>
                  </metadata>
                  <children />
                  <parameters />
                </test>
                <test id="bba33423ce91eb6b" name="Query_OR_Between" fullName="SubSonic.Tests/QueryTest/Query_OR_Between" isTestCase="true">
                  <codeReference assembly="SubSonic.Tests, Version=2.2.1.0, Culture=neutral, PublicKeyToken=null" namespace="SubSonic.Tests" type="SubSonic.Tests.QueryTest" member="Query_OR_Between" />
                  <codeLocation path="C:\data\SubsonicRoot\ss2\SubSonic.Tests\QueryTest.cs" line="348" />
                  <metadata>
                    <entry key="TestKind">
                      <value>Test</value>
                    </entry>
                  </metadata>
                  <children />
                  <parameters />
                </test>
                <test id="ea1e9dc1c4c51a8b" name="QueryExecuteJoinedDataSet_BETWEEN_AND_WithExtraWhereCondition" fullName="SubSonic.Tests/QueryTest/QueryExecuteJoinedDataSet_BETWEEN_AND_WithExtraWhereCondition" isTestCase="true">
                  <codeReference assembly="SubSonic.Tests, Version=2.2.1.0, Culture=neutral, PublicKeyToken=null" namespace="SubSonic.Tests" type="SubSonic.Tests.QueryTest" member="QueryExecuteJoinedDataSet_BETWEEN_AND_WithExtraWhereCondition" />
                  <codeLocation path="C:\data\SubsonicRoot\ss2\SubSonic.Tests\QueryTest.cs" line="529" />
                  <metadata>
                    <entry key="TestKind">
                      <value>Test</value>
                    </entry>
                  </metadata>
                  <children />
                  <parameters />
                </test>
                <test id="8d587e2a307ad8c7" name="QueryExecuteJoinedDataSet_BETWEEN_AND" fullName="SubSonic.Tests/QueryTest/QueryExecuteJoinedDataSet_BETWEEN_AND" isTestCase="true">
                  <codeReference assembly="SubSonic.Tests, Version=2.2.1.0, Culture=neutral, PublicKeyToken=null" namespace="SubSonic.Tests" type="SubSonic.Tests.QueryTest" member="QueryExecuteJoinedDataSet_BETWEEN_AND" />
                  <codeLocation path="C:\data\SubsonicRoot\ss2\SubSonic.Tests\QueryTest.cs" line="515" />
                  <metadata>
                    <entry key="TestKind">
                      <value>Test</value>
                    </entry>
                  </metadata>
                  <children />
                  <parameters />
                </test>
                <test id="eb0bb31b0dfbb705" name="QueryExecuteJoinedDataSet_AddBetweenAnd_WithExtraWhereCondition" fullName="SubSonic.Tests/QueryTest/QueryExecuteJoinedDataSet_AddBetweenAnd_WithExtraWhereCondition" isTestCase="true">
                  <codeReference assembly="SubSonic.Tests, Version=2.2.1.0, Culture=neutral, PublicKeyToken=null" namespace="SubSonic.Tests" type="SubSonic.Tests.QueryTest" member="QueryExecuteJoinedDataSet_AddBetweenAnd_WithExtraWhereCondition" />
                  <codeLocation path="C:\data\SubsonicRoot\ss2\SubSonic.Tests\QueryTest.cs" line="501" />
                  <metadata>
                    <entry key="TestKind">
                      <value>Test</value>
                    </entry>
                  </metadata>
                  <children />
                  <parameters />
                </test>
                <test id="870697a7f37cef92" name="QueryExecuteJoinedDataSet_IN_ObjectArray" fullName="SubSonic.Tests/QueryTest/QueryExecuteJoinedDataSet_IN_ObjectArray" isTestCase="true">
                  <codeReference assembly="SubSonic.Tests, Version=2.2.1.0, Culture=neutral, PublicKeyToken=null" namespace="SubSonic.Tests" type="SubSonic.Tests.QueryTest" member="QueryExecuteJoinedDataSet_IN_ObjectArray" />
                  <codeLocation path="C:\data\SubsonicRoot\ss2\SubSonic.Tests\QueryTest.cs" line="545" />
                  <metadata>
                    <entry key="TestKind">
                      <value>Test</value>
                    </entry>
                  </metadata>
                  <children />
                  <parameters />
                </test>
                <test id="c4a9d33534bc9118" name="QueryExecuteJoinedDataSet_NOT_IN_ObjectArray" fullName="SubSonic.Tests/QueryTest/QueryExecuteJoinedDataSet_NOT_IN_ObjectArray" isTestCase="true">
                  <codeReference assembly="SubSonic.Tests, Version=2.2.1.0, Culture=neutral, PublicKeyToken=null" namespace="SubSonic.Tests" type="SubSonic.Tests.QueryTest" member="QueryExecuteJoinedDataSet_NOT_IN_ObjectArray" />
                  <codeLocation path="C:\data\SubsonicRoot\ss2\SubSonic.Tests\QueryTest.cs" line="590" />
                  <metadata>
                    <entry key="TestKind">
                      <value>Test</value>
                    </entry>
                  </metadata>
                  <children />
                  <parameters />
                </test>
                <test id="c0b5e4308c07981a" name="QueryExecuteJoinedDataSet_IN_ArrayList" fullName="SubSonic.Tests/QueryTest/QueryExecuteJoinedDataSet_IN_ArrayList" isTestCase="true">
                  <codeReference assembly="SubSonic.Tests, Version=2.2.1.0, Culture=neutral, PublicKeyToken=null" namespace="SubSonic.Tests" type="SubSonic.Tests.QueryTest" member="QueryExecuteJoinedDataSet_IN_ArrayList" />
                  <codeLocation path="C:\data\SubsonicRoot\ss2\SubSonic.Tests\QueryTest.cs" line="575" />
                  <metadata>
                    <entry key="TestKind">
                      <value>Test</value>
                    </entry>
                  </metadata>
                  <children />
                  <parameters />
                </test>
                <test id="9d2ad9c822735e82" name="QueryExecuteJoinedDataSet_IN_ListCollection" fullName="SubSonic.Tests/QueryTest/QueryExecuteJoinedDataSet_IN_ListCollection" isTestCase="true">
                  <codeReference assembly="SubSonic.Tests, Version=2.2.1.0, Culture=neutral, PublicKeyToken=null" namespace="SubSonic.Tests" type="SubSonic.Tests.QueryTest" member="QueryExecuteJoinedDataSet_IN_ListCollection" />
                  <codeLocation path="C:\data\SubsonicRoot\ss2\SubSonic.Tests\QueryTest.cs" line="556" />
                  <metadata>
                    <entry key="TestKind">
                      <value>Test</value>
                    </entry>
                  </metadata>
                  <children />
                  <parameters />
                </test>
                <test id="f731cdc721ce1572" name="QueryExecuteJoinedDataSet_AddBetweenAnd" fullName="SubSonic.Tests/QueryTest/QueryExecuteJoinedDataSet_AddBetweenAnd" isTestCase="true">
                  <codeReference assembly="SubSonic.Tests, Version=2.2.1.0, Culture=neutral, PublicKeyToken=null" namespace="SubSonic.Tests" type="SubSonic.Tests.QueryTest" member="QueryExecuteJoinedDataSet_AddBetweenAnd" />
                  <codeLocation path="C:\data\SubsonicRoot\ss2\SubSonic.Tests\QueryTest.cs" line="488" />
                  <metadata>
                    <entry key="TestKind">
                      <value>Test</value>
                    </entry>
                  </metadata>
                  <children />
                  <parameters />
                </test>
                <test id="cdc4703821199e54" name="Query_PagingTest_View" fullName="SubSonic.Tests/QueryTest/Query_PagingTest_View" isTestCase="true">
                  <codeReference assembly="SubSonic.Tests, Version=2.2.1.0, Culture=neutral, PublicKeyToken=null" namespace="SubSonic.Tests" type="SubSonic.Tests.QueryTest" member="Query_PagingTest_View" />
                  <codeLocation path="C:\data\SubsonicRoot\ss2\SubSonic.Tests\QueryTest.cs" line="411" />
                  <metadata>
                    <entry key="TestKind">
                      <value>Test</value>
                    </entry>
                  </metadata>
                  <children />
                  <parameters />
                </test>
                <test id="5a81c6d8dc67efba" name="Query_PagingTest_Table" fullName="SubSonic.Tests/QueryTest/Query_PagingTest_Table" isTestCase="true">
                  <codeReference assembly="SubSonic.Tests, Version=2.2.1.0, Culture=neutral, PublicKeyToken=null" namespace="SubSonic.Tests" type="SubSonic.Tests.QueryTest" member="Query_PagingTest_Table" />
                  <codeLocation path="C:\data\SubsonicRoot\ss2\SubSonic.Tests\QueryTest.cs" line="390" />
                  <metadata>
                    <entry key="TestKind">
                      <value>Test</value>
                    </entry>
                  </metadata>
                  <children />
                  <parameters />
                </test>
                <test id="ad91cb18508fc3a6" name="Query_Expression" fullName="SubSonic.Tests/QueryTest/Query_Expression" isTestCase="true">
                  <codeReference assembly="SubSonic.Tests, Version=2.2.1.0, Culture=neutral, PublicKeyToken=null" namespace="SubSonic.Tests" type="SubSonic.Tests.QueryTest" member="Query_Expression" />
                  <codeLocation path="C:\data\SubsonicRoot\ss2\SubSonic.Tests\QueryTest.cs" line="373" />
                  <metadata>
                    <entry key="TestKind">
                      <value>Test</value>
                    </entry>
                  </metadata>
                  <children />
                  <parameters />
                </test>
                <test id="91d54299a1e93eec" name="Query_JoinedDataSet" fullName="SubSonic.Tests/QueryTest/Query_JoinedDataSet" isTestCase="true">
                  <codeReference assembly="SubSonic.Tests, Version=2.2.1.0, Culture=neutral, PublicKeyToken=null" namespace="SubSonic.Tests" type="SubSonic.Tests.QueryTest" member="Query_JoinedDataSet" />
                  <codeLocation path="C:\data\SubsonicRoot\ss2\SubSonic.Tests\QueryTest.cs" line="432" />
                  <metadata>
                    <entry key="TestKind">
                      <value>Test</value>
                    </entry>
                  </metadata>
                  <children />
                  <parameters />
                </test>
                <test id="f9fd37038a1e8e27" name="Query_JoinedDataSet_OrderByFK" fullName="SubSonic.Tests/QueryTest/Query_JoinedDataSet_OrderByFK" isTestCase="true">
                  <codeReference assembly="SubSonic.Tests, Version=2.2.1.0, Culture=neutral, PublicKeyToken=null" namespace="SubSonic.Tests" type="SubSonic.Tests.QueryTest" member="Query_JoinedDataSet_OrderByFK" />
                  <codeLocation path="C:\data\SubsonicRoot\ss2\SubSonic.Tests\QueryTest.cs" line="473" />
                  <metadata>
                    <entry key="TestKind">
                      <value>Test</value>
                    </entry>
                  </metadata>
                  <children />
                  <parameters />
                </test>
                <test id="ec2493bfaffe6a56" name="Query_ConstraintExpression" fullName="SubSonic.Tests/QueryTest/Query_ConstraintExpression" isTestCase="true">
                  <codeReference assembly="SubSonic.Tests, Version=2.2.1.0, Culture=neutral, PublicKeyToken=null" namespace="SubSonic.Tests" type="SubSonic.Tests.QueryTest" member="Query_ConstraintExpression" />
                  <codeLocation path="C:\data\SubsonicRoot\ss2\SubSonic.Tests\QueryTest.cs" line="457" />
                  <metadata>
                    <entry key="TestKind">
                      <value>Test</value>
                    </entry>
                  </metadata>
                  <children />
                  <parameters />
                </test>
                <test id="d5a4330fc92e527" name="ExecuteJoinedDataSet_Should_Accept_Parameters" fullName="SubSonic.Tests/QueryTest/ExecuteJoinedDataSet_Should_Accept_Parameters" isTestCase="true">
                  <codeReference assembly="SubSonic.Tests, Version=2.2.1.0, Culture=neutral, PublicKeyToken=null" namespace="SubSonic.Tests" type="SubSonic.Tests.QueryTest" member="ExecuteJoinedDataSet_Should_Accept_Parameters" />
                  <codeLocation path="C:\data\SubsonicRoot\ss2\SubSonic.Tests\QueryTest.cs" line="441" />
                  <metadata>
                    <entry key="TestKind">
                      <value>Test</value>
                    </entry>
                  </metadata>
                  <children />
                  <parameters />
                </test>
              </children>
              <parameters />
            </test>
            <test id="7a29c27c11dd12b4" name="DeleteTests" fullName="SubSonic.Tests/DeleteTests" isTestCase="false">
              <codeReference assembly="SubSonic.Tests, Version=2.2.1.0, Culture=neutral, PublicKeyToken=null" namespace="SubSonic.Tests.SqlQuery" type="SubSonic.Tests.SqlQuery.DeleteTests" />
              <codeLocation path="C:\data\SubsonicRoot\ss2\SubSonic.Tests\SqlQuery\DeleteTests.cs" />
              <metadata>
                <entry key="TestKind">
                  <value>Fixture</value>
                </entry>
              </metadata>
              <children>
                <test id="2596e467ffe54266" name="Delete_SimpleSqlCheck" fullName="SubSonic.Tests/DeleteTests/Delete_SimpleSqlCheck" isTestCase="true">
                  <codeReference assembly="SubSonic.Tests, Version=2.2.1.0, Culture=neutral, PublicKeyToken=null" namespace="SubSonic.Tests.SqlQuery" type="SubSonic.Tests.SqlQuery.DeleteTests" member="Delete_SimpleSqlCheck" />
                  <codeLocation path="C:\data\SubsonicRoot\ss2\SubSonic.Tests\SqlQuery\DeleteTests.cs" line="28" />
                  <metadata>
                    <entry key="TestKind">
                      <value>Test</value>
                    </entry>
                  </metadata>
                  <children />
                  <parameters />
                </test>
                <test id="b8449160df3bfc16" name="Delete_MultipleWithInsertBatch" fullName="SubSonic.Tests/DeleteTests/Delete_MultipleWithInsertBatch" isTestCase="true">
                  <codeReference assembly="SubSonic.Tests, Version=2.2.1.0, Culture=neutral, PublicKeyToken=null" namespace="SubSonic.Tests.SqlQuery" type="SubSonic.Tests.SqlQuery.DeleteTests" member="Delete_MultipleWithInsertBatch" />
                  <codeLocation path="C:\data\SubsonicRoot\ss2\SubSonic.Tests\SqlQuery\DeleteTests.cs" line="50" />
                  <metadata>
                    <entry key="TestKind">
                      <value>Test</value>
                    </entry>
                  </metadata>
                  <children />
                  <parameters />
                </test>
                <test id="5081633c8f2fb62f" name="Delete_Simple" fullName="SubSonic.Tests/DeleteTests/Delete_Simple" isTestCase="true">
                  <codeReference assembly="SubSonic.Tests, Version=2.2.1.0, Culture=neutral, PublicKeyToken=null" namespace="SubSonic.Tests.SqlQuery" type="SubSonic.Tests.SqlQuery.DeleteTests" member="Delete_Simple" />
                  <codeLocation path="C:\data\SubsonicRoot\ss2\SubSonic.Tests\SqlQuery\DeleteTests.cs" line="36" />
                  <metadata>
                    <entry key="TestKind">
                      <value>Test</value>
                    </entry>
                  </metadata>
                  <children />
                  <parameters />
                </test>
              </children>
              <parameters />
            </test>
            <test id="51fe5df55b58f055" name="AssemblyFixture" fullName="SubSonic.Tests/AssemblyFixture" isTestCase="false">
              <codeReference assembly="SubSonic.Tests, Version=2.2.1.0, Culture=neutral, PublicKeyToken=null" namespace="SubSonic.Tests" type="SubSonic.Tests.AssemblyFixture" />
              <codeLocation path="C:\data\SubsonicRoot\ss2\SubSonic.Tests\AssemblyCleaner.cs" />
              <metadata>
                <entry key="TestKind">
                  <value>Fixture</value>
                </entry>
              </metadata>
              <children />
              <parameters />
            </test>
            <test id="88947b5ff026bc84" name="SPs" fullName="SubSonic.Tests/SPs" isTestCase="false">
              <codeReference assembly="SubSonic.Tests, Version=2.2.1.0, Culture=neutral, PublicKeyToken=null" namespace="SubSonic.Tests" type="SubSonic.Tests.SPs" />
              <codeLocation path="C:\data\SubsonicRoot\ss2\SubSonic.Tests\SPs.cs" />
              <metadata>
                <entry key="TestKind">
                  <value>Fixture</value>
                </entry>
              </metadata>
              <children>
                <test id="62cc4104c2c8176a" name="SP_Should_Execute_Without_Parameter2" fullName="SubSonic.Tests/SPs/SP_Should_Execute_Without_Parameter2" isTestCase="true">
                  <codeReference assembly="SubSonic.Tests, Version=2.2.1.0, Culture=neutral, PublicKeyToken=null" namespace="SubSonic.Tests" type="SubSonic.Tests.SPs" member="SP_Should_Execute_Without_Parameter2" />
                  <codeLocation path="C:\data\SubsonicRoot\ss2\SubSonic.Tests\SPs.cs" line="215" />
                  <metadata>
                    <entry key="TestKind">
                      <value>Test</value>
                    </entry>
                  </metadata>
                  <children />
                  <parameters />
                </test>
                <test id="7ac2a8ddcd10c009" name="SP_Can_Execute_JSON_Result" fullName="SubSonic.Tests/SPs/SP_Can_Execute_JSON_Result" isTestCase="true">
                  <codeReference assembly="SubSonic.Tests, Version=2.2.1.0, Culture=neutral, PublicKeyToken=null" namespace="SubSonic.Tests" type="SubSonic.Tests.SPs" member="SP_Can_Execute_JSON_Result" />
                  <codeLocation path="C:\data\SubsonicRoot\ss2\SubSonic.Tests\SPs.cs" line="229" />
                  <metadata>
                    <entry key="TestKind">
                      <value>Test</value>
                    </entry>
                  </metadata>
                  <children />
                  <parameters />
                </test>
                <test id="2ad22264b70bd8d6" name="SP_Schema_Should_Load_10_SPs" fullName="SubSonic.Tests/SPs/SP_Schema_Should_Load_10_SPs" isTestCase="true">
                  <codeReference assembly="SubSonic.Tests, Version=2.2.1.0, Culture=neutral, PublicKeyToken=null" namespace="SubSonic.Tests" type="SubSonic.Tests.SPs" member="SP_Schema_Should_Load_10_SPs" />
                  <codeLocation path="C:\data\SubsonicRoot\ss2\SubSonic.Tests\SPs.cs" line="49" />
                  <metadata>
                    <entry key="TestKind">
                      <value>Test</value>
                    </entry>
                  </metadata>
                  <children />
                  <parameters />
                </test>
                <test id="a907c2ba9df3f9ba" name="SP_CustOrderHist_TypedSP_Should_Have_Qualified_CommandSQL" fullName="SubSonic.Tests/SPs/SP_CustOrderHist_TypedSP_Should_Have_Qualified_CommandSQL" isTestCase="true">
                  <codeReference assembly="SubSonic.Tests, Version=2.2.1.0, Culture=neutral, PublicKeyToken=null" namespace="SubSonic.Tests" type="SubSonic.Tests.SPs" member="SP_CustOrderHist_TypedSP_Should_Have_Qualified_CommandSQL" />
                  <codeLocation path="C:\data\SubsonicRoot\ss2\SubSonic.Tests\SPs.cs" line="81" />
                  <metadata>
                    <entry key="TestKind">
                      <value>Test</value>
                    </entry>
                  </metadata>
                  <children />
                  <parameters />
                </test>
                <test id="e282a136067cd032" name="SP_ReaderTest" fullName="SubSonic.Tests/SPs/SP_ReaderTest" isTestCase="true">
                  <codeReference assembly="SubSonic.Tests, Version=2.2.1.0, Culture=neutral, PublicKeyToken=null" namespace="SubSonic.Tests" type="SubSonic.Tests.SPs" member="SP_ReaderTest" />
                  <codeLocation path="C:\data\SubsonicRoot\ss2\SubSonic.Tests\SPs.cs" line="92" />
                  <metadata>
                    <entry key="TestKind">
                      <value>Test</value>
                    </entry>
                  </metadata>
                  <children />
                  <parameters />
                </test>
                <test id="c0e0813a8e24c5af" name="SP_ScalarTest" fullName="SubSonic.Tests/SPs/SP_ScalarTest" isTestCase="true">
                  <codeReference assembly="SubSonic.Tests, Version=2.2.1.0, Culture=neutral, PublicKeyToken=null" namespace="SubSonic.Tests" type="SubSonic.Tests.SPs" member="SP_ScalarTest" />
                  <codeLocation path="C:\data\SubsonicRoot\ss2\SubSonic.Tests\SPs.cs" line="112" />
                  <metadata>
                    <entry key="TestKind">
                      <value>Test</value>
                    </entry>
                  </metadata>
                  <children />
                  <parameters />
                </test>
                <test id="5a3b608b22e938aa" name="SP_Schema_Should_Load_With_Schema_Name" fullName="SubSonic.Tests/SPs/SP_Schema_Should_Load_With_Schema_Name" isTestCase="true">
                  <codeReference assembly="SubSonic.Tests, Version=2.2.1.0, Culture=neutral, PublicKeyToken=null" namespace="SubSonic.Tests" type="SubSonic.Tests.SPs" member="SP_Schema_Should_Load_With_Schema_Name" />
                  <codeLocation path="C:\data\SubsonicRoot\ss2\SubSonic.Tests\SPs.cs" line="57" />
                  <metadata>
                    <entry key="TestKind">
                      <value>Test</value>
                    </entry>
                  </metadata>
                  <children />
                  <parameters />
                </test>
                <test id="a9c9721192e7a74d" name="SP_CustOrderHist_Should_Have_QualifiedName" fullName="SubSonic.Tests/SPs/SP_CustOrderHist_Should_Have_QualifiedName" isTestCase="true">
                  <codeReference assembly="SubSonic.Tests, Version=2.2.1.0, Culture=neutral, PublicKeyToken=null" namespace="SubSonic.Tests" type="SubSonic.Tests.SPs" member="SP_CustOrderHist_Should_Have_QualifiedName" />
                  <codeLocation path="C:\data\SubsonicRoot\ss2\SubSonic.Tests\SPs.cs" line="65" />
                  <metadata>
                    <entry key="TestKind">
                      <value>Test</value>
                    </entry>
                  </metadata>
                  <children />
                  <parameters />
                </test>
                <test id="af9eeab672e34f3c" name="SP_CustOrderHist_Should_Have_Qualified_CommandSQL" fullName="SubSonic.Tests/SPs/SP_CustOrderHist_Should_Have_Qualified_CommandSQL" isTestCase="true">
                  <codeReference assembly="SubSonic.Tests, Version=2.2.1.0, Culture=neutral, PublicKeyToken=null" namespace="SubSonic.Tests" type="SubSonic.Tests.SPs" member="SP_CustOrderHist_Should_Have_Qualified_CommandSQL" />
                  <codeLocation path="C:\data\SubsonicRoot\ss2\SubSonic.Tests\SPs.cs" line="73" />
                  <metadata>
                    <entry key="TestKind">
                      <value>Test</value>
                    </entry>
                  </metadata>
                  <children />
                  <parameters />
                </test>
                <test id="433e79030503e791" name="SP_QuickReader" fullName="SubSonic.Tests/SPs/SP_QuickReader" isTestCase="true">
                  <codeReference assembly="SubSonic.Tests, Version=2.2.1.0, Culture=neutral, PublicKeyToken=null" namespace="SubSonic.Tests" type="SubSonic.Tests.SPs" member="SP_QuickReader" />
                  <codeLocation path="C:\data\SubsonicRoot\ss2\SubSonic.Tests\SPs.cs" line="180" />
                  <metadata>
                    <entry key="TestKind">
                      <value>Test</value>
                    </entry>
                  </metadata>
                  <children />
                  <parameters />
                </test>
                <test id="85f475848b5528df" name="SP_QuickDataSet" fullName="SubSonic.Tests/SPs/SP_QuickDataSet" isTestCase="true">
                  <codeReference assembly="SubSonic.Tests, Version=2.2.1.0, Culture=neutral, PublicKeyToken=null" namespace="SubSonic.Tests" type="SubSonic.Tests.SPs" member="SP_QuickDataSet" />
                  <codeLocation path="C:\data\SubsonicRoot\ss2\SubSonic.Tests\SPs.cs" line="197" />
                  <metadata>
                    <entry key="TestKind">
                      <value>Test</value>
                    </entry>
                  </metadata>
                  <children />
                  <parameters />
                </test>
                <test id="5ad8fc74df6a3527" name="SP_Should_Execute_Without_Parameter" fullName="SubSonic.Tests/SPs/SP_Should_Execute_Without_Parameter" isTestCase="true">
                  <codeReference assembly="SubSonic.Tests, Version=2.2.1.0, Culture=neutral, PublicKeyToken=null" namespace="SubSonic.Tests" type="SubSonic.Tests.SPs" member="SP_Should_Execute_Without_Parameter" />
                  <codeLocation path="C:\data\SubsonicRoot\ss2\SubSonic.Tests\SPs.cs" line="203" />
                  <metadata>
                    <entry key="TestKind">
                      <value>Test</value>
                    </entry>
                  </metadata>
                  <children />
                  <parameters />
                </test>
                <test id="7160661ba5b4f87" name="SP_DSTest" fullName="SubSonic.Tests/SPs/SP_DSTest" isTestCase="true">
                  <codeReference assembly="SubSonic.Tests, Version=2.2.1.0, Culture=neutral, PublicKeyToken=null" namespace="SubSonic.Tests" type="SubSonic.Tests.SPs" member="SP_DSTest" />
                  <codeLocation path="C:\data\SubsonicRoot\ss2\SubSonic.Tests\SPs.cs" line="126" />
                  <metadata>
                    <entry key="TestKind">
                      <value>Test</value>
                    </entry>
                  </metadata>
                  <children />
                  <parameters />
                </test>
                <test id="8a3e7cfbf064fdcd" name="SP_Outputs" fullName="SubSonic.Tests/SPs/SP_Outputs" isTestCase="true">
                  <codeReference assembly="SubSonic.Tests, Version=2.2.1.0, Culture=neutral, PublicKeyToken=null" namespace="SubSonic.Tests" type="SubSonic.Tests.SPs" member="SP_Outputs" />
                  <codeLocation path="C:\data\SubsonicRoot\ss2\SubSonic.Tests\SPs.cs" line="140" />
                  <metadata>
                    <entry key="TestKind">
                      <value>Test</value>
                    </entry>
                  </metadata>
                  <children />
                  <parameters />
                </test>
                <test id="54b385f985ea3ada" name="SP_Outputs_DefaultProvider" fullName="SubSonic.Tests/SPs/SP_Outputs_DefaultProvider" isTestCase="true">
                  <codeReference assembly="SubSonic.Tests, Version=2.2.1.0, Culture=neutral, PublicKeyToken=null" namespace="SubSonic.Tests" type="SubSonic.Tests.SPs" member="SP_Outputs_DefaultProvider" />
                  <codeLocation path="C:\data\SubsonicRoot\ss2\SubSonic.Tests\SPs.cs" line="160" />
                  <metadata>
                    <entry key="TestKind">
                      <value>Test</value>
                    </entry>
                  </metadata>
                  <children />
                  <parameters />
                </test>
              </children>
              <parameters />
            </test>
            <test id="7a8c3f10192cd9e6" name="NameTransformationTests" fullName="SubSonic.Tests/NameTransformationTests" isTestCase="false">
              <codeReference assembly="SubSonic.Tests, Version=2.2.1.0, Culture=neutral, PublicKeyToken=null" namespace="SubSonic.Tests" type="SubSonic.Tests.NameTransformationTests" />
              <codeLocation path="C:\data\SubsonicRoot\ss2\SubSonic.Tests\NameTransformationTests.cs" />
              <metadata>
                <entry key="TestKind">
                  <value>Fixture</value>
                </entry>
              </metadata>
              <children>
                <test id="24d41af1d98cd3cb" name="NameTransformation_ToPascalCase" fullName="SubSonic.Tests/NameTransformationTests/NameTransformation_ToPascalCase" isTestCase="true">
                  <codeReference assembly="SubSonic.Tests, Version=2.2.1.0, Culture=neutral, PublicKeyToken=null" namespace="SubSonic.Tests" type="SubSonic.Tests.NameTransformationTests" member="NameTransformation_ToPascalCase" />
                  <codeLocation path="C:\data\SubsonicRoot\ss2\SubSonic.Tests\NameTransformationTests.cs" line="30" />
                  <metadata>
                    <entry key="TestKind">
                      <value>Test</value>
                    </entry>
                  </metadata>
                  <children />
                  <parameters />
                </test>
              </children>
              <parameters />
            </test>
            <test id="6e5f3a8fac97c581" name="RepositoryTests" fullName="SubSonic.Tests/RepositoryTests" isTestCase="false">
              <codeReference assembly="SubSonic.Tests, Version=2.2.1.0, Culture=neutral, PublicKeyToken=null" namespace="SubSonic.Tests.Repository" type="SubSonic.Tests.Repository.RepositoryTests" />
              <codeLocation path="C:\data\SubsonicRoot\ss2\SubSonic.Tests\Repository\RepositoryTests.cs" />
              <metadata>
                <entry key="TestKind">
                  <value>Fixture</value>
                </entry>
              </metadata>
              <children>
                <test id="501bdffa4db407e3" name="Repository_Should_UpdateProductName" fullName="SubSonic.Tests/RepositoryTests/Repository_Should_UpdateProductName" isTestCase="true">
                  <codeReference assembly="SubSonic.Tests, Version=2.2.1.0, Culture=neutral, PublicKeyToken=null" namespace="SubSonic.Tests.Repository" type="SubSonic.Tests.Repository.RepositoryTests" member="Repository_Should_UpdateProductName" />
                  <codeLocation path="C:\data\SubsonicRoot\ss2\SubSonic.Tests\Repository\RepositoryTests.cs" line="87" />
                  <metadata>
                    <entry key="TestKind">
                      <value>Test</value>
                    </entry>
                  </metadata>
                  <children />
                  <parameters />
                </test>
                <test id="e89af05ec569a902" name="Repository_FullCRUD" fullName="SubSonic.Tests/RepositoryTests/Repository_FullCRUD" isTestCase="true">
                  <codeReference assembly="SubSonic.Tests, Version=2.2.1.0, Culture=neutral, PublicKeyToken=null" namespace="SubSonic.Tests.Repository" type="SubSonic.Tests.Repository.RepositoryTests" member="Repository_FullCRUD" />
                  <codeLocation path="C:\data\SubsonicRoot\ss2\SubSonic.Tests\Repository\RepositoryTests.cs" line="33" />
                  <metadata>
                    <entry key="TestKind">
                      <value>Test</value>
                    </entry>
                  </metadata>
                  <children />
                  <parameters />
                </test>
                <test id="a194cf2f72fa0da3" name="Repository_Simple_Select" fullName="SubSonic.Tests/RepositoryTests/Repository_Simple_Select" isTestCase="true">
                  <codeReference assembly="SubSonic.Tests, Version=2.2.1.0, Culture=neutral, PublicKeyToken=null" namespace="SubSonic.Tests.Repository" type="SubSonic.Tests.Repository.RepositoryTests" member="Repository_Simple_Select" />
                  <codeLocation path="C:\data\SubsonicRoot\ss2\SubSonic.Tests\Repository\RepositoryTests.cs" line="26" />
                  <metadata>
                    <entry key="TestKind">
                      <value>Test</value>
                    </entry>
                  </metadata>
                  <children />
                  <parameters />
                </test>
                <test id="e8bdbb96571b6b71" name="Repository_DeleteByKey" fullName="SubSonic.Tests/RepositoryTests/Repository_DeleteByKey" isTestCase="true">
                  <codeReference assembly="SubSonic.Tests, Version=2.2.1.0, Culture=neutral, PublicKeyToken=null" namespace="SubSonic.Tests.Repository" type="SubSonic.Tests.Repository.RepositoryTests" member="Repository_DeleteByKey" />
                  <codeLocation path="C:\data\SubsonicRoot\ss2\SubSonic.Tests\Repository\RepositoryTests.cs" line="112" />
                  <metadata>
                    <entry key="TestKind">
                      <value>Test</value>
                    </entry>
                  </metadata>
                  <children />
                  <parameters />
                </test>
                <test id="d366ccde4824190f" name="Repository_DestroyByKey" fullName="SubSonic.Tests/RepositoryTests/Repository_DestroyByKey" isTestCase="true">
                  <codeReference assembly="SubSonic.Tests, Version=2.2.1.0, Culture=neutral, PublicKeyToken=null" namespace="SubSonic.Tests.Repository" type="SubSonic.Tests.Repository.RepositoryTests" member="Repository_DestroyByKey" />
                  <codeLocation path="C:\data\SubsonicRoot\ss2\SubSonic.Tests\Repository\RepositoryTests.cs" line="144" />
                  <metadata>
                    <entry key="TestKind">
                      <value>Test</value>
                    </entry>
                  </metadata>
                  <children />
                  <parameters />
                </test>
                <test id="b277c675572095f6" name="Repository_ShouldNot_ThrowWhenNoColumnsChanged" fullName="SubSonic.Tests/RepositoryTests/Repository_ShouldNot_ThrowWhenNoColumnsChanged" isTestCase="true">
                  <codeReference assembly="SubSonic.Tests, Version=2.2.1.0, Culture=neutral, PublicKeyToken=null" namespace="SubSonic.Tests.Repository" type="SubSonic.Tests.Repository.RepositoryTests" member="Repository_ShouldNot_ThrowWhenNoColumnsChanged" />
                  <codeLocation path="C:\data\SubsonicRoot\ss2\SubSonic.Tests\Repository\RepositoryTests.cs" line="98" />
                  <metadata>
                    <entry key="TestKind">
                      <value>Test</value>
                    </entry>
                  </metadata>
                  <children />
                  <parameters />
                </test>
                <test id="436b3caa8a0dda25" name="Respository_CollectionLoad" fullName="SubSonic.Tests/RepositoryTests/Respository_CollectionLoad" isTestCase="true">
                  <codeReference assembly="SubSonic.Tests, Version=2.2.1.0, Culture=neutral, PublicKeyToken=null" namespace="SubSonic.Tests.Repository" type="SubSonic.Tests.Repository.RepositoryTests" member="Respository_CollectionLoad" />
                  <codeLocation path="C:\data\SubsonicRoot\ss2\SubSonic.Tests\Repository\RepositoryTests.cs" line="106" />
                  <metadata>
                    <entry key="TestKind">
                      <value>Test</value>
                    </entry>
                  </metadata>
                  <children />
                  <parameters />
                </test>
              </children>
              <parameters />
            </test>
            <test id="bc7166f99ef30223" name="ActiveListTests" fullName="SubSonic.Tests/ActiveListTests" isTestCase="false">
              <codeReference assembly="SubSonic.Tests, Version=2.2.1.0, Culture=neutral, PublicKeyToken=null" namespace="SubSonic.Tests" type="SubSonic.Tests.ActiveListTests" />
              <codeLocation path="C:\data\SubsonicRoot\ss2\SubSonic.Tests\ActiveListTests.cs" />
              <metadata>
                <entry key="TestKind">
                  <value>Fixture</value>
                </entry>
              </metadata>
              <children>
                <test id="c63e43da4f9829e6" name="ListTHelper" fullName="SubSonic.Tests/ActiveListTests/ListTHelper" isTestCase="true">
                  <codeReference assembly="SubSonic.Tests, Version=2.2.1.0, Culture=neutral, PublicKeyToken=null" namespace="SubSonic.Tests" type="SubSonic.Tests.ActiveListTests" member="ListTHelper" />
                  <codeLocation path="C:\data\SubsonicRoot\ss2\SubSonic.Tests\ActiveListTests.cs" line="88" />
                  <metadata>
                    <entry key="TestKind">
                      <value>Test</value>
                    </entry>
                  </metadata>
                  <children />
                  <parameters />
                </test>
                <test id="59081e8fe33bad22" name="BatchSaveInsert" fullName="SubSonic.Tests/ActiveListTests/BatchSaveInsert" isTestCase="true">
                  <codeReference assembly="SubSonic.Tests, Version=2.2.1.0, Culture=neutral, PublicKeyToken=null" namespace="SubSonic.Tests" type="SubSonic.Tests.ActiveListTests" member="BatchSaveInsert" />
                  <codeLocation path="C:\data\SubsonicRoot\ss2\SubSonic.Tests\ActiveListTests.cs" line="51" />
                  <metadata>
                    <entry key="TestKind">
                      <value>Test</value>
                    </entry>
                  </metadata>
                  <children />
                  <parameters />
                </test>
                <test id="828dd42707b21bbe" name="DeferredDelete" fullName="SubSonic.Tests/ActiveListTests/DeferredDelete" isTestCase="true">
                  <codeReference assembly="SubSonic.Tests, Version=2.2.1.0, Culture=neutral, PublicKeyToken=null" namespace="SubSonic.Tests" type="SubSonic.Tests.ActiveListTests" member="DeferredDelete" />
                  <codeLocation path="C:\data\SubsonicRoot\ss2\SubSonic.Tests\ActiveListTests.cs" line="66" />
                  <metadata>
                    <entry key="TestKind">
                      <value>Test</value>
                    </entry>
                  </metadata>
                  <children />
                  <parameters />
                </test>
                <test id="c10c3bb6a31302d5" name="BatchSaveUpdate" fullName="SubSonic.Tests/ActiveListTests/BatchSaveUpdate" isTestCase="true">
                  <codeReference assembly="SubSonic.Tests, Version=2.2.1.0, Culture=neutral, PublicKeyToken=null" namespace="SubSonic.Tests" type="SubSonic.Tests.ActiveListTests" member="BatchSaveUpdate" />
                  <codeLocation path="C:\data\SubsonicRoot\ss2\SubSonic.Tests\ActiveListTests.cs" line="130" />
                  <metadata>
                    <entry key="TestKind">
                      <value>Test</value>
                    </entry>
                  </metadata>
                  <children />
                  <parameters />
                </test>
                <test id="a1003a1d129446b2" name="BatchSaveUpdateNoChanges" fullName="SubSonic.Tests/ActiveListTests/BatchSaveUpdateNoChanges" isTestCase="true">
                  <codeReference assembly="SubSonic.Tests, Version=2.2.1.0, Culture=neutral, PublicKeyToken=null" namespace="SubSonic.Tests" type="SubSonic.Tests.ActiveListTests" member="BatchSaveUpdateNoChanges" />
                  <codeLocation path="C:\data\SubsonicRoot\ss2\SubSonic.Tests\ActiveListTests.cs" line="152" />
                  <metadata>
                    <entry key="TestKind">
                      <value>Test</value>
                    </entry>
                  </metadata>
                  <children />
                  <parameters />
                </test>
                <test id="dc06ea3eb5ecffc" name="ListSerialization" fullName="SubSonic.Tests/ActiveListTests/ListSerialization" isTestCase="true">
                  <codeReference assembly="SubSonic.Tests, Version=2.2.1.0, Culture=neutral, PublicKeyToken=null" namespace="SubSonic.Tests" type="SubSonic.Tests.ActiveListTests" member="ListSerialization" />
                  <codeLocation path="C:\data\SubsonicRoot\ss2\SubSonic.Tests\ActiveListTests.cs" line="173" />
                  <metadata>
                    <entry key="TestKind">
                      <value>Test</value>
                    </entry>
                  </metadata>
                  <children />
                  <parameters />
                </test>
              </children>
              <parameters />
            </test>
            <test id="621ae3895ea314a" name="MultiProvider" fullName="SubSonic.Tests/MultiProvider" isTestCase="false">
              <codeReference assembly="SubSonic.Tests, Version=2.2.1.0, Culture=neutral, PublicKeyToken=null" namespace="SubSonic.Tests" type="SubSonic.Tests.MultiProvider" />
              <codeLocation path="C:\data\SubsonicRoot\ss2\SubSonic.Tests\MultiProvider.cs" />
              <metadata>
                <entry key="TestKind">
                  <value>Fixture</value>
                </entry>
              </metadata>
              <children>
                <test id="e240560f583195d4" name="Multi_QueryTest" fullName="SubSonic.Tests/MultiProvider/Multi_QueryTest" isTestCase="true">
                  <codeReference assembly="SubSonic.Tests, Version=2.2.1.0, Culture=neutral, PublicKeyToken=null" namespace="SubSonic.Tests" type="SubSonic.Tests.MultiProvider" member="Multi_QueryTest" />
                  <codeLocation path="C:\data\SubsonicRoot\ss2\SubSonic.Tests\MultiProvider.cs" line="32" />
                  <metadata>
                    <entry key="TestKind">
                      <value>Test</value>
                    </entry>
                  </metadata>
                  <children />
                  <parameters />
                </test>
                <test id="44598ae75999557" name="Multiple_Providers_Should_Return_Correct_ProviderName" fullName="SubSonic.Tests/MultiProvider/Multiple_Providers_Should_Return_Correct_ProviderName" isTestCase="true">
                  <codeReference assembly="SubSonic.Tests, Version=2.2.1.0, Culture=neutral, PublicKeyToken=null" namespace="SubSonic.Tests" type="SubSonic.Tests.MultiProvider" member="Multiple_Providers_Should_Return_Correct_ProviderName" />
                  <codeLocation path="C:\data\SubsonicRoot\ss2\SubSonic.Tests\MultiProvider.cs" line="45" />
                  <metadata>
                    <entry key="TestKind">
                      <value>Test</value>
                    </entry>
                  </metadata>
                  <children />
                  <parameters />
                </test>
              </children>
              <parameters />
            </test>
            <test id="a42c7aab47bd124a" name="TransactionTests" fullName="SubSonic.Tests/TransactionTests" isTestCase="false">
              <codeReference assembly="SubSonic.Tests, Version=2.2.1.0, Culture=neutral, PublicKeyToken=null" namespace="SubSonic.Tests.SqlQuery" type="SubSonic.Tests.SqlQuery.TransactionTests" />
              <codeLocation path="C:\data\SubsonicRoot\ss2\SubSonic.Tests\SqlQuery\TransactionTests.cs" />
              <metadata>
                <entry key="TestKind">
                  <value>Fixture</value>
                </entry>
              </metadata>
              <children>
                <test id="ce0ea0d4bbeba445" name="Transaction_Simple" fullName="SubSonic.Tests/TransactionTests/Transaction_Simple" isTestCase="true">
                  <codeReference assembly="SubSonic.Tests, Version=2.2.1.0, Culture=neutral, PublicKeyToken=null" namespace="SubSonic.Tests.SqlQuery" type="SubSonic.Tests.SqlQuery.TransactionTests" member="Transaction_Simple" />
                  <codeLocation path="C:\data\SubsonicRoot\ss2\SubSonic.Tests\SqlQuery\TransactionTests.cs" line="27" />
                  <metadata>
                    <entry key="TestKind">
                      <value>Test</value>
                    </entry>
                  </metadata>
                  <children />
                  <parameters />
                </test>
              </children>
              <parameters />
            </test>
            <test id="82e4f995d1ef4b99" name="GeneratedObjectTests" fullName="SubSonic.Tests/GeneratedObjectTests" isTestCase="false">
              <codeReference assembly="SubSonic.Tests, Version=2.2.1.0, Culture=neutral, PublicKeyToken=null" namespace="SubSonic.Tests" type="SubSonic.Tests.GeneratedObjectTests" />
              <codeLocation path="C:\data\SubsonicRoot\ss2\SubSonic.Tests\GeneratedObjectTests.cs" />
              <metadata>
                <entry key="TestKind">
                  <value>Fixture</value>
                </entry>
              </metadata>
              <children>
                <test id="bb5648aa7aeca27d" name="Objects_DeletedTest" fullName="SubSonic.Tests/GeneratedObjectTests/Objects_DeletedTest" isTestCase="true">
                  <codeReference assembly="SubSonic.Tests, Version=2.2.1.0, Culture=neutral, PublicKeyToken=null" namespace="SubSonic.Tests" type="SubSonic.Tests.GeneratedObjectTests" member="Objects_DeletedTest" />
                  <codeLocation path="C:\data\SubsonicRoot\ss2\SubSonic.Tests\GeneratedObjectTests.cs" line="72" />
                  <metadata>
                    <entry key="TestKind">
                      <value>Test</value>
                    </entry>
                  </metadata>
                  <children />
                  <parameters />
                </test>
                <test id="3c3bbcc98ccd4e2f" name="Object_Query" fullName="SubSonic.Tests/GeneratedObjectTests/Object_Query" isTestCase="true">
                  <codeReference assembly="SubSonic.Tests, Version=2.2.1.0, Culture=neutral, PublicKeyToken=null" namespace="SubSonic.Tests" type="SubSonic.Tests.GeneratedObjectTests" member="Object_Query" />
                  <codeLocation path="C:\data\SubsonicRoot\ss2\SubSonic.Tests\GeneratedObjectTests.cs" line="85" />
                  <metadata>
                    <entry key="TestKind">
                      <value>Test</value>
                    </entry>
                  </metadata>
                  <children />
                  <parameters />
                </test>
                <test id="c7acc287a1bc8226" name="Collections_DeletedTest" fullName="SubSonic.Tests/GeneratedObjectTests/Collections_DeletedTest" isTestCase="true">
                  <codeReference assembly="SubSonic.Tests, Version=2.2.1.0, Culture=neutral, PublicKeyToken=null" namespace="SubSonic.Tests" type="SubSonic.Tests.GeneratedObjectTests" member="Collections_DeletedTest" />
                  <codeLocation path="C:\data\SubsonicRoot\ss2\SubSonic.Tests\GeneratedObjectTests.cs" line="51" />
                  <metadata>
                    <entry key="TestKind">
                      <value>Test</value>
                    </entry>
                  </metadata>
                  <children />
                  <parameters />
                </test>
                <test id="aeb613d93bc00de9" name="Objects_LoadListItems" fullName="SubSonic.Tests/GeneratedObjectTests/Objects_LoadListItems" isTestCase="true">
                  <codeReference assembly="SubSonic.Tests, Version=2.2.1.0, Culture=neutral, PublicKeyToken=null" namespace="SubSonic.Tests" type="SubSonic.Tests.GeneratedObjectTests" member="Objects_LoadListItems" />
                  <codeLocation path="C:\data\SubsonicRoot\ss2\SubSonic.Tests\GeneratedObjectTests.cs" line="62" />
                  <metadata>
                    <entry key="TestKind">
                      <value>Test</value>
                    </entry>
                  </metadata>
                  <children />
                  <parameters />
                </test>
                <test id="f95d8f08e78840f5" name="Object_DefaultSettings" fullName="SubSonic.Tests/GeneratedObjectTests/Object_DefaultSettings" isTestCase="true">
                  <codeReference assembly="SubSonic.Tests, Version=2.2.1.0, Culture=neutral, PublicKeyToken=null" namespace="SubSonic.Tests" type="SubSonic.Tests.GeneratedObjectTests" member="Object_DefaultSettings" />
                  <codeLocation path="C:\data\SubsonicRoot\ss2\SubSonic.Tests\GeneratedObjectTests.cs" line="155" />
                  <metadata>
                    <entry key="TestKind">
                      <value>Test</value>
                    </entry>
                  </metadata>
                  <children />
                  <parameters />
                </test>
                <test id="29e469fbe053c6cc" name="Object_SchemaDefinition" fullName="SubSonic.Tests/GeneratedObjectTests/Object_SchemaDefinition" isTestCase="true">
                  <codeReference assembly="SubSonic.Tests, Version=2.2.1.0, Culture=neutral, PublicKeyToken=null" namespace="SubSonic.Tests" type="SubSonic.Tests.GeneratedObjectTests" member="Object_SchemaDefinition" />
                  <codeLocation path="C:\data\SubsonicRoot\ss2\SubSonic.Tests\GeneratedObjectTests.cs" line="166" />
                  <metadata>
                    <entry key="TestKind">
                      <value>Test</value>
                    </entry>
                  </metadata>
                  <children />
                  <parameters />
                </test>
                <test id="40bb206d85a9b796" name="Object_CRUD" fullName="SubSonic.Tests/GeneratedObjectTests/Object_CRUD" isTestCase="true">
                  <codeReference assembly="SubSonic.Tests, Version=2.2.1.0, Culture=neutral, PublicKeyToken=null" namespace="SubSonic.Tests" type="SubSonic.Tests.GeneratedObjectTests" member="Object_CRUD" />
                  <codeLocation path="C:\data\SubsonicRoot\ss2\SubSonic.Tests\GeneratedObjectTests.cs" line="99" />
                  <metadata>
                    <entry key="TestKind">
                      <value>Test</value>
                    </entry>
                  </metadata>
                  <children />
                  <parameters />
                </test>
                <test id="14c17386f5fc54" name="Object_Validation" fullName="SubSonic.Tests/GeneratedObjectTests/Object_Validation" isTestCase="true">
                  <codeReference assembly="SubSonic.Tests, Version=2.2.1.0, Culture=neutral, PublicKeyToken=null" namespace="SubSonic.Tests" type="SubSonic.Tests.GeneratedObjectTests" member="Object_Validation" />
                  <codeLocation path="C:\data\SubsonicRoot\ss2\SubSonic.Tests\GeneratedObjectTests.cs" line="124" />
                  <metadata>
                    <entry key="TestKind">
                      <value>Test</value>
                    </entry>
                  </metadata>
                  <children />
                  <parameters />
                </test>
              </children>
              <parameters />
            </test>
            <test id="100d55b0e105bd89" name="DataServiceTest" fullName="SubSonic.Tests/DataServiceTest" isTestCase="false">
              <codeReference assembly="SubSonic.Tests, Version=2.2.1.0, Culture=neutral, PublicKeyToken=null" namespace="SubSonic.Tests" type="SubSonic.Tests.DataServiceTest" />
              <codeLocation path="C:\data\SubsonicRoot\ss2\SubSonic.Tests\DataServiceTest.cs" />
              <metadata>
                <entry key="TestKind">
                  <value>Fixture</value>
                </entry>
              </metadata>
              <children>
                <test id="b449a12d7036ab60" name="DataService_GetSchema" fullName="SubSonic.Tests/DataServiceTest/DataService_GetSchema" isTestCase="true">
                  <codeReference assembly="SubSonic.Tests, Version=2.2.1.0, Culture=neutral, PublicKeyToken=null" namespace="SubSonic.Tests" type="SubSonic.Tests.DataServiceTest" member="DataService_GetSchema" />
                  <codeLocation path="C:\data\SubsonicRoot\ss2\SubSonic.Tests\DataServiceTest.cs" line="49" />
                  <metadata>
                    <entry key="TestKind">
                      <value>Test</value>
                    </entry>
                  </metadata>
                  <children />
                  <parameters />
                </test>
                <test id="ee678df2e826a4e0" name="DataProvider_GetRecordCount" fullName="SubSonic.Tests/DataServiceTest/DataProvider_GetRecordCount" isTestCase="true">
                  <codeReference assembly="SubSonic.Tests, Version=2.2.1.0, Culture=neutral, PublicKeyToken=null" namespace="SubSonic.Tests" type="SubSonic.Tests.DataServiceTest" member="DataProvider_GetRecordCount" />
                  <codeLocation path="C:\data\SubsonicRoot\ss2\SubSonic.Tests\DataServiceTest.cs" line="69" />
                  <metadata>
                    <entry key="TestKind">
                      <value>Test</value>
                    </entry>
                  </metadata>
                  <children />
                  <parameters />
                </test>
                <test id="62b85bc2affcd08c" name="DataService_GetTableNames" fullName="SubSonic.Tests/DataServiceTest/DataService_GetTableNames" isTestCase="true">
                  <codeReference assembly="SubSonic.Tests, Version=2.2.1.0, Culture=neutral, PublicKeyToken=null" namespace="SubSonic.Tests" type="SubSonic.Tests.DataServiceTest" member="DataService_GetTableNames" />
                  <codeLocation path="C:\data\SubsonicRoot\ss2\SubSonic.Tests\DataServiceTest.cs" line="59" />
                  <metadata>
                    <entry key="TestKind">
                      <value>Test</value>
                    </entry>
                  </metadata>
                  <children />
                  <parameters />
                </test>
              </children>
              <parameters />
            </test>
            <test id="d555ee4381e205dd" name="MySqlGeneratorTests" fullName="SubSonic.Tests/MySqlGeneratorTests" isTestCase="false">
              <codeReference assembly="SubSonic.Tests, Version=2.2.1.0, Culture=neutral, PublicKeyToken=null" namespace="SubSonic.Tests.SqlGenerators" type="SubSonic.Tests.SqlGenerators.MySqlGeneratorTests" />
              <codeLocation path="C:\data\SubsonicRoot\ss2\SubSonic.Tests\SqlGenerators\MySqlGeneratorTests.cs" />
              <metadata>
                <entry key="TestKind">
                  <value>Fixture</value>
                </entry>
              </metadata>
              <children>
                <test id="86b9711ecc776484" name="Drop_Table" fullName="SubSonic.Tests/MySqlGeneratorTests/Drop_Table" isTestCase="true">
                  <codeReference assembly="SubSonic.Tests, Version=2.2.1.0, Culture=neutral, PublicKeyToken=null" namespace="SubSonic.Tests.SqlGenerators" type="SubSonic.Tests.SqlGenerators.MySqlGeneratorTests" member="Drop_Table" />
                  <codeLocation path="C:\data\SubsonicRoot\ss2\SubSonic.Tests\SqlGenerators\MySqlGeneratorTests.cs" line="23" />
                  <metadata>
                    <entry key="TestKind">
                      <value>Test</value>
                    </entry>
                  </metadata>
                  <children />
                  <parameters />
                </test>
                <test id="58690fbdcef5469f" name="Select_ColumnList_Specified" fullName="SubSonic.Tests/MySqlGeneratorTests/Select_ColumnList_Specified" isTestCase="true">
                  <codeReference assembly="SubSonic.Tests, Version=2.2.1.0, Culture=neutral, PublicKeyToken=null" namespace="SubSonic.Tests.SqlGenerators" type="SubSonic.Tests.SqlGenerators.MySqlGeneratorTests" member="Select_ColumnList_Specified" />
                  <codeLocation path="C:\data\SubsonicRoot\ss2\SubSonic.Tests\SqlGenerators\MySqlGeneratorTests.cs" line="12" />
                  <metadata>
                    <entry key="TestKind">
                      <value>Test</value>
                    </entry>
                  </metadata>
                  <children />
                  <parameters />
                </test>
                <test id="21f87b47ae716092" name="Create_Table" fullName="SubSonic.Tests/MySqlGeneratorTests/Create_Table" isTestCase="true">
                  <codeReference assembly="SubSonic.Tests, Version=2.2.1.0, Culture=neutral, PublicKeyToken=null" namespace="SubSonic.Tests.SqlGenerators" type="SubSonic.Tests.SqlGenerators.MySqlGeneratorTests" member="Create_Table" />
                  <codeLocation path="C:\data\SubsonicRoot\ss2\SubSonic.Tests\SqlGenerators\MySqlGeneratorTests.cs" line="31" />
                  <metadata>
                    <entry key="TestKind">
                      <value>Test</value>
                    </entry>
                  </metadata>
                  <children />
                  <parameters />
                </test>
                <test id="4b2410a3fffa3a15" name="Remove_Column" fullName="SubSonic.Tests/MySqlGeneratorTests/Remove_Column" isTestCase="true">
                  <codeReference assembly="SubSonic.Tests, Version=2.2.1.0, Culture=neutral, PublicKeyToken=null" namespace="SubSonic.Tests.SqlGenerators" type="SubSonic.Tests.SqlGenerators.MySqlGeneratorTests" member="Remove_Column" />
                  <codeLocation path="C:\data\SubsonicRoot\ss2\SubSonic.Tests\SqlGenerators\MySqlGeneratorTests.cs" line="73" />
                  <metadata>
                    <entry key="TestKind">
                      <value>Test</value>
                    </entry>
                  </metadata>
                  <children />
                  <parameters />
                </test>
                <test id="5a34a93f4a70d135" name="Alter_Column" fullName="SubSonic.Tests/MySqlGeneratorTests/Alter_Column" isTestCase="true">
                  <codeReference assembly="SubSonic.Tests, Version=2.2.1.0, Culture=neutral, PublicKeyToken=null" namespace="SubSonic.Tests.SqlGenerators" type="SubSonic.Tests.SqlGenerators.MySqlGeneratorTests" member="Alter_Column" />
                  <codeLocation path="C:\data\SubsonicRoot\ss2\SubSonic.Tests\SqlGenerators\MySqlGeneratorTests.cs" line="61" />
                  <metadata>
                    <entry key="TestKind">
                      <value>Test</value>
                    </entry>
                  </metadata>
                  <children />
                  <parameters />
                </test>
                <test id="f83464f45f4bb980" name="Add_Column" fullName="SubSonic.Tests/MySqlGeneratorTests/Add_Column" isTestCase="true">
                  <codeReference assembly="SubSonic.Tests, Version=2.2.1.0, Culture=neutral, PublicKeyToken=null" namespace="SubSonic.Tests.SqlGenerators" type="SubSonic.Tests.SqlGenerators.MySqlGeneratorTests" member="Add_Column" />
                  <codeLocation path="C:\data\SubsonicRoot\ss2\SubSonic.Tests\SqlGenerators\MySqlGeneratorTests.cs" line="46" />
                  <metadata>
                    <entry key="TestKind">
                      <value>Test</value>
                    </entry>
                  </metadata>
                  <children />
                  <parameters />
                </test>
              </children>
              <parameters />
            </test>
            <test id="4a525883a4c1bcb9" name="ManyToMany" fullName="SubSonic.Tests/ManyToMany" isTestCase="false">
              <codeReference assembly="SubSonic.Tests, Version=2.2.1.0, Culture=neutral, PublicKeyToken=null" namespace="SubSonic.Tests" type="SubSonic.Tests.ManyToMany" />
              <codeLocation path="C:\data\SubsonicRoot\ss2\SubSonic.Tests\bin\Debug\SubSonic.Tests.DLL" />
              <metadata>
                <entry key="TestKind">
                  <value>Fixture</value>
                </entry>
              </metadata>
              <children />
              <parameters />
            </test>
            <test id="60b90858aa342229" name="SqlServerParserTests" fullName="SubSonic.Tests/SqlServerParserTests" isTestCase="false">
              <codeReference assembly="SubSonic.Tests, Version=2.2.1.0, Culture=neutral, PublicKeyToken=null" namespace="SubSonic.Tests.SqlQuery" type="SubSonic.Tests.SqlQuery.SqlServerParserTests" />
              <codeLocation path="C:\data\SubsonicRoot\ss2\SubSonic.Tests\SqlGenerators\SqlServerGeneratorTests.cs" />
              <metadata>
                <entry key="TestKind">
                  <value>Fixture</value>
                </entry>
              </metadata>
              <children>
                <test id="b038d3afb3264e1f" name="Add_Column" fullName="SubSonic.Tests/SqlServerParserTests/Add_Column" isTestCase="true">
                  <codeReference assembly="SubSonic.Tests, Version=2.2.1.0, Culture=neutral, PublicKeyToken=null" namespace="SubSonic.Tests.SqlQuery" type="SubSonic.Tests.SqlQuery.SqlServerParserTests" member="Add_Column" />
                  <codeLocation path="C:\data\SubsonicRoot\ss2\SubSonic.Tests\SqlGenerators\SqlServerGeneratorTests.cs" line="258" />
                  <metadata>
                    <entry key="TestKind">
                      <value>Test</value>
                    </entry>
                  </metadata>
                  <children />
                  <parameters />
                </test>
                <test id="b23686f1b213f7ff" name="Create_Table" fullName="SubSonic.Tests/SqlServerParserTests/Create_Table" isTestCase="true">
                  <codeReference assembly="SubSonic.Tests, Version=2.2.1.0, Culture=neutral, PublicKeyToken=null" namespace="SubSonic.Tests.SqlQuery" type="SubSonic.Tests.SqlQuery.SqlServerParserTests" member="Create_Table" />
                  <codeLocation path="C:\data\SubsonicRoot\ss2\SubSonic.Tests\SqlGenerators\SqlServerGeneratorTests.cs" line="248" />
                  <metadata>
                    <entry key="TestKind">
                      <value>Test</value>
                    </entry>
                  </metadata>
                  <children />
                  <parameters />
                </test>
                <test id="76cb5cc148d15d12" name="Drop_Table" fullName="SubSonic.Tests/SqlServerParserTests/Drop_Table" isTestCase="true">
                  <codeReference assembly="SubSonic.Tests, Version=2.2.1.0, Culture=neutral, PublicKeyToken=null" namespace="SubSonic.Tests.SqlQuery" type="SubSonic.Tests.SqlQuery.SqlServerParserTests" member="Drop_Table" />
                  <codeLocation path="C:\data\SubsonicRoot\ss2\SubSonic.Tests\SqlGenerators\SqlServerGeneratorTests.cs" line="240" />
                  <metadata>
                    <entry key="TestKind">
                      <value>Test</value>
                    </entry>
                  </metadata>
                  <children />
                  <parameters />
                </test>
                <test id="f10c18f4e6e52a40" name="Select_ColumnList_Specified" fullName="SubSonic.Tests/SqlServerParserTests/Select_ColumnList_Specified" isTestCase="true">
                  <codeReference assembly="SubSonic.Tests, Version=2.2.1.0, Culture=neutral, PublicKeyToken=null" namespace="SubSonic.Tests.SqlQuery" type="SubSonic.Tests.SqlQuery.SqlServerParserTests" member="Select_ColumnList_Specified" />
                  <codeLocation path="C:\data\SubsonicRoot\ss2\SubSonic.Tests\SqlGenerators\SqlServerGeneratorTests.cs" line="27" />
                  <metadata>
                    <entry key="TestKind">
                      <value>Test</value>
                    </entry>
                  </metadata>
                  <children />
                  <parameters />
                </test>
                <test id="55d0b3a9aa2fc7b5" name="Remove_Column" fullName="SubSonic.Tests/SqlServerParserTests/Remove_Column" isTestCase="true">
                  <codeReference assembly="SubSonic.Tests, Version=2.2.1.0, Culture=neutral, PublicKeyToken=null" namespace="SubSonic.Tests.SqlQuery" type="SubSonic.Tests.SqlQuery.SqlServerParserTests" member="Remove_Column" />
                  <codeLocation path="C:\data\SubsonicRoot\ss2\SubSonic.Tests\SqlGenerators\SqlServerGeneratorTests.cs" line="288" />
                  <metadata>
                    <entry key="TestKind">
                      <value>Test</value>
                    </entry>
                  </metadata>
                  <children />
                  <parameters />
                </test>
                <test id="230b5d41c88cd9d3" name="Alter_Column" fullName="SubSonic.Tests/SqlServerParserTests/Alter_Column" isTestCase="true">
                  <codeReference assembly="SubSonic.Tests, Version=2.2.1.0, Culture=neutral, PublicKeyToken=null" namespace="SubSonic.Tests.SqlQuery" type="SubSonic.Tests.SqlQuery.SqlServerParserTests" member="Alter_Column" />
                  <codeLocation path="C:\data\SubsonicRoot\ss2\SubSonic.Tests\SqlGenerators\SqlServerGeneratorTests.cs" line="273" />
                  <metadata>
                    <entry key="TestKind">
                      <value>Test</value>
                    </entry>
                  </metadata>
                  <children />
                  <parameters />
                </test>
                <test id="a81dd1f180303cf2" name="Join_Unequal" fullName="SubSonic.Tests/SqlServerParserTests/Join_Unequal" isTestCase="true">
                  <codeReference assembly="SubSonic.Tests, Version=2.2.1.0, Culture=neutral, PublicKeyToken=null" namespace="SubSonic.Tests.SqlQuery" type="SubSonic.Tests.SqlQuery.SqlServerParserTests" member="Join_Unequal" />
                  <codeLocation path="C:\data\SubsonicRoot\ss2\SubSonic.Tests\SqlGenerators\SqlServerGeneratorTests.cs" line="228" />
                  <metadata>
                    <entry key="TestKind">
                      <value>Test</value>
                    </entry>
                  </metadata>
                  <children />
                  <parameters />
                </test>
                <test id="e8c503421ed75cc7" name="Where_Simple" fullName="SubSonic.Tests/SqlServerParserTests/Where_Simple" isTestCase="true">
                  <codeReference assembly="SubSonic.Tests, Version=2.2.1.0, Culture=neutral, PublicKeyToken=null" namespace="SubSonic.Tests.SqlQuery" type="SubSonic.Tests.SqlQuery.SqlServerParserTests" member="Where_Simple" />
                  <codeLocation path="C:\data\SubsonicRoot\ss2\SubSonic.Tests\SqlGenerators\SqlServerGeneratorTests.cs" line="81" />
                  <metadata>
                    <entry key="TestKind">
                      <value>Test</value>
                    </entry>
                  </metadata>
                  <children />
                  <parameters />
                </test>
                <test id="8e81f1b907805ac6" name="Where_And" fullName="SubSonic.Tests/SqlServerParserTests/Where_And" isTestCase="true">
                  <codeReference assembly="SubSonic.Tests, Version=2.2.1.0, Culture=neutral, PublicKeyToken=null" namespace="SubSonic.Tests.SqlQuery" type="SubSonic.Tests.SqlQuery.SqlServerParserTests" member="Where_And" />
                  <codeLocation path="C:\data\SubsonicRoot\ss2\SubSonic.Tests\SqlGenerators\SqlServerGeneratorTests.cs" line="90" />
                  <metadata>
                    <entry key="TestKind">
                      <value>Test</value>
                    </entry>
                  </metadata>
                  <children />
                  <parameters />
                </test>
                <test id="cd33398885417e68" name="Select_BetweenAnd" fullName="SubSonic.Tests/SqlServerParserTests/Select_BetweenAnd" isTestCase="true">
                  <codeReference assembly="SubSonic.Tests, Version=2.2.1.0, Culture=neutral, PublicKeyToken=null" namespace="SubSonic.Tests.SqlQuery" type="SubSonic.Tests.SqlQuery.SqlServerParserTests" member="Select_BetweenAnd" />
                  <codeLocation path="C:\data\SubsonicRoot\ss2\SubSonic.Tests\SqlGenerators\SqlServerGeneratorTests.cs" line="101" />
                  <metadata>
                    <entry key="TestKind">
                      <value>Test</value>
                    </entry>
                  </metadata>
                  <children />
                  <parameters />
                </test>
                <test id="93ecceb46b6af8ef" name="Join_CreateImplicit_Reversed" fullName="SubSonic.Tests/SqlServerParserTests/Join_CreateImplicit_Reversed" isTestCase="true">
                  <codeReference assembly="SubSonic.Tests, Version=2.2.1.0, Culture=neutral, PublicKeyToken=null" namespace="SubSonic.Tests.SqlQuery" type="SubSonic.Tests.SqlQuery.SqlServerParserTests" member="Join_CreateImplicit_Reversed" />
                  <codeLocation path="C:\data\SubsonicRoot\ss2\SubSonic.Tests\SqlGenerators\SqlServerGeneratorTests.cs" line="73" />
                  <metadata>
                    <entry key="TestKind">
                      <value>Test</value>
                    </entry>
                  </metadata>
                  <children />
                  <parameters />
                </test>
                <test id="9353a3d7f6f779c0" name="Select_Generate_FromList" fullName="SubSonic.Tests/SqlServerParserTests/Select_Generate_FromList" isTestCase="true">
                  <codeReference assembly="SubSonic.Tests, Version=2.2.1.0, Culture=neutral, PublicKeyToken=null" namespace="SubSonic.Tests.SqlQuery" type="SubSonic.Tests.SqlQuery.SqlServerParserTests" member="Select_Generate_FromList" />
                  <codeLocation path="C:\data\SubsonicRoot\ss2\SubSonic.Tests\SqlGenerators\SqlServerGeneratorTests.cs" line="38" />
                  <metadata>
                    <entry key="TestKind">
                      <value>Test</value>
                    </entry>
                  </metadata>
                  <children />
                  <parameters />
                </test>
                <test id="c16ca65665a60dcd" name="Select_Generate_JoinList" fullName="SubSonic.Tests/SqlServerParserTests/Select_Generate_JoinList" isTestCase="true">
                  <codeReference assembly="SubSonic.Tests, Version=2.2.1.0, Culture=neutral, PublicKeyToken=null" namespace="SubSonic.Tests.SqlQuery" type="SubSonic.Tests.SqlQuery.SqlServerParserTests" member="Select_Generate_JoinList" />
                  <codeLocation path="C:\data\SubsonicRoot\ss2\SubSonic.Tests\SqlGenerators\SqlServerGeneratorTests.cs" line="49" />
                  <metadata>
                    <entry key="TestKind">
                      <value>Test</value>
                    </entry>
                  </metadata>
                  <children />
                  <parameters />
                </test>
                <test id="6b04afe64d308ac5" name="Join_CreateImplicit" fullName="SubSonic.Tests/SqlServerParserTests/Join_CreateImplicit" isTestCase="true">
                  <codeReference assembly="SubSonic.Tests, Version=2.2.1.0, Culture=neutral, PublicKeyToken=null" namespace="SubSonic.Tests.SqlQuery" type="SubSonic.Tests.SqlQuery.SqlServerParserTests" member="Join_CreateImplicit" />
                  <codeLocation path="C:\data\SubsonicRoot\ss2\SubSonic.Tests\SqlGenerators\SqlServerGeneratorTests.cs" line="65" />
                  <metadata>
                    <entry key="TestKind">
                      <value>Test</value>
                    </entry>
                  </metadata>
                  <children />
                  <parameters />
                </test>
                <test id="fe33148885157218" name="Aggregate_Count" fullName="SubSonic.Tests/SqlServerParserTests/Aggregate_Count" isTestCase="true">
                  <codeReference assembly="SubSonic.Tests, Version=2.2.1.0, Culture=neutral, PublicKeyToken=null" namespace="SubSonic.Tests.SqlQuery" type="SubSonic.Tests.SqlQuery.SqlServerParserTests" member="Aggregate_Count" />
                  <codeLocation path="C:\data\SubsonicRoot\ss2\SubSonic.Tests\SqlGenerators\SqlServerGeneratorTests.cs" line="111" />
                  <metadata>
                    <entry key="TestKind">
                      <value>Test</value>
                    </entry>
                  </metadata>
                  <children />
                  <parameters />
                </test>
                <test id="ad7e1ee716b970b" name="Select_IN" fullName="SubSonic.Tests/SqlServerParserTests/Select_IN" isTestCase="true">
                  <codeReference assembly="SubSonic.Tests, Version=2.2.1.0, Culture=neutral, PublicKeyToken=null" namespace="SubSonic.Tests.SqlQuery" type="SubSonic.Tests.SqlQuery.SqlServerParserTests" member="Select_IN" />
                  <codeLocation path="C:\data\SubsonicRoot\ss2\SubSonic.Tests\SqlGenerators\SqlServerGeneratorTests.cs" line="196" />
                  <metadata>
                    <entry key="TestKind">
                      <value>Test</value>
                    </entry>
                  </metadata>
                  <children />
                  <parameters />
                </test>
                <test id="14656463e04d232d" name="Join_RightOuter" fullName="SubSonic.Tests/SqlServerParserTests/Join_RightOuter" isTestCase="true">
                  <codeReference assembly="SubSonic.Tests, Version=2.2.1.0, Culture=neutral, PublicKeyToken=null" namespace="SubSonic.Tests.SqlQuery" type="SubSonic.Tests.SqlQuery.SqlServerParserTests" member="Join_RightOuter" />
                  <codeLocation path="C:\data\SubsonicRoot\ss2\SubSonic.Tests\SqlGenerators\SqlServerGeneratorTests.cs" line="204" />
                  <metadata>
                    <entry key="TestKind">
                      <value>Test</value>
                    </entry>
                  </metadata>
                  <children />
                  <parameters />
                </test>
                <test id="145dc48b903294de" name="Join_Cross" fullName="SubSonic.Tests/SqlServerParserTests/Join_Cross" isTestCase="true">
                  <codeReference assembly="SubSonic.Tests, Version=2.2.1.0, Culture=neutral, PublicKeyToken=null" namespace="SubSonic.Tests.SqlQuery" type="SubSonic.Tests.SqlQuery.SqlServerParserTests" member="Join_Cross" />
                  <codeLocation path="C:\data\SubsonicRoot\ss2\SubSonic.Tests\SqlGenerators\SqlServerGeneratorTests.cs" line="216" />
                  <metadata>
                    <entry key="TestKind">
                      <value>Test</value>
                    </entry>
                  </metadata>
                  <children />
                  <parameters />
                </test>
                <test id="5fa0547ca29e973d" name="Select_PagedWithAggregate" fullName="SubSonic.Tests/SqlServerParserTests/Select_PagedWithAggregate" isTestCase="true">
                  <codeReference assembly="SubSonic.Tests, Version=2.2.1.0, Culture=neutral, PublicKeyToken=null" namespace="SubSonic.Tests.SqlQuery" type="SubSonic.Tests.SqlQuery.SqlServerParserTests" member="Select_PagedWithAggregate" />
                  <codeLocation path="C:\data\SubsonicRoot\ss2\SubSonic.Tests\SqlGenerators\SqlServerGeneratorTests.cs" line="178" />
                  <metadata>
                    <entry key="TestKind">
                      <value>Test</value>
                    </entry>
                  </metadata>
                  <children />
                  <parameters />
                </test>
                <test id="11814d6ca25ebd6" name="Where_Expression" fullName="SubSonic.Tests/SqlServerParserTests/Where_Expression" isTestCase="true">
                  <codeReference assembly="SubSonic.Tests, Version=2.2.1.0, Culture=neutral, PublicKeyToken=null" namespace="SubSonic.Tests.SqlQuery" type="SubSonic.Tests.SqlQuery.SqlServerParserTests" member="Where_Expression" />
                  <codeLocation path="C:\data\SubsonicRoot\ss2\SubSonic.Tests\SqlGenerators\SqlServerGeneratorTests.cs" line="126" />
                  <metadata>
                    <entry key="TestKind">
                      <value>Test</value>
                    </entry>
                  </metadata>
                  <children />
                  <parameters />
                </test>
                <test id="82c6a08c439adfeb" name="Select_Expression" fullName="SubSonic.Tests/SqlServerParserTests/Select_Expression" isTestCase="true">
                  <codeReference assembly="SubSonic.Tests, Version=2.2.1.0, Culture=neutral, PublicKeyToken=null" namespace="SubSonic.Tests.SqlQuery" type="SubSonic.Tests.SqlQuery.SqlServerParserTests" member="Select_Expression" />
                  <codeLocation path="C:\data\SubsonicRoot\ss2\SubSonic.Tests\SqlGenerators\SqlServerGeneratorTests.cs" line="138" />
                  <metadata>
                    <entry key="TestKind">
                      <value>Test</value>
                    </entry>
                  </metadata>
                  <children />
                  <parameters />
                </test>
                <test id="f8b3de9ebe602bca" name="Select_Paged" fullName="SubSonic.Tests/SqlServerParserTests/Select_Paged" isTestCase="true">
                  <codeReference assembly="SubSonic.Tests, Version=2.2.1.0, Culture=neutral, PublicKeyToken=null" namespace="SubSonic.Tests.SqlQuery" type="SubSonic.Tests.SqlQuery.SqlServerParserTests" member="Select_Paged" />
                  <codeLocation path="C:\data\SubsonicRoot\ss2\SubSonic.Tests\SqlGenerators\SqlServerGeneratorTests.cs" line="157" />
                  <metadata>
                    <entry key="TestKind">
                      <value>Test</value>
                    </entry>
                  </metadata>
                  <children />
                  <parameters />
                </test>
              </children>
              <parameters />
            </test>
            <test id="880abdbef59a7034" name="TransactionWithDtcOffTests" fullName="SubSonic.Tests/TransactionWithDtcOffTests" isTestCase="false">
              <codeReference assembly="SubSonic.Tests, Version=2.2.1.0, Culture=neutral, PublicKeyToken=null" namespace="SubSonic.Tests" type="SubSonic.Tests.TransactionWithDtcOffTests" />
              <codeLocation path="C:\data\SubsonicRoot\ss2\SubSonic.Tests\TransactionWithDtcOffTests.cs" />
              <metadata>
                <entry key="TestKind">
                  <value>Fixture</value>
                </entry>
              </metadata>
              <children>
                <test id="d05195082be18aed" name="RetrieveMultipleProducts_FailsWithoutSharedConnection" fullName="SubSonic.Tests/TransactionWithDtcOffTests/RetrieveMultipleProducts_FailsWithoutSharedConnection" isTestCase="true">
                  <codeReference assembly="SubSonic.Tests, Version=2.2.1.0, Culture=neutral, PublicKeyToken=null" namespace="SubSonic.Tests" type="SubSonic.Tests.TransactionWithDtcOffTests" member="RetrieveMultipleProducts_FailsWithoutSharedConnection" />
                  <codeLocation path="C:\data\SubsonicRoot\ss2\SubSonic.Tests\TransactionWithDtcOffTests.cs" line="78" />
                  <metadata>
                    <entry key="TestKind">
                      <value>Test</value>
                    </entry>
                  </metadata>
                  <children />
                  <parameters />
                </test>
                <test id="33bc997a3d7805bc" name="CanRetrieveMultipleEntities_FailsWithoutSharedConnectionScope" fullName="SubSonic.Tests/TransactionWithDtcOffTests/CanRetrieveMultipleEntities_FailsWithoutSharedConnectionScope" isTestCase="true">
                  <codeReference assembly="SubSonic.Tests, Version=2.2.1.0, Culture=neutral, PublicKeyToken=null" namespace="SubSonic.Tests" type="SubSonic.Tests.TransactionWithDtcOffTests" member="CanRetrieveMultipleEntities_FailsWithoutSharedConnectionScope" />
                  <codeLocation path="C:\data\SubsonicRoot\ss2\SubSonic.Tests\TransactionWithDtcOffTests.cs" line="104" />
                  <metadata>
                    <entry key="TestKind">
                      <value>Test</value>
                    </entry>
                  </metadata>
                  <children />
                  <parameters />
                </test>
                <test id="710aa2d766b9c833" name="CanRetrieveMultipleEntities_SucceedsWithSharedConnectionScope" fullName="SubSonic.Tests/TransactionWithDtcOffTests/CanRetrieveMultipleEntities_SucceedsWithSharedConnectionScope" isTestCase="true">
                  <codeReference assembly="SubSonic.Tests, Version=2.2.1.0, Culture=neutral, PublicKeyToken=null" namespace="SubSonic.Tests" type="SubSonic.Tests.TransactionWithDtcOffTests" member="CanRetrieveMultipleEntities_SucceedsWithSharedConnectionScope" />
                  <codeLocation path="C:\data\SubsonicRoot\ss2\SubSonic.Tests\TransactionWithDtcOffTests.cs" line="135" />
                  <metadata>
                    <entry key="TestKind">
                      <value>Test</value>
                    </entry>
                  </metadata>
                  <children />
                  <parameters />
                </test>
                <test id="9053402acf9b34da" name="NoTransactionScope_CanRetrieveSingleProduct" fullName="SubSonic.Tests/TransactionWithDtcOffTests/NoTransactionScope_CanRetrieveSingleProduct" isTestCase="true">
                  <codeReference assembly="SubSonic.Tests, Version=2.2.1.0, Culture=neutral, PublicKeyToken=null" namespace="SubSonic.Tests" type="SubSonic.Tests.TransactionWithDtcOffTests" member="NoTransactionScope_CanRetrieveSingleProduct" />
                  <codeLocation path="C:\data\SubsonicRoot\ss2\SubSonic.Tests\TransactionWithDtcOffTests.cs" line="55" />
                  <metadata>
                    <entry key="TestKind">
                      <value>Test</value>
                    </entry>
                  </metadata>
                  <children />
                  <parameters />
                </test>
                <test id="974661575d438355" name="NoTransactionScope_CanRetrieveMultipleProducts" fullName="SubSonic.Tests/TransactionWithDtcOffTests/NoTransactionScope_CanRetrieveMultipleProducts" isTestCase="true">
                  <codeReference assembly="SubSonic.Tests, Version=2.2.1.0, Culture=neutral, PublicKeyToken=null" namespace="SubSonic.Tests" type="SubSonic.Tests.TransactionWithDtcOffTests" member="NoTransactionScope_CanRetrieveMultipleProducts" />
                  <codeLocation path="C:\data\SubsonicRoot\ss2\SubSonic.Tests\TransactionWithDtcOffTests.cs" line="65" />
                  <metadata>
                    <entry key="TestKind">
                      <value>Test</value>
                    </entry>
                  </metadata>
                  <children />
                  <parameters />
                </test>
                <test id="c1645f8c4a9f20ab" name="UpdateSingleProduct_SucceedsUsingSharedConnection" fullName="SubSonic.Tests/TransactionWithDtcOffTests/UpdateSingleProduct_SucceedsUsingSharedConnection" isTestCase="true">
                  <codeReference assembly="SubSonic.Tests, Version=2.2.1.0, Culture=neutral, PublicKeyToken=null" namespace="SubSonic.Tests" type="SubSonic.Tests.TransactionWithDtcOffTests" member="UpdateSingleProduct_SucceedsUsingSharedConnection" />
                  <codeLocation path="C:\data\SubsonicRoot\ss2\SubSonic.Tests\TransactionWithDtcOffTests.cs" line="159" />
                  <metadata>
                    <entry key="TestKind">
                      <value>Test</value>
                    </entry>
                  </metadata>
                  <children />
                  <parameters />
                </test>
                <test id="2bfb29567a8c1e0a" name="UpdateMultipleProducts_FailsWithoutSharedConnection" fullName="SubSonic.Tests/TransactionWithDtcOffTests/UpdateMultipleProducts_FailsWithoutSharedConnection" isTestCase="true">
                  <codeReference assembly="SubSonic.Tests, Version=2.2.1.0, Culture=neutral, PublicKeyToken=null" namespace="SubSonic.Tests" type="SubSonic.Tests.TransactionWithDtcOffTests" member="UpdateMultipleProducts_FailsWithoutSharedConnection" />
                  <codeLocation path="C:\data\SubsonicRoot\ss2\SubSonic.Tests\TransactionWithDtcOffTests.cs" line="243" />
                  <metadata>
                    <entry key="TestKind">
                      <value>Test</value>
                    </entry>
                  </metadata>
                  <children />
                  <parameters />
                </test>
                <test id="cf8c2b87e86a6e43" name="UpdateMultipleProducts_SucceedsWithSharedConnection" fullName="SubSonic.Tests/TransactionWithDtcOffTests/UpdateMultipleProducts_SucceedsWithSharedConnection" isTestCase="true">
                  <codeReference assembly="SubSonic.Tests, Version=2.2.1.0, Culture=neutral, PublicKeyToken=null" namespace="SubSonic.Tests" type="SubSonic.Tests.TransactionWithDtcOffTests" member="UpdateMultipleProducts_SucceedsWithSharedConnection" />
                  <codeLocation path="C:\data\SubsonicRoot\ss2\SubSonic.Tests\TransactionWithDtcOffTests.cs" line="266" />
                  <metadata>
                    <entry key="TestKind">
                      <value>Test</value>
                    </entry>
                  </metadata>
                  <children />
                  <parameters />
                </test>
                <test id="bf6fc463aa4691af" name="CanNestSharedConnections" fullName="SubSonic.Tests/TransactionWithDtcOffTests/CanNestSharedConnections" isTestCase="true">
                  <codeReference assembly="SubSonic.Tests, Version=2.2.1.0, Culture=neutral, PublicKeyToken=null" namespace="SubSonic.Tests" type="SubSonic.Tests.TransactionWithDtcOffTests" member="CanNestSharedConnections" />
                  <codeLocation path="C:\data\SubsonicRoot\ss2\SubSonic.Tests\TransactionWithDtcOffTests.cs" line="288" />
                  <metadata>
                    <entry key="TestKind">
                      <value>Test</value>
                    </entry>
                  </metadata>
                  <children />
                  <parameters />
                </test>
                <test id="8e42c869bec9e786" name="UpdateSingleProductRetrieveMultipleProducts_FailsWithoutSharedConnection" fullName="SubSonic.Tests/TransactionWithDtcOffTests/UpdateSingleProductRetrieveMultipleProducts_FailsWithoutSharedConnection" isTestCase="true">
                  <codeReference assembly="SubSonic.Tests, Version=2.2.1.0, Culture=neutral, PublicKeyToken=null" namespace="SubSonic.Tests" type="SubSonic.Tests.TransactionWithDtcOffTests" member="UpdateSingleProductRetrieveMultipleProducts_FailsWithoutSharedConnection" />
                  <codeLocation path="C:\data\SubsonicRoot\ss2\SubSonic.Tests\TransactionWithDtcOffTests.cs" line="172" />
                  <metadata>
                    <entry key="TestKind">
                      <value>Test</value>
                    </entry>
                  </metadata>
                  <children />
                  <parameters />
                </test>
                <test id="32f81b0fb6408d6e" name="UpdateSingleProductRetrieveMultipleProducts_SucceedsWithSharedConnection" fullName="SubSonic.Tests/TransactionWithDtcOffTests/UpdateSingleProductRetrieveMultipleProducts_SucceedsWithSharedConnection" isTestCase="true">
                  <codeReference assembly="SubSonic.Tests, Version=2.2.1.0, Culture=neutral, PublicKeyToken=null" namespace="SubSonic.Tests" type="SubSonic.Tests.TransactionWithDtcOffTests" member="UpdateSingleProductRetrieveMultipleProducts_SucceedsWithSharedConnection" />
                  <codeLocation path="C:\data\SubsonicRoot\ss2\SubSonic.Tests\TransactionWithDtcOffTests.cs" line="197" />
                  <metadata>
                    <entry key="TestKind">
                      <value>Test</value>
                    </entry>
                  </metadata>
                  <children />
                  <parameters />
                </test>
                <test id="f61847d15bae9d7c" name="UpdateSingleProduct_CommitChangeToDatabase" fullName="SubSonic.Tests/TransactionWithDtcOffTests/UpdateSingleProduct_CommitChangeToDatabase" isTestCase="true">
                  <codeReference assembly="SubSonic.Tests, Version=2.2.1.0, Culture=neutral, PublicKeyToken=null" namespace="SubSonic.Tests" type="SubSonic.Tests.TransactionWithDtcOffTests" member="UpdateSingleProduct_CommitChangeToDatabase" />
                  <codeLocation path="C:\data\SubsonicRoot\ss2\SubSonic.Tests\TransactionWithDtcOffTests.cs" line="219" />
                  <metadata>
                    <entry key="TestKind">
                      <value>Test</value>
                    </entry>
                  </metadata>
                  <children />
                  <parameters />
                </test>
              </children>
              <parameters />
            </test>
            <test id="6588e506eeb48f18" name="UpdateTests" fullName="SubSonic.Tests/UpdateTests" isTestCase="false">
              <codeReference assembly="SubSonic.Tests, Version=2.2.1.0, Culture=neutral, PublicKeyToken=null" namespace="SubSonic.Tests.SqlQuery" type="SubSonic.Tests.SqlQuery.UpdateTests" />
              <codeLocation path="C:\data\SubsonicRoot\ss2\SubSonic.Tests\SqlQuery\UpdateTests.cs" />
              <metadata>
                <entry key="TestKind">
                  <value>Fixture</value>
                </entry>
              </metadata>
              <children>
                <test id="7643c0325899aef5" name="Update_SimpleSqlCheck" fullName="SubSonic.Tests/UpdateTests/Update_SimpleSqlCheck" isTestCase="true">
                  <codeReference assembly="SubSonic.Tests, Version=2.2.1.0, Culture=neutral, PublicKeyToken=null" namespace="SubSonic.Tests.SqlQuery" type="SubSonic.Tests.SqlQuery.UpdateTests" member="Update_SimpleSqlCheck" />
                  <codeLocation path="C:\data\SubsonicRoot\ss2\SubSonic.Tests\SqlQuery\UpdateTests.cs" line="27" />
                  <metadata>
                    <entry key="TestKind">
                      <value>Test</value>
                    </entry>
                  </metadata>
                  <children />
                  <parameters />
                </test>
                <test id="f7fa1b357aa3059d" name="Update_Simple" fullName="SubSonic.Tests/UpdateTests/Update_Simple" isTestCase="true">
                  <codeReference assembly="SubSonic.Tests, Version=2.2.1.0, Culture=neutral, PublicKeyToken=null" namespace="SubSonic.Tests.SqlQuery" type="SubSonic.Tests.SqlQuery.UpdateTests" member="Update_Simple" />
                  <codeLocation path="C:\data\SubsonicRoot\ss2\SubSonic.Tests\SqlQuery\UpdateTests.cs" line="35" />
                  <metadata>
                    <entry key="TestKind">
                      <value>Test</value>
                    </entry>
                  </metadata>
                  <children />
                  <parameters />
                </test>
                <test id="9018805426534641" name="Update_SimpleTyped" fullName="SubSonic.Tests/UpdateTests/Update_SimpleTyped" isTestCase="true">
                  <codeReference assembly="SubSonic.Tests, Version=2.2.1.0, Culture=neutral, PublicKeyToken=null" namespace="SubSonic.Tests.SqlQuery" type="SubSonic.Tests.SqlQuery.UpdateTests" member="Update_SimpleTyped" />
                  <codeLocation path="C:\data\SubsonicRoot\ss2\SubSonic.Tests\SqlQuery\UpdateTests.cs" line="74" />
                  <metadata>
                    <entry key="TestKind">
                      <value>Test</value>
                    </entry>
                  </metadata>
                  <children />
                  <parameters />
                </test>
                <test id="1c84229c354ae60d" name="Update_Expression" fullName="SubSonic.Tests/UpdateTests/Update_Expression" isTestCase="true">
                  <codeReference assembly="SubSonic.Tests, Version=2.2.1.0, Culture=neutral, PublicKeyToken=null" namespace="SubSonic.Tests.SqlQuery" type="SubSonic.Tests.SqlQuery.UpdateTests" member="Update_Expression" />
                  <codeLocation path="C:\data\SubsonicRoot\ss2\SubSonic.Tests\SqlQuery\UpdateTests.cs" line="52" />
                  <metadata>
                    <entry key="TestKind">
                      <value>Test</value>
                    </entry>
                  </metadata>
                  <children />
                  <parameters />
                </test>
              </children>
              <parameters />
            </test>
            <test id="973cf89c2152aa4a" name="ActiveRecordTest" fullName="SubSonic.Tests/ActiveRecordTest" isTestCase="false">
              <codeReference assembly="SubSonic.Tests, Version=2.2.1.0, Culture=neutral, PublicKeyToken=null" namespace="SubSonic.Tests" type="SubSonic.Tests.ActiveRecordTest" />
              <codeLocation path="C:\data\SubsonicRoot\ss2\SubSonic.Tests\ActiveRecordTest.cs" />
              <metadata>
                <entry key="TestKind">
                  <value>Fixture</value>
                </entry>
              </metadata>
              <children>
                <test id="79f2d4a9b8bf6477" name="Products_CollectionLoad" fullName="SubSonic.Tests/ActiveRecordTest/Products_CollectionLoad" isTestCase="true">
                  <codeReference assembly="SubSonic.Tests, Version=2.2.1.0, Culture=neutral, PublicKeyToken=null" namespace="SubSonic.Tests" type="SubSonic.Tests.ActiveRecordTest" member="Products_CollectionLoad" />
                  <codeLocation path="C:\data\SubsonicRoot\ss2\SubSonic.Tests\ActiveRecordTest.cs" line="116" />
                  <metadata>
                    <entry key="TestKind">
                      <value>Test</value>
                    </entry>
                  </metadata>
                  <children />
                  <parameters />
                </test>
                <test id="7d081ada19736f13" name="GetNewCommand" fullName="SubSonic.Tests/ActiveRecordTest/GetNewCommand" isTestCase="true">
                  <codeReference assembly="SubSonic.Tests, Version=2.2.1.0, Culture=neutral, PublicKeyToken=null" namespace="SubSonic.Tests" type="SubSonic.Tests.ActiveRecordTest" member="GetNewCommand" />
                  <codeLocation path="C:\data\SubsonicRoot\ss2\SubSonic.Tests\ActiveRecordTest.cs" line="132" />
                  <metadata>
                    <entry key="TestKind">
                      <value>Test</value>
                    </entry>
                  </metadata>
                  <children />
                  <parameters />
                </test>
                <test id="9c01227d5c205df6" name="Products_Crud" fullName="SubSonic.Tests/ActiveRecordTest/Products_Crud" isTestCase="true">
                  <codeReference assembly="SubSonic.Tests, Version=2.2.1.0, Culture=neutral, PublicKeyToken=null" namespace="SubSonic.Tests" type="SubSonic.Tests.ActiveRecordTest" member="Products_Crud" />
                  <codeLocation path="C:\data\SubsonicRoot\ss2\SubSonic.Tests\ActiveRecordTest.cs" line="51" />
                  <metadata>
                    <entry key="TestKind">
                      <value>Test</value>
                    </entry>
                  </metadata>
                  <children />
                  <parameters />
                </test>
                <test id="bc00b0d557b094a9" name="Products_NullCrud" fullName="SubSonic.Tests/ActiveRecordTest/Products_NullCrud" isTestCase="true">
                  <codeReference assembly="SubSonic.Tests, Version=2.2.1.0, Culture=neutral, PublicKeyToken=null" namespace="SubSonic.Tests" type="SubSonic.Tests.ActiveRecordTest" member="Products_NullCrud" />
                  <codeLocation path="C:\data\SubsonicRoot\ss2\SubSonic.Tests\ActiveRecordTest.cs" line="74" />
                  <metadata>
                    <entry key="TestKind">
                      <value>Test</value>
                    </entry>
                  </metadata>
                  <children />
                  <parameters />
                </test>
                <test id="417c38654e97c64e" name="GetUpdateCommand" fullName="SubSonic.Tests/ActiveRecordTest/GetUpdateCommand" isTestCase="true">
                  <codeReference assembly="SubSonic.Tests, Version=2.2.1.0, Culture=neutral, PublicKeyToken=null" namespace="SubSonic.Tests" type="SubSonic.Tests.ActiveRecordTest" member="GetUpdateCommand" />
                  <codeLocation path="C:\data\SubsonicRoot\ss2\SubSonic.Tests\ActiveRecordTest.cs" line="145" />
                  <metadata>
                    <entry key="TestKind">
                      <value>Test</value>
                    </entry>
                  </metadata>
                  <children />
                  <parameters />
                </test>
                <test id="95ba428346d485c8" name="DirtyColumnsExist" fullName="SubSonic.Tests/ActiveRecordTest/DirtyColumnsExist" isTestCase="true">
                  <codeReference assembly="SubSonic.Tests, Version=2.2.1.0, Culture=neutral, PublicKeyToken=null" namespace="SubSonic.Tests" type="SubSonic.Tests.ActiveRecordTest" member="DirtyColumnsExist" />
                  <codeLocation path="C:\data\SubsonicRoot\ss2\SubSonic.Tests\ActiveRecordTest.cs" line="257" />
                  <metadata>
                    <entry key="TestKind">
                      <value>Test</value>
                    </entry>
                  </metadata>
                  <children />
                  <parameters />
                </test>
                <test id="ab826f791528530e" name="GetNoChangesCommand" fullName="SubSonic.Tests/ActiveRecordTest/GetNoChangesCommand" isTestCase="true">
                  <codeReference assembly="SubSonic.Tests, Version=2.2.1.0, Culture=neutral, PublicKeyToken=null" namespace="SubSonic.Tests" type="SubSonic.Tests.ActiveRecordTest" member="GetNoChangesCommand" />
                  <codeLocation path="C:\data\SubsonicRoot\ss2\SubSonic.Tests\ActiveRecordTest.cs" line="161" />
                  <metadata>
                    <entry key="TestKind">
                      <value>Test</value>
                    </entry>
                  </metadata>
                  <children />
                  <parameters />
                </test>
                <test id="69b78c9817173632" name="SaveWhenNotDirty" fullName="SubSonic.Tests/ActiveRecordTest/SaveWhenNotDirty" isTestCase="true">
                  <codeReference assembly="SubSonic.Tests, Version=2.2.1.0, Culture=neutral, PublicKeyToken=null" namespace="SubSonic.Tests" type="SubSonic.Tests.ActiveRecordTest" member="SaveWhenNotDirty" />
                  <codeLocation path="C:\data\SubsonicRoot\ss2\SubSonic.Tests\ActiveRecordTest.cs" line="176" />
                  <metadata>
                    <entry key="TestKind">
                      <value>Test</value>
                    </entry>
                  </metadata>
                  <children />
                  <parameters />
                </test>
              </children>
              <parameters />
            </test>
            <test id="f44040825e281a9b" name="ForeignKeyTests" fullName="SubSonic.Tests/ForeignKeyTests" isTestCase="false">
              <codeReference assembly="SubSonic.Tests, Version=2.2.1.0, Culture=neutral, PublicKeyToken=null" namespace="SubSonic.Tests" type="SubSonic.Tests.ForeignKeyTests" />
              <codeLocation path="C:\data\SubsonicRoot\ss2\SubSonic.Tests\ForeignKeyTests.cs" />
              <metadata>
                <entry key="TestKind">
                  <value>Fixture</value>
                </entry>
              </metadata>
              <children>
                <test id="b91e0145401cd49" name="FK_LoadForeignKeys" fullName="SubSonic.Tests/ForeignKeyTests/FK_LoadForeignKeys" isTestCase="true">
                  <codeReference assembly="SubSonic.Tests, Version=2.2.1.0, Culture=neutral, PublicKeyToken=null" namespace="SubSonic.Tests" type="SubSonic.Tests.ForeignKeyTests" member="FK_LoadForeignKeys" />
                  <codeLocation path="C:\data\SubsonicRoot\ss2\SubSonic.Tests\ForeignKeyTests.cs" line="49" />
                  <metadata>
                    <entry key="TestKind">
                      <value>Test</value>
                    </entry>
                  </metadata>
                  <children />
                  <parameters />
                </test>
                <test id="9e8326ab86d748d5" name="FK_Properties" fullName="SubSonic.Tests/ForeignKeyTests/FK_Properties" isTestCase="true">
                  <codeReference assembly="SubSonic.Tests, Version=2.2.1.0, Culture=neutral, PublicKeyToken=null" namespace="SubSonic.Tests" type="SubSonic.Tests.ForeignKeyTests" member="FK_Properties" />
                  <codeLocation path="C:\data\SubsonicRoot\ss2\SubSonic.Tests\ForeignKeyTests.cs" line="69" />
                  <metadata>
                    <entry key="TestKind">
                      <value>Test</value>
                    </entry>
                  </metadata>
                  <children />
                  <parameters />
                </test>
                <test id="92c9a636a95bead0" name="FK_KeyCount" fullName="SubSonic.Tests/ForeignKeyTests/FK_KeyCount" isTestCase="true">
                  <codeReference assembly="SubSonic.Tests, Version=2.2.1.0, Culture=neutral, PublicKeyToken=null" namespace="SubSonic.Tests" type="SubSonic.Tests.ForeignKeyTests" member="FK_KeyCount" />
                  <codeLocation path="C:\data\SubsonicRoot\ss2\SubSonic.Tests\ForeignKeyTests.cs" line="59" />
                  <metadata>
                    <entry key="TestKind">
                      <value>Test</value>
                    </entry>
                  </metadata>
                  <children />
                  <parameters />
                </test>
              </children>
              <parameters />
            </test>
            <test id="ad7c7598a63cd1b4" name="ETL" fullName="SubSonic.Tests/ETL" isTestCase="false">
              <codeReference assembly="SubSonic.Tests, Version=2.2.1.0, Culture=neutral, PublicKeyToken=null" namespace="SubSonic.Tests" type="SubSonic.Tests.ETL" />
              <codeLocation path="C:\data\SubsonicRoot\ss2\SubSonic.Tests\ETL.cs" />
              <metadata>
                <entry key="TestKind">
                  <value>Fixture</value>
                </entry>
              </metadata>
              <children>
                <test id="f24ece17abffb775" name="ETL_CloneInstance" fullName="SubSonic.Tests/ETL/ETL_CloneInstance" isTestCase="true">
                  <codeReference assembly="SubSonic.Tests, Version=2.2.1.0, Culture=neutral, PublicKeyToken=null" namespace="SubSonic.Tests" type="SubSonic.Tests.ETL" member="ETL_CloneInstance" />
                  <codeLocation path="C:\data\SubsonicRoot\ss2\SubSonic.Tests\ETL.cs" line="50" />
                  <metadata>
                    <entry key="TestKind">
                      <value>Test</value>
                    </entry>
                  </metadata>
                  <children />
                  <parameters />
                </test>
                <test id="cbceecda1b6cb0f4" name="ETL_CloneCollection" fullName="SubSonic.Tests/ETL/ETL_CloneCollection" isTestCase="true">
                  <codeReference assembly="SubSonic.Tests, Version=2.2.1.0, Culture=neutral, PublicKeyToken=null" namespace="SubSonic.Tests" type="SubSonic.Tests.ETL" member="ETL_CloneCollection" />
                  <codeLocation path="C:\data\SubsonicRoot\ss2\SubSonic.Tests\ETL.cs" line="63" />
                  <metadata>
                    <entry key="TestKind">
                      <value>Test</value>
                    </entry>
                  </metadata>
                  <children />
                  <parameters />
                </test>
                <test id="6377c57e3d83cf09" name="ETL_CollectionToTable" fullName="SubSonic.Tests/ETL/ETL_CollectionToTable" isTestCase="true">
                  <codeReference assembly="SubSonic.Tests, Version=2.2.1.0, Culture=neutral, PublicKeyToken=null" namespace="SubSonic.Tests" type="SubSonic.Tests.ETL" member="ETL_CollectionToTable" />
                  <codeLocation path="C:\data\SubsonicRoot\ss2\SubSonic.Tests\ETL.cs" line="89" />
                  <metadata>
                    <entry key="TestKind">
                      <value>Test</value>
                    </entry>
                  </metadata>
                  <children />
                  <parameters />
                </test>
                <test id="cbb6eb256b8756a6" name="ETL_CopyCollection" fullName="SubSonic.Tests/ETL/ETL_CopyCollection" isTestCase="true">
                  <codeReference assembly="SubSonic.Tests, Version=2.2.1.0, Culture=neutral, PublicKeyToken=null" namespace="SubSonic.Tests" type="SubSonic.Tests.ETL" member="ETL_CopyCollection" />
                  <codeLocation path="C:\data\SubsonicRoot\ss2\SubSonic.Tests\ETL.cs" line="76" />
                  <metadata>
                    <entry key="TestKind">
                      <value>Test</value>
                    </entry>
                  </metadata>
                  <children />
                  <parameters />
                </test>
              </children>
              <parameters />
            </test>
            <test id="6ab4f5328a9660aa" name="InsertTests" fullName="SubSonic.Tests/InsertTests" isTestCase="false">
              <codeReference assembly="SubSonic.Tests, Version=2.2.1.0, Culture=neutral, PublicKeyToken=null" namespace="SubSonic.Tests.SqlQuery" type="SubSonic.Tests.SqlQuery.InsertTests" />
              <codeLocation path="C:\data\SubsonicRoot\ss2\SubSonic.Tests\SqlQuery\InsertTests.cs" />
              <metadata>
                <entry key="TestKind">
                  <value>Fixture</value>
                </entry>
              </metadata>
              <children>
                <test id="b303b9ae8f12c2ea" name="Insert_Simple" fullName="SubSonic.Tests/InsertTests/Insert_Simple" isTestCase="true">
                  <codeReference assembly="SubSonic.Tests, Version=2.2.1.0, Culture=neutral, PublicKeyToken=null" namespace="SubSonic.Tests.SqlQuery" type="SubSonic.Tests.SqlQuery.InsertTests" member="Insert_Simple" />
                  <codeLocation path="C:\data\SubsonicRoot\ss2\SubSonic.Tests\SqlQuery\InsertTests.cs" line="29" />
                  <metadata>
                    <entry key="TestKind">
                      <value>Test</value>
                    </entry>
                  </metadata>
                  <children />
                  <parameters />
                </test>
                <test id="ae153abf92394a57" name="Insert_SimpleWithSelectAndSchema" fullName="SubSonic.Tests/InsertTests/Insert_SimpleWithSelectAndSchema" isTestCase="true">
                  <codeReference assembly="SubSonic.Tests, Version=2.2.1.0, Culture=neutral, PublicKeyToken=null" namespace="SubSonic.Tests.SqlQuery" type="SubSonic.Tests.SqlQuery.InsertTests" member="Insert_SimpleWithSelectAndSchema" />
                  <codeLocation path="C:\data\SubsonicRoot\ss2\SubSonic.Tests\SqlQuery\InsertTests.cs" line="49" />
                  <metadata>
                    <entry key="TestKind">
                      <value>Test</value>
                    </entry>
                  </metadata>
                  <children />
                  <parameters />
                </test>
                <test id="b6299421cf76c62f" name="Insert_SimpleWithSelect" fullName="SubSonic.Tests/InsertTests/Insert_SimpleWithSelect" isTestCase="true">
                  <codeReference assembly="SubSonic.Tests, Version=2.2.1.0, Culture=neutral, PublicKeyToken=null" namespace="SubSonic.Tests.SqlQuery" type="SubSonic.Tests.SqlQuery.InsertTests" member="Insert_SimpleWithSelect" />
                  <codeLocation path="C:\data\SubsonicRoot\ss2\SubSonic.Tests\SqlQuery\InsertTests.cs" line="38" />
                  <metadata>
                    <entry key="TestKind">
                      <value>Test</value>
                    </entry>
                  </metadata>
                  <children />
                  <parameters />
                </test>
              </children>
              <parameters />
            </test>
            <test id="830415a07fe92f82" name="TurboTemplateTests" fullName="SubSonic.Tests/TurboTemplateTests" isTestCase="false">
              <codeReference assembly="SubSonic.Tests, Version=2.2.1.0, Culture=neutral, PublicKeyToken=null" namespace="SubSonic.Tests" type="SubSonic.Tests.TurboTemplateTests" />
              <codeLocation path="C:\data\SubsonicRoot\ss2\SubSonic.Tests\TurboTemplateTests.cs" />
              <metadata>
                <entry key="TestKind">
                  <value>Fixture</value>
                </entry>
              </metadata>
              <children>
                <test id="47fa02932e4efe5c" name="AssemblyDirectiveIsStrippedFromTemplate" fullName="SubSonic.Tests/TurboTemplateTests/AssemblyDirectiveIsStrippedFromTemplate" isTestCase="true">
                  <codeReference assembly="SubSonic.Tests, Version=2.2.1.0, Culture=neutral, PublicKeyToken=null" namespace="SubSonic.Tests" type="SubSonic.Tests.TurboTemplateTests" member="AssemblyDirectiveIsStrippedFromTemplate" />
                  <codeLocation path="C:\data\SubsonicRoot\ss2\SubSonic.Tests\TurboTemplateTests.cs" line="45" />
                  <metadata>
                    <entry key="TestKind">
                      <value>Test</value>
                    </entry>
                  </metadata>
                  <children />
                  <parameters />
                </test>
              </children>
              <parameters />
            </test>
            <test id="a55b2e3f81298baf" name="TransactionTests" fullName="SubSonic.Tests/TransactionTests" isTestCase="false">
              <codeReference assembly="SubSonic.Tests, Version=2.2.1.0, Culture=neutral, PublicKeyToken=null" namespace="SubSonic.Tests" type="SubSonic.Tests.TransactionTests" />
              <codeLocation path="C:\data\SubsonicRoot\ss2\SubSonic.Tests\TransactionTests.cs" />
              <metadata>
                <entry key="TestKind">
                  <value>Fixture</value>
                </entry>
              </metadata>
              <children>
                <test id="62339cc90cadd0f1" name="Transaction_CommitProduct" fullName="SubSonic.Tests/TransactionTests/Transaction_CommitProduct" isTestCase="true">
                  <codeReference assembly="SubSonic.Tests, Version=2.2.1.0, Culture=neutral, PublicKeyToken=null" namespace="SubSonic.Tests" type="SubSonic.Tests.TransactionTests" member="Transaction_CommitProduct" />
                  <codeLocation path="C:\data\SubsonicRoot\ss2\SubSonic.Tests\TransactionTests.cs" line="75" />
                  <metadata>
                    <entry key="TestKind">
                      <value>Test</value>
                    </entry>
                  </metadata>
                  <children />
                  <parameters />
                </test>
                <test id="7a4c3c6601f21a91" name="Transaction_RollbackProduct" fullName="SubSonic.Tests/TransactionTests/Transaction_RollbackProduct" isTestCase="true">
                  <codeReference assembly="SubSonic.Tests, Version=2.2.1.0, Culture=neutral, PublicKeyToken=null" namespace="SubSonic.Tests" type="SubSonic.Tests.TransactionTests" member="Transaction_RollbackProduct" />
                  <codeLocation path="C:\data\SubsonicRoot\ss2\SubSonic.Tests\TransactionTests.cs" line="56" />
                  <metadata>
                    <entry key="TestKind">
                      <value>Test</value>
                    </entry>
                  </metadata>
                  <children />
                  <parameters />
                </test>
              </children>
              <parameters />
            </test>
            <test id="c20a17c8fed4806e" name="ScriptersTest" fullName="SubSonic.Tests/ScriptersTest" isTestCase="false">
              <codeReference assembly="SubSonic.Tests, Version=2.2.1.0, Culture=neutral, PublicKeyToken=null" namespace="SubSonic.Tests" type="SubSonic.Tests.ScriptersTest" />
              <codeLocation path="C:\data\SubsonicRoot\ss2\SubSonic.Tests\ScriptersTest.cs" />
              <metadata>
                <entry key="TestKind">
                  <value>Fixture</value>
                </entry>
              </metadata>
              <children>
                <test id="e510f6b31c4e537c" name="Script_Data" fullName="SubSonic.Tests/ScriptersTest/Script_Data" isTestCase="true">
                  <codeReference assembly="SubSonic.Tests, Version=2.2.1.0, Culture=neutral, PublicKeyToken=null" namespace="SubSonic.Tests" type="SubSonic.Tests.ScriptersTest" member="Script_Data" />
                  <codeLocation path="C:\data\SubsonicRoot\ss2\SubSonic.Tests\ScriptersTest.cs" line="49" />
                  <metadata>
                    <entry key="TestKind">
                      <value>Test</value>
                    </entry>
                  </metadata>
                  <children />
                  <parameters />
                </test>
                <test id="cca7e142becda979" name="Script_AllData" fullName="SubSonic.Tests/ScriptersTest/Script_AllData" isTestCase="true">
                  <codeReference assembly="SubSonic.Tests, Version=2.2.1.0, Culture=neutral, PublicKeyToken=null" namespace="SubSonic.Tests" type="SubSonic.Tests.ScriptersTest" member="Script_AllData" />
                  <codeLocation path="C:\data\SubsonicRoot\ss2\SubSonic.Tests\ScriptersTest.cs" line="60" />
                  <metadata>
                    <entry key="TestKind">
                      <value>Test</value>
                    </entry>
                  </metadata>
                  <children />
                  <parameters />
                </test>
              </children>
              <parameters />
            </test>
            <test id="6be2c4890d451a28" name="SelectTests" fullName="SubSonic.Tests/SelectTests" isTestCase="false">
              <codeReference assembly="SubSonic.Tests, Version=2.2.1.0, Culture=neutral, PublicKeyToken=null" namespace="SubSonic.Tests.SqlQuery" type="SubSonic.Tests.SqlQuery.SelectTests" />
              <codeLocation path="C:\data\SubsonicRoot\ss2\SubSonic.Tests\SqlQuery\SelectTests.cs" />
              <metadata>
                <entry key="TestKind">
                  <value>Fixture</value>
                </entry>
              </metadata>
              <children>
                <test id="6d2dfb81d1d8eb09" name="Select_Should_Work_With_SameColumn_Joins_UsingQualifiedColumns" fullName="SubSonic.Tests/SelectTests/Select_Should_Work_With_SameColumn_Joins_UsingQualifiedColumns" isTestCase="true">
                  <codeReference assembly="SubSonic.Tests, Version=2.2.1.0, Culture=neutral, PublicKeyToken=null" namespace="SubSonic.Tests.SqlQuery" type="SubSonic.Tests.SqlQuery.SelectTests" member="Select_Should_Work_With_SameColumn_Joins_UsingQualifiedColumns" />
                  <codeLocation path="C:\data\SubsonicRoot\ss2\SubSonic.Tests\SqlQuery\SelectTests.cs" line="662" />
                  <metadata>
                    <entry key="TestKind">
                      <value>Test</value>
                    </entry>
                  </metadata>
                  <children />
                  <parameters />
                </test>
                <test id="56c2ce08c5f5f680" name="StoredProc_TypedList" fullName="SubSonic.Tests/SelectTests/StoredProc_TypedList" isTestCase="true">
                  <codeReference assembly="SubSonic.Tests, Version=2.2.1.0, Culture=neutral, PublicKeyToken=null" namespace="SubSonic.Tests.SqlQuery" type="SubSonic.Tests.SqlQuery.SelectTests" member="StoredProc_TypedList" />
                  <codeLocation path="C:\data\SubsonicRoot\ss2\SubSonic.Tests\SqlQuery\SelectTests.cs" line="653" />
                  <metadata>
                    <entry key="TestKind">
                      <value>Test</value>
                    </entry>
                  </metadata>
                  <children />
                  <parameters />
                </test>
                <test id="2c5da3bbf6b730ae" name="Exec_NotInWithSelect" fullName="SubSonic.Tests/SelectTests/Exec_NotInWithSelect" isTestCase="true">
                  <codeReference assembly="SubSonic.Tests, Version=2.2.1.0, Culture=neutral, PublicKeyToken=null" namespace="SubSonic.Tests.SqlQuery" type="SubSonic.Tests.SqlQuery.SelectTests" member="Exec_NotInWithSelect" />
                  <codeLocation path="C:\data\SubsonicRoot\ss2\SubSonic.Tests\SqlQuery\SelectTests.cs" line="623" />
                  <metadata>
                    <entry key="TestKind">
                      <value>Test</value>
                    </entry>
                  </metadata>
                  <children />
                  <parameters />
                </test>
                <test id="dfe54cb0dd5f98a6" name="Select_Using_Contains_Ch_ShouldReturn_14_Records" fullName="SubSonic.Tests/SelectTests/Select_Using_Contains_Ch_ShouldReturn_14_Records" isTestCase="true">
                  <codeReference assembly="SubSonic.Tests, Version=2.2.1.0, Culture=neutral, PublicKeyToken=null" namespace="SubSonic.Tests.SqlQuery" type="SubSonic.Tests.SqlQuery.SelectTests" member="Select_Using_Contains_Ch_ShouldReturn_14_Records" />
                  <codeLocation path="C:\data\SubsonicRoot\ss2\SubSonic.Tests\SqlQuery\SelectTests.cs" line="695" />
                  <metadata>
                    <entry key="TestKind">
                      <value>Test</value>
                    </entry>
                  </metadata>
                  <children />
                  <parameters />
                </test>
                <test id="673af2a86975950a" name="Select_Using_EndsWith_S_ShouldReturn_9_Records" fullName="SubSonic.Tests/SelectTests/Select_Using_EndsWith_S_ShouldReturn_9_Records" isTestCase="true">
                  <codeReference assembly="SubSonic.Tests, Version=2.2.1.0, Culture=neutral, PublicKeyToken=null" namespace="SubSonic.Tests.SqlQuery" type="SubSonic.Tests.SqlQuery.SelectTests" member="Select_Using_EndsWith_S_ShouldReturn_9_Records" />
                  <codeLocation path="C:\data\SubsonicRoot\ss2\SubSonic.Tests\SqlQuery\SelectTests.cs" line="685" />
                  <metadata>
                    <entry key="TestKind">
                      <value>Test</value>
                    </entry>
                  </metadata>
                  <children />
                  <parameters />
                </test>
                <test id="4823b2bae76ef92c" name="Select_Using_StartsWith_C_ShouldReturn_9_Records" fullName="SubSonic.Tests/SelectTests/Select_Using_StartsWith_C_ShouldReturn_9_Records" isTestCase="true">
                  <codeReference assembly="SubSonic.Tests, Version=2.2.1.0, Culture=neutral, PublicKeyToken=null" namespace="SubSonic.Tests.SqlQuery" type="SubSonic.Tests.SqlQuery.SelectTests" member="Select_Using_StartsWith_C_ShouldReturn_9_Records" />
                  <codeLocation path="C:\data\SubsonicRoot\ss2\SubSonic.Tests\SqlQuery\SelectTests.cs" line="676" />
                  <metadata>
                    <entry key="TestKind">
                      <value>Test</value>
                    </entry>
                  </metadata>
                  <children />
                  <parameters />
                </test>
                <test id="e43d556230ce8814" name="Products_CollectionSample" fullName="SubSonic.Tests/SelectTests/Products_CollectionSample" isTestCase="true">
                  <codeReference assembly="SubSonic.Tests, Version=2.2.1.0, Culture=neutral, PublicKeyToken=null" namespace="SubSonic.Tests.SqlQuery" type="SubSonic.Tests.SqlQuery.SelectTests" member="Products_CollectionSample" />
                  <codeLocation path="C:\data\SubsonicRoot\ss2\SubSonic.Tests\SqlQuery\SelectTests.cs" line="602" />
                  <metadata>
                    <entry key="TestKind">
                      <value>Test</value>
                    </entry>
                  </metadata>
                  <children />
                  <parameters />
                </test>
                <test id="bc1decbc9fdc85cf" name="Collection_LoadTypedObject" fullName="SubSonic.Tests/SelectTests/Collection_LoadTypedObject" isTestCase="true">
                  <codeReference assembly="SubSonic.Tests, Version=2.2.1.0, Culture=neutral, PublicKeyToken=null" namespace="SubSonic.Tests.SqlQuery" type="SubSonic.Tests.SqlQuery.SelectTests" member="Collection_LoadTypedObject" />
                  <codeLocation path="C:\data\SubsonicRoot\ss2\SubSonic.Tests\SqlQuery\SelectTests.cs" line="505" />
                  <metadata>
                    <entry key="TestKind">
                      <value>Test</value>
                    </entry>
                  </metadata>
                  <children />
                  <parameters />
                </test>
                <test id="4bae6bc711bf486" name="Exec_SimpleOr3" fullName="SubSonic.Tests/SelectTests/Exec_SimpleOr3" isTestCase="true">
                  <codeReference assembly="SubSonic.Tests, Version=2.2.1.0, Culture=neutral, PublicKeyToken=null" namespace="SubSonic.Tests.SqlQuery" type="SubSonic.Tests.SqlQuery.SelectTests" member="Exec_SimpleOr3" />
                  <codeLocation path="C:\data\SubsonicRoot\ss2\SubSonic.Tests\SqlQuery\SelectTests.cs" line="485" />
                  <metadata>
                    <entry key="TestKind">
                      <value>Test</value>
                    </entry>
                  </metadata>
                  <children />
                  <parameters />
                </test>
                <test id="33d0d25dfecbf6b1" name="Exec_SimpleOr2" fullName="SubSonic.Tests/SelectTests/Exec_SimpleOr2" isTestCase="true">
                  <codeReference assembly="SubSonic.Tests, Version=2.2.1.0, Culture=neutral, PublicKeyToken=null" namespace="SubSonic.Tests.SqlQuery" type="SubSonic.Tests.SqlQuery.SelectTests" member="Exec_SimpleOr2" />
                  <codeLocation path="C:\data\SubsonicRoot\ss2\SubSonic.Tests\SqlQuery\SelectTests.cs" line="471" />
                  <metadata>
                    <entry key="TestKind">
                      <value>Test</value>
                    </entry>
                  </metadata>
                  <children />
                  <parameters />
                </test>
                <test id="59070ef9a965d38c" name="Products_CollectionLoad2" fullName="SubSonic.Tests/SelectTests/Products_CollectionLoad2" isTestCase="true">
                  <codeReference assembly="SubSonic.Tests, Version=2.2.1.0, Culture=neutral, PublicKeyToken=null" namespace="SubSonic.Tests.SqlQuery" type="SubSonic.Tests.SqlQuery.SelectTests" member="Products_CollectionLoad2" />
                  <codeLocation path="C:\data\SubsonicRoot\ss2\SubSonic.Tests\SqlQuery\SelectTests.cs" line="590" />
                  <metadata>
                    <entry key="TestKind">
                      <value>Test</value>
                    </entry>
                  </metadata>
                  <children />
                  <parameters />
                </test>
                <test id="af960a2bc2f1179d" name="Products_Sample" fullName="SubSonic.Tests/SelectTests/Products_Sample" isTestCase="true">
                  <codeReference assembly="SubSonic.Tests, Version=2.2.1.0, Culture=neutral, PublicKeyToken=null" namespace="SubSonic.Tests.SqlQuery" type="SubSonic.Tests.SqlQuery.SelectTests" member="Products_Sample" />
                  <codeLocation path="C:\data\SubsonicRoot\ss2\SubSonic.Tests\SqlQuery\SelectTests.cs" line="572" />
                  <metadata>
                    <entry key="TestKind">
                      <value>Test</value>
                    </entry>
                  </metadata>
                  <children />
                  <parameters />
                </test>
                <test id="71365874b01a3619" name="Collection_LoadTypedActiveRecord" fullName="SubSonic.Tests/SelectTests/Collection_LoadTypedActiveRecord" isTestCase="true">
                  <codeReference assembly="SubSonic.Tests, Version=2.2.1.0, Culture=neutral, PublicKeyToken=null" namespace="SubSonic.Tests.SqlQuery" type="SubSonic.Tests.SqlQuery.SelectTests" member="Collection_LoadTypedActiveRecord" />
                  <codeLocation path="C:\data\SubsonicRoot\ss2\SubSonic.Tests\SqlQuery\SelectTests.cs" line="520" />
                  <metadata>
                    <entry key="TestKind">
                      <value>Test</value>
                    </entry>
                  </metadata>
                  <children />
                  <parameters />
                </test>
                <test id="7f5df6eba006a3b0" name="SqlQuery_when_setting_distinct_it_should_set_IsDistinct" fullName="SubSonic.Tests/SelectTests/SqlQuery_when_setting_distinct_it_should_set_IsDistinct" isTestCase="true">
                  <codeReference assembly="SubSonic.Tests, Version=2.2.1.0, Culture=neutral, PublicKeyToken=null" namespace="SubSonic.Tests.SqlQuery" type="SubSonic.Tests.SqlQuery.SelectTests" member="SqlQuery_when_setting_distinct_it_should_set_IsDistinct" />
                  <codeLocation path="C:\data\SubsonicRoot\ss2\SubSonic.Tests\SqlQuery\SelectTests.cs" line="735" />
                  <metadata>
                    <entry key="TestKind">
                      <value>Test</value>
                    </entry>
                  </metadata>
                  <children />
                  <parameters />
                </test>
                <test id="6882be85ac64b75c" name="Select_With_ExecuteTypedList_Should_Work_With_List_of_Guid" fullName="SubSonic.Tests/SelectTests/Select_With_ExecuteTypedList_Should_Work_With_List_of_Guid" isTestCase="true">
                  <codeReference assembly="SubSonic.Tests, Version=2.2.1.0, Culture=neutral, PublicKeyToken=null" namespace="SubSonic.Tests.SqlQuery" type="SubSonic.Tests.SqlQuery.SelectTests" member="Select_With_ExecuteTypedList_Should_Work_With_List_of_Guid" />
                  <codeLocation path="C:\data\SubsonicRoot\ss2\SubSonic.Tests\SqlQuery\SelectTests.cs" line="849" />
                  <metadata>
                    <entry key="TestKind">
                      <value>Test</value>
                    </entry>
                  </metadata>
                  <children />
                  <parameters />
                </test>
                <test id="9d6793bdba7ca3f4" name="Select_Paged_Can_Covert_To_SqlQuery" fullName="SubSonic.Tests/SelectTests/Select_Paged_Can_Covert_To_SqlQuery" isTestCase="true">
                  <codeReference assembly="SubSonic.Tests, Version=2.2.1.0, Culture=neutral, PublicKeyToken=null" namespace="SubSonic.Tests.SqlQuery" type="SubSonic.Tests.SqlQuery.SelectTests" member="Select_Paged_Can_Covert_To_SqlQuery" />
                  <codeLocation path="C:\data\SubsonicRoot\ss2\SubSonic.Tests\SqlQuery\SelectTests.cs" line="829" />
                  <metadata>
                    <entry key="TestKind">
                      <value>Test</value>
                    </entry>
                  </metadata>
                  <children />
                  <parameters />
                </test>
                <test id="4aa38a4c4fdd36a4" name="SelectAllColumns_With_WhereExpression_And_QualifiedColumn_Formats_Where_Correctly_And_Executes" fullName="SubSonic.Tests/SelectTests/SelectAllColumns_With_WhereExpression_And_QualifiedColumn_Formats_Where_Correctly_And_Executes" isTestCase="true">
                  <codeReference assembly="SubSonic.Tests, Version=2.2.1.0, Culture=neutral, PublicKeyToken=null" namespace="SubSonic.Tests.SqlQuery" type="SubSonic.Tests.SqlQuery.SelectTests" member="SelectAllColumns_With_WhereExpression_And_QualifiedColumn_Formats_Where_Correctly_And_Executes" />
                  <codeLocation path="C:\data\SubsonicRoot\ss2\SubSonic.Tests\SqlQuery\SelectTests.cs" line="818" />
                  <metadata>
                    <entry key="TestKind">
                      <value>Test</value>
                    </entry>
                  </metadata>
                  <children />
                  <parameters />
                </test>
                <test id="d943452b33fb4d6d" name="Exec_Simple" fullName="SubSonic.Tests/SelectTests/Exec_Simple" isTestCase="true">
                  <codeReference assembly="SubSonic.Tests, Version=2.2.1.0, Culture=neutral, PublicKeyToken=null" namespace="SubSonic.Tests.SqlQuery" type="SubSonic.Tests.SqlQuery.SelectTests" member="Exec_Simple" />
                  <codeLocation path="C:\data\SubsonicRoot\ss2\SubSonic.Tests\SqlQuery\SelectTests.cs" line="29" />
                  <metadata>
                    <entry key="TestKind">
                      <value>Test</value>
                    </entry>
                  </metadata>
                  <children />
                  <parameters />
                </test>
                <test id="6f93c3a1aa751344" name="MySql_Should_Set_Logical_Deletes" fullName="SubSonic.Tests/SelectTests/MySql_Should_Set_Logical_Deletes" isTestCase="true">
                  <codeReference assembly="SubSonic.Tests, Version=2.2.1.0, Culture=neutral, PublicKeyToken=null" namespace="SubSonic.Tests.SqlQuery" type="SubSonic.Tests.SqlQuery.SelectTests" member="MySql_Should_Set_Logical_Deletes" />
                  <codeLocation path="C:\data\SubsonicRoot\ss2\SubSonic.Tests\SqlQuery\SelectTests.cs" line="873" />
                  <metadata>
                    <entry key="TestKind">
                      <value>Test</value>
                    </entry>
                  </metadata>
                  <children />
                  <parameters />
                </test>
                <test id="925ff536a5b8ff4d" name="Saving_String_Property_With_StringValue_Null_Results_In_NullValue_In_DB" fullName="SubSonic.Tests/SelectTests/Saving_String_Property_With_StringValue_Null_Results_In_NullValue_In_DB" isTestCase="true">
                  <codeReference assembly="SubSonic.Tests, Version=2.2.1.0, Culture=neutral, PublicKeyToken=null" namespace="SubSonic.Tests.SqlQuery" type="SubSonic.Tests.SqlQuery.SelectTests" member="Saving_String_Property_With_StringValue_Null_Results_In_NullValue_In_DB" />
                  <codeLocation path="C:\data\SubsonicRoot\ss2\SubSonic.Tests\SqlQuery\SelectTests.cs" line="859" />
                  <metadata>
                    <entry key="TestKind">
                      <value>Test</value>
                    </entry>
                  </metadata>
                  <children />
                  <parameters />
                </test>
                <test id="aaf55d8ecf4a3aca" name="SelectAllColumns_With_WhereExpression_And_QualifiedColumn_Formats_Where_Correctly" fullName="SubSonic.Tests/SelectTests/SelectAllColumns_With_WhereExpression_And_QualifiedColumn_Formats_Where_Correctly" isTestCase="true">
                  <codeReference assembly="SubSonic.Tests, Version=2.2.1.0, Culture=neutral, PublicKeyToken=null" namespace="SubSonic.Tests.SqlQuery" type="SubSonic.Tests.SqlQuery.SelectTests" member="SelectAllColumns_With_WhereExpression_And_QualifiedColumn_Formats_Where_Correctly" />
                  <codeLocation path="C:\data\SubsonicRoot\ss2\SubSonic.Tests\SqlQuery\SelectTests.cs" line="807" />
                  <metadata>
                    <entry key="TestKind">
                      <value>Test</value>
                    </entry>
                  </metadata>
                  <children />
                  <parameters />
                </test>
                <test id="2df05ec3dee511f9" name="SqlQuery_Can_Compare_Columns" fullName="SubSonic.Tests/SelectTests/SqlQuery_Can_Compare_Columns" isTestCase="true">
                  <codeReference assembly="SubSonic.Tests, Version=2.2.1.0, Culture=neutral, PublicKeyToken=null" namespace="SubSonic.Tests.SqlQuery" type="SubSonic.Tests.SqlQuery.SelectTests" member="SqlQuery_Can_Compare_Columns" />
                  <codeLocation path="C:\data\SubsonicRoot\ss2\SubSonic.Tests\SqlQuery\SelectTests.cs" line="763" />
                  <metadata>
                    <entry key="TestKind">
                      <value>Test</value>
                    </entry>
                  </metadata>
                  <children />
                  <parameters />
                </test>
                <test id="dcd2987f84048384" name="SqlQuery_GetRecordCount_should_handle_distinct" fullName="SubSonic.Tests/SelectTests/SqlQuery_GetRecordCount_should_handle_distinct" isTestCase="true">
                  <codeReference assembly="SubSonic.Tests, Version=2.2.1.0, Culture=neutral, PublicKeyToken=null" namespace="SubSonic.Tests.SqlQuery" type="SubSonic.Tests.SqlQuery.SelectTests" member="SqlQuery_GetRecordCount_should_handle_distinct" />
                  <codeLocation path="C:\data\SubsonicRoot\ss2\SubSonic.Tests\SqlQuery\SelectTests.cs" line="756" />
                  <metadata>
                    <entry key="TestKind">
                      <value>Test</value>
                    </entry>
                  </metadata>
                  <children />
                  <parameters />
                </test>
                <test id="7f9d77cad15d8604" name="SqlQuery_should_handle_distinct" fullName="SubSonic.Tests/SelectTests/SqlQuery_should_handle_distinct" isTestCase="true">
                  <codeReference assembly="SubSonic.Tests, Version=2.2.1.0, Culture=neutral, PublicKeyToken=null" namespace="SubSonic.Tests.SqlQuery" type="SubSonic.Tests.SqlQuery.SelectTests" member="SqlQuery_should_handle_distinct" />
                  <codeLocation path="C:\data\SubsonicRoot\ss2\SubSonic.Tests\SqlQuery\SelectTests.cs" line="742" />
                  <metadata>
                    <entry key="TestKind">
                      <value>Test</value>
                    </entry>
                  </metadata>
                  <children />
                  <parameters />
                </test>
                <test id="4568dda4f4a5f281" name="Constraints_Should_Be_Valid_When_Table_Not_In_From" fullName="SubSonic.Tests/SelectTests/Constraints_Should_Be_Valid_When_Table_Not_In_From" isTestCase="true">
                  <codeReference assembly="SubSonic.Tests, Version=2.2.1.0, Culture=neutral, PublicKeyToken=null" namespace="SubSonic.Tests.SqlQuery" type="SubSonic.Tests.SqlQuery.SelectTests" member="Constraints_Should_Be_Valid_When_Table_Not_In_From" />
                  <codeLocation path="C:\data\SubsonicRoot\ss2\SubSonic.Tests\SqlQuery\SelectTests.cs" line="793" />
                  <metadata>
                    <entry key="TestKind">
                      <value>Test</value>
                    </entry>
                  </metadata>
                  <children />
                  <parameters />
                </test>
                <test id="236cc1b25668c8e1" name="ActiveRecord_IsLoaded_ShouldBe_False_When_Record_Not_Present_Using_Key_Constructor" fullName="SubSonic.Tests/SelectTests/ActiveRecord_IsLoaded_ShouldBe_False_When_Record_Not_Present_Using_Key_Constructor" isTestCase="true">
                  <codeReference assembly="SubSonic.Tests, Version=2.2.1.0, Culture=neutral, PublicKeyToken=null" namespace="SubSonic.Tests.SqlQuery" type="SubSonic.Tests.SqlQuery.SelectTests" member="ActiveRecord_IsLoaded_ShouldBe_False_When_Record_Not_Present_Using_Key_Constructor" />
                  <codeLocation path="C:\data\SubsonicRoot\ss2\SubSonic.Tests\SqlQuery\SelectTests.cs" line="782" />
                  <metadata>
                    <entry key="TestKind">
                      <value>Test</value>
                    </entry>
                  </metadata>
                  <children />
                  <parameters />
                </test>
                <test id="a6abaedebb5cfa84" name="ActiveRecord_IsLoaded_ShouldBe_False_When_Record_Not_Present_Using_PK_Constructor" fullName="SubSonic.Tests/SelectTests/ActiveRecord_IsLoaded_ShouldBe_False_When_Record_Not_Present_Using_PK_Constructor" isTestCase="true">
                  <codeReference assembly="SubSonic.Tests, Version=2.2.1.0, Culture=neutral, PublicKeyToken=null" namespace="SubSonic.Tests.SqlQuery" type="SubSonic.Tests.SqlQuery.SelectTests" member="ActiveRecord_IsLoaded_ShouldBe_False_When_Record_Not_Present_Using_PK_Constructor" />
                  <codeLocation path="C:\data\SubsonicRoot\ss2\SubSonic.Tests\SqlQuery\SelectTests.cs" line="772" />
                  <metadata>
                    <entry key="TestKind">
                      <value>Test</value>
                    </entry>
                  </metadata>
                  <children />
                  <parameters />
                </test>
                <test id="b370eaf8c520c214" name="Exec_LeftOuterJoin_With_Generics" fullName="SubSonic.Tests/SelectTests/Exec_LeftOuterJoin_With_Generics" isTestCase="true">
                  <codeReference assembly="SubSonic.Tests, Version=2.2.1.0, Culture=neutral, PublicKeyToken=null" namespace="SubSonic.Tests.SqlQuery" type="SubSonic.Tests.SqlQuery.SelectTests" member="Exec_LeftOuterJoin_With_Generics" />
                  <codeLocation path="C:\data\SubsonicRoot\ss2\SubSonic.Tests\SqlQuery\SelectTests.cs" line="142" />
                  <metadata>
                    <entry key="TestKind">
                      <value>Test</value>
                    </entry>
                  </metadata>
                  <children />
                  <parameters />
                </test>
                <test id="fed03b517481075a" name="Exec_LeftOuterJoin_With_String" fullName="SubSonic.Tests/SelectTests/Exec_LeftOuterJoin_With_String" isTestCase="true">
                  <codeReference assembly="SubSonic.Tests, Version=2.2.1.0, Culture=neutral, PublicKeyToken=null" namespace="SubSonic.Tests.SqlQuery" type="SubSonic.Tests.SqlQuery.SelectTests" member="Exec_LeftOuterJoin_With_String" />
                  <codeLocation path="C:\data\SubsonicRoot\ss2\SubSonic.Tests\SqlQuery\SelectTests.cs" line="153" />
                  <metadata>
                    <entry key="TestKind">
                      <value>Test</value>
                    </entry>
                  </metadata>
                  <children />
                  <parameters />
                </test>
                <test id="2567e98394606df2" name="Exec_MultiJoin" fullName="SubSonic.Tests/SelectTests/Exec_MultiJoin" isTestCase="true">
                  <codeReference assembly="SubSonic.Tests, Version=2.2.1.0, Culture=neutral, PublicKeyToken=null" namespace="SubSonic.Tests.SqlQuery" type="SubSonic.Tests.SqlQuery.SelectTests" member="Exec_MultiJoin" />
                  <codeLocation path="C:\data\SubsonicRoot\ss2\SubSonic.Tests\SqlQuery\SelectTests.cs" line="117" />
                  <metadata>
                    <entry key="TestKind">
                      <value>Test</value>
                    </entry>
                  </metadata>
                  <children />
                  <parameters />
                </test>
                <test id="3d2d9c292f0de222" name="Exec_LeftOuterJoin_With_TableColumn" fullName="SubSonic.Tests/SelectTests/Exec_LeftOuterJoin_With_TableColumn" isTestCase="true">
                  <codeReference assembly="SubSonic.Tests, Version=2.2.1.0, Culture=neutral, PublicKeyToken=null" namespace="SubSonic.Tests.SqlQuery" type="SubSonic.Tests.SqlQuery.SelectTests" member="Exec_LeftOuterJoin_With_TableColumn" />
                  <codeLocation path="C:\data\SubsonicRoot\ss2\SubSonic.Tests\SqlQuery\SelectTests.cs" line="131" />
                  <metadata>
                    <entry key="TestKind">
                      <value>Test</value>
                    </entry>
                  </metadata>
                  <children />
                  <parameters />
                </test>
                <test id="7fba649d1c73c23f" name="Exec_Select_Top_Ten" fullName="SubSonic.Tests/SelectTests/Exec_Select_Top_Ten" isTestCase="true">
                  <codeReference assembly="SubSonic.Tests, Version=2.2.1.0, Culture=neutral, PublicKeyToken=null" namespace="SubSonic.Tests.SqlQuery" type="SubSonic.Tests.SqlQuery.SelectTests" member="Exec_Select_Top_Ten" />
                  <codeLocation path="C:\data\SubsonicRoot\ss2\SubSonic.Tests\SqlQuery\SelectTests.cs" line="166" />
                  <metadata>
                    <entry key="TestKind">
                      <value>Test</value>
                    </entry>
                  </metadata>
                  <children />
                  <parameters />
                </test>
                <test id="a0cce410e7044202" name="Exec_Collection_JoinedWithLike" fullName="SubSonic.Tests/SelectTests/Exec_Collection_JoinedWithLike" isTestCase="true">
                  <codeReference assembly="SubSonic.Tests, Version=2.2.1.0, Culture=neutral, PublicKeyToken=null" namespace="SubSonic.Tests.SqlQuery" type="SubSonic.Tests.SqlQuery.SelectTests" member="Exec_Collection_JoinedWithLike" />
                  <codeLocation path="C:\data\SubsonicRoot\ss2\SubSonic.Tests\SqlQuery\SelectTests.cs" line="198" />
                  <metadata>
                    <entry key="TestKind">
                      <value>Test</value>
                    </entry>
                  </metadata>
                  <children />
                  <parameters />
                </test>
                <test id="132b24ca35d178c6" name="Exec_Collection_JoinedWithLike_Typed" fullName="SubSonic.Tests/SelectTests/Exec_Collection_JoinedWithLike_Typed" isTestCase="true">
                  <codeReference assembly="SubSonic.Tests, Version=2.2.1.0, Culture=neutral, PublicKeyToken=null" namespace="SubSonic.Tests.SqlQuery" type="SubSonic.Tests.SqlQuery.SelectTests" member="Exec_Collection_JoinedWithLike_Typed" />
                  <codeLocation path="C:\data\SubsonicRoot\ss2\SubSonic.Tests\SqlQuery\SelectTests.cs" line="209" />
                  <metadata>
                    <entry key="TestKind">
                      <value>Test</value>
                    </entry>
                  </metadata>
                  <children />
                  <parameters />
                </test>
                <test id="f724d8da54cedb9b" name="Exec_Collection_Simple" fullName="SubSonic.Tests/SelectTests/Exec_Collection_Simple" isTestCase="true">
                  <codeReference assembly="SubSonic.Tests, Version=2.2.1.0, Culture=neutral, PublicKeyToken=null" namespace="SubSonic.Tests.SqlQuery" type="SubSonic.Tests.SqlQuery.SelectTests" member="Exec_Collection_Simple" />
                  <codeLocation path="C:\data\SubsonicRoot\ss2\SubSonic.Tests\SqlQuery\SelectTests.cs" line="180" />
                  <metadata>
                    <entry key="TestKind">
                      <value>Test</value>
                    </entry>
                  </metadata>
                  <children />
                  <parameters />
                </test>
                <test id="31c9b4bee0126aad" name="Exec_Collection_Joined" fullName="SubSonic.Tests/SelectTests/Exec_Collection_Joined" isTestCase="true">
                  <codeReference assembly="SubSonic.Tests, Version=2.2.1.0, Culture=neutral, PublicKeyToken=null" namespace="SubSonic.Tests.SqlQuery" type="SubSonic.Tests.SqlQuery.SelectTests" member="Exec_Collection_Joined" />
                  <codeLocation path="C:\data\SubsonicRoot\ss2\SubSonic.Tests\SqlQuery\SelectTests.cs" line="188" />
                  <metadata>
                    <entry key="TestKind">
                      <value>Test</value>
                    </entry>
                  </metadata>
                  <children />
                  <parameters />
                </test>
                <test id="8381811bae387097" name="Exec_WithAllColumns" fullName="SubSonic.Tests/SelectTests/Exec_WithAllColumns" isTestCase="true">
                  <codeReference assembly="SubSonic.Tests, Version=2.2.1.0, Culture=neutral, PublicKeyToken=null" namespace="SubSonic.Tests.SqlQuery" type="SubSonic.Tests.SqlQuery.SelectTests" member="Exec_WithAllColumns" />
                  <codeLocation path="C:\data\SubsonicRoot\ss2\SubSonic.Tests\SqlQuery\SelectTests.cs" line="50" />
                  <metadata>
                    <entry key="TestKind">
                      <value>Test</value>
                    </entry>
                  </metadata>
                  <children />
                  <parameters />
                </test>
                <test id="351cac8e4ad5b3e1" name="Exec_SimpleWhere" fullName="SubSonic.Tests/SelectTests/Exec_SimpleWhere" isTestCase="true">
                  <codeReference assembly="SubSonic.Tests, Version=2.2.1.0, Culture=neutral, PublicKeyToken=null" namespace="SubSonic.Tests.SqlQuery" type="SubSonic.Tests.SqlQuery.SelectTests" member="Exec_SimpleWhere" />
                  <codeLocation path="C:\data\SubsonicRoot\ss2\SubSonic.Tests\SqlQuery\SelectTests.cs" line="57" />
                  <metadata>
                    <entry key="TestKind">
                      <value>Test</value>
                    </entry>
                  </metadata>
                  <children />
                  <parameters />
                </test>
                <test id="87ff466a71f0fac" name="Exec_SimpleWithTypedColumns" fullName="SubSonic.Tests/SelectTests/Exec_SimpleWithTypedColumns" isTestCase="true">
                  <codeReference assembly="SubSonic.Tests, Version=2.2.1.0, Culture=neutral, PublicKeyToken=null" namespace="SubSonic.Tests.SqlQuery" type="SubSonic.Tests.SqlQuery.SelectTests" member="Exec_SimpleWithTypedColumns" />
                  <codeLocation path="C:\data\SubsonicRoot\ss2\SubSonic.Tests\SqlQuery\SelectTests.cs" line="36" />
                  <metadata>
                    <entry key="TestKind">
                      <value>Test</value>
                    </entry>
                  </metadata>
                  <children />
                  <parameters />
                </test>
                <test id="55446d52438c14d0" name="Exec_SimpleAsSingle" fullName="SubSonic.Tests/SelectTests/Exec_SimpleAsSingle" isTestCase="true">
                  <codeReference assembly="SubSonic.Tests, Version=2.2.1.0, Culture=neutral, PublicKeyToken=null" namespace="SubSonic.Tests.SqlQuery" type="SubSonic.Tests.SqlQuery.SelectTests" member="Exec_SimpleAsSingle" />
                  <codeLocation path="C:\data\SubsonicRoot\ss2\SubSonic.Tests\SqlQuery\SelectTests.cs" line="43" />
                  <metadata>
                    <entry key="TestKind">
                      <value>Test</value>
                    </entry>
                  </metadata>
                  <children />
                  <parameters />
                </test>
                <test id="6a4d37a2d0f2d813" name="Exec_SimpleWhere2" fullName="SubSonic.Tests/SelectTests/Exec_SimpleWhere2" isTestCase="true">
                  <codeReference assembly="SubSonic.Tests, Version=2.2.1.0, Culture=neutral, PublicKeyToken=null" namespace="SubSonic.Tests.SqlQuery" type="SubSonic.Tests.SqlQuery.SelectTests" member="Exec_SimpleWhere2" />
                  <codeLocation path="C:\data\SubsonicRoot\ss2\SubSonic.Tests\SqlQuery\SelectTests.cs" line="64" />
                  <metadata>
                    <entry key="TestKind">
                      <value>Test</value>
                    </entry>
                  </metadata>
                  <children />
                  <parameters />
                </test>
                <test id="d4139761853f7fcd" name="Exec_SimpleJoin2" fullName="SubSonic.Tests/SelectTests/Exec_SimpleJoin2" isTestCase="true">
                  <codeReference assembly="SubSonic.Tests, Version=2.2.1.0, Culture=neutral, PublicKeyToken=null" namespace="SubSonic.Tests.SqlQuery" type="SubSonic.Tests.SqlQuery.SelectTests" member="Exec_SimpleJoin2" />
                  <codeLocation path="C:\data\SubsonicRoot\ss2\SubSonic.Tests\SqlQuery\SelectTests.cs" line="95" />
                  <metadata>
                    <entry key="TestKind">
                      <value>Test</value>
                    </entry>
                  </metadata>
                  <children />
                  <parameters />
                </test>
                <test id="7334c663cee4838c" name="Exec_SimpleJoin3" fullName="SubSonic.Tests/SelectTests/Exec_SimpleJoin3" isTestCase="true">
                  <codeReference assembly="SubSonic.Tests, Version=2.2.1.0, Culture=neutral, PublicKeyToken=null" namespace="SubSonic.Tests.SqlQuery" type="SubSonic.Tests.SqlQuery.SelectTests" member="Exec_SimpleJoin3" />
                  <codeLocation path="C:\data\SubsonicRoot\ss2\SubSonic.Tests\SqlQuery\SelectTests.cs" line="106" />
                  <metadata>
                    <entry key="TestKind">
                      <value>Test</value>
                    </entry>
                  </metadata>
                  <children />
                  <parameters />
                </test>
                <test id="d6451bb4fabcbc28" name="Exec_SimpleWhereAnd" fullName="SubSonic.Tests/SelectTests/Exec_SimpleWhereAnd" isTestCase="true">
                  <codeReference assembly="SubSonic.Tests, Version=2.2.1.0, Culture=neutral, PublicKeyToken=null" namespace="SubSonic.Tests.SqlQuery" type="SubSonic.Tests.SqlQuery.SelectTests" member="Exec_SimpleWhereAnd" />
                  <codeLocation path="C:\data\SubsonicRoot\ss2\SubSonic.Tests\SqlQuery\SelectTests.cs" line="71" />
                  <metadata>
                    <entry key="TestKind">
                      <value>Test</value>
                    </entry>
                  </metadata>
                  <children />
                  <parameters />
                </test>
                <test id="d908a282699d4650" name="Exec_SimpleJoin" fullName="SubSonic.Tests/SelectTests/Exec_SimpleJoin" isTestCase="true">
                  <codeReference assembly="SubSonic.Tests, Version=2.2.1.0, Culture=neutral, PublicKeyToken=null" namespace="SubSonic.Tests.SqlQuery" type="SubSonic.Tests.SqlQuery.SelectTests" member="Exec_SimpleJoin" />
                  <codeLocation path="C:\data\SubsonicRoot\ss2\SubSonic.Tests\SqlQuery\SelectTests.cs" line="84" />
                  <metadata>
                    <entry key="TestKind">
                      <value>Test</value>
                    </entry>
                  </metadata>
                  <children />
                  <parameters />
                </test>
                <test id="84acacf34f8286da" name="Exec_SimpleAnd" fullName="SubSonic.Tests/SelectTests/Exec_SimpleAnd" isTestCase="true">
                  <codeReference assembly="SubSonic.Tests, Version=2.2.1.0, Culture=neutral, PublicKeyToken=null" namespace="SubSonic.Tests.SqlQuery" type="SubSonic.Tests.SqlQuery.SelectTests" member="Exec_SimpleAnd" />
                  <codeLocation path="C:\data\SubsonicRoot\ss2\SubSonic.Tests\SqlQuery\SelectTests.cs" line="370" />
                  <metadata>
                    <entry key="TestKind">
                      <value>Test</value>
                    </entry>
                  </metadata>
                  <children />
                  <parameters />
                </test>
                <test id="f5a54afea386b971" name="Exec_SimpleAnd2" fullName="SubSonic.Tests/SelectTests/Exec_SimpleAnd2" isTestCase="true">
                  <codeReference assembly="SubSonic.Tests, Version=2.2.1.0, Culture=neutral, PublicKeyToken=null" namespace="SubSonic.Tests.SqlQuery" type="SubSonic.Tests.SqlQuery.SelectTests" member="Exec_SimpleAnd2" />
                  <codeLocation path="C:\data\SubsonicRoot\ss2\SubSonic.Tests\SqlQuery\SelectTests.cs" line="384" />
                  <metadata>
                    <entry key="TestKind">
                      <value>Test</value>
                    </entry>
                  </metadata>
                  <children />
                  <parameters />
                </test>
                <test id="df430da5e68d2630" name="Exec_PagedView" fullName="SubSonic.Tests/SelectTests/Exec_PagedView" isTestCase="true">
                  <codeReference assembly="SubSonic.Tests, Version=2.2.1.0, Culture=neutral, PublicKeyToken=null" namespace="SubSonic.Tests.SqlQuery" type="SubSonic.Tests.SqlQuery.SelectTests" member="Exec_PagedView" />
                  <codeLocation path="C:\data\SubsonicRoot\ss2\SubSonic.Tests\SqlQuery\SelectTests.cs" line="349" />
                  <metadata>
                    <entry key="TestKind">
                      <value>Test</value>
                    </entry>
                  </metadata>
                  <children />
                  <parameters />
                </test>
                <test id="a76cc2aa7909eef2" name="Exec_PagedViewJoined" fullName="SubSonic.Tests/SelectTests/Exec_PagedViewJoined" isTestCase="true">
                  <codeReference assembly="SubSonic.Tests, Version=2.2.1.0, Culture=neutral, PublicKeyToken=null" namespace="SubSonic.Tests.SqlQuery" type="SubSonic.Tests.SqlQuery.SelectTests" member="Exec_PagedViewJoined" />
                  <codeLocation path="C:\data\SubsonicRoot\ss2\SubSonic.Tests\SqlQuery\SelectTests.cs" line="357" />
                  <metadata>
                    <entry key="TestKind">
                      <value>Test</value>
                    </entry>
                  </metadata>
                  <children />
                  <parameters />
                </test>
                <test id="6c069a77c4600266" name="Exec_SimpleAnd3" fullName="SubSonic.Tests/SelectTests/Exec_SimpleAnd3" isTestCase="true">
                  <codeReference assembly="SubSonic.Tests, Version=2.2.1.0, Culture=neutral, PublicKeyToken=null" namespace="SubSonic.Tests.SqlQuery" type="SubSonic.Tests.SqlQuery.SelectTests" member="Exec_SimpleAnd3" />
                  <codeLocation path="C:\data\SubsonicRoot\ss2\SubSonic.Tests\SqlQuery\SelectTests.cs" line="398" />
                  <metadata>
                    <entry key="TestKind">
                      <value>Test</value>
                    </entry>
                  </metadata>
                  <children />
                  <parameters />
                </test>
                <test id="3bf89f1b0ab491f9" name="Exec_MultipleInWithAnd" fullName="SubSonic.Tests/SelectTests/Exec_MultipleInWithAnd" isTestCase="true">
                  <codeReference assembly="SubSonic.Tests, Version=2.2.1.0, Culture=neutral, PublicKeyToken=null" namespace="SubSonic.Tests.SqlQuery" type="SubSonic.Tests.SqlQuery.SelectTests" member="Exec_MultipleInWithAnd" />
                  <codeLocation path="C:\data\SubsonicRoot\ss2\SubSonic.Tests\SqlQuery\SelectTests.cs" line="440" />
                  <metadata>
                    <entry key="TestKind">
                      <value>Test</value>
                    </entry>
                  </metadata>
                  <children />
                  <parameters />
                </test>
                <test id="aa15f6300be00489" name="Exec_SimpleOr" fullName="SubSonic.Tests/SelectTests/Exec_SimpleOr" isTestCase="true">
                  <codeReference assembly="SubSonic.Tests, Version=2.2.1.0, Culture=neutral, PublicKeyToken=null" namespace="SubSonic.Tests.SqlQuery" type="SubSonic.Tests.SqlQuery.SelectTests" member="Exec_SimpleOr" />
                  <codeLocation path="C:\data\SubsonicRoot\ss2\SubSonic.Tests\SqlQuery\SelectTests.cs" line="457" />
                  <metadata>
                    <entry key="TestKind">
                      <value>Test</value>
                    </entry>
                  </metadata>
                  <children />
                  <parameters />
                </test>
                <test id="cc4967ca3f4a2c02" name="Exec_SimpleIn" fullName="SubSonic.Tests/SelectTests/Exec_SimpleIn" isTestCase="true">
                  <codeReference assembly="SubSonic.Tests, Version=2.2.1.0, Culture=neutral, PublicKeyToken=null" namespace="SubSonic.Tests.SqlQuery" type="SubSonic.Tests.SqlQuery.SelectTests" member="Exec_SimpleIn" />
                  <codeLocation path="C:\data\SubsonicRoot\ss2\SubSonic.Tests\SqlQuery\SelectTests.cs" line="418" />
                  <metadata>
                    <entry key="TestKind">
                      <value>Test</value>
                    </entry>
                  </metadata>
                  <children />
                  <parameters />
                </test>
                <test id="bd348406aaf1a6c0" name="Exec_InWithSelect" fullName="SubSonic.Tests/SelectTests/Exec_InWithSelect" isTestCase="true">
                  <codeReference assembly="SubSonic.Tests, Version=2.2.1.0, Culture=neutral, PublicKeyToken=null" namespace="SubSonic.Tests.SqlQuery" type="SubSonic.Tests.SqlQuery.SelectTests" member="Exec_InWithSelect" />
                  <codeLocation path="C:\data\SubsonicRoot\ss2\SubSonic.Tests\SqlQuery\SelectTests.cs" line="427" />
                  <metadata>
                    <entry key="TestKind">
                      <value>Test</value>
                    </entry>
                  </metadata>
                  <children />
                  <parameters />
                </test>
                <test id="5a2d7a12510dc65c" name="Exec_DistinctTypedList" fullName="SubSonic.Tests/SelectTests/Exec_DistinctTypedList" isTestCase="true">
                  <codeReference assembly="SubSonic.Tests, Version=2.2.1.0, Culture=neutral, PublicKeyToken=null" namespace="SubSonic.Tests.SqlQuery" type="SubSonic.Tests.SqlQuery.SelectTests" member="Exec_DistinctTypedList" />
                  <codeLocation path="C:\data\SubsonicRoot\ss2\SubSonic.Tests\SqlQuery\SelectTests.cs" line="260" />
                  <metadata>
                    <entry key="TestKind">
                      <value>Test</value>
                    </entry>
                  </metadata>
                  <children />
                  <parameters />
                </test>
                <test id="6b2d4c29e11f2d4a" name="Exec_DistinctWithWhere" fullName="SubSonic.Tests/SelectTests/Exec_DistinctWithWhere" isTestCase="true">
                  <codeReference assembly="SubSonic.Tests, Version=2.2.1.0, Culture=neutral, PublicKeyToken=null" namespace="SubSonic.Tests.SqlQuery" type="SubSonic.Tests.SqlQuery.SelectTests" member="Exec_DistinctWithWhere" />
                  <codeLocation path="C:\data\SubsonicRoot\ss2\SubSonic.Tests\SqlQuery\SelectTests.cs" line="269" />
                  <metadata>
                    <entry key="TestKind">
                      <value>Test</value>
                    </entry>
                  </metadata>
                  <children />
                  <parameters />
                </test>
                <test id="8e62c4902bbffe5a" name="Exec_ExpressionSimpleOr" fullName="SubSonic.Tests/SelectTests/Exec_ExpressionSimpleOr" isTestCase="true">
                  <codeReference assembly="SubSonic.Tests, Version=2.2.1.0, Culture=neutral, PublicKeyToken=null" namespace="SubSonic.Tests.SqlQuery" type="SubSonic.Tests.SqlQuery.SelectTests" member="Exec_ExpressionSimpleOr" />
                  <codeLocation path="C:\data\SubsonicRoot\ss2\SubSonic.Tests\SqlQuery\SelectTests.cs" line="225" />
                  <metadata>
                    <entry key="TestKind">
                      <value>Test</value>
                    </entry>
                  </metadata>
                  <children />
                  <parameters />
                </test>
                <test id="9fa32c4d90d19139" name="Exec_NestedExpression" fullName="SubSonic.Tests/SelectTests/Exec_NestedExpression" isTestCase="true">
                  <codeReference assembly="SubSonic.Tests, Version=2.2.1.0, Culture=neutral, PublicKeyToken=null" namespace="SubSonic.Tests.SqlQuery" type="SubSonic.Tests.SqlQuery.SelectTests" member="Exec_NestedExpression" />
                  <codeLocation path="C:\data\SubsonicRoot\ss2\SubSonic.Tests\SqlQuery\SelectTests.cs" line="236" />
                  <metadata>
                    <entry key="TestKind">
                      <value>Test</value>
                    </entry>
                  </metadata>
                  <children />
                  <parameters />
                </test>
                <test id="fd862e1efb5cce42" name="Exec_Distinct_JoinedWithLike" fullName="SubSonic.Tests/SelectTests/Exec_Distinct_JoinedWithLike" isTestCase="true">
                  <codeReference assembly="SubSonic.Tests, Version=2.2.1.0, Culture=neutral, PublicKeyToken=null" namespace="SubSonic.Tests.SqlQuery" type="SubSonic.Tests.SqlQuery.SelectTests" member="Exec_Distinct_JoinedWithLike" />
                  <codeLocation path="C:\data\SubsonicRoot\ss2\SubSonic.Tests\SqlQuery\SelectTests.cs" line="281" />
                  <metadata>
                    <entry key="TestKind">
                      <value>Test</value>
                    </entry>
                  </metadata>
                  <children />
                  <parameters />
                </test>
                <test id="c112fd3991361893" name="Exec_PagedWithAggregate" fullName="SubSonic.Tests/SelectTests/Exec_PagedWithAggregate" isTestCase="true">
                  <codeReference assembly="SubSonic.Tests, Version=2.2.1.0, Culture=neutral, PublicKeyToken=null" namespace="SubSonic.Tests.SqlQuery" type="SubSonic.Tests.SqlQuery.SelectTests" member="Exec_PagedWithAggregate" />
                  <codeLocation path="C:\data\SubsonicRoot\ss2\SubSonic.Tests\SqlQuery\SelectTests.cs" line="317" />
                  <metadata>
                    <entry key="TestKind">
                      <value>Test</value>
                    </entry>
                  </metadata>
                  <children />
                  <parameters />
                </test>
                <test id="e815c74b1a7225d2" name="Exec_PagedJoined" fullName="SubSonic.Tests/SelectTests/Exec_PagedJoined" isTestCase="true">
                  <codeReference assembly="SubSonic.Tests, Version=2.2.1.0, Culture=neutral, PublicKeyToken=null" namespace="SubSonic.Tests.SqlQuery" type="SubSonic.Tests.SqlQuery.SelectTests" member="Exec_PagedJoined" />
                  <codeLocation path="C:\data\SubsonicRoot\ss2\SubSonic.Tests\SqlQuery\SelectTests.cs" line="335" />
                  <metadata>
                    <entry key="TestKind">
                      <value>Test</value>
                    </entry>
                  </metadata>
                  <children />
                  <parameters />
                </test>
                <test id="b51a12706c7e1287" name="Exec_AggregateExpression" fullName="SubSonic.Tests/SelectTests/Exec_AggregateExpression" isTestCase="true">
                  <codeReference assembly="SubSonic.Tests, Version=2.2.1.0, Culture=neutral, PublicKeyToken=null" namespace="SubSonic.Tests.SqlQuery" type="SubSonic.Tests.SqlQuery.SelectTests" member="Exec_AggregateExpression" />
                  <codeLocation path="C:\data\SubsonicRoot\ss2\SubSonic.Tests\SqlQuery\SelectTests.cs" line="294" />
                  <metadata>
                    <entry key="TestKind">
                      <value>Test</value>
                    </entry>
                  </metadata>
                  <children />
                  <parameters />
                </test>
                <test id="2763a03853c61560" name="Exec_PagedSimple" fullName="SubSonic.Tests/SelectTests/Exec_PagedSimple" isTestCase="true">
                  <codeReference assembly="SubSonic.Tests, Version=2.2.1.0, Culture=neutral, PublicKeyToken=null" namespace="SubSonic.Tests.SqlQuery" type="SubSonic.Tests.SqlQuery.SelectTests" member="Exec_PagedSimple" />
                  <codeLocation path="C:\data\SubsonicRoot\ss2\SubSonic.Tests\SqlQuery\SelectTests.cs" line="310" />
                  <metadata>
                    <entry key="TestKind">
                      <value>Test</value>
                    </entry>
                  </metadata>
                  <children />
                  <parameters />
                </test>
              </children>
              <parameters />
            </test>
            <test id="7b08553eef1fbce5" name="AggregateTests" fullName="SubSonic.Tests/AggregateTests" isTestCase="false">
              <codeReference assembly="SubSonic.Tests, Version=2.2.1.0, Culture=neutral, PublicKeyToken=null" namespace="SubSonic.Tests.SqlQuery" type="SubSonic.Tests.SqlQuery.AggregateTests" />
              <codeLocation path="C:\data\SubsonicRoot\ss2\SubSonic.Tests\SqlQuery\AggregateTests.cs" />
              <metadata>
                <entry key="TestKind">
                  <value>Fixture</value>
                </entry>
              </metadata>
              <children>
                <test id="8afea2ace33d2bc5" name="Exec_AggregateMax" fullName="SubSonic.Tests/AggregateTests/Exec_AggregateMax" isTestCase="true">
                  <codeReference assembly="SubSonic.Tests, Version=2.2.1.0, Culture=neutral, PublicKeyToken=null" namespace="SubSonic.Tests.SqlQuery" type="SubSonic.Tests.SqlQuery.AggregateTests" member="Exec_AggregateMax" />
                  <codeLocation path="C:\data\SubsonicRoot\ss2\SubSonic.Tests\SqlQuery\AggregateTests.cs" line="72" />
                  <metadata>
                    <entry key="TestKind">
                      <value>Test</value>
                    </entry>
                  </metadata>
                  <children />
                  <parameters />
                </test>
                <test id="87181fd2e72dc1a" name="Exec_AggregateAvg" fullName="SubSonic.Tests/AggregateTests/Exec_AggregateAvg" isTestCase="true">
                  <codeReference assembly="SubSonic.Tests, Version=2.2.1.0, Culture=neutral, PublicKeyToken=null" namespace="SubSonic.Tests.SqlQuery" type="SubSonic.Tests.SqlQuery.AggregateTests" member="Exec_AggregateAvg" />
                  <codeLocation path="C:\data\SubsonicRoot\ss2\SubSonic.Tests\SqlQuery\AggregateTests.cs" line="38" />
                  <metadata>
                    <entry key="TestKind">
                      <value>Test</value>
                    </entry>
                  </metadata>
                  <children />
                  <parameters />
                </test>
                <test id="64b9671d42ac6226" name="Exec_AggregateExpression" fullName="SubSonic.Tests/AggregateTests/Exec_AggregateExpression" isTestCase="true">
                  <codeReference assembly="SubSonic.Tests, Version=2.2.1.0, Culture=neutral, PublicKeyToken=null" namespace="SubSonic.Tests.SqlQuery" type="SubSonic.Tests.SqlQuery.AggregateTests" member="Exec_AggregateExpression" />
                  <codeLocation path="C:\data\SubsonicRoot\ss2\SubSonic.Tests\SqlQuery\AggregateTests.cs" line="26" />
                  <metadata>
                    <entry key="TestKind">
                      <value>Test</value>
                    </entry>
                  </metadata>
                  <children />
                  <parameters />
                </test>
                <test id="fe177be2cb358e99" name="Exec_AggregateMin" fullName="SubSonic.Tests/AggregateTests/Exec_AggregateMin" isTestCase="true">
                  <codeReference assembly="SubSonic.Tests, Version=2.2.1.0, Culture=neutral, PublicKeyToken=null" namespace="SubSonic.Tests.SqlQuery" type="SubSonic.Tests.SqlQuery.AggregateTests" member="Exec_AggregateMin" />
                  <codeLocation path="C:\data\SubsonicRoot\ss2\SubSonic.Tests\SqlQuery\AggregateTests.cs" line="106" />
                  <metadata>
                    <entry key="TestKind">
                      <value>Test</value>
                    </entry>
                  </metadata>
                  <children />
                  <parameters />
                </test>
                <test id="11eeb8a06e6c0168" name="Exec_AggregateWithWhereAndHaving" fullName="SubSonic.Tests/AggregateTests/Exec_AggregateWithWhereAndHaving" isTestCase="true">
                  <codeReference assembly="SubSonic.Tests, Version=2.2.1.0, Culture=neutral, PublicKeyToken=null" namespace="SubSonic.Tests.SqlQuery" type="SubSonic.Tests.SqlQuery.AggregateTests" member="Exec_AggregateWithWhereAndHaving" />
                  <codeLocation path="C:\data\SubsonicRoot\ss2\SubSonic.Tests\SqlQuery\AggregateTests.cs" line="187" />
                  <metadata>
                    <entry key="TestKind">
                      <value>Test</value>
                    </entry>
                  </metadata>
                  <children />
                  <parameters />
                </test>
                <test id="370dec0cba5c19da" name="Exec_AggregateWithWhereNotHaving" fullName="SubSonic.Tests/AggregateTests/Exec_AggregateWithWhereNotHaving" isTestCase="true">
                  <codeReference assembly="SubSonic.Tests, Version=2.2.1.0, Culture=neutral, PublicKeyToken=null" namespace="SubSonic.Tests.SqlQuery" type="SubSonic.Tests.SqlQuery.AggregateTests" member="Exec_AggregateWithWhereNotHaving" />
                  <codeLocation path="C:\data\SubsonicRoot\ss2\SubSonic.Tests\SqlQuery\AggregateTests.cs" line="201" />
                  <metadata>
                    <entry key="TestKind">
                      <value>Test</value>
                    </entry>
                  </metadata>
                  <children />
                  <parameters />
                </test>
                <test id="332ed8a05646333b" name="Exec_AggregateStandardDeviation" fullName="SubSonic.Tests/AggregateTests/Exec_AggregateStandardDeviation" isTestCase="true">
                  <codeReference assembly="SubSonic.Tests, Version=2.2.1.0, Culture=neutral, PublicKeyToken=null" namespace="SubSonic.Tests.SqlQuery" type="SubSonic.Tests.SqlQuery.AggregateTests" member="Exec_AggregateStandardDeviation" />
                  <codeLocation path="C:\data\SubsonicRoot\ss2\SubSonic.Tests\SqlQuery\AggregateTests.cs" line="140" />
                  <metadata>
                    <entry key="TestKind">
                      <value>Test</value>
                    </entry>
                  </metadata>
                  <children />
                  <parameters />
                </test>
                <test id="6b842429dd9d95f8" name="Exec_SingleAggregateWithWhere" fullName="SubSonic.Tests/AggregateTests/Exec_SingleAggregateWithWhere" isTestCase="true">
                  <codeReference assembly="SubSonic.Tests, Version=2.2.1.0, Culture=neutral, PublicKeyToken=null" namespace="SubSonic.Tests.SqlQuery" type="SubSonic.Tests.SqlQuery.AggregateTests" member="Exec_SingleAggregateWithWhere" />
                  <codeLocation path="C:\data\SubsonicRoot\ss2\SubSonic.Tests\SqlQuery\AggregateTests.cs" line="174" />
                  <metadata>
                    <entry key="TestKind">
                      <value>Test</value>
                    </entry>
                  </metadata>
                  <children />
                  <parameters />
                </test>
              </children>
              <parameters />
            </test>
            <test id="68a95a4990db42f5" name="CodeGeneratorTests" fullName="SubSonic.Tests/CodeGeneratorTests" isTestCase="false">
              <codeReference assembly="SubSonic.Tests, Version=2.2.1.0, Culture=neutral, PublicKeyToken=null" namespace="SubSonic.Tests" type="SubSonic.Tests.CodeGeneratorTests" />
              <codeLocation path="C:\data\SubsonicRoot\ss2\SubSonic.Tests\CodeGeneratorTests.cs" />
              <metadata>
                <entry key="TestKind">
                  <value>Fixture</value>
                </entry>
              </metadata>
              <children>
                <test id="e7521bc44996209e" name="CodeGen2_RunViewTemplate" fullName="SubSonic.Tests/CodeGeneratorTests/CodeGen2_RunViewTemplate" isTestCase="true">
                  <codeReference assembly="SubSonic.Tests, Version=2.2.1.0, Culture=neutral, PublicKeyToken=null" namespace="SubSonic.Tests" type="SubSonic.Tests.CodeGeneratorTests" member="CodeGen2_RunViewTemplate" />
                  <codeLocation path="C:\data\SubsonicRoot\ss2\SubSonic.Tests\CodeGeneratorTests.cs" line="57" />
                  <metadata>
                    <entry key="TestKind">
                      <value>Test</value>
                    </entry>
                  </metadata>
                  <children />
                  <parameters />
                </test>
                <test id="573732acbb6181e2" name="CodeGen2_RunSPTemplate" fullName="SubSonic.Tests/CodeGeneratorTests/CodeGen2_RunSPTemplate" isTestCase="true">
                  <codeReference assembly="SubSonic.Tests, Version=2.2.1.0, Culture=neutral, PublicKeyToken=null" namespace="SubSonic.Tests" type="SubSonic.Tests.CodeGeneratorTests" member="CodeGen2_RunSPTemplate" />
                  <codeLocation path="C:\data\SubsonicRoot\ss2\SubSonic.Tests\CodeGeneratorTests.cs" line="45" />
                  <metadata>
                    <entry key="TestKind">
                      <value>Test</value>
                    </entry>
                  </metadata>
                  <children />
                  <parameters />
                </test>
                <test id="ab367a6e1fd0314f" name="CodeGen2_RunClassTemplate" fullName="SubSonic.Tests/CodeGeneratorTests/CodeGen2_RunClassTemplate" isTestCase="true">
                  <codeReference assembly="SubSonic.Tests, Version=2.2.1.0, Culture=neutral, PublicKeyToken=null" namespace="SubSonic.Tests" type="SubSonic.Tests.CodeGeneratorTests" member="CodeGen2_RunClassTemplate" />
                  <codeLocation path="C:\data\SubsonicRoot\ss2\SubSonic.Tests\CodeGeneratorTests.cs" line="32" />
                  <metadata>
                    <entry key="TestKind">
                      <value>Test</value>
                    </entry>
                  </metadata>
                  <children />
                  <parameters />
                </test>
                <test id="27cccb231a0e354c" name="CodeGen2_RunStructTemplate" fullName="SubSonic.Tests/CodeGeneratorTests/CodeGen2_RunStructTemplate" isTestCase="true">
                  <codeReference assembly="SubSonic.Tests, Version=2.2.1.0, Culture=neutral, PublicKeyToken=null" namespace="SubSonic.Tests" type="SubSonic.Tests.CodeGeneratorTests" member="CodeGen2_RunStructTemplate" />
                  <codeLocation path="C:\data\SubsonicRoot\ss2\SubSonic.Tests\CodeGeneratorTests.cs" line="69" />
                  <metadata>
                    <entry key="TestKind">
                      <value>Test</value>
                    </entry>
                  </metadata>
                  <children />
                  <parameters />
                </test>
                <test id="9838a277a9925ec8" name="CodeGen2_VBRunViewTemplate" fullName="SubSonic.Tests/CodeGeneratorTests/CodeGen2_VBRunViewTemplate" isTestCase="true">
                  <codeReference assembly="SubSonic.Tests, Version=2.2.1.0, Culture=neutral, PublicKeyToken=null" namespace="SubSonic.Tests" type="SubSonic.Tests.CodeGeneratorTests" member="CodeGen2_VBRunViewTemplate" />
                  <codeLocation path="C:\data\SubsonicRoot\ss2\SubSonic.Tests\CodeGeneratorTests.cs" line="105" />
                  <metadata>
                    <entry key="TestKind">
                      <value>Test</value>
                    </entry>
                  </metadata>
                  <children />
                  <parameters />
                </test>
                <test id="b7bffc3c3d64b19d" name="CodeGen2_VBRunStructTemplate" fullName="SubSonic.Tests/CodeGeneratorTests/CodeGen2_VBRunStructTemplate" isTestCase="true">
                  <codeReference assembly="SubSonic.Tests, Version=2.2.1.0, Culture=neutral, PublicKeyToken=null" namespace="SubSonic.Tests" type="SubSonic.Tests.CodeGeneratorTests" member="CodeGen2_VBRunStructTemplate" />
                  <codeLocation path="C:\data\SubsonicRoot\ss2\SubSonic.Tests\CodeGeneratorTests.cs" line="117" />
                  <metadata>
                    <entry key="TestKind">
                      <value>Test</value>
                    </entry>
                  </metadata>
                  <children />
                  <parameters />
                </test>
                <test id="842b6141754bee7d" name="CodeGen2_VBRunClassTemplate" fullName="SubSonic.Tests/CodeGeneratorTests/CodeGen2_VBRunClassTemplate" isTestCase="true">
                  <codeReference assembly="SubSonic.Tests, Version=2.2.1.0, Culture=neutral, PublicKeyToken=null" namespace="SubSonic.Tests" type="SubSonic.Tests.CodeGeneratorTests" member="CodeGen2_VBRunClassTemplate" />
                  <codeLocation path="C:\data\SubsonicRoot\ss2\SubSonic.Tests\CodeGeneratorTests.cs" line="81" />
                  <metadata>
                    <entry key="TestKind">
                      <value>Test</value>
                    </entry>
                  </metadata>
                  <children />
                  <parameters />
                </test>
                <test id="9d63ffb3fed84048" name="CodeGen2_VBRunSPTemplate" fullName="SubSonic.Tests/CodeGeneratorTests/CodeGen2_VBRunSPTemplate" isTestCase="true">
                  <codeReference assembly="SubSonic.Tests, Version=2.2.1.0, Culture=neutral, PublicKeyToken=null" namespace="SubSonic.Tests" type="SubSonic.Tests.CodeGeneratorTests" member="CodeGen2_VBRunSPTemplate" />
                  <codeLocation path="C:\data\SubsonicRoot\ss2\SubSonic.Tests\CodeGeneratorTests.cs" line="93" />
                  <metadata>
                    <entry key="TestKind">
                      <value>Test</value>
                    </entry>
                  </metadata>
                  <children />
                  <parameters />
                </test>
              </children>
              <parameters />
            </test>
            <test id="babe4e099f85aa64" name="SugarTests" fullName="SubSonic.Tests/SugarTests" isTestCase="false">
              <codeReference assembly="SubSonic.Tests, Version=2.2.1.0, Culture=neutral, PublicKeyToken=null" namespace="SubSonic.Tests" type="SubSonic.Tests.SugarTests" />
              <codeLocation path="C:\data\SubsonicRoot\ss2\SubSonic.Tests\SugarTests.cs" />
              <metadata>
                <entry key="TestKind">
                  <value>Fixture</value>
                </entry>
              </metadata>
              <children>
                <test id="af2b9a98fb7c9a0a" name="Numbers_IsNumeric" fullName="SubSonic.Tests/SugarTests/Numbers_IsNumeric" isTestCase="true">
                  <codeReference assembly="SubSonic.Tests, Version=2.2.1.0, Culture=neutral, PublicKeyToken=null" namespace="SubSonic.Tests" type="SubSonic.Tests.SugarTests" member="Numbers_IsNumeric" />
                  <codeLocation path="C:\data\SubsonicRoot\ss2\SubSonic.Tests\SugarTests.cs" line="46" />
                  <metadata>
                    <entry key="TestKind">
                      <value>Test</value>
                    </entry>
                  </metadata>
                  <children />
                  <parameters />
                </test>
                <test id="c69717b4d30d292a" name="Dates_DaysAgo" fullName="SubSonic.Tests/SugarTests/Dates_DaysAgo" isTestCase="true">
                  <codeReference assembly="SubSonic.Tests, Version=2.2.1.0, Culture=neutral, PublicKeyToken=null" namespace="SubSonic.Tests" type="SubSonic.Tests.SugarTests" member="Dates_DaysAgo" />
                  <codeLocation path="C:\data\SubsonicRoot\ss2\SubSonic.Tests\SugarTests.cs" line="33" />
                  <metadata>
                    <entry key="TestKind">
                      <value>Test</value>
                    </entry>
                  </metadata>
                  <children />
                  <parameters />
                </test>
                <test id="9d1f3b426e0830d0" name="Numbers_IsInteger" fullName="SubSonic.Tests/SugarTests/Numbers_IsInteger" isTestCase="true">
                  <codeReference assembly="SubSonic.Tests, Version=2.2.1.0, Culture=neutral, PublicKeyToken=null" namespace="SubSonic.Tests" type="SubSonic.Tests.SugarTests" member="Numbers_IsInteger" />
                  <codeLocation path="C:\data\SubsonicRoot\ss2\SubSonic.Tests\SugarTests.cs" line="66" />
                  <metadata>
                    <entry key="TestKind">
                      <value>Test</value>
                    </entry>
                  </metadata>
                  <children />
                  <parameters />
                </test>
                <test id="d3f05500890def04" name="Validation_IsCreditCardAny" fullName="SubSonic.Tests/SugarTests/Validation_IsCreditCardAny" isTestCase="true">
                  <codeReference assembly="SubSonic.Tests, Version=2.2.1.0, Culture=neutral, PublicKeyToken=null" namespace="SubSonic.Tests" type="SubSonic.Tests.SugarTests" member="Validation_IsCreditCardAny" />
                  <codeLocation path="C:\data\SubsonicRoot\ss2\SubSonic.Tests\SugarTests.cs" line="155" />
                  <metadata>
                    <entry key="TestKind">
                      <value>Test</value>
                    </entry>
                  </metadata>
                  <children />
                  <parameters>
                    <parameter id="d3f05500890def04@creditCardNumber" name="creditCardNumber">
                      <codeReference assembly="SubSonic.Tests, Version=2.2.1.0, Culture=neutral, PublicKeyToken=null" namespace="SubSonic.Tests" type="SubSonic.Tests.SugarTests" member="Validation_IsCreditCardAny" parameter="creditCardNumber" />
                      <codeLocation />
                      <metadata />
                    </parameter>
                    <parameter id="d3f05500890def04@expected" name="expected">
                      <codeReference assembly="SubSonic.Tests, Version=2.2.1.0, Culture=neutral, PublicKeyToken=null" namespace="SubSonic.Tests" type="SubSonic.Tests.SugarTests" member="Validation_IsCreditCardAny" parameter="expected" />
                      <codeLocation />
                      <metadata />
                    </parameter>
                  </parameters>
                </test>
                <test id="d6b2470982053183" name="Dates_ReadableDiff" fullName="SubSonic.Tests/SugarTests/Dates_ReadableDiff" isTestCase="true">
                  <codeReference assembly="SubSonic.Tests, Version=2.2.1.0, Culture=neutral, PublicKeyToken=null" namespace="SubSonic.Tests" type="SubSonic.Tests.SugarTests" member="Dates_ReadableDiff" />
                  <codeLocation path="C:\data\SubsonicRoot\ss2\SubSonic.Tests\SugarTests.cs" line="121" />
                  <metadata>
                    <entry key="TestKind">
                      <value>Test</value>
                    </entry>
                  </metadata>
                  <children />
                  <parameters>
                    <parameter id="d6b2470982053183@startTime" name="startTime">
                      <codeReference assembly="SubSonic.Tests, Version=2.2.1.0, Culture=neutral, PublicKeyToken=null" namespace="SubSonic.Tests" type="SubSonic.Tests.SugarTests" member="Dates_ReadableDiff" parameter="startTime" />
                      <codeLocation />
                      <metadata />
                    </parameter>
                    <parameter id="d6b2470982053183@endTime" name="endTime">
                      <codeReference assembly="SubSonic.Tests, Version=2.2.1.0, Culture=neutral, PublicKeyToken=null" namespace="SubSonic.Tests" type="SubSonic.Tests.SugarTests" member="Dates_ReadableDiff" parameter="endTime" />
                      <codeLocation />
                      <metadata />
                    </parameter>
                    <parameter id="d6b2470982053183@expected" name="expected">
                      <codeReference assembly="SubSonic.Tests, Version=2.2.1.0, Culture=neutral, PublicKeyToken=null" namespace="SubSonic.Tests" type="SubSonic.Tests.SugarTests" member="Dates_ReadableDiff" parameter="expected" />
                      <codeLocation />
                      <metadata />
                    </parameter>
                  </parameters>
                </test>
                <test id="465b4d4accd38006" name="Strings_IsAlpha" fullName="SubSonic.Tests/SugarTests/Strings_IsAlpha" isTestCase="true">
                  <codeReference assembly="SubSonic.Tests, Version=2.2.1.0, Culture=neutral, PublicKeyToken=null" namespace="SubSonic.Tests" type="SubSonic.Tests.SugarTests" member="Strings_IsAlpha" />
                  <codeLocation path="C:\data\SubsonicRoot\ss2\SubSonic.Tests\SugarTests.cs" line="82" />
                  <metadata>
                    <entry key="TestKind">
                      <value>Test</value>
                    </entry>
                  </metadata>
                  <children />
                  <parameters />
                </test>
              </children>
              <parameters />
            </test>
            <test id="ac150421ef5e6b01" name="MySqlTests" fullName="SubSonic.Tests/MySqlTests" isTestCase="false">
              <codeReference assembly="SubSonic.Tests, Version=2.2.1.0, Culture=neutral, PublicKeyToken=null" namespace="SubSonic.Tests" type="SubSonic.Tests.MySqlTests" />
              <codeLocation path="C:\data\SubsonicRoot\ss2\SubSonic.Tests\MySqlTests.cs" />
              <metadata>
                <entry key="TestKind">
                  <value>Fixture</value>
                </entry>
              </metadata>
              <children>
                <test id="be8622380961903f" name="CorrectSchemaLoad" fullName="SubSonic.Tests/MySqlTests/CorrectSchemaLoad" isTestCase="true">
                  <codeReference assembly="SubSonic.Tests, Version=2.2.1.0, Culture=neutral, PublicKeyToken=null" namespace="SubSonic.Tests" type="SubSonic.Tests.MySqlTests" member="CorrectSchemaLoad" />
                  <codeLocation path="C:\data\SubsonicRoot\ss2\SubSonic.Tests\MySqlTests.cs" line="28" />
                  <metadata>
                    <entry key="TestKind">
                      <value>Test</value>
                    </entry>
                  </metadata>
                  <children />
                  <parameters />
                </test>
              </children>
              <parameters />
            </test>
            <test id="a4b3d38ff5d95786" name="InlineQueryTests" fullName="SubSonic.Tests/InlineQueryTests" isTestCase="false">
              <codeReference assembly="SubSonic.Tests, Version=2.2.1.0, Culture=neutral, PublicKeyToken=null" namespace="SubSonic.Tests.SqlQuery" type="SubSonic.Tests.SqlQuery.InlineQueryTests" />
              <codeLocation path="C:\data\SubsonicRoot\ss2\SubSonic.Tests\SqlQuery\InlineQueryTests.cs" />
              <metadata>
                <entry key="TestKind">
                  <value>Fixture</value>
                </entry>
              </metadata>
              <children>
                <test id="701cd850fa67c6c9" name="Inline_Simple" fullName="SubSonic.Tests/InlineQueryTests/Inline_Simple" isTestCase="true">
                  <codeReference assembly="SubSonic.Tests, Version=2.2.1.0, Culture=neutral, PublicKeyToken=null" namespace="SubSonic.Tests.SqlQuery" type="SubSonic.Tests.SqlQuery.InlineQueryTests" member="Inline_Simple" />
                  <codeLocation path="C:\data\SubsonicRoot\ss2\SubSonic.Tests\SqlQuery\InlineQueryTests.cs" line="27" />
                  <metadata>
                    <entry key="TestKind">
                      <value>Test</value>
                    </entry>
                  </metadata>
                  <children />
                  <parameters />
                </test>
                <test id="505820a5874ad648" name="Inline_AsCollection" fullName="SubSonic.Tests/InlineQueryTests/Inline_AsCollection" isTestCase="true">
                  <codeReference assembly="SubSonic.Tests, Version=2.2.1.0, Culture=neutral, PublicKeyToken=null" namespace="SubSonic.Tests.SqlQuery" type="SubSonic.Tests.SqlQuery.InlineQueryTests" member="Inline_AsCollection" />
                  <codeLocation path="C:\data\SubsonicRoot\ss2\SubSonic.Tests\SqlQuery\InlineQueryTests.cs" line="43" />
                  <metadata>
                    <entry key="TestKind">
                      <value>Test</value>
                    </entry>
                  </metadata>
                  <children />
                  <parameters />
                </test>
                <test id="888f3066ed2a4bc1" name="Inline_WithCommands" fullName="SubSonic.Tests/InlineQueryTests/Inline_WithCommands" isTestCase="true">
                  <codeReference assembly="SubSonic.Tests, Version=2.2.1.0, Culture=neutral, PublicKeyToken=null" namespace="SubSonic.Tests.SqlQuery" type="SubSonic.Tests.SqlQuery.InlineQueryTests" member="Inline_WithCommands" />
                  <codeLocation path="C:\data\SubsonicRoot\ss2\SubSonic.Tests\SqlQuery\InlineQueryTests.cs" line="34" />
                  <metadata>
                    <entry key="TestKind">
                      <value>Test</value>
                    </entry>
                  </metadata>
                  <children />
                  <parameters />
                </test>
              </children>
              <parameters />
            </test>
            <test id="5bc31031dabd1cc3" name="MigrationTests" fullName="SubSonic.Tests/MigrationTests" isTestCase="false">
              <codeReference assembly="SubSonic.Tests, Version=2.2.1.0, Culture=neutral, PublicKeyToken=null" namespace="SubSonic.Tests.Migrations" type="SubSonic.Tests.Migrations.MigrationTests" />
              <codeLocation path="C:\data\SubsonicRoot\ss2\SubSonic.Tests\Migrations\MigrationTests.cs" />
              <metadata>
                <entry key="TestKind">
                  <value>Fixture</value>
                </entry>
              </metadata>
              <children>
                <test id="4191394411848969" name="CreateTable_Should_Allow_Char3_As_PrimaryKey" fullName="SubSonic.Tests/MigrationTests/CreateTable_Should_Allow_Char3_As_PrimaryKey" isTestCase="true">
                  <codeReference assembly="SubSonic.Tests, Version=2.2.1.0, Culture=neutral, PublicKeyToken=null" namespace="SubSonic.Tests.Migrations" type="SubSonic.Tests.Migrations.MigrationTests" member="CreateTable_Should_Allow_Char3_As_PrimaryKey" />
                  <codeLocation path="C:\data\SubsonicRoot\ss2\SubSonic.Tests\Migrations\MigrationTests.cs" line="286" />
                  <metadata>
                    <entry key="TestKind">
                      <value>Test</value>
                    </entry>
                  </metadata>
                  <children />
                  <parameters />
                </test>
                <test id="4abcbd35596f771b" name="MigrationMySql" fullName="SubSonic.Tests/MigrationTests/MigrationMySql" isTestCase="true">
                  <codeReference assembly="SubSonic.Tests, Version=2.2.1.0, Culture=neutral, PublicKeyToken=null" namespace="SubSonic.Tests.Migrations" type="SubSonic.Tests.Migrations.MigrationTests" member="MigrationMySql" />
                  <codeLocation path="C:\data\SubsonicRoot\ss2\SubSonic.Tests\Migrations\MigrationTests.cs" line="265" />
                  <metadata>
                    <entry key="TestKind">
                      <value>Test</value>
                    </entry>
                  </metadata>
                  <children />
                  <parameters />
                </test>
                <test id="6ad5e975aee08ddf" name="MigrationGenerateCreateTablesSql" fullName="SubSonic.Tests/MigrationTests/MigrationGenerateCreateTablesSql" isTestCase="true">
                  <codeReference assembly="SubSonic.Tests, Version=2.2.1.0, Culture=neutral, PublicKeyToken=null" namespace="SubSonic.Tests.Migrations" type="SubSonic.Tests.Migrations.MigrationTests" member="MigrationGenerateCreateTablesSql" />
                  <codeLocation path="C:\data\SubsonicRoot\ss2\SubSonic.Tests\Migrations\MigrationTests.cs" line="18" />
                  <metadata>
                    <entry key="TestKind">
                      <value>Test</value>
                    </entry>
                  </metadata>
                  <children />
                  <parameters />
                </test>
                <test id="fca4a854339d17cf" name="Dual_ForeignKey_Relationships_ShouldBe_Possible_From_One_To_Many" fullName="SubSonic.Tests/MigrationTests/Dual_ForeignKey_Relationships_ShouldBe_Possible_From_One_To_Many" isTestCase="true">
                  <codeReference assembly="SubSonic.Tests, Version=2.2.1.0, Culture=neutral, PublicKeyToken=null" namespace="SubSonic.Tests.Migrations" type="SubSonic.Tests.Migrations.MigrationTests" member="Dual_ForeignKey_Relationships_ShouldBe_Possible_From_One_To_Many" />
                  <codeLocation path="C:\data\SubsonicRoot\ss2\SubSonic.Tests\Migrations\MigrationTests.cs" line="310" />
                  <metadata>
                    <entry key="TestKind">
                      <value>Test</value>
                    </entry>
                  </metadata>
                  <children />
                  <parameters />
                </test>
                <test id="71cebd88972a170d" name="MigrateDownFromZero" fullName="SubSonic.Tests/MigrationTests/MigrateDownFromZero" isTestCase="true">
                  <codeReference assembly="SubSonic.Tests, Version=2.2.1.0, Culture=neutral, PublicKeyToken=null" namespace="SubSonic.Tests.Migrations" type="SubSonic.Tests.Migrations.MigrationTests" member="MigrateDownFromZero" />
                  <codeLocation path="C:\data\SubsonicRoot\ss2\SubSonic.Tests\Migrations\MigrationTests.cs" line="69" />
                  <metadata>
                    <entry key="TestKind">
                      <value>Test</value>
                    </entry>
                  </metadata>
                  <children />
                  <parameters />
                </test>
                <test id="bd66417745aec781" name="MigrateUpDownNegative1" fullName="SubSonic.Tests/MigrationTests/MigrateUpDownNegative1" isTestCase="true">
                  <codeReference assembly="SubSonic.Tests, Version=2.2.1.0, Culture=neutral, PublicKeyToken=null" namespace="SubSonic.Tests.Migrations" type="SubSonic.Tests.Migrations.MigrationTests" member="MigrateUpDownNegative1" />
                  <codeLocation path="C:\data\SubsonicRoot\ss2\SubSonic.Tests\Migrations\MigrationTests.cs" line="79" />
                  <metadata>
                    <entry key="TestKind">
                      <value>Test</value>
                    </entry>
                  </metadata>
                  <children />
                  <parameters />
                </test>
                <test id="79ec5c9c7b50141d" name="MigrationUpDown" fullName="SubSonic.Tests/MigrationTests/MigrationUpDown" isTestCase="true">
                  <codeReference assembly="SubSonic.Tests, Version=2.2.1.0, Culture=neutral, PublicKeyToken=null" namespace="SubSonic.Tests.Migrations" type="SubSonic.Tests.Migrations.MigrationTests" member="MigrationUpDown" />
                  <codeLocation path="C:\data\SubsonicRoot\ss2\SubSonic.Tests\Migrations\MigrationTests.cs" line="102" />
                  <metadata>
                    <entry key="TestKind">
                      <value>Test</value>
                    </entry>
                  </metadata>
                  <children />
                  <parameters />
                </test>
                <test id="1989de16e4cda26b" name="MigrationGenerateDropTablesSql" fullName="SubSonic.Tests/MigrationTests/MigrationGenerateDropTablesSql" isTestCase="true">
                  <codeReference assembly="SubSonic.Tests, Version=2.2.1.0, Culture=neutral, PublicKeyToken=null" namespace="SubSonic.Tests.Migrations" type="SubSonic.Tests.Migrations.MigrationTests" member="MigrationGenerateDropTablesSql" />
                  <codeLocation path="C:\data\SubsonicRoot\ss2\SubSonic.Tests\Migrations\MigrationTests.cs" line="29" />
                  <metadata>
                    <entry key="TestKind">
                      <value>Test</value>
                    </entry>
                  </metadata>
                  <children />
                  <parameters />
                </test>
                <test id="fc1403bbd9c21f26" name="Migration_SQL_Generation_AddRemoveColumns" fullName="SubSonic.Tests/MigrationTests/Migration_SQL_Generation_AddRemoveColumns" isTestCase="true">
                  <codeReference assembly="SubSonic.Tests, Version=2.2.1.0, Culture=neutral, PublicKeyToken=null" namespace="SubSonic.Tests.Migrations" type="SubSonic.Tests.Migrations.MigrationTests" member="Migration_SQL_Generation_AddRemoveColumns" />
                  <codeLocation path="C:\data\SubsonicRoot\ss2\SubSonic.Tests\Migrations\MigrationTests.cs" line="41" />
                  <metadata>
                    <entry key="TestKind">
                      <value>Test</value>
                    </entry>
                  </metadata>
                  <children />
                  <parameters />
                </test>
                <test id="c1db2d4e72754f2c" name="MigrationUpwithErrors" fullName="SubSonic.Tests/MigrationTests/MigrationUpwithErrors" isTestCase="true">
                  <codeReference assembly="SubSonic.Tests, Version=2.2.1.0, Culture=neutral, PublicKeyToken=null" namespace="SubSonic.Tests.Migrations" type="SubSonic.Tests.Migrations.MigrationTests" member="MigrationUpwithErrors" />
                  <codeLocation path="C:\data\SubsonicRoot\ss2\SubSonic.Tests\Migrations\MigrationTests.cs" line="127" />
                  <metadata>
                    <entry key="TestKind">
                      <value>Test</value>
                    </entry>
                  </metadata>
                  <children />
                  <parameters />
                </test>
                <test id="68b84e1f9a9c2bc8" name="MigrationShouldExecMultipleMigrations" fullName="SubSonic.Tests/MigrationTests/MigrationShouldExecMultipleMigrations" isTestCase="true">
                  <codeReference assembly="SubSonic.Tests, Version=2.2.1.0, Culture=neutral, PublicKeyToken=null" namespace="SubSonic.Tests.Migrations" type="SubSonic.Tests.Migrations.MigrationTests" member="MigrationShouldExecMultipleMigrations" />
                  <codeLocation path="C:\data\SubsonicRoot\ss2\SubSonic.Tests\Migrations\MigrationTests.cs" line="205" />
                  <metadata>
                    <entry key="TestKind">
                      <value>Test</value>
                    </entry>
                  </metadata>
                  <children />
                  <parameters />
                </test>
                <test id="9b9ec6dd8cf18626" name="MigrationOnDispose" fullName="SubSonic.Tests/MigrationTests/MigrationOnDispose" isTestCase="true">
                  <codeReference assembly="SubSonic.Tests, Version=2.2.1.0, Culture=neutral, PublicKeyToken=null" namespace="SubSonic.Tests.Migrations" type="SubSonic.Tests.Migrations.MigrationTests" member="MigrationOnDispose" />
                  <codeLocation path="C:\data\SubsonicRoot\ss2\SubSonic.Tests\Migrations\MigrationTests.cs" line="232" />
                  <metadata>
                    <entry key="TestKind">
                      <value>Test</value>
                    </entry>
                  </metadata>
                  <children />
                  <parameters />
                </test>
                <test id="bca569c17d71b8ce" name="MigrationExecute" fullName="SubSonic.Tests/MigrationTests/MigrationExecute" isTestCase="true">
                  <codeReference assembly="SubSonic.Tests, Version=2.2.1.0, Culture=neutral, PublicKeyToken=null" namespace="SubSonic.Tests.Migrations" type="SubSonic.Tests.Migrations.MigrationTests" member="MigrationExecute" />
                  <codeLocation path="C:\data\SubsonicRoot\ss2\SubSonic.Tests\Migrations\MigrationTests.cs" line="250" />
                  <metadata>
                    <entry key="TestKind">
                      <value>Test</value>
                    </entry>
                  </metadata>
                  <children />
                  <parameters />
                </test>
                <test id="941fe2e0ac31211e" name="MigrationAlterColumn" fullName="SubSonic.Tests/MigrationTests/MigrationAlterColumn" isTestCase="true">
                  <codeReference assembly="SubSonic.Tests, Version=2.2.1.0, Culture=neutral, PublicKeyToken=null" namespace="SubSonic.Tests.Migrations" type="SubSonic.Tests.Migrations.MigrationTests" member="MigrationAlterColumn" />
                  <codeLocation path="C:\data\SubsonicRoot\ss2\SubSonic.Tests\Migrations\MigrationTests.cs" line="148" />
                  <metadata>
                    <entry key="TestKind">
                      <value>Test</value>
                    </entry>
                  </metadata>
                  <children />
                  <parameters />
                </test>
                <test id="5fbd30d8d3c730d4" name="MigrationAddRemoveColumns" fullName="SubSonic.Tests/MigrationTests/MigrationAddRemoveColumns" isTestCase="true">
                  <codeReference assembly="SubSonic.Tests, Version=2.2.1.0, Culture=neutral, PublicKeyToken=null" namespace="SubSonic.Tests.Migrations" type="SubSonic.Tests.Migrations.MigrationTests" member="MigrationAddRemoveColumns" />
                  <codeLocation path="C:\data\SubsonicRoot\ss2\SubSonic.Tests\Migrations\MigrationTests.cs" line="171" />
                  <metadata>
                    <entry key="TestKind">
                      <value>Test</value>
                    </entry>
                  </metadata>
                  <children />
                  <parameters />
                </test>
                <test id="cfe29af00870094c" name="MigrationShouldCreateAndDropTestTable" fullName="SubSonic.Tests/MigrationTests/MigrationShouldCreateAndDropTestTable" isTestCase="true">
                  <codeReference assembly="SubSonic.Tests, Version=2.2.1.0, Culture=neutral, PublicKeyToken=null" namespace="SubSonic.Tests.Migrations" type="SubSonic.Tests.Migrations.MigrationTests" member="MigrationShouldCreateAndDropTestTable" />
                  <codeLocation path="C:\data\SubsonicRoot\ss2\SubSonic.Tests\Migrations\MigrationTests.cs" line="184" />
                  <metadata>
                    <entry key="TestKind">
                      <value>Test</value>
                    </entry>
                  </metadata>
                  <children />
                  <parameters />
                </test>
              </children>
              <parameters />
            </test>
          </children>
          <parameters />
        </test>
      </children>
      <parameters />
    </test>
    <annotations>
      <annotation type="error" message="A fatal exception occurred while running tests.  See log for details.">
        <codeLocation />
        <codeReference />
      </annotation>
    </annotations>
  </testModel>
  <testPackageRun startTime="2011-08-05T20:17:53.8055955+09:30" endTime="2011-08-05T20:20:26.3055955+09:30">
    <testStepRun startTime="2011-08-05T20:18:04.2274705+09:30" endTime="2011-08-05T20:20:26.3055955+09:30">
      <testStep id="5e1b56b5bdbc5183" name="Root" fullName="" testId="c2722843734a7a54" isPrimary="true" isTestCase="false" isDynamic="false">
        <codeReference />
        <codeLocation />
        <metadata>
          <entry key="TestKind">
            <value>Root</value>
          </entry>
        </metadata>
      </testStep>
      <children>
        <testStepRun startTime="2011-08-05T20:18:04.2274705+09:30" endTime="0001-01-01T00:00:00">
          <testStep id="dc0d9edea38a30a8" name="SubSonic.Tests" fullName="SubSonic.Tests" testId="af69a8159bbce33b" isPrimary="true" isTestCase="false" isDynamic="false">
            <codeReference assembly="SubSonic.Tests, Version=2.2.1.0, Culture=neutral, PublicKeyToken=null" />
            <codeLocation path="C:\data\SubsonicRoot\ss2\SubSonic.Tests\bin\Debug\SubSonic.Tests.DLL" />
            <metadata>
              <entry key="TestKind">
                <value>MbUnit v3 Assembly</value>
              </entry>
              <entry key="File">
                <value>C:\data\SubsonicRoot\ss2\SubSonic.Tests\bin\Debug\SubSonic.Tests.DLL</value>
              </entry>
              <entry key="CodeBase">
                <value>C:\data\SubsonicRoot\ss2\SubSonic.Tests\bin\Debug\SubSonic.Tests.DLL</value>
              </entry>
              <entry key="Copyright">
                <value>Copyright Â©2006-2009 The SubSonic Project</value>
              </entry>
              <entry key="FileVersion">
                <value>2.2.1.0</value>
              </entry>
              <entry key="Product">
                <value>SubSonic.Tests</value>
              </entry>
              <entry key="Title">
                <value>SubSonic.Tests</value>
              </entry>
              <entry key="Version">
                <value>2.2.1.0</value>
              </entry>
              <entry key="Framework">
                <value>MbUnit v3.2 build 749</value>
              </entry>
            </metadata>
          </testStep>
          <children>
            <testStepRun startTime="2011-08-05T20:18:04.2274705+09:30" endTime="0001-01-01T00:00:00">
              <testStep id="7f1bc20acf3ec8f6" name="ActiveListTests" fullName="SubSonic.Tests/ActiveListTests" testId="bc7166f99ef30223" isPrimary="true" isTestCase="false" isDynamic="false">
                <codeReference assembly="SubSonic.Tests, Version=2.2.1.0, Culture=neutral, PublicKeyToken=null" namespace="SubSonic.Tests" type="SubSonic.Tests.ActiveListTests" />
                <codeLocation path="C:\data\SubsonicRoot\ss2\SubSonic.Tests\ActiveListTests.cs" />
                <metadata>
                  <entry key="TestKind">
                    <value>Fixture</value>
                  </entry>
                </metadata>
              </testStep>
              <children>
                <testStepRun startTime="2011-08-05T20:18:04.2274705+09:30" endTime="2011-08-05T20:20:04.3212205+09:30">
                  <testStep id="26ca4833f060f869" name="BatchSaveInsert" fullName="SubSonic.Tests/ActiveListTests/BatchSaveInsert" testId="59081e8fe33bad22" isPrimary="true" isTestCase="true" isDynamic="false">
                    <codeReference assembly="SubSonic.Tests, Version=2.2.1.0, Culture=neutral, PublicKeyToken=null" namespace="SubSonic.Tests" type="SubSonic.Tests.ActiveListTests" member="BatchSaveInsert" />
                    <codeLocation path="C:\data\SubsonicRoot\ss2\SubSonic.Tests\ActiveListTests.cs" line="51" />
                    <metadata>
                      <entry key="TestKind">
                        <value>Test</value>
                      </entry>
                    </metadata>
                  </testStep>
                  <children />
                  <result assertCount="0" duration="120.03012179999999">
                    <outcome status="failed" />
                  </result>
                  <testLog>
                    <streams>
                      <stream name="Failures">
                        <body>
                          <contents>
                            <section name="Set Up">
                              <contents>
                                <marker class="Exception">
                                  <contents>
                                    <marker class="ExceptionType">
                                      <contents>
                                        <text><![CDATA[System.Data.OleDb.OleDbException]]></text>
                                      </contents>
                                      <attributes />
                                    </marker>
                                    <text><![CDATA[: ]]></text>
                                    <marker class="ExceptionMessage">
                                      <contents>
                                        <text><![CDATA[Could not find file 'C:\data\SubsonicRoot\ss2\SubSonic.Tests\bin\Debug\dbo.mdb'.]]></text>
                                      </contents>
                                      <attributes />
                                    </marker>
                                    <text><![CDATA[
]]></text>
                                    <marker class="ExceptionPropertyName">
                                      <contents>
                                        <text><![CDATA[ErrorCode]]></text>
                                      </contents>
                                      <attributes />
                                    </marker>
                                    <text><![CDATA[: ]]></text>
                                    <marker class="ExceptionPropertyValue">
                                      <contents>
                                        <text><![CDATA[-2147467259]]></text>
                                      </contents>
                                      <attributes />
                                    </marker>
                                    <text><![CDATA[
]]></text>
                                    <marker class="ExceptionPropertyName">
                                      <contents>
                                        <text><![CDATA[Errors]]></text>
                                      </contents>
                                      <attributes />
                                    </marker>
                                    <text><![CDATA[: ]]></text>
                                    <marker class="ExceptionPropertyValue">
                                      <contents>
                                        <text><![CDATA[System.Data.OleDb.OleDbErrorCollection]]></text>
                                      </contents>
                                      <attributes />
                                    </marker>
                                    <text><![CDATA[
]]></text>
                                    <marker class="StackTrace">
                                      <contents>
                                        <text><![CDATA[   at System.Data.OleDb.OleDbCommand.ExecuteCommandTextErrorHandling(OleDbHResult hr)
   at System.Data.OleDb.OleDbCommand.ExecuteCommandTextForSingleResult(tagDBPARAMS dbParams, Object& executeResult)
   at System.Data.OleDb.OleDbCommand.ExecuteCommandText(Object& executeResult)
   at System.Data.OleDb.OleDbCommand.ExecuteCommand(CommandBehavior behavior, Object& executeResult)
   at System.Data.OleDb.OleDbCommand.ExecuteReaderInternal(CommandBehavior behavior, String method)
   at System.Data.OleDb.OleDbCommand.ExecuteNonQuery()
   at SubSonic.AccessDataProvider.ExecuteQuery(QueryCommand qry) in ]]></text>
                                        <marker class="CodeLocation">
                                          <contents>
                                            <text><![CDATA[C:\data\SubsonicRoot\ss2\SubSonic\DataProviders\AccessDataProvider.cs:line 862]]></text>
                                          </contents>
                                          <attributes>
                                            <attribute name="line" value="862" />
                                            <attribute name="path" value="C:\data\SubsonicRoot\ss2\SubSonic\DataProviders\AccessDataProvider.cs" />
                                          </attributes>
                                        </marker>
                                        <text><![CDATA[
   at SubSonic.DataService.ExecuteQuery(QueryCommand cmd) in ]]></text>
                                        <marker class="CodeLocation">
                                          <contents>
                                            <text><![CDATA[C:\data\SubsonicRoot\ss2\SubSonic\DataProviders\DataService.cs:line 555]]></text>
                                          </contents>
                                          <attributes>
                                            <attribute name="line" value="555" />
                                            <attribute name="path" value="C:\data\SubsonicRoot\ss2\SubSonic\DataProviders\DataService.cs" />
                                          </attributes>
                                        </marker>
                                        <text><![CDATA[
   at SubSonic.Query.Execute() in ]]></text>
                                        <marker class="CodeLocation">
                                          <contents>
                                            <text><![CDATA[C:\data\SubsonicRoot\ss2\SubSonic\Sql Tools\Query.cs:line 1759]]></text>
                                          </contents>
                                          <attributes>
                                            <attribute name="line" value="1759" />
                                            <attribute name="path" value="C:\data\SubsonicRoot\ss2\SubSonic\Sql Tools\Query.cs" />
                                          </attributes>
                                        </marker>
                                        <text><![CDATA[
   at SubSonic.Tests.ActiveListTests.SetUp() in ]]></text>
                                        <marker class="CodeLocation">
                                          <contents>
                                            <text><![CDATA[C:\data\SubsonicRoot\ss2\SubSonic.Tests\ActiveListTests.cs:line 42]]></text>
                                          </contents>
                                          <attributes>
                                            <attribute name="line" value="42" />
                                            <attribute name="path" value="C:\data\SubsonicRoot\ss2\SubSonic.Tests\ActiveListTests.cs" />
                                          </attributes>
                                        </marker>
                                      </contents>
                                      <attributes />
                                    </marker>
                                  </contents>
                                  <attributes />
                                </marker>
                              </contents>
                            </section>
                          </contents>
                        </body>
                      </stream>
                    </streams>
                    <attachments />
                  </testLog>
                </testStepRun>
                <testStepRun startTime="2011-08-05T20:20:04.3212205+09:30" endTime="2011-08-05T20:20:20.7274705+09:30">
                  <testStep id="c8f386b843da37f6" name="BatchSaveUpdate" fullName="SubSonic.Tests/ActiveListTests/BatchSaveUpdate" testId="c10c3bb6a31302d5" isPrimary="true" isTestCase="true" isDynamic="false">
                    <codeReference assembly="SubSonic.Tests, Version=2.2.1.0, Culture=neutral, PublicKeyToken=null" namespace="SubSonic.Tests" type="SubSonic.Tests.ActiveListTests" member="BatchSaveUpdate" />
                    <codeLocation path="C:\data\SubsonicRoot\ss2\SubSonic.Tests\ActiveListTests.cs" line="130" />
                    <metadata>
                      <entry key="TestKind">
                        <value>Test</value>
                      </entry>
                    </metadata>
                  </testStep>
                  <children />
                  <result assertCount="0" duration="16.284022699999998">
                    <outcome status="failed" />
                  </result>
                  <testLog>
                    <streams>
                      <stream name="Failures">
                        <body>
                          <contents>
                            <section name="Set Up">
                              <contents>
                                <marker class="Exception">
                                  <contents>
                                    <marker class="ExceptionType">
                                      <contents>
                                        <text><![CDATA[System.Data.OleDb.OleDbException]]></text>
                                      </contents>
                                      <attributes />
                                    </marker>
                                    <text><![CDATA[: ]]></text>
                                    <marker class="ExceptionMessage">
                                      <contents>
                                        <text><![CDATA[Could not find file 'C:\data\SubsonicRoot\ss2\SubSonic.Tests\bin\Debug\dbo.mdb'.]]></text>
                                      </contents>
                                      <attributes />
                                    </marker>
                                    <text><![CDATA[
]]></text>
                                    <marker class="ExceptionPropertyName">
                                      <contents>
                                        <text><![CDATA[ErrorCode]]></text>
                                      </contents>
                                      <attributes />
                                    </marker>
                                    <text><![CDATA[: ]]></text>
                                    <marker class="ExceptionPropertyValue">
                                      <contents>
                                        <text><![CDATA[-2147467259]]></text>
                                      </contents>
                                      <attributes />
                                    </marker>
                                    <text><![CDATA[
]]></text>
                                    <marker class="ExceptionPropertyName">
                                      <contents>
                                        <text><![CDATA[Errors]]></text>
                                      </contents>
                                      <attributes />
                                    </marker>
                                    <text><![CDATA[: ]]></text>
                                    <marker class="ExceptionPropertyValue">
                                      <contents>
                                        <text><![CDATA[System.Data.OleDb.OleDbErrorCollection]]></text>
                                      </contents>
                                      <attributes />
                                    </marker>
                                    <text><![CDATA[
]]></text>
                                    <marker class="StackTrace">
                                      <contents>
                                        <text><![CDATA[   at System.Data.OleDb.OleDbCommand.ExecuteCommandTextErrorHandling(OleDbHResult hr)
   at System.Data.OleDb.OleDbCommand.ExecuteCommandTextForSingleResult(tagDBPARAMS dbParams, Object& executeResult)
   at System.Data.OleDb.OleDbCommand.ExecuteCommandText(Object& executeResult)
   at System.Data.OleDb.OleDbCommand.ExecuteCommand(CommandBehavior behavior, Object& executeResult)
   at System.Data.OleDb.OleDbCommand.ExecuteReaderInternal(CommandBehavior behavior, String method)
   at System.Data.OleDb.OleDbCommand.ExecuteNonQuery()
   at SubSonic.AccessDataProvider.ExecuteQuery(QueryCommand qry) in ]]></text>
                                        <marker class="CodeLocation">
                                          <contents>
                                            <text><![CDATA[C:\data\SubsonicRoot\ss2\SubSonic\DataProviders\AccessDataProvider.cs:line 862]]></text>
                                          </contents>
                                          <attributes>
                                            <attribute name="line" value="862" />
                                            <attribute name="path" value="C:\data\SubsonicRoot\ss2\SubSonic\DataProviders\AccessDataProvider.cs" />
                                          </attributes>
                                        </marker>
                                        <text><![CDATA[
   at SubSonic.DataService.ExecuteQuery(QueryCommand cmd) in ]]></text>
                                        <marker class="CodeLocation">
                                          <contents>
                                            <text><![CDATA[C:\data\SubsonicRoot\ss2\SubSonic\DataProviders\DataService.cs:line 555]]></text>
                                          </contents>
                                          <attributes>
                                            <attribute name="line" value="555" />
                                            <attribute name="path" value="C:\data\SubsonicRoot\ss2\SubSonic\DataProviders\DataService.cs" />
                                          </attributes>
                                        </marker>
                                        <text><![CDATA[
   at SubSonic.Query.Execute() in ]]></text>
                                        <marker class="CodeLocation">
                                          <contents>
                                            <text><![CDATA[C:\data\SubsonicRoot\ss2\SubSonic\Sql Tools\Query.cs:line 1759]]></text>
                                          </contents>
                                          <attributes>
                                            <attribute name="line" value="1759" />
                                            <attribute name="path" value="C:\data\SubsonicRoot\ss2\SubSonic\Sql Tools\Query.cs" />
                                          </attributes>
                                        </marker>
                                        <text><![CDATA[
   at SubSonic.Tests.ActiveListTests.SetUp() in ]]></text>
                                        <marker class="CodeLocation">
                                          <contents>
                                            <text><![CDATA[C:\data\SubsonicRoot\ss2\SubSonic.Tests\ActiveListTests.cs:line 42]]></text>
                                          </contents>
                                          <attributes>
                                            <attribute name="line" value="42" />
                                            <attribute name="path" value="C:\data\SubsonicRoot\ss2\SubSonic.Tests\ActiveListTests.cs" />
                                          </attributes>
                                        </marker>
                                      </contents>
                                      <attributes />
                                    </marker>
                                  </contents>
                                  <attributes />
                                </marker>
                              </contents>
                            </section>
                          </contents>
                        </body>
                      </stream>
                    </streams>
                    <attachments />
                  </testLog>
                </testStepRun>
                <testStepRun startTime="2011-08-05T20:20:20.7274705+09:30" endTime="0001-01-01T00:00:00">
                  <testStep id="befda66cc09d001a" name="BatchSaveUpdateNoChanges" fullName="SubSonic.Tests/ActiveListTests/BatchSaveUpdateNoChanges" testId="a1003a1d129446b2" isPrimary="true" isTestCase="true" isDynamic="false">
                    <codeReference assembly="SubSonic.Tests, Version=2.2.1.0, Culture=neutral, PublicKeyToken=null" namespace="SubSonic.Tests" type="SubSonic.Tests.ActiveListTests" member="BatchSaveUpdateNoChanges" />
                    <codeLocation path="C:\data\SubsonicRoot\ss2\SubSonic.Tests\ActiveListTests.cs" line="152" />
                    <metadata>
                      <entry key="TestKind">
                        <value>Test</value>
                      </entry>
                    </metadata>
                  </testStep>
                  <children />
                  <result assertCount="0" duration="0">
                    <outcome status="inconclusive" />
                  </result>
                  <testLog>
                    <streams />
                    <attachments />
                  </testLog>
                </testStepRun>
              </children>
              <result assertCount="0" duration="0">
                <outcome status="inconclusive" />
              </result>
              <testLog>
                <streams />
                <attachments />
              </testLog>
            </testStepRun>
          </children>
          <result assertCount="0" duration="0">
            <outcome status="inconclusive" />
          </result>
          <testLog>
            <streams />
            <attachments />
          </testLog>
        </testStepRun>
      </children>
      <result assertCount="0" duration="152.5122902">
        <outcome status="passed" />
      </result>
      <testLog>
        <streams />
        <attachments />
      </testLog>
    </testStepRun>
    <statistics assertCount="0" duration="152.5127657" runCount="2" passedCount="0" failedCount="2" inconclusiveCount="0" skippedCount="0" testCount="2" stepCount="3">
      <outcomeSummaries>
        <outcomeSummary count="2">
          <outcome status="failed" />
        </outcomeSummary>
      </outcomeSummaries>
    </statistics>
  </testPackageRun>
  <logEntries>
    <logEntry severity="debug" message="Disabled plugin 'Gallio40': The plugin enable condition was not satisfied.  Please note that this is the intended behavior for plugins that must be hosted inside third party applications in order to work.  Enable condition: '${minFramework:NET40}'." />
    <logEntry severity="debug" message="Disabled plugin 'MbUnit40': The plugin depends on another disabled plugin: 'Gallio40'." />
    <logEntry severity="info" message="Host process exited with code: 0" />
    <logEntry severity="warning" message="Could not send Ping message to the remote host service." details="Gallio.Runtime.Hosting.HostException: The remote host service threw an exception or could not be reached. ---&gt; System.Runtime.Remoting.RemotingException: Failed to read from an IPC Port: The pipe has been ended.&#xA;&#xA;&#xA;Server stack trace: &#xA;   at System.Runtime.Remoting.Channels.Ipc.IpcPort.Read(Byte[] data, Int32 offset, Int32 length)&#xA;   at System.Runtime.Remoting.Channels.Ipc.PipeStream.Read(Byte[] buffer, Int32 offset, Int32 size)&#xA;   at System.Runtime.Remoting.Channels.SocketHandler.ReadFromSocket(Byte[] buffer, Int32 offset, Int32 count)&#xA;   at System.Runtime.Remoting.Channels.SocketHandler.Read(Byte[] buffer, Int32 offset, Int32 count)&#xA;   at System.Runtime.Remoting.Channels.SocketHandler.ReadAndMatchFourBytes(Byte[] buffer)&#xA;   at System.Runtime.Remoting.Channels.Tcp.TcpSocketHandler.ReadAndMatchPreamble()&#xA;   at System.Runtime.Remoting.Channels.Tcp.TcpSocketHandler.ReadVersionAndOperation(UInt16&amp; operation)&#xA;   at System.Runtime.Remoting.Channels.Ipc.IpcClientHandler.ReadHeaders()&#xA;   at System.Runtime.Remoting.Channels.Ipc.IpcClientTransportSink.ProcessMessage(IMessage msg, ITransportHeaders requestHeaders, Stream requestStream, ITransportHeaders&amp; responseHeaders, Stream&amp; responseStream)&#xA;   at System.Runtime.Remoting.Channels.BinaryClientFormatterSink.SyncProcessMessage(IMessage msg)&#xA;&#xA;Exception rethrown at [0]: &#xA;   at System.Runtime.Remoting.Proxies.RealProxy.HandleReturnMessage(IMessage reqMsg, IMessage retMsg)&#xA;   at System.Runtime.Remoting.Proxies.RealProxy.PrivateInvoke(MessageData&amp; msgData, Int32 type)&#xA;   at Gallio.Runtime.Hosting.IHostService.Ping()&#xA;   at Gallio.Runtime.Hosting.RemoteHost.ProxyHostService.PingImpl() in c:\Server\Projects\MbUnit v3.2\Work\src\Gallio\Gallio\Runtime\Hosting\RemoteHost.cs:line 193&#xA;   --- End of inner exception stack trace ---&#xA;   at Gallio.Runtime.Hosting.RemoteHost.ProxyHostService.PingImpl() in c:\Server\Projects\MbUnit v3.2\Work\src\Gallio\Gallio\Runtime\Hosting\RemoteHost.cs:line 197&#xA;   at Gallio.Runtime.Hosting.BaseHostService.Ping() in c:\Server\Projects\MbUnit v3.2\Work\src\Gallio\Gallio\Runtime\Hosting\BaseHostService.cs:line 41&#xA;   at Gallio.Runtime.Hosting.RemoteHost.PingTimerElapsed(Object state) in c:\Server\Projects\MbUnit v3.2\Work\src\Gallio\Gallio\Runtime\Hosting\RemoteHost.cs:line 140" />
    <logEntry severity="error" message="A fatal exception occurred while running tests.  Possible causes include invalid test runner parameters and stack overflows." details="Gallio.Model.ModelException: An exception occurred while invoking a test driver. ---&gt; System.Runtime.Remoting.RemotingException: Failed to connect to an IPC Port: The system cannot find the file specified.&#xA; &#xA;&#xA;Server stack trace: &#xA;   at System.Runtime.Remoting.Channels.Ipc.IpcPort.Connect(String portName, Boolean secure, TokenImpersonationLevel impersonationLevel, Int32 timeout)&#xA;   at System.Runtime.Remoting.Channels.Ipc.ConnectionCache.GetConnection(String portName, Boolean secure, TokenImpersonationLevel level, Int32 timeout)&#xA;   at System.Runtime.Remoting.Channels.Ipc.IpcClientTransportSink.ProcessMessage(IMessage msg, ITransportHeaders requestHeaders, Stream requestStream, ITransportHeaders&amp; responseHeaders, Stream&amp; responseStream)&#xA;   at System.Runtime.Remoting.Channels.BinaryClientFormatterSink.SyncProcessMessage(IMessage msg)&#xA;&#xA;Exception rethrown at [0]: &#xA;   at System.Runtime.Remoting.Proxies.RealProxy.HandleReturnMessage(IMessage reqMsg, IMessage retMsg)&#xA;   at System.Runtime.Remoting.Proxies.RealProxy.PrivateInvoke(MessageData&amp; msgData, Int32 type)&#xA;   at Gallio.Model.Isolation.HostedTestIsolationContext.Shim.Shutdown()&#xA;   at Gallio.Model.Isolation.HostedTestIsolationContext.RunIsolatedTaskInHost[TIsolatedTask](HostSetup hostSetup, StatusReporter statusReporter, Object[] args) in c:\Server\Projects\MbUnit v3.2\Work\src\Gallio\Gallio\Model\Isolation\HostedTestIsolationContext.cs:line 149&#xA;   at Gallio.Model.Isolation.HostedTestIsolationContext.RunIsolatedTaskImpl[TIsolatedTask](HostSetup hostSetup, StatusReporter statusReporter, Object[] args) in c:\Server\Projects\MbUnit v3.2\Work\src\Gallio\Gallio\Model\Isolation\HostedTestIsolationContext.cs:line 93&#xA;   at Gallio.Model.Isolation.BaseTestIsolationContext.RunIsolatedTask[TIsolatedTask](HostSetup hostSetup, StatusReporter statusReporter, Object[] args) in c:\Server\Projects\MbUnit v3.2\Work\src\Gallio\Gallio\Model\Isolation\BaseTestIsolationContext.cs:line 59&#xA;   at Gallio.Model.DotNetTestDriver.ExploreOrRunAssembly(ITestIsolationContext testIsolationContext, TestPackage testPackage, TestExplorationOptions testExplorationOptions, TestExecutionOptions testExecutionOptions, RemoteMessageSink remoteMessageSink, IProgressMonitor progressMonitor, String taskName, FileInfo file) in c:\Server\Projects\MbUnit v3.2\Work\src\Gallio\Gallio\Model\DotNetTestDriver.cs:line 196&#xA;   at Gallio.Model.DotNetTestDriver.ExploreOrRun(ITestIsolationContext testIsolationContext, TestPackage testPackage, TestExplorationOptions testExplorationOptions, TestExecutionOptions testExecutionOptions, IMessageSink messageSink, IProgressMonitor progressMonitor, String taskName) in c:\Server\Projects\MbUnit v3.2\Work\src\Gallio\Gallio\Model\DotNetTestDriver.cs:line 163&#xA;   at Gallio.Model.DotNetTestDriver.RunImpl(ITestIsolationContext testIsolationContext, TestPackage testPackage, TestExplorationOptions testExplorationOptions, TestExecutionOptions testExecutionOptions, IMessageSink messageSink, IProgressMonitor progressMonitor) in c:\Server\Projects\MbUnit v3.2\Work\src\Gallio\Gallio\Model\DotNetTestDriver.cs:line 148&#xA;   at Gallio.Model.BaseTestDriver.Run(ITestIsolationContext testIsolationContext, TestPackage testPackage, TestExplorationOptions testExplorationOptions, TestExecutionOptions testExecutionOptions, IMessageSink messageSink, IProgressMonitor progressMonitor) in c:\Server\Projects\MbUnit v3.2\Work\src\Gallio\Gallio\Model\BaseTestDriver.cs:line 94&#xA;   at Gallio.Model.DefaultTestFrameworkManager.FilteredTestDriver.&lt;&gt;c__DisplayClass1f.&lt;RunImpl&gt;b__1d(ITestDriver driver, IList`1 items, Int32 driverCount) in c:\Server\Projects\MbUnit v3.2\Work\src\Gallio\Gallio\Model\DefaultTestFrameworkManager.cs:line 463&#xA;   at Gallio.Model.DefaultTestFrameworkManager.FilteredTestDriver.ForEachDriver[T](MultiMap`2 testFrameworkPartitions, Func`4 func) in c:\Server\Projects\MbUnit v3.2\Work\src\Gallio\Gallio\Model\DefaultTestFrameworkManager.cs:line 525&#xA;   --- End of inner exception stack trace ---&#xA;   at Gallio.Model.DefaultTestFrameworkManager.FilteredTestDriver.ForEachDriver[T](MultiMap`2 testFrameworkPartitions, Func`4 func) in c:\Server\Projects\MbUnit v3.2\Work\src\Gallio\Gallio\Model\DefaultTestFrameworkManager.cs:line 531&#xA;   at Gallio.Model.DefaultTestFrameworkManager.FilteredTestDriver.RunImpl(ITestIsolationContext testIsolationContext, TestPackage testPackage, TestExplorationOptions testExplorationOptions, TestExecutionOptions testExecutionOptions, IMessageSink messageSink, IProgressMonitor progressMonitor) in c:\Server\Projects\MbUnit v3.2\Work\src\Gallio\Gallio\Model\DefaultTestFrameworkManager.cs:line 458&#xA;   at Gallio.Model.BaseTestDriver.Run(ITestIsolationContext testIsolationContext, TestPackage testPackage, TestExplorationOptions testExplorationOptions, TestExecutionOptions testExecutionOptions, IMessageSink messageSink, IProgressMonitor progressMonitor) in c:\Server\Projects\MbUnit v3.2\Work\src\Gallio\Gallio\Model\BaseTestDriver.cs:line 94&#xA;   at Gallio.Runner.DefaultTestRunner.Run(TestPackage testPackage, TestExplorationOptions testExplorationOptions, TestExecutionOptions testExecutionOptions, IProgressMonitor progressMonitor) in c:\Server\Projects\MbUnit v3.2\Work\src\Gallio\Gallio\Runner\DefaultTestRunner.cs:line 314" />
  </logEntries>
</report>