<?xml version="1.0" encoding="utf-8"?>
<report xmlns:xsi="http://www.w3.org/2001/XMLSchema-instance" xmlns:xsd="http://www.w3.org/2001/XMLSchema" xmlns="http://www.gallio.org/">
  <testPackage shadowCopy="false" debug="false">
    <files>
      <file>C:\data\SubsonicRoot\ss2\SubSonic.Tests\bin\Debug\SubSonic.Tests.dll</file>
    </files>
    <hintDirectories />
    <excludedFrameworkIds />
    <properties />
  </testPackage>
  <testModel>
    <test id="c2722843734a7a54" name="Root" fullName="" isTestCase="false">
      <codeReference />
      <codeLocation />
      <metadata>
        <entry key="TestKind">
          <value>Root</value>
        </entry>
      </metadata>
      <children>
        <test id="af69a8159bbce33b" name="SubSonic.Tests" fullName="SubSonic.Tests" isTestCase="false">
          <codeReference assembly="SubSonic.Tests, Version=2.2.1.0, Culture=neutral, PublicKeyToken=null" />
          <codeLocation path="C:\data\SubsonicRoot\ss2\SubSonic.Tests\bin\Debug\SubSonic.Tests.DLL" />
          <metadata>
            <entry key="TestKind">
              <value>MbUnit v3 Assembly</value>
            </entry>
            <entry key="File">
              <value>C:\data\SubsonicRoot\ss2\SubSonic.Tests\bin\Debug\SubSonic.Tests.DLL</value>
            </entry>
            <entry key="CodeBase">
              <value>C:\data\SubsonicRoot\ss2\SubSonic.Tests\bin\Debug\SubSonic.Tests.DLL</value>
            </entry>
            <entry key="Copyright">
              <value>Copyright Â©2006-2009 The SubSonic Project</value>
            </entry>
            <entry key="FileVersion">
              <value>2.2.1.0</value>
            </entry>
            <entry key="Product">
              <value>SubSonic.Tests</value>
            </entry>
            <entry key="Title">
              <value>SubSonic.Tests</value>
            </entry>
            <entry key="Version">
              <value>2.2.1.0</value>
            </entry>
            <entry key="Framework">
              <value>MbUnit v3.2 build 749</value>
            </entry>
          </metadata>
          <children>
            <test id="f46067cf1bd4c990" name="QueryTest" fullName="SubSonic.Tests/QueryTest" isTestCase="false">
              <codeReference assembly="SubSonic.Tests, Version=2.2.1.0, Culture=neutral, PublicKeyToken=null" namespace="SubSonic.Tests" type="SubSonic.Tests.QueryTest" />
              <codeLocation path="C:\data\SubsonicRoot\ss2\SubSonic.Tests\QueryTest.cs" />
              <metadata>
                <entry key="TestKind">
                  <value>Fixture</value>
                </entry>
              </metadata>
              <children>
                <test id="70b492a14e103f32" name="Query_ORDER_BY_Expression" fullName="SubSonic.Tests/QueryTest/Query_ORDER_BY_Expression" isTestCase="true">
                  <codeReference assembly="SubSonic.Tests, Version=2.2.1.0, Culture=neutral, PublicKeyToken=null" namespace="SubSonic.Tests" type="SubSonic.Tests.QueryTest" member="Query_ORDER_BY_Expression" />
                  <codeLocation path="C:\data\SubsonicRoot\ss2\SubSonic.Tests\QueryTest.cs" line="715" />
                  <metadata>
                    <entry key="TestKind">
                      <value>Test</value>
                    </entry>
                  </metadata>
                  <children />
                  <parameters />
                </test>
                <test id="3cfaf24b508ac6bf" name="Query_ORDER_BY_DESC" fullName="SubSonic.Tests/QueryTest/Query_ORDER_BY_DESC" isTestCase="true">
                  <codeReference assembly="SubSonic.Tests, Version=2.2.1.0, Culture=neutral, PublicKeyToken=null" namespace="SubSonic.Tests" type="SubSonic.Tests.QueryTest" member="Query_ORDER_BY_DESC" />
                  <codeLocation path="C:\data\SubsonicRoot\ss2\SubSonic.Tests\QueryTest.cs" line="700" />
                  <metadata>
                    <entry key="TestKind">
                      <value>Test</value>
                    </entry>
                  </metadata>
                  <children />
                  <parameters />
                </test>
                <test id="38b6b7eb43f66658" name="Query_ORDER_BY_ExpressionDESC" fullName="SubSonic.Tests/QueryTest/Query_ORDER_BY_ExpressionDESC" isTestCase="true">
                  <codeReference assembly="SubSonic.Tests, Version=2.2.1.0, Culture=neutral, PublicKeyToken=null" namespace="SubSonic.Tests" type="SubSonic.Tests.QueryTest" member="Query_ORDER_BY_ExpressionDESC" />
                  <codeLocation path="C:\data\SubsonicRoot\ss2\SubSonic.Tests\QueryTest.cs" line="728" />
                  <metadata>
                    <entry key="TestKind">
                      <value>Test</value>
                    </entry>
                  </metadata>
                  <children />
                  <parameters />
                </test>
                <test id="1c7e35ab2fdd19c0" name="QueryExecuteJoinedDataSet_ORDER_BY_DESC" fullName="SubSonic.Tests/QueryTest/QueryExecuteJoinedDataSet_ORDER_BY_DESC" isTestCase="true">
                  <codeReference assembly="SubSonic.Tests, Version=2.2.1.0, Culture=neutral, PublicKeyToken=null" namespace="SubSonic.Tests" type="SubSonic.Tests.QueryTest" member="QueryExecuteJoinedDataSet_ORDER_BY_DESC" />
                  <codeLocation path="C:\data\SubsonicRoot\ss2\SubSonic.Tests\QueryTest.cs" line="756" />
                  <metadata>
                    <entry key="TestKind">
                      <value>Test</value>
                    </entry>
                  </metadata>
                  <children />
                  <parameters />
                </test>
                <test id="3a7d99bc8d4f20fb" name="QueryExecuteJoinedDataSet_ORDER_BY" fullName="SubSonic.Tests/QueryTest/QueryExecuteJoinedDataSet_ORDER_BY" isTestCase="true">
                  <codeReference assembly="SubSonic.Tests, Version=2.2.1.0, Culture=neutral, PublicKeyToken=null" namespace="SubSonic.Tests" type="SubSonic.Tests.QueryTest" member="QueryExecuteJoinedDataSet_ORDER_BY" />
                  <codeLocation path="C:\data\SubsonicRoot\ss2\SubSonic.Tests\QueryTest.cs" line="741" />
                  <metadata>
                    <entry key="TestKind">
                      <value>Test</value>
                    </entry>
                  </metadata>
                  <children />
                  <parameters />
                </test>
                <test id="79fb4ff1bee03d7d" name="Query_ORDER_BY" fullName="SubSonic.Tests/QueryTest/Query_ORDER_BY" isTestCase="true">
                  <codeReference assembly="SubSonic.Tests, Version=2.2.1.0, Culture=neutral, PublicKeyToken=null" namespace="SubSonic.Tests" type="SubSonic.Tests.QueryTest" member="Query_ORDER_BY" />
                  <codeLocation path="C:\data\SubsonicRoot\ss2\SubSonic.Tests\QueryTest.cs" line="685" />
                  <metadata>
                    <entry key="TestKind">
                      <value>Test</value>
                    </entry>
                  </metadata>
                  <children />
                  <parameters />
                </test>
                <test id="c51cd3763d8fcd4e" name="QueryExecuteJoinedDataSet_NOT_IN_ArrayList" fullName="SubSonic.Tests/QueryTest/QueryExecuteJoinedDataSet_NOT_IN_ArrayList" isTestCase="true">
                  <codeReference assembly="SubSonic.Tests, Version=2.2.1.0, Culture=neutral, PublicKeyToken=null" namespace="SubSonic.Tests" type="SubSonic.Tests.QueryTest" member="QueryExecuteJoinedDataSet_NOT_IN_ArrayList" />
                  <codeLocation path="C:\data\SubsonicRoot\ss2\SubSonic.Tests\QueryTest.cs" line="620" />
                  <metadata>
                    <entry key="TestKind">
                      <value>Test</value>
                    </entry>
                  </metadata>
                  <children />
                  <parameters />
                </test>
                <test id="80c7207db2b7b112" name="QueryExecuteJoinedDataSet_NOT_IN_ListCollection" fullName="SubSonic.Tests/QueryTest/QueryExecuteJoinedDataSet_NOT_IN_ListCollection" isTestCase="true">
                  <codeReference assembly="SubSonic.Tests, Version=2.2.1.0, Culture=neutral, PublicKeyToken=null" namespace="SubSonic.Tests" type="SubSonic.Tests.QueryTest" member="QueryExecuteJoinedDataSet_NOT_IN_ListCollection" />
                  <codeLocation path="C:\data\SubsonicRoot\ss2\SubSonic.Tests\QueryTest.cs" line="601" />
                  <metadata>
                    <entry key="TestKind">
                      <value>Test</value>
                    </entry>
                  </metadata>
                  <children />
                  <parameters />
                </test>
                <test id="a02573cbf60fe8c0" name="Query_JoinedDataSet_OrderByCollection" fullName="SubSonic.Tests/QueryTest/Query_JoinedDataSet_OrderByCollection" isTestCase="true">
                  <codeReference assembly="SubSonic.Tests, Version=2.2.1.0, Culture=neutral, PublicKeyToken=null" namespace="SubSonic.Tests" type="SubSonic.Tests.QueryTest" member="Query_JoinedDataSet_OrderByCollection" />
                  <codeLocation path="C:\data\SubsonicRoot\ss2\SubSonic.Tests\QueryTest.cs" line="635" />
                  <metadata>
                    <entry key="TestKind">
                      <value>Test</value>
                    </entry>
                  </metadata>
                  <children />
                  <parameters />
                </test>
                <test id="ac4c55aa97b4f782" name="Query_OrderBy" fullName="SubSonic.Tests/QueryTest/Query_OrderBy" isTestCase="true">
                  <codeReference assembly="SubSonic.Tests, Version=2.2.1.0, Culture=neutral, PublicKeyToken=null" namespace="SubSonic.Tests" type="SubSonic.Tests.QueryTest" member="Query_OrderBy" />
                  <codeLocation path="C:\data\SubsonicRoot\ss2\SubSonic.Tests\QueryTest.cs" line="669" />
                  <metadata>
                    <entry key="TestKind">
                      <value>Test</value>
                    </entry>
                  </metadata>
                  <children />
                  <parameters />
                </test>
                <test id="7fad8bfcd35f9aeb" name="Query_OrderByCollection" fullName="SubSonic.Tests/QueryTest/Query_OrderByCollection" isTestCase="true">
                  <codeReference assembly="SubSonic.Tests, Version=2.2.1.0, Culture=neutral, PublicKeyToken=null" namespace="SubSonic.Tests" type="SubSonic.Tests.QueryTest" member="Query_OrderByCollection" />
                  <codeLocation path="C:\data\SubsonicRoot\ss2\SubSonic.Tests\QueryTest.cs" line="652" />
                  <metadata>
                    <entry key="TestKind">
                      <value>Test</value>
                    </entry>
                  </metadata>
                  <children />
                  <parameters />
                </test>
                <test id="4af81c72f981aa27" name="QueryExecuteJoinedDataSet_ORDER_BY_DESC_Collection" fullName="SubSonic.Tests/QueryTest/QueryExecuteJoinedDataSet_ORDER_BY_DESC_Collection" isTestCase="true">
                  <codeReference assembly="SubSonic.Tests, Version=2.2.1.0, Culture=neutral, PublicKeyToken=null" namespace="SubSonic.Tests" type="SubSonic.Tests.QueryTest" member="QueryExecuteJoinedDataSet_ORDER_BY_DESC_Collection" />
                  <codeLocation path="C:\data\SubsonicRoot\ss2\SubSonic.Tests\QueryTest.cs" line="880" />
                  <metadata>
                    <entry key="TestKind">
                      <value>Test</value>
                    </entry>
                  </metadata>
                  <children />
                  <parameters />
                </test>
                <test id="f5a8a3b68cfd45ee" name="QueryExecuteJoinedDataSet_ORDER_BY_Collection" fullName="SubSonic.Tests/QueryTest/QueryExecuteJoinedDataSet_ORDER_BY_Collection" isTestCase="true">
                  <codeReference assembly="SubSonic.Tests, Version=2.2.1.0, Culture=neutral, PublicKeyToken=null" namespace="SubSonic.Tests" type="SubSonic.Tests.QueryTest" member="QueryExecuteJoinedDataSet_ORDER_BY_Collection" />
                  <codeLocation path="C:\data\SubsonicRoot\ss2\SubSonic.Tests\QueryTest.cs" line="863" />
                  <metadata>
                    <entry key="TestKind">
                      <value>Test</value>
                    </entry>
                  </metadata>
                  <children />
                  <parameters />
                </test>
                <test id="5526f38da62244ce" name="QueryExecuteJoinedDataSet_ORDER_BY_Expression_Collection" fullName="SubSonic.Tests/QueryTest/QueryExecuteJoinedDataSet_ORDER_BY_Expression_Collection" isTestCase="true">
                  <codeReference assembly="SubSonic.Tests, Version=2.2.1.0, Culture=neutral, PublicKeyToken=null" namespace="SubSonic.Tests" type="SubSonic.Tests.QueryTest" member="QueryExecuteJoinedDataSet_ORDER_BY_Expression_Collection" />
                  <codeLocation path="C:\data\SubsonicRoot\ss2\SubSonic.Tests\QueryTest.cs" line="897" />
                  <metadata>
                    <entry key="TestKind">
                      <value>Test</value>
                    </entry>
                  </metadata>
                  <children />
                  <parameters />
                </test>
                <test id="a2c88f14d4053e39" name="Query_Select" fullName="SubSonic.Tests/QueryTest/Query_Select" isTestCase="true">
                  <codeReference assembly="SubSonic.Tests, Version=2.2.1.0, Culture=neutral, PublicKeyToken=null" namespace="SubSonic.Tests" type="SubSonic.Tests.QueryTest" member="Query_Select" />
                  <codeLocation path="C:\data\SubsonicRoot\ss2\SubSonic.Tests\QueryTest.cs" line="36" />
                  <metadata>
                    <entry key="TestKind">
                      <value>Test</value>
                    </entry>
                  </metadata>
                  <children />
                  <parameters />
                </test>
                <test id="aac99ba1d79bba39" name="QueryExecuteJoinedDataSet_ORDER_BY_ExpressionDESC_Collection" fullName="SubSonic.Tests/QueryTest/QueryExecuteJoinedDataSet_ORDER_BY_ExpressionDESC_Collection" isTestCase="true">
                  <codeReference assembly="SubSonic.Tests, Version=2.2.1.0, Culture=neutral, PublicKeyToken=null" namespace="SubSonic.Tests" type="SubSonic.Tests.QueryTest" member="QueryExecuteJoinedDataSet_ORDER_BY_ExpressionDESC_Collection" />
                  <codeLocation path="C:\data\SubsonicRoot\ss2\SubSonic.Tests\QueryTest.cs" line="913" />
                  <metadata>
                    <entry key="TestKind">
                      <value>Test</value>
                    </entry>
                  </metadata>
                  <children />
                  <parameters />
                </test>
                <test id="cdf314a8da06c440" name="Query_ORDER_BY_ExpressionDESC_Collection" fullName="SubSonic.Tests/QueryTest/Query_ORDER_BY_ExpressionDESC_Collection" isTestCase="true">
                  <codeReference assembly="SubSonic.Tests, Version=2.2.1.0, Culture=neutral, PublicKeyToken=null" namespace="SubSonic.Tests" type="SubSonic.Tests.QueryTest" member="Query_ORDER_BY_ExpressionDESC_Collection" />
                  <codeLocation path="C:\data\SubsonicRoot\ss2\SubSonic.Tests\QueryTest.cs" line="847" />
                  <metadata>
                    <entry key="TestKind">
                      <value>Test</value>
                    </entry>
                  </metadata>
                  <children />
                  <parameters />
                </test>
                <test id="a824e63bdf5fe916" name="QueryExecuteJoinedDataSet_ORDER_BY_ExpressionDESC" fullName="SubSonic.Tests/QueryTest/QueryExecuteJoinedDataSet_ORDER_BY_ExpressionDESC" isTestCase="true">
                  <codeReference assembly="SubSonic.Tests, Version=2.2.1.0, Culture=neutral, PublicKeyToken=null" namespace="SubSonic.Tests" type="SubSonic.Tests.QueryTest" member="QueryExecuteJoinedDataSet_ORDER_BY_ExpressionDESC" />
                  <codeLocation path="C:\data\SubsonicRoot\ss2\SubSonic.Tests\QueryTest.cs" line="784" />
                  <metadata>
                    <entry key="TestKind">
                      <value>Test</value>
                    </entry>
                  </metadata>
                  <children />
                  <parameters />
                </test>
                <test id="7b83051614492264" name="QueryExecuteJoinedDataSet_ORDER_BY_Expression" fullName="SubSonic.Tests/QueryTest/QueryExecuteJoinedDataSet_ORDER_BY_Expression" isTestCase="true">
                  <codeReference assembly="SubSonic.Tests, Version=2.2.1.0, Culture=neutral, PublicKeyToken=null" namespace="SubSonic.Tests" type="SubSonic.Tests.QueryTest" member="QueryExecuteJoinedDataSet_ORDER_BY_Expression" />
                  <codeLocation path="C:\data\SubsonicRoot\ss2\SubSonic.Tests\QueryTest.cs" line="771" />
                  <metadata>
                    <entry key="TestKind">
                      <value>Test</value>
                    </entry>
                  </metadata>
                  <children />
                  <parameters />
                </test>
                <test id="63e295e82b0e0c70" name="Query_ORDER_BY_Collection" fullName="SubSonic.Tests/QueryTest/Query_ORDER_BY_Collection" isTestCase="true">
                  <codeReference assembly="SubSonic.Tests, Version=2.2.1.0, Culture=neutral, PublicKeyToken=null" namespace="SubSonic.Tests" type="SubSonic.Tests.QueryTest" member="Query_ORDER_BY_Collection" />
                  <codeLocation path="C:\data\SubsonicRoot\ss2\SubSonic.Tests\QueryTest.cs" line="797" />
                  <metadata>
                    <entry key="TestKind">
                      <value>Test</value>
                    </entry>
                  </metadata>
                  <children />
                  <parameters />
                </test>
                <test id="781e3bc274e255ba" name="Query_ORDER_BY_Expression_Collection" fullName="SubSonic.Tests/QueryTest/Query_ORDER_BY_Expression_Collection" isTestCase="true">
                  <codeReference assembly="SubSonic.Tests, Version=2.2.1.0, Culture=neutral, PublicKeyToken=null" namespace="SubSonic.Tests" type="SubSonic.Tests.QueryTest" member="Query_ORDER_BY_Expression_Collection" />
                  <codeLocation path="C:\data\SubsonicRoot\ss2\SubSonic.Tests\QueryTest.cs" line="831" />
                  <metadata>
                    <entry key="TestKind">
                      <value>Test</value>
                    </entry>
                  </metadata>
                  <children />
                  <parameters />
                </test>
                <test id="12c0523243a4b0ba" name="Query_ORDER_BY_DESC_Collection" fullName="SubSonic.Tests/QueryTest/Query_ORDER_BY_DESC_Collection" isTestCase="true">
                  <codeReference assembly="SubSonic.Tests, Version=2.2.1.0, Culture=neutral, PublicKeyToken=null" namespace="SubSonic.Tests" type="SubSonic.Tests.QueryTest" member="Query_ORDER_BY_DESC_Collection" />
                  <codeLocation path="C:\data\SubsonicRoot\ss2\SubSonic.Tests\QueryTest.cs" line="814" />
                  <metadata>
                    <entry key="TestKind">
                      <value>Test</value>
                    </entry>
                  </metadata>
                  <children />
                  <parameters />
                </test>
                <test id="4cc3e80c5ac0e249" name="Query_NOT_IN_ArrayList" fullName="SubSonic.Tests/QueryTest/Query_NOT_IN_ArrayList" isTestCase="true">
                  <codeReference assembly="SubSonic.Tests, Version=2.2.1.0, Culture=neutral, PublicKeyToken=null" namespace="SubSonic.Tests" type="SubSonic.Tests.QueryTest" member="Query_NOT_IN_ArrayList" />
                  <codeLocation path="C:\data\SubsonicRoot\ss2\SubSonic.Tests\QueryTest.cs" line="257" />
                  <metadata>
                    <entry key="TestKind">
                      <value>Test</value>
                    </entry>
                  </metadata>
                  <children />
                  <parameters />
                </test>
                <test id="1bc6d6cab297a103" name="Query_NOT_IN_ListCollection" fullName="SubSonic.Tests/QueryTest/Query_NOT_IN_ListCollection" isTestCase="true">
                  <codeReference assembly="SubSonic.Tests, Version=2.2.1.0, Culture=neutral, PublicKeyToken=null" namespace="SubSonic.Tests" type="SubSonic.Tests.QueryTest" member="Query_NOT_IN_ListCollection" />
                  <codeLocation path="C:\data\SubsonicRoot\ss2\SubSonic.Tests\QueryTest.cs" line="233" />
                  <metadata>
                    <entry key="TestKind">
                      <value>Test</value>
                    </entry>
                  </metadata>
                  <children />
                  <parameters />
                </test>
                <test id="bff6e72f5d9925d1" name="Query_NOT_IN_ObjectArray" fullName="SubSonic.Tests/QueryTest/Query_NOT_IN_ObjectArray" isTestCase="true">
                  <codeReference assembly="SubSonic.Tests, Version=2.2.1.0, Culture=neutral, PublicKeyToken=null" namespace="SubSonic.Tests" type="SubSonic.Tests.QueryTest" member="Query_NOT_IN_ObjectArray" />
                  <codeLocation path="C:\data\SubsonicRoot\ss2\SubSonic.Tests\QueryTest.cs" line="216" />
                  <metadata>
                    <entry key="TestKind">
                      <value>Test</value>
                    </entry>
                  </metadata>
                  <children />
                  <parameters />
                </test>
                <test id="8e0f7118782fd21c" name="Query_IsNotNull" fullName="SubSonic.Tests/QueryTest/Query_IsNotNull" isTestCase="true">
                  <codeReference assembly="SubSonic.Tests, Version=2.2.1.0, Culture=neutral, PublicKeyToken=null" namespace="SubSonic.Tests" type="SubSonic.Tests.QueryTest" member="Query_IsNotNull" />
                  <codeLocation path="C:\data\SubsonicRoot\ss2\SubSonic.Tests\QueryTest.cs" line="277" />
                  <metadata>
                    <entry key="TestKind">
                      <value>Test</value>
                    </entry>
                  </metadata>
                  <children />
                  <parameters />
                </test>
                <test id="4c48910813dc4eb1" name="Query_OR_ModerateWithExpressions" fullName="SubSonic.Tests/QueryTest/Query_OR_ModerateWithExpressions" isTestCase="true">
                  <codeReference assembly="SubSonic.Tests, Version=2.2.1.0, Culture=neutral, PublicKeyToken=null" namespace="SubSonic.Tests" type="SubSonic.Tests.QueryTest" member="Query_OR_ModerateWithExpressions" />
                  <codeLocation path="C:\data\SubsonicRoot\ss2\SubSonic.Tests\QueryTest.cs" line="330" />
                  <metadata>
                    <entry key="TestKind">
                      <value>Test</value>
                    </entry>
                  </metadata>
                  <children />
                  <parameters />
                </test>
                <test id="8ba9d1f171f2c098" name="Query_OR_Moderate" fullName="SubSonic.Tests/QueryTest/Query_OR_Moderate" isTestCase="true">
                  <codeReference assembly="SubSonic.Tests, Version=2.2.1.0, Culture=neutral, PublicKeyToken=null" namespace="SubSonic.Tests" type="SubSonic.Tests.QueryTest" member="Query_OR_Moderate" />
                  <codeLocation path="C:\data\SubsonicRoot\ss2\SubSonic.Tests\QueryTest.cs" line="311" />
                  <metadata>
                    <entry key="TestKind">
                      <value>Test</value>
                    </entry>
                  </metadata>
                  <children />
                  <parameters />
                </test>
                <test id="2ccc937c0a4864ae" name="Query_OR_Simple" fullName="SubSonic.Tests/QueryTest/Query_OR_Simple" isTestCase="true">
                  <codeReference assembly="SubSonic.Tests, Version=2.2.1.0, Culture=neutral, PublicKeyToken=null" namespace="SubSonic.Tests" type="SubSonic.Tests.QueryTest" member="Query_OR_Simple" />
                  <codeLocation path="C:\data\SubsonicRoot\ss2\SubSonic.Tests\QueryTest.cs" line="294" />
                  <metadata>
                    <entry key="TestKind">
                      <value>Test</value>
                    </entry>
                  </metadata>
                  <children />
                  <parameters />
                </test>
                <test id="8bf81810a4cc69e2" name="Query_IN_ArrayList" fullName="SubSonic.Tests/QueryTest/Query_IN_ArrayList" isTestCase="true">
                  <codeReference assembly="SubSonic.Tests, Version=2.2.1.0, Culture=neutral, PublicKeyToken=null" namespace="SubSonic.Tests" type="SubSonic.Tests.QueryTest" member="Query_IN_ArrayList" />
                  <codeLocation path="C:\data\SubsonicRoot\ss2\SubSonic.Tests\QueryTest.cs" line="196" />
                  <metadata>
                    <entry key="TestKind">
                      <value>Test</value>
                    </entry>
                  </metadata>
                  <children />
                  <parameters />
                </test>
                <test id="d808a23c9537051e" name="Query_BetweenAnd" fullName="SubSonic.Tests/QueryTest/Query_BetweenAnd" isTestCase="true">
                  <codeReference assembly="SubSonic.Tests, Version=2.2.1.0, Culture=neutral, PublicKeyToken=null" namespace="SubSonic.Tests" type="SubSonic.Tests.QueryTest" member="Query_BetweenAnd" />
                  <codeLocation path="C:\data\SubsonicRoot\ss2\SubSonic.Tests\QueryTest.cs" line="102" />
                  <metadata>
                    <entry key="TestKind">
                      <value>Test</value>
                    </entry>
                  </metadata>
                  <children />
                  <parameters />
                </test>
                <test id="272720888d8539d2" name="Query_Updates" fullName="SubSonic.Tests/QueryTest/Query_Updates" isTestCase="true">
                  <codeReference assembly="SubSonic.Tests, Version=2.2.1.0, Culture=neutral, PublicKeyToken=null" namespace="SubSonic.Tests" type="SubSonic.Tests.QueryTest" member="Query_Updates" />
                  <codeLocation path="C:\data\SubsonicRoot\ss2\SubSonic.Tests\QueryTest.cs" line="76" />
                  <metadata>
                    <entry key="TestKind">
                      <value>Test</value>
                    </entry>
                  </metadata>
                  <children />
                  <parameters />
                </test>
                <test id="c0b441dbc2631f42" name="Query_SelectTop" fullName="SubSonic.Tests/QueryTest/Query_SelectTop" isTestCase="true">
                  <codeReference assembly="SubSonic.Tests, Version=2.2.1.0, Culture=neutral, PublicKeyToken=null" namespace="SubSonic.Tests" type="SubSonic.Tests.QueryTest" member="Query_SelectTop" />
                  <codeLocation path="C:\data\SubsonicRoot\ss2\SubSonic.Tests\QueryTest.cs" line="49" />
                  <metadata>
                    <entry key="TestKind">
                      <value>Test</value>
                    </entry>
                  </metadata>
                  <children />
                  <parameters />
                </test>
                <test id="3ba9feda1f204305" name="Query_View" fullName="SubSonic.Tests/QueryTest/Query_View" isTestCase="true">
                  <codeReference assembly="SubSonic.Tests, Version=2.2.1.0, Culture=neutral, PublicKeyToken=null" namespace="SubSonic.Tests" type="SubSonic.Tests.QueryTest" member="Query_View" />
                  <codeLocation path="C:\data\SubsonicRoot\ss2\SubSonic.Tests\QueryTest.cs" line="121" />
                  <metadata>
                    <entry key="TestKind">
                      <value>Test</value>
                    </entry>
                  </metadata>
                  <children />
                  <parameters />
                </test>
                <test id="4ae6ad8f7041efb9" name="Query_IN_ListCollection" fullName="SubSonic.Tests/QueryTest/Query_IN_ListCollection" isTestCase="true">
                  <codeReference assembly="SubSonic.Tests, Version=2.2.1.0, Culture=neutral, PublicKeyToken=null" namespace="SubSonic.Tests" type="SubSonic.Tests.QueryTest" member="Query_IN_ListCollection" />
                  <codeLocation path="C:\data\SubsonicRoot\ss2\SubSonic.Tests\QueryTest.cs" line="172" />
                  <metadata>
                    <entry key="TestKind">
                      <value>Test</value>
                    </entry>
                  </metadata>
                  <children />
                  <parameters />
                </test>
                <test id="ca0b18762724c6a7" name="Query_IN_ObjectArray" fullName="SubSonic.Tests/QueryTest/Query_IN_ObjectArray" isTestCase="true">
                  <codeReference assembly="SubSonic.Tests, Version=2.2.1.0, Culture=neutral, PublicKeyToken=null" namespace="SubSonic.Tests" type="SubSonic.Tests.QueryTest" member="Query_IN_ObjectArray" />
                  <codeLocation path="C:\data\SubsonicRoot\ss2\SubSonic.Tests\QueryTest.cs" line="155" />
                  <metadata>
                    <entry key="TestKind">
                      <value>Test</value>
                    </entry>
                  </metadata>
                  <children />
                  <parameters />
                </test>
                <test id="859a4ecfc31fd653" name="Query_BetweenNumbers" fullName="SubSonic.Tests/QueryTest/Query_BetweenNumbers" isTestCase="true">
                  <codeReference assembly="SubSonic.Tests, Version=2.2.1.0, Culture=neutral, PublicKeyToken=null" namespace="SubSonic.Tests" type="SubSonic.Tests.QueryTest" member="Query_BetweenNumbers" />
                  <codeLocation path="C:\data\SubsonicRoot\ss2\SubSonic.Tests\QueryTest.cs" line="138" />
                  <metadata>
                    <entry key="TestKind">
                      <value>Test</value>
                    </entry>
                  </metadata>
                  <children />
                  <parameters />
                </test>
                <test id="bba33423ce91eb6b" name="Query_OR_Between" fullName="SubSonic.Tests/QueryTest/Query_OR_Between" isTestCase="true">
                  <codeReference assembly="SubSonic.Tests, Version=2.2.1.0, Culture=neutral, PublicKeyToken=null" namespace="SubSonic.Tests" type="SubSonic.Tests.QueryTest" member="Query_OR_Between" />
                  <codeLocation path="C:\data\SubsonicRoot\ss2\SubSonic.Tests\QueryTest.cs" line="348" />
                  <metadata>
                    <entry key="TestKind">
                      <value>Test</value>
                    </entry>
                  </metadata>
                  <children />
                  <parameters />
                </test>
                <test id="ea1e9dc1c4c51a8b" name="QueryExecuteJoinedDataSet_BETWEEN_AND_WithExtraWhereCondition" fullName="SubSonic.Tests/QueryTest/QueryExecuteJoinedDataSet_BETWEEN_AND_WithExtraWhereCondition" isTestCase="true">
                  <codeReference assembly="SubSonic.Tests, Version=2.2.1.0, Culture=neutral, PublicKeyToken=null" namespace="SubSonic.Tests" type="SubSonic.Tests.QueryTest" member="QueryExecuteJoinedDataSet_BETWEEN_AND_WithExtraWhereCondition" />
                  <codeLocation path="C:\data\SubsonicRoot\ss2\SubSonic.Tests\QueryTest.cs" line="529" />
                  <metadata>
                    <entry key="TestKind">
                      <value>Test</value>
                    </entry>
                  </metadata>
                  <children />
                  <parameters />
                </test>
                <test id="8d587e2a307ad8c7" name="QueryExecuteJoinedDataSet_BETWEEN_AND" fullName="SubSonic.Tests/QueryTest/QueryExecuteJoinedDataSet_BETWEEN_AND" isTestCase="true">
                  <codeReference assembly="SubSonic.Tests, Version=2.2.1.0, Culture=neutral, PublicKeyToken=null" namespace="SubSonic.Tests" type="SubSonic.Tests.QueryTest" member="QueryExecuteJoinedDataSet_BETWEEN_AND" />
                  <codeLocation path="C:\data\SubsonicRoot\ss2\SubSonic.Tests\QueryTest.cs" line="515" />
                  <metadata>
                    <entry key="TestKind">
                      <value>Test</value>
                    </entry>
                  </metadata>
                  <children />
                  <parameters />
                </test>
                <test id="eb0bb31b0dfbb705" name="QueryExecuteJoinedDataSet_AddBetweenAnd_WithExtraWhereCondition" fullName="SubSonic.Tests/QueryTest/QueryExecuteJoinedDataSet_AddBetweenAnd_WithExtraWhereCondition" isTestCase="true">
                  <codeReference assembly="SubSonic.Tests, Version=2.2.1.0, Culture=neutral, PublicKeyToken=null" namespace="SubSonic.Tests" type="SubSonic.Tests.QueryTest" member="QueryExecuteJoinedDataSet_AddBetweenAnd_WithExtraWhereCondition" />
                  <codeLocation path="C:\data\SubsonicRoot\ss2\SubSonic.Tests\QueryTest.cs" line="501" />
                  <metadata>
                    <entry key="TestKind">
                      <value>Test</value>
                    </entry>
                  </metadata>
                  <children />
                  <parameters />
                </test>
                <test id="870697a7f37cef92" name="QueryExecuteJoinedDataSet_IN_ObjectArray" fullName="SubSonic.Tests/QueryTest/QueryExecuteJoinedDataSet_IN_ObjectArray" isTestCase="true">
                  <codeReference assembly="SubSonic.Tests, Version=2.2.1.0, Culture=neutral, PublicKeyToken=null" namespace="SubSonic.Tests" type="SubSonic.Tests.QueryTest" member="QueryExecuteJoinedDataSet_IN_ObjectArray" />
                  <codeLocation path="C:\data\SubsonicRoot\ss2\SubSonic.Tests\QueryTest.cs" line="545" />
                  <metadata>
                    <entry key="TestKind">
                      <value>Test</value>
                    </entry>
                  </metadata>
                  <children />
                  <parameters />
                </test>
                <test id="c4a9d33534bc9118" name="QueryExecuteJoinedDataSet_NOT_IN_ObjectArray" fullName="SubSonic.Tests/QueryTest/QueryExecuteJoinedDataSet_NOT_IN_ObjectArray" isTestCase="true">
                  <codeReference assembly="SubSonic.Tests, Version=2.2.1.0, Culture=neutral, PublicKeyToken=null" namespace="SubSonic.Tests" type="SubSonic.Tests.QueryTest" member="QueryExecuteJoinedDataSet_NOT_IN_ObjectArray" />
                  <codeLocation path="C:\data\SubsonicRoot\ss2\SubSonic.Tests\QueryTest.cs" line="590" />
                  <metadata>
                    <entry key="TestKind">
                      <value>Test</value>
                    </entry>
                  </metadata>
                  <children />
                  <parameters />
                </test>
                <test id="c0b5e4308c07981a" name="QueryExecuteJoinedDataSet_IN_ArrayList" fullName="SubSonic.Tests/QueryTest/QueryExecuteJoinedDataSet_IN_ArrayList" isTestCase="true">
                  <codeReference assembly="SubSonic.Tests, Version=2.2.1.0, Culture=neutral, PublicKeyToken=null" namespace="SubSonic.Tests" type="SubSonic.Tests.QueryTest" member="QueryExecuteJoinedDataSet_IN_ArrayList" />
                  <codeLocation path="C:\data\SubsonicRoot\ss2\SubSonic.Tests\QueryTest.cs" line="575" />
                  <metadata>
                    <entry key="TestKind">
                      <value>Test</value>
                    </entry>
                  </metadata>
                  <children />
                  <parameters />
                </test>
                <test id="9d2ad9c822735e82" name="QueryExecuteJoinedDataSet_IN_ListCollection" fullName="SubSonic.Tests/QueryTest/QueryExecuteJoinedDataSet_IN_ListCollection" isTestCase="true">
                  <codeReference assembly="SubSonic.Tests, Version=2.2.1.0, Culture=neutral, PublicKeyToken=null" namespace="SubSonic.Tests" type="SubSonic.Tests.QueryTest" member="QueryExecuteJoinedDataSet_IN_ListCollection" />
                  <codeLocation path="C:\data\SubsonicRoot\ss2\SubSonic.Tests\QueryTest.cs" line="556" />
                  <metadata>
                    <entry key="TestKind">
                      <value>Test</value>
                    </entry>
                  </metadata>
                  <children />
                  <parameters />
                </test>
                <test id="f731cdc721ce1572" name="QueryExecuteJoinedDataSet_AddBetweenAnd" fullName="SubSonic.Tests/QueryTest/QueryExecuteJoinedDataSet_AddBetweenAnd" isTestCase="true">
                  <codeReference assembly="SubSonic.Tests, Version=2.2.1.0, Culture=neutral, PublicKeyToken=null" namespace="SubSonic.Tests" type="SubSonic.Tests.QueryTest" member="QueryExecuteJoinedDataSet_AddBetweenAnd" />
                  <codeLocation path="C:\data\SubsonicRoot\ss2\SubSonic.Tests\QueryTest.cs" line="488" />
                  <metadata>
                    <entry key="TestKind">
                      <value>Test</value>
                    </entry>
                  </metadata>
                  <children />
                  <parameters />
                </test>
                <test id="cdc4703821199e54" name="Query_PagingTest_View" fullName="SubSonic.Tests/QueryTest/Query_PagingTest_View" isTestCase="true">
                  <codeReference assembly="SubSonic.Tests, Version=2.2.1.0, Culture=neutral, PublicKeyToken=null" namespace="SubSonic.Tests" type="SubSonic.Tests.QueryTest" member="Query_PagingTest_View" />
                  <codeLocation path="C:\data\SubsonicRoot\ss2\SubSonic.Tests\QueryTest.cs" line="411" />
                  <metadata>
                    <entry key="TestKind">
                      <value>Test</value>
                    </entry>
                  </metadata>
                  <children />
                  <parameters />
                </test>
                <test id="5a81c6d8dc67efba" name="Query_PagingTest_Table" fullName="SubSonic.Tests/QueryTest/Query_PagingTest_Table" isTestCase="true">
                  <codeReference assembly="SubSonic.Tests, Version=2.2.1.0, Culture=neutral, PublicKeyToken=null" namespace="SubSonic.Tests" type="SubSonic.Tests.QueryTest" member="Query_PagingTest_Table" />
                  <codeLocation path="C:\data\SubsonicRoot\ss2\SubSonic.Tests\QueryTest.cs" line="390" />
                  <metadata>
                    <entry key="TestKind">
                      <value>Test</value>
                    </entry>
                  </metadata>
                  <children />
                  <parameters />
                </test>
                <test id="ad91cb18508fc3a6" name="Query_Expression" fullName="SubSonic.Tests/QueryTest/Query_Expression" isTestCase="true">
                  <codeReference assembly="SubSonic.Tests, Version=2.2.1.0, Culture=neutral, PublicKeyToken=null" namespace="SubSonic.Tests" type="SubSonic.Tests.QueryTest" member="Query_Expression" />
                  <codeLocation path="C:\data\SubsonicRoot\ss2\SubSonic.Tests\QueryTest.cs" line="373" />
                  <metadata>
                    <entry key="TestKind">
                      <value>Test</value>
                    </entry>
                  </metadata>
                  <children />
                  <parameters />
                </test>
                <test id="91d54299a1e93eec" name="Query_JoinedDataSet" fullName="SubSonic.Tests/QueryTest/Query_JoinedDataSet" isTestCase="true">
                  <codeReference assembly="SubSonic.Tests, Version=2.2.1.0, Culture=neutral, PublicKeyToken=null" namespace="SubSonic.Tests" type="SubSonic.Tests.QueryTest" member="Query_JoinedDataSet" />
                  <codeLocation path="C:\data\SubsonicRoot\ss2\SubSonic.Tests\QueryTest.cs" line="432" />
                  <metadata>
                    <entry key="TestKind">
                      <value>Test</value>
                    </entry>
                  </metadata>
                  <children />
                  <parameters />
                </test>
                <test id="f9fd37038a1e8e27" name="Query_JoinedDataSet_OrderByFK" fullName="SubSonic.Tests/QueryTest/Query_JoinedDataSet_OrderByFK" isTestCase="true">
                  <codeReference assembly="SubSonic.Tests, Version=2.2.1.0, Culture=neutral, PublicKeyToken=null" namespace="SubSonic.Tests" type="SubSonic.Tests.QueryTest" member="Query_JoinedDataSet_OrderByFK" />
                  <codeLocation path="C:\data\SubsonicRoot\ss2\SubSonic.Tests\QueryTest.cs" line="473" />
                  <metadata>
                    <entry key="TestKind">
                      <value>Test</value>
                    </entry>
                  </metadata>
                  <children />
                  <parameters />
                </test>
                <test id="ec2493bfaffe6a56" name="Query_ConstraintExpression" fullName="SubSonic.Tests/QueryTest/Query_ConstraintExpression" isTestCase="true">
                  <codeReference assembly="SubSonic.Tests, Version=2.2.1.0, Culture=neutral, PublicKeyToken=null" namespace="SubSonic.Tests" type="SubSonic.Tests.QueryTest" member="Query_ConstraintExpression" />
                  <codeLocation path="C:\data\SubsonicRoot\ss2\SubSonic.Tests\QueryTest.cs" line="457" />
                  <metadata>
                    <entry key="TestKind">
                      <value>Test</value>
                    </entry>
                  </metadata>
                  <children />
                  <parameters />
                </test>
                <test id="d5a4330fc92e527" name="ExecuteJoinedDataSet_Should_Accept_Parameters" fullName="SubSonic.Tests/QueryTest/ExecuteJoinedDataSet_Should_Accept_Parameters" isTestCase="true">
                  <codeReference assembly="SubSonic.Tests, Version=2.2.1.0, Culture=neutral, PublicKeyToken=null" namespace="SubSonic.Tests" type="SubSonic.Tests.QueryTest" member="ExecuteJoinedDataSet_Should_Accept_Parameters" />
                  <codeLocation path="C:\data\SubsonicRoot\ss2\SubSonic.Tests\QueryTest.cs" line="441" />
                  <metadata>
                    <entry key="TestKind">
                      <value>Test</value>
                    </entry>
                  </metadata>
                  <children />
                  <parameters />
                </test>
              </children>
              <parameters />
            </test>
            <test id="7a29c27c11dd12b4" name="DeleteTests" fullName="SubSonic.Tests/DeleteTests" isTestCase="false">
              <codeReference assembly="SubSonic.Tests, Version=2.2.1.0, Culture=neutral, PublicKeyToken=null" namespace="SubSonic.Tests.SqlQuery" type="SubSonic.Tests.SqlQuery.DeleteTests" />
              <codeLocation path="C:\data\SubsonicRoot\ss2\SubSonic.Tests\SqlQuery\DeleteTests.cs" />
              <metadata>
                <entry key="TestKind">
                  <value>Fixture</value>
                </entry>
              </metadata>
              <children>
                <test id="2596e467ffe54266" name="Delete_SimpleSqlCheck" fullName="SubSonic.Tests/DeleteTests/Delete_SimpleSqlCheck" isTestCase="true">
                  <codeReference assembly="SubSonic.Tests, Version=2.2.1.0, Culture=neutral, PublicKeyToken=null" namespace="SubSonic.Tests.SqlQuery" type="SubSonic.Tests.SqlQuery.DeleteTests" member="Delete_SimpleSqlCheck" />
                  <codeLocation path="C:\data\SubsonicRoot\ss2\SubSonic.Tests\SqlQuery\DeleteTests.cs" line="28" />
                  <metadata>
                    <entry key="TestKind">
                      <value>Test</value>
                    </entry>
                  </metadata>
                  <children />
                  <parameters />
                </test>
                <test id="b8449160df3bfc16" name="Delete_MultipleWithInsertBatch" fullName="SubSonic.Tests/DeleteTests/Delete_MultipleWithInsertBatch" isTestCase="true">
                  <codeReference assembly="SubSonic.Tests, Version=2.2.1.0, Culture=neutral, PublicKeyToken=null" namespace="SubSonic.Tests.SqlQuery" type="SubSonic.Tests.SqlQuery.DeleteTests" member="Delete_MultipleWithInsertBatch" />
                  <codeLocation path="C:\data\SubsonicRoot\ss2\SubSonic.Tests\SqlQuery\DeleteTests.cs" line="50" />
                  <metadata>
                    <entry key="TestKind">
                      <value>Test</value>
                    </entry>
                  </metadata>
                  <children />
                  <parameters />
                </test>
                <test id="5081633c8f2fb62f" name="Delete_Simple" fullName="SubSonic.Tests/DeleteTests/Delete_Simple" isTestCase="true">
                  <codeReference assembly="SubSonic.Tests, Version=2.2.1.0, Culture=neutral, PublicKeyToken=null" namespace="SubSonic.Tests.SqlQuery" type="SubSonic.Tests.SqlQuery.DeleteTests" member="Delete_Simple" />
                  <codeLocation path="C:\data\SubsonicRoot\ss2\SubSonic.Tests\SqlQuery\DeleteTests.cs" line="36" />
                  <metadata>
                    <entry key="TestKind">
                      <value>Test</value>
                    </entry>
                  </metadata>
                  <children />
                  <parameters />
                </test>
              </children>
              <parameters />
            </test>
            <test id="51fe5df55b58f055" name="AssemblyFixture" fullName="SubSonic.Tests/AssemblyFixture" isTestCase="false">
              <codeReference assembly="SubSonic.Tests, Version=2.2.1.0, Culture=neutral, PublicKeyToken=null" namespace="SubSonic.Tests" type="SubSonic.Tests.AssemblyFixture" />
              <codeLocation path="C:\data\SubsonicRoot\ss2\SubSonic.Tests\AssemblyCleaner.cs" />
              <metadata>
                <entry key="TestKind">
                  <value>Fixture</value>
                </entry>
              </metadata>
              <children />
              <parameters />
            </test>
            <test id="88947b5ff026bc84" name="SPs" fullName="SubSonic.Tests/SPs" isTestCase="false">
              <codeReference assembly="SubSonic.Tests, Version=2.2.1.0, Culture=neutral, PublicKeyToken=null" namespace="SubSonic.Tests" type="SubSonic.Tests.SPs" />
              <codeLocation path="C:\data\SubsonicRoot\ss2\SubSonic.Tests\SPs.cs" />
              <metadata>
                <entry key="TestKind">
                  <value>Fixture</value>
                </entry>
              </metadata>
              <children>
                <test id="62cc4104c2c8176a" name="SP_Should_Execute_Without_Parameter2" fullName="SubSonic.Tests/SPs/SP_Should_Execute_Without_Parameter2" isTestCase="true">
                  <codeReference assembly="SubSonic.Tests, Version=2.2.1.0, Culture=neutral, PublicKeyToken=null" namespace="SubSonic.Tests" type="SubSonic.Tests.SPs" member="SP_Should_Execute_Without_Parameter2" />
                  <codeLocation path="C:\data\SubsonicRoot\ss2\SubSonic.Tests\SPs.cs" line="215" />
                  <metadata>
                    <entry key="TestKind">
                      <value>Test</value>
                    </entry>
                  </metadata>
                  <children />
                  <parameters />
                </test>
                <test id="7ac2a8ddcd10c009" name="SP_Can_Execute_JSON_Result" fullName="SubSonic.Tests/SPs/SP_Can_Execute_JSON_Result" isTestCase="true">
                  <codeReference assembly="SubSonic.Tests, Version=2.2.1.0, Culture=neutral, PublicKeyToken=null" namespace="SubSonic.Tests" type="SubSonic.Tests.SPs" member="SP_Can_Execute_JSON_Result" />
                  <codeLocation path="C:\data\SubsonicRoot\ss2\SubSonic.Tests\SPs.cs" line="229" />
                  <metadata>
                    <entry key="TestKind">
                      <value>Test</value>
                    </entry>
                  </metadata>
                  <children />
                  <parameters />
                </test>
                <test id="2ad22264b70bd8d6" name="SP_Schema_Should_Load_10_SPs" fullName="SubSonic.Tests/SPs/SP_Schema_Should_Load_10_SPs" isTestCase="true">
                  <codeReference assembly="SubSonic.Tests, Version=2.2.1.0, Culture=neutral, PublicKeyToken=null" namespace="SubSonic.Tests" type="SubSonic.Tests.SPs" member="SP_Schema_Should_Load_10_SPs" />
                  <codeLocation path="C:\data\SubsonicRoot\ss2\SubSonic.Tests\SPs.cs" line="49" />
                  <metadata>
                    <entry key="TestKind">
                      <value>Test</value>
                    </entry>
                  </metadata>
                  <children />
                  <parameters />
                </test>
                <test id="a907c2ba9df3f9ba" name="SP_CustOrderHist_TypedSP_Should_Have_Qualified_CommandSQL" fullName="SubSonic.Tests/SPs/SP_CustOrderHist_TypedSP_Should_Have_Qualified_CommandSQL" isTestCase="true">
                  <codeReference assembly="SubSonic.Tests, Version=2.2.1.0, Culture=neutral, PublicKeyToken=null" namespace="SubSonic.Tests" type="SubSonic.Tests.SPs" member="SP_CustOrderHist_TypedSP_Should_Have_Qualified_CommandSQL" />
                  <codeLocation path="C:\data\SubsonicRoot\ss2\SubSonic.Tests\SPs.cs" line="81" />
                  <metadata>
                    <entry key="TestKind">
                      <value>Test</value>
                    </entry>
                  </metadata>
                  <children />
                  <parameters />
                </test>
                <test id="e282a136067cd032" name="SP_ReaderTest" fullName="SubSonic.Tests/SPs/SP_ReaderTest" isTestCase="true">
                  <codeReference assembly="SubSonic.Tests, Version=2.2.1.0, Culture=neutral, PublicKeyToken=null" namespace="SubSonic.Tests" type="SubSonic.Tests.SPs" member="SP_ReaderTest" />
                  <codeLocation path="C:\data\SubsonicRoot\ss2\SubSonic.Tests\SPs.cs" line="92" />
                  <metadata>
                    <entry key="TestKind">
                      <value>Test</value>
                    </entry>
                  </metadata>
                  <children />
                  <parameters />
                </test>
                <test id="c0e0813a8e24c5af" name="SP_ScalarTest" fullName="SubSonic.Tests/SPs/SP_ScalarTest" isTestCase="true">
                  <codeReference assembly="SubSonic.Tests, Version=2.2.1.0, Culture=neutral, PublicKeyToken=null" namespace="SubSonic.Tests" type="SubSonic.Tests.SPs" member="SP_ScalarTest" />
                  <codeLocation path="C:\data\SubsonicRoot\ss2\SubSonic.Tests\SPs.cs" line="112" />
                  <metadata>
                    <entry key="TestKind">
                      <value>Test</value>
                    </entry>
                  </metadata>
                  <children />
                  <parameters />
                </test>
                <test id="5a3b608b22e938aa" name="SP_Schema_Should_Load_With_Schema_Name" fullName="SubSonic.Tests/SPs/SP_Schema_Should_Load_With_Schema_Name" isTestCase="true">
                  <codeReference assembly="SubSonic.Tests, Version=2.2.1.0, Culture=neutral, PublicKeyToken=null" namespace="SubSonic.Tests" type="SubSonic.Tests.SPs" member="SP_Schema_Should_Load_With_Schema_Name" />
                  <codeLocation path="C:\data\SubsonicRoot\ss2\SubSonic.Tests\SPs.cs" line="57" />
                  <metadata>
                    <entry key="TestKind">
                      <value>Test</value>
                    </entry>
                  </metadata>
                  <children />
                  <parameters />
                </test>
                <test id="a9c9721192e7a74d" name="SP_CustOrderHist_Should_Have_QualifiedName" fullName="SubSonic.Tests/SPs/SP_CustOrderHist_Should_Have_QualifiedName" isTestCase="true">
                  <codeReference assembly="SubSonic.Tests, Version=2.2.1.0, Culture=neutral, PublicKeyToken=null" namespace="SubSonic.Tests" type="SubSonic.Tests.SPs" member="SP_CustOrderHist_Should_Have_QualifiedName" />
                  <codeLocation path="C:\data\SubsonicRoot\ss2\SubSonic.Tests\SPs.cs" line="65" />
                  <metadata>
                    <entry key="TestKind">
                      <value>Test</value>
                    </entry>
                  </metadata>
                  <children />
                  <parameters />
                </test>
                <test id="af9eeab672e34f3c" name="SP_CustOrderHist_Should_Have_Qualified_CommandSQL" fullName="SubSonic.Tests/SPs/SP_CustOrderHist_Should_Have_Qualified_CommandSQL" isTestCase="true">
                  <codeReference assembly="SubSonic.Tests, Version=2.2.1.0, Culture=neutral, PublicKeyToken=null" namespace="SubSonic.Tests" type="SubSonic.Tests.SPs" member="SP_CustOrderHist_Should_Have_Qualified_CommandSQL" />
                  <codeLocation path="C:\data\SubsonicRoot\ss2\SubSonic.Tests\SPs.cs" line="73" />
                  <metadata>
                    <entry key="TestKind">
                      <value>Test</value>
                    </entry>
                  </metadata>
                  <children />
                  <parameters />
                </test>
                <test id="433e79030503e791" name="SP_QuickReader" fullName="SubSonic.Tests/SPs/SP_QuickReader" isTestCase="true">
                  <codeReference assembly="SubSonic.Tests, Version=2.2.1.0, Culture=neutral, PublicKeyToken=null" namespace="SubSonic.Tests" type="SubSonic.Tests.SPs" member="SP_QuickReader" />
                  <codeLocation path="C:\data\SubsonicRoot\ss2\SubSonic.Tests\SPs.cs" line="180" />
                  <metadata>
                    <entry key="TestKind">
                      <value>Test</value>
                    </entry>
                  </metadata>
                  <children />
                  <parameters />
                </test>
                <test id="85f475848b5528df" name="SP_QuickDataSet" fullName="SubSonic.Tests/SPs/SP_QuickDataSet" isTestCase="true">
                  <codeReference assembly="SubSonic.Tests, Version=2.2.1.0, Culture=neutral, PublicKeyToken=null" namespace="SubSonic.Tests" type="SubSonic.Tests.SPs" member="SP_QuickDataSet" />
                  <codeLocation path="C:\data\SubsonicRoot\ss2\SubSonic.Tests\SPs.cs" line="197" />
                  <metadata>
                    <entry key="TestKind">
                      <value>Test</value>
                    </entry>
                  </metadata>
                  <children />
                  <parameters />
                </test>
                <test id="5ad8fc74df6a3527" name="SP_Should_Execute_Without_Parameter" fullName="SubSonic.Tests/SPs/SP_Should_Execute_Without_Parameter" isTestCase="true">
                  <codeReference assembly="SubSonic.Tests, Version=2.2.1.0, Culture=neutral, PublicKeyToken=null" namespace="SubSonic.Tests" type="SubSonic.Tests.SPs" member="SP_Should_Execute_Without_Parameter" />
                  <codeLocation path="C:\data\SubsonicRoot\ss2\SubSonic.Tests\SPs.cs" line="203" />
                  <metadata>
                    <entry key="TestKind">
                      <value>Test</value>
                    </entry>
                  </metadata>
                  <children />
                  <parameters />
                </test>
                <test id="7160661ba5b4f87" name="SP_DSTest" fullName="SubSonic.Tests/SPs/SP_DSTest" isTestCase="true">
                  <codeReference assembly="SubSonic.Tests, Version=2.2.1.0, Culture=neutral, PublicKeyToken=null" namespace="SubSonic.Tests" type="SubSonic.Tests.SPs" member="SP_DSTest" />
                  <codeLocation path="C:\data\SubsonicRoot\ss2\SubSonic.Tests\SPs.cs" line="126" />
                  <metadata>
                    <entry key="TestKind">
                      <value>Test</value>
                    </entry>
                  </metadata>
                  <children />
                  <parameters />
                </test>
                <test id="8a3e7cfbf064fdcd" name="SP_Outputs" fullName="SubSonic.Tests/SPs/SP_Outputs" isTestCase="true">
                  <codeReference assembly="SubSonic.Tests, Version=2.2.1.0, Culture=neutral, PublicKeyToken=null" namespace="SubSonic.Tests" type="SubSonic.Tests.SPs" member="SP_Outputs" />
                  <codeLocation path="C:\data\SubsonicRoot\ss2\SubSonic.Tests\SPs.cs" line="140" />
                  <metadata>
                    <entry key="TestKind">
                      <value>Test</value>
                    </entry>
                  </metadata>
                  <children />
                  <parameters />
                </test>
                <test id="54b385f985ea3ada" name="SP_Outputs_DefaultProvider" fullName="SubSonic.Tests/SPs/SP_Outputs_DefaultProvider" isTestCase="true">
                  <codeReference assembly="SubSonic.Tests, Version=2.2.1.0, Culture=neutral, PublicKeyToken=null" namespace="SubSonic.Tests" type="SubSonic.Tests.SPs" member="SP_Outputs_DefaultProvider" />
                  <codeLocation path="C:\data\SubsonicRoot\ss2\SubSonic.Tests\SPs.cs" line="160" />
                  <metadata>
                    <entry key="TestKind">
                      <value>Test</value>
                    </entry>
                  </metadata>
                  <children />
                  <parameters />
                </test>
              </children>
              <parameters />
            </test>
            <test id="7a8c3f10192cd9e6" name="NameTransformationTests" fullName="SubSonic.Tests/NameTransformationTests" isTestCase="false">
              <codeReference assembly="SubSonic.Tests, Version=2.2.1.0, Culture=neutral, PublicKeyToken=null" namespace="SubSonic.Tests" type="SubSonic.Tests.NameTransformationTests" />
              <codeLocation path="C:\data\SubsonicRoot\ss2\SubSonic.Tests\NameTransformationTests.cs" />
              <metadata>
                <entry key="TestKind">
                  <value>Fixture</value>
                </entry>
              </metadata>
              <children>
                <test id="24d41af1d98cd3cb" name="NameTransformation_ToPascalCase" fullName="SubSonic.Tests/NameTransformationTests/NameTransformation_ToPascalCase" isTestCase="true">
                  <codeReference assembly="SubSonic.Tests, Version=2.2.1.0, Culture=neutral, PublicKeyToken=null" namespace="SubSonic.Tests" type="SubSonic.Tests.NameTransformationTests" member="NameTransformation_ToPascalCase" />
                  <codeLocation path="C:\data\SubsonicRoot\ss2\SubSonic.Tests\NameTransformationTests.cs" line="30" />
                  <metadata>
                    <entry key="TestKind">
                      <value>Test</value>
                    </entry>
                  </metadata>
                  <children />
                  <parameters />
                </test>
              </children>
              <parameters />
            </test>
            <test id="6e5f3a8fac97c581" name="RepositoryTests" fullName="SubSonic.Tests/RepositoryTests" isTestCase="false">
              <codeReference assembly="SubSonic.Tests, Version=2.2.1.0, Culture=neutral, PublicKeyToken=null" namespace="SubSonic.Tests.Repository" type="SubSonic.Tests.Repository.RepositoryTests" />
              <codeLocation path="C:\data\SubsonicRoot\ss2\SubSonic.Tests\Repository\RepositoryTests.cs" />
              <metadata>
                <entry key="TestKind">
                  <value>Fixture</value>
                </entry>
              </metadata>
              <children>
                <test id="501bdffa4db407e3" name="Repository_Should_UpdateProductName" fullName="SubSonic.Tests/RepositoryTests/Repository_Should_UpdateProductName" isTestCase="true">
                  <codeReference assembly="SubSonic.Tests, Version=2.2.1.0, Culture=neutral, PublicKeyToken=null" namespace="SubSonic.Tests.Repository" type="SubSonic.Tests.Repository.RepositoryTests" member="Repository_Should_UpdateProductName" />
                  <codeLocation path="C:\data\SubsonicRoot\ss2\SubSonic.Tests\Repository\RepositoryTests.cs" line="87" />
                  <metadata>
                    <entry key="TestKind">
                      <value>Test</value>
                    </entry>
                  </metadata>
                  <children />
                  <parameters />
                </test>
                <test id="e89af05ec569a902" name="Repository_FullCRUD" fullName="SubSonic.Tests/RepositoryTests/Repository_FullCRUD" isTestCase="true">
                  <codeReference assembly="SubSonic.Tests, Version=2.2.1.0, Culture=neutral, PublicKeyToken=null" namespace="SubSonic.Tests.Repository" type="SubSonic.Tests.Repository.RepositoryTests" member="Repository_FullCRUD" />
                  <codeLocation path="C:\data\SubsonicRoot\ss2\SubSonic.Tests\Repository\RepositoryTests.cs" line="33" />
                  <metadata>
                    <entry key="TestKind">
                      <value>Test</value>
                    </entry>
                  </metadata>
                  <children />
                  <parameters />
                </test>
                <test id="a194cf2f72fa0da3" name="Repository_Simple_Select" fullName="SubSonic.Tests/RepositoryTests/Repository_Simple_Select" isTestCase="true">
                  <codeReference assembly="SubSonic.Tests, Version=2.2.1.0, Culture=neutral, PublicKeyToken=null" namespace="SubSonic.Tests.Repository" type="SubSonic.Tests.Repository.RepositoryTests" member="Repository_Simple_Select" />
                  <codeLocation path="C:\data\SubsonicRoot\ss2\SubSonic.Tests\Repository\RepositoryTests.cs" line="26" />
                  <metadata>
                    <entry key="TestKind">
                      <value>Test</value>
                    </entry>
                  </metadata>
                  <children />
                  <parameters />
                </test>
                <test id="e8bdbb96571b6b71" name="Repository_DeleteByKey" fullName="SubSonic.Tests/RepositoryTests/Repository_DeleteByKey" isTestCase="true">
                  <codeReference assembly="SubSonic.Tests, Version=2.2.1.0, Culture=neutral, PublicKeyToken=null" namespace="SubSonic.Tests.Repository" type="SubSonic.Tests.Repository.RepositoryTests" member="Repository_DeleteByKey" />
                  <codeLocation path="C:\data\SubsonicRoot\ss2\SubSonic.Tests\Repository\RepositoryTests.cs" line="112" />
                  <metadata>
                    <entry key="TestKind">
                      <value>Test</value>
                    </entry>
                  </metadata>
                  <children />
                  <parameters />
                </test>
                <test id="d366ccde4824190f" name="Repository_DestroyByKey" fullName="SubSonic.Tests/RepositoryTests/Repository_DestroyByKey" isTestCase="true">
                  <codeReference assembly="SubSonic.Tests, Version=2.2.1.0, Culture=neutral, PublicKeyToken=null" namespace="SubSonic.Tests.Repository" type="SubSonic.Tests.Repository.RepositoryTests" member="Repository_DestroyByKey" />
                  <codeLocation path="C:\data\SubsonicRoot\ss2\SubSonic.Tests\Repository\RepositoryTests.cs" line="144" />
                  <metadata>
                    <entry key="TestKind">
                      <value>Test</value>
                    </entry>
                  </metadata>
                  <children />
                  <parameters />
                </test>
                <test id="b277c675572095f6" name="Repository_ShouldNot_ThrowWhenNoColumnsChanged" fullName="SubSonic.Tests/RepositoryTests/Repository_ShouldNot_ThrowWhenNoColumnsChanged" isTestCase="true">
                  <codeReference assembly="SubSonic.Tests, Version=2.2.1.0, Culture=neutral, PublicKeyToken=null" namespace="SubSonic.Tests.Repository" type="SubSonic.Tests.Repository.RepositoryTests" member="Repository_ShouldNot_ThrowWhenNoColumnsChanged" />
                  <codeLocation path="C:\data\SubsonicRoot\ss2\SubSonic.Tests\Repository\RepositoryTests.cs" line="98" />
                  <metadata>
                    <entry key="TestKind">
                      <value>Test</value>
                    </entry>
                  </metadata>
                  <children />
                  <parameters />
                </test>
                <test id="436b3caa8a0dda25" name="Respository_CollectionLoad" fullName="SubSonic.Tests/RepositoryTests/Respository_CollectionLoad" isTestCase="true">
                  <codeReference assembly="SubSonic.Tests, Version=2.2.1.0, Culture=neutral, PublicKeyToken=null" namespace="SubSonic.Tests.Repository" type="SubSonic.Tests.Repository.RepositoryTests" member="Respository_CollectionLoad" />
                  <codeLocation path="C:\data\SubsonicRoot\ss2\SubSonic.Tests\Repository\RepositoryTests.cs" line="106" />
                  <metadata>
                    <entry key="TestKind">
                      <value>Test</value>
                    </entry>
                  </metadata>
                  <children />
                  <parameters />
                </test>
              </children>
              <parameters />
            </test>
            <test id="bc7166f99ef30223" name="ActiveListTests" fullName="SubSonic.Tests/ActiveListTests" isTestCase="false">
              <codeReference assembly="SubSonic.Tests, Version=2.2.1.0, Culture=neutral, PublicKeyToken=null" namespace="SubSonic.Tests" type="SubSonic.Tests.ActiveListTests" />
              <codeLocation path="C:\data\SubsonicRoot\ss2\SubSonic.Tests\ActiveListTests.cs" />
              <metadata>
                <entry key="TestKind">
                  <value>Fixture</value>
                </entry>
              </metadata>
              <children>
                <test id="c63e43da4f9829e6" name="ListTHelper" fullName="SubSonic.Tests/ActiveListTests/ListTHelper" isTestCase="true">
                  <codeReference assembly="SubSonic.Tests, Version=2.2.1.0, Culture=neutral, PublicKeyToken=null" namespace="SubSonic.Tests" type="SubSonic.Tests.ActiveListTests" member="ListTHelper" />
                  <codeLocation path="C:\data\SubsonicRoot\ss2\SubSonic.Tests\ActiveListTests.cs" line="88" />
                  <metadata>
                    <entry key="TestKind">
                      <value>Test</value>
                    </entry>
                  </metadata>
                  <children />
                  <parameters />
                </test>
                <test id="59081e8fe33bad22" name="BatchSaveInsert" fullName="SubSonic.Tests/ActiveListTests/BatchSaveInsert" isTestCase="true">
                  <codeReference assembly="SubSonic.Tests, Version=2.2.1.0, Culture=neutral, PublicKeyToken=null" namespace="SubSonic.Tests" type="SubSonic.Tests.ActiveListTests" member="BatchSaveInsert" />
                  <codeLocation path="C:\data\SubsonicRoot\ss2\SubSonic.Tests\ActiveListTests.cs" line="51" />
                  <metadata>
                    <entry key="TestKind">
                      <value>Test</value>
                    </entry>
                  </metadata>
                  <children />
                  <parameters />
                </test>
                <test id="828dd42707b21bbe" name="DeferredDelete" fullName="SubSonic.Tests/ActiveListTests/DeferredDelete" isTestCase="true">
                  <codeReference assembly="SubSonic.Tests, Version=2.2.1.0, Culture=neutral, PublicKeyToken=null" namespace="SubSonic.Tests" type="SubSonic.Tests.ActiveListTests" member="DeferredDelete" />
                  <codeLocation path="C:\data\SubsonicRoot\ss2\SubSonic.Tests\ActiveListTests.cs" line="66" />
                  <metadata>
                    <entry key="TestKind">
                      <value>Test</value>
                    </entry>
                  </metadata>
                  <children />
                  <parameters />
                </test>
                <test id="c10c3bb6a31302d5" name="BatchSaveUpdate" fullName="SubSonic.Tests/ActiveListTests/BatchSaveUpdate" isTestCase="true">
                  <codeReference assembly="SubSonic.Tests, Version=2.2.1.0, Culture=neutral, PublicKeyToken=null" namespace="SubSonic.Tests" type="SubSonic.Tests.ActiveListTests" member="BatchSaveUpdate" />
                  <codeLocation path="C:\data\SubsonicRoot\ss2\SubSonic.Tests\ActiveListTests.cs" line="130" />
                  <metadata>
                    <entry key="TestKind">
                      <value>Test</value>
                    </entry>
                  </metadata>
                  <children />
                  <parameters />
                </test>
                <test id="a1003a1d129446b2" name="BatchSaveUpdateNoChanges" fullName="SubSonic.Tests/ActiveListTests/BatchSaveUpdateNoChanges" isTestCase="true">
                  <codeReference assembly="SubSonic.Tests, Version=2.2.1.0, Culture=neutral, PublicKeyToken=null" namespace="SubSonic.Tests" type="SubSonic.Tests.ActiveListTests" member="BatchSaveUpdateNoChanges" />
                  <codeLocation path="C:\data\SubsonicRoot\ss2\SubSonic.Tests\ActiveListTests.cs" line="152" />
                  <metadata>
                    <entry key="TestKind">
                      <value>Test</value>
                    </entry>
                  </metadata>
                  <children />
                  <parameters />
                </test>
                <test id="dc06ea3eb5ecffc" name="ListSerialization" fullName="SubSonic.Tests/ActiveListTests/ListSerialization" isTestCase="true">
                  <codeReference assembly="SubSonic.Tests, Version=2.2.1.0, Culture=neutral, PublicKeyToken=null" namespace="SubSonic.Tests" type="SubSonic.Tests.ActiveListTests" member="ListSerialization" />
                  <codeLocation path="C:\data\SubsonicRoot\ss2\SubSonic.Tests\ActiveListTests.cs" line="173" />
                  <metadata>
                    <entry key="TestKind">
                      <value>Test</value>
                    </entry>
                  </metadata>
                  <children />
                  <parameters />
                </test>
              </children>
              <parameters />
            </test>
            <test id="621ae3895ea314a" name="MultiProvider" fullName="SubSonic.Tests/MultiProvider" isTestCase="false">
              <codeReference assembly="SubSonic.Tests, Version=2.2.1.0, Culture=neutral, PublicKeyToken=null" namespace="SubSonic.Tests" type="SubSonic.Tests.MultiProvider" />
              <codeLocation path="C:\data\SubsonicRoot\ss2\SubSonic.Tests\MultiProvider.cs" />
              <metadata>
                <entry key="TestKind">
                  <value>Fixture</value>
                </entry>
              </metadata>
              <children>
                <test id="e240560f583195d4" name="Multi_QueryTest" fullName="SubSonic.Tests/MultiProvider/Multi_QueryTest" isTestCase="true">
                  <codeReference assembly="SubSonic.Tests, Version=2.2.1.0, Culture=neutral, PublicKeyToken=null" namespace="SubSonic.Tests" type="SubSonic.Tests.MultiProvider" member="Multi_QueryTest" />
                  <codeLocation path="C:\data\SubsonicRoot\ss2\SubSonic.Tests\MultiProvider.cs" line="32" />
                  <metadata>
                    <entry key="TestKind">
                      <value>Test</value>
                    </entry>
                  </metadata>
                  <children />
                  <parameters />
                </test>
                <test id="44598ae75999557" name="Multiple_Providers_Should_Return_Correct_ProviderName" fullName="SubSonic.Tests/MultiProvider/Multiple_Providers_Should_Return_Correct_ProviderName" isTestCase="true">
                  <codeReference assembly="SubSonic.Tests, Version=2.2.1.0, Culture=neutral, PublicKeyToken=null" namespace="SubSonic.Tests" type="SubSonic.Tests.MultiProvider" member="Multiple_Providers_Should_Return_Correct_ProviderName" />
                  <codeLocation path="C:\data\SubsonicRoot\ss2\SubSonic.Tests\MultiProvider.cs" line="45" />
                  <metadata>
                    <entry key="TestKind">
                      <value>Test</value>
                    </entry>
                  </metadata>
                  <children />
                  <parameters />
                </test>
              </children>
              <parameters />
            </test>
            <test id="a42c7aab47bd124a" name="TransactionTests" fullName="SubSonic.Tests/TransactionTests" isTestCase="false">
              <codeReference assembly="SubSonic.Tests, Version=2.2.1.0, Culture=neutral, PublicKeyToken=null" namespace="SubSonic.Tests.SqlQuery" type="SubSonic.Tests.SqlQuery.TransactionTests" />
              <codeLocation path="C:\data\SubsonicRoot\ss2\SubSonic.Tests\SqlQuery\TransactionTests.cs" />
              <metadata>
                <entry key="TestKind">
                  <value>Fixture</value>
                </entry>
              </metadata>
              <children>
                <test id="ce0ea0d4bbeba445" name="Transaction_Simple" fullName="SubSonic.Tests/TransactionTests/Transaction_Simple" isTestCase="true">
                  <codeReference assembly="SubSonic.Tests, Version=2.2.1.0, Culture=neutral, PublicKeyToken=null" namespace="SubSonic.Tests.SqlQuery" type="SubSonic.Tests.SqlQuery.TransactionTests" member="Transaction_Simple" />
                  <codeLocation path="C:\data\SubsonicRoot\ss2\SubSonic.Tests\SqlQuery\TransactionTests.cs" line="27" />
                  <metadata>
                    <entry key="TestKind">
                      <value>Test</value>
                    </entry>
                  </metadata>
                  <children />
                  <parameters />
                </test>
              </children>
              <parameters />
            </test>
            <test id="82e4f995d1ef4b99" name="GeneratedObjectTests" fullName="SubSonic.Tests/GeneratedObjectTests" isTestCase="false">
              <codeReference assembly="SubSonic.Tests, Version=2.2.1.0, Culture=neutral, PublicKeyToken=null" namespace="SubSonic.Tests" type="SubSonic.Tests.GeneratedObjectTests" />
              <codeLocation path="C:\data\SubsonicRoot\ss2\SubSonic.Tests\GeneratedObjectTests.cs" />
              <metadata>
                <entry key="TestKind">
                  <value>Fixture</value>
                </entry>
              </metadata>
              <children>
                <test id="bb5648aa7aeca27d" name="Objects_DeletedTest" fullName="SubSonic.Tests/GeneratedObjectTests/Objects_DeletedTest" isTestCase="true">
                  <codeReference assembly="SubSonic.Tests, Version=2.2.1.0, Culture=neutral, PublicKeyToken=null" namespace="SubSonic.Tests" type="SubSonic.Tests.GeneratedObjectTests" member="Objects_DeletedTest" />
                  <codeLocation path="C:\data\SubsonicRoot\ss2\SubSonic.Tests\GeneratedObjectTests.cs" line="72" />
                  <metadata>
                    <entry key="TestKind">
                      <value>Test</value>
                    </entry>
                  </metadata>
                  <children />
                  <parameters />
                </test>
                <test id="3c3bbcc98ccd4e2f" name="Object_Query" fullName="SubSonic.Tests/GeneratedObjectTests/Object_Query" isTestCase="true">
                  <codeReference assembly="SubSonic.Tests, Version=2.2.1.0, Culture=neutral, PublicKeyToken=null" namespace="SubSonic.Tests" type="SubSonic.Tests.GeneratedObjectTests" member="Object_Query" />
                  <codeLocation path="C:\data\SubsonicRoot\ss2\SubSonic.Tests\GeneratedObjectTests.cs" line="85" />
                  <metadata>
                    <entry key="TestKind">
                      <value>Test</value>
                    </entry>
                  </metadata>
                  <children />
                  <parameters />
                </test>
                <test id="c7acc287a1bc8226" name="Collections_DeletedTest" fullName="SubSonic.Tests/GeneratedObjectTests/Collections_DeletedTest" isTestCase="true">
                  <codeReference assembly="SubSonic.Tests, Version=2.2.1.0, Culture=neutral, PublicKeyToken=null" namespace="SubSonic.Tests" type="SubSonic.Tests.GeneratedObjectTests" member="Collections_DeletedTest" />
                  <codeLocation path="C:\data\SubsonicRoot\ss2\SubSonic.Tests\GeneratedObjectTests.cs" line="51" />
                  <metadata>
                    <entry key="TestKind">
                      <value>Test</value>
                    </entry>
                  </metadata>
                  <children />
                  <parameters />
                </test>
                <test id="aeb613d93bc00de9" name="Objects_LoadListItems" fullName="SubSonic.Tests/GeneratedObjectTests/Objects_LoadListItems" isTestCase="true">
                  <codeReference assembly="SubSonic.Tests, Version=2.2.1.0, Culture=neutral, PublicKeyToken=null" namespace="SubSonic.Tests" type="SubSonic.Tests.GeneratedObjectTests" member="Objects_LoadListItems" />
                  <codeLocation path="C:\data\SubsonicRoot\ss2\SubSonic.Tests\GeneratedObjectTests.cs" line="62" />
                  <metadata>
                    <entry key="TestKind">
                      <value>Test</value>
                    </entry>
                  </metadata>
                  <children />
                  <parameters />
                </test>
                <test id="f95d8f08e78840f5" name="Object_DefaultSettings" fullName="SubSonic.Tests/GeneratedObjectTests/Object_DefaultSettings" isTestCase="true">
                  <codeReference assembly="SubSonic.Tests, Version=2.2.1.0, Culture=neutral, PublicKeyToken=null" namespace="SubSonic.Tests" type="SubSonic.Tests.GeneratedObjectTests" member="Object_DefaultSettings" />
                  <codeLocation path="C:\data\SubsonicRoot\ss2\SubSonic.Tests\GeneratedObjectTests.cs" line="155" />
                  <metadata>
                    <entry key="TestKind">
                      <value>Test</value>
                    </entry>
                  </metadata>
                  <children />
                  <parameters />
                </test>
                <test id="29e469fbe053c6cc" name="Object_SchemaDefinition" fullName="SubSonic.Tests/GeneratedObjectTests/Object_SchemaDefinition" isTestCase="true">
                  <codeReference assembly="SubSonic.Tests, Version=2.2.1.0, Culture=neutral, PublicKeyToken=null" namespace="SubSonic.Tests" type="SubSonic.Tests.GeneratedObjectTests" member="Object_SchemaDefinition" />
                  <codeLocation path="C:\data\SubsonicRoot\ss2\SubSonic.Tests\GeneratedObjectTests.cs" line="166" />
                  <metadata>
                    <entry key="TestKind">
                      <value>Test</value>
                    </entry>
                  </metadata>
                  <children />
                  <parameters />
                </test>
                <test id="40bb206d85a9b796" name="Object_CRUD" fullName="SubSonic.Tests/GeneratedObjectTests/Object_CRUD" isTestCase="true">
                  <codeReference assembly="SubSonic.Tests, Version=2.2.1.0, Culture=neutral, PublicKeyToken=null" namespace="SubSonic.Tests" type="SubSonic.Tests.GeneratedObjectTests" member="Object_CRUD" />
                  <codeLocation path="C:\data\SubsonicRoot\ss2\SubSonic.Tests\GeneratedObjectTests.cs" line="99" />
                  <metadata>
                    <entry key="TestKind">
                      <value>Test</value>
                    </entry>
                  </metadata>
                  <children />
                  <parameters />
                </test>
                <test id="14c17386f5fc54" name="Object_Validation" fullName="SubSonic.Tests/GeneratedObjectTests/Object_Validation" isTestCase="true">
                  <codeReference assembly="SubSonic.Tests, Version=2.2.1.0, Culture=neutral, PublicKeyToken=null" namespace="SubSonic.Tests" type="SubSonic.Tests.GeneratedObjectTests" member="Object_Validation" />
                  <codeLocation path="C:\data\SubsonicRoot\ss2\SubSonic.Tests\GeneratedObjectTests.cs" line="124" />
                  <metadata>
                    <entry key="TestKind">
                      <value>Test</value>
                    </entry>
                  </metadata>
                  <children />
                  <parameters />
                </test>
              </children>
              <parameters />
            </test>
            <test id="100d55b0e105bd89" name="DataServiceTest" fullName="SubSonic.Tests/DataServiceTest" isTestCase="false">
              <codeReference assembly="SubSonic.Tests, Version=2.2.1.0, Culture=neutral, PublicKeyToken=null" namespace="SubSonic.Tests" type="SubSonic.Tests.DataServiceTest" />
              <codeLocation path="C:\data\SubsonicRoot\ss2\SubSonic.Tests\DataServiceTest.cs" />
              <metadata>
                <entry key="TestKind">
                  <value>Fixture</value>
                </entry>
              </metadata>
              <children>
                <test id="b449a12d7036ab60" name="DataService_GetSchema" fullName="SubSonic.Tests/DataServiceTest/DataService_GetSchema" isTestCase="true">
                  <codeReference assembly="SubSonic.Tests, Version=2.2.1.0, Culture=neutral, PublicKeyToken=null" namespace="SubSonic.Tests" type="SubSonic.Tests.DataServiceTest" member="DataService_GetSchema" />
                  <codeLocation path="C:\data\SubsonicRoot\ss2\SubSonic.Tests\DataServiceTest.cs" line="49" />
                  <metadata>
                    <entry key="TestKind">
                      <value>Test</value>
                    </entry>
                  </metadata>
                  <children />
                  <parameters />
                </test>
                <test id="ee678df2e826a4e0" name="DataProvider_GetRecordCount" fullName="SubSonic.Tests/DataServiceTest/DataProvider_GetRecordCount" isTestCase="true">
                  <codeReference assembly="SubSonic.Tests, Version=2.2.1.0, Culture=neutral, PublicKeyToken=null" namespace="SubSonic.Tests" type="SubSonic.Tests.DataServiceTest" member="DataProvider_GetRecordCount" />
                  <codeLocation path="C:\data\SubsonicRoot\ss2\SubSonic.Tests\DataServiceTest.cs" line="69" />
                  <metadata>
                    <entry key="TestKind">
                      <value>Test</value>
                    </entry>
                  </metadata>
                  <children />
                  <parameters />
                </test>
                <test id="62b85bc2affcd08c" name="DataService_GetTableNames" fullName="SubSonic.Tests/DataServiceTest/DataService_GetTableNames" isTestCase="true">
                  <codeReference assembly="SubSonic.Tests, Version=2.2.1.0, Culture=neutral, PublicKeyToken=null" namespace="SubSonic.Tests" type="SubSonic.Tests.DataServiceTest" member="DataService_GetTableNames" />
                  <codeLocation path="C:\data\SubsonicRoot\ss2\SubSonic.Tests\DataServiceTest.cs" line="59" />
                  <metadata>
                    <entry key="TestKind">
                      <value>Test</value>
                    </entry>
                  </metadata>
                  <children />
                  <parameters />
                </test>
              </children>
              <parameters />
            </test>
            <test id="d555ee4381e205dd" name="MySqlGeneratorTests" fullName="SubSonic.Tests/MySqlGeneratorTests" isTestCase="false">
              <codeReference assembly="SubSonic.Tests, Version=2.2.1.0, Culture=neutral, PublicKeyToken=null" namespace="SubSonic.Tests.SqlGenerators" type="SubSonic.Tests.SqlGenerators.MySqlGeneratorTests" />
              <codeLocation path="C:\data\SubsonicRoot\ss2\SubSonic.Tests\SqlGenerators\MySqlGeneratorTests.cs" />
              <metadata>
                <entry key="TestKind">
                  <value>Fixture</value>
                </entry>
              </metadata>
              <children>
                <test id="86b9711ecc776484" name="Drop_Table" fullName="SubSonic.Tests/MySqlGeneratorTests/Drop_Table" isTestCase="true">
                  <codeReference assembly="SubSonic.Tests, Version=2.2.1.0, Culture=neutral, PublicKeyToken=null" namespace="SubSonic.Tests.SqlGenerators" type="SubSonic.Tests.SqlGenerators.MySqlGeneratorTests" member="Drop_Table" />
                  <codeLocation path="C:\data\SubsonicRoot\ss2\SubSonic.Tests\SqlGenerators\MySqlGeneratorTests.cs" line="23" />
                  <metadata>
                    <entry key="TestKind">
                      <value>Test</value>
                    </entry>
                  </metadata>
                  <children />
                  <parameters />
                </test>
                <test id="58690fbdcef5469f" name="Select_ColumnList_Specified" fullName="SubSonic.Tests/MySqlGeneratorTests/Select_ColumnList_Specified" isTestCase="true">
                  <codeReference assembly="SubSonic.Tests, Version=2.2.1.0, Culture=neutral, PublicKeyToken=null" namespace="SubSonic.Tests.SqlGenerators" type="SubSonic.Tests.SqlGenerators.MySqlGeneratorTests" member="Select_ColumnList_Specified" />
                  <codeLocation path="C:\data\SubsonicRoot\ss2\SubSonic.Tests\SqlGenerators\MySqlGeneratorTests.cs" line="12" />
                  <metadata>
                    <entry key="TestKind">
                      <value>Test</value>
                    </entry>
                  </metadata>
                  <children />
                  <parameters />
                </test>
                <test id="21f87b47ae716092" name="Create_Table" fullName="SubSonic.Tests/MySqlGeneratorTests/Create_Table" isTestCase="true">
                  <codeReference assembly="SubSonic.Tests, Version=2.2.1.0, Culture=neutral, PublicKeyToken=null" namespace="SubSonic.Tests.SqlGenerators" type="SubSonic.Tests.SqlGenerators.MySqlGeneratorTests" member="Create_Table" />
                  <codeLocation path="C:\data\SubsonicRoot\ss2\SubSonic.Tests\SqlGenerators\MySqlGeneratorTests.cs" line="31" />
                  <metadata>
                    <entry key="TestKind">
                      <value>Test</value>
                    </entry>
                  </metadata>
                  <children />
                  <parameters />
                </test>
                <test id="4b2410a3fffa3a15" name="Remove_Column" fullName="SubSonic.Tests/MySqlGeneratorTests/Remove_Column" isTestCase="true">
                  <codeReference assembly="SubSonic.Tests, Version=2.2.1.0, Culture=neutral, PublicKeyToken=null" namespace="SubSonic.Tests.SqlGenerators" type="SubSonic.Tests.SqlGenerators.MySqlGeneratorTests" member="Remove_Column" />
                  <codeLocation path="C:\data\SubsonicRoot\ss2\SubSonic.Tests\SqlGenerators\MySqlGeneratorTests.cs" line="73" />
                  <metadata>
                    <entry key="TestKind">
                      <value>Test</value>
                    </entry>
                  </metadata>
                  <children />
                  <parameters />
                </test>
                <test id="5a34a93f4a70d135" name="Alter_Column" fullName="SubSonic.Tests/MySqlGeneratorTests/Alter_Column" isTestCase="true">
                  <codeReference assembly="SubSonic.Tests, Version=2.2.1.0, Culture=neutral, PublicKeyToken=null" namespace="SubSonic.Tests.SqlGenerators" type="SubSonic.Tests.SqlGenerators.MySqlGeneratorTests" member="Alter_Column" />
                  <codeLocation path="C:\data\SubsonicRoot\ss2\SubSonic.Tests\SqlGenerators\MySqlGeneratorTests.cs" line="61" />
                  <metadata>
                    <entry key="TestKind">
                      <value>Test</value>
                    </entry>
                  </metadata>
                  <children />
                  <parameters />
                </test>
                <test id="f83464f45f4bb980" name="Add_Column" fullName="SubSonic.Tests/MySqlGeneratorTests/Add_Column" isTestCase="true">
                  <codeReference assembly="SubSonic.Tests, Version=2.2.1.0, Culture=neutral, PublicKeyToken=null" namespace="SubSonic.Tests.SqlGenerators" type="SubSonic.Tests.SqlGenerators.MySqlGeneratorTests" member="Add_Column" />
                  <codeLocation path="C:\data\SubsonicRoot\ss2\SubSonic.Tests\SqlGenerators\MySqlGeneratorTests.cs" line="46" />
                  <metadata>
                    <entry key="TestKind">
                      <value>Test</value>
                    </entry>
                  </metadata>
                  <children />
                  <parameters />
                </test>
              </children>
              <parameters />
            </test>
            <test id="4a525883a4c1bcb9" name="ManyToMany" fullName="SubSonic.Tests/ManyToMany" isTestCase="false">
              <codeReference assembly="SubSonic.Tests, Version=2.2.1.0, Culture=neutral, PublicKeyToken=null" namespace="SubSonic.Tests" type="SubSonic.Tests.ManyToMany" />
              <codeLocation path="C:\data\SubsonicRoot\ss2\SubSonic.Tests\bin\Debug\SubSonic.Tests.DLL" />
              <metadata>
                <entry key="TestKind">
                  <value>Fixture</value>
                </entry>
              </metadata>
              <children />
              <parameters />
            </test>
            <test id="60b90858aa342229" name="SqlServerParserTests" fullName="SubSonic.Tests/SqlServerParserTests" isTestCase="false">
              <codeReference assembly="SubSonic.Tests, Version=2.2.1.0, Culture=neutral, PublicKeyToken=null" namespace="SubSonic.Tests.SqlQuery" type="SubSonic.Tests.SqlQuery.SqlServerParserTests" />
              <codeLocation path="C:\data\SubsonicRoot\ss2\SubSonic.Tests\SqlGenerators\SqlServerGeneratorTests.cs" />
              <metadata>
                <entry key="TestKind">
                  <value>Fixture</value>
                </entry>
              </metadata>
              <children>
                <test id="b038d3afb3264e1f" name="Add_Column" fullName="SubSonic.Tests/SqlServerParserTests/Add_Column" isTestCase="true">
                  <codeReference assembly="SubSonic.Tests, Version=2.2.1.0, Culture=neutral, PublicKeyToken=null" namespace="SubSonic.Tests.SqlQuery" type="SubSonic.Tests.SqlQuery.SqlServerParserTests" member="Add_Column" />
                  <codeLocation path="C:\data\SubsonicRoot\ss2\SubSonic.Tests\SqlGenerators\SqlServerGeneratorTests.cs" line="258" />
                  <metadata>
                    <entry key="TestKind">
                      <value>Test</value>
                    </entry>
                  </metadata>
                  <children />
                  <parameters />
                </test>
                <test id="b23686f1b213f7ff" name="Create_Table" fullName="SubSonic.Tests/SqlServerParserTests/Create_Table" isTestCase="true">
                  <codeReference assembly="SubSonic.Tests, Version=2.2.1.0, Culture=neutral, PublicKeyToken=null" namespace="SubSonic.Tests.SqlQuery" type="SubSonic.Tests.SqlQuery.SqlServerParserTests" member="Create_Table" />
                  <codeLocation path="C:\data\SubsonicRoot\ss2\SubSonic.Tests\SqlGenerators\SqlServerGeneratorTests.cs" line="248" />
                  <metadata>
                    <entry key="TestKind">
                      <value>Test</value>
                    </entry>
                  </metadata>
                  <children />
                  <parameters />
                </test>
                <test id="76cb5cc148d15d12" name="Drop_Table" fullName="SubSonic.Tests/SqlServerParserTests/Drop_Table" isTestCase="true">
                  <codeReference assembly="SubSonic.Tests, Version=2.2.1.0, Culture=neutral, PublicKeyToken=null" namespace="SubSonic.Tests.SqlQuery" type="SubSonic.Tests.SqlQuery.SqlServerParserTests" member="Drop_Table" />
                  <codeLocation path="C:\data\SubsonicRoot\ss2\SubSonic.Tests\SqlGenerators\SqlServerGeneratorTests.cs" line="240" />
                  <metadata>
                    <entry key="TestKind">
                      <value>Test</value>
                    </entry>
                  </metadata>
                  <children />
                  <parameters />
                </test>
                <test id="f10c18f4e6e52a40" name="Select_ColumnList_Specified" fullName="SubSonic.Tests/SqlServerParserTests/Select_ColumnList_Specified" isTestCase="true">
                  <codeReference assembly="SubSonic.Tests, Version=2.2.1.0, Culture=neutral, PublicKeyToken=null" namespace="SubSonic.Tests.SqlQuery" type="SubSonic.Tests.SqlQuery.SqlServerParserTests" member="Select_ColumnList_Specified" />
                  <codeLocation path="C:\data\SubsonicRoot\ss2\SubSonic.Tests\SqlGenerators\SqlServerGeneratorTests.cs" line="27" />
                  <metadata>
                    <entry key="TestKind">
                      <value>Test</value>
                    </entry>
                  </metadata>
                  <children />
                  <parameters />
                </test>
                <test id="55d0b3a9aa2fc7b5" name="Remove_Column" fullName="SubSonic.Tests/SqlServerParserTests/Remove_Column" isTestCase="true">
                  <codeReference assembly="SubSonic.Tests, Version=2.2.1.0, Culture=neutral, PublicKeyToken=null" namespace="SubSonic.Tests.SqlQuery" type="SubSonic.Tests.SqlQuery.SqlServerParserTests" member="Remove_Column" />
                  <codeLocation path="C:\data\SubsonicRoot\ss2\SubSonic.Tests\SqlGenerators\SqlServerGeneratorTests.cs" line="288" />
                  <metadata>
                    <entry key="TestKind">
                      <value>Test</value>
                    </entry>
                  </metadata>
                  <children />
                  <parameters />
                </test>
                <test id="230b5d41c88cd9d3" name="Alter_Column" fullName="SubSonic.Tests/SqlServerParserTests/Alter_Column" isTestCase="true">
                  <codeReference assembly="SubSonic.Tests, Version=2.2.1.0, Culture=neutral, PublicKeyToken=null" namespace="SubSonic.Tests.SqlQuery" type="SubSonic.Tests.SqlQuery.SqlServerParserTests" member="Alter_Column" />
                  <codeLocation path="C:\data\SubsonicRoot\ss2\SubSonic.Tests\SqlGenerators\SqlServerGeneratorTests.cs" line="273" />
                  <metadata>
                    <entry key="TestKind">
                      <value>Test</value>
                    </entry>
                  </metadata>
                  <children />
                  <parameters />
                </test>
                <test id="a81dd1f180303cf2" name="Join_Unequal" fullName="SubSonic.Tests/SqlServerParserTests/Join_Unequal" isTestCase="true">
                  <codeReference assembly="SubSonic.Tests, Version=2.2.1.0, Culture=neutral, PublicKeyToken=null" namespace="SubSonic.Tests.SqlQuery" type="SubSonic.Tests.SqlQuery.SqlServerParserTests" member="Join_Unequal" />
                  <codeLocation path="C:\data\SubsonicRoot\ss2\SubSonic.Tests\SqlGenerators\SqlServerGeneratorTests.cs" line="228" />
                  <metadata>
                    <entry key="TestKind">
                      <value>Test</value>
                    </entry>
                  </metadata>
                  <children />
                  <parameters />
                </test>
                <test id="e8c503421ed75cc7" name="Where_Simple" fullName="SubSonic.Tests/SqlServerParserTests/Where_Simple" isTestCase="true">
                  <codeReference assembly="SubSonic.Tests, Version=2.2.1.0, Culture=neutral, PublicKeyToken=null" namespace="SubSonic.Tests.SqlQuery" type="SubSonic.Tests.SqlQuery.SqlServerParserTests" member="Where_Simple" />
                  <codeLocation path="C:\data\SubsonicRoot\ss2\SubSonic.Tests\SqlGenerators\SqlServerGeneratorTests.cs" line="81" />
                  <metadata>
                    <entry key="TestKind">
                      <value>Test</value>
                    </entry>
                  </metadata>
                  <children />
                  <parameters />
                </test>
                <test id="8e81f1b907805ac6" name="Where_And" fullName="SubSonic.Tests/SqlServerParserTests/Where_And" isTestCase="true">
                  <codeReference assembly="SubSonic.Tests, Version=2.2.1.0, Culture=neutral, PublicKeyToken=null" namespace="SubSonic.Tests.SqlQuery" type="SubSonic.Tests.SqlQuery.SqlServerParserTests" member="Where_And" />
                  <codeLocation path="C:\data\SubsonicRoot\ss2\SubSonic.Tests\SqlGenerators\SqlServerGeneratorTests.cs" line="90" />
                  <metadata>
                    <entry key="TestKind">
                      <value>Test</value>
                    </entry>
                  </metadata>
                  <children />
                  <parameters />
                </test>
                <test id="cd33398885417e68" name="Select_BetweenAnd" fullName="SubSonic.Tests/SqlServerParserTests/Select_BetweenAnd" isTestCase="true">
                  <codeReference assembly="SubSonic.Tests, Version=2.2.1.0, Culture=neutral, PublicKeyToken=null" namespace="SubSonic.Tests.SqlQuery" type="SubSonic.Tests.SqlQuery.SqlServerParserTests" member="Select_BetweenAnd" />
                  <codeLocation path="C:\data\SubsonicRoot\ss2\SubSonic.Tests\SqlGenerators\SqlServerGeneratorTests.cs" line="101" />
                  <metadata>
                    <entry key="TestKind">
                      <value>Test</value>
                    </entry>
                  </metadata>
                  <children />
                  <parameters />
                </test>
                <test id="93ecceb46b6af8ef" name="Join_CreateImplicit_Reversed" fullName="SubSonic.Tests/SqlServerParserTests/Join_CreateImplicit_Reversed" isTestCase="true">
                  <codeReference assembly="SubSonic.Tests, Version=2.2.1.0, Culture=neutral, PublicKeyToken=null" namespace="SubSonic.Tests.SqlQuery" type="SubSonic.Tests.SqlQuery.SqlServerParserTests" member="Join_CreateImplicit_Reversed" />
                  <codeLocation path="C:\data\SubsonicRoot\ss2\SubSonic.Tests\SqlGenerators\SqlServerGeneratorTests.cs" line="73" />
                  <metadata>
                    <entry key="TestKind">
                      <value>Test</value>
                    </entry>
                  </metadata>
                  <children />
                  <parameters />
                </test>
                <test id="9353a3d7f6f779c0" name="Select_Generate_FromList" fullName="SubSonic.Tests/SqlServerParserTests/Select_Generate_FromList" isTestCase="true">
                  <codeReference assembly="SubSonic.Tests, Version=2.2.1.0, Culture=neutral, PublicKeyToken=null" namespace="SubSonic.Tests.SqlQuery" type="SubSonic.Tests.SqlQuery.SqlServerParserTests" member="Select_Generate_FromList" />
                  <codeLocation path="C:\data\SubsonicRoot\ss2\SubSonic.Tests\SqlGenerators\SqlServerGeneratorTests.cs" line="38" />
                  <metadata>
                    <entry key="TestKind">
                      <value>Test</value>
                    </entry>
                  </metadata>
                  <children />
                  <parameters />
                </test>
                <test id="c16ca65665a60dcd" name="Select_Generate_JoinList" fullName="SubSonic.Tests/SqlServerParserTests/Select_Generate_JoinList" isTestCase="true">
                  <codeReference assembly="SubSonic.Tests, Version=2.2.1.0, Culture=neutral, PublicKeyToken=null" namespace="SubSonic.Tests.SqlQuery" type="SubSonic.Tests.SqlQuery.SqlServerParserTests" member="Select_Generate_JoinList" />
                  <codeLocation path="C:\data\SubsonicRoot\ss2\SubSonic.Tests\SqlGenerators\SqlServerGeneratorTests.cs" line="49" />
                  <metadata>
                    <entry key="TestKind">
                      <value>Test</value>
                    </entry>
                  </metadata>
                  <children />
                  <parameters />
                </test>
                <test id="6b04afe64d308ac5" name="Join_CreateImplicit" fullName="SubSonic.Tests/SqlServerParserTests/Join_CreateImplicit" isTestCase="true">
                  <codeReference assembly="SubSonic.Tests, Version=2.2.1.0, Culture=neutral, PublicKeyToken=null" namespace="SubSonic.Tests.SqlQuery" type="SubSonic.Tests.SqlQuery.SqlServerParserTests" member="Join_CreateImplicit" />
                  <codeLocation path="C:\data\SubsonicRoot\ss2\SubSonic.Tests\SqlGenerators\SqlServerGeneratorTests.cs" line="65" />
                  <metadata>
                    <entry key="TestKind">
                      <value>Test</value>
                    </entry>
                  </metadata>
                  <children />
                  <parameters />
                </test>
                <test id="fe33148885157218" name="Aggregate_Count" fullName="SubSonic.Tests/SqlServerParserTests/Aggregate_Count" isTestCase="true">
                  <codeReference assembly="SubSonic.Tests, Version=2.2.1.0, Culture=neutral, PublicKeyToken=null" namespace="SubSonic.Tests.SqlQuery" type="SubSonic.Tests.SqlQuery.SqlServerParserTests" member="Aggregate_Count" />
                  <codeLocation path="C:\data\SubsonicRoot\ss2\SubSonic.Tests\SqlGenerators\SqlServerGeneratorTests.cs" line="111" />
                  <metadata>
                    <entry key="TestKind">
                      <value>Test</value>
                    </entry>
                  </metadata>
                  <children />
                  <parameters />
                </test>
                <test id="ad7e1ee716b970b" name="Select_IN" fullName="SubSonic.Tests/SqlServerParserTests/Select_IN" isTestCase="true">
                  <codeReference assembly="SubSonic.Tests, Version=2.2.1.0, Culture=neutral, PublicKeyToken=null" namespace="SubSonic.Tests.SqlQuery" type="SubSonic.Tests.SqlQuery.SqlServerParserTests" member="Select_IN" />
                  <codeLocation path="C:\data\SubsonicRoot\ss2\SubSonic.Tests\SqlGenerators\SqlServerGeneratorTests.cs" line="196" />
                  <metadata>
                    <entry key="TestKind">
                      <value>Test</value>
                    </entry>
                  </metadata>
                  <children />
                  <parameters />
                </test>
                <test id="14656463e04d232d" name="Join_RightOuter" fullName="SubSonic.Tests/SqlServerParserTests/Join_RightOuter" isTestCase="true">
                  <codeReference assembly="SubSonic.Tests, Version=2.2.1.0, Culture=neutral, PublicKeyToken=null" namespace="SubSonic.Tests.SqlQuery" type="SubSonic.Tests.SqlQuery.SqlServerParserTests" member="Join_RightOuter" />
                  <codeLocation path="C:\data\SubsonicRoot\ss2\SubSonic.Tests\SqlGenerators\SqlServerGeneratorTests.cs" line="204" />
                  <metadata>
                    <entry key="TestKind">
                      <value>Test</value>
                    </entry>
                  </metadata>
                  <children />
                  <parameters />
                </test>
                <test id="145dc48b903294de" name="Join_Cross" fullName="SubSonic.Tests/SqlServerParserTests/Join_Cross" isTestCase="true">
                  <codeReference assembly="SubSonic.Tests, Version=2.2.1.0, Culture=neutral, PublicKeyToken=null" namespace="SubSonic.Tests.SqlQuery" type="SubSonic.Tests.SqlQuery.SqlServerParserTests" member="Join_Cross" />
                  <codeLocation path="C:\data\SubsonicRoot\ss2\SubSonic.Tests\SqlGenerators\SqlServerGeneratorTests.cs" line="216" />
                  <metadata>
                    <entry key="TestKind">
                      <value>Test</value>
                    </entry>
                  </metadata>
                  <children />
                  <parameters />
                </test>
                <test id="5fa0547ca29e973d" name="Select_PagedWithAggregate" fullName="SubSonic.Tests/SqlServerParserTests/Select_PagedWithAggregate" isTestCase="true">
                  <codeReference assembly="SubSonic.Tests, Version=2.2.1.0, Culture=neutral, PublicKeyToken=null" namespace="SubSonic.Tests.SqlQuery" type="SubSonic.Tests.SqlQuery.SqlServerParserTests" member="Select_PagedWithAggregate" />
                  <codeLocation path="C:\data\SubsonicRoot\ss2\SubSonic.Tests\SqlGenerators\SqlServerGeneratorTests.cs" line="178" />
                  <metadata>
                    <entry key="TestKind">
                      <value>Test</value>
                    </entry>
                  </metadata>
                  <children />
                  <parameters />
                </test>
                <test id="11814d6ca25ebd6" name="Where_Expression" fullName="SubSonic.Tests/SqlServerParserTests/Where_Expression" isTestCase="true">
                  <codeReference assembly="SubSonic.Tests, Version=2.2.1.0, Culture=neutral, PublicKeyToken=null" namespace="SubSonic.Tests.SqlQuery" type="SubSonic.Tests.SqlQuery.SqlServerParserTests" member="Where_Expression" />
                  <codeLocation path="C:\data\SubsonicRoot\ss2\SubSonic.Tests\SqlGenerators\SqlServerGeneratorTests.cs" line="126" />
                  <metadata>
                    <entry key="TestKind">
                      <value>Test</value>
                    </entry>
                  </metadata>
                  <children />
                  <parameters />
                </test>
                <test id="82c6a08c439adfeb" name="Select_Expression" fullName="SubSonic.Tests/SqlServerParserTests/Select_Expression" isTestCase="true">
                  <codeReference assembly="SubSonic.Tests, Version=2.2.1.0, Culture=neutral, PublicKeyToken=null" namespace="SubSonic.Tests.SqlQuery" type="SubSonic.Tests.SqlQuery.SqlServerParserTests" member="Select_Expression" />
                  <codeLocation path="C:\data\SubsonicRoot\ss2\SubSonic.Tests\SqlGenerators\SqlServerGeneratorTests.cs" line="138" />
                  <metadata>
                    <entry key="TestKind">
                      <value>Test</value>
                    </entry>
                  </metadata>
                  <children />
                  <parameters />
                </test>
                <test id="f8b3de9ebe602bca" name="Select_Paged" fullName="SubSonic.Tests/SqlServerParserTests/Select_Paged" isTestCase="true">
                  <codeReference assembly="SubSonic.Tests, Version=2.2.1.0, Culture=neutral, PublicKeyToken=null" namespace="SubSonic.Tests.SqlQuery" type="SubSonic.Tests.SqlQuery.SqlServerParserTests" member="Select_Paged" />
                  <codeLocation path="C:\data\SubsonicRoot\ss2\SubSonic.Tests\SqlGenerators\SqlServerGeneratorTests.cs" line="157" />
                  <metadata>
                    <entry key="TestKind">
                      <value>Test</value>
                    </entry>
                  </metadata>
                  <children />
                  <parameters />
                </test>
              </children>
              <parameters />
            </test>
            <test id="880abdbef59a7034" name="TransactionWithDtcOffTests" fullName="SubSonic.Tests/TransactionWithDtcOffTests" isTestCase="false">
              <codeReference assembly="SubSonic.Tests, Version=2.2.1.0, Culture=neutral, PublicKeyToken=null" namespace="SubSonic.Tests" type="SubSonic.Tests.TransactionWithDtcOffTests" />
              <codeLocation path="C:\data\SubsonicRoot\ss2\SubSonic.Tests\TransactionWithDtcOffTests.cs" />
              <metadata>
                <entry key="TestKind">
                  <value>Fixture</value>
                </entry>
              </metadata>
              <children>
                <test id="d05195082be18aed" name="RetrieveMultipleProducts_FailsWithoutSharedConnection" fullName="SubSonic.Tests/TransactionWithDtcOffTests/RetrieveMultipleProducts_FailsWithoutSharedConnection" isTestCase="true">
                  <codeReference assembly="SubSonic.Tests, Version=2.2.1.0, Culture=neutral, PublicKeyToken=null" namespace="SubSonic.Tests" type="SubSonic.Tests.TransactionWithDtcOffTests" member="RetrieveMultipleProducts_FailsWithoutSharedConnection" />
                  <codeLocation path="C:\data\SubsonicRoot\ss2\SubSonic.Tests\TransactionWithDtcOffTests.cs" line="78" />
                  <metadata>
                    <entry key="TestKind">
                      <value>Test</value>
                    </entry>
                  </metadata>
                  <children />
                  <parameters />
                </test>
                <test id="33bc997a3d7805bc" name="CanRetrieveMultipleEntities_FailsWithoutSharedConnectionScope" fullName="SubSonic.Tests/TransactionWithDtcOffTests/CanRetrieveMultipleEntities_FailsWithoutSharedConnectionScope" isTestCase="true">
                  <codeReference assembly="SubSonic.Tests, Version=2.2.1.0, Culture=neutral, PublicKeyToken=null" namespace="SubSonic.Tests" type="SubSonic.Tests.TransactionWithDtcOffTests" member="CanRetrieveMultipleEntities_FailsWithoutSharedConnectionScope" />
                  <codeLocation path="C:\data\SubsonicRoot\ss2\SubSonic.Tests\TransactionWithDtcOffTests.cs" line="104" />
                  <metadata>
                    <entry key="TestKind">
                      <value>Test</value>
                    </entry>
                  </metadata>
                  <children />
                  <parameters />
                </test>
                <test id="710aa2d766b9c833" name="CanRetrieveMultipleEntities_SucceedsWithSharedConnectionScope" fullName="SubSonic.Tests/TransactionWithDtcOffTests/CanRetrieveMultipleEntities_SucceedsWithSharedConnectionScope" isTestCase="true">
                  <codeReference assembly="SubSonic.Tests, Version=2.2.1.0, Culture=neutral, PublicKeyToken=null" namespace="SubSonic.Tests" type="SubSonic.Tests.TransactionWithDtcOffTests" member="CanRetrieveMultipleEntities_SucceedsWithSharedConnectionScope" />
                  <codeLocation path="C:\data\SubsonicRoot\ss2\SubSonic.Tests\TransactionWithDtcOffTests.cs" line="135" />
                  <metadata>
                    <entry key="TestKind">
                      <value>Test</value>
                    </entry>
                  </metadata>
                  <children />
                  <parameters />
                </test>
                <test id="9053402acf9b34da" name="NoTransactionScope_CanRetrieveSingleProduct" fullName="SubSonic.Tests/TransactionWithDtcOffTests/NoTransactionScope_CanRetrieveSingleProduct" isTestCase="true">
                  <codeReference assembly="SubSonic.Tests, Version=2.2.1.0, Culture=neutral, PublicKeyToken=null" namespace="SubSonic.Tests" type="SubSonic.Tests.TransactionWithDtcOffTests" member="NoTransactionScope_CanRetrieveSingleProduct" />
                  <codeLocation path="C:\data\SubsonicRoot\ss2\SubSonic.Tests\TransactionWithDtcOffTests.cs" line="55" />
                  <metadata>
                    <entry key="TestKind">
                      <value>Test</value>
                    </entry>
                  </metadata>
                  <children />
                  <parameters />
                </test>
                <test id="974661575d438355" name="NoTransactionScope_CanRetrieveMultipleProducts" fullName="SubSonic.Tests/TransactionWithDtcOffTests/NoTransactionScope_CanRetrieveMultipleProducts" isTestCase="true">
                  <codeReference assembly="SubSonic.Tests, Version=2.2.1.0, Culture=neutral, PublicKeyToken=null" namespace="SubSonic.Tests" type="SubSonic.Tests.TransactionWithDtcOffTests" member="NoTransactionScope_CanRetrieveMultipleProducts" />
                  <codeLocation path="C:\data\SubsonicRoot\ss2\SubSonic.Tests\TransactionWithDtcOffTests.cs" line="65" />
                  <metadata>
                    <entry key="TestKind">
                      <value>Test</value>
                    </entry>
                  </metadata>
                  <children />
                  <parameters />
                </test>
                <test id="c1645f8c4a9f20ab" name="UpdateSingleProduct_SucceedsUsingSharedConnection" fullName="SubSonic.Tests/TransactionWithDtcOffTests/UpdateSingleProduct_SucceedsUsingSharedConnection" isTestCase="true">
                  <codeReference assembly="SubSonic.Tests, Version=2.2.1.0, Culture=neutral, PublicKeyToken=null" namespace="SubSonic.Tests" type="SubSonic.Tests.TransactionWithDtcOffTests" member="UpdateSingleProduct_SucceedsUsingSharedConnection" />
                  <codeLocation path="C:\data\SubsonicRoot\ss2\SubSonic.Tests\TransactionWithDtcOffTests.cs" line="159" />
                  <metadata>
                    <entry key="TestKind">
                      <value>Test</value>
                    </entry>
                  </metadata>
                  <children />
                  <parameters />
                </test>
                <test id="2bfb29567a8c1e0a" name="UpdateMultipleProducts_FailsWithoutSharedConnection" fullName="SubSonic.Tests/TransactionWithDtcOffTests/UpdateMultipleProducts_FailsWithoutSharedConnection" isTestCase="true">
                  <codeReference assembly="SubSonic.Tests, Version=2.2.1.0, Culture=neutral, PublicKeyToken=null" namespace="SubSonic.Tests" type="SubSonic.Tests.TransactionWithDtcOffTests" member="UpdateMultipleProducts_FailsWithoutSharedConnection" />
                  <codeLocation path="C:\data\SubsonicRoot\ss2\SubSonic.Tests\TransactionWithDtcOffTests.cs" line="243" />
                  <metadata>
                    <entry key="TestKind">
                      <value>Test</value>
                    </entry>
                  </metadata>
                  <children />
                  <parameters />
                </test>
                <test id="cf8c2b87e86a6e43" name="UpdateMultipleProducts_SucceedsWithSharedConnection" fullName="SubSonic.Tests/TransactionWithDtcOffTests/UpdateMultipleProducts_SucceedsWithSharedConnection" isTestCase="true">
                  <codeReference assembly="SubSonic.Tests, Version=2.2.1.0, Culture=neutral, PublicKeyToken=null" namespace="SubSonic.Tests" type="SubSonic.Tests.TransactionWithDtcOffTests" member="UpdateMultipleProducts_SucceedsWithSharedConnection" />
                  <codeLocation path="C:\data\SubsonicRoot\ss2\SubSonic.Tests\TransactionWithDtcOffTests.cs" line="266" />
                  <metadata>
                    <entry key="TestKind">
                      <value>Test</value>
                    </entry>
                  </metadata>
                  <children />
                  <parameters />
                </test>
                <test id="bf6fc463aa4691af" name="CanNestSharedConnections" fullName="SubSonic.Tests/TransactionWithDtcOffTests/CanNestSharedConnections" isTestCase="true">
                  <codeReference assembly="SubSonic.Tests, Version=2.2.1.0, Culture=neutral, PublicKeyToken=null" namespace="SubSonic.Tests" type="SubSonic.Tests.TransactionWithDtcOffTests" member="CanNestSharedConnections" />
                  <codeLocation path="C:\data\SubsonicRoot\ss2\SubSonic.Tests\TransactionWithDtcOffTests.cs" line="288" />
                  <metadata>
                    <entry key="TestKind">
                      <value>Test</value>
                    </entry>
                  </metadata>
                  <children />
                  <parameters />
                </test>
                <test id="8e42c869bec9e786" name="UpdateSingleProductRetrieveMultipleProducts_FailsWithoutSharedConnection" fullName="SubSonic.Tests/TransactionWithDtcOffTests/UpdateSingleProductRetrieveMultipleProducts_FailsWithoutSharedConnection" isTestCase="true">
                  <codeReference assembly="SubSonic.Tests, Version=2.2.1.0, Culture=neutral, PublicKeyToken=null" namespace="SubSonic.Tests" type="SubSonic.Tests.TransactionWithDtcOffTests" member="UpdateSingleProductRetrieveMultipleProducts_FailsWithoutSharedConnection" />
                  <codeLocation path="C:\data\SubsonicRoot\ss2\SubSonic.Tests\TransactionWithDtcOffTests.cs" line="172" />
                  <metadata>
                    <entry key="TestKind">
                      <value>Test</value>
                    </entry>
                  </metadata>
                  <children />
                  <parameters />
                </test>
                <test id="32f81b0fb6408d6e" name="UpdateSingleProductRetrieveMultipleProducts_SucceedsWithSharedConnection" fullName="SubSonic.Tests/TransactionWithDtcOffTests/UpdateSingleProductRetrieveMultipleProducts_SucceedsWithSharedConnection" isTestCase="true">
                  <codeReference assembly="SubSonic.Tests, Version=2.2.1.0, Culture=neutral, PublicKeyToken=null" namespace="SubSonic.Tests" type="SubSonic.Tests.TransactionWithDtcOffTests" member="UpdateSingleProductRetrieveMultipleProducts_SucceedsWithSharedConnection" />
                  <codeLocation path="C:\data\SubsonicRoot\ss2\SubSonic.Tests\TransactionWithDtcOffTests.cs" line="197" />
                  <metadata>
                    <entry key="TestKind">
                      <value>Test</value>
                    </entry>
                  </metadata>
                  <children />
                  <parameters />
                </test>
                <test id="f61847d15bae9d7c" name="UpdateSingleProduct_CommitChangeToDatabase" fullName="SubSonic.Tests/TransactionWithDtcOffTests/UpdateSingleProduct_CommitChangeToDatabase" isTestCase="true">
                  <codeReference assembly="SubSonic.Tests, Version=2.2.1.0, Culture=neutral, PublicKeyToken=null" namespace="SubSonic.Tests" type="SubSonic.Tests.TransactionWithDtcOffTests" member="UpdateSingleProduct_CommitChangeToDatabase" />
                  <codeLocation path="C:\data\SubsonicRoot\ss2\SubSonic.Tests\TransactionWithDtcOffTests.cs" line="219" />
                  <metadata>
                    <entry key="TestKind">
                      <value>Test</value>
                    </entry>
                  </metadata>
                  <children />
                  <parameters />
                </test>
              </children>
              <parameters />
            </test>
            <test id="6588e506eeb48f18" name="UpdateTests" fullName="SubSonic.Tests/UpdateTests" isTestCase="false">
              <codeReference assembly="SubSonic.Tests, Version=2.2.1.0, Culture=neutral, PublicKeyToken=null" namespace="SubSonic.Tests.SqlQuery" type="SubSonic.Tests.SqlQuery.UpdateTests" />
              <codeLocation path="C:\data\SubsonicRoot\ss2\SubSonic.Tests\SqlQuery\UpdateTests.cs" />
              <metadata>
                <entry key="TestKind">
                  <value>Fixture</value>
                </entry>
              </metadata>
              <children>
                <test id="7643c0325899aef5" name="Update_SimpleSqlCheck" fullName="SubSonic.Tests/UpdateTests/Update_SimpleSqlCheck" isTestCase="true">
                  <codeReference assembly="SubSonic.Tests, Version=2.2.1.0, Culture=neutral, PublicKeyToken=null" namespace="SubSonic.Tests.SqlQuery" type="SubSonic.Tests.SqlQuery.UpdateTests" member="Update_SimpleSqlCheck" />
                  <codeLocation path="C:\data\SubsonicRoot\ss2\SubSonic.Tests\SqlQuery\UpdateTests.cs" line="27" />
                  <metadata>
                    <entry key="TestKind">
                      <value>Test</value>
                    </entry>
                  </metadata>
                  <children />
                  <parameters />
                </test>
                <test id="f7fa1b357aa3059d" name="Update_Simple" fullName="SubSonic.Tests/UpdateTests/Update_Simple" isTestCase="true">
                  <codeReference assembly="SubSonic.Tests, Version=2.2.1.0, Culture=neutral, PublicKeyToken=null" namespace="SubSonic.Tests.SqlQuery" type="SubSonic.Tests.SqlQuery.UpdateTests" member="Update_Simple" />
                  <codeLocation path="C:\data\SubsonicRoot\ss2\SubSonic.Tests\SqlQuery\UpdateTests.cs" line="35" />
                  <metadata>
                    <entry key="TestKind">
                      <value>Test</value>
                    </entry>
                  </metadata>
                  <children />
                  <parameters />
                </test>
                <test id="9018805426534641" name="Update_SimpleTyped" fullName="SubSonic.Tests/UpdateTests/Update_SimpleTyped" isTestCase="true">
                  <codeReference assembly="SubSonic.Tests, Version=2.2.1.0, Culture=neutral, PublicKeyToken=null" namespace="SubSonic.Tests.SqlQuery" type="SubSonic.Tests.SqlQuery.UpdateTests" member="Update_SimpleTyped" />
                  <codeLocation path="C:\data\SubsonicRoot\ss2\SubSonic.Tests\SqlQuery\UpdateTests.cs" line="74" />
                  <metadata>
                    <entry key="TestKind">
                      <value>Test</value>
                    </entry>
                  </metadata>
                  <children />
                  <parameters />
                </test>
                <test id="1c84229c354ae60d" name="Update_Expression" fullName="SubSonic.Tests/UpdateTests/Update_Expression" isTestCase="true">
                  <codeReference assembly="SubSonic.Tests, Version=2.2.1.0, Culture=neutral, PublicKeyToken=null" namespace="SubSonic.Tests.SqlQuery" type="SubSonic.Tests.SqlQuery.UpdateTests" member="Update_Expression" />
                  <codeLocation path="C:\data\SubsonicRoot\ss2\SubSonic.Tests\SqlQuery\UpdateTests.cs" line="52" />
                  <metadata>
                    <entry key="TestKind">
                      <value>Test</value>
                    </entry>
                  </metadata>
                  <children />
                  <parameters />
                </test>
              </children>
              <parameters />
            </test>
            <test id="973cf89c2152aa4a" name="ActiveRecordTest" fullName="SubSonic.Tests/ActiveRecordTest" isTestCase="false">
              <codeReference assembly="SubSonic.Tests, Version=2.2.1.0, Culture=neutral, PublicKeyToken=null" namespace="SubSonic.Tests" type="SubSonic.Tests.ActiveRecordTest" />
              <codeLocation path="C:\data\SubsonicRoot\ss2\SubSonic.Tests\ActiveRecordTest.cs" />
              <metadata>
                <entry key="TestKind">
                  <value>Fixture</value>
                </entry>
              </metadata>
              <children>
                <test id="79f2d4a9b8bf6477" name="Products_CollectionLoad" fullName="SubSonic.Tests/ActiveRecordTest/Products_CollectionLoad" isTestCase="true">
                  <codeReference assembly="SubSonic.Tests, Version=2.2.1.0, Culture=neutral, PublicKeyToken=null" namespace="SubSonic.Tests" type="SubSonic.Tests.ActiveRecordTest" member="Products_CollectionLoad" />
                  <codeLocation path="C:\data\SubsonicRoot\ss2\SubSonic.Tests\ActiveRecordTest.cs" line="116" />
                  <metadata>
                    <entry key="TestKind">
                      <value>Test</value>
                    </entry>
                  </metadata>
                  <children />
                  <parameters />
                </test>
                <test id="7d081ada19736f13" name="GetNewCommand" fullName="SubSonic.Tests/ActiveRecordTest/GetNewCommand" isTestCase="true">
                  <codeReference assembly="SubSonic.Tests, Version=2.2.1.0, Culture=neutral, PublicKeyToken=null" namespace="SubSonic.Tests" type="SubSonic.Tests.ActiveRecordTest" member="GetNewCommand" />
                  <codeLocation path="C:\data\SubsonicRoot\ss2\SubSonic.Tests\ActiveRecordTest.cs" line="132" />
                  <metadata>
                    <entry key="TestKind">
                      <value>Test</value>
                    </entry>
                  </metadata>
                  <children />
                  <parameters />
                </test>
                <test id="9c01227d5c205df6" name="Products_Crud" fullName="SubSonic.Tests/ActiveRecordTest/Products_Crud" isTestCase="true">
                  <codeReference assembly="SubSonic.Tests, Version=2.2.1.0, Culture=neutral, PublicKeyToken=null" namespace="SubSonic.Tests" type="SubSonic.Tests.ActiveRecordTest" member="Products_Crud" />
                  <codeLocation path="C:\data\SubsonicRoot\ss2\SubSonic.Tests\ActiveRecordTest.cs" line="51" />
                  <metadata>
                    <entry key="TestKind">
                      <value>Test</value>
                    </entry>
                  </metadata>
                  <children />
                  <parameters />
                </test>
                <test id="bc00b0d557b094a9" name="Products_NullCrud" fullName="SubSonic.Tests/ActiveRecordTest/Products_NullCrud" isTestCase="true">
                  <codeReference assembly="SubSonic.Tests, Version=2.2.1.0, Culture=neutral, PublicKeyToken=null" namespace="SubSonic.Tests" type="SubSonic.Tests.ActiveRecordTest" member="Products_NullCrud" />
                  <codeLocation path="C:\data\SubsonicRoot\ss2\SubSonic.Tests\ActiveRecordTest.cs" line="74" />
                  <metadata>
                    <entry key="TestKind">
                      <value>Test</value>
                    </entry>
                  </metadata>
                  <children />
                  <parameters />
                </test>
                <test id="417c38654e97c64e" name="GetUpdateCommand" fullName="SubSonic.Tests/ActiveRecordTest/GetUpdateCommand" isTestCase="true">
                  <codeReference assembly="SubSonic.Tests, Version=2.2.1.0, Culture=neutral, PublicKeyToken=null" namespace="SubSonic.Tests" type="SubSonic.Tests.ActiveRecordTest" member="GetUpdateCommand" />
                  <codeLocation path="C:\data\SubsonicRoot\ss2\SubSonic.Tests\ActiveRecordTest.cs" line="145" />
                  <metadata>
                    <entry key="TestKind">
                      <value>Test</value>
                    </entry>
                  </metadata>
                  <children />
                  <parameters />
                </test>
                <test id="95ba428346d485c8" name="DirtyColumnsExist" fullName="SubSonic.Tests/ActiveRecordTest/DirtyColumnsExist" isTestCase="true">
                  <codeReference assembly="SubSonic.Tests, Version=2.2.1.0, Culture=neutral, PublicKeyToken=null" namespace="SubSonic.Tests" type="SubSonic.Tests.ActiveRecordTest" member="DirtyColumnsExist" />
                  <codeLocation path="C:\data\SubsonicRoot\ss2\SubSonic.Tests\ActiveRecordTest.cs" line="257" />
                  <metadata>
                    <entry key="TestKind">
                      <value>Test</value>
                    </entry>
                  </metadata>
                  <children />
                  <parameters />
                </test>
                <test id="ab826f791528530e" name="GetNoChangesCommand" fullName="SubSonic.Tests/ActiveRecordTest/GetNoChangesCommand" isTestCase="true">
                  <codeReference assembly="SubSonic.Tests, Version=2.2.1.0, Culture=neutral, PublicKeyToken=null" namespace="SubSonic.Tests" type="SubSonic.Tests.ActiveRecordTest" member="GetNoChangesCommand" />
                  <codeLocation path="C:\data\SubsonicRoot\ss2\SubSonic.Tests\ActiveRecordTest.cs" line="161" />
                  <metadata>
                    <entry key="TestKind">
                      <value>Test</value>
                    </entry>
                  </metadata>
                  <children />
                  <parameters />
                </test>
                <test id="69b78c9817173632" name="SaveWhenNotDirty" fullName="SubSonic.Tests/ActiveRecordTest/SaveWhenNotDirty" isTestCase="true">
                  <codeReference assembly="SubSonic.Tests, Version=2.2.1.0, Culture=neutral, PublicKeyToken=null" namespace="SubSonic.Tests" type="SubSonic.Tests.ActiveRecordTest" member="SaveWhenNotDirty" />
                  <codeLocation path="C:\data\SubsonicRoot\ss2\SubSonic.Tests\ActiveRecordTest.cs" line="176" />
                  <metadata>
                    <entry key="TestKind">
                      <value>Test</value>
                    </entry>
                  </metadata>
                  <children />
                  <parameters />
                </test>
              </children>
              <parameters />
            </test>
            <test id="f44040825e281a9b" name="ForeignKeyTests" fullName="SubSonic.Tests/ForeignKeyTests" isTestCase="false">
              <codeReference assembly="SubSonic.Tests, Version=2.2.1.0, Culture=neutral, PublicKeyToken=null" namespace="SubSonic.Tests" type="SubSonic.Tests.ForeignKeyTests" />
              <codeLocation path="C:\data\SubsonicRoot\ss2\SubSonic.Tests\ForeignKeyTests.cs" />
              <metadata>
                <entry key="TestKind">
                  <value>Fixture</value>
                </entry>
              </metadata>
              <children>
                <test id="b91e0145401cd49" name="FK_LoadForeignKeys" fullName="SubSonic.Tests/ForeignKeyTests/FK_LoadForeignKeys" isTestCase="true">
                  <codeReference assembly="SubSonic.Tests, Version=2.2.1.0, Culture=neutral, PublicKeyToken=null" namespace="SubSonic.Tests" type="SubSonic.Tests.ForeignKeyTests" member="FK_LoadForeignKeys" />
                  <codeLocation path="C:\data\SubsonicRoot\ss2\SubSonic.Tests\ForeignKeyTests.cs" line="49" />
                  <metadata>
                    <entry key="TestKind">
                      <value>Test</value>
                    </entry>
                  </metadata>
                  <children />
                  <parameters />
                </test>
                <test id="9e8326ab86d748d5" name="FK_Properties" fullName="SubSonic.Tests/ForeignKeyTests/FK_Properties" isTestCase="true">
                  <codeReference assembly="SubSonic.Tests, Version=2.2.1.0, Culture=neutral, PublicKeyToken=null" namespace="SubSonic.Tests" type="SubSonic.Tests.ForeignKeyTests" member="FK_Properties" />
                  <codeLocation path="C:\data\SubsonicRoot\ss2\SubSonic.Tests\ForeignKeyTests.cs" line="69" />
                  <metadata>
                    <entry key="TestKind">
                      <value>Test</value>
                    </entry>
                  </metadata>
                  <children />
                  <parameters />
                </test>
                <test id="92c9a636a95bead0" name="FK_KeyCount" fullName="SubSonic.Tests/ForeignKeyTests/FK_KeyCount" isTestCase="true">
                  <codeReference assembly="SubSonic.Tests, Version=2.2.1.0, Culture=neutral, PublicKeyToken=null" namespace="SubSonic.Tests" type="SubSonic.Tests.ForeignKeyTests" member="FK_KeyCount" />
                  <codeLocation path="C:\data\SubsonicRoot\ss2\SubSonic.Tests\ForeignKeyTests.cs" line="59" />
                  <metadata>
                    <entry key="TestKind">
                      <value>Test</value>
                    </entry>
                  </metadata>
                  <children />
                  <parameters />
                </test>
              </children>
              <parameters />
            </test>
            <test id="ad7c7598a63cd1b4" name="ETL" fullName="SubSonic.Tests/ETL" isTestCase="false">
              <codeReference assembly="SubSonic.Tests, Version=2.2.1.0, Culture=neutral, PublicKeyToken=null" namespace="SubSonic.Tests" type="SubSonic.Tests.ETL" />
              <codeLocation path="C:\data\SubsonicRoot\ss2\SubSonic.Tests\ETL.cs" />
              <metadata>
                <entry key="TestKind">
                  <value>Fixture</value>
                </entry>
              </metadata>
              <children>
                <test id="f24ece17abffb775" name="ETL_CloneInstance" fullName="SubSonic.Tests/ETL/ETL_CloneInstance" isTestCase="true">
                  <codeReference assembly="SubSonic.Tests, Version=2.2.1.0, Culture=neutral, PublicKeyToken=null" namespace="SubSonic.Tests" type="SubSonic.Tests.ETL" member="ETL_CloneInstance" />
                  <codeLocation path="C:\data\SubsonicRoot\ss2\SubSonic.Tests\ETL.cs" line="50" />
                  <metadata>
                    <entry key="TestKind">
                      <value>Test</value>
                    </entry>
                  </metadata>
                  <children />
                  <parameters />
                </test>
                <test id="cbceecda1b6cb0f4" name="ETL_CloneCollection" fullName="SubSonic.Tests/ETL/ETL_CloneCollection" isTestCase="true">
                  <codeReference assembly="SubSonic.Tests, Version=2.2.1.0, Culture=neutral, PublicKeyToken=null" namespace="SubSonic.Tests" type="SubSonic.Tests.ETL" member="ETL_CloneCollection" />
                  <codeLocation path="C:\data\SubsonicRoot\ss2\SubSonic.Tests\ETL.cs" line="63" />
                  <metadata>
                    <entry key="TestKind">
                      <value>Test</value>
                    </entry>
                  </metadata>
                  <children />
                  <parameters />
                </test>
                <test id="6377c57e3d83cf09" name="ETL_CollectionToTable" fullName="SubSonic.Tests/ETL/ETL_CollectionToTable" isTestCase="true">
                  <codeReference assembly="SubSonic.Tests, Version=2.2.1.0, Culture=neutral, PublicKeyToken=null" namespace="SubSonic.Tests" type="SubSonic.Tests.ETL" member="ETL_CollectionToTable" />
                  <codeLocation path="C:\data\SubsonicRoot\ss2\SubSonic.Tests\ETL.cs" line="89" />
                  <metadata>
                    <entry key="TestKind">
                      <value>Test</value>
                    </entry>
                  </metadata>
                  <children />
                  <parameters />
                </test>
                <test id="cbb6eb256b8756a6" name="ETL_CopyCollection" fullName="SubSonic.Tests/ETL/ETL_CopyCollection" isTestCase="true">
                  <codeReference assembly="SubSonic.Tests, Version=2.2.1.0, Culture=neutral, PublicKeyToken=null" namespace="SubSonic.Tests" type="SubSonic.Tests.ETL" member="ETL_CopyCollection" />
                  <codeLocation path="C:\data\SubsonicRoot\ss2\SubSonic.Tests\ETL.cs" line="76" />
                  <metadata>
                    <entry key="TestKind">
                      <value>Test</value>
                    </entry>
                  </metadata>
                  <children />
                  <parameters />
                </test>
              </children>
              <parameters />
            </test>
            <test id="6ab4f5328a9660aa" name="InsertTests" fullName="SubSonic.Tests/InsertTests" isTestCase="false">
              <codeReference assembly="SubSonic.Tests, Version=2.2.1.0, Culture=neutral, PublicKeyToken=null" namespace="SubSonic.Tests.SqlQuery" type="SubSonic.Tests.SqlQuery.InsertTests" />
              <codeLocation path="C:\data\SubsonicRoot\ss2\SubSonic.Tests\SqlQuery\InsertTests.cs" />
              <metadata>
                <entry key="TestKind">
                  <value>Fixture</value>
                </entry>
              </metadata>
              <children>
                <test id="b303b9ae8f12c2ea" name="Insert_Simple" fullName="SubSonic.Tests/InsertTests/Insert_Simple" isTestCase="true">
                  <codeReference assembly="SubSonic.Tests, Version=2.2.1.0, Culture=neutral, PublicKeyToken=null" namespace="SubSonic.Tests.SqlQuery" type="SubSonic.Tests.SqlQuery.InsertTests" member="Insert_Simple" />
                  <codeLocation path="C:\data\SubsonicRoot\ss2\SubSonic.Tests\SqlQuery\InsertTests.cs" line="29" />
                  <metadata>
                    <entry key="TestKind">
                      <value>Test</value>
                    </entry>
                  </metadata>
                  <children />
                  <parameters />
                </test>
                <test id="ae153abf92394a57" name="Insert_SimpleWithSelectAndSchema" fullName="SubSonic.Tests/InsertTests/Insert_SimpleWithSelectAndSchema" isTestCase="true">
                  <codeReference assembly="SubSonic.Tests, Version=2.2.1.0, Culture=neutral, PublicKeyToken=null" namespace="SubSonic.Tests.SqlQuery" type="SubSonic.Tests.SqlQuery.InsertTests" member="Insert_SimpleWithSelectAndSchema" />
                  <codeLocation path="C:\data\SubsonicRoot\ss2\SubSonic.Tests\SqlQuery\InsertTests.cs" line="49" />
                  <metadata>
                    <entry key="TestKind">
                      <value>Test</value>
                    </entry>
                  </metadata>
                  <children />
                  <parameters />
                </test>
                <test id="b6299421cf76c62f" name="Insert_SimpleWithSelect" fullName="SubSonic.Tests/InsertTests/Insert_SimpleWithSelect" isTestCase="true">
                  <codeReference assembly="SubSonic.Tests, Version=2.2.1.0, Culture=neutral, PublicKeyToken=null" namespace="SubSonic.Tests.SqlQuery" type="SubSonic.Tests.SqlQuery.InsertTests" member="Insert_SimpleWithSelect" />
                  <codeLocation path="C:\data\SubsonicRoot\ss2\SubSonic.Tests\SqlQuery\InsertTests.cs" line="38" />
                  <metadata>
                    <entry key="TestKind">
                      <value>Test</value>
                    </entry>
                  </metadata>
                  <children />
                  <parameters />
                </test>
              </children>
              <parameters />
            </test>
            <test id="830415a07fe92f82" name="TurboTemplateTests" fullName="SubSonic.Tests/TurboTemplateTests" isTestCase="false">
              <codeReference assembly="SubSonic.Tests, Version=2.2.1.0, Culture=neutral, PublicKeyToken=null" namespace="SubSonic.Tests" type="SubSonic.Tests.TurboTemplateTests" />
              <codeLocation path="C:\data\SubsonicRoot\ss2\SubSonic.Tests\TurboTemplateTests.cs" />
              <metadata>
                <entry key="TestKind">
                  <value>Fixture</value>
                </entry>
              </metadata>
              <children>
                <test id="47fa02932e4efe5c" name="AssemblyDirectiveIsStrippedFromTemplate" fullName="SubSonic.Tests/TurboTemplateTests/AssemblyDirectiveIsStrippedFromTemplate" isTestCase="true">
                  <codeReference assembly="SubSonic.Tests, Version=2.2.1.0, Culture=neutral, PublicKeyToken=null" namespace="SubSonic.Tests" type="SubSonic.Tests.TurboTemplateTests" member="AssemblyDirectiveIsStrippedFromTemplate" />
                  <codeLocation path="C:\data\SubsonicRoot\ss2\SubSonic.Tests\TurboTemplateTests.cs" line="45" />
                  <metadata>
                    <entry key="TestKind">
                      <value>Test</value>
                    </entry>
                  </metadata>
                  <children />
                  <parameters />
                </test>
              </children>
              <parameters />
            </test>
            <test id="a55b2e3f81298baf" name="TransactionTests" fullName="SubSonic.Tests/TransactionTests" isTestCase="false">
              <codeReference assembly="SubSonic.Tests, Version=2.2.1.0, Culture=neutral, PublicKeyToken=null" namespace="SubSonic.Tests" type="SubSonic.Tests.TransactionTests" />
              <codeLocation path="C:\data\SubsonicRoot\ss2\SubSonic.Tests\TransactionTests.cs" />
              <metadata>
                <entry key="TestKind">
                  <value>Fixture</value>
                </entry>
              </metadata>
              <children>
                <test id="62339cc90cadd0f1" name="Transaction_CommitProduct" fullName="SubSonic.Tests/TransactionTests/Transaction_CommitProduct" isTestCase="true">
                  <codeReference assembly="SubSonic.Tests, Version=2.2.1.0, Culture=neutral, PublicKeyToken=null" namespace="SubSonic.Tests" type="SubSonic.Tests.TransactionTests" member="Transaction_CommitProduct" />
                  <codeLocation path="C:\data\SubsonicRoot\ss2\SubSonic.Tests\TransactionTests.cs" line="75" />
                  <metadata>
                    <entry key="TestKind">
                      <value>Test</value>
                    </entry>
                  </metadata>
                  <children />
                  <parameters />
                </test>
                <test id="7a4c3c6601f21a91" name="Transaction_RollbackProduct" fullName="SubSonic.Tests/TransactionTests/Transaction_RollbackProduct" isTestCase="true">
                  <codeReference assembly="SubSonic.Tests, Version=2.2.1.0, Culture=neutral, PublicKeyToken=null" namespace="SubSonic.Tests" type="SubSonic.Tests.TransactionTests" member="Transaction_RollbackProduct" />
                  <codeLocation path="C:\data\SubsonicRoot\ss2\SubSonic.Tests\TransactionTests.cs" line="56" />
                  <metadata>
                    <entry key="TestKind">
                      <value>Test</value>
                    </entry>
                  </metadata>
                  <children />
                  <parameters />
                </test>
              </children>
              <parameters />
            </test>
            <test id="c20a17c8fed4806e" name="ScriptersTest" fullName="SubSonic.Tests/ScriptersTest" isTestCase="false">
              <codeReference assembly="SubSonic.Tests, Version=2.2.1.0, Culture=neutral, PublicKeyToken=null" namespace="SubSonic.Tests" type="SubSonic.Tests.ScriptersTest" />
              <codeLocation path="C:\data\SubsonicRoot\ss2\SubSonic.Tests\ScriptersTest.cs" />
              <metadata>
                <entry key="TestKind">
                  <value>Fixture</value>
                </entry>
              </metadata>
              <children>
                <test id="e510f6b31c4e537c" name="Script_Data" fullName="SubSonic.Tests/ScriptersTest/Script_Data" isTestCase="true">
                  <codeReference assembly="SubSonic.Tests, Version=2.2.1.0, Culture=neutral, PublicKeyToken=null" namespace="SubSonic.Tests" type="SubSonic.Tests.ScriptersTest" member="Script_Data" />
                  <codeLocation path="C:\data\SubsonicRoot\ss2\SubSonic.Tests\ScriptersTest.cs" line="49" />
                  <metadata>
                    <entry key="TestKind">
                      <value>Test</value>
                    </entry>
                  </metadata>
                  <children />
                  <parameters />
                </test>
                <test id="cca7e142becda979" name="Script_AllData" fullName="SubSonic.Tests/ScriptersTest/Script_AllData" isTestCase="true">
                  <codeReference assembly="SubSonic.Tests, Version=2.2.1.0, Culture=neutral, PublicKeyToken=null" namespace="SubSonic.Tests" type="SubSonic.Tests.ScriptersTest" member="Script_AllData" />
                  <codeLocation path="C:\data\SubsonicRoot\ss2\SubSonic.Tests\ScriptersTest.cs" line="60" />
                  <metadata>
                    <entry key="TestKind">
                      <value>Test</value>
                    </entry>
                  </metadata>
                  <children />
                  <parameters />
                </test>
              </children>
              <parameters />
            </test>
            <test id="6be2c4890d451a28" name="SelectTests" fullName="SubSonic.Tests/SelectTests" isTestCase="false">
              <codeReference assembly="SubSonic.Tests, Version=2.2.1.0, Culture=neutral, PublicKeyToken=null" namespace="SubSonic.Tests.SqlQuery" type="SubSonic.Tests.SqlQuery.SelectTests" />
              <codeLocation path="C:\data\SubsonicRoot\ss2\SubSonic.Tests\SqlQuery\SelectTests.cs" />
              <metadata>
                <entry key="TestKind">
                  <value>Fixture</value>
                </entry>
              </metadata>
              <children>
                <test id="6d2dfb81d1d8eb09" name="Select_Should_Work_With_SameColumn_Joins_UsingQualifiedColumns" fullName="SubSonic.Tests/SelectTests/Select_Should_Work_With_SameColumn_Joins_UsingQualifiedColumns" isTestCase="true">
                  <codeReference assembly="SubSonic.Tests, Version=2.2.1.0, Culture=neutral, PublicKeyToken=null" namespace="SubSonic.Tests.SqlQuery" type="SubSonic.Tests.SqlQuery.SelectTests" member="Select_Should_Work_With_SameColumn_Joins_UsingQualifiedColumns" />
                  <codeLocation path="C:\data\SubsonicRoot\ss2\SubSonic.Tests\SqlQuery\SelectTests.cs" line="662" />
                  <metadata>
                    <entry key="TestKind">
                      <value>Test</value>
                    </entry>
                  </metadata>
                  <children />
                  <parameters />
                </test>
                <test id="56c2ce08c5f5f680" name="StoredProc_TypedList" fullName="SubSonic.Tests/SelectTests/StoredProc_TypedList" isTestCase="true">
                  <codeReference assembly="SubSonic.Tests, Version=2.2.1.0, Culture=neutral, PublicKeyToken=null" namespace="SubSonic.Tests.SqlQuery" type="SubSonic.Tests.SqlQuery.SelectTests" member="StoredProc_TypedList" />
                  <codeLocation path="C:\data\SubsonicRoot\ss2\SubSonic.Tests\SqlQuery\SelectTests.cs" line="653" />
                  <metadata>
                    <entry key="TestKind">
                      <value>Test</value>
                    </entry>
                  </metadata>
                  <children />
                  <parameters />
                </test>
                <test id="2c5da3bbf6b730ae" name="Exec_NotInWithSelect" fullName="SubSonic.Tests/SelectTests/Exec_NotInWithSelect" isTestCase="true">
                  <codeReference assembly="SubSonic.Tests, Version=2.2.1.0, Culture=neutral, PublicKeyToken=null" namespace="SubSonic.Tests.SqlQuery" type="SubSonic.Tests.SqlQuery.SelectTests" member="Exec_NotInWithSelect" />
                  <codeLocation path="C:\data\SubsonicRoot\ss2\SubSonic.Tests\SqlQuery\SelectTests.cs" line="623" />
                  <metadata>
                    <entry key="TestKind">
                      <value>Test</value>
                    </entry>
                  </metadata>
                  <children />
                  <parameters />
                </test>
                <test id="dfe54cb0dd5f98a6" name="Select_Using_Contains_Ch_ShouldReturn_14_Records" fullName="SubSonic.Tests/SelectTests/Select_Using_Contains_Ch_ShouldReturn_14_Records" isTestCase="true">
                  <codeReference assembly="SubSonic.Tests, Version=2.2.1.0, Culture=neutral, PublicKeyToken=null" namespace="SubSonic.Tests.SqlQuery" type="SubSonic.Tests.SqlQuery.SelectTests" member="Select_Using_Contains_Ch_ShouldReturn_14_Records" />
                  <codeLocation path="C:\data\SubsonicRoot\ss2\SubSonic.Tests\SqlQuery\SelectTests.cs" line="695" />
                  <metadata>
                    <entry key="TestKind">
                      <value>Test</value>
                    </entry>
                  </metadata>
                  <children />
                  <parameters />
                </test>
                <test id="673af2a86975950a" name="Select_Using_EndsWith_S_ShouldReturn_9_Records" fullName="SubSonic.Tests/SelectTests/Select_Using_EndsWith_S_ShouldReturn_9_Records" isTestCase="true">
                  <codeReference assembly="SubSonic.Tests, Version=2.2.1.0, Culture=neutral, PublicKeyToken=null" namespace="SubSonic.Tests.SqlQuery" type="SubSonic.Tests.SqlQuery.SelectTests" member="Select_Using_EndsWith_S_ShouldReturn_9_Records" />
                  <codeLocation path="C:\data\SubsonicRoot\ss2\SubSonic.Tests\SqlQuery\SelectTests.cs" line="685" />
                  <metadata>
                    <entry key="TestKind">
                      <value>Test</value>
                    </entry>
                  </metadata>
                  <children />
                  <parameters />
                </test>
                <test id="4823b2bae76ef92c" name="Select_Using_StartsWith_C_ShouldReturn_9_Records" fullName="SubSonic.Tests/SelectTests/Select_Using_StartsWith_C_ShouldReturn_9_Records" isTestCase="true">
                  <codeReference assembly="SubSonic.Tests, Version=2.2.1.0, Culture=neutral, PublicKeyToken=null" namespace="SubSonic.Tests.SqlQuery" type="SubSonic.Tests.SqlQuery.SelectTests" member="Select_Using_StartsWith_C_ShouldReturn_9_Records" />
                  <codeLocation path="C:\data\SubsonicRoot\ss2\SubSonic.Tests\SqlQuery\SelectTests.cs" line="676" />
                  <metadata>
                    <entry key="TestKind">
                      <value>Test</value>
                    </entry>
                  </metadata>
                  <children />
                  <parameters />
                </test>
                <test id="e43d556230ce8814" name="Products_CollectionSample" fullName="SubSonic.Tests/SelectTests/Products_CollectionSample" isTestCase="true">
                  <codeReference assembly="SubSonic.Tests, Version=2.2.1.0, Culture=neutral, PublicKeyToken=null" namespace="SubSonic.Tests.SqlQuery" type="SubSonic.Tests.SqlQuery.SelectTests" member="Products_CollectionSample" />
                  <codeLocation path="C:\data\SubsonicRoot\ss2\SubSonic.Tests\SqlQuery\SelectTests.cs" line="602" />
                  <metadata>
                    <entry key="TestKind">
                      <value>Test</value>
                    </entry>
                  </metadata>
                  <children />
                  <parameters />
                </test>
                <test id="bc1decbc9fdc85cf" name="Collection_LoadTypedObject" fullName="SubSonic.Tests/SelectTests/Collection_LoadTypedObject" isTestCase="true">
                  <codeReference assembly="SubSonic.Tests, Version=2.2.1.0, Culture=neutral, PublicKeyToken=null" namespace="SubSonic.Tests.SqlQuery" type="SubSonic.Tests.SqlQuery.SelectTests" member="Collection_LoadTypedObject" />
                  <codeLocation path="C:\data\SubsonicRoot\ss2\SubSonic.Tests\SqlQuery\SelectTests.cs" line="505" />
                  <metadata>
                    <entry key="TestKind">
                      <value>Test</value>
                    </entry>
                  </metadata>
                  <children />
                  <parameters />
                </test>
                <test id="4bae6bc711bf486" name="Exec_SimpleOr3" fullName="SubSonic.Tests/SelectTests/Exec_SimpleOr3" isTestCase="true">
                  <codeReference assembly="SubSonic.Tests, Version=2.2.1.0, Culture=neutral, PublicKeyToken=null" namespace="SubSonic.Tests.SqlQuery" type="SubSonic.Tests.SqlQuery.SelectTests" member="Exec_SimpleOr3" />
                  <codeLocation path="C:\data\SubsonicRoot\ss2\SubSonic.Tests\SqlQuery\SelectTests.cs" line="485" />
                  <metadata>
                    <entry key="TestKind">
                      <value>Test</value>
                    </entry>
                  </metadata>
                  <children />
                  <parameters />
                </test>
                <test id="33d0d25dfecbf6b1" name="Exec_SimpleOr2" fullName="SubSonic.Tests/SelectTests/Exec_SimpleOr2" isTestCase="true">
                  <codeReference assembly="SubSonic.Tests, Version=2.2.1.0, Culture=neutral, PublicKeyToken=null" namespace="SubSonic.Tests.SqlQuery" type="SubSonic.Tests.SqlQuery.SelectTests" member="Exec_SimpleOr2" />
                  <codeLocation path="C:\data\SubsonicRoot\ss2\SubSonic.Tests\SqlQuery\SelectTests.cs" line="471" />
                  <metadata>
                    <entry key="TestKind">
                      <value>Test</value>
                    </entry>
                  </metadata>
                  <children />
                  <parameters />
                </test>
                <test id="59070ef9a965d38c" name="Products_CollectionLoad2" fullName="SubSonic.Tests/SelectTests/Products_CollectionLoad2" isTestCase="true">
                  <codeReference assembly="SubSonic.Tests, Version=2.2.1.0, Culture=neutral, PublicKeyToken=null" namespace="SubSonic.Tests.SqlQuery" type="SubSonic.Tests.SqlQuery.SelectTests" member="Products_CollectionLoad2" />
                  <codeLocation path="C:\data\SubsonicRoot\ss2\SubSonic.Tests\SqlQuery\SelectTests.cs" line="590" />
                  <metadata>
                    <entry key="TestKind">
                      <value>Test</value>
                    </entry>
                  </metadata>
                  <children />
                  <parameters />
                </test>
                <test id="af960a2bc2f1179d" name="Products_Sample" fullName="SubSonic.Tests/SelectTests/Products_Sample" isTestCase="true">
                  <codeReference assembly="SubSonic.Tests, Version=2.2.1.0, Culture=neutral, PublicKeyToken=null" namespace="SubSonic.Tests.SqlQuery" type="SubSonic.Tests.SqlQuery.SelectTests" member="Products_Sample" />
                  <codeLocation path="C:\data\SubsonicRoot\ss2\SubSonic.Tests\SqlQuery\SelectTests.cs" line="572" />
                  <metadata>
                    <entry key="TestKind">
                      <value>Test</value>
                    </entry>
                  </metadata>
                  <children />
                  <parameters />
                </test>
                <test id="71365874b01a3619" name="Collection_LoadTypedActiveRecord" fullName="SubSonic.Tests/SelectTests/Collection_LoadTypedActiveRecord" isTestCase="true">
                  <codeReference assembly="SubSonic.Tests, Version=2.2.1.0, Culture=neutral, PublicKeyToken=null" namespace="SubSonic.Tests.SqlQuery" type="SubSonic.Tests.SqlQuery.SelectTests" member="Collection_LoadTypedActiveRecord" />
                  <codeLocation path="C:\data\SubsonicRoot\ss2\SubSonic.Tests\SqlQuery\SelectTests.cs" line="520" />
                  <metadata>
                    <entry key="TestKind">
                      <value>Test</value>
                    </entry>
                  </metadata>
                  <children />
                  <parameters />
                </test>
                <test id="7f5df6eba006a3b0" name="SqlQuery_when_setting_distinct_it_should_set_IsDistinct" fullName="SubSonic.Tests/SelectTests/SqlQuery_when_setting_distinct_it_should_set_IsDistinct" isTestCase="true">
                  <codeReference assembly="SubSonic.Tests, Version=2.2.1.0, Culture=neutral, PublicKeyToken=null" namespace="SubSonic.Tests.SqlQuery" type="SubSonic.Tests.SqlQuery.SelectTests" member="SqlQuery_when_setting_distinct_it_should_set_IsDistinct" />
                  <codeLocation path="C:\data\SubsonicRoot\ss2\SubSonic.Tests\SqlQuery\SelectTests.cs" line="735" />
                  <metadata>
                    <entry key="TestKind">
                      <value>Test</value>
                    </entry>
                  </metadata>
                  <children />
                  <parameters />
                </test>
                <test id="6882be85ac64b75c" name="Select_With_ExecuteTypedList_Should_Work_With_List_of_Guid" fullName="SubSonic.Tests/SelectTests/Select_With_ExecuteTypedList_Should_Work_With_List_of_Guid" isTestCase="true">
                  <codeReference assembly="SubSonic.Tests, Version=2.2.1.0, Culture=neutral, PublicKeyToken=null" namespace="SubSonic.Tests.SqlQuery" type="SubSonic.Tests.SqlQuery.SelectTests" member="Select_With_ExecuteTypedList_Should_Work_With_List_of_Guid" />
                  <codeLocation path="C:\data\SubsonicRoot\ss2\SubSonic.Tests\SqlQuery\SelectTests.cs" line="849" />
                  <metadata>
                    <entry key="TestKind">
                      <value>Test</value>
                    </entry>
                  </metadata>
                  <children />
                  <parameters />
                </test>
                <test id="9d6793bdba7ca3f4" name="Select_Paged_Can_Covert_To_SqlQuery" fullName="SubSonic.Tests/SelectTests/Select_Paged_Can_Covert_To_SqlQuery" isTestCase="true">
                  <codeReference assembly="SubSonic.Tests, Version=2.2.1.0, Culture=neutral, PublicKeyToken=null" namespace="SubSonic.Tests.SqlQuery" type="SubSonic.Tests.SqlQuery.SelectTests" member="Select_Paged_Can_Covert_To_SqlQuery" />
                  <codeLocation path="C:\data\SubsonicRoot\ss2\SubSonic.Tests\SqlQuery\SelectTests.cs" line="829" />
                  <metadata>
                    <entry key="TestKind">
                      <value>Test</value>
                    </entry>
                  </metadata>
                  <children />
                  <parameters />
                </test>
                <test id="4aa38a4c4fdd36a4" name="SelectAllColumns_With_WhereExpression_And_QualifiedColumn_Formats_Where_Correctly_And_Executes" fullName="SubSonic.Tests/SelectTests/SelectAllColumns_With_WhereExpression_And_QualifiedColumn_Formats_Where_Correctly_And_Executes" isTestCase="true">
                  <codeReference assembly="SubSonic.Tests, Version=2.2.1.0, Culture=neutral, PublicKeyToken=null" namespace="SubSonic.Tests.SqlQuery" type="SubSonic.Tests.SqlQuery.SelectTests" member="SelectAllColumns_With_WhereExpression_And_QualifiedColumn_Formats_Where_Correctly_And_Executes" />
                  <codeLocation path="C:\data\SubsonicRoot\ss2\SubSonic.Tests\SqlQuery\SelectTests.cs" line="818" />
                  <metadata>
                    <entry key="TestKind">
                      <value>Test</value>
                    </entry>
                  </metadata>
                  <children />
                  <parameters />
                </test>
                <test id="d943452b33fb4d6d" name="Exec_Simple" fullName="SubSonic.Tests/SelectTests/Exec_Simple" isTestCase="true">
                  <codeReference assembly="SubSonic.Tests, Version=2.2.1.0, Culture=neutral, PublicKeyToken=null" namespace="SubSonic.Tests.SqlQuery" type="SubSonic.Tests.SqlQuery.SelectTests" member="Exec_Simple" />
                  <codeLocation path="C:\data\SubsonicRoot\ss2\SubSonic.Tests\SqlQuery\SelectTests.cs" line="29" />
                  <metadata>
                    <entry key="TestKind">
                      <value>Test</value>
                    </entry>
                  </metadata>
                  <children />
                  <parameters />
                </test>
                <test id="6f93c3a1aa751344" name="MySql_Should_Set_Logical_Deletes" fullName="SubSonic.Tests/SelectTests/MySql_Should_Set_Logical_Deletes" isTestCase="true">
                  <codeReference assembly="SubSonic.Tests, Version=2.2.1.0, Culture=neutral, PublicKeyToken=null" namespace="SubSonic.Tests.SqlQuery" type="SubSonic.Tests.SqlQuery.SelectTests" member="MySql_Should_Set_Logical_Deletes" />
                  <codeLocation path="C:\data\SubsonicRoot\ss2\SubSonic.Tests\SqlQuery\SelectTests.cs" line="873" />
                  <metadata>
                    <entry key="TestKind">
                      <value>Test</value>
                    </entry>
                  </metadata>
                  <children />
                  <parameters />
                </test>
                <test id="925ff536a5b8ff4d" name="Saving_String_Property_With_StringValue_Null_Results_In_NullValue_In_DB" fullName="SubSonic.Tests/SelectTests/Saving_String_Property_With_StringValue_Null_Results_In_NullValue_In_DB" isTestCase="true">
                  <codeReference assembly="SubSonic.Tests, Version=2.2.1.0, Culture=neutral, PublicKeyToken=null" namespace="SubSonic.Tests.SqlQuery" type="SubSonic.Tests.SqlQuery.SelectTests" member="Saving_String_Property_With_StringValue_Null_Results_In_NullValue_In_DB" />
                  <codeLocation path="C:\data\SubsonicRoot\ss2\SubSonic.Tests\SqlQuery\SelectTests.cs" line="859" />
                  <metadata>
                    <entry key="TestKind">
                      <value>Test</value>
                    </entry>
                  </metadata>
                  <children />
                  <parameters />
                </test>
                <test id="aaf55d8ecf4a3aca" name="SelectAllColumns_With_WhereExpression_And_QualifiedColumn_Formats_Where_Correctly" fullName="SubSonic.Tests/SelectTests/SelectAllColumns_With_WhereExpression_And_QualifiedColumn_Formats_Where_Correctly" isTestCase="true">
                  <codeReference assembly="SubSonic.Tests, Version=2.2.1.0, Culture=neutral, PublicKeyToken=null" namespace="SubSonic.Tests.SqlQuery" type="SubSonic.Tests.SqlQuery.SelectTests" member="SelectAllColumns_With_WhereExpression_And_QualifiedColumn_Formats_Where_Correctly" />
                  <codeLocation path="C:\data\SubsonicRoot\ss2\SubSonic.Tests\SqlQuery\SelectTests.cs" line="807" />
                  <metadata>
                    <entry key="TestKind">
                      <value>Test</value>
                    </entry>
                  </metadata>
                  <children />
                  <parameters />
                </test>
                <test id="2df05ec3dee511f9" name="SqlQuery_Can_Compare_Columns" fullName="SubSonic.Tests/SelectTests/SqlQuery_Can_Compare_Columns" isTestCase="true">
                  <codeReference assembly="SubSonic.Tests, Version=2.2.1.0, Culture=neutral, PublicKeyToken=null" namespace="SubSonic.Tests.SqlQuery" type="SubSonic.Tests.SqlQuery.SelectTests" member="SqlQuery_Can_Compare_Columns" />
                  <codeLocation path="C:\data\SubsonicRoot\ss2\SubSonic.Tests\SqlQuery\SelectTests.cs" line="763" />
                  <metadata>
                    <entry key="TestKind">
                      <value>Test</value>
                    </entry>
                  </metadata>
                  <children />
                  <parameters />
                </test>
                <test id="dcd2987f84048384" name="SqlQuery_GetRecordCount_should_handle_distinct" fullName="SubSonic.Tests/SelectTests/SqlQuery_GetRecordCount_should_handle_distinct" isTestCase="true">
                  <codeReference assembly="SubSonic.Tests, Version=2.2.1.0, Culture=neutral, PublicKeyToken=null" namespace="SubSonic.Tests.SqlQuery" type="SubSonic.Tests.SqlQuery.SelectTests" member="SqlQuery_GetRecordCount_should_handle_distinct" />
                  <codeLocation path="C:\data\SubsonicRoot\ss2\SubSonic.Tests\SqlQuery\SelectTests.cs" line="756" />
                  <metadata>
                    <entry key="TestKind">
                      <value>Test</value>
                    </entry>
                  </metadata>
                  <children />
                  <parameters />
                </test>
                <test id="7f9d77cad15d8604" name="SqlQuery_should_handle_distinct" fullName="SubSonic.Tests/SelectTests/SqlQuery_should_handle_distinct" isTestCase="true">
                  <codeReference assembly="SubSonic.Tests, Version=2.2.1.0, Culture=neutral, PublicKeyToken=null" namespace="SubSonic.Tests.SqlQuery" type="SubSonic.Tests.SqlQuery.SelectTests" member="SqlQuery_should_handle_distinct" />
                  <codeLocation path="C:\data\SubsonicRoot\ss2\SubSonic.Tests\SqlQuery\SelectTests.cs" line="742" />
                  <metadata>
                    <entry key="TestKind">
                      <value>Test</value>
                    </entry>
                  </metadata>
                  <children />
                  <parameters />
                </test>
                <test id="4568dda4f4a5f281" name="Constraints_Should_Be_Valid_When_Table_Not_In_From" fullName="SubSonic.Tests/SelectTests/Constraints_Should_Be_Valid_When_Table_Not_In_From" isTestCase="true">
                  <codeReference assembly="SubSonic.Tests, Version=2.2.1.0, Culture=neutral, PublicKeyToken=null" namespace="SubSonic.Tests.SqlQuery" type="SubSonic.Tests.SqlQuery.SelectTests" member="Constraints_Should_Be_Valid_When_Table_Not_In_From" />
                  <codeLocation path="C:\data\SubsonicRoot\ss2\SubSonic.Tests\SqlQuery\SelectTests.cs" line="793" />
                  <metadata>
                    <entry key="TestKind">
                      <value>Test</value>
                    </entry>
                  </metadata>
                  <children />
                  <parameters />
                </test>
                <test id="236cc1b25668c8e1" name="ActiveRecord_IsLoaded_ShouldBe_False_When_Record_Not_Present_Using_Key_Constructor" fullName="SubSonic.Tests/SelectTests/ActiveRecord_IsLoaded_ShouldBe_False_When_Record_Not_Present_Using_Key_Constructor" isTestCase="true">
                  <codeReference assembly="SubSonic.Tests, Version=2.2.1.0, Culture=neutral, PublicKeyToken=null" namespace="SubSonic.Tests.SqlQuery" type="SubSonic.Tests.SqlQuery.SelectTests" member="ActiveRecord_IsLoaded_ShouldBe_False_When_Record_Not_Present_Using_Key_Constructor" />
                  <codeLocation path="C:\data\SubsonicRoot\ss2\SubSonic.Tests\SqlQuery\SelectTests.cs" line="782" />
                  <metadata>
                    <entry key="TestKind">
                      <value>Test</value>
                    </entry>
                  </metadata>
                  <children />
                  <parameters />
                </test>
                <test id="a6abaedebb5cfa84" name="ActiveRecord_IsLoaded_ShouldBe_False_When_Record_Not_Present_Using_PK_Constructor" fullName="SubSonic.Tests/SelectTests/ActiveRecord_IsLoaded_ShouldBe_False_When_Record_Not_Present_Using_PK_Constructor" isTestCase="true">
                  <codeReference assembly="SubSonic.Tests, Version=2.2.1.0, Culture=neutral, PublicKeyToken=null" namespace="SubSonic.Tests.SqlQuery" type="SubSonic.Tests.SqlQuery.SelectTests" member="ActiveRecord_IsLoaded_ShouldBe_False_When_Record_Not_Present_Using_PK_Constructor" />
                  <codeLocation path="C:\data\SubsonicRoot\ss2\SubSonic.Tests\SqlQuery\SelectTests.cs" line="772" />
                  <metadata>
                    <entry key="TestKind">
                      <value>Test</value>
                    </entry>
                  </metadata>
                  <children />
                  <parameters />
                </test>
                <test id="b370eaf8c520c214" name="Exec_LeftOuterJoin_With_Generics" fullName="SubSonic.Tests/SelectTests/Exec_LeftOuterJoin_With_Generics" isTestCase="true">
                  <codeReference assembly="SubSonic.Tests, Version=2.2.1.0, Culture=neutral, PublicKeyToken=null" namespace="SubSonic.Tests.SqlQuery" type="SubSonic.Tests.SqlQuery.SelectTests" member="Exec_LeftOuterJoin_With_Generics" />
                  <codeLocation path="C:\data\SubsonicRoot\ss2\SubSonic.Tests\SqlQuery\SelectTests.cs" line="142" />
                  <metadata>
                    <entry key="TestKind">
                      <value>Test</value>
                    </entry>
                  </metadata>
                  <children />
                  <parameters />
                </test>
                <test id="fed03b517481075a" name="Exec_LeftOuterJoin_With_String" fullName="SubSonic.Tests/SelectTests/Exec_LeftOuterJoin_With_String" isTestCase="true">
                  <codeReference assembly="SubSonic.Tests, Version=2.2.1.0, Culture=neutral, PublicKeyToken=null" namespace="SubSonic.Tests.SqlQuery" type="SubSonic.Tests.SqlQuery.SelectTests" member="Exec_LeftOuterJoin_With_String" />
                  <codeLocation path="C:\data\SubsonicRoot\ss2\SubSonic.Tests\SqlQuery\SelectTests.cs" line="153" />
                  <metadata>
                    <entry key="TestKind">
                      <value>Test</value>
                    </entry>
                  </metadata>
                  <children />
                  <parameters />
                </test>
                <test id="2567e98394606df2" name="Exec_MultiJoin" fullName="SubSonic.Tests/SelectTests/Exec_MultiJoin" isTestCase="true">
                  <codeReference assembly="SubSonic.Tests, Version=2.2.1.0, Culture=neutral, PublicKeyToken=null" namespace="SubSonic.Tests.SqlQuery" type="SubSonic.Tests.SqlQuery.SelectTests" member="Exec_MultiJoin" />
                  <codeLocation path="C:\data\SubsonicRoot\ss2\SubSonic.Tests\SqlQuery\SelectTests.cs" line="117" />
                  <metadata>
                    <entry key="TestKind">
                      <value>Test</value>
                    </entry>
                  </metadata>
                  <children />
                  <parameters />
                </test>
                <test id="3d2d9c292f0de222" name="Exec_LeftOuterJoin_With_TableColumn" fullName="SubSonic.Tests/SelectTests/Exec_LeftOuterJoin_With_TableColumn" isTestCase="true">
                  <codeReference assembly="SubSonic.Tests, Version=2.2.1.0, Culture=neutral, PublicKeyToken=null" namespace="SubSonic.Tests.SqlQuery" type="SubSonic.Tests.SqlQuery.SelectTests" member="Exec_LeftOuterJoin_With_TableColumn" />
                  <codeLocation path="C:\data\SubsonicRoot\ss2\SubSonic.Tests\SqlQuery\SelectTests.cs" line="131" />
                  <metadata>
                    <entry key="TestKind">
                      <value>Test</value>
                    </entry>
                  </metadata>
                  <children />
                  <parameters />
                </test>
                <test id="7fba649d1c73c23f" name="Exec_Select_Top_Ten" fullName="SubSonic.Tests/SelectTests/Exec_Select_Top_Ten" isTestCase="true">
                  <codeReference assembly="SubSonic.Tests, Version=2.2.1.0, Culture=neutral, PublicKeyToken=null" namespace="SubSonic.Tests.SqlQuery" type="SubSonic.Tests.SqlQuery.SelectTests" member="Exec_Select_Top_Ten" />
                  <codeLocation path="C:\data\SubsonicRoot\ss2\SubSonic.Tests\SqlQuery\SelectTests.cs" line="166" />
                  <metadata>
                    <entry key="TestKind">
                      <value>Test</value>
                    </entry>
                  </metadata>
                  <children />
                  <parameters />
                </test>
                <test id="a0cce410e7044202" name="Exec_Collection_JoinedWithLike" fullName="SubSonic.Tests/SelectTests/Exec_Collection_JoinedWithLike" isTestCase="true">
                  <codeReference assembly="SubSonic.Tests, Version=2.2.1.0, Culture=neutral, PublicKeyToken=null" namespace="SubSonic.Tests.SqlQuery" type="SubSonic.Tests.SqlQuery.SelectTests" member="Exec_Collection_JoinedWithLike" />
                  <codeLocation path="C:\data\SubsonicRoot\ss2\SubSonic.Tests\SqlQuery\SelectTests.cs" line="198" />
                  <metadata>
                    <entry key="TestKind">
                      <value>Test</value>
                    </entry>
                  </metadata>
                  <children />
                  <parameters />
                </test>
                <test id="132b24ca35d178c6" name="Exec_Collection_JoinedWithLike_Typed" fullName="SubSonic.Tests/SelectTests/Exec_Collection_JoinedWithLike_Typed" isTestCase="true">
                  <codeReference assembly="SubSonic.Tests, Version=2.2.1.0, Culture=neutral, PublicKeyToken=null" namespace="SubSonic.Tests.SqlQuery" type="SubSonic.Tests.SqlQuery.SelectTests" member="Exec_Collection_JoinedWithLike_Typed" />
                  <codeLocation path="C:\data\SubsonicRoot\ss2\SubSonic.Tests\SqlQuery\SelectTests.cs" line="209" />
                  <metadata>
                    <entry key="TestKind">
                      <value>Test</value>
                    </entry>
                  </metadata>
                  <children />
                  <parameters />
                </test>
                <test id="f724d8da54cedb9b" name="Exec_Collection_Simple" fullName="SubSonic.Tests/SelectTests/Exec_Collection_Simple" isTestCase="true">
                  <codeReference assembly="SubSonic.Tests, Version=2.2.1.0, Culture=neutral, PublicKeyToken=null" namespace="SubSonic.Tests.SqlQuery" type="SubSonic.Tests.SqlQuery.SelectTests" member="Exec_Collection_Simple" />
                  <codeLocation path="C:\data\SubsonicRoot\ss2\SubSonic.Tests\SqlQuery\SelectTests.cs" line="180" />
                  <metadata>
                    <entry key="TestKind">
                      <value>Test</value>
                    </entry>
                  </metadata>
                  <children />
                  <parameters />
                </test>
                <test id="31c9b4bee0126aad" name="Exec_Collection_Joined" fullName="SubSonic.Tests/SelectTests/Exec_Collection_Joined" isTestCase="true">
                  <codeReference assembly="SubSonic.Tests, Version=2.2.1.0, Culture=neutral, PublicKeyToken=null" namespace="SubSonic.Tests.SqlQuery" type="SubSonic.Tests.SqlQuery.SelectTests" member="Exec_Collection_Joined" />
                  <codeLocation path="C:\data\SubsonicRoot\ss2\SubSonic.Tests\SqlQuery\SelectTests.cs" line="188" />
                  <metadata>
                    <entry key="TestKind">
                      <value>Test</value>
                    </entry>
                  </metadata>
                  <children />
                  <parameters />
                </test>
                <test id="8381811bae387097" name="Exec_WithAllColumns" fullName="SubSonic.Tests/SelectTests/Exec_WithAllColumns" isTestCase="true">
                  <codeReference assembly="SubSonic.Tests, Version=2.2.1.0, Culture=neutral, PublicKeyToken=null" namespace="SubSonic.Tests.SqlQuery" type="SubSonic.Tests.SqlQuery.SelectTests" member="Exec_WithAllColumns" />
                  <codeLocation path="C:\data\SubsonicRoot\ss2\SubSonic.Tests\SqlQuery\SelectTests.cs" line="50" />
                  <metadata>
                    <entry key="TestKind">
                      <value>Test</value>
                    </entry>
                  </metadata>
                  <children />
                  <parameters />
                </test>
                <test id="351cac8e4ad5b3e1" name="Exec_SimpleWhere" fullName="SubSonic.Tests/SelectTests/Exec_SimpleWhere" isTestCase="true">
                  <codeReference assembly="SubSonic.Tests, Version=2.2.1.0, Culture=neutral, PublicKeyToken=null" namespace="SubSonic.Tests.SqlQuery" type="SubSonic.Tests.SqlQuery.SelectTests" member="Exec_SimpleWhere" />
                  <codeLocation path="C:\data\SubsonicRoot\ss2\SubSonic.Tests\SqlQuery\SelectTests.cs" line="57" />
                  <metadata>
                    <entry key="TestKind">
                      <value>Test</value>
                    </entry>
                  </metadata>
                  <children />
                  <parameters />
                </test>
                <test id="87ff466a71f0fac" name="Exec_SimpleWithTypedColumns" fullName="SubSonic.Tests/SelectTests/Exec_SimpleWithTypedColumns" isTestCase="true">
                  <codeReference assembly="SubSonic.Tests, Version=2.2.1.0, Culture=neutral, PublicKeyToken=null" namespace="SubSonic.Tests.SqlQuery" type="SubSonic.Tests.SqlQuery.SelectTests" member="Exec_SimpleWithTypedColumns" />
                  <codeLocation path="C:\data\SubsonicRoot\ss2\SubSonic.Tests\SqlQuery\SelectTests.cs" line="36" />
                  <metadata>
                    <entry key="TestKind">
                      <value>Test</value>
                    </entry>
                  </metadata>
                  <children />
                  <parameters />
                </test>
                <test id="55446d52438c14d0" name="Exec_SimpleAsSingle" fullName="SubSonic.Tests/SelectTests/Exec_SimpleAsSingle" isTestCase="true">
                  <codeReference assembly="SubSonic.Tests, Version=2.2.1.0, Culture=neutral, PublicKeyToken=null" namespace="SubSonic.Tests.SqlQuery" type="SubSonic.Tests.SqlQuery.SelectTests" member="Exec_SimpleAsSingle" />
                  <codeLocation path="C:\data\SubsonicRoot\ss2\SubSonic.Tests\SqlQuery\SelectTests.cs" line="43" />
                  <metadata>
                    <entry key="TestKind">
                      <value>Test</value>
                    </entry>
                  </metadata>
                  <children />
                  <parameters />
                </test>
                <test id="6a4d37a2d0f2d813" name="Exec_SimpleWhere2" fullName="SubSonic.Tests/SelectTests/Exec_SimpleWhere2" isTestCase="true">
                  <codeReference assembly="SubSonic.Tests, Version=2.2.1.0, Culture=neutral, PublicKeyToken=null" namespace="SubSonic.Tests.SqlQuery" type="SubSonic.Tests.SqlQuery.SelectTests" member="Exec_SimpleWhere2" />
                  <codeLocation path="C:\data\SubsonicRoot\ss2\SubSonic.Tests\SqlQuery\SelectTests.cs" line="64" />
                  <metadata>
                    <entry key="TestKind">
                      <value>Test</value>
                    </entry>
                  </metadata>
                  <children />
                  <parameters />
                </test>
                <test id="d4139761853f7fcd" name="Exec_SimpleJoin2" fullName="SubSonic.Tests/SelectTests/Exec_SimpleJoin2" isTestCase="true">
                  <codeReference assembly="SubSonic.Tests, Version=2.2.1.0, Culture=neutral, PublicKeyToken=null" namespace="SubSonic.Tests.SqlQuery" type="SubSonic.Tests.SqlQuery.SelectTests" member="Exec_SimpleJoin2" />
                  <codeLocation path="C:\data\SubsonicRoot\ss2\SubSonic.Tests\SqlQuery\SelectTests.cs" line="95" />
                  <metadata>
                    <entry key="TestKind">
                      <value>Test</value>
                    </entry>
                  </metadata>
                  <children />
                  <parameters />
                </test>
                <test id="7334c663cee4838c" name="Exec_SimpleJoin3" fullName="SubSonic.Tests/SelectTests/Exec_SimpleJoin3" isTestCase="true">
                  <codeReference assembly="SubSonic.Tests, Version=2.2.1.0, Culture=neutral, PublicKeyToken=null" namespace="SubSonic.Tests.SqlQuery" type="SubSonic.Tests.SqlQuery.SelectTests" member="Exec_SimpleJoin3" />
                  <codeLocation path="C:\data\SubsonicRoot\ss2\SubSonic.Tests\SqlQuery\SelectTests.cs" line="106" />
                  <metadata>
                    <entry key="TestKind">
                      <value>Test</value>
                    </entry>
                  </metadata>
                  <children />
                  <parameters />
                </test>
                <test id="d6451bb4fabcbc28" name="Exec_SimpleWhereAnd" fullName="SubSonic.Tests/SelectTests/Exec_SimpleWhereAnd" isTestCase="true">
                  <codeReference assembly="SubSonic.Tests, Version=2.2.1.0, Culture=neutral, PublicKeyToken=null" namespace="SubSonic.Tests.SqlQuery" type="SubSonic.Tests.SqlQuery.SelectTests" member="Exec_SimpleWhereAnd" />
                  <codeLocation path="C:\data\SubsonicRoot\ss2\SubSonic.Tests\SqlQuery\SelectTests.cs" line="71" />
                  <metadata>
                    <entry key="TestKind">
                      <value>Test</value>
                    </entry>
                  </metadata>
                  <children />
                  <parameters />
                </test>
                <test id="d908a282699d4650" name="Exec_SimpleJoin" fullName="SubSonic.Tests/SelectTests/Exec_SimpleJoin" isTestCase="true">
                  <codeReference assembly="SubSonic.Tests, Version=2.2.1.0, Culture=neutral, PublicKeyToken=null" namespace="SubSonic.Tests.SqlQuery" type="SubSonic.Tests.SqlQuery.SelectTests" member="Exec_SimpleJoin" />
                  <codeLocation path="C:\data\SubsonicRoot\ss2\SubSonic.Tests\SqlQuery\SelectTests.cs" line="84" />
                  <metadata>
                    <entry key="TestKind">
                      <value>Test</value>
                    </entry>
                  </metadata>
                  <children />
                  <parameters />
                </test>
                <test id="84acacf34f8286da" name="Exec_SimpleAnd" fullName="SubSonic.Tests/SelectTests/Exec_SimpleAnd" isTestCase="true">
                  <codeReference assembly="SubSonic.Tests, Version=2.2.1.0, Culture=neutral, PublicKeyToken=null" namespace="SubSonic.Tests.SqlQuery" type="SubSonic.Tests.SqlQuery.SelectTests" member="Exec_SimpleAnd" />
                  <codeLocation path="C:\data\SubsonicRoot\ss2\SubSonic.Tests\SqlQuery\SelectTests.cs" line="370" />
                  <metadata>
                    <entry key="TestKind">
                      <value>Test</value>
                    </entry>
                  </metadata>
                  <children />
                  <parameters />
                </test>
                <test id="f5a54afea386b971" name="Exec_SimpleAnd2" fullName="SubSonic.Tests/SelectTests/Exec_SimpleAnd2" isTestCase="true">
                  <codeReference assembly="SubSonic.Tests, Version=2.2.1.0, Culture=neutral, PublicKeyToken=null" namespace="SubSonic.Tests.SqlQuery" type="SubSonic.Tests.SqlQuery.SelectTests" member="Exec_SimpleAnd2" />
                  <codeLocation path="C:\data\SubsonicRoot\ss2\SubSonic.Tests\SqlQuery\SelectTests.cs" line="384" />
                  <metadata>
                    <entry key="TestKind">
                      <value>Test</value>
                    </entry>
                  </metadata>
                  <children />
                  <parameters />
                </test>
                <test id="df430da5e68d2630" name="Exec_PagedView" fullName="SubSonic.Tests/SelectTests/Exec_PagedView" isTestCase="true">
                  <codeReference assembly="SubSonic.Tests, Version=2.2.1.0, Culture=neutral, PublicKeyToken=null" namespace="SubSonic.Tests.SqlQuery" type="SubSonic.Tests.SqlQuery.SelectTests" member="Exec_PagedView" />
                  <codeLocation path="C:\data\SubsonicRoot\ss2\SubSonic.Tests\SqlQuery\SelectTests.cs" line="349" />
                  <metadata>
                    <entry key="TestKind">
                      <value>Test</value>
                    </entry>
                  </metadata>
                  <children />
                  <parameters />
                </test>
                <test id="a76cc2aa7909eef2" name="Exec_PagedViewJoined" fullName="SubSonic.Tests/SelectTests/Exec_PagedViewJoined" isTestCase="true">
                  <codeReference assembly="SubSonic.Tests, Version=2.2.1.0, Culture=neutral, PublicKeyToken=null" namespace="SubSonic.Tests.SqlQuery" type="SubSonic.Tests.SqlQuery.SelectTests" member="Exec_PagedViewJoined" />
                  <codeLocation path="C:\data\SubsonicRoot\ss2\SubSonic.Tests\SqlQuery\SelectTests.cs" line="357" />
                  <metadata>
                    <entry key="TestKind">
                      <value>Test</value>
                    </entry>
                  </metadata>
                  <children />
                  <parameters />
                </test>
                <test id="6c069a77c4600266" name="Exec_SimpleAnd3" fullName="SubSonic.Tests/SelectTests/Exec_SimpleAnd3" isTestCase="true">
                  <codeReference assembly="SubSonic.Tests, Version=2.2.1.0, Culture=neutral, PublicKeyToken=null" namespace="SubSonic.Tests.SqlQuery" type="SubSonic.Tests.SqlQuery.SelectTests" member="Exec_SimpleAnd3" />
                  <codeLocation path="C:\data\SubsonicRoot\ss2\SubSonic.Tests\SqlQuery\SelectTests.cs" line="398" />
                  <metadata>
                    <entry key="TestKind">
                      <value>Test</value>
                    </entry>
                  </metadata>
                  <children />
                  <parameters />
                </test>
                <test id="3bf89f1b0ab491f9" name="Exec_MultipleInWithAnd" fullName="SubSonic.Tests/SelectTests/Exec_MultipleInWithAnd" isTestCase="true">
                  <codeReference assembly="SubSonic.Tests, Version=2.2.1.0, Culture=neutral, PublicKeyToken=null" namespace="SubSonic.Tests.SqlQuery" type="SubSonic.Tests.SqlQuery.SelectTests" member="Exec_MultipleInWithAnd" />
                  <codeLocation path="C:\data\SubsonicRoot\ss2\SubSonic.Tests\SqlQuery\SelectTests.cs" line="440" />
                  <metadata>
                    <entry key="TestKind">
                      <value>Test</value>
                    </entry>
                  </metadata>
                  <children />
                  <parameters />
                </test>
                <test id="aa15f6300be00489" name="Exec_SimpleOr" fullName="SubSonic.Tests/SelectTests/Exec_SimpleOr" isTestCase="true">
                  <codeReference assembly="SubSonic.Tests, Version=2.2.1.0, Culture=neutral, PublicKeyToken=null" namespace="SubSonic.Tests.SqlQuery" type="SubSonic.Tests.SqlQuery.SelectTests" member="Exec_SimpleOr" />
                  <codeLocation path="C:\data\SubsonicRoot\ss2\SubSonic.Tests\SqlQuery\SelectTests.cs" line="457" />
                  <metadata>
                    <entry key="TestKind">
                      <value>Test</value>
                    </entry>
                  </metadata>
                  <children />
                  <parameters />
                </test>
                <test id="cc4967ca3f4a2c02" name="Exec_SimpleIn" fullName="SubSonic.Tests/SelectTests/Exec_SimpleIn" isTestCase="true">
                  <codeReference assembly="SubSonic.Tests, Version=2.2.1.0, Culture=neutral, PublicKeyToken=null" namespace="SubSonic.Tests.SqlQuery" type="SubSonic.Tests.SqlQuery.SelectTests" member="Exec_SimpleIn" />
                  <codeLocation path="C:\data\SubsonicRoot\ss2\SubSonic.Tests\SqlQuery\SelectTests.cs" line="418" />
                  <metadata>
                    <entry key="TestKind">
                      <value>Test</value>
                    </entry>
                  </metadata>
                  <children />
                  <parameters />
                </test>
                <test id="bd348406aaf1a6c0" name="Exec_InWithSelect" fullName="SubSonic.Tests/SelectTests/Exec_InWithSelect" isTestCase="true">
                  <codeReference assembly="SubSonic.Tests, Version=2.2.1.0, Culture=neutral, PublicKeyToken=null" namespace="SubSonic.Tests.SqlQuery" type="SubSonic.Tests.SqlQuery.SelectTests" member="Exec_InWithSelect" />
                  <codeLocation path="C:\data\SubsonicRoot\ss2\SubSonic.Tests\SqlQuery\SelectTests.cs" line="427" />
                  <metadata>
                    <entry key="TestKind">
                      <value>Test</value>
                    </entry>
                  </metadata>
                  <children />
                  <parameters />
                </test>
                <test id="5a2d7a12510dc65c" name="Exec_DistinctTypedList" fullName="SubSonic.Tests/SelectTests/Exec_DistinctTypedList" isTestCase="true">
                  <codeReference assembly="SubSonic.Tests, Version=2.2.1.0, Culture=neutral, PublicKeyToken=null" namespace="SubSonic.Tests.SqlQuery" type="SubSonic.Tests.SqlQuery.SelectTests" member="Exec_DistinctTypedList" />
                  <codeLocation path="C:\data\SubsonicRoot\ss2\SubSonic.Tests\SqlQuery\SelectTests.cs" line="260" />
                  <metadata>
                    <entry key="TestKind">
                      <value>Test</value>
                    </entry>
                  </metadata>
                  <children />
                  <parameters />
                </test>
                <test id="6b2d4c29e11f2d4a" name="Exec_DistinctWithWhere" fullName="SubSonic.Tests/SelectTests/Exec_DistinctWithWhere" isTestCase="true">
                  <codeReference assembly="SubSonic.Tests, Version=2.2.1.0, Culture=neutral, PublicKeyToken=null" namespace="SubSonic.Tests.SqlQuery" type="SubSonic.Tests.SqlQuery.SelectTests" member="Exec_DistinctWithWhere" />
                  <codeLocation path="C:\data\SubsonicRoot\ss2\SubSonic.Tests\SqlQuery\SelectTests.cs" line="269" />
                  <metadata>
                    <entry key="TestKind">
                      <value>Test</value>
                    </entry>
                  </metadata>
                  <children />
                  <parameters />
                </test>
                <test id="8e62c4902bbffe5a" name="Exec_ExpressionSimpleOr" fullName="SubSonic.Tests/SelectTests/Exec_ExpressionSimpleOr" isTestCase="true">
                  <codeReference assembly="SubSonic.Tests, Version=2.2.1.0, Culture=neutral, PublicKeyToken=null" namespace="SubSonic.Tests.SqlQuery" type="SubSonic.Tests.SqlQuery.SelectTests" member="Exec_ExpressionSimpleOr" />
                  <codeLocation path="C:\data\SubsonicRoot\ss2\SubSonic.Tests\SqlQuery\SelectTests.cs" line="225" />
                  <metadata>
                    <entry key="TestKind">
                      <value>Test</value>
                    </entry>
                  </metadata>
                  <children />
                  <parameters />
                </test>
                <test id="9fa32c4d90d19139" name="Exec_NestedExpression" fullName="SubSonic.Tests/SelectTests/Exec_NestedExpression" isTestCase="true">
                  <codeReference assembly="SubSonic.Tests, Version=2.2.1.0, Culture=neutral, PublicKeyToken=null" namespace="SubSonic.Tests.SqlQuery" type="SubSonic.Tests.SqlQuery.SelectTests" member="Exec_NestedExpression" />
                  <codeLocation path="C:\data\SubsonicRoot\ss2\SubSonic.Tests\SqlQuery\SelectTests.cs" line="236" />
                  <metadata>
                    <entry key="TestKind">
                      <value>Test</value>
                    </entry>
                  </metadata>
                  <children />
                  <parameters />
                </test>
                <test id="fd862e1efb5cce42" name="Exec_Distinct_JoinedWithLike" fullName="SubSonic.Tests/SelectTests/Exec_Distinct_JoinedWithLike" isTestCase="true">
                  <codeReference assembly="SubSonic.Tests, Version=2.2.1.0, Culture=neutral, PublicKeyToken=null" namespace="SubSonic.Tests.SqlQuery" type="SubSonic.Tests.SqlQuery.SelectTests" member="Exec_Distinct_JoinedWithLike" />
                  <codeLocation path="C:\data\SubsonicRoot\ss2\SubSonic.Tests\SqlQuery\SelectTests.cs" line="281" />
                  <metadata>
                    <entry key="TestKind">
                      <value>Test</value>
                    </entry>
                  </metadata>
                  <children />
                  <parameters />
                </test>
                <test id="c112fd3991361893" name="Exec_PagedWithAggregate" fullName="SubSonic.Tests/SelectTests/Exec_PagedWithAggregate" isTestCase="true">
                  <codeReference assembly="SubSonic.Tests, Version=2.2.1.0, Culture=neutral, PublicKeyToken=null" namespace="SubSonic.Tests.SqlQuery" type="SubSonic.Tests.SqlQuery.SelectTests" member="Exec_PagedWithAggregate" />
                  <codeLocation path="C:\data\SubsonicRoot\ss2\SubSonic.Tests\SqlQuery\SelectTests.cs" line="317" />
                  <metadata>
                    <entry key="TestKind">
                      <value>Test</value>
                    </entry>
                  </metadata>
                  <children />
                  <parameters />
                </test>
                <test id="e815c74b1a7225d2" name="Exec_PagedJoined" fullName="SubSonic.Tests/SelectTests/Exec_PagedJoined" isTestCase="true">
                  <codeReference assembly="SubSonic.Tests, Version=2.2.1.0, Culture=neutral, PublicKeyToken=null" namespace="SubSonic.Tests.SqlQuery" type="SubSonic.Tests.SqlQuery.SelectTests" member="Exec_PagedJoined" />
                  <codeLocation path="C:\data\SubsonicRoot\ss2\SubSonic.Tests\SqlQuery\SelectTests.cs" line="335" />
                  <metadata>
                    <entry key="TestKind">
                      <value>Test</value>
                    </entry>
                  </metadata>
                  <children />
                  <parameters />
                </test>
                <test id="b51a12706c7e1287" name="Exec_AggregateExpression" fullName="SubSonic.Tests/SelectTests/Exec_AggregateExpression" isTestCase="true">
                  <codeReference assembly="SubSonic.Tests, Version=2.2.1.0, Culture=neutral, PublicKeyToken=null" namespace="SubSonic.Tests.SqlQuery" type="SubSonic.Tests.SqlQuery.SelectTests" member="Exec_AggregateExpression" />
                  <codeLocation path="C:\data\SubsonicRoot\ss2\SubSonic.Tests\SqlQuery\SelectTests.cs" line="294" />
                  <metadata>
                    <entry key="TestKind">
                      <value>Test</value>
                    </entry>
                  </metadata>
                  <children />
                  <parameters />
                </test>
                <test id="2763a03853c61560" name="Exec_PagedSimple" fullName="SubSonic.Tests/SelectTests/Exec_PagedSimple" isTestCase="true">
                  <codeReference assembly="SubSonic.Tests, Version=2.2.1.0, Culture=neutral, PublicKeyToken=null" namespace="SubSonic.Tests.SqlQuery" type="SubSonic.Tests.SqlQuery.SelectTests" member="Exec_PagedSimple" />
                  <codeLocation path="C:\data\SubsonicRoot\ss2\SubSonic.Tests\SqlQuery\SelectTests.cs" line="310" />
                  <metadata>
                    <entry key="TestKind">
                      <value>Test</value>
                    </entry>
                  </metadata>
                  <children />
                  <parameters />
                </test>
              </children>
              <parameters />
            </test>
            <test id="7b08553eef1fbce5" name="AggregateTests" fullName="SubSonic.Tests/AggregateTests" isTestCase="false">
              <codeReference assembly="SubSonic.Tests, Version=2.2.1.0, Culture=neutral, PublicKeyToken=null" namespace="SubSonic.Tests.SqlQuery" type="SubSonic.Tests.SqlQuery.AggregateTests" />
              <codeLocation path="C:\data\SubsonicRoot\ss2\SubSonic.Tests\SqlQuery\AggregateTests.cs" />
              <metadata>
                <entry key="TestKind">
                  <value>Fixture</value>
                </entry>
              </metadata>
              <children>
                <test id="8afea2ace33d2bc5" name="Exec_AggregateMax" fullName="SubSonic.Tests/AggregateTests/Exec_AggregateMax" isTestCase="true">
                  <codeReference assembly="SubSonic.Tests, Version=2.2.1.0, Culture=neutral, PublicKeyToken=null" namespace="SubSonic.Tests.SqlQuery" type="SubSonic.Tests.SqlQuery.AggregateTests" member="Exec_AggregateMax" />
                  <codeLocation path="C:\data\SubsonicRoot\ss2\SubSonic.Tests\SqlQuery\AggregateTests.cs" line="72" />
                  <metadata>
                    <entry key="TestKind">
                      <value>Test</value>
                    </entry>
                  </metadata>
                  <children />
                  <parameters />
                </test>
                <test id="87181fd2e72dc1a" name="Exec_AggregateAvg" fullName="SubSonic.Tests/AggregateTests/Exec_AggregateAvg" isTestCase="true">
                  <codeReference assembly="SubSonic.Tests, Version=2.2.1.0, Culture=neutral, PublicKeyToken=null" namespace="SubSonic.Tests.SqlQuery" type="SubSonic.Tests.SqlQuery.AggregateTests" member="Exec_AggregateAvg" />
                  <codeLocation path="C:\data\SubsonicRoot\ss2\SubSonic.Tests\SqlQuery\AggregateTests.cs" line="38" />
                  <metadata>
                    <entry key="TestKind">
                      <value>Test</value>
                    </entry>
                  </metadata>
                  <children />
                  <parameters />
                </test>
                <test id="64b9671d42ac6226" name="Exec_AggregateExpression" fullName="SubSonic.Tests/AggregateTests/Exec_AggregateExpression" isTestCase="true">
                  <codeReference assembly="SubSonic.Tests, Version=2.2.1.0, Culture=neutral, PublicKeyToken=null" namespace="SubSonic.Tests.SqlQuery" type="SubSonic.Tests.SqlQuery.AggregateTests" member="Exec_AggregateExpression" />
                  <codeLocation path="C:\data\SubsonicRoot\ss2\SubSonic.Tests\SqlQuery\AggregateTests.cs" line="26" />
                  <metadata>
                    <entry key="TestKind">
                      <value>Test</value>
                    </entry>
                  </metadata>
                  <children />
                  <parameters />
                </test>
                <test id="fe177be2cb358e99" name="Exec_AggregateMin" fullName="SubSonic.Tests/AggregateTests/Exec_AggregateMin" isTestCase="true">
                  <codeReference assembly="SubSonic.Tests, Version=2.2.1.0, Culture=neutral, PublicKeyToken=null" namespace="SubSonic.Tests.SqlQuery" type="SubSonic.Tests.SqlQuery.AggregateTests" member="Exec_AggregateMin" />
                  <codeLocation path="C:\data\SubsonicRoot\ss2\SubSonic.Tests\SqlQuery\AggregateTests.cs" line="106" />
                  <metadata>
                    <entry key="TestKind">
                      <value>Test</value>
                    </entry>
                  </metadata>
                  <children />
                  <parameters />
                </test>
                <test id="11eeb8a06e6c0168" name="Exec_AggregateWithWhereAndHaving" fullName="SubSonic.Tests/AggregateTests/Exec_AggregateWithWhereAndHaving" isTestCase="true">
                  <codeReference assembly="SubSonic.Tests, Version=2.2.1.0, Culture=neutral, PublicKeyToken=null" namespace="SubSonic.Tests.SqlQuery" type="SubSonic.Tests.SqlQuery.AggregateTests" member="Exec_AggregateWithWhereAndHaving" />
                  <codeLocation path="C:\data\SubsonicRoot\ss2\SubSonic.Tests\SqlQuery\AggregateTests.cs" line="187" />
                  <metadata>
                    <entry key="TestKind">
                      <value>Test</value>
                    </entry>
                  </metadata>
                  <children />
                  <parameters />
                </test>
                <test id="370dec0cba5c19da" name="Exec_AggregateWithWhereNotHaving" fullName="SubSonic.Tests/AggregateTests/Exec_AggregateWithWhereNotHaving" isTestCase="true">
                  <codeReference assembly="SubSonic.Tests, Version=2.2.1.0, Culture=neutral, PublicKeyToken=null" namespace="SubSonic.Tests.SqlQuery" type="SubSonic.Tests.SqlQuery.AggregateTests" member="Exec_AggregateWithWhereNotHaving" />
                  <codeLocation path="C:\data\SubsonicRoot\ss2\SubSonic.Tests\SqlQuery\AggregateTests.cs" line="201" />
                  <metadata>
                    <entry key="TestKind">
                      <value>Test</value>
                    </entry>
                  </metadata>
                  <children />
                  <parameters />
                </test>
                <test id="332ed8a05646333b" name="Exec_AggregateStandardDeviation" fullName="SubSonic.Tests/AggregateTests/Exec_AggregateStandardDeviation" isTestCase="true">
                  <codeReference assembly="SubSonic.Tests, Version=2.2.1.0, Culture=neutral, PublicKeyToken=null" namespace="SubSonic.Tests.SqlQuery" type="SubSonic.Tests.SqlQuery.AggregateTests" member="Exec_AggregateStandardDeviation" />
                  <codeLocation path="C:\data\SubsonicRoot\ss2\SubSonic.Tests\SqlQuery\AggregateTests.cs" line="140" />
                  <metadata>
                    <entry key="TestKind">
                      <value>Test</value>
                    </entry>
                  </metadata>
                  <children />
                  <parameters />
                </test>
                <test id="6b842429dd9d95f8" name="Exec_SingleAggregateWithWhere" fullName="SubSonic.Tests/AggregateTests/Exec_SingleAggregateWithWhere" isTestCase="true">
                  <codeReference assembly="SubSonic.Tests, Version=2.2.1.0, Culture=neutral, PublicKeyToken=null" namespace="SubSonic.Tests.SqlQuery" type="SubSonic.Tests.SqlQuery.AggregateTests" member="Exec_SingleAggregateWithWhere" />
                  <codeLocation path="C:\data\SubsonicRoot\ss2\SubSonic.Tests\SqlQuery\AggregateTests.cs" line="174" />
                  <metadata>
                    <entry key="TestKind">
                      <value>Test</value>
                    </entry>
                  </metadata>
                  <children />
                  <parameters />
                </test>
              </children>
              <parameters />
            </test>
            <test id="68a95a4990db42f5" name="CodeGeneratorTests" fullName="SubSonic.Tests/CodeGeneratorTests" isTestCase="false">
              <codeReference assembly="SubSonic.Tests, Version=2.2.1.0, Culture=neutral, PublicKeyToken=null" namespace="SubSonic.Tests" type="SubSonic.Tests.CodeGeneratorTests" />
              <codeLocation path="C:\data\SubsonicRoot\ss2\SubSonic.Tests\CodeGeneratorTests.cs" />
              <metadata>
                <entry key="TestKind">
                  <value>Fixture</value>
                </entry>
              </metadata>
              <children>
                <test id="e7521bc44996209e" name="CodeGen2_RunViewTemplate" fullName="SubSonic.Tests/CodeGeneratorTests/CodeGen2_RunViewTemplate" isTestCase="true">
                  <codeReference assembly="SubSonic.Tests, Version=2.2.1.0, Culture=neutral, PublicKeyToken=null" namespace="SubSonic.Tests" type="SubSonic.Tests.CodeGeneratorTests" member="CodeGen2_RunViewTemplate" />
                  <codeLocation path="C:\data\SubsonicRoot\ss2\SubSonic.Tests\CodeGeneratorTests.cs" line="57" />
                  <metadata>
                    <entry key="TestKind">
                      <value>Test</value>
                    </entry>
                  </metadata>
                  <children />
                  <parameters />
                </test>
                <test id="573732acbb6181e2" name="CodeGen2_RunSPTemplate" fullName="SubSonic.Tests/CodeGeneratorTests/CodeGen2_RunSPTemplate" isTestCase="true">
                  <codeReference assembly="SubSonic.Tests, Version=2.2.1.0, Culture=neutral, PublicKeyToken=null" namespace="SubSonic.Tests" type="SubSonic.Tests.CodeGeneratorTests" member="CodeGen2_RunSPTemplate" />
                  <codeLocation path="C:\data\SubsonicRoot\ss2\SubSonic.Tests\CodeGeneratorTests.cs" line="45" />
                  <metadata>
                    <entry key="TestKind">
                      <value>Test</value>
                    </entry>
                  </metadata>
                  <children />
                  <parameters />
                </test>
                <test id="ab367a6e1fd0314f" name="CodeGen2_RunClassTemplate" fullName="SubSonic.Tests/CodeGeneratorTests/CodeGen2_RunClassTemplate" isTestCase="true">
                  <codeReference assembly="SubSonic.Tests, Version=2.2.1.0, Culture=neutral, PublicKeyToken=null" namespace="SubSonic.Tests" type="SubSonic.Tests.CodeGeneratorTests" member="CodeGen2_RunClassTemplate" />
                  <codeLocation path="C:\data\SubsonicRoot\ss2\SubSonic.Tests\CodeGeneratorTests.cs" line="32" />
                  <metadata>
                    <entry key="TestKind">
                      <value>Test</value>
                    </entry>
                  </metadata>
                  <children />
                  <parameters />
                </test>
                <test id="27cccb231a0e354c" name="CodeGen2_RunStructTemplate" fullName="SubSonic.Tests/CodeGeneratorTests/CodeGen2_RunStructTemplate" isTestCase="true">
                  <codeReference assembly="SubSonic.Tests, Version=2.2.1.0, Culture=neutral, PublicKeyToken=null" namespace="SubSonic.Tests" type="SubSonic.Tests.CodeGeneratorTests" member="CodeGen2_RunStructTemplate" />
                  <codeLocation path="C:\data\SubsonicRoot\ss2\SubSonic.Tests\CodeGeneratorTests.cs" line="69" />
                  <metadata>
                    <entry key="TestKind">
                      <value>Test</value>
                    </entry>
                  </metadata>
                  <children />
                  <parameters />
                </test>
                <test id="9838a277a9925ec8" name="CodeGen2_VBRunViewTemplate" fullName="SubSonic.Tests/CodeGeneratorTests/CodeGen2_VBRunViewTemplate" isTestCase="true">
                  <codeReference assembly="SubSonic.Tests, Version=2.2.1.0, Culture=neutral, PublicKeyToken=null" namespace="SubSonic.Tests" type="SubSonic.Tests.CodeGeneratorTests" member="CodeGen2_VBRunViewTemplate" />
                  <codeLocation path="C:\data\SubsonicRoot\ss2\SubSonic.Tests\CodeGeneratorTests.cs" line="105" />
                  <metadata>
                    <entry key="TestKind">
                      <value>Test</value>
                    </entry>
                  </metadata>
                  <children />
                  <parameters />
                </test>
                <test id="b7bffc3c3d64b19d" name="CodeGen2_VBRunStructTemplate" fullName="SubSonic.Tests/CodeGeneratorTests/CodeGen2_VBRunStructTemplate" isTestCase="true">
                  <codeReference assembly="SubSonic.Tests, Version=2.2.1.0, Culture=neutral, PublicKeyToken=null" namespace="SubSonic.Tests" type="SubSonic.Tests.CodeGeneratorTests" member="CodeGen2_VBRunStructTemplate" />
                  <codeLocation path="C:\data\SubsonicRoot\ss2\SubSonic.Tests\CodeGeneratorTests.cs" line="117" />
                  <metadata>
                    <entry key="TestKind">
                      <value>Test</value>
                    </entry>
                  </metadata>
                  <children />
                  <parameters />
                </test>
                <test id="842b6141754bee7d" name="CodeGen2_VBRunClassTemplate" fullName="SubSonic.Tests/CodeGeneratorTests/CodeGen2_VBRunClassTemplate" isTestCase="true">
                  <codeReference assembly="SubSonic.Tests, Version=2.2.1.0, Culture=neutral, PublicKeyToken=null" namespace="SubSonic.Tests" type="SubSonic.Tests.CodeGeneratorTests" member="CodeGen2_VBRunClassTemplate" />
                  <codeLocation path="C:\data\SubsonicRoot\ss2\SubSonic.Tests\CodeGeneratorTests.cs" line="81" />
                  <metadata>
                    <entry key="TestKind">
                      <value>Test</value>
                    </entry>
                  </metadata>
                  <children />
                  <parameters />
                </test>
                <test id="9d63ffb3fed84048" name="CodeGen2_VBRunSPTemplate" fullName="SubSonic.Tests/CodeGeneratorTests/CodeGen2_VBRunSPTemplate" isTestCase="true">
                  <codeReference assembly="SubSonic.Tests, Version=2.2.1.0, Culture=neutral, PublicKeyToken=null" namespace="SubSonic.Tests" type="SubSonic.Tests.CodeGeneratorTests" member="CodeGen2_VBRunSPTemplate" />
                  <codeLocation path="C:\data\SubsonicRoot\ss2\SubSonic.Tests\CodeGeneratorTests.cs" line="93" />
                  <metadata>
                    <entry key="TestKind">
                      <value>Test</value>
                    </entry>
                  </metadata>
                  <children />
                  <parameters />
                </test>
              </children>
              <parameters />
            </test>
            <test id="babe4e099f85aa64" name="SugarTests" fullName="SubSonic.Tests/SugarTests" isTestCase="false">
              <codeReference assembly="SubSonic.Tests, Version=2.2.1.0, Culture=neutral, PublicKeyToken=null" namespace="SubSonic.Tests" type="SubSonic.Tests.SugarTests" />
              <codeLocation path="C:\data\SubsonicRoot\ss2\SubSonic.Tests\SugarTests.cs" />
              <metadata>
                <entry key="TestKind">
                  <value>Fixture</value>
                </entry>
              </metadata>
              <children>
                <test id="af2b9a98fb7c9a0a" name="Numbers_IsNumeric" fullName="SubSonic.Tests/SugarTests/Numbers_IsNumeric" isTestCase="true">
                  <codeReference assembly="SubSonic.Tests, Version=2.2.1.0, Culture=neutral, PublicKeyToken=null" namespace="SubSonic.Tests" type="SubSonic.Tests.SugarTests" member="Numbers_IsNumeric" />
                  <codeLocation path="C:\data\SubsonicRoot\ss2\SubSonic.Tests\SugarTests.cs" line="46" />
                  <metadata>
                    <entry key="TestKind">
                      <value>Test</value>
                    </entry>
                  </metadata>
                  <children />
                  <parameters />
                </test>
                <test id="c69717b4d30d292a" name="Dates_DaysAgo" fullName="SubSonic.Tests/SugarTests/Dates_DaysAgo" isTestCase="true">
                  <codeReference assembly="SubSonic.Tests, Version=2.2.1.0, Culture=neutral, PublicKeyToken=null" namespace="SubSonic.Tests" type="SubSonic.Tests.SugarTests" member="Dates_DaysAgo" />
                  <codeLocation path="C:\data\SubsonicRoot\ss2\SubSonic.Tests\SugarTests.cs" line="33" />
                  <metadata>
                    <entry key="TestKind">
                      <value>Test</value>
                    </entry>
                  </metadata>
                  <children />
                  <parameters />
                </test>
                <test id="9d1f3b426e0830d0" name="Numbers_IsInteger" fullName="SubSonic.Tests/SugarTests/Numbers_IsInteger" isTestCase="true">
                  <codeReference assembly="SubSonic.Tests, Version=2.2.1.0, Culture=neutral, PublicKeyToken=null" namespace="SubSonic.Tests" type="SubSonic.Tests.SugarTests" member="Numbers_IsInteger" />
                  <codeLocation path="C:\data\SubsonicRoot\ss2\SubSonic.Tests\SugarTests.cs" line="66" />
                  <metadata>
                    <entry key="TestKind">
                      <value>Test</value>
                    </entry>
                  </metadata>
                  <children />
                  <parameters />
                </test>
                <test id="d3f05500890def04" name="Validation_IsCreditCardAny" fullName="SubSonic.Tests/SugarTests/Validation_IsCreditCardAny" isTestCase="true">
                  <codeReference assembly="SubSonic.Tests, Version=2.2.1.0, Culture=neutral, PublicKeyToken=null" namespace="SubSonic.Tests" type="SubSonic.Tests.SugarTests" member="Validation_IsCreditCardAny" />
                  <codeLocation path="C:\data\SubsonicRoot\ss2\SubSonic.Tests\SugarTests.cs" line="155" />
                  <metadata>
                    <entry key="TestKind">
                      <value>Test</value>
                    </entry>
                  </metadata>
                  <children />
                  <parameters>
                    <parameter id="d3f05500890def04@creditCardNumber" name="creditCardNumber">
                      <codeReference assembly="SubSonic.Tests, Version=2.2.1.0, Culture=neutral, PublicKeyToken=null" namespace="SubSonic.Tests" type="SubSonic.Tests.SugarTests" member="Validation_IsCreditCardAny" parameter="creditCardNumber" />
                      <codeLocation />
                      <metadata />
                    </parameter>
                    <parameter id="d3f05500890def04@expected" name="expected">
                      <codeReference assembly="SubSonic.Tests, Version=2.2.1.0, Culture=neutral, PublicKeyToken=null" namespace="SubSonic.Tests" type="SubSonic.Tests.SugarTests" member="Validation_IsCreditCardAny" parameter="expected" />
                      <codeLocation />
                      <metadata />
                    </parameter>
                  </parameters>
                </test>
                <test id="d6b2470982053183" name="Dates_ReadableDiff" fullName="SubSonic.Tests/SugarTests/Dates_ReadableDiff" isTestCase="true">
                  <codeReference assembly="SubSonic.Tests, Version=2.2.1.0, Culture=neutral, PublicKeyToken=null" namespace="SubSonic.Tests" type="SubSonic.Tests.SugarTests" member="Dates_ReadableDiff" />
                  <codeLocation path="C:\data\SubsonicRoot\ss2\SubSonic.Tests\SugarTests.cs" line="121" />
                  <metadata>
                    <entry key="TestKind">
                      <value>Test</value>
                    </entry>
                  </metadata>
                  <children />
                  <parameters>
                    <parameter id="d6b2470982053183@startTime" name="startTime">
                      <codeReference assembly="SubSonic.Tests, Version=2.2.1.0, Culture=neutral, PublicKeyToken=null" namespace="SubSonic.Tests" type="SubSonic.Tests.SugarTests" member="Dates_ReadableDiff" parameter="startTime" />
                      <codeLocation />
                      <metadata />
                    </parameter>
                    <parameter id="d6b2470982053183@endTime" name="endTime">
                      <codeReference assembly="SubSonic.Tests, Version=2.2.1.0, Culture=neutral, PublicKeyToken=null" namespace="SubSonic.Tests" type="SubSonic.Tests.SugarTests" member="Dates_ReadableDiff" parameter="endTime" />
                      <codeLocation />
                      <metadata />
                    </parameter>
                    <parameter id="d6b2470982053183@expected" name="expected">
                      <codeReference assembly="SubSonic.Tests, Version=2.2.1.0, Culture=neutral, PublicKeyToken=null" namespace="SubSonic.Tests" type="SubSonic.Tests.SugarTests" member="Dates_ReadableDiff" parameter="expected" />
                      <codeLocation />
                      <metadata />
                    </parameter>
                  </parameters>
                </test>
                <test id="465b4d4accd38006" name="Strings_IsAlpha" fullName="SubSonic.Tests/SugarTests/Strings_IsAlpha" isTestCase="true">
                  <codeReference assembly="SubSonic.Tests, Version=2.2.1.0, Culture=neutral, PublicKeyToken=null" namespace="SubSonic.Tests" type="SubSonic.Tests.SugarTests" member="Strings_IsAlpha" />
                  <codeLocation path="C:\data\SubsonicRoot\ss2\SubSonic.Tests\SugarTests.cs" line="82" />
                  <metadata>
                    <entry key="TestKind">
                      <value>Test</value>
                    </entry>
                  </metadata>
                  <children />
                  <parameters />
                </test>
              </children>
              <parameters />
            </test>
            <test id="ac150421ef5e6b01" name="MySqlTests" fullName="SubSonic.Tests/MySqlTests" isTestCase="false">
              <codeReference assembly="SubSonic.Tests, Version=2.2.1.0, Culture=neutral, PublicKeyToken=null" namespace="SubSonic.Tests" type="SubSonic.Tests.MySqlTests" />
              <codeLocation path="C:\data\SubsonicRoot\ss2\SubSonic.Tests\MySqlTests.cs" />
              <metadata>
                <entry key="TestKind">
                  <value>Fixture</value>
                </entry>
              </metadata>
              <children>
                <test id="be8622380961903f" name="CorrectSchemaLoad" fullName="SubSonic.Tests/MySqlTests/CorrectSchemaLoad" isTestCase="true">
                  <codeReference assembly="SubSonic.Tests, Version=2.2.1.0, Culture=neutral, PublicKeyToken=null" namespace="SubSonic.Tests" type="SubSonic.Tests.MySqlTests" member="CorrectSchemaLoad" />
                  <codeLocation path="C:\data\SubsonicRoot\ss2\SubSonic.Tests\MySqlTests.cs" line="28" />
                  <metadata>
                    <entry key="TestKind">
                      <value>Test</value>
                    </entry>
                  </metadata>
                  <children />
                  <parameters />
                </test>
              </children>
              <parameters />
            </test>
            <test id="a4b3d38ff5d95786" name="InlineQueryTests" fullName="SubSonic.Tests/InlineQueryTests" isTestCase="false">
              <codeReference assembly="SubSonic.Tests, Version=2.2.1.0, Culture=neutral, PublicKeyToken=null" namespace="SubSonic.Tests.SqlQuery" type="SubSonic.Tests.SqlQuery.InlineQueryTests" />
              <codeLocation path="C:\data\SubsonicRoot\ss2\SubSonic.Tests\SqlQuery\InlineQueryTests.cs" />
              <metadata>
                <entry key="TestKind">
                  <value>Fixture</value>
                </entry>
              </metadata>
              <children>
                <test id="701cd850fa67c6c9" name="Inline_Simple" fullName="SubSonic.Tests/InlineQueryTests/Inline_Simple" isTestCase="true">
                  <codeReference assembly="SubSonic.Tests, Version=2.2.1.0, Culture=neutral, PublicKeyToken=null" namespace="SubSonic.Tests.SqlQuery" type="SubSonic.Tests.SqlQuery.InlineQueryTests" member="Inline_Simple" />
                  <codeLocation path="C:\data\SubsonicRoot\ss2\SubSonic.Tests\SqlQuery\InlineQueryTests.cs" line="27" />
                  <metadata>
                    <entry key="TestKind">
                      <value>Test</value>
                    </entry>
                  </metadata>
                  <children />
                  <parameters />
                </test>
                <test id="505820a5874ad648" name="Inline_AsCollection" fullName="SubSonic.Tests/InlineQueryTests/Inline_AsCollection" isTestCase="true">
                  <codeReference assembly="SubSonic.Tests, Version=2.2.1.0, Culture=neutral, PublicKeyToken=null" namespace="SubSonic.Tests.SqlQuery" type="SubSonic.Tests.SqlQuery.InlineQueryTests" member="Inline_AsCollection" />
                  <codeLocation path="C:\data\SubsonicRoot\ss2\SubSonic.Tests\SqlQuery\InlineQueryTests.cs" line="43" />
                  <metadata>
                    <entry key="TestKind">
                      <value>Test</value>
                    </entry>
                  </metadata>
                  <children />
                  <parameters />
                </test>
                <test id="888f3066ed2a4bc1" name="Inline_WithCommands" fullName="SubSonic.Tests/InlineQueryTests/Inline_WithCommands" isTestCase="true">
                  <codeReference assembly="SubSonic.Tests, Version=2.2.1.0, Culture=neutral, PublicKeyToken=null" namespace="SubSonic.Tests.SqlQuery" type="SubSonic.Tests.SqlQuery.InlineQueryTests" member="Inline_WithCommands" />
                  <codeLocation path="C:\data\SubsonicRoot\ss2\SubSonic.Tests\SqlQuery\InlineQueryTests.cs" line="34" />
                  <metadata>
                    <entry key="TestKind">
                      <value>Test</value>
                    </entry>
                  </metadata>
                  <children />
                  <parameters />
                </test>
              </children>
              <parameters />
            </test>
            <test id="5bc31031dabd1cc3" name="MigrationTests" fullName="SubSonic.Tests/MigrationTests" isTestCase="false">
              <codeReference assembly="SubSonic.Tests, Version=2.2.1.0, Culture=neutral, PublicKeyToken=null" namespace="SubSonic.Tests.Migrations" type="SubSonic.Tests.Migrations.MigrationTests" />
              <codeLocation path="C:\data\SubsonicRoot\ss2\SubSonic.Tests\Migrations\MigrationTests.cs" />
              <metadata>
                <entry key="TestKind">
                  <value>Fixture</value>
                </entry>
              </metadata>
              <children>
                <test id="4191394411848969" name="CreateTable_Should_Allow_Char3_As_PrimaryKey" fullName="SubSonic.Tests/MigrationTests/CreateTable_Should_Allow_Char3_As_PrimaryKey" isTestCase="true">
                  <codeReference assembly="SubSonic.Tests, Version=2.2.1.0, Culture=neutral, PublicKeyToken=null" namespace="SubSonic.Tests.Migrations" type="SubSonic.Tests.Migrations.MigrationTests" member="CreateTable_Should_Allow_Char3_As_PrimaryKey" />
                  <codeLocation path="C:\data\SubsonicRoot\ss2\SubSonic.Tests\Migrations\MigrationTests.cs" line="286" />
                  <metadata>
                    <entry key="TestKind">
                      <value>Test</value>
                    </entry>
                  </metadata>
                  <children />
                  <parameters />
                </test>
                <test id="4abcbd35596f771b" name="MigrationMySql" fullName="SubSonic.Tests/MigrationTests/MigrationMySql" isTestCase="true">
                  <codeReference assembly="SubSonic.Tests, Version=2.2.1.0, Culture=neutral, PublicKeyToken=null" namespace="SubSonic.Tests.Migrations" type="SubSonic.Tests.Migrations.MigrationTests" member="MigrationMySql" />
                  <codeLocation path="C:\data\SubsonicRoot\ss2\SubSonic.Tests\Migrations\MigrationTests.cs" line="265" />
                  <metadata>
                    <entry key="TestKind">
                      <value>Test</value>
                    </entry>
                  </metadata>
                  <children />
                  <parameters />
                </test>
                <test id="6ad5e975aee08ddf" name="MigrationGenerateCreateTablesSql" fullName="SubSonic.Tests/MigrationTests/MigrationGenerateCreateTablesSql" isTestCase="true">
                  <codeReference assembly="SubSonic.Tests, Version=2.2.1.0, Culture=neutral, PublicKeyToken=null" namespace="SubSonic.Tests.Migrations" type="SubSonic.Tests.Migrations.MigrationTests" member="MigrationGenerateCreateTablesSql" />
                  <codeLocation path="C:\data\SubsonicRoot\ss2\SubSonic.Tests\Migrations\MigrationTests.cs" line="18" />
                  <metadata>
                    <entry key="TestKind">
                      <value>Test</value>
                    </entry>
                  </metadata>
                  <children />
                  <parameters />
                </test>
                <test id="fca4a854339d17cf" name="Dual_ForeignKey_Relationships_ShouldBe_Possible_From_One_To_Many" fullName="SubSonic.Tests/MigrationTests/Dual_ForeignKey_Relationships_ShouldBe_Possible_From_One_To_Many" isTestCase="true">
                  <codeReference assembly="SubSonic.Tests, Version=2.2.1.0, Culture=neutral, PublicKeyToken=null" namespace="SubSonic.Tests.Migrations" type="SubSonic.Tests.Migrations.MigrationTests" member="Dual_ForeignKey_Relationships_ShouldBe_Possible_From_One_To_Many" />
                  <codeLocation path="C:\data\SubsonicRoot\ss2\SubSonic.Tests\Migrations\MigrationTests.cs" line="310" />
                  <metadata>
                    <entry key="TestKind">
                      <value>Test</value>
                    </entry>
                  </metadata>
                  <children />
                  <parameters />
                </test>
                <test id="71cebd88972a170d" name="MigrateDownFromZero" fullName="SubSonic.Tests/MigrationTests/MigrateDownFromZero" isTestCase="true">
                  <codeReference assembly="SubSonic.Tests, Version=2.2.1.0, Culture=neutral, PublicKeyToken=null" namespace="SubSonic.Tests.Migrations" type="SubSonic.Tests.Migrations.MigrationTests" member="MigrateDownFromZero" />
                  <codeLocation path="C:\data\SubsonicRoot\ss2\SubSonic.Tests\Migrations\MigrationTests.cs" line="69" />
                  <metadata>
                    <entry key="TestKind">
                      <value>Test</value>
                    </entry>
                  </metadata>
                  <children />
                  <parameters />
                </test>
                <test id="bd66417745aec781" name="MigrateUpDownNegative1" fullName="SubSonic.Tests/MigrationTests/MigrateUpDownNegative1" isTestCase="true">
                  <codeReference assembly="SubSonic.Tests, Version=2.2.1.0, Culture=neutral, PublicKeyToken=null" namespace="SubSonic.Tests.Migrations" type="SubSonic.Tests.Migrations.MigrationTests" member="MigrateUpDownNegative1" />
                  <codeLocation path="C:\data\SubsonicRoot\ss2\SubSonic.Tests\Migrations\MigrationTests.cs" line="79" />
                  <metadata>
                    <entry key="TestKind">
                      <value>Test</value>
                    </entry>
                  </metadata>
                  <children />
                  <parameters />
                </test>
                <test id="79ec5c9c7b50141d" name="MigrationUpDown" fullName="SubSonic.Tests/MigrationTests/MigrationUpDown" isTestCase="true">
                  <codeReference assembly="SubSonic.Tests, Version=2.2.1.0, Culture=neutral, PublicKeyToken=null" namespace="SubSonic.Tests.Migrations" type="SubSonic.Tests.Migrations.MigrationTests" member="MigrationUpDown" />
                  <codeLocation path="C:\data\SubsonicRoot\ss2\SubSonic.Tests\Migrations\MigrationTests.cs" line="102" />
                  <metadata>
                    <entry key="TestKind">
                      <value>Test</value>
                    </entry>
                  </metadata>
                  <children />
                  <parameters />
                </test>
                <test id="1989de16e4cda26b" name="MigrationGenerateDropTablesSql" fullName="SubSonic.Tests/MigrationTests/MigrationGenerateDropTablesSql" isTestCase="true">
                  <codeReference assembly="SubSonic.Tests, Version=2.2.1.0, Culture=neutral, PublicKeyToken=null" namespace="SubSonic.Tests.Migrations" type="SubSonic.Tests.Migrations.MigrationTests" member="MigrationGenerateDropTablesSql" />
                  <codeLocation path="C:\data\SubsonicRoot\ss2\SubSonic.Tests\Migrations\MigrationTests.cs" line="29" />
                  <metadata>
                    <entry key="TestKind">
                      <value>Test</value>
                    </entry>
                  </metadata>
                  <children />
                  <parameters />
                </test>
                <test id="fc1403bbd9c21f26" name="Migration_SQL_Generation_AddRemoveColumns" fullName="SubSonic.Tests/MigrationTests/Migration_SQL_Generation_AddRemoveColumns" isTestCase="true">
                  <codeReference assembly="SubSonic.Tests, Version=2.2.1.0, Culture=neutral, PublicKeyToken=null" namespace="SubSonic.Tests.Migrations" type="SubSonic.Tests.Migrations.MigrationTests" member="Migration_SQL_Generation_AddRemoveColumns" />
                  <codeLocation path="C:\data\SubsonicRoot\ss2\SubSonic.Tests\Migrations\MigrationTests.cs" line="41" />
                  <metadata>
                    <entry key="TestKind">
                      <value>Test</value>
                    </entry>
                  </metadata>
                  <children />
                  <parameters />
                </test>
                <test id="c1db2d4e72754f2c" name="MigrationUpwithErrors" fullName="SubSonic.Tests/MigrationTests/MigrationUpwithErrors" isTestCase="true">
                  <codeReference assembly="SubSonic.Tests, Version=2.2.1.0, Culture=neutral, PublicKeyToken=null" namespace="SubSonic.Tests.Migrations" type="SubSonic.Tests.Migrations.MigrationTests" member="MigrationUpwithErrors" />
                  <codeLocation path="C:\data\SubsonicRoot\ss2\SubSonic.Tests\Migrations\MigrationTests.cs" line="127" />
                  <metadata>
                    <entry key="TestKind">
                      <value>Test</value>
                    </entry>
                  </metadata>
                  <children />
                  <parameters />
                </test>
                <test id="68b84e1f9a9c2bc8" name="MigrationShouldExecMultipleMigrations" fullName="SubSonic.Tests/MigrationTests/MigrationShouldExecMultipleMigrations" isTestCase="true">
                  <codeReference assembly="SubSonic.Tests, Version=2.2.1.0, Culture=neutral, PublicKeyToken=null" namespace="SubSonic.Tests.Migrations" type="SubSonic.Tests.Migrations.MigrationTests" member="MigrationShouldExecMultipleMigrations" />
                  <codeLocation path="C:\data\SubsonicRoot\ss2\SubSonic.Tests\Migrations\MigrationTests.cs" line="205" />
                  <metadata>
                    <entry key="TestKind">
                      <value>Test</value>
                    </entry>
                  </metadata>
                  <children />
                  <parameters />
                </test>
                <test id="9b9ec6dd8cf18626" name="MigrationOnDispose" fullName="SubSonic.Tests/MigrationTests/MigrationOnDispose" isTestCase="true">
                  <codeReference assembly="SubSonic.Tests, Version=2.2.1.0, Culture=neutral, PublicKeyToken=null" namespace="SubSonic.Tests.Migrations" type="SubSonic.Tests.Migrations.MigrationTests" member="MigrationOnDispose" />
                  <codeLocation path="C:\data\SubsonicRoot\ss2\SubSonic.Tests\Migrations\MigrationTests.cs" line="232" />
                  <metadata>
                    <entry key="TestKind">
                      <value>Test</value>
                    </entry>
                  </metadata>
                  <children />
                  <parameters />
                </test>
                <test id="bca569c17d71b8ce" name="MigrationExecute" fullName="SubSonic.Tests/MigrationTests/MigrationExecute" isTestCase="true">
                  <codeReference assembly="SubSonic.Tests, Version=2.2.1.0, Culture=neutral, PublicKeyToken=null" namespace="SubSonic.Tests.Migrations" type="SubSonic.Tests.Migrations.MigrationTests" member="MigrationExecute" />
                  <codeLocation path="C:\data\SubsonicRoot\ss2\SubSonic.Tests\Migrations\MigrationTests.cs" line="250" />
                  <metadata>
                    <entry key="TestKind">
                      <value>Test</value>
                    </entry>
                  </metadata>
                  <children />
                  <parameters />
                </test>
                <test id="941fe2e0ac31211e" name="MigrationAlterColumn" fullName="SubSonic.Tests/MigrationTests/MigrationAlterColumn" isTestCase="true">
                  <codeReference assembly="SubSonic.Tests, Version=2.2.1.0, Culture=neutral, PublicKeyToken=null" namespace="SubSonic.Tests.Migrations" type="SubSonic.Tests.Migrations.MigrationTests" member="MigrationAlterColumn" />
                  <codeLocation path="C:\data\SubsonicRoot\ss2\SubSonic.Tests\Migrations\MigrationTests.cs" line="148" />
                  <metadata>
                    <entry key="TestKind">
                      <value>Test</value>
                    </entry>
                  </metadata>
                  <children />
                  <parameters />
                </test>
                <test id="5fbd30d8d3c730d4" name="MigrationAddRemoveColumns" fullName="SubSonic.Tests/MigrationTests/MigrationAddRemoveColumns" isTestCase="true">
                  <codeReference assembly="SubSonic.Tests, Version=2.2.1.0, Culture=neutral, PublicKeyToken=null" namespace="SubSonic.Tests.Migrations" type="SubSonic.Tests.Migrations.MigrationTests" member="MigrationAddRemoveColumns" />
                  <codeLocation path="C:\data\SubsonicRoot\ss2\SubSonic.Tests\Migrations\MigrationTests.cs" line="171" />
                  <metadata>
                    <entry key="TestKind">
                      <value>Test</value>
                    </entry>
                  </metadata>
                  <children />
                  <parameters />
                </test>
                <test id="cfe29af00870094c" name="MigrationShouldCreateAndDropTestTable" fullName="SubSonic.Tests/MigrationTests/MigrationShouldCreateAndDropTestTable" isTestCase="true">
                  <codeReference assembly="SubSonic.Tests, Version=2.2.1.0, Culture=neutral, PublicKeyToken=null" namespace="SubSonic.Tests.Migrations" type="SubSonic.Tests.Migrations.MigrationTests" member="MigrationShouldCreateAndDropTestTable" />
                  <codeLocation path="C:\data\SubsonicRoot\ss2\SubSonic.Tests\Migrations\MigrationTests.cs" line="184" />
                  <metadata>
                    <entry key="TestKind">
                      <value>Test</value>
                    </entry>
                  </metadata>
                  <children />
                  <parameters />
                </test>
              </children>
              <parameters />
            </test>
          </children>
          <parameters />
        </test>
      </children>
      <parameters />
    </test>
    <annotations />
  </testModel>
  <testPackageRun startTime="2011-08-05T16:38:50.0868455+09:30" endTime="2011-08-05T16:39:21.1962205+09:30">
    <testStepRun startTime="2011-08-05T16:38:53.1805955+09:30" endTime="2011-08-05T16:39:21.1962205+09:30">
      <testStep id="f0ac451aac833424" name="Root" fullName="" testId="c2722843734a7a54" isPrimary="true" isTestCase="false" isDynamic="false">
        <codeReference />
        <codeLocation />
        <metadata>
          <entry key="TestKind">
            <value>Root</value>
          </entry>
        </metadata>
      </testStep>
      <children>
        <testStepRun startTime="2011-08-05T16:38:53.1805955+09:30" endTime="2011-08-05T16:39:19.4930955+09:30">
          <testStep id="e181d9bd7ece0a53" name="SubSonic.Tests" fullName="SubSonic.Tests" testId="af69a8159bbce33b" isPrimary="true" isTestCase="false" isDynamic="false">
            <codeReference assembly="SubSonic.Tests, Version=2.2.1.0, Culture=neutral, PublicKeyToken=null" />
            <codeLocation path="C:\data\SubsonicRoot\ss2\SubSonic.Tests\bin\Debug\SubSonic.Tests.DLL" />
            <metadata>
              <entry key="TestKind">
                <value>MbUnit v3 Assembly</value>
              </entry>
              <entry key="File">
                <value>C:\data\SubsonicRoot\ss2\SubSonic.Tests\bin\Debug\SubSonic.Tests.DLL</value>
              </entry>
              <entry key="CodeBase">
                <value>C:\data\SubsonicRoot\ss2\SubSonic.Tests\bin\Debug\SubSonic.Tests.DLL</value>
              </entry>
              <entry key="Copyright">
                <value>Copyright Â©2006-2009 The SubSonic Project</value>
              </entry>
              <entry key="FileVersion">
                <value>2.2.1.0</value>
              </entry>
              <entry key="Product">
                <value>SubSonic.Tests</value>
              </entry>
              <entry key="Title">
                <value>SubSonic.Tests</value>
              </entry>
              <entry key="Version">
                <value>2.2.1.0</value>
              </entry>
              <entry key="Framework">
                <value>MbUnit v3.2 build 749</value>
              </entry>
            </metadata>
          </testStep>
          <children>
            <testStepRun startTime="2011-08-05T16:38:53.1962205+09:30" endTime="2011-08-05T16:39:00.4149705+09:30">
              <testStep id="2d6aaf2fc9b68bb0" name="ActiveListTests" fullName="SubSonic.Tests/ActiveListTests" testId="bc7166f99ef30223" isPrimary="true" isTestCase="false" isDynamic="false">
                <codeReference assembly="SubSonic.Tests, Version=2.2.1.0, Culture=neutral, PublicKeyToken=null" namespace="SubSonic.Tests" type="SubSonic.Tests.ActiveListTests" />
                <codeLocation path="C:\data\SubsonicRoot\ss2\SubSonic.Tests\ActiveListTests.cs" />
                <metadata>
                  <entry key="TestKind">
                    <value>Fixture</value>
                  </entry>
                </metadata>
              </testStep>
              <children>
                <testStepRun startTime="2011-08-05T16:38:53.1962205+09:30" endTime="2011-08-05T16:38:56.2430955+09:30">
                  <testStep id="f47bcb5dc5f5f3b4" name="BatchSaveInsert" fullName="SubSonic.Tests/ActiveListTests/BatchSaveInsert" testId="59081e8fe33bad22" isPrimary="true" isTestCase="true" isDynamic="false">
                    <codeReference assembly="SubSonic.Tests, Version=2.2.1.0, Culture=neutral, PublicKeyToken=null" namespace="SubSonic.Tests" type="SubSonic.Tests.ActiveListTests" member="BatchSaveInsert" />
                    <codeLocation path="C:\data\SubsonicRoot\ss2\SubSonic.Tests\ActiveListTests.cs" line="51" />
                    <metadata>
                      <entry key="TestKind">
                        <value>Test</value>
                      </entry>
                    </metadata>
                  </testStep>
                  <children />
                  <result assertCount="2" duration="3.1479071">
                    <outcome status="passed" />
                  </result>
                  <testLog>
                    <streams />
                    <attachments />
                  </testLog>
                </testStepRun>
                <testStepRun startTime="2011-08-05T16:38:56.2430955+09:30" endTime="2011-08-05T16:38:57.5555955+09:30">
                  <testStep id="2de77ac9056ae05a" name="BatchSaveUpdate" fullName="SubSonic.Tests/ActiveListTests/BatchSaveUpdate" testId="c10c3bb6a31302d5" isPrimary="true" isTestCase="true" isDynamic="false">
                    <codeReference assembly="SubSonic.Tests, Version=2.2.1.0, Culture=neutral, PublicKeyToken=null" namespace="SubSonic.Tests" type="SubSonic.Tests.ActiveListTests" member="BatchSaveUpdate" />
                    <codeLocation path="C:\data\SubsonicRoot\ss2\SubSonic.Tests\ActiveListTests.cs" line="130" />
                    <metadata>
                      <entry key="TestKind">
                        <value>Test</value>
                      </entry>
                    </metadata>
                  </testStep>
                  <children />
                  <result assertCount="1002" duration="1.3181649">
                    <outcome status="passed" />
                  </result>
                  <testLog>
                    <streams />
                    <attachments />
                  </testLog>
                </testStepRun>
                <testStepRun startTime="2011-08-05T16:38:57.5712205+09:30" endTime="2011-08-05T16:38:58.6649705+09:30">
                  <testStep id="784df40b735d6cd8" name="BatchSaveUpdateNoChanges" fullName="SubSonic.Tests/ActiveListTests/BatchSaveUpdateNoChanges" testId="a1003a1d129446b2" isPrimary="true" isTestCase="true" isDynamic="false">
                    <codeReference assembly="SubSonic.Tests, Version=2.2.1.0, Culture=neutral, PublicKeyToken=null" namespace="SubSonic.Tests" type="SubSonic.Tests.ActiveListTests" member="BatchSaveUpdateNoChanges" />
                    <codeLocation path="C:\data\SubsonicRoot\ss2\SubSonic.Tests\ActiveListTests.cs" line="152" />
                    <metadata>
                      <entry key="TestKind">
                        <value>Test</value>
                      </entry>
                    </metadata>
                  </testStep>
                  <children />
                  <result assertCount="1002" duration="1.1072857999999999">
                    <outcome status="passed" />
                  </result>
                  <testLog>
                    <streams />
                    <attachments />
                  </testLog>
                </testStepRun>
                <testStepRun startTime="2011-08-05T16:38:58.6805955+09:30" endTime="2011-08-05T16:39:00.3055955+09:30">
                  <testStep id="fe696c70227d7f4" name="DeferredDelete" fullName="SubSonic.Tests/ActiveListTests/DeferredDelete" testId="828dd42707b21bbe" isPrimary="true" isTestCase="true" isDynamic="false">
                    <codeReference assembly="SubSonic.Tests, Version=2.2.1.0, Culture=neutral, PublicKeyToken=null" namespace="SubSonic.Tests" type="SubSonic.Tests.ActiveListTests" member="DeferredDelete" />
                    <codeLocation path="C:\data\SubsonicRoot\ss2\SubSonic.Tests\ActiveListTests.cs" line="66" />
                    <metadata>
                      <entry key="TestKind">
                        <value>Test</value>
                      </entry>
                    </metadata>
                  </testStep>
                  <children />
                  <result assertCount="3" duration="1.6227578999999999">
                    <outcome status="passed" />
                  </result>
                  <testLog>
                    <streams />
                    <attachments />
                  </testLog>
                </testStepRun>
                <testStepRun startTime="2011-08-05T16:39:00.3055955+09:30" endTime="2011-08-05T16:39:00.3368455+09:30">
                  <testStep id="e92c52a9373cd2d8" name="ListSerialization" fullName="SubSonic.Tests/ActiveListTests/ListSerialization" testId="dc06ea3eb5ecffc" isPrimary="true" isTestCase="true" isDynamic="false">
                    <codeReference assembly="SubSonic.Tests, Version=2.2.1.0, Culture=neutral, PublicKeyToken=null" namespace="SubSonic.Tests" type="SubSonic.Tests.ActiveListTests" member="ListSerialization" />
                    <codeLocation path="C:\data\SubsonicRoot\ss2\SubSonic.Tests\ActiveListTests.cs" line="173" />
                    <metadata>
                      <entry key="TestKind">
                        <value>Test</value>
                      </entry>
                    </metadata>
                  </testStep>
                  <children />
                  <result assertCount="2" duration="0.0405002">
                    <outcome status="passed" />
                  </result>
                  <testLog>
                    <streams />
                    <attachments />
                  </testLog>
                </testStepRun>
                <testStepRun startTime="2011-08-05T16:39:00.3524705+09:30" endTime="2011-08-05T16:39:00.4149705+09:30">
                  <testStep id="2d8bfe4438c2ba39" name="ListTHelper" fullName="SubSonic.Tests/ActiveListTests/ListTHelper" testId="c63e43da4f9829e6" isPrimary="true" isTestCase="true" isDynamic="false">
                    <codeReference assembly="SubSonic.Tests, Version=2.2.1.0, Culture=neutral, PublicKeyToken=null" namespace="SubSonic.Tests" type="SubSonic.Tests.ActiveListTests" member="ListTHelper" />
                    <codeLocation path="C:\data\SubsonicRoot\ss2\SubSonic.Tests\ActiveListTests.cs" line="88" />
                    <metadata>
                      <entry key="TestKind">
                        <value>Test</value>
                      </entry>
                    </metadata>
                  </testStep>
                  <children />
                  <result assertCount="3" duration="0.0652801">
                    <outcome status="passed" />
                  </result>
                  <testLog>
                    <streams />
                    <attachments />
                  </testLog>
                </testStepRun>
              </children>
              <result assertCount="2014" duration="7.3984229">
                <outcome status="passed" />
              </result>
              <testLog>
                <streams />
                <attachments />
              </testLog>
            </testStepRun>
            <testStepRun startTime="2011-08-05T16:39:00.4149705+09:30" endTime="2011-08-05T16:39:00.7899705+09:30">
              <testStep id="a57d188bf3c331ef" name="ActiveRecordTest" fullName="SubSonic.Tests/ActiveRecordTest" testId="973cf89c2152aa4a" isPrimary="true" isTestCase="false" isDynamic="false">
                <codeReference assembly="SubSonic.Tests, Version=2.2.1.0, Culture=neutral, PublicKeyToken=null" namespace="SubSonic.Tests" type="SubSonic.Tests.ActiveRecordTest" />
                <codeLocation path="C:\data\SubsonicRoot\ss2\SubSonic.Tests\ActiveRecordTest.cs" />
                <metadata>
                  <entry key="TestKind">
                    <value>Fixture</value>
                  </entry>
                </metadata>
              </testStep>
              <children>
                <testStepRun startTime="2011-08-05T16:39:00.4305955+09:30" endTime="2011-08-05T16:39:00.5399705+09:30">
                  <testStep id="c72d816ee249ec70" name="DirtyColumnsExist" fullName="SubSonic.Tests/ActiveRecordTest/DirtyColumnsExist" testId="95ba428346d485c8" isPrimary="true" isTestCase="true" isDynamic="false">
                    <codeReference assembly="SubSonic.Tests, Version=2.2.1.0, Culture=neutral, PublicKeyToken=null" namespace="SubSonic.Tests" type="SubSonic.Tests.ActiveRecordTest" member="DirtyColumnsExist" />
                    <codeLocation path="C:\data\SubsonicRoot\ss2\SubSonic.Tests\ActiveRecordTest.cs" line="257" />
                    <metadata>
                      <entry key="TestKind">
                        <value>Test</value>
                      </entry>
                    </metadata>
                  </testStep>
                  <children />
                  <result assertCount="2" duration="0.1028158">
                    <outcome status="passed" />
                  </result>
                  <testLog>
                    <streams />
                    <attachments />
                  </testLog>
                </testStepRun>
                <testStepRun startTime="2011-08-05T16:39:00.5399705+09:30" endTime="2011-08-05T16:39:00.5555955+09:30">
                  <testStep id="52040e838e66e6bd" name="GetNewCommand" fullName="SubSonic.Tests/ActiveRecordTest/GetNewCommand" testId="7d081ada19736f13" isPrimary="true" isTestCase="true" isDynamic="false">
                    <codeReference assembly="SubSonic.Tests, Version=2.2.1.0, Culture=neutral, PublicKeyToken=null" namespace="SubSonic.Tests" type="SubSonic.Tests.ActiveRecordTest" member="GetNewCommand" />
                    <codeLocation path="C:\data\SubsonicRoot\ss2\SubSonic.Tests\ActiveRecordTest.cs" line="132" />
                    <metadata>
                      <entry key="TestKind">
                        <value>Test</value>
                      </entry>
                    </metadata>
                  </testStep>
                  <children />
                  <result assertCount="3" duration="0.0125621">
                    <outcome status="passed" />
                  </result>
                  <testLog>
                    <streams />
                    <attachments />
                  </testLog>
                </testStepRun>
                <testStepRun startTime="2011-08-05T16:39:00.5555955+09:30" endTime="2011-08-05T16:39:00.5868455+09:30">
                  <testStep id="84090659a663afe5" name="GetNoChangesCommand" fullName="SubSonic.Tests/ActiveRecordTest/GetNoChangesCommand" testId="ab826f791528530e" isPrimary="true" isTestCase="true" isDynamic="false">
                    <codeReference assembly="SubSonic.Tests, Version=2.2.1.0, Culture=neutral, PublicKeyToken=null" namespace="SubSonic.Tests" type="SubSonic.Tests.ActiveRecordTest" member="GetNoChangesCommand" />
                    <codeLocation path="C:\data\SubsonicRoot\ss2\SubSonic.Tests\ActiveRecordTest.cs" line="161" />
                    <metadata>
                      <entry key="TestKind">
                        <value>Test</value>
                      </entry>
                    </metadata>
                  </testStep>
                  <children />
                  <result assertCount="3" duration="0.030413299999999997">
                    <outcome status="passed" />
                  </result>
                  <testLog>
                    <streams />
                    <attachments />
                  </testLog>
                </testStepRun>
                <testStepRun startTime="2011-08-05T16:39:00.6024705+09:30" endTime="2011-08-05T16:39:00.6024705+09:30">
                  <testStep id="8182fdeb9cfaebb2" name="GetUpdateCommand" fullName="SubSonic.Tests/ActiveRecordTest/GetUpdateCommand" testId="417c38654e97c64e" isPrimary="true" isTestCase="true" isDynamic="false">
                    <codeReference assembly="SubSonic.Tests, Version=2.2.1.0, Culture=neutral, PublicKeyToken=null" namespace="SubSonic.Tests" type="SubSonic.Tests.ActiveRecordTest" member="GetUpdateCommand" />
                    <codeLocation path="C:\data\SubsonicRoot\ss2\SubSonic.Tests\ActiveRecordTest.cs" line="145" />
                    <metadata>
                      <entry key="TestKind">
                        <value>Test</value>
                      </entry>
                    </metadata>
                  </testStep>
                  <children />
                  <result assertCount="4" duration="0.0100695">
                    <outcome status="passed" />
                  </result>
                  <testLog>
                    <streams />
                    <attachments />
                  </testLog>
                </testStepRun>
                <testStepRun startTime="2011-08-05T16:39:00.6180955+09:30" endTime="2011-08-05T16:39:00.6337205+09:30">
                  <testStep id="a5b48de742e75fad" name="Products_CollectionLoad" fullName="SubSonic.Tests/ActiveRecordTest/Products_CollectionLoad" testId="79f2d4a9b8bf6477" isPrimary="true" isTestCase="true" isDynamic="false">
                    <codeReference assembly="SubSonic.Tests, Version=2.2.1.0, Culture=neutral, PublicKeyToken=null" namespace="SubSonic.Tests" type="SubSonic.Tests.ActiveRecordTest" member="Products_CollectionLoad" />
                    <codeLocation path="C:\data\SubsonicRoot\ss2\SubSonic.Tests\ActiveRecordTest.cs" line="116" />
                    <metadata>
                      <entry key="TestKind">
                        <value>Test</value>
                      </entry>
                    </metadata>
                  </testStep>
                  <children />
                  <result assertCount="1" duration="0.018414">
                    <outcome status="passed" />
                  </result>
                  <testLog>
                    <streams />
                    <attachments />
                  </testLog>
                </testStepRun>
                <testStepRun startTime="2011-08-05T16:39:00.6337205+09:30" endTime="2011-08-05T16:39:00.6649705+09:30">
                  <testStep id="8d3a9be34668afcb" name="Products_Crud" fullName="SubSonic.Tests/ActiveRecordTest/Products_Crud" testId="9c01227d5c205df6" isPrimary="true" isTestCase="true" isDynamic="false">
                    <codeReference assembly="SubSonic.Tests, Version=2.2.1.0, Culture=neutral, PublicKeyToken=null" namespace="SubSonic.Tests" type="SubSonic.Tests.ActiveRecordTest" member="Products_Crud" />
                    <codeLocation path="C:\data\SubsonicRoot\ss2\SubSonic.Tests\ActiveRecordTest.cs" line="51" />
                    <metadata>
                      <entry key="TestKind">
                        <value>Test</value>
                      </entry>
                    </metadata>
                  </testStep>
                  <children />
                  <result assertCount="1" duration="0.0209668">
                    <outcome status="passed" />
                  </result>
                  <testLog>
                    <streams />
                    <attachments />
                  </testLog>
                </testStepRun>
                <testStepRun startTime="2011-08-05T16:39:00.6805955+09:30" endTime="2011-08-05T16:39:00.7587205+09:30">
                  <testStep id="8f0d1b7e9a9bf063" name="Products_NullCrud" fullName="SubSonic.Tests/ActiveRecordTest/Products_NullCrud" testId="bc00b0d557b094a9" isPrimary="true" isTestCase="true" isDynamic="false">
                    <codeReference assembly="SubSonic.Tests, Version=2.2.1.0, Culture=neutral, PublicKeyToken=null" namespace="SubSonic.Tests" type="SubSonic.Tests.ActiveRecordTest" member="Products_NullCrud" />
                    <codeLocation path="C:\data\SubsonicRoot\ss2\SubSonic.Tests\ActiveRecordTest.cs" line="74" />
                    <metadata>
                      <entry key="TestKind">
                        <value>Test</value>
                      </entry>
                    </metadata>
                  </testStep>
                  <children />
                  <result assertCount="2" duration="0.08444829999999999">
                    <outcome status="passed" />
                  </result>
                  <testLog>
                    <streams />
                    <attachments />
                  </testLog>
                </testStepRun>
                <testStepRun startTime="2011-08-05T16:39:00.7587205+09:30" endTime="2011-08-05T16:39:00.7743455+09:30">
                  <testStep id="43c7427a376d404c" name="SaveWhenNotDirty" fullName="SubSonic.Tests/ActiveRecordTest/SaveWhenNotDirty" testId="69b78c9817173632" isPrimary="true" isTestCase="true" isDynamic="false">
                    <codeReference assembly="SubSonic.Tests, Version=2.2.1.0, Culture=neutral, PublicKeyToken=null" namespace="SubSonic.Tests" type="SubSonic.Tests.ActiveRecordTest" member="SaveWhenNotDirty" />
                    <codeLocation path="C:\data\SubsonicRoot\ss2\SubSonic.Tests\ActiveRecordTest.cs" line="176" />
                    <metadata>
                      <entry key="TestKind">
                        <value>Test</value>
                      </entry>
                    </metadata>
                  </testStep>
                  <children />
                  <result assertCount="3" duration="0.014021299999999999">
                    <outcome status="passed" />
                  </result>
                  <testLog>
                    <streams />
                    <attachments />
                  </testLog>
                </testStepRun>
              </children>
              <result assertCount="19" duration="0.3582161">
                <outcome status="passed" />
              </result>
              <testLog>
                <streams />
                <attachments />
              </testLog>
            </testStepRun>
            <testStepRun startTime="2011-08-05T16:39:00.7899705+09:30" endTime="2011-08-05T16:39:01.0087205+09:30">
              <testStep id="e99c687593dc397a" name="AggregateTests" fullName="SubSonic.Tests/AggregateTests" testId="7b08553eef1fbce5" isPrimary="true" isTestCase="false" isDynamic="false">
                <codeReference assembly="SubSonic.Tests, Version=2.2.1.0, Culture=neutral, PublicKeyToken=null" namespace="SubSonic.Tests.SqlQuery" type="SubSonic.Tests.SqlQuery.AggregateTests" />
                <codeLocation path="C:\data\SubsonicRoot\ss2\SubSonic.Tests\SqlQuery\AggregateTests.cs" />
                <metadata>
                  <entry key="TestKind">
                    <value>Fixture</value>
                  </entry>
                </metadata>
              </testStep>
              <children>
                <testStepRun startTime="2011-08-05T16:39:00.7899705+09:30" endTime="2011-08-05T16:39:00.8212205+09:30">
                  <testStep id="dc1e784e25eb0f50" name="Exec_AggregateAvg" fullName="SubSonic.Tests/AggregateTests/Exec_AggregateAvg" testId="87181fd2e72dc1a" isPrimary="true" isTestCase="true" isDynamic="false">
                    <codeReference assembly="SubSonic.Tests, Version=2.2.1.0, Culture=neutral, PublicKeyToken=null" namespace="SubSonic.Tests.SqlQuery" type="SubSonic.Tests.SqlQuery.AggregateTests" member="Exec_AggregateAvg" />
                    <codeLocation path="C:\data\SubsonicRoot\ss2\SubSonic.Tests\SqlQuery\AggregateTests.cs" line="38" />
                    <metadata>
                      <entry key="TestKind">
                        <value>Test</value>
                      </entry>
                    </metadata>
                  </testStep>
                  <children />
                  <result assertCount="4" duration="0.038703299999999996">
                    <outcome status="passed" />
                  </result>
                  <testLog>
                    <streams />
                    <attachments />
                  </testLog>
                </testStepRun>
                <testStepRun startTime="2011-08-05T16:39:00.8368455+09:30" endTime="2011-08-05T16:39:00.8524705+09:30">
                  <testStep id="e53d48e63a930d51" name="Exec_AggregateExpression" fullName="SubSonic.Tests/AggregateTests/Exec_AggregateExpression" testId="64b9671d42ac6226" isPrimary="true" isTestCase="true" isDynamic="false">
                    <codeReference assembly="SubSonic.Tests, Version=2.2.1.0, Culture=neutral, PublicKeyToken=null" namespace="SubSonic.Tests.SqlQuery" type="SubSonic.Tests.SqlQuery.AggregateTests" member="Exec_AggregateExpression" />
                    <codeLocation path="C:\data\SubsonicRoot\ss2\SubSonic.Tests\SqlQuery\AggregateTests.cs" line="26" />
                    <metadata>
                      <entry key="TestKind">
                        <value>Test</value>
                      </entry>
                    </metadata>
                  </testStep>
                  <children />
                  <result assertCount="1" duration="0.0183999">
                    <outcome status="passed" />
                  </result>
                  <testLog>
                    <streams />
                    <attachments />
                  </testLog>
                </testStepRun>
                <testStepRun startTime="2011-08-05T16:39:00.8524705+09:30" endTime="2011-08-05T16:39:00.8837205+09:30">
                  <testStep id="b47c03adce2ffb3b" name="Exec_AggregateMax" fullName="SubSonic.Tests/AggregateTests/Exec_AggregateMax" testId="8afea2ace33d2bc5" isPrimary="true" isTestCase="true" isDynamic="false">
                    <codeReference assembly="SubSonic.Tests, Version=2.2.1.0, Culture=neutral, PublicKeyToken=null" namespace="SubSonic.Tests.SqlQuery" type="SubSonic.Tests.SqlQuery.AggregateTests" member="Exec_AggregateMax" />
                    <codeLocation path="C:\data\SubsonicRoot\ss2\SubSonic.Tests\SqlQuery\AggregateTests.cs" line="72" />
                    <metadata>
                      <entry key="TestKind">
                        <value>Test</value>
                      </entry>
                    </metadata>
                  </testStep>
                  <children />
                  <result assertCount="4" duration="0.0223808">
                    <outcome status="passed" />
                  </result>
                  <testLog>
                    <streams />
                    <attachments />
                  </testLog>
                </testStepRun>
                <testStepRun startTime="2011-08-05T16:39:00.8837205+09:30" endTime="2011-08-05T16:39:00.8993455+09:30">
                  <testStep id="9c15fc31f155be05" name="Exec_AggregateMin" fullName="SubSonic.Tests/AggregateTests/Exec_AggregateMin" testId="fe177be2cb358e99" isPrimary="true" isTestCase="true" isDynamic="false">
                    <codeReference assembly="SubSonic.Tests, Version=2.2.1.0, Culture=neutral, PublicKeyToken=null" namespace="SubSonic.Tests.SqlQuery" type="SubSonic.Tests.SqlQuery.AggregateTests" member="Exec_AggregateMin" />
                    <codeLocation path="C:\data\SubsonicRoot\ss2\SubSonic.Tests\SqlQuery\AggregateTests.cs" line="106" />
                    <metadata>
                      <entry key="TestKind">
                        <value>Test</value>
                      </entry>
                    </metadata>
                  </testStep>
                  <children />
                  <result assertCount="4" duration="0.0196097">
                    <outcome status="passed" />
                  </result>
                  <testLog>
                    <streams />
                    <attachments />
                  </testLog>
                </testStepRun>
                <testStepRun startTime="2011-08-05T16:39:00.8993455+09:30" endTime="2011-08-05T16:39:00.9305955+09:30">
                  <testStep id="1deb3278217a9727" name="Exec_AggregateStandardDeviation" fullName="SubSonic.Tests/AggregateTests/Exec_AggregateStandardDeviation" testId="332ed8a05646333b" isPrimary="true" isTestCase="true" isDynamic="false">
                    <codeReference assembly="SubSonic.Tests, Version=2.2.1.0, Culture=neutral, PublicKeyToken=null" namespace="SubSonic.Tests.SqlQuery" type="SubSonic.Tests.SqlQuery.AggregateTests" member="Exec_AggregateStandardDeviation" />
                    <codeLocation path="C:\data\SubsonicRoot\ss2\SubSonic.Tests\SqlQuery\AggregateTests.cs" line="140" />
                    <metadata>
                      <entry key="TestKind">
                        <value>Test</value>
                      </entry>
                    </metadata>
                  </testStep>
                  <children />
                  <result assertCount="4" duration="0.018709">
                    <outcome status="passed" />
                  </result>
                  <testLog>
                    <streams />
                    <attachments />
                  </testLog>
                </testStepRun>
                <testStepRun startTime="2011-08-05T16:39:00.9462205+09:30" endTime="2011-08-05T16:39:00.9618455+09:30">
                  <testStep id="d0ab98dde064f7de" name="Exec_AggregateWithWhereAndHaving" fullName="SubSonic.Tests/AggregateTests/Exec_AggregateWithWhereAndHaving" testId="11eeb8a06e6c0168" isPrimary="true" isTestCase="true" isDynamic="false">
                    <codeReference assembly="SubSonic.Tests, Version=2.2.1.0, Culture=neutral, PublicKeyToken=null" namespace="SubSonic.Tests.SqlQuery" type="SubSonic.Tests.SqlQuery.AggregateTests" member="Exec_AggregateWithWhereAndHaving" />
                    <codeLocation path="C:\data\SubsonicRoot\ss2\SubSonic.Tests\SqlQuery\AggregateTests.cs" line="187" />
                    <metadata>
                      <entry key="TestKind">
                        <value>Test</value>
                      </entry>
                    </metadata>
                  </testStep>
                  <children />
                  <result assertCount="1" duration="0.030381699999999998">
                    <outcome status="passed" />
                  </result>
                  <testLog>
                    <streams />
                    <attachments />
                  </testLog>
                </testStepRun>
                <testStepRun startTime="2011-08-05T16:39:00.9774705+09:30" endTime="2011-08-05T16:39:00.9930955+09:30">
                  <testStep id="1e0601b7a9fc4260" name="Exec_AggregateWithWhereNotHaving" fullName="SubSonic.Tests/AggregateTests/Exec_AggregateWithWhereNotHaving" testId="370dec0cba5c19da" isPrimary="true" isTestCase="true" isDynamic="false">
                    <codeReference assembly="SubSonic.Tests, Version=2.2.1.0, Culture=neutral, PublicKeyToken=null" namespace="SubSonic.Tests.SqlQuery" type="SubSonic.Tests.SqlQuery.AggregateTests" member="Exec_AggregateWithWhereNotHaving" />
                    <codeLocation path="C:\data\SubsonicRoot\ss2\SubSonic.Tests\SqlQuery\AggregateTests.cs" line="201" />
                    <metadata>
                      <entry key="TestKind">
                        <value>Test</value>
                      </entry>
                    </metadata>
                  </testStep>
                  <children />
                  <result assertCount="1" duration="0.0144403">
                    <outcome status="passed" />
                  </result>
                  <testLog>
                    <streams />
                    <attachments />
                  </testLog>
                </testStepRun>
                <testStepRun startTime="2011-08-05T16:39:00.9930955+09:30" endTime="2011-08-05T16:39:01.0087205+09:30">
                  <testStep id="761a2ad03e244fc7" name="Exec_SingleAggregateWithWhere" fullName="SubSonic.Tests/AggregateTests/Exec_SingleAggregateWithWhere" testId="6b842429dd9d95f8" isPrimary="true" isTestCase="true" isDynamic="false">
                    <codeReference assembly="SubSonic.Tests, Version=2.2.1.0, Culture=neutral, PublicKeyToken=null" namespace="SubSonic.Tests.SqlQuery" type="SubSonic.Tests.SqlQuery.AggregateTests" member="Exec_SingleAggregateWithWhere" />
                    <codeLocation path="C:\data\SubsonicRoot\ss2\SubSonic.Tests\SqlQuery\AggregateTests.cs" line="174" />
                    <metadata>
                      <entry key="TestKind">
                        <value>Test</value>
                      </entry>
                    </metadata>
                  </testStep>
                  <children />
                  <result assertCount="1" duration="0.0144312">
                    <outcome status="passed" />
                  </result>
                  <testLog>
                    <streams />
                    <attachments />
                  </testLog>
                </testStepRun>
              </children>
              <result assertCount="20" duration="0.2228489">
                <outcome status="passed" />
              </result>
              <testLog>
                <streams />
                <attachments />
              </testLog>
            </testStepRun>
            <testStepRun startTime="2011-08-05T16:39:01.0243455+09:30" endTime="2011-08-05T16:39:01.0243455+09:30">
              <testStep id="da7911885d7b2aef" name="AssemblyFixture" fullName="SubSonic.Tests/AssemblyFixture" testId="51fe5df55b58f055" isPrimary="true" isTestCase="false" isDynamic="false">
                <codeReference assembly="SubSonic.Tests, Version=2.2.1.0, Culture=neutral, PublicKeyToken=null" namespace="SubSonic.Tests" type="SubSonic.Tests.AssemblyFixture" />
                <codeLocation path="C:\data\SubsonicRoot\ss2\SubSonic.Tests\AssemblyCleaner.cs" />
                <metadata>
                  <entry key="TestKind">
                    <value>Fixture</value>
                  </entry>
                </metadata>
              </testStep>
              <children />
              <result assertCount="0" duration="0.0017427999999999999">
                <outcome status="passed" />
              </result>
              <testLog>
                <streams />
                <attachments />
              </testLog>
            </testStepRun>
            <testStepRun startTime="2011-08-05T16:39:01.0243455+09:30" endTime="2011-08-05T16:39:06.1493455+09:30">
              <testStep id="245f72a84dd2960a" name="CodeGeneratorTests" fullName="SubSonic.Tests/CodeGeneratorTests" testId="68a95a4990db42f5" isPrimary="true" isTestCase="false" isDynamic="false">
                <codeReference assembly="SubSonic.Tests, Version=2.2.1.0, Culture=neutral, PublicKeyToken=null" namespace="SubSonic.Tests" type="SubSonic.Tests.CodeGeneratorTests" />
                <codeLocation path="C:\data\SubsonicRoot\ss2\SubSonic.Tests\CodeGeneratorTests.cs" />
                <metadata>
                  <entry key="TestKind">
                    <value>Fixture</value>
                  </entry>
                </metadata>
              </testStep>
              <children>
                <testStepRun startTime="2011-08-05T16:39:01.0399705+09:30" endTime="2011-08-05T16:39:01.4774705+09:30">
                  <testStep id="df02dac253d0da28" name="CodeGen2_RunClassTemplate" fullName="SubSonic.Tests/CodeGeneratorTests/CodeGen2_RunClassTemplate" testId="ab367a6e1fd0314f" isPrimary="true" isTestCase="true" isDynamic="false">
                    <codeReference assembly="SubSonic.Tests, Version=2.2.1.0, Culture=neutral, PublicKeyToken=null" namespace="SubSonic.Tests" type="SubSonic.Tests.CodeGeneratorTests" member="CodeGen2_RunClassTemplate" />
                    <codeLocation path="C:\data\SubsonicRoot\ss2\SubSonic.Tests\CodeGeneratorTests.cs" line="32" />
                    <metadata>
                      <entry key="TestKind">
                        <value>Test</value>
                      </entry>
                    </metadata>
                  </testStep>
                  <children />
                  <result assertCount="1" duration="0.4513062">
                    <outcome status="passed" />
                  </result>
                  <testLog>
                    <streams />
                    <attachments />
                  </testLog>
                </testStepRun>
                <testStepRun startTime="2011-08-05T16:39:01.4930955+09:30" endTime="2011-08-05T16:39:02.2743455+09:30">
                  <testStep id="b86770e9e644df05" name="CodeGen2_RunSPTemplate" fullName="SubSonic.Tests/CodeGeneratorTests/CodeGen2_RunSPTemplate" testId="573732acbb6181e2" isPrimary="true" isTestCase="true" isDynamic="false">
                    <codeReference assembly="SubSonic.Tests, Version=2.2.1.0, Culture=neutral, PublicKeyToken=null" namespace="SubSonic.Tests" type="SubSonic.Tests.CodeGeneratorTests" member="CodeGen2_RunSPTemplate" />
                    <codeLocation path="C:\data\SubsonicRoot\ss2\SubSonic.Tests\CodeGeneratorTests.cs" line="45" />
                    <metadata>
                      <entry key="TestKind">
                        <value>Test</value>
                      </entry>
                    </metadata>
                  </testStep>
                  <children />
                  <result assertCount="1" duration="0.78141699999999992">
                    <outcome status="passed" />
                  </result>
                  <testLog>
                    <streams />
                    <attachments />
                  </testLog>
                </testStepRun>
                <testStepRun startTime="2011-08-05T16:39:02.2743455+09:30" endTime="2011-08-05T16:39:04.7587205+09:30">
                  <testStep id="560d5298605aac06" name="CodeGen2_RunStructTemplate" fullName="SubSonic.Tests/CodeGeneratorTests/CodeGen2_RunStructTemplate" testId="27cccb231a0e354c" isPrimary="true" isTestCase="true" isDynamic="false">
                    <codeReference assembly="SubSonic.Tests, Version=2.2.1.0, Culture=neutral, PublicKeyToken=null" namespace="SubSonic.Tests" type="SubSonic.Tests.CodeGeneratorTests" member="CodeGen2_RunStructTemplate" />
                    <codeLocation path="C:\data\SubsonicRoot\ss2\SubSonic.Tests\CodeGeneratorTests.cs" line="69" />
                    <metadata>
                      <entry key="TestKind">
                        <value>Test</value>
                      </entry>
                    </metadata>
                  </testStep>
                  <children />
                  <result assertCount="1" duration="2.488397">
                    <outcome status="passed" />
                  </result>
                  <testLog>
                    <streams />
                    <attachments />
                  </testLog>
                </testStepRun>
                <testStepRun startTime="2011-08-05T16:39:04.7587205+09:30" endTime="2011-08-05T16:39:05.0087205+09:30">
                  <testStep id="18560e3fc934d48b" name="CodeGen2_RunViewTemplate" fullName="SubSonic.Tests/CodeGeneratorTests/CodeGen2_RunViewTemplate" testId="e7521bc44996209e" isPrimary="true" isTestCase="true" isDynamic="false">
                    <codeReference assembly="SubSonic.Tests, Version=2.2.1.0, Culture=neutral, PublicKeyToken=null" namespace="SubSonic.Tests" type="SubSonic.Tests.CodeGeneratorTests" member="CodeGen2_RunViewTemplate" />
                    <codeLocation path="C:\data\SubsonicRoot\ss2\SubSonic.Tests\CodeGeneratorTests.cs" line="57" />
                    <metadata>
                      <entry key="TestKind">
                        <value>Test</value>
                      </entry>
                    </metadata>
                  </testStep>
                  <children />
                  <result assertCount="1" duration="0.2548897">
                    <outcome status="passed" />
                  </result>
                  <testLog>
                    <streams />
                    <attachments />
                  </testLog>
                </testStepRun>
                <testStepRun startTime="2011-08-05T16:39:05.0243455+09:30" endTime="2011-08-05T16:39:05.3212205+09:30">
                  <testStep id="8cc62c044e9bd099" name="CodeGen2_VBRunClassTemplate" fullName="SubSonic.Tests/CodeGeneratorTests/CodeGen2_VBRunClassTemplate" testId="842b6141754bee7d" isPrimary="true" isTestCase="true" isDynamic="false">
                    <codeReference assembly="SubSonic.Tests, Version=2.2.1.0, Culture=neutral, PublicKeyToken=null" namespace="SubSonic.Tests" type="SubSonic.Tests.CodeGeneratorTests" member="CodeGen2_VBRunClassTemplate" />
                    <codeLocation path="C:\data\SubsonicRoot\ss2\SubSonic.Tests\CodeGeneratorTests.cs" line="81" />
                    <metadata>
                      <entry key="TestKind">
                        <value>Test</value>
                      </entry>
                    </metadata>
                  </testStep>
                  <children />
                  <result assertCount="1" duration="0.30616699999999997">
                    <outcome status="passed" />
                  </result>
                  <testLog>
                    <streams />
                    <attachments />
                  </testLog>
                </testStepRun>
                <testStepRun startTime="2011-08-05T16:39:05.3212205+09:30" endTime="2011-08-05T16:39:05.6024705+09:30">
                  <testStep id="92454a2cb2130a62" name="CodeGen2_VBRunSPTemplate" fullName="SubSonic.Tests/CodeGeneratorTests/CodeGen2_VBRunSPTemplate" testId="9d63ffb3fed84048" isPrimary="true" isTestCase="true" isDynamic="false">
                    <codeReference assembly="SubSonic.Tests, Version=2.2.1.0, Culture=neutral, PublicKeyToken=null" namespace="SubSonic.Tests" type="SubSonic.Tests.CodeGeneratorTests" member="CodeGen2_VBRunSPTemplate" />
                    <codeLocation path="C:\data\SubsonicRoot\ss2\SubSonic.Tests\CodeGeneratorTests.cs" line="93" />
                    <metadata>
                      <entry key="TestKind">
                        <value>Test</value>
                      </entry>
                    </metadata>
                  </testStep>
                  <children />
                  <result assertCount="1" duration="0.2810281">
                    <outcome status="passed" />
                  </result>
                  <testLog>
                    <streams />
                    <attachments />
                  </testLog>
                </testStepRun>
                <testStepRun startTime="2011-08-05T16:39:05.6024705+09:30" endTime="2011-08-05T16:39:05.8680955+09:30">
                  <testStep id="10949b6ad26b20d8" name="CodeGen2_VBRunStructTemplate" fullName="SubSonic.Tests/CodeGeneratorTests/CodeGen2_VBRunStructTemplate" testId="b7bffc3c3d64b19d" isPrimary="true" isTestCase="true" isDynamic="false">
                    <codeReference assembly="SubSonic.Tests, Version=2.2.1.0, Culture=neutral, PublicKeyToken=null" namespace="SubSonic.Tests" type="SubSonic.Tests.CodeGeneratorTests" member="CodeGen2_VBRunStructTemplate" />
                    <codeLocation path="C:\data\SubsonicRoot\ss2\SubSonic.Tests\CodeGeneratorTests.cs" line="117" />
                    <metadata>
                      <entry key="TestKind">
                        <value>Test</value>
                      </entry>
                    </metadata>
                  </testStep>
                  <children />
                  <result assertCount="1" duration="0.2601019">
                    <outcome status="passed" />
                  </result>
                  <testLog>
                    <streams />
                    <attachments />
                  </testLog>
                </testStepRun>
                <testStepRun startTime="2011-08-05T16:39:05.8680955+09:30" endTime="2011-08-05T16:39:06.1493455+09:30">
                  <testStep id="933973c572cab3ee" name="CodeGen2_VBRunViewTemplate" fullName="SubSonic.Tests/CodeGeneratorTests/CodeGen2_VBRunViewTemplate" testId="9838a277a9925ec8" isPrimary="true" isTestCase="true" isDynamic="false">
                    <codeReference assembly="SubSonic.Tests, Version=2.2.1.0, Culture=neutral, PublicKeyToken=null" namespace="SubSonic.Tests" type="SubSonic.Tests.CodeGeneratorTests" member="CodeGen2_VBRunViewTemplate" />
                    <codeLocation path="C:\data\SubsonicRoot\ss2\SubSonic.Tests\CodeGeneratorTests.cs" line="105" />
                    <metadata>
                      <entry key="TestKind">
                        <value>Test</value>
                      </entry>
                    </metadata>
                  </testStep>
                  <children />
                  <result assertCount="1" duration="0.27296159999999997">
                    <outcome status="passed" />
                  </result>
                  <testLog>
                    <streams />
                    <attachments />
                  </testLog>
                </testStepRun>
              </children>
              <result assertCount="8" duration="5.1321765">
                <outcome status="passed" />
              </result>
              <testLog>
                <streams />
                <attachments />
              </testLog>
            </testStepRun>
            <testStepRun startTime="2011-08-05T16:39:06.1649705+09:30" endTime="2011-08-05T16:39:06.2118455+09:30">
              <testStep id="91bff84396cdb497" name="DataServiceTest" fullName="SubSonic.Tests/DataServiceTest" testId="100d55b0e105bd89" isPrimary="true" isTestCase="false" isDynamic="false">
                <codeReference assembly="SubSonic.Tests, Version=2.2.1.0, Culture=neutral, PublicKeyToken=null" namespace="SubSonic.Tests" type="SubSonic.Tests.DataServiceTest" />
                <codeLocation path="C:\data\SubsonicRoot\ss2\SubSonic.Tests\DataServiceTest.cs" />
                <metadata>
                  <entry key="TestKind">
                    <value>Fixture</value>
                  </entry>
                </metadata>
              </testStep>
              <children>
                <testStepRun startTime="2011-08-05T16:39:06.1649705+09:30" endTime="2011-08-05T16:39:06.1805955+09:30">
                  <testStep id="aa38ba459154a841" name="DataProvider_GetRecordCount" fullName="SubSonic.Tests/DataServiceTest/DataProvider_GetRecordCount" testId="ee678df2e826a4e0" isPrimary="true" isTestCase="true" isDynamic="false">
                    <codeReference assembly="SubSonic.Tests, Version=2.2.1.0, Culture=neutral, PublicKeyToken=null" namespace="SubSonic.Tests" type="SubSonic.Tests.DataServiceTest" member="DataProvider_GetRecordCount" />
                    <codeLocation path="C:\data\SubsonicRoot\ss2\SubSonic.Tests\DataServiceTest.cs" line="69" />
                    <metadata>
                      <entry key="TestKind">
                        <value>Test</value>
                      </entry>
                    </metadata>
                  </testStep>
                  <children />
                  <result assertCount="1" duration="0.0126692">
                    <outcome status="passed" />
                  </result>
                  <testLog>
                    <streams />
                    <attachments />
                  </testLog>
                </testStepRun>
                <testStepRun startTime="2011-08-05T16:39:06.1805955+09:30" endTime="2011-08-05T16:39:06.1805955+09:30">
                  <testStep id="b2ea285c1ce4bede" name="DataService_GetSchema" fullName="SubSonic.Tests/DataServiceTest/DataService_GetSchema" testId="b449a12d7036ab60" isPrimary="true" isTestCase="true" isDynamic="false">
                    <codeReference assembly="SubSonic.Tests, Version=2.2.1.0, Culture=neutral, PublicKeyToken=null" namespace="SubSonic.Tests" type="SubSonic.Tests.DataServiceTest" member="DataService_GetSchema" />
                    <codeLocation path="C:\data\SubsonicRoot\ss2\SubSonic.Tests\DataServiceTest.cs" line="49" />
                    <metadata>
                      <entry key="TestKind">
                        <value>Test</value>
                      </entry>
                    </metadata>
                  </testStep>
                  <children />
                  <result assertCount="1" duration="0.0025280999999999997">
                    <outcome status="passed" />
                  </result>
                  <testLog>
                    <streams />
                    <attachments />
                  </testLog>
                </testStepRun>
                <testStepRun startTime="2011-08-05T16:39:06.1962205+09:30" endTime="2011-08-05T16:39:06.1962205+09:30">
                  <testStep id="b06c923e33bce61c" name="DataService_GetTableNames" fullName="SubSonic.Tests/DataServiceTest/DataService_GetTableNames" testId="62b85bc2affcd08c" isPrimary="true" isTestCase="true" isDynamic="false">
                    <codeReference assembly="SubSonic.Tests, Version=2.2.1.0, Culture=neutral, PublicKeyToken=null" namespace="SubSonic.Tests" type="SubSonic.Tests.DataServiceTest" member="DataService_GetTableNames" />
                    <codeLocation path="C:\data\SubsonicRoot\ss2\SubSonic.Tests\DataServiceTest.cs" line="59" />
                    <metadata>
                      <entry key="TestKind">
                        <value>Test</value>
                      </entry>
                    </metadata>
                  </testStep>
                  <children />
                  <result assertCount="1" duration="0.0045319">
                    <outcome status="passed" />
                  </result>
                  <testLog>
                    <streams />
                    <attachments />
                  </testLog>
                </testStepRun>
              </children>
              <result assertCount="3" duration="0.0343611">
                <outcome status="passed" />
              </result>
              <testLog>
                <streams />
                <attachments />
              </testLog>
            </testStepRun>
            <testStepRun startTime="2011-08-05T16:39:06.2118455+09:30" endTime="2011-08-05T16:39:06.3680955+09:30">
              <testStep id="9b51f046e1b8ee9f" name="DeleteTests" fullName="SubSonic.Tests/DeleteTests" testId="7a29c27c11dd12b4" isPrimary="true" isTestCase="false" isDynamic="false">
                <codeReference assembly="SubSonic.Tests, Version=2.2.1.0, Culture=neutral, PublicKeyToken=null" namespace="SubSonic.Tests.SqlQuery" type="SubSonic.Tests.SqlQuery.DeleteTests" />
                <codeLocation path="C:\data\SubsonicRoot\ss2\SubSonic.Tests\SqlQuery\DeleteTests.cs" />
                <metadata>
                  <entry key="TestKind">
                    <value>Fixture</value>
                  </entry>
                </metadata>
              </testStep>
              <children>
                <testStepRun startTime="2011-08-05T16:39:06.2118455+09:30" endTime="2011-08-05T16:39:06.3368455+09:30">
                  <testStep id="c79e9d0c69e28000" name="Delete_MultipleWithInsertBatch" fullName="SubSonic.Tests/DeleteTests/Delete_MultipleWithInsertBatch" testId="b8449160df3bfc16" isPrimary="true" isTestCase="true" isDynamic="false">
                    <codeReference assembly="SubSonic.Tests, Version=2.2.1.0, Culture=neutral, PublicKeyToken=null" namespace="SubSonic.Tests.SqlQuery" type="SubSonic.Tests.SqlQuery.DeleteTests" member="Delete_MultipleWithInsertBatch" />
                    <codeLocation path="C:\data\SubsonicRoot\ss2\SubSonic.Tests\SqlQuery\DeleteTests.cs" line="50" />
                    <metadata>
                      <entry key="TestKind">
                        <value>Test</value>
                      </entry>
                    </metadata>
                  </testStep>
                  <children />
                  <result assertCount="1" duration="0.1297112">
                    <outcome status="passed" />
                  </result>
                  <testLog>
                    <streams />
                    <attachments />
                  </testLog>
                </testStepRun>
                <testStepRun startTime="2011-08-05T16:39:06.3524705+09:30" endTime="2011-08-05T16:39:06.3524705+09:30">
                  <testStep id="eaeca7b6b889afd3" name="Delete_Simple" fullName="SubSonic.Tests/DeleteTests/Delete_Simple" testId="5081633c8f2fb62f" isPrimary="true" isTestCase="true" isDynamic="false">
                    <codeReference assembly="SubSonic.Tests, Version=2.2.1.0, Culture=neutral, PublicKeyToken=null" namespace="SubSonic.Tests.SqlQuery" type="SubSonic.Tests.SqlQuery.DeleteTests" member="Delete_Simple" />
                    <codeLocation path="C:\data\SubsonicRoot\ss2\SubSonic.Tests\SqlQuery\DeleteTests.cs" line="36" />
                    <metadata>
                      <entry key="TestKind">
                        <value>Test</value>
                      </entry>
                    </metadata>
                  </testStep>
                  <children />
                  <result assertCount="1" duration="0.0096978999999999989">
                    <outcome status="passed" />
                  </result>
                  <testLog>
                    <streams />
                    <attachments />
                  </testLog>
                </testStepRun>
                <testStepRun startTime="2011-08-05T16:39:06.3524705+09:30" endTime="2011-08-05T16:39:06.3680955+09:30">
                  <testStep id="e25a539ead44d8e5" name="Delete_SimpleSqlCheck" fullName="SubSonic.Tests/DeleteTests/Delete_SimpleSqlCheck" testId="2596e467ffe54266" isPrimary="true" isTestCase="true" isDynamic="false">
                    <codeReference assembly="SubSonic.Tests, Version=2.2.1.0, Culture=neutral, PublicKeyToken=null" namespace="SubSonic.Tests.SqlQuery" type="SubSonic.Tests.SqlQuery.DeleteTests" member="Delete_SimpleSqlCheck" />
                    <codeLocation path="C:\data\SubsonicRoot\ss2\SubSonic.Tests\SqlQuery\DeleteTests.cs" line="28" />
                    <metadata>
                      <entry key="TestKind">
                        <value>Test</value>
                      </entry>
                    </metadata>
                  </testStep>
                  <children />
                  <result assertCount="1" duration="0.0021766">
                    <outcome status="passed" />
                  </result>
                  <testLog>
                    <streams />
                    <attachments />
                  </testLog>
                </testStepRun>
              </children>
              <result assertCount="3" duration="0.16111979999999998">
                <outcome status="passed" />
              </result>
              <testLog>
                <streams />
                <attachments />
              </testLog>
            </testStepRun>
            <testStepRun startTime="2011-08-05T16:39:06.4149705+09:30" endTime="2011-08-05T16:39:06.5087205+09:30">
              <testStep id="aaf006c340286c1f" name="ETL" fullName="SubSonic.Tests/ETL" testId="ad7c7598a63cd1b4" isPrimary="true" isTestCase="false" isDynamic="false">
                <codeReference assembly="SubSonic.Tests, Version=2.2.1.0, Culture=neutral, PublicKeyToken=null" namespace="SubSonic.Tests" type="SubSonic.Tests.ETL" />
                <codeLocation path="C:\data\SubsonicRoot\ss2\SubSonic.Tests\ETL.cs" />
                <metadata>
                  <entry key="TestKind">
                    <value>Fixture</value>
                  </entry>
                </metadata>
              </testStep>
              <children>
                <testStepRun startTime="2011-08-05T16:39:06.4149705+09:30" endTime="2011-08-05T16:39:06.4462205+09:30">
                  <testStep id="32924ff87478c084" name="ETL_CloneCollection" fullName="SubSonic.Tests/ETL/ETL_CloneCollection" testId="cbceecda1b6cb0f4" isPrimary="true" isTestCase="true" isDynamic="false">
                    <codeReference assembly="SubSonic.Tests, Version=2.2.1.0, Culture=neutral, PublicKeyToken=null" namespace="SubSonic.Tests" type="SubSonic.Tests.ETL" member="ETL_CloneCollection" />
                    <codeLocation path="C:\data\SubsonicRoot\ss2\SubSonic.Tests\ETL.cs" line="63" />
                    <metadata>
                      <entry key="TestKind">
                        <value>Test</value>
                      </entry>
                    </metadata>
                  </testStep>
                  <children />
                  <result assertCount="1" duration="0.040183199999999995">
                    <outcome status="passed" />
                  </result>
                  <testLog>
                    <streams />
                    <attachments />
                  </testLog>
                </testStepRun>
                <testStepRun startTime="2011-08-05T16:39:06.4462205+09:30" endTime="2011-08-05T16:39:06.4618455+09:30">
                  <testStep id="7da7549347edaf76" name="ETL_CloneInstance" fullName="SubSonic.Tests/ETL/ETL_CloneInstance" testId="f24ece17abffb775" isPrimary="true" isTestCase="true" isDynamic="false">
                    <codeReference assembly="SubSonic.Tests, Version=2.2.1.0, Culture=neutral, PublicKeyToken=null" namespace="SubSonic.Tests" type="SubSonic.Tests.ETL" member="ETL_CloneInstance" />
                    <codeLocation path="C:\data\SubsonicRoot\ss2\SubSonic.Tests\ETL.cs" line="50" />
                    <metadata>
                      <entry key="TestKind">
                        <value>Test</value>
                      </entry>
                    </metadata>
                  </testStep>
                  <children />
                  <result assertCount="1" duration="0.0044309">
                    <outcome status="passed" />
                  </result>
                  <testLog>
                    <streams />
                    <attachments />
                  </testLog>
                </testStepRun>
                <testStepRun startTime="2011-08-05T16:39:06.4618455+09:30" endTime="2011-08-05T16:39:06.4774705+09:30">
                  <testStep id="25cb00eb91d85a87" name="ETL_CollectionToTable" fullName="SubSonic.Tests/ETL/ETL_CollectionToTable" testId="6377c57e3d83cf09" isPrimary="true" isTestCase="true" isDynamic="false">
                    <codeReference assembly="SubSonic.Tests, Version=2.2.1.0, Culture=neutral, PublicKeyToken=null" namespace="SubSonic.Tests" type="SubSonic.Tests.ETL" member="ETL_CollectionToTable" />
                    <codeLocation path="C:\data\SubsonicRoot\ss2\SubSonic.Tests\ETL.cs" line="89" />
                    <metadata>
                      <entry key="TestKind">
                        <value>Test</value>
                      </entry>
                    </metadata>
                  </testStep>
                  <children />
                  <result assertCount="1" duration="0.0170262">
                    <outcome status="passed" />
                  </result>
                  <testLog>
                    <streams />
                    <attachments />
                  </testLog>
                </testStepRun>
                <testStepRun startTime="2011-08-05T16:39:06.4774705+09:30" endTime="2011-08-05T16:39:06.4930955+09:30">
                  <testStep id="e1d2b9104f38010c" name="ETL_CopyCollection" fullName="SubSonic.Tests/ETL/ETL_CopyCollection" testId="cbb6eb256b8756a6" isPrimary="true" isTestCase="true" isDynamic="false">
                    <codeReference assembly="SubSonic.Tests, Version=2.2.1.0, Culture=neutral, PublicKeyToken=null" namespace="SubSonic.Tests" type="SubSonic.Tests.ETL" member="ETL_CopyCollection" />
                    <codeLocation path="C:\data\SubsonicRoot\ss2\SubSonic.Tests\ETL.cs" line="76" />
                    <metadata>
                      <entry key="TestKind">
                        <value>Test</value>
                      </entry>
                    </metadata>
                  </testStep>
                  <children />
                  <result assertCount="1" duration="0.0103307">
                    <outcome status="passed" />
                  </result>
                  <testLog>
                    <streams />
                    <attachments />
                  </testLog>
                </testStepRun>
              </children>
              <result assertCount="4" duration="0.123002">
                <outcome status="passed" />
              </result>
              <testLog>
                <streams />
                <attachments />
              </testLog>
            </testStepRun>
            <testStepRun startTime="2011-08-05T16:39:06.5087205+09:30" endTime="2011-08-05T16:39:06.7587205+09:30">
              <testStep id="aff8314d83d3fe09" name="ForeignKeyTests" fullName="SubSonic.Tests/ForeignKeyTests" testId="f44040825e281a9b" isPrimary="true" isTestCase="false" isDynamic="false">
                <codeReference assembly="SubSonic.Tests, Version=2.2.1.0, Culture=neutral, PublicKeyToken=null" namespace="SubSonic.Tests" type="SubSonic.Tests.ForeignKeyTests" />
                <codeLocation path="C:\data\SubsonicRoot\ss2\SubSonic.Tests\ForeignKeyTests.cs" />
                <metadata>
                  <entry key="TestKind">
                    <value>Fixture</value>
                  </entry>
                </metadata>
              </testStep>
              <children>
                <testStepRun startTime="2011-08-05T16:39:06.5087205+09:30" endTime="2011-08-05T16:39:06.6180955+09:30">
                  <testStep id="fcdd7b3da607ce65" name="FK_KeyCount" fullName="SubSonic.Tests/ForeignKeyTests/FK_KeyCount" testId="92c9a636a95bead0" isPrimary="true" isTestCase="true" isDynamic="false">
                    <codeReference assembly="SubSonic.Tests, Version=2.2.1.0, Culture=neutral, PublicKeyToken=null" namespace="SubSonic.Tests" type="SubSonic.Tests.ForeignKeyTests" member="FK_KeyCount" />
                    <codeLocation path="C:\data\SubsonicRoot\ss2\SubSonic.Tests\ForeignKeyTests.cs" line="59" />
                    <metadata>
                      <entry key="TestKind">
                        <value>Test</value>
                      </entry>
                    </metadata>
                  </testStep>
                  <children />
                  <result assertCount="1" duration="0.11851669999999999">
                    <outcome status="passed" />
                  </result>
                  <testLog>
                    <streams />
                    <attachments />
                  </testLog>
                </testStepRun>
                <testStepRun startTime="2011-08-05T16:39:06.6180955+09:30" endTime="2011-08-05T16:39:06.7430955+09:30">
                  <testStep id="3a397eee0df83a1b" name="FK_LoadForeignKeys" fullName="SubSonic.Tests/ForeignKeyTests/FK_LoadForeignKeys" testId="b91e0145401cd49" isPrimary="true" isTestCase="true" isDynamic="false">
                    <codeReference assembly="SubSonic.Tests, Version=2.2.1.0, Culture=neutral, PublicKeyToken=null" namespace="SubSonic.Tests" type="SubSonic.Tests.ForeignKeyTests" member="FK_LoadForeignKeys" />
                    <codeLocation path="C:\data\SubsonicRoot\ss2\SubSonic.Tests\ForeignKeyTests.cs" line="49" />
                    <metadata>
                      <entry key="TestKind">
                        <value>Test</value>
                      </entry>
                    </metadata>
                  </testStep>
                  <children />
                  <result assertCount="1" duration="0.11620019999999999">
                    <outcome status="passed" />
                  </result>
                  <testLog>
                    <streams />
                    <attachments />
                  </testLog>
                </testStepRun>
                <testStepRun startTime="2011-08-05T16:39:06.7430955+09:30" endTime="2011-08-05T16:39:06.7587205+09:30">
                  <testStep id="9f60740baaae3bfe" name="FK_Properties" fullName="SubSonic.Tests/ForeignKeyTests/FK_Properties" testId="9e8326ab86d748d5" isPrimary="true" isTestCase="true" isDynamic="false">
                    <codeReference assembly="SubSonic.Tests, Version=2.2.1.0, Culture=neutral, PublicKeyToken=null" namespace="SubSonic.Tests" type="SubSonic.Tests.ForeignKeyTests" member="FK_Properties" />
                    <codeLocation path="C:\data\SubsonicRoot\ss2\SubSonic.Tests\ForeignKeyTests.cs" line="69" />
                    <metadata>
                      <entry key="TestKind">
                        <value>Test</value>
                      </entry>
                    </metadata>
                  </testStep>
                  <children />
                  <result assertCount="0" duration="0.0033518999999999997">
                    <outcome status="passed" />
                  </result>
                  <testLog>
                    <streams />
                    <attachments />
                  </testLog>
                </testStepRun>
              </children>
              <result assertCount="2" duration="0.24931119999999998">
                <outcome status="passed" />
              </result>
              <testLog>
                <streams />
                <attachments />
              </testLog>
            </testStepRun>
            <testStepRun startTime="2011-08-05T16:39:06.7743455+09:30" endTime="2011-08-05T16:39:06.9618455+09:30">
              <testStep id="38123807c5b485" name="GeneratedObjectTests" fullName="SubSonic.Tests/GeneratedObjectTests" testId="82e4f995d1ef4b99" isPrimary="true" isTestCase="false" isDynamic="false">
                <codeReference assembly="SubSonic.Tests, Version=2.2.1.0, Culture=neutral, PublicKeyToken=null" namespace="SubSonic.Tests" type="SubSonic.Tests.GeneratedObjectTests" />
                <codeLocation path="C:\data\SubsonicRoot\ss2\SubSonic.Tests\GeneratedObjectTests.cs" />
                <metadata>
                  <entry key="TestKind">
                    <value>Fixture</value>
                  </entry>
                </metadata>
              </testStep>
              <children>
                <testStepRun startTime="2011-08-05T16:39:06.7743455+09:30" endTime="2011-08-05T16:39:06.8368455+09:30">
                  <testStep id="719018ac967dc041" name="Collections_DeletedTest" fullName="SubSonic.Tests/GeneratedObjectTests/Collections_DeletedTest" testId="c7acc287a1bc8226" isPrimary="true" isTestCase="true" isDynamic="false">
                    <codeReference assembly="SubSonic.Tests, Version=2.2.1.0, Culture=neutral, PublicKeyToken=null" namespace="SubSonic.Tests" type="SubSonic.Tests.GeneratedObjectTests" member="Collections_DeletedTest" />
                    <codeLocation path="C:\data\SubsonicRoot\ss2\SubSonic.Tests\GeneratedObjectTests.cs" line="51" />
                    <metadata>
                      <entry key="TestKind">
                        <value>Test</value>
                      </entry>
                    </metadata>
                  </testStep>
                  <children />
                  <result assertCount="1" duration="0.063395899999999991">
                    <outcome status="passed" />
                  </result>
                  <testLog>
                    <streams />
                    <attachments />
                  </testLog>
                </testStepRun>
                <testStepRun startTime="2011-08-05T16:39:06.8368455+09:30" endTime="2011-08-05T16:39:06.8524705+09:30">
                  <testStep id="607407f0a2c0dd78" name="Object_CRUD" fullName="SubSonic.Tests/GeneratedObjectTests/Object_CRUD" testId="40bb206d85a9b796" isPrimary="true" isTestCase="true" isDynamic="false">
                    <codeReference assembly="SubSonic.Tests, Version=2.2.1.0, Culture=neutral, PublicKeyToken=null" namespace="SubSonic.Tests" type="SubSonic.Tests.GeneratedObjectTests" member="Object_CRUD" />
                    <codeLocation path="C:\data\SubsonicRoot\ss2\SubSonic.Tests\GeneratedObjectTests.cs" line="99" />
                    <metadata>
                      <entry key="TestKind">
                        <value>Test</value>
                      </entry>
                    </metadata>
                  </testStep>
                  <children />
                  <result assertCount="2" duration="0.015747499999999998">
                    <outcome status="passed" />
                  </result>
                  <testLog>
                    <streams />
                    <attachments />
                  </testLog>
                </testStepRun>
                <testStepRun startTime="2011-08-05T16:39:06.8680955+09:30" endTime="2011-08-05T16:39:06.8837205+09:30">
                  <testStep id="2ed64154c12f4422" name="Object_DefaultSettings" fullName="SubSonic.Tests/GeneratedObjectTests/Object_DefaultSettings" testId="f95d8f08e78840f5" isPrimary="true" isTestCase="true" isDynamic="false">
                    <codeReference assembly="SubSonic.Tests, Version=2.2.1.0, Culture=neutral, PublicKeyToken=null" namespace="SubSonic.Tests" type="SubSonic.Tests.GeneratedObjectTests" member="Object_DefaultSettings" />
                    <codeLocation path="C:\data\SubsonicRoot\ss2\SubSonic.Tests\GeneratedObjectTests.cs" line="155" />
                    <metadata>
                      <entry key="TestKind">
                        <value>Test</value>
                      </entry>
                    </metadata>
                  </testStep>
                  <children />
                  <result assertCount="2" duration="0.017712099999999998">
                    <outcome status="passed" />
                  </result>
                  <testLog>
                    <streams />
                    <attachments />
                  </testLog>
                </testStepRun>
                <testStepRun startTime="2011-08-05T16:39:06.8837205+09:30" endTime="2011-08-05T16:39:06.8993455+09:30">
                  <testStep id="fe1c0b5441c046a7" name="Object_Query" fullName="SubSonic.Tests/GeneratedObjectTests/Object_Query" testId="3c3bbcc98ccd4e2f" isPrimary="true" isTestCase="true" isDynamic="false">
                    <codeReference assembly="SubSonic.Tests, Version=2.2.1.0, Culture=neutral, PublicKeyToken=null" namespace="SubSonic.Tests" type="SubSonic.Tests.GeneratedObjectTests" member="Object_Query" />
                    <codeLocation path="C:\data\SubsonicRoot\ss2\SubSonic.Tests\GeneratedObjectTests.cs" line="85" />
                    <metadata>
                      <entry key="TestKind">
                        <value>Test</value>
                      </entry>
                    </metadata>
                  </testStep>
                  <children />
                  <result assertCount="1" duration="0.0099119">
                    <outcome status="passed" />
                  </result>
                  <testLog>
                    <streams />
                    <attachments />
                  </testLog>
                </testStepRun>
                <testStepRun startTime="2011-08-05T16:39:06.8993455+09:30" endTime="2011-08-05T16:39:06.9149705+09:30">
                  <testStep id="33bd9d241c1ff102" name="Object_SchemaDefinition" fullName="SubSonic.Tests/GeneratedObjectTests/Object_SchemaDefinition" testId="29e469fbe053c6cc" isPrimary="true" isTestCase="true" isDynamic="false">
                    <codeReference assembly="SubSonic.Tests, Version=2.2.1.0, Culture=neutral, PublicKeyToken=null" namespace="SubSonic.Tests" type="SubSonic.Tests.GeneratedObjectTests" member="Object_SchemaDefinition" />
                    <codeLocation path="C:\data\SubsonicRoot\ss2\SubSonic.Tests\GeneratedObjectTests.cs" line="166" />
                    <metadata>
                      <entry key="TestKind">
                        <value>Test</value>
                      </entry>
                    </metadata>
                  </testStep>
                  <children />
                  <result assertCount="0" duration="0.0055289">
                    <outcome status="passed" />
                  </result>
                  <testLog>
                    <streams />
                    <attachments />
                  </testLog>
                </testStepRun>
                <testStepRun startTime="2011-08-05T16:39:06.9149705+09:30" endTime="2011-08-05T16:39:06.9149705+09:30">
                  <testStep id="e6667777d7223c81" name="Object_Validation" fullName="SubSonic.Tests/GeneratedObjectTests/Object_Validation" testId="14c17386f5fc54" isPrimary="true" isTestCase="true" isDynamic="false">
                    <codeReference assembly="SubSonic.Tests, Version=2.2.1.0, Culture=neutral, PublicKeyToken=null" namespace="SubSonic.Tests" type="SubSonic.Tests.GeneratedObjectTests" member="Object_Validation" />
                    <codeLocation path="C:\data\SubsonicRoot\ss2\SubSonic.Tests\GeneratedObjectTests.cs" line="124" />
                    <metadata>
                      <entry key="TestKind">
                        <value>Test</value>
                      </entry>
                    </metadata>
                  </testStep>
                  <children />
                  <result assertCount="1" duration="0.0030453">
                    <outcome status="passed" />
                  </result>
                  <testLog>
                    <streams />
                    <attachments />
                  </testLog>
                </testStepRun>
                <testStepRun startTime="2011-08-05T16:39:06.9305955+09:30" endTime="2011-08-05T16:39:06.9462205+09:30">
                  <testStep id="3610a6227927240b" name="Objects_DeletedTest" fullName="SubSonic.Tests/GeneratedObjectTests/Objects_DeletedTest" testId="bb5648aa7aeca27d" isPrimary="true" isTestCase="true" isDynamic="false">
                    <codeReference assembly="SubSonic.Tests, Version=2.2.1.0, Culture=neutral, PublicKeyToken=null" namespace="SubSonic.Tests" type="SubSonic.Tests.GeneratedObjectTests" member="Objects_DeletedTest" />
                    <codeLocation path="C:\data\SubsonicRoot\ss2\SubSonic.Tests\GeneratedObjectTests.cs" line="72" />
                    <metadata>
                      <entry key="TestKind">
                        <value>Test</value>
                      </entry>
                    </metadata>
                  </testStep>
                  <children />
                  <result assertCount="1" duration="0.034048499999999995">
                    <outcome status="passed" />
                  </result>
                  <testLog>
                    <streams />
                    <attachments />
                  </testLog>
                </testStepRun>
                <testStepRun startTime="2011-08-05T16:39:06.9462205+09:30" endTime="2011-08-05T16:39:06.9618455+09:30">
                  <testStep id="81e6a6868f9091e" name="Objects_LoadListItems" fullName="SubSonic.Tests/GeneratedObjectTests/Objects_LoadListItems" testId="aeb613d93bc00de9" isPrimary="true" isTestCase="true" isDynamic="false">
                    <codeReference assembly="SubSonic.Tests, Version=2.2.1.0, Culture=neutral, PublicKeyToken=null" namespace="SubSonic.Tests" type="SubSonic.Tests.GeneratedObjectTests" member="Objects_LoadListItems" />
                    <codeLocation path="C:\data\SubsonicRoot\ss2\SubSonic.Tests\GeneratedObjectTests.cs" line="62" />
                    <metadata>
                      <entry key="TestKind">
                        <value>Test</value>
                      </entry>
                    </metadata>
                  </testStep>
                  <children />
                  <result assertCount="1" duration="0.013767199999999999">
                    <outcome status="passed" />
                  </result>
                  <testLog>
                    <streams />
                    <attachments />
                  </testLog>
                </testStepRun>
              </children>
              <result assertCount="9" duration="0.2056289">
                <outcome status="passed" />
              </result>
              <testLog>
                <streams />
                <attachments />
              </testLog>
            </testStepRun>
            <testStepRun startTime="2011-08-05T16:39:06.9774705+09:30" endTime="2011-08-05T16:39:07.0087205+09:30">
              <testStep id="46f94f9cf32e0989" name="InlineQueryTests" fullName="SubSonic.Tests/InlineQueryTests" testId="a4b3d38ff5d95786" isPrimary="true" isTestCase="false" isDynamic="false">
                <codeReference assembly="SubSonic.Tests, Version=2.2.1.0, Culture=neutral, PublicKeyToken=null" namespace="SubSonic.Tests.SqlQuery" type="SubSonic.Tests.SqlQuery.InlineQueryTests" />
                <codeLocation path="C:\data\SubsonicRoot\ss2\SubSonic.Tests\SqlQuery\InlineQueryTests.cs" />
                <metadata>
                  <entry key="TestKind">
                    <value>Fixture</value>
                  </entry>
                </metadata>
              </testStep>
              <children>
                <testStepRun startTime="2011-08-05T16:39:06.9774705+09:30" endTime="2011-08-05T16:39:06.9930955+09:30">
                  <testStep id="2e1af3332ae7493a" name="Inline_AsCollection" fullName="SubSonic.Tests/InlineQueryTests/Inline_AsCollection" testId="505820a5874ad648" isPrimary="true" isTestCase="true" isDynamic="false">
                    <codeReference assembly="SubSonic.Tests, Version=2.2.1.0, Culture=neutral, PublicKeyToken=null" namespace="SubSonic.Tests.SqlQuery" type="SubSonic.Tests.SqlQuery.InlineQueryTests" member="Inline_AsCollection" />
                    <codeLocation path="C:\data\SubsonicRoot\ss2\SubSonic.Tests\SqlQuery\InlineQueryTests.cs" line="43" />
                    <metadata>
                      <entry key="TestKind">
                        <value>Test</value>
                      </entry>
                    </metadata>
                  </testStep>
                  <children />
                  <result assertCount="0" duration="0.0165649">
                    <outcome status="passed" />
                  </result>
                  <testLog>
                    <streams />
                    <attachments />
                  </testLog>
                </testStepRun>
                <testStepRun startTime="2011-08-05T16:39:06.9930955+09:30" endTime="2011-08-05T16:39:06.9930955+09:30">
                  <testStep id="16e165fa62d0c9fb" name="Inline_Simple" fullName="SubSonic.Tests/InlineQueryTests/Inline_Simple" testId="701cd850fa67c6c9" isPrimary="true" isTestCase="true" isDynamic="false">
                    <codeReference assembly="SubSonic.Tests, Version=2.2.1.0, Culture=neutral, PublicKeyToken=null" namespace="SubSonic.Tests.SqlQuery" type="SubSonic.Tests.SqlQuery.InlineQueryTests" member="Inline_Simple" />
                    <codeLocation path="C:\data\SubsonicRoot\ss2\SubSonic.Tests\SqlQuery\InlineQueryTests.cs" line="27" />
                    <metadata>
                      <entry key="TestKind">
                        <value>Test</value>
                      </entry>
                    </metadata>
                  </testStep>
                  <children />
                  <result assertCount="1" duration="0.0027039">
                    <outcome status="passed" />
                  </result>
                  <testLog>
                    <streams />
                    <attachments />
                  </testLog>
                </testStepRun>
                <testStepRun startTime="2011-08-05T16:39:06.9930955+09:30" endTime="2011-08-05T16:39:07.0087205+09:30">
                  <testStep id="21fe5a44005d6330" name="Inline_WithCommands" fullName="SubSonic.Tests/InlineQueryTests/Inline_WithCommands" testId="888f3066ed2a4bc1" isPrimary="true" isTestCase="true" isDynamic="false">
                    <codeReference assembly="SubSonic.Tests, Version=2.2.1.0, Culture=neutral, PublicKeyToken=null" namespace="SubSonic.Tests.SqlQuery" type="SubSonic.Tests.SqlQuery.InlineQueryTests" member="Inline_WithCommands" />
                    <codeLocation path="C:\data\SubsonicRoot\ss2\SubSonic.Tests\SqlQuery\InlineQueryTests.cs" line="34" />
                    <metadata>
                      <entry key="TestKind">
                        <value>Test</value>
                      </entry>
                    </metadata>
                  </testStep>
                  <children />
                  <result assertCount="2" duration="0.0100214">
                    <outcome status="passed" />
                  </result>
                  <testLog>
                    <streams />
                    <attachments />
                  </testLog>
                </testStepRun>
              </children>
              <result assertCount="3" duration="0.043365299999999996">
                <outcome status="passed" />
              </result>
              <testLog>
                <streams />
                <attachments />
              </testLog>
            </testStepRun>
            <testStepRun startTime="2011-08-05T16:39:07.0243455+09:30" endTime="2011-08-05T16:39:07.1024705+09:30">
              <testStep id="2b11630acd129400" name="InsertTests" fullName="SubSonic.Tests/InsertTests" testId="6ab4f5328a9660aa" isPrimary="true" isTestCase="false" isDynamic="false">
                <codeReference assembly="SubSonic.Tests, Version=2.2.1.0, Culture=neutral, PublicKeyToken=null" namespace="SubSonic.Tests.SqlQuery" type="SubSonic.Tests.SqlQuery.InsertTests" />
                <codeLocation path="C:\data\SubsonicRoot\ss2\SubSonic.Tests\SqlQuery\InsertTests.cs" />
                <metadata>
                  <entry key="TestKind">
                    <value>Fixture</value>
                  </entry>
                </metadata>
              </testStep>
              <children>
                <testStepRun startTime="2011-08-05T16:39:07.0243455+09:30" endTime="2011-08-05T16:39:07.0712205+09:30">
                  <testStep id="2eed7017ddc5b549" name="Insert_Simple" fullName="SubSonic.Tests/InsertTests/Insert_Simple" testId="b303b9ae8f12c2ea" isPrimary="true" isTestCase="true" isDynamic="false">
                    <codeReference assembly="SubSonic.Tests, Version=2.2.1.0, Culture=neutral, PublicKeyToken=null" namespace="SubSonic.Tests.SqlQuery" type="SubSonic.Tests.SqlQuery.InsertTests" member="Insert_Simple" />
                    <codeLocation path="C:\data\SubsonicRoot\ss2\SubSonic.Tests\SqlQuery\InsertTests.cs" line="29" />
                    <metadata>
                      <entry key="TestKind">
                        <value>Test</value>
                      </entry>
                    </metadata>
                  </testStep>
                  <children />
                  <result assertCount="1" duration="0.0447193">
                    <outcome status="passed" />
                  </result>
                  <testLog>
                    <streams />
                    <attachments />
                  </testLog>
                </testStepRun>
                <testStepRun startTime="2011-08-05T16:39:07.0712205+09:30" endTime="2011-08-05T16:39:07.0868455+09:30">
                  <testStep id="572045755397bc83" name="Insert_SimpleWithSelect" fullName="SubSonic.Tests/InsertTests/Insert_SimpleWithSelect" testId="b6299421cf76c62f" isPrimary="true" isTestCase="true" isDynamic="false">
                    <codeReference assembly="SubSonic.Tests, Version=2.2.1.0, Culture=neutral, PublicKeyToken=null" namespace="SubSonic.Tests.SqlQuery" type="SubSonic.Tests.SqlQuery.InsertTests" member="Insert_SimpleWithSelect" />
                    <codeLocation path="C:\data\SubsonicRoot\ss2\SubSonic.Tests\SqlQuery\InsertTests.cs" line="38" />
                    <metadata>
                      <entry key="TestKind">
                        <value>Test</value>
                      </entry>
                    </metadata>
                  </testStep>
                  <children />
                  <result assertCount="1" duration="0.004631">
                    <outcome status="passed" />
                  </result>
                  <testLog>
                    <streams />
                    <attachments />
                  </testLog>
                </testStepRun>
                <testStepRun startTime="2011-08-05T16:39:07.0868455+09:30" endTime="2011-08-05T16:39:07.0868455+09:30">
                  <testStep id="17464a0a80231be1" name="Insert_SimpleWithSelectAndSchema" fullName="SubSonic.Tests/InsertTests/Insert_SimpleWithSelectAndSchema" testId="ae153abf92394a57" isPrimary="true" isTestCase="true" isDynamic="false">
                    <codeReference assembly="SubSonic.Tests, Version=2.2.1.0, Culture=neutral, PublicKeyToken=null" namespace="SubSonic.Tests.SqlQuery" type="SubSonic.Tests.SqlQuery.InsertTests" member="Insert_SimpleWithSelectAndSchema" />
                    <codeLocation path="C:\data\SubsonicRoot\ss2\SubSonic.Tests\SqlQuery\InsertTests.cs" line="49" />
                    <metadata>
                      <entry key="TestKind">
                        <value>Test</value>
                      </entry>
                    </metadata>
                  </testStep>
                  <children />
                  <result assertCount="1" duration="0.0059663999999999993">
                    <outcome status="passed" />
                  </result>
                  <testLog>
                    <streams />
                    <attachments />
                  </testLog>
                </testStepRun>
              </children>
              <result assertCount="3" duration="0.0711329">
                <outcome status="passed" />
              </result>
              <testLog>
                <streams />
                <attachments />
              </testLog>
            </testStepRun>
            <testStepRun startTime="2011-08-05T16:39:07.1024705+09:30" endTime="2011-08-05T16:39:07.1024705+09:30">
              <testStep id="ae8f6082ac7b2db" name="ManyToMany" fullName="SubSonic.Tests/ManyToMany" testId="4a525883a4c1bcb9" isPrimary="true" isTestCase="false" isDynamic="false">
                <codeReference assembly="SubSonic.Tests, Version=2.2.1.0, Culture=neutral, PublicKeyToken=null" namespace="SubSonic.Tests" type="SubSonic.Tests.ManyToMany" />
                <codeLocation path="C:\data\SubsonicRoot\ss2\SubSonic.Tests\bin\Debug\SubSonic.Tests.DLL" />
                <metadata>
                  <entry key="TestKind">
                    <value>Fixture</value>
                  </entry>
                </metadata>
              </testStep>
              <children />
              <result assertCount="0" duration="0.0025325">
                <outcome status="passed" />
              </result>
              <testLog>
                <streams />
                <attachments />
              </testLog>
            </testStepRun>
            <testStepRun startTime="2011-08-05T16:39:07.1180955+09:30" endTime="2011-08-05T16:39:12.6805955+09:30">
              <testStep id="a942dcf71c79ae7e" name="MigrationTests" fullName="SubSonic.Tests/MigrationTests" testId="5bc31031dabd1cc3" isPrimary="true" isTestCase="false" isDynamic="false">
                <codeReference assembly="SubSonic.Tests, Version=2.2.1.0, Culture=neutral, PublicKeyToken=null" namespace="SubSonic.Tests.Migrations" type="SubSonic.Tests.Migrations.MigrationTests" />
                <codeLocation path="C:\data\SubsonicRoot\ss2\SubSonic.Tests\Migrations\MigrationTests.cs" />
                <metadata>
                  <entry key="TestKind">
                    <value>Fixture</value>
                  </entry>
                </metadata>
              </testStep>
              <children>
                <testStepRun startTime="2011-08-05T16:39:07.1180955+09:30" endTime="2011-08-05T16:39:07.2587205+09:30">
                  <testStep id="32ae92d37d32dfb2" name="CreateTable_Should_Allow_Char3_As_PrimaryKey" fullName="SubSonic.Tests/MigrationTests/CreateTable_Should_Allow_Char3_As_PrimaryKey" testId="4191394411848969" isPrimary="true" isTestCase="true" isDynamic="false">
                    <codeReference assembly="SubSonic.Tests, Version=2.2.1.0, Culture=neutral, PublicKeyToken=null" namespace="SubSonic.Tests.Migrations" type="SubSonic.Tests.Migrations.MigrationTests" member="CreateTable_Should_Allow_Char3_As_PrimaryKey" />
                    <codeLocation path="C:\data\SubsonicRoot\ss2\SubSonic.Tests\Migrations\MigrationTests.cs" line="286" />
                    <metadata>
                      <entry key="TestKind">
                        <value>Test</value>
                      </entry>
                    </metadata>
                  </testStep>
                  <children />
                  <result assertCount="2" duration="0.1410931">
                    <outcome status="passed" />
                  </result>
                  <testLog>
                    <streams />
                    <attachments />
                  </testLog>
                </testStepRun>
                <testStepRun startTime="2011-08-05T16:39:07.2587205+09:30" endTime="2011-08-05T16:39:07.4618455+09:30">
                  <testStep id="c2ce91407b73ab1d" name="Dual_ForeignKey_Relationships_ShouldBe_Possible_From_One_To_Many" fullName="SubSonic.Tests/MigrationTests/Dual_ForeignKey_Relationships_ShouldBe_Possible_From_One_To_Many" testId="fca4a854339d17cf" isPrimary="true" isTestCase="true" isDynamic="false">
                    <codeReference assembly="SubSonic.Tests, Version=2.2.1.0, Culture=neutral, PublicKeyToken=null" namespace="SubSonic.Tests.Migrations" type="SubSonic.Tests.Migrations.MigrationTests" member="Dual_ForeignKey_Relationships_ShouldBe_Possible_From_One_To_Many" />
                    <codeLocation path="C:\data\SubsonicRoot\ss2\SubSonic.Tests\Migrations\MigrationTests.cs" line="310" />
                    <metadata>
                      <entry key="TestKind">
                        <value>Test</value>
                      </entry>
                    </metadata>
                  </testStep>
                  <children />
                  <result assertCount="0" duration="0.20679799999999998">
                    <outcome status="passed" />
                  </result>
                  <testLog>
                    <streams />
                    <attachments />
                  </testLog>
                </testStepRun>
                <testStepRun startTime="2011-08-05T16:39:07.4618455+09:30" endTime="2011-08-05T16:39:07.6180955+09:30">
                  <testStep id="e3cc7451dfbcbc29" name="MigrateDownFromZero" fullName="SubSonic.Tests/MigrationTests/MigrateDownFromZero" testId="71cebd88972a170d" isPrimary="true" isTestCase="true" isDynamic="false">
                    <codeReference assembly="SubSonic.Tests, Version=2.2.1.0, Culture=neutral, PublicKeyToken=null" namespace="SubSonic.Tests.Migrations" type="SubSonic.Tests.Migrations.MigrationTests" member="MigrateDownFromZero" />
                    <codeLocation path="C:\data\SubsonicRoot\ss2\SubSonic.Tests\Migrations\MigrationTests.cs" line="69" />
                    <metadata>
                      <entry key="TestKind">
                        <value>Test</value>
                      </entry>
                    </metadata>
                  </testStep>
                  <children />
                  <result assertCount="2" duration="0.1501131">
                    <outcome status="passed" />
                  </result>
                  <testLog>
                    <streams />
                    <attachments />
                  </testLog>
                </testStepRun>
                <testStepRun startTime="2011-08-05T16:39:07.6180955+09:30" endTime="2011-08-05T16:39:08.4149705+09:30">
                  <testStep id="1ab81bfd913048ac" name="MigrateUpDownNegative1" fullName="SubSonic.Tests/MigrationTests/MigrateUpDownNegative1" testId="bd66417745aec781" isPrimary="true" isTestCase="true" isDynamic="false">
                    <codeReference assembly="SubSonic.Tests, Version=2.2.1.0, Culture=neutral, PublicKeyToken=null" namespace="SubSonic.Tests.Migrations" type="SubSonic.Tests.Migrations.MigrationTests" member="MigrateUpDownNegative1" />
                    <codeLocation path="C:\data\SubsonicRoot\ss2\SubSonic.Tests\Migrations\MigrationTests.cs" line="79" />
                    <metadata>
                      <entry key="TestKind">
                        <value>Test</value>
                      </entry>
                    </metadata>
                  </testStep>
                  <children />
                  <result assertCount="4" duration="0.79209449999999992">
                    <outcome status="passed" />
                  </result>
                  <testLog>
                    <streams>
                      <stream name="ConsoleOutput">
                        <body>
                          <contents>
                            <text><![CDATA[Found 2 migration files
Current DB Version is 0
Migrating to 001_MigrationTest (1)
Found 2 migration files
Current DB Version is 1
Migrating to 001_MigrationTest (1)
]]></text>
                          </contents>
                        </body>
                      </stream>
                    </streams>
                    <attachments />
                  </testLog>
                </testStepRun>
                <testStepRun startTime="2011-08-05T16:39:08.4305955+09:30" endTime="2011-08-05T16:39:08.4618455+09:30">
                  <testStep id="63be6f58ef3a22cd" name="Migration_SQL_Generation_AddRemoveColumns" fullName="SubSonic.Tests/MigrationTests/Migration_SQL_Generation_AddRemoveColumns" testId="fc1403bbd9c21f26" isPrimary="true" isTestCase="true" isDynamic="false">
                    <codeReference assembly="SubSonic.Tests, Version=2.2.1.0, Culture=neutral, PublicKeyToken=null" namespace="SubSonic.Tests.Migrations" type="SubSonic.Tests.Migrations.MigrationTests" member="Migration_SQL_Generation_AddRemoveColumns" />
                    <codeLocation path="C:\data\SubsonicRoot\ss2\SubSonic.Tests\Migrations\MigrationTests.cs" line="41" />
                    <metadata>
                      <entry key="TestKind">
                        <value>Test</value>
                      </entry>
                    </metadata>
                  </testStep>
                  <children />
                  <result assertCount="1" duration="0.0398429">
                    <outcome status="passed" />
                  </result>
                  <testLog>
                    <streams />
                    <attachments />
                  </testLog>
                </testStepRun>
                <testStepRun startTime="2011-08-05T16:39:08.4618455+09:30" endTime="2011-08-05T16:39:08.6180955+09:30">
                  <testStep id="3dfe0b6c927ef0bb" name="MigrationAddRemoveColumns" fullName="SubSonic.Tests/MigrationTests/MigrationAddRemoveColumns" testId="5fbd30d8d3c730d4" isPrimary="true" isTestCase="true" isDynamic="false">
                    <codeReference assembly="SubSonic.Tests, Version=2.2.1.0, Culture=neutral, PublicKeyToken=null" namespace="SubSonic.Tests.Migrations" type="SubSonic.Tests.Migrations.MigrationTests" member="MigrationAddRemoveColumns" />
                    <codeLocation path="C:\data\SubsonicRoot\ss2\SubSonic.Tests\Migrations\MigrationTests.cs" line="171" />
                    <metadata>
                      <entry key="TestKind">
                        <value>Test</value>
                      </entry>
                    </metadata>
                  </testStep>
                  <children />
                  <result assertCount="2" duration="0.1452917">
                    <outcome status="passed" />
                  </result>
                  <testLog>
                    <streams />
                    <attachments />
                  </testLog>
                </testStepRun>
                <testStepRun startTime="2011-08-05T16:39:08.6180955+09:30" endTime="2011-08-05T16:39:09.0243455+09:30">
                  <testStep id="c8eab2950b1e660c" name="MigrationAlterColumn" fullName="SubSonic.Tests/MigrationTests/MigrationAlterColumn" testId="941fe2e0ac31211e" isPrimary="true" isTestCase="true" isDynamic="false">
                    <codeReference assembly="SubSonic.Tests, Version=2.2.1.0, Culture=neutral, PublicKeyToken=null" namespace="SubSonic.Tests.Migrations" type="SubSonic.Tests.Migrations.MigrationTests" member="MigrationAlterColumn" />
                    <codeLocation path="C:\data\SubsonicRoot\ss2\SubSonic.Tests\Migrations\MigrationTests.cs" line="148" />
                    <metadata>
                      <entry key="TestKind">
                        <value>Test</value>
                      </entry>
                    </metadata>
                  </testStep>
                  <children />
                  <result assertCount="2" duration="0.4031356">
                    <outcome status="passed" />
                  </result>
                  <testLog>
                    <streams />
                    <attachments />
                  </testLog>
                </testStepRun>
                <testStepRun startTime="2011-08-05T16:39:09.0243455+09:30" endTime="2011-08-05T16:39:09.0399705+09:30">
                  <testStep id="866efb7afa6d8d11" name="MigrationExecute" fullName="SubSonic.Tests/MigrationTests/MigrationExecute" testId="bca569c17d71b8ce" isPrimary="true" isTestCase="true" isDynamic="false">
                    <codeReference assembly="SubSonic.Tests, Version=2.2.1.0, Culture=neutral, PublicKeyToken=null" namespace="SubSonic.Tests.Migrations" type="SubSonic.Tests.Migrations.MigrationTests" member="MigrationExecute" />
                    <codeLocation path="C:\data\SubsonicRoot\ss2\SubSonic.Tests\Migrations\MigrationTests.cs" line="250" />
                    <metadata>
                      <entry key="TestKind">
                        <value>Test</value>
                      </entry>
                    </metadata>
                  </testStep>
                  <children />
                  <result assertCount="1" duration="0.014855799999999999">
                    <outcome status="passed" />
                  </result>
                  <testLog>
                    <streams />
                    <attachments />
                  </testLog>
                </testStepRun>
                <testStepRun startTime="2011-08-05T16:39:09.0399705+09:30" endTime="2011-08-05T16:39:09.0555955+09:30">
                  <testStep id="a934ee6ebbf79d13" name="MigrationGenerateCreateTablesSql" fullName="SubSonic.Tests/MigrationTests/MigrationGenerateCreateTablesSql" testId="6ad5e975aee08ddf" isPrimary="true" isTestCase="true" isDynamic="false">
                    <codeReference assembly="SubSonic.Tests, Version=2.2.1.0, Culture=neutral, PublicKeyToken=null" namespace="SubSonic.Tests.Migrations" type="SubSonic.Tests.Migrations.MigrationTests" member="MigrationGenerateCreateTablesSql" />
                    <codeLocation path="C:\data\SubsonicRoot\ss2\SubSonic.Tests\Migrations\MigrationTests.cs" line="18" />
                    <metadata>
                      <entry key="TestKind">
                        <value>Test</value>
                      </entry>
                    </metadata>
                  </testStep>
                  <children />
                  <result assertCount="1" duration="0.0041507">
                    <outcome status="passed" />
                  </result>
                  <testLog>
                    <streams />
                    <attachments />
                  </testLog>
                </testStepRun>
                <testStepRun startTime="2011-08-05T16:39:09.0555955+09:30" endTime="2011-08-05T16:39:09.1805955+09:30">
                  <testStep id="aa31b277f20bca00" name="MigrationGenerateDropTablesSql" fullName="SubSonic.Tests/MigrationTests/MigrationGenerateDropTablesSql" testId="1989de16e4cda26b" isPrimary="true" isTestCase="true" isDynamic="false">
                    <codeReference assembly="SubSonic.Tests, Version=2.2.1.0, Culture=neutral, PublicKeyToken=null" namespace="SubSonic.Tests.Migrations" type="SubSonic.Tests.Migrations.MigrationTests" member="MigrationGenerateDropTablesSql" />
                    <codeLocation path="C:\data\SubsonicRoot\ss2\SubSonic.Tests\Migrations\MigrationTests.cs" line="29" />
                    <metadata>
                      <entry key="TestKind">
                        <value>Test</value>
                      </entry>
                    </metadata>
                  </testStep>
                  <children />
                  <result assertCount="1" duration="0.11959579999999999">
                    <outcome status="passed" />
                  </result>
                  <testLog>
                    <streams />
                    <attachments />
                  </testLog>
                </testStepRun>
                <testStepRun startTime="2011-08-05T16:39:09.1805955+09:30" endTime="2011-08-05T16:39:10.4930955+09:30">
                  <testStep id="2220e7b91f8a9eab" name="MigrationMySql" fullName="SubSonic.Tests/MigrationTests/MigrationMySql" testId="4abcbd35596f771b" isPrimary="true" isTestCase="true" isDynamic="false">
                    <codeReference assembly="SubSonic.Tests, Version=2.2.1.0, Culture=neutral, PublicKeyToken=null" namespace="SubSonic.Tests.Migrations" type="SubSonic.Tests.Migrations.MigrationTests" member="MigrationMySql" />
                    <codeLocation path="C:\data\SubsonicRoot\ss2\SubSonic.Tests\Migrations\MigrationTests.cs" line="265" />
                    <metadata>
                      <entry key="TestKind">
                        <value>Test</value>
                      </entry>
                    </metadata>
                  </testStep>
                  <children />
                  <result assertCount="4" duration="1.311589">
                    <outcome status="passed" />
                  </result>
                  <testLog>
                    <streams />
                    <attachments />
                  </testLog>
                </testStepRun>
                <testStepRun startTime="2011-08-05T16:39:10.4930955+09:30" endTime="2011-08-05T16:39:10.6180955+09:30">
                  <testStep id="271b02c38e4618ef" name="MigrationOnDispose" fullName="SubSonic.Tests/MigrationTests/MigrationOnDispose" testId="9b9ec6dd8cf18626" isPrimary="true" isTestCase="true" isDynamic="false">
                    <codeReference assembly="SubSonic.Tests, Version=2.2.1.0, Culture=neutral, PublicKeyToken=null" namespace="SubSonic.Tests.Migrations" type="SubSonic.Tests.Migrations.MigrationTests" member="MigrationOnDispose" />
                    <codeLocation path="C:\data\SubsonicRoot\ss2\SubSonic.Tests\Migrations\MigrationTests.cs" line="232" />
                    <metadata>
                      <entry key="TestKind">
                        <value>Test</value>
                      </entry>
                    </metadata>
                  </testStep>
                  <children />
                  <result assertCount="1" duration="0.1163317">
                    <outcome status="passed" />
                  </result>
                  <testLog>
                    <streams />
                    <attachments />
                  </testLog>
                </testStepRun>
                <testStepRun startTime="2011-08-05T16:39:10.6180955+09:30" endTime="2011-08-05T16:39:11.3993455+09:30">
                  <testStep id="b38ed76c008def7a" name="MigrationShouldCreateAndDropTestTable" fullName="SubSonic.Tests/MigrationTests/MigrationShouldCreateAndDropTestTable" testId="cfe29af00870094c" isPrimary="true" isTestCase="true" isDynamic="false">
                    <codeReference assembly="SubSonic.Tests, Version=2.2.1.0, Culture=neutral, PublicKeyToken=null" namespace="SubSonic.Tests.Migrations" type="SubSonic.Tests.Migrations.MigrationTests" member="MigrationShouldCreateAndDropTestTable" />
                    <codeLocation path="C:\data\SubsonicRoot\ss2\SubSonic.Tests\Migrations\MigrationTests.cs" line="184" />
                    <metadata>
                      <entry key="TestKind">
                        <value>Test</value>
                      </entry>
                    </metadata>
                  </testStep>
                  <children />
                  <result assertCount="6" duration="0.7819164">
                    <outcome status="passed" />
                  </result>
                  <testLog>
                    <streams>
                      <stream name="ConsoleOutput">
                        <body>
                          <contents>
                            <text><![CDATA[Found 2 migration files
Current DB Version is 0
Migrating to 001_MigrationTest (1)
Found 2 migration files
Current DB Version is 1
Migrating to 001_MigrationTest (1)
]]></text>
                          </contents>
                        </body>
                      </stream>
                    </streams>
                    <attachments />
                  </testLog>
                </testStepRun>
                <testStepRun startTime="2011-08-05T16:39:11.3993455+09:30" endTime="2011-08-05T16:39:12.5087205+09:30">
                  <testStep id="f5a055390e62f12" name="MigrationShouldExecMultipleMigrations" fullName="SubSonic.Tests/MigrationTests/MigrationShouldExecMultipleMigrations" testId="68b84e1f9a9c2bc8" isPrimary="true" isTestCase="true" isDynamic="false">
                    <codeReference assembly="SubSonic.Tests, Version=2.2.1.0, Culture=neutral, PublicKeyToken=null" namespace="SubSonic.Tests.Migrations" type="SubSonic.Tests.Migrations.MigrationTests" member="MigrationShouldExecMultipleMigrations" />
                    <codeLocation path="C:\data\SubsonicRoot\ss2\SubSonic.Tests\Migrations\MigrationTests.cs" line="205" />
                    <metadata>
                      <entry key="TestKind">
                        <value>Test</value>
                      </entry>
                    </metadata>
                  </testStep>
                  <children />
                  <result assertCount="10" duration="1.1130324999999999">
                    <outcome status="passed" />
                  </result>
                  <testLog>
                    <streams>
                      <stream name="ConsoleOutput">
                        <body>
                          <contents>
                            <text><![CDATA[Found 2 migration files
Current DB Version is 0
Migrating to 001_MigrationTest (1)
Migrating to 002_MigrationTest (2)
Found 2 migration files
Current DB Version is 2
Migrating to 002_MigrationTest (2)
]]></text>
                          </contents>
                        </body>
                      </stream>
                    </streams>
                    <attachments />
                  </testLog>
                </testStepRun>
                <testStepRun startTime="2011-08-05T16:39:12.5243455+09:30" endTime="2011-08-05T16:39:12.6493455+09:30">
                  <testStep id="a4ff4c7fde21e82e" name="MigrationUpDown" fullName="SubSonic.Tests/MigrationTests/MigrationUpDown" testId="79ec5c9c7b50141d" isPrimary="true" isTestCase="true" isDynamic="false">
                    <codeReference assembly="SubSonic.Tests, Version=2.2.1.0, Culture=neutral, PublicKeyToken=null" namespace="SubSonic.Tests.Migrations" type="SubSonic.Tests.Migrations.MigrationTests" member="MigrationUpDown" />
                    <codeLocation path="C:\data\SubsonicRoot\ss2\SubSonic.Tests\Migrations\MigrationTests.cs" line="102" />
                    <metadata>
                      <entry key="TestKind">
                        <value>Test</value>
                      </entry>
                    </metadata>
                  </testStep>
                  <children />
                  <result assertCount="4" duration="0.1282665">
                    <outcome status="passed" />
                  </result>
                  <testLog>
                    <streams />
                    <attachments />
                  </testLog>
                </testStepRun>
                <testStepRun startTime="2011-08-05T16:39:12.6493455+09:30" endTime="2011-08-05T16:39:12.6805955+09:30">
                  <testStep id="16e2a5d5c5b0d1dd" name="MigrationUpwithErrors" fullName="SubSonic.Tests/MigrationTests/MigrationUpwithErrors" testId="c1db2d4e72754f2c" isPrimary="true" isTestCase="true" isDynamic="false">
                    <codeReference assembly="SubSonic.Tests, Version=2.2.1.0, Culture=neutral, PublicKeyToken=null" namespace="SubSonic.Tests.Migrations" type="SubSonic.Tests.Migrations.MigrationTests" member="MigrationUpwithErrors" />
                    <codeLocation path="C:\data\SubsonicRoot\ss2\SubSonic.Tests\Migrations\MigrationTests.cs" line="127" />
                    <metadata>
                      <entry key="TestKind">
                        <value>Test</value>
                      </entry>
                    </metadata>
                  </testStep>
                  <children />
                  <result assertCount="2" duration="0.025255899999999998">
                    <outcome status="passed" />
                  </result>
                  <testLog>
                    <streams />
                    <attachments />
                  </testLog>
                </testStepRun>
              </children>
              <result assertCount="43" duration="5.5697642">
                <outcome status="passed" />
              </result>
              <testLog>
                <streams />
                <attachments />
              </testLog>
            </testStepRun>
            <testStepRun startTime="2011-08-05T16:39:12.6805955+09:30" endTime="2011-08-05T16:39:14.3524705+09:30">
              <testStep id="e2f18710a15afe9b" name="MultiProvider" fullName="SubSonic.Tests/MultiProvider" testId="621ae3895ea314a" isPrimary="true" isTestCase="false" isDynamic="false">
                <codeReference assembly="SubSonic.Tests, Version=2.2.1.0, Culture=neutral, PublicKeyToken=null" namespace="SubSonic.Tests" type="SubSonic.Tests.MultiProvider" />
                <codeLocation path="C:\data\SubsonicRoot\ss2\SubSonic.Tests\MultiProvider.cs" />
                <metadata>
                  <entry key="TestKind">
                    <value>Fixture</value>
                  </entry>
                </metadata>
              </testStep>
              <children>
                <testStepRun startTime="2011-08-05T16:39:12.6962205+09:30" endTime="2011-08-05T16:39:14.3368455+09:30">
                  <testStep id="554df587cc71c2fe" name="Multi_QueryTest" fullName="SubSonic.Tests/MultiProvider/Multi_QueryTest" testId="e240560f583195d4" isPrimary="true" isTestCase="true" isDynamic="false">
                    <codeReference assembly="SubSonic.Tests, Version=2.2.1.0, Culture=neutral, PublicKeyToken=null" namespace="SubSonic.Tests" type="SubSonic.Tests.MultiProvider" member="Multi_QueryTest" />
                    <codeLocation path="C:\data\SubsonicRoot\ss2\SubSonic.Tests\MultiProvider.cs" line="32" />
                    <metadata>
                      <entry key="TestKind">
                        <value>Test</value>
                      </entry>
                    </metadata>
                  </testStep>
                  <children />
                  <result assertCount="2" duration="1.6516659">
                    <outcome status="passed" />
                  </result>
                  <testLog>
                    <streams />
                    <attachments />
                  </testLog>
                </testStepRun>
                <testStepRun startTime="2011-08-05T16:39:14.3368455+09:30" endTime="2011-08-05T16:39:14.3524705+09:30">
                  <testStep id="198051dcb554354b" name="Multiple_Providers_Should_Return_Correct_ProviderName" fullName="SubSonic.Tests/MultiProvider/Multiple_Providers_Should_Return_Correct_ProviderName" testId="44598ae75999557" isPrimary="true" isTestCase="true" isDynamic="false">
                    <codeReference assembly="SubSonic.Tests, Version=2.2.1.0, Culture=neutral, PublicKeyToken=null" namespace="SubSonic.Tests" type="SubSonic.Tests.MultiProvider" member="Multiple_Providers_Should_Return_Correct_ProviderName" />
                    <codeLocation path="C:\data\SubsonicRoot\ss2\SubSonic.Tests\MultiProvider.cs" line="45" />
                    <metadata>
                      <entry key="TestKind">
                        <value>Test</value>
                      </entry>
                    </metadata>
                  </testStep>
                  <children />
                  <result assertCount="2" duration="0.0028699999999999997">
                    <outcome status="passed" />
                  </result>
                  <testLog>
                    <streams />
                    <attachments />
                  </testLog>
                </testStepRun>
              </children>
              <result assertCount="4" duration="1.6710254">
                <outcome status="passed" />
              </result>
              <testLog>
                <streams />
                <attachments />
              </testLog>
            </testStepRun>
            <testStepRun startTime="2011-08-05T16:39:14.3680955+09:30" endTime="2011-08-05T16:39:14.9930955+09:30">
              <testStep id="984d130bcadc340d" name="MySqlGeneratorTests" fullName="SubSonic.Tests/MySqlGeneratorTests" testId="d555ee4381e205dd" isPrimary="true" isTestCase="false" isDynamic="false">
                <codeReference assembly="SubSonic.Tests, Version=2.2.1.0, Culture=neutral, PublicKeyToken=null" namespace="SubSonic.Tests.SqlGenerators" type="SubSonic.Tests.SqlGenerators.MySqlGeneratorTests" />
                <codeLocation path="C:\data\SubsonicRoot\ss2\SubSonic.Tests\SqlGenerators\MySqlGeneratorTests.cs" />
                <metadata>
                  <entry key="TestKind">
                    <value>Fixture</value>
                  </entry>
                </metadata>
              </testStep>
              <children>
                <testStepRun startTime="2011-08-05T16:39:14.3680955+09:30" endTime="2011-08-05T16:39:14.5555955+09:30">
                  <testStep id="d76894605eb5b7d1" name="Add_Column" fullName="SubSonic.Tests/MySqlGeneratorTests/Add_Column" testId="f83464f45f4bb980" isPrimary="true" isTestCase="true" isDynamic="false">
                    <codeReference assembly="SubSonic.Tests, Version=2.2.1.0, Culture=neutral, PublicKeyToken=null" namespace="SubSonic.Tests.SqlGenerators" type="SubSonic.Tests.SqlGenerators.MySqlGeneratorTests" member="Add_Column" />
                    <codeLocation path="C:\data\SubsonicRoot\ss2\SubSonic.Tests\SqlGenerators\MySqlGeneratorTests.cs" line="46" />
                    <metadata>
                      <entry key="TestKind">
                        <value>Test</value>
                      </entry>
                    </metadata>
                  </testStep>
                  <children />
                  <result assertCount="1" duration="0.1580733">
                    <outcome status="failed" />
                  </result>
                  <testLog>
                    <streams>
                      <stream name="Failures">
                        <body>
                          <contents>
                            <marker class="AssertionFailure">
                              <contents>
                                <section name="Expected values to be equal.">
                                  <contents>
                                    <text><![CDATA[
]]></text>
                                    <marker class="Monospace">
                                      <contents>
                                        <marker class="Label">
                                          <contents>
                                            <text><![CDATA[Expected Value : ]]></text>
                                          </contents>
                                          <attributes />
                                        </marker>
                                        <text><![CDATA["ALTER TABLE ]]></text>
                                        <marker class="DiffChange">
                                          <contents>
                                            <text><![CDATA[`]]></text>
                                          </contents>
                                          <attributes />
                                        </marker>
                                        <text><![CDATA[products]]></text>
                                        <marker class="DiffChange">
                                          <contents>
                                            <text><![CDATA[`]]></text>
                                          </contents>
                                          <attributes />
                                        </marker>
                                        <text><![CDATA[ ADD ]]></text>
                                        <marker class="DiffChange">
                                          <contents>
                                            <text><![CDATA[`]]></text>
                                          </contents>
                                          <attributes />
                                        </marker>
                                        <text><![CDATA[Address4]]></text>
                                        <marker class="DiffChange">
                                          <contents>
                                            <text><![CDATA[`]]></text>
                                          </contents>
                                          <attributes />
                                        </marker>
                                        <text><![CDATA[ nvarchar(50) NULL"
]]></text>
                                        <marker class="Label">
                                          <contents>
                                            <text><![CDATA[Actual Value   : ]]></text>
                                          </contents>
                                          <attributes />
                                        </marker>
                                        <text><![CDATA["ALTER TABLE ]]></text>
                                        <marker class="DiffChange">
                                          <contents>
                                            <text><![CDATA[[]]></text>
                                          </contents>
                                          <attributes />
                                        </marker>
                                        <text><![CDATA[products]]></text>
                                        <marker class="DiffChange">
                                          <contents>
                                            <text><![CDATA[]]]></text>
                                          </contents>
                                          <attributes />
                                        </marker>
                                        <text><![CDATA[ ADD ]]></text>
                                        <marker class="DiffChange">
                                          <contents>
                                            <text><![CDATA[[]]></text>
                                          </contents>
                                          <attributes />
                                        </marker>
                                        <text><![CDATA[Address4]]></text>
                                        <marker class="DiffChange">
                                          <contents>
                                            <text><![CDATA[]]]></text>
                                          </contents>
                                          <attributes />
                                        </marker>
                                        <text><![CDATA[ nvarchar(50) NULL"
]]></text>
                                      </contents>
                                      <attributes />
                                    </marker>
                                    <text><![CDATA[
]]></text>
                                    <marker class="StackTrace">
                                      <contents>
                                        <text><![CDATA[   at SubSonic.Tests.SqlGenerators.MySqlGeneratorTests.Add_Column() in ]]></text>
                                        <marker class="CodeLocation">
                                          <contents>
                                            <text><![CDATA[C:\data\SubsonicRoot\ss2\SubSonic.Tests\SqlGenerators\MySqlGeneratorTests.cs:line 56]]></text>
                                          </contents>
                                          <attributes>
                                            <attribute name="line" value="56" />
                                            <attribute name="path" value="C:\data\SubsonicRoot\ss2\SubSonic.Tests\SqlGenerators\MySqlGeneratorTests.cs" />
                                          </attributes>
                                        </marker>
                                      </contents>
                                      <attributes />
                                    </marker>
                                    <text><![CDATA[
]]></text>
                                  </contents>
                                </section>
                              </contents>
                              <attributes />
                            </marker>
                          </contents>
                        </body>
                      </stream>
                    </streams>
                    <attachments />
                  </testLog>
                </testStepRun>
                <testStepRun startTime="2011-08-05T16:39:14.6024705+09:30" endTime="2011-08-05T16:39:14.7587205+09:30">
                  <testStep id="a581b3423673e146" name="Alter_Column" fullName="SubSonic.Tests/MySqlGeneratorTests/Alter_Column" testId="5a34a93f4a70d135" isPrimary="true" isTestCase="true" isDynamic="false">
                    <codeReference assembly="SubSonic.Tests, Version=2.2.1.0, Culture=neutral, PublicKeyToken=null" namespace="SubSonic.Tests.SqlGenerators" type="SubSonic.Tests.SqlGenerators.MySqlGeneratorTests" member="Alter_Column" />
                    <codeLocation path="C:\data\SubsonicRoot\ss2\SubSonic.Tests\SqlGenerators\MySqlGeneratorTests.cs" line="61" />
                    <metadata>
                      <entry key="TestKind">
                        <value>Test</value>
                      </entry>
                    </metadata>
                  </testStep>
                  <children />
                  <result assertCount="1" duration="0.004197">
                    <outcome status="failed" />
                  </result>
                  <testLog>
                    <streams>
                      <stream name="Failures">
                        <body>
                          <contents>
                            <marker class="AssertionFailure">
                              <contents>
                                <section name="Expected values to be equal.">
                                  <contents>
                                    <text><![CDATA[
]]></text>
                                    <marker class="Monospace">
                                      <contents>
                                        <marker class="Label">
                                          <contents>
                                            <text><![CDATA[Expected Value : ]]></text>
                                          </contents>
                                          <attributes />
                                        </marker>
                                        <text><![CDATA["ALTER TABLE ]]></text>
                                        <marker class="DiffChange">
                                          <contents>
                                            <text><![CDATA[`]]></text>
                                          </contents>
                                          <attributes />
                                        </marker>
                                        <text><![CDATA[products]]></text>
                                        <marker class="DiffChange">
                                          <contents>
                                            <text><![CDATA[`]]></text>
                                          </contents>
                                          <attributes />
                                        </marker>
                                        <text><![CDATA[ ALTER COLUMN ]]></text>
                                        <marker class="DiffChange">
                                          <contents>
                                            <text><![CDATA[`]]></text>
                                          </contents>
                                          <attributes />
                                        </marker>
                                        <text><![CDATA[ProductName]]></text>
                                        <marker class="DiffChange">
                                          <contents>
                                            <text><![CDATA[`]]></text>
                                          </contents>
                                          <attributes />
                                        </marker>
                                        <text><![CDATA[ nvarchar(150) NOT NULL"
]]></text>
                                        <marker class="Label">
                                          <contents>
                                            <text><![CDATA[Actual Value   : ]]></text>
                                          </contents>
                                          <attributes />
                                        </marker>
                                        <text><![CDATA["ALTER TABLE ]]></text>
                                        <marker class="DiffChange">
                                          <contents>
                                            <text><![CDATA[[]]></text>
                                          </contents>
                                          <attributes />
                                        </marker>
                                        <text><![CDATA[products]]></text>
                                        <marker class="DiffChange">
                                          <contents>
                                            <text><![CDATA[]]]></text>
                                          </contents>
                                          <attributes />
                                        </marker>
                                        <text><![CDATA[ ALTER COLUMN ]]></text>
                                        <marker class="DiffChange">
                                          <contents>
                                            <text><![CDATA[[]]></text>
                                          </contents>
                                          <attributes />
                                        </marker>
                                        <text><![CDATA[ProductName]]></text>
                                        <marker class="DiffChange">
                                          <contents>
                                            <text><![CDATA[]]]></text>
                                          </contents>
                                          <attributes />
                                        </marker>
                                        <text><![CDATA[ nvarchar(150) NOT NULL"
]]></text>
                                      </contents>
                                      <attributes />
                                    </marker>
                                    <text><![CDATA[
]]></text>
                                    <marker class="StackTrace">
                                      <contents>
                                        <text><![CDATA[   at SubSonic.Tests.SqlGenerators.MySqlGeneratorTests.Alter_Column() in ]]></text>
                                        <marker class="CodeLocation">
                                          <contents>
                                            <text><![CDATA[C:\data\SubsonicRoot\ss2\SubSonic.Tests\SqlGenerators\MySqlGeneratorTests.cs:line 68]]></text>
                                          </contents>
                                          <attributes>
                                            <attribute name="line" value="68" />
                                            <attribute name="path" value="C:\data\SubsonicRoot\ss2\SubSonic.Tests\SqlGenerators\MySqlGeneratorTests.cs" />
                                          </attributes>
                                        </marker>
                                      </contents>
                                      <attributes />
                                    </marker>
                                    <text><![CDATA[
]]></text>
                                  </contents>
                                </section>
                              </contents>
                              <attributes />
                            </marker>
                          </contents>
                        </body>
                      </stream>
                    </streams>
                    <attachments />
                  </testLog>
                </testStepRun>
                <testStepRun startTime="2011-08-05T16:39:14.7587205+09:30" endTime="2011-08-05T16:39:14.7587205+09:30">
                  <testStep id="5d41946b34307978" name="Create_Table" fullName="SubSonic.Tests/MySqlGeneratorTests/Create_Table" testId="21f87b47ae716092" isPrimary="true" isTestCase="true" isDynamic="false">
                    <codeReference assembly="SubSonic.Tests, Version=2.2.1.0, Culture=neutral, PublicKeyToken=null" namespace="SubSonic.Tests.SqlGenerators" type="SubSonic.Tests.SqlGenerators.MySqlGeneratorTests" member="Create_Table" />
                    <codeLocation path="C:\data\SubsonicRoot\ss2\SubSonic.Tests\SqlGenerators\MySqlGeneratorTests.cs" line="31" />
                    <metadata>
                      <entry key="TestKind">
                        <value>Test</value>
                      </entry>
                    </metadata>
                  </testStep>
                  <children />
                  <result assertCount="1" duration="0.0035640999999999997">
                    <outcome status="passed" />
                  </result>
                  <testLog>
                    <streams />
                    <attachments />
                  </testLog>
                </testStepRun>
                <testStepRun startTime="2011-08-05T16:39:14.7743455+09:30" endTime="2011-08-05T16:39:14.8368455+09:30">
                  <testStep id="f8177aac89072e18" name="Drop_Table" fullName="SubSonic.Tests/MySqlGeneratorTests/Drop_Table" testId="86b9711ecc776484" isPrimary="true" isTestCase="true" isDynamic="false">
                    <codeReference assembly="SubSonic.Tests, Version=2.2.1.0, Culture=neutral, PublicKeyToken=null" namespace="SubSonic.Tests.SqlGenerators" type="SubSonic.Tests.SqlGenerators.MySqlGeneratorTests" member="Drop_Table" />
                    <codeLocation path="C:\data\SubsonicRoot\ss2\SubSonic.Tests\SqlGenerators\MySqlGeneratorTests.cs" line="23" />
                    <metadata>
                      <entry key="TestKind">
                        <value>Test</value>
                      </entry>
                    </metadata>
                  </testStep>
                  <children />
                  <result assertCount="1" duration="0.0047179">
                    <outcome status="failed" />
                  </result>
                  <testLog>
                    <streams>
                      <stream name="Failures">
                        <body>
                          <contents>
                            <marker class="AssertionFailure">
                              <contents>
                                <section name="Expected values to be equal.">
                                  <contents>
                                    <text><![CDATA[
]]></text>
                                    <marker class="Monospace">
                                      <contents>
                                        <marker class="Label">
                                          <contents>
                                            <text><![CDATA[Expected Value : ]]></text>
                                          </contents>
                                          <attributes />
                                        </marker>
                                        <text><![CDATA["DROP TABLE ]]></text>
                                        <marker class="DiffChange">
                                          <contents>
                                            <text><![CDATA[`]]></text>
                                          </contents>
                                          <attributes />
                                        </marker>
                                        <text><![CDATA[products]]></text>
                                        <marker class="DiffChange">
                                          <contents>
                                            <text><![CDATA[`]]></text>
                                          </contents>
                                          <attributes />
                                        </marker>
                                        <text><![CDATA["
]]></text>
                                        <marker class="Label">
                                          <contents>
                                            <text><![CDATA[Actual Value   : ]]></text>
                                          </contents>
                                          <attributes />
                                        </marker>
                                        <text><![CDATA["DROP TABLE ]]></text>
                                        <marker class="DiffChange">
                                          <contents>
                                            <text><![CDATA[[]]></text>
                                          </contents>
                                          <attributes />
                                        </marker>
                                        <text><![CDATA[products]]></text>
                                        <marker class="DiffChange">
                                          <contents>
                                            <text><![CDATA[]]]></text>
                                          </contents>
                                          <attributes />
                                        </marker>
                                        <text><![CDATA["
]]></text>
                                      </contents>
                                      <attributes />
                                    </marker>
                                    <text><![CDATA[
]]></text>
                                    <marker class="StackTrace">
                                      <contents>
                                        <text><![CDATA[   at SubSonic.Tests.SqlGenerators.MySqlGeneratorTests.Drop_Table() in ]]></text>
                                        <marker class="CodeLocation">
                                          <contents>
                                            <text><![CDATA[C:\data\SubsonicRoot\ss2\SubSonic.Tests\SqlGenerators\MySqlGeneratorTests.cs:line 26]]></text>
                                          </contents>
                                          <attributes>
                                            <attribute name="line" value="26" />
                                            <attribute name="path" value="C:\data\SubsonicRoot\ss2\SubSonic.Tests\SqlGenerators\MySqlGeneratorTests.cs" />
                                          </attributes>
                                        </marker>
                                      </contents>
                                      <attributes />
                                    </marker>
                                    <text><![CDATA[
]]></text>
                                  </contents>
                                </section>
                              </contents>
                              <attributes />
                            </marker>
                          </contents>
                        </body>
                      </stream>
                    </streams>
                    <attachments />
                  </testLog>
                </testStepRun>
                <testStepRun startTime="2011-08-05T16:39:14.8368455+09:30" endTime="2011-08-05T16:39:14.8993455+09:30">
                  <testStep id="7c463e300a13c49a" name="Remove_Column" fullName="SubSonic.Tests/MySqlGeneratorTests/Remove_Column" testId="4b2410a3fffa3a15" isPrimary="true" isTestCase="true" isDynamic="false">
                    <codeReference assembly="SubSonic.Tests, Version=2.2.1.0, Culture=neutral, PublicKeyToken=null" namespace="SubSonic.Tests.SqlGenerators" type="SubSonic.Tests.SqlGenerators.MySqlGeneratorTests" member="Remove_Column" />
                    <codeLocation path="C:\data\SubsonicRoot\ss2\SubSonic.Tests\SqlGenerators\MySqlGeneratorTests.cs" line="73" />
                    <metadata>
                      <entry key="TestKind">
                        <value>Test</value>
                      </entry>
                    </metadata>
                  </testStep>
                  <children />
                  <result assertCount="1" duration="0.0080618">
                    <outcome status="failed" />
                  </result>
                  <testLog>
                    <streams>
                      <stream name="Failures">
                        <body>
                          <contents>
                            <marker class="AssertionFailure">
                              <contents>
                                <section name="Expected values to be equal.">
                                  <contents>
                                    <text><![CDATA[
]]></text>
                                    <marker class="Monospace">
                                      <contents>
                                        <marker class="Label">
                                          <contents>
                                            <text><![CDATA[Expected Value : ]]></text>
                                          </contents>
                                          <attributes />
                                        </marker>
                                        <text><![CDATA["ALTER TABLE ]]></text>
                                        <marker class="DiffChange">
                                          <contents>
                                            <text><![CDATA[`]]></text>
                                          </contents>
                                          <attributes />
                                        </marker>
                                        <text><![CDATA[products]]></text>
                                        <marker class="DiffChange">
                                          <contents>
                                            <text><![CDATA[`]]></text>
                                          </contents>
                                          <attributes />
                                        </marker>
                                        <text><![CDATA[ DROP COLUMN ]]></text>
                                        <marker class="DiffChange">
                                          <contents>
                                            <text><![CDATA[`]]></text>
                                          </contents>
                                          <attributes />
                                        </marker>
                                        <text><![CDATA[ProductName]]></text>
                                        <marker class="DiffChange">
                                          <contents>
                                            <text><![CDATA[`]]></text>
                                          </contents>
                                          <attributes />
                                        </marker>
                                        <text><![CDATA["
]]></text>
                                        <marker class="Label">
                                          <contents>
                                            <text><![CDATA[Actual Value   : ]]></text>
                                          </contents>
                                          <attributes />
                                        </marker>
                                        <text><![CDATA["ALTER TABLE ]]></text>
                                        <marker class="DiffChange">
                                          <contents>
                                            <text><![CDATA[[]]></text>
                                          </contents>
                                          <attributes />
                                        </marker>
                                        <text><![CDATA[products]]></text>
                                        <marker class="DiffChange">
                                          <contents>
                                            <text><![CDATA[]]]></text>
                                          </contents>
                                          <attributes />
                                        </marker>
                                        <text><![CDATA[ DROP COLUMN ]]></text>
                                        <marker class="DiffChange">
                                          <contents>
                                            <text><![CDATA[[]]></text>
                                          </contents>
                                          <attributes />
                                        </marker>
                                        <text><![CDATA[ProductName]]></text>
                                        <marker class="DiffChange">
                                          <contents>
                                            <text><![CDATA[]]]></text>
                                          </contents>
                                          <attributes />
                                        </marker>
                                        <text><![CDATA["
]]></text>
                                      </contents>
                                      <attributes />
                                    </marker>
                                    <text><![CDATA[
]]></text>
                                    <marker class="StackTrace">
                                      <contents>
                                        <text><![CDATA[   at SubSonic.Tests.SqlGenerators.MySqlGeneratorTests.Remove_Column() in ]]></text>
                                        <marker class="CodeLocation">
                                          <contents>
                                            <text><![CDATA[C:\data\SubsonicRoot\ss2\SubSonic.Tests\SqlGenerators\MySqlGeneratorTests.cs:line 79]]></text>
                                          </contents>
                                          <attributes>
                                            <attribute name="line" value="79" />
                                            <attribute name="path" value="C:\data\SubsonicRoot\ss2\SubSonic.Tests\SqlGenerators\MySqlGeneratorTests.cs" />
                                          </attributes>
                                        </marker>
                                      </contents>
                                      <attributes />
                                    </marker>
                                    <text><![CDATA[
]]></text>
                                  </contents>
                                </section>
                              </contents>
                              <attributes />
                            </marker>
                          </contents>
                        </body>
                      </stream>
                    </streams>
                    <attachments />
                  </testLog>
                </testStepRun>
                <testStepRun startTime="2011-08-05T16:39:14.9149705+09:30" endTime="2011-08-05T16:39:14.9930955+09:30">
                  <testStep id="5c10b771cb586812" name="Select_ColumnList_Specified" fullName="SubSonic.Tests/MySqlGeneratorTests/Select_ColumnList_Specified" testId="58690fbdcef5469f" isPrimary="true" isTestCase="true" isDynamic="false">
                    <codeReference assembly="SubSonic.Tests, Version=2.2.1.0, Culture=neutral, PublicKeyToken=null" namespace="SubSonic.Tests.SqlGenerators" type="SubSonic.Tests.SqlGenerators.MySqlGeneratorTests" member="Select_ColumnList_Specified" />
                    <codeLocation path="C:\data\SubsonicRoot\ss2\SubSonic.Tests\SqlGenerators\MySqlGeneratorTests.cs" line="12" />
                    <metadata>
                      <entry key="TestKind">
                        <value>Test</value>
                      </entry>
                    </metadata>
                  </testStep>
                  <children />
                  <result assertCount="1" duration="0.0302196">
                    <outcome status="failed" />
                  </result>
                  <testLog>
                    <streams>
                      <stream name="Failures">
                        <body>
                          <contents>
                            <marker class="AssertionFailure">
                              <contents>
                                <section name="Expected values to be equal.">
                                  <contents>
                                    <text><![CDATA[
]]></text>
                                    <marker class="Monospace">
                                      <contents>
                                        <marker class="Label">
                                          <contents>
                                            <text><![CDATA[Expected Value : ]]></text>
                                          </contents>
                                          <attributes />
                                        </marker>
                                        <text><![CDATA["SELECT ]]></text>
                                        <marker class="DiffChange">
                                          <contents>
                                            <text><![CDATA[`]]></text>
                                          </contents>
                                          <attributes />
                                        </marker>
                                        <text><![CDATA[products]]></text>
                                        <marker class="DiffChange">
                                          <contents>
                                            <text><![CDATA[`.`]]></text>
                                          </contents>
                                          <attributes />
                                        </marker>
                                        <text><![CDATA[ProductID]]></text>
                                        <marker class="DiffChange">
                                          <contents>
                                            <text><![CDATA[`]]></text>
                                          </contents>
                                          <attributes />
                                        </marker>
                                        <text><![CDATA[, ]]></text>
                                        <marker class="DiffChange">
                                          <contents>
                                            <text><![CDATA[`]]></text>
                                          </contents>
                                          <attributes />
                                        </marker>
                                        <text><![CDATA[products]]></text>
                                        <marker class="DiffChange">
                                          <contents>
                                            <text><![CDATA[`.`]]></text>
                                          </contents>
                                          <attributes />
                                        </marker>
                                        <text><![CDATA[ProductName]]></text>
                                        <marker class="DiffChange">
                                          <contents>
                                            <text><![CDATA[`]]></text>
                                          </contents>
                                          <attributes />
                                        </marker>
                                        <text><![CDATA[\r\n"
]]></text>
                                        <marker class="Label">
                                          <contents>
                                            <text><![CDATA[Actual Value   : ]]></text>
                                          </contents>
                                          <attributes />
                                        </marker>
                                        <text><![CDATA["SELECT ]]></text>
                                        <marker class="DiffChange">
                                          <contents>
                                            <text><![CDATA[[]]></text>
                                          </contents>
                                          <attributes />
                                        </marker>
                                        <text><![CDATA[products]]></text>
                                        <marker class="DiffChange">
                                          <contents>
                                            <text><![CDATA[].[]]></text>
                                          </contents>
                                          <attributes />
                                        </marker>
                                        <text><![CDATA[ProductID]]></text>
                                        <marker class="DiffChange">
                                          <contents>
                                            <text><![CDATA[]]]></text>
                                          </contents>
                                          <attributes />
                                        </marker>
                                        <text><![CDATA[, ]]></text>
                                        <marker class="DiffChange">
                                          <contents>
                                            <text><![CDATA[[]]></text>
                                          </contents>
                                          <attributes />
                                        </marker>
                                        <text><![CDATA[products]]></text>
                                        <marker class="DiffChange">
                                          <contents>
                                            <text><![CDATA[].[]]></text>
                                          </contents>
                                          <attributes />
                                        </marker>
                                        <text><![CDATA[ProductName]]></text>
                                        <marker class="DiffChange">
                                          <contents>
                                            <text><![CDATA[]]]></text>
                                          </contents>
                                          <attributes />
                                        </marker>
                                        <text><![CDATA[\r\n"
]]></text>
                                      </contents>
                                      <attributes />
                                    </marker>
                                    <text><![CDATA[
]]></text>
                                    <marker class="StackTrace">
                                      <contents>
                                        <text><![CDATA[   at SubSonic.Tests.SqlGenerators.MySqlGeneratorTests.Select_ColumnList_Specified() in ]]></text>
                                        <marker class="CodeLocation">
                                          <contents>
                                            <text><![CDATA[C:\data\SubsonicRoot\ss2\SubSonic.Tests\SqlGenerators\MySqlGeneratorTests.cs:line 18]]></text>
                                          </contents>
                                          <attributes>
                                            <attribute name="line" value="18" />
                                            <attribute name="path" value="C:\data\SubsonicRoot\ss2\SubSonic.Tests\SqlGenerators\MySqlGeneratorTests.cs" />
                                          </attributes>
                                        </marker>
                                      </contents>
                                      <attributes />
                                    </marker>
                                    <text><![CDATA[
]]></text>
                                  </contents>
                                </section>
                              </contents>
                              <attributes />
                            </marker>
                          </contents>
                        </body>
                      </stream>
                    </streams>
                    <attachments />
                  </testLog>
                </testStepRun>
              </children>
              <result assertCount="6" duration="0.232545">
                <outcome status="failed" />
              </result>
              <testLog>
                <streams />
                <attachments />
              </testLog>
            </testStepRun>
            <testStepRun startTime="2011-08-05T16:39:14.9930955+09:30" endTime="2011-08-05T16:39:15.0712205+09:30">
              <testStep id="ad84e4bda1e38ee7" name="MySqlTests" fullName="SubSonic.Tests/MySqlTests" testId="ac150421ef5e6b01" isPrimary="true" isTestCase="false" isDynamic="false">
                <codeReference assembly="SubSonic.Tests, Version=2.2.1.0, Culture=neutral, PublicKeyToken=null" namespace="SubSonic.Tests" type="SubSonic.Tests.MySqlTests" />
                <codeLocation path="C:\data\SubsonicRoot\ss2\SubSonic.Tests\MySqlTests.cs" />
                <metadata>
                  <entry key="TestKind">
                    <value>Fixture</value>
                  </entry>
                </metadata>
              </testStep>
              <children>
                <testStepRun startTime="2011-08-05T16:39:14.9930955+09:30" endTime="2011-08-05T16:39:15.0712205+09:30">
                  <testStep id="3298dc8607a95ac1" name="CorrectSchemaLoad" fullName="SubSonic.Tests/MySqlTests/CorrectSchemaLoad" testId="be8622380961903f" isPrimary="true" isTestCase="true" isDynamic="false">
                    <codeReference assembly="SubSonic.Tests, Version=2.2.1.0, Culture=neutral, PublicKeyToken=null" namespace="SubSonic.Tests" type="SubSonic.Tests.MySqlTests" member="CorrectSchemaLoad" />
                    <codeLocation path="C:\data\SubsonicRoot\ss2\SubSonic.Tests\MySqlTests.cs" line="28" />
                    <metadata>
                      <entry key="TestKind">
                        <value>Test</value>
                      </entry>
                    </metadata>
                  </testStep>
                  <children />
                  <result assertCount="0" duration="0.0949238">
                    <outcome status="failed" />
                  </result>
                  <testLog>
                    <streams>
                      <stream name="Failures">
                        <body>
                          <contents>
                            <section name="Execute">
                              <contents>
                                <marker class="Exception">
                                  <contents>
                                    <marker class="ExceptionType">
                                      <contents>
                                        <text><![CDATA[System.InvalidCastException]]></text>
                                      </contents>
                                      <attributes />
                                    </marker>
                                    <text><![CDATA[: ]]></text>
                                    <marker class="ExceptionMessage">
                                      <contents>
                                        <text><![CDATA[Unable to cast object of type 'SubSonic.SqlDataProvider' to type 'SubSonic.MySqlDataProvider'.]]></text>
                                      </contents>
                                      <attributes />
                                    </marker>
                                    <text><![CDATA[
]]></text>
                                    <marker class="StackTrace">
                                      <contents>
                                        <text><![CDATA[   at SubSonic.Tests.MySqlTests.CorrectSchemaLoad() in ]]></text>
                                        <marker class="CodeLocation">
                                          <contents>
                                            <text><![CDATA[C:\data\SubsonicRoot\ss2\SubSonic.Tests\MySqlTests.cs:line 29]]></text>
                                          </contents>
                                          <attributes>
                                            <attribute name="line" value="29" />
                                            <attribute name="path" value="C:\data\SubsonicRoot\ss2\SubSonic.Tests\MySqlTests.cs" />
                                          </attributes>
                                        </marker>
                                      </contents>
                                      <attributes />
                                    </marker>
                                  </contents>
                                  <attributes />
                                </marker>
                              </contents>
                            </section>
                          </contents>
                        </body>
                      </stream>
                    </streams>
                    <attachments />
                  </testLog>
                </testStepRun>
              </children>
              <result assertCount="0" duration="0.1148149">
                <outcome status="failed" />
              </result>
              <testLog>
                <streams />
                <attachments />
              </testLog>
            </testStepRun>
            <testStepRun startTime="2011-08-05T16:39:15.0712205+09:30" endTime="2011-08-05T16:39:15.0868455+09:30">
              <testStep id="20fcfd1b9a74b3ac" name="NameTransformationTests" fullName="SubSonic.Tests/NameTransformationTests" testId="7a8c3f10192cd9e6" isPrimary="true" isTestCase="false" isDynamic="false">
                <codeReference assembly="SubSonic.Tests, Version=2.2.1.0, Culture=neutral, PublicKeyToken=null" namespace="SubSonic.Tests" type="SubSonic.Tests.NameTransformationTests" />
                <codeLocation path="C:\data\SubsonicRoot\ss2\SubSonic.Tests\NameTransformationTests.cs" />
                <metadata>
                  <entry key="TestKind">
                    <value>Fixture</value>
                  </entry>
                </metadata>
              </testStep>
              <children>
                <testStepRun startTime="2011-08-05T16:39:15.0712205+09:30" endTime="2011-08-05T16:39:15.0868455+09:30">
                  <testStep id="bbe42bdd59e137f6" name="NameTransformation_ToPascalCase" fullName="SubSonic.Tests/NameTransformationTests/NameTransformation_ToPascalCase" testId="24d41af1d98cd3cb" isPrimary="true" isTestCase="true" isDynamic="false">
                    <codeReference assembly="SubSonic.Tests, Version=2.2.1.0, Culture=neutral, PublicKeyToken=null" namespace="SubSonic.Tests" type="SubSonic.Tests.NameTransformationTests" member="NameTransformation_ToPascalCase" />
                    <codeLocation path="C:\data\SubsonicRoot\ss2\SubSonic.Tests\NameTransformationTests.cs" line="30" />
                    <metadata>
                      <entry key="TestKind">
                        <value>Test</value>
                      </entry>
                    </metadata>
                  </testStep>
                  <children />
                  <result assertCount="16" duration="0.0024971">
                    <outcome status="passed" />
                  </result>
                  <testLog>
                    <streams />
                    <attachments />
                  </testLog>
                </testStepRun>
              </children>
              <result assertCount="16" duration="0.031097299999999998">
                <outcome status="passed" />
              </result>
              <testLog>
                <streams />
                <attachments />
              </testLog>
            </testStepRun>
            <testStepRun startTime="2011-08-05T16:39:15.0868455+09:30" endTime="2011-08-05T16:39:15.8993455+09:30">
              <testStep id="6bd03f8cba16423c" name="QueryTest" fullName="SubSonic.Tests/QueryTest" testId="f46067cf1bd4c990" isPrimary="true" isTestCase="false" isDynamic="false">
                <codeReference assembly="SubSonic.Tests, Version=2.2.1.0, Culture=neutral, PublicKeyToken=null" namespace="SubSonic.Tests" type="SubSonic.Tests.QueryTest" />
                <codeLocation path="C:\data\SubsonicRoot\ss2\SubSonic.Tests\QueryTest.cs" />
                <metadata>
                  <entry key="TestKind">
                    <value>Fixture</value>
                  </entry>
                </metadata>
              </testStep>
              <children>
                <testStepRun startTime="2011-08-05T16:39:15.1024705+09:30" endTime="2011-08-05T16:39:15.1024705+09:30">
                  <testStep id="ca13d33bce5508fc" name="ExecuteJoinedDataSet_Should_Accept_Parameters" fullName="SubSonic.Tests/QueryTest/ExecuteJoinedDataSet_Should_Accept_Parameters" testId="d5a4330fc92e527" isPrimary="true" isTestCase="true" isDynamic="false">
                    <codeReference assembly="SubSonic.Tests, Version=2.2.1.0, Culture=neutral, PublicKeyToken=null" namespace="SubSonic.Tests" type="SubSonic.Tests.QueryTest" member="ExecuteJoinedDataSet_Should_Accept_Parameters" />
                    <codeLocation path="C:\data\SubsonicRoot\ss2\SubSonic.Tests\QueryTest.cs" line="441" />
                    <metadata>
                      <entry key="TestKind">
                        <value>Test</value>
                      </entry>
                    </metadata>
                  </testStep>
                  <children />
                  <result assertCount="1" duration="0.030080199999999998">
                    <outcome status="passed" />
                  </result>
                  <testLog>
                    <streams />
                    <attachments />
                  </testLog>
                </testStepRun>
                <testStepRun startTime="2011-08-05T16:39:15.1024705+09:30" endTime="2011-08-05T16:39:15.1180955+09:30">
                  <testStep id="683407df432c5f08" name="Query_BetweenAnd" fullName="SubSonic.Tests/QueryTest/Query_BetweenAnd" testId="d808a23c9537051e" isPrimary="true" isTestCase="true" isDynamic="false">
                    <codeReference assembly="SubSonic.Tests, Version=2.2.1.0, Culture=neutral, PublicKeyToken=null" namespace="SubSonic.Tests" type="SubSonic.Tests.QueryTest" member="Query_BetweenAnd" />
                    <codeLocation path="C:\data\SubsonicRoot\ss2\SubSonic.Tests\QueryTest.cs" line="102" />
                    <metadata>
                      <entry key="TestKind">
                        <value>Test</value>
                      </entry>
                    </metadata>
                  </testStep>
                  <children />
                  <result assertCount="1" duration="0.0378113">
                    <outcome status="passed" />
                  </result>
                  <testLog>
                    <streams />
                    <attachments />
                  </testLog>
                </testStepRun>
                <testStepRun startTime="2011-08-05T16:39:15.1180955+09:30" endTime="2011-08-05T16:39:15.1180955+09:30">
                  <testStep id="936fe24d07372ce0" name="Query_BetweenNumbers" fullName="SubSonic.Tests/QueryTest/Query_BetweenNumbers" testId="859a4ecfc31fd653" isPrimary="true" isTestCase="true" isDynamic="false">
                    <codeReference assembly="SubSonic.Tests, Version=2.2.1.0, Culture=neutral, PublicKeyToken=null" namespace="SubSonic.Tests" type="SubSonic.Tests.QueryTest" member="Query_BetweenNumbers" />
                    <codeLocation path="C:\data\SubsonicRoot\ss2\SubSonic.Tests\QueryTest.cs" line="138" />
                    <metadata>
                      <entry key="TestKind">
                        <value>Test</value>
                      </entry>
                    </metadata>
                  </testStep>
                  <children />
                  <result assertCount="1" duration="0.0049288">
                    <outcome status="passed" />
                  </result>
                  <testLog>
                    <streams />
                    <attachments />
                  </testLog>
                </testStepRun>
                <testStepRun startTime="2011-08-05T16:39:15.1337205+09:30" endTime="2011-08-05T16:39:15.1337205+09:30">
                  <testStep id="7199e6317da29265" name="Query_ConstraintExpression" fullName="SubSonic.Tests/QueryTest/Query_ConstraintExpression" testId="ec2493bfaffe6a56" isPrimary="true" isTestCase="true" isDynamic="false">
                    <codeReference assembly="SubSonic.Tests, Version=2.2.1.0, Culture=neutral, PublicKeyToken=null" namespace="SubSonic.Tests" type="SubSonic.Tests.QueryTest" member="Query_ConstraintExpression" />
                    <codeLocation path="C:\data\SubsonicRoot\ss2\SubSonic.Tests\QueryTest.cs" line="457" />
                    <metadata>
                      <entry key="TestKind">
                        <value>Test</value>
                      </entry>
                    </metadata>
                  </testStep>
                  <children />
                  <result assertCount="1" duration="0.0059048">
                    <outcome status="passed" />
                  </result>
                  <testLog>
                    <streams />
                    <attachments />
                  </testLog>
                </testStepRun>
                <testStepRun startTime="2011-08-05T16:39:15.1337205+09:30" endTime="2011-08-05T16:39:15.1493455+09:30">
                  <testStep id="d78ce997416b46bf" name="Query_Expression" fullName="SubSonic.Tests/QueryTest/Query_Expression" testId="ad91cb18508fc3a6" isPrimary="true" isTestCase="true" isDynamic="false">
                    <codeReference assembly="SubSonic.Tests, Version=2.2.1.0, Culture=neutral, PublicKeyToken=null" namespace="SubSonic.Tests" type="SubSonic.Tests.QueryTest" member="Query_Expression" />
                    <codeLocation path="C:\data\SubsonicRoot\ss2\SubSonic.Tests\QueryTest.cs" line="373" />
                    <metadata>
                      <entry key="TestKind">
                        <value>Test</value>
                      </entry>
                    </metadata>
                  </testStep>
                  <children />
                  <result assertCount="1" duration="0.0059876999999999994">
                    <outcome status="passed" />
                  </result>
                  <testLog>
                    <streams />
                    <attachments />
                  </testLog>
                </testStepRun>
                <testStepRun startTime="2011-08-05T16:39:15.1493455+09:30" endTime="2011-08-05T16:39:15.1649705+09:30">
                  <testStep id="7cc66c7441f1dc14" name="Query_IN_ArrayList" fullName="SubSonic.Tests/QueryTest/Query_IN_ArrayList" testId="8bf81810a4cc69e2" isPrimary="true" isTestCase="true" isDynamic="false">
                    <codeReference assembly="SubSonic.Tests, Version=2.2.1.0, Culture=neutral, PublicKeyToken=null" namespace="SubSonic.Tests" type="SubSonic.Tests.QueryTest" member="Query_IN_ArrayList" />
                    <codeLocation path="C:\data\SubsonicRoot\ss2\SubSonic.Tests\QueryTest.cs" line="196" />
                    <metadata>
                      <entry key="TestKind">
                        <value>Test</value>
                      </entry>
                    </metadata>
                  </testStep>
                  <children />
                  <result assertCount="1" duration="0.0084787">
                    <outcome status="passed" />
                  </result>
                  <testLog>
                    <streams />
                    <attachments />
                  </testLog>
                </testStepRun>
                <testStepRun startTime="2011-08-05T16:39:15.1649705+09:30" endTime="2011-08-05T16:39:15.1649705+09:30">
                  <testStep id="457ba26ee5035caa" name="Query_IN_ListCollection" fullName="SubSonic.Tests/QueryTest/Query_IN_ListCollection" testId="4ae6ad8f7041efb9" isPrimary="true" isTestCase="true" isDynamic="false">
                    <codeReference assembly="SubSonic.Tests, Version=2.2.1.0, Culture=neutral, PublicKeyToken=null" namespace="SubSonic.Tests" type="SubSonic.Tests.QueryTest" member="Query_IN_ListCollection" />
                    <codeLocation path="C:\data\SubsonicRoot\ss2\SubSonic.Tests\QueryTest.cs" line="172" />
                    <metadata>
                      <entry key="TestKind">
                        <value>Test</value>
                      </entry>
                    </metadata>
                  </testStep>
                  <children />
                  <result assertCount="1" duration="0.0037984">
                    <outcome status="passed" />
                  </result>
                  <testLog>
                    <streams />
                    <attachments />
                  </testLog>
                </testStepRun>
                <testStepRun startTime="2011-08-05T16:39:15.1805955+09:30" endTime="2011-08-05T16:39:15.1805955+09:30">
                  <testStep id="2b1ce34397db2d08" name="Query_IN_ObjectArray" fullName="SubSonic.Tests/QueryTest/Query_IN_ObjectArray" testId="ca0b18762724c6a7" isPrimary="true" isTestCase="true" isDynamic="false">
                    <codeReference assembly="SubSonic.Tests, Version=2.2.1.0, Culture=neutral, PublicKeyToken=null" namespace="SubSonic.Tests" type="SubSonic.Tests.QueryTest" member="Query_IN_ObjectArray" />
                    <codeLocation path="C:\data\SubsonicRoot\ss2\SubSonic.Tests\QueryTest.cs" line="155" />
                    <metadata>
                      <entry key="TestKind">
                        <value>Test</value>
                      </entry>
                    </metadata>
                  </testStep>
                  <children />
                  <result assertCount="1" duration="0.0033661">
                    <outcome status="passed" />
                  </result>
                  <testLog>
                    <streams />
                    <attachments />
                  </testLog>
                </testStepRun>
                <testStepRun startTime="2011-08-05T16:39:15.1805955+09:30" endTime="2011-08-05T16:39:15.1962205+09:30">
                  <testStep id="b951e341d54a3e19" name="Query_IsNotNull" fullName="SubSonic.Tests/QueryTest/Query_IsNotNull" testId="8e0f7118782fd21c" isPrimary="true" isTestCase="true" isDynamic="false">
                    <codeReference assembly="SubSonic.Tests, Version=2.2.1.0, Culture=neutral, PublicKeyToken=null" namespace="SubSonic.Tests" type="SubSonic.Tests.QueryTest" member="Query_IsNotNull" />
                    <codeLocation path="C:\data\SubsonicRoot\ss2\SubSonic.Tests\QueryTest.cs" line="277" />
                    <metadata>
                      <entry key="TestKind">
                        <value>Test</value>
                      </entry>
                    </metadata>
                  </testStep>
                  <children />
                  <result assertCount="1" duration="0.0052867999999999995">
                    <outcome status="passed" />
                  </result>
                  <testLog>
                    <streams />
                    <attachments />
                  </testLog>
                </testStepRun>
                <testStepRun startTime="2011-08-05T16:39:15.1962205+09:30" endTime="2011-08-05T16:39:15.1962205+09:30">
                  <testStep id="8cd0b2f5b9a0fe35" name="Query_JoinedDataSet" fullName="SubSonic.Tests/QueryTest/Query_JoinedDataSet" testId="91d54299a1e93eec" isPrimary="true" isTestCase="true" isDynamic="false">
                    <codeReference assembly="SubSonic.Tests, Version=2.2.1.0, Culture=neutral, PublicKeyToken=null" namespace="SubSonic.Tests" type="SubSonic.Tests.QueryTest" member="Query_JoinedDataSet" />
                    <codeLocation path="C:\data\SubsonicRoot\ss2\SubSonic.Tests\QueryTest.cs" line="432" />
                    <metadata>
                      <entry key="TestKind">
                        <value>Test</value>
                      </entry>
                    </metadata>
                  </testStep>
                  <children />
                  <result assertCount="1" duration="0.029006499999999998">
                    <outcome status="passed" />
                  </result>
                  <testLog>
                    <streams />
                    <attachments />
                  </testLog>
                </testStepRun>
                <testStepRun startTime="2011-08-05T16:39:15.1962205+09:30" endTime="2011-08-05T16:39:15.2118455+09:30">
                  <testStep id="2141e175633caaf0" name="Query_JoinedDataSet_OrderByCollection" fullName="SubSonic.Tests/QueryTest/Query_JoinedDataSet_OrderByCollection" testId="a02573cbf60fe8c0" isPrimary="true" isTestCase="true" isDynamic="false">
                    <codeReference assembly="SubSonic.Tests, Version=2.2.1.0, Culture=neutral, PublicKeyToken=null" namespace="SubSonic.Tests" type="SubSonic.Tests.QueryTest" member="Query_JoinedDataSet_OrderByCollection" />
                    <codeLocation path="C:\data\SubsonicRoot\ss2\SubSonic.Tests\QueryTest.cs" line="635" />
                    <metadata>
                      <entry key="TestKind">
                        <value>Test</value>
                      </entry>
                    </metadata>
                  </testStep>
                  <children />
                  <result assertCount="1" duration="0.0533338">
                    <outcome status="passed" />
                  </result>
                  <testLog>
                    <streams />
                    <attachments />
                  </testLog>
                </testStepRun>
                <testStepRun startTime="2011-08-05T16:39:15.2118455+09:30" endTime="2011-08-05T16:39:15.2274705+09:30">
                  <testStep id="3c307ec364c16078" name="Query_JoinedDataSet_OrderByFK" fullName="SubSonic.Tests/QueryTest/Query_JoinedDataSet_OrderByFK" testId="f9fd37038a1e8e27" isPrimary="true" isTestCase="true" isDynamic="false">
                    <codeReference assembly="SubSonic.Tests, Version=2.2.1.0, Culture=neutral, PublicKeyToken=null" namespace="SubSonic.Tests" type="SubSonic.Tests.QueryTest" member="Query_JoinedDataSet_OrderByFK" />
                    <codeLocation path="C:\data\SubsonicRoot\ss2\SubSonic.Tests\QueryTest.cs" line="473" />
                    <metadata>
                      <entry key="TestKind">
                        <value>Test</value>
                      </entry>
                    </metadata>
                  </testStep>
                  <children />
                  <result assertCount="1" duration="0.018171299999999998">
                    <outcome status="passed" />
                  </result>
                  <testLog>
                    <streams />
                    <attachments />
                  </testLog>
                </testStepRun>
                <testStepRun startTime="2011-08-05T16:39:15.2274705+09:30" endTime="2011-08-05T16:39:15.2274705+09:30">
                  <testStep id="241dc9ab223cc903" name="Query_NOT_IN_ArrayList" fullName="SubSonic.Tests/QueryTest/Query_NOT_IN_ArrayList" testId="4cc3e80c5ac0e249" isPrimary="true" isTestCase="true" isDynamic="false">
                    <codeReference assembly="SubSonic.Tests, Version=2.2.1.0, Culture=neutral, PublicKeyToken=null" namespace="SubSonic.Tests" type="SubSonic.Tests.QueryTest" member="Query_NOT_IN_ArrayList" />
                    <codeLocation path="C:\data\SubsonicRoot\ss2\SubSonic.Tests\QueryTest.cs" line="257" />
                    <metadata>
                      <entry key="TestKind">
                        <value>Test</value>
                      </entry>
                    </metadata>
                  </testStep>
                  <children />
                  <result assertCount="1" duration="0.0099992">
                    <outcome status="passed" />
                  </result>
                  <testLog>
                    <streams />
                    <attachments />
                  </testLog>
                </testStepRun>
                <testStepRun startTime="2011-08-05T16:39:15.2274705+09:30" endTime="2011-08-05T16:39:15.2430955+09:30">
                  <testStep id="a6e16739624f4b24" name="Query_NOT_IN_ListCollection" fullName="SubSonic.Tests/QueryTest/Query_NOT_IN_ListCollection" testId="1bc6d6cab297a103" isPrimary="true" isTestCase="true" isDynamic="false">
                    <codeReference assembly="SubSonic.Tests, Version=2.2.1.0, Culture=neutral, PublicKeyToken=null" namespace="SubSonic.Tests" type="SubSonic.Tests.QueryTest" member="Query_NOT_IN_ListCollection" />
                    <codeLocation path="C:\data\SubsonicRoot\ss2\SubSonic.Tests\QueryTest.cs" line="233" />
                    <metadata>
                      <entry key="TestKind">
                        <value>Test</value>
                      </entry>
                    </metadata>
                  </testStep>
                  <children />
                  <result assertCount="1" duration="0.0077185">
                    <outcome status="passed" />
                  </result>
                  <testLog>
                    <streams />
                    <attachments />
                  </testLog>
                </testStepRun>
                <testStepRun startTime="2011-08-05T16:39:15.2430955+09:30" endTime="2011-08-05T16:39:15.2430955+09:30">
                  <testStep id="1c10b068e552fd28" name="Query_NOT_IN_ObjectArray" fullName="SubSonic.Tests/QueryTest/Query_NOT_IN_ObjectArray" testId="bff6e72f5d9925d1" isPrimary="true" isTestCase="true" isDynamic="false">
                    <codeReference assembly="SubSonic.Tests, Version=2.2.1.0, Culture=neutral, PublicKeyToken=null" namespace="SubSonic.Tests" type="SubSonic.Tests.QueryTest" member="Query_NOT_IN_ObjectArray" />
                    <codeLocation path="C:\data\SubsonicRoot\ss2\SubSonic.Tests\QueryTest.cs" line="216" />
                    <metadata>
                      <entry key="TestKind">
                        <value>Test</value>
                      </entry>
                    </metadata>
                  </testStep>
                  <children />
                  <result assertCount="1" duration="0.0092996">
                    <outcome status="passed" />
                  </result>
                  <testLog>
                    <streams />
                    <attachments />
                  </testLog>
                </testStepRun>
                <testStepRun startTime="2011-08-05T16:39:15.2430955+09:30" endTime="2011-08-05T16:39:15.2587205+09:30">
                  <testStep id="53e1eba65b3b7457" name="Query_OR_Between" fullName="SubSonic.Tests/QueryTest/Query_OR_Between" testId="bba33423ce91eb6b" isPrimary="true" isTestCase="true" isDynamic="false">
                    <codeReference assembly="SubSonic.Tests, Version=2.2.1.0, Culture=neutral, PublicKeyToken=null" namespace="SubSonic.Tests" type="SubSonic.Tests.QueryTest" member="Query_OR_Between" />
                    <codeLocation path="C:\data\SubsonicRoot\ss2\SubSonic.Tests\QueryTest.cs" line="348" />
                    <metadata>
                      <entry key="TestKind">
                        <value>Test</value>
                      </entry>
                    </metadata>
                  </testStep>
                  <children />
                  <result assertCount="1" duration="0.0110642">
                    <outcome status="passed" />
                  </result>
                  <testLog>
                    <streams />
                    <attachments />
                  </testLog>
                </testStepRun>
                <testStepRun startTime="2011-08-05T16:39:15.2743455+09:30" endTime="2011-08-05T16:39:15.2899705+09:30">
                  <testStep id="c83a5645c4306a4b" name="Query_OR_Moderate" fullName="SubSonic.Tests/QueryTest/Query_OR_Moderate" testId="8ba9d1f171f2c098" isPrimary="true" isTestCase="true" isDynamic="false">
                    <codeReference assembly="SubSonic.Tests, Version=2.2.1.0, Culture=neutral, PublicKeyToken=null" namespace="SubSonic.Tests" type="SubSonic.Tests.QueryTest" member="Query_OR_Moderate" />
                    <codeLocation path="C:\data\SubsonicRoot\ss2\SubSonic.Tests\QueryTest.cs" line="311" />
                    <metadata>
                      <entry key="TestKind">
                        <value>Test</value>
                      </entry>
                    </metadata>
                  </testStep>
                  <children />
                  <result assertCount="1" duration="0.0055303">
                    <outcome status="passed" />
                  </result>
                  <testLog>
                    <streams />
                    <attachments />
                  </testLog>
                </testStepRun>
                <testStepRun startTime="2011-08-05T16:39:15.2899705+09:30" endTime="2011-08-05T16:39:15.3055955+09:30">
                  <testStep id="94fb930a529d955d" name="Query_OR_ModerateWithExpressions" fullName="SubSonic.Tests/QueryTest/Query_OR_ModerateWithExpressions" testId="4c48910813dc4eb1" isPrimary="true" isTestCase="true" isDynamic="false">
                    <codeReference assembly="SubSonic.Tests, Version=2.2.1.0, Culture=neutral, PublicKeyToken=null" namespace="SubSonic.Tests" type="SubSonic.Tests.QueryTest" member="Query_OR_ModerateWithExpressions" />
                    <codeLocation path="C:\data\SubsonicRoot\ss2\SubSonic.Tests\QueryTest.cs" line="330" />
                    <metadata>
                      <entry key="TestKind">
                        <value>Test</value>
                      </entry>
                    </metadata>
                  </testStep>
                  <children />
                  <result assertCount="1" duration="0.0110371">
                    <outcome status="passed" />
                  </result>
                  <testLog>
                    <streams />
                    <attachments />
                  </testLog>
                </testStepRun>
                <testStepRun startTime="2011-08-05T16:39:15.3055955+09:30" endTime="2011-08-05T16:39:15.3055955+09:30">
                  <testStep id="5b7267b09f117e14" name="Query_OR_Simple" fullName="SubSonic.Tests/QueryTest/Query_OR_Simple" testId="2ccc937c0a4864ae" isPrimary="true" isTestCase="true" isDynamic="false">
                    <codeReference assembly="SubSonic.Tests, Version=2.2.1.0, Culture=neutral, PublicKeyToken=null" namespace="SubSonic.Tests" type="SubSonic.Tests.QueryTest" member="Query_OR_Simple" />
                    <codeLocation path="C:\data\SubsonicRoot\ss2\SubSonic.Tests\QueryTest.cs" line="294" />
                    <metadata>
                      <entry key="TestKind">
                        <value>Test</value>
                      </entry>
                    </metadata>
                  </testStep>
                  <children />
                  <result assertCount="1" duration="0.0342148">
                    <outcome status="passed" />
                  </result>
                  <testLog>
                    <streams />
                    <attachments />
                  </testLog>
                </testStepRun>
                <testStepRun startTime="2011-08-05T16:39:15.3055955+09:30" endTime="2011-08-05T16:39:15.3212205+09:30">
                  <testStep id="98b3200267603566" name="Query_ORDER_BY" fullName="SubSonic.Tests/QueryTest/Query_ORDER_BY" testId="79fb4ff1bee03d7d" isPrimary="true" isTestCase="true" isDynamic="false">
                    <codeReference assembly="SubSonic.Tests, Version=2.2.1.0, Culture=neutral, PublicKeyToken=null" namespace="SubSonic.Tests" type="SubSonic.Tests.QueryTest" member="Query_ORDER_BY" />
                    <codeLocation path="C:\data\SubsonicRoot\ss2\SubSonic.Tests\QueryTest.cs" line="685" />
                    <metadata>
                      <entry key="TestKind">
                        <value>Test</value>
                      </entry>
                    </metadata>
                  </testStep>
                  <children />
                  <result assertCount="1" duration="0.01586">
                    <outcome status="passed" />
                  </result>
                  <testLog>
                    <streams />
                    <attachments />
                  </testLog>
                </testStepRun>
                <testStepRun startTime="2011-08-05T16:39:15.3212205+09:30" endTime="2011-08-05T16:39:15.3368455+09:30">
                  <testStep id="47d93e38039c300b" name="Query_ORDER_BY_Collection" fullName="SubSonic.Tests/QueryTest/Query_ORDER_BY_Collection" testId="63e295e82b0e0c70" isPrimary="true" isTestCase="true" isDynamic="false">
                    <codeReference assembly="SubSonic.Tests, Version=2.2.1.0, Culture=neutral, PublicKeyToken=null" namespace="SubSonic.Tests" type="SubSonic.Tests.QueryTest" member="Query_ORDER_BY_Collection" />
                    <codeLocation path="C:\data\SubsonicRoot\ss2\SubSonic.Tests\QueryTest.cs" line="797" />
                    <metadata>
                      <entry key="TestKind">
                        <value>Test</value>
                      </entry>
                    </metadata>
                  </testStep>
                  <children />
                  <result assertCount="1" duration="0.0084394999999999991">
                    <outcome status="passed" />
                  </result>
                  <testLog>
                    <streams />
                    <attachments />
                  </testLog>
                </testStepRun>
                <testStepRun startTime="2011-08-05T16:39:15.3368455+09:30" endTime="2011-08-05T16:39:15.3368455+09:30">
                  <testStep id="bd9d05ac49d8c52f" name="Query_ORDER_BY_DESC" fullName="SubSonic.Tests/QueryTest/Query_ORDER_BY_DESC" testId="3cfaf24b508ac6bf" isPrimary="true" isTestCase="true" isDynamic="false">
                    <codeReference assembly="SubSonic.Tests, Version=2.2.1.0, Culture=neutral, PublicKeyToken=null" namespace="SubSonic.Tests" type="SubSonic.Tests.QueryTest" member="Query_ORDER_BY_DESC" />
                    <codeLocation path="C:\data\SubsonicRoot\ss2\SubSonic.Tests\QueryTest.cs" line="700" />
                    <metadata>
                      <entry key="TestKind">
                        <value>Test</value>
                      </entry>
                    </metadata>
                  </testStep>
                  <children />
                  <result assertCount="1" duration="0.013268199999999999">
                    <outcome status="passed" />
                  </result>
                  <testLog>
                    <streams />
                    <attachments />
                  </testLog>
                </testStepRun>
                <testStepRun startTime="2011-08-05T16:39:15.3524705+09:30" endTime="2011-08-05T16:39:15.3524705+09:30">
                  <testStep id="8e31982acba47ad2" name="Query_ORDER_BY_DESC_Collection" fullName="SubSonic.Tests/QueryTest/Query_ORDER_BY_DESC_Collection" testId="12c0523243a4b0ba" isPrimary="true" isTestCase="true" isDynamic="false">
                    <codeReference assembly="SubSonic.Tests, Version=2.2.1.0, Culture=neutral, PublicKeyToken=null" namespace="SubSonic.Tests" type="SubSonic.Tests.QueryTest" member="Query_ORDER_BY_DESC_Collection" />
                    <codeLocation path="C:\data\SubsonicRoot\ss2\SubSonic.Tests\QueryTest.cs" line="814" />
                    <metadata>
                      <entry key="TestKind">
                        <value>Test</value>
                      </entry>
                    </metadata>
                  </testStep>
                  <children />
                  <result assertCount="1" duration="0.0107193">
                    <outcome status="passed" />
                  </result>
                  <testLog>
                    <streams />
                    <attachments />
                  </testLog>
                </testStepRun>
                <testStepRun startTime="2011-08-05T16:39:15.3524705+09:30" endTime="2011-08-05T16:39:15.3680955+09:30">
                  <testStep id="f86ecd7fc9615e52" name="Query_ORDER_BY_Expression" fullName="SubSonic.Tests/QueryTest/Query_ORDER_BY_Expression" testId="70b492a14e103f32" isPrimary="true" isTestCase="true" isDynamic="false">
                    <codeReference assembly="SubSonic.Tests, Version=2.2.1.0, Culture=neutral, PublicKeyToken=null" namespace="SubSonic.Tests" type="SubSonic.Tests.QueryTest" member="Query_ORDER_BY_Expression" />
                    <codeLocation path="C:\data\SubsonicRoot\ss2\SubSonic.Tests\QueryTest.cs" line="715" />
                    <metadata>
                      <entry key="TestKind">
                        <value>Test</value>
                      </entry>
                    </metadata>
                  </testStep>
                  <children />
                  <result assertCount="1" duration="0.0095146">
                    <outcome status="passed" />
                  </result>
                  <testLog>
                    <streams />
                    <attachments />
                  </testLog>
                </testStepRun>
                <testStepRun startTime="2011-08-05T16:39:15.3680955+09:30" endTime="2011-08-05T16:39:15.3680955+09:30">
                  <testStep id="cbe3efeb02ba76ca" name="Query_ORDER_BY_Expression_Collection" fullName="SubSonic.Tests/QueryTest/Query_ORDER_BY_Expression_Collection" testId="781e3bc274e255ba" isPrimary="true" isTestCase="true" isDynamic="false">
                    <codeReference assembly="SubSonic.Tests, Version=2.2.1.0, Culture=neutral, PublicKeyToken=null" namespace="SubSonic.Tests" type="SubSonic.Tests.QueryTest" member="Query_ORDER_BY_Expression_Collection" />
                    <codeLocation path="C:\data\SubsonicRoot\ss2\SubSonic.Tests\QueryTest.cs" line="831" />
                    <metadata>
                      <entry key="TestKind">
                        <value>Test</value>
                      </entry>
                    </metadata>
                  </testStep>
                  <children />
                  <result assertCount="1" duration="0.012608399999999999">
                    <outcome status="passed" />
                  </result>
                  <testLog>
                    <streams />
                    <attachments />
                  </testLog>
                </testStepRun>
                <testStepRun startTime="2011-08-05T16:39:15.3680955+09:30" endTime="2011-08-05T16:39:15.3837205+09:30">
                  <testStep id="6368f7d7a6710ec1" name="Query_ORDER_BY_ExpressionDESC" fullName="SubSonic.Tests/QueryTest/Query_ORDER_BY_ExpressionDESC" testId="38b6b7eb43f66658" isPrimary="true" isTestCase="true" isDynamic="false">
                    <codeReference assembly="SubSonic.Tests, Version=2.2.1.0, Culture=neutral, PublicKeyToken=null" namespace="SubSonic.Tests" type="SubSonic.Tests.QueryTest" member="Query_ORDER_BY_ExpressionDESC" />
                    <codeLocation path="C:\data\SubsonicRoot\ss2\SubSonic.Tests\QueryTest.cs" line="728" />
                    <metadata>
                      <entry key="TestKind">
                        <value>Test</value>
                      </entry>
                    </metadata>
                  </testStep>
                  <children />
                  <result assertCount="1" duration="0.0130186">
                    <outcome status="passed" />
                  </result>
                  <testLog>
                    <streams />
                    <attachments />
                  </testLog>
                </testStepRun>
                <testStepRun startTime="2011-08-05T16:39:15.3837205+09:30" endTime="2011-08-05T16:39:15.3993455+09:30">
                  <testStep id="f5268b1429708308" name="Query_ORDER_BY_ExpressionDESC_Collection" fullName="SubSonic.Tests/QueryTest/Query_ORDER_BY_ExpressionDESC_Collection" testId="cdf314a8da06c440" isPrimary="true" isTestCase="true" isDynamic="false">
                    <codeReference assembly="SubSonic.Tests, Version=2.2.1.0, Culture=neutral, PublicKeyToken=null" namespace="SubSonic.Tests" type="SubSonic.Tests.QueryTest" member="Query_ORDER_BY_ExpressionDESC_Collection" />
                    <codeLocation path="C:\data\SubsonicRoot\ss2\SubSonic.Tests\QueryTest.cs" line="847" />
                    <metadata>
                      <entry key="TestKind">
                        <value>Test</value>
                      </entry>
                    </metadata>
                  </testStep>
                  <children />
                  <result assertCount="1" duration="0.015992799999999998">
                    <outcome status="passed" />
                  </result>
                  <testLog>
                    <streams />
                    <attachments />
                  </testLog>
                </testStepRun>
                <testStepRun startTime="2011-08-05T16:39:15.3993455+09:30" endTime="2011-08-05T16:39:15.3993455+09:30">
                  <testStep id="2de57d6fb05de8ec" name="Query_OrderBy" fullName="SubSonic.Tests/QueryTest/Query_OrderBy" testId="ac4c55aa97b4f782" isPrimary="true" isTestCase="true" isDynamic="false">
                    <codeReference assembly="SubSonic.Tests, Version=2.2.1.0, Culture=neutral, PublicKeyToken=null" namespace="SubSonic.Tests" type="SubSonic.Tests.QueryTest" member="Query_OrderBy" />
                    <codeLocation path="C:\data\SubsonicRoot\ss2\SubSonic.Tests\QueryTest.cs" line="669" />
                    <metadata>
                      <entry key="TestKind">
                        <value>Test</value>
                      </entry>
                    </metadata>
                  </testStep>
                  <children />
                  <result assertCount="1" duration="0.0117702">
                    <outcome status="passed" />
                  </result>
                  <testLog>
                    <streams />
                    <attachments />
                  </testLog>
                </testStepRun>
                <testStepRun startTime="2011-08-05T16:39:15.3993455+09:30" endTime="2011-08-05T16:39:15.4149705+09:30">
                  <testStep id="98d2a9743860f29a" name="Query_OrderByCollection" fullName="SubSonic.Tests/QueryTest/Query_OrderByCollection" testId="7fad8bfcd35f9aeb" isPrimary="true" isTestCase="true" isDynamic="false">
                    <codeReference assembly="SubSonic.Tests, Version=2.2.1.0, Culture=neutral, PublicKeyToken=null" namespace="SubSonic.Tests" type="SubSonic.Tests.QueryTest" member="Query_OrderByCollection" />
                    <codeLocation path="C:\data\SubsonicRoot\ss2\SubSonic.Tests\QueryTest.cs" line="652" />
                    <metadata>
                      <entry key="TestKind">
                        <value>Test</value>
                      </entry>
                    </metadata>
                  </testStep>
                  <children />
                  <result assertCount="1" duration="0.0146386">
                    <outcome status="passed" />
                  </result>
                  <testLog>
                    <streams />
                    <attachments />
                  </testLog>
                </testStepRun>
                <testStepRun startTime="2011-08-05T16:39:15.4149705+09:30" endTime="2011-08-05T16:39:15.4305955+09:30">
                  <testStep id="cac4538c0314a53b" name="Query_PagingTest_Table" fullName="SubSonic.Tests/QueryTest/Query_PagingTest_Table" testId="5a81c6d8dc67efba" isPrimary="true" isTestCase="true" isDynamic="false">
                    <codeReference assembly="SubSonic.Tests, Version=2.2.1.0, Culture=neutral, PublicKeyToken=null" namespace="SubSonic.Tests" type="SubSonic.Tests.QueryTest" member="Query_PagingTest_Table" />
                    <codeLocation path="C:\data\SubsonicRoot\ss2\SubSonic.Tests\QueryTest.cs" line="390" />
                    <metadata>
                      <entry key="TestKind">
                        <value>Test</value>
                      </entry>
                    </metadata>
                  </testStep>
                  <children />
                  <result assertCount="1" duration="0.0221524">
                    <outcome status="passed" />
                  </result>
                  <testLog>
                    <streams />
                    <attachments />
                  </testLog>
                </testStepRun>
                <testStepRun startTime="2011-08-05T16:39:15.4305955+09:30" endTime="2011-08-05T16:39:15.4774705+09:30">
                  <testStep id="639ac532254a03ba" name="Query_PagingTest_View" fullName="SubSonic.Tests/QueryTest/Query_PagingTest_View" testId="cdc4703821199e54" isPrimary="true" isTestCase="true" isDynamic="false">
                    <codeReference assembly="SubSonic.Tests, Version=2.2.1.0, Culture=neutral, PublicKeyToken=null" namespace="SubSonic.Tests" type="SubSonic.Tests.QueryTest" member="Query_PagingTest_View" />
                    <codeLocation path="C:\data\SubsonicRoot\ss2\SubSonic.Tests\QueryTest.cs" line="411" />
                    <metadata>
                      <entry key="TestKind">
                        <value>Test</value>
                      </entry>
                    </metadata>
                  </testStep>
                  <children />
                  <result assertCount="1" duration="0.0472536">
                    <outcome status="passed" />
                  </result>
                  <testLog>
                    <streams />
                    <attachments />
                  </testLog>
                </testStepRun>
                <testStepRun startTime="2011-08-05T16:39:15.4774705+09:30" endTime="2011-08-05T16:39:15.4930955+09:30">
                  <testStep id="27af28a57de8c64a" name="Query_Select" fullName="SubSonic.Tests/QueryTest/Query_Select" testId="a2c88f14d4053e39" isPrimary="true" isTestCase="true" isDynamic="false">
                    <codeReference assembly="SubSonic.Tests, Version=2.2.1.0, Culture=neutral, PublicKeyToken=null" namespace="SubSonic.Tests" type="SubSonic.Tests.QueryTest" member="Query_Select" />
                    <codeLocation path="C:\data\SubsonicRoot\ss2\SubSonic.Tests\QueryTest.cs" line="36" />
                    <metadata>
                      <entry key="TestKind">
                        <value>Test</value>
                      </entry>
                    </metadata>
                  </testStep>
                  <children />
                  <result assertCount="1" duration="0.0062286">
                    <outcome status="passed" />
                  </result>
                  <testLog>
                    <streams />
                    <attachments />
                  </testLog>
                </testStepRun>
                <testStepRun startTime="2011-08-05T16:39:15.4930955+09:30" endTime="2011-08-05T16:39:15.5087205+09:30">
                  <testStep id="d08c4503d0d3ef45" name="Query_SelectTop" fullName="SubSonic.Tests/QueryTest/Query_SelectTop" testId="c0b441dbc2631f42" isPrimary="true" isTestCase="true" isDynamic="false">
                    <codeReference assembly="SubSonic.Tests, Version=2.2.1.0, Culture=neutral, PublicKeyToken=null" namespace="SubSonic.Tests" type="SubSonic.Tests.QueryTest" member="Query_SelectTop" />
                    <codeLocation path="C:\data\SubsonicRoot\ss2\SubSonic.Tests\QueryTest.cs" line="49" />
                    <metadata>
                      <entry key="TestKind">
                        <value>Test</value>
                      </entry>
                    </metadata>
                  </testStep>
                  <children />
                  <result assertCount="1" duration="0.021508899999999997">
                    <outcome status="passed" />
                  </result>
                  <testLog>
                    <streams />
                    <attachments />
                  </testLog>
                </testStepRun>
                <testStepRun startTime="2011-08-05T16:39:15.5087205+09:30" endTime="2011-08-05T16:39:15.5243455+09:30">
                  <testStep id="dff5cea8b1cf8176" name="Query_Updates" fullName="SubSonic.Tests/QueryTest/Query_Updates" testId="272720888d8539d2" isPrimary="true" isTestCase="true" isDynamic="false">
                    <codeReference assembly="SubSonic.Tests, Version=2.2.1.0, Culture=neutral, PublicKeyToken=null" namespace="SubSonic.Tests" type="SubSonic.Tests.QueryTest" member="Query_Updates" />
                    <codeLocation path="C:\data\SubsonicRoot\ss2\SubSonic.Tests\QueryTest.cs" line="76" />
                    <metadata>
                      <entry key="TestKind">
                        <value>Test</value>
                      </entry>
                    </metadata>
                  </testStep>
                  <children />
                  <result assertCount="0" duration="0.017710899999999998">
                    <outcome status="passed" />
                  </result>
                  <testLog>
                    <streams />
                    <attachments />
                  </testLog>
                </testStepRun>
                <testStepRun startTime="2011-08-05T16:39:15.5399705+09:30" endTime="2011-08-05T16:39:15.5555955+09:30">
                  <testStep id="e5a1a018f20da2a6" name="Query_View" fullName="SubSonic.Tests/QueryTest/Query_View" testId="3ba9feda1f204305" isPrimary="true" isTestCase="true" isDynamic="false">
                    <codeReference assembly="SubSonic.Tests, Version=2.2.1.0, Culture=neutral, PublicKeyToken=null" namespace="SubSonic.Tests" type="SubSonic.Tests.QueryTest" member="Query_View" />
                    <codeLocation path="C:\data\SubsonicRoot\ss2\SubSonic.Tests\QueryTest.cs" line="121" />
                    <metadata>
                      <entry key="TestKind">
                        <value>Test</value>
                      </entry>
                    </metadata>
                  </testStep>
                  <children />
                  <result assertCount="1" duration="0.026732199999999998">
                    <outcome status="passed" />
                  </result>
                  <testLog>
                    <streams />
                    <attachments />
                  </testLog>
                </testStepRun>
                <testStepRun startTime="2011-08-05T16:39:15.5712205+09:30" endTime="2011-08-05T16:39:15.5868455+09:30">
                  <testStep id="1509c69cad093eae" name="QueryExecuteJoinedDataSet_AddBetweenAnd" fullName="SubSonic.Tests/QueryTest/QueryExecuteJoinedDataSet_AddBetweenAnd" testId="f731cdc721ce1572" isPrimary="true" isTestCase="true" isDynamic="false">
                    <codeReference assembly="SubSonic.Tests, Version=2.2.1.0, Culture=neutral, PublicKeyToken=null" namespace="SubSonic.Tests" type="SubSonic.Tests.QueryTest" member="QueryExecuteJoinedDataSet_AddBetweenAnd" />
                    <codeLocation path="C:\data\SubsonicRoot\ss2\SubSonic.Tests\QueryTest.cs" line="488" />
                    <metadata>
                      <entry key="TestKind">
                        <value>Test</value>
                      </entry>
                    </metadata>
                  </testStep>
                  <children />
                  <result assertCount="1" duration="0.0156114">
                    <outcome status="passed" />
                  </result>
                  <testLog>
                    <streams />
                    <attachments />
                  </testLog>
                </testStepRun>
                <testStepRun startTime="2011-08-05T16:39:15.5868455+09:30" endTime="2011-08-05T16:39:15.6024705+09:30">
                  <testStep id="d56dae00d9672444" name="QueryExecuteJoinedDataSet_AddBetweenAnd_WithExtraWhereCondition" fullName="SubSonic.Tests/QueryTest/QueryExecuteJoinedDataSet_AddBetweenAnd_WithExtraWhereCondition" testId="eb0bb31b0dfbb705" isPrimary="true" isTestCase="true" isDynamic="false">
                    <codeReference assembly="SubSonic.Tests, Version=2.2.1.0, Culture=neutral, PublicKeyToken=null" namespace="SubSonic.Tests" type="SubSonic.Tests.QueryTest" member="QueryExecuteJoinedDataSet_AddBetweenAnd_WithExtraWhereCondition" />
                    <codeLocation path="C:\data\SubsonicRoot\ss2\SubSonic.Tests\QueryTest.cs" line="501" />
                    <metadata>
                      <entry key="TestKind">
                        <value>Test</value>
                      </entry>
                    </metadata>
                  </testStep>
                  <children />
                  <result assertCount="1" duration="0.0107415">
                    <outcome status="passed" />
                  </result>
                  <testLog>
                    <streams />
                    <attachments />
                  </testLog>
                </testStepRun>
                <testStepRun startTime="2011-08-05T16:39:15.6024705+09:30" endTime="2011-08-05T16:39:15.6024705+09:30">
                  <testStep id="22fdcc78ee2e5a36" name="QueryExecuteJoinedDataSet_BETWEEN_AND" fullName="SubSonic.Tests/QueryTest/QueryExecuteJoinedDataSet_BETWEEN_AND" testId="8d587e2a307ad8c7" isPrimary="true" isTestCase="true" isDynamic="false">
                    <codeReference assembly="SubSonic.Tests, Version=2.2.1.0, Culture=neutral, PublicKeyToken=null" namespace="SubSonic.Tests" type="SubSonic.Tests.QueryTest" member="QueryExecuteJoinedDataSet_BETWEEN_AND" />
                    <codeLocation path="C:\data\SubsonicRoot\ss2\SubSonic.Tests\QueryTest.cs" line="515" />
                    <metadata>
                      <entry key="TestKind">
                        <value>Test</value>
                      </entry>
                    </metadata>
                  </testStep>
                  <children />
                  <result assertCount="1" duration="0.005867">
                    <outcome status="passed" />
                  </result>
                  <testLog>
                    <streams />
                    <attachments />
                  </testLog>
                </testStepRun>
                <testStepRun startTime="2011-08-05T16:39:15.6180955+09:30" endTime="2011-08-05T16:39:15.6180955+09:30">
                  <testStep id="6f13b4f62b908cdd" name="QueryExecuteJoinedDataSet_BETWEEN_AND_WithExtraWhereCondition" fullName="SubSonic.Tests/QueryTest/QueryExecuteJoinedDataSet_BETWEEN_AND_WithExtraWhereCondition" testId="ea1e9dc1c4c51a8b" isPrimary="true" isTestCase="true" isDynamic="false">
                    <codeReference assembly="SubSonic.Tests, Version=2.2.1.0, Culture=neutral, PublicKeyToken=null" namespace="SubSonic.Tests" type="SubSonic.Tests.QueryTest" member="QueryExecuteJoinedDataSet_BETWEEN_AND_WithExtraWhereCondition" />
                    <codeLocation path="C:\data\SubsonicRoot\ss2\SubSonic.Tests\QueryTest.cs" line="529" />
                    <metadata>
                      <entry key="TestKind">
                        <value>Test</value>
                      </entry>
                    </metadata>
                  </testStep>
                  <children />
                  <result assertCount="1" duration="0.0086644">
                    <outcome status="passed" />
                  </result>
                  <testLog>
                    <streams />
                    <attachments />
                  </testLog>
                </testStepRun>
                <testStepRun startTime="2011-08-05T16:39:15.6337205+09:30" endTime="2011-08-05T16:39:15.6493455+09:30">
                  <testStep id="9fd4ded40377364b" name="QueryExecuteJoinedDataSet_IN_ArrayList" fullName="SubSonic.Tests/QueryTest/QueryExecuteJoinedDataSet_IN_ArrayList" testId="c0b5e4308c07981a" isPrimary="true" isTestCase="true" isDynamic="false">
                    <codeReference assembly="SubSonic.Tests, Version=2.2.1.0, Culture=neutral, PublicKeyToken=null" namespace="SubSonic.Tests" type="SubSonic.Tests.QueryTest" member="QueryExecuteJoinedDataSet_IN_ArrayList" />
                    <codeLocation path="C:\data\SubsonicRoot\ss2\SubSonic.Tests\QueryTest.cs" line="575" />
                    <metadata>
                      <entry key="TestKind">
                        <value>Test</value>
                      </entry>
                    </metadata>
                  </testStep>
                  <children />
                  <result assertCount="1" duration="0.0109584">
                    <outcome status="passed" />
                  </result>
                  <testLog>
                    <streams />
                    <attachments />
                  </testLog>
                </testStepRun>
                <testStepRun startTime="2011-08-05T16:39:15.6493455+09:30" endTime="2011-08-05T16:39:15.6493455+09:30">
                  <testStep id="2d71d712d7463291" name="QueryExecuteJoinedDataSet_IN_ListCollection" fullName="SubSonic.Tests/QueryTest/QueryExecuteJoinedDataSet_IN_ListCollection" testId="9d2ad9c822735e82" isPrimary="true" isTestCase="true" isDynamic="false">
                    <codeReference assembly="SubSonic.Tests, Version=2.2.1.0, Culture=neutral, PublicKeyToken=null" namespace="SubSonic.Tests" type="SubSonic.Tests.QueryTest" member="QueryExecuteJoinedDataSet_IN_ListCollection" />
                    <codeLocation path="C:\data\SubsonicRoot\ss2\SubSonic.Tests\QueryTest.cs" line="556" />
                    <metadata>
                      <entry key="TestKind">
                        <value>Test</value>
                      </entry>
                    </metadata>
                  </testStep>
                  <children />
                  <result assertCount="1" duration="0.0050404">
                    <outcome status="passed" />
                  </result>
                  <testLog>
                    <streams />
                    <attachments />
                  </testLog>
                </testStepRun>
                <testStepRun startTime="2011-08-05T16:39:15.6649705+09:30" endTime="2011-08-05T16:39:15.6649705+09:30">
                  <testStep id="c07be19414609c10" name="QueryExecuteJoinedDataSet_IN_ObjectArray" fullName="SubSonic.Tests/QueryTest/QueryExecuteJoinedDataSet_IN_ObjectArray" testId="870697a7f37cef92" isPrimary="true" isTestCase="true" isDynamic="false">
                    <codeReference assembly="SubSonic.Tests, Version=2.2.1.0, Culture=neutral, PublicKeyToken=null" namespace="SubSonic.Tests" type="SubSonic.Tests.QueryTest" member="QueryExecuteJoinedDataSet_IN_ObjectArray" />
                    <codeLocation path="C:\data\SubsonicRoot\ss2\SubSonic.Tests\QueryTest.cs" line="545" />
                    <metadata>
                      <entry key="TestKind">
                        <value>Test</value>
                      </entry>
                    </metadata>
                  </testStep>
                  <children />
                  <result assertCount="1" duration="0.0072895">
                    <outcome status="passed" />
                  </result>
                  <testLog>
                    <streams />
                    <attachments />
                  </testLog>
                </testStepRun>
                <testStepRun startTime="2011-08-05T16:39:15.6649705+09:30" endTime="2011-08-05T16:39:15.6962205+09:30">
                  <testStep id="690809baa41929f6" name="QueryExecuteJoinedDataSet_NOT_IN_ArrayList" fullName="SubSonic.Tests/QueryTest/QueryExecuteJoinedDataSet_NOT_IN_ArrayList" testId="c51cd3763d8fcd4e" isPrimary="true" isTestCase="true" isDynamic="false">
                    <codeReference assembly="SubSonic.Tests, Version=2.2.1.0, Culture=neutral, PublicKeyToken=null" namespace="SubSonic.Tests" type="SubSonic.Tests.QueryTest" member="QueryExecuteJoinedDataSet_NOT_IN_ArrayList" />
                    <codeLocation path="C:\data\SubsonicRoot\ss2\SubSonic.Tests\QueryTest.cs" line="620" />
                    <metadata>
                      <entry key="TestKind">
                        <value>Test</value>
                      </entry>
                    </metadata>
                  </testStep>
                  <children />
                  <result assertCount="1" duration="0.016912">
                    <outcome status="passed" />
                  </result>
                  <testLog>
                    <streams />
                    <attachments />
                  </testLog>
                </testStepRun>
                <testStepRun startTime="2011-08-05T16:39:15.6962205+09:30" endTime="2011-08-05T16:39:15.6962205+09:30">
                  <testStep id="b963d295de0f9d1" name="QueryExecuteJoinedDataSet_NOT_IN_ListCollection" fullName="SubSonic.Tests/QueryTest/QueryExecuteJoinedDataSet_NOT_IN_ListCollection" testId="80c7207db2b7b112" isPrimary="true" isTestCase="true" isDynamic="false">
                    <codeReference assembly="SubSonic.Tests, Version=2.2.1.0, Culture=neutral, PublicKeyToken=null" namespace="SubSonic.Tests" type="SubSonic.Tests.QueryTest" member="QueryExecuteJoinedDataSet_NOT_IN_ListCollection" />
                    <codeLocation path="C:\data\SubsonicRoot\ss2\SubSonic.Tests\QueryTest.cs" line="601" />
                    <metadata>
                      <entry key="TestKind">
                        <value>Test</value>
                      </entry>
                    </metadata>
                  </testStep>
                  <children />
                  <result assertCount="1" duration="0.0111144">
                    <outcome status="passed" />
                  </result>
                  <testLog>
                    <streams />
                    <attachments />
                  </testLog>
                </testStepRun>
                <testStepRun startTime="2011-08-05T16:39:15.7118455+09:30" endTime="2011-08-05T16:39:15.7274705+09:30">
                  <testStep id="5f1415c4e57fa2ab" name="QueryExecuteJoinedDataSet_NOT_IN_ObjectArray" fullName="SubSonic.Tests/QueryTest/QueryExecuteJoinedDataSet_NOT_IN_ObjectArray" testId="c4a9d33534bc9118" isPrimary="true" isTestCase="true" isDynamic="false">
                    <codeReference assembly="SubSonic.Tests, Version=2.2.1.0, Culture=neutral, PublicKeyToken=null" namespace="SubSonic.Tests" type="SubSonic.Tests.QueryTest" member="QueryExecuteJoinedDataSet_NOT_IN_ObjectArray" />
                    <codeLocation path="C:\data\SubsonicRoot\ss2\SubSonic.Tests\QueryTest.cs" line="590" />
                    <metadata>
                      <entry key="TestKind">
                        <value>Test</value>
                      </entry>
                    </metadata>
                  </testStep>
                  <children />
                  <result assertCount="1" duration="0.016161">
                    <outcome status="passed" />
                  </result>
                  <testLog>
                    <streams />
                    <attachments />
                  </testLog>
                </testStepRun>
                <testStepRun startTime="2011-08-05T16:39:15.7274705+09:30" endTime="2011-08-05T16:39:15.7430955+09:30">
                  <testStep id="c4f52a0e28318d34" name="QueryExecuteJoinedDataSet_ORDER_BY" fullName="SubSonic.Tests/QueryTest/QueryExecuteJoinedDataSet_ORDER_BY" testId="3a7d99bc8d4f20fb" isPrimary="true" isTestCase="true" isDynamic="false">
                    <codeReference assembly="SubSonic.Tests, Version=2.2.1.0, Culture=neutral, PublicKeyToken=null" namespace="SubSonic.Tests" type="SubSonic.Tests.QueryTest" member="QueryExecuteJoinedDataSet_ORDER_BY" />
                    <codeLocation path="C:\data\SubsonicRoot\ss2\SubSonic.Tests\QueryTest.cs" line="741" />
                    <metadata>
                      <entry key="TestKind">
                        <value>Test</value>
                      </entry>
                    </metadata>
                  </testStep>
                  <children />
                  <result assertCount="1" duration="0.0148794">
                    <outcome status="passed" />
                  </result>
                  <testLog>
                    <streams />
                    <attachments />
                  </testLog>
                </testStepRun>
                <testStepRun startTime="2011-08-05T16:39:15.7430955+09:30" endTime="2011-08-05T16:39:15.7899705+09:30">
                  <testStep id="a791051ff35ee8d5" name="QueryExecuteJoinedDataSet_ORDER_BY_Collection" fullName="SubSonic.Tests/QueryTest/QueryExecuteJoinedDataSet_ORDER_BY_Collection" testId="f5a8a3b68cfd45ee" isPrimary="true" isTestCase="true" isDynamic="false">
                    <codeReference assembly="SubSonic.Tests, Version=2.2.1.0, Culture=neutral, PublicKeyToken=null" namespace="SubSonic.Tests" type="SubSonic.Tests.QueryTest" member="QueryExecuteJoinedDataSet_ORDER_BY_Collection" />
                    <codeLocation path="C:\data\SubsonicRoot\ss2\SubSonic.Tests\QueryTest.cs" line="863" />
                    <metadata>
                      <entry key="TestKind">
                        <value>Test</value>
                      </entry>
                    </metadata>
                  </testStep>
                  <children />
                  <result assertCount="1" duration="0.027243899999999998">
                    <outcome status="failed" />
                  </result>
                  <testLog>
                    <streams>
                      <stream name="Failures">
                        <body>
                          <contents>
                            <marker class="AssertionFailure">
                              <contents>
                                <section name="Expected value to be true.">
                                  <contents>
                                    <text><![CDATA[
]]></text>
                                    <marker class="Monospace">
                                      <contents>
                                        <marker class="Label">
                                          <contents>
                                            <text><![CDATA[Actual Value : ]]></text>
                                          </contents>
                                          <attributes />
                                        </marker>
                                        <text><![CDATA[false
]]></text>
                                      </contents>
                                      <attributes />
                                    </marker>
                                    <text><![CDATA[
]]></text>
                                    <marker class="StackTrace">
                                      <contents>
                                        <text><![CDATA[   at SubSonic.Tests.QueryTest.QueryExecuteJoinedDataSet_ORDER_BY_Collection() in ]]></text>
                                        <marker class="CodeLocation">
                                          <contents>
                                            <text><![CDATA[C:\data\SubsonicRoot\ss2\SubSonic.Tests\QueryTest.cs:line 872]]></text>
                                          </contents>
                                          <attributes>
                                            <attribute name="line" value="872" />
                                            <attribute name="path" value="C:\data\SubsonicRoot\ss2\SubSonic.Tests\QueryTest.cs" />
                                          </attributes>
                                        </marker>
                                      </contents>
                                      <attributes />
                                    </marker>
                                    <text><![CDATA[
]]></text>
                                  </contents>
                                </section>
                              </contents>
                              <attributes />
                            </marker>
                          </contents>
                        </body>
                      </stream>
                    </streams>
                    <attachments />
                  </testLog>
                </testStepRun>
                <testStepRun startTime="2011-08-05T16:39:15.7899705+09:30" endTime="2011-08-05T16:39:15.8055955+09:30">
                  <testStep id="d28a660f35d04fe1" name="QueryExecuteJoinedDataSet_ORDER_BY_DESC" fullName="SubSonic.Tests/QueryTest/QueryExecuteJoinedDataSet_ORDER_BY_DESC" testId="1c7e35ab2fdd19c0" isPrimary="true" isTestCase="true" isDynamic="false">
                    <codeReference assembly="SubSonic.Tests, Version=2.2.1.0, Culture=neutral, PublicKeyToken=null" namespace="SubSonic.Tests" type="SubSonic.Tests.QueryTest" member="QueryExecuteJoinedDataSet_ORDER_BY_DESC" />
                    <codeLocation path="C:\data\SubsonicRoot\ss2\SubSonic.Tests\QueryTest.cs" line="756" />
                    <metadata>
                      <entry key="TestKind">
                        <value>Test</value>
                      </entry>
                    </metadata>
                  </testStep>
                  <children />
                  <result assertCount="1" duration="0.013611199999999999">
                    <outcome status="passed" />
                  </result>
                  <testLog>
                    <streams />
                    <attachments />
                  </testLog>
                </testStepRun>
                <testStepRun startTime="2011-08-05T16:39:15.8055955+09:30" endTime="2011-08-05T16:39:15.8368455+09:30">
                  <testStep id="5a157a6ecaa6d420" name="QueryExecuteJoinedDataSet_ORDER_BY_DESC_Collection" fullName="SubSonic.Tests/QueryTest/QueryExecuteJoinedDataSet_ORDER_BY_DESC_Collection" testId="4af81c72f981aa27" isPrimary="true" isTestCase="true" isDynamic="false">
                    <codeReference assembly="SubSonic.Tests, Version=2.2.1.0, Culture=neutral, PublicKeyToken=null" namespace="SubSonic.Tests" type="SubSonic.Tests.QueryTest" member="QueryExecuteJoinedDataSet_ORDER_BY_DESC_Collection" />
                    <codeLocation path="C:\data\SubsonicRoot\ss2\SubSonic.Tests\QueryTest.cs" line="880" />
                    <metadata>
                      <entry key="TestKind">
                        <value>Test</value>
                      </entry>
                    </metadata>
                  </testStep>
                  <children />
                  <result assertCount="1" duration="0.0259509">
                    <outcome status="failed" />
                  </result>
                  <testLog>
                    <streams>
                      <stream name="Failures">
                        <body>
                          <contents>
                            <marker class="AssertionFailure">
                              <contents>
                                <section name="Expected value to be true.">
                                  <contents>
                                    <text><![CDATA[
]]></text>
                                    <marker class="Monospace">
                                      <contents>
                                        <marker class="Label">
                                          <contents>
                                            <text><![CDATA[Actual Value : ]]></text>
                                          </contents>
                                          <attributes />
                                        </marker>
                                        <text><![CDATA[false
]]></text>
                                      </contents>
                                      <attributes />
                                    </marker>
                                    <text><![CDATA[
]]></text>
                                    <marker class="StackTrace">
                                      <contents>
                                        <text><![CDATA[   at SubSonic.Tests.QueryTest.QueryExecuteJoinedDataSet_ORDER_BY_DESC_Collection() in ]]></text>
                                        <marker class="CodeLocation">
                                          <contents>
                                            <text><![CDATA[C:\data\SubsonicRoot\ss2\SubSonic.Tests\QueryTest.cs:line 889]]></text>
                                          </contents>
                                          <attributes>
                                            <attribute name="line" value="889" />
                                            <attribute name="path" value="C:\data\SubsonicRoot\ss2\SubSonic.Tests\QueryTest.cs" />
                                          </attributes>
                                        </marker>
                                      </contents>
                                      <attributes />
                                    </marker>
                                    <text><![CDATA[
]]></text>
                                  </contents>
                                </section>
                              </contents>
                              <attributes />
                            </marker>
                          </contents>
                        </body>
                      </stream>
                    </streams>
                    <attachments />
                  </testLog>
                </testStepRun>
                <testStepRun startTime="2011-08-05T16:39:15.8368455+09:30" endTime="2011-08-05T16:39:15.8524705+09:30">
                  <testStep id="1a6eba4a80dd1a9c" name="QueryExecuteJoinedDataSet_ORDER_BY_Expression" fullName="SubSonic.Tests/QueryTest/QueryExecuteJoinedDataSet_ORDER_BY_Expression" testId="7b83051614492264" isPrimary="true" isTestCase="true" isDynamic="false">
                    <codeReference assembly="SubSonic.Tests, Version=2.2.1.0, Culture=neutral, PublicKeyToken=null" namespace="SubSonic.Tests" type="SubSonic.Tests.QueryTest" member="QueryExecuteJoinedDataSet_ORDER_BY_Expression" />
                    <codeLocation path="C:\data\SubsonicRoot\ss2\SubSonic.Tests\QueryTest.cs" line="771" />
                    <metadata>
                      <entry key="TestKind">
                        <value>Test</value>
                      </entry>
                    </metadata>
                  </testStep>
                  <children />
                  <result assertCount="1" duration="0.011488499999999999">
                    <outcome status="passed" />
                  </result>
                  <testLog>
                    <streams />
                    <attachments />
                  </testLog>
                </testStepRun>
                <testStepRun startTime="2011-08-05T16:39:15.8524705+09:30" endTime="2011-08-05T16:39:15.8524705+09:30">
                  <testStep id="c2228c8cd72ec6b4" name="QueryExecuteJoinedDataSet_ORDER_BY_Expression_Collection" fullName="SubSonic.Tests/QueryTest/QueryExecuteJoinedDataSet_ORDER_BY_Expression_Collection" testId="5526f38da62244ce" isPrimary="true" isTestCase="true" isDynamic="false">
                    <codeReference assembly="SubSonic.Tests, Version=2.2.1.0, Culture=neutral, PublicKeyToken=null" namespace="SubSonic.Tests" type="SubSonic.Tests.QueryTest" member="QueryExecuteJoinedDataSet_ORDER_BY_Expression_Collection" />
                    <codeLocation path="C:\data\SubsonicRoot\ss2\SubSonic.Tests\QueryTest.cs" line="897" />
                    <metadata>
                      <entry key="TestKind">
                        <value>Test</value>
                      </entry>
                    </metadata>
                  </testStep>
                  <children />
                  <result assertCount="1" duration="0.0180693">
                    <outcome status="passed" />
                  </result>
                  <testLog>
                    <streams />
                    <attachments />
                  </testLog>
                </testStepRun>
                <testStepRun startTime="2011-08-05T16:39:15.8680955+09:30" endTime="2011-08-05T16:39:15.8837205+09:30">
                  <testStep id="78ed63532993ecdf" name="QueryExecuteJoinedDataSet_ORDER_BY_ExpressionDESC" fullName="SubSonic.Tests/QueryTest/QueryExecuteJoinedDataSet_ORDER_BY_ExpressionDESC" testId="a824e63bdf5fe916" isPrimary="true" isTestCase="true" isDynamic="false">
                    <codeReference assembly="SubSonic.Tests, Version=2.2.1.0, Culture=neutral, PublicKeyToken=null" namespace="SubSonic.Tests" type="SubSonic.Tests.QueryTest" member="QueryExecuteJoinedDataSet_ORDER_BY_ExpressionDESC" />
                    <codeLocation path="C:\data\SubsonicRoot\ss2\SubSonic.Tests\QueryTest.cs" line="784" />
                    <metadata>
                      <entry key="TestKind">
                        <value>Test</value>
                      </entry>
                    </metadata>
                  </testStep>
                  <children />
                  <result assertCount="1" duration="0.0139968">
                    <outcome status="passed" />
                  </result>
                  <testLog>
                    <streams />
                    <attachments />
                  </testLog>
                </testStepRun>
                <testStepRun startTime="2011-08-05T16:39:15.8837205+09:30" endTime="2011-08-05T16:39:15.8993455+09:30">
                  <testStep id="f97283aeddac3cfc" name="QueryExecuteJoinedDataSet_ORDER_BY_ExpressionDESC_Collection" fullName="SubSonic.Tests/QueryTest/QueryExecuteJoinedDataSet_ORDER_BY_ExpressionDESC_Collection" testId="aac99ba1d79bba39" isPrimary="true" isTestCase="true" isDynamic="false">
                    <codeReference assembly="SubSonic.Tests, Version=2.2.1.0, Culture=neutral, PublicKeyToken=null" namespace="SubSonic.Tests" type="SubSonic.Tests.QueryTest" member="QueryExecuteJoinedDataSet_ORDER_BY_ExpressionDESC_Collection" />
                    <codeLocation path="C:\data\SubsonicRoot\ss2\SubSonic.Tests\QueryTest.cs" line="913" />
                    <metadata>
                      <entry key="TestKind">
                        <value>Test</value>
                      </entry>
                    </metadata>
                  </testStep>
                  <children />
                  <result assertCount="1" duration="0.012835099999999999">
                    <outcome status="passed" />
                  </result>
                  <testLog>
                    <streams />
                    <attachments />
                  </testLog>
                </testStepRun>
              </children>
              <result assertCount="52" duration="1.1221634999999999">
                <outcome status="failed" />
              </result>
              <testLog>
                <streams />
                <attachments />
              </testLog>
            </testStepRun>
            <testStepRun startTime="2011-08-05T16:39:15.8993455+09:30" endTime="2011-08-05T16:39:16.1024705+09:30">
              <testStep id="196dd4c9428a6dda" name="RepositoryTests" fullName="SubSonic.Tests/RepositoryTests" testId="6e5f3a8fac97c581" isPrimary="true" isTestCase="false" isDynamic="false">
                <codeReference assembly="SubSonic.Tests, Version=2.2.1.0, Culture=neutral, PublicKeyToken=null" namespace="SubSonic.Tests.Repository" type="SubSonic.Tests.Repository.RepositoryTests" />
                <codeLocation path="C:\data\SubsonicRoot\ss2\SubSonic.Tests\Repository\RepositoryTests.cs" />
                <metadata>
                  <entry key="TestKind">
                    <value>Fixture</value>
                  </entry>
                </metadata>
              </testStep>
              <children>
                <testStepRun startTime="2011-08-05T16:39:15.9149705+09:30" endTime="2011-08-05T16:39:15.9618455+09:30">
                  <testStep id="eb60644fad3e2fd5" name="Repository_DeleteByKey" fullName="SubSonic.Tests/RepositoryTests/Repository_DeleteByKey" testId="e8bdbb96571b6b71" isPrimary="true" isTestCase="true" isDynamic="false">
                    <codeReference assembly="SubSonic.Tests, Version=2.2.1.0, Culture=neutral, PublicKeyToken=null" namespace="SubSonic.Tests.Repository" type="SubSonic.Tests.Repository.RepositoryTests" member="Repository_DeleteByKey" />
                    <codeLocation path="C:\data\SubsonicRoot\ss2\SubSonic.Tests\Repository\RepositoryTests.cs" line="112" />
                    <metadata>
                      <entry key="TestKind">
                        <value>Test</value>
                      </entry>
                    </metadata>
                  </testStep>
                  <children />
                  <result assertCount="2" duration="0.0537234">
                    <outcome status="passed" />
                  </result>
                  <testLog>
                    <streams />
                    <attachments />
                  </testLog>
                </testStepRun>
                <testStepRun startTime="2011-08-05T16:39:15.9774705+09:30" endTime="2011-08-05T16:39:15.9930955+09:30">
                  <testStep id="40d716ccd0c814" name="Repository_DestroyByKey" fullName="SubSonic.Tests/RepositoryTests/Repository_DestroyByKey" testId="d366ccde4824190f" isPrimary="true" isTestCase="true" isDynamic="false">
                    <codeReference assembly="SubSonic.Tests, Version=2.2.1.0, Culture=neutral, PublicKeyToken=null" namespace="SubSonic.Tests.Repository" type="SubSonic.Tests.Repository.RepositoryTests" member="Repository_DestroyByKey" />
                    <codeLocation path="C:\data\SubsonicRoot\ss2\SubSonic.Tests\Repository\RepositoryTests.cs" line="144" />
                    <metadata>
                      <entry key="TestKind">
                        <value>Test</value>
                      </entry>
                    </metadata>
                  </testStep>
                  <children />
                  <result assertCount="2" duration="0.016388">
                    <outcome status="passed" />
                  </result>
                  <testLog>
                    <streams />
                    <attachments />
                  </testLog>
                </testStepRun>
                <testStepRun startTime="2011-08-05T16:39:15.9930955+09:30" endTime="2011-08-05T16:39:16.0243455+09:30">
                  <testStep id="c81d4d452343dcc8" name="Repository_FullCRUD" fullName="SubSonic.Tests/RepositoryTests/Repository_FullCRUD" testId="e89af05ec569a902" isPrimary="true" isTestCase="true" isDynamic="false">
                    <codeReference assembly="SubSonic.Tests, Version=2.2.1.0, Culture=neutral, PublicKeyToken=null" namespace="SubSonic.Tests.Repository" type="SubSonic.Tests.Repository.RepositoryTests" member="Repository_FullCRUD" />
                    <codeLocation path="C:\data\SubsonicRoot\ss2\SubSonic.Tests\Repository\RepositoryTests.cs" line="33" />
                    <metadata>
                      <entry key="TestKind">
                        <value>Test</value>
                      </entry>
                    </metadata>
                  </testStep>
                  <children />
                  <result assertCount="6" duration="0.0327471">
                    <outcome status="passed" />
                  </result>
                  <testLog>
                    <streams />
                    <attachments />
                  </testLog>
                </testStepRun>
                <testStepRun startTime="2011-08-05T16:39:16.0243455+09:30" endTime="2011-08-05T16:39:16.0399705+09:30">
                  <testStep id="7c8688c69dbfda11" name="Repository_Should_UpdateProductName" fullName="SubSonic.Tests/RepositoryTests/Repository_Should_UpdateProductName" testId="501bdffa4db407e3" isPrimary="true" isTestCase="true" isDynamic="false">
                    <codeReference assembly="SubSonic.Tests, Version=2.2.1.0, Culture=neutral, PublicKeyToken=null" namespace="SubSonic.Tests.Repository" type="SubSonic.Tests.Repository.RepositoryTests" member="Repository_Should_UpdateProductName" />
                    <codeLocation path="C:\data\SubsonicRoot\ss2\SubSonic.Tests\Repository\RepositoryTests.cs" line="87" />
                    <metadata>
                      <entry key="TestKind">
                        <value>Test</value>
                      </entry>
                    </metadata>
                  </testStep>
                  <children />
                  <result assertCount="1" duration="0.0102425">
                    <outcome status="passed" />
                  </result>
                  <testLog>
                    <streams />
                    <attachments />
                  </testLog>
                </testStepRun>
                <testStepRun startTime="2011-08-05T16:39:16.0399705+09:30" endTime="2011-08-05T16:39:16.0712205+09:30">
                  <testStep id="430bb2843db6e64e" name="Repository_ShouldNot_ThrowWhenNoColumnsChanged" fullName="SubSonic.Tests/RepositoryTests/Repository_ShouldNot_ThrowWhenNoColumnsChanged" testId="b277c675572095f6" isPrimary="true" isTestCase="true" isDynamic="false">
                    <codeReference assembly="SubSonic.Tests, Version=2.2.1.0, Culture=neutral, PublicKeyToken=null" namespace="SubSonic.Tests.Repository" type="SubSonic.Tests.Repository.RepositoryTests" member="Repository_ShouldNot_ThrowWhenNoColumnsChanged" />
                    <codeLocation path="C:\data\SubsonicRoot\ss2\SubSonic.Tests\Repository\RepositoryTests.cs" line="98" />
                    <metadata>
                      <entry key="TestKind">
                        <value>Test</value>
                      </entry>
                    </metadata>
                  </testStep>
                  <children />
                  <result assertCount="0" duration="0.0336213">
                    <outcome status="passed" />
                  </result>
                  <testLog>
                    <streams />
                    <attachments />
                  </testLog>
                </testStepRun>
                <testStepRun startTime="2011-08-05T16:39:16.0868455+09:30" endTime="2011-08-05T16:39:16.0868455+09:30">
                  <testStep id="7208f11d377445f0" name="Repository_Simple_Select" fullName="SubSonic.Tests/RepositoryTests/Repository_Simple_Select" testId="a194cf2f72fa0da3" isPrimary="true" isTestCase="true" isDynamic="false">
                    <codeReference assembly="SubSonic.Tests, Version=2.2.1.0, Culture=neutral, PublicKeyToken=null" namespace="SubSonic.Tests.Repository" type="SubSonic.Tests.Repository.RepositoryTests" member="Repository_Simple_Select" />
                    <codeLocation path="C:\data\SubsonicRoot\ss2\SubSonic.Tests\Repository\RepositoryTests.cs" line="26" />
                    <metadata>
                      <entry key="TestKind">
                        <value>Test</value>
                      </entry>
                    </metadata>
                  </testStep>
                  <children />
                  <result assertCount="1" duration="0.0064072">
                    <outcome status="passed" />
                  </result>
                  <testLog>
                    <streams />
                    <attachments />
                  </testLog>
                </testStepRun>
                <testStepRun startTime="2011-08-05T16:39:16.0868455+09:30" endTime="2011-08-05T16:39:16.1024705+09:30">
                  <testStep id="e82bfcc82fdcbb0" name="Respository_CollectionLoad" fullName="SubSonic.Tests/RepositoryTests/Respository_CollectionLoad" testId="436b3caa8a0dda25" isPrimary="true" isTestCase="true" isDynamic="false">
                    <codeReference assembly="SubSonic.Tests, Version=2.2.1.0, Culture=neutral, PublicKeyToken=null" namespace="SubSonic.Tests.Repository" type="SubSonic.Tests.Repository.RepositoryTests" member="Respository_CollectionLoad" />
                    <codeLocation path="C:\data\SubsonicRoot\ss2\SubSonic.Tests\Repository\RepositoryTests.cs" line="106" />
                    <metadata>
                      <entry key="TestKind">
                        <value>Test</value>
                      </entry>
                    </metadata>
                  </testStep>
                  <children />
                  <result assertCount="1" duration="0.0168613">
                    <outcome status="passed" />
                  </result>
                  <testLog>
                    <streams />
                    <attachments />
                  </testLog>
                </testStepRun>
              </children>
              <result assertCount="13" duration="0.2028187">
                <outcome status="passed" />
              </result>
              <testLog>
                <streams />
                <attachments />
              </testLog>
            </testStepRun>
            <testStepRun startTime="2011-08-05T16:39:16.1180955+09:30" endTime="2011-08-05T16:39:16.5555955+09:30">
              <testStep id="19d603fe9aa520d3" name="ScriptersTest" fullName="SubSonic.Tests/ScriptersTest" testId="c20a17c8fed4806e" isPrimary="true" isTestCase="false" isDynamic="false">
                <codeReference assembly="SubSonic.Tests, Version=2.2.1.0, Culture=neutral, PublicKeyToken=null" namespace="SubSonic.Tests" type="SubSonic.Tests.ScriptersTest" />
                <codeLocation path="C:\data\SubsonicRoot\ss2\SubSonic.Tests\ScriptersTest.cs" />
                <metadata>
                  <entry key="TestKind">
                    <value>Fixture</value>
                  </entry>
                </metadata>
              </testStep>
              <children>
                <testStepRun startTime="2011-08-05T16:39:16.1180955+09:30" endTime="2011-08-05T16:39:16.4930955+09:30">
                  <testStep id="8c7810b06b302746" name="Script_AllData" fullName="SubSonic.Tests/ScriptersTest/Script_AllData" testId="cca7e142becda979" isPrimary="true" isTestCase="true" isDynamic="false">
                    <codeReference assembly="SubSonic.Tests, Version=2.2.1.0, Culture=neutral, PublicKeyToken=null" namespace="SubSonic.Tests" type="SubSonic.Tests.ScriptersTest" member="Script_AllData" />
                    <codeLocation path="C:\data\SubsonicRoot\ss2\SubSonic.Tests\ScriptersTest.cs" line="60" />
                    <metadata>
                      <entry key="TestKind">
                        <value>Test</value>
                      </entry>
                    </metadata>
                  </testStep>
                  <children />
                  <result assertCount="1" duration="0.3777297">
                    <outcome status="passed" />
                  </result>
                  <testLog>
                    <streams />
                    <attachments />
                  </testLog>
                </testStepRun>
                <testStepRun startTime="2011-08-05T16:39:16.4930955+09:30" endTime="2011-08-05T16:39:16.5555955+09:30">
                  <testStep id="51a9cf222c413ad2" name="Script_Data" fullName="SubSonic.Tests/ScriptersTest/Script_Data" testId="e510f6b31c4e537c" isPrimary="true" isTestCase="true" isDynamic="false">
                    <codeReference assembly="SubSonic.Tests, Version=2.2.1.0, Culture=neutral, PublicKeyToken=null" namespace="SubSonic.Tests" type="SubSonic.Tests.ScriptersTest" member="Script_Data" />
                    <codeLocation path="C:\data\SubsonicRoot\ss2\SubSonic.Tests\ScriptersTest.cs" line="49" />
                    <metadata>
                      <entry key="TestKind">
                        <value>Test</value>
                      </entry>
                    </metadata>
                  </testStep>
                  <children />
                  <result assertCount="1" duration="0.0556542">
                    <outcome status="passed" />
                  </result>
                  <testLog>
                    <streams />
                    <attachments />
                  </testLog>
                </testStepRun>
              </children>
              <result assertCount="2" duration="0.44745599999999996">
                <outcome status="passed" />
              </result>
              <testLog>
                <streams />
                <attachments />
              </testLog>
            </testStepRun>
            <testStepRun startTime="2011-08-05T16:39:16.5555955+09:30" endTime="2011-08-05T16:39:17.6649705+09:30">
              <testStep id="2012e94eb83d2178" name="SelectTests" fullName="SubSonic.Tests/SelectTests" testId="6be2c4890d451a28" isPrimary="true" isTestCase="false" isDynamic="false">
                <codeReference assembly="SubSonic.Tests, Version=2.2.1.0, Culture=neutral, PublicKeyToken=null" namespace="SubSonic.Tests.SqlQuery" type="SubSonic.Tests.SqlQuery.SelectTests" />
                <codeLocation path="C:\data\SubsonicRoot\ss2\SubSonic.Tests\SqlQuery\SelectTests.cs" />
                <metadata>
                  <entry key="TestKind">
                    <value>Fixture</value>
                  </entry>
                </metadata>
              </testStep>
              <children>
                <testStepRun startTime="2011-08-05T16:39:16.5712205+09:30" endTime="2011-08-05T16:39:16.5712205+09:30">
                  <testStep id="4e1b21d08dbc6bd4" name="ActiveRecord_IsLoaded_ShouldBe_False_When_Record_Not_Present_Using_Key_Constructor" fullName="SubSonic.Tests/SelectTests/ActiveRecord_IsLoaded_ShouldBe_False_When_Record_Not_Present_Using_Key_Constructor" testId="236cc1b25668c8e1" isPrimary="true" isTestCase="true" isDynamic="false">
                    <codeReference assembly="SubSonic.Tests, Version=2.2.1.0, Culture=neutral, PublicKeyToken=null" namespace="SubSonic.Tests.SqlQuery" type="SubSonic.Tests.SqlQuery.SelectTests" member="ActiveRecord_IsLoaded_ShouldBe_False_When_Record_Not_Present_Using_Key_Constructor" />
                    <codeLocation path="C:\data\SubsonicRoot\ss2\SubSonic.Tests\SqlQuery\SelectTests.cs" line="782" />
                    <metadata>
                      <entry key="TestKind">
                        <value>Test</value>
                      </entry>
                    </metadata>
                  </testStep>
                  <children />
                  <result assertCount="2" duration="0.0051809">
                    <outcome status="passed" />
                  </result>
                  <testLog>
                    <streams />
                    <attachments />
                  </testLog>
                </testStepRun>
                <testStepRun startTime="2011-08-05T16:39:16.5712205+09:30" endTime="2011-08-05T16:39:16.5868455+09:30">
                  <testStep id="e2011c88ebc8c27f" name="ActiveRecord_IsLoaded_ShouldBe_False_When_Record_Not_Present_Using_PK_Constructor" fullName="SubSonic.Tests/SelectTests/ActiveRecord_IsLoaded_ShouldBe_False_When_Record_Not_Present_Using_PK_Constructor" testId="a6abaedebb5cfa84" isPrimary="true" isTestCase="true" isDynamic="false">
                    <codeReference assembly="SubSonic.Tests, Version=2.2.1.0, Culture=neutral, PublicKeyToken=null" namespace="SubSonic.Tests.SqlQuery" type="SubSonic.Tests.SqlQuery.SelectTests" member="ActiveRecord_IsLoaded_ShouldBe_False_When_Record_Not_Present_Using_PK_Constructor" />
                    <codeLocation path="C:\data\SubsonicRoot\ss2\SubSonic.Tests\SqlQuery\SelectTests.cs" line="772" />
                    <metadata>
                      <entry key="TestKind">
                        <value>Test</value>
                      </entry>
                    </metadata>
                  </testStep>
                  <children />
                  <result assertCount="2" duration="0.0073703">
                    <outcome status="passed" />
                  </result>
                  <testLog>
                    <streams />
                    <attachments />
                  </testLog>
                </testStepRun>
                <testStepRun startTime="2011-08-05T16:39:16.5868455+09:30" endTime="2011-08-05T16:39:16.6493455+09:30">
                  <testStep id="42b41963e258db11" name="Collection_LoadTypedActiveRecord" fullName="SubSonic.Tests/SelectTests/Collection_LoadTypedActiveRecord" testId="71365874b01a3619" isPrimary="true" isTestCase="true" isDynamic="false">
                    <codeReference assembly="SubSonic.Tests, Version=2.2.1.0, Culture=neutral, PublicKeyToken=null" namespace="SubSonic.Tests.SqlQuery" type="SubSonic.Tests.SqlQuery.SelectTests" member="Collection_LoadTypedActiveRecord" />
                    <codeLocation path="C:\data\SubsonicRoot\ss2\SubSonic.Tests\SqlQuery\SelectTests.cs" line="520" />
                    <metadata>
                      <entry key="TestKind">
                        <value>Test</value>
                      </entry>
                    </metadata>
                  </testStep>
                  <children />
                  <result assertCount="4" duration="0.060368099999999994">
                    <outcome status="passed" />
                  </result>
                  <testLog>
                    <streams />
                    <attachments />
                  </testLog>
                </testStepRun>
                <testStepRun startTime="2011-08-05T16:39:16.6493455+09:30" endTime="2011-08-05T16:39:16.6649705+09:30">
                  <testStep id="6509259d4ed00a47" name="Collection_LoadTypedObject" fullName="SubSonic.Tests/SelectTests/Collection_LoadTypedObject" testId="bc1decbc9fdc85cf" isPrimary="true" isTestCase="true" isDynamic="false">
                    <codeReference assembly="SubSonic.Tests, Version=2.2.1.0, Culture=neutral, PublicKeyToken=null" namespace="SubSonic.Tests.SqlQuery" type="SubSonic.Tests.SqlQuery.SelectTests" member="Collection_LoadTypedObject" />
                    <codeLocation path="C:\data\SubsonicRoot\ss2\SubSonic.Tests\SqlQuery\SelectTests.cs" line="505" />
                    <metadata>
                      <entry key="TestKind">
                        <value>Test</value>
                      </entry>
                    </metadata>
                  </testStep>
                  <children />
                  <result assertCount="4" duration="0.011477999999999999">
                    <outcome status="passed" />
                  </result>
                  <testLog>
                    <streams />
                    <attachments />
                  </testLog>
                </testStepRun>
                <testStepRun startTime="2011-08-05T16:39:16.6649705+09:30" endTime="2011-08-05T16:39:16.6805955+09:30">
                  <testStep id="fe6250bde414ed79" name="Constraints_Should_Be_Valid_When_Table_Not_In_From" fullName="SubSonic.Tests/SelectTests/Constraints_Should_Be_Valid_When_Table_Not_In_From" testId="4568dda4f4a5f281" isPrimary="true" isTestCase="true" isDynamic="false">
                    <codeReference assembly="SubSonic.Tests, Version=2.2.1.0, Culture=neutral, PublicKeyToken=null" namespace="SubSonic.Tests.SqlQuery" type="SubSonic.Tests.SqlQuery.SelectTests" member="Constraints_Should_Be_Valid_When_Table_Not_In_From" />
                    <codeLocation path="C:\data\SubsonicRoot\ss2\SubSonic.Tests\SqlQuery\SelectTests.cs" line="793" />
                    <metadata>
                      <entry key="TestKind">
                        <value>Test</value>
                      </entry>
                    </metadata>
                  </testStep>
                  <children />
                  <result assertCount="1" duration="0.0090377">
                    <outcome status="passed" />
                  </result>
                  <testLog>
                    <streams />
                    <attachments />
                  </testLog>
                </testStepRun>
                <testStepRun startTime="2011-08-05T16:39:16.6805955+09:30" endTime="2011-08-05T16:39:16.6962205+09:30">
                  <testStep id="5952aa01c41967d5" name="Exec_AggregateExpression" fullName="SubSonic.Tests/SelectTests/Exec_AggregateExpression" testId="b51a12706c7e1287" isPrimary="true" isTestCase="true" isDynamic="false">
                    <codeReference assembly="SubSonic.Tests, Version=2.2.1.0, Culture=neutral, PublicKeyToken=null" namespace="SubSonic.Tests.SqlQuery" type="SubSonic.Tests.SqlQuery.SelectTests" member="Exec_AggregateExpression" />
                    <codeLocation path="C:\data\SubsonicRoot\ss2\SubSonic.Tests\SqlQuery\SelectTests.cs" line="294" />
                    <metadata>
                      <entry key="TestKind">
                        <value>Test</value>
                      </entry>
                    </metadata>
                  </testStep>
                  <children />
                  <result assertCount="1" duration="0.0073617">
                    <outcome status="passed" />
                  </result>
                  <testLog>
                    <streams />
                    <attachments />
                  </testLog>
                </testStepRun>
                <testStepRun startTime="2011-08-05T16:39:16.6962205+09:30" endTime="2011-08-05T16:39:16.7118455+09:30">
                  <testStep id="3b2bc6fcb247fc74" name="Exec_Collection_Joined" fullName="SubSonic.Tests/SelectTests/Exec_Collection_Joined" testId="31c9b4bee0126aad" isPrimary="true" isTestCase="true" isDynamic="false">
                    <codeReference assembly="SubSonic.Tests, Version=2.2.1.0, Culture=neutral, PublicKeyToken=null" namespace="SubSonic.Tests.SqlQuery" type="SubSonic.Tests.SqlQuery.SelectTests" member="Exec_Collection_Joined" />
                    <codeLocation path="C:\data\SubsonicRoot\ss2\SubSonic.Tests\SqlQuery\SelectTests.cs" line="188" />
                    <metadata>
                      <entry key="TestKind">
                        <value>Test</value>
                      </entry>
                    </metadata>
                  </testStep>
                  <children />
                  <result assertCount="1" duration="0.0145346">
                    <outcome status="passed" />
                  </result>
                  <testLog>
                    <streams />
                    <attachments />
                  </testLog>
                </testStepRun>
                <testStepRun startTime="2011-08-05T16:39:16.7118455+09:30" endTime="2011-08-05T16:39:16.7274705+09:30">
                  <testStep id="204d8baccbcb2cda" name="Exec_Collection_JoinedWithLike" fullName="SubSonic.Tests/SelectTests/Exec_Collection_JoinedWithLike" testId="a0cce410e7044202" isPrimary="true" isTestCase="true" isDynamic="false">
                    <codeReference assembly="SubSonic.Tests, Version=2.2.1.0, Culture=neutral, PublicKeyToken=null" namespace="SubSonic.Tests.SqlQuery" type="SubSonic.Tests.SqlQuery.SelectTests" member="Exec_Collection_JoinedWithLike" />
                    <codeLocation path="C:\data\SubsonicRoot\ss2\SubSonic.Tests\SqlQuery\SelectTests.cs" line="198" />
                    <metadata>
                      <entry key="TestKind">
                        <value>Test</value>
                      </entry>
                    </metadata>
                  </testStep>
                  <children />
                  <result assertCount="1" duration="0.0132956">
                    <outcome status="passed" />
                  </result>
                  <testLog>
                    <streams />
                    <attachments />
                  </testLog>
                </testStepRun>
                <testStepRun startTime="2011-08-05T16:39:16.7274705+09:30" endTime="2011-08-05T16:39:16.7430955+09:30">
                  <testStep id="27cab60175bcff6f" name="Exec_Collection_JoinedWithLike_Typed" fullName="SubSonic.Tests/SelectTests/Exec_Collection_JoinedWithLike_Typed" testId="132b24ca35d178c6" isPrimary="true" isTestCase="true" isDynamic="false">
                    <codeReference assembly="SubSonic.Tests, Version=2.2.1.0, Culture=neutral, PublicKeyToken=null" namespace="SubSonic.Tests.SqlQuery" type="SubSonic.Tests.SqlQuery.SelectTests" member="Exec_Collection_JoinedWithLike_Typed" />
                    <codeLocation path="C:\data\SubsonicRoot\ss2\SubSonic.Tests\SqlQuery\SelectTests.cs" line="209" />
                    <metadata>
                      <entry key="TestKind">
                        <value>Test</value>
                      </entry>
                    </metadata>
                  </testStep>
                  <children />
                  <result assertCount="1" duration="0.0102513">
                    <outcome status="passed" />
                  </result>
                  <testLog>
                    <streams />
                    <attachments />
                  </testLog>
                </testStepRun>
                <testStepRun startTime="2011-08-05T16:39:16.7430955+09:30" endTime="2011-08-05T16:39:16.7587205+09:30">
                  <testStep id="57cd0ccc79fc6bc5" name="Exec_Collection_Simple" fullName="SubSonic.Tests/SelectTests/Exec_Collection_Simple" testId="f724d8da54cedb9b" isPrimary="true" isTestCase="true" isDynamic="false">
                    <codeReference assembly="SubSonic.Tests, Version=2.2.1.0, Culture=neutral, PublicKeyToken=null" namespace="SubSonic.Tests.SqlQuery" type="SubSonic.Tests.SqlQuery.SelectTests" member="Exec_Collection_Simple" />
                    <codeLocation path="C:\data\SubsonicRoot\ss2\SubSonic.Tests\SqlQuery\SelectTests.cs" line="180" />
                    <metadata>
                      <entry key="TestKind">
                        <value>Test</value>
                      </entry>
                    </metadata>
                  </testStep>
                  <children />
                  <result assertCount="1" duration="0.0147365">
                    <outcome status="passed" />
                  </result>
                  <testLog>
                    <streams />
                    <attachments />
                  </testLog>
                </testStepRun>
                <testStepRun startTime="2011-08-05T16:39:16.7587205+09:30" endTime="2011-08-05T16:39:16.7899705+09:30">
                  <testStep id="6d7643d1ea7e2aa3" name="Exec_Distinct_JoinedWithLike" fullName="SubSonic.Tests/SelectTests/Exec_Distinct_JoinedWithLike" testId="fd862e1efb5cce42" isPrimary="true" isTestCase="true" isDynamic="false">
                    <codeReference assembly="SubSonic.Tests, Version=2.2.1.0, Culture=neutral, PublicKeyToken=null" namespace="SubSonic.Tests.SqlQuery" type="SubSonic.Tests.SqlQuery.SelectTests" member="Exec_Distinct_JoinedWithLike" />
                    <codeLocation path="C:\data\SubsonicRoot\ss2\SubSonic.Tests\SqlQuery\SelectTests.cs" line="281" />
                    <metadata>
                      <entry key="TestKind">
                        <value>Test</value>
                      </entry>
                    </metadata>
                  </testStep>
                  <children />
                  <result assertCount="1" duration="0.023668599999999998">
                    <outcome status="passed" />
                  </result>
                  <testLog>
                    <streams />
                    <attachments />
                  </testLog>
                </testStepRun>
                <testStepRun startTime="2011-08-05T16:39:16.8055955+09:30" endTime="2011-08-05T16:39:16.8055955+09:30">
                  <testStep id="f15c6506439fc9f7" name="Exec_DistinctTypedList" fullName="SubSonic.Tests/SelectTests/Exec_DistinctTypedList" testId="5a2d7a12510dc65c" isPrimary="true" isTestCase="true" isDynamic="false">
                    <codeReference assembly="SubSonic.Tests, Version=2.2.1.0, Culture=neutral, PublicKeyToken=null" namespace="SubSonic.Tests.SqlQuery" type="SubSonic.Tests.SqlQuery.SelectTests" member="Exec_DistinctTypedList" />
                    <codeLocation path="C:\data\SubsonicRoot\ss2\SubSonic.Tests\SqlQuery\SelectTests.cs" line="260" />
                    <metadata>
                      <entry key="TestKind">
                        <value>Test</value>
                      </entry>
                    </metadata>
                  </testStep>
                  <children />
                  <result assertCount="1" duration="0.008427">
                    <outcome status="passed" />
                  </result>
                  <testLog>
                    <streams />
                    <attachments />
                  </testLog>
                </testStepRun>
                <testStepRun startTime="2011-08-05T16:39:16.8055955+09:30" endTime="2011-08-05T16:39:16.8837205+09:30">
                  <testStep id="105603160e8da8ae" name="Exec_DistinctWithWhere" fullName="SubSonic.Tests/SelectTests/Exec_DistinctWithWhere" testId="6b2d4c29e11f2d4a" isPrimary="true" isTestCase="true" isDynamic="false">
                    <codeReference assembly="SubSonic.Tests, Version=2.2.1.0, Culture=neutral, PublicKeyToken=null" namespace="SubSonic.Tests.SqlQuery" type="SubSonic.Tests.SqlQuery.SelectTests" member="Exec_DistinctWithWhere" />
                    <codeLocation path="C:\data\SubsonicRoot\ss2\SubSonic.Tests\SqlQuery\SelectTests.cs" line="269" />
                    <metadata>
                      <entry key="TestKind">
                        <value>Test</value>
                      </entry>
                    </metadata>
                  </testStep>
                  <children />
                  <result assertCount="1" duration="0.063820099999999991">
                    <outcome status="passed" />
                  </result>
                  <testLog>
                    <streams />
                    <attachments />
                  </testLog>
                </testStepRun>
                <testStepRun startTime="2011-08-05T16:39:16.8837205+09:30" endTime="2011-08-05T16:39:16.8993455+09:30">
                  <testStep id="b756f85c207cbd4c" name="Exec_ExpressionSimpleOr" fullName="SubSonic.Tests/SelectTests/Exec_ExpressionSimpleOr" testId="8e62c4902bbffe5a" isPrimary="true" isTestCase="true" isDynamic="false">
                    <codeReference assembly="SubSonic.Tests, Version=2.2.1.0, Culture=neutral, PublicKeyToken=null" namespace="SubSonic.Tests.SqlQuery" type="SubSonic.Tests.SqlQuery.SelectTests" member="Exec_ExpressionSimpleOr" />
                    <codeLocation path="C:\data\SubsonicRoot\ss2\SubSonic.Tests\SqlQuery\SelectTests.cs" line="225" />
                    <metadata>
                      <entry key="TestKind">
                        <value>Test</value>
                      </entry>
                    </metadata>
                  </testStep>
                  <children />
                  <result assertCount="1" duration="0.0117571">
                    <outcome status="passed" />
                  </result>
                  <testLog>
                    <streams />
                    <attachments />
                  </testLog>
                </testStepRun>
                <testStepRun startTime="2011-08-05T16:39:16.8993455+09:30" endTime="2011-08-05T16:39:16.8993455+09:30">
                  <testStep id="bac3deca72c7a40e" name="Exec_InWithSelect" fullName="SubSonic.Tests/SelectTests/Exec_InWithSelect" testId="bd348406aaf1a6c0" isPrimary="true" isTestCase="true" isDynamic="false">
                    <codeReference assembly="SubSonic.Tests, Version=2.2.1.0, Culture=neutral, PublicKeyToken=null" namespace="SubSonic.Tests.SqlQuery" type="SubSonic.Tests.SqlQuery.SelectTests" member="Exec_InWithSelect" />
                    <codeLocation path="C:\data\SubsonicRoot\ss2\SubSonic.Tests\SqlQuery\SelectTests.cs" line="427" />
                    <metadata>
                      <entry key="TestKind">
                        <value>Test</value>
                      </entry>
                    </metadata>
                  </testStep>
                  <children />
                  <result assertCount="1" duration="0.0089125">
                    <outcome status="passed" />
                  </result>
                  <testLog>
                    <streams />
                    <attachments />
                  </testLog>
                </testStepRun>
                <testStepRun startTime="2011-08-05T16:39:16.9149705+09:30" endTime="2011-08-05T16:39:16.9305955+09:30">
                  <testStep id="eecb1389ffd5d620" name="Exec_LeftOuterJoin_With_Generics" fullName="SubSonic.Tests/SelectTests/Exec_LeftOuterJoin_With_Generics" testId="b370eaf8c520c214" isPrimary="true" isTestCase="true" isDynamic="false">
                    <codeReference assembly="SubSonic.Tests, Version=2.2.1.0, Culture=neutral, PublicKeyToken=null" namespace="SubSonic.Tests.SqlQuery" type="SubSonic.Tests.SqlQuery.SelectTests" member="Exec_LeftOuterJoin_With_Generics" />
                    <codeLocation path="C:\data\SubsonicRoot\ss2\SubSonic.Tests\SqlQuery\SelectTests.cs" line="142" />
                    <metadata>
                      <entry key="TestKind">
                        <value>Test</value>
                      </entry>
                    </metadata>
                  </testStep>
                  <children />
                  <result assertCount="1" duration="0.0200079">
                    <outcome status="passed" />
                  </result>
                  <testLog>
                    <streams />
                    <attachments />
                  </testLog>
                </testStepRun>
                <testStepRun startTime="2011-08-05T16:39:16.9305955+09:30" endTime="2011-08-05T16:39:16.9462205+09:30">
                  <testStep id="e0db024f8e3737e4" name="Exec_LeftOuterJoin_With_String" fullName="SubSonic.Tests/SelectTests/Exec_LeftOuterJoin_With_String" testId="fed03b517481075a" isPrimary="true" isTestCase="true" isDynamic="false">
                    <codeReference assembly="SubSonic.Tests, Version=2.2.1.0, Culture=neutral, PublicKeyToken=null" namespace="SubSonic.Tests.SqlQuery" type="SubSonic.Tests.SqlQuery.SelectTests" member="Exec_LeftOuterJoin_With_String" />
                    <codeLocation path="C:\data\SubsonicRoot\ss2\SubSonic.Tests\SqlQuery\SelectTests.cs" line="153" />
                    <metadata>
                      <entry key="TestKind">
                        <value>Test</value>
                      </entry>
                    </metadata>
                  </testStep>
                  <children />
                  <result assertCount="1" duration="0.0052927999999999994">
                    <outcome status="passed" />
                  </result>
                  <testLog>
                    <streams />
                    <attachments />
                  </testLog>
                </testStepRun>
                <testStepRun startTime="2011-08-05T16:39:16.9462205+09:30" endTime="2011-08-05T16:39:16.9618455+09:30">
                  <testStep id="cceb5ce8a1f14d5" name="Exec_LeftOuterJoin_With_TableColumn" fullName="SubSonic.Tests/SelectTests/Exec_LeftOuterJoin_With_TableColumn" testId="3d2d9c292f0de222" isPrimary="true" isTestCase="true" isDynamic="false">
                    <codeReference assembly="SubSonic.Tests, Version=2.2.1.0, Culture=neutral, PublicKeyToken=null" namespace="SubSonic.Tests.SqlQuery" type="SubSonic.Tests.SqlQuery.SelectTests" member="Exec_LeftOuterJoin_With_TableColumn" />
                    <codeLocation path="C:\data\SubsonicRoot\ss2\SubSonic.Tests\SqlQuery\SelectTests.cs" line="131" />
                    <metadata>
                      <entry key="TestKind">
                        <value>Test</value>
                      </entry>
                    </metadata>
                  </testStep>
                  <children />
                  <result assertCount="1" duration="0.0066818999999999993">
                    <outcome status="passed" />
                  </result>
                  <testLog>
                    <streams />
                    <attachments />
                  </testLog>
                </testStepRun>
                <testStepRun startTime="2011-08-05T16:39:16.9618455+09:30" endTime="2011-08-05T16:39:16.9774705+09:30">
                  <testStep id="8fe0c80ce0a0d672" name="Exec_MultiJoin" fullName="SubSonic.Tests/SelectTests/Exec_MultiJoin" testId="2567e98394606df2" isPrimary="true" isTestCase="true" isDynamic="false">
                    <codeReference assembly="SubSonic.Tests, Version=2.2.1.0, Culture=neutral, PublicKeyToken=null" namespace="SubSonic.Tests.SqlQuery" type="SubSonic.Tests.SqlQuery.SelectTests" member="Exec_MultiJoin" />
                    <codeLocation path="C:\data\SubsonicRoot\ss2\SubSonic.Tests\SqlQuery\SelectTests.cs" line="117" />
                    <metadata>
                      <entry key="TestKind">
                        <value>Test</value>
                      </entry>
                    </metadata>
                  </testStep>
                  <children />
                  <result assertCount="1" duration="0.0245793">
                    <outcome status="passed" />
                  </result>
                  <testLog>
                    <streams />
                    <attachments />
                  </testLog>
                </testStepRun>
                <testStepRun startTime="2011-08-05T16:39:16.9774705+09:30" endTime="2011-08-05T16:39:16.9930955+09:30">
                  <testStep id="79ebddab228cc167" name="Exec_MultipleInWithAnd" fullName="SubSonic.Tests/SelectTests/Exec_MultipleInWithAnd" testId="3bf89f1b0ab491f9" isPrimary="true" isTestCase="true" isDynamic="false">
                    <codeReference assembly="SubSonic.Tests, Version=2.2.1.0, Culture=neutral, PublicKeyToken=null" namespace="SubSonic.Tests.SqlQuery" type="SubSonic.Tests.SqlQuery.SelectTests" member="Exec_MultipleInWithAnd" />
                    <codeLocation path="C:\data\SubsonicRoot\ss2\SubSonic.Tests\SqlQuery\SelectTests.cs" line="440" />
                    <metadata>
                      <entry key="TestKind">
                        <value>Test</value>
                      </entry>
                    </metadata>
                  </testStep>
                  <children />
                  <result assertCount="1" duration="0.0094825">
                    <outcome status="passed" />
                  </result>
                  <testLog>
                    <streams />
                    <attachments />
                  </testLog>
                </testStepRun>
                <testStepRun startTime="2011-08-05T16:39:16.9930955+09:30" endTime="2011-08-05T16:39:17.0087205+09:30">
                  <testStep id="211509ac22f7420" name="Exec_NestedExpression" fullName="SubSonic.Tests/SelectTests/Exec_NestedExpression" testId="9fa32c4d90d19139" isPrimary="true" isTestCase="true" isDynamic="false">
                    <codeReference assembly="SubSonic.Tests, Version=2.2.1.0, Culture=neutral, PublicKeyToken=null" namespace="SubSonic.Tests.SqlQuery" type="SubSonic.Tests.SqlQuery.SelectTests" member="Exec_NestedExpression" />
                    <codeLocation path="C:\data\SubsonicRoot\ss2\SubSonic.Tests\SqlQuery\SelectTests.cs" line="236" />
                    <metadata>
                      <entry key="TestKind">
                        <value>Test</value>
                      </entry>
                    </metadata>
                  </testStep>
                  <children />
                  <result assertCount="1" duration="0.008749">
                    <outcome status="passed" />
                  </result>
                  <testLog>
                    <streams />
                    <attachments />
                  </testLog>
                </testStepRun>
                <testStepRun startTime="2011-08-05T16:39:17.0087205+09:30" endTime="2011-08-05T16:39:17.0243455+09:30">
                  <testStep id="f73e14571e9e8d6a" name="Exec_NotInWithSelect" fullName="SubSonic.Tests/SelectTests/Exec_NotInWithSelect" testId="2c5da3bbf6b730ae" isPrimary="true" isTestCase="true" isDynamic="false">
                    <codeReference assembly="SubSonic.Tests, Version=2.2.1.0, Culture=neutral, PublicKeyToken=null" namespace="SubSonic.Tests.SqlQuery" type="SubSonic.Tests.SqlQuery.SelectTests" member="Exec_NotInWithSelect" />
                    <codeLocation path="C:\data\SubsonicRoot\ss2\SubSonic.Tests\SqlQuery\SelectTests.cs" line="623" />
                    <metadata>
                      <entry key="TestKind">
                        <value>Test</value>
                      </entry>
                    </metadata>
                  </testStep>
                  <children />
                  <result assertCount="2" duration="0.0119206">
                    <outcome status="passed" />
                  </result>
                  <testLog>
                    <streams />
                    <attachments />
                  </testLog>
                </testStepRun>
                <testStepRun startTime="2011-08-05T16:39:17.0243455+09:30" endTime="2011-08-05T16:39:17.0399705+09:30">
                  <testStep id="1caf0ae321773b0f" name="Exec_PagedJoined" fullName="SubSonic.Tests/SelectTests/Exec_PagedJoined" testId="e815c74b1a7225d2" isPrimary="true" isTestCase="true" isDynamic="false">
                    <codeReference assembly="SubSonic.Tests, Version=2.2.1.0, Culture=neutral, PublicKeyToken=null" namespace="SubSonic.Tests.SqlQuery" type="SubSonic.Tests.SqlQuery.SelectTests" member="Exec_PagedJoined" />
                    <codeLocation path="C:\data\SubsonicRoot\ss2\SubSonic.Tests\SqlQuery\SelectTests.cs" line="335" />
                    <metadata>
                      <entry key="TestKind">
                        <value>Test</value>
                      </entry>
                    </metadata>
                  </testStep>
                  <children />
                  <result assertCount="1" duration="0.0094734">
                    <outcome status="passed" />
                  </result>
                  <testLog>
                    <streams />
                    <attachments />
                  </testLog>
                </testStepRun>
                <testStepRun startTime="2011-08-05T16:39:17.0399705+09:30" endTime="2011-08-05T16:39:17.0555955+09:30">
                  <testStep id="b14700822fb5721c" name="Exec_PagedSimple" fullName="SubSonic.Tests/SelectTests/Exec_PagedSimple" testId="2763a03853c61560" isPrimary="true" isTestCase="true" isDynamic="false">
                    <codeReference assembly="SubSonic.Tests, Version=2.2.1.0, Culture=neutral, PublicKeyToken=null" namespace="SubSonic.Tests.SqlQuery" type="SubSonic.Tests.SqlQuery.SelectTests" member="Exec_PagedSimple" />
                    <codeLocation path="C:\data\SubsonicRoot\ss2\SubSonic.Tests\SqlQuery\SelectTests.cs" line="310" />
                    <metadata>
                      <entry key="TestKind">
                        <value>Test</value>
                      </entry>
                    </metadata>
                  </testStep>
                  <children />
                  <result assertCount="1" duration="0.0056113">
                    <outcome status="passed" />
                  </result>
                  <testLog>
                    <streams />
                    <attachments />
                  </testLog>
                </testStepRun>
                <testStepRun startTime="2011-08-05T16:39:17.0555955+09:30" endTime="2011-08-05T16:39:17.0868455+09:30">
                  <testStep id="2edbee516ee6d1c9" name="Exec_PagedView" fullName="SubSonic.Tests/SelectTests/Exec_PagedView" testId="df430da5e68d2630" isPrimary="true" isTestCase="true" isDynamic="false">
                    <codeReference assembly="SubSonic.Tests, Version=2.2.1.0, Culture=neutral, PublicKeyToken=null" namespace="SubSonic.Tests.SqlQuery" type="SubSonic.Tests.SqlQuery.SelectTests" member="Exec_PagedView" />
                    <codeLocation path="C:\data\SubsonicRoot\ss2\SubSonic.Tests\SqlQuery\SelectTests.cs" line="349" />
                    <metadata>
                      <entry key="TestKind">
                        <value>Test</value>
                      </entry>
                    </metadata>
                  </testStep>
                  <children />
                  <result assertCount="1" duration="0.0344738">
                    <outcome status="passed" />
                  </result>
                  <testLog>
                    <streams />
                    <attachments />
                  </testLog>
                </testStepRun>
                <testStepRun startTime="2011-08-05T16:39:17.0868455+09:30" endTime="2011-08-05T16:39:17.1180955+09:30">
                  <testStep id="485e58d49effc030" name="Exec_PagedViewJoined" fullName="SubSonic.Tests/SelectTests/Exec_PagedViewJoined" testId="a76cc2aa7909eef2" isPrimary="true" isTestCase="true" isDynamic="false">
                    <codeReference assembly="SubSonic.Tests, Version=2.2.1.0, Culture=neutral, PublicKeyToken=null" namespace="SubSonic.Tests.SqlQuery" type="SubSonic.Tests.SqlQuery.SelectTests" member="Exec_PagedViewJoined" />
                    <codeLocation path="C:\data\SubsonicRoot\ss2\SubSonic.Tests\SqlQuery\SelectTests.cs" line="357" />
                    <metadata>
                      <entry key="TestKind">
                        <value>Test</value>
                      </entry>
                    </metadata>
                  </testStep>
                  <children />
                  <result assertCount="1" duration="0.0297675">
                    <outcome status="passed" />
                  </result>
                  <testLog>
                    <streams />
                    <attachments />
                  </testLog>
                </testStepRun>
                <testStepRun startTime="2011-08-05T16:39:17.1337205+09:30" endTime="2011-08-05T16:39:17.1337205+09:30">
                  <testStep id="18c7aef793d6a6a7" name="Exec_PagedWithAggregate" fullName="SubSonic.Tests/SelectTests/Exec_PagedWithAggregate" testId="c112fd3991361893" isPrimary="true" isTestCase="true" isDynamic="false">
                    <codeReference assembly="SubSonic.Tests, Version=2.2.1.0, Culture=neutral, PublicKeyToken=null" namespace="SubSonic.Tests.SqlQuery" type="SubSonic.Tests.SqlQuery.SelectTests" member="Exec_PagedWithAggregate" />
                    <codeLocation path="C:\data\SubsonicRoot\ss2\SubSonic.Tests\SqlQuery\SelectTests.cs" line="317" />
                    <metadata>
                      <entry key="TestKind">
                        <value>Test</value>
                      </entry>
                    </metadata>
                  </testStep>
                  <children />
                  <result assertCount="1" duration="0.0094035">
                    <outcome status="passed" />
                  </result>
                  <testLog>
                    <streams />
                    <attachments />
                  </testLog>
                </testStepRun>
                <testStepRun startTime="2011-08-05T16:39:17.1493455+09:30" endTime="2011-08-05T16:39:17.1493455+09:30">
                  <testStep id="e1c02588d286bd7c" name="Exec_Select_Top_Ten" fullName="SubSonic.Tests/SelectTests/Exec_Select_Top_Ten" testId="7fba649d1c73c23f" isPrimary="true" isTestCase="true" isDynamic="false">
                    <codeReference assembly="SubSonic.Tests, Version=2.2.1.0, Culture=neutral, PublicKeyToken=null" namespace="SubSonic.Tests.SqlQuery" type="SubSonic.Tests.SqlQuery.SelectTests" member="Exec_Select_Top_Ten" />
                    <codeLocation path="C:\data\SubsonicRoot\ss2\SubSonic.Tests\SqlQuery\SelectTests.cs" line="166" />
                    <metadata>
                      <entry key="TestKind">
                        <value>Test</value>
                      </entry>
                    </metadata>
                  </testStep>
                  <children />
                  <result assertCount="1" duration="0.0052096999999999994">
                    <outcome status="passed" />
                  </result>
                  <testLog>
                    <streams />
                    <attachments />
                  </testLog>
                </testStepRun>
                <testStepRun startTime="2011-08-05T16:39:17.1493455+09:30" endTime="2011-08-05T16:39:17.1649705+09:30">
                  <testStep id="7bcb219cbfaad99b" name="Exec_Simple" fullName="SubSonic.Tests/SelectTests/Exec_Simple" testId="d943452b33fb4d6d" isPrimary="true" isTestCase="true" isDynamic="false">
                    <codeReference assembly="SubSonic.Tests, Version=2.2.1.0, Culture=neutral, PublicKeyToken=null" namespace="SubSonic.Tests.SqlQuery" type="SubSonic.Tests.SqlQuery.SelectTests" member="Exec_Simple" />
                    <codeLocation path="C:\data\SubsonicRoot\ss2\SubSonic.Tests\SqlQuery\SelectTests.cs" line="29" />
                    <metadata>
                      <entry key="TestKind">
                        <value>Test</value>
                      </entry>
                    </metadata>
                  </testStep>
                  <children />
                  <result assertCount="1" duration="0.0046666">
                    <outcome status="passed" />
                  </result>
                  <testLog>
                    <streams />
                    <attachments />
                  </testLog>
                </testStepRun>
                <testStepRun startTime="2011-08-05T16:39:17.1649705+09:30" endTime="2011-08-05T16:39:17.1805955+09:30">
                  <testStep id="1eb848f5f3720083" name="Exec_SimpleAnd" fullName="SubSonic.Tests/SelectTests/Exec_SimpleAnd" testId="84acacf34f8286da" isPrimary="true" isTestCase="true" isDynamic="false">
                    <codeReference assembly="SubSonic.Tests, Version=2.2.1.0, Culture=neutral, PublicKeyToken=null" namespace="SubSonic.Tests.SqlQuery" type="SubSonic.Tests.SqlQuery.SelectTests" member="Exec_SimpleAnd" />
                    <codeLocation path="C:\data\SubsonicRoot\ss2\SubSonic.Tests\SqlQuery\SelectTests.cs" line="370" />
                    <metadata>
                      <entry key="TestKind">
                        <value>Test</value>
                      </entry>
                    </metadata>
                  </testStep>
                  <children />
                  <result assertCount="1" duration="0.0128303">
                    <outcome status="passed" />
                  </result>
                  <testLog>
                    <streams />
                    <attachments />
                  </testLog>
                </testStepRun>
                <testStepRun startTime="2011-08-05T16:39:17.1805955+09:30" endTime="2011-08-05T16:39:17.1805955+09:30">
                  <testStep id="83957f5b02550a3a" name="Exec_SimpleAnd2" fullName="SubSonic.Tests/SelectTests/Exec_SimpleAnd2" testId="f5a54afea386b971" isPrimary="true" isTestCase="true" isDynamic="false">
                    <codeReference assembly="SubSonic.Tests, Version=2.2.1.0, Culture=neutral, PublicKeyToken=null" namespace="SubSonic.Tests.SqlQuery" type="SubSonic.Tests.SqlQuery.SelectTests" member="Exec_SimpleAnd2" />
                    <codeLocation path="C:\data\SubsonicRoot\ss2\SubSonic.Tests\SqlQuery\SelectTests.cs" line="384" />
                    <metadata>
                      <entry key="TestKind">
                        <value>Test</value>
                      </entry>
                    </metadata>
                  </testStep>
                  <children />
                  <result assertCount="1" duration="0.0053952">
                    <outcome status="passed" />
                  </result>
                  <testLog>
                    <streams />
                    <attachments />
                  </testLog>
                </testStepRun>
                <testStepRun startTime="2011-08-05T16:39:17.1805955+09:30" endTime="2011-08-05T16:39:17.2118455+09:30">
                  <testStep id="e387231aba80294f" name="Exec_SimpleAnd3" fullName="SubSonic.Tests/SelectTests/Exec_SimpleAnd3" testId="6c069a77c4600266" isPrimary="true" isTestCase="true" isDynamic="false">
                    <codeReference assembly="SubSonic.Tests, Version=2.2.1.0, Culture=neutral, PublicKeyToken=null" namespace="SubSonic.Tests.SqlQuery" type="SubSonic.Tests.SqlQuery.SelectTests" member="Exec_SimpleAnd3" />
                    <codeLocation path="C:\data\SubsonicRoot\ss2\SubSonic.Tests\SqlQuery\SelectTests.cs" line="398" />
                    <metadata>
                      <entry key="TestKind">
                        <value>Test</value>
                      </entry>
                    </metadata>
                  </testStep>
                  <children />
                  <result assertCount="1" duration="0.014604899999999999">
                    <outcome status="passed" />
                  </result>
                  <testLog>
                    <streams />
                    <attachments />
                  </testLog>
                </testStepRun>
                <testStepRun startTime="2011-08-05T16:39:17.2118455+09:30" endTime="2011-08-05T16:39:17.2274705+09:30">
                  <testStep id="3610f632af2a85de" name="Exec_SimpleAsSingle" fullName="SubSonic.Tests/SelectTests/Exec_SimpleAsSingle" testId="55446d52438c14d0" isPrimary="true" isTestCase="true" isDynamic="false">
                    <codeReference assembly="SubSonic.Tests, Version=2.2.1.0, Culture=neutral, PublicKeyToken=null" namespace="SubSonic.Tests.SqlQuery" type="SubSonic.Tests.SqlQuery.SelectTests" member="Exec_SimpleAsSingle" />
                    <codeLocation path="C:\data\SubsonicRoot\ss2\SubSonic.Tests\SqlQuery\SelectTests.cs" line="43" />
                    <metadata>
                      <entry key="TestKind">
                        <value>Test</value>
                      </entry>
                    </metadata>
                  </testStep>
                  <children />
                  <result assertCount="1" duration="0.0176656">
                    <outcome status="passed" />
                  </result>
                  <testLog>
                    <streams />
                    <attachments />
                  </testLog>
                </testStepRun>
                <testStepRun startTime="2011-08-05T16:39:17.2274705+09:30" endTime="2011-08-05T16:39:17.2430955+09:30">
                  <testStep id="47b340152c659067" name="Exec_SimpleIn" fullName="SubSonic.Tests/SelectTests/Exec_SimpleIn" testId="cc4967ca3f4a2c02" isPrimary="true" isTestCase="true" isDynamic="false">
                    <codeReference assembly="SubSonic.Tests, Version=2.2.1.0, Culture=neutral, PublicKeyToken=null" namespace="SubSonic.Tests.SqlQuery" type="SubSonic.Tests.SqlQuery.SelectTests" member="Exec_SimpleIn" />
                    <codeLocation path="C:\data\SubsonicRoot\ss2\SubSonic.Tests\SqlQuery\SelectTests.cs" line="418" />
                    <metadata>
                      <entry key="TestKind">
                        <value>Test</value>
                      </entry>
                    </metadata>
                  </testStep>
                  <children />
                  <result assertCount="1" duration="0.0055324">
                    <outcome status="passed" />
                  </result>
                  <testLog>
                    <streams />
                    <attachments />
                  </testLog>
                </testStepRun>
                <testStepRun startTime="2011-08-05T16:39:17.2430955+09:30" endTime="2011-08-05T16:39:17.2587205+09:30">
                  <testStep id="20c21b2822822d30" name="Exec_SimpleJoin" fullName="SubSonic.Tests/SelectTests/Exec_SimpleJoin" testId="d908a282699d4650" isPrimary="true" isTestCase="true" isDynamic="false">
                    <codeReference assembly="SubSonic.Tests, Version=2.2.1.0, Culture=neutral, PublicKeyToken=null" namespace="SubSonic.Tests.SqlQuery" type="SubSonic.Tests.SqlQuery.SelectTests" member="Exec_SimpleJoin" />
                    <codeLocation path="C:\data\SubsonicRoot\ss2\SubSonic.Tests\SqlQuery\SelectTests.cs" line="84" />
                    <metadata>
                      <entry key="TestKind">
                        <value>Test</value>
                      </entry>
                    </metadata>
                  </testStep>
                  <children />
                  <result assertCount="1" duration="0.018037499999999998">
                    <outcome status="passed" />
                  </result>
                  <testLog>
                    <streams />
                    <attachments />
                  </testLog>
                </testStepRun>
                <testStepRun startTime="2011-08-05T16:39:17.2587205+09:30" endTime="2011-08-05T16:39:17.2743455+09:30">
                  <testStep id="94bb4304e92175bd" name="Exec_SimpleJoin2" fullName="SubSonic.Tests/SelectTests/Exec_SimpleJoin2" testId="d4139761853f7fcd" isPrimary="true" isTestCase="true" isDynamic="false">
                    <codeReference assembly="SubSonic.Tests, Version=2.2.1.0, Culture=neutral, PublicKeyToken=null" namespace="SubSonic.Tests.SqlQuery" type="SubSonic.Tests.SqlQuery.SelectTests" member="Exec_SimpleJoin2" />
                    <codeLocation path="C:\data\SubsonicRoot\ss2\SubSonic.Tests\SqlQuery\SelectTests.cs" line="95" />
                    <metadata>
                      <entry key="TestKind">
                        <value>Test</value>
                      </entry>
                    </metadata>
                  </testStep>
                  <children />
                  <result assertCount="1" duration="0.0146273">
                    <outcome status="passed" />
                  </result>
                  <testLog>
                    <streams />
                    <attachments />
                  </testLog>
                </testStepRun>
                <testStepRun startTime="2011-08-05T16:39:17.2743455+09:30" endTime="2011-08-05T16:39:17.2899705+09:30">
                  <testStep id="1835714f8e3cf138" name="Exec_SimpleJoin3" fullName="SubSonic.Tests/SelectTests/Exec_SimpleJoin3" testId="7334c663cee4838c" isPrimary="true" isTestCase="true" isDynamic="false">
                    <codeReference assembly="SubSonic.Tests, Version=2.2.1.0, Culture=neutral, PublicKeyToken=null" namespace="SubSonic.Tests.SqlQuery" type="SubSonic.Tests.SqlQuery.SelectTests" member="Exec_SimpleJoin3" />
                    <codeLocation path="C:\data\SubsonicRoot\ss2\SubSonic.Tests\SqlQuery\SelectTests.cs" line="106" />
                    <metadata>
                      <entry key="TestKind">
                        <value>Test</value>
                      </entry>
                    </metadata>
                  </testStep>
                  <children />
                  <result assertCount="1" duration="0.0114472">
                    <outcome status="passed" />
                  </result>
                  <testLog>
                    <streams />
                    <attachments />
                  </testLog>
                </testStepRun>
                <testStepRun startTime="2011-08-05T16:39:17.2899705+09:30" endTime="2011-08-05T16:39:17.3055955+09:30">
                  <testStep id="4ab0f2cd63bd53ab" name="Exec_SimpleOr" fullName="SubSonic.Tests/SelectTests/Exec_SimpleOr" testId="aa15f6300be00489" isPrimary="true" isTestCase="true" isDynamic="false">
                    <codeReference assembly="SubSonic.Tests, Version=2.2.1.0, Culture=neutral, PublicKeyToken=null" namespace="SubSonic.Tests.SqlQuery" type="SubSonic.Tests.SqlQuery.SelectTests" member="Exec_SimpleOr" />
                    <codeLocation path="C:\data\SubsonicRoot\ss2\SubSonic.Tests\SqlQuery\SelectTests.cs" line="457" />
                    <metadata>
                      <entry key="TestKind">
                        <value>Test</value>
                      </entry>
                    </metadata>
                  </testStep>
                  <children />
                  <result assertCount="1" duration="0.0096476">
                    <outcome status="passed" />
                  </result>
                  <testLog>
                    <streams />
                    <attachments />
                  </testLog>
                </testStepRun>
                <testStepRun startTime="2011-08-05T16:39:17.3055955+09:30" endTime="2011-08-05T16:39:17.3212205+09:30">
                  <testStep id="32faa953022917c5" name="Exec_SimpleOr2" fullName="SubSonic.Tests/SelectTests/Exec_SimpleOr2" testId="33d0d25dfecbf6b1" isPrimary="true" isTestCase="true" isDynamic="false">
                    <codeReference assembly="SubSonic.Tests, Version=2.2.1.0, Culture=neutral, PublicKeyToken=null" namespace="SubSonic.Tests.SqlQuery" type="SubSonic.Tests.SqlQuery.SelectTests" member="Exec_SimpleOr2" />
                    <codeLocation path="C:\data\SubsonicRoot\ss2\SubSonic.Tests\SqlQuery\SelectTests.cs" line="471" />
                    <metadata>
                      <entry key="TestKind">
                        <value>Test</value>
                      </entry>
                    </metadata>
                  </testStep>
                  <children />
                  <result assertCount="1" duration="0.0046340999999999995">
                    <outcome status="passed" />
                  </result>
                  <testLog>
                    <streams />
                    <attachments />
                  </testLog>
                </testStepRun>
                <testStepRun startTime="2011-08-05T16:39:17.3212205+09:30" endTime="2011-08-05T16:39:17.3368455+09:30">
                  <testStep id="a67136df065d8a3" name="Exec_SimpleOr3" fullName="SubSonic.Tests/SelectTests/Exec_SimpleOr3" testId="4bae6bc711bf486" isPrimary="true" isTestCase="true" isDynamic="false">
                    <codeReference assembly="SubSonic.Tests, Version=2.2.1.0, Culture=neutral, PublicKeyToken=null" namespace="SubSonic.Tests.SqlQuery" type="SubSonic.Tests.SqlQuery.SelectTests" member="Exec_SimpleOr3" />
                    <codeLocation path="C:\data\SubsonicRoot\ss2\SubSonic.Tests\SqlQuery\SelectTests.cs" line="485" />
                    <metadata>
                      <entry key="TestKind">
                        <value>Test</value>
                      </entry>
                    </metadata>
                  </testStep>
                  <children />
                  <result assertCount="1" duration="0.0159657">
                    <outcome status="passed" />
                  </result>
                  <testLog>
                    <streams />
                    <attachments />
                  </testLog>
                </testStepRun>
                <testStepRun startTime="2011-08-05T16:39:17.3368455+09:30" endTime="2011-08-05T16:39:17.3524705+09:30">
                  <testStep id="fa83683a748c6070" name="Exec_SimpleWhere" fullName="SubSonic.Tests/SelectTests/Exec_SimpleWhere" testId="351cac8e4ad5b3e1" isPrimary="true" isTestCase="true" isDynamic="false">
                    <codeReference assembly="SubSonic.Tests, Version=2.2.1.0, Culture=neutral, PublicKeyToken=null" namespace="SubSonic.Tests.SqlQuery" type="SubSonic.Tests.SqlQuery.SelectTests" member="Exec_SimpleWhere" />
                    <codeLocation path="C:\data\SubsonicRoot\ss2\SubSonic.Tests\SqlQuery\SelectTests.cs" line="57" />
                    <metadata>
                      <entry key="TestKind">
                        <value>Test</value>
                      </entry>
                    </metadata>
                  </testStep>
                  <children />
                  <result assertCount="1" duration="0.0061876">
                    <outcome status="passed" />
                  </result>
                  <testLog>
                    <streams />
                    <attachments />
                  </testLog>
                </testStepRun>
                <testStepRun startTime="2011-08-05T16:39:17.3524705+09:30" endTime="2011-08-05T16:39:17.3524705+09:30">
                  <testStep id="e32c9a1ce7a0891b" name="Exec_SimpleWhere2" fullName="SubSonic.Tests/SelectTests/Exec_SimpleWhere2" testId="6a4d37a2d0f2d813" isPrimary="true" isTestCase="true" isDynamic="false">
                    <codeReference assembly="SubSonic.Tests, Version=2.2.1.0, Culture=neutral, PublicKeyToken=null" namespace="SubSonic.Tests.SqlQuery" type="SubSonic.Tests.SqlQuery.SelectTests" member="Exec_SimpleWhere2" />
                    <codeLocation path="C:\data\SubsonicRoot\ss2\SubSonic.Tests\SqlQuery\SelectTests.cs" line="64" />
                    <metadata>
                      <entry key="TestKind">
                        <value>Test</value>
                      </entry>
                    </metadata>
                  </testStep>
                  <children />
                  <result assertCount="1" duration="0.0057608">
                    <outcome status="passed" />
                  </result>
                  <testLog>
                    <streams />
                    <attachments />
                  </testLog>
                </testStepRun>
                <testStepRun startTime="2011-08-05T16:39:17.3680955+09:30" endTime="2011-08-05T16:39:17.3680955+09:30">
                  <testStep id="6bdb9cf69332c787" name="Exec_SimpleWhereAnd" fullName="SubSonic.Tests/SelectTests/Exec_SimpleWhereAnd" testId="d6451bb4fabcbc28" isPrimary="true" isTestCase="true" isDynamic="false">
                    <codeReference assembly="SubSonic.Tests, Version=2.2.1.0, Culture=neutral, PublicKeyToken=null" namespace="SubSonic.Tests.SqlQuery" type="SubSonic.Tests.SqlQuery.SelectTests" member="Exec_SimpleWhereAnd" />
                    <codeLocation path="C:\data\SubsonicRoot\ss2\SubSonic.Tests\SqlQuery\SelectTests.cs" line="71" />
                    <metadata>
                      <entry key="TestKind">
                        <value>Test</value>
                      </entry>
                    </metadata>
                  </testStep>
                  <children />
                  <result assertCount="1" duration="0.0084487">
                    <outcome status="passed" />
                  </result>
                  <testLog>
                    <streams />
                    <attachments />
                  </testLog>
                </testStepRun>
                <testStepRun startTime="2011-08-05T16:39:17.3680955+09:30" endTime="2011-08-05T16:39:17.3837205+09:30">
                  <testStep id="f952ea0072914d08" name="Exec_SimpleWithTypedColumns" fullName="SubSonic.Tests/SelectTests/Exec_SimpleWithTypedColumns" testId="87ff466a71f0fac" isPrimary="true" isTestCase="true" isDynamic="false">
                    <codeReference assembly="SubSonic.Tests, Version=2.2.1.0, Culture=neutral, PublicKeyToken=null" namespace="SubSonic.Tests.SqlQuery" type="SubSonic.Tests.SqlQuery.SelectTests" member="Exec_SimpleWithTypedColumns" />
                    <codeLocation path="C:\data\SubsonicRoot\ss2\SubSonic.Tests\SqlQuery\SelectTests.cs" line="36" />
                    <metadata>
                      <entry key="TestKind">
                        <value>Test</value>
                      </entry>
                    </metadata>
                  </testStep>
                  <children />
                  <result assertCount="1" duration="0.0088002">
                    <outcome status="passed" />
                  </result>
                  <testLog>
                    <streams />
                    <attachments />
                  </testLog>
                </testStepRun>
                <testStepRun startTime="2011-08-05T16:39:17.3837205+09:30" endTime="2011-08-05T16:39:17.3993455+09:30">
                  <testStep id="a1c5104a86c86a5e" name="Exec_WithAllColumns" fullName="SubSonic.Tests/SelectTests/Exec_WithAllColumns" testId="8381811bae387097" isPrimary="true" isTestCase="true" isDynamic="false">
                    <codeReference assembly="SubSonic.Tests, Version=2.2.1.0, Culture=neutral, PublicKeyToken=null" namespace="SubSonic.Tests.SqlQuery" type="SubSonic.Tests.SqlQuery.SelectTests" member="Exec_WithAllColumns" />
                    <codeLocation path="C:\data\SubsonicRoot\ss2\SubSonic.Tests\SqlQuery\SelectTests.cs" line="50" />
                    <metadata>
                      <entry key="TestKind">
                        <value>Test</value>
                      </entry>
                    </metadata>
                  </testStep>
                  <children />
                  <result assertCount="1" duration="0.0079195999999999989">
                    <outcome status="passed" />
                  </result>
                  <testLog>
                    <streams />
                    <attachments />
                  </testLog>
                </testStepRun>
                <testStepRun startTime="2011-08-05T16:39:17.3993455+09:30" endTime="2011-08-05T16:39:17.4149705+09:30">
                  <testStep id="2d662cc1b9cd326" name="MySql_Should_Set_Logical_Deletes" fullName="SubSonic.Tests/SelectTests/MySql_Should_Set_Logical_Deletes" testId="6f93c3a1aa751344" isPrimary="true" isTestCase="true" isDynamic="false">
                    <codeReference assembly="SubSonic.Tests, Version=2.2.1.0, Culture=neutral, PublicKeyToken=null" namespace="SubSonic.Tests.SqlQuery" type="SubSonic.Tests.SqlQuery.SelectTests" member="MySql_Should_Set_Logical_Deletes" />
                    <codeLocation path="C:\data\SubsonicRoot\ss2\SubSonic.Tests\SqlQuery\SelectTests.cs" line="873" />
                    <metadata>
                      <entry key="TestKind">
                        <value>Test</value>
                      </entry>
                    </metadata>
                  </testStep>
                  <children />
                  <result assertCount="0" duration="0.0024637">
                    <outcome status="passed" />
                  </result>
                  <testLog>
                    <streams />
                    <attachments />
                  </testLog>
                </testStepRun>
                <testStepRun startTime="2011-08-05T16:39:17.4149705+09:30" endTime="2011-08-05T16:39:17.4305955+09:30">
                  <testStep id="71786ed95af9e752" name="Products_CollectionLoad2" fullName="SubSonic.Tests/SelectTests/Products_CollectionLoad2" testId="59070ef9a965d38c" isPrimary="true" isTestCase="true" isDynamic="false">
                    <codeReference assembly="SubSonic.Tests, Version=2.2.1.0, Culture=neutral, PublicKeyToken=null" namespace="SubSonic.Tests.SqlQuery" type="SubSonic.Tests.SqlQuery.SelectTests" member="Products_CollectionLoad2" />
                    <codeLocation path="C:\data\SubsonicRoot\ss2\SubSonic.Tests\SqlQuery\SelectTests.cs" line="590" />
                    <metadata>
                      <entry key="TestKind">
                        <value>Test</value>
                      </entry>
                    </metadata>
                  </testStep>
                  <children />
                  <result assertCount="1" duration="0.014432599999999999">
                    <outcome status="passed" />
                  </result>
                  <testLog>
                    <streams />
                    <attachments />
                  </testLog>
                </testStepRun>
                <testStepRun startTime="2011-08-05T16:39:17.4305955+09:30" endTime="2011-08-05T16:39:17.4462205+09:30">
                  <testStep id="33988b84781a5db5" name="Products_CollectionSample" fullName="SubSonic.Tests/SelectTests/Products_CollectionSample" testId="e43d556230ce8814" isPrimary="true" isTestCase="true" isDynamic="false">
                    <codeReference assembly="SubSonic.Tests, Version=2.2.1.0, Culture=neutral, PublicKeyToken=null" namespace="SubSonic.Tests.SqlQuery" type="SubSonic.Tests.SqlQuery.SelectTests" member="Products_CollectionSample" />
                    <codeLocation path="C:\data\SubsonicRoot\ss2\SubSonic.Tests\SqlQuery\SelectTests.cs" line="602" />
                    <metadata>
                      <entry key="TestKind">
                        <value>Test</value>
                      </entry>
                    </metadata>
                  </testStep>
                  <children />
                  <result assertCount="4" duration="0.017062">
                    <outcome status="passed" />
                  </result>
                  <testLog>
                    <streams />
                    <attachments />
                  </testLog>
                </testStepRun>
                <testStepRun startTime="2011-08-05T16:39:17.4462205+09:30" endTime="2011-08-05T16:39:17.4618455+09:30">
                  <testStep id="decaa227f589ab8b" name="Products_Sample" fullName="SubSonic.Tests/SelectTests/Products_Sample" testId="af960a2bc2f1179d" isPrimary="true" isTestCase="true" isDynamic="false">
                    <codeReference assembly="SubSonic.Tests, Version=2.2.1.0, Culture=neutral, PublicKeyToken=null" namespace="SubSonic.Tests.SqlQuery" type="SubSonic.Tests.SqlQuery.SelectTests" member="Products_Sample" />
                    <codeLocation path="C:\data\SubsonicRoot\ss2\SubSonic.Tests\SqlQuery\SelectTests.cs" line="572" />
                    <metadata>
                      <entry key="TestKind">
                        <value>Test</value>
                      </entry>
                    </metadata>
                  </testStep>
                  <children />
                  <result assertCount="4" duration="0.0115806">
                    <outcome status="passed" />
                  </result>
                  <testLog>
                    <streams />
                    <attachments />
                  </testLog>
                </testStepRun>
                <testStepRun startTime="2011-08-05T16:39:17.4618455+09:30" endTime="2011-08-05T16:39:17.4774705+09:30">
                  <testStep id="6eb83a1d6ebfd8df" name="Saving_String_Property_With_StringValue_Null_Results_In_NullValue_In_DB" fullName="SubSonic.Tests/SelectTests/Saving_String_Property_With_StringValue_Null_Results_In_NullValue_In_DB" testId="925ff536a5b8ff4d" isPrimary="true" isTestCase="true" isDynamic="false">
                    <codeReference assembly="SubSonic.Tests, Version=2.2.1.0, Culture=neutral, PublicKeyToken=null" namespace="SubSonic.Tests.SqlQuery" type="SubSonic.Tests.SqlQuery.SelectTests" member="Saving_String_Property_With_StringValue_Null_Results_In_NullValue_In_DB" />
                    <codeLocation path="C:\data\SubsonicRoot\ss2\SubSonic.Tests\SqlQuery\SelectTests.cs" line="859" />
                    <metadata>
                      <entry key="TestKind">
                        <value>Test</value>
                      </entry>
                    </metadata>
                  </testStep>
                  <children />
                  <result assertCount="2" duration="0.0098216">
                    <outcome status="passed" />
                  </result>
                  <testLog>
                    <streams />
                    <attachments />
                  </testLog>
                </testStepRun>
                <testStepRun startTime="2011-08-05T16:39:17.4774705+09:30" endTime="2011-08-05T16:39:17.4930955+09:30">
                  <testStep id="409ca981d5414a43" name="Select_Paged_Can_Covert_To_SqlQuery" fullName="SubSonic.Tests/SelectTests/Select_Paged_Can_Covert_To_SqlQuery" testId="9d6793bdba7ca3f4" isPrimary="true" isTestCase="true" isDynamic="false">
                    <codeReference assembly="SubSonic.Tests, Version=2.2.1.0, Culture=neutral, PublicKeyToken=null" namespace="SubSonic.Tests.SqlQuery" type="SubSonic.Tests.SqlQuery.SelectTests" member="Select_Paged_Can_Covert_To_SqlQuery" />
                    <codeLocation path="C:\data\SubsonicRoot\ss2\SubSonic.Tests\SqlQuery\SelectTests.cs" line="829" />
                    <metadata>
                      <entry key="TestKind">
                        <value>Test</value>
                      </entry>
                    </metadata>
                  </testStep>
                  <children />
                  <result assertCount="1" duration="0.01786">
                    <outcome status="passed" />
                  </result>
                  <testLog>
                    <streams />
                    <attachments />
                  </testLog>
                </testStepRun>
                <testStepRun startTime="2011-08-05T16:39:17.4930955+09:30" endTime="2011-08-05T16:39:17.5087205+09:30">
                  <testStep id="40b129d861107893" name="Select_Should_Work_With_SameColumn_Joins_UsingQualifiedColumns" fullName="SubSonic.Tests/SelectTests/Select_Should_Work_With_SameColumn_Joins_UsingQualifiedColumns" testId="6d2dfb81d1d8eb09" isPrimary="true" isTestCase="true" isDynamic="false">
                    <codeReference assembly="SubSonic.Tests, Version=2.2.1.0, Culture=neutral, PublicKeyToken=null" namespace="SubSonic.Tests.SqlQuery" type="SubSonic.Tests.SqlQuery.SelectTests" member="Select_Should_Work_With_SameColumn_Joins_UsingQualifiedColumns" />
                    <codeLocation path="C:\data\SubsonicRoot\ss2\SubSonic.Tests\SqlQuery\SelectTests.cs" line="662" />
                    <metadata>
                      <entry key="TestKind">
                        <value>Test</value>
                      </entry>
                    </metadata>
                  </testStep>
                  <children />
                  <result assertCount="1" duration="0.0033025">
                    <outcome status="passed" />
                  </result>
                  <testLog>
                    <streams />
                    <attachments />
                  </testLog>
                </testStepRun>
                <testStepRun startTime="2011-08-05T16:39:17.5087205+09:30" endTime="2011-08-05T16:39:17.5087205+09:30">
                  <testStep id="683bea49f4f55d2c" name="Select_Using_Contains_Ch_ShouldReturn_14_Records" fullName="SubSonic.Tests/SelectTests/Select_Using_Contains_Ch_ShouldReturn_14_Records" testId="dfe54cb0dd5f98a6" isPrimary="true" isTestCase="true" isDynamic="false">
                    <codeReference assembly="SubSonic.Tests, Version=2.2.1.0, Culture=neutral, PublicKeyToken=null" namespace="SubSonic.Tests.SqlQuery" type="SubSonic.Tests.SqlQuery.SelectTests" member="Select_Using_Contains_Ch_ShouldReturn_14_Records" />
                    <codeLocation path="C:\data\SubsonicRoot\ss2\SubSonic.Tests\SqlQuery\SelectTests.cs" line="695" />
                    <metadata>
                      <entry key="TestKind">
                        <value>Test</value>
                      </entry>
                    </metadata>
                  </testStep>
                  <children />
                  <result assertCount="1" duration="0.0055531999999999995">
                    <outcome status="passed" />
                  </result>
                  <testLog>
                    <streams />
                    <attachments />
                  </testLog>
                </testStepRun>
                <testStepRun startTime="2011-08-05T16:39:17.5243455+09:30" endTime="2011-08-05T16:39:17.5243455+09:30">
                  <testStep id="6aecd21862be21f7" name="Select_Using_EndsWith_S_ShouldReturn_9_Records" fullName="SubSonic.Tests/SelectTests/Select_Using_EndsWith_S_ShouldReturn_9_Records" testId="673af2a86975950a" isPrimary="true" isTestCase="true" isDynamic="false">
                    <codeReference assembly="SubSonic.Tests, Version=2.2.1.0, Culture=neutral, PublicKeyToken=null" namespace="SubSonic.Tests.SqlQuery" type="SubSonic.Tests.SqlQuery.SelectTests" member="Select_Using_EndsWith_S_ShouldReturn_9_Records" />
                    <codeLocation path="C:\data\SubsonicRoot\ss2\SubSonic.Tests\SqlQuery\SelectTests.cs" line="685" />
                    <metadata>
                      <entry key="TestKind">
                        <value>Test</value>
                      </entry>
                    </metadata>
                  </testStep>
                  <children />
                  <result assertCount="1" duration="0.0099616">
                    <outcome status="passed" />
                  </result>
                  <testLog>
                    <streams />
                    <attachments />
                  </testLog>
                </testStepRun>
                <testStepRun startTime="2011-08-05T16:39:17.5243455+09:30" endTime="2011-08-05T16:39:17.5399705+09:30">
                  <testStep id="7212f546fa645a13" name="Select_Using_StartsWith_C_ShouldReturn_9_Records" fullName="SubSonic.Tests/SelectTests/Select_Using_StartsWith_C_ShouldReturn_9_Records" testId="4823b2bae76ef92c" isPrimary="true" isTestCase="true" isDynamic="false">
                    <codeReference assembly="SubSonic.Tests, Version=2.2.1.0, Culture=neutral, PublicKeyToken=null" namespace="SubSonic.Tests.SqlQuery" type="SubSonic.Tests.SqlQuery.SelectTests" member="Select_Using_StartsWith_C_ShouldReturn_9_Records" />
                    <codeLocation path="C:\data\SubsonicRoot\ss2\SubSonic.Tests\SqlQuery\SelectTests.cs" line="676" />
                    <metadata>
                      <entry key="TestKind">
                        <value>Test</value>
                      </entry>
                    </metadata>
                  </testStep>
                  <children />
                  <result assertCount="1" duration="0.0108635">
                    <outcome status="passed" />
                  </result>
                  <testLog>
                    <streams />
                    <attachments />
                  </testLog>
                </testStepRun>
                <testStepRun startTime="2011-08-05T16:39:17.5399705+09:30" endTime="2011-08-05T16:39:17.5555955+09:30">
                  <testStep id="246f255c201d7945" name="Select_With_ExecuteTypedList_Should_Work_With_List_of_Guid" fullName="SubSonic.Tests/SelectTests/Select_With_ExecuteTypedList_Should_Work_With_List_of_Guid" testId="6882be85ac64b75c" isPrimary="true" isTestCase="true" isDynamic="false">
                    <codeReference assembly="SubSonic.Tests, Version=2.2.1.0, Culture=neutral, PublicKeyToken=null" namespace="SubSonic.Tests.SqlQuery" type="SubSonic.Tests.SqlQuery.SelectTests" member="Select_With_ExecuteTypedList_Should_Work_With_List_of_Guid" />
                    <codeLocation path="C:\data\SubsonicRoot\ss2\SubSonic.Tests\SqlQuery\SelectTests.cs" line="849" />
                    <metadata>
                      <entry key="TestKind">
                        <value>Test</value>
                      </entry>
                    </metadata>
                  </testStep>
                  <children />
                  <result assertCount="1" duration="0.014350499999999999">
                    <outcome status="passed" />
                  </result>
                  <testLog>
                    <streams />
                    <attachments />
                  </testLog>
                </testStepRun>
                <testStepRun startTime="2011-08-05T16:39:17.5712205+09:30" endTime="2011-08-05T16:39:17.5712205+09:30">
                  <testStep id="40cfad21fe88015e" name="SelectAllColumns_With_WhereExpression_And_QualifiedColumn_Formats_Where_Correctly" fullName="SubSonic.Tests/SelectTests/SelectAllColumns_With_WhereExpression_And_QualifiedColumn_Formats_Where_Correctly" testId="aaf55d8ecf4a3aca" isPrimary="true" isTestCase="true" isDynamic="false">
                    <codeReference assembly="SubSonic.Tests, Version=2.2.1.0, Culture=neutral, PublicKeyToken=null" namespace="SubSonic.Tests.SqlQuery" type="SubSonic.Tests.SqlQuery.SelectTests" member="SelectAllColumns_With_WhereExpression_And_QualifiedColumn_Formats_Where_Correctly" />
                    <codeLocation path="C:\data\SubsonicRoot\ss2\SubSonic.Tests\SqlQuery\SelectTests.cs" line="807" />
                    <metadata>
                      <entry key="TestKind">
                        <value>Test</value>
                      </entry>
                    </metadata>
                  </testStep>
                  <children />
                  <result assertCount="1" duration="0.0037903999999999998">
                    <outcome status="passed" />
                  </result>
                  <testLog>
                    <streams />
                    <attachments />
                  </testLog>
                </testStepRun>
                <testStepRun startTime="2011-08-05T16:39:17.5712205+09:30" endTime="2011-08-05T16:39:17.5868455+09:30">
                  <testStep id="9855eb07bff4ec51" name="SelectAllColumns_With_WhereExpression_And_QualifiedColumn_Formats_Where_Correctly_And_Executes" fullName="SubSonic.Tests/SelectTests/SelectAllColumns_With_WhereExpression_And_QualifiedColumn_Formats_Where_Correctly_And_Executes" testId="4aa38a4c4fdd36a4" isPrimary="true" isTestCase="true" isDynamic="false">
                    <codeReference assembly="SubSonic.Tests, Version=2.2.1.0, Culture=neutral, PublicKeyToken=null" namespace="SubSonic.Tests.SqlQuery" type="SubSonic.Tests.SqlQuery.SelectTests" member="SelectAllColumns_With_WhereExpression_And_QualifiedColumn_Formats_Where_Correctly_And_Executes" />
                    <codeLocation path="C:\data\SubsonicRoot\ss2\SubSonic.Tests\SqlQuery\SelectTests.cs" line="818" />
                    <metadata>
                      <entry key="TestKind">
                        <value>Test</value>
                      </entry>
                    </metadata>
                  </testStep>
                  <children />
                  <result assertCount="1" duration="0.0071227">
                    <outcome status="passed" />
                  </result>
                  <testLog>
                    <streams />
                    <attachments />
                  </testLog>
                </testStepRun>
                <testStepRun startTime="2011-08-05T16:39:17.5868455+09:30" endTime="2011-08-05T16:39:17.6024705+09:30">
                  <testStep id="fc634b6ecdedd291" name="SqlQuery_Can_Compare_Columns" fullName="SubSonic.Tests/SelectTests/SqlQuery_Can_Compare_Columns" testId="2df05ec3dee511f9" isPrimary="true" isTestCase="true" isDynamic="false">
                    <codeReference assembly="SubSonic.Tests, Version=2.2.1.0, Culture=neutral, PublicKeyToken=null" namespace="SubSonic.Tests.SqlQuery" type="SubSonic.Tests.SqlQuery.SelectTests" member="SqlQuery_Can_Compare_Columns" />
                    <codeLocation path="C:\data\SubsonicRoot\ss2\SubSonic.Tests\SqlQuery\SelectTests.cs" line="763" />
                    <metadata>
                      <entry key="TestKind">
                        <value>Test</value>
                      </entry>
                    </metadata>
                  </testStep>
                  <children />
                  <result assertCount="0" duration="0.0031000999999999997">
                    <outcome status="passed" />
                  </result>
                  <testLog>
                    <streams />
                    <attachments />
                  </testLog>
                </testStepRun>
                <testStepRun startTime="2011-08-05T16:39:17.6024705+09:30" endTime="2011-08-05T16:39:17.6180955+09:30">
                  <testStep id="2e83a9dd85c0f5f6" name="SqlQuery_GetRecordCount_should_handle_distinct" fullName="SubSonic.Tests/SelectTests/SqlQuery_GetRecordCount_should_handle_distinct" testId="dcd2987f84048384" isPrimary="true" isTestCase="true" isDynamic="false">
                    <codeReference assembly="SubSonic.Tests, Version=2.2.1.0, Culture=neutral, PublicKeyToken=null" namespace="SubSonic.Tests.SqlQuery" type="SubSonic.Tests.SqlQuery.SelectTests" member="SqlQuery_GetRecordCount_should_handle_distinct" />
                    <codeLocation path="C:\data\SubsonicRoot\ss2\SubSonic.Tests\SqlQuery\SelectTests.cs" line="756" />
                    <metadata>
                      <entry key="TestKind">
                        <value>Test</value>
                      </entry>
                    </metadata>
                  </testStep>
                  <children />
                  <result assertCount="1" duration="0.005526">
                    <outcome status="passed" />
                  </result>
                  <testLog>
                    <streams />
                    <attachments />
                  </testLog>
                </testStepRun>
                <testStepRun startTime="2011-08-05T16:39:17.6180955+09:30" endTime="2011-08-05T16:39:17.6337205+09:30">
                  <testStep id="e517dc50485c9c65" name="SqlQuery_should_handle_distinct" fullName="SubSonic.Tests/SelectTests/SqlQuery_should_handle_distinct" testId="7f9d77cad15d8604" isPrimary="true" isTestCase="true" isDynamic="false">
                    <codeReference assembly="SubSonic.Tests, Version=2.2.1.0, Culture=neutral, PublicKeyToken=null" namespace="SubSonic.Tests.SqlQuery" type="SubSonic.Tests.SqlQuery.SelectTests" member="SqlQuery_should_handle_distinct" />
                    <codeLocation path="C:\data\SubsonicRoot\ss2\SubSonic.Tests\SqlQuery\SelectTests.cs" line="742" />
                    <metadata>
                      <entry key="TestKind">
                        <value>Test</value>
                      </entry>
                    </metadata>
                  </testStep>
                  <children />
                  <result assertCount="1" duration="0.0271077">
                    <outcome status="passed" />
                  </result>
                  <testLog>
                    <streams />
                    <attachments />
                  </testLog>
                </testStepRun>
                <testStepRun startTime="2011-08-05T16:39:17.6337205+09:30" endTime="2011-08-05T16:39:17.6337205+09:30">
                  <testStep id="1a4860bdc8a4aaa0" name="SqlQuery_when_setting_distinct_it_should_set_IsDistinct" fullName="SubSonic.Tests/SelectTests/SqlQuery_when_setting_distinct_it_should_set_IsDistinct" testId="7f5df6eba006a3b0" isPrimary="true" isTestCase="true" isDynamic="false">
                    <codeReference assembly="SubSonic.Tests, Version=2.2.1.0, Culture=neutral, PublicKeyToken=null" namespace="SubSonic.Tests.SqlQuery" type="SubSonic.Tests.SqlQuery.SelectTests" member="SqlQuery_when_setting_distinct_it_should_set_IsDistinct" />
                    <codeLocation path="C:\data\SubsonicRoot\ss2\SubSonic.Tests\SqlQuery\SelectTests.cs" line="735" />
                    <metadata>
                      <entry key="TestKind">
                        <value>Test</value>
                      </entry>
                    </metadata>
                  </testStep>
                  <children />
                  <result assertCount="1" duration="0.0024335999999999997">
                    <outcome status="passed" />
                  </result>
                  <testLog>
                    <streams />
                    <attachments />
                  </testLog>
                </testStepRun>
                <testStepRun startTime="2011-08-05T16:39:17.6493455+09:30" endTime="2011-08-05T16:39:17.6649705+09:30">
                  <testStep id="599bc0b3c7733f1d" name="StoredProc_TypedList" fullName="SubSonic.Tests/SelectTests/StoredProc_TypedList" testId="56c2ce08c5f5f680" isPrimary="true" isTestCase="true" isDynamic="false">
                    <codeReference assembly="SubSonic.Tests, Version=2.2.1.0, Culture=neutral, PublicKeyToken=null" namespace="SubSonic.Tests.SqlQuery" type="SubSonic.Tests.SqlQuery.SelectTests" member="StoredProc_TypedList" />
                    <codeLocation path="C:\data\SubsonicRoot\ss2\SubSonic.Tests\SqlQuery\SelectTests.cs" line="653" />
                    <metadata>
                      <entry key="TestKind">
                        <value>Test</value>
                      </entry>
                    </metadata>
                  </testStep>
                  <children />
                  <result assertCount="1" duration="0.0216179">
                    <outcome status="passed" />
                  </result>
                  <testLog>
                    <streams />
                    <attachments />
                  </testLog>
                </testStepRun>
              </children>
              <result assertCount="77" duration="1.1067741">
                <outcome status="passed" />
              </result>
              <testLog>
                <streams />
                <attachments />
              </testLog>
            </testStepRun>
            <testStepRun startTime="2011-08-05T16:39:17.6649705+09:30" endTime="2011-08-05T16:39:17.9149705+09:30">
              <testStep id="a723007898c191e6" name="SPs" fullName="SubSonic.Tests/SPs" testId="88947b5ff026bc84" isPrimary="true" isTestCase="false" isDynamic="false">
                <codeReference assembly="SubSonic.Tests, Version=2.2.1.0, Culture=neutral, PublicKeyToken=null" namespace="SubSonic.Tests" type="SubSonic.Tests.SPs" />
                <codeLocation path="C:\data\SubsonicRoot\ss2\SubSonic.Tests\SPs.cs" />
                <metadata>
                  <entry key="TestKind">
                    <value>Fixture</value>
                  </entry>
                </metadata>
              </testStep>
              <children>
                <testStepRun startTime="2011-08-05T16:39:17.6805955+09:30" endTime="2011-08-05T16:39:17.7118455+09:30">
                  <testStep id="48e375bbdd2f5464" name="SP_Can_Execute_JSON_Result" fullName="SubSonic.Tests/SPs/SP_Can_Execute_JSON_Result" testId="7ac2a8ddcd10c009" isPrimary="true" isTestCase="true" isDynamic="false">
                    <codeReference assembly="SubSonic.Tests, Version=2.2.1.0, Culture=neutral, PublicKeyToken=null" namespace="SubSonic.Tests" type="SubSonic.Tests.SPs" member="SP_Can_Execute_JSON_Result" />
                    <codeLocation path="C:\data\SubsonicRoot\ss2\SubSonic.Tests\SPs.cs" line="229" />
                    <metadata>
                      <entry key="TestKind">
                        <value>Test</value>
                      </entry>
                    </metadata>
                  </testStep>
                  <children />
                  <result assertCount="1" duration="0.0395789">
                    <outcome status="passed" />
                  </result>
                  <testLog>
                    <streams />
                    <attachments />
                  </testLog>
                </testStepRun>
                <testStepRun startTime="2011-08-05T16:39:17.7274705+09:30" endTime="2011-08-05T16:39:17.7430955+09:30">
                  <testStep id="a66d1590bb2d0c56" name="SP_CustOrderHist_Should_Have_Qualified_CommandSQL" fullName="SubSonic.Tests/SPs/SP_CustOrderHist_Should_Have_Qualified_CommandSQL" testId="af9eeab672e34f3c" isPrimary="true" isTestCase="true" isDynamic="false">
                    <codeReference assembly="SubSonic.Tests, Version=2.2.1.0, Culture=neutral, PublicKeyToken=null" namespace="SubSonic.Tests" type="SubSonic.Tests.SPs" member="SP_CustOrderHist_Should_Have_Qualified_CommandSQL" />
                    <codeLocation path="C:\data\SubsonicRoot\ss2\SubSonic.Tests\SPs.cs" line="73" />
                    <metadata>
                      <entry key="TestKind">
                        <value>Test</value>
                      </entry>
                    </metadata>
                  </testStep>
                  <children />
                  <result assertCount="1" duration="0.023772099999999997">
                    <outcome status="passed" />
                  </result>
                  <testLog>
                    <streams />
                    <attachments />
                  </testLog>
                </testStepRun>
                <testStepRun startTime="2011-08-05T16:39:17.7430955+09:30" endTime="2011-08-05T16:39:17.7587205+09:30">
                  <testStep id="70d611505a171047" name="SP_CustOrderHist_Should_Have_QualifiedName" fullName="SubSonic.Tests/SPs/SP_CustOrderHist_Should_Have_QualifiedName" testId="a9c9721192e7a74d" isPrimary="true" isTestCase="true" isDynamic="false">
                    <codeReference assembly="SubSonic.Tests, Version=2.2.1.0, Culture=neutral, PublicKeyToken=null" namespace="SubSonic.Tests" type="SubSonic.Tests.SPs" member="SP_CustOrderHist_Should_Have_QualifiedName" />
                    <codeLocation path="C:\data\SubsonicRoot\ss2\SubSonic.Tests\SPs.cs" line="65" />
                    <metadata>
                      <entry key="TestKind">
                        <value>Test</value>
                      </entry>
                    </metadata>
                  </testStep>
                  <children />
                  <result assertCount="1" duration="0.0087242">
                    <outcome status="passed" />
                  </result>
                  <testLog>
                    <streams />
                    <attachments />
                  </testLog>
                </testStepRun>
                <testStepRun startTime="2011-08-05T16:39:17.7587205+09:30" endTime="2011-08-05T16:39:17.7743455+09:30">
                  <testStep id="526cef230912b5b" name="SP_CustOrderHist_TypedSP_Should_Have_Qualified_CommandSQL" fullName="SubSonic.Tests/SPs/SP_CustOrderHist_TypedSP_Should_Have_Qualified_CommandSQL" testId="a907c2ba9df3f9ba" isPrimary="true" isTestCase="true" isDynamic="false">
                    <codeReference assembly="SubSonic.Tests, Version=2.2.1.0, Culture=neutral, PublicKeyToken=null" namespace="SubSonic.Tests" type="SubSonic.Tests.SPs" member="SP_CustOrderHist_TypedSP_Should_Have_Qualified_CommandSQL" />
                    <codeLocation path="C:\data\SubsonicRoot\ss2\SubSonic.Tests\SPs.cs" line="81" />
                    <metadata>
                      <entry key="TestKind">
                        <value>Test</value>
                      </entry>
                    </metadata>
                  </testStep>
                  <children />
                  <result assertCount="1" duration="0.0046086999999999994">
                    <outcome status="passed" />
                  </result>
                  <testLog>
                    <streams />
                    <attachments />
                  </testLog>
                </testStepRun>
                <testStepRun startTime="2011-08-05T16:39:17.7743455+09:30" endTime="2011-08-05T16:39:17.7899705+09:30">
                  <testStep id="cf8174f793cb4eb5" name="SP_DSTest" fullName="SubSonic.Tests/SPs/SP_DSTest" testId="7160661ba5b4f87" isPrimary="true" isTestCase="true" isDynamic="false">
                    <codeReference assembly="SubSonic.Tests, Version=2.2.1.0, Culture=neutral, PublicKeyToken=null" namespace="SubSonic.Tests" type="SubSonic.Tests.SPs" member="SP_DSTest" />
                    <codeLocation path="C:\data\SubsonicRoot\ss2\SubSonic.Tests\SPs.cs" line="126" />
                    <metadata>
                      <entry key="TestKind">
                        <value>Test</value>
                      </entry>
                    </metadata>
                  </testStep>
                  <children />
                  <result assertCount="1" duration="0.0081123999999999988">
                    <outcome status="passed" />
                  </result>
                  <testLog>
                    <streams />
                    <attachments />
                  </testLog>
                </testStepRun>
                <testStepRun startTime="2011-08-05T16:39:17.7899705+09:30" endTime="2011-08-05T16:39:17.8055955+09:30">
                  <testStep id="ef3bc19ad116692a" name="SP_Outputs" fullName="SubSonic.Tests/SPs/SP_Outputs" testId="8a3e7cfbf064fdcd" isPrimary="true" isTestCase="true" isDynamic="false">
                    <codeReference assembly="SubSonic.Tests, Version=2.2.1.0, Culture=neutral, PublicKeyToken=null" namespace="SubSonic.Tests" type="SubSonic.Tests.SPs" member="SP_Outputs" />
                    <codeLocation path="C:\data\SubsonicRoot\ss2\SubSonic.Tests\SPs.cs" line="140" />
                    <metadata>
                      <entry key="TestKind">
                        <value>Test</value>
                      </entry>
                    </metadata>
                  </testStep>
                  <children />
                  <result assertCount="2" duration="0.0113954">
                    <outcome status="passed" />
                  </result>
                  <testLog>
                    <streams />
                    <attachments />
                  </testLog>
                </testStepRun>
                <testStepRun startTime="2011-08-05T16:39:17.8055955+09:30" endTime="2011-08-05T16:39:17.8212205+09:30">
                  <testStep id="821edc96b4bc2599" name="SP_Outputs_DefaultProvider" fullName="SubSonic.Tests/SPs/SP_Outputs_DefaultProvider" testId="54b385f985ea3ada" isPrimary="true" isTestCase="true" isDynamic="false">
                    <codeReference assembly="SubSonic.Tests, Version=2.2.1.0, Culture=neutral, PublicKeyToken=null" namespace="SubSonic.Tests" type="SubSonic.Tests.SPs" member="SP_Outputs_DefaultProvider" />
                    <codeLocation path="C:\data\SubsonicRoot\ss2\SubSonic.Tests\SPs.cs" line="160" />
                    <metadata>
                      <entry key="TestKind">
                        <value>Test</value>
                      </entry>
                    </metadata>
                  </testStep>
                  <children />
                  <result assertCount="2" duration="0.0062055">
                    <outcome status="passed" />
                  </result>
                  <testLog>
                    <streams />
                    <attachments />
                  </testLog>
                </testStepRun>
                <testStepRun startTime="2011-08-05T16:39:17.8212205+09:30" endTime="2011-08-05T16:39:17.8368455+09:30">
                  <testStep id="f7e1f7bfc0b990aa" name="SP_QuickDataSet" fullName="SubSonic.Tests/SPs/SP_QuickDataSet" testId="85f475848b5528df" isPrimary="true" isTestCase="true" isDynamic="false">
                    <codeReference assembly="SubSonic.Tests, Version=2.2.1.0, Culture=neutral, PublicKeyToken=null" namespace="SubSonic.Tests" type="SubSonic.Tests.SPs" member="SP_QuickDataSet" />
                    <codeLocation path="C:\data\SubsonicRoot\ss2\SubSonic.Tests\SPs.cs" line="197" />
                    <metadata>
                      <entry key="TestKind">
                        <value>Test</value>
                      </entry>
                    </metadata>
                  </testStep>
                  <children />
                  <result assertCount="1" duration="0.0088531">
                    <outcome status="passed" />
                  </result>
                  <testLog>
                    <streams />
                    <attachments />
                  </testLog>
                </testStepRun>
                <testStepRun startTime="2011-08-05T16:39:17.8368455+09:30" endTime="2011-08-05T16:39:17.8368455+09:30">
                  <testStep id="f5df293b1b22e1d4" name="SP_QuickReader" fullName="SubSonic.Tests/SPs/SP_QuickReader" testId="433e79030503e791" isPrimary="true" isTestCase="true" isDynamic="false">
                    <codeReference assembly="SubSonic.Tests, Version=2.2.1.0, Culture=neutral, PublicKeyToken=null" namespace="SubSonic.Tests" type="SubSonic.Tests.SPs" member="SP_QuickReader" />
                    <codeLocation path="C:\data\SubsonicRoot\ss2\SubSonic.Tests\SPs.cs" line="180" />
                    <metadata>
                      <entry key="TestKind">
                        <value>Test</value>
                      </entry>
                    </metadata>
                  </testStep>
                  <children />
                  <result assertCount="1" duration="0.0064766">
                    <outcome status="passed" />
                  </result>
                  <testLog>
                    <streams />
                    <attachments />
                  </testLog>
                </testStepRun>
                <testStepRun startTime="2011-08-05T16:39:17.8524705+09:30" endTime="2011-08-05T16:39:17.8524705+09:30">
                  <testStep id="107bc106f3fda845" name="SP_ReaderTest" fullName="SubSonic.Tests/SPs/SP_ReaderTest" testId="e282a136067cd032" isPrimary="true" isTestCase="true" isDynamic="false">
                    <codeReference assembly="SubSonic.Tests, Version=2.2.1.0, Culture=neutral, PublicKeyToken=null" namespace="SubSonic.Tests" type="SubSonic.Tests.SPs" member="SP_ReaderTest" />
                    <codeLocation path="C:\data\SubsonicRoot\ss2\SubSonic.Tests\SPs.cs" line="92" />
                    <metadata>
                      <entry key="TestKind">
                        <value>Test</value>
                      </entry>
                    </metadata>
                  </testStep>
                  <children />
                  <result assertCount="1" duration="0.0052702999999999995">
                    <outcome status="passed" />
                  </result>
                  <testLog>
                    <streams />
                    <attachments />
                  </testLog>
                </testStepRun>
                <testStepRun startTime="2011-08-05T16:39:17.8524705+09:30" endTime="2011-08-05T16:39:17.8680955+09:30">
                  <testStep id="86febe5c77f4b66f" name="SP_ScalarTest" fullName="SubSonic.Tests/SPs/SP_ScalarTest" testId="c0e0813a8e24c5af" isPrimary="true" isTestCase="true" isDynamic="false">
                    <codeReference assembly="SubSonic.Tests, Version=2.2.1.0, Culture=neutral, PublicKeyToken=null" namespace="SubSonic.Tests" type="SubSonic.Tests.SPs" member="SP_ScalarTest" />
                    <codeLocation path="C:\data\SubsonicRoot\ss2\SubSonic.Tests\SPs.cs" line="112" />
                    <metadata>
                      <entry key="TestKind">
                        <value>Test</value>
                      </entry>
                    </metadata>
                  </testStep>
                  <children />
                  <result assertCount="1" duration="0.0080287999999999991">
                    <outcome status="passed" />
                  </result>
                  <testLog>
                    <streams />
                    <attachments />
                  </testLog>
                </testStepRun>
                <testStepRun startTime="2011-08-05T16:39:17.8680955+09:30" endTime="2011-08-05T16:39:17.8837205+09:30">
                  <testStep id="2059abf917fbb30c" name="SP_Schema_Should_Load_10_SPs" fullName="SubSonic.Tests/SPs/SP_Schema_Should_Load_10_SPs" testId="2ad22264b70bd8d6" isPrimary="true" isTestCase="true" isDynamic="false">
                    <codeReference assembly="SubSonic.Tests, Version=2.2.1.0, Culture=neutral, PublicKeyToken=null" namespace="SubSonic.Tests" type="SubSonic.Tests.SPs" member="SP_Schema_Should_Load_10_SPs" />
                    <codeLocation path="C:\data\SubsonicRoot\ss2\SubSonic.Tests\SPs.cs" line="49" />
                    <metadata>
                      <entry key="TestKind">
                        <value>Test</value>
                      </entry>
                    </metadata>
                  </testStep>
                  <children />
                  <result assertCount="1" duration="0.0102445">
                    <outcome status="passed" />
                  </result>
                  <testLog>
                    <streams />
                    <attachments />
                  </testLog>
                </testStepRun>
                <testStepRun startTime="2011-08-05T16:39:17.8837205+09:30" endTime="2011-08-05T16:39:17.8993455+09:30">
                  <testStep id="dea886765bc376df" name="SP_Schema_Should_Load_With_Schema_Name" fullName="SubSonic.Tests/SPs/SP_Schema_Should_Load_With_Schema_Name" testId="5a3b608b22e938aa" isPrimary="true" isTestCase="true" isDynamic="false">
                    <codeReference assembly="SubSonic.Tests, Version=2.2.1.0, Culture=neutral, PublicKeyToken=null" namespace="SubSonic.Tests" type="SubSonic.Tests.SPs" member="SP_Schema_Should_Load_With_Schema_Name" />
                    <codeLocation path="C:\data\SubsonicRoot\ss2\SubSonic.Tests\SPs.cs" line="57" />
                    <metadata>
                      <entry key="TestKind">
                        <value>Test</value>
                      </entry>
                    </metadata>
                  </testStep>
                  <children />
                  <result assertCount="1" duration="0.0108519">
                    <outcome status="passed" />
                  </result>
                  <testLog>
                    <streams />
                    <attachments />
                  </testLog>
                </testStepRun>
                <testStepRun startTime="2011-08-05T16:39:17.8993455+09:30" endTime="2011-08-05T16:39:17.8993455+09:30">
                  <testStep id="3eeade8a6fbca81a" name="SP_Should_Execute_Without_Parameter" fullName="SubSonic.Tests/SPs/SP_Should_Execute_Without_Parameter" testId="5ad8fc74df6a3527" isPrimary="true" isTestCase="true" isDynamic="false">
                    <codeReference assembly="SubSonic.Tests, Version=2.2.1.0, Culture=neutral, PublicKeyToken=null" namespace="SubSonic.Tests" type="SubSonic.Tests.SPs" member="SP_Should_Execute_Without_Parameter" />
                    <codeLocation path="C:\data\SubsonicRoot\ss2\SubSonic.Tests\SPs.cs" line="203" />
                    <metadata>
                      <entry key="TestKind">
                        <value>Test</value>
                      </entry>
                    </metadata>
                  </testStep>
                  <children />
                  <result assertCount="1" duration="0.0036016999999999998">
                    <outcome status="passed" />
                  </result>
                  <testLog>
                    <streams />
                    <attachments />
                  </testLog>
                </testStepRun>
                <testStepRun startTime="2011-08-05T16:39:17.9149705+09:30" endTime="2011-08-05T16:39:17.9149705+09:30">
                  <testStep id="7fadb8a305d03778" name="SP_Should_Execute_Without_Parameter2" fullName="SubSonic.Tests/SPs/SP_Should_Execute_Without_Parameter2" testId="62cc4104c2c8176a" isPrimary="true" isTestCase="true" isDynamic="false">
                    <codeReference assembly="SubSonic.Tests, Version=2.2.1.0, Culture=neutral, PublicKeyToken=null" namespace="SubSonic.Tests" type="SubSonic.Tests.SPs" member="SP_Should_Execute_Without_Parameter2" />
                    <codeLocation path="C:\data\SubsonicRoot\ss2\SubSonic.Tests\SPs.cs" line="215" />
                    <metadata>
                      <entry key="TestKind">
                        <value>Test</value>
                      </entry>
                    </metadata>
                  </testStep>
                  <children />
                  <result assertCount="1" duration="0.0103001">
                    <outcome status="passed" />
                  </result>
                  <testLog>
                    <streams />
                    <attachments />
                  </testLog>
                </testStepRun>
              </children>
              <result assertCount="17" duration="0.2451966">
                <outcome status="passed" />
              </result>
              <testLog>
                <streams />
                <attachments />
              </testLog>
            </testStepRun>
            <testStepRun startTime="2011-08-05T16:39:17.9149705+09:30" endTime="2011-08-05T16:39:18.2118455+09:30">
              <testStep id="f374f69fe0249b81" name="SqlServerParserTests" fullName="SubSonic.Tests/SqlServerParserTests" testId="60b90858aa342229" isPrimary="true" isTestCase="false" isDynamic="false">
                <codeReference assembly="SubSonic.Tests, Version=2.2.1.0, Culture=neutral, PublicKeyToken=null" namespace="SubSonic.Tests.SqlQuery" type="SubSonic.Tests.SqlQuery.SqlServerParserTests" />
                <codeLocation path="C:\data\SubsonicRoot\ss2\SubSonic.Tests\SqlGenerators\SqlServerGeneratorTests.cs" />
                <metadata>
                  <entry key="TestKind">
                    <value>Fixture</value>
                  </entry>
                </metadata>
              </testStep>
              <children>
                <testStepRun startTime="2011-08-05T16:39:17.9305955+09:30" endTime="2011-08-05T16:39:17.9305955+09:30">
                  <testStep id="feb64df61a6a660b" name="Add_Column" fullName="SubSonic.Tests/SqlServerParserTests/Add_Column" testId="b038d3afb3264e1f" isPrimary="true" isTestCase="true" isDynamic="false">
                    <codeReference assembly="SubSonic.Tests, Version=2.2.1.0, Culture=neutral, PublicKeyToken=null" namespace="SubSonic.Tests.SqlQuery" type="SubSonic.Tests.SqlQuery.SqlServerParserTests" member="Add_Column" />
                    <codeLocation path="C:\data\SubsonicRoot\ss2\SubSonic.Tests\SqlGenerators\SqlServerGeneratorTests.cs" line="258" />
                    <metadata>
                      <entry key="TestKind">
                        <value>Test</value>
                      </entry>
                    </metadata>
                  </testStep>
                  <children />
                  <result assertCount="1" duration="0.0025767">
                    <outcome status="passed" />
                  </result>
                  <testLog>
                    <streams />
                    <attachments />
                  </testLog>
                </testStepRun>
                <testStepRun startTime="2011-08-05T16:39:17.9305955+09:30" endTime="2011-08-05T16:39:17.9462205+09:30">
                  <testStep id="75c69af90b41e316" name="Aggregate_Count" fullName="SubSonic.Tests/SqlServerParserTests/Aggregate_Count" testId="fe33148885157218" isPrimary="true" isTestCase="true" isDynamic="false">
                    <codeReference assembly="SubSonic.Tests, Version=2.2.1.0, Culture=neutral, PublicKeyToken=null" namespace="SubSonic.Tests.SqlQuery" type="SubSonic.Tests.SqlQuery.SqlServerParserTests" member="Aggregate_Count" />
                    <codeLocation path="C:\data\SubsonicRoot\ss2\SubSonic.Tests\SqlGenerators\SqlServerGeneratorTests.cs" line="111" />
                    <metadata>
                      <entry key="TestKind">
                        <value>Test</value>
                      </entry>
                    </metadata>
                  </testStep>
                  <children />
                  <result assertCount="1" duration="0.0030009999999999998">
                    <outcome status="passed" />
                  </result>
                  <testLog>
                    <streams />
                    <attachments />
                  </testLog>
                </testStepRun>
                <testStepRun startTime="2011-08-05T16:39:17.9462205+09:30" endTime="2011-08-05T16:39:17.9618455+09:30">
                  <testStep id="f0362bef118494d8" name="Alter_Column" fullName="SubSonic.Tests/SqlServerParserTests/Alter_Column" testId="230b5d41c88cd9d3" isPrimary="true" isTestCase="true" isDynamic="false">
                    <codeReference assembly="SubSonic.Tests, Version=2.2.1.0, Culture=neutral, PublicKeyToken=null" namespace="SubSonic.Tests.SqlQuery" type="SubSonic.Tests.SqlQuery.SqlServerParserTests" member="Alter_Column" />
                    <codeLocation path="C:\data\SubsonicRoot\ss2\SubSonic.Tests\SqlGenerators\SqlServerGeneratorTests.cs" line="273" />
                    <metadata>
                      <entry key="TestKind">
                        <value>Test</value>
                      </entry>
                    </metadata>
                  </testStep>
                  <children />
                  <result assertCount="1" duration="0.0051297">
                    <outcome status="passed" />
                  </result>
                  <testLog>
                    <streams />
                    <attachments />
                  </testLog>
                </testStepRun>
                <testStepRun startTime="2011-08-05T16:39:17.9618455+09:30" endTime="2011-08-05T16:39:17.9774705+09:30">
                  <testStep id="dd1d07d252858728" name="Create_Table" fullName="SubSonic.Tests/SqlServerParserTests/Create_Table" testId="b23686f1b213f7ff" isPrimary="true" isTestCase="true" isDynamic="false">
                    <codeReference assembly="SubSonic.Tests, Version=2.2.1.0, Culture=neutral, PublicKeyToken=null" namespace="SubSonic.Tests.SqlQuery" type="SubSonic.Tests.SqlQuery.SqlServerParserTests" member="Create_Table" />
                    <codeLocation path="C:\data\SubsonicRoot\ss2\SubSonic.Tests\SqlGenerators\SqlServerGeneratorTests.cs" line="248" />
                    <metadata>
                      <entry key="TestKind">
                        <value>Test</value>
                      </entry>
                    </metadata>
                  </testStep>
                  <children />
                  <result assertCount="1" duration="0.0038574">
                    <outcome status="passed" />
                  </result>
                  <testLog>
                    <streams />
                    <attachments />
                  </testLog>
                </testStepRun>
                <testStepRun startTime="2011-08-05T16:39:17.9774705+09:30" endTime="2011-08-05T16:39:17.9930955+09:30">
                  <testStep id="1fe75d22b91f8937" name="Drop_Table" fullName="SubSonic.Tests/SqlServerParserTests/Drop_Table" testId="76cb5cc148d15d12" isPrimary="true" isTestCase="true" isDynamic="false">
                    <codeReference assembly="SubSonic.Tests, Version=2.2.1.0, Culture=neutral, PublicKeyToken=null" namespace="SubSonic.Tests.SqlQuery" type="SubSonic.Tests.SqlQuery.SqlServerParserTests" member="Drop_Table" />
                    <codeLocation path="C:\data\SubsonicRoot\ss2\SubSonic.Tests\SqlGenerators\SqlServerGeneratorTests.cs" line="240" />
                    <metadata>
                      <entry key="TestKind">
                        <value>Test</value>
                      </entry>
                    </metadata>
                  </testStep>
                  <children />
                  <result assertCount="1" duration="0.0022808">
                    <outcome status="passed" />
                  </result>
                  <testLog>
                    <streams />
                    <attachments />
                  </testLog>
                </testStepRun>
                <testStepRun startTime="2011-08-05T16:39:17.9930955+09:30" endTime="2011-08-05T16:39:17.9930955+09:30">
                  <testStep id="48cc5033367592bd" name="Join_CreateImplicit" fullName="SubSonic.Tests/SqlServerParserTests/Join_CreateImplicit" testId="6b04afe64d308ac5" isPrimary="true" isTestCase="true" isDynamic="false">
                    <codeReference assembly="SubSonic.Tests, Version=2.2.1.0, Culture=neutral, PublicKeyToken=null" namespace="SubSonic.Tests.SqlQuery" type="SubSonic.Tests.SqlQuery.SqlServerParserTests" member="Join_CreateImplicit" />
                    <codeLocation path="C:\data\SubsonicRoot\ss2\SubSonic.Tests\SqlGenerators\SqlServerGeneratorTests.cs" line="65" />
                    <metadata>
                      <entry key="TestKind">
                        <value>Test</value>
                      </entry>
                    </metadata>
                  </testStep>
                  <children />
                  <result assertCount="2" duration="0.0082804">
                    <outcome status="passed" />
                  </result>
                  <testLog>
                    <streams />
                    <attachments />
                  </testLog>
                </testStepRun>
                <testStepRun startTime="2011-08-05T16:39:17.9930955+09:30" endTime="2011-08-05T16:39:18.0087205+09:30">
                  <testStep id="166d68e94e8060a1" name="Join_CreateImplicit_Reversed" fullName="SubSonic.Tests/SqlServerParserTests/Join_CreateImplicit_Reversed" testId="93ecceb46b6af8ef" isPrimary="true" isTestCase="true" isDynamic="false">
                    <codeReference assembly="SubSonic.Tests, Version=2.2.1.0, Culture=neutral, PublicKeyToken=null" namespace="SubSonic.Tests.SqlQuery" type="SubSonic.Tests.SqlQuery.SqlServerParserTests" member="Join_CreateImplicit_Reversed" />
                    <codeLocation path="C:\data\SubsonicRoot\ss2\SubSonic.Tests\SqlGenerators\SqlServerGeneratorTests.cs" line="73" />
                    <metadata>
                      <entry key="TestKind">
                        <value>Test</value>
                      </entry>
                    </metadata>
                  </testStep>
                  <children />
                  <result assertCount="2" duration="0.0038247999999999997">
                    <outcome status="passed" />
                  </result>
                  <testLog>
                    <streams />
                    <attachments />
                  </testLog>
                </testStepRun>
                <testStepRun startTime="2011-08-05T16:39:18.0087205+09:30" endTime="2011-08-05T16:39:18.0087205+09:30">
                  <testStep id="9f6317175027ac4b" name="Join_Cross" fullName="SubSonic.Tests/SqlServerParserTests/Join_Cross" testId="145dc48b903294de" isPrimary="true" isTestCase="true" isDynamic="false">
                    <codeReference assembly="SubSonic.Tests, Version=2.2.1.0, Culture=neutral, PublicKeyToken=null" namespace="SubSonic.Tests.SqlQuery" type="SubSonic.Tests.SqlQuery.SqlServerParserTests" member="Join_Cross" />
                    <codeLocation path="C:\data\SubsonicRoot\ss2\SubSonic.Tests\SqlGenerators\SqlServerGeneratorTests.cs" line="216" />
                    <metadata>
                      <entry key="TestKind">
                        <value>Test</value>
                      </entry>
                    </metadata>
                  </testStep>
                  <children />
                  <result assertCount="1" duration="0.0057208">
                    <outcome status="passed" />
                  </result>
                  <testLog>
                    <streams />
                    <attachments />
                  </testLog>
                </testStepRun>
                <testStepRun startTime="2011-08-05T16:39:18.0243455+09:30" endTime="2011-08-05T16:39:18.0243455+09:30">
                  <testStep id="98d4eb5002da2208" name="Join_RightOuter" fullName="SubSonic.Tests/SqlServerParserTests/Join_RightOuter" testId="14656463e04d232d" isPrimary="true" isTestCase="true" isDynamic="false">
                    <codeReference assembly="SubSonic.Tests, Version=2.2.1.0, Culture=neutral, PublicKeyToken=null" namespace="SubSonic.Tests.SqlQuery" type="SubSonic.Tests.SqlQuery.SqlServerParserTests" member="Join_RightOuter" />
                    <codeLocation path="C:\data\SubsonicRoot\ss2\SubSonic.Tests\SqlGenerators\SqlServerGeneratorTests.cs" line="204" />
                    <metadata>
                      <entry key="TestKind">
                        <value>Test</value>
                      </entry>
                    </metadata>
                  </testStep>
                  <children />
                  <result assertCount="1" duration="0.0052375">
                    <outcome status="passed" />
                  </result>
                  <testLog>
                    <streams />
                    <attachments />
                  </testLog>
                </testStepRun>
                <testStepRun startTime="2011-08-05T16:39:18.0243455+09:30" endTime="2011-08-05T16:39:18.0399705+09:30">
                  <testStep id="373a1835e9c1ae9f" name="Join_Unequal" fullName="SubSonic.Tests/SqlServerParserTests/Join_Unequal" testId="a81dd1f180303cf2" isPrimary="true" isTestCase="true" isDynamic="false">
                    <codeReference assembly="SubSonic.Tests, Version=2.2.1.0, Culture=neutral, PublicKeyToken=null" namespace="SubSonic.Tests.SqlQuery" type="SubSonic.Tests.SqlQuery.SqlServerParserTests" member="Join_Unequal" />
                    <codeLocation path="C:\data\SubsonicRoot\ss2\SubSonic.Tests\SqlGenerators\SqlServerGeneratorTests.cs" line="228" />
                    <metadata>
                      <entry key="TestKind">
                        <value>Test</value>
                      </entry>
                    </metadata>
                  </testStep>
                  <children />
                  <result assertCount="1" duration="0.0072083999999999994">
                    <outcome status="passed" />
                  </result>
                  <testLog>
                    <streams />
                    <attachments />
                  </testLog>
                </testStepRun>
                <testStepRun startTime="2011-08-05T16:39:18.0399705+09:30" endTime="2011-08-05T16:39:18.0399705+09:30">
                  <testStep id="27624290139a14a5" name="Remove_Column" fullName="SubSonic.Tests/SqlServerParserTests/Remove_Column" testId="55d0b3a9aa2fc7b5" isPrimary="true" isTestCase="true" isDynamic="false">
                    <codeReference assembly="SubSonic.Tests, Version=2.2.1.0, Culture=neutral, PublicKeyToken=null" namespace="SubSonic.Tests.SqlQuery" type="SubSonic.Tests.SqlQuery.SqlServerParserTests" member="Remove_Column" />
                    <codeLocation path="C:\data\SubsonicRoot\ss2\SubSonic.Tests\SqlGenerators\SqlServerGeneratorTests.cs" line="288" />
                    <metadata>
                      <entry key="TestKind">
                        <value>Test</value>
                      </entry>
                    </metadata>
                  </testStep>
                  <children />
                  <result assertCount="1" duration="0.0089222">
                    <outcome status="passed" />
                  </result>
                  <testLog>
                    <streams />
                    <attachments />
                  </testLog>
                </testStepRun>
                <testStepRun startTime="2011-08-05T16:39:18.0555955+09:30" endTime="2011-08-05T16:39:18.0555955+09:30">
                  <testStep id="79499a72cd3bcf51" name="Select_BetweenAnd" fullName="SubSonic.Tests/SqlServerParserTests/Select_BetweenAnd" testId="cd33398885417e68" isPrimary="true" isTestCase="true" isDynamic="false">
                    <codeReference assembly="SubSonic.Tests, Version=2.2.1.0, Culture=neutral, PublicKeyToken=null" namespace="SubSonic.Tests.SqlQuery" type="SubSonic.Tests.SqlQuery.SqlServerParserTests" member="Select_BetweenAnd" />
                    <codeLocation path="C:\data\SubsonicRoot\ss2\SubSonic.Tests\SqlGenerators\SqlServerGeneratorTests.cs" line="101" />
                    <metadata>
                      <entry key="TestKind">
                        <value>Test</value>
                      </entry>
                    </metadata>
                  </testStep>
                  <children />
                  <result assertCount="1" duration="0.0069914">
                    <outcome status="passed" />
                  </result>
                  <testLog>
                    <streams />
                    <attachments />
                  </testLog>
                </testStepRun>
                <testStepRun startTime="2011-08-05T16:39:18.0555955+09:30" endTime="2011-08-05T16:39:18.0712205+09:30">
                  <testStep id="866b31446f6835ae" name="Select_ColumnList_Specified" fullName="SubSonic.Tests/SqlServerParserTests/Select_ColumnList_Specified" testId="f10c18f4e6e52a40" isPrimary="true" isTestCase="true" isDynamic="false">
                    <codeReference assembly="SubSonic.Tests, Version=2.2.1.0, Culture=neutral, PublicKeyToken=null" namespace="SubSonic.Tests.SqlQuery" type="SubSonic.Tests.SqlQuery.SqlServerParserTests" member="Select_ColumnList_Specified" />
                    <codeLocation path="C:\data\SubsonicRoot\ss2\SubSonic.Tests\SqlGenerators\SqlServerGeneratorTests.cs" line="27" />
                    <metadata>
                      <entry key="TestKind">
                        <value>Test</value>
                      </entry>
                    </metadata>
                  </testStep>
                  <children />
                  <result assertCount="1" duration="0.0077541">
                    <outcome status="passed" />
                  </result>
                  <testLog>
                    <streams />
                    <attachments />
                  </testLog>
                </testStepRun>
                <testStepRun startTime="2011-08-05T16:39:18.0868455+09:30" endTime="2011-08-05T16:39:18.0868455+09:30">
                  <testStep id="85ae3017c77245bb" name="Select_Expression" fullName="SubSonic.Tests/SqlServerParserTests/Select_Expression" testId="82c6a08c439adfeb" isPrimary="true" isTestCase="true" isDynamic="false">
                    <codeReference assembly="SubSonic.Tests, Version=2.2.1.0, Culture=neutral, PublicKeyToken=null" namespace="SubSonic.Tests.SqlQuery" type="SubSonic.Tests.SqlQuery.SqlServerParserTests" member="Select_Expression" />
                    <codeLocation path="C:\data\SubsonicRoot\ss2\SubSonic.Tests\SqlGenerators\SqlServerGeneratorTests.cs" line="138" />
                    <metadata>
                      <entry key="TestKind">
                        <value>Test</value>
                      </entry>
                    </metadata>
                  </testStep>
                  <children />
                  <result assertCount="1" duration="0.0029316">
                    <outcome status="passed" />
                  </result>
                  <testLog>
                    <streams />
                    <attachments />
                  </testLog>
                </testStepRun>
                <testStepRun startTime="2011-08-05T16:39:18.0868455+09:30" endTime="2011-08-05T16:39:18.1024705+09:30">
                  <testStep id="dd67ef9ef30c57c6" name="Select_Generate_FromList" fullName="SubSonic.Tests/SqlServerParserTests/Select_Generate_FromList" testId="9353a3d7f6f779c0" isPrimary="true" isTestCase="true" isDynamic="false">
                    <codeReference assembly="SubSonic.Tests, Version=2.2.1.0, Culture=neutral, PublicKeyToken=null" namespace="SubSonic.Tests.SqlQuery" type="SubSonic.Tests.SqlQuery.SqlServerParserTests" member="Select_Generate_FromList" />
                    <codeLocation path="C:\data\SubsonicRoot\ss2\SubSonic.Tests\SqlGenerators\SqlServerGeneratorTests.cs" line="38" />
                    <metadata>
                      <entry key="TestKind">
                        <value>Test</value>
                      </entry>
                    </metadata>
                  </testStep>
                  <children />
                  <result assertCount="1" duration="0.0036181">
                    <outcome status="passed" />
                  </result>
                  <testLog>
                    <streams />
                    <attachments />
                  </testLog>
                </testStepRun>
                <testStepRun startTime="2011-08-05T16:39:18.1024705+09:30" endTime="2011-08-05T16:39:18.1024705+09:30">
                  <testStep id="3d9b90645054db64" name="Select_Generate_JoinList" fullName="SubSonic.Tests/SqlServerParserTests/Select_Generate_JoinList" testId="c16ca65665a60dcd" isPrimary="true" isTestCase="true" isDynamic="false">
                    <codeReference assembly="SubSonic.Tests, Version=2.2.1.0, Culture=neutral, PublicKeyToken=null" namespace="SubSonic.Tests.SqlQuery" type="SubSonic.Tests.SqlQuery.SqlServerParserTests" member="Select_Generate_JoinList" />
                    <codeLocation path="C:\data\SubsonicRoot\ss2\SubSonic.Tests\SqlGenerators\SqlServerGeneratorTests.cs" line="49" />
                    <metadata>
                      <entry key="TestKind">
                        <value>Test</value>
                      </entry>
                    </metadata>
                  </testStep>
                  <children />
                  <result assertCount="1" duration="0.0069197">
                    <outcome status="passed" />
                  </result>
                  <testLog>
                    <streams />
                    <attachments />
                  </testLog>
                </testStepRun>
                <testStepRun startTime="2011-08-05T16:39:18.1180955+09:30" endTime="2011-08-05T16:39:18.1180955+09:30">
                  <testStep id="d362bc16653747c7" name="Select_IN" fullName="SubSonic.Tests/SqlServerParserTests/Select_IN" testId="ad7e1ee716b970b" isPrimary="true" isTestCase="true" isDynamic="false">
                    <codeReference assembly="SubSonic.Tests, Version=2.2.1.0, Culture=neutral, PublicKeyToken=null" namespace="SubSonic.Tests.SqlQuery" type="SubSonic.Tests.SqlQuery.SqlServerParserTests" member="Select_IN" />
                    <codeLocation path="C:\data\SubsonicRoot\ss2\SubSonic.Tests\SqlGenerators\SqlServerGeneratorTests.cs" line="196" />
                    <metadata>
                      <entry key="TestKind">
                        <value>Test</value>
                      </entry>
                    </metadata>
                  </testStep>
                  <children />
                  <result assertCount="0" duration="0.0043885999999999994">
                    <outcome status="passed" />
                  </result>
                  <testLog>
                    <streams />
                    <attachments />
                  </testLog>
                </testStepRun>
                <testStepRun startTime="2011-08-05T16:39:18.1180955+09:30" endTime="2011-08-05T16:39:18.1649705+09:30">
                  <testStep id="4909868cc3f873d3" name="Select_Paged" fullName="SubSonic.Tests/SqlServerParserTests/Select_Paged" testId="f8b3de9ebe602bca" isPrimary="true" isTestCase="true" isDynamic="false">
                    <codeReference assembly="SubSonic.Tests, Version=2.2.1.0, Culture=neutral, PublicKeyToken=null" namespace="SubSonic.Tests.SqlQuery" type="SubSonic.Tests.SqlQuery.SqlServerParserTests" member="Select_Paged" />
                    <codeLocation path="C:\data\SubsonicRoot\ss2\SubSonic.Tests\SqlGenerators\SqlServerGeneratorTests.cs" line="157" />
                    <metadata>
                      <entry key="TestKind">
                        <value>Test</value>
                      </entry>
                    </metadata>
                  </testStep>
                  <children />
                  <result assertCount="2" duration="0.0358732">
                    <outcome status="passed" />
                  </result>
                  <testLog>
                    <streams />
                    <attachments />
                  </testLog>
                </testStepRun>
                <testStepRun startTime="2011-08-05T16:39:18.1649705+09:30" endTime="2011-08-05T16:39:18.1649705+09:30">
                  <testStep id="93d4b434a6797c" name="Select_PagedWithAggregate" fullName="SubSonic.Tests/SqlServerParserTests/Select_PagedWithAggregate" testId="5fa0547ca29e973d" isPrimary="true" isTestCase="true" isDynamic="false">
                    <codeReference assembly="SubSonic.Tests, Version=2.2.1.0, Culture=neutral, PublicKeyToken=null" namespace="SubSonic.Tests.SqlQuery" type="SubSonic.Tests.SqlQuery.SqlServerParserTests" member="Select_PagedWithAggregate" />
                    <codeLocation path="C:\data\SubsonicRoot\ss2\SubSonic.Tests\SqlGenerators\SqlServerGeneratorTests.cs" line="178" />
                    <metadata>
                      <entry key="TestKind">
                        <value>Test</value>
                      </entry>
                    </metadata>
                  </testStep>
                  <children />
                  <result assertCount="1" duration="0.0091641">
                    <outcome status="passed" />
                  </result>
                  <testLog>
                    <streams />
                    <attachments />
                  </testLog>
                </testStepRun>
                <testStepRun startTime="2011-08-05T16:39:18.1805955+09:30" endTime="2011-08-05T16:39:18.1805955+09:30">
                  <testStep id="453d3fa13bdc46c1" name="Where_And" fullName="SubSonic.Tests/SqlServerParserTests/Where_And" testId="8e81f1b907805ac6" isPrimary="true" isTestCase="true" isDynamic="false">
                    <codeReference assembly="SubSonic.Tests, Version=2.2.1.0, Culture=neutral, PublicKeyToken=null" namespace="SubSonic.Tests.SqlQuery" type="SubSonic.Tests.SqlQuery.SqlServerParserTests" member="Where_And" />
                    <codeLocation path="C:\data\SubsonicRoot\ss2\SubSonic.Tests\SqlGenerators\SqlServerGeneratorTests.cs" line="90" />
                    <metadata>
                      <entry key="TestKind">
                        <value>Test</value>
                      </entry>
                    </metadata>
                  </testStep>
                  <children />
                  <result assertCount="1" duration="0.0067316999999999993">
                    <outcome status="passed" />
                  </result>
                  <testLog>
                    <streams />
                    <attachments />
                  </testLog>
                </testStepRun>
                <testStepRun startTime="2011-08-05T16:39:18.1805955+09:30" endTime="2011-08-05T16:39:18.1962205+09:30">
                  <testStep id="17e56b805f14454c" name="Where_Expression" fullName="SubSonic.Tests/SqlServerParserTests/Where_Expression" testId="11814d6ca25ebd6" isPrimary="true" isTestCase="true" isDynamic="false">
                    <codeReference assembly="SubSonic.Tests, Version=2.2.1.0, Culture=neutral, PublicKeyToken=null" namespace="SubSonic.Tests.SqlQuery" type="SubSonic.Tests.SqlQuery.SqlServerParserTests" member="Where_Expression" />
                    <codeLocation path="C:\data\SubsonicRoot\ss2\SubSonic.Tests\SqlGenerators\SqlServerGeneratorTests.cs" line="126" />
                    <metadata>
                      <entry key="TestKind">
                        <value>Test</value>
                      </entry>
                    </metadata>
                  </testStep>
                  <children />
                  <result assertCount="1" duration="0.0041036">
                    <outcome status="passed" />
                  </result>
                  <testLog>
                    <streams />
                    <attachments />
                  </testLog>
                </testStepRun>
                <testStepRun startTime="2011-08-05T16:39:18.1962205+09:30" endTime="2011-08-05T16:39:18.2118455+09:30">
                  <testStep id="81132857b7befc9a" name="Where_Simple" fullName="SubSonic.Tests/SqlServerParserTests/Where_Simple" testId="e8c503421ed75cc7" isPrimary="true" isTestCase="true" isDynamic="false">
                    <codeReference assembly="SubSonic.Tests, Version=2.2.1.0, Culture=neutral, PublicKeyToken=null" namespace="SubSonic.Tests.SqlQuery" type="SubSonic.Tests.SqlQuery.SqlServerParserTests" member="Where_Simple" />
                    <codeLocation path="C:\data\SubsonicRoot\ss2\SubSonic.Tests\SqlGenerators\SqlServerGeneratorTests.cs" line="81" />
                    <metadata>
                      <entry key="TestKind">
                        <value>Test</value>
                      </entry>
                    </metadata>
                  </testStep>
                  <children />
                  <result assertCount="1" duration="0.0022234">
                    <outcome status="passed" />
                  </result>
                  <testLog>
                    <streams />
                    <attachments />
                  </testLog>
                </testStepRun>
              </children>
              <result assertCount="24" duration="0.2873736">
                <outcome status="passed" />
              </result>
              <testLog>
                <streams />
                <attachments />
              </testLog>
            </testStepRun>
            <testStepRun startTime="2011-08-05T16:39:18.2118455+09:30" endTime="2011-08-05T16:39:18.6805955+09:30">
              <testStep id="e95f910e0f3be66a" name="SugarTests" fullName="SubSonic.Tests/SugarTests" testId="babe4e099f85aa64" isPrimary="true" isTestCase="false" isDynamic="false">
                <codeReference assembly="SubSonic.Tests, Version=2.2.1.0, Culture=neutral, PublicKeyToken=null" namespace="SubSonic.Tests" type="SubSonic.Tests.SugarTests" />
                <codeLocation path="C:\data\SubsonicRoot\ss2\SubSonic.Tests\SugarTests.cs" />
                <metadata>
                  <entry key="TestKind">
                    <value>Fixture</value>
                  </entry>
                </metadata>
              </testStep>
              <children>
                <testStepRun startTime="2011-08-05T16:39:18.2274705+09:30" endTime="2011-08-05T16:39:18.2274705+09:30">
                  <testStep id="e9b058ca72124ab2" name="Dates_DaysAgo" fullName="SubSonic.Tests/SugarTests/Dates_DaysAgo" testId="c69717b4d30d292a" isPrimary="true" isTestCase="true" isDynamic="false">
                    <codeReference assembly="SubSonic.Tests, Version=2.2.1.0, Culture=neutral, PublicKeyToken=null" namespace="SubSonic.Tests" type="SubSonic.Tests.SugarTests" member="Dates_DaysAgo" />
                    <codeLocation path="C:\data\SubsonicRoot\ss2\SubSonic.Tests\SugarTests.cs" line="33" />
                    <metadata>
                      <entry key="TestKind">
                        <value>Test</value>
                      </entry>
                    </metadata>
                  </testStep>
                  <children />
                  <result assertCount="1" duration="0.0027283999999999997">
                    <outcome status="passed" />
                  </result>
                  <testLog>
                    <streams />
                    <attachments />
                  </testLog>
                </testStepRun>
                <testStepRun startTime="2011-08-05T16:39:18.2274705+09:30" endTime="2011-08-05T16:39:18.4305955+09:30">
                  <testStep id="1cf49fd5b7915206" name="Dates_ReadableDiff" fullName="SubSonic.Tests/SugarTests/Dates_ReadableDiff" testId="d6b2470982053183" isPrimary="true" isTestCase="false" isDynamic="false">
                    <codeReference assembly="SubSonic.Tests, Version=2.2.1.0, Culture=neutral, PublicKeyToken=null" namespace="SubSonic.Tests" type="SubSonic.Tests.SugarTests" member="Dates_ReadableDiff" />
                    <codeLocation path="C:\data\SubsonicRoot\ss2\SubSonic.Tests\SugarTests.cs" line="121" />
                    <metadata>
                      <entry key="TestKind">
                        <value>Test</value>
                      </entry>
                    </metadata>
                  </testStep>
                  <children>
                    <testStepRun startTime="2011-08-05T16:39:18.2587205+09:30" endTime="2011-08-05T16:39:18.2743455+09:30">
                      <testStep id="b22328b51a229b03" name="Dates_ReadableDiff(2007-01-01T00:00:00.0000000, 2007-01-01T01:01:00.0000000, &quot;1 hour, 1 minute ago&quot;)" fullName="SubSonic.Tests/SugarTests/Dates_ReadableDiff/Dates_ReadableDiff(2007-01-01T00:00:00.0000000, 2007-01-01T01:01:00.0000000, &quot;1 hour, 1 minute ago&quot;)" testId="d6b2470982053183" isPrimary="false" isTestCase="true" isDynamic="false">
                        <codeReference assembly="SubSonic.Tests, Version=2.2.1.0, Culture=neutral, PublicKeyToken=null" namespace="SubSonic.Tests" type="SubSonic.Tests.SugarTests" member="Dates_ReadableDiff" />
                        <codeLocation path="C:\data\SubsonicRoot\ss2\SubSonic.Tests\SugarTests.cs" line="121" />
                        <metadata>
                          <entry key="TestKind">
                            <value>Test</value>
                          </entry>
                        </metadata>
                      </testStep>
                      <children />
                      <result assertCount="1" duration="0.0021919">
                        <outcome status="passed" />
                      </result>
                      <testLog>
                        <streams />
                        <attachments />
                      </testLog>
                    </testStepRun>
                    <testStepRun startTime="2011-08-05T16:39:18.2743455+09:30" endTime="2011-08-05T16:39:18.2743455+09:30">
                      <testStep id="3805916a56536ecd" name="Dates_ReadableDiff(2007-01-01T00:00:00.0000000, 2007-01-01T01:02:44.0000000, &quot;1 hour, 2 minutes ago&quot;)" fullName="SubSonic.Tests/SugarTests/Dates_ReadableDiff/Dates_ReadableDiff(2007-01-01T00:00:00.0000000, 2007-01-01T01:02:44.0000000, &quot;1 hour, 2 minutes ago&quot;)" testId="d6b2470982053183" isPrimary="false" isTestCase="true" isDynamic="false">
                        <codeReference assembly="SubSonic.Tests, Version=2.2.1.0, Culture=neutral, PublicKeyToken=null" namespace="SubSonic.Tests" type="SubSonic.Tests.SugarTests" member="Dates_ReadableDiff" />
                        <codeLocation path="C:\data\SubsonicRoot\ss2\SubSonic.Tests\SugarTests.cs" line="121" />
                        <metadata>
                          <entry key="TestKind">
                            <value>Test</value>
                          </entry>
                        </metadata>
                      </testStep>
                      <children />
                      <result assertCount="1" duration="0.00031779999999999997">
                        <outcome status="passed" />
                      </result>
                      <testLog>
                        <streams />
                        <attachments />
                      </testLog>
                    </testStepRun>
                    <testStepRun startTime="2011-08-05T16:39:18.2743455+09:30" endTime="2011-08-05T16:39:18.2899705+09:30">
                      <testStep id="fc33ae2b3be1d858" name="Dates_ReadableDiff(2007-01-01T00:00:00.0000000, 2007-01-01T00:15:00.0000000, &quot;15 minutes ago&quot;)" fullName="SubSonic.Tests/SugarTests/Dates_ReadableDiff/Dates_ReadableDiff(2007-01-01T00:00:00.0000000, 2007-01-01T00:15:00.0000000, &quot;15 minutes ago&quot;)" testId="d6b2470982053183" isPrimary="false" isTestCase="true" isDynamic="false">
                        <codeReference assembly="SubSonic.Tests, Version=2.2.1.0, Culture=neutral, PublicKeyToken=null" namespace="SubSonic.Tests" type="SubSonic.Tests.SugarTests" member="Dates_ReadableDiff" />
                        <codeLocation path="C:\data\SubsonicRoot\ss2\SubSonic.Tests\SugarTests.cs" line="121" />
                        <metadata>
                          <entry key="TestKind">
                            <value>Test</value>
                          </entry>
                        </metadata>
                      </testStep>
                      <children />
                      <result assertCount="1" duration="0.000136">
                        <outcome status="passed" />
                      </result>
                      <testLog>
                        <streams />
                        <attachments />
                      </testLog>
                    </testStepRun>
                    <testStepRun startTime="2011-08-05T16:39:18.2899705+09:30" endTime="2011-08-05T16:39:18.3055955+09:30">
                      <testStep id="d47ecdb0551a6fcf" name="Dates_ReadableDiff(2007-01-01T00:00:00.0000000, 2007-01-01T01:00:00.0000000, &quot;1 hour ago&quot;)" fullName="SubSonic.Tests/SugarTests/Dates_ReadableDiff/Dates_ReadableDiff(2007-01-01T00:00:00.0000000, 2007-01-01T01:00:00.0000000, &quot;1 hour ago&quot;)" testId="d6b2470982053183" isPrimary="false" isTestCase="true" isDynamic="false">
                        <codeReference assembly="SubSonic.Tests, Version=2.2.1.0, Culture=neutral, PublicKeyToken=null" namespace="SubSonic.Tests" type="SubSonic.Tests.SugarTests" member="Dates_ReadableDiff" />
                        <codeLocation path="C:\data\SubsonicRoot\ss2\SubSonic.Tests\SugarTests.cs" line="121" />
                        <metadata>
                          <entry key="TestKind">
                            <value>Test</value>
                          </entry>
                        </metadata>
                      </testStep>
                      <children />
                      <result assertCount="1" duration="0.0001191">
                        <outcome status="passed" />
                      </result>
                      <testLog>
                        <streams />
                        <attachments />
                      </testLog>
                    </testStepRun>
                    <testStepRun startTime="2011-08-05T16:39:18.3055955+09:30" endTime="2011-08-05T16:39:18.3055955+09:30">
                      <testStep id="96dddd78541c8041" name="Dates_ReadableDiff(2007-01-01T00:00:00.0000000, 2007-01-01T02:40:00.0000000, &quot;2 hours, 40 minutes ago&quot;)" fullName="SubSonic.Tests/SugarTests/Dates_ReadableDiff/Dates_ReadableDiff(2007-01-01T00:00:00.0000000, 2007-01-01T02:40:00.0000000, &quot;2 hours, 40 minutes ago&quot;)" testId="d6b2470982053183" isPrimary="false" isTestCase="true" isDynamic="false">
                        <codeReference assembly="SubSonic.Tests, Version=2.2.1.0, Culture=neutral, PublicKeyToken=null" namespace="SubSonic.Tests" type="SubSonic.Tests.SugarTests" member="Dates_ReadableDiff" />
                        <codeLocation path="C:\data\SubsonicRoot\ss2\SubSonic.Tests\SugarTests.cs" line="121" />
                        <metadata>
                          <entry key="TestKind">
                            <value>Test</value>
                          </entry>
                        </metadata>
                      </testStep>
                      <children />
                      <result assertCount="1" duration="0.0001713">
                        <outcome status="passed" />
                      </result>
                      <testLog>
                        <streams />
                        <attachments />
                      </testLog>
                    </testStepRun>
                    <testStepRun startTime="2011-08-05T16:39:18.3055955+09:30" endTime="2011-08-05T16:39:18.3212205+09:30">
                      <testStep id="6725e588fe147076" name="Dates_ReadableDiff(2007-01-01T00:00:00.0000000, 2007-01-01T00:01:00.0000000, &quot;1 minute ago&quot;)" fullName="SubSonic.Tests/SugarTests/Dates_ReadableDiff/Dates_ReadableDiff(2007-01-01T00:00:00.0000000, 2007-01-01T00:01:00.0000000, &quot;1 minute ago&quot;)" testId="d6b2470982053183" isPrimary="false" isTestCase="true" isDynamic="false">
                        <codeReference assembly="SubSonic.Tests, Version=2.2.1.0, Culture=neutral, PublicKeyToken=null" namespace="SubSonic.Tests" type="SubSonic.Tests.SugarTests" member="Dates_ReadableDiff" />
                        <codeLocation path="C:\data\SubsonicRoot\ss2\SubSonic.Tests\SugarTests.cs" line="121" />
                        <metadata>
                          <entry key="TestKind">
                            <value>Test</value>
                          </entry>
                        </metadata>
                      </testStep>
                      <children />
                      <result assertCount="1" duration="0.0001758">
                        <outcome status="passed" />
                      </result>
                      <testLog>
                        <streams />
                        <attachments />
                      </testLog>
                    </testStepRun>
                    <testStepRun startTime="2011-08-05T16:39:18.3212205+09:30" endTime="2011-08-05T16:39:18.3212205+09:30">
                      <testStep id="fef535414479ab4a" name="Dates_ReadableDiff(2007-01-01T00:00:00.0000000, 2007-01-01T00:00:00.0000000, &quot;0 seconds ago&quot;)" fullName="SubSonic.Tests/SugarTests/Dates_ReadableDiff/Dates_ReadableDiff(2007-01-01T00:00:00.0000000, 2007-01-01T00:00:00.0000000, &quot;0 seconds ago&quot;)" testId="d6b2470982053183" isPrimary="false" isTestCase="true" isDynamic="false">
                        <codeReference assembly="SubSonic.Tests, Version=2.2.1.0, Culture=neutral, PublicKeyToken=null" namespace="SubSonic.Tests" type="SubSonic.Tests.SugarTests" member="Dates_ReadableDiff" />
                        <codeLocation path="C:\data\SubsonicRoot\ss2\SubSonic.Tests\SugarTests.cs" line="121" />
                        <metadata>
                          <entry key="TestKind">
                            <value>Test</value>
                          </entry>
                        </metadata>
                      </testStep>
                      <children />
                      <result assertCount="1" duration="0.0001474">
                        <outcome status="passed" />
                      </result>
                      <testLog>
                        <streams />
                        <attachments />
                      </testLog>
                    </testStepRun>
                    <testStepRun startTime="2011-08-05T16:39:18.3368455+09:30" endTime="2011-08-05T16:39:18.3368455+09:30">
                      <testStep id="fbb3f89c2eef1f4f" name="Dates_ReadableDiff(2007-01-01T00:00:00.0000000, 2207-05-01T01:30:40.0000000, &quot;200 years, 4 months ago&quot;)" fullName="SubSonic.Tests/SugarTests/Dates_ReadableDiff/Dates_ReadableDiff(2007-01-01T00:00:00.0000000, 2207-05-01T01:30:40.0000000, &quot;200 years, 4 months ago&quot;)" testId="d6b2470982053183" isPrimary="false" isTestCase="true" isDynamic="false">
                        <codeReference assembly="SubSonic.Tests, Version=2.2.1.0, Culture=neutral, PublicKeyToken=null" namespace="SubSonic.Tests" type="SubSonic.Tests.SugarTests" member="Dates_ReadableDiff" />
                        <codeLocation path="C:\data\SubsonicRoot\ss2\SubSonic.Tests\SugarTests.cs" line="121" />
                        <metadata>
                          <entry key="TestKind">
                            <value>Test</value>
                          </entry>
                        </metadata>
                      </testStep>
                      <children />
                      <result assertCount="1" duration="0.0001501">
                        <outcome status="passed" />
                      </result>
                      <testLog>
                        <streams />
                        <attachments />
                      </testLog>
                    </testStepRun>
                    <testStepRun startTime="2011-08-05T16:39:18.3368455+09:30" endTime="2011-08-05T16:39:18.3524705+09:30">
                      <testStep id="6dfe10eb27fc8b0c" name="Dates_ReadableDiff(2007-01-01T00:00:00.0000000, 2207-01-01T01:30:40.0000000, &quot;200 years ago&quot;)" fullName="SubSonic.Tests/SugarTests/Dates_ReadableDiff/Dates_ReadableDiff(2007-01-01T00:00:00.0000000, 2207-01-01T01:30:40.0000000, &quot;200 years ago&quot;)" testId="d6b2470982053183" isPrimary="false" isTestCase="true" isDynamic="false">
                        <codeReference assembly="SubSonic.Tests, Version=2.2.1.0, Culture=neutral, PublicKeyToken=null" namespace="SubSonic.Tests" type="SubSonic.Tests.SugarTests" member="Dates_ReadableDiff" />
                        <codeLocation path="C:\data\SubsonicRoot\ss2\SubSonic.Tests\SugarTests.cs" line="121" />
                        <metadata>
                          <entry key="TestKind">
                            <value>Test</value>
                          </entry>
                        </metadata>
                      </testStep>
                      <children />
                      <result assertCount="1" duration="0.0001322">
                        <outcome status="passed" />
                      </result>
                      <testLog>
                        <streams />
                        <attachments />
                      </testLog>
                    </testStepRun>
                    <testStepRun startTime="2011-08-05T16:39:18.3524705+09:30" endTime="2011-08-05T16:39:18.3524705+09:30">
                      <testStep id="c34a1cd569ad9691" name="Dates_ReadableDiff(2007-01-01T00:00:00.0000000, 2007-01-02T02:30:40.0000000, &quot;1 day, 2 hours ago&quot;)" fullName="SubSonic.Tests/SugarTests/Dates_ReadableDiff/Dates_ReadableDiff(2007-01-01T00:00:00.0000000, 2007-01-02T02:30:40.0000000, &quot;1 day, 2 hours ago&quot;)" testId="d6b2470982053183" isPrimary="false" isTestCase="true" isDynamic="false">
                        <codeReference assembly="SubSonic.Tests, Version=2.2.1.0, Culture=neutral, PublicKeyToken=null" namespace="SubSonic.Tests" type="SubSonic.Tests.SugarTests" member="Dates_ReadableDiff" />
                        <codeLocation path="C:\data\SubsonicRoot\ss2\SubSonic.Tests\SugarTests.cs" line="121" />
                        <metadata>
                          <entry key="TestKind">
                            <value>Test</value>
                          </entry>
                        </metadata>
                      </testStep>
                      <children />
                      <result assertCount="1" duration="0.0001591">
                        <outcome status="passed" />
                      </result>
                      <testLog>
                        <streams />
                        <attachments />
                      </testLog>
                    </testStepRun>
                    <testStepRun startTime="2011-08-05T16:39:18.3680955+09:30" endTime="2011-08-05T16:39:18.3680955+09:30">
                      <testStep id="12ef4bcf340cf836" name="Dates_ReadableDiff(2007-01-01T00:00:00.0000000, 2007-01-12T01:30:40.0000000, &quot;11 days, 1 hour ago&quot;)" fullName="SubSonic.Tests/SugarTests/Dates_ReadableDiff/Dates_ReadableDiff(2007-01-01T00:00:00.0000000, 2007-01-12T01:30:40.0000000, &quot;11 days, 1 hour ago&quot;)" testId="d6b2470982053183" isPrimary="false" isTestCase="true" isDynamic="false">
                        <codeReference assembly="SubSonic.Tests, Version=2.2.1.0, Culture=neutral, PublicKeyToken=null" namespace="SubSonic.Tests" type="SubSonic.Tests.SugarTests" member="Dates_ReadableDiff" />
                        <codeLocation path="C:\data\SubsonicRoot\ss2\SubSonic.Tests\SugarTests.cs" line="121" />
                        <metadata>
                          <entry key="TestKind">
                            <value>Test</value>
                          </entry>
                        </metadata>
                      </testStep>
                      <children />
                      <result assertCount="1" duration="0.0001917">
                        <outcome status="passed" />
                      </result>
                      <testLog>
                        <streams />
                        <attachments />
                      </testLog>
                    </testStepRun>
                    <testStepRun startTime="2011-08-05T16:39:18.3680955+09:30" endTime="2011-08-05T16:39:18.3837205+09:30">
                      <testStep id="2a7401b77e6374f2" name="Dates_ReadableDiff(2007-01-01T00:00:00.0000000, 2007-01-01T00:00:05.0000000, &quot;5 seconds ago&quot;)" fullName="SubSonic.Tests/SugarTests/Dates_ReadableDiff/Dates_ReadableDiff(2007-01-01T00:00:00.0000000, 2007-01-01T00:00:05.0000000, &quot;5 seconds ago&quot;)" testId="d6b2470982053183" isPrimary="false" isTestCase="true" isDynamic="false">
                        <codeReference assembly="SubSonic.Tests, Version=2.2.1.0, Culture=neutral, PublicKeyToken=null" namespace="SubSonic.Tests" type="SubSonic.Tests.SugarTests" member="Dates_ReadableDiff" />
                        <codeLocation path="C:\data\SubsonicRoot\ss2\SubSonic.Tests\SugarTests.cs" line="121" />
                        <metadata>
                          <entry key="TestKind">
                            <value>Test</value>
                          </entry>
                        </metadata>
                      </testStep>
                      <children />
                      <result assertCount="1" duration="0.000375">
                        <outcome status="passed" />
                      </result>
                      <testLog>
                        <streams />
                        <attachments />
                      </testLog>
                    </testStepRun>
                    <testStepRun startTime="2011-08-05T16:39:18.3837205+09:30" endTime="2011-08-05T16:39:18.3837205+09:30">
                      <testStep id="ba25431b2922626" name="Dates_ReadableDiff(2007-01-01T00:00:00.0000000, 2007-01-01T00:00:01.0000000, &quot;1 second ago&quot;)" fullName="SubSonic.Tests/SugarTests/Dates_ReadableDiff/Dates_ReadableDiff(2007-01-01T00:00:00.0000000, 2007-01-01T00:00:01.0000000, &quot;1 second ago&quot;)" testId="d6b2470982053183" isPrimary="false" isTestCase="true" isDynamic="false">
                        <codeReference assembly="SubSonic.Tests, Version=2.2.1.0, Culture=neutral, PublicKeyToken=null" namespace="SubSonic.Tests" type="SubSonic.Tests.SugarTests" member="Dates_ReadableDiff" />
                        <codeLocation path="C:\data\SubsonicRoot\ss2\SubSonic.Tests\SugarTests.cs" line="121" />
                        <metadata>
                          <entry key="TestKind">
                            <value>Test</value>
                          </entry>
                        </metadata>
                      </testStep>
                      <children />
                      <result assertCount="1" duration="0.0001439">
                        <outcome status="passed" />
                      </result>
                      <testLog>
                        <streams />
                        <attachments />
                      </testLog>
                    </testStepRun>
                    <testStepRun startTime="2011-08-05T16:39:18.3837205+09:30" endTime="2011-08-05T16:39:18.3993455+09:30">
                      <testStep id="71413280e585fb2f" name="Dates_ReadableDiff(2007-01-01T00:00:00.0000000, 2007-02-12T01:30:40.0000000, &quot;1 month, 11 days ago&quot;)" fullName="SubSonic.Tests/SugarTests/Dates_ReadableDiff/Dates_ReadableDiff(2007-01-01T00:00:00.0000000, 2007-02-12T01:30:40.0000000, &quot;1 month, 11 days ago&quot;)" testId="d6b2470982053183" isPrimary="false" isTestCase="true" isDynamic="false">
                        <codeReference assembly="SubSonic.Tests, Version=2.2.1.0, Culture=neutral, PublicKeyToken=null" namespace="SubSonic.Tests" type="SubSonic.Tests.SugarTests" member="Dates_ReadableDiff" />
                        <codeLocation path="C:\data\SubsonicRoot\ss2\SubSonic.Tests\SugarTests.cs" line="121" />
                        <metadata>
                          <entry key="TestKind">
                            <value>Test</value>
                          </entry>
                        </metadata>
                      </testStep>
                      <children />
                      <result assertCount="1" duration="0.000146">
                        <outcome status="passed" />
                      </result>
                      <testLog>
                        <streams />
                        <attachments />
                      </testLog>
                    </testStepRun>
                    <testStepRun startTime="2011-08-05T16:39:18.3993455+09:30" endTime="2011-08-05T16:39:18.3993455+09:30">
                      <testStep id="ad063b79b817a18e" name="Dates_ReadableDiff(2007-01-01T00:00:00.0000000, 2008-01-01T01:30:40.0000000, &quot;1 year ago&quot;)" fullName="SubSonic.Tests/SugarTests/Dates_ReadableDiff/Dates_ReadableDiff(2007-01-01T00:00:00.0000000, 2008-01-01T01:30:40.0000000, &quot;1 year ago&quot;)" testId="d6b2470982053183" isPrimary="false" isTestCase="true" isDynamic="false">
                        <codeReference assembly="SubSonic.Tests, Version=2.2.1.0, Culture=neutral, PublicKeyToken=null" namespace="SubSonic.Tests" type="SubSonic.Tests.SugarTests" member="Dates_ReadableDiff" />
                        <codeLocation path="C:\data\SubsonicRoot\ss2\SubSonic.Tests\SugarTests.cs" line="121" />
                        <metadata>
                          <entry key="TestKind">
                            <value>Test</value>
                          </entry>
                        </metadata>
                      </testStep>
                      <children />
                      <result assertCount="1" duration="0.0001197">
                        <outcome status="passed" />
                      </result>
                      <testLog>
                        <streams />
                        <attachments />
                      </testLog>
                    </testStepRun>
                    <testStepRun startTime="2011-08-05T16:39:18.4149705+09:30" endTime="2011-08-05T16:39:18.4149705+09:30">
                      <testStep id="ee59a94da7e29a02" name="Dates_ReadableDiff(2007-01-01T00:00:00.0000000, 2007-02-01T01:30:40.0000000, &quot;1 month ago&quot;)" fullName="SubSonic.Tests/SugarTests/Dates_ReadableDiff/Dates_ReadableDiff(2007-01-01T00:00:00.0000000, 2007-02-01T01:30:40.0000000, &quot;1 month ago&quot;)" testId="d6b2470982053183" isPrimary="false" isTestCase="true" isDynamic="false">
                        <codeReference assembly="SubSonic.Tests, Version=2.2.1.0, Culture=neutral, PublicKeyToken=null" namespace="SubSonic.Tests" type="SubSonic.Tests.SugarTests" member="Dates_ReadableDiff" />
                        <codeLocation path="C:\data\SubsonicRoot\ss2\SubSonic.Tests\SugarTests.cs" line="121" />
                        <metadata>
                          <entry key="TestKind">
                            <value>Test</value>
                          </entry>
                        </metadata>
                      </testStep>
                      <children />
                      <result assertCount="1" duration="0.00016089999999999998">
                        <outcome status="passed" />
                      </result>
                      <testLog>
                        <streams />
                        <attachments />
                      </testLog>
                    </testStepRun>
                    <testStepRun startTime="2011-08-05T16:39:18.4149705+09:30" endTime="2011-08-05T16:39:18.4305955+09:30">
                      <testStep id="9ac99ad0c4b00807" name="Dates_ReadableDiff(2007-01-01T00:00:00.0000000, 2007-02-02T01:30:40.0000000, &quot;1 month, 1 day ago&quot;)" fullName="SubSonic.Tests/SugarTests/Dates_ReadableDiff/Dates_ReadableDiff(2007-01-01T00:00:00.0000000, 2007-02-02T01:30:40.0000000, &quot;1 month, 1 day ago&quot;)" testId="d6b2470982053183" isPrimary="false" isTestCase="true" isDynamic="false">
                        <codeReference assembly="SubSonic.Tests, Version=2.2.1.0, Culture=neutral, PublicKeyToken=null" namespace="SubSonic.Tests" type="SubSonic.Tests.SugarTests" member="Dates_ReadableDiff" />
                        <codeLocation path="C:\data\SubsonicRoot\ss2\SubSonic.Tests\SugarTests.cs" line="121" />
                        <metadata>
                          <entry key="TestKind">
                            <value>Test</value>
                          </entry>
                        </metadata>
                      </testStep>
                      <children />
                      <result assertCount="1" duration="0.0001497">
                        <outcome status="passed" />
                      </result>
                      <testLog>
                        <streams />
                        <attachments />
                      </testLog>
                    </testStepRun>
                  </children>
                  <result assertCount="17" duration="0.076162">
                    <outcome status="passed" />
                  </result>
                  <testLog>
                    <streams />
                    <attachments />
                  </testLog>
                </testStepRun>
                <testStepRun startTime="2011-08-05T16:39:18.4305955+09:30" endTime="2011-08-05T16:39:18.4305955+09:30">
                  <testStep id="a5657fe3a6325d75" name="Numbers_IsInteger" fullName="SubSonic.Tests/SugarTests/Numbers_IsInteger" testId="9d1f3b426e0830d0" isPrimary="true" isTestCase="true" isDynamic="false">
                    <codeReference assembly="SubSonic.Tests, Version=2.2.1.0, Culture=neutral, PublicKeyToken=null" namespace="SubSonic.Tests" type="SubSonic.Tests.SugarTests" member="Numbers_IsInteger" />
                    <codeLocation path="C:\data\SubsonicRoot\ss2\SubSonic.Tests\SugarTests.cs" line="66" />
                    <metadata>
                      <entry key="TestKind">
                        <value>Test</value>
                      </entry>
                    </metadata>
                  </testStep>
                  <children />
                  <result assertCount="3" duration="0.0031687">
                    <outcome status="passed" />
                  </result>
                  <testLog>
                    <streams />
                    <attachments />
                  </testLog>
                </testStepRun>
                <testStepRun startTime="2011-08-05T16:39:18.4305955+09:30" endTime="2011-08-05T16:39:18.4462205+09:30">
                  <testStep id="71e3efdca5877aa" name="Numbers_IsNumeric" fullName="SubSonic.Tests/SugarTests/Numbers_IsNumeric" testId="af2b9a98fb7c9a0a" isPrimary="true" isTestCase="true" isDynamic="false">
                    <codeReference assembly="SubSonic.Tests, Version=2.2.1.0, Culture=neutral, PublicKeyToken=null" namespace="SubSonic.Tests" type="SubSonic.Tests.SugarTests" member="Numbers_IsNumeric" />
                    <codeLocation path="C:\data\SubsonicRoot\ss2\SubSonic.Tests\SugarTests.cs" line="46" />
                    <metadata>
                      <entry key="TestKind">
                        <value>Test</value>
                      </entry>
                    </metadata>
                  </testStep>
                  <children />
                  <result assertCount="5" duration="0.0020434999999999997">
                    <outcome status="passed" />
                  </result>
                  <testLog>
                    <streams />
                    <attachments />
                  </testLog>
                </testStepRun>
                <testStepRun startTime="2011-08-05T16:39:18.4462205+09:30" endTime="2011-08-05T16:39:18.4462205+09:30">
                  <testStep id="7bec3732d528e74c" name="Strings_IsAlpha" fullName="SubSonic.Tests/SugarTests/Strings_IsAlpha" testId="465b4d4accd38006" isPrimary="true" isTestCase="true" isDynamic="false">
                    <codeReference assembly="SubSonic.Tests, Version=2.2.1.0, Culture=neutral, PublicKeyToken=null" namespace="SubSonic.Tests" type="SubSonic.Tests.SugarTests" member="Strings_IsAlpha" />
                    <codeLocation path="C:\data\SubsonicRoot\ss2\SubSonic.Tests\SugarTests.cs" line="82" />
                    <metadata>
                      <entry key="TestKind">
                        <value>Test</value>
                      </entry>
                    </metadata>
                  </testStep>
                  <children />
                  <result assertCount="4" duration="0.0027172999999999998">
                    <outcome status="passed" />
                  </result>
                  <testLog>
                    <streams />
                    <attachments />
                  </testLog>
                </testStepRun>
                <testStepRun startTime="2011-08-05T16:39:18.4618455+09:30" endTime="2011-08-05T16:39:18.6805955+09:30">
                  <testStep id="2f3ce9973f6f5ac2" name="Validation_IsCreditCardAny" fullName="SubSonic.Tests/SugarTests/Validation_IsCreditCardAny" testId="d3f05500890def04" isPrimary="true" isTestCase="false" isDynamic="false">
                    <codeReference assembly="SubSonic.Tests, Version=2.2.1.0, Culture=neutral, PublicKeyToken=null" namespace="SubSonic.Tests" type="SubSonic.Tests.SugarTests" member="Validation_IsCreditCardAny" />
                    <codeLocation path="C:\data\SubsonicRoot\ss2\SubSonic.Tests\SugarTests.cs" line="155" />
                    <metadata>
                      <entry key="TestKind">
                        <value>Test</value>
                      </entry>
                    </metadata>
                  </testStep>
                  <children>
                    <testStepRun startTime="2011-08-05T16:39:18.4618455+09:30" endTime="2011-08-05T16:39:18.4774705+09:30">
                      <testStep id="f0eb682fc0e097e3" name="Validation_IsCreditCardAny(&quot;341-1111-1111-1111&quot;, true)" fullName="SubSonic.Tests/SugarTests/Validation_IsCreditCardAny/Validation_IsCreditCardAny(&quot;341-1111-1111-1111&quot;, true)" testId="d3f05500890def04" isPrimary="false" isTestCase="true" isDynamic="false">
                        <codeReference assembly="SubSonic.Tests, Version=2.2.1.0, Culture=neutral, PublicKeyToken=null" namespace="SubSonic.Tests" type="SubSonic.Tests.SugarTests" member="Validation_IsCreditCardAny" />
                        <codeLocation path="C:\data\SubsonicRoot\ss2\SubSonic.Tests\SugarTests.cs" line="155" />
                        <metadata>
                          <entry key="TestKind">
                            <value>Test</value>
                          </entry>
                        </metadata>
                      </testStep>
                      <children />
                      <result assertCount="1" duration="0.0015917">
                        <outcome status="passed" />
                      </result>
                      <testLog>
                        <streams />
                        <attachments />
                      </testLog>
                    </testStepRun>
                    <testStepRun startTime="2011-08-05T16:39:18.4774705+09:30" endTime="2011-08-05T16:39:18.4774705+09:30">
                      <testStep id="bf55f8399e783c72" name="Validation_IsCreditCardAny(&quot;6011-6011-6011&quot;, false)" fullName="SubSonic.Tests/SugarTests/Validation_IsCreditCardAny/Validation_IsCreditCardAny(&quot;6011-6011-6011&quot;, false)" testId="d3f05500890def04" isPrimary="false" isTestCase="true" isDynamic="false">
                        <codeReference assembly="SubSonic.Tests, Version=2.2.1.0, Culture=neutral, PublicKeyToken=null" namespace="SubSonic.Tests" type="SubSonic.Tests.SugarTests" member="Validation_IsCreditCardAny" />
                        <codeLocation path="C:\data\SubsonicRoot\ss2\SubSonic.Tests\SugarTests.cs" line="155" />
                        <metadata>
                          <entry key="TestKind">
                            <value>Test</value>
                          </entry>
                        </metadata>
                      </testStep>
                      <children />
                      <result assertCount="1" duration="0.0002198">
                        <outcome status="passed" />
                      </result>
                      <testLog>
                        <streams />
                        <attachments />
                      </testLog>
                    </testStepRun>
                    <testStepRun startTime="2011-08-05T16:39:18.4774705+09:30" endTime="2011-08-05T16:39:18.4930955+09:30">
                      <testStep id="746302257082536e" name="Validation_IsCreditCardAny(&quot;6011111111111117&quot;, true)" fullName="SubSonic.Tests/SugarTests/Validation_IsCreditCardAny/Validation_IsCreditCardAny(&quot;6011111111111117&quot;, true)" testId="d3f05500890def04" isPrimary="false" isTestCase="true" isDynamic="false">
                        <codeReference assembly="SubSonic.Tests, Version=2.2.1.0, Culture=neutral, PublicKeyToken=null" namespace="SubSonic.Tests" type="SubSonic.Tests.SugarTests" member="Validation_IsCreditCardAny" />
                        <codeLocation path="C:\data\SubsonicRoot\ss2\SubSonic.Tests\SugarTests.cs" line="155" />
                        <metadata>
                          <entry key="TestKind">
                            <value>Test</value>
                          </entry>
                        </metadata>
                      </testStep>
                      <children />
                      <result assertCount="1" duration="0.0002292">
                        <outcome status="passed" />
                      </result>
                      <testLog>
                        <streams />
                        <attachments />
                      </testLog>
                    </testStepRun>
                    <testStepRun startTime="2011-08-05T16:39:18.4930955+09:30" endTime="2011-08-05T16:39:18.4930955+09:30">
                      <testStep id="c9885f8368b402b" name="Validation_IsCreditCardAny(&quot;38520000023237&quot;, true)" fullName="SubSonic.Tests/SugarTests/Validation_IsCreditCardAny/Validation_IsCreditCardAny(&quot;38520000023237&quot;, true)" testId="d3f05500890def04" isPrimary="false" isTestCase="true" isDynamic="false">
                        <codeReference assembly="SubSonic.Tests, Version=2.2.1.0, Culture=neutral, PublicKeyToken=null" namespace="SubSonic.Tests" type="SubSonic.Tests.SugarTests" member="Validation_IsCreditCardAny" />
                        <codeLocation path="C:\data\SubsonicRoot\ss2\SubSonic.Tests\SugarTests.cs" line="155" />
                        <metadata>
                          <entry key="TestKind">
                            <value>Test</value>
                          </entry>
                        </metadata>
                      </testStep>
                      <children />
                      <result assertCount="1" duration="0.0002676">
                        <outcome status="passed" />
                      </result>
                      <testLog>
                        <streams />
                        <attachments />
                      </testLog>
                    </testStepRun>
                    <testStepRun startTime="2011-08-05T16:39:18.5087205+09:30" endTime="2011-08-05T16:39:18.5087205+09:30">
                      <testStep id="f20e0c8c3708684a" name="Validation_IsCreditCardAny(&quot;30569309025904&quot;, true)" fullName="SubSonic.Tests/SugarTests/Validation_IsCreditCardAny/Validation_IsCreditCardAny(&quot;30569309025904&quot;, true)" testId="d3f05500890def04" isPrimary="false" isTestCase="true" isDynamic="false">
                        <codeReference assembly="SubSonic.Tests, Version=2.2.1.0, Culture=neutral, PublicKeyToken=null" namespace="SubSonic.Tests" type="SubSonic.Tests.SugarTests" member="Validation_IsCreditCardAny" />
                        <codeLocation path="C:\data\SubsonicRoot\ss2\SubSonic.Tests\SugarTests.cs" line="155" />
                        <metadata>
                          <entry key="TestKind">
                            <value>Test</value>
                          </entry>
                        </metadata>
                      </testStep>
                      <children />
                      <result assertCount="1" duration="0.00020769999999999998">
                        <outcome status="passed" />
                      </result>
                      <testLog>
                        <streams />
                        <attachments />
                      </testLog>
                    </testStepRun>
                    <testStepRun startTime="2011-08-05T16:39:18.5243455+09:30" endTime="2011-08-05T16:39:18.5243455+09:30">
                      <testStep id="6d78f63937d8e251" name="Validation_IsCreditCardAny(&quot;4111111111111111&quot;, true)" fullName="SubSonic.Tests/SugarTests/Validation_IsCreditCardAny/Validation_IsCreditCardAny(&quot;4111111111111111&quot;, true)" testId="d3f05500890def04" isPrimary="false" isTestCase="true" isDynamic="false">
                        <codeReference assembly="SubSonic.Tests, Version=2.2.1.0, Culture=neutral, PublicKeyToken=null" namespace="SubSonic.Tests" type="SubSonic.Tests.SugarTests" member="Validation_IsCreditCardAny" />
                        <codeLocation path="C:\data\SubsonicRoot\ss2\SubSonic.Tests\SugarTests.cs" line="155" />
                        <metadata>
                          <entry key="TestKind">
                            <value>Test</value>
                          </entry>
                        </metadata>
                      </testStep>
                      <children />
                      <result assertCount="1" duration="0.00085089999999999992">
                        <outcome status="passed" />
                      </result>
                      <testLog>
                        <streams />
                        <attachments />
                      </testLog>
                    </testStepRun>
                    <testStepRun startTime="2011-08-05T16:39:18.5243455+09:30" endTime="2011-08-05T16:39:18.5399705+09:30">
                      <testStep id="2376243cc7dbdac0" name="Validation_IsCreditCardAny(&quot;000000000000000&quot;, false)" fullName="SubSonic.Tests/SugarTests/Validation_IsCreditCardAny/Validation_IsCreditCardAny(&quot;000000000000000&quot;, false)" testId="d3f05500890def04" isPrimary="false" isTestCase="true" isDynamic="false">
                        <codeReference assembly="SubSonic.Tests, Version=2.2.1.0, Culture=neutral, PublicKeyToken=null" namespace="SubSonic.Tests" type="SubSonic.Tests.SugarTests" member="Validation_IsCreditCardAny" />
                        <codeLocation path="C:\data\SubsonicRoot\ss2\SubSonic.Tests\SugarTests.cs" line="155" />
                        <metadata>
                          <entry key="TestKind">
                            <value>Test</value>
                          </entry>
                        </metadata>
                      </testStep>
                      <children />
                      <result assertCount="1" duration="0.0002444">
                        <outcome status="passed" />
                      </result>
                      <testLog>
                        <streams />
                        <attachments />
                      </testLog>
                    </testStepRun>
                    <testStepRun startTime="2011-08-05T16:39:18.5399705+09:30" endTime="2011-08-05T16:39:18.5399705+09:30">
                      <testStep id="2f61ce98babe5d62" name="Validation_IsCreditCardAny(&quot;0000000000000&quot;, false)" fullName="SubSonic.Tests/SugarTests/Validation_IsCreditCardAny/Validation_IsCreditCardAny(&quot;0000000000000&quot;, false)" testId="d3f05500890def04" isPrimary="false" isTestCase="true" isDynamic="false">
                        <codeReference assembly="SubSonic.Tests, Version=2.2.1.0, Culture=neutral, PublicKeyToken=null" namespace="SubSonic.Tests" type="SubSonic.Tests.SugarTests" member="Validation_IsCreditCardAny" />
                        <codeLocation path="C:\data\SubsonicRoot\ss2\SubSonic.Tests\SugarTests.cs" line="155" />
                        <metadata>
                          <entry key="TestKind">
                            <value>Test</value>
                          </entry>
                        </metadata>
                      </testStep>
                      <children />
                      <result assertCount="1" duration="0.000212">
                        <outcome status="passed" />
                      </result>
                      <testLog>
                        <streams />
                        <attachments />
                      </testLog>
                    </testStepRun>
                    <testStepRun startTime="2011-08-05T16:39:18.5399705+09:30" endTime="2011-08-05T16:39:18.5555955+09:30">
                      <testStep id="fe37405a2388beee" name="Validation_IsCreditCardAny(&quot;6011-6011-6011-6611&quot;, true)" fullName="SubSonic.Tests/SugarTests/Validation_IsCreditCardAny/Validation_IsCreditCardAny(&quot;6011-6011-6011-6611&quot;, true)" testId="d3f05500890def04" isPrimary="false" isTestCase="true" isDynamic="false">
                        <codeReference assembly="SubSonic.Tests, Version=2.2.1.0, Culture=neutral, PublicKeyToken=null" namespace="SubSonic.Tests" type="SubSonic.Tests.SugarTests" member="Validation_IsCreditCardAny" />
                        <codeLocation path="C:\data\SubsonicRoot\ss2\SubSonic.Tests\SugarTests.cs" line="155" />
                        <metadata>
                          <entry key="TestKind">
                            <value>Test</value>
                          </entry>
                        </metadata>
                      </testStep>
                      <children />
                      <result assertCount="1" duration="0.0002215">
                        <outcome status="passed" />
                      </result>
                      <testLog>
                        <streams />
                        <attachments />
                      </testLog>
                    </testStepRun>
                    <testStepRun startTime="2011-08-05T16:39:18.5555955+09:30" endTime="2011-08-05T16:39:18.5555955+09:30">
                      <testStep id="7777915870f3958c" name="Validation_IsCreditCardAny(&quot;5431-1111-1111-1111&quot;, true)" fullName="SubSonic.Tests/SugarTests/Validation_IsCreditCardAny/Validation_IsCreditCardAny(&quot;5431-1111-1111-1111&quot;, true)" testId="d3f05500890def04" isPrimary="false" isTestCase="true" isDynamic="false">
                        <codeReference assembly="SubSonic.Tests, Version=2.2.1.0, Culture=neutral, PublicKeyToken=null" namespace="SubSonic.Tests" type="SubSonic.Tests.SugarTests" member="Validation_IsCreditCardAny" />
                        <codeLocation path="C:\data\SubsonicRoot\ss2\SubSonic.Tests\SugarTests.cs" line="155" />
                        <metadata>
                          <entry key="TestKind">
                            <value>Test</value>
                          </entry>
                        </metadata>
                      </testStep>
                      <children />
                      <result assertCount="1" duration="0.0001993">
                        <outcome status="passed" />
                      </result>
                      <testLog>
                        <streams />
                        <attachments />
                      </testLog>
                    </testStepRun>
                    <testStepRun startTime="2011-08-05T16:39:18.5712205+09:30" endTime="2011-08-05T16:39:18.5712205+09:30">
                      <testStep id="22c4e733d9bf3345" name="Validation_IsCreditCardAny(&quot;4012888888881881&quot;, true)" fullName="SubSonic.Tests/SugarTests/Validation_IsCreditCardAny/Validation_IsCreditCardAny(&quot;4012888888881881&quot;, true)" testId="d3f05500890def04" isPrimary="false" isTestCase="true" isDynamic="false">
                        <codeReference assembly="SubSonic.Tests, Version=2.2.1.0, Culture=neutral, PublicKeyToken=null" namespace="SubSonic.Tests" type="SubSonic.Tests.SugarTests" member="Validation_IsCreditCardAny" />
                        <codeLocation path="C:\data\SubsonicRoot\ss2\SubSonic.Tests\SugarTests.cs" line="155" />
                        <metadata>
                          <entry key="TestKind">
                            <value>Test</value>
                          </entry>
                        </metadata>
                      </testStep>
                      <children />
                      <result assertCount="1" duration="0.0001995">
                        <outcome status="passed" />
                      </result>
                      <testLog>
                        <streams />
                        <attachments />
                      </testLog>
                    </testStepRun>
                    <testStepRun startTime="2011-08-05T16:39:18.5712205+09:30" endTime="2011-08-05T16:39:18.5868455+09:30">
                      <testStep id="994241344747b598" name="Validation_IsCreditCardAny(&quot;5105105105105100&quot;, true)" fullName="SubSonic.Tests/SugarTests/Validation_IsCreditCardAny/Validation_IsCreditCardAny(&quot;5105105105105100&quot;, true)" testId="d3f05500890def04" isPrimary="false" isTestCase="true" isDynamic="false">
                        <codeReference assembly="SubSonic.Tests, Version=2.2.1.0, Culture=neutral, PublicKeyToken=null" namespace="SubSonic.Tests" type="SubSonic.Tests.SugarTests" member="Validation_IsCreditCardAny" />
                        <codeLocation path="C:\data\SubsonicRoot\ss2\SubSonic.Tests\SugarTests.cs" line="155" />
                        <metadata>
                          <entry key="TestKind">
                            <value>Test</value>
                          </entry>
                        </metadata>
                      </testStep>
                      <children />
                      <result assertCount="1" duration="0.00025059999999999997">
                        <outcome status="passed" />
                      </result>
                      <testLog>
                        <streams />
                        <attachments />
                      </testLog>
                    </testStepRun>
                    <testStepRun startTime="2011-08-05T16:39:18.5868455+09:30" endTime="2011-08-05T16:39:18.6024705+09:30">
                      <testStep id="63e8bb723426eace" name="Validation_IsCreditCardAny(&quot;5555555555554444&quot;, true)" fullName="SubSonic.Tests/SugarTests/Validation_IsCreditCardAny/Validation_IsCreditCardAny(&quot;5555555555554444&quot;, true)" testId="d3f05500890def04" isPrimary="false" isTestCase="true" isDynamic="false">
                        <codeReference assembly="SubSonic.Tests, Version=2.2.1.0, Culture=neutral, PublicKeyToken=null" namespace="SubSonic.Tests" type="SubSonic.Tests.SugarTests" member="Validation_IsCreditCardAny" />
                        <codeLocation path="C:\data\SubsonicRoot\ss2\SubSonic.Tests\SugarTests.cs" line="155" />
                        <metadata>
                          <entry key="TestKind">
                            <value>Test</value>
                          </entry>
                        </metadata>
                      </testStep>
                      <children />
                      <result assertCount="1" duration="0.0002109">
                        <outcome status="passed" />
                      </result>
                      <testLog>
                        <streams />
                        <attachments />
                      </testLog>
                    </testStepRun>
                    <testStepRun startTime="2011-08-05T16:39:18.6024705+09:30" endTime="2011-08-05T16:39:18.6180955+09:30">
                      <testStep id="f9e4a3f5cea18243" name="Validation_IsCreditCardAny(&quot;0000000000000000&quot;, false)" fullName="SubSonic.Tests/SugarTests/Validation_IsCreditCardAny/Validation_IsCreditCardAny(&quot;0000000000000000&quot;, false)" testId="d3f05500890def04" isPrimary="false" isTestCase="true" isDynamic="false">
                        <codeReference assembly="SubSonic.Tests, Version=2.2.1.0, Culture=neutral, PublicKeyToken=null" namespace="SubSonic.Tests" type="SubSonic.Tests.SugarTests" member="Validation_IsCreditCardAny" />
                        <codeLocation path="C:\data\SubsonicRoot\ss2\SubSonic.Tests\SugarTests.cs" line="155" />
                        <metadata>
                          <entry key="TestKind">
                            <value>Test</value>
                          </entry>
                        </metadata>
                      </testStep>
                      <children />
                      <result assertCount="1" duration="0.00024419999999999997">
                        <outcome status="passed" />
                      </result>
                      <testLog>
                        <streams />
                        <attachments />
                      </testLog>
                    </testStepRun>
                    <testStepRun startTime="2011-08-05T16:39:18.6180955+09:30" endTime="2011-08-05T16:39:18.6180955+09:30">
                      <testStep id="1149c5ede739df0f" name="Validation_IsCreditCardAny(&quot;4222222222222&quot;, true)" fullName="SubSonic.Tests/SugarTests/Validation_IsCreditCardAny/Validation_IsCreditCardAny(&quot;4222222222222&quot;, true)" testId="d3f05500890def04" isPrimary="false" isTestCase="true" isDynamic="false">
                        <codeReference assembly="SubSonic.Tests, Version=2.2.1.0, Culture=neutral, PublicKeyToken=null" namespace="SubSonic.Tests" type="SubSonic.Tests.SugarTests" member="Validation_IsCreditCardAny" />
                        <codeLocation path="C:\data\SubsonicRoot\ss2\SubSonic.Tests\SugarTests.cs" line="155" />
                        <metadata>
                          <entry key="TestKind">
                            <value>Test</value>
                          </entry>
                        </metadata>
                      </testStep>
                      <children />
                      <result assertCount="1" duration="0.0002353">
                        <outcome status="passed" />
                      </result>
                      <testLog>
                        <streams />
                        <attachments />
                      </testLog>
                    </testStepRun>
                    <testStepRun startTime="2011-08-05T16:39:18.6180955+09:30" endTime="2011-08-05T16:39:18.6337205+09:30">
                      <testStep id="170f6ea57ccffb13" name="Validation_IsCreditCardAny(&quot;6011000990139424&quot;, true)" fullName="SubSonic.Tests/SugarTests/Validation_IsCreditCardAny/Validation_IsCreditCardAny(&quot;6011000990139424&quot;, true)" testId="d3f05500890def04" isPrimary="false" isTestCase="true" isDynamic="false">
                        <codeReference assembly="SubSonic.Tests, Version=2.2.1.0, Culture=neutral, PublicKeyToken=null" namespace="SubSonic.Tests" type="SubSonic.Tests.SugarTests" member="Validation_IsCreditCardAny" />
                        <codeLocation path="C:\data\SubsonicRoot\ss2\SubSonic.Tests\SugarTests.cs" line="155" />
                        <metadata>
                          <entry key="TestKind">
                            <value>Test</value>
                          </entry>
                        </metadata>
                      </testStep>
                      <children />
                      <result assertCount="1" duration="0.0002042">
                        <outcome status="passed" />
                      </result>
                      <testLog>
                        <streams />
                        <attachments />
                      </testLog>
                    </testStepRun>
                    <testStepRun startTime="2011-08-05T16:39:18.6337205+09:30" endTime="2011-08-05T16:39:18.6337205+09:30">
                      <testStep id="df14085d5978a957" name="Validation_IsCreditCardAny(&quot;4111-1111-1111-1111&quot;, true)" fullName="SubSonic.Tests/SugarTests/Validation_IsCreditCardAny/Validation_IsCreditCardAny(&quot;4111-1111-1111-1111&quot;, true)" testId="d3f05500890def04" isPrimary="false" isTestCase="true" isDynamic="false">
                        <codeReference assembly="SubSonic.Tests, Version=2.2.1.0, Culture=neutral, PublicKeyToken=null" namespace="SubSonic.Tests" type="SubSonic.Tests.SugarTests" member="Validation_IsCreditCardAny" />
                        <codeLocation path="C:\data\SubsonicRoot\ss2\SubSonic.Tests\SugarTests.cs" line="155" />
                        <metadata>
                          <entry key="TestKind">
                            <value>Test</value>
                          </entry>
                        </metadata>
                      </testStep>
                      <children />
                      <result assertCount="1" duration="0.00020109999999999998">
                        <outcome status="passed" />
                      </result>
                      <testLog>
                        <streams />
                        <attachments />
                      </testLog>
                    </testStepRun>
                    <testStepRun startTime="2011-08-05T16:39:18.6337205+09:30" endTime="2011-08-05T16:39:18.6493455+09:30">
                      <testStep id="eece95e25f299dd8" name="Validation_IsCreditCardAny(&quot;371449635398431&quot;, true)" fullName="SubSonic.Tests/SugarTests/Validation_IsCreditCardAny/Validation_IsCreditCardAny(&quot;371449635398431&quot;, true)" testId="d3f05500890def04" isPrimary="false" isTestCase="true" isDynamic="false">
                        <codeReference assembly="SubSonic.Tests, Version=2.2.1.0, Culture=neutral, PublicKeyToken=null" namespace="SubSonic.Tests" type="SubSonic.Tests.SugarTests" member="Validation_IsCreditCardAny" />
                        <codeLocation path="C:\data\SubsonicRoot\ss2\SubSonic.Tests\SugarTests.cs" line="155" />
                        <metadata>
                          <entry key="TestKind">
                            <value>Test</value>
                          </entry>
                        </metadata>
                      </testStep>
                      <children />
                      <result assertCount="1" duration="0.00022449999999999998">
                        <outcome status="passed" />
                      </result>
                      <testLog>
                        <streams />
                        <attachments />
                      </testLog>
                    </testStepRun>
                    <testStepRun startTime="2011-08-05T16:39:18.6493455+09:30" endTime="2011-08-05T16:39:18.6493455+09:30">
                      <testStep id="fe17ec50b308fe6a" name="Validation_IsCreditCardAny(&quot;378734493671000&quot;, true)" fullName="SubSonic.Tests/SugarTests/Validation_IsCreditCardAny/Validation_IsCreditCardAny(&quot;378734493671000&quot;, true)" testId="d3f05500890def04" isPrimary="false" isTestCase="true" isDynamic="false">
                        <codeReference assembly="SubSonic.Tests, Version=2.2.1.0, Culture=neutral, PublicKeyToken=null" namespace="SubSonic.Tests" type="SubSonic.Tests.SugarTests" member="Validation_IsCreditCardAny" />
                        <codeLocation path="C:\data\SubsonicRoot\ss2\SubSonic.Tests\SugarTests.cs" line="155" />
                        <metadata>
                          <entry key="TestKind">
                            <value>Test</value>
                          </entry>
                        </metadata>
                      </testStep>
                      <children />
                      <result assertCount="1" duration="0.0002259">
                        <outcome status="passed" />
                      </result>
                      <testLog>
                        <streams />
                        <attachments />
                      </testLog>
                    </testStepRun>
                    <testStepRun startTime="2011-08-05T16:39:18.6493455+09:30" endTime="2011-08-05T16:39:18.6649705+09:30">
                      <testStep id="5837b42771e77b27" name="Validation_IsCreditCardAny(&quot;378282246310005&quot;, true)" fullName="SubSonic.Tests/SugarTests/Validation_IsCreditCardAny/Validation_IsCreditCardAny(&quot;378282246310005&quot;, true)" testId="d3f05500890def04" isPrimary="false" isTestCase="true" isDynamic="false">
                        <codeReference assembly="SubSonic.Tests, Version=2.2.1.0, Culture=neutral, PublicKeyToken=null" namespace="SubSonic.Tests" type="SubSonic.Tests.SugarTests" member="Validation_IsCreditCardAny" />
                        <codeLocation path="C:\data\SubsonicRoot\ss2\SubSonic.Tests\SugarTests.cs" line="155" />
                        <metadata>
                          <entry key="TestKind">
                            <value>Test</value>
                          </entry>
                        </metadata>
                      </testStep>
                      <children />
                      <result assertCount="1" duration="0.00027">
                        <outcome status="passed" />
                      </result>
                      <testLog>
                        <streams />
                        <attachments />
                      </testLog>
                    </testStepRun>
                    <testStepRun startTime="2011-08-05T16:39:18.6649705+09:30" endTime="2011-08-05T16:39:18.6649705+09:30">
                      <testStep id="f9597cf48f5a21a" name="Validation_IsCreditCardAny(&quot;3566002020360505&quot;, true)" fullName="SubSonic.Tests/SugarTests/Validation_IsCreditCardAny/Validation_IsCreditCardAny(&quot;3566002020360505&quot;, true)" testId="d3f05500890def04" isPrimary="false" isTestCase="true" isDynamic="false">
                        <codeReference assembly="SubSonic.Tests, Version=2.2.1.0, Culture=neutral, PublicKeyToken=null" namespace="SubSonic.Tests" type="SubSonic.Tests.SugarTests" member="Validation_IsCreditCardAny" />
                        <codeLocation path="C:\data\SubsonicRoot\ss2\SubSonic.Tests\SugarTests.cs" line="155" />
                        <metadata>
                          <entry key="TestKind">
                            <value>Test</value>
                          </entry>
                        </metadata>
                      </testStep>
                      <children />
                      <result assertCount="1" duration="0.0026308">
                        <outcome status="passed" />
                      </result>
                      <testLog>
                        <streams />
                        <attachments />
                      </testLog>
                    </testStepRun>
                    <testStepRun startTime="2011-08-05T16:39:18.6649705+09:30" endTime="2011-08-05T16:39:18.6805955+09:30">
                      <testStep id="62aefa0e9cf8e1a2" name="Validation_IsCreditCardAny(&quot;3530111333300000&quot;, true)" fullName="SubSonic.Tests/SugarTests/Validation_IsCreditCardAny/Validation_IsCreditCardAny(&quot;3530111333300000&quot;, true)" testId="d3f05500890def04" isPrimary="false" isTestCase="true" isDynamic="false">
                        <codeReference assembly="SubSonic.Tests, Version=2.2.1.0, Culture=neutral, PublicKeyToken=null" namespace="SubSonic.Tests" type="SubSonic.Tests.SugarTests" member="Validation_IsCreditCardAny" />
                        <codeLocation path="C:\data\SubsonicRoot\ss2\SubSonic.Tests\SugarTests.cs" line="155" />
                        <metadata>
                          <entry key="TestKind">
                            <value>Test</value>
                          </entry>
                        </metadata>
                      </testStep>
                      <children />
                      <result assertCount="1" duration="0.00024209999999999998">
                        <outcome status="passed" />
                      </result>
                      <testLog>
                        <streams />
                        <attachments />
                      </testLog>
                    </testStepRun>
                  </children>
                  <result assertCount="22" duration="0.0695245">
                    <outcome status="passed" />
                  </result>
                  <testLog>
                    <streams />
                    <attachments />
                  </testLog>
                </testStepRun>
              </children>
              <result assertCount="52" duration="0.1941568">
                <outcome status="passed" />
              </result>
              <testLog>
                <streams />
                <attachments />
              </testLog>
            </testStepRun>
            <testStepRun startTime="2011-08-05T16:39:18.6805955+09:30" endTime="2011-08-05T16:39:18.7118455+09:30">
              <testStep id="6f9cab040478082f" name="TransactionTests" fullName="SubSonic.Tests/TransactionTests" testId="a55b2e3f81298baf" isPrimary="true" isTestCase="false" isDynamic="false">
                <codeReference assembly="SubSonic.Tests, Version=2.2.1.0, Culture=neutral, PublicKeyToken=null" namespace="SubSonic.Tests" type="SubSonic.Tests.TransactionTests" />
                <codeLocation path="C:\data\SubsonicRoot\ss2\SubSonic.Tests\TransactionTests.cs" />
                <metadata>
                  <entry key="TestKind">
                    <value>Fixture</value>
                  </entry>
                </metadata>
              </testStep>
              <children>
                <testStepRun startTime="2011-08-05T16:39:18.6962205+09:30" endTime="2011-08-05T16:39:18.6962205+09:30">
                  <testStep id="848db0823f8b007" name="Transaction_CommitProduct" fullName="SubSonic.Tests/TransactionTests/Transaction_CommitProduct" testId="62339cc90cadd0f1" isPrimary="true" isTestCase="true" isDynamic="false">
                    <codeReference assembly="SubSonic.Tests, Version=2.2.1.0, Culture=neutral, PublicKeyToken=null" namespace="SubSonic.Tests" type="SubSonic.Tests.TransactionTests" member="Transaction_CommitProduct" />
                    <codeLocation path="C:\data\SubsonicRoot\ss2\SubSonic.Tests\TransactionTests.cs" line="75" />
                    <metadata>
                      <entry key="TestKind">
                        <value>Test</value>
                      </entry>
                    </metadata>
                  </testStep>
                  <children />
                  <result assertCount="1" duration="0.0501025">
                    <outcome status="passed" />
                  </result>
                  <testLog>
                    <streams />
                    <attachments />
                  </testLog>
                </testStepRun>
                <testStepRun startTime="2011-08-05T16:39:18.6962205+09:30" endTime="2011-08-05T16:39:18.7118455+09:30">
                  <testStep id="8ed86b6c8b17311" name="Transaction_RollbackProduct" fullName="SubSonic.Tests/TransactionTests/Transaction_RollbackProduct" testId="7a4c3c6601f21a91" isPrimary="true" isTestCase="true" isDynamic="false">
                    <codeReference assembly="SubSonic.Tests, Version=2.2.1.0, Culture=neutral, PublicKeyToken=null" namespace="SubSonic.Tests" type="SubSonic.Tests.TransactionTests" member="Transaction_RollbackProduct" />
                    <codeLocation path="C:\data\SubsonicRoot\ss2\SubSonic.Tests\TransactionTests.cs" line="56" />
                    <metadata>
                      <entry key="TestKind">
                        <value>Test</value>
                      </entry>
                    </metadata>
                  </testStep>
                  <children />
                  <result assertCount="1" duration="0.0167021">
                    <outcome status="passed" />
                  </result>
                  <testLog>
                    <streams />
                    <attachments />
                  </testLog>
                </testStepRun>
              </children>
              <result assertCount="2" duration="0.098658799999999991">
                <outcome status="passed" />
              </result>
              <testLog>
                <streams />
                <attachments />
              </testLog>
            </testStepRun>
            <testStepRun startTime="2011-08-05T16:39:18.7118455+09:30" endTime="2011-08-05T16:39:18.7274705+09:30">
              <testStep id="dbd62382068d9586" name="TransactionTests" fullName="SubSonic.Tests/TransactionTests" testId="a42c7aab47bd124a" isPrimary="true" isTestCase="false" isDynamic="false">
                <codeReference assembly="SubSonic.Tests, Version=2.2.1.0, Culture=neutral, PublicKeyToken=null" namespace="SubSonic.Tests.SqlQuery" type="SubSonic.Tests.SqlQuery.TransactionTests" />
                <codeLocation path="C:\data\SubsonicRoot\ss2\SubSonic.Tests\SqlQuery\TransactionTests.cs" />
                <metadata>
                  <entry key="TestKind">
                    <value>Fixture</value>
                  </entry>
                </metadata>
              </testStep>
              <children>
                <testStepRun startTime="2011-08-05T16:39:18.7118455+09:30" endTime="2011-08-05T16:39:18.7274705+09:30">
                  <testStep id="95b15226137171d" name="Transaction_Simple" fullName="SubSonic.Tests/TransactionTests/Transaction_Simple" testId="ce0ea0d4bbeba445" isPrimary="true" isTestCase="true" isDynamic="false">
                    <codeReference assembly="SubSonic.Tests, Version=2.2.1.0, Culture=neutral, PublicKeyToken=null" namespace="SubSonic.Tests.SqlQuery" type="SubSonic.Tests.SqlQuery.TransactionTests" member="Transaction_Simple" />
                    <codeLocation path="C:\data\SubsonicRoot\ss2\SubSonic.Tests\SqlQuery\TransactionTests.cs" line="27" />
                    <metadata>
                      <entry key="TestKind">
                        <value>Test</value>
                      </entry>
                    </metadata>
                  </testStep>
                  <children />
                  <result assertCount="0" duration="0.0146348">
                    <outcome status="passed" />
                  </result>
                  <testLog>
                    <streams />
                    <attachments />
                  </testLog>
                </testStepRun>
              </children>
              <result assertCount="0" duration="0.0219296">
                <outcome status="passed" />
              </result>
              <testLog>
                <streams />
                <attachments />
              </testLog>
            </testStepRun>
            <testStepRun startTime="2011-08-05T16:39:18.7274705+09:30" endTime="2011-08-05T16:39:19.4149705+09:30">
              <testStep id="e88f87759536e44b" name="TransactionWithDtcOffTests" fullName="SubSonic.Tests/TransactionWithDtcOffTests" testId="880abdbef59a7034" isPrimary="true" isTestCase="false" isDynamic="false">
                <codeReference assembly="SubSonic.Tests, Version=2.2.1.0, Culture=neutral, PublicKeyToken=null" namespace="SubSonic.Tests" type="SubSonic.Tests.TransactionWithDtcOffTests" />
                <codeLocation path="C:\data\SubsonicRoot\ss2\SubSonic.Tests\TransactionWithDtcOffTests.cs" />
                <metadata>
                  <entry key="TestKind">
                    <value>Fixture</value>
                  </entry>
                </metadata>
              </testStep>
              <children>
                <testStepRun startTime="2011-08-05T16:39:18.8212205+09:30" endTime="2011-08-05T16:39:18.8524705+09:30">
                  <testStep id="883a0720890de3a2" name="CanNestSharedConnections" fullName="SubSonic.Tests/TransactionWithDtcOffTests/CanNestSharedConnections" testId="bf6fc463aa4691af" isPrimary="true" isTestCase="true" isDynamic="false">
                    <codeReference assembly="SubSonic.Tests, Version=2.2.1.0, Culture=neutral, PublicKeyToken=null" namespace="SubSonic.Tests" type="SubSonic.Tests.TransactionWithDtcOffTests" member="CanNestSharedConnections" />
                    <codeLocation path="C:\data\SubsonicRoot\ss2\SubSonic.Tests\TransactionWithDtcOffTests.cs" line="288" />
                    <metadata>
                      <entry key="TestKind">
                        <value>Test</value>
                      </entry>
                    </metadata>
                  </testStep>
                  <children />
                  <result assertCount="6" duration="0.028603299999999998">
                    <outcome status="passed" />
                  </result>
                  <testLog>
                    <streams />
                    <attachments />
                  </testLog>
                </testStepRun>
                <testStepRun startTime="2011-08-05T16:39:18.8524705+09:30" endTime="2011-08-05T16:39:18.8680955+09:30">
                  <testStep id="8b63e4f2ae458de4" name="CanRetrieveMultipleEntities_FailsWithoutSharedConnectionScope" fullName="SubSonic.Tests/TransactionWithDtcOffTests/CanRetrieveMultipleEntities_FailsWithoutSharedConnectionScope" testId="33bc997a3d7805bc" isPrimary="true" isTestCase="true" isDynamic="false">
                    <codeReference assembly="SubSonic.Tests, Version=2.2.1.0, Culture=neutral, PublicKeyToken=null" namespace="SubSonic.Tests" type="SubSonic.Tests.TransactionWithDtcOffTests" member="CanRetrieveMultipleEntities_FailsWithoutSharedConnectionScope" />
                    <codeLocation path="C:\data\SubsonicRoot\ss2\SubSonic.Tests\TransactionWithDtcOffTests.cs" line="104" />
                    <metadata>
                      <entry key="TestKind">
                        <value>Test</value>
                      </entry>
                    </metadata>
                  </testStep>
                  <children />
                  <result assertCount="1" duration="0.018842499999999998">
                    <outcome status="passed" />
                  </result>
                  <testLog>
                    <streams />
                    <attachments />
                  </testLog>
                </testStepRun>
                <testStepRun startTime="2011-08-05T16:39:18.8837205+09:30" endTime="2011-08-05T16:39:18.8837205+09:30">
                  <testStep id="ee79f25d01c46fa2" name="CanRetrieveMultipleEntities_SucceedsWithSharedConnectionScope" fullName="SubSonic.Tests/TransactionWithDtcOffTests/CanRetrieveMultipleEntities_SucceedsWithSharedConnectionScope" testId="710aa2d766b9c833" isPrimary="true" isTestCase="true" isDynamic="false">
                    <codeReference assembly="SubSonic.Tests, Version=2.2.1.0, Culture=neutral, PublicKeyToken=null" namespace="SubSonic.Tests" type="SubSonic.Tests.TransactionWithDtcOffTests" member="CanRetrieveMultipleEntities_SucceedsWithSharedConnectionScope" />
                    <codeLocation path="C:\data\SubsonicRoot\ss2\SubSonic.Tests\TransactionWithDtcOffTests.cs" line="135" />
                    <metadata>
                      <entry key="TestKind">
                        <value>Test</value>
                      </entry>
                    </metadata>
                  </testStep>
                  <children />
                  <result assertCount="4" duration="0.0101715">
                    <outcome status="passed" />
                  </result>
                  <testLog>
                    <streams />
                    <attachments />
                  </testLog>
                </testStepRun>
                <testStepRun startTime="2011-08-05T16:39:18.8837205+09:30" endTime="2011-08-05T16:39:18.8993455+09:30">
                  <testStep id="b47233f1edc0e91d" name="NoTransactionScope_CanRetrieveMultipleProducts" fullName="SubSonic.Tests/TransactionWithDtcOffTests/NoTransactionScope_CanRetrieveMultipleProducts" testId="974661575d438355" isPrimary="true" isTestCase="true" isDynamic="false">
                    <codeReference assembly="SubSonic.Tests, Version=2.2.1.0, Culture=neutral, PublicKeyToken=null" namespace="SubSonic.Tests" type="SubSonic.Tests.TransactionWithDtcOffTests" member="NoTransactionScope_CanRetrieveMultipleProducts" />
                    <codeLocation path="C:\data\SubsonicRoot\ss2\SubSonic.Tests\TransactionWithDtcOffTests.cs" line="65" />
                    <metadata>
                      <entry key="TestKind">
                        <value>Test</value>
                      </entry>
                    </metadata>
                  </testStep>
                  <children />
                  <result assertCount="2" duration="0.0261665">
                    <outcome status="passed" />
                  </result>
                  <testLog>
                    <streams />
                    <attachments />
                  </testLog>
                </testStepRun>
                <testStepRun startTime="2011-08-05T16:39:18.9149705+09:30" endTime="2011-08-05T16:39:18.9149705+09:30">
                  <testStep id="8d60667fc3db803f" name="NoTransactionScope_CanRetrieveSingleProduct" fullName="SubSonic.Tests/TransactionWithDtcOffTests/NoTransactionScope_CanRetrieveSingleProduct" testId="9053402acf9b34da" isPrimary="true" isTestCase="true" isDynamic="false">
                    <codeReference assembly="SubSonic.Tests, Version=2.2.1.0, Culture=neutral, PublicKeyToken=null" namespace="SubSonic.Tests" type="SubSonic.Tests.TransactionWithDtcOffTests" member="NoTransactionScope_CanRetrieveSingleProduct" />
                    <codeLocation path="C:\data\SubsonicRoot\ss2\SubSonic.Tests\TransactionWithDtcOffTests.cs" line="55" />
                    <metadata>
                      <entry key="TestKind">
                        <value>Test</value>
                      </entry>
                    </metadata>
                  </testStep>
                  <children />
                  <result assertCount="1" duration="0.0083091">
                    <outcome status="passed" />
                  </result>
                  <testLog>
                    <streams />
                    <attachments />
                  </testLog>
                </testStepRun>
                <testStepRun startTime="2011-08-05T16:39:18.9149705+09:30" endTime="2011-08-05T16:39:18.9305955+09:30">
                  <testStep id="8ddc441914032be7" name="RetrieveMultipleProducts_FailsWithoutSharedConnection" fullName="SubSonic.Tests/TransactionWithDtcOffTests/RetrieveMultipleProducts_FailsWithoutSharedConnection" testId="d05195082be18aed" isPrimary="true" isTestCase="true" isDynamic="false">
                    <codeReference assembly="SubSonic.Tests, Version=2.2.1.0, Culture=neutral, PublicKeyToken=null" namespace="SubSonic.Tests" type="SubSonic.Tests.TransactionWithDtcOffTests" member="RetrieveMultipleProducts_FailsWithoutSharedConnection" />
                    <codeLocation path="C:\data\SubsonicRoot\ss2\SubSonic.Tests\TransactionWithDtcOffTests.cs" line="78" />
                    <metadata>
                      <entry key="TestKind">
                        <value>Test</value>
                      </entry>
                    </metadata>
                  </testStep>
                  <children />
                  <result assertCount="1" duration="0.0099382">
                    <outcome status="passed" />
                  </result>
                  <testLog>
                    <streams />
                    <attachments />
                  </testLog>
                </testStepRun>
                <testStepRun startTime="2011-08-05T16:39:18.9305955+09:30" endTime="2011-08-05T16:39:18.9462205+09:30">
                  <testStep id="5fb251f734e0a254" name="UpdateMultipleProducts_FailsWithoutSharedConnection" fullName="SubSonic.Tests/TransactionWithDtcOffTests/UpdateMultipleProducts_FailsWithoutSharedConnection" testId="2bfb29567a8c1e0a" isPrimary="true" isTestCase="true" isDynamic="false">
                    <codeReference assembly="SubSonic.Tests, Version=2.2.1.0, Culture=neutral, PublicKeyToken=null" namespace="SubSonic.Tests" type="SubSonic.Tests.TransactionWithDtcOffTests" member="UpdateMultipleProducts_FailsWithoutSharedConnection" />
                    <codeLocation path="C:\data\SubsonicRoot\ss2\SubSonic.Tests\TransactionWithDtcOffTests.cs" line="243" />
                    <metadata>
                      <entry key="TestKind">
                        <value>Test</value>
                      </entry>
                    </metadata>
                  </testStep>
                  <children />
                  <result assertCount="1" duration="0.0219185">
                    <outcome status="passed" />
                  </result>
                  <testLog>
                    <streams />
                    <attachments />
                  </testLog>
                </testStepRun>
                <testStepRun startTime="2011-08-05T16:39:18.9618455+09:30" endTime="2011-08-05T16:39:18.9618455+09:30">
                  <testStep id="b64be1761709245c" name="UpdateMultipleProducts_SucceedsWithSharedConnection" fullName="SubSonic.Tests/TransactionWithDtcOffTests/UpdateMultipleProducts_SucceedsWithSharedConnection" testId="cf8c2b87e86a6e43" isPrimary="true" isTestCase="true" isDynamic="false">
                    <codeReference assembly="SubSonic.Tests, Version=2.2.1.0, Culture=neutral, PublicKeyToken=null" namespace="SubSonic.Tests" type="SubSonic.Tests.TransactionWithDtcOffTests" member="UpdateMultipleProducts_SucceedsWithSharedConnection" />
                    <codeLocation path="C:\data\SubsonicRoot\ss2\SubSonic.Tests\TransactionWithDtcOffTests.cs" line="266" />
                    <metadata>
                      <entry key="TestKind">
                        <value>Test</value>
                      </entry>
                    </metadata>
                  </testStep>
                  <children />
                  <result assertCount="2" duration="0.0146269">
                    <outcome status="passed" />
                  </result>
                  <testLog>
                    <streams />
                    <attachments />
                  </testLog>
                </testStepRun>
                <testStepRun startTime="2011-08-05T16:39:18.9774705+09:30" endTime="2011-08-05T16:39:18.9930955+09:30">
                  <testStep id="8154b02d31a0472e" name="UpdateSingleProduct_CommitChangeToDatabase" fullName="SubSonic.Tests/TransactionWithDtcOffTests/UpdateSingleProduct_CommitChangeToDatabase" testId="f61847d15bae9d7c" isPrimary="true" isTestCase="true" isDynamic="false">
                    <codeReference assembly="SubSonic.Tests, Version=2.2.1.0, Culture=neutral, PublicKeyToken=null" namespace="SubSonic.Tests" type="SubSonic.Tests.TransactionWithDtcOffTests" member="UpdateSingleProduct_CommitChangeToDatabase" />
                    <codeLocation path="C:\data\SubsonicRoot\ss2\SubSonic.Tests\TransactionWithDtcOffTests.cs" line="219" />
                    <metadata>
                      <entry key="TestKind">
                        <value>Test</value>
                      </entry>
                    </metadata>
                  </testStep>
                  <children />
                  <result assertCount="1" duration="0.0190594">
                    <outcome status="passed" />
                  </result>
                  <testLog>
                    <streams />
                    <attachments />
                  </testLog>
                </testStepRun>
                <testStepRun startTime="2011-08-05T16:39:18.9930955+09:30" endTime="2011-08-05T16:39:19.0087205+09:30">
                  <testStep id="d305b419f32578" name="UpdateSingleProduct_SucceedsUsingSharedConnection" fullName="SubSonic.Tests/TransactionWithDtcOffTests/UpdateSingleProduct_SucceedsUsingSharedConnection" testId="c1645f8c4a9f20ab" isPrimary="true" isTestCase="true" isDynamic="false">
                    <codeReference assembly="SubSonic.Tests, Version=2.2.1.0, Culture=neutral, PublicKeyToken=null" namespace="SubSonic.Tests" type="SubSonic.Tests.TransactionWithDtcOffTests" member="UpdateSingleProduct_SucceedsUsingSharedConnection" />
                    <codeLocation path="C:\data\SubsonicRoot\ss2\SubSonic.Tests\TransactionWithDtcOffTests.cs" line="159" />
                    <metadata>
                      <entry key="TestKind">
                        <value>Test</value>
                      </entry>
                    </metadata>
                  </testStep>
                  <children />
                  <result assertCount="0" duration="0.0091468">
                    <outcome status="passed" />
                  </result>
                  <testLog>
                    <streams />
                    <attachments />
                  </testLog>
                </testStepRun>
                <testStepRun startTime="2011-08-05T16:39:19.0087205+09:30" endTime="2011-08-05T16:39:19.0243455+09:30">
                  <testStep id="328e294605463807" name="UpdateSingleProductRetrieveMultipleProducts_FailsWithoutSharedConnection" fullName="SubSonic.Tests/TransactionWithDtcOffTests/UpdateSingleProductRetrieveMultipleProducts_FailsWithoutSharedConnection" testId="8e42c869bec9e786" isPrimary="true" isTestCase="true" isDynamic="false">
                    <codeReference assembly="SubSonic.Tests, Version=2.2.1.0, Culture=neutral, PublicKeyToken=null" namespace="SubSonic.Tests" type="SubSonic.Tests.TransactionWithDtcOffTests" member="UpdateSingleProductRetrieveMultipleProducts_FailsWithoutSharedConnection" />
                    <codeLocation path="C:\data\SubsonicRoot\ss2\SubSonic.Tests\TransactionWithDtcOffTests.cs" line="172" />
                    <metadata>
                      <entry key="TestKind">
                        <value>Test</value>
                      </entry>
                    </metadata>
                  </testStep>
                  <children />
                  <result assertCount="1" duration="0.0199734">
                    <outcome status="passed" />
                  </result>
                  <testLog>
                    <streams />
                    <attachments />
                  </testLog>
                </testStepRun>
                <testStepRun startTime="2011-08-05T16:39:19.0243455+09:30" endTime="2011-08-05T16:39:19.0399705+09:30">
                  <testStep id="47724288eebf4dce" name="UpdateSingleProductRetrieveMultipleProducts_SucceedsWithSharedConnection" fullName="SubSonic.Tests/TransactionWithDtcOffTests/UpdateSingleProductRetrieveMultipleProducts_SucceedsWithSharedConnection" testId="32f81b0fb6408d6e" isPrimary="true" isTestCase="true" isDynamic="false">
                    <codeReference assembly="SubSonic.Tests, Version=2.2.1.0, Culture=neutral, PublicKeyToken=null" namespace="SubSonic.Tests" type="SubSonic.Tests.TransactionWithDtcOffTests" member="UpdateSingleProductRetrieveMultipleProducts_SucceedsWithSharedConnection" />
                    <codeLocation path="C:\data\SubsonicRoot\ss2\SubSonic.Tests\TransactionWithDtcOffTests.cs" line="197" />
                    <metadata>
                      <entry key="TestKind">
                        <value>Test</value>
                      </entry>
                    </metadata>
                  </testStep>
                  <children />
                  <result assertCount="1" duration="0.0087916">
                    <outcome status="passed" />
                  </result>
                  <testLog>
                    <streams />
                    <attachments />
                  </testLog>
                </testStepRun>
              </children>
              <result assertCount="21" duration="0.8859962">
                <outcome status="passed" />
              </result>
              <testLog>
                <streams />
                <attachments />
              </testLog>
            </testStepRun>
            <testStepRun startTime="2011-08-05T16:39:19.4149705+09:30" endTime="2011-08-05T16:39:19.4305955+09:30">
              <testStep id="7ce281e6511f51a2" name="TurboTemplateTests" fullName="SubSonic.Tests/TurboTemplateTests" testId="830415a07fe92f82" isPrimary="true" isTestCase="false" isDynamic="false">
                <codeReference assembly="SubSonic.Tests, Version=2.2.1.0, Culture=neutral, PublicKeyToken=null" namespace="SubSonic.Tests" type="SubSonic.Tests.TurboTemplateTests" />
                <codeLocation path="C:\data\SubsonicRoot\ss2\SubSonic.Tests\TurboTemplateTests.cs" />
                <metadata>
                  <entry key="TestKind">
                    <value>Fixture</value>
                  </entry>
                </metadata>
              </testStep>
              <children>
                <testStepRun startTime="2011-08-05T16:39:19.4149705+09:30" endTime="2011-08-05T16:39:19.4305955+09:30">
                  <testStep id="43b6b593eaca5d17" name="AssemblyDirectiveIsStrippedFromTemplate" fullName="SubSonic.Tests/TurboTemplateTests/AssemblyDirectiveIsStrippedFromTemplate" testId="47fa02932e4efe5c" isPrimary="true" isTestCase="true" isDynamic="false">
                    <codeReference assembly="SubSonic.Tests, Version=2.2.1.0, Culture=neutral, PublicKeyToken=null" namespace="SubSonic.Tests" type="SubSonic.Tests.TurboTemplateTests" member="AssemblyDirectiveIsStrippedFromTemplate" />
                    <codeLocation path="C:\data\SubsonicRoot\ss2\SubSonic.Tests\TurboTemplateTests.cs" line="45" />
                    <metadata>
                      <entry key="TestKind">
                        <value>Test</value>
                      </entry>
                    </metadata>
                  </testStep>
                  <children />
                  <result assertCount="1" duration="0.0043007">
                    <outcome status="passed" />
                  </result>
                  <testLog>
                    <streams />
                    <attachments />
                  </testLog>
                </testStepRun>
              </children>
              <result assertCount="1" duration="0.011033099999999999">
                <outcome status="passed" />
              </result>
              <testLog>
                <streams />
                <attachments />
              </testLog>
            </testStepRun>
            <testStepRun startTime="2011-08-05T16:39:19.4305955+09:30" endTime="2011-08-05T16:39:19.4930955+09:30">
              <testStep id="df919798ae538dcb" name="UpdateTests" fullName="SubSonic.Tests/UpdateTests" testId="6588e506eeb48f18" isPrimary="true" isTestCase="false" isDynamic="false">
                <codeReference assembly="SubSonic.Tests, Version=2.2.1.0, Culture=neutral, PublicKeyToken=null" namespace="SubSonic.Tests.SqlQuery" type="SubSonic.Tests.SqlQuery.UpdateTests" />
                <codeLocation path="C:\data\SubsonicRoot\ss2\SubSonic.Tests\SqlQuery\UpdateTests.cs" />
                <metadata>
                  <entry key="TestKind">
                    <value>Fixture</value>
                  </entry>
                </metadata>
              </testStep>
              <children>
                <testStepRun startTime="2011-08-05T16:39:19.4305955+09:30" endTime="2011-08-05T16:39:19.4462205+09:30">
                  <testStep id="475a17029e782fd9" name="Update_Expression" fullName="SubSonic.Tests/UpdateTests/Update_Expression" testId="1c84229c354ae60d" isPrimary="true" isTestCase="true" isDynamic="false">
                    <codeReference assembly="SubSonic.Tests, Version=2.2.1.0, Culture=neutral, PublicKeyToken=null" namespace="SubSonic.Tests.SqlQuery" type="SubSonic.Tests.SqlQuery.UpdateTests" member="Update_Expression" />
                    <codeLocation path="C:\data\SubsonicRoot\ss2\SubSonic.Tests\SqlQuery\UpdateTests.cs" line="52" />
                    <metadata>
                      <entry key="TestKind">
                        <value>Test</value>
                      </entry>
                    </metadata>
                  </testStep>
                  <children />
                  <result assertCount="2" duration="0.0192361">
                    <outcome status="passed" />
                  </result>
                  <testLog>
                    <streams />
                    <attachments />
                  </testLog>
                </testStepRun>
                <testStepRun startTime="2011-08-05T16:39:19.4462205+09:30" endTime="2011-08-05T16:39:19.4618455+09:30">
                  <testStep id="60feb8e465fb19d7" name="Update_Simple" fullName="SubSonic.Tests/UpdateTests/Update_Simple" testId="f7fa1b357aa3059d" isPrimary="true" isTestCase="true" isDynamic="false">
                    <codeReference assembly="SubSonic.Tests, Version=2.2.1.0, Culture=neutral, PublicKeyToken=null" namespace="SubSonic.Tests.SqlQuery" type="SubSonic.Tests.SqlQuery.UpdateTests" member="Update_Simple" />
                    <codeLocation path="C:\data\SubsonicRoot\ss2\SubSonic.Tests\SqlQuery\UpdateTests.cs" line="35" />
                    <metadata>
                      <entry key="TestKind">
                        <value>Test</value>
                      </entry>
                    </metadata>
                  </testStep>
                  <children />
                  <result assertCount="2" duration="0.009534299999999999">
                    <outcome status="passed" />
                  </result>
                  <testLog>
                    <streams />
                    <attachments />
                  </testLog>
                </testStepRun>
                <testStepRun startTime="2011-08-05T16:39:19.4618455+09:30" endTime="2011-08-05T16:39:19.4774705+09:30">
                  <testStep id="8bcb27e2cf5cdac0" name="Update_SimpleSqlCheck" fullName="SubSonic.Tests/UpdateTests/Update_SimpleSqlCheck" testId="7643c0325899aef5" isPrimary="true" isTestCase="true" isDynamic="false">
                    <codeReference assembly="SubSonic.Tests, Version=2.2.1.0, Culture=neutral, PublicKeyToken=null" namespace="SubSonic.Tests.SqlQuery" type="SubSonic.Tests.SqlQuery.UpdateTests" member="Update_SimpleSqlCheck" />
                    <codeLocation path="C:\data\SubsonicRoot\ss2\SubSonic.Tests\SqlQuery\UpdateTests.cs" line="27" />
                    <metadata>
                      <entry key="TestKind">
                        <value>Test</value>
                      </entry>
                    </metadata>
                  </testStep>
                  <children />
                  <result assertCount="1" duration="0.0020458">
                    <outcome status="passed" />
                  </result>
                  <testLog>
                    <streams />
                    <attachments />
                  </testLog>
                </testStepRun>
                <testStepRun startTime="2011-08-05T16:39:19.4774705+09:30" endTime="2011-08-05T16:39:19.4930955+09:30">
                  <testStep id="181accbfa19e2fba" name="Update_SimpleTyped" fullName="SubSonic.Tests/UpdateTests/Update_SimpleTyped" testId="9018805426534641" isPrimary="true" isTestCase="true" isDynamic="false">
                    <codeReference assembly="SubSonic.Tests, Version=2.2.1.0, Culture=neutral, PublicKeyToken=null" namespace="SubSonic.Tests.SqlQuery" type="SubSonic.Tests.SqlQuery.UpdateTests" member="Update_SimpleTyped" />
                    <codeLocation path="C:\data\SubsonicRoot\ss2\SubSonic.Tests\SqlQuery\UpdateTests.cs" line="74" />
                    <metadata>
                      <entry key="TestKind">
                        <value>Test</value>
                      </entry>
                    </metadata>
                  </testStep>
                  <children />
                  <result assertCount="2" duration="0.0129996">
                    <outcome status="passed" />
                  </result>
                  <testLog>
                    <streams />
                    <attachments />
                  </testLog>
                </testStepRun>
              </children>
              <result assertCount="7" duration="0.0618875">
                <outcome status="passed" />
              </result>
              <testLog>
                <streams />
                <attachments />
              </testLog>
            </testStepRun>
          </children>
          <result assertCount="2425" duration="26.557029">
            <outcome status="failed" />
          </result>
          <testLog>
            <streams />
            <attachments />
          </testLog>
        </testStepRun>
      </children>
      <result assertCount="2425" duration="31.1670931">
        <outcome status="failed" />
      </result>
      <testLog>
        <streams />
        <attachments />
      </testLog>
    </testStepRun>
    <statistics assertCount="2425" duration="31.167292099999997" runCount="308" passedCount="300" failedCount="8" inconclusiveCount="0" skippedCount="0" testCount="308" stepCount="342">
      <outcomeSummaries>
        <outcomeSummary count="300">
          <outcome status="passed" />
        </outcomeSummary>
        <outcomeSummary count="8">
          <outcome status="failed" />
        </outcomeSummary>
      </outcomeSummaries>
    </statistics>
  </testPackageRun>
  <logEntries>
    <logEntry severity="info" message="Host started at 5/08/2011 4:38:50 PM." />
    <logEntry severity="info" message="Running under CLR v2.0.50727 runtime." />
    <logEntry severity="debug" message="Listening for connections on IPC port: 'IsolatedProcessHost.8e80158f7d77d923'" />
    <logEntry severity="debug" message="Disabled plugin 'Gallio40': The plugin enable condition was not satisfied.  Please note that this is the intended behavior for plugins that must be hosted inside third party applications in order to work.  Enable condition: '${minFramework:NET40}'." />
    <logEntry severity="debug" message="Disabled plugin 'MbUnit40': The plugin depends on another disabled plugin: 'Gallio40'." />
    <logEntry severity="info" message="Host stopped at 5/08/2011 4:39:21 PM." />
    <logEntry severity="info" message="Host process exited with code: 0" />
  </logEntries>
</report>