<?xml version="1.0" encoding="UTF-8"?>
<TestRun id="b496a51f-382b-47d7-a1c5-3727678505bb" name="Ben@ANAXIMANDER 2011-07-21 01:03:55" runUser="ANAXIMANDER\Ben" xmlns="http://microsoft.com/schemas/VisualStudio/TeamTest/2006">
  <TestRunConfiguration name="Default Run Configuration" id="5fe9eb8a-fe94-46bd-b398-4bbdde0a61bb">
    <Deployment runDeploymentRoot="C:\data\SubsonicRoot\ss2\TestResults\Ben_ANAXIMANDER 2011-07-21 01_03_55">
      <DeploymentItem filename="C:\data\SubsonicRoot\ss2\Dependencies\Gallio.dll" />
      <DeploymentItem filename="C:\data\SubsonicRoot\ss2\Dependencies\MySql.Data.dll" />
      <DeploymentItem filename="C:\data\SubsonicRoot\ss2\Dependencies\MbUnit.dll" />
      <DeploymentItem filename="C:\data\SubsonicRoot\ss2\Dependencies\Microsoft.Practices.EnterpriseLibrary.Common.dll" />
      <DeploymentItem filename="C:\data\SubsonicRoot\ss2\Dependencies\Microsoft.Practices.EnterpriseLibrary.Data.dll" />
      <DeploymentItem filename="C:\data\SubsonicRoot\ss2\SubSonic.Migrations\bin\Debug\SubSonic.Migrations.dll" />
      <DeploymentItem filename="C:\data\SubsonicRoot\ss2\SubSonic\bin\Debug\SubSonic.dll" />
    </Deployment>
    <Hosts skipUnhostableTests="false" />
    <TestTypeSpecific />
  </TestRunConfiguration>
  <ResultSummary outcome="Error">
    <Counters total="270" executed="270" error="270" failed="0" timeout="0" aborted="0" inconclusive="0" passedButRunAborted="0" notRunnable="0" notExecuted="0" disconnected="0" warning="0" passed="0" completed="0" inProgress="0" pending="0" />
    <RunInfos>
      <RunInfo computerName="ANAXIMANDER" outcome="Warning" timestamp="2011-07-21T01:03:58.3116250+09:30">
        <Text>Warning: Test Run deployment issue: The assembly or module 'Microsoft.Practices.ObjectBuilder2' directly or indirectly referenced by the test container 'C:\data\SubsonicRoot\ss2\SubSonic.Tests\bin\Debug\SubSonic.Tests.dll' was not found.</Text>
      </RunInfo>
      <RunInfo computerName="ANAXIMANDER" outcome="Warning" timestamp="2011-07-21T01:03:58.3116250+09:30">
        <Text>Warning: Test Run deployment issue: The assembly or module 'Microsoft.Practices.Unity' directly or indirectly referenced by the test container 'C:\data\SubsonicRoot\ss2\SubSonic.Tests\bin\Debug\SubSonic.Tests.dll' was not found.</Text>
      </RunInfo>
    </RunInfos>
  </ResultSummary>
  <Times creation="2011-07-21T01:03:55.5772500+09:30" queuing="2011-07-21T01:04:00.0303750+09:30" start="2011-07-21T01:04:00.5147500+09:30" finish="2011-07-21T01:04:03.7335000+09:30" />
  <TestDefinitions>
    <GallioTestElement name="Query_NOT_IN_ListCollection" storage="C:\data\SubsonicRoot\ss2\SubSonic.Tests\bin\Debug\SubSonic.Tests.dll" id="36636231-3664-6163-6232-393761313033" d3p1:Gallio.TestId="1bc6d6cab297a103" d3p1:Gallio.AssemblyName="SubSonic.Tests, Version=2.2.1.0, Culture=neutral, PublicKeyToken=null" d3p1:Gallio.NamespaceName="SubSonic.Tests" d3p1:Gallio.TypeName="SubSonic.Tests.QueryTest" d3p1:Gallio.MemberName="Query_NOT_IN_ListCollection" d3p1:Gallio.ParameterName="" d3p1:Gallio.Path="C:\data\SubsonicRoot\ss2\SubSonic.Tests\QueryTest.cs" d3p1:Gallio.Line="233" d3p1:Gallio.Column="0" xmlns:d3p1="http://www.gallio.org/">
      <Css projectStructure="" iteration="" />
      <Owners>
        <Owner name="" />
      </Owners>
      <Execution id="cc8c5334-b021-4da3-914a-2390ccef9441" />
      <Properties>
        <Property>
          <Key>TestKind</Key>
          <Value>Test</Value>
        </Property>
      </Properties>
    </GallioTestElement>
    <GallioTestElement name="SP_QuickDataSet" storage="C:\data\SubsonicRoot\ss2\SubSonic.Tests\bin\Debug\SubSonic.Tests.dll" id="34663538-3537-3438-3862-353532386466" d3p1:Gallio.TestId="85f475848b5528df" d3p1:Gallio.AssemblyName="SubSonic.Tests, Version=2.2.1.0, Culture=neutral, PublicKeyToken=null" d3p1:Gallio.NamespaceName="SubSonic.Tests" d3p1:Gallio.TypeName="SubSonic.Tests.SPs" d3p1:Gallio.MemberName="SP_QuickDataSet" d3p1:Gallio.ParameterName="" d3p1:Gallio.Path="C:\data\SubsonicRoot\ss2\SubSonic.Tests\SPs.cs" d3p1:Gallio.Line="197" d3p1:Gallio.Column="0" xmlns:d3p1="http://www.gallio.org/">
      <Css projectStructure="" iteration="" />
      <Owners>
        <Owner name="" />
      </Owners>
      <Execution id="232120ee-b16d-4200-9d66-9a4735efc022" />
      <Properties>
        <Property>
          <Key>TestKind</Key>
          <Value>Test</Value>
        </Property>
      </Properties>
    </GallioTestElement>
    <GallioTestElement name="Exec_Collection_JoinedWithLike_Typed" storage="C:\data\SubsonicRoot\ss2\SubSonic.Tests\bin\Debug\SubSonic.Tests.dll" id="62323331-3432-6163-3335-643137386336" d3p1:Gallio.TestId="132b24ca35d178c6" d3p1:Gallio.AssemblyName="SubSonic.Tests, Version=2.2.1.0, Culture=neutral, PublicKeyToken=null" d3p1:Gallio.NamespaceName="SubSonic.Tests.SqlQuery" d3p1:Gallio.TypeName="SubSonic.Tests.SqlQuery.SelectTests" d3p1:Gallio.MemberName="Exec_Collection_JoinedWithLike_Typed" d3p1:Gallio.ParameterName="" d3p1:Gallio.Path="C:\data\SubsonicRoot\ss2\SubSonic.Tests\SqlQuery\SelectTests.cs" d3p1:Gallio.Line="209" d3p1:Gallio.Column="0" xmlns:d3p1="http://www.gallio.org/">
      <Css projectStructure="" iteration="" />
      <Owners>
        <Owner name="" />
      </Owners>
      <Execution id="5b95a225-308a-4651-8536-0e0b46a41d47" />
      <Properties>
        <Property>
          <Key>TestKind</Key>
          <Value>Test</Value>
        </Property>
      </Properties>
    </GallioTestElement>
    <GallioTestElement name="Select_BetweenAnd" storage="C:\data\SubsonicRoot\ss2\SubSonic.Tests\bin\Debug\SubSonic.Tests.dll" id="33336463-3933-3838-3835-343137653638" d3p1:Gallio.TestId="cd33398885417e68" d3p1:Gallio.AssemblyName="SubSonic.Tests, Version=2.2.1.0, Culture=neutral, PublicKeyToken=null" d3p1:Gallio.NamespaceName="SubSonic.Tests.SqlQuery" d3p1:Gallio.TypeName="SubSonic.Tests.SqlQuery.SqlServerParserTests" d3p1:Gallio.MemberName="Select_BetweenAnd" d3p1:Gallio.ParameterName="" d3p1:Gallio.Path="C:\data\SubsonicRoot\ss2\SubSonic.Tests\SqlGenerators\SqlServerGeneratorTests.cs" d3p1:Gallio.Line="100" d3p1:Gallio.Column="0" xmlns:d3p1="http://www.gallio.org/">
      <Css projectStructure="" iteration="" />
      <Owners>
        <Owner name="" />
      </Owners>
      <Execution id="75106c51-d3a9-4560-8b5a-7ffed748fe96" />
      <Properties>
        <Property>
          <Key>TestKind</Key>
          <Value>Test</Value>
        </Property>
      </Properties>
    </GallioTestElement>
    <GallioTestElement name="Join_RightOuter" storage="C:\data\SubsonicRoot\ss2\SubSonic.Tests\bin\Debug\SubSonic.Tests.dll" id="35363431-3436-3336-6530-346432333264" d3p1:Gallio.TestId="14656463e04d232d" d3p1:Gallio.AssemblyName="SubSonic.Tests, Version=2.2.1.0, Culture=neutral, PublicKeyToken=null" d3p1:Gallio.NamespaceName="SubSonic.Tests.SqlQuery" d3p1:Gallio.TypeName="SubSonic.Tests.SqlQuery.SqlServerParserTests" d3p1:Gallio.MemberName="Join_RightOuter" d3p1:Gallio.ParameterName="" d3p1:Gallio.Path="C:\data\SubsonicRoot\ss2\SubSonic.Tests\SqlGenerators\SqlServerGeneratorTests.cs" d3p1:Gallio.Line="186" d3p1:Gallio.Column="0" xmlns:d3p1="http://www.gallio.org/">
      <Css projectStructure="" iteration="" />
      <Owners>
        <Owner name="" />
      </Owners>
      <Execution id="19a54e3a-4eaf-43dc-8a2d-bb5f641aab27" />
      <Properties>
        <Property>
          <Key>TestKind</Key>
          <Value>Test</Value>
        </Property>
      </Properties>
    </GallioTestElement>
    <GallioTestElement name="Respository_CollectionLoad" storage="C:\data\SubsonicRoot\ss2\SubSonic.Tests\bin\Debug\SubSonic.Tests.dll" id="62363334-6333-6161-3861-306464613235" d3p1:Gallio.TestId="436b3caa8a0dda25" d3p1:Gallio.AssemblyName="SubSonic.Tests, Version=2.2.1.0, Culture=neutral, PublicKeyToken=null" d3p1:Gallio.NamespaceName="SubSonic.Tests.Repository" d3p1:Gallio.TypeName="SubSonic.Tests.Repository.RepositoryTests" d3p1:Gallio.MemberName="Respository_CollectionLoad" d3p1:Gallio.ParameterName="" d3p1:Gallio.Path="C:\data\SubsonicRoot\ss2\SubSonic.Tests\Repository\RepositoryTests.cs" d3p1:Gallio.Line="106" d3p1:Gallio.Column="0" xmlns:d3p1="http://www.gallio.org/">
      <Css projectStructure="" iteration="" />
      <Owners>
        <Owner name="" />
      </Owners>
      <Execution id="98eb5652-dce7-44d1-8340-0a11a0e43175" />
      <Properties>
        <Property>
          <Key>TestKind</Key>
          <Value>Test</Value>
        </Property>
      </Properties>
    </GallioTestElement>
    <GallioTestElement name="ActiveRecord_IsLoaded_ShouldBe_False_When_Record_Not_Present_Using_PK_Constructor" storage="C:\data\SubsonicRoot\ss2\SubSonic.Tests\bin\Debug\SubSonic.Tests.dll" id="62613661-6561-6564-6262-356366613834" d3p1:Gallio.TestId="a6abaedebb5cfa84" d3p1:Gallio.AssemblyName="SubSonic.Tests, Version=2.2.1.0, Culture=neutral, PublicKeyToken=null" d3p1:Gallio.NamespaceName="SubSonic.Tests.SqlQuery" d3p1:Gallio.TypeName="SubSonic.Tests.SqlQuery.SelectTests" d3p1:Gallio.MemberName="ActiveRecord_IsLoaded_ShouldBe_False_When_Record_Not_Present_Using_PK_Constructor" d3p1:Gallio.ParameterName="" d3p1:Gallio.Path="C:\data\SubsonicRoot\ss2\SubSonic.Tests\SqlQuery\SelectTests.cs" d3p1:Gallio.Line="756" d3p1:Gallio.Column="0" xmlns:d3p1="http://www.gallio.org/">
      <Css projectStructure="" iteration="" />
      <Owners>
        <Owner name="" />
      </Owners>
      <Execution id="8c9e0bc9-0461-4afd-a343-50a21de4577b" />
      <Properties>
        <Property>
          <Key>TestKind</Key>
          <Value>Test</Value>
        </Property>
      </Properties>
    </GallioTestElement>
    <GallioTestElement name="Exec_SimpleJoin" storage="C:\data\SubsonicRoot\ss2\SubSonic.Tests\bin\Debug\SubSonic.Tests.dll" id="38303964-3261-3238-3639-396434363530" d3p1:Gallio.TestId="d908a282699d4650" d3p1:Gallio.AssemblyName="SubSonic.Tests, Version=2.2.1.0, Culture=neutral, PublicKeyToken=null" d3p1:Gallio.NamespaceName="SubSonic.Tests.SqlQuery" d3p1:Gallio.TypeName="SubSonic.Tests.SqlQuery.SelectTests" d3p1:Gallio.MemberName="Exec_SimpleJoin" d3p1:Gallio.ParameterName="" d3p1:Gallio.Path="C:\data\SubsonicRoot\ss2\SubSonic.Tests\SqlQuery\SelectTests.cs" d3p1:Gallio.Line="84" d3p1:Gallio.Column="0" xmlns:d3p1="http://www.gallio.org/">
      <Css projectStructure="" iteration="" />
      <Owners>
        <Owner name="" />
      </Owners>
      <Execution id="b7ea98bd-48d5-4f76-99c8-f3d2edf1ab21" />
      <Properties>
        <Property>
          <Key>TestKind</Key>
          <Value>Test</Value>
        </Property>
      </Properties>
    </GallioTestElement>
    <GallioTestElement name="SP_CustOrderHist_TypedSP_Should_Have_Qualified_CommandSQL" storage="C:\data\SubsonicRoot\ss2\SubSonic.Tests\bin\Debug\SubSonic.Tests.dll" id="37303961-3263-6162-3964-663366396261" d3p1:Gallio.TestId="a907c2ba9df3f9ba" d3p1:Gallio.AssemblyName="SubSonic.Tests, Version=2.2.1.0, Culture=neutral, PublicKeyToken=null" d3p1:Gallio.NamespaceName="SubSonic.Tests" d3p1:Gallio.TypeName="SubSonic.Tests.SPs" d3p1:Gallio.MemberName="SP_CustOrderHist_TypedSP_Should_Have_Qualified_CommandSQL" d3p1:Gallio.ParameterName="" d3p1:Gallio.Path="C:\data\SubsonicRoot\ss2\SubSonic.Tests\SPs.cs" d3p1:Gallio.Line="81" d3p1:Gallio.Column="0" xmlns:d3p1="http://www.gallio.org/">
      <Css projectStructure="" iteration="" />
      <Owners>
        <Owner name="" />
      </Owners>
      <Execution id="ba337917-4e87-444c-9d04-c794ce7fbd3a" />
      <Properties>
        <Property>
          <Key>TestKind</Key>
          <Value>Test</Value>
        </Property>
      </Properties>
    </GallioTestElement>
    <GallioTestElement name="Repository_Should_UpdateProductName" storage="C:\data\SubsonicRoot\ss2\SubSonic.Tests\bin\Debug\SubSonic.Tests.dll" id="62313035-6664-6166-3464-623430376533" d3p1:Gallio.TestId="501bdffa4db407e3" d3p1:Gallio.AssemblyName="SubSonic.Tests, Version=2.2.1.0, Culture=neutral, PublicKeyToken=null" d3p1:Gallio.NamespaceName="SubSonic.Tests.Repository" d3p1:Gallio.TypeName="SubSonic.Tests.Repository.RepositoryTests" d3p1:Gallio.MemberName="Repository_Should_UpdateProductName" d3p1:Gallio.ParameterName="" d3p1:Gallio.Path="C:\data\SubsonicRoot\ss2\SubSonic.Tests\Repository\RepositoryTests.cs" d3p1:Gallio.Line="87" d3p1:Gallio.Column="0" xmlns:d3p1="http://www.gallio.org/">
      <Css projectStructure="" iteration="" />
      <Owners>
        <Owner name="" />
      </Owners>
      <Execution id="c70ef963-a410-48f5-a95f-91eeb5826119" />
      <Properties>
        <Property>
          <Key>TestKind</Key>
          <Value>Test</Value>
        </Property>
      </Properties>
    </GallioTestElement>
    <GallioTestElement name="Exec_DistinctWithWhere" storage="C:\data\SubsonicRoot\ss2\SubSonic.Tests\bin\Debug\SubSonic.Tests.dll" id="64326236-6334-3932-6531-316632643461" d3p1:Gallio.TestId="6b2d4c29e11f2d4a" d3p1:Gallio.AssemblyName="SubSonic.Tests, Version=2.2.1.0, Culture=neutral, PublicKeyToken=null" d3p1:Gallio.NamespaceName="SubSonic.Tests.SqlQuery" d3p1:Gallio.TypeName="SubSonic.Tests.SqlQuery.SelectTests" d3p1:Gallio.MemberName="Exec_DistinctWithWhere" d3p1:Gallio.ParameterName="" d3p1:Gallio.Path="C:\data\SubsonicRoot\ss2\SubSonic.Tests\SqlQuery\SelectTests.cs" d3p1:Gallio.Line="269" d3p1:Gallio.Column="0" xmlns:d3p1="http://www.gallio.org/">
      <Css projectStructure="" iteration="" />
      <Owners>
        <Owner name="" />
      </Owners>
      <Execution id="9e174c03-dcfd-4b30-9791-2835e4748c5d" />
      <Properties>
        <Property>
          <Key>TestKind</Key>
          <Value>Test</Value>
        </Property>
      </Properties>
    </GallioTestElement>
    <GallioTestElement name="GetNewCommand" storage="C:\data\SubsonicRoot\ss2\SubSonic.Tests\bin\Debug\SubSonic.Tests.dll" id="38306437-6131-6164-3139-373336663133" d3p1:Gallio.TestId="7d081ada19736f13" d3p1:Gallio.AssemblyName="SubSonic.Tests, Version=2.2.1.0, Culture=neutral, PublicKeyToken=null" d3p1:Gallio.NamespaceName="SubSonic.Tests" d3p1:Gallio.TypeName="SubSonic.Tests.ActiveRecordTest" d3p1:Gallio.MemberName="GetNewCommand" d3p1:Gallio.ParameterName="" d3p1:Gallio.Path="C:\data\SubsonicRoot\ss2\SubSonic.Tests\ActiveRecordTest.cs" d3p1:Gallio.Line="132" d3p1:Gallio.Column="0" xmlns:d3p1="http://www.gallio.org/">
      <Css projectStructure="" iteration="" />
      <Owners>
        <Owner name="" />
      </Owners>
      <Execution id="3b22970b-5cb4-4f0a-a31f-5f25e1d5f4b5" />
      <Properties>
        <Property>
          <Key>TestKind</Key>
          <Value>Test</Value>
        </Property>
      </Properties>
    </GallioTestElement>
    <GallioTestElement name="Object_CRUD" storage="C:\data\SubsonicRoot\ss2\SubSonic.Tests\bin\Debug\SubSonic.Tests.dll" id="62623034-3032-6436-3835-613962373936" d3p1:Gallio.TestId="40bb206d85a9b796" d3p1:Gallio.AssemblyName="SubSonic.Tests, Version=2.2.1.0, Culture=neutral, PublicKeyToken=null" d3p1:Gallio.NamespaceName="SubSonic.Tests" d3p1:Gallio.TypeName="SubSonic.Tests.GeneratedObjectTests" d3p1:Gallio.MemberName="Object_CRUD" d3p1:Gallio.ParameterName="" d3p1:Gallio.Path="C:\data\SubsonicRoot\ss2\SubSonic.Tests\GeneratedObjectTests.cs" d3p1:Gallio.Line="99" d3p1:Gallio.Column="0" xmlns:d3p1="http://www.gallio.org/">
      <Css projectStructure="" iteration="" />
      <Owners>
        <Owner name="" />
      </Owners>
      <Execution id="aff540c0-d6b4-46f3-b6e4-74c71127f7f9" />
      <Properties>
        <Property>
          <Key>TestKind</Key>
          <Value>Test</Value>
        </Property>
      </Properties>
    </GallioTestElement>
    <GallioTestElement name="Inline_Simple" storage="C:\data\SubsonicRoot\ss2\SubSonic.Tests\bin\Debug\SubSonic.Tests.dll" id="63313037-3864-3035-6661-363763366339" d3p1:Gallio.TestId="701cd850fa67c6c9" d3p1:Gallio.AssemblyName="SubSonic.Tests, Version=2.2.1.0, Culture=neutral, PublicKeyToken=null" d3p1:Gallio.NamespaceName="SubSonic.Tests.SqlQuery" d3p1:Gallio.TypeName="SubSonic.Tests.SqlQuery.InlineQueryTests" d3p1:Gallio.MemberName="Inline_Simple" d3p1:Gallio.ParameterName="" d3p1:Gallio.Path="C:\data\SubsonicRoot\ss2\SubSonic.Tests\SqlQuery\InlineQueryTests.cs" d3p1:Gallio.Line="27" d3p1:Gallio.Column="0" xmlns:d3p1="http://www.gallio.org/">
      <Css projectStructure="" iteration="" />
      <Owners>
        <Owner name="" />
      </Owners>
      <Execution id="b5f33133-1d89-4220-8980-955695657f46" />
      <Properties>
        <Property>
          <Key>TestKind</Key>
          <Value>Test</Value>
        </Property>
      </Properties>
    </GallioTestElement>
    <GallioTestElement name="Alter_Column" storage="C:\data\SubsonicRoot\ss2\SubSonic.Tests\bin\Debug\SubSonic.Tests.dll" id="62303332-6435-3134-6338-386364396433" d3p1:Gallio.TestId="230b5d41c88cd9d3" d3p1:Gallio.AssemblyName="SubSonic.Tests, Version=2.2.1.0, Culture=neutral, PublicKeyToken=null" d3p1:Gallio.NamespaceName="SubSonic.Tests.SqlQuery" d3p1:Gallio.TypeName="SubSonic.Tests.SqlQuery.SqlServerParserTests" d3p1:Gallio.MemberName="Alter_Column" d3p1:Gallio.ParameterName="" d3p1:Gallio.Path="C:\data\SubsonicRoot\ss2\SubSonic.Tests\SqlGenerators\SqlServerGeneratorTests.cs" d3p1:Gallio.Line="255" d3p1:Gallio.Column="0" xmlns:d3p1="http://www.gallio.org/">
      <Css projectStructure="" iteration="" />
      <Owners>
        <Owner name="" />
      </Owners>
      <Execution id="5d65d194-05e1-4a8e-87c2-b78cfded2307" />
      <Properties>
        <Property>
          <Key>TestKind</Key>
          <Value>Test</Value>
        </Property>
      </Properties>
    </GallioTestElement>
    <GallioTestElement name="MigrationExecute" storage="C:\data\SubsonicRoot\ss2\SubSonic.Tests\bin\Debug\SubSonic.Tests.dll" id="35616362-3936-3163-3764-373162386365" d3p1:Gallio.TestId="bca569c17d71b8ce" d3p1:Gallio.AssemblyName="SubSonic.Tests, Version=2.2.1.0, Culture=neutral, PublicKeyToken=null" d3p1:Gallio.NamespaceName="SubSonic.Tests.Migrations" d3p1:Gallio.TypeName="SubSonic.Tests.Migrations.MigrationTests" d3p1:Gallio.MemberName="MigrationExecute" d3p1:Gallio.ParameterName="" d3p1:Gallio.Path="C:\data\SubsonicRoot\ss2\SubSonic.Tests\Migrations\MigrationTests.cs" d3p1:Gallio.Line="250" d3p1:Gallio.Column="0" xmlns:d3p1="http://www.gallio.org/">
      <Css projectStructure="" iteration="" />
      <Owners>
        <Owner name="" />
      </Owners>
      <Execution id="b9fc664d-93a1-4351-a50e-0378291e7330" />
      <Properties>
        <Property>
          <Key>TestKind</Key>
          <Value>Test</Value>
        </Property>
      </Properties>
    </GallioTestElement>
    <GallioTestElement name="CodeGen2_RunSPTemplate" storage="C:\data\SubsonicRoot\ss2\SubSonic.Tests\bin\Debug\SubSonic.Tests.dll" id="37333735-3233-6361-6262-363138316532" d3p1:Gallio.TestId="573732acbb6181e2" d3p1:Gallio.AssemblyName="SubSonic.Tests, Version=2.2.1.0, Culture=neutral, PublicKeyToken=null" d3p1:Gallio.NamespaceName="SubSonic.Tests" d3p1:Gallio.TypeName="SubSonic.Tests.CodeGeneratorTests" d3p1:Gallio.MemberName="CodeGen2_RunSPTemplate" d3p1:Gallio.ParameterName="" d3p1:Gallio.Path="C:\data\SubsonicRoot\ss2\SubSonic.Tests\CodeGeneratorTests.cs" d3p1:Gallio.Line="45" d3p1:Gallio.Column="0" xmlns:d3p1="http://www.gallio.org/">
      <Css projectStructure="" iteration="" />
      <Owners>
        <Owner name="" />
      </Owners>
      <Execution id="7a1cfc5d-6071-4e76-8b0c-85acb527a67c" />
      <Properties>
        <Property>
          <Key>TestKind</Key>
          <Value>Test</Value>
        </Property>
      </Properties>
    </GallioTestElement>
    <GallioTestElement name="QueryExecuteJoinedDataSet_BETWEEN_AND_WithExtraWhereCondition" storage="C:\data\SubsonicRoot\ss2\SubSonic.Tests\bin\Debug\SubSonic.Tests.dll" id="65316165-6439-3163-6334-633531613862" d3p1:Gallio.TestId="ea1e9dc1c4c51a8b" d3p1:Gallio.AssemblyName="SubSonic.Tests, Version=2.2.1.0, Culture=neutral, PublicKeyToken=null" d3p1:Gallio.NamespaceName="SubSonic.Tests" d3p1:Gallio.TypeName="SubSonic.Tests.QueryTest" d3p1:Gallio.MemberName="QueryExecuteJoinedDataSet_BETWEEN_AND_WithExtraWhereCondition" d3p1:Gallio.ParameterName="" d3p1:Gallio.Path="C:\data\SubsonicRoot\ss2\SubSonic.Tests\QueryTest.cs" d3p1:Gallio.Line="529" d3p1:Gallio.Column="0" xmlns:d3p1="http://www.gallio.org/">
      <Css projectStructure="" iteration="" />
      <Owners>
        <Owner name="" />
      </Owners>
      <Execution id="a012ce07-4a72-4d73-9f3f-9efbed621184" />
      <Properties>
        <Property>
          <Key>TestKind</Key>
          <Value>Test</Value>
        </Property>
      </Properties>
    </GallioTestElement>
    <GallioTestElement name="Exec_SimpleAsSingle" storage="C:\data\SubsonicRoot\ss2\SubSonic.Tests\bin\Debug\SubSonic.Tests.dll" id="34343535-6436-3235-3433-386331346430" d3p1:Gallio.TestId="55446d52438c14d0" d3p1:Gallio.AssemblyName="SubSonic.Tests, Version=2.2.1.0, Culture=neutral, PublicKeyToken=null" d3p1:Gallio.NamespaceName="SubSonic.Tests.SqlQuery" d3p1:Gallio.TypeName="SubSonic.Tests.SqlQuery.SelectTests" d3p1:Gallio.MemberName="Exec_SimpleAsSingle" d3p1:Gallio.ParameterName="" d3p1:Gallio.Path="C:\data\SubsonicRoot\ss2\SubSonic.Tests\SqlQuery\SelectTests.cs" d3p1:Gallio.Line="43" d3p1:Gallio.Column="0" xmlns:d3p1="http://www.gallio.org/">
      <Css projectStructure="" iteration="" />
      <Owners>
        <Owner name="" />
      </Owners>
      <Execution id="5176f258-305c-4843-a7d9-64d8a2b5e678" />
      <Properties>
        <Property>
          <Key>TestKind</Key>
          <Value>Test</Value>
        </Property>
      </Properties>
    </GallioTestElement>
    <GallioTestElement name="Exec_SimpleWithTypedColumns" storage="C:\data\SubsonicRoot\ss2\SubSonic.Tests\bin\Debug\SubSonic.Tests.dll" id="66663738-3634-6136-3731-663066616320" d3p1:Gallio.TestId="87ff466a71f0fac" d3p1:Gallio.AssemblyName="SubSonic.Tests, Version=2.2.1.0, Culture=neutral, PublicKeyToken=null" d3p1:Gallio.NamespaceName="SubSonic.Tests.SqlQuery" d3p1:Gallio.TypeName="SubSonic.Tests.SqlQuery.SelectTests" d3p1:Gallio.MemberName="Exec_SimpleWithTypedColumns" d3p1:Gallio.ParameterName="" d3p1:Gallio.Path="C:\data\SubsonicRoot\ss2\SubSonic.Tests\SqlQuery\SelectTests.cs" d3p1:Gallio.Line="36" d3p1:Gallio.Column="0" xmlns:d3p1="http://www.gallio.org/">
      <Css projectStructure="" iteration="" />
      <Owners>
        <Owner name="" />
      </Owners>
      <Execution id="fda52687-1b1b-46bf-877c-e6eb775041ac" />
      <Properties>
        <Property>
          <Key>TestKind</Key>
          <Value>Test</Value>
        </Property>
      </Properties>
    </GallioTestElement>
    <GallioTestElement name="ETL_CloneCollection" storage="C:\data\SubsonicRoot\ss2\SubSonic.Tests\bin\Debug\SubSonic.Tests.dll" id="65636263-6365-6164-3162-366362306634" d3p1:Gallio.TestId="cbceecda1b6cb0f4" d3p1:Gallio.AssemblyName="SubSonic.Tests, Version=2.2.1.0, Culture=neutral, PublicKeyToken=null" d3p1:Gallio.NamespaceName="SubSonic.Tests" d3p1:Gallio.TypeName="SubSonic.Tests.ETL" d3p1:Gallio.MemberName="ETL_CloneCollection" d3p1:Gallio.ParameterName="" d3p1:Gallio.Path="C:\data\SubsonicRoot\ss2\SubSonic.Tests\ETL.cs" d3p1:Gallio.Line="63" d3p1:Gallio.Column="0" xmlns:d3p1="http://www.gallio.org/">
      <Css projectStructure="" iteration="" />
      <Owners>
        <Owner name="" />
      </Owners>
      <Execution id="6eba65a6-a2d9-4774-be32-aa5084fe6bdc" />
      <Properties>
        <Property>
          <Key>TestKind</Key>
          <Value>Test</Value>
        </Property>
      </Properties>
    </GallioTestElement>
    <GallioTestElement name="NoTransactionScope_CanRetrieveSingleProduct" storage="C:\data\SubsonicRoot\ss2\SubSonic.Tests\bin\Debug\SubSonic.Tests.dll" id="33353039-3034-6132-6366-396233346461" d3p1:Gallio.TestId="9053402acf9b34da" d3p1:Gallio.AssemblyName="SubSonic.Tests, Version=2.2.1.0, Culture=neutral, PublicKeyToken=null" d3p1:Gallio.NamespaceName="SubSonic.Tests" d3p1:Gallio.TypeName="SubSonic.Tests.TransactionWithDtcOffTests" d3p1:Gallio.MemberName="NoTransactionScope_CanRetrieveSingleProduct" d3p1:Gallio.ParameterName="" d3p1:Gallio.Path="C:\data\SubsonicRoot\ss2\SubSonic.Tests\TransactionWithDtcOffTests.cs" d3p1:Gallio.Line="53" d3p1:Gallio.Column="0" xmlns:d3p1="http://www.gallio.org/">
      <Css projectStructure="" iteration="" />
      <Owners>
        <Owner name="" />
      </Owners>
      <Execution id="306c58c1-9500-4ed3-a958-a784df99cab8" />
      <Properties>
        <Property>
          <Key>TestKind</Key>
          <Value>Test</Value>
        </Property>
      </Properties>
    </GallioTestElement>
    <GallioTestElement name="Create_Table" storage="C:\data\SubsonicRoot\ss2\SubSonic.Tests\bin\Debug\SubSonic.Tests.dll" id="36333262-3638-3166-6232-313366376666" d3p1:Gallio.TestId="b23686f1b213f7ff" d3p1:Gallio.AssemblyName="SubSonic.Tests, Version=2.2.1.0, Culture=neutral, PublicKeyToken=null" d3p1:Gallio.NamespaceName="SubSonic.Tests.SqlQuery" d3p1:Gallio.TypeName="SubSonic.Tests.SqlQuery.SqlServerParserTests" d3p1:Gallio.MemberName="Create_Table" d3p1:Gallio.ParameterName="" d3p1:Gallio.Path="C:\data\SubsonicRoot\ss2\SubSonic.Tests\SqlGenerators\SqlServerGeneratorTests.cs" d3p1:Gallio.Line="230" d3p1:Gallio.Column="0" xmlns:d3p1="http://www.gallio.org/">
      <Css projectStructure="" iteration="" />
      <Owners>
        <Owner name="" />
      </Owners>
      <Execution id="263b91e6-9fa6-44ec-97c1-6861db925fe5" />
      <Properties>
        <Property>
          <Key>TestKind</Key>
          <Value>Test</Value>
        </Property>
      </Properties>
    </GallioTestElement>
    <GallioTestElement name="MigrationUpDown" storage="C:\data\SubsonicRoot\ss2\SubSonic.Tests\bin\Debug\SubSonic.Tests.dll" id="63653937-6335-6339-3762-353031343164" d3p1:Gallio.TestId="79ec5c9c7b50141d" d3p1:Gallio.AssemblyName="SubSonic.Tests, Version=2.2.1.0, Culture=neutral, PublicKeyToken=null" d3p1:Gallio.NamespaceName="SubSonic.Tests.Migrations" d3p1:Gallio.TypeName="SubSonic.Tests.Migrations.MigrationTests" d3p1:Gallio.MemberName="MigrationUpDown" d3p1:Gallio.ParameterName="" d3p1:Gallio.Path="C:\data\SubsonicRoot\ss2\SubSonic.Tests\Migrations\MigrationTests.cs" d3p1:Gallio.Line="102" d3p1:Gallio.Column="0" xmlns:d3p1="http://www.gallio.org/">
      <Css projectStructure="" iteration="" />
      <Owners>
        <Owner name="" />
      </Owners>
      <Execution id="ff35a983-8c55-4cfe-9164-089f38b29705" />
      <Properties>
        <Property>
          <Key>TestKind</Key>
          <Value>Test</Value>
        </Property>
      </Properties>
    </GallioTestElement>
    <GallioTestElement name="QueryExecuteJoinedDataSet_ORDER_BY" storage="C:\data\SubsonicRoot\ss2\SubSonic.Tests\bin\Debug\SubSonic.Tests.dll" id="64376133-3939-6362-3864-346632306662" d3p1:Gallio.TestId="3a7d99bc8d4f20fb" d3p1:Gallio.AssemblyName="SubSonic.Tests, Version=2.2.1.0, Culture=neutral, PublicKeyToken=null" d3p1:Gallio.NamespaceName="SubSonic.Tests" d3p1:Gallio.TypeName="SubSonic.Tests.QueryTest" d3p1:Gallio.MemberName="QueryExecuteJoinedDataSet_ORDER_BY" d3p1:Gallio.ParameterName="" d3p1:Gallio.Path="C:\data\SubsonicRoot\ss2\SubSonic.Tests\QueryTest.cs" d3p1:Gallio.Line="741" d3p1:Gallio.Column="0" xmlns:d3p1="http://www.gallio.org/">
      <Css projectStructure="" iteration="" />
      <Owners>
        <Owner name="" />
      </Owners>
      <Execution id="8d4dd4b9-4e87-4316-91bf-921a1aa7a5a6" />
      <Properties>
        <Property>
          <Key>TestKind</Key>
          <Value>Test</Value>
        </Property>
      </Properties>
    </GallioTestElement>
    <GallioTestElement name="SP_Schema_Should_Load_With_Schema_Name" storage="C:\data\SubsonicRoot\ss2\SubSonic.Tests\bin\Debug\SubSonic.Tests.dll" id="62336135-3036-6238-3232-653933386161" d3p1:Gallio.TestId="5a3b608b22e938aa" d3p1:Gallio.AssemblyName="SubSonic.Tests, Version=2.2.1.0, Culture=neutral, PublicKeyToken=null" d3p1:Gallio.NamespaceName="SubSonic.Tests" d3p1:Gallio.TypeName="SubSonic.Tests.SPs" d3p1:Gallio.MemberName="SP_Schema_Should_Load_With_Schema_Name" d3p1:Gallio.ParameterName="" d3p1:Gallio.Path="C:\data\SubsonicRoot\ss2\SubSonic.Tests\SPs.cs" d3p1:Gallio.Line="57" d3p1:Gallio.Column="0" xmlns:d3p1="http://www.gallio.org/">
      <Css projectStructure="" iteration="" />
      <Owners>
        <Owner name="" />
      </Owners>
      <Execution id="11bd0bec-bfd7-460a-894c-9d8f95731577" />
      <Properties>
        <Property>
          <Key>TestKind</Key>
          <Value>Test</Value>
        </Property>
      </Properties>
    </GallioTestElement>
    <GallioTestElement name="Query_ORDER_BY" storage="C:\data\SubsonicRoot\ss2\SubSonic.Tests\bin\Debug\SubSonic.Tests.dll" id="62663937-6634-3166-6265-653033643764" d3p1:Gallio.TestId="79fb4ff1bee03d7d" d3p1:Gallio.AssemblyName="SubSonic.Tests, Version=2.2.1.0, Culture=neutral, PublicKeyToken=null" d3p1:Gallio.NamespaceName="SubSonic.Tests" d3p1:Gallio.TypeName="SubSonic.Tests.QueryTest" d3p1:Gallio.MemberName="Query_ORDER_BY" d3p1:Gallio.ParameterName="" d3p1:Gallio.Path="C:\data\SubsonicRoot\ss2\SubSonic.Tests\QueryTest.cs" d3p1:Gallio.Line="685" d3p1:Gallio.Column="0" xmlns:d3p1="http://www.gallio.org/">
      <Css projectStructure="" iteration="" />
      <Owners>
        <Owner name="" />
      </Owners>
      <Execution id="02b3852e-3582-49f3-876b-85d3834ef5e6" />
      <Properties>
        <Property>
          <Key>TestKind</Key>
          <Value>Test</Value>
        </Property>
      </Properties>
    </GallioTestElement>
    <GallioTestElement name="Where_Simple" storage="C:\data\SubsonicRoot\ss2\SubSonic.Tests\bin\Debug\SubSonic.Tests.dll" id="35633865-3330-3234-3165-643735636337" d3p1:Gallio.TestId="e8c503421ed75cc7" d3p1:Gallio.AssemblyName="SubSonic.Tests, Version=2.2.1.0, Culture=neutral, PublicKeyToken=null" d3p1:Gallio.NamespaceName="SubSonic.Tests.SqlQuery" d3p1:Gallio.TypeName="SubSonic.Tests.SqlQuery.SqlServerParserTests" d3p1:Gallio.MemberName="Where_Simple" d3p1:Gallio.ParameterName="" d3p1:Gallio.Path="C:\data\SubsonicRoot\ss2\SubSonic.Tests\SqlGenerators\SqlServerGeneratorTests.cs" d3p1:Gallio.Line="80" d3p1:Gallio.Column="0" xmlns:d3p1="http://www.gallio.org/">
      <Css projectStructure="" iteration="" />
      <Owners>
        <Owner name="" />
      </Owners>
      <Execution id="17fb4bd1-9d45-41b8-ad6d-503dfec68062" />
      <Properties>
        <Property>
          <Key>TestKind</Key>
          <Value>Test</Value>
        </Property>
      </Properties>
    </GallioTestElement>
    <GallioTestElement name="FK_LoadForeignKeys" storage="C:\data\SubsonicRoot\ss2\SubSonic.Tests\bin\Debug\SubSonic.Tests.dll" id="65313962-3130-3534-3430-316364343920" d3p1:Gallio.TestId="b91e0145401cd49" d3p1:Gallio.AssemblyName="SubSonic.Tests, Version=2.2.1.0, Culture=neutral, PublicKeyToken=null" d3p1:Gallio.NamespaceName="SubSonic.Tests" d3p1:Gallio.TypeName="SubSonic.Tests.ForeignKeyTests" d3p1:Gallio.MemberName="FK_LoadForeignKeys" d3p1:Gallio.ParameterName="" d3p1:Gallio.Path="C:\data\SubsonicRoot\ss2\SubSonic.Tests\ForeignKeyTests.cs" d3p1:Gallio.Line="49" d3p1:Gallio.Column="0" xmlns:d3p1="http://www.gallio.org/">
      <Css projectStructure="" iteration="" />
      <Owners>
        <Owner name="" />
      </Owners>
      <Execution id="38a0b18b-cc46-438a-b0b4-fb41f634f1ee" />
      <Properties>
        <Property>
          <Key>TestKind</Key>
          <Value>Test</Value>
        </Property>
      </Properties>
    </GallioTestElement>
    <GallioTestElement name="SP_QuickReader" storage="C:\data\SubsonicRoot\ss2\SubSonic.Tests\bin\Debug\SubSonic.Tests.dll" id="65333334-3937-3330-3035-303365373931" d3p1:Gallio.TestId="433e79030503e791" d3p1:Gallio.AssemblyName="SubSonic.Tests, Version=2.2.1.0, Culture=neutral, PublicKeyToken=null" d3p1:Gallio.NamespaceName="SubSonic.Tests" d3p1:Gallio.TypeName="SubSonic.Tests.SPs" d3p1:Gallio.MemberName="SP_QuickReader" d3p1:Gallio.ParameterName="" d3p1:Gallio.Path="C:\data\SubsonicRoot\ss2\SubSonic.Tests\SPs.cs" d3p1:Gallio.Line="180" d3p1:Gallio.Column="0" xmlns:d3p1="http://www.gallio.org/">
      <Css projectStructure="" iteration="" />
      <Owners>
        <Owner name="" />
      </Owners>
      <Execution id="49379e3f-b0dc-437f-965c-1241c87e4548" />
      <Properties>
        <Property>
          <Key>TestKind</Key>
          <Value>Test</Value>
        </Property>
      </Properties>
    </GallioTestElement>
    <GallioTestElement name="SP_DSTest" storage="C:\data\SubsonicRoot\ss2\SubSonic.Tests\bin\Debug\SubSonic.Tests.dll" id="30363137-3636-6231-6135-623466383720" d3p1:Gallio.TestId="7160661ba5b4f87" d3p1:Gallio.AssemblyName="SubSonic.Tests, Version=2.2.1.0, Culture=neutral, PublicKeyToken=null" d3p1:Gallio.NamespaceName="SubSonic.Tests" d3p1:Gallio.TypeName="SubSonic.Tests.SPs" d3p1:Gallio.MemberName="SP_DSTest" d3p1:Gallio.ParameterName="" d3p1:Gallio.Path="C:\data\SubsonicRoot\ss2\SubSonic.Tests\SPs.cs" d3p1:Gallio.Line="126" d3p1:Gallio.Column="0" xmlns:d3p1="http://www.gallio.org/">
      <Css projectStructure="" iteration="" />
      <Owners>
        <Owner name="" />
      </Owners>
      <Execution id="9bd2db73-42b0-430e-b0b8-24ab9e4f939a" />
      <Properties>
        <Property>
          <Key>TestKind</Key>
          <Value>Test</Value>
        </Property>
      </Properties>
    </GallioTestElement>
    <GallioTestElement name="Query_BetweenAnd" storage="C:\data\SubsonicRoot\ss2\SubSonic.Tests\bin\Debug\SubSonic.Tests.dll" id="38303864-3261-6333-3935-333730353165" d3p1:Gallio.TestId="d808a23c9537051e" d3p1:Gallio.AssemblyName="SubSonic.Tests, Version=2.2.1.0, Culture=neutral, PublicKeyToken=null" d3p1:Gallio.NamespaceName="SubSonic.Tests" d3p1:Gallio.TypeName="SubSonic.Tests.QueryTest" d3p1:Gallio.MemberName="Query_BetweenAnd" d3p1:Gallio.ParameterName="" d3p1:Gallio.Path="C:\data\SubsonicRoot\ss2\SubSonic.Tests\QueryTest.cs" d3p1:Gallio.Line="102" d3p1:Gallio.Column="0" xmlns:d3p1="http://www.gallio.org/">
      <Css projectStructure="" iteration="" />
      <Owners>
        <Owner name="" />
      </Owners>
      <Execution id="a0a6a545-5a0c-4b67-8d5e-c06747e9018e" />
      <Properties>
        <Property>
          <Key>TestKind</Key>
          <Value>Test</Value>
        </Property>
      </Properties>
    </GallioTestElement>
    <GallioTestElement name="QueryExecuteJoinedDataSet_BETWEEN_AND" storage="C:\data\SubsonicRoot\ss2\SubSonic.Tests\bin\Debug\SubSonic.Tests.dll" id="38356438-6537-6132-3330-376164386337" d3p1:Gallio.TestId="8d587e2a307ad8c7" d3p1:Gallio.AssemblyName="SubSonic.Tests, Version=2.2.1.0, Culture=neutral, PublicKeyToken=null" d3p1:Gallio.NamespaceName="SubSonic.Tests" d3p1:Gallio.TypeName="SubSonic.Tests.QueryTest" d3p1:Gallio.MemberName="QueryExecuteJoinedDataSet_BETWEEN_AND" d3p1:Gallio.ParameterName="" d3p1:Gallio.Path="C:\data\SubsonicRoot\ss2\SubSonic.Tests\QueryTest.cs" d3p1:Gallio.Line="515" d3p1:Gallio.Column="0" xmlns:d3p1="http://www.gallio.org/">
      <Css projectStructure="" iteration="" />
      <Owners>
        <Owner name="" />
      </Owners>
      <Execution id="cb0f9506-10bf-4c6d-b551-7446bc9380f6" />
      <Properties>
        <Property>
          <Key>TestKind</Key>
          <Value>Test</Value>
        </Property>
      </Properties>
    </GallioTestElement>
    <GallioTestElement name="Exec_PagedView" storage="C:\data\SubsonicRoot\ss2\SubSonic.Tests\bin\Debug\SubSonic.Tests.dll" id="33346664-6430-3561-6536-386432363330" d3p1:Gallio.TestId="df430da5e68d2630" d3p1:Gallio.AssemblyName="SubSonic.Tests, Version=2.2.1.0, Culture=neutral, PublicKeyToken=null" d3p1:Gallio.NamespaceName="SubSonic.Tests.SqlQuery" d3p1:Gallio.TypeName="SubSonic.Tests.SqlQuery.SelectTests" d3p1:Gallio.MemberName="Exec_PagedView" d3p1:Gallio.ParameterName="" d3p1:Gallio.Path="C:\data\SubsonicRoot\ss2\SubSonic.Tests\SqlQuery\SelectTests.cs" d3p1:Gallio.Line="333" d3p1:Gallio.Column="0" xmlns:d3p1="http://www.gallio.org/">
      <Css projectStructure="" iteration="" />
      <Owners>
        <Owner name="" />
      </Owners>
      <Execution id="ec76c61c-0712-4523-aaf1-6bf67fc4a9ec" />
      <Properties>
        <Property>
          <Key>TestKind</Key>
          <Value>Test</Value>
        </Property>
      </Properties>
    </GallioTestElement>
    <GallioTestElement name="NameTransformation_ToPascalCase" storage="C:\data\SubsonicRoot\ss2\SubSonic.Tests\bin\Debug\SubSonic.Tests.dll" id="34643432-6131-3166-6439-386364336362" d3p1:Gallio.TestId="24d41af1d98cd3cb" d3p1:Gallio.AssemblyName="SubSonic.Tests, Version=2.2.1.0, Culture=neutral, PublicKeyToken=null" d3p1:Gallio.NamespaceName="SubSonic.Tests" d3p1:Gallio.TypeName="SubSonic.Tests.NameTransformationTests" d3p1:Gallio.MemberName="NameTransformation_ToPascalCase" d3p1:Gallio.ParameterName="" d3p1:Gallio.Path="C:\data\SubsonicRoot\ss2\SubSonic.Tests\NameTransformationTests.cs" d3p1:Gallio.Line="30" d3p1:Gallio.Column="0" xmlns:d3p1="http://www.gallio.org/">
      <Css projectStructure="" iteration="" />
      <Owners>
        <Owner name="" />
      </Owners>
      <Execution id="cddae1e4-7095-4488-bfac-201a89eae9d5" />
      <Properties>
        <Property>
          <Key>TestKind</Key>
          <Value>Test</Value>
        </Property>
      </Properties>
    </GallioTestElement>
    <GallioTestElement name="Exec_SimpleWhere2" storage="C:\data\SubsonicRoot\ss2\SubSonic.Tests\bin\Debug\SubSonic.Tests.dll" id="64346136-3733-3261-6430-663264383133" d3p1:Gallio.TestId="6a4d37a2d0f2d813" d3p1:Gallio.AssemblyName="SubSonic.Tests, Version=2.2.1.0, Culture=neutral, PublicKeyToken=null" d3p1:Gallio.NamespaceName="SubSonic.Tests.SqlQuery" d3p1:Gallio.TypeName="SubSonic.Tests.SqlQuery.SelectTests" d3p1:Gallio.MemberName="Exec_SimpleWhere2" d3p1:Gallio.ParameterName="" d3p1:Gallio.Path="C:\data\SubsonicRoot\ss2\SubSonic.Tests\SqlQuery\SelectTests.cs" d3p1:Gallio.Line="64" d3p1:Gallio.Column="0" xmlns:d3p1="http://www.gallio.org/">
      <Css projectStructure="" iteration="" />
      <Owners>
        <Owner name="" />
      </Owners>
      <Execution id="3459172a-6d63-4157-a64e-fd9c83fed076" />
      <Properties>
        <Property>
          <Key>TestKind</Key>
          <Value>Test</Value>
        </Property>
      </Properties>
    </GallioTestElement>
    <GallioTestElement name="Repository_ShouldNot_ThrowWhenNoColumnsChanged" storage="C:\data\SubsonicRoot\ss2\SubSonic.Tests\bin\Debug\SubSonic.Tests.dll" id="37373262-3663-3537-3537-323039356636" d3p1:Gallio.TestId="b277c675572095f6" d3p1:Gallio.AssemblyName="SubSonic.Tests, Version=2.2.1.0, Culture=neutral, PublicKeyToken=null" d3p1:Gallio.NamespaceName="SubSonic.Tests.Repository" d3p1:Gallio.TypeName="SubSonic.Tests.Repository.RepositoryTests" d3p1:Gallio.MemberName="Repository_ShouldNot_ThrowWhenNoColumnsChanged" d3p1:Gallio.ParameterName="" d3p1:Gallio.Path="C:\data\SubsonicRoot\ss2\SubSonic.Tests\Repository\RepositoryTests.cs" d3p1:Gallio.Line="98" d3p1:Gallio.Column="0" xmlns:d3p1="http://www.gallio.org/">
      <Css projectStructure="" iteration="" />
      <Owners>
        <Owner name="" />
      </Owners>
      <Execution id="2fd5d09f-306e-41bb-bca6-c70c0ee27c68" />
      <Properties>
        <Property>
          <Key>TestKind</Key>
          <Value>Test</Value>
        </Property>
      </Properties>
    </GallioTestElement>
    <GallioTestElement name="Exec_PagedJoined" storage="C:\data\SubsonicRoot\ss2\SubSonic.Tests\bin\Debug\SubSonic.Tests.dll" id="35313865-3763-6234-3161-373232356432" d3p1:Gallio.TestId="e815c74b1a7225d2" d3p1:Gallio.AssemblyName="SubSonic.Tests, Version=2.2.1.0, Culture=neutral, PublicKeyToken=null" d3p1:Gallio.NamespaceName="SubSonic.Tests.SqlQuery" d3p1:Gallio.TypeName="SubSonic.Tests.SqlQuery.SelectTests" d3p1:Gallio.MemberName="Exec_PagedJoined" d3p1:Gallio.ParameterName="" d3p1:Gallio.Path="C:\data\SubsonicRoot\ss2\SubSonic.Tests\SqlQuery\SelectTests.cs" d3p1:Gallio.Line="319" d3p1:Gallio.Column="0" xmlns:d3p1="http://www.gallio.org/">
      <Css projectStructure="" iteration="" />
      <Owners>
        <Owner name="" />
      </Owners>
      <Execution id="0d1b6a96-0e06-479e-b1a4-c361546b95ea" />
      <Properties>
        <Property>
          <Key>TestKind</Key>
          <Value>Test</Value>
        </Property>
      </Properties>
    </GallioTestElement>
    <GallioTestElement name="Inline_WithCommands" storage="C:\data\SubsonicRoot\ss2\SubSonic.Tests\bin\Debug\SubSonic.Tests.dll" id="66383838-3033-3636-6564-326134626331" d3p1:Gallio.TestId="888f3066ed2a4bc1" d3p1:Gallio.AssemblyName="SubSonic.Tests, Version=2.2.1.0, Culture=neutral, PublicKeyToken=null" d3p1:Gallio.NamespaceName="SubSonic.Tests.SqlQuery" d3p1:Gallio.TypeName="SubSonic.Tests.SqlQuery.InlineQueryTests" d3p1:Gallio.MemberName="Inline_WithCommands" d3p1:Gallio.ParameterName="" d3p1:Gallio.Path="C:\data\SubsonicRoot\ss2\SubSonic.Tests\SqlQuery\InlineQueryTests.cs" d3p1:Gallio.Line="34" d3p1:Gallio.Column="0" xmlns:d3p1="http://www.gallio.org/">
      <Css projectStructure="" iteration="" />
      <Owners>
        <Owner name="" />
      </Owners>
      <Execution id="01b955b2-3e74-4154-81b3-4452c86eff7e" />
      <Properties>
        <Property>
          <Key>TestKind</Key>
          <Value>Test</Value>
        </Property>
      </Properties>
    </GallioTestElement>
    <GallioTestElement name="MigrationUpwithErrors" storage="C:\data\SubsonicRoot\ss2\SubSonic.Tests\bin\Debug\SubSonic.Tests.dll" id="62643163-6432-6534-3732-373534663263" d3p1:Gallio.TestId="c1db2d4e72754f2c" d3p1:Gallio.AssemblyName="SubSonic.Tests, Version=2.2.1.0, Culture=neutral, PublicKeyToken=null" d3p1:Gallio.NamespaceName="SubSonic.Tests.Migrations" d3p1:Gallio.TypeName="SubSonic.Tests.Migrations.MigrationTests" d3p1:Gallio.MemberName="MigrationUpwithErrors" d3p1:Gallio.ParameterName="" d3p1:Gallio.Path="C:\data\SubsonicRoot\ss2\SubSonic.Tests\Migrations\MigrationTests.cs" d3p1:Gallio.Line="127" d3p1:Gallio.Column="0" xmlns:d3p1="http://www.gallio.org/">
      <Css projectStructure="" iteration="" />
      <Owners>
        <Owner name="" />
      </Owners>
      <Execution id="cc8df26d-3deb-4843-b30b-ae159105d52e" />
      <Properties>
        <Property>
          <Key>TestKind</Key>
          <Value>Test</Value>
        </Property>
      </Properties>
    </GallioTestElement>
    <GallioTestElement name="CanRetrieveMultipleEntities_FailsWithoutSharedConnectionScope" storage="C:\data\SubsonicRoot\ss2\SubSonic.Tests\bin\Debug\SubSonic.Tests.dll" id="63623333-3939-6137-3364-373830356263" d3p1:Gallio.TestId="33bc997a3d7805bc" d3p1:Gallio.AssemblyName="SubSonic.Tests, Version=2.2.1.0, Culture=neutral, PublicKeyToken=null" d3p1:Gallio.NamespaceName="SubSonic.Tests" d3p1:Gallio.TypeName="SubSonic.Tests.TransactionWithDtcOffTests" d3p1:Gallio.MemberName="CanRetrieveMultipleEntities_FailsWithoutSharedConnectionScope" d3p1:Gallio.ParameterName="" d3p1:Gallio.Path="C:\data\SubsonicRoot\ss2\SubSonic.Tests\TransactionWithDtcOffTests.cs" d3p1:Gallio.Line="102" d3p1:Gallio.Column="0" xmlns:d3p1="http://www.gallio.org/">
      <Css projectStructure="" iteration="" />
      <Owners>
        <Owner name="" />
      </Owners>
      <Execution id="85bbabb6-82d6-4457-8e8a-94ba9910efb9" />
      <Properties>
        <Property>
          <Key>TestKind</Key>
          <Value>Test</Value>
        </Property>
      </Properties>
    </GallioTestElement>
    <GallioTestElement name="ListTHelper" storage="C:\data\SubsonicRoot\ss2\SubSonic.Tests\bin\Debug\SubSonic.Tests.dll" id="65333663-3334-6164-3466-393832396536" d3p1:Gallio.TestId="c63e43da4f9829e6" d3p1:Gallio.AssemblyName="SubSonic.Tests, Version=2.2.1.0, Culture=neutral, PublicKeyToken=null" d3p1:Gallio.NamespaceName="SubSonic.Tests" d3p1:Gallio.TypeName="SubSonic.Tests.ActiveListTests" d3p1:Gallio.MemberName="ListTHelper" d3p1:Gallio.ParameterName="" d3p1:Gallio.Path="C:\data\SubsonicRoot\ss2\SubSonic.Tests\ActiveListTests.cs" d3p1:Gallio.Line="88" d3p1:Gallio.Column="0" xmlns:d3p1="http://www.gallio.org/">
      <Css projectStructure="" iteration="" />
      <Owners>
        <Owner name="" />
      </Owners>
      <Execution id="7bf834d6-cd6d-47a6-a584-2560d2815721" />
      <Properties>
        <Property>
          <Key>TestKind</Key>
          <Value>Test</Value>
        </Property>
      </Properties>
    </GallioTestElement>
    <GallioTestElement name="Update_Simple" storage="C:\data\SubsonicRoot\ss2\SubSonic.Tests\bin\Debug\SubSonic.Tests.dll" id="61663766-6231-3533-3761-613330353964" d3p1:Gallio.TestId="f7fa1b357aa3059d" d3p1:Gallio.AssemblyName="SubSonic.Tests, Version=2.2.1.0, Culture=neutral, PublicKeyToken=null" d3p1:Gallio.NamespaceName="SubSonic.Tests.SqlQuery" d3p1:Gallio.TypeName="SubSonic.Tests.SqlQuery.UpdateTests" d3p1:Gallio.MemberName="Update_Simple" d3p1:Gallio.ParameterName="" d3p1:Gallio.Path="C:\data\SubsonicRoot\ss2\SubSonic.Tests\SqlQuery\UpdateTests.cs" d3p1:Gallio.Line="35" d3p1:Gallio.Column="0" xmlns:d3p1="http://www.gallio.org/">
      <Css projectStructure="" iteration="" />
      <Owners>
        <Owner name="" />
      </Owners>
      <Execution id="ac3ef0c9-cf2d-470a-9199-a336028e2228" />
      <Properties>
        <Property>
          <Key>TestKind</Key>
          <Value>Test</Value>
        </Property>
      </Properties>
    </GallioTestElement>
    <GallioTestElement name="Drop_Table" storage="C:\data\SubsonicRoot\ss2\SubSonic.Tests\bin\Debug\SubSonic.Tests.dll" id="39623638-3137-6531-6363-373736343834" d3p1:Gallio.TestId="86b9711ecc776484" d3p1:Gallio.AssemblyName="SubSonic.Tests, Version=2.2.1.0, Culture=neutral, PublicKeyToken=null" d3p1:Gallio.NamespaceName="SubSonic.Tests.SqlGenerators" d3p1:Gallio.TypeName="SubSonic.Tests.SqlGenerators.MySqlGeneratorTests" d3p1:Gallio.MemberName="Drop_Table" d3p1:Gallio.ParameterName="" d3p1:Gallio.Path="C:\data\SubsonicRoot\ss2\SubSonic.Tests\SqlGenerators\MySqlGeneratorTests.cs" d3p1:Gallio.Line="23" d3p1:Gallio.Column="0" xmlns:d3p1="http://www.gallio.org/">
      <Css projectStructure="" iteration="" />
      <Owners>
        <Owner name="" />
      </Owners>
      <Execution id="186f933f-422c-41c8-8dad-20d2f1c7f759" />
      <Properties>
        <Property>
          <Key>TestKind</Key>
          <Value>Test</Value>
        </Property>
      </Properties>
    </GallioTestElement>
    <GallioTestElement name="SP_CustOrderHist_Should_Have_QualifiedName" storage="C:\data\SubsonicRoot\ss2\SubSonic.Tests\bin\Debug\SubSonic.Tests.dll" id="39633961-3237-3131-3932-653761373464" d3p1:Gallio.TestId="a9c9721192e7a74d" d3p1:Gallio.AssemblyName="SubSonic.Tests, Version=2.2.1.0, Culture=neutral, PublicKeyToken=null" d3p1:Gallio.NamespaceName="SubSonic.Tests" d3p1:Gallio.TypeName="SubSonic.Tests.SPs" d3p1:Gallio.MemberName="SP_CustOrderHist_Should_Have_QualifiedName" d3p1:Gallio.ParameterName="" d3p1:Gallio.Path="C:\data\SubsonicRoot\ss2\SubSonic.Tests\SPs.cs" d3p1:Gallio.Line="65" d3p1:Gallio.Column="0" xmlns:d3p1="http://www.gallio.org/">
      <Css projectStructure="" iteration="" />
      <Owners>
        <Owner name="" />
      </Owners>
      <Execution id="ff485ab4-6737-4cef-b168-a4685c75d66d" />
      <Properties>
        <Property>
          <Key>TestKind</Key>
          <Value>Test</Value>
        </Property>
      </Properties>
    </GallioTestElement>
    <GallioTestElement name="Exec_AggregateWithWhereAndHaving" storage="C:\data\SubsonicRoot\ss2\SubSonic.Tests\bin\Debug\SubSonic.Tests.dll" id="65653131-3862-3061-3665-366330313638" d3p1:Gallio.TestId="11eeb8a06e6c0168" d3p1:Gallio.AssemblyName="SubSonic.Tests, Version=2.2.1.0, Culture=neutral, PublicKeyToken=null" d3p1:Gallio.NamespaceName="SubSonic.Tests.SqlQuery" d3p1:Gallio.TypeName="SubSonic.Tests.SqlQuery.AggregateTests" d3p1:Gallio.MemberName="Exec_AggregateWithWhereAndHaving" d3p1:Gallio.ParameterName="" d3p1:Gallio.Path="C:\data\SubsonicRoot\ss2\SubSonic.Tests\SqlQuery\AggregateTests.cs" d3p1:Gallio.Line="187" d3p1:Gallio.Column="0" xmlns:d3p1="http://www.gallio.org/">
      <Css projectStructure="" iteration="" />
      <Owners>
        <Owner name="" />
      </Owners>
      <Execution id="03c4b0b0-a3e7-4132-b5fa-afb8b6c4255b" />
      <Properties>
        <Property>
          <Key>TestKind</Key>
          <Value>Test</Value>
        </Property>
      </Properties>
    </GallioTestElement>
    <GallioTestElement name="Update_SimpleSqlCheck" storage="C:\data\SubsonicRoot\ss2\SubSonic.Tests\bin\Debug\SubSonic.Tests.dll" id="33343637-3063-3233-3538-393961656635" d3p1:Gallio.TestId="7643c0325899aef5" d3p1:Gallio.AssemblyName="SubSonic.Tests, Version=2.2.1.0, Culture=neutral, PublicKeyToken=null" d3p1:Gallio.NamespaceName="SubSonic.Tests.SqlQuery" d3p1:Gallio.TypeName="SubSonic.Tests.SqlQuery.UpdateTests" d3p1:Gallio.MemberName="Update_SimpleSqlCheck" d3p1:Gallio.ParameterName="" d3p1:Gallio.Path="C:\data\SubsonicRoot\ss2\SubSonic.Tests\SqlQuery\UpdateTests.cs" d3p1:Gallio.Line="27" d3p1:Gallio.Column="0" xmlns:d3p1="http://www.gallio.org/">
      <Css projectStructure="" iteration="" />
      <Owners>
        <Owner name="" />
      </Owners>
      <Execution id="c002e5b1-5c4c-4a9e-bcdb-0434d1bb17c8" />
      <Properties>
        <Property>
          <Key>TestKind</Key>
          <Value>Test</Value>
        </Property>
      </Properties>
    </GallioTestElement>
    <GallioTestElement name="UpdateMultipleProducts_FailsWithoutSharedConnection" storage="C:\data\SubsonicRoot\ss2\SubSonic.Tests\bin\Debug\SubSonic.Tests.dll" id="62666232-3932-3635-3761-386331653061" d3p1:Gallio.TestId="2bfb29567a8c1e0a" d3p1:Gallio.AssemblyName="SubSonic.Tests, Version=2.2.1.0, Culture=neutral, PublicKeyToken=null" d3p1:Gallio.NamespaceName="SubSonic.Tests" d3p1:Gallio.TypeName="SubSonic.Tests.TransactionWithDtcOffTests" d3p1:Gallio.MemberName="UpdateMultipleProducts_FailsWithoutSharedConnection" d3p1:Gallio.ParameterName="" d3p1:Gallio.Path="C:\data\SubsonicRoot\ss2\SubSonic.Tests\TransactionWithDtcOffTests.cs" d3p1:Gallio.Line="242" d3p1:Gallio.Column="0" xmlns:d3p1="http://www.gallio.org/">
      <Css projectStructure="" iteration="" />
      <Owners>
        <Owner name="" />
      </Owners>
      <Execution id="28d2f35e-b60e-4b6c-a873-32e1976097dc" />
      <Properties>
        <Property>
          <Key>TestKind</Key>
          <Value>Test</Value>
        </Property>
      </Properties>
    </GallioTestElement>
    <GallioTestElement name="Query_ORDER_BY_ExpressionDESC_Collection" storage="C:\data\SubsonicRoot\ss2\SubSonic.Tests\bin\Debug\SubSonic.Tests.dll" id="33666463-3431-3861-6461-303663343430" d3p1:Gallio.TestId="cdf314a8da06c440" d3p1:Gallio.AssemblyName="SubSonic.Tests, Version=2.2.1.0, Culture=neutral, PublicKeyToken=null" d3p1:Gallio.NamespaceName="SubSonic.Tests" d3p1:Gallio.TypeName="SubSonic.Tests.QueryTest" d3p1:Gallio.MemberName="Query_ORDER_BY_ExpressionDESC_Collection" d3p1:Gallio.ParameterName="" d3p1:Gallio.Path="C:\data\SubsonicRoot\ss2\SubSonic.Tests\QueryTest.cs" d3p1:Gallio.Line="847" d3p1:Gallio.Column="0" xmlns:d3p1="http://www.gallio.org/">
      <Css projectStructure="" iteration="" />
      <Owners>
        <Owner name="" />
      </Owners>
      <Execution id="90644862-9130-4ee4-b5ad-e9c6994d46da" />
      <Properties>
        <Property>
          <Key>TestKind</Key>
          <Value>Test</Value>
        </Property>
      </Properties>
    </GallioTestElement>
    <GallioTestElement name="MigrateDownFromZero" storage="C:\data\SubsonicRoot\ss2\SubSonic.Tests\bin\Debug\SubSonic.Tests.dll" id="65633137-6462-3838-3937-326131373064" d3p1:Gallio.TestId="71cebd88972a170d" d3p1:Gallio.AssemblyName="SubSonic.Tests, Version=2.2.1.0, Culture=neutral, PublicKeyToken=null" d3p1:Gallio.NamespaceName="SubSonic.Tests.Migrations" d3p1:Gallio.TypeName="SubSonic.Tests.Migrations.MigrationTests" d3p1:Gallio.MemberName="MigrateDownFromZero" d3p1:Gallio.ParameterName="" d3p1:Gallio.Path="C:\data\SubsonicRoot\ss2\SubSonic.Tests\Migrations\MigrationTests.cs" d3p1:Gallio.Line="69" d3p1:Gallio.Column="0" xmlns:d3p1="http://www.gallio.org/">
      <Css projectStructure="" iteration="" />
      <Owners>
        <Owner name="" />
      </Owners>
      <Execution id="b7e2a1fb-df82-4655-aeaa-23abd788db90" />
      <Properties>
        <Property>
          <Key>TestKind</Key>
          <Value>Test</Value>
        </Property>
      </Properties>
    </GallioTestElement>
    <GallioTestElement name="Exec_Collection_JoinedWithLike" storage="C:\data\SubsonicRoot\ss2\SubSonic.Tests\bin\Debug\SubSonic.Tests.dll" id="63633061-3465-3031-6537-303434323032" d3p1:Gallio.TestId="a0cce410e7044202" d3p1:Gallio.AssemblyName="SubSonic.Tests, Version=2.2.1.0, Culture=neutral, PublicKeyToken=null" d3p1:Gallio.NamespaceName="SubSonic.Tests.SqlQuery" d3p1:Gallio.TypeName="SubSonic.Tests.SqlQuery.SelectTests" d3p1:Gallio.MemberName="Exec_Collection_JoinedWithLike" d3p1:Gallio.ParameterName="" d3p1:Gallio.Path="C:\data\SubsonicRoot\ss2\SubSonic.Tests\SqlQuery\SelectTests.cs" d3p1:Gallio.Line="198" d3p1:Gallio.Column="0" xmlns:d3p1="http://www.gallio.org/">
      <Css projectStructure="" iteration="" />
      <Owners>
        <Owner name="" />
      </Owners>
      <Execution id="bff66439-c23b-4e09-a1dd-f1d8c4de53e1" />
      <Properties>
        <Property>
          <Key>TestKind</Key>
          <Value>Test</Value>
        </Property>
      </Properties>
    </GallioTestElement>
    <GallioTestElement name="Exec_AggregateWithWhereNotHaving" storage="C:\data\SubsonicRoot\ss2\SubSonic.Tests\bin\Debug\SubSonic.Tests.dll" id="64303733-6365-6330-6261-356331396461" d3p1:Gallio.TestId="370dec0cba5c19da" d3p1:Gallio.AssemblyName="SubSonic.Tests, Version=2.2.1.0, Culture=neutral, PublicKeyToken=null" d3p1:Gallio.NamespaceName="SubSonic.Tests.SqlQuery" d3p1:Gallio.TypeName="SubSonic.Tests.SqlQuery.AggregateTests" d3p1:Gallio.MemberName="Exec_AggregateWithWhereNotHaving" d3p1:Gallio.ParameterName="" d3p1:Gallio.Path="C:\data\SubsonicRoot\ss2\SubSonic.Tests\SqlQuery\AggregateTests.cs" d3p1:Gallio.Line="201" d3p1:Gallio.Column="0" xmlns:d3p1="http://www.gallio.org/">
      <Css projectStructure="" iteration="" />
      <Owners>
        <Owner name="" />
      </Owners>
      <Execution id="9500122f-41bb-4956-b643-6f951ed42d90" />
      <Properties>
        <Property>
          <Key>TestKind</Key>
          <Value>Test</Value>
        </Property>
      </Properties>
    </GallioTestElement>
    <GallioTestElement name="Join_Cross" storage="C:\data\SubsonicRoot\ss2\SubSonic.Tests\bin\Debug\SubSonic.Tests.dll" id="64353431-3463-6238-3930-333239346465" d3p1:Gallio.TestId="145dc48b903294de" d3p1:Gallio.AssemblyName="SubSonic.Tests, Version=2.2.1.0, Culture=neutral, PublicKeyToken=null" d3p1:Gallio.NamespaceName="SubSonic.Tests.SqlQuery" d3p1:Gallio.TypeName="SubSonic.Tests.SqlQuery.SqlServerParserTests" d3p1:Gallio.MemberName="Join_Cross" d3p1:Gallio.ParameterName="" d3p1:Gallio.Path="C:\data\SubsonicRoot\ss2\SubSonic.Tests\SqlGenerators\SqlServerGeneratorTests.cs" d3p1:Gallio.Line="198" d3p1:Gallio.Column="0" xmlns:d3p1="http://www.gallio.org/">
      <Css projectStructure="" iteration="" />
      <Owners>
        <Owner name="" />
      </Owners>
      <Execution id="e721d399-0ce9-44ec-aefd-5bfaab49be44" />
      <Properties>
        <Property>
          <Key>TestKind</Key>
          <Value>Test</Value>
        </Property>
      </Properties>
    </GallioTestElement>
    <GallioTestElement name="Products_CollectionLoad" storage="C:\data\SubsonicRoot\ss2\SubSonic.Tests\bin\Debug\SubSonic.Tests.dll" id="32663937-3464-3961-6238-626636343737" d3p1:Gallio.TestId="79f2d4a9b8bf6477" d3p1:Gallio.AssemblyName="SubSonic.Tests, Version=2.2.1.0, Culture=neutral, PublicKeyToken=null" d3p1:Gallio.NamespaceName="SubSonic.Tests" d3p1:Gallio.TypeName="SubSonic.Tests.ActiveRecordTest" d3p1:Gallio.MemberName="Products_CollectionLoad" d3p1:Gallio.ParameterName="" d3p1:Gallio.Path="C:\data\SubsonicRoot\ss2\SubSonic.Tests\ActiveRecordTest.cs" d3p1:Gallio.Line="116" d3p1:Gallio.Column="0" xmlns:d3p1="http://www.gallio.org/">
      <Css projectStructure="" iteration="" />
      <Owners>
        <Owner name="" />
      </Owners>
      <Execution id="22d2e96c-ba92-442b-b8de-690a348074f2" />
      <Properties>
        <Property>
          <Key>TestKind</Key>
          <Value>Test</Value>
        </Property>
      </Properties>
    </GallioTestElement>
    <GallioTestElement name="SP_ReaderTest" storage="C:\data\SubsonicRoot\ss2\SubSonic.Tests\bin\Debug\SubSonic.Tests.dll" id="32383265-3161-3633-3036-376364303332" d3p1:Gallio.TestId="e282a136067cd032" d3p1:Gallio.AssemblyName="SubSonic.Tests, Version=2.2.1.0, Culture=neutral, PublicKeyToken=null" d3p1:Gallio.NamespaceName="SubSonic.Tests" d3p1:Gallio.TypeName="SubSonic.Tests.SPs" d3p1:Gallio.MemberName="SP_ReaderTest" d3p1:Gallio.ParameterName="" d3p1:Gallio.Path="C:\data\SubsonicRoot\ss2\SubSonic.Tests\SPs.cs" d3p1:Gallio.Line="92" d3p1:Gallio.Column="0" xmlns:d3p1="http://www.gallio.org/">
      <Css projectStructure="" iteration="" />
      <Owners>
        <Owner name="" />
      </Owners>
      <Execution id="08b769c4-2dec-4c05-9981-59d444db212f" />
      <Properties>
        <Property>
          <Key>TestKind</Key>
          <Value>Test</Value>
        </Property>
      </Properties>
    </GallioTestElement>
    <GallioTestElement name="Exec_InWithSelect" storage="C:\data\SubsonicRoot\ss2\SubSonic.Tests\bin\Debug\SubSonic.Tests.dll" id="34336462-3438-3630-6161-663161366330" d3p1:Gallio.TestId="bd348406aaf1a6c0" d3p1:Gallio.AssemblyName="SubSonic.Tests, Version=2.2.1.0, Culture=neutral, PublicKeyToken=null" d3p1:Gallio.NamespaceName="SubSonic.Tests.SqlQuery" d3p1:Gallio.TypeName="SubSonic.Tests.SqlQuery.SelectTests" d3p1:Gallio.MemberName="Exec_InWithSelect" d3p1:Gallio.ParameterName="" d3p1:Gallio.Path="C:\data\SubsonicRoot\ss2\SubSonic.Tests\SqlQuery\SelectTests.cs" d3p1:Gallio.Line="411" d3p1:Gallio.Column="0" xmlns:d3p1="http://www.gallio.org/">
      <Css projectStructure="" iteration="" />
      <Owners>
        <Owner name="" />
      </Owners>
      <Execution id="f7295e6c-ea6e-4920-8d58-55b37d16f0a9" />
      <Properties>
        <Property>
          <Key>TestKind</Key>
          <Value>Test</Value>
        </Property>
      </Properties>
    </GallioTestElement>
    <GallioTestElement name="GetNoChangesCommand" storage="C:\data\SubsonicRoot\ss2\SubSonic.Tests\bin\Debug\SubSonic.Tests.dll" id="32386261-6636-3937-3135-323835333065" d3p1:Gallio.TestId="ab826f791528530e" d3p1:Gallio.AssemblyName="SubSonic.Tests, Version=2.2.1.0, Culture=neutral, PublicKeyToken=null" d3p1:Gallio.NamespaceName="SubSonic.Tests" d3p1:Gallio.TypeName="SubSonic.Tests.ActiveRecordTest" d3p1:Gallio.MemberName="GetNoChangesCommand" d3p1:Gallio.ParameterName="" d3p1:Gallio.Path="C:\data\SubsonicRoot\ss2\SubSonic.Tests\ActiveRecordTest.cs" d3p1:Gallio.Line="161" d3p1:Gallio.Column="0" xmlns:d3p1="http://www.gallio.org/">
      <Css projectStructure="" iteration="" />
      <Owners>
        <Owner name="" />
      </Owners>
      <Execution id="ddf1300a-c322-45a6-a4f8-20bf50cdf456" />
      <Properties>
        <Property>
          <Key>TestKind</Key>
          <Value>Test</Value>
        </Property>
      </Properties>
    </GallioTestElement>
    <GallioTestElement name="Exec_SimpleIn" storage="C:\data\SubsonicRoot\ss2\SubSonic.Tests\bin\Debug\SubSonic.Tests.dll" id="39346363-3736-6163-3366-346132633032" d3p1:Gallio.TestId="cc4967ca3f4a2c02" d3p1:Gallio.AssemblyName="SubSonic.Tests, Version=2.2.1.0, Culture=neutral, PublicKeyToken=null" d3p1:Gallio.NamespaceName="SubSonic.Tests.SqlQuery" d3p1:Gallio.TypeName="SubSonic.Tests.SqlQuery.SelectTests" d3p1:Gallio.MemberName="Exec_SimpleIn" d3p1:Gallio.ParameterName="" d3p1:Gallio.Path="C:\data\SubsonicRoot\ss2\SubSonic.Tests\SqlQuery\SelectTests.cs" d3p1:Gallio.Line="402" d3p1:Gallio.Column="0" xmlns:d3p1="http://www.gallio.org/">
      <Css projectStructure="" iteration="" />
      <Owners>
        <Owner name="" />
      </Owners>
      <Execution id="bc16ca0f-2016-4f80-923d-2d1787d1601e" />
      <Properties>
        <Property>
          <Key>TestKind</Key>
          <Value>Test</Value>
        </Property>
      </Properties>
    </GallioTestElement>
    <GallioTestElement name="FK_KeyCount" storage="C:\data\SubsonicRoot\ss2\SubSonic.Tests\bin\Debug\SubSonic.Tests.dll" id="39633239-3661-3633-6139-356265616430" d3p1:Gallio.TestId="92c9a636a95bead0" d3p1:Gallio.AssemblyName="SubSonic.Tests, Version=2.2.1.0, Culture=neutral, PublicKeyToken=null" d3p1:Gallio.NamespaceName="SubSonic.Tests" d3p1:Gallio.TypeName="SubSonic.Tests.ForeignKeyTests" d3p1:Gallio.MemberName="FK_KeyCount" d3p1:Gallio.ParameterName="" d3p1:Gallio.Path="C:\data\SubsonicRoot\ss2\SubSonic.Tests\ForeignKeyTests.cs" d3p1:Gallio.Line="59" d3p1:Gallio.Column="0" xmlns:d3p1="http://www.gallio.org/">
      <Css projectStructure="" iteration="" />
      <Owners>
        <Owner name="" />
      </Owners>
      <Execution id="24f05b6a-98ea-4d91-8289-068884a70c78" />
      <Properties>
        <Property>
          <Key>TestKind</Key>
          <Value>Test</Value>
        </Property>
      </Properties>
    </GallioTestElement>
    <GallioTestElement name="Query_NOT_IN_ObjectArray" storage="C:\data\SubsonicRoot\ss2\SubSonic.Tests\bin\Debug\SubSonic.Tests.dll" id="36666662-3765-6632-3564-393932356431" d3p1:Gallio.TestId="bff6e72f5d9925d1" d3p1:Gallio.AssemblyName="SubSonic.Tests, Version=2.2.1.0, Culture=neutral, PublicKeyToken=null" d3p1:Gallio.NamespaceName="SubSonic.Tests" d3p1:Gallio.TypeName="SubSonic.Tests.QueryTest" d3p1:Gallio.MemberName="Query_NOT_IN_ObjectArray" d3p1:Gallio.ParameterName="" d3p1:Gallio.Path="C:\data\SubsonicRoot\ss2\SubSonic.Tests\QueryTest.cs" d3p1:Gallio.Line="216" d3p1:Gallio.Column="0" xmlns:d3p1="http://www.gallio.org/">
      <Css projectStructure="" iteration="" />
      <Owners>
        <Owner name="" />
      </Owners>
      <Execution id="5c963cae-3134-4ce0-a6de-b171668eb244" />
      <Properties>
        <Property>
          <Key>TestKind</Key>
          <Value>Test</Value>
        </Property>
      </Properties>
    </GallioTestElement>
    <GallioTestElement name="Select_With_ExecuteTypedList_Should_Work_With_List_of_Guid" storage="C:\data\SubsonicRoot\ss2\SubSonic.Tests\bin\Debug\SubSonic.Tests.dll" id="32383836-6562-3538-6163-363462373563" d3p1:Gallio.TestId="6882be85ac64b75c" d3p1:Gallio.AssemblyName="SubSonic.Tests, Version=2.2.1.0, Culture=neutral, PublicKeyToken=null" d3p1:Gallio.NamespaceName="SubSonic.Tests.SqlQuery" d3p1:Gallio.TypeName="SubSonic.Tests.SqlQuery.SelectTests" d3p1:Gallio.MemberName="Select_With_ExecuteTypedList_Should_Work_With_List_of_Guid" d3p1:Gallio.ParameterName="" d3p1:Gallio.Path="C:\data\SubsonicRoot\ss2\SubSonic.Tests\SqlQuery\SelectTests.cs" d3p1:Gallio.Line="833" d3p1:Gallio.Column="0" xmlns:d3p1="http://www.gallio.org/">
      <Css projectStructure="" iteration="" />
      <Owners>
        <Owner name="" />
      </Owners>
      <Execution id="8a17338a-fdb2-48f4-85c4-e028da2995dd" />
      <Properties>
        <Property>
          <Key>TestKind</Key>
          <Value>Test</Value>
        </Property>
      </Properties>
    </GallioTestElement>
    <GallioTestElement name="DeferredDelete" storage="C:\data\SubsonicRoot\ss2\SubSonic.Tests\bin\Debug\SubSonic.Tests.dll" id="64383238-3464-3732-3037-623231626265" d3p1:Gallio.TestId="828dd42707b21bbe" d3p1:Gallio.AssemblyName="SubSonic.Tests, Version=2.2.1.0, Culture=neutral, PublicKeyToken=null" d3p1:Gallio.NamespaceName="SubSonic.Tests" d3p1:Gallio.TypeName="SubSonic.Tests.ActiveListTests" d3p1:Gallio.MemberName="DeferredDelete" d3p1:Gallio.ParameterName="" d3p1:Gallio.Path="C:\data\SubsonicRoot\ss2\SubSonic.Tests\ActiveListTests.cs" d3p1:Gallio.Line="66" d3p1:Gallio.Column="0" xmlns:d3p1="http://www.gallio.org/">
      <Css projectStructure="" iteration="" />
      <Owners>
        <Owner name="" />
      </Owners>
      <Execution id="c77b1cc2-c6cd-4172-8a43-5648efc304e8" />
      <Properties>
        <Property>
          <Key>TestKind</Key>
          <Value>Test</Value>
        </Property>
      </Properties>
    </GallioTestElement>
    <GallioTestElement name="MultiThreadedTest" storage="C:\data\SubsonicRoot\ss2\SubSonic.Tests\bin\Debug\SubSonic.Tests.dll" id="37616236-3739-3439-6431-653832343735" d3p1:Gallio.TestId="6ba79794d1e82475" d3p1:Gallio.AssemblyName="SubSonic.Tests, Version=2.2.1.0, Culture=neutral, PublicKeyToken=null" d3p1:Gallio.NamespaceName="SubSonic.Tests" d3p1:Gallio.TypeName="SubSonic.Tests.TransactionWithDtcOffTests" d3p1:Gallio.MemberName="MultiThreadedTest" d3p1:Gallio.ParameterName="" d3p1:Gallio.Path="C:\data\SubsonicRoot\ss2\SubSonic.Tests\TransactionWithDtcOffTests.cs" d3p1:Gallio.Line="329" d3p1:Gallio.Column="0" xmlns:d3p1="http://www.gallio.org/">
      <Css projectStructure="" iteration="" />
      <Owners>
        <Owner name="" />
      </Owners>
      <Execution id="66e9d65f-95e7-410d-b407-8d857512230d" />
      <Properties>
        <Property>
          <Key>TestKind</Key>
          <Value>Test</Value>
        </Property>
      </Properties>
    </GallioTestElement>
    <GallioTestElement name="Exec_Collection_Simple" storage="C:\data\SubsonicRoot\ss2\SubSonic.Tests\bin\Debug\SubSonic.Tests.dll" id="34323766-3864-6164-3534-636564623962" d3p1:Gallio.TestId="f724d8da54cedb9b" d3p1:Gallio.AssemblyName="SubSonic.Tests, Version=2.2.1.0, Culture=neutral, PublicKeyToken=null" d3p1:Gallio.NamespaceName="SubSonic.Tests.SqlQuery" d3p1:Gallio.TypeName="SubSonic.Tests.SqlQuery.SelectTests" d3p1:Gallio.MemberName="Exec_Collection_Simple" d3p1:Gallio.ParameterName="" d3p1:Gallio.Path="C:\data\SubsonicRoot\ss2\SubSonic.Tests\SqlQuery\SelectTests.cs" d3p1:Gallio.Line="180" d3p1:Gallio.Column="0" xmlns:d3p1="http://www.gallio.org/">
      <Css projectStructure="" iteration="" />
      <Owners>
        <Owner name="" />
      </Owners>
      <Execution id="09054848-1860-4a27-9248-b42c1ed0827e" />
      <Properties>
        <Property>
          <Key>TestKind</Key>
          <Value>Test</Value>
        </Property>
      </Properties>
    </GallioTestElement>
    <GallioTestElement name="Dates_ReadableDiff" storage="C:\data\SubsonicRoot\ss2\SubSonic.Tests\bin\Debug\SubSonic.Tests.dll" id="32623664-3734-3930-3832-303533313833" d3p1:Gallio.TestId="d6b2470982053183" d3p1:Gallio.AssemblyName="SubSonic.Tests, Version=2.2.1.0, Culture=neutral, PublicKeyToken=null" d3p1:Gallio.NamespaceName="SubSonic.Tests" d3p1:Gallio.TypeName="SubSonic.Tests.SugarTests" d3p1:Gallio.MemberName="Dates_ReadableDiff" d3p1:Gallio.ParameterName="" d3p1:Gallio.Path="C:\data\SubsonicRoot\ss2\SubSonic.Tests\SugarTests.cs" d3p1:Gallio.Line="121" d3p1:Gallio.Column="0" xmlns:d3p1="http://www.gallio.org/">
      <Css projectStructure="" iteration="" />
      <Owners>
        <Owner name="" />
      </Owners>
      <Execution id="66855b36-1ee7-4f48-9fbb-53cb3440c334" />
      <Properties>
        <Property>
          <Key>TestKind</Key>
          <Value>Test</Value>
        </Property>
      </Properties>
    </GallioTestElement>
    <GallioTestElement name="DataService_GetTableNames" storage="C:\data\SubsonicRoot\ss2\SubSonic.Tests\bin\Debug\SubSonic.Tests.dll" id="38623236-6235-3263-6166-666364303863" d3p1:Gallio.TestId="62b85bc2affcd08c" d3p1:Gallio.AssemblyName="SubSonic.Tests, Version=2.2.1.0, Culture=neutral, PublicKeyToken=null" d3p1:Gallio.NamespaceName="SubSonic.Tests" d3p1:Gallio.TypeName="SubSonic.Tests.DataServiceTest" d3p1:Gallio.MemberName="DataService_GetTableNames" d3p1:Gallio.ParameterName="" d3p1:Gallio.Path="C:\data\SubsonicRoot\ss2\SubSonic.Tests\DataServiceTest.cs" d3p1:Gallio.Line="59" d3p1:Gallio.Column="0" xmlns:d3p1="http://www.gallio.org/">
      <Css projectStructure="" iteration="" />
      <Owners>
        <Owner name="" />
      </Owners>
      <Execution id="7ae45fc2-c593-4fd9-adaa-fe39f6a2fb96" />
      <Properties>
        <Property>
          <Key>TestKind</Key>
          <Value>Test</Value>
        </Property>
      </Properties>
    </GallioTestElement>
    <GallioTestElement name="SqlQuery_when_setting_distinct_it_should_set_IsDistinct" storage="C:\data\SubsonicRoot\ss2\SubSonic.Tests\bin\Debug\SubSonic.Tests.dll" id="64356637-3666-6265-6130-303661336230" d3p1:Gallio.TestId="7f5df6eba006a3b0" d3p1:Gallio.AssemblyName="SubSonic.Tests, Version=2.2.1.0, Culture=neutral, PublicKeyToken=null" d3p1:Gallio.NamespaceName="SubSonic.Tests.SqlQuery" d3p1:Gallio.TypeName="SubSonic.Tests.SqlQuery.SelectTests" d3p1:Gallio.MemberName="SqlQuery_when_setting_distinct_it_should_set_IsDistinct" d3p1:Gallio.ParameterName="" d3p1:Gallio.Path="C:\data\SubsonicRoot\ss2\SubSonic.Tests\SqlQuery\SelectTests.cs" d3p1:Gallio.Line="719" d3p1:Gallio.Column="0" xmlns:d3p1="http://www.gallio.org/">
      <Css projectStructure="" iteration="" />
      <Owners>
        <Owner name="" />
      </Owners>
      <Execution id="b801821d-3041-4515-ab3f-235b2758f0dc" />
      <Properties>
        <Property>
          <Key>TestKind</Key>
          <Value>Test</Value>
        </Property>
      </Properties>
    </GallioTestElement>
    <GallioTestElement name="Exec_MultiJoin" storage="C:\data\SubsonicRoot\ss2\SubSonic.Tests\bin\Debug\SubSonic.Tests.dll" id="37363532-3965-3338-3934-363036646632" d3p1:Gallio.TestId="2567e98394606df2" d3p1:Gallio.AssemblyName="SubSonic.Tests, Version=2.2.1.0, Culture=neutral, PublicKeyToken=null" d3p1:Gallio.NamespaceName="SubSonic.Tests.SqlQuery" d3p1:Gallio.TypeName="SubSonic.Tests.SqlQuery.SelectTests" d3p1:Gallio.MemberName="Exec_MultiJoin" d3p1:Gallio.ParameterName="" d3p1:Gallio.Path="C:\data\SubsonicRoot\ss2\SubSonic.Tests\SqlQuery\SelectTests.cs" d3p1:Gallio.Line="117" d3p1:Gallio.Column="0" xmlns:d3p1="http://www.gallio.org/">
      <Css projectStructure="" iteration="" />
      <Owners>
        <Owner name="" />
      </Owners>
      <Execution id="e5f14110-31b3-4904-9667-833ea019beef" />
      <Properties>
        <Property>
          <Key>TestKind</Key>
          <Value>Test</Value>
        </Property>
      </Properties>
    </GallioTestElement>
    <GallioTestElement name="ListSerialization" storage="C:\data\SubsonicRoot\ss2\SubSonic.Tests\bin\Debug\SubSonic.Tests.dll" id="36306364-6165-6533-6235-656366666320" d3p1:Gallio.TestId="dc06ea3eb5ecffc" d3p1:Gallio.AssemblyName="SubSonic.Tests, Version=2.2.1.0, Culture=neutral, PublicKeyToken=null" d3p1:Gallio.NamespaceName="SubSonic.Tests" d3p1:Gallio.TypeName="SubSonic.Tests.ActiveListTests" d3p1:Gallio.MemberName="ListSerialization" d3p1:Gallio.ParameterName="" d3p1:Gallio.Path="C:\data\SubsonicRoot\ss2\SubSonic.Tests\ActiveListTests.cs" d3p1:Gallio.Line="173" d3p1:Gallio.Column="0" xmlns:d3p1="http://www.gallio.org/">
      <Css projectStructure="" iteration="" />
      <Owners>
        <Owner name="" />
      </Owners>
      <Execution id="e19f0c77-bc7b-489e-837c-9a5b83f0a13b" />
      <Properties>
        <Property>
          <Key>TestKind</Key>
          <Value>Test</Value>
        </Property>
      </Properties>
    </GallioTestElement>
    <GallioTestElement name="Select_IN" storage="C:\data\SubsonicRoot\ss2\SubSonic.Tests\bin\Debug\SubSonic.Tests.dll" id="65376461-6531-3765-3136-623937306220" d3p1:Gallio.TestId="ad7e1ee716b970b" d3p1:Gallio.AssemblyName="SubSonic.Tests, Version=2.2.1.0, Culture=neutral, PublicKeyToken=null" d3p1:Gallio.NamespaceName="SubSonic.Tests.SqlQuery" d3p1:Gallio.TypeName="SubSonic.Tests.SqlQuery.SqlServerParserTests" d3p1:Gallio.MemberName="Select_IN" d3p1:Gallio.ParameterName="" d3p1:Gallio.Path="C:\data\SubsonicRoot\ss2\SubSonic.Tests\SqlGenerators\SqlServerGeneratorTests.cs" d3p1:Gallio.Line="178" d3p1:Gallio.Column="0" xmlns:d3p1="http://www.gallio.org/">
      <Css projectStructure="" iteration="" />
      <Owners>
        <Owner name="" />
      </Owners>
      <Execution id="bfa8c0a2-c27d-41d1-9a08-3b879a5c9a88" />
      <Properties>
        <Property>
          <Key>TestKind</Key>
          <Value>Test</Value>
        </Property>
      </Properties>
    </GallioTestElement>
    <GallioTestElement name="Collection_LoadTypedObject" storage="C:\data\SubsonicRoot\ss2\SubSonic.Tests\bin\Debug\SubSonic.Tests.dll" id="64316362-6365-6362-3966-646338356366" d3p1:Gallio.TestId="bc1decbc9fdc85cf" d3p1:Gallio.AssemblyName="SubSonic.Tests, Version=2.2.1.0, Culture=neutral, PublicKeyToken=null" d3p1:Gallio.NamespaceName="SubSonic.Tests.SqlQuery" d3p1:Gallio.TypeName="SubSonic.Tests.SqlQuery.SelectTests" d3p1:Gallio.MemberName="Collection_LoadTypedObject" d3p1:Gallio.ParameterName="" d3p1:Gallio.Path="C:\data\SubsonicRoot\ss2\SubSonic.Tests\SqlQuery\SelectTests.cs" d3p1:Gallio.Line="489" d3p1:Gallio.Column="0" xmlns:d3p1="http://www.gallio.org/">
      <Css projectStructure="" iteration="" />
      <Owners>
        <Owner name="" />
      </Owners>
      <Execution id="61b57aca-b068-4a6e-a7e6-43560ceb1fc7" />
      <Properties>
        <Property>
          <Key>TestKind</Key>
          <Value>Test</Value>
        </Property>
      </Properties>
    </GallioTestElement>
    <GallioTestElement name="Exec_LeftOuterJoin_With_TableColumn" storage="C:\data\SubsonicRoot\ss2\SubSonic.Tests\bin\Debug\SubSonic.Tests.dll" id="64326433-6339-3932-3266-306465323232" d3p1:Gallio.TestId="3d2d9c292f0de222" d3p1:Gallio.AssemblyName="SubSonic.Tests, Version=2.2.1.0, Culture=neutral, PublicKeyToken=null" d3p1:Gallio.NamespaceName="SubSonic.Tests.SqlQuery" d3p1:Gallio.TypeName="SubSonic.Tests.SqlQuery.SelectTests" d3p1:Gallio.MemberName="Exec_LeftOuterJoin_With_TableColumn" d3p1:Gallio.ParameterName="" d3p1:Gallio.Path="C:\data\SubsonicRoot\ss2\SubSonic.Tests\SqlQuery\SelectTests.cs" d3p1:Gallio.Line="131" d3p1:Gallio.Column="0" xmlns:d3p1="http://www.gallio.org/">
      <Css projectStructure="" iteration="" />
      <Owners>
        <Owner name="" />
      </Owners>
      <Execution id="93cd072b-1393-4420-8655-7b0683da8e58" />
      <Properties>
        <Property>
          <Key>TestKind</Key>
          <Value>Test</Value>
        </Property>
      </Properties>
    </GallioTestElement>
    <GallioTestElement name="Query_ORDER_BY_Expression" storage="C:\data\SubsonicRoot\ss2\SubSonic.Tests\bin\Debug\SubSonic.Tests.dll" id="34623037-3239-3161-3465-313033663332" d3p1:Gallio.TestId="70b492a14e103f32" d3p1:Gallio.AssemblyName="SubSonic.Tests, Version=2.2.1.0, Culture=neutral, PublicKeyToken=null" d3p1:Gallio.NamespaceName="SubSonic.Tests" d3p1:Gallio.TypeName="SubSonic.Tests.QueryTest" d3p1:Gallio.MemberName="Query_ORDER_BY_Expression" d3p1:Gallio.ParameterName="" d3p1:Gallio.Path="C:\data\SubsonicRoot\ss2\SubSonic.Tests\QueryTest.cs" d3p1:Gallio.Line="715" d3p1:Gallio.Column="0" xmlns:d3p1="http://www.gallio.org/">
      <Css projectStructure="" iteration="" />
      <Owners>
        <Owner name="" />
      </Owners>
      <Execution id="276b48a5-88dd-4c5e-99bd-9dfb2da2632e" />
      <Properties>
        <Property>
          <Key>TestKind</Key>
          <Value>Test</Value>
        </Property>
      </Properties>
    </GallioTestElement>
    <GallioTestElement name="SP_ScalarTest" storage="C:\data\SubsonicRoot\ss2\SubSonic.Tests\bin\Debug\SubSonic.Tests.dll" id="30653063-3138-6133-3865-323463356166" d3p1:Gallio.TestId="c0e0813a8e24c5af" d3p1:Gallio.AssemblyName="SubSonic.Tests, Version=2.2.1.0, Culture=neutral, PublicKeyToken=null" d3p1:Gallio.NamespaceName="SubSonic.Tests" d3p1:Gallio.TypeName="SubSonic.Tests.SPs" d3p1:Gallio.MemberName="SP_ScalarTest" d3p1:Gallio.ParameterName="" d3p1:Gallio.Path="C:\data\SubsonicRoot\ss2\SubSonic.Tests\SPs.cs" d3p1:Gallio.Line="112" d3p1:Gallio.Column="0" xmlns:d3p1="http://www.gallio.org/">
      <Css projectStructure="" iteration="" />
      <Owners>
        <Owner name="" />
      </Owners>
      <Execution id="6a62ccf5-977a-4461-8598-fe12df5e377d" />
      <Properties>
        <Property>
          <Key>TestKind</Key>
          <Value>Test</Value>
        </Property>
      </Properties>
    </GallioTestElement>
    <GallioTestElement name="Exec_AggregateMax" storage="C:\data\SubsonicRoot\ss2\SubSonic.Tests\bin\Debug\SubSonic.Tests.dll" id="65666138-3261-6361-6533-336432626335" d3p1:Gallio.TestId="8afea2ace33d2bc5" d3p1:Gallio.AssemblyName="SubSonic.Tests, Version=2.2.1.0, Culture=neutral, PublicKeyToken=null" d3p1:Gallio.NamespaceName="SubSonic.Tests.SqlQuery" d3p1:Gallio.TypeName="SubSonic.Tests.SqlQuery.AggregateTests" d3p1:Gallio.MemberName="Exec_AggregateMax" d3p1:Gallio.ParameterName="" d3p1:Gallio.Path="C:\data\SubsonicRoot\ss2\SubSonic.Tests\SqlQuery\AggregateTests.cs" d3p1:Gallio.Line="72" d3p1:Gallio.Column="0" xmlns:d3p1="http://www.gallio.org/">
      <Css projectStructure="" iteration="" />
      <Owners>
        <Owner name="" />
      </Owners>
      <Execution id="cd13341c-8222-4ede-98bf-bd8e1cf5cdfd" />
      <Properties>
        <Property>
          <Key>TestKind</Key>
          <Value>Test</Value>
        </Property>
      </Properties>
    </GallioTestElement>
    <GallioTestElement name="Exec_ExpressionSimpleOr" storage="C:\data\SubsonicRoot\ss2\SubSonic.Tests\bin\Debug\SubSonic.Tests.dll" id="32366538-3463-3039-3262-626666653561" d3p1:Gallio.TestId="8e62c4902bbffe5a" d3p1:Gallio.AssemblyName="SubSonic.Tests, Version=2.2.1.0, Culture=neutral, PublicKeyToken=null" d3p1:Gallio.NamespaceName="SubSonic.Tests.SqlQuery" d3p1:Gallio.TypeName="SubSonic.Tests.SqlQuery.SelectTests" d3p1:Gallio.MemberName="Exec_ExpressionSimpleOr" d3p1:Gallio.ParameterName="" d3p1:Gallio.Path="C:\data\SubsonicRoot\ss2\SubSonic.Tests\SqlQuery\SelectTests.cs" d3p1:Gallio.Line="225" d3p1:Gallio.Column="0" xmlns:d3p1="http://www.gallio.org/">
      <Css projectStructure="" iteration="" />
      <Owners>
        <Owner name="" />
      </Owners>
      <Execution id="10ccc703-312f-426f-aa35-e69ffbd9e26e" />
      <Properties>
        <Property>
          <Key>TestKind</Key>
          <Value>Test</Value>
        </Property>
      </Properties>
    </GallioTestElement>
    <GallioTestElement name="Exec_LeftOuterJoin_With_String" storage="C:\data\SubsonicRoot\ss2\SubSonic.Tests\bin\Debug\SubSonic.Tests.dll" id="30646566-6233-3135-3734-383130373561" d3p1:Gallio.TestId="fed03b517481075a" d3p1:Gallio.AssemblyName="SubSonic.Tests, Version=2.2.1.0, Culture=neutral, PublicKeyToken=null" d3p1:Gallio.NamespaceName="SubSonic.Tests.SqlQuery" d3p1:Gallio.TypeName="SubSonic.Tests.SqlQuery.SelectTests" d3p1:Gallio.MemberName="Exec_LeftOuterJoin_With_String" d3p1:Gallio.ParameterName="" d3p1:Gallio.Path="C:\data\SubsonicRoot\ss2\SubSonic.Tests\SqlQuery\SelectTests.cs" d3p1:Gallio.Line="153" d3p1:Gallio.Column="0" xmlns:d3p1="http://www.gallio.org/">
      <Css projectStructure="" iteration="" />
      <Owners>
        <Owner name="" />
      </Owners>
      <Execution id="0991f27f-8010-4f6a-a549-2fe9344c2c38" />
      <Properties>
        <Property>
          <Key>TestKind</Key>
          <Value>Test</Value>
        </Property>
      </Properties>
    </GallioTestElement>
    <GallioTestElement name="CodeGen2_RunStructTemplate" storage="C:\data\SubsonicRoot\ss2\SubSonic.Tests\bin\Debug\SubSonic.Tests.dll" id="63633732-6263-3332-3161-306533353463" d3p1:Gallio.TestId="27cccb231a0e354c" d3p1:Gallio.AssemblyName="SubSonic.Tests, Version=2.2.1.0, Culture=neutral, PublicKeyToken=null" d3p1:Gallio.NamespaceName="SubSonic.Tests" d3p1:Gallio.TypeName="SubSonic.Tests.CodeGeneratorTests" d3p1:Gallio.MemberName="CodeGen2_RunStructTemplate" d3p1:Gallio.ParameterName="" d3p1:Gallio.Path="C:\data\SubsonicRoot\ss2\SubSonic.Tests\CodeGeneratorTests.cs" d3p1:Gallio.Line="69" d3p1:Gallio.Column="0" xmlns:d3p1="http://www.gallio.org/">
      <Css projectStructure="" iteration="" />
      <Owners>
        <Owner name="" />
      </Owners>
      <Execution id="c4d00f9a-e13e-4814-ae4c-f7bbcb4063bb" />
      <Properties>
        <Property>
          <Key>TestKind</Key>
          <Value>Test</Value>
        </Property>
      </Properties>
    </GallioTestElement>
    <GallioTestElement name="QueryExecuteJoinedDataSet_IN_ListCollection" storage="C:\data\SubsonicRoot\ss2\SubSonic.Tests\bin\Debug\SubSonic.Tests.dll" id="61326439-3964-3863-3232-373335653832" d3p1:Gallio.TestId="9d2ad9c822735e82" d3p1:Gallio.AssemblyName="SubSonic.Tests, Version=2.2.1.0, Culture=neutral, PublicKeyToken=null" d3p1:Gallio.NamespaceName="SubSonic.Tests" d3p1:Gallio.TypeName="SubSonic.Tests.QueryTest" d3p1:Gallio.MemberName="QueryExecuteJoinedDataSet_IN_ListCollection" d3p1:Gallio.ParameterName="" d3p1:Gallio.Path="C:\data\SubsonicRoot\ss2\SubSonic.Tests\QueryTest.cs" d3p1:Gallio.Line="556" d3p1:Gallio.Column="0" xmlns:d3p1="http://www.gallio.org/">
      <Css projectStructure="" iteration="" />
      <Owners>
        <Owner name="" />
      </Owners>
      <Execution id="5cd3fa6c-3bbd-4e62-bf19-2048b3fee0a6" />
      <Properties>
        <Property>
          <Key>TestKind</Key>
          <Value>Test</Value>
        </Property>
      </Properties>
    </GallioTestElement>
    <GallioTestElement name="Objects_LoadListItems" storage="C:\data\SubsonicRoot\ss2\SubSonic.Tests\bin\Debug\SubSonic.Tests.dll" id="36626561-3331-3964-3362-633030646539" d3p1:Gallio.TestId="aeb613d93bc00de9" d3p1:Gallio.AssemblyName="SubSonic.Tests, Version=2.2.1.0, Culture=neutral, PublicKeyToken=null" d3p1:Gallio.NamespaceName="SubSonic.Tests" d3p1:Gallio.TypeName="SubSonic.Tests.GeneratedObjectTests" d3p1:Gallio.MemberName="Objects_LoadListItems" d3p1:Gallio.ParameterName="" d3p1:Gallio.Path="C:\data\SubsonicRoot\ss2\SubSonic.Tests\GeneratedObjectTests.cs" d3p1:Gallio.Line="62" d3p1:Gallio.Column="0" xmlns:d3p1="http://www.gallio.org/">
      <Css projectStructure="" iteration="" />
      <Owners>
        <Owner name="" />
      </Owners>
      <Execution id="24e85299-ab5c-4bfd-84ab-62360e404e16" />
      <Properties>
        <Property>
          <Key>TestKind</Key>
          <Value>Test</Value>
        </Property>
      </Properties>
    </GallioTestElement>
    <GallioTestElement name="UpdateSingleProductRetrieveMultipleProducts_FailsWithoutSharedConnection" storage="C:\data\SubsonicRoot\ss2\SubSonic.Tests\bin\Debug\SubSonic.Tests.dll" id="32346538-3863-3936-6265-633965373836" d3p1:Gallio.TestId="8e42c869bec9e786" d3p1:Gallio.AssemblyName="SubSonic.Tests, Version=2.2.1.0, Culture=neutral, PublicKeyToken=null" d3p1:Gallio.NamespaceName="SubSonic.Tests" d3p1:Gallio.TypeName="SubSonic.Tests.TransactionWithDtcOffTests" d3p1:Gallio.MemberName="UpdateSingleProductRetrieveMultipleProducts_FailsWithoutSharedConnection" d3p1:Gallio.ParameterName="" d3p1:Gallio.Path="C:\data\SubsonicRoot\ss2\SubSonic.Tests\TransactionWithDtcOffTests.cs" d3p1:Gallio.Line="171" d3p1:Gallio.Column="0" xmlns:d3p1="http://www.gallio.org/">
      <Css projectStructure="" iteration="" />
      <Owners>
        <Owner name="" />
      </Owners>
      <Execution id="bfc7a9af-5873-4523-a04b-4340f3a1673c" />
      <Properties>
        <Property>
          <Key>TestKind</Key>
          <Value>Test</Value>
        </Property>
      </Properties>
    </GallioTestElement>
    <GallioTestElement name="Query_ORDER_BY_Expression_Collection" storage="C:\data\SubsonicRoot\ss2\SubSonic.Tests\bin\Debug\SubSonic.Tests.dll" id="65313837-6233-3263-3734-653235356261" d3p1:Gallio.TestId="781e3bc274e255ba" d3p1:Gallio.AssemblyName="SubSonic.Tests, Version=2.2.1.0, Culture=neutral, PublicKeyToken=null" d3p1:Gallio.NamespaceName="SubSonic.Tests" d3p1:Gallio.TypeName="SubSonic.Tests.QueryTest" d3p1:Gallio.MemberName="Query_ORDER_BY_Expression_Collection" d3p1:Gallio.ParameterName="" d3p1:Gallio.Path="C:\data\SubsonicRoot\ss2\SubSonic.Tests\QueryTest.cs" d3p1:Gallio.Line="831" d3p1:Gallio.Column="0" xmlns:d3p1="http://www.gallio.org/">
      <Css projectStructure="" iteration="" />
      <Owners>
        <Owner name="" />
      </Owners>
      <Execution id="e4949deb-dff2-4eed-80cd-fda6b8a8f327" />
      <Properties>
        <Property>
          <Key>TestKind</Key>
          <Value>Test</Value>
        </Property>
      </Properties>
    </GallioTestElement>
    <GallioTestElement name="FK_Properties" storage="C:\data\SubsonicRoot\ss2\SubSonic.Tests\bin\Debug\SubSonic.Tests.dll" id="33386539-3632-6261-3836-643734386435" d3p1:Gallio.TestId="9e8326ab86d748d5" d3p1:Gallio.AssemblyName="SubSonic.Tests, Version=2.2.1.0, Culture=neutral, PublicKeyToken=null" d3p1:Gallio.NamespaceName="SubSonic.Tests" d3p1:Gallio.TypeName="SubSonic.Tests.ForeignKeyTests" d3p1:Gallio.MemberName="FK_Properties" d3p1:Gallio.ParameterName="" d3p1:Gallio.Path="C:\data\SubsonicRoot\ss2\SubSonic.Tests\ForeignKeyTests.cs" d3p1:Gallio.Line="69" d3p1:Gallio.Column="0" xmlns:d3p1="http://www.gallio.org/">
      <Css projectStructure="" iteration="" />
      <Owners>
        <Owner name="" />
      </Owners>
      <Execution id="00803585-47ed-45f2-a214-7f095d24faf9" />
      <Properties>
        <Property>
          <Key>TestKind</Key>
          <Value>Test</Value>
        </Property>
      </Properties>
    </GallioTestElement>
    <GallioTestElement name="Query_View" storage="C:\data\SubsonicRoot\ss2\SubSonic.Tests\bin\Debug\SubSonic.Tests.dll" id="39616233-6566-6164-3166-323034333035" d3p1:Gallio.TestId="3ba9feda1f204305" d3p1:Gallio.AssemblyName="SubSonic.Tests, Version=2.2.1.0, Culture=neutral, PublicKeyToken=null" d3p1:Gallio.NamespaceName="SubSonic.Tests" d3p1:Gallio.TypeName="SubSonic.Tests.QueryTest" d3p1:Gallio.MemberName="Query_View" d3p1:Gallio.ParameterName="" d3p1:Gallio.Path="C:\data\SubsonicRoot\ss2\SubSonic.Tests\QueryTest.cs" d3p1:Gallio.Line="121" d3p1:Gallio.Column="0" xmlns:d3p1="http://www.gallio.org/">
      <Css projectStructure="" iteration="" />
      <Owners>
        <Owner name="" />
      </Owners>
      <Execution id="01630eb2-0b99-4bb1-8a0b-69281d2e54ff" />
      <Properties>
        <Property>
          <Key>TestKind</Key>
          <Value>Test</Value>
        </Property>
      </Properties>
    </GallioTestElement>
    <GallioTestElement name="Exec_SingleAggregateWithWhere" storage="C:\data\SubsonicRoot\ss2\SubSonic.Tests\bin\Debug\SubSonic.Tests.dll" id="34386236-3432-3932-6464-396439356638" d3p1:Gallio.TestId="6b842429dd9d95f8" d3p1:Gallio.AssemblyName="SubSonic.Tests, Version=2.2.1.0, Culture=neutral, PublicKeyToken=null" d3p1:Gallio.NamespaceName="SubSonic.Tests.SqlQuery" d3p1:Gallio.TypeName="SubSonic.Tests.SqlQuery.AggregateTests" d3p1:Gallio.MemberName="Exec_SingleAggregateWithWhere" d3p1:Gallio.ParameterName="" d3p1:Gallio.Path="C:\data\SubsonicRoot\ss2\SubSonic.Tests\SqlQuery\AggregateTests.cs" d3p1:Gallio.Line="174" d3p1:Gallio.Column="0" xmlns:d3p1="http://www.gallio.org/">
      <Css projectStructure="" iteration="" />
      <Owners>
        <Owner name="" />
      </Owners>
      <Execution id="845fe7bc-ed33-4f7e-a5a1-94d0a2616a94" />
      <Properties>
        <Property>
          <Key>TestKind</Key>
          <Value>Test</Value>
        </Property>
      </Properties>
    </GallioTestElement>
    <GallioTestElement name="Query_SelectTop" storage="C:\data\SubsonicRoot\ss2\SubSonic.Tests\bin\Debug\SubSonic.Tests.dll" id="34623063-3134-6264-6332-363331663432" d3p1:Gallio.TestId="c0b441dbc2631f42" d3p1:Gallio.AssemblyName="SubSonic.Tests, Version=2.2.1.0, Culture=neutral, PublicKeyToken=null" d3p1:Gallio.NamespaceName="SubSonic.Tests" d3p1:Gallio.TypeName="SubSonic.Tests.QueryTest" d3p1:Gallio.MemberName="Query_SelectTop" d3p1:Gallio.ParameterName="" d3p1:Gallio.Path="C:\data\SubsonicRoot\ss2\SubSonic.Tests\QueryTest.cs" d3p1:Gallio.Line="49" d3p1:Gallio.Column="0" xmlns:d3p1="http://www.gallio.org/">
      <Css projectStructure="" iteration="" />
      <Owners>
        <Owner name="" />
      </Owners>
      <Execution id="78a630f3-c5a4-4846-814c-f65ca446c7f1" />
      <Properties>
        <Property>
          <Key>TestKind</Key>
          <Value>Test</Value>
        </Property>
      </Properties>
    </GallioTestElement>
    <GallioTestElement name="Repository_FullCRUD" storage="C:\data\SubsonicRoot\ss2\SubSonic.Tests\bin\Debug\SubSonic.Tests.dll" id="61393865-3066-6535-6335-363961393032" d3p1:Gallio.TestId="e89af05ec569a902" d3p1:Gallio.AssemblyName="SubSonic.Tests, Version=2.2.1.0, Culture=neutral, PublicKeyToken=null" d3p1:Gallio.NamespaceName="SubSonic.Tests.Repository" d3p1:Gallio.TypeName="SubSonic.Tests.Repository.RepositoryTests" d3p1:Gallio.MemberName="Repository_FullCRUD" d3p1:Gallio.ParameterName="" d3p1:Gallio.Path="C:\data\SubsonicRoot\ss2\SubSonic.Tests\Repository\RepositoryTests.cs" d3p1:Gallio.Line="33" d3p1:Gallio.Column="0" xmlns:d3p1="http://www.gallio.org/">
      <Css projectStructure="" iteration="" />
      <Owners>
        <Owner name="" />
      </Owners>
      <Execution id="88c917fa-d790-4f81-ba61-db01111fc990" />
      <Properties>
        <Property>
          <Key>TestKind</Key>
          <Value>Test</Value>
        </Property>
      </Properties>
    </GallioTestElement>
    <GallioTestElement name="Products_Crud" storage="C:\data\SubsonicRoot\ss2\SubSonic.Tests\bin\Debug\SubSonic.Tests.dll" id="31306339-3232-6437-3563-323035646636" d3p1:Gallio.TestId="9c01227d5c205df6" d3p1:Gallio.AssemblyName="SubSonic.Tests, Version=2.2.1.0, Culture=neutral, PublicKeyToken=null" d3p1:Gallio.NamespaceName="SubSonic.Tests" d3p1:Gallio.TypeName="SubSonic.Tests.ActiveRecordTest" d3p1:Gallio.MemberName="Products_Crud" d3p1:Gallio.ParameterName="" d3p1:Gallio.Path="C:\data\SubsonicRoot\ss2\SubSonic.Tests\ActiveRecordTest.cs" d3p1:Gallio.Line="51" d3p1:Gallio.Column="0" xmlns:d3p1="http://www.gallio.org/">
      <Css projectStructure="" iteration="" />
      <Owners>
        <Owner name="" />
      </Owners>
      <Execution id="2095b90b-7c7d-4738-8814-2103ec73fda4" />
      <Properties>
        <Property>
          <Key>TestKind</Key>
          <Value>Test</Value>
        </Property>
      </Properties>
    </GallioTestElement>
    <GallioTestElement name="CodeGen2_VBRunClassTemplate" storage="C:\data\SubsonicRoot\ss2\SubSonic.Tests\bin\Debug\SubSonic.Tests.dll" id="62323438-3136-3134-3735-346265653764" d3p1:Gallio.TestId="842b6141754bee7d" d3p1:Gallio.AssemblyName="SubSonic.Tests, Version=2.2.1.0, Culture=neutral, PublicKeyToken=null" d3p1:Gallio.NamespaceName="SubSonic.Tests" d3p1:Gallio.TypeName="SubSonic.Tests.CodeGeneratorTests" d3p1:Gallio.MemberName="CodeGen2_VBRunClassTemplate" d3p1:Gallio.ParameterName="" d3p1:Gallio.Path="C:\data\SubsonicRoot\ss2\SubSonic.Tests\CodeGeneratorTests.cs" d3p1:Gallio.Line="81" d3p1:Gallio.Column="0" xmlns:d3p1="http://www.gallio.org/">
      <Css projectStructure="" iteration="" />
      <Owners>
        <Owner name="" />
      </Owners>
      <Execution id="58152aec-7f50-4c42-b9bf-cdd70dd1a7f2" />
      <Properties>
        <Property>
          <Key>TestKind</Key>
          <Value>Test</Value>
        </Property>
      </Properties>
    </GallioTestElement>
    <GallioTestElement name="Transaction_CommitProduct" storage="C:\data\SubsonicRoot\ss2\SubSonic.Tests\bin\Debug\SubSonic.Tests.dll" id="33333236-6339-3963-3063-616464306631" d3p1:Gallio.TestId="62339cc90cadd0f1" d3p1:Gallio.AssemblyName="SubSonic.Tests, Version=2.2.1.0, Culture=neutral, PublicKeyToken=null" d3p1:Gallio.NamespaceName="SubSonic.Tests" d3p1:Gallio.TypeName="SubSonic.Tests.TransactionTests" d3p1:Gallio.MemberName="Transaction_CommitProduct" d3p1:Gallio.ParameterName="" d3p1:Gallio.Path="C:\data\SubsonicRoot\ss2\SubSonic.Tests\TransactionTests.cs" d3p1:Gallio.Line="75" d3p1:Gallio.Column="0" xmlns:d3p1="http://www.gallio.org/">
      <Css projectStructure="" iteration="" />
      <Owners>
        <Owner name="" />
      </Owners>
      <Execution id="ee9afb49-4685-4697-92ca-4d1d4ebaa29e" />
      <Properties>
        <Property>
          <Key>TestKind</Key>
          <Value>Test</Value>
        </Property>
      </Properties>
    </GallioTestElement>
    <GallioTestElement name="Exec_SimpleAnd" storage="C:\data\SubsonicRoot\ss2\SubSonic.Tests\bin\Debug\SubSonic.Tests.dll" id="63613438-6361-3366-3466-383238366461" d3p1:Gallio.TestId="84acacf34f8286da" d3p1:Gallio.AssemblyName="SubSonic.Tests, Version=2.2.1.0, Culture=neutral, PublicKeyToken=null" d3p1:Gallio.NamespaceName="SubSonic.Tests.SqlQuery" d3p1:Gallio.TypeName="SubSonic.Tests.SqlQuery.SelectTests" d3p1:Gallio.MemberName="Exec_SimpleAnd" d3p1:Gallio.ParameterName="" d3p1:Gallio.Path="C:\data\SubsonicRoot\ss2\SubSonic.Tests\SqlQuery\SelectTests.cs" d3p1:Gallio.Line="354" d3p1:Gallio.Column="0" xmlns:d3p1="http://www.gallio.org/">
      <Css projectStructure="" iteration="" />
      <Owners>
        <Owner name="" />
      </Owners>
      <Execution id="9e424bc4-84c6-41cc-97d6-cb499567b151" />
      <Properties>
        <Property>
          <Key>TestKind</Key>
          <Value>Test</Value>
        </Property>
      </Properties>
    </GallioTestElement>
    <GallioTestElement name="Query_NOT_IN_ArrayList" storage="C:\data\SubsonicRoot\ss2\SubSonic.Tests\bin\Debug\SubSonic.Tests.dll" id="33636334-3865-6330-3561-633065323439" d3p1:Gallio.TestId="4cc3e80c5ac0e249" d3p1:Gallio.AssemblyName="SubSonic.Tests, Version=2.2.1.0, Culture=neutral, PublicKeyToken=null" d3p1:Gallio.NamespaceName="SubSonic.Tests" d3p1:Gallio.TypeName="SubSonic.Tests.QueryTest" d3p1:Gallio.MemberName="Query_NOT_IN_ArrayList" d3p1:Gallio.ParameterName="" d3p1:Gallio.Path="C:\data\SubsonicRoot\ss2\SubSonic.Tests\QueryTest.cs" d3p1:Gallio.Line="257" d3p1:Gallio.Column="0" xmlns:d3p1="http://www.gallio.org/">
      <Css projectStructure="" iteration="" />
      <Owners>
        <Owner name="" />
      </Owners>
      <Execution id="0fac93fb-d101-47cf-a92c-350a9867d37d" />
      <Properties>
        <Property>
          <Key>TestKind</Key>
          <Value>Test</Value>
        </Property>
      </Properties>
    </GallioTestElement>
    <GallioTestElement name="Exec_AggregateExpression" storage="C:\data\SubsonicRoot\ss2\SubSonic.Tests\bin\Debug\SubSonic.Tests.dll" id="61313562-3231-3037-3663-376531323837" d3p1:Gallio.TestId="b51a12706c7e1287" d3p1:Gallio.AssemblyName="SubSonic.Tests, Version=2.2.1.0, Culture=neutral, PublicKeyToken=null" d3p1:Gallio.NamespaceName="SubSonic.Tests.SqlQuery" d3p1:Gallio.TypeName="SubSonic.Tests.SqlQuery.SelectTests" d3p1:Gallio.MemberName="Exec_AggregateExpression" d3p1:Gallio.ParameterName="" d3p1:Gallio.Path="C:\data\SubsonicRoot\ss2\SubSonic.Tests\SqlQuery\SelectTests.cs" d3p1:Gallio.Line="294" d3p1:Gallio.Column="0" xmlns:d3p1="http://www.gallio.org/">
      <Css projectStructure="" iteration="" />
      <Owners>
        <Owner name="" />
      </Owners>
      <Execution id="f8f750c7-27cb-4ad3-acb0-4af963d643d1" />
      <Properties>
        <Property>
          <Key>TestKind</Key>
          <Value>Test</Value>
        </Property>
      </Properties>
    </GallioTestElement>
    <GallioTestElement name="RetrieveMultipleProducts_FailsWithoutSharedConnection" storage="C:\data\SubsonicRoot\ss2\SubSonic.Tests\bin\Debug\SubSonic.Tests.dll" id="31353064-3539-3830-3262-653138616564" d3p1:Gallio.TestId="d05195082be18aed" d3p1:Gallio.AssemblyName="SubSonic.Tests, Version=2.2.1.0, Culture=neutral, PublicKeyToken=null" d3p1:Gallio.NamespaceName="SubSonic.Tests" d3p1:Gallio.TypeName="SubSonic.Tests.TransactionWithDtcOffTests" d3p1:Gallio.MemberName="RetrieveMultipleProducts_FailsWithoutSharedConnection" d3p1:Gallio.ParameterName="" d3p1:Gallio.Path="C:\data\SubsonicRoot\ss2\SubSonic.Tests\TransactionWithDtcOffTests.cs" d3p1:Gallio.Line="76" d3p1:Gallio.Column="0" xmlns:d3p1="http://www.gallio.org/">
      <Css projectStructure="" iteration="" />
      <Owners>
        <Owner name="" />
      </Owners>
      <Execution id="287dd959-3277-4146-93da-eaae7cafdc78" />
      <Properties>
        <Property>
          <Key>TestKind</Key>
          <Value>Test</Value>
        </Property>
      </Properties>
    </GallioTestElement>
    <GallioTestElement name="Exec_AggregateAvg" storage="C:\data\SubsonicRoot\ss2\SubSonic.Tests\bin\Debug\SubSonic.Tests.dll" id="38313738-6631-3264-6537-326463316120" d3p1:Gallio.TestId="87181fd2e72dc1a" d3p1:Gallio.AssemblyName="SubSonic.Tests, Version=2.2.1.0, Culture=neutral, PublicKeyToken=null" d3p1:Gallio.NamespaceName="SubSonic.Tests.SqlQuery" d3p1:Gallio.TypeName="SubSonic.Tests.SqlQuery.AggregateTests" d3p1:Gallio.MemberName="Exec_AggregateAvg" d3p1:Gallio.ParameterName="" d3p1:Gallio.Path="C:\data\SubsonicRoot\ss2\SubSonic.Tests\SqlQuery\AggregateTests.cs" d3p1:Gallio.Line="38" d3p1:Gallio.Column="0" xmlns:d3p1="http://www.gallio.org/">
      <Css projectStructure="" iteration="" />
      <Owners>
        <Owner name="" />
      </Owners>
      <Execution id="eddcb101-26ba-414b-bbd8-486d2c67c169" />
      <Properties>
        <Property>
          <Key>TestKind</Key>
          <Value>Test</Value>
        </Property>
      </Properties>
    </GallioTestElement>
    <GallioTestElement name="Exec_SimpleAnd3" storage="C:\data\SubsonicRoot\ss2\SubSonic.Tests\bin\Debug\SubSonic.Tests.dll" id="36306336-6139-3737-6334-363030323636" d3p1:Gallio.TestId="6c069a77c4600266" d3p1:Gallio.AssemblyName="SubSonic.Tests, Version=2.2.1.0, Culture=neutral, PublicKeyToken=null" d3p1:Gallio.NamespaceName="SubSonic.Tests.SqlQuery" d3p1:Gallio.TypeName="SubSonic.Tests.SqlQuery.SelectTests" d3p1:Gallio.MemberName="Exec_SimpleAnd3" d3p1:Gallio.ParameterName="" d3p1:Gallio.Path="C:\data\SubsonicRoot\ss2\SubSonic.Tests\SqlQuery\SelectTests.cs" d3p1:Gallio.Line="382" d3p1:Gallio.Column="0" xmlns:d3p1="http://www.gallio.org/">
      <Css projectStructure="" iteration="" />
      <Owners>
        <Owner name="" />
      </Owners>
      <Execution id="dd3add89-1c94-41a9-a296-3bfa4ca48c32" />
      <Properties>
        <Property>
          <Key>TestKind</Key>
          <Value>Test</Value>
        </Property>
      </Properties>
    </GallioTestElement>
    <GallioTestElement name="Query_JoinedDataSet_OrderByCollection" storage="C:\data\SubsonicRoot\ss2\SubSonic.Tests\bin\Debug\SubSonic.Tests.dll" id="35323061-3337-6263-6636-306665386330" d3p1:Gallio.TestId="a02573cbf60fe8c0" d3p1:Gallio.AssemblyName="SubSonic.Tests, Version=2.2.1.0, Culture=neutral, PublicKeyToken=null" d3p1:Gallio.NamespaceName="SubSonic.Tests" d3p1:Gallio.TypeName="SubSonic.Tests.QueryTest" d3p1:Gallio.MemberName="Query_JoinedDataSet_OrderByCollection" d3p1:Gallio.ParameterName="" d3p1:Gallio.Path="C:\data\SubsonicRoot\ss2\SubSonic.Tests\QueryTest.cs" d3p1:Gallio.Line="635" d3p1:Gallio.Column="0" xmlns:d3p1="http://www.gallio.org/">
      <Css projectStructure="" iteration="" />
      <Owners>
        <Owner name="" />
      </Owners>
      <Execution id="17df240b-b6df-41e6-9932-ea539cca4313" />
      <Properties>
        <Property>
          <Key>TestKind</Key>
          <Value>Test</Value>
        </Property>
      </Properties>
    </GallioTestElement>
    <GallioTestElement name="Query_OR_ModerateWithExpressions" storage="C:\data\SubsonicRoot\ss2\SubSonic.Tests\bin\Debug\SubSonic.Tests.dll" id="38346334-3139-3830-3133-646334656231" d3p1:Gallio.TestId="4c48910813dc4eb1" d3p1:Gallio.AssemblyName="SubSonic.Tests, Version=2.2.1.0, Culture=neutral, PublicKeyToken=null" d3p1:Gallio.NamespaceName="SubSonic.Tests" d3p1:Gallio.TypeName="SubSonic.Tests.QueryTest" d3p1:Gallio.MemberName="Query_OR_ModerateWithExpressions" d3p1:Gallio.ParameterName="" d3p1:Gallio.Path="C:\data\SubsonicRoot\ss2\SubSonic.Tests\QueryTest.cs" d3p1:Gallio.Line="330" d3p1:Gallio.Column="0" xmlns:d3p1="http://www.gallio.org/">
      <Css projectStructure="" iteration="" />
      <Owners>
        <Owner name="" />
      </Owners>
      <Execution id="0a8e387a-614c-4720-b55b-c84f46ad3408" />
      <Properties>
        <Property>
          <Key>TestKind</Key>
          <Value>Test</Value>
        </Property>
      </Properties>
    </GallioTestElement>
    <GallioTestElement name="Delete_Simple" storage="C:\data\SubsonicRoot\ss2\SubSonic.Tests\bin\Debug\SubSonic.Tests.dll" id="31383035-3336-6333-3866-326662363266" d3p1:Gallio.TestId="5081633c8f2fb62f" d3p1:Gallio.AssemblyName="SubSonic.Tests, Version=2.2.1.0, Culture=neutral, PublicKeyToken=null" d3p1:Gallio.NamespaceName="SubSonic.Tests.SqlQuery" d3p1:Gallio.TypeName="SubSonic.Tests.SqlQuery.DeleteTests" d3p1:Gallio.MemberName="Delete_Simple" d3p1:Gallio.ParameterName="" d3p1:Gallio.Path="C:\data\SubsonicRoot\ss2\SubSonic.Tests\SqlQuery\DeleteTests.cs" d3p1:Gallio.Line="36" d3p1:Gallio.Column="0" xmlns:d3p1="http://www.gallio.org/">
      <Css projectStructure="" iteration="" />
      <Owners>
        <Owner name="" />
      </Owners>
      <Execution id="5b5ec813-042b-4b74-a5a2-ff465eeeb336" />
      <Properties>
        <Property>
          <Key>TestKind</Key>
          <Value>Test</Value>
        </Property>
      </Properties>
    </GallioTestElement>
    <GallioTestElement name="UpdateSingleProductRetrieveMultipleProducts_SucceedsWithSharedConnection" storage="C:\data\SubsonicRoot\ss2\SubSonic.Tests\bin\Debug\SubSonic.Tests.dll" id="38663233-6231-6630-6236-343038643665" d3p1:Gallio.TestId="32f81b0fb6408d6e" d3p1:Gallio.AssemblyName="SubSonic.Tests, Version=2.2.1.0, Culture=neutral, PublicKeyToken=null" d3p1:Gallio.NamespaceName="SubSonic.Tests" d3p1:Gallio.TypeName="SubSonic.Tests.TransactionWithDtcOffTests" d3p1:Gallio.MemberName="UpdateSingleProductRetrieveMultipleProducts_SucceedsWithSharedConnection" d3p1:Gallio.ParameterName="" d3p1:Gallio.Path="C:\data\SubsonicRoot\ss2\SubSonic.Tests\TransactionWithDtcOffTests.cs" d3p1:Gallio.Line="196" d3p1:Gallio.Column="0" xmlns:d3p1="http://www.gallio.org/">
      <Css projectStructure="" iteration="" />
      <Owners>
        <Owner name="" />
      </Owners>
      <Execution id="d1066453-4f64-4a9a-a972-6d3e22e4c23c" />
      <Properties>
        <Property>
          <Key>TestKind</Key>
          <Value>Test</Value>
        </Property>
      </Properties>
    </GallioTestElement>
    <GallioTestElement name="QueryExecuteJoinedDataSet_IN_ObjectArray" storage="C:\data\SubsonicRoot\ss2\SubSonic.Tests\bin\Debug\SubSonic.Tests.dll" id="36303738-3739-3761-6633-376365663932" d3p1:Gallio.TestId="870697a7f37cef92" d3p1:Gallio.AssemblyName="SubSonic.Tests, Version=2.2.1.0, Culture=neutral, PublicKeyToken=null" d3p1:Gallio.NamespaceName="SubSonic.Tests" d3p1:Gallio.TypeName="SubSonic.Tests.QueryTest" d3p1:Gallio.MemberName="QueryExecuteJoinedDataSet_IN_ObjectArray" d3p1:Gallio.ParameterName="" d3p1:Gallio.Path="C:\data\SubsonicRoot\ss2\SubSonic.Tests\QueryTest.cs" d3p1:Gallio.Line="545" d3p1:Gallio.Column="0" xmlns:d3p1="http://www.gallio.org/">
      <Css projectStructure="" iteration="" />
      <Owners>
        <Owner name="" />
      </Owners>
      <Execution id="828ecbf9-17bf-4660-8833-9ad1001ac90b" />
      <Properties>
        <Property>
          <Key>TestKind</Key>
          <Value>Test</Value>
        </Property>
      </Properties>
    </GallioTestElement>
    <GallioTestElement name="Query_IN_ListCollection" storage="C:\data\SubsonicRoot\ss2\SubSonic.Tests\bin\Debug\SubSonic.Tests.dll" id="36656134-6461-6638-3730-343165666239" d3p1:Gallio.TestId="4ae6ad8f7041efb9" d3p1:Gallio.AssemblyName="SubSonic.Tests, Version=2.2.1.0, Culture=neutral, PublicKeyToken=null" d3p1:Gallio.NamespaceName="SubSonic.Tests" d3p1:Gallio.TypeName="SubSonic.Tests.QueryTest" d3p1:Gallio.MemberName="Query_IN_ListCollection" d3p1:Gallio.ParameterName="" d3p1:Gallio.Path="C:\data\SubsonicRoot\ss2\SubSonic.Tests\QueryTest.cs" d3p1:Gallio.Line="172" d3p1:Gallio.Column="0" xmlns:d3p1="http://www.gallio.org/">
      <Css projectStructure="" iteration="" />
      <Owners>
        <Owner name="" />
      </Owners>
      <Execution id="e6522e0c-e0d0-4dfc-83a0-7931fee4287c" />
      <Properties>
        <Property>
          <Key>TestKind</Key>
          <Value>Test</Value>
        </Property>
      </Properties>
    </GallioTestElement>
    <GallioTestElement name="Multi_QueryTest" storage="C:\data\SubsonicRoot\ss2\SubSonic.Tests\bin\Debug\SubSonic.Tests.dll" id="30343265-3635-6630-3538-333139356434" d3p1:Gallio.TestId="e240560f583195d4" d3p1:Gallio.AssemblyName="SubSonic.Tests, Version=2.2.1.0, Culture=neutral, PublicKeyToken=null" d3p1:Gallio.NamespaceName="SubSonic.Tests" d3p1:Gallio.TypeName="SubSonic.Tests.MultiProvider" d3p1:Gallio.MemberName="Multi_QueryTest" d3p1:Gallio.ParameterName="" d3p1:Gallio.Path="C:\data\SubsonicRoot\ss2\SubSonic.Tests\MultiProvider.cs" d3p1:Gallio.Line="32" d3p1:Gallio.Column="0" xmlns:d3p1="http://www.gallio.org/">
      <Css projectStructure="" iteration="" />
      <Owners>
        <Owner name="" />
      </Owners>
      <Execution id="a9981408-9b57-437f-8c91-279142251b53" />
      <Properties>
        <Property>
          <Key>TestKind</Key>
          <Value>Test</Value>
        </Property>
      </Properties>
    </GallioTestElement>
    <GallioTestElement name="DataService_GetSchema" storage="C:\data\SubsonicRoot\ss2\SubSonic.Tests\bin\Debug\SubSonic.Tests.dll" id="39343462-3161-6432-3730-333661623630" d3p1:Gallio.TestId="b449a12d7036ab60" d3p1:Gallio.AssemblyName="SubSonic.Tests, Version=2.2.1.0, Culture=neutral, PublicKeyToken=null" d3p1:Gallio.NamespaceName="SubSonic.Tests" d3p1:Gallio.TypeName="SubSonic.Tests.DataServiceTest" d3p1:Gallio.MemberName="DataService_GetSchema" d3p1:Gallio.ParameterName="" d3p1:Gallio.Path="C:\data\SubsonicRoot\ss2\SubSonic.Tests\DataServiceTest.cs" d3p1:Gallio.Line="49" d3p1:Gallio.Column="0" xmlns:d3p1="http://www.gallio.org/">
      <Css projectStructure="" iteration="" />
      <Owners>
        <Owner name="" />
      </Owners>
      <Execution id="84b268ce-5a16-4941-a056-50bc7f6752e1" />
      <Properties>
        <Property>
          <Key>TestKind</Key>
          <Value>Test</Value>
        </Property>
      </Properties>
    </GallioTestElement>
    <GallioTestElement name="Update_Expression" storage="C:\data\SubsonicRoot\ss2\SubSonic.Tests\bin\Debug\SubSonic.Tests.dll" id="34386331-3232-6339-3335-346165363064" d3p1:Gallio.TestId="1c84229c354ae60d" d3p1:Gallio.AssemblyName="SubSonic.Tests, Version=2.2.1.0, Culture=neutral, PublicKeyToken=null" d3p1:Gallio.NamespaceName="SubSonic.Tests.SqlQuery" d3p1:Gallio.TypeName="SubSonic.Tests.SqlQuery.UpdateTests" d3p1:Gallio.MemberName="Update_Expression" d3p1:Gallio.ParameterName="" d3p1:Gallio.Path="C:\data\SubsonicRoot\ss2\SubSonic.Tests\SqlQuery\UpdateTests.cs" d3p1:Gallio.Line="52" d3p1:Gallio.Column="0" xmlns:d3p1="http://www.gallio.org/">
      <Css projectStructure="" iteration="" />
      <Owners>
        <Owner name="" />
      </Owners>
      <Execution id="fed4f912-8c5a-4593-8542-c820a0a12479" />
      <Properties>
        <Property>
          <Key>TestKind</Key>
          <Value>Test</Value>
        </Property>
      </Properties>
    </GallioTestElement>
    <GallioTestElement name="SelectAllColumns_With_WhereExpression_And_QualifiedColumn_Formats_Where_Correctly_And_Executes" storage="C:\data\SubsonicRoot\ss2\SubSonic.Tests\bin\Debug\SubSonic.Tests.dll" id="33616134-6138-6334-3466-646433366134" d3p1:Gallio.TestId="4aa38a4c4fdd36a4" d3p1:Gallio.AssemblyName="SubSonic.Tests, Version=2.2.1.0, Culture=neutral, PublicKeyToken=null" d3p1:Gallio.NamespaceName="SubSonic.Tests.SqlQuery" d3p1:Gallio.TypeName="SubSonic.Tests.SqlQuery.SelectTests" d3p1:Gallio.MemberName="SelectAllColumns_With_WhereExpression_And_QualifiedColumn_Formats_Where_Correctly_And_Executes" d3p1:Gallio.ParameterName="" d3p1:Gallio.Path="C:\data\SubsonicRoot\ss2\SubSonic.Tests\SqlQuery\SelectTests.cs" d3p1:Gallio.Line="802" d3p1:Gallio.Column="0" xmlns:d3p1="http://www.gallio.org/">
      <Css projectStructure="" iteration="" />
      <Owners>
        <Owner name="" />
      </Owners>
      <Execution id="a1beca39-d246-42c9-862e-459b7b94bb7d" />
      <Properties>
        <Property>
          <Key>TestKind</Key>
          <Value>Test</Value>
        </Property>
      </Properties>
    </GallioTestElement>
    <GallioTestElement name="Query_BetweenNumbers" storage="C:\data\SubsonicRoot\ss2\SubSonic.Tests\bin\Debug\SubSonic.Tests.dll" id="61393538-6534-6663-6333-316664363533" d3p1:Gallio.TestId="859a4ecfc31fd653" d3p1:Gallio.AssemblyName="SubSonic.Tests, Version=2.2.1.0, Culture=neutral, PublicKeyToken=null" d3p1:Gallio.NamespaceName="SubSonic.Tests" d3p1:Gallio.TypeName="SubSonic.Tests.QueryTest" d3p1:Gallio.MemberName="Query_BetweenNumbers" d3p1:Gallio.ParameterName="" d3p1:Gallio.Path="C:\data\SubsonicRoot\ss2\SubSonic.Tests\QueryTest.cs" d3p1:Gallio.Line="138" d3p1:Gallio.Column="0" xmlns:d3p1="http://www.gallio.org/">
      <Css projectStructure="" iteration="" />
      <Owners>
        <Owner name="" />
      </Owners>
      <Execution id="ad188639-ccab-4272-adca-989e3ab47e35" />
      <Properties>
        <Property>
          <Key>TestKind</Key>
          <Value>Test</Value>
        </Property>
      </Properties>
    </GallioTestElement>
    <GallioTestElement name="CodeGen2_VBRunStructTemplate" storage="C:\data\SubsonicRoot\ss2\SubSonic.Tests\bin\Debug\SubSonic.Tests.dll" id="66623762-6366-6333-3364-363462313964" d3p1:Gallio.TestId="b7bffc3c3d64b19d" d3p1:Gallio.AssemblyName="SubSonic.Tests, Version=2.2.1.0, Culture=neutral, PublicKeyToken=null" d3p1:Gallio.NamespaceName="SubSonic.Tests" d3p1:Gallio.TypeName="SubSonic.Tests.CodeGeneratorTests" d3p1:Gallio.MemberName="CodeGen2_VBRunStructTemplate" d3p1:Gallio.ParameterName="" d3p1:Gallio.Path="C:\data\SubsonicRoot\ss2\SubSonic.Tests\CodeGeneratorTests.cs" d3p1:Gallio.Line="117" d3p1:Gallio.Column="0" xmlns:d3p1="http://www.gallio.org/">
      <Css projectStructure="" iteration="" />
      <Owners>
        <Owner name="" />
      </Owners>
      <Execution id="b24ff179-b30e-4484-9854-ad1c28bee7ec" />
      <Properties>
        <Property>
          <Key>TestKind</Key>
          <Value>Test</Value>
        </Property>
      </Properties>
    </GallioTestElement>
    <GallioTestElement name="CanRetrieveMultipleEntities_SucceedsWithSharedConnectionScope" storage="C:\data\SubsonicRoot\ss2\SubSonic.Tests\bin\Debug\SubSonic.Tests.dll" id="61303137-3261-3764-3636-623963383333" d3p1:Gallio.TestId="710aa2d766b9c833" d3p1:Gallio.AssemblyName="SubSonic.Tests, Version=2.2.1.0, Culture=neutral, PublicKeyToken=null" d3p1:Gallio.NamespaceName="SubSonic.Tests" d3p1:Gallio.TypeName="SubSonic.Tests.TransactionWithDtcOffTests" d3p1:Gallio.MemberName="CanRetrieveMultipleEntities_SucceedsWithSharedConnectionScope" d3p1:Gallio.ParameterName="" d3p1:Gallio.Path="C:\data\SubsonicRoot\ss2\SubSonic.Tests\TransactionWithDtcOffTests.cs" d3p1:Gallio.Line="134" d3p1:Gallio.Column="0" xmlns:d3p1="http://www.gallio.org/">
      <Css projectStructure="" iteration="" />
      <Owners>
        <Owner name="" />
      </Owners>
      <Execution id="59337b9b-2f3d-4166-baa6-049d9d2d1f72" />
      <Properties>
        <Property>
          <Key>TestKind</Key>
          <Value>Test</Value>
        </Property>
      </Properties>
    </GallioTestElement>
    <GallioTestElement name="CodeGen2_RunViewTemplate" storage="C:\data\SubsonicRoot\ss2\SubSonic.Tests\bin\Debug\SubSonic.Tests.dll" id="32353765-6231-3463-3439-393632303965" d3p1:Gallio.TestId="e7521bc44996209e" d3p1:Gallio.AssemblyName="SubSonic.Tests, Version=2.2.1.0, Culture=neutral, PublicKeyToken=null" d3p1:Gallio.NamespaceName="SubSonic.Tests" d3p1:Gallio.TypeName="SubSonic.Tests.CodeGeneratorTests" d3p1:Gallio.MemberName="CodeGen2_RunViewTemplate" d3p1:Gallio.ParameterName="" d3p1:Gallio.Path="C:\data\SubsonicRoot\ss2\SubSonic.Tests\CodeGeneratorTests.cs" d3p1:Gallio.Line="57" d3p1:Gallio.Column="0" xmlns:d3p1="http://www.gallio.org/">
      <Css projectStructure="" iteration="" />
      <Owners>
        <Owner name="" />
      </Owners>
      <Execution id="3e0fdcee-7316-4f92-a74a-06c1a1f750da" />
      <Properties>
        <Property>
          <Key>TestKind</Key>
          <Value>Test</Value>
        </Property>
      </Properties>
    </GallioTestElement>
    <GallioTestElement name="SqlQuery_should_handle_distinct" storage="C:\data\SubsonicRoot\ss2\SubSonic.Tests\bin\Debug\SubSonic.Tests.dll" id="64396637-3737-6163-6431-356438363034" d3p1:Gallio.TestId="7f9d77cad15d8604" d3p1:Gallio.AssemblyName="SubSonic.Tests, Version=2.2.1.0, Culture=neutral, PublicKeyToken=null" d3p1:Gallio.NamespaceName="SubSonic.Tests.SqlQuery" d3p1:Gallio.TypeName="SubSonic.Tests.SqlQuery.SelectTests" d3p1:Gallio.MemberName="SqlQuery_should_handle_distinct" d3p1:Gallio.ParameterName="" d3p1:Gallio.Path="C:\data\SubsonicRoot\ss2\SubSonic.Tests\SqlQuery\SelectTests.cs" d3p1:Gallio.Line="726" d3p1:Gallio.Column="0" xmlns:d3p1="http://www.gallio.org/">
      <Css projectStructure="" iteration="" />
      <Owners>
        <Owner name="" />
      </Owners>
      <Execution id="6ac00b4c-5176-4a1d-9f1c-34b26bc32be9" />
      <Properties>
        <Property>
          <Key>TestKind</Key>
          <Value>Test</Value>
        </Property>
      </Properties>
    </GallioTestElement>
    <GallioTestElement name="QueryExecuteJoinedDataSet_ORDER_BY_DESC_Collection" storage="C:\data\SubsonicRoot\ss2\SubSonic.Tests\bin\Debug\SubSonic.Tests.dll" id="38666134-6331-3237-6639-383161613237" d3p1:Gallio.TestId="4af81c72f981aa27" d3p1:Gallio.AssemblyName="SubSonic.Tests, Version=2.2.1.0, Culture=neutral, PublicKeyToken=null" d3p1:Gallio.NamespaceName="SubSonic.Tests" d3p1:Gallio.TypeName="SubSonic.Tests.QueryTest" d3p1:Gallio.MemberName="QueryExecuteJoinedDataSet_ORDER_BY_DESC_Collection" d3p1:Gallio.ParameterName="" d3p1:Gallio.Path="C:\data\SubsonicRoot\ss2\SubSonic.Tests\QueryTest.cs" d3p1:Gallio.Line="880" d3p1:Gallio.Column="0" xmlns:d3p1="http://www.gallio.org/">
      <Css projectStructure="" iteration="" />
      <Owners>
        <Owner name="" />
      </Owners>
      <Execution id="127dc410-60c6-475a-8ca4-4fb753bde0c8" />
      <Properties>
        <Property>
          <Key>TestKind</Key>
          <Value>Test</Value>
        </Property>
      </Properties>
    </GallioTestElement>
    <GallioTestElement name="Select_Generate_JoinList" storage="C:\data\SubsonicRoot\ss2\SubSonic.Tests\bin\Debug\SubSonic.Tests.dll" id="63363163-3661-3635-3635-613630646364" d3p1:Gallio.TestId="c16ca65665a60dcd" d3p1:Gallio.AssemblyName="SubSonic.Tests, Version=2.2.1.0, Culture=neutral, PublicKeyToken=null" d3p1:Gallio.NamespaceName="SubSonic.Tests.SqlQuery" d3p1:Gallio.TypeName="SubSonic.Tests.SqlQuery.SqlServerParserTests" d3p1:Gallio.MemberName="Select_Generate_JoinList" d3p1:Gallio.ParameterName="" d3p1:Gallio.Path="C:\data\SubsonicRoot\ss2\SubSonic.Tests\SqlGenerators\SqlServerGeneratorTests.cs" d3p1:Gallio.Line="48" d3p1:Gallio.Column="0" xmlns:d3p1="http://www.gallio.org/">
      <Css projectStructure="" iteration="" />
      <Owners>
        <Owner name="" />
      </Owners>
      <Execution id="7188141f-f471-4d02-9809-d678dea1958c" />
      <Properties>
        <Property>
          <Key>TestKind</Key>
          <Value>Test</Value>
        </Property>
      </Properties>
    </GallioTestElement>
    <GallioTestElement name="SaveWhenNotDirty" storage="C:\data\SubsonicRoot\ss2\SubSonic.Tests\bin\Debug\SubSonic.Tests.dll" id="37623936-6338-3839-3137-313733363332" d3p1:Gallio.TestId="69b78c9817173632" d3p1:Gallio.AssemblyName="SubSonic.Tests, Version=2.2.1.0, Culture=neutral, PublicKeyToken=null" d3p1:Gallio.NamespaceName="SubSonic.Tests" d3p1:Gallio.TypeName="SubSonic.Tests.ActiveRecordTest" d3p1:Gallio.MemberName="SaveWhenNotDirty" d3p1:Gallio.ParameterName="" d3p1:Gallio.Path="C:\data\SubsonicRoot\ss2\SubSonic.Tests\ActiveRecordTest.cs" d3p1:Gallio.Line="176" d3p1:Gallio.Column="0" xmlns:d3p1="http://www.gallio.org/">
      <Css projectStructure="" iteration="" />
      <Owners>
        <Owner name="" />
      </Owners>
      <Execution id="9b1d194d-4458-49f6-ad1a-d2e399913523" />
      <Properties>
        <Property>
          <Key>TestKind</Key>
          <Value>Test</Value>
        </Property>
      </Properties>
    </GallioTestElement>
    <GallioTestElement name="CodeGen2_RunClassTemplate" storage="C:\data\SubsonicRoot\ss2\SubSonic.Tests\bin\Debug\SubSonic.Tests.dll" id="36336261-6137-6536-3166-643033313466" d3p1:Gallio.TestId="ab367a6e1fd0314f" d3p1:Gallio.AssemblyName="SubSonic.Tests, Version=2.2.1.0, Culture=neutral, PublicKeyToken=null" d3p1:Gallio.NamespaceName="SubSonic.Tests" d3p1:Gallio.TypeName="SubSonic.Tests.CodeGeneratorTests" d3p1:Gallio.MemberName="CodeGen2_RunClassTemplate" d3p1:Gallio.ParameterName="" d3p1:Gallio.Path="C:\data\SubsonicRoot\ss2\SubSonic.Tests\CodeGeneratorTests.cs" d3p1:Gallio.Line="32" d3p1:Gallio.Column="0" xmlns:d3p1="http://www.gallio.org/">
      <Css projectStructure="" iteration="" />
      <Owners>
        <Owner name="" />
      </Owners>
      <Execution id="c945e7c0-8cd5-4bbd-945d-7a2b0c7b601e" />
      <Properties>
        <Property>
          <Key>TestKind</Key>
          <Value>Test</Value>
        </Property>
      </Properties>
    </GallioTestElement>
    <GallioTestElement name="Strings_IsAlpha" storage="C:\data\SubsonicRoot\ss2\SubSonic.Tests\bin\Debug\SubSonic.Tests.dll" id="62353634-6434-6134-6363-643338303036" d3p1:Gallio.TestId="465b4d4accd38006" d3p1:Gallio.AssemblyName="SubSonic.Tests, Version=2.2.1.0, Culture=neutral, PublicKeyToken=null" d3p1:Gallio.NamespaceName="SubSonic.Tests" d3p1:Gallio.TypeName="SubSonic.Tests.SugarTests" d3p1:Gallio.MemberName="Strings_IsAlpha" d3p1:Gallio.ParameterName="" d3p1:Gallio.Path="C:\data\SubsonicRoot\ss2\SubSonic.Tests\SugarTests.cs" d3p1:Gallio.Line="82" d3p1:Gallio.Column="0" xmlns:d3p1="http://www.gallio.org/">
      <Css projectStructure="" iteration="" />
      <Owners>
        <Owner name="" />
      </Owners>
      <Execution id="90558edc-aa9a-45db-8d82-6cca00452b01" />
      <Properties>
        <Property>
          <Key>TestKind</Key>
          <Value>Test</Value>
        </Property>
      </Properties>
    </GallioTestElement>
    <GallioTestElement name="Exec_Select_Top_Ten" storage="C:\data\SubsonicRoot\ss2\SubSonic.Tests\bin\Debug\SubSonic.Tests.dll" id="61626637-3436-6439-3163-373363323366" d3p1:Gallio.TestId="7fba649d1c73c23f" d3p1:Gallio.AssemblyName="SubSonic.Tests, Version=2.2.1.0, Culture=neutral, PublicKeyToken=null" d3p1:Gallio.NamespaceName="SubSonic.Tests.SqlQuery" d3p1:Gallio.TypeName="SubSonic.Tests.SqlQuery.SelectTests" d3p1:Gallio.MemberName="Exec_Select_Top_Ten" d3p1:Gallio.ParameterName="" d3p1:Gallio.Path="C:\data\SubsonicRoot\ss2\SubSonic.Tests\SqlQuery\SelectTests.cs" d3p1:Gallio.Line="166" d3p1:Gallio.Column="0" xmlns:d3p1="http://www.gallio.org/">
      <Css projectStructure="" iteration="" />
      <Owners>
        <Owner name="" />
      </Owners>
      <Execution id="b3411a85-7413-4d9e-a917-5a7680fd7c63" />
      <Properties>
        <Property>
          <Key>TestKind</Key>
          <Value>Test</Value>
        </Property>
      </Properties>
    </GallioTestElement>
    <GallioTestElement name="Exec_SimpleOr" storage="C:\data\SubsonicRoot\ss2\SubSonic.Tests\bin\Debug\SubSonic.Tests.dll" id="35316161-3666-3033-3062-653030343839" d3p1:Gallio.TestId="aa15f6300be00489" d3p1:Gallio.AssemblyName="SubSonic.Tests, Version=2.2.1.0, Culture=neutral, PublicKeyToken=null" d3p1:Gallio.NamespaceName="SubSonic.Tests.SqlQuery" d3p1:Gallio.TypeName="SubSonic.Tests.SqlQuery.SelectTests" d3p1:Gallio.MemberName="Exec_SimpleOr" d3p1:Gallio.ParameterName="" d3p1:Gallio.Path="C:\data\SubsonicRoot\ss2\SubSonic.Tests\SqlQuery\SelectTests.cs" d3p1:Gallio.Line="441" d3p1:Gallio.Column="0" xmlns:d3p1="http://www.gallio.org/">
      <Css projectStructure="" iteration="" />
      <Owners>
        <Owner name="" />
      </Owners>
      <Execution id="f6ae253e-862f-4102-bdf1-f0bcdea040a0" />
      <Properties>
        <Property>
          <Key>TestKind</Key>
          <Value>Test</Value>
        </Property>
      </Properties>
    </GallioTestElement>
    <GallioTestElement name="MigrationAddRemoveColumns" storage="C:\data\SubsonicRoot\ss2\SubSonic.Tests\bin\Debug\SubSonic.Tests.dll" id="64626635-3033-3864-6433-633733306434" d3p1:Gallio.TestId="5fbd30d8d3c730d4" d3p1:Gallio.AssemblyName="SubSonic.Tests, Version=2.2.1.0, Culture=neutral, PublicKeyToken=null" d3p1:Gallio.NamespaceName="SubSonic.Tests.Migrations" d3p1:Gallio.TypeName="SubSonic.Tests.Migrations.MigrationTests" d3p1:Gallio.MemberName="MigrationAddRemoveColumns" d3p1:Gallio.ParameterName="" d3p1:Gallio.Path="C:\data\SubsonicRoot\ss2\SubSonic.Tests\Migrations\MigrationTests.cs" d3p1:Gallio.Line="171" d3p1:Gallio.Column="0" xmlns:d3p1="http://www.gallio.org/">
      <Css projectStructure="" iteration="" />
      <Owners>
        <Owner name="" />
      </Owners>
      <Execution id="ee1be037-caf9-4cb9-9392-f41bb825542e" />
      <Properties>
        <Property>
          <Key>TestKind</Key>
          <Value>Test</Value>
        </Property>
      </Properties>
    </GallioTestElement>
    <GallioTestElement name="SP_Outputs_DefaultProvider" storage="C:\data\SubsonicRoot\ss2\SubSonic.Tests\bin\Debug\SubSonic.Tests.dll" id="33623435-3538-3966-3835-656133616461" d3p1:Gallio.TestId="54b385f985ea3ada" d3p1:Gallio.AssemblyName="SubSonic.Tests, Version=2.2.1.0, Culture=neutral, PublicKeyToken=null" d3p1:Gallio.NamespaceName="SubSonic.Tests" d3p1:Gallio.TypeName="SubSonic.Tests.SPs" d3p1:Gallio.MemberName="SP_Outputs_DefaultProvider" d3p1:Gallio.ParameterName="" d3p1:Gallio.Path="C:\data\SubsonicRoot\ss2\SubSonic.Tests\SPs.cs" d3p1:Gallio.Line="160" d3p1:Gallio.Column="0" xmlns:d3p1="http://www.gallio.org/">
      <Css projectStructure="" iteration="" />
      <Owners>
        <Owner name="" />
      </Owners>
      <Execution id="e55363e0-5c51-4bd5-a252-32e6808ad32a" />
      <Properties>
        <Property>
          <Key>TestKind</Key>
          <Value>Test</Value>
        </Property>
      </Properties>
    </GallioTestElement>
    <GallioTestElement name="MySql_Should_Set_Logical_Deletes" storage="C:\data\SubsonicRoot\ss2\SubSonic.Tests\bin\Debug\SubSonic.Tests.dll" id="33396636-3363-3161-6161-373531333434" d3p1:Gallio.TestId="6f93c3a1aa751344" d3p1:Gallio.AssemblyName="SubSonic.Tests, Version=2.2.1.0, Culture=neutral, PublicKeyToken=null" d3p1:Gallio.NamespaceName="SubSonic.Tests.SqlQuery" d3p1:Gallio.TypeName="SubSonic.Tests.SqlQuery.SelectTests" d3p1:Gallio.MemberName="MySql_Should_Set_Logical_Deletes" d3p1:Gallio.ParameterName="" d3p1:Gallio.Path="C:\data\SubsonicRoot\ss2\SubSonic.Tests\SqlQuery\SelectTests.cs" d3p1:Gallio.Line="857" d3p1:Gallio.Column="0" xmlns:d3p1="http://www.gallio.org/">
      <Css projectStructure="" iteration="" />
      <Owners>
        <Owner name="" />
      </Owners>
      <Execution id="5acc3a58-d73d-4657-b25a-abb806482acb" />
      <Properties>
        <Property>
          <Key>TestKind</Key>
          <Value>Test</Value>
        </Property>
      </Properties>
    </GallioTestElement>
    <GallioTestElement name="Query_IN_ObjectArray" storage="C:\data\SubsonicRoot\ss2\SubSonic.Tests\bin\Debug\SubSonic.Tests.dll" id="62306163-3831-3637-3237-323463366137" d3p1:Gallio.TestId="ca0b18762724c6a7" d3p1:Gallio.AssemblyName="SubSonic.Tests, Version=2.2.1.0, Culture=neutral, PublicKeyToken=null" d3p1:Gallio.NamespaceName="SubSonic.Tests" d3p1:Gallio.TypeName="SubSonic.Tests.QueryTest" d3p1:Gallio.MemberName="Query_IN_ObjectArray" d3p1:Gallio.ParameterName="" d3p1:Gallio.Path="C:\data\SubsonicRoot\ss2\SubSonic.Tests\QueryTest.cs" d3p1:Gallio.Line="155" d3p1:Gallio.Column="0" xmlns:d3p1="http://www.gallio.org/">
      <Css projectStructure="" iteration="" />
      <Owners>
        <Owner name="" />
      </Owners>
      <Execution id="53fa6e4c-b1fe-4f53-9467-3518a1203865" />
      <Properties>
        <Property>
          <Key>TestKind</Key>
          <Value>Test</Value>
        </Property>
      </Properties>
    </GallioTestElement>
    <GallioTestElement name="StoredProc_TypedList" storage="C:\data\SubsonicRoot\ss2\SubSonic.Tests\bin\Debug\SubSonic.Tests.dll" id="32633635-6563-3830-6335-663566363830" d3p1:Gallio.TestId="56c2ce08c5f5f680" d3p1:Gallio.AssemblyName="SubSonic.Tests, Version=2.2.1.0, Culture=neutral, PublicKeyToken=null" d3p1:Gallio.NamespaceName="SubSonic.Tests.SqlQuery" d3p1:Gallio.TypeName="SubSonic.Tests.SqlQuery.SelectTests" d3p1:Gallio.MemberName="StoredProc_TypedList" d3p1:Gallio.ParameterName="" d3p1:Gallio.Path="C:\data\SubsonicRoot\ss2\SubSonic.Tests\SqlQuery\SelectTests.cs" d3p1:Gallio.Line="637" d3p1:Gallio.Column="0" xmlns:d3p1="http://www.gallio.org/">
      <Css projectStructure="" iteration="" />
      <Owners>
        <Owner name="" />
      </Owners>
      <Execution id="0b51c16d-f96d-424f-8bbf-f5ba117568a3" />
      <Properties>
        <Property>
          <Key>TestKind</Key>
          <Value>Test</Value>
        </Property>
      </Properties>
    </GallioTestElement>
    <GallioTestElement name="Join_CreateImplicit" storage="C:\data\SubsonicRoot\ss2\SubSonic.Tests\bin\Debug\SubSonic.Tests.dll" id="34306236-6661-3665-3464-333038616335" d3p1:Gallio.TestId="6b04afe64d308ac5" d3p1:Gallio.AssemblyName="SubSonic.Tests, Version=2.2.1.0, Culture=neutral, PublicKeyToken=null" d3p1:Gallio.NamespaceName="SubSonic.Tests.SqlQuery" d3p1:Gallio.TypeName="SubSonic.Tests.SqlQuery.SqlServerParserTests" d3p1:Gallio.MemberName="Join_CreateImplicit" d3p1:Gallio.ParameterName="" d3p1:Gallio.Path="C:\data\SubsonicRoot\ss2\SubSonic.Tests\SqlGenerators\SqlServerGeneratorTests.cs" d3p1:Gallio.Line="64" d3p1:Gallio.Column="0" xmlns:d3p1="http://www.gallio.org/">
      <Css projectStructure="" iteration="" />
      <Owners>
        <Owner name="" />
      </Owners>
      <Execution id="9018c0c4-384a-4b56-9cfb-1f2f8902c510" />
      <Properties>
        <Property>
          <Key>TestKind</Key>
          <Value>Test</Value>
        </Property>
      </Properties>
    </GallioTestElement>
    <GallioTestElement name="QueryExecuteJoinedDataSet_ORDER_BY_ExpressionDESC_Collection" storage="C:\data\SubsonicRoot\ss2\SubSonic.Tests\bin\Debug\SubSonic.Tests.dll" id="39636161-6239-3161-6437-396262613339" d3p1:Gallio.TestId="aac99ba1d79bba39" d3p1:Gallio.AssemblyName="SubSonic.Tests, Version=2.2.1.0, Culture=neutral, PublicKeyToken=null" d3p1:Gallio.NamespaceName="SubSonic.Tests" d3p1:Gallio.TypeName="SubSonic.Tests.QueryTest" d3p1:Gallio.MemberName="QueryExecuteJoinedDataSet_ORDER_BY_ExpressionDESC_Collection" d3p1:Gallio.ParameterName="" d3p1:Gallio.Path="C:\data\SubsonicRoot\ss2\SubSonic.Tests\QueryTest.cs" d3p1:Gallio.Line="913" d3p1:Gallio.Column="0" xmlns:d3p1="http://www.gallio.org/">
      <Css projectStructure="" iteration="" />
      <Owners>
        <Owner name="" />
      </Owners>
      <Execution id="1738f813-e4d5-42f3-98f7-80bac06cec57" />
      <Properties>
        <Property>
          <Key>TestKind</Key>
          <Value>Test</Value>
        </Property>
      </Properties>
    </GallioTestElement>
    <GallioTestElement name="QueryExecuteJoinedDataSet_ORDER_BY_Expression_Collection" storage="C:\data\SubsonicRoot\ss2\SubSonic.Tests\bin\Debug\SubSonic.Tests.dll" id="36323535-3366-6438-6136-323234346365" d3p1:Gallio.TestId="5526f38da62244ce" d3p1:Gallio.AssemblyName="SubSonic.Tests, Version=2.2.1.0, Culture=neutral, PublicKeyToken=null" d3p1:Gallio.NamespaceName="SubSonic.Tests" d3p1:Gallio.TypeName="SubSonic.Tests.QueryTest" d3p1:Gallio.MemberName="QueryExecuteJoinedDataSet_ORDER_BY_Expression_Collection" d3p1:Gallio.ParameterName="" d3p1:Gallio.Path="C:\data\SubsonicRoot\ss2\SubSonic.Tests\QueryTest.cs" d3p1:Gallio.Line="897" d3p1:Gallio.Column="0" xmlns:d3p1="http://www.gallio.org/">
      <Css projectStructure="" iteration="" />
      <Owners>
        <Owner name="" />
      </Owners>
      <Execution id="2409e732-8abb-4e38-b78f-48d68a2e8f1f" />
      <Properties>
        <Property>
          <Key>TestKind</Key>
          <Value>Test</Value>
        </Property>
      </Properties>
    </GallioTestElement>
    <GallioTestElement name="Exec_AggregateExpression" storage="C:\data\SubsonicRoot\ss2\SubSonic.Tests\bin\Debug\SubSonic.Tests.dll" id="39623436-3736-6431-3432-616336323236" d3p1:Gallio.TestId="64b9671d42ac6226" d3p1:Gallio.AssemblyName="SubSonic.Tests, Version=2.2.1.0, Culture=neutral, PublicKeyToken=null" d3p1:Gallio.NamespaceName="SubSonic.Tests.SqlQuery" d3p1:Gallio.TypeName="SubSonic.Tests.SqlQuery.AggregateTests" d3p1:Gallio.MemberName="Exec_AggregateExpression" d3p1:Gallio.ParameterName="" d3p1:Gallio.Path="C:\data\SubsonicRoot\ss2\SubSonic.Tests\SqlQuery\AggregateTests.cs" d3p1:Gallio.Line="26" d3p1:Gallio.Column="0" xmlns:d3p1="http://www.gallio.org/">
      <Css projectStructure="" iteration="" />
      <Owners>
        <Owner name="" />
      </Owners>
      <Execution id="295047da-dd41-4017-839e-c9a19fceaae3" />
      <Properties>
        <Property>
          <Key>TestKind</Key>
          <Value>Test</Value>
        </Property>
      </Properties>
    </GallioTestElement>
    <GallioTestElement name="Delete_SimpleSqlCheck" storage="C:\data\SubsonicRoot\ss2\SubSonic.Tests\bin\Debug\SubSonic.Tests.dll" id="36393532-3465-3736-6666-653534323636" d3p1:Gallio.TestId="2596e467ffe54266" d3p1:Gallio.AssemblyName="SubSonic.Tests, Version=2.2.1.0, Culture=neutral, PublicKeyToken=null" d3p1:Gallio.NamespaceName="SubSonic.Tests.SqlQuery" d3p1:Gallio.TypeName="SubSonic.Tests.SqlQuery.DeleteTests" d3p1:Gallio.MemberName="Delete_SimpleSqlCheck" d3p1:Gallio.ParameterName="" d3p1:Gallio.Path="C:\data\SubsonicRoot\ss2\SubSonic.Tests\SqlQuery\DeleteTests.cs" d3p1:Gallio.Line="28" d3p1:Gallio.Column="0" xmlns:d3p1="http://www.gallio.org/">
      <Css projectStructure="" iteration="" />
      <Owners>
        <Owner name="" />
      </Owners>
      <Execution id="ceee78c1-1710-40e6-ae73-f902d4110afd" />
      <Properties>
        <Property>
          <Key>TestKind</Key>
          <Value>Test</Value>
        </Property>
      </Properties>
    </GallioTestElement>
    <GallioTestElement name="Exec_PagedViewJoined" storage="C:\data\SubsonicRoot\ss2\SubSonic.Tests\bin\Debug\SubSonic.Tests.dll" id="63363761-3263-6161-3739-303965656632" d3p1:Gallio.TestId="a76cc2aa7909eef2" d3p1:Gallio.AssemblyName="SubSonic.Tests, Version=2.2.1.0, Culture=neutral, PublicKeyToken=null" d3p1:Gallio.NamespaceName="SubSonic.Tests.SqlQuery" d3p1:Gallio.TypeName="SubSonic.Tests.SqlQuery.SelectTests" d3p1:Gallio.MemberName="Exec_PagedViewJoined" d3p1:Gallio.ParameterName="" d3p1:Gallio.Path="C:\data\SubsonicRoot\ss2\SubSonic.Tests\SqlQuery\SelectTests.cs" d3p1:Gallio.Line="341" d3p1:Gallio.Column="0" xmlns:d3p1="http://www.gallio.org/">
      <Css projectStructure="" iteration="" />
      <Owners>
        <Owner name="" />
      </Owners>
      <Execution id="7faee992-da1f-40fe-ad23-5f84ff8d363f" />
      <Properties>
        <Property>
          <Key>TestKind</Key>
          <Value>Test</Value>
        </Property>
      </Properties>
    </GallioTestElement>
    <GallioTestElement name="BatchSaveUpdate" storage="C:\data\SubsonicRoot\ss2\SubSonic.Tests\bin\Debug\SubSonic.Tests.dll" id="63303163-6233-3662-6133-313330326435" d3p1:Gallio.TestId="c10c3bb6a31302d5" d3p1:Gallio.AssemblyName="SubSonic.Tests, Version=2.2.1.0, Culture=neutral, PublicKeyToken=null" d3p1:Gallio.NamespaceName="SubSonic.Tests" d3p1:Gallio.TypeName="SubSonic.Tests.ActiveListTests" d3p1:Gallio.MemberName="BatchSaveUpdate" d3p1:Gallio.ParameterName="" d3p1:Gallio.Path="C:\data\SubsonicRoot\ss2\SubSonic.Tests\ActiveListTests.cs" d3p1:Gallio.Line="130" d3p1:Gallio.Column="0" xmlns:d3p1="http://www.gallio.org/">
      <Css projectStructure="" iteration="" />
      <Owners>
        <Owner name="" />
      </Owners>
      <Execution id="8f059afb-6c2b-44f0-8b60-d5a1310734ee" />
      <Properties>
        <Property>
          <Key>TestKind</Key>
          <Value>Test</Value>
        </Property>
      </Properties>
    </GallioTestElement>
    <GallioTestElement name="SelectAllColumns_With_WhereExpression_And_QualifiedColumn_Formats_Where_Correctly" storage="C:\data\SubsonicRoot\ss2\SubSonic.Tests\bin\Debug\SubSonic.Tests.dll" id="35666161-6435-6538-6366-346133616361" d3p1:Gallio.TestId="aaf55d8ecf4a3aca" d3p1:Gallio.AssemblyName="SubSonic.Tests, Version=2.2.1.0, Culture=neutral, PublicKeyToken=null" d3p1:Gallio.NamespaceName="SubSonic.Tests.SqlQuery" d3p1:Gallio.TypeName="SubSonic.Tests.SqlQuery.SelectTests" d3p1:Gallio.MemberName="SelectAllColumns_With_WhereExpression_And_QualifiedColumn_Formats_Where_Correctly" d3p1:Gallio.ParameterName="" d3p1:Gallio.Path="C:\data\SubsonicRoot\ss2\SubSonic.Tests\SqlQuery\SelectTests.cs" d3p1:Gallio.Line="791" d3p1:Gallio.Column="0" xmlns:d3p1="http://www.gallio.org/">
      <Css projectStructure="" iteration="" />
      <Owners>
        <Owner name="" />
      </Owners>
      <Execution id="cf939bc7-4fa6-4667-b846-a6569e4875d9" />
      <Properties>
        <Property>
          <Key>TestKind</Key>
          <Value>Test</Value>
        </Property>
      </Properties>
    </GallioTestElement>
    <GallioTestElement name="Create_Table" storage="C:\data\SubsonicRoot\ss2\SubSonic.Tests\bin\Debug\SubSonic.Tests.dll" id="38663132-6237-3734-6165-373136303932" d3p1:Gallio.TestId="21f87b47ae716092" d3p1:Gallio.AssemblyName="SubSonic.Tests, Version=2.2.1.0, Culture=neutral, PublicKeyToken=null" d3p1:Gallio.NamespaceName="SubSonic.Tests.SqlGenerators" d3p1:Gallio.TypeName="SubSonic.Tests.SqlGenerators.MySqlGeneratorTests" d3p1:Gallio.MemberName="Create_Table" d3p1:Gallio.ParameterName="" d3p1:Gallio.Path="C:\data\SubsonicRoot\ss2\SubSonic.Tests\SqlGenerators\MySqlGeneratorTests.cs" d3p1:Gallio.Line="31" d3p1:Gallio.Column="0" xmlns:d3p1="http://www.gallio.org/">
      <Css projectStructure="" iteration="" />
      <Owners>
        <Owner name="" />
      </Owners>
      <Execution id="5f97247a-2983-4ee1-802c-60a6775fab31" />
      <Properties>
        <Property>
          <Key>TestKind</Key>
          <Value>Test</Value>
        </Property>
      </Properties>
    </GallioTestElement>
    <GallioTestElement name="Exec_AggregateMin" storage="C:\data\SubsonicRoot\ss2\SubSonic.Tests\bin\Debug\SubSonic.Tests.dll" id="37316566-6237-3265-6362-333538653939" d3p1:Gallio.TestId="fe177be2cb358e99" d3p1:Gallio.AssemblyName="SubSonic.Tests, Version=2.2.1.0, Culture=neutral, PublicKeyToken=null" d3p1:Gallio.NamespaceName="SubSonic.Tests.SqlQuery" d3p1:Gallio.TypeName="SubSonic.Tests.SqlQuery.AggregateTests" d3p1:Gallio.MemberName="Exec_AggregateMin" d3p1:Gallio.ParameterName="" d3p1:Gallio.Path="C:\data\SubsonicRoot\ss2\SubSonic.Tests\SqlQuery\AggregateTests.cs" d3p1:Gallio.Line="106" d3p1:Gallio.Column="0" xmlns:d3p1="http://www.gallio.org/">
      <Css projectStructure="" iteration="" />
      <Owners>
        <Owner name="" />
      </Owners>
      <Execution id="d4cbeedc-2d33-4573-a849-d08961537dc2" />
      <Properties>
        <Property>
          <Key>TestKind</Key>
          <Value>Test</Value>
        </Property>
      </Properties>
    </GallioTestElement>
    <GallioTestElement name="Object_SchemaDefinition" storage="C:\data\SubsonicRoot\ss2\SubSonic.Tests\bin\Debug\SubSonic.Tests.dll" id="34653932-3936-6266-6530-353363366363" d3p1:Gallio.TestId="29e469fbe053c6cc" d3p1:Gallio.AssemblyName="SubSonic.Tests, Version=2.2.1.0, Culture=neutral, PublicKeyToken=null" d3p1:Gallio.NamespaceName="SubSonic.Tests" d3p1:Gallio.TypeName="SubSonic.Tests.GeneratedObjectTests" d3p1:Gallio.MemberName="Object_SchemaDefinition" d3p1:Gallio.ParameterName="" d3p1:Gallio.Path="C:\data\SubsonicRoot\ss2\SubSonic.Tests\GeneratedObjectTests.cs" d3p1:Gallio.Line="166" d3p1:Gallio.Column="0" xmlns:d3p1="http://www.gallio.org/">
      <Css projectStructure="" iteration="" />
      <Owners>
        <Owner name="" />
      </Owners>
      <Execution id="deb0d579-f6bc-43ef-814d-c762c3b03ddc" />
      <Properties>
        <Property>
          <Key>TestKind</Key>
          <Value>Test</Value>
        </Property>
      </Properties>
    </GallioTestElement>
    <GallioTestElement name="Query_OR_Between" storage="C:\data\SubsonicRoot\ss2\SubSonic.Tests\bin\Debug\SubSonic.Tests.dll" id="33616262-3433-3332-6365-393165623662" d3p1:Gallio.TestId="bba33423ce91eb6b" d3p1:Gallio.AssemblyName="SubSonic.Tests, Version=2.2.1.0, Culture=neutral, PublicKeyToken=null" d3p1:Gallio.NamespaceName="SubSonic.Tests" d3p1:Gallio.TypeName="SubSonic.Tests.QueryTest" d3p1:Gallio.MemberName="Query_OR_Between" d3p1:Gallio.ParameterName="" d3p1:Gallio.Path="C:\data\SubsonicRoot\ss2\SubSonic.Tests\QueryTest.cs" d3p1:Gallio.Line="348" d3p1:Gallio.Column="0" xmlns:d3p1="http://www.gallio.org/">
      <Css projectStructure="" iteration="" />
      <Owners>
        <Owner name="" />
      </Owners>
      <Execution id="be2e62b5-1ee8-42c3-8ccc-e906dceebcf4" />
      <Properties>
        <Property>
          <Key>TestKind</Key>
          <Value>Test</Value>
        </Property>
      </Properties>
    </GallioTestElement>
    <GallioTestElement name="Join_Unequal" storage="C:\data\SubsonicRoot\ss2\SubSonic.Tests\bin\Debug\SubSonic.Tests.dll" id="64313861-3164-3166-3830-333033636632" d3p1:Gallio.TestId="a81dd1f180303cf2" d3p1:Gallio.AssemblyName="SubSonic.Tests, Version=2.2.1.0, Culture=neutral, PublicKeyToken=null" d3p1:Gallio.NamespaceName="SubSonic.Tests.SqlQuery" d3p1:Gallio.TypeName="SubSonic.Tests.SqlQuery.SqlServerParserTests" d3p1:Gallio.MemberName="Join_Unequal" d3p1:Gallio.ParameterName="" d3p1:Gallio.Path="C:\data\SubsonicRoot\ss2\SubSonic.Tests\SqlGenerators\SqlServerGeneratorTests.cs" d3p1:Gallio.Line="210" d3p1:Gallio.Column="0" xmlns:d3p1="http://www.gallio.org/">
      <Css projectStructure="" iteration="" />
      <Owners>
        <Owner name="" />
      </Owners>
      <Execution id="ecd9832c-5418-46e5-bf70-810cb2a23113" />
      <Properties>
        <Property>
          <Key>TestKind</Key>
          <Value>Test</Value>
        </Property>
      </Properties>
    </GallioTestElement>
    <GallioTestElement name="Exec_Distinct_JoinedWithLike" storage="C:\data\SubsonicRoot\ss2\SubSonic.Tests\bin\Debug\SubSonic.Tests.dll" id="36386466-6532-6531-6662-356363653432" d3p1:Gallio.TestId="fd862e1efb5cce42" d3p1:Gallio.AssemblyName="SubSonic.Tests, Version=2.2.1.0, Culture=neutral, PublicKeyToken=null" d3p1:Gallio.NamespaceName="SubSonic.Tests.SqlQuery" d3p1:Gallio.TypeName="SubSonic.Tests.SqlQuery.SelectTests" d3p1:Gallio.MemberName="Exec_Distinct_JoinedWithLike" d3p1:Gallio.ParameterName="" d3p1:Gallio.Path="C:\data\SubsonicRoot\ss2\SubSonic.Tests\SqlQuery\SelectTests.cs" d3p1:Gallio.Line="281" d3p1:Gallio.Column="0" xmlns:d3p1="http://www.gallio.org/">
      <Css projectStructure="" iteration="" />
      <Owners>
        <Owner name="" />
      </Owners>
      <Execution id="6b6745c9-0020-4e03-89dd-f0c22c6e9d39" />
      <Properties>
        <Property>
          <Key>TestKind</Key>
          <Value>Test</Value>
        </Property>
      </Properties>
    </GallioTestElement>
    <GallioTestElement name="Validation_IsCreditCardAny" storage="C:\data\SubsonicRoot\ss2\SubSonic.Tests\bin\Debug\SubSonic.Tests.dll" id="30663364-3535-3030-3839-306465663034" d3p1:Gallio.TestId="d3f05500890def04" d3p1:Gallio.AssemblyName="SubSonic.Tests, Version=2.2.1.0, Culture=neutral, PublicKeyToken=null" d3p1:Gallio.NamespaceName="SubSonic.Tests" d3p1:Gallio.TypeName="SubSonic.Tests.SugarTests" d3p1:Gallio.MemberName="Validation_IsCreditCardAny" d3p1:Gallio.ParameterName="" d3p1:Gallio.Path="C:\data\SubsonicRoot\ss2\SubSonic.Tests\SugarTests.cs" d3p1:Gallio.Line="155" d3p1:Gallio.Column="0" xmlns:d3p1="http://www.gallio.org/">
      <Css projectStructure="" iteration="" />
      <Owners>
        <Owner name="" />
      </Owners>
      <Execution id="9c7db4bc-6b79-40c6-b550-ac30dc956ee0" />
      <Properties>
        <Property>
          <Key>TestKind</Key>
          <Value>Test</Value>
        </Property>
      </Properties>
    </GallioTestElement>
    <GallioTestElement name="ETL_CollectionToTable" storage="C:\data\SubsonicRoot\ss2\SubSonic.Tests\bin\Debug\SubSonic.Tests.dll" id="37373336-3563-6537-3364-383363663039" d3p1:Gallio.TestId="6377c57e3d83cf09" d3p1:Gallio.AssemblyName="SubSonic.Tests, Version=2.2.1.0, Culture=neutral, PublicKeyToken=null" d3p1:Gallio.NamespaceName="SubSonic.Tests" d3p1:Gallio.TypeName="SubSonic.Tests.ETL" d3p1:Gallio.MemberName="ETL_CollectionToTable" d3p1:Gallio.ParameterName="" d3p1:Gallio.Path="C:\data\SubsonicRoot\ss2\SubSonic.Tests\ETL.cs" d3p1:Gallio.Line="89" d3p1:Gallio.Column="0" xmlns:d3p1="http://www.gallio.org/">
      <Css projectStructure="" iteration="" />
      <Owners>
        <Owner name="" />
      </Owners>
      <Execution id="77605bc9-0413-43a4-bff9-4e4372c8b60f" />
      <Properties>
        <Property>
          <Key>TestKind</Key>
          <Value>Test</Value>
        </Property>
      </Properties>
    </GallioTestElement>
    <GallioTestElement name="Exec_SimpleWhere" storage="C:\data\SubsonicRoot\ss2\SubSonic.Tests\bin\Debug\SubSonic.Tests.dll" id="63313533-6361-6538-3461-643562336531" d3p1:Gallio.TestId="351cac8e4ad5b3e1" d3p1:Gallio.AssemblyName="SubSonic.Tests, Version=2.2.1.0, Culture=neutral, PublicKeyToken=null" d3p1:Gallio.NamespaceName="SubSonic.Tests.SqlQuery" d3p1:Gallio.TypeName="SubSonic.Tests.SqlQuery.SelectTests" d3p1:Gallio.MemberName="Exec_SimpleWhere" d3p1:Gallio.ParameterName="" d3p1:Gallio.Path="C:\data\SubsonicRoot\ss2\SubSonic.Tests\SqlQuery\SelectTests.cs" d3p1:Gallio.Line="57" d3p1:Gallio.Column="0" xmlns:d3p1="http://www.gallio.org/">
      <Css projectStructure="" iteration="" />
      <Owners>
        <Owner name="" />
      </Owners>
      <Execution id="b40a23a7-1243-4231-9a0b-9e6220a3250f" />
      <Properties>
        <Property>
          <Key>TestKind</Key>
          <Value>Test</Value>
        </Property>
      </Properties>
    </GallioTestElement>
    <GallioTestElement name="Inline_AsCollection" storage="C:\data\SubsonicRoot\ss2\SubSonic.Tests\bin\Debug\SubSonic.Tests.dll" id="38353035-3032-3561-3837-346164363438" d3p1:Gallio.TestId="505820a5874ad648" d3p1:Gallio.AssemblyName="SubSonic.Tests, Version=2.2.1.0, Culture=neutral, PublicKeyToken=null" d3p1:Gallio.NamespaceName="SubSonic.Tests.SqlQuery" d3p1:Gallio.TypeName="SubSonic.Tests.SqlQuery.InlineQueryTests" d3p1:Gallio.MemberName="Inline_AsCollection" d3p1:Gallio.ParameterName="" d3p1:Gallio.Path="C:\data\SubsonicRoot\ss2\SubSonic.Tests\SqlQuery\InlineQueryTests.cs" d3p1:Gallio.Line="43" d3p1:Gallio.Column="0" xmlns:d3p1="http://www.gallio.org/">
      <Css projectStructure="" iteration="" />
      <Owners>
        <Owner name="" />
      </Owners>
      <Execution id="77758d7e-2155-4e8e-b94e-c89158b3e0f1" />
      <Properties>
        <Property>
          <Key>TestKind</Key>
          <Value>Test</Value>
        </Property>
      </Properties>
    </GallioTestElement>
    <GallioTestElement name="MigrateUpDownNegative1" storage="C:\data\SubsonicRoot\ss2\SubSonic.Tests\bin\Debug\SubSonic.Tests.dll" id="36366462-3134-3737-3435-616563373831" d3p1:Gallio.TestId="bd66417745aec781" d3p1:Gallio.AssemblyName="SubSonic.Tests, Version=2.2.1.0, Culture=neutral, PublicKeyToken=null" d3p1:Gallio.NamespaceName="SubSonic.Tests.Migrations" d3p1:Gallio.TypeName="SubSonic.Tests.Migrations.MigrationTests" d3p1:Gallio.MemberName="MigrateUpDownNegative1" d3p1:Gallio.ParameterName="" d3p1:Gallio.Path="C:\data\SubsonicRoot\ss2\SubSonic.Tests\Migrations\MigrationTests.cs" d3p1:Gallio.Line="79" d3p1:Gallio.Column="0" xmlns:d3p1="http://www.gallio.org/">
      <Css projectStructure="" iteration="" />
      <Owners>
        <Owner name="" />
      </Owners>
      <Execution id="1e7a968e-aa48-43e3-8879-db93fcf588a4" />
      <Properties>
        <Property>
          <Key>TestKind</Key>
          <Value>Test</Value>
        </Property>
      </Properties>
    </GallioTestElement>
    <GallioTestElement name="Remove_Column" storage="C:\data\SubsonicRoot\ss2\SubSonic.Tests\bin\Debug\SubSonic.Tests.dll" id="34326234-3031-3361-6666-666133613135" d3p1:Gallio.TestId="4b2410a3fffa3a15" d3p1:Gallio.AssemblyName="SubSonic.Tests, Version=2.2.1.0, Culture=neutral, PublicKeyToken=null" d3p1:Gallio.NamespaceName="SubSonic.Tests.SqlGenerators" d3p1:Gallio.TypeName="SubSonic.Tests.SqlGenerators.MySqlGeneratorTests" d3p1:Gallio.MemberName="Remove_Column" d3p1:Gallio.ParameterName="" d3p1:Gallio.Path="C:\data\SubsonicRoot\ss2\SubSonic.Tests\SqlGenerators\MySqlGeneratorTests.cs" d3p1:Gallio.Line="73" d3p1:Gallio.Column="0" xmlns:d3p1="http://www.gallio.org/">
      <Css projectStructure="" iteration="" />
      <Owners>
        <Owner name="" />
      </Owners>
      <Execution id="e5e1f64b-8027-4677-ba49-d6f21a5dfd20" />
      <Properties>
        <Property>
          <Key>TestKind</Key>
          <Value>Test</Value>
        </Property>
      </Properties>
    </GallioTestElement>
    <GallioTestElement name="Select_Paged" storage="C:\data\SubsonicRoot\ss2\SubSonic.Tests\bin\Debug\SubSonic.Tests.dll" id="33623866-6564-6539-6265-363032626361" d3p1:Gallio.TestId="f8b3de9ebe602bca" d3p1:Gallio.AssemblyName="SubSonic.Tests, Version=2.2.1.0, Culture=neutral, PublicKeyToken=null" d3p1:Gallio.NamespaceName="SubSonic.Tests.SqlQuery" d3p1:Gallio.TypeName="SubSonic.Tests.SqlQuery.SqlServerParserTests" d3p1:Gallio.MemberName="Select_Paged" d3p1:Gallio.ParameterName="" d3p1:Gallio.Path="C:\data\SubsonicRoot\ss2\SubSonic.Tests\SqlGenerators\SqlServerGeneratorTests.cs" d3p1:Gallio.Line="156" d3p1:Gallio.Column="0" xmlns:d3p1="http://www.gallio.org/">
      <Css projectStructure="" iteration="" />
      <Owners>
        <Owner name="" />
      </Owners>
      <Execution id="e8f4786d-83c0-48fa-abe3-9c634d1fcd4b" />
      <Properties>
        <Property>
          <Key>TestKind</Key>
          <Value>Test</Value>
        </Property>
      </Properties>
    </GallioTestElement>
    <GallioTestElement name="Join_CreateImplicit_Reversed" storage="C:\data\SubsonicRoot\ss2\SubSonic.Tests\bin\Debug\SubSonic.Tests.dll" id="63653339-6563-3462-3662-366166386566" d3p1:Gallio.TestId="93ecceb46b6af8ef" d3p1:Gallio.AssemblyName="SubSonic.Tests, Version=2.2.1.0, Culture=neutral, PublicKeyToken=null" d3p1:Gallio.NamespaceName="SubSonic.Tests.SqlQuery" d3p1:Gallio.TypeName="SubSonic.Tests.SqlQuery.SqlServerParserTests" d3p1:Gallio.MemberName="Join_CreateImplicit_Reversed" d3p1:Gallio.ParameterName="" d3p1:Gallio.Path="C:\data\SubsonicRoot\ss2\SubSonic.Tests\SqlGenerators\SqlServerGeneratorTests.cs" d3p1:Gallio.Line="72" d3p1:Gallio.Column="0" xmlns:d3p1="http://www.gallio.org/">
      <Css projectStructure="" iteration="" />
      <Owners>
        <Owner name="" />
      </Owners>
      <Execution id="758e8193-aa61-4ad8-b3e5-ca463dbb7a23" />
      <Properties>
        <Property>
          <Key>TestKind</Key>
          <Value>Test</Value>
        </Property>
      </Properties>
    </GallioTestElement>
    <GallioTestElement name="Query_Select" storage="C:\data\SubsonicRoot\ss2\SubSonic.Tests\bin\Debug\SubSonic.Tests.dll" id="38633261-6638-3431-6434-303533653339" d3p1:Gallio.TestId="a2c88f14d4053e39" d3p1:Gallio.AssemblyName="SubSonic.Tests, Version=2.2.1.0, Culture=neutral, PublicKeyToken=null" d3p1:Gallio.NamespaceName="SubSonic.Tests" d3p1:Gallio.TypeName="SubSonic.Tests.QueryTest" d3p1:Gallio.MemberName="Query_Select" d3p1:Gallio.ParameterName="" d3p1:Gallio.Path="C:\data\SubsonicRoot\ss2\SubSonic.Tests\QueryTest.cs" d3p1:Gallio.Line="36" d3p1:Gallio.Column="0" xmlns:d3p1="http://www.gallio.org/">
      <Css projectStructure="" iteration="" />
      <Owners>
        <Owner name="" />
      </Owners>
      <Execution id="772df437-f731-42b2-ada3-4dbf58adecdc" />
      <Properties>
        <Property>
          <Key>TestKind</Key>
          <Value>Test</Value>
        </Property>
      </Properties>
    </GallioTestElement>
    <GallioTestElement name="QueryExecuteJoinedDataSet_NOT_IN_ObjectArray" storage="C:\data\SubsonicRoot\ss2\SubSonic.Tests\bin\Debug\SubSonic.Tests.dll" id="39613463-3364-3533-3334-626339313138" d3p1:Gallio.TestId="c4a9d33534bc9118" d3p1:Gallio.AssemblyName="SubSonic.Tests, Version=2.2.1.0, Culture=neutral, PublicKeyToken=null" d3p1:Gallio.NamespaceName="SubSonic.Tests" d3p1:Gallio.TypeName="SubSonic.Tests.QueryTest" d3p1:Gallio.MemberName="QueryExecuteJoinedDataSet_NOT_IN_ObjectArray" d3p1:Gallio.ParameterName="" d3p1:Gallio.Path="C:\data\SubsonicRoot\ss2\SubSonic.Tests\QueryTest.cs" d3p1:Gallio.Line="590" d3p1:Gallio.Column="0" xmlns:d3p1="http://www.gallio.org/">
      <Css projectStructure="" iteration="" />
      <Owners>
        <Owner name="" />
      </Owners>
      <Execution id="c542344f-8d94-44ef-997d-145c85c83e53" />
      <Properties>
        <Property>
          <Key>TestKind</Key>
          <Value>Test</Value>
        </Property>
      </Properties>
    </GallioTestElement>
    <GallioTestElement name="Drop_Table" storage="C:\data\SubsonicRoot\ss2\SubSonic.Tests\bin\Debug\SubSonic.Tests.dll" id="62633637-6335-3163-3438-643135643132" d3p1:Gallio.TestId="76cb5cc148d15d12" d3p1:Gallio.AssemblyName="SubSonic.Tests, Version=2.2.1.0, Culture=neutral, PublicKeyToken=null" d3p1:Gallio.NamespaceName="SubSonic.Tests.SqlQuery" d3p1:Gallio.TypeName="SubSonic.Tests.SqlQuery.SqlServerParserTests" d3p1:Gallio.MemberName="Drop_Table" d3p1:Gallio.ParameterName="" d3p1:Gallio.Path="C:\data\SubsonicRoot\ss2\SubSonic.Tests\SqlGenerators\SqlServerGeneratorTests.cs" d3p1:Gallio.Line="222" d3p1:Gallio.Column="0" xmlns:d3p1="http://www.gallio.org/">
      <Css projectStructure="" iteration="" />
      <Owners>
        <Owner name="" />
      </Owners>
      <Execution id="d60eacb6-e54a-4a42-850a-662c8c5cf170" />
      <Properties>
        <Property>
          <Key>TestKind</Key>
          <Value>Test</Value>
        </Property>
      </Properties>
    </GallioTestElement>
    <GallioTestElement name="Query_OR_Moderate" storage="C:\data\SubsonicRoot\ss2\SubSonic.Tests\bin\Debug\SubSonic.Tests.dll" id="39616238-3164-3166-3731-663263303938" d3p1:Gallio.TestId="8ba9d1f171f2c098" d3p1:Gallio.AssemblyName="SubSonic.Tests, Version=2.2.1.0, Culture=neutral, PublicKeyToken=null" d3p1:Gallio.NamespaceName="SubSonic.Tests" d3p1:Gallio.TypeName="SubSonic.Tests.QueryTest" d3p1:Gallio.MemberName="Query_OR_Moderate" d3p1:Gallio.ParameterName="" d3p1:Gallio.Path="C:\data\SubsonicRoot\ss2\SubSonic.Tests\QueryTest.cs" d3p1:Gallio.Line="311" d3p1:Gallio.Column="0" xmlns:d3p1="http://www.gallio.org/">
      <Css projectStructure="" iteration="" />
      <Owners>
        <Owner name="" />
      </Owners>
      <Execution id="6a08ce7d-360b-4b8c-91be-d3fc55173e03" />
      <Properties>
        <Property>
          <Key>TestKind</Key>
          <Value>Test</Value>
        </Property>
      </Properties>
    </GallioTestElement>
    <GallioTestElement name="QueryExecuteJoinedDataSet_NOT_IN_ArrayList" storage="C:\data\SubsonicRoot\ss2\SubSonic.Tests\bin\Debug\SubSonic.Tests.dll" id="63313563-3364-3637-3364-386663643465" d3p1:Gallio.TestId="c51cd3763d8fcd4e" d3p1:Gallio.AssemblyName="SubSonic.Tests, Version=2.2.1.0, Culture=neutral, PublicKeyToken=null" d3p1:Gallio.NamespaceName="SubSonic.Tests" d3p1:Gallio.TypeName="SubSonic.Tests.QueryTest" d3p1:Gallio.MemberName="QueryExecuteJoinedDataSet_NOT_IN_ArrayList" d3p1:Gallio.ParameterName="" d3p1:Gallio.Path="C:\data\SubsonicRoot\ss2\SubSonic.Tests\QueryTest.cs" d3p1:Gallio.Line="620" d3p1:Gallio.Column="0" xmlns:d3p1="http://www.gallio.org/">
      <Css projectStructure="" iteration="" />
      <Owners>
        <Owner name="" />
      </Owners>
      <Execution id="b91c61fc-af05-4a78-9daf-4aa499830d39" />
      <Properties>
        <Property>
          <Key>TestKind</Key>
          <Value>Test</Value>
        </Property>
      </Properties>
    </GallioTestElement>
    <GallioTestElement name="UpdateSingleProduct_SucceedsUsingSharedConnection" storage="C:\data\SubsonicRoot\ss2\SubSonic.Tests\bin\Debug\SubSonic.Tests.dll" id="34363163-6635-6338-3461-396632306162" d3p1:Gallio.TestId="c1645f8c4a9f20ab" d3p1:Gallio.AssemblyName="SubSonic.Tests, Version=2.2.1.0, Culture=neutral, PublicKeyToken=null" d3p1:Gallio.NamespaceName="SubSonic.Tests" d3p1:Gallio.TypeName="SubSonic.Tests.TransactionWithDtcOffTests" d3p1:Gallio.MemberName="UpdateSingleProduct_SucceedsUsingSharedConnection" d3p1:Gallio.ParameterName="" d3p1:Gallio.Path="C:\data\SubsonicRoot\ss2\SubSonic.Tests\TransactionWithDtcOffTests.cs" d3p1:Gallio.Line="158" d3p1:Gallio.Column="0" xmlns:d3p1="http://www.gallio.org/">
      <Css projectStructure="" iteration="" />
      <Owners>
        <Owner name="" />
      </Owners>
      <Execution id="43b1e0e6-dcf8-4e72-a5e0-009a544a6839" />
      <Properties>
        <Property>
          <Key>TestKind</Key>
          <Value>Test</Value>
        </Property>
      </Properties>
    </GallioTestElement>
    <GallioTestElement name="Query_ORDER_BY_Collection" storage="C:\data\SubsonicRoot\ss2\SubSonic.Tests\bin\Debug\SubSonic.Tests.dll" id="32653336-3539-3865-3262-306530633730" d3p1:Gallio.TestId="63e295e82b0e0c70" d3p1:Gallio.AssemblyName="SubSonic.Tests, Version=2.2.1.0, Culture=neutral, PublicKeyToken=null" d3p1:Gallio.NamespaceName="SubSonic.Tests" d3p1:Gallio.TypeName="SubSonic.Tests.QueryTest" d3p1:Gallio.MemberName="Query_ORDER_BY_Collection" d3p1:Gallio.ParameterName="" d3p1:Gallio.Path="C:\data\SubsonicRoot\ss2\SubSonic.Tests\QueryTest.cs" d3p1:Gallio.Line="797" d3p1:Gallio.Column="0" xmlns:d3p1="http://www.gallio.org/">
      <Css projectStructure="" iteration="" />
      <Owners>
        <Owner name="" />
      </Owners>
      <Execution id="33e9f0a9-8bc3-41ad-8f0c-14cf6cfebcdb" />
      <Properties>
        <Property>
          <Key>TestKind</Key>
          <Value>Test</Value>
        </Property>
      </Properties>
    </GallioTestElement>
    <GallioTestElement name="Products_CollectionSample" storage="C:\data\SubsonicRoot\ss2\SubSonic.Tests\bin\Debug\SubSonic.Tests.dll" id="64333465-3535-3236-3330-636538383134" d3p1:Gallio.TestId="e43d556230ce8814" d3p1:Gallio.AssemblyName="SubSonic.Tests, Version=2.2.1.0, Culture=neutral, PublicKeyToken=null" d3p1:Gallio.NamespaceName="SubSonic.Tests.SqlQuery" d3p1:Gallio.TypeName="SubSonic.Tests.SqlQuery.SelectTests" d3p1:Gallio.MemberName="Products_CollectionSample" d3p1:Gallio.ParameterName="" d3p1:Gallio.Path="C:\data\SubsonicRoot\ss2\SubSonic.Tests\SqlQuery\SelectTests.cs" d3p1:Gallio.Line="586" d3p1:Gallio.Column="0" xmlns:d3p1="http://www.gallio.org/">
      <Css projectStructure="" iteration="" />
      <Owners>
        <Owner name="" />
      </Owners>
      <Execution id="ee1e1b18-b47c-46fa-857f-c99605766a68" />
      <Properties>
        <Property>
          <Key>TestKind</Key>
          <Value>Test</Value>
        </Property>
      </Properties>
    </GallioTestElement>
    <GallioTestElement name="Select_Expression" storage="C:\data\SubsonicRoot\ss2\SubSonic.Tests\bin\Debug\SubSonic.Tests.dll" id="36633238-3061-6338-3433-396164666562" d3p1:Gallio.TestId="82c6a08c439adfeb" d3p1:Gallio.AssemblyName="SubSonic.Tests, Version=2.2.1.0, Culture=neutral, PublicKeyToken=null" d3p1:Gallio.NamespaceName="SubSonic.Tests.SqlQuery" d3p1:Gallio.TypeName="SubSonic.Tests.SqlQuery.SqlServerParserTests" d3p1:Gallio.MemberName="Select_Expression" d3p1:Gallio.ParameterName="" d3p1:Gallio.Path="C:\data\SubsonicRoot\ss2\SubSonic.Tests\SqlGenerators\SqlServerGeneratorTests.cs" d3p1:Gallio.Line="137" d3p1:Gallio.Column="0" xmlns:d3p1="http://www.gallio.org/">
      <Css projectStructure="" iteration="" />
      <Owners>
        <Owner name="" />
      </Owners>
      <Execution id="201f287b-1f70-466a-9602-0b4b4bc77e8b" />
      <Properties>
        <Property>
          <Key>TestKind</Key>
          <Value>Test</Value>
        </Property>
      </Properties>
    </GallioTestElement>
    <GallioTestElement name="Exec_NestedExpression" storage="C:\data\SubsonicRoot\ss2\SubSonic.Tests\bin\Debug\SubSonic.Tests.dll" id="33616639-6332-6434-3930-643139313339" d3p1:Gallio.TestId="9fa32c4d90d19139" d3p1:Gallio.AssemblyName="SubSonic.Tests, Version=2.2.1.0, Culture=neutral, PublicKeyToken=null" d3p1:Gallio.NamespaceName="SubSonic.Tests.SqlQuery" d3p1:Gallio.TypeName="SubSonic.Tests.SqlQuery.SelectTests" d3p1:Gallio.MemberName="Exec_NestedExpression" d3p1:Gallio.ParameterName="" d3p1:Gallio.Path="C:\data\SubsonicRoot\ss2\SubSonic.Tests\SqlQuery\SelectTests.cs" d3p1:Gallio.Line="236" d3p1:Gallio.Column="0" xmlns:d3p1="http://www.gallio.org/">
      <Css projectStructure="" iteration="" />
      <Owners>
        <Owner name="" />
      </Owners>
      <Execution id="7b0767cc-7844-48fe-9f7a-870621633394" />
      <Properties>
        <Property>
          <Key>TestKind</Key>
          <Value>Test</Value>
        </Property>
      </Properties>
    </GallioTestElement>
    <GallioTestElement name="QueryExecuteJoinedDataSet_ORDER_BY_Expression" storage="C:\data\SubsonicRoot\ss2\SubSonic.Tests\bin\Debug\SubSonic.Tests.dll" id="33386237-3530-3631-3134-343932323634" d3p1:Gallio.TestId="7b83051614492264" d3p1:Gallio.AssemblyName="SubSonic.Tests, Version=2.2.1.0, Culture=neutral, PublicKeyToken=null" d3p1:Gallio.NamespaceName="SubSonic.Tests" d3p1:Gallio.TypeName="SubSonic.Tests.QueryTest" d3p1:Gallio.MemberName="QueryExecuteJoinedDataSet_ORDER_BY_Expression" d3p1:Gallio.ParameterName="" d3p1:Gallio.Path="C:\data\SubsonicRoot\ss2\SubSonic.Tests\QueryTest.cs" d3p1:Gallio.Line="771" d3p1:Gallio.Column="0" xmlns:d3p1="http://www.gallio.org/">
      <Css projectStructure="" iteration="" />
      <Owners>
        <Owner name="" />
      </Owners>
      <Execution id="a3892206-3eb3-432a-95b8-9236709d1039" />
      <Properties>
        <Property>
          <Key>TestKind</Key>
          <Value>Test</Value>
        </Property>
      </Properties>
    </GallioTestElement>
    <GallioTestElement name="AssemblyDirectiveIsStrippedFromTemplate" storage="C:\data\SubsonicRoot\ss2\SubSonic.Tests\bin\Debug\SubSonic.Tests.dll" id="61663734-3230-3339-3265-346566653563" d3p1:Gallio.TestId="47fa02932e4efe5c" d3p1:Gallio.AssemblyName="SubSonic.Tests, Version=2.2.1.0, Culture=neutral, PublicKeyToken=null" d3p1:Gallio.NamespaceName="SubSonic.Tests" d3p1:Gallio.TypeName="SubSonic.Tests.TurboTemplateTests" d3p1:Gallio.MemberName="AssemblyDirectiveIsStrippedFromTemplate" d3p1:Gallio.ParameterName="" d3p1:Gallio.Path="C:\data\SubsonicRoot\ss2\SubSonic.Tests\TurboTemplateTests.cs" d3p1:Gallio.Line="45" d3p1:Gallio.Column="0" xmlns:d3p1="http://www.gallio.org/">
      <Css projectStructure="" iteration="" />
      <Owners>
        <Owner name="" />
      </Owners>
      <Execution id="404f3bb3-ac4b-4ca8-8ad7-c36768c442ac" />
      <Properties>
        <Property>
          <Key>TestKind</Key>
          <Value>Test</Value>
        </Property>
      </Properties>
    </GallioTestElement>
    <GallioTestElement name="Exec_SimpleWhereAnd" storage="C:\data\SubsonicRoot\ss2\SubSonic.Tests\bin\Debug\SubSonic.Tests.dll" id="35343664-6231-3462-6661-626362633238" d3p1:Gallio.TestId="d6451bb4fabcbc28" d3p1:Gallio.AssemblyName="SubSonic.Tests, Version=2.2.1.0, Culture=neutral, PublicKeyToken=null" d3p1:Gallio.NamespaceName="SubSonic.Tests.SqlQuery" d3p1:Gallio.TypeName="SubSonic.Tests.SqlQuery.SelectTests" d3p1:Gallio.MemberName="Exec_SimpleWhereAnd" d3p1:Gallio.ParameterName="" d3p1:Gallio.Path="C:\data\SubsonicRoot\ss2\SubSonic.Tests\SqlQuery\SelectTests.cs" d3p1:Gallio.Line="71" d3p1:Gallio.Column="0" xmlns:d3p1="http://www.gallio.org/">
      <Css projectStructure="" iteration="" />
      <Owners>
        <Owner name="" />
      </Owners>
      <Execution id="b5152c52-2b6d-4222-9af0-37c6aebc4d55" />
      <Properties>
        <Property>
          <Key>TestKind</Key>
          <Value>Test</Value>
        </Property>
      </Properties>
    </GallioTestElement>
    <GallioTestElement name="Transaction_Simple" storage="C:\data\SubsonicRoot\ss2\SubSonic.Tests\bin\Debug\SubSonic.Tests.dll" id="65306563-3061-3464-6262-656261343435" d3p1:Gallio.TestId="ce0ea0d4bbeba445" d3p1:Gallio.AssemblyName="SubSonic.Tests, Version=2.2.1.0, Culture=neutral, PublicKeyToken=null" d3p1:Gallio.NamespaceName="SubSonic.Tests.SqlQuery" d3p1:Gallio.TypeName="SubSonic.Tests.SqlQuery.TransactionTests" d3p1:Gallio.MemberName="Transaction_Simple" d3p1:Gallio.ParameterName="" d3p1:Gallio.Path="C:\data\SubsonicRoot\ss2\SubSonic.Tests\SqlQuery\TransactionTests.cs" d3p1:Gallio.Line="27" d3p1:Gallio.Column="0" xmlns:d3p1="http://www.gallio.org/">
      <Css projectStructure="" iteration="" />
      <Owners>
        <Owner name="" />
      </Owners>
      <Execution id="99a94fce-6d8b-4470-9e3b-5872d026bbd6" />
      <Properties>
        <Property>
          <Key>TestKind</Key>
          <Value>Test</Value>
        </Property>
      </Properties>
    </GallioTestElement>
    <GallioTestElement name="Query_ConstraintExpression" storage="C:\data\SubsonicRoot\ss2\SubSonic.Tests\bin\Debug\SubSonic.Tests.dll" id="34326365-3339-6662-6166-666536613536" d3p1:Gallio.TestId="ec2493bfaffe6a56" d3p1:Gallio.AssemblyName="SubSonic.Tests, Version=2.2.1.0, Culture=neutral, PublicKeyToken=null" d3p1:Gallio.NamespaceName="SubSonic.Tests" d3p1:Gallio.TypeName="SubSonic.Tests.QueryTest" d3p1:Gallio.MemberName="Query_ConstraintExpression" d3p1:Gallio.ParameterName="" d3p1:Gallio.Path="C:\data\SubsonicRoot\ss2\SubSonic.Tests\QueryTest.cs" d3p1:Gallio.Line="457" d3p1:Gallio.Column="0" xmlns:d3p1="http://www.gallio.org/">
      <Css projectStructure="" iteration="" />
      <Owners>
        <Owner name="" />
      </Owners>
      <Execution id="f3a248f4-a446-431b-bb90-f24ee5b9439e" />
      <Properties>
        <Property>
          <Key>TestKind</Key>
          <Value>Test</Value>
        </Property>
      </Properties>
    </GallioTestElement>
    <GallioTestElement name="Migration_SQL_Generation_AddRemoveColumns" storage="C:\data\SubsonicRoot\ss2\SubSonic.Tests\bin\Debug\SubSonic.Tests.dll" id="34316366-3330-6262-6439-633231663236" d3p1:Gallio.TestId="fc1403bbd9c21f26" d3p1:Gallio.AssemblyName="SubSonic.Tests, Version=2.2.1.0, Culture=neutral, PublicKeyToken=null" d3p1:Gallio.NamespaceName="SubSonic.Tests.Migrations" d3p1:Gallio.TypeName="SubSonic.Tests.Migrations.MigrationTests" d3p1:Gallio.MemberName="Migration_SQL_Generation_AddRemoveColumns" d3p1:Gallio.ParameterName="" d3p1:Gallio.Path="C:\data\SubsonicRoot\ss2\SubSonic.Tests\Migrations\MigrationTests.cs" d3p1:Gallio.Line="41" d3p1:Gallio.Column="0" xmlns:d3p1="http://www.gallio.org/">
      <Css projectStructure="" iteration="" />
      <Owners>
        <Owner name="" />
      </Owners>
      <Execution id="aee33686-f3a3-4a31-9fa1-adfe16d70e57" />
      <Properties>
        <Property>
          <Key>TestKind</Key>
          <Value>Test</Value>
        </Property>
      </Properties>
    </GallioTestElement>
    <GallioTestElement name="Aggregate_Count" storage="C:\data\SubsonicRoot\ss2\SubSonic.Tests\bin\Debug\SubSonic.Tests.dll" id="33336566-3431-3838-3835-313537323138" d3p1:Gallio.TestId="fe33148885157218" d3p1:Gallio.AssemblyName="SubSonic.Tests, Version=2.2.1.0, Culture=neutral, PublicKeyToken=null" d3p1:Gallio.NamespaceName="SubSonic.Tests.SqlQuery" d3p1:Gallio.TypeName="SubSonic.Tests.SqlQuery.SqlServerParserTests" d3p1:Gallio.MemberName="Aggregate_Count" d3p1:Gallio.ParameterName="" d3p1:Gallio.Path="C:\data\SubsonicRoot\ss2\SubSonic.Tests\SqlGenerators\SqlServerGeneratorTests.cs" d3p1:Gallio.Line="110" d3p1:Gallio.Column="0" xmlns:d3p1="http://www.gallio.org/">
      <Css projectStructure="" iteration="" />
      <Owners>
        <Owner name="" />
      </Owners>
      <Execution id="609d52f4-0266-4cd2-a947-29dcacda5565" />
      <Properties>
        <Property>
          <Key>TestKind</Key>
          <Value>Test</Value>
        </Property>
      </Properties>
    </GallioTestElement>
    <GallioTestElement name="Query_IsNotNull" storage="C:\data\SubsonicRoot\ss2\SubSonic.Tests\bin\Debug\SubSonic.Tests.dll" id="66306538-3137-3831-3738-326664323163" d3p1:Gallio.TestId="8e0f7118782fd21c" d3p1:Gallio.AssemblyName="SubSonic.Tests, Version=2.2.1.0, Culture=neutral, PublicKeyToken=null" d3p1:Gallio.NamespaceName="SubSonic.Tests" d3p1:Gallio.TypeName="SubSonic.Tests.QueryTest" d3p1:Gallio.MemberName="Query_IsNotNull" d3p1:Gallio.ParameterName="" d3p1:Gallio.Path="C:\data\SubsonicRoot\ss2\SubSonic.Tests\QueryTest.cs" d3p1:Gallio.Line="277" d3p1:Gallio.Column="0" xmlns:d3p1="http://www.gallio.org/">
      <Css projectStructure="" iteration="" />
      <Owners>
        <Owner name="" />
      </Owners>
      <Execution id="47d92f49-b7e1-4583-9a5f-1ffeeafb717e" />
      <Properties>
        <Property>
          <Key>TestKind</Key>
          <Value>Test</Value>
        </Property>
      </Properties>
    </GallioTestElement>
    <GallioTestElement name="Numbers_IsNumeric" storage="C:\data\SubsonicRoot\ss2\SubSonic.Tests\bin\Debug\SubSonic.Tests.dll" id="62326661-6139-3839-6662-376339613061" d3p1:Gallio.TestId="af2b9a98fb7c9a0a" d3p1:Gallio.AssemblyName="SubSonic.Tests, Version=2.2.1.0, Culture=neutral, PublicKeyToken=null" d3p1:Gallio.NamespaceName="SubSonic.Tests" d3p1:Gallio.TypeName="SubSonic.Tests.SugarTests" d3p1:Gallio.MemberName="Numbers_IsNumeric" d3p1:Gallio.ParameterName="" d3p1:Gallio.Path="C:\data\SubsonicRoot\ss2\SubSonic.Tests\SugarTests.cs" d3p1:Gallio.Line="46" d3p1:Gallio.Column="0" xmlns:d3p1="http://www.gallio.org/">
      <Css projectStructure="" iteration="" />
      <Owners>
        <Owner name="" />
      </Owners>
      <Execution id="a57335d4-06bc-41ca-87eb-772f436c2fe7" />
      <Properties>
        <Property>
          <Key>TestKind</Key>
          <Value>Test</Value>
        </Property>
      </Properties>
    </GallioTestElement>
    <GallioTestElement name="Collection_LoadTypedActiveRecord" storage="C:\data\SubsonicRoot\ss2\SubSonic.Tests\bin\Debug\SubSonic.Tests.dll" id="36333137-3835-3437-6230-316133363139" d3p1:Gallio.TestId="71365874b01a3619" d3p1:Gallio.AssemblyName="SubSonic.Tests, Version=2.2.1.0, Culture=neutral, PublicKeyToken=null" d3p1:Gallio.NamespaceName="SubSonic.Tests.SqlQuery" d3p1:Gallio.TypeName="SubSonic.Tests.SqlQuery.SelectTests" d3p1:Gallio.MemberName="Collection_LoadTypedActiveRecord" d3p1:Gallio.ParameterName="" d3p1:Gallio.Path="C:\data\SubsonicRoot\ss2\SubSonic.Tests\SqlQuery\SelectTests.cs" d3p1:Gallio.Line="504" d3p1:Gallio.Column="0" xmlns:d3p1="http://www.gallio.org/">
      <Css projectStructure="" iteration="" />
      <Owners>
        <Owner name="" />
      </Owners>
      <Execution id="e4f84e7e-db6e-4e8b-8468-dec23d1db1ed" />
      <Properties>
        <Property>
          <Key>TestKind</Key>
          <Value>Test</Value>
        </Property>
      </Properties>
    </GallioTestElement>
    <GallioTestElement name="GetUpdateCommand" storage="C:\data\SubsonicRoot\ss2\SubSonic.Tests\bin\Debug\SubSonic.Tests.dll" id="63373134-3833-3536-3465-393763363465" d3p1:Gallio.TestId="417c38654e97c64e" d3p1:Gallio.AssemblyName="SubSonic.Tests, Version=2.2.1.0, Culture=neutral, PublicKeyToken=null" d3p1:Gallio.NamespaceName="SubSonic.Tests" d3p1:Gallio.TypeName="SubSonic.Tests.ActiveRecordTest" d3p1:Gallio.MemberName="GetUpdateCommand" d3p1:Gallio.ParameterName="" d3p1:Gallio.Path="C:\data\SubsonicRoot\ss2\SubSonic.Tests\ActiveRecordTest.cs" d3p1:Gallio.Line="145" d3p1:Gallio.Column="0" xmlns:d3p1="http://www.gallio.org/">
      <Css projectStructure="" iteration="" />
      <Owners>
        <Owner name="" />
      </Owners>
      <Execution id="7327125a-d90f-455c-b6a7-c3ea17510225" />
      <Properties>
        <Property>
          <Key>TestKind</Key>
          <Value>Test</Value>
        </Property>
      </Properties>
    </GallioTestElement>
    <GallioTestElement name="Remove_Column" storage="C:\data\SubsonicRoot\ss2\SubSonic.Tests\bin\Debug\SubSonic.Tests.dll" id="30643535-3362-3961-6161-326663376235" d3p1:Gallio.TestId="55d0b3a9aa2fc7b5" d3p1:Gallio.AssemblyName="SubSonic.Tests, Version=2.2.1.0, Culture=neutral, PublicKeyToken=null" d3p1:Gallio.NamespaceName="SubSonic.Tests.SqlQuery" d3p1:Gallio.TypeName="SubSonic.Tests.SqlQuery.SqlServerParserTests" d3p1:Gallio.MemberName="Remove_Column" d3p1:Gallio.ParameterName="" d3p1:Gallio.Path="C:\data\SubsonicRoot\ss2\SubSonic.Tests\SqlGenerators\SqlServerGeneratorTests.cs" d3p1:Gallio.Line="270" d3p1:Gallio.Column="0" xmlns:d3p1="http://www.gallio.org/">
      <Css projectStructure="" iteration="" />
      <Owners>
        <Owner name="" />
      </Owners>
      <Execution id="c6a183d1-604e-4d89-9c36-8f6a74344333" />
      <Properties>
        <Property>
          <Key>TestKind</Key>
          <Value>Test</Value>
        </Property>
      </Properties>
    </GallioTestElement>
    <GallioTestElement name="Repository_DestroyByKey" storage="C:\data\SubsonicRoot\ss2\SubSonic.Tests\bin\Debug\SubSonic.Tests.dll" id="36363364-6363-6564-3438-323431393066" d3p1:Gallio.TestId="d366ccde4824190f" d3p1:Gallio.AssemblyName="SubSonic.Tests, Version=2.2.1.0, Culture=neutral, PublicKeyToken=null" d3p1:Gallio.NamespaceName="SubSonic.Tests.Repository" d3p1:Gallio.TypeName="SubSonic.Tests.Repository.RepositoryTests" d3p1:Gallio.MemberName="Repository_DestroyByKey" d3p1:Gallio.ParameterName="" d3p1:Gallio.Path="C:\data\SubsonicRoot\ss2\SubSonic.Tests\Repository\RepositoryTests.cs" d3p1:Gallio.Line="144" d3p1:Gallio.Column="0" xmlns:d3p1="http://www.gallio.org/">
      <Css projectStructure="" iteration="" />
      <Owners>
        <Owner name="" />
      </Owners>
      <Execution id="e43f7798-b10b-443f-bd34-3e385f6ba92e" />
      <Properties>
        <Property>
          <Key>TestKind</Key>
          <Value>Test</Value>
        </Property>
      </Properties>
    </GallioTestElement>
    <GallioTestElement name="CodeGen2_VBRunViewTemplate" storage="C:\data\SubsonicRoot\ss2\SubSonic.Tests\bin\Debug\SubSonic.Tests.dll" id="38333839-3261-3737-6139-393235656338" d3p1:Gallio.TestId="9838a277a9925ec8" d3p1:Gallio.AssemblyName="SubSonic.Tests, Version=2.2.1.0, Culture=neutral, PublicKeyToken=null" d3p1:Gallio.NamespaceName="SubSonic.Tests" d3p1:Gallio.TypeName="SubSonic.Tests.CodeGeneratorTests" d3p1:Gallio.MemberName="CodeGen2_VBRunViewTemplate" d3p1:Gallio.ParameterName="" d3p1:Gallio.Path="C:\data\SubsonicRoot\ss2\SubSonic.Tests\CodeGeneratorTests.cs" d3p1:Gallio.Line="105" d3p1:Gallio.Column="0" xmlns:d3p1="http://www.gallio.org/">
      <Css projectStructure="" iteration="" />
      <Owners>
        <Owner name="" />
      </Owners>
      <Execution id="aad64ffa-9362-4d89-aa01-9e43065b7ee8" />
      <Properties>
        <Property>
          <Key>TestKind</Key>
          <Value>Test</Value>
        </Property>
      </Properties>
    </GallioTestElement>
    <GallioTestElement name="Numbers_IsInteger" storage="C:\data\SubsonicRoot\ss2\SubSonic.Tests\bin\Debug\SubSonic.Tests.dll" id="66316439-6233-3234-3665-303833306430" d3p1:Gallio.TestId="9d1f3b426e0830d0" d3p1:Gallio.AssemblyName="SubSonic.Tests, Version=2.2.1.0, Culture=neutral, PublicKeyToken=null" d3p1:Gallio.NamespaceName="SubSonic.Tests" d3p1:Gallio.TypeName="SubSonic.Tests.SugarTests" d3p1:Gallio.MemberName="Numbers_IsInteger" d3p1:Gallio.ParameterName="" d3p1:Gallio.Path="C:\data\SubsonicRoot\ss2\SubSonic.Tests\SugarTests.cs" d3p1:Gallio.Line="66" d3p1:Gallio.Column="0" xmlns:d3p1="http://www.gallio.org/">
      <Css projectStructure="" iteration="" />
      <Owners>
        <Owner name="" />
      </Owners>
      <Execution id="7044132f-5e90-4991-bd92-514ec0f6a337" />
      <Properties>
        <Property>
          <Key>TestKind</Key>
          <Value>Test</Value>
        </Property>
      </Properties>
    </GallioTestElement>
    <GallioTestElement name="Select_Generate_FromList" storage="C:\data\SubsonicRoot\ss2\SubSonic.Tests\bin\Debug\SubSonic.Tests.dll" id="33353339-3361-3764-6636-663737396330" d3p1:Gallio.TestId="9353a3d7f6f779c0" d3p1:Gallio.AssemblyName="SubSonic.Tests, Version=2.2.1.0, Culture=neutral, PublicKeyToken=null" d3p1:Gallio.NamespaceName="SubSonic.Tests.SqlQuery" d3p1:Gallio.TypeName="SubSonic.Tests.SqlQuery.SqlServerParserTests" d3p1:Gallio.MemberName="Select_Generate_FromList" d3p1:Gallio.ParameterName="" d3p1:Gallio.Path="C:\data\SubsonicRoot\ss2\SubSonic.Tests\SqlGenerators\SqlServerGeneratorTests.cs" d3p1:Gallio.Line="37" d3p1:Gallio.Column="0" xmlns:d3p1="http://www.gallio.org/">
      <Css projectStructure="" iteration="" />
      <Owners>
        <Owner name="" />
      </Owners>
      <Execution id="9e1ecf6f-73d0-4364-b7d9-38dad0014f82" />
      <Properties>
        <Property>
          <Key>TestKind</Key>
          <Value>Test</Value>
        </Property>
      </Properties>
    </GallioTestElement>
    <GallioTestElement name="SP_Outputs" storage="C:\data\SubsonicRoot\ss2\SubSonic.Tests\bin\Debug\SubSonic.Tests.dll" id="65336138-6337-6266-6630-363466646364" d3p1:Gallio.TestId="8a3e7cfbf064fdcd" d3p1:Gallio.AssemblyName="SubSonic.Tests, Version=2.2.1.0, Culture=neutral, PublicKeyToken=null" d3p1:Gallio.NamespaceName="SubSonic.Tests" d3p1:Gallio.TypeName="SubSonic.Tests.SPs" d3p1:Gallio.MemberName="SP_Outputs" d3p1:Gallio.ParameterName="" d3p1:Gallio.Path="C:\data\SubsonicRoot\ss2\SubSonic.Tests\SPs.cs" d3p1:Gallio.Line="140" d3p1:Gallio.Column="0" xmlns:d3p1="http://www.gallio.org/">
      <Css projectStructure="" iteration="" />
      <Owners>
        <Owner name="" />
      </Owners>
      <Execution id="bac6b8a9-c809-4f96-a2f2-88e9310de5d6" />
      <Properties>
        <Property>
          <Key>TestKind</Key>
          <Value>Test</Value>
        </Property>
      </Properties>
    </GallioTestElement>
    <GallioTestElement name="Repository_DeleteByKey" storage="C:\data\SubsonicRoot\ss2\SubSonic.Tests\bin\Debug\SubSonic.Tests.dll" id="64623865-6262-3639-3537-316236623731" d3p1:Gallio.TestId="e8bdbb96571b6b71" d3p1:Gallio.AssemblyName="SubSonic.Tests, Version=2.2.1.0, Culture=neutral, PublicKeyToken=null" d3p1:Gallio.NamespaceName="SubSonic.Tests.Repository" d3p1:Gallio.TypeName="SubSonic.Tests.Repository.RepositoryTests" d3p1:Gallio.MemberName="Repository_DeleteByKey" d3p1:Gallio.ParameterName="" d3p1:Gallio.Path="C:\data\SubsonicRoot\ss2\SubSonic.Tests\Repository\RepositoryTests.cs" d3p1:Gallio.Line="112" d3p1:Gallio.Column="0" xmlns:d3p1="http://www.gallio.org/">
      <Css projectStructure="" iteration="" />
      <Owners>
        <Owner name="" />
      </Owners>
      <Execution id="6967c0d9-c84f-4bb9-81ee-7e60327056da" />
      <Properties>
        <Property>
          <Key>TestKind</Key>
          <Value>Test</Value>
        </Property>
      </Properties>
    </GallioTestElement>
    <GallioTestElement name="CreateTable_Should_Allow_Char3_As_PrimaryKey" storage="C:\data\SubsonicRoot\ss2\SubSonic.Tests\bin\Debug\SubSonic.Tests.dll" id="31393134-3933-3434-3131-383438393639" d3p1:Gallio.TestId="4191394411848969" d3p1:Gallio.AssemblyName="SubSonic.Tests, Version=2.2.1.0, Culture=neutral, PublicKeyToken=null" d3p1:Gallio.NamespaceName="SubSonic.Tests.Migrations" d3p1:Gallio.TypeName="SubSonic.Tests.Migrations.MigrationTests" d3p1:Gallio.MemberName="CreateTable_Should_Allow_Char3_As_PrimaryKey" d3p1:Gallio.ParameterName="" d3p1:Gallio.Path="C:\data\SubsonicRoot\ss2\SubSonic.Tests\Migrations\MigrationTests.cs" d3p1:Gallio.Line="286" d3p1:Gallio.Column="0" xmlns:d3p1="http://www.gallio.org/">
      <Css projectStructure="" iteration="" />
      <Owners>
        <Owner name="" />
      </Owners>
      <Execution id="9f9df6cd-a170-4e7a-bf9b-90f1c4f51e87" />
      <Properties>
        <Property>
          <Key>TestKind</Key>
          <Value>Test</Value>
        </Property>
      </Properties>
    </GallioTestElement>
    <GallioTestElement name="Query_JoinedDataSet" storage="C:\data\SubsonicRoot\ss2\SubSonic.Tests\bin\Debug\SubSonic.Tests.dll" id="35643139-3234-3939-6131-653933656563" d3p1:Gallio.TestId="91d54299a1e93eec" d3p1:Gallio.AssemblyName="SubSonic.Tests, Version=2.2.1.0, Culture=neutral, PublicKeyToken=null" d3p1:Gallio.NamespaceName="SubSonic.Tests" d3p1:Gallio.TypeName="SubSonic.Tests.QueryTest" d3p1:Gallio.MemberName="Query_JoinedDataSet" d3p1:Gallio.ParameterName="" d3p1:Gallio.Path="C:\data\SubsonicRoot\ss2\SubSonic.Tests\QueryTest.cs" d3p1:Gallio.Line="432" d3p1:Gallio.Column="0" xmlns:d3p1="http://www.gallio.org/">
      <Css projectStructure="" iteration="" />
      <Owners>
        <Owner name="" />
      </Owners>
      <Execution id="ddcadd35-d1d6-446f-804d-b6061b20cc8f" />
      <Properties>
        <Property>
          <Key>TestKind</Key>
          <Value>Test</Value>
        </Property>
      </Properties>
    </GallioTestElement>
    <GallioTestElement name="Query_ORDER_BY_DESC" storage="C:\data\SubsonicRoot\ss2\SubSonic.Tests\bin\Debug\SubSonic.Tests.dll" id="61666333-3266-6234-3530-386163366266" d3p1:Gallio.TestId="3cfaf24b508ac6bf" d3p1:Gallio.AssemblyName="SubSonic.Tests, Version=2.2.1.0, Culture=neutral, PublicKeyToken=null" d3p1:Gallio.NamespaceName="SubSonic.Tests" d3p1:Gallio.TypeName="SubSonic.Tests.QueryTest" d3p1:Gallio.MemberName="Query_ORDER_BY_DESC" d3p1:Gallio.ParameterName="" d3p1:Gallio.Path="C:\data\SubsonicRoot\ss2\SubSonic.Tests\QueryTest.cs" d3p1:Gallio.Line="700" d3p1:Gallio.Column="0" xmlns:d3p1="http://www.gallio.org/">
      <Css projectStructure="" iteration="" />
      <Owners>
        <Owner name="" />
      </Owners>
      <Execution id="b9aa187e-7e61-41d5-b9bb-04bc903de852" />
      <Properties>
        <Property>
          <Key>TestKind</Key>
          <Value>Test</Value>
        </Property>
      </Properties>
    </GallioTestElement>
    <GallioTestElement name="Repository_Simple_Select" storage="C:\data\SubsonicRoot\ss2\SubSonic.Tests\bin\Debug\SubSonic.Tests.dll" id="34393161-6663-6632-3732-666130646133" d3p1:Gallio.TestId="a194cf2f72fa0da3" d3p1:Gallio.AssemblyName="SubSonic.Tests, Version=2.2.1.0, Culture=neutral, PublicKeyToken=null" d3p1:Gallio.NamespaceName="SubSonic.Tests.Repository" d3p1:Gallio.TypeName="SubSonic.Tests.Repository.RepositoryTests" d3p1:Gallio.MemberName="Repository_Simple_Select" d3p1:Gallio.ParameterName="" d3p1:Gallio.Path="C:\data\SubsonicRoot\ss2\SubSonic.Tests\Repository\RepositoryTests.cs" d3p1:Gallio.Line="26" d3p1:Gallio.Column="0" xmlns:d3p1="http://www.gallio.org/">
      <Css projectStructure="" iteration="" />
      <Owners>
        <Owner name="" />
      </Owners>
      <Execution id="663eb22d-e3bc-42c6-8bf2-8124a7891c63" />
      <Properties>
        <Property>
          <Key>TestKind</Key>
          <Value>Test</Value>
        </Property>
      </Properties>
    </GallioTestElement>
    <GallioTestElement name="Object_Query" storage="C:\data\SubsonicRoot\ss2\SubSonic.Tests\bin\Debug\SubSonic.Tests.dll" id="62336333-6362-3963-3863-636434653266" d3p1:Gallio.TestId="3c3bbcc98ccd4e2f" d3p1:Gallio.AssemblyName="SubSonic.Tests, Version=2.2.1.0, Culture=neutral, PublicKeyToken=null" d3p1:Gallio.NamespaceName="SubSonic.Tests" d3p1:Gallio.TypeName="SubSonic.Tests.GeneratedObjectTests" d3p1:Gallio.MemberName="Object_Query" d3p1:Gallio.ParameterName="" d3p1:Gallio.Path="C:\data\SubsonicRoot\ss2\SubSonic.Tests\GeneratedObjectTests.cs" d3p1:Gallio.Line="85" d3p1:Gallio.Column="0" xmlns:d3p1="http://www.gallio.org/">
      <Css projectStructure="" iteration="" />
      <Owners>
        <Owner name="" />
      </Owners>
      <Execution id="a55e49b5-3e15-466a-b41c-0edd89280976" />
      <Properties>
        <Property>
          <Key>TestKind</Key>
          <Value>Test</Value>
        </Property>
      </Properties>
    </GallioTestElement>
    <GallioTestElement name="SP_Should_Execute_Without_Parameter2" storage="C:\data\SubsonicRoot\ss2\SubSonic.Tests\bin\Debug\SubSonic.Tests.dll" id="63633236-3134-3430-6332-633831373661" d3p1:Gallio.TestId="62cc4104c2c8176a" d3p1:Gallio.AssemblyName="SubSonic.Tests, Version=2.2.1.0, Culture=neutral, PublicKeyToken=null" d3p1:Gallio.NamespaceName="SubSonic.Tests" d3p1:Gallio.TypeName="SubSonic.Tests.SPs" d3p1:Gallio.MemberName="SP_Should_Execute_Without_Parameter2" d3p1:Gallio.ParameterName="" d3p1:Gallio.Path="C:\data\SubsonicRoot\ss2\SubSonic.Tests\SPs.cs" d3p1:Gallio.Line="215" d3p1:Gallio.Column="0" xmlns:d3p1="http://www.gallio.org/">
      <Css projectStructure="" iteration="" />
      <Owners>
        <Owner name="" />
      </Owners>
      <Execution id="fd05ff64-e2f2-478b-b662-bf0f40414544" />
      <Properties>
        <Property>
          <Key>TestKind</Key>
          <Value>Test</Value>
        </Property>
      </Properties>
    </GallioTestElement>
    <GallioTestElement name="Alter_Column" storage="C:\data\SubsonicRoot\ss2\SubSonic.Tests\bin\Debug\SubSonic.Tests.dll" id="34336135-3961-6633-3461-373064313335" d3p1:Gallio.TestId="5a34a93f4a70d135" d3p1:Gallio.AssemblyName="SubSonic.Tests, Version=2.2.1.0, Culture=neutral, PublicKeyToken=null" d3p1:Gallio.NamespaceName="SubSonic.Tests.SqlGenerators" d3p1:Gallio.TypeName="SubSonic.Tests.SqlGenerators.MySqlGeneratorTests" d3p1:Gallio.MemberName="Alter_Column" d3p1:Gallio.ParameterName="" d3p1:Gallio.Path="C:\data\SubsonicRoot\ss2\SubSonic.Tests\SqlGenerators\MySqlGeneratorTests.cs" d3p1:Gallio.Line="61" d3p1:Gallio.Column="0" xmlns:d3p1="http://www.gallio.org/">
      <Css projectStructure="" iteration="" />
      <Owners>
        <Owner name="" />
      </Owners>
      <Execution id="901d13cd-fece-48f6-ad13-7c66d42f3e5f" />
      <Properties>
        <Property>
          <Key>TestKind</Key>
          <Value>Test</Value>
        </Property>
      </Properties>
    </GallioTestElement>
    <GallioTestElement name="Insert_SimpleWithSelect" storage="C:\data\SubsonicRoot\ss2\SubSonic.Tests\bin\Debug\SubSonic.Tests.dll" id="39323662-3439-3132-6366-373663363266" d3p1:Gallio.TestId="b6299421cf76c62f" d3p1:Gallio.AssemblyName="SubSonic.Tests, Version=2.2.1.0, Culture=neutral, PublicKeyToken=null" d3p1:Gallio.NamespaceName="SubSonic.Tests.SqlQuery" d3p1:Gallio.TypeName="SubSonic.Tests.SqlQuery.InsertTests" d3p1:Gallio.MemberName="Insert_SimpleWithSelect" d3p1:Gallio.ParameterName="" d3p1:Gallio.Path="C:\data\SubsonicRoot\ss2\SubSonic.Tests\SqlQuery\InsertTests.cs" d3p1:Gallio.Line="38" d3p1:Gallio.Column="0" xmlns:d3p1="http://www.gallio.org/">
      <Css projectStructure="" iteration="" />
      <Owners>
        <Owner name="" />
      </Owners>
      <Execution id="03306437-0fff-4b13-bcd6-a3516f86b30f" />
      <Properties>
        <Property>
          <Key>TestKind</Key>
          <Value>Test</Value>
        </Property>
      </Properties>
    </GallioTestElement>
    <GallioTestElement name="CorrectSchemaLoad" storage="C:\data\SubsonicRoot\ss2\SubSonic.Tests\bin\Debug\SubSonic.Tests.dll" id="36386562-3232-3833-3039-363139303366" d3p1:Gallio.TestId="be8622380961903f" d3p1:Gallio.AssemblyName="SubSonic.Tests, Version=2.2.1.0, Culture=neutral, PublicKeyToken=null" d3p1:Gallio.NamespaceName="SubSonic.Tests" d3p1:Gallio.TypeName="SubSonic.Tests.MySqlTests" d3p1:Gallio.MemberName="CorrectSchemaLoad" d3p1:Gallio.ParameterName="" d3p1:Gallio.Path="C:\data\SubsonicRoot\ss2\SubSonic.Tests\MySqlTests.cs" d3p1:Gallio.Line="28" d3p1:Gallio.Column="0" xmlns:d3p1="http://www.gallio.org/">
      <Css projectStructure="" iteration="" />
      <Owners>
        <Owner name="" />
      </Owners>
      <Execution id="49bf4b53-c0dd-4e9f-94f8-17ba84686cbb" />
      <Properties>
        <Property>
          <Key>TestKind</Key>
          <Value>Test</Value>
        </Property>
      </Properties>
    </GallioTestElement>
    <GallioTestElement name="Constraints_Should_Be_Valid_When_Table_Not_In_From" storage="C:\data\SubsonicRoot\ss2\SubSonic.Tests\bin\Debug\SubSonic.Tests.dll" id="38363534-6464-3461-6634-613566323831" d3p1:Gallio.TestId="4568dda4f4a5f281" d3p1:Gallio.AssemblyName="SubSonic.Tests, Version=2.2.1.0, Culture=neutral, PublicKeyToken=null" d3p1:Gallio.NamespaceName="SubSonic.Tests.SqlQuery" d3p1:Gallio.TypeName="SubSonic.Tests.SqlQuery.SelectTests" d3p1:Gallio.MemberName="Constraints_Should_Be_Valid_When_Table_Not_In_From" d3p1:Gallio.ParameterName="" d3p1:Gallio.Path="C:\data\SubsonicRoot\ss2\SubSonic.Tests\SqlQuery\SelectTests.cs" d3p1:Gallio.Line="777" d3p1:Gallio.Column="0" xmlns:d3p1="http://www.gallio.org/">
      <Css projectStructure="" iteration="" />
      <Owners>
        <Owner name="" />
      </Owners>
      <Execution id="e2cfd17a-cbb3-424a-8e44-d0937633cabd" />
      <Properties>
        <Property>
          <Key>TestKind</Key>
          <Value>Test</Value>
        </Property>
      </Properties>
    </GallioTestElement>
    <GallioTestElement name="Transaction_RollbackProduct" storage="C:\data\SubsonicRoot\ss2\SubSonic.Tests\bin\Debug\SubSonic.Tests.dll" id="63346137-6333-3636-3031-663231613931" d3p1:Gallio.TestId="7a4c3c6601f21a91" d3p1:Gallio.AssemblyName="SubSonic.Tests, Version=2.2.1.0, Culture=neutral, PublicKeyToken=null" d3p1:Gallio.NamespaceName="SubSonic.Tests" d3p1:Gallio.TypeName="SubSonic.Tests.TransactionTests" d3p1:Gallio.MemberName="Transaction_RollbackProduct" d3p1:Gallio.ParameterName="" d3p1:Gallio.Path="C:\data\SubsonicRoot\ss2\SubSonic.Tests\TransactionTests.cs" d3p1:Gallio.Line="56" d3p1:Gallio.Column="0" xmlns:d3p1="http://www.gallio.org/">
      <Css projectStructure="" iteration="" />
      <Owners>
        <Owner name="" />
      </Owners>
      <Execution id="a3f16f5d-d1b5-48a9-8abf-004e19d00304" />
      <Properties>
        <Property>
          <Key>TestKind</Key>
          <Value>Test</Value>
        </Property>
      </Properties>
    </GallioTestElement>
    <GallioTestElement name="SP_Schema_Should_Load_10_SPs" storage="C:\data\SubsonicRoot\ss2\SubSonic.Tests\bin\Debug\SubSonic.Tests.dll" id="32646132-3232-3436-6237-306264386436" d3p1:Gallio.TestId="2ad22264b70bd8d6" d3p1:Gallio.AssemblyName="SubSonic.Tests, Version=2.2.1.0, Culture=neutral, PublicKeyToken=null" d3p1:Gallio.NamespaceName="SubSonic.Tests" d3p1:Gallio.TypeName="SubSonic.Tests.SPs" d3p1:Gallio.MemberName="SP_Schema_Should_Load_10_SPs" d3p1:Gallio.ParameterName="" d3p1:Gallio.Path="C:\data\SubsonicRoot\ss2\SubSonic.Tests\SPs.cs" d3p1:Gallio.Line="49" d3p1:Gallio.Column="0" xmlns:d3p1="http://www.gallio.org/">
      <Css projectStructure="" iteration="" />
      <Owners>
        <Owner name="" />
      </Owners>
      <Execution id="4ddeebae-16ab-40c9-8326-0196f73083b5" />
      <Properties>
        <Property>
          <Key>TestKind</Key>
          <Value>Test</Value>
        </Property>
      </Properties>
    </GallioTestElement>
    <GallioTestElement name="Select_Using_Contains_Ch_ShouldReturn_14_Records" storage="C:\data\SubsonicRoot\ss2\SubSonic.Tests\bin\Debug\SubSonic.Tests.dll" id="35656664-6334-3062-6464-356639386136" d3p1:Gallio.TestId="dfe54cb0dd5f98a6" d3p1:Gallio.AssemblyName="SubSonic.Tests, Version=2.2.1.0, Culture=neutral, PublicKeyToken=null" d3p1:Gallio.NamespaceName="SubSonic.Tests.SqlQuery" d3p1:Gallio.TypeName="SubSonic.Tests.SqlQuery.SelectTests" d3p1:Gallio.MemberName="Select_Using_Contains_Ch_ShouldReturn_14_Records" d3p1:Gallio.ParameterName="" d3p1:Gallio.Path="C:\data\SubsonicRoot\ss2\SubSonic.Tests\SqlQuery\SelectTests.cs" d3p1:Gallio.Line="679" d3p1:Gallio.Column="0" xmlns:d3p1="http://www.gallio.org/">
      <Css projectStructure="" iteration="" />
      <Owners>
        <Owner name="" />
      </Owners>
      <Execution id="3b07c32a-f325-467d-8662-f3411b427e92" />
      <Properties>
        <Property>
          <Key>TestKind</Key>
          <Value>Test</Value>
        </Property>
      </Properties>
    </GallioTestElement>
    <GallioTestElement name="Exec_PagedSimple" storage="C:\data\SubsonicRoot\ss2\SubSonic.Tests\bin\Debug\SubSonic.Tests.dll" id="33363732-3061-3833-3533-633631353630" d3p1:Gallio.TestId="2763a03853c61560" d3p1:Gallio.AssemblyName="SubSonic.Tests, Version=2.2.1.0, Culture=neutral, PublicKeyToken=null" d3p1:Gallio.NamespaceName="SubSonic.Tests.SqlQuery" d3p1:Gallio.TypeName="SubSonic.Tests.SqlQuery.SelectTests" d3p1:Gallio.MemberName="Exec_PagedSimple" d3p1:Gallio.ParameterName="" d3p1:Gallio.Path="C:\data\SubsonicRoot\ss2\SubSonic.Tests\SqlQuery\SelectTests.cs" d3p1:Gallio.Line="311" d3p1:Gallio.Column="0" xmlns:d3p1="http://www.gallio.org/">
      <Css projectStructure="" iteration="" />
      <Owners>
        <Owner name="" />
      </Owners>
      <Execution id="150512c9-b8a7-4b74-b75f-758eaa4e6e21" />
      <Properties>
        <Property>
          <Key>TestKind</Key>
          <Value>Test</Value>
        </Property>
      </Properties>
    </GallioTestElement>
    <GallioTestElement name="Delete_MultipleWithInsertBatch" storage="C:\data\SubsonicRoot\ss2\SubSonic.Tests\bin\Debug\SubSonic.Tests.dll" id="34343862-3139-3036-6466-336266633136" d3p1:Gallio.TestId="b8449160df3bfc16" d3p1:Gallio.AssemblyName="SubSonic.Tests, Version=2.2.1.0, Culture=neutral, PublicKeyToken=null" d3p1:Gallio.NamespaceName="SubSonic.Tests.SqlQuery" d3p1:Gallio.TypeName="SubSonic.Tests.SqlQuery.DeleteTests" d3p1:Gallio.MemberName="Delete_MultipleWithInsertBatch" d3p1:Gallio.ParameterName="" d3p1:Gallio.Path="C:\data\SubsonicRoot\ss2\SubSonic.Tests\SqlQuery\DeleteTests.cs" d3p1:Gallio.Line="50" d3p1:Gallio.Column="0" xmlns:d3p1="http://www.gallio.org/">
      <Css projectStructure="" iteration="" />
      <Owners>
        <Owner name="" />
      </Owners>
      <Execution id="ea3d6b56-4814-4a16-963c-629ddac39734" />
      <Properties>
        <Property>
          <Key>TestKind</Key>
          <Value>Test</Value>
        </Property>
      </Properties>
    </GallioTestElement>
    <GallioTestElement name="QueryExecuteJoinedDataSet_ORDER_BY_ExpressionDESC" storage="C:\data\SubsonicRoot\ss2\SubSonic.Tests\bin\Debug\SubSonic.Tests.dll" id="34323861-3665-6233-6466-356665393136" d3p1:Gallio.TestId="a824e63bdf5fe916" d3p1:Gallio.AssemblyName="SubSonic.Tests, Version=2.2.1.0, Culture=neutral, PublicKeyToken=null" d3p1:Gallio.NamespaceName="SubSonic.Tests" d3p1:Gallio.TypeName="SubSonic.Tests.QueryTest" d3p1:Gallio.MemberName="QueryExecuteJoinedDataSet_ORDER_BY_ExpressionDESC" d3p1:Gallio.ParameterName="" d3p1:Gallio.Path="C:\data\SubsonicRoot\ss2\SubSonic.Tests\QueryTest.cs" d3p1:Gallio.Line="784" d3p1:Gallio.Column="0" xmlns:d3p1="http://www.gallio.org/">
      <Css projectStructure="" iteration="" />
      <Owners>
        <Owner name="" />
      </Owners>
      <Execution id="6196188d-fd49-46e2-ab32-32ab7a128e99" />
      <Properties>
        <Property>
          <Key>TestKind</Key>
          <Value>Test</Value>
        </Property>
      </Properties>
    </GallioTestElement>
    <GallioTestElement name="Object_Validation" storage="C:\data\SubsonicRoot\ss2\SubSonic.Tests\bin\Debug\SubSonic.Tests.dll" id="31633431-3337-3638-6635-666335342020" d3p1:Gallio.TestId="14c17386f5fc54" d3p1:Gallio.AssemblyName="SubSonic.Tests, Version=2.2.1.0, Culture=neutral, PublicKeyToken=null" d3p1:Gallio.NamespaceName="SubSonic.Tests" d3p1:Gallio.TypeName="SubSonic.Tests.GeneratedObjectTests" d3p1:Gallio.MemberName="Object_Validation" d3p1:Gallio.ParameterName="" d3p1:Gallio.Path="C:\data\SubsonicRoot\ss2\SubSonic.Tests\GeneratedObjectTests.cs" d3p1:Gallio.Line="124" d3p1:Gallio.Column="0" xmlns:d3p1="http://www.gallio.org/">
      <Css projectStructure="" iteration="" />
      <Owners>
        <Owner name="" />
      </Owners>
      <Execution id="83e6acca-66b9-4253-be1a-ffb543395ae7" />
      <Properties>
        <Property>
          <Key>TestKind</Key>
          <Value>Test</Value>
        </Property>
      </Properties>
    </GallioTestElement>
    <GallioTestElement name="SP_Can_Execute_JSON_Result" storage="C:\data\SubsonicRoot\ss2\SubSonic.Tests\bin\Debug\SubSonic.Tests.dll" id="32636137-3861-6464-6364-313063303039" d3p1:Gallio.TestId="7ac2a8ddcd10c009" d3p1:Gallio.AssemblyName="SubSonic.Tests, Version=2.2.1.0, Culture=neutral, PublicKeyToken=null" d3p1:Gallio.NamespaceName="SubSonic.Tests" d3p1:Gallio.TypeName="SubSonic.Tests.SPs" d3p1:Gallio.MemberName="SP_Can_Execute_JSON_Result" d3p1:Gallio.ParameterName="" d3p1:Gallio.Path="C:\data\SubsonicRoot\ss2\SubSonic.Tests\SPs.cs" d3p1:Gallio.Line="229" d3p1:Gallio.Column="0" xmlns:d3p1="http://www.gallio.org/">
      <Css projectStructure="" iteration="" />
      <Owners>
        <Owner name="" />
      </Owners>
      <Execution id="1d509bdb-2879-403b-8d2e-c7920260f042" />
      <Properties>
        <Property>
          <Key>TestKind</Key>
          <Value>Test</Value>
        </Property>
      </Properties>
    </GallioTestElement>
    <GallioTestElement name="Exec_DistinctTypedList" storage="C:\data\SubsonicRoot\ss2\SubSonic.Tests\bin\Debug\SubSonic.Tests.dll" id="64326135-6137-3231-3531-306463363563" d3p1:Gallio.TestId="5a2d7a12510dc65c" d3p1:Gallio.AssemblyName="SubSonic.Tests, Version=2.2.1.0, Culture=neutral, PublicKeyToken=null" d3p1:Gallio.NamespaceName="SubSonic.Tests.SqlQuery" d3p1:Gallio.TypeName="SubSonic.Tests.SqlQuery.SelectTests" d3p1:Gallio.MemberName="Exec_DistinctTypedList" d3p1:Gallio.ParameterName="" d3p1:Gallio.Path="C:\data\SubsonicRoot\ss2\SubSonic.Tests\SqlQuery\SelectTests.cs" d3p1:Gallio.Line="260" d3p1:Gallio.Column="0" xmlns:d3p1="http://www.gallio.org/">
      <Css projectStructure="" iteration="" />
      <Owners>
        <Owner name="" />
      </Owners>
      <Execution id="3ef08860-b333-4806-aaa8-f44aa9c18743" />
      <Properties>
        <Property>
          <Key>TestKind</Key>
          <Value>Test</Value>
        </Property>
      </Properties>
    </GallioTestElement>
    <GallioTestElement name="Script_Data" storage="C:\data\SubsonicRoot\ss2\SubSonic.Tests\bin\Debug\SubSonic.Tests.dll" id="30313565-3666-3362-3163-346535333763" d3p1:Gallio.TestId="e510f6b31c4e537c" d3p1:Gallio.AssemblyName="SubSonic.Tests, Version=2.2.1.0, Culture=neutral, PublicKeyToken=null" d3p1:Gallio.NamespaceName="SubSonic.Tests" d3p1:Gallio.TypeName="SubSonic.Tests.ScriptersTest" d3p1:Gallio.MemberName="Script_Data" d3p1:Gallio.ParameterName="" d3p1:Gallio.Path="C:\data\SubsonicRoot\ss2\SubSonic.Tests\ScriptersTest.cs" d3p1:Gallio.Line="49" d3p1:Gallio.Column="0" xmlns:d3p1="http://www.gallio.org/">
      <Css projectStructure="" iteration="" />
      <Owners>
        <Owner name="" />
      </Owners>
      <Execution id="bf19cb2a-0f45-4004-a0e4-91c41ffef7b6" />
      <Properties>
        <Property>
          <Key>TestKind</Key>
          <Value>Test</Value>
        </Property>
      </Properties>
    </GallioTestElement>
    <GallioTestElement name="Query_OrderBy" storage="C:\data\SubsonicRoot\ss2\SubSonic.Tests\bin\Debug\SubSonic.Tests.dll" id="63346361-3535-6161-3937-623466373832" d3p1:Gallio.TestId="ac4c55aa97b4f782" d3p1:Gallio.AssemblyName="SubSonic.Tests, Version=2.2.1.0, Culture=neutral, PublicKeyToken=null" d3p1:Gallio.NamespaceName="SubSonic.Tests" d3p1:Gallio.TypeName="SubSonic.Tests.QueryTest" d3p1:Gallio.MemberName="Query_OrderBy" d3p1:Gallio.ParameterName="" d3p1:Gallio.Path="C:\data\SubsonicRoot\ss2\SubSonic.Tests\QueryTest.cs" d3p1:Gallio.Line="669" d3p1:Gallio.Column="0" xmlns:d3p1="http://www.gallio.org/">
      <Css projectStructure="" iteration="" />
      <Owners>
        <Owner name="" />
      </Owners>
      <Execution id="8b0f797a-4b46-4c5d-b52b-b38261ced55a" />
      <Properties>
        <Property>
          <Key>TestKind</Key>
          <Value>Test</Value>
        </Property>
      </Properties>
    </GallioTestElement>
    <GallioTestElement name="Select_ColumnList_Specified" storage="C:\data\SubsonicRoot\ss2\SubSonic.Tests\bin\Debug\SubSonic.Tests.dll" id="39363835-6630-6462-6365-663534363966" d3p1:Gallio.TestId="58690fbdcef5469f" d3p1:Gallio.AssemblyName="SubSonic.Tests, Version=2.2.1.0, Culture=neutral, PublicKeyToken=null" d3p1:Gallio.NamespaceName="SubSonic.Tests.SqlGenerators" d3p1:Gallio.TypeName="SubSonic.Tests.SqlGenerators.MySqlGeneratorTests" d3p1:Gallio.MemberName="Select_ColumnList_Specified" d3p1:Gallio.ParameterName="" d3p1:Gallio.Path="C:\data\SubsonicRoot\ss2\SubSonic.Tests\SqlGenerators\MySqlGeneratorTests.cs" d3p1:Gallio.Line="12" d3p1:Gallio.Column="0" xmlns:d3p1="http://www.gallio.org/">
      <Css projectStructure="" iteration="" />
      <Owners>
        <Owner name="" />
      </Owners>
      <Execution id="2858b9ad-86c4-4591-bbc8-44cba6000c7a" />
      <Properties>
        <Property>
          <Key>TestKind</Key>
          <Value>Test</Value>
        </Property>
      </Properties>
    </GallioTestElement>
    <GallioTestElement name="QueryExecuteJoinedDataSet_AddBetweenAnd" storage="C:\data\SubsonicRoot\ss2\SubSonic.Tests\bin\Debug\SubSonic.Tests.dll" id="31333766-6463-3763-3231-636531353732" d3p1:Gallio.TestId="f731cdc721ce1572" d3p1:Gallio.AssemblyName="SubSonic.Tests, Version=2.2.1.0, Culture=neutral, PublicKeyToken=null" d3p1:Gallio.NamespaceName="SubSonic.Tests" d3p1:Gallio.TypeName="SubSonic.Tests.QueryTest" d3p1:Gallio.MemberName="QueryExecuteJoinedDataSet_AddBetweenAnd" d3p1:Gallio.ParameterName="" d3p1:Gallio.Path="C:\data\SubsonicRoot\ss2\SubSonic.Tests\QueryTest.cs" d3p1:Gallio.Line="488" d3p1:Gallio.Column="0" xmlns:d3p1="http://www.gallio.org/">
      <Css projectStructure="" iteration="" />
      <Owners>
        <Owner name="" />
      </Owners>
      <Execution id="46769bfe-bae7-4e51-a667-ffe48d889131" />
      <Properties>
        <Property>
          <Key>TestKind</Key>
          <Value>Test</Value>
        </Property>
      </Properties>
    </GallioTestElement>
    <GallioTestElement name="Query_JoinedDataSet_OrderByFK" storage="C:\data\SubsonicRoot\ss2\SubSonic.Tests\bin\Debug\SubSonic.Tests.dll" id="64663966-3733-3330-3861-316538653237" d3p1:Gallio.TestId="f9fd37038a1e8e27" d3p1:Gallio.AssemblyName="SubSonic.Tests, Version=2.2.1.0, Culture=neutral, PublicKeyToken=null" d3p1:Gallio.NamespaceName="SubSonic.Tests" d3p1:Gallio.TypeName="SubSonic.Tests.QueryTest" d3p1:Gallio.MemberName="Query_JoinedDataSet_OrderByFK" d3p1:Gallio.ParameterName="" d3p1:Gallio.Path="C:\data\SubsonicRoot\ss2\SubSonic.Tests\QueryTest.cs" d3p1:Gallio.Line="473" d3p1:Gallio.Column="0" xmlns:d3p1="http://www.gallio.org/">
      <Css projectStructure="" iteration="" />
      <Owners>
        <Owner name="" />
      </Owners>
      <Execution id="9ccad33b-1694-4ee5-9ac2-0102fd09cc1b" />
      <Properties>
        <Property>
          <Key>TestKind</Key>
          <Value>Test</Value>
        </Property>
      </Properties>
    </GallioTestElement>
    <GallioTestElement name="Exec_SimpleJoin2" storage="C:\data\SubsonicRoot\ss2\SubSonic.Tests\bin\Debug\SubSonic.Tests.dll" id="33313464-3739-3136-3835-336637666364" d3p1:Gallio.TestId="d4139761853f7fcd" d3p1:Gallio.AssemblyName="SubSonic.Tests, Version=2.2.1.0, Culture=neutral, PublicKeyToken=null" d3p1:Gallio.NamespaceName="SubSonic.Tests.SqlQuery" d3p1:Gallio.TypeName="SubSonic.Tests.SqlQuery.SelectTests" d3p1:Gallio.MemberName="Exec_SimpleJoin2" d3p1:Gallio.ParameterName="" d3p1:Gallio.Path="C:\data\SubsonicRoot\ss2\SubSonic.Tests\SqlQuery\SelectTests.cs" d3p1:Gallio.Line="95" d3p1:Gallio.Column="0" xmlns:d3p1="http://www.gallio.org/">
      <Css projectStructure="" iteration="" />
      <Owners>
        <Owner name="" />
      </Owners>
      <Execution id="c6c236c8-66b8-4dde-971f-c43ea51bf10a" />
      <Properties>
        <Property>
          <Key>TestKind</Key>
          <Value>Test</Value>
        </Property>
      </Properties>
    </GallioTestElement>
    <GallioTestElement name="QueryExecuteJoinedDataSet_NOT_IN_ListCollection" storage="C:\data\SubsonicRoot\ss2\SubSonic.Tests\bin\Debug\SubSonic.Tests.dll" id="37633038-3032-6437-6232-623762313132" d3p1:Gallio.TestId="80c7207db2b7b112" d3p1:Gallio.AssemblyName="SubSonic.Tests, Version=2.2.1.0, Culture=neutral, PublicKeyToken=null" d3p1:Gallio.NamespaceName="SubSonic.Tests" d3p1:Gallio.TypeName="SubSonic.Tests.QueryTest" d3p1:Gallio.MemberName="QueryExecuteJoinedDataSet_NOT_IN_ListCollection" d3p1:Gallio.ParameterName="" d3p1:Gallio.Path="C:\data\SubsonicRoot\ss2\SubSonic.Tests\QueryTest.cs" d3p1:Gallio.Line="601" d3p1:Gallio.Column="0" xmlns:d3p1="http://www.gallio.org/">
      <Css projectStructure="" iteration="" />
      <Owners>
        <Owner name="" />
      </Owners>
      <Execution id="46ef16f2-45b4-478c-b339-eaf3a548143a" />
      <Properties>
        <Property>
          <Key>TestKind</Key>
          <Value>Test</Value>
        </Property>
      </Properties>
    </GallioTestElement>
    <GallioTestElement name="Select_Should_Work_With_SameColumn_Joins_UsingQualifiedColumns" storage="C:\data\SubsonicRoot\ss2\SubSonic.Tests\bin\Debug\SubSonic.Tests.dll" id="64326436-6266-3138-6431-643865623039" d3p1:Gallio.TestId="6d2dfb81d1d8eb09" d3p1:Gallio.AssemblyName="SubSonic.Tests, Version=2.2.1.0, Culture=neutral, PublicKeyToken=null" d3p1:Gallio.NamespaceName="SubSonic.Tests.SqlQuery" d3p1:Gallio.TypeName="SubSonic.Tests.SqlQuery.SelectTests" d3p1:Gallio.MemberName="Select_Should_Work_With_SameColumn_Joins_UsingQualifiedColumns" d3p1:Gallio.ParameterName="" d3p1:Gallio.Path="C:\data\SubsonicRoot\ss2\SubSonic.Tests\SqlQuery\SelectTests.cs" d3p1:Gallio.Line="646" d3p1:Gallio.Column="0" xmlns:d3p1="http://www.gallio.org/">
      <Css projectStructure="" iteration="" />
      <Owners>
        <Owner name="" />
      </Owners>
      <Execution id="e8cab3ff-c5b8-4d70-9e96-9d3c5b2c8a5a" />
      <Properties>
        <Property>
          <Key>TestKind</Key>
          <Value>Test</Value>
        </Property>
      </Properties>
    </GallioTestElement>
    <GallioTestElement name="Select_ColumnList_Specified" storage="C:\data\SubsonicRoot\ss2\SubSonic.Tests\bin\Debug\SubSonic.Tests.dll" id="63303166-3831-3466-6536-653532613430" d3p1:Gallio.TestId="f10c18f4e6e52a40" d3p1:Gallio.AssemblyName="SubSonic.Tests, Version=2.2.1.0, Culture=neutral, PublicKeyToken=null" d3p1:Gallio.NamespaceName="SubSonic.Tests.SqlQuery" d3p1:Gallio.TypeName="SubSonic.Tests.SqlQuery.SqlServerParserTests" d3p1:Gallio.MemberName="Select_ColumnList_Specified" d3p1:Gallio.ParameterName="" d3p1:Gallio.Path="C:\data\SubsonicRoot\ss2\SubSonic.Tests\SqlGenerators\SqlServerGeneratorTests.cs" d3p1:Gallio.Line="26" d3p1:Gallio.Column="0" xmlns:d3p1="http://www.gallio.org/">
      <Css projectStructure="" iteration="" />
      <Owners>
        <Owner name="" />
      </Owners>
      <Execution id="752a44ed-24b7-4695-8c21-fd2c00faa299" />
      <Properties>
        <Property>
          <Key>TestKind</Key>
          <Value>Test</Value>
        </Property>
      </Properties>
    </GallioTestElement>
    <GallioTestElement name="Collections_DeletedTest" storage="C:\data\SubsonicRoot\ss2\SubSonic.Tests\bin\Debug\SubSonic.Tests.dll" id="63613763-3263-3738-6131-626338323236" d3p1:Gallio.TestId="c7acc287a1bc8226" d3p1:Gallio.AssemblyName="SubSonic.Tests, Version=2.2.1.0, Culture=neutral, PublicKeyToken=null" d3p1:Gallio.NamespaceName="SubSonic.Tests" d3p1:Gallio.TypeName="SubSonic.Tests.GeneratedObjectTests" d3p1:Gallio.MemberName="Collections_DeletedTest" d3p1:Gallio.ParameterName="" d3p1:Gallio.Path="C:\data\SubsonicRoot\ss2\SubSonic.Tests\GeneratedObjectTests.cs" d3p1:Gallio.Line="51" d3p1:Gallio.Column="0" xmlns:d3p1="http://www.gallio.org/">
      <Css projectStructure="" iteration="" />
      <Owners>
        <Owner name="" />
      </Owners>
      <Execution id="9fd08095-215a-44b8-ad33-fc58515c5592" />
      <Properties>
        <Property>
          <Key>TestKind</Key>
          <Value>Test</Value>
        </Property>
      </Properties>
    </GallioTestElement>
    <GallioTestElement name="Add_Column" storage="C:\data\SubsonicRoot\ss2\SubSonic.Tests\bin\Debug\SubSonic.Tests.dll" id="38333062-3364-6661-6233-323634653166" d3p1:Gallio.TestId="b038d3afb3264e1f" d3p1:Gallio.AssemblyName="SubSonic.Tests, Version=2.2.1.0, Culture=neutral, PublicKeyToken=null" d3p1:Gallio.NamespaceName="SubSonic.Tests.SqlQuery" d3p1:Gallio.TypeName="SubSonic.Tests.SqlQuery.SqlServerParserTests" d3p1:Gallio.MemberName="Add_Column" d3p1:Gallio.ParameterName="" d3p1:Gallio.Path="C:\data\SubsonicRoot\ss2\SubSonic.Tests\SqlGenerators\SqlServerGeneratorTests.cs" d3p1:Gallio.Line="240" d3p1:Gallio.Column="0" xmlns:d3p1="http://www.gallio.org/">
      <Css projectStructure="" iteration="" />
      <Owners>
        <Owner name="" />
      </Owners>
      <Execution id="cba4b846-9bc4-4a6f-9af8-ce29b08c7f71" />
      <Properties>
        <Property>
          <Key>TestKind</Key>
          <Value>Test</Value>
        </Property>
      </Properties>
    </GallioTestElement>
    <GallioTestElement name="QueryExecuteJoinedDataSet_ORDER_BY_DESC" storage="C:\data\SubsonicRoot\ss2\SubSonic.Tests\bin\Debug\SubSonic.Tests.dll" id="65376331-3533-6261-3266-646431396330" d3p1:Gallio.TestId="1c7e35ab2fdd19c0" d3p1:Gallio.AssemblyName="SubSonic.Tests, Version=2.2.1.0, Culture=neutral, PublicKeyToken=null" d3p1:Gallio.NamespaceName="SubSonic.Tests" d3p1:Gallio.TypeName="SubSonic.Tests.QueryTest" d3p1:Gallio.MemberName="QueryExecuteJoinedDataSet_ORDER_BY_DESC" d3p1:Gallio.ParameterName="" d3p1:Gallio.Path="C:\data\SubsonicRoot\ss2\SubSonic.Tests\QueryTest.cs" d3p1:Gallio.Line="756" d3p1:Gallio.Column="0" xmlns:d3p1="http://www.gallio.org/">
      <Css projectStructure="" iteration="" />
      <Owners>
        <Owner name="" />
      </Owners>
      <Execution id="8d5f9a8f-3adb-4697-b377-ce082f1c3a8d" />
      <Properties>
        <Property>
          <Key>TestKind</Key>
          <Value>Test</Value>
        </Property>
      </Properties>
    </GallioTestElement>
    <GallioTestElement name="Exec_SimpleOr3" storage="C:\data\SubsonicRoot\ss2\SubSonic.Tests\bin\Debug\SubSonic.Tests.dll" id="65616234-6236-3763-3131-626634383620" d3p1:Gallio.TestId="4bae6bc711bf486" d3p1:Gallio.AssemblyName="SubSonic.Tests, Version=2.2.1.0, Culture=neutral, PublicKeyToken=null" d3p1:Gallio.NamespaceName="SubSonic.Tests.SqlQuery" d3p1:Gallio.TypeName="SubSonic.Tests.SqlQuery.SelectTests" d3p1:Gallio.MemberName="Exec_SimpleOr3" d3p1:Gallio.ParameterName="" d3p1:Gallio.Path="C:\data\SubsonicRoot\ss2\SubSonic.Tests\SqlQuery\SelectTests.cs" d3p1:Gallio.Line="469" d3p1:Gallio.Column="0" xmlns:d3p1="http://www.gallio.org/">
      <Css projectStructure="" iteration="" />
      <Owners>
        <Owner name="" />
      </Owners>
      <Execution id="55c2ad01-aa90-4b0a-b5d5-dc0af0637d97" />
      <Properties>
        <Property>
          <Key>TestKind</Key>
          <Value>Test</Value>
        </Property>
      </Properties>
    </GallioTestElement>
    <GallioTestElement name="SP_CustOrderHist_Should_Have_Qualified_CommandSQL" storage="C:\data\SubsonicRoot\ss2\SubSonic.Tests\bin\Debug\SubSonic.Tests.dll" id="65396661-6165-3662-3732-653334663363" d3p1:Gallio.TestId="af9eeab672e34f3c" d3p1:Gallio.AssemblyName="SubSonic.Tests, Version=2.2.1.0, Culture=neutral, PublicKeyToken=null" d3p1:Gallio.NamespaceName="SubSonic.Tests" d3p1:Gallio.TypeName="SubSonic.Tests.SPs" d3p1:Gallio.MemberName="SP_CustOrderHist_Should_Have_Qualified_CommandSQL" d3p1:Gallio.ParameterName="" d3p1:Gallio.Path="C:\data\SubsonicRoot\ss2\SubSonic.Tests\SPs.cs" d3p1:Gallio.Line="73" d3p1:Gallio.Column="0" xmlns:d3p1="http://www.gallio.org/">
      <Css projectStructure="" iteration="" />
      <Owners>
        <Owner name="" />
      </Owners>
      <Execution id="f9dff22b-e3e6-4ceb-a7e7-73127a1d3b3b" />
      <Properties>
        <Property>
          <Key>TestKind</Key>
          <Value>Test</Value>
        </Property>
      </Properties>
    </GallioTestElement>
    <GallioTestElement name="Exec_LeftOuterJoin_With_Generics" storage="C:\data\SubsonicRoot\ss2\SubSonic.Tests\bin\Debug\SubSonic.Tests.dll" id="30373362-6165-3866-6335-323063323134" d3p1:Gallio.TestId="b370eaf8c520c214" d3p1:Gallio.AssemblyName="SubSonic.Tests, Version=2.2.1.0, Culture=neutral, PublicKeyToken=null" d3p1:Gallio.NamespaceName="SubSonic.Tests.SqlQuery" d3p1:Gallio.TypeName="SubSonic.Tests.SqlQuery.SelectTests" d3p1:Gallio.MemberName="Exec_LeftOuterJoin_With_Generics" d3p1:Gallio.ParameterName="" d3p1:Gallio.Path="C:\data\SubsonicRoot\ss2\SubSonic.Tests\SqlQuery\SelectTests.cs" d3p1:Gallio.Line="142" d3p1:Gallio.Column="0" xmlns:d3p1="http://www.gallio.org/">
      <Css projectStructure="" iteration="" />
      <Owners>
        <Owner name="" />
      </Owners>
      <Execution id="c82bc953-6107-49f0-a1ce-3c848b4861df" />
      <Properties>
        <Property>
          <Key>TestKind</Key>
          <Value>Test</Value>
        </Property>
      </Properties>
    </GallioTestElement>
    <GallioTestElement name="QueryExecuteJoinedDataSet_ORDER_BY_Collection" storage="C:\data\SubsonicRoot\ss2\SubSonic.Tests\bin\Debug\SubSonic.Tests.dll" id="38613566-3361-3662-3863-666434356565" d3p1:Gallio.TestId="f5a8a3b68cfd45ee" d3p1:Gallio.AssemblyName="SubSonic.Tests, Version=2.2.1.0, Culture=neutral, PublicKeyToken=null" d3p1:Gallio.NamespaceName="SubSonic.Tests" d3p1:Gallio.TypeName="SubSonic.Tests.QueryTest" d3p1:Gallio.MemberName="QueryExecuteJoinedDataSet_ORDER_BY_Collection" d3p1:Gallio.ParameterName="" d3p1:Gallio.Path="C:\data\SubsonicRoot\ss2\SubSonic.Tests\QueryTest.cs" d3p1:Gallio.Line="863" d3p1:Gallio.Column="0" xmlns:d3p1="http://www.gallio.org/">
      <Css projectStructure="" iteration="" />
      <Owners>
        <Owner name="" />
      </Owners>
      <Execution id="a64b5f26-e0ca-4991-ae90-04844dd509af" />
      <Properties>
        <Property>
          <Key>TestKind</Key>
          <Value>Test</Value>
        </Property>
      </Properties>
    </GallioTestElement>
    <GallioTestElement name="Query_OrderByCollection" storage="C:\data\SubsonicRoot\ss2\SubSonic.Tests\bin\Debug\SubSonic.Tests.dll" id="64616637-6238-6366-6433-356639616562" d3p1:Gallio.TestId="7fad8bfcd35f9aeb" d3p1:Gallio.AssemblyName="SubSonic.Tests, Version=2.2.1.0, Culture=neutral, PublicKeyToken=null" d3p1:Gallio.NamespaceName="SubSonic.Tests" d3p1:Gallio.TypeName="SubSonic.Tests.QueryTest" d3p1:Gallio.MemberName="Query_OrderByCollection" d3p1:Gallio.ParameterName="" d3p1:Gallio.Path="C:\data\SubsonicRoot\ss2\SubSonic.Tests\QueryTest.cs" d3p1:Gallio.Line="652" d3p1:Gallio.Column="0" xmlns:d3p1="http://www.gallio.org/">
      <Css projectStructure="" iteration="" />
      <Owners>
        <Owner name="" />
      </Owners>
      <Execution id="6a22db98-eca6-49c6-a2c2-26edcaef82c8" />
      <Properties>
        <Property>
          <Key>TestKind</Key>
          <Value>Test</Value>
        </Property>
      </Properties>
    </GallioTestElement>
    <GallioTestElement name="Exec_NotInWithSelect" storage="C:\data\SubsonicRoot\ss2\SubSonic.Tests\bin\Debug\SubSonic.Tests.dll" id="64356332-3361-6262-6636-623733306165" d3p1:Gallio.TestId="2c5da3bbf6b730ae" d3p1:Gallio.AssemblyName="SubSonic.Tests, Version=2.2.1.0, Culture=neutral, PublicKeyToken=null" d3p1:Gallio.NamespaceName="SubSonic.Tests.SqlQuery" d3p1:Gallio.TypeName="SubSonic.Tests.SqlQuery.SelectTests" d3p1:Gallio.MemberName="Exec_NotInWithSelect" d3p1:Gallio.ParameterName="" d3p1:Gallio.Path="C:\data\SubsonicRoot\ss2\SubSonic.Tests\SqlQuery\SelectTests.cs" d3p1:Gallio.Line="607" d3p1:Gallio.Column="0" xmlns:d3p1="http://www.gallio.org/">
      <Css projectStructure="" iteration="" />
      <Owners>
        <Owner name="" />
      </Owners>
      <Execution id="4a6fcced-0730-47f3-ab35-c933691b44e4" />
      <Properties>
        <Property>
          <Key>TestKind</Key>
          <Value>Test</Value>
        </Property>
      </Properties>
    </GallioTestElement>
    <GallioTestElement name="Saving_String_Property_With_StringValue_Null_Results_In_NullValue_In_DB" storage="C:\data\SubsonicRoot\ss2\SubSonic.Tests\bin\Debug\SubSonic.Tests.dll" id="66353239-3566-3633-6135-623866663464" d3p1:Gallio.TestId="925ff536a5b8ff4d" d3p1:Gallio.AssemblyName="SubSonic.Tests, Version=2.2.1.0, Culture=neutral, PublicKeyToken=null" d3p1:Gallio.NamespaceName="SubSonic.Tests.SqlQuery" d3p1:Gallio.TypeName="SubSonic.Tests.SqlQuery.SelectTests" d3p1:Gallio.MemberName="Saving_String_Property_With_StringValue_Null_Results_In_NullValue_In_DB" d3p1:Gallio.ParameterName="" d3p1:Gallio.Path="C:\data\SubsonicRoot\ss2\SubSonic.Tests\SqlQuery\SelectTests.cs" d3p1:Gallio.Line="843" d3p1:Gallio.Column="0" xmlns:d3p1="http://www.gallio.org/">
      <Css projectStructure="" iteration="" />
      <Owners>
        <Owner name="" />
      </Owners>
      <Execution id="2a11fb65-8b81-49e6-9c3a-11aa94fb705d" />
      <Properties>
        <Property>
          <Key>TestKind</Key>
          <Value>Test</Value>
        </Property>
      </Properties>
    </GallioTestElement>
    <GallioTestElement name="Dual_ForeignKey_Relationships_ShouldBe_Possible_From_One_To_Many" storage="C:\data\SubsonicRoot\ss2\SubSonic.Tests\bin\Debug\SubSonic.Tests.dll" id="34616366-3861-3435-3333-396431376366" d3p1:Gallio.TestId="fca4a854339d17cf" d3p1:Gallio.AssemblyName="SubSonic.Tests, Version=2.2.1.0, Culture=neutral, PublicKeyToken=null" d3p1:Gallio.NamespaceName="SubSonic.Tests.Migrations" d3p1:Gallio.TypeName="SubSonic.Tests.Migrations.MigrationTests" d3p1:Gallio.MemberName="Dual_ForeignKey_Relationships_ShouldBe_Possible_From_One_To_Many" d3p1:Gallio.ParameterName="" d3p1:Gallio.Path="C:\data\SubsonicRoot\ss2\SubSonic.Tests\Migrations\MigrationTests.cs" d3p1:Gallio.Line="310" d3p1:Gallio.Column="0" xmlns:d3p1="http://www.gallio.org/">
      <Css projectStructure="" iteration="" />
      <Owners>
        <Owner name="" />
      </Owners>
      <Execution id="43aa4d09-3cb3-47d5-a5c2-d9ec0137b7f6" />
      <Properties>
        <Property>
          <Key>TestKind</Key>
          <Value>Test</Value>
        </Property>
      </Properties>
    </GallioTestElement>
    <GallioTestElement name="Where_Expression" storage="C:\data\SubsonicRoot\ss2\SubSonic.Tests\bin\Debug\SubSonic.Tests.dll" id="31383131-6434-6336-6132-356562643620" d3p1:Gallio.TestId="11814d6ca25ebd6" d3p1:Gallio.AssemblyName="SubSonic.Tests, Version=2.2.1.0, Culture=neutral, PublicKeyToken=null" d3p1:Gallio.NamespaceName="SubSonic.Tests.SqlQuery" d3p1:Gallio.TypeName="SubSonic.Tests.SqlQuery.SqlServerParserTests" d3p1:Gallio.MemberName="Where_Expression" d3p1:Gallio.ParameterName="" d3p1:Gallio.Path="C:\data\SubsonicRoot\ss2\SubSonic.Tests\SqlGenerators\SqlServerGeneratorTests.cs" d3p1:Gallio.Line="125" d3p1:Gallio.Column="0" xmlns:d3p1="http://www.gallio.org/">
      <Css projectStructure="" iteration="" />
      <Owners>
        <Owner name="" />
      </Owners>
      <Execution id="8222b57a-35c9-4896-beb3-6315a752484c" />
      <Properties>
        <Property>
          <Key>TestKind</Key>
          <Value>Test</Value>
        </Property>
      </Properties>
    </GallioTestElement>
    <GallioTestElement name="MigrationAlterColumn" storage="C:\data\SubsonicRoot\ss2\SubSonic.Tests\bin\Debug\SubSonic.Tests.dll" id="66313439-3265-3065-6163-333132313165" d3p1:Gallio.TestId="941fe2e0ac31211e" d3p1:Gallio.AssemblyName="SubSonic.Tests, Version=2.2.1.0, Culture=neutral, PublicKeyToken=null" d3p1:Gallio.NamespaceName="SubSonic.Tests.Migrations" d3p1:Gallio.TypeName="SubSonic.Tests.Migrations.MigrationTests" d3p1:Gallio.MemberName="MigrationAlterColumn" d3p1:Gallio.ParameterName="" d3p1:Gallio.Path="C:\data\SubsonicRoot\ss2\SubSonic.Tests\Migrations\MigrationTests.cs" d3p1:Gallio.Line="148" d3p1:Gallio.Column="0" xmlns:d3p1="http://www.gallio.org/">
      <Css projectStructure="" iteration="" />
      <Owners>
        <Owner name="" />
      </Owners>
      <Execution id="f5fc8b3a-ad76-4e10-aaaa-508bb6828969" />
      <Properties>
        <Property>
          <Key>TestKind</Key>
          <Value>Test</Value>
        </Property>
      </Properties>
    </GallioTestElement>
    <GallioTestElement name="Select_Using_StartsWith_C_ShouldReturn_9_Records" storage="C:\data\SubsonicRoot\ss2\SubSonic.Tests\bin\Debug\SubSonic.Tests.dll" id="33323834-3262-6162-6537-366566393263" d3p1:Gallio.TestId="4823b2bae76ef92c" d3p1:Gallio.AssemblyName="SubSonic.Tests, Version=2.2.1.0, Culture=neutral, PublicKeyToken=null" d3p1:Gallio.NamespaceName="SubSonic.Tests.SqlQuery" d3p1:Gallio.TypeName="SubSonic.Tests.SqlQuery.SelectTests" d3p1:Gallio.MemberName="Select_Using_StartsWith_C_ShouldReturn_9_Records" d3p1:Gallio.ParameterName="" d3p1:Gallio.Path="C:\data\SubsonicRoot\ss2\SubSonic.Tests\SqlQuery\SelectTests.cs" d3p1:Gallio.Line="660" d3p1:Gallio.Column="0" xmlns:d3p1="http://www.gallio.org/">
      <Css projectStructure="" iteration="" />
      <Owners>
        <Owner name="" />
      </Owners>
      <Execution id="43f21a91-4d1c-4513-ab75-54e3ef03e5bf" />
      <Properties>
        <Property>
          <Key>TestKind</Key>
          <Value>Test</Value>
        </Property>
      </Properties>
    </GallioTestElement>
    <GallioTestElement name="Where_And" storage="C:\data\SubsonicRoot\ss2\SubSonic.Tests\bin\Debug\SubSonic.Tests.dll" id="31386538-3166-3962-3037-383035616336" d3p1:Gallio.TestId="8e81f1b907805ac6" d3p1:Gallio.AssemblyName="SubSonic.Tests, Version=2.2.1.0, Culture=neutral, PublicKeyToken=null" d3p1:Gallio.NamespaceName="SubSonic.Tests.SqlQuery" d3p1:Gallio.TypeName="SubSonic.Tests.SqlQuery.SqlServerParserTests" d3p1:Gallio.MemberName="Where_And" d3p1:Gallio.ParameterName="" d3p1:Gallio.Path="C:\data\SubsonicRoot\ss2\SubSonic.Tests\SqlGenerators\SqlServerGeneratorTests.cs" d3p1:Gallio.Line="89" d3p1:Gallio.Column="0" xmlns:d3p1="http://www.gallio.org/">
      <Css projectStructure="" iteration="" />
      <Owners>
        <Owner name="" />
      </Owners>
      <Execution id="d51019de-af84-41bd-bbc2-bdb01be34b43" />
      <Properties>
        <Property>
          <Key>TestKind</Key>
          <Value>Test</Value>
        </Property>
      </Properties>
    </GallioTestElement>
    <GallioTestElement name="Query_OR_Simple" storage="C:\data\SubsonicRoot\ss2\SubSonic.Tests\bin\Debug\SubSonic.Tests.dll" id="63636332-3339-6337-3061-343836346165" d3p1:Gallio.TestId="2ccc937c0a4864ae" d3p1:Gallio.AssemblyName="SubSonic.Tests, Version=2.2.1.0, Culture=neutral, PublicKeyToken=null" d3p1:Gallio.NamespaceName="SubSonic.Tests" d3p1:Gallio.TypeName="SubSonic.Tests.QueryTest" d3p1:Gallio.MemberName="Query_OR_Simple" d3p1:Gallio.ParameterName="" d3p1:Gallio.Path="C:\data\SubsonicRoot\ss2\SubSonic.Tests\QueryTest.cs" d3p1:Gallio.Line="294" d3p1:Gallio.Column="0" xmlns:d3p1="http://www.gallio.org/">
      <Css projectStructure="" iteration="" />
      <Owners>
        <Owner name="" />
      </Owners>
      <Execution id="57992379-7da1-49f0-b896-eb61b168f850" />
      <Properties>
        <Property>
          <Key>TestKind</Key>
          <Value>Test</Value>
        </Property>
      </Properties>
    </GallioTestElement>
    <GallioTestElement name="Insert_Simple" storage="C:\data\SubsonicRoot\ss2\SubSonic.Tests\bin\Debug\SubSonic.Tests.dll" id="33303362-3962-6561-3866-313263326561" d3p1:Gallio.TestId="b303b9ae8f12c2ea" d3p1:Gallio.AssemblyName="SubSonic.Tests, Version=2.2.1.0, Culture=neutral, PublicKeyToken=null" d3p1:Gallio.NamespaceName="SubSonic.Tests.SqlQuery" d3p1:Gallio.TypeName="SubSonic.Tests.SqlQuery.InsertTests" d3p1:Gallio.MemberName="Insert_Simple" d3p1:Gallio.ParameterName="" d3p1:Gallio.Path="C:\data\SubsonicRoot\ss2\SubSonic.Tests\SqlQuery\InsertTests.cs" d3p1:Gallio.Line="29" d3p1:Gallio.Column="0" xmlns:d3p1="http://www.gallio.org/">
      <Css projectStructure="" iteration="" />
      <Owners>
        <Owner name="" />
      </Owners>
      <Execution id="f98b001a-572c-4af4-956d-83ae58cb6240" />
      <Properties>
        <Property>
          <Key>TestKind</Key>
          <Value>Test</Value>
        </Property>
      </Properties>
    </GallioTestElement>
    <GallioTestElement name="ETL_CloneInstance" storage="C:\data\SubsonicRoot\ss2\SubSonic.Tests\bin\Debug\SubSonic.Tests.dll" id="65343266-6563-3731-6162-666662373735" d3p1:Gallio.TestId="f24ece17abffb775" d3p1:Gallio.AssemblyName="SubSonic.Tests, Version=2.2.1.0, Culture=neutral, PublicKeyToken=null" d3p1:Gallio.NamespaceName="SubSonic.Tests" d3p1:Gallio.TypeName="SubSonic.Tests.ETL" d3p1:Gallio.MemberName="ETL_CloneInstance" d3p1:Gallio.ParameterName="" d3p1:Gallio.Path="C:\data\SubsonicRoot\ss2\SubSonic.Tests\ETL.cs" d3p1:Gallio.Line="50" d3p1:Gallio.Column="0" xmlns:d3p1="http://www.gallio.org/">
      <Css projectStructure="" iteration="" />
      <Owners>
        <Owner name="" />
      </Owners>
      <Execution id="c6c9792a-fb70-48a2-9241-76c1970c5325" />
      <Properties>
        <Property>
          <Key>TestKind</Key>
          <Value>Test</Value>
        </Property>
      </Properties>
    </GallioTestElement>
    <GallioTestElement name="Exec_WithAllColumns" storage="C:\data\SubsonicRoot\ss2\SubSonic.Tests\bin\Debug\SubSonic.Tests.dll" id="31383338-3138-6231-6165-333837303937" d3p1:Gallio.TestId="8381811bae387097" d3p1:Gallio.AssemblyName="SubSonic.Tests, Version=2.2.1.0, Culture=neutral, PublicKeyToken=null" d3p1:Gallio.NamespaceName="SubSonic.Tests.SqlQuery" d3p1:Gallio.TypeName="SubSonic.Tests.SqlQuery.SelectTests" d3p1:Gallio.MemberName="Exec_WithAllColumns" d3p1:Gallio.ParameterName="" d3p1:Gallio.Path="C:\data\SubsonicRoot\ss2\SubSonic.Tests\SqlQuery\SelectTests.cs" d3p1:Gallio.Line="50" d3p1:Gallio.Column="0" xmlns:d3p1="http://www.gallio.org/">
      <Css projectStructure="" iteration="" />
      <Owners>
        <Owner name="" />
      </Owners>
      <Execution id="6280a485-e0eb-411a-8aa4-035e73369c9c" />
      <Properties>
        <Property>
          <Key>TestKind</Key>
          <Value>Test</Value>
        </Property>
      </Properties>
    </GallioTestElement>
    <GallioTestElement name="Exec_Collection_Joined" storage="C:\data\SubsonicRoot\ss2\SubSonic.Tests\bin\Debug\SubSonic.Tests.dll" id="39633133-3462-6562-6530-313236616164" d3p1:Gallio.TestId="31c9b4bee0126aad" d3p1:Gallio.AssemblyName="SubSonic.Tests, Version=2.2.1.0, Culture=neutral, PublicKeyToken=null" d3p1:Gallio.NamespaceName="SubSonic.Tests.SqlQuery" d3p1:Gallio.TypeName="SubSonic.Tests.SqlQuery.SelectTests" d3p1:Gallio.MemberName="Exec_Collection_Joined" d3p1:Gallio.ParameterName="" d3p1:Gallio.Path="C:\data\SubsonicRoot\ss2\SubSonic.Tests\SqlQuery\SelectTests.cs" d3p1:Gallio.Line="188" d3p1:Gallio.Column="0" xmlns:d3p1="http://www.gallio.org/">
      <Css projectStructure="" iteration="" />
      <Owners>
        <Owner name="" />
      </Owners>
      <Execution id="39af25e8-2b34-406f-9a5b-297cb1a67a46" />
      <Properties>
        <Property>
          <Key>TestKind</Key>
          <Value>Test</Value>
        </Property>
      </Properties>
    </GallioTestElement>
    <GallioTestElement name="Products_NullCrud" storage="C:\data\SubsonicRoot\ss2\SubSonic.Tests\bin\Debug\SubSonic.Tests.dll" id="30306362-3062-3564-3537-623039346139" d3p1:Gallio.TestId="bc00b0d557b094a9" d3p1:Gallio.AssemblyName="SubSonic.Tests, Version=2.2.1.0, Culture=neutral, PublicKeyToken=null" d3p1:Gallio.NamespaceName="SubSonic.Tests" d3p1:Gallio.TypeName="SubSonic.Tests.ActiveRecordTest" d3p1:Gallio.MemberName="Products_NullCrud" d3p1:Gallio.ParameterName="" d3p1:Gallio.Path="C:\data\SubsonicRoot\ss2\SubSonic.Tests\ActiveRecordTest.cs" d3p1:Gallio.Line="74" d3p1:Gallio.Column="0" xmlns:d3p1="http://www.gallio.org/">
      <Css projectStructure="" iteration="" />
      <Owners>
        <Owner name="" />
      </Owners>
      <Execution id="15d8c211-081c-4316-b24c-420d517c56e8" />
      <Properties>
        <Property>
          <Key>TestKind</Key>
          <Value>Test</Value>
        </Property>
      </Properties>
    </GallioTestElement>
    <GallioTestElement name="QueryExecuteJoinedDataSet_IN_ArrayList" storage="C:\data\SubsonicRoot\ss2\SubSonic.Tests\bin\Debug\SubSonic.Tests.dll" id="35623063-3465-3033-3863-303739383161" d3p1:Gallio.TestId="c0b5e4308c07981a" d3p1:Gallio.AssemblyName="SubSonic.Tests, Version=2.2.1.0, Culture=neutral, PublicKeyToken=null" d3p1:Gallio.NamespaceName="SubSonic.Tests" d3p1:Gallio.TypeName="SubSonic.Tests.QueryTest" d3p1:Gallio.MemberName="QueryExecuteJoinedDataSet_IN_ArrayList" d3p1:Gallio.ParameterName="" d3p1:Gallio.Path="C:\data\SubsonicRoot\ss2\SubSonic.Tests\QueryTest.cs" d3p1:Gallio.Line="575" d3p1:Gallio.Column="0" xmlns:d3p1="http://www.gallio.org/">
      <Css projectStructure="" iteration="" />
      <Owners>
        <Owner name="" />
      </Owners>
      <Execution id="e37ccb24-37d7-4b99-8c19-1c503668051c" />
      <Properties>
        <Property>
          <Key>TestKind</Key>
          <Value>Test</Value>
        </Property>
      </Properties>
    </GallioTestElement>
    <GallioTestElement name="Exec_AggregateStandardDeviation" storage="C:\data\SubsonicRoot\ss2\SubSonic.Tests\bin\Debug\SubSonic.Tests.dll" id="65323333-3864-3061-3536-343633333362" d3p1:Gallio.TestId="332ed8a05646333b" d3p1:Gallio.AssemblyName="SubSonic.Tests, Version=2.2.1.0, Culture=neutral, PublicKeyToken=null" d3p1:Gallio.NamespaceName="SubSonic.Tests.SqlQuery" d3p1:Gallio.TypeName="SubSonic.Tests.SqlQuery.AggregateTests" d3p1:Gallio.MemberName="Exec_AggregateStandardDeviation" d3p1:Gallio.ParameterName="" d3p1:Gallio.Path="C:\data\SubsonicRoot\ss2\SubSonic.Tests\SqlQuery\AggregateTests.cs" d3p1:Gallio.Line="140" d3p1:Gallio.Column="0" xmlns:d3p1="http://www.gallio.org/">
      <Css projectStructure="" iteration="" />
      <Owners>
        <Owner name="" />
      </Owners>
      <Execution id="36b9d6f0-8234-48d7-ab84-b2040ccd39e9" />
      <Properties>
        <Property>
          <Key>TestKind</Key>
          <Value>Test</Value>
        </Property>
      </Properties>
    </GallioTestElement>
    <GallioTestElement name="Query_PagingTest_Table" storage="C:\data\SubsonicRoot\ss2\SubSonic.Tests\bin\Debug\SubSonic.Tests.dll" id="31386135-3663-3864-6463-363765666261" d3p1:Gallio.TestId="5a81c6d8dc67efba" d3p1:Gallio.AssemblyName="SubSonic.Tests, Version=2.2.1.0, Culture=neutral, PublicKeyToken=null" d3p1:Gallio.NamespaceName="SubSonic.Tests" d3p1:Gallio.TypeName="SubSonic.Tests.QueryTest" d3p1:Gallio.MemberName="Query_PagingTest_Table" d3p1:Gallio.ParameterName="" d3p1:Gallio.Path="C:\data\SubsonicRoot\ss2\SubSonic.Tests\QueryTest.cs" d3p1:Gallio.Line="390" d3p1:Gallio.Column="0" xmlns:d3p1="http://www.gallio.org/">
      <Css projectStructure="" iteration="" />
      <Owners>
        <Owner name="" />
      </Owners>
      <Execution id="6e835e20-0f6c-4423-9b09-bc76cc332eea" />
      <Properties>
        <Property>
          <Key>TestKind</Key>
          <Value>Test</Value>
        </Property>
      </Properties>
    </GallioTestElement>
    <GallioTestElement name="MigrationGenerateDropTablesSql" storage="C:\data\SubsonicRoot\ss2\SubSonic.Tests\bin\Debug\SubSonic.Tests.dll" id="39383931-6564-3631-6534-636461323662" d3p1:Gallio.TestId="1989de16e4cda26b" d3p1:Gallio.AssemblyName="SubSonic.Tests, Version=2.2.1.0, Culture=neutral, PublicKeyToken=null" d3p1:Gallio.NamespaceName="SubSonic.Tests.Migrations" d3p1:Gallio.TypeName="SubSonic.Tests.Migrations.MigrationTests" d3p1:Gallio.MemberName="MigrationGenerateDropTablesSql" d3p1:Gallio.ParameterName="" d3p1:Gallio.Path="C:\data\SubsonicRoot\ss2\SubSonic.Tests\Migrations\MigrationTests.cs" d3p1:Gallio.Line="29" d3p1:Gallio.Column="0" xmlns:d3p1="http://www.gallio.org/">
      <Css projectStructure="" iteration="" />
      <Owners>
        <Owner name="" />
      </Owners>
      <Execution id="3ce6c705-9a97-4a23-9291-d9cc93db8199" />
      <Properties>
        <Property>
          <Key>TestKind</Key>
          <Value>Test</Value>
        </Property>
      </Properties>
    </GallioTestElement>
    <GallioTestElement name="MigrationShouldExecMultipleMigrations" storage="C:\data\SubsonicRoot\ss2\SubSonic.Tests\bin\Debug\SubSonic.Tests.dll" id="38623836-6534-6631-3961-396332626338" d3p1:Gallio.TestId="68b84e1f9a9c2bc8" d3p1:Gallio.AssemblyName="SubSonic.Tests, Version=2.2.1.0, Culture=neutral, PublicKeyToken=null" d3p1:Gallio.NamespaceName="SubSonic.Tests.Migrations" d3p1:Gallio.TypeName="SubSonic.Tests.Migrations.MigrationTests" d3p1:Gallio.MemberName="MigrationShouldExecMultipleMigrations" d3p1:Gallio.ParameterName="" d3p1:Gallio.Path="C:\data\SubsonicRoot\ss2\SubSonic.Tests\Migrations\MigrationTests.cs" d3p1:Gallio.Line="205" d3p1:Gallio.Column="0" xmlns:d3p1="http://www.gallio.org/">
      <Css projectStructure="" iteration="" />
      <Owners>
        <Owner name="" />
      </Owners>
      <Execution id="4c51c0d2-a921-4ebf-9ae4-03e346cdce3f" />
      <Properties>
        <Property>
          <Key>TestKind</Key>
          <Value>Test</Value>
        </Property>
      </Properties>
    </GallioTestElement>
    <GallioTestElement name="Select_Using_EndsWith_S_ShouldReturn_9_Records" storage="C:\data\SubsonicRoot\ss2\SubSonic.Tests\bin\Debug\SubSonic.Tests.dll" id="61333736-3266-3861-3639-373539353061" d3p1:Gallio.TestId="673af2a86975950a" d3p1:Gallio.AssemblyName="SubSonic.Tests, Version=2.2.1.0, Culture=neutral, PublicKeyToken=null" d3p1:Gallio.NamespaceName="SubSonic.Tests.SqlQuery" d3p1:Gallio.TypeName="SubSonic.Tests.SqlQuery.SelectTests" d3p1:Gallio.MemberName="Select_Using_EndsWith_S_ShouldReturn_9_Records" d3p1:Gallio.ParameterName="" d3p1:Gallio.Path="C:\data\SubsonicRoot\ss2\SubSonic.Tests\SqlQuery\SelectTests.cs" d3p1:Gallio.Line="669" d3p1:Gallio.Column="0" xmlns:d3p1="http://www.gallio.org/">
      <Css projectStructure="" iteration="" />
      <Owners>
        <Owner name="" />
      </Owners>
      <Execution id="2c05678d-3dbe-47fd-8970-db6bcff04f79" />
      <Properties>
        <Property>
          <Key>TestKind</Key>
          <Value>Test</Value>
        </Property>
      </Properties>
    </GallioTestElement>
    <GallioTestElement name="DirtyColumnsExist" storage="C:\data\SubsonicRoot\ss2\SubSonic.Tests\bin\Debug\SubSonic.Tests.dll" id="61623539-3234-3338-3436-643438356338" d3p1:Gallio.TestId="95ba428346d485c8" d3p1:Gallio.AssemblyName="SubSonic.Tests, Version=2.2.1.0, Culture=neutral, PublicKeyToken=null" d3p1:Gallio.NamespaceName="SubSonic.Tests" d3p1:Gallio.TypeName="SubSonic.Tests.ActiveRecordTest" d3p1:Gallio.MemberName="DirtyColumnsExist" d3p1:Gallio.ParameterName="" d3p1:Gallio.Path="C:\data\SubsonicRoot\ss2\SubSonic.Tests\ActiveRecordTest.cs" d3p1:Gallio.Line="257" d3p1:Gallio.Column="0" xmlns:d3p1="http://www.gallio.org/">
      <Css projectStructure="" iteration="" />
      <Owners>
        <Owner name="" />
      </Owners>
      <Execution id="65b3b2c0-45ef-4690-81b3-293d7423686b" />
      <Properties>
        <Property>
          <Key>TestKind</Key>
          <Value>Test</Value>
        </Property>
      </Properties>
    </GallioTestElement>
    <GallioTestElement name="ActiveRecord_IsLoaded_ShouldBe_False_When_Record_Not_Present_Using_Key_Constructor" storage="C:\data\SubsonicRoot\ss2\SubSonic.Tests\bin\Debug\SubSonic.Tests.dll" id="63363332-3163-3262-3536-363863386531" d3p1:Gallio.TestId="236cc1b25668c8e1" d3p1:Gallio.AssemblyName="SubSonic.Tests, Version=2.2.1.0, Culture=neutral, PublicKeyToken=null" d3p1:Gallio.NamespaceName="SubSonic.Tests.SqlQuery" d3p1:Gallio.TypeName="SubSonic.Tests.SqlQuery.SelectTests" d3p1:Gallio.MemberName="ActiveRecord_IsLoaded_ShouldBe_False_When_Record_Not_Present_Using_Key_Constructor" d3p1:Gallio.ParameterName="" d3p1:Gallio.Path="C:\data\SubsonicRoot\ss2\SubSonic.Tests\SqlQuery\SelectTests.cs" d3p1:Gallio.Line="766" d3p1:Gallio.Column="0" xmlns:d3p1="http://www.gallio.org/">
      <Css projectStructure="" iteration="" />
      <Owners>
        <Owner name="" />
      </Owners>
      <Execution id="209d4e22-9518-4a20-a0a6-2c0420b8e9a9" />
      <Properties>
        <Property>
          <Key>TestKind</Key>
          <Value>Test</Value>
        </Property>
      </Properties>
    </GallioTestElement>
    <GallioTestElement name="UpdateMultipleProducts_SucceedsWithSharedConnection" storage="C:\data\SubsonicRoot\ss2\SubSonic.Tests\bin\Debug\SubSonic.Tests.dll" id="63386663-6232-3738-6538-366136653433" d3p1:Gallio.TestId="cf8c2b87e86a6e43" d3p1:Gallio.AssemblyName="SubSonic.Tests, Version=2.2.1.0, Culture=neutral, PublicKeyToken=null" d3p1:Gallio.NamespaceName="SubSonic.Tests" d3p1:Gallio.TypeName="SubSonic.Tests.TransactionWithDtcOffTests" d3p1:Gallio.MemberName="UpdateMultipleProducts_SucceedsWithSharedConnection" d3p1:Gallio.ParameterName="" d3p1:Gallio.Path="C:\data\SubsonicRoot\ss2\SubSonic.Tests\TransactionWithDtcOffTests.cs" d3p1:Gallio.Line="265" d3p1:Gallio.Column="0" xmlns:d3p1="http://www.gallio.org/">
      <Css projectStructure="" iteration="" />
      <Owners>
        <Owner name="" />
      </Owners>
      <Execution id="cc2a93a2-10b5-4896-b801-d11a56e23206" />
      <Properties>
        <Property>
          <Key>TestKind</Key>
          <Value>Test</Value>
        </Property>
      </Properties>
    </GallioTestElement>
    <GallioTestElement name="NoTransactionScope_CanRetrieveMultipleProducts" storage="C:\data\SubsonicRoot\ss2\SubSonic.Tests\bin\Debug\SubSonic.Tests.dll" id="36343739-3136-3735-3564-343338333535" d3p1:Gallio.TestId="974661575d438355" d3p1:Gallio.AssemblyName="SubSonic.Tests, Version=2.2.1.0, Culture=neutral, PublicKeyToken=null" d3p1:Gallio.NamespaceName="SubSonic.Tests" d3p1:Gallio.TypeName="SubSonic.Tests.TransactionWithDtcOffTests" d3p1:Gallio.MemberName="NoTransactionScope_CanRetrieveMultipleProducts" d3p1:Gallio.ParameterName="" d3p1:Gallio.Path="C:\data\SubsonicRoot\ss2\SubSonic.Tests\TransactionWithDtcOffTests.cs" d3p1:Gallio.Line="63" d3p1:Gallio.Column="0" xmlns:d3p1="http://www.gallio.org/">
      <Css projectStructure="" iteration="" />
      <Owners>
        <Owner name="" />
      </Owners>
      <Execution id="08433c54-088b-4689-8785-5b7a21ad017d" />
      <Properties>
        <Property>
          <Key>TestKind</Key>
          <Value>Test</Value>
        </Property>
      </Properties>
    </GallioTestElement>
    <GallioTestElement name="Select_Paged_Can_Covert_To_SqlQuery" storage="C:\data\SubsonicRoot\ss2\SubSonic.Tests\bin\Debug\SubSonic.Tests.dll" id="37366439-3339-6462-6261-376361336634" d3p1:Gallio.TestId="9d6793bdba7ca3f4" d3p1:Gallio.AssemblyName="SubSonic.Tests, Version=2.2.1.0, Culture=neutral, PublicKeyToken=null" d3p1:Gallio.NamespaceName="SubSonic.Tests.SqlQuery" d3p1:Gallio.TypeName="SubSonic.Tests.SqlQuery.SelectTests" d3p1:Gallio.MemberName="Select_Paged_Can_Covert_To_SqlQuery" d3p1:Gallio.ParameterName="" d3p1:Gallio.Path="C:\data\SubsonicRoot\ss2\SubSonic.Tests\SqlQuery\SelectTests.cs" d3p1:Gallio.Line="813" d3p1:Gallio.Column="0" xmlns:d3p1="http://www.gallio.org/">
      <Css projectStructure="" iteration="" />
      <Owners>
        <Owner name="" />
      </Owners>
      <Execution id="880da355-b492-41bb-9b8e-f0208e290fe4" />
      <Properties>
        <Property>
          <Key>TestKind</Key>
          <Value>Test</Value>
        </Property>
      </Properties>
    </GallioTestElement>
    <GallioTestElement name="Update_SimpleTyped" storage="C:\data\SubsonicRoot\ss2\SubSonic.Tests\bin\Debug\SubSonic.Tests.dll" id="38313039-3038-3435-3236-353334363431" d3p1:Gallio.TestId="9018805426534641" d3p1:Gallio.AssemblyName="SubSonic.Tests, Version=2.2.1.0, Culture=neutral, PublicKeyToken=null" d3p1:Gallio.NamespaceName="SubSonic.Tests.SqlQuery" d3p1:Gallio.TypeName="SubSonic.Tests.SqlQuery.UpdateTests" d3p1:Gallio.MemberName="Update_SimpleTyped" d3p1:Gallio.ParameterName="" d3p1:Gallio.Path="C:\data\SubsonicRoot\ss2\SubSonic.Tests\SqlQuery\UpdateTests.cs" d3p1:Gallio.Line="74" d3p1:Gallio.Column="0" xmlns:d3p1="http://www.gallio.org/">
      <Css projectStructure="" iteration="" />
      <Owners>
        <Owner name="" />
      </Owners>
      <Execution id="31b559d0-c008-4fb3-a178-6736908e1017" />
      <Properties>
        <Property>
          <Key>TestKind</Key>
          <Value>Test</Value>
        </Property>
      </Properties>
    </GallioTestElement>
    <GallioTestElement name="BatchSaveUpdateNoChanges" storage="C:\data\SubsonicRoot\ss2\SubSonic.Tests\bin\Debug\SubSonic.Tests.dll" id="30303161-6133-6431-3132-393434366232" d3p1:Gallio.TestId="a1003a1d129446b2" d3p1:Gallio.AssemblyName="SubSonic.Tests, Version=2.2.1.0, Culture=neutral, PublicKeyToken=null" d3p1:Gallio.NamespaceName="SubSonic.Tests" d3p1:Gallio.TypeName="SubSonic.Tests.ActiveListTests" d3p1:Gallio.MemberName="BatchSaveUpdateNoChanges" d3p1:Gallio.ParameterName="" d3p1:Gallio.Path="C:\data\SubsonicRoot\ss2\SubSonic.Tests\ActiveListTests.cs" d3p1:Gallio.Line="152" d3p1:Gallio.Column="0" xmlns:d3p1="http://www.gallio.org/">
      <Css projectStructure="" iteration="" />
      <Owners>
        <Owner name="" />
      </Owners>
      <Execution id="c08c3dc8-1cd3-4896-bfa7-1ce58850a081" />
      <Properties>
        <Property>
          <Key>TestKind</Key>
          <Value>Test</Value>
        </Property>
      </Properties>
    </GallioTestElement>
    <GallioTestElement name="QueryExecuteJoinedDataSet_AddBetweenAnd_WithExtraWhereCondition" storage="C:\data\SubsonicRoot\ss2\SubSonic.Tests\bin\Debug\SubSonic.Tests.dll" id="62306265-3362-6231-3064-666262373035" d3p1:Gallio.TestId="eb0bb31b0dfbb705" d3p1:Gallio.AssemblyName="SubSonic.Tests, Version=2.2.1.0, Culture=neutral, PublicKeyToken=null" d3p1:Gallio.NamespaceName="SubSonic.Tests" d3p1:Gallio.TypeName="SubSonic.Tests.QueryTest" d3p1:Gallio.MemberName="QueryExecuteJoinedDataSet_AddBetweenAnd_WithExtraWhereCondition" d3p1:Gallio.ParameterName="" d3p1:Gallio.Path="C:\data\SubsonicRoot\ss2\SubSonic.Tests\QueryTest.cs" d3p1:Gallio.Line="501" d3p1:Gallio.Column="0" xmlns:d3p1="http://www.gallio.org/">
      <Css projectStructure="" iteration="" />
      <Owners>
        <Owner name="" />
      </Owners>
      <Execution id="a5344d6f-d5d1-4dde-bfa3-c64763ad87bf" />
      <Properties>
        <Property>
          <Key>TestKind</Key>
          <Value>Test</Value>
        </Property>
      </Properties>
    </GallioTestElement>
    <GallioTestElement name="Script_AllData" storage="C:\data\SubsonicRoot\ss2\SubSonic.Tests\bin\Debug\SubSonic.Tests.dll" id="37616363-3165-3234-6265-636461393739" d3p1:Gallio.TestId="cca7e142becda979" d3p1:Gallio.AssemblyName="SubSonic.Tests, Version=2.2.1.0, Culture=neutral, PublicKeyToken=null" d3p1:Gallio.NamespaceName="SubSonic.Tests" d3p1:Gallio.TypeName="SubSonic.Tests.ScriptersTest" d3p1:Gallio.MemberName="Script_AllData" d3p1:Gallio.ParameterName="" d3p1:Gallio.Path="C:\data\SubsonicRoot\ss2\SubSonic.Tests\ScriptersTest.cs" d3p1:Gallio.Line="60" d3p1:Gallio.Column="0" xmlns:d3p1="http://www.gallio.org/">
      <Css projectStructure="" iteration="" />
      <Owners>
        <Owner name="" />
      </Owners>
      <Execution id="0304a418-95d1-419d-b9b9-736ccf43e5e7" />
      <Properties>
        <Property>
          <Key>TestKind</Key>
          <Value>Test</Value>
        </Property>
      </Properties>
    </GallioTestElement>
    <GallioTestElement name="SqlQuery_GetRecordCount_should_handle_distinct" storage="C:\data\SubsonicRoot\ss2\SubSonic.Tests\bin\Debug\SubSonic.Tests.dll" id="32646364-3839-6637-3834-303438333834" d3p1:Gallio.TestId="dcd2987f84048384" d3p1:Gallio.AssemblyName="SubSonic.Tests, Version=2.2.1.0, Culture=neutral, PublicKeyToken=null" d3p1:Gallio.NamespaceName="SubSonic.Tests.SqlQuery" d3p1:Gallio.TypeName="SubSonic.Tests.SqlQuery.SelectTests" d3p1:Gallio.MemberName="SqlQuery_GetRecordCount_should_handle_distinct" d3p1:Gallio.ParameterName="" d3p1:Gallio.Path="C:\data\SubsonicRoot\ss2\SubSonic.Tests\SqlQuery\SelectTests.cs" d3p1:Gallio.Line="740" d3p1:Gallio.Column="0" xmlns:d3p1="http://www.gallio.org/">
      <Css projectStructure="" iteration="" />
      <Owners>
        <Owner name="" />
      </Owners>
      <Execution id="6a450cf4-c972-4351-ad2d-1d683d6c1362" />
      <Properties>
        <Property>
          <Key>TestKind</Key>
          <Value>Test</Value>
        </Property>
      </Properties>
    </GallioTestElement>
    <GallioTestElement name="Objects_DeletedTest" storage="C:\data\SubsonicRoot\ss2\SubSonic.Tests\bin\Debug\SubSonic.Tests.dll" id="36356262-3834-6161-3761-656361323764" d3p1:Gallio.TestId="bb5648aa7aeca27d" d3p1:Gallio.AssemblyName="SubSonic.Tests, Version=2.2.1.0, Culture=neutral, PublicKeyToken=null" d3p1:Gallio.NamespaceName="SubSonic.Tests" d3p1:Gallio.TypeName="SubSonic.Tests.GeneratedObjectTests" d3p1:Gallio.MemberName="Objects_DeletedTest" d3p1:Gallio.ParameterName="" d3p1:Gallio.Path="C:\data\SubsonicRoot\ss2\SubSonic.Tests\GeneratedObjectTests.cs" d3p1:Gallio.Line="72" d3p1:Gallio.Column="0" xmlns:d3p1="http://www.gallio.org/">
      <Css projectStructure="" iteration="" />
      <Owners>
        <Owner name="" />
      </Owners>
      <Execution id="a4b0ffd5-fb7b-417c-bff9-eeb40c1cacad" />
      <Properties>
        <Property>
          <Key>TestKind</Key>
          <Value>Test</Value>
        </Property>
      </Properties>
    </GallioTestElement>
    <GallioTestElement name="MigrationOnDispose" storage="C:\data\SubsonicRoot\ss2\SubSonic.Tests\bin\Debug\SubSonic.Tests.dll" id="65396239-3663-6464-3863-663138363236" d3p1:Gallio.TestId="9b9ec6dd8cf18626" d3p1:Gallio.AssemblyName="SubSonic.Tests, Version=2.2.1.0, Culture=neutral, PublicKeyToken=null" d3p1:Gallio.NamespaceName="SubSonic.Tests.Migrations" d3p1:Gallio.TypeName="SubSonic.Tests.Migrations.MigrationTests" d3p1:Gallio.MemberName="MigrationOnDispose" d3p1:Gallio.ParameterName="" d3p1:Gallio.Path="C:\data\SubsonicRoot\ss2\SubSonic.Tests\Migrations\MigrationTests.cs" d3p1:Gallio.Line="232" d3p1:Gallio.Column="0" xmlns:d3p1="http://www.gallio.org/">
      <Css projectStructure="" iteration="" />
      <Owners>
        <Owner name="" />
      </Owners>
      <Execution id="243a820a-a51a-4bb0-85b1-477f665b34dd" />
      <Properties>
        <Property>
          <Key>TestKind</Key>
          <Value>Test</Value>
        </Property>
      </Properties>
    </GallioTestElement>
    <GallioTestElement name="MigrationGenerateCreateTablesSql" storage="C:\data\SubsonicRoot\ss2\SubSonic.Tests\bin\Debug\SubSonic.Tests.dll" id="35646136-3965-3537-6165-653038646466" d3p1:Gallio.TestId="6ad5e975aee08ddf" d3p1:Gallio.AssemblyName="SubSonic.Tests, Version=2.2.1.0, Culture=neutral, PublicKeyToken=null" d3p1:Gallio.NamespaceName="SubSonic.Tests.Migrations" d3p1:Gallio.TypeName="SubSonic.Tests.Migrations.MigrationTests" d3p1:Gallio.MemberName="MigrationGenerateCreateTablesSql" d3p1:Gallio.ParameterName="" d3p1:Gallio.Path="C:\data\SubsonicRoot\ss2\SubSonic.Tests\Migrations\MigrationTests.cs" d3p1:Gallio.Line="18" d3p1:Gallio.Column="0" xmlns:d3p1="http://www.gallio.org/">
      <Css projectStructure="" iteration="" />
      <Owners>
        <Owner name="" />
      </Owners>
      <Execution id="2982fe59-e778-4365-bf15-13233b36eaf8" />
      <Properties>
        <Property>
          <Key>TestKind</Key>
          <Value>Test</Value>
        </Property>
      </Properties>
    </GallioTestElement>
    <GallioTestElement name="Multiple_Providers_Should_Return_Correct_ProviderName" storage="C:\data\SubsonicRoot\ss2\SubSonic.Tests\bin\Debug\SubSonic.Tests.dll" id="39353434-6138-3765-3539-393935353720" d3p1:Gallio.TestId="44598ae75999557" d3p1:Gallio.AssemblyName="SubSonic.Tests, Version=2.2.1.0, Culture=neutral, PublicKeyToken=null" d3p1:Gallio.NamespaceName="SubSonic.Tests" d3p1:Gallio.TypeName="SubSonic.Tests.MultiProvider" d3p1:Gallio.MemberName="Multiple_Providers_Should_Return_Correct_ProviderName" d3p1:Gallio.ParameterName="" d3p1:Gallio.Path="C:\data\SubsonicRoot\ss2\SubSonic.Tests\MultiProvider.cs" d3p1:Gallio.Line="45" d3p1:Gallio.Column="0" xmlns:d3p1="http://www.gallio.org/">
      <Css projectStructure="" iteration="" />
      <Owners>
        <Owner name="" />
      </Owners>
      <Execution id="62104102-153b-4060-9a38-0605fa5c90bb" />
      <Properties>
        <Property>
          <Key>TestKind</Key>
          <Value>Test</Value>
        </Property>
      </Properties>
    </GallioTestElement>
    <GallioTestElement name="Products_CollectionLoad2" storage="C:\data\SubsonicRoot\ss2\SubSonic.Tests\bin\Debug\SubSonic.Tests.dll" id="37303935-6530-3966-6139-363564333863" d3p1:Gallio.TestId="59070ef9a965d38c" d3p1:Gallio.AssemblyName="SubSonic.Tests, Version=2.2.1.0, Culture=neutral, PublicKeyToken=null" d3p1:Gallio.NamespaceName="SubSonic.Tests.SqlQuery" d3p1:Gallio.TypeName="SubSonic.Tests.SqlQuery.SelectTests" d3p1:Gallio.MemberName="Products_CollectionLoad2" d3p1:Gallio.ParameterName="" d3p1:Gallio.Path="C:\data\SubsonicRoot\ss2\SubSonic.Tests\SqlQuery\SelectTests.cs" d3p1:Gallio.Line="574" d3p1:Gallio.Column="0" xmlns:d3p1="http://www.gallio.org/">
      <Css projectStructure="" iteration="" />
      <Owners>
        <Owner name="" />
      </Owners>
      <Execution id="aa204840-7f3c-4683-8794-dc036cb984cb" />
      <Properties>
        <Property>
          <Key>TestKind</Key>
          <Value>Test</Value>
        </Property>
      </Properties>
    </GallioTestElement>
    <GallioTestElement name="BatchSaveInsert" storage="C:\data\SubsonicRoot\ss2\SubSonic.Tests\bin\Debug\SubSonic.Tests.dll" id="38303935-6531-6638-6533-336261643232" d3p1:Gallio.TestId="59081e8fe33bad22" d3p1:Gallio.AssemblyName="SubSonic.Tests, Version=2.2.1.0, Culture=neutral, PublicKeyToken=null" d3p1:Gallio.NamespaceName="SubSonic.Tests" d3p1:Gallio.TypeName="SubSonic.Tests.ActiveListTests" d3p1:Gallio.MemberName="BatchSaveInsert" d3p1:Gallio.ParameterName="" d3p1:Gallio.Path="C:\data\SubsonicRoot\ss2\SubSonic.Tests\ActiveListTests.cs" d3p1:Gallio.Line="51" d3p1:Gallio.Column="0" xmlns:d3p1="http://www.gallio.org/">
      <Css projectStructure="" iteration="" />
      <Owners>
        <Owner name="" />
      </Owners>
      <Execution id="c46c8f31-458a-4cca-acd9-0ce27643007e" />
      <Properties>
        <Property>
          <Key>TestKind</Key>
          <Value>Test</Value>
        </Property>
      </Properties>
    </GallioTestElement>
    <GallioTestElement name="Query_IN_ArrayList" storage="C:\data\SubsonicRoot\ss2\SubSonic.Tests\bin\Debug\SubSonic.Tests.dll" id="38666238-3831-3031-6134-636336396532" d3p1:Gallio.TestId="8bf81810a4cc69e2" d3p1:Gallio.AssemblyName="SubSonic.Tests, Version=2.2.1.0, Culture=neutral, PublicKeyToken=null" d3p1:Gallio.NamespaceName="SubSonic.Tests" d3p1:Gallio.TypeName="SubSonic.Tests.QueryTest" d3p1:Gallio.MemberName="Query_IN_ArrayList" d3p1:Gallio.ParameterName="" d3p1:Gallio.Path="C:\data\SubsonicRoot\ss2\SubSonic.Tests\QueryTest.cs" d3p1:Gallio.Line="196" d3p1:Gallio.Column="0" xmlns:d3p1="http://www.gallio.org/">
      <Css projectStructure="" iteration="" />
      <Owners>
        <Owner name="" />
      </Owners>
      <Execution id="7c98ad0b-645c-4e51-b0d3-32c104116a88" />
      <Properties>
        <Property>
          <Key>TestKind</Key>
          <Value>Test</Value>
        </Property>
      </Properties>
    </GallioTestElement>
    <GallioTestElement name="Query_ORDER_BY_DESC_Collection" storage="C:\data\SubsonicRoot\ss2\SubSonic.Tests\bin\Debug\SubSonic.Tests.dll" id="30633231-3235-3233-3433-613462306261" d3p1:Gallio.TestId="12c0523243a4b0ba" d3p1:Gallio.AssemblyName="SubSonic.Tests, Version=2.2.1.0, Culture=neutral, PublicKeyToken=null" d3p1:Gallio.NamespaceName="SubSonic.Tests" d3p1:Gallio.TypeName="SubSonic.Tests.QueryTest" d3p1:Gallio.MemberName="Query_ORDER_BY_DESC_Collection" d3p1:Gallio.ParameterName="" d3p1:Gallio.Path="C:\data\SubsonicRoot\ss2\SubSonic.Tests\QueryTest.cs" d3p1:Gallio.Line="814" d3p1:Gallio.Column="0" xmlns:d3p1="http://www.gallio.org/">
      <Css projectStructure="" iteration="" />
      <Owners>
        <Owner name="" />
      </Owners>
      <Execution id="2cf80fee-00a1-48d6-b9dc-e15a59533f37" />
      <Properties>
        <Property>
          <Key>TestKind</Key>
          <Value>Test</Value>
        </Property>
      </Properties>
    </GallioTestElement>
    <GallioTestElement name="CodeGen2_VBRunSPTemplate" storage="C:\data\SubsonicRoot\ss2\SubSonic.Tests\bin\Debug\SubSonic.Tests.dll" id="33366439-6666-3362-6665-643834303438" d3p1:Gallio.TestId="9d63ffb3fed84048" d3p1:Gallio.AssemblyName="SubSonic.Tests, Version=2.2.1.0, Culture=neutral, PublicKeyToken=null" d3p1:Gallio.NamespaceName="SubSonic.Tests" d3p1:Gallio.TypeName="SubSonic.Tests.CodeGeneratorTests" d3p1:Gallio.MemberName="CodeGen2_VBRunSPTemplate" d3p1:Gallio.ParameterName="" d3p1:Gallio.Path="C:\data\SubsonicRoot\ss2\SubSonic.Tests\CodeGeneratorTests.cs" d3p1:Gallio.Line="93" d3p1:Gallio.Column="0" xmlns:d3p1="http://www.gallio.org/">
      <Css projectStructure="" iteration="" />
      <Owners>
        <Owner name="" />
      </Owners>
      <Execution id="2c0dfdbc-3636-4ac0-a97a-c3336885b367" />
      <Properties>
        <Property>
          <Key>TestKind</Key>
          <Value>Test</Value>
        </Property>
      </Properties>
    </GallioTestElement>
    <GallioTestElement name="Dates_DaysAgo" storage="C:\data\SubsonicRoot\ss2\SubSonic.Tests\bin\Debug\SubSonic.Tests.dll" id="37393663-3731-3462-6433-306432393261" d3p1:Gallio.TestId="c69717b4d30d292a" d3p1:Gallio.AssemblyName="SubSonic.Tests, Version=2.2.1.0, Culture=neutral, PublicKeyToken=null" d3p1:Gallio.NamespaceName="SubSonic.Tests" d3p1:Gallio.TypeName="SubSonic.Tests.SugarTests" d3p1:Gallio.MemberName="Dates_DaysAgo" d3p1:Gallio.ParameterName="" d3p1:Gallio.Path="C:\data\SubsonicRoot\ss2\SubSonic.Tests\SugarTests.cs" d3p1:Gallio.Line="33" d3p1:Gallio.Column="0" xmlns:d3p1="http://www.gallio.org/">
      <Css projectStructure="" iteration="" />
      <Owners>
        <Owner name="" />
      </Owners>
      <Execution id="ef1fa5b8-90c9-4f1f-aee1-50c4528be688" />
      <Properties>
        <Property>
          <Key>TestKind</Key>
          <Value>Test</Value>
        </Property>
      </Properties>
    </GallioTestElement>
    <GallioTestElement name="UpdateSingleProduct_CommitChangeToDatabase" storage="C:\data\SubsonicRoot\ss2\SubSonic.Tests\bin\Debug\SubSonic.Tests.dll" id="38313666-3734-3164-3562-616539643763" d3p1:Gallio.TestId="f61847d15bae9d7c" d3p1:Gallio.AssemblyName="SubSonic.Tests, Version=2.2.1.0, Culture=neutral, PublicKeyToken=null" d3p1:Gallio.NamespaceName="SubSonic.Tests" d3p1:Gallio.TypeName="SubSonic.Tests.TransactionWithDtcOffTests" d3p1:Gallio.MemberName="UpdateSingleProduct_CommitChangeToDatabase" d3p1:Gallio.ParameterName="" d3p1:Gallio.Path="C:\data\SubsonicRoot\ss2\SubSonic.Tests\TransactionWithDtcOffTests.cs" d3p1:Gallio.Line="218" d3p1:Gallio.Column="0" xmlns:d3p1="http://www.gallio.org/">
      <Css projectStructure="" iteration="" />
      <Owners>
        <Owner name="" />
      </Owners>
      <Execution id="461a7358-5d85-4eb3-9454-29e6ba92b1b3" />
      <Properties>
        <Property>
          <Key>TestKind</Key>
          <Value>Test</Value>
        </Property>
      </Properties>
    </GallioTestElement>
    <GallioTestElement name="ETL_CopyCollection" storage="C:\data\SubsonicRoot\ss2\SubSonic.Tests\bin\Debug\SubSonic.Tests.dll" id="36626263-6265-3532-3662-383735366136" d3p1:Gallio.TestId="cbb6eb256b8756a6" d3p1:Gallio.AssemblyName="SubSonic.Tests, Version=2.2.1.0, Culture=neutral, PublicKeyToken=null" d3p1:Gallio.NamespaceName="SubSonic.Tests" d3p1:Gallio.TypeName="SubSonic.Tests.ETL" d3p1:Gallio.MemberName="ETL_CopyCollection" d3p1:Gallio.ParameterName="" d3p1:Gallio.Path="C:\data\SubsonicRoot\ss2\SubSonic.Tests\ETL.cs" d3p1:Gallio.Line="76" d3p1:Gallio.Column="0" xmlns:d3p1="http://www.gallio.org/">
      <Css projectStructure="" iteration="" />
      <Owners>
        <Owner name="" />
      </Owners>
      <Execution id="ba308da8-0061-4be3-a050-66d85f401f87" />
      <Properties>
        <Property>
          <Key>TestKind</Key>
          <Value>Test</Value>
        </Property>
      </Properties>
    </GallioTestElement>
    <GallioTestElement name="Query_Updates" storage="C:\data\SubsonicRoot\ss2\SubSonic.Tests\bin\Debug\SubSonic.Tests.dll" id="37323732-3032-3838-3864-383533396432" d3p1:Gallio.TestId="272720888d8539d2" d3p1:Gallio.AssemblyName="SubSonic.Tests, Version=2.2.1.0, Culture=neutral, PublicKeyToken=null" d3p1:Gallio.NamespaceName="SubSonic.Tests" d3p1:Gallio.TypeName="SubSonic.Tests.QueryTest" d3p1:Gallio.MemberName="Query_Updates" d3p1:Gallio.ParameterName="" d3p1:Gallio.Path="C:\data\SubsonicRoot\ss2\SubSonic.Tests\QueryTest.cs" d3p1:Gallio.Line="76" d3p1:Gallio.Column="0" xmlns:d3p1="http://www.gallio.org/">
      <Css projectStructure="" iteration="" />
      <Owners>
        <Owner name="" />
      </Owners>
      <Execution id="14c74e70-470b-4eff-868e-b25345f02726" />
      <Properties>
        <Property>
          <Key>TestKind</Key>
          <Value>Test</Value>
        </Property>
      </Properties>
    </GallioTestElement>
    <GallioTestElement name="Exec_SimpleAnd2" storage="C:\data\SubsonicRoot\ss2\SubSonic.Tests\bin\Debug\SubSonic.Tests.dll" id="35613566-6134-6566-6133-383662393731" d3p1:Gallio.TestId="f5a54afea386b971" d3p1:Gallio.AssemblyName="SubSonic.Tests, Version=2.2.1.0, Culture=neutral, PublicKeyToken=null" d3p1:Gallio.NamespaceName="SubSonic.Tests.SqlQuery" d3p1:Gallio.TypeName="SubSonic.Tests.SqlQuery.SelectTests" d3p1:Gallio.MemberName="Exec_SimpleAnd2" d3p1:Gallio.ParameterName="" d3p1:Gallio.Path="C:\data\SubsonicRoot\ss2\SubSonic.Tests\SqlQuery\SelectTests.cs" d3p1:Gallio.Line="368" d3p1:Gallio.Column="0" xmlns:d3p1="http://www.gallio.org/">
      <Css projectStructure="" iteration="" />
      <Owners>
        <Owner name="" />
      </Owners>
      <Execution id="b88be9dd-ed36-4027-8ffc-3924eb5b0fad" />
      <Properties>
        <Property>
          <Key>TestKind</Key>
          <Value>Test</Value>
        </Property>
      </Properties>
    </GallioTestElement>
    <GallioTestElement name="Exec_MultipleInWithAnd" storage="C:\data\SubsonicRoot\ss2\SubSonic.Tests\bin\Debug\SubSonic.Tests.dll" id="38666233-6639-6231-3061-623439316639" d3p1:Gallio.TestId="3bf89f1b0ab491f9" d3p1:Gallio.AssemblyName="SubSonic.Tests, Version=2.2.1.0, Culture=neutral, PublicKeyToken=null" d3p1:Gallio.NamespaceName="SubSonic.Tests.SqlQuery" d3p1:Gallio.TypeName="SubSonic.Tests.SqlQuery.SelectTests" d3p1:Gallio.MemberName="Exec_MultipleInWithAnd" d3p1:Gallio.ParameterName="" d3p1:Gallio.Path="C:\data\SubsonicRoot\ss2\SubSonic.Tests\SqlQuery\SelectTests.cs" d3p1:Gallio.Line="424" d3p1:Gallio.Column="0" xmlns:d3p1="http://www.gallio.org/">
      <Css projectStructure="" iteration="" />
      <Owners>
        <Owner name="" />
      </Owners>
      <Execution id="073e38ce-b8ee-491a-8be4-bf2df9f8a339" />
      <Properties>
        <Property>
          <Key>TestKind</Key>
          <Value>Test</Value>
        </Property>
      </Properties>
    </GallioTestElement>
    <GallioTestElement name="Query_Expression" storage="C:\data\SubsonicRoot\ss2\SubSonic.Tests\bin\Debug\SubSonic.Tests.dll" id="31396461-6263-3831-3530-386663336136" d3p1:Gallio.TestId="ad91cb18508fc3a6" d3p1:Gallio.AssemblyName="SubSonic.Tests, Version=2.2.1.0, Culture=neutral, PublicKeyToken=null" d3p1:Gallio.NamespaceName="SubSonic.Tests" d3p1:Gallio.TypeName="SubSonic.Tests.QueryTest" d3p1:Gallio.MemberName="Query_Expression" d3p1:Gallio.ParameterName="" d3p1:Gallio.Path="C:\data\SubsonicRoot\ss2\SubSonic.Tests\QueryTest.cs" d3p1:Gallio.Line="373" d3p1:Gallio.Column="0" xmlns:d3p1="http://www.gallio.org/">
      <Css projectStructure="" iteration="" />
      <Owners>
        <Owner name="" />
      </Owners>
      <Execution id="a3671ac2-f5fb-4281-9ec1-f58d9e8395fe" />
      <Properties>
        <Property>
          <Key>TestKind</Key>
          <Value>Test</Value>
        </Property>
      </Properties>
    </GallioTestElement>
    <GallioTestElement name="Exec_Simple" storage="C:\data\SubsonicRoot\ss2\SubSonic.Tests\bin\Debug\SubSonic.Tests.dll" id="33343964-3534-6232-3333-666234643664" d3p1:Gallio.TestId="d943452b33fb4d6d" d3p1:Gallio.AssemblyName="SubSonic.Tests, Version=2.2.1.0, Culture=neutral, PublicKeyToken=null" d3p1:Gallio.NamespaceName="SubSonic.Tests.SqlQuery" d3p1:Gallio.TypeName="SubSonic.Tests.SqlQuery.SelectTests" d3p1:Gallio.MemberName="Exec_Simple" d3p1:Gallio.ParameterName="" d3p1:Gallio.Path="C:\data\SubsonicRoot\ss2\SubSonic.Tests\SqlQuery\SelectTests.cs" d3p1:Gallio.Line="29" d3p1:Gallio.Column="0" xmlns:d3p1="http://www.gallio.org/">
      <Css projectStructure="" iteration="" />
      <Owners>
        <Owner name="" />
      </Owners>
      <Execution id="d9e3f8fc-917e-4f2c-bf7b-f21d78dbfa37" />
      <Properties>
        <Property>
          <Key>TestKind</Key>
          <Value>Test</Value>
        </Property>
      </Properties>
    </GallioTestElement>
    <GallioTestElement name="DataProvider_GetRecordCount" storage="C:\data\SubsonicRoot\ss2\SubSonic.Tests\bin\Debug\SubSonic.Tests.dll" id="37366565-6438-3266-6538-323661346530" d3p1:Gallio.TestId="ee678df2e826a4e0" d3p1:Gallio.AssemblyName="SubSonic.Tests, Version=2.2.1.0, Culture=neutral, PublicKeyToken=null" d3p1:Gallio.NamespaceName="SubSonic.Tests" d3p1:Gallio.TypeName="SubSonic.Tests.DataServiceTest" d3p1:Gallio.MemberName="DataProvider_GetRecordCount" d3p1:Gallio.ParameterName="" d3p1:Gallio.Path="C:\data\SubsonicRoot\ss2\SubSonic.Tests\DataServiceTest.cs" d3p1:Gallio.Line="69" d3p1:Gallio.Column="0" xmlns:d3p1="http://www.gallio.org/">
      <Css projectStructure="" iteration="" />
      <Owners>
        <Owner name="" />
      </Owners>
      <Execution id="87da1d1b-0ab6-4c77-9762-edb5121b50d9" />
      <Properties>
        <Property>
          <Key>TestKind</Key>
          <Value>Test</Value>
        </Property>
      </Properties>
    </GallioTestElement>
    <GallioTestElement name="ExecuteJoinedDataSet_Should_Accept_Parameters" storage="C:\data\SubsonicRoot\ss2\SubSonic.Tests\bin\Debug\SubSonic.Tests.dll" id="34613564-3333-6630-6339-326535323720" d3p1:Gallio.TestId="d5a4330fc92e527" d3p1:Gallio.AssemblyName="SubSonic.Tests, Version=2.2.1.0, Culture=neutral, PublicKeyToken=null" d3p1:Gallio.NamespaceName="SubSonic.Tests" d3p1:Gallio.TypeName="SubSonic.Tests.QueryTest" d3p1:Gallio.MemberName="ExecuteJoinedDataSet_Should_Accept_Parameters" d3p1:Gallio.ParameterName="" d3p1:Gallio.Path="C:\data\SubsonicRoot\ss2\SubSonic.Tests\QueryTest.cs" d3p1:Gallio.Line="441" d3p1:Gallio.Column="0" xmlns:d3p1="http://www.gallio.org/">
      <Css projectStructure="" iteration="" />
      <Owners>
        <Owner name="" />
      </Owners>
      <Execution id="c978f73a-12b8-4a26-bed0-df4e8491a502" />
      <Properties>
        <Property>
          <Key>TestKind</Key>
          <Value>Test</Value>
        </Property>
      </Properties>
    </GallioTestElement>
    <GallioTestElement name="Object_DefaultSettings" storage="C:\data\SubsonicRoot\ss2\SubSonic.Tests\bin\Debug\SubSonic.Tests.dll" id="64353966-6638-3830-6537-383834306635" d3p1:Gallio.TestId="f95d8f08e78840f5" d3p1:Gallio.AssemblyName="SubSonic.Tests, Version=2.2.1.0, Culture=neutral, PublicKeyToken=null" d3p1:Gallio.NamespaceName="SubSonic.Tests" d3p1:Gallio.TypeName="SubSonic.Tests.GeneratedObjectTests" d3p1:Gallio.MemberName="Object_DefaultSettings" d3p1:Gallio.ParameterName="" d3p1:Gallio.Path="C:\data\SubsonicRoot\ss2\SubSonic.Tests\GeneratedObjectTests.cs" d3p1:Gallio.Line="155" d3p1:Gallio.Column="0" xmlns:d3p1="http://www.gallio.org/">
      <Css projectStructure="" iteration="" />
      <Owners>
        <Owner name="" />
      </Owners>
      <Execution id="62dc188d-e19e-42ba-81dd-995f08348eaf" />
      <Properties>
        <Property>
          <Key>TestKind</Key>
          <Value>Test</Value>
        </Property>
      </Properties>
    </GallioTestElement>
    <GallioTestElement name="Query_ORDER_BY_ExpressionDESC" storage="C:\data\SubsonicRoot\ss2\SubSonic.Tests\bin\Debug\SubSonic.Tests.dll" id="36623833-3762-6265-3433-663636363538" d3p1:Gallio.TestId="38b6b7eb43f66658" d3p1:Gallio.AssemblyName="SubSonic.Tests, Version=2.2.1.0, Culture=neutral, PublicKeyToken=null" d3p1:Gallio.NamespaceName="SubSonic.Tests" d3p1:Gallio.TypeName="SubSonic.Tests.QueryTest" d3p1:Gallio.MemberName="Query_ORDER_BY_ExpressionDESC" d3p1:Gallio.ParameterName="" d3p1:Gallio.Path="C:\data\SubsonicRoot\ss2\SubSonic.Tests\QueryTest.cs" d3p1:Gallio.Line="728" d3p1:Gallio.Column="0" xmlns:d3p1="http://www.gallio.org/">
      <Css projectStructure="" iteration="" />
      <Owners>
        <Owner name="" />
      </Owners>
      <Execution id="c0359914-1ed5-4586-b0ed-ec7f27443861" />
      <Properties>
        <Property>
          <Key>TestKind</Key>
          <Value>Test</Value>
        </Property>
      </Properties>
    </GallioTestElement>
    <GallioTestElement name="MigrationShouldCreateAndDropTestTable" storage="C:\data\SubsonicRoot\ss2\SubSonic.Tests\bin\Debug\SubSonic.Tests.dll" id="32656663-6139-3066-3038-373030393463" d3p1:Gallio.TestId="cfe29af00870094c" d3p1:Gallio.AssemblyName="SubSonic.Tests, Version=2.2.1.0, Culture=neutral, PublicKeyToken=null" d3p1:Gallio.NamespaceName="SubSonic.Tests.Migrations" d3p1:Gallio.TypeName="SubSonic.Tests.Migrations.MigrationTests" d3p1:Gallio.MemberName="MigrationShouldCreateAndDropTestTable" d3p1:Gallio.ParameterName="" d3p1:Gallio.Path="C:\data\SubsonicRoot\ss2\SubSonic.Tests\Migrations\MigrationTests.cs" d3p1:Gallio.Line="184" d3p1:Gallio.Column="0" xmlns:d3p1="http://www.gallio.org/">
      <Css projectStructure="" iteration="" />
      <Owners>
        <Owner name="" />
      </Owners>
      <Execution id="73c388c8-7232-4856-b371-abf89943bdf7" />
      <Properties>
        <Property>
          <Key>TestKind</Key>
          <Value>Test</Value>
        </Property>
      </Properties>
    </GallioTestElement>
    <GallioTestElement name="Exec_SimpleJoin3" storage="C:\data\SubsonicRoot\ss2\SubSonic.Tests\bin\Debug\SubSonic.Tests.dll" id="34333337-3663-3336-6365-653438333863" d3p1:Gallio.TestId="7334c663cee4838c" d3p1:Gallio.AssemblyName="SubSonic.Tests, Version=2.2.1.0, Culture=neutral, PublicKeyToken=null" d3p1:Gallio.NamespaceName="SubSonic.Tests.SqlQuery" d3p1:Gallio.TypeName="SubSonic.Tests.SqlQuery.SelectTests" d3p1:Gallio.MemberName="Exec_SimpleJoin3" d3p1:Gallio.ParameterName="" d3p1:Gallio.Path="C:\data\SubsonicRoot\ss2\SubSonic.Tests\SqlQuery\SelectTests.cs" d3p1:Gallio.Line="106" d3p1:Gallio.Column="0" xmlns:d3p1="http://www.gallio.org/">
      <Css projectStructure="" iteration="" />
      <Owners>
        <Owner name="" />
      </Owners>
      <Execution id="320170e8-284e-41f4-b57b-1c185281fce2" />
      <Properties>
        <Property>
          <Key>TestKind</Key>
          <Value>Test</Value>
        </Property>
      </Properties>
    </GallioTestElement>
    <GallioTestElement name="SqlQuery_Can_Compare_Columns" storage="C:\data\SubsonicRoot\ss2\SubSonic.Tests\bin\Debug\SubSonic.Tests.dll" id="30666432-6535-3363-6465-653531316639" d3p1:Gallio.TestId="2df05ec3dee511f9" d3p1:Gallio.AssemblyName="SubSonic.Tests, Version=2.2.1.0, Culture=neutral, PublicKeyToken=null" d3p1:Gallio.NamespaceName="SubSonic.Tests.SqlQuery" d3p1:Gallio.TypeName="SubSonic.Tests.SqlQuery.SelectTests" d3p1:Gallio.MemberName="SqlQuery_Can_Compare_Columns" d3p1:Gallio.ParameterName="" d3p1:Gallio.Path="C:\data\SubsonicRoot\ss2\SubSonic.Tests\SqlQuery\SelectTests.cs" d3p1:Gallio.Line="747" d3p1:Gallio.Column="0" xmlns:d3p1="http://www.gallio.org/">
      <Css projectStructure="" iteration="" />
      <Owners>
        <Owner name="" />
      </Owners>
      <Execution id="4705de57-2f96-4777-a5a3-6aec96119c0b" />
      <Properties>
        <Property>
          <Key>TestKind</Key>
          <Value>Test</Value>
        </Property>
      </Properties>
    </GallioTestElement>
    <GallioTestElement name="MigrationMySql" storage="C:\data\SubsonicRoot\ss2\SubSonic.Tests\bin\Debug\SubSonic.Tests.dll" id="63626134-6462-3533-3539-366637373162" d3p1:Gallio.TestId="4abcbd35596f771b" d3p1:Gallio.AssemblyName="SubSonic.Tests, Version=2.2.1.0, Culture=neutral, PublicKeyToken=null" d3p1:Gallio.NamespaceName="SubSonic.Tests.Migrations" d3p1:Gallio.TypeName="SubSonic.Tests.Migrations.MigrationTests" d3p1:Gallio.MemberName="MigrationMySql" d3p1:Gallio.ParameterName="" d3p1:Gallio.Path="C:\data\SubsonicRoot\ss2\SubSonic.Tests\Migrations\MigrationTests.cs" d3p1:Gallio.Line="265" d3p1:Gallio.Column="0" xmlns:d3p1="http://www.gallio.org/">
      <Css projectStructure="" iteration="" />
      <Owners>
        <Owner name="" />
      </Owners>
      <Execution id="67db07ef-e422-4256-a303-c23b97fc416d" />
      <Properties>
        <Property>
          <Key>TestKind</Key>
          <Value>Test</Value>
        </Property>
      </Properties>
    </GallioTestElement>
    <GallioTestElement name="Products_Sample" storage="C:\data\SubsonicRoot\ss2\SubSonic.Tests\bin\Debug\SubSonic.Tests.dll" id="36396661-6130-6232-6332-663131373964" d3p1:Gallio.TestId="af960a2bc2f1179d" d3p1:Gallio.AssemblyName="SubSonic.Tests, Version=2.2.1.0, Culture=neutral, PublicKeyToken=null" d3p1:Gallio.NamespaceName="SubSonic.Tests.SqlQuery" d3p1:Gallio.TypeName="SubSonic.Tests.SqlQuery.SelectTests" d3p1:Gallio.MemberName="Products_Sample" d3p1:Gallio.ParameterName="" d3p1:Gallio.Path="C:\data\SubsonicRoot\ss2\SubSonic.Tests\SqlQuery\SelectTests.cs" d3p1:Gallio.Line="556" d3p1:Gallio.Column="0" xmlns:d3p1="http://www.gallio.org/">
      <Css projectStructure="" iteration="" />
      <Owners>
        <Owner name="" />
      </Owners>
      <Execution id="22491fad-60bc-4433-9c56-1e15b3267950" />
      <Properties>
        <Property>
          <Key>TestKind</Key>
          <Value>Test</Value>
        </Property>
      </Properties>
    </GallioTestElement>
    <GallioTestElement name="Add_Column" storage="C:\data\SubsonicRoot\ss2\SubSonic.Tests\bin\Debug\SubSonic.Tests.dll" id="34333866-3436-3466-3566-346262393830" d3p1:Gallio.TestId="f83464f45f4bb980" d3p1:Gallio.AssemblyName="SubSonic.Tests, Version=2.2.1.0, Culture=neutral, PublicKeyToken=null" d3p1:Gallio.NamespaceName="SubSonic.Tests.SqlGenerators" d3p1:Gallio.TypeName="SubSonic.Tests.SqlGenerators.MySqlGeneratorTests" d3p1:Gallio.MemberName="Add_Column" d3p1:Gallio.ParameterName="" d3p1:Gallio.Path="C:\data\SubsonicRoot\ss2\SubSonic.Tests\SqlGenerators\MySqlGeneratorTests.cs" d3p1:Gallio.Line="46" d3p1:Gallio.Column="0" xmlns:d3p1="http://www.gallio.org/">
      <Css projectStructure="" iteration="" />
      <Owners>
        <Owner name="" />
      </Owners>
      <Execution id="74c85849-fb73-4209-8858-52c3400d26e7" />
      <Properties>
        <Property>
          <Key>TestKind</Key>
          <Value>Test</Value>
        </Property>
      </Properties>
    </GallioTestElement>
    <GallioTestElement name="Query_PagingTest_View" storage="C:\data\SubsonicRoot\ss2\SubSonic.Tests\bin\Debug\SubSonic.Tests.dll" id="34636463-3037-3833-3231-313939653534" d3p1:Gallio.TestId="cdc4703821199e54" d3p1:Gallio.AssemblyName="SubSonic.Tests, Version=2.2.1.0, Culture=neutral, PublicKeyToken=null" d3p1:Gallio.NamespaceName="SubSonic.Tests" d3p1:Gallio.TypeName="SubSonic.Tests.QueryTest" d3p1:Gallio.MemberName="Query_PagingTest_View" d3p1:Gallio.ParameterName="" d3p1:Gallio.Path="C:\data\SubsonicRoot\ss2\SubSonic.Tests\QueryTest.cs" d3p1:Gallio.Line="411" d3p1:Gallio.Column="0" xmlns:d3p1="http://www.gallio.org/">
      <Css projectStructure="" iteration="" />
      <Owners>
        <Owner name="" />
      </Owners>
      <Execution id="48df0cc4-3621-48a2-8e89-0a9240aada01" />
      <Properties>
        <Property>
          <Key>TestKind</Key>
          <Value>Test</Value>
        </Property>
      </Properties>
    </GallioTestElement>
    <GallioTestElement name="CanNestSharedConnections" storage="C:\data\SubsonicRoot\ss2\SubSonic.Tests\bin\Debug\SubSonic.Tests.dll" id="66366662-3463-3336-6161-343639316166" d3p1:Gallio.TestId="bf6fc463aa4691af" d3p1:Gallio.AssemblyName="SubSonic.Tests, Version=2.2.1.0, Culture=neutral, PublicKeyToken=null" d3p1:Gallio.NamespaceName="SubSonic.Tests" d3p1:Gallio.TypeName="SubSonic.Tests.TransactionWithDtcOffTests" d3p1:Gallio.MemberName="CanNestSharedConnections" d3p1:Gallio.ParameterName="" d3p1:Gallio.Path="C:\data\SubsonicRoot\ss2\SubSonic.Tests\TransactionWithDtcOffTests.cs" d3p1:Gallio.Line="287" d3p1:Gallio.Column="0" xmlns:d3p1="http://www.gallio.org/">
      <Css projectStructure="" iteration="" />
      <Owners>
        <Owner name="" />
      </Owners>
      <Execution id="f86de931-5fe7-4342-8edf-e1bc21e66c82" />
      <Properties>
        <Property>
          <Key>TestKind</Key>
          <Value>Test</Value>
        </Property>
      </Properties>
    </GallioTestElement>
    <GallioTestElement name="Exec_SimpleOr2" storage="C:\data\SubsonicRoot\ss2\SubSonic.Tests\bin\Debug\SubSonic.Tests.dll" id="30643333-3264-6435-6665-636266366231" d3p1:Gallio.TestId="33d0d25dfecbf6b1" d3p1:Gallio.AssemblyName="SubSonic.Tests, Version=2.2.1.0, Culture=neutral, PublicKeyToken=null" d3p1:Gallio.NamespaceName="SubSonic.Tests.SqlQuery" d3p1:Gallio.TypeName="SubSonic.Tests.SqlQuery.SelectTests" d3p1:Gallio.MemberName="Exec_SimpleOr2" d3p1:Gallio.ParameterName="" d3p1:Gallio.Path="C:\data\SubsonicRoot\ss2\SubSonic.Tests\SqlQuery\SelectTests.cs" d3p1:Gallio.Line="455" d3p1:Gallio.Column="0" xmlns:d3p1="http://www.gallio.org/">
      <Css projectStructure="" iteration="" />
      <Owners>
        <Owner name="" />
      </Owners>
      <Execution id="dc8262e7-e4c2-4ca2-af70-499d587dd2a3" />
      <Properties>
        <Property>
          <Key>TestKind</Key>
          <Value>Test</Value>
        </Property>
      </Properties>
    </GallioTestElement>
    <GallioTestElement name="Insert_SimpleWithSelectAndSchema" storage="C:\data\SubsonicRoot\ss2\SubSonic.Tests\bin\Debug\SubSonic.Tests.dll" id="35316561-6133-6662-3932-333934613537" d3p1:Gallio.TestId="ae153abf92394a57" d3p1:Gallio.AssemblyName="SubSonic.Tests, Version=2.2.1.0, Culture=neutral, PublicKeyToken=null" d3p1:Gallio.NamespaceName="SubSonic.Tests.SqlQuery" d3p1:Gallio.TypeName="SubSonic.Tests.SqlQuery.InsertTests" d3p1:Gallio.MemberName="Insert_SimpleWithSelectAndSchema" d3p1:Gallio.ParameterName="" d3p1:Gallio.Path="C:\data\SubsonicRoot\ss2\SubSonic.Tests\SqlQuery\InsertTests.cs" d3p1:Gallio.Line="49" d3p1:Gallio.Column="0" xmlns:d3p1="http://www.gallio.org/">
      <Css projectStructure="" iteration="" />
      <Owners>
        <Owner name="" />
      </Owners>
      <Execution id="e160adff-1e8d-43c4-b382-b3d1cbe9c238" />
      <Properties>
        <Property>
          <Key>TestKind</Key>
          <Value>Test</Value>
        </Property>
      </Properties>
    </GallioTestElement>
    <GallioTestElement name="SP_Should_Execute_Without_Parameter" storage="C:\data\SubsonicRoot\ss2\SubSonic.Tests\bin\Debug\SubSonic.Tests.dll" id="38646135-6366-3437-6466-366133353237" d3p1:Gallio.TestId="5ad8fc74df6a3527" d3p1:Gallio.AssemblyName="SubSonic.Tests, Version=2.2.1.0, Culture=neutral, PublicKeyToken=null" d3p1:Gallio.NamespaceName="SubSonic.Tests" d3p1:Gallio.TypeName="SubSonic.Tests.SPs" d3p1:Gallio.MemberName="SP_Should_Execute_Without_Parameter" d3p1:Gallio.ParameterName="" d3p1:Gallio.Path="C:\data\SubsonicRoot\ss2\SubSonic.Tests\SPs.cs" d3p1:Gallio.Line="203" d3p1:Gallio.Column="0" xmlns:d3p1="http://www.gallio.org/">
      <Css projectStructure="" iteration="" />
      <Owners>
        <Owner name="" />
      </Owners>
      <Execution id="068b64fa-401c-432d-be49-e2647cc83f78" />
      <Properties>
        <Property>
          <Key>TestKind</Key>
          <Value>Test</Value>
        </Property>
      </Properties>
    </GallioTestElement>
  </TestDefinitions>
  <TestLists>
    <TestList name="Results Not in a List" id="8c84fa94-04c1-424b-9868-57a2d4851a1d" />
    <TestList name="All Loaded Results" id="19431567-8539-422a-85d7-44ee4e166bda" />
  </TestLists>
  <TestEntries>
    <TestEntry testId="34623037-3239-3161-3465-313033663332" executionId="276b48a5-88dd-4c5e-99bd-9dfb2da2632e" testListId="8c84fa94-04c1-424b-9868-57a2d4851a1d" />
    <TestEntry testId="61666333-3266-6234-3530-386163366266" executionId="b9aa187e-7e61-41d5-b9bb-04bc903de852" testListId="8c84fa94-04c1-424b-9868-57a2d4851a1d" />
    <TestEntry testId="36623833-3762-6265-3433-663636363538" executionId="c0359914-1ed5-4586-b0ed-ec7f27443861" testListId="8c84fa94-04c1-424b-9868-57a2d4851a1d" />
    <TestEntry testId="65376331-3533-6261-3266-646431396330" executionId="8d5f9a8f-3adb-4697-b377-ce082f1c3a8d" testListId="8c84fa94-04c1-424b-9868-57a2d4851a1d" />
    <TestEntry testId="64376133-3939-6362-3864-346632306662" executionId="8d4dd4b9-4e87-4316-91bf-921a1aa7a5a6" testListId="8c84fa94-04c1-424b-9868-57a2d4851a1d" />
    <TestEntry testId="62663937-6634-3166-6265-653033643764" executionId="02b3852e-3582-49f3-876b-85d3834ef5e6" testListId="8c84fa94-04c1-424b-9868-57a2d4851a1d" />
    <TestEntry testId="63313563-3364-3637-3364-386663643465" executionId="b91c61fc-af05-4a78-9daf-4aa499830d39" testListId="8c84fa94-04c1-424b-9868-57a2d4851a1d" />
    <TestEntry testId="37633038-3032-6437-6232-623762313132" executionId="46ef16f2-45b4-478c-b339-eaf3a548143a" testListId="8c84fa94-04c1-424b-9868-57a2d4851a1d" />
    <TestEntry testId="35323061-3337-6263-6636-306665386330" executionId="17df240b-b6df-41e6-9932-ea539cca4313" testListId="8c84fa94-04c1-424b-9868-57a2d4851a1d" />
    <TestEntry testId="63346361-3535-6161-3937-623466373832" executionId="8b0f797a-4b46-4c5d-b52b-b38261ced55a" testListId="8c84fa94-04c1-424b-9868-57a2d4851a1d" />
    <TestEntry testId="64616637-6238-6366-6433-356639616562" executionId="6a22db98-eca6-49c6-a2c2-26edcaef82c8" testListId="8c84fa94-04c1-424b-9868-57a2d4851a1d" />
    <TestEntry testId="38666134-6331-3237-6639-383161613237" executionId="127dc410-60c6-475a-8ca4-4fb753bde0c8" testListId="8c84fa94-04c1-424b-9868-57a2d4851a1d" />
    <TestEntry testId="38613566-3361-3662-3863-666434356565" executionId="a64b5f26-e0ca-4991-ae90-04844dd509af" testListId="8c84fa94-04c1-424b-9868-57a2d4851a1d" />
    <TestEntry testId="36323535-3366-6438-6136-323234346365" executionId="2409e732-8abb-4e38-b78f-48d68a2e8f1f" testListId="8c84fa94-04c1-424b-9868-57a2d4851a1d" />
    <TestEntry testId="38633261-6638-3431-6434-303533653339" executionId="772df437-f731-42b2-ada3-4dbf58adecdc" testListId="8c84fa94-04c1-424b-9868-57a2d4851a1d" />
    <TestEntry testId="39636161-6239-3161-6437-396262613339" executionId="1738f813-e4d5-42f3-98f7-80bac06cec57" testListId="8c84fa94-04c1-424b-9868-57a2d4851a1d" />
    <TestEntry testId="33666463-3431-3861-6461-303663343430" executionId="90644862-9130-4ee4-b5ad-e9c6994d46da" testListId="8c84fa94-04c1-424b-9868-57a2d4851a1d" />
    <TestEntry testId="34323861-3665-6233-6466-356665393136" executionId="6196188d-fd49-46e2-ab32-32ab7a128e99" testListId="8c84fa94-04c1-424b-9868-57a2d4851a1d" />
    <TestEntry testId="33386237-3530-3631-3134-343932323634" executionId="a3892206-3eb3-432a-95b8-9236709d1039" testListId="8c84fa94-04c1-424b-9868-57a2d4851a1d" />
    <TestEntry testId="32653336-3539-3865-3262-306530633730" executionId="33e9f0a9-8bc3-41ad-8f0c-14cf6cfebcdb" testListId="8c84fa94-04c1-424b-9868-57a2d4851a1d" />
    <TestEntry testId="65313837-6233-3263-3734-653235356261" executionId="e4949deb-dff2-4eed-80cd-fda6b8a8f327" testListId="8c84fa94-04c1-424b-9868-57a2d4851a1d" />
    <TestEntry testId="30633231-3235-3233-3433-613462306261" executionId="2cf80fee-00a1-48d6-b9dc-e15a59533f37" testListId="8c84fa94-04c1-424b-9868-57a2d4851a1d" />
    <TestEntry testId="33636334-3865-6330-3561-633065323439" executionId="0fac93fb-d101-47cf-a92c-350a9867d37d" testListId="8c84fa94-04c1-424b-9868-57a2d4851a1d" />
    <TestEntry testId="36636231-3664-6163-6232-393761313033" executionId="cc8c5334-b021-4da3-914a-2390ccef9441" testListId="8c84fa94-04c1-424b-9868-57a2d4851a1d" />
    <TestEntry testId="36666662-3765-6632-3564-393932356431" executionId="5c963cae-3134-4ce0-a6de-b171668eb244" testListId="8c84fa94-04c1-424b-9868-57a2d4851a1d" />
    <TestEntry testId="66306538-3137-3831-3738-326664323163" executionId="47d92f49-b7e1-4583-9a5f-1ffeeafb717e" testListId="8c84fa94-04c1-424b-9868-57a2d4851a1d" />
    <TestEntry testId="38346334-3139-3830-3133-646334656231" executionId="0a8e387a-614c-4720-b55b-c84f46ad3408" testListId="8c84fa94-04c1-424b-9868-57a2d4851a1d" />
    <TestEntry testId="39616238-3164-3166-3731-663263303938" executionId="6a08ce7d-360b-4b8c-91be-d3fc55173e03" testListId="8c84fa94-04c1-424b-9868-57a2d4851a1d" />
    <TestEntry testId="63636332-3339-6337-3061-343836346165" executionId="57992379-7da1-49f0-b896-eb61b168f850" testListId="8c84fa94-04c1-424b-9868-57a2d4851a1d" />
    <TestEntry testId="38666238-3831-3031-6134-636336396532" executionId="7c98ad0b-645c-4e51-b0d3-32c104116a88" testListId="8c84fa94-04c1-424b-9868-57a2d4851a1d" />
    <TestEntry testId="38303864-3261-6333-3935-333730353165" executionId="a0a6a545-5a0c-4b67-8d5e-c06747e9018e" testListId="8c84fa94-04c1-424b-9868-57a2d4851a1d" />
    <TestEntry testId="37323732-3032-3838-3864-383533396432" executionId="14c74e70-470b-4eff-868e-b25345f02726" testListId="8c84fa94-04c1-424b-9868-57a2d4851a1d" />
    <TestEntry testId="34623063-3134-6264-6332-363331663432" executionId="78a630f3-c5a4-4846-814c-f65ca446c7f1" testListId="8c84fa94-04c1-424b-9868-57a2d4851a1d" />
    <TestEntry testId="39616233-6566-6164-3166-323034333035" executionId="01630eb2-0b99-4bb1-8a0b-69281d2e54ff" testListId="8c84fa94-04c1-424b-9868-57a2d4851a1d" />
    <TestEntry testId="36656134-6461-6638-3730-343165666239" executionId="e6522e0c-e0d0-4dfc-83a0-7931fee4287c" testListId="8c84fa94-04c1-424b-9868-57a2d4851a1d" />
    <TestEntry testId="62306163-3831-3637-3237-323463366137" executionId="53fa6e4c-b1fe-4f53-9467-3518a1203865" testListId="8c84fa94-04c1-424b-9868-57a2d4851a1d" />
    <TestEntry testId="61393538-6534-6663-6333-316664363533" executionId="ad188639-ccab-4272-adca-989e3ab47e35" testListId="8c84fa94-04c1-424b-9868-57a2d4851a1d" />
    <TestEntry testId="33616262-3433-3332-6365-393165623662" executionId="be2e62b5-1ee8-42c3-8ccc-e906dceebcf4" testListId="8c84fa94-04c1-424b-9868-57a2d4851a1d" />
    <TestEntry testId="65316165-6439-3163-6334-633531613862" executionId="a012ce07-4a72-4d73-9f3f-9efbed621184" testListId="8c84fa94-04c1-424b-9868-57a2d4851a1d" />
    <TestEntry testId="38356438-6537-6132-3330-376164386337" executionId="cb0f9506-10bf-4c6d-b551-7446bc9380f6" testListId="8c84fa94-04c1-424b-9868-57a2d4851a1d" />
    <TestEntry testId="62306265-3362-6231-3064-666262373035" executionId="a5344d6f-d5d1-4dde-bfa3-c64763ad87bf" testListId="8c84fa94-04c1-424b-9868-57a2d4851a1d" />
    <TestEntry testId="36303738-3739-3761-6633-376365663932" executionId="828ecbf9-17bf-4660-8833-9ad1001ac90b" testListId="8c84fa94-04c1-424b-9868-57a2d4851a1d" />
    <TestEntry testId="39613463-3364-3533-3334-626339313138" executionId="c542344f-8d94-44ef-997d-145c85c83e53" testListId="8c84fa94-04c1-424b-9868-57a2d4851a1d" />
    <TestEntry testId="35623063-3465-3033-3863-303739383161" executionId="e37ccb24-37d7-4b99-8c19-1c503668051c" testListId="8c84fa94-04c1-424b-9868-57a2d4851a1d" />
    <TestEntry testId="61326439-3964-3863-3232-373335653832" executionId="5cd3fa6c-3bbd-4e62-bf19-2048b3fee0a6" testListId="8c84fa94-04c1-424b-9868-57a2d4851a1d" />
    <TestEntry testId="31333766-6463-3763-3231-636531353732" executionId="46769bfe-bae7-4e51-a667-ffe48d889131" testListId="8c84fa94-04c1-424b-9868-57a2d4851a1d" />
    <TestEntry testId="34636463-3037-3833-3231-313939653534" executionId="48df0cc4-3621-48a2-8e89-0a9240aada01" testListId="8c84fa94-04c1-424b-9868-57a2d4851a1d" />
    <TestEntry testId="31386135-3663-3864-6463-363765666261" executionId="6e835e20-0f6c-4423-9b09-bc76cc332eea" testListId="8c84fa94-04c1-424b-9868-57a2d4851a1d" />
    <TestEntry testId="31396461-6263-3831-3530-386663336136" executionId="a3671ac2-f5fb-4281-9ec1-f58d9e8395fe" testListId="8c84fa94-04c1-424b-9868-57a2d4851a1d" />
    <TestEntry testId="35643139-3234-3939-6131-653933656563" executionId="ddcadd35-d1d6-446f-804d-b6061b20cc8f" testListId="8c84fa94-04c1-424b-9868-57a2d4851a1d" />
    <TestEntry testId="64663966-3733-3330-3861-316538653237" executionId="9ccad33b-1694-4ee5-9ac2-0102fd09cc1b" testListId="8c84fa94-04c1-424b-9868-57a2d4851a1d" />
    <TestEntry testId="34326365-3339-6662-6166-666536613536" executionId="f3a248f4-a446-431b-bb90-f24ee5b9439e" testListId="8c84fa94-04c1-424b-9868-57a2d4851a1d" />
    <TestEntry testId="34613564-3333-6630-6339-326535323720" executionId="c978f73a-12b8-4a26-bed0-df4e8491a502" testListId="8c84fa94-04c1-424b-9868-57a2d4851a1d" />
    <TestEntry testId="36393532-3465-3736-6666-653534323636" executionId="ceee78c1-1710-40e6-ae73-f902d4110afd" testListId="8c84fa94-04c1-424b-9868-57a2d4851a1d" />
    <TestEntry testId="34343862-3139-3036-6466-336266633136" executionId="ea3d6b56-4814-4a16-963c-629ddac39734" testListId="8c84fa94-04c1-424b-9868-57a2d4851a1d" />
    <TestEntry testId="31383035-3336-6333-3866-326662363266" executionId="5b5ec813-042b-4b74-a5a2-ff465eeeb336" testListId="8c84fa94-04c1-424b-9868-57a2d4851a1d" />
    <TestEntry testId="63633236-3134-3430-6332-633831373661" executionId="fd05ff64-e2f2-478b-b662-bf0f40414544" testListId="8c84fa94-04c1-424b-9868-57a2d4851a1d" />
    <TestEntry testId="32636137-3861-6464-6364-313063303039" executionId="1d509bdb-2879-403b-8d2e-c7920260f042" testListId="8c84fa94-04c1-424b-9868-57a2d4851a1d" />
    <TestEntry testId="32646132-3232-3436-6237-306264386436" executionId="4ddeebae-16ab-40c9-8326-0196f73083b5" testListId="8c84fa94-04c1-424b-9868-57a2d4851a1d" />
    <TestEntry testId="37303961-3263-6162-3964-663366396261" executionId="ba337917-4e87-444c-9d04-c794ce7fbd3a" testListId="8c84fa94-04c1-424b-9868-57a2d4851a1d" />
    <TestEntry testId="32383265-3161-3633-3036-376364303332" executionId="08b769c4-2dec-4c05-9981-59d444db212f" testListId="8c84fa94-04c1-424b-9868-57a2d4851a1d" />
    <TestEntry testId="30653063-3138-6133-3865-323463356166" executionId="6a62ccf5-977a-4461-8598-fe12df5e377d" testListId="8c84fa94-04c1-424b-9868-57a2d4851a1d" />
    <TestEntry testId="62336135-3036-6238-3232-653933386161" executionId="11bd0bec-bfd7-460a-894c-9d8f95731577" testListId="8c84fa94-04c1-424b-9868-57a2d4851a1d" />
    <TestEntry testId="39633961-3237-3131-3932-653761373464" executionId="ff485ab4-6737-4cef-b168-a4685c75d66d" testListId="8c84fa94-04c1-424b-9868-57a2d4851a1d" />
    <TestEntry testId="65396661-6165-3662-3732-653334663363" executionId="f9dff22b-e3e6-4ceb-a7e7-73127a1d3b3b" testListId="8c84fa94-04c1-424b-9868-57a2d4851a1d" />
    <TestEntry testId="65333334-3937-3330-3035-303365373931" executionId="49379e3f-b0dc-437f-965c-1241c87e4548" testListId="8c84fa94-04c1-424b-9868-57a2d4851a1d" />
    <TestEntry testId="34663538-3537-3438-3862-353532386466" executionId="232120ee-b16d-4200-9d66-9a4735efc022" testListId="8c84fa94-04c1-424b-9868-57a2d4851a1d" />
    <TestEntry testId="38646135-6366-3437-6466-366133353237" executionId="068b64fa-401c-432d-be49-e2647cc83f78" testListId="8c84fa94-04c1-424b-9868-57a2d4851a1d" />
    <TestEntry testId="30363137-3636-6231-6135-623466383720" executionId="9bd2db73-42b0-430e-b0b8-24ab9e4f939a" testListId="8c84fa94-04c1-424b-9868-57a2d4851a1d" />
    <TestEntry testId="65336138-6337-6266-6630-363466646364" executionId="bac6b8a9-c809-4f96-a2f2-88e9310de5d6" testListId="8c84fa94-04c1-424b-9868-57a2d4851a1d" />
    <TestEntry testId="33623435-3538-3966-3835-656133616461" executionId="e55363e0-5c51-4bd5-a252-32e6808ad32a" testListId="8c84fa94-04c1-424b-9868-57a2d4851a1d" />
    <TestEntry testId="34643432-6131-3166-6439-386364336362" executionId="cddae1e4-7095-4488-bfac-201a89eae9d5" testListId="8c84fa94-04c1-424b-9868-57a2d4851a1d" />
    <TestEntry testId="62313035-6664-6166-3464-623430376533" executionId="c70ef963-a410-48f5-a95f-91eeb5826119" testListId="8c84fa94-04c1-424b-9868-57a2d4851a1d" />
    <TestEntry testId="61393865-3066-6535-6335-363961393032" executionId="88c917fa-d790-4f81-ba61-db01111fc990" testListId="8c84fa94-04c1-424b-9868-57a2d4851a1d" />
    <TestEntry testId="34393161-6663-6632-3732-666130646133" executionId="663eb22d-e3bc-42c6-8bf2-8124a7891c63" testListId="8c84fa94-04c1-424b-9868-57a2d4851a1d" />
    <TestEntry testId="64623865-6262-3639-3537-316236623731" executionId="6967c0d9-c84f-4bb9-81ee-7e60327056da" testListId="8c84fa94-04c1-424b-9868-57a2d4851a1d" />
    <TestEntry testId="36363364-6363-6564-3438-323431393066" executionId="e43f7798-b10b-443f-bd34-3e385f6ba92e" testListId="8c84fa94-04c1-424b-9868-57a2d4851a1d" />
    <TestEntry testId="37373262-3663-3537-3537-323039356636" executionId="2fd5d09f-306e-41bb-bca6-c70c0ee27c68" testListId="8c84fa94-04c1-424b-9868-57a2d4851a1d" />
    <TestEntry testId="62363334-6333-6161-3861-306464613235" executionId="98eb5652-dce7-44d1-8340-0a11a0e43175" testListId="8c84fa94-04c1-424b-9868-57a2d4851a1d" />
    <TestEntry testId="65333663-3334-6164-3466-393832396536" executionId="7bf834d6-cd6d-47a6-a584-2560d2815721" testListId="8c84fa94-04c1-424b-9868-57a2d4851a1d" />
    <TestEntry testId="38303935-6531-6638-6533-336261643232" executionId="c46c8f31-458a-4cca-acd9-0ce27643007e" testListId="8c84fa94-04c1-424b-9868-57a2d4851a1d" />
    <TestEntry testId="64383238-3464-3732-3037-623231626265" executionId="c77b1cc2-c6cd-4172-8a43-5648efc304e8" testListId="8c84fa94-04c1-424b-9868-57a2d4851a1d" />
    <TestEntry testId="63303163-6233-3662-6133-313330326435" executionId="8f059afb-6c2b-44f0-8b60-d5a1310734ee" testListId="8c84fa94-04c1-424b-9868-57a2d4851a1d" />
    <TestEntry testId="30303161-6133-6431-3132-393434366232" executionId="c08c3dc8-1cd3-4896-bfa7-1ce58850a081" testListId="8c84fa94-04c1-424b-9868-57a2d4851a1d" />
    <TestEntry testId="36306364-6165-6533-6235-656366666320" executionId="e19f0c77-bc7b-489e-837c-9a5b83f0a13b" testListId="8c84fa94-04c1-424b-9868-57a2d4851a1d" />
    <TestEntry testId="30343265-3635-6630-3538-333139356434" executionId="a9981408-9b57-437f-8c91-279142251b53" testListId="8c84fa94-04c1-424b-9868-57a2d4851a1d" />
    <TestEntry testId="39353434-6138-3765-3539-393935353720" executionId="62104102-153b-4060-9a38-0605fa5c90bb" testListId="8c84fa94-04c1-424b-9868-57a2d4851a1d" />
    <TestEntry testId="65306563-3061-3464-6262-656261343435" executionId="99a94fce-6d8b-4470-9e3b-5872d026bbd6" testListId="8c84fa94-04c1-424b-9868-57a2d4851a1d" />
    <TestEntry testId="36356262-3834-6161-3761-656361323764" executionId="a4b0ffd5-fb7b-417c-bff9-eeb40c1cacad" testListId="8c84fa94-04c1-424b-9868-57a2d4851a1d" />
    <TestEntry testId="62336333-6362-3963-3863-636434653266" executionId="a55e49b5-3e15-466a-b41c-0edd89280976" testListId="8c84fa94-04c1-424b-9868-57a2d4851a1d" />
    <TestEntry testId="63613763-3263-3738-6131-626338323236" executionId="9fd08095-215a-44b8-ad33-fc58515c5592" testListId="8c84fa94-04c1-424b-9868-57a2d4851a1d" />
    <TestEntry testId="36626561-3331-3964-3362-633030646539" executionId="24e85299-ab5c-4bfd-84ab-62360e404e16" testListId="8c84fa94-04c1-424b-9868-57a2d4851a1d" />
    <TestEntry testId="64353966-6638-3830-6537-383834306635" executionId="62dc188d-e19e-42ba-81dd-995f08348eaf" testListId="8c84fa94-04c1-424b-9868-57a2d4851a1d" />
    <TestEntry testId="34653932-3936-6266-6530-353363366363" executionId="deb0d579-f6bc-43ef-814d-c762c3b03ddc" testListId="8c84fa94-04c1-424b-9868-57a2d4851a1d" />
    <TestEntry testId="62623034-3032-6436-3835-613962373936" executionId="aff540c0-d6b4-46f3-b6e4-74c71127f7f9" testListId="8c84fa94-04c1-424b-9868-57a2d4851a1d" />
    <TestEntry testId="31633431-3337-3638-6635-666335342020" executionId="83e6acca-66b9-4253-be1a-ffb543395ae7" testListId="8c84fa94-04c1-424b-9868-57a2d4851a1d" />
    <TestEntry testId="39343462-3161-6432-3730-333661623630" executionId="84b268ce-5a16-4941-a056-50bc7f6752e1" testListId="8c84fa94-04c1-424b-9868-57a2d4851a1d" />
    <TestEntry testId="37366565-6438-3266-6538-323661346530" executionId="87da1d1b-0ab6-4c77-9762-edb5121b50d9" testListId="8c84fa94-04c1-424b-9868-57a2d4851a1d" />
    <TestEntry testId="38623236-6235-3263-6166-666364303863" executionId="7ae45fc2-c593-4fd9-adaa-fe39f6a2fb96" testListId="8c84fa94-04c1-424b-9868-57a2d4851a1d" />
    <TestEntry testId="39623638-3137-6531-6363-373736343834" executionId="186f933f-422c-41c8-8dad-20d2f1c7f759" testListId="8c84fa94-04c1-424b-9868-57a2d4851a1d" />
    <TestEntry testId="39363835-6630-6462-6365-663534363966" executionId="2858b9ad-86c4-4591-bbc8-44cba6000c7a" testListId="8c84fa94-04c1-424b-9868-57a2d4851a1d" />
    <TestEntry testId="38663132-6237-3734-6165-373136303932" executionId="5f97247a-2983-4ee1-802c-60a6775fab31" testListId="8c84fa94-04c1-424b-9868-57a2d4851a1d" />
    <TestEntry testId="34326234-3031-3361-6666-666133613135" executionId="e5e1f64b-8027-4677-ba49-d6f21a5dfd20" testListId="8c84fa94-04c1-424b-9868-57a2d4851a1d" />
    <TestEntry testId="34336135-3961-6633-3461-373064313335" executionId="901d13cd-fece-48f6-ad13-7c66d42f3e5f" testListId="8c84fa94-04c1-424b-9868-57a2d4851a1d" />
    <TestEntry testId="34333866-3436-3466-3566-346262393830" executionId="74c85849-fb73-4209-8858-52c3400d26e7" testListId="8c84fa94-04c1-424b-9868-57a2d4851a1d" />
    <TestEntry testId="38333062-3364-6661-6233-323634653166" executionId="cba4b846-9bc4-4a6f-9af8-ce29b08c7f71" testListId="8c84fa94-04c1-424b-9868-57a2d4851a1d" />
    <TestEntry testId="36333262-3638-3166-6232-313366376666" executionId="263b91e6-9fa6-44ec-97c1-6861db925fe5" testListId="8c84fa94-04c1-424b-9868-57a2d4851a1d" />
    <TestEntry testId="62633637-6335-3163-3438-643135643132" executionId="d60eacb6-e54a-4a42-850a-662c8c5cf170" testListId="8c84fa94-04c1-424b-9868-57a2d4851a1d" />
    <TestEntry testId="63303166-3831-3466-6536-653532613430" executionId="752a44ed-24b7-4695-8c21-fd2c00faa299" testListId="8c84fa94-04c1-424b-9868-57a2d4851a1d" />
    <TestEntry testId="30643535-3362-3961-6161-326663376235" executionId="c6a183d1-604e-4d89-9c36-8f6a74344333" testListId="8c84fa94-04c1-424b-9868-57a2d4851a1d" />
    <TestEntry testId="62303332-6435-3134-6338-386364396433" executionId="5d65d194-05e1-4a8e-87c2-b78cfded2307" testListId="8c84fa94-04c1-424b-9868-57a2d4851a1d" />
    <TestEntry testId="35633865-3330-3234-3165-643735636337" executionId="17fb4bd1-9d45-41b8-ad6d-503dfec68062" testListId="8c84fa94-04c1-424b-9868-57a2d4851a1d" />
    <TestEntry testId="31386538-3166-3962-3037-383035616336" executionId="d51019de-af84-41bd-bbc2-bdb01be34b43" testListId="8c84fa94-04c1-424b-9868-57a2d4851a1d" />
    <TestEntry testId="33336463-3933-3838-3835-343137653638" executionId="75106c51-d3a9-4560-8b5a-7ffed748fe96" testListId="8c84fa94-04c1-424b-9868-57a2d4851a1d" />
    <TestEntry testId="63653339-6563-3462-3662-366166386566" executionId="758e8193-aa61-4ad8-b3e5-ca463dbb7a23" testListId="8c84fa94-04c1-424b-9868-57a2d4851a1d" />
    <TestEntry testId="33353339-3361-3764-6636-663737396330" executionId="9e1ecf6f-73d0-4364-b7d9-38dad0014f82" testListId="8c84fa94-04c1-424b-9868-57a2d4851a1d" />
    <TestEntry testId="63363163-3661-3635-3635-613630646364" executionId="7188141f-f471-4d02-9809-d678dea1958c" testListId="8c84fa94-04c1-424b-9868-57a2d4851a1d" />
    <TestEntry testId="34306236-6661-3665-3464-333038616335" executionId="9018c0c4-384a-4b56-9cfb-1f2f8902c510" testListId="8c84fa94-04c1-424b-9868-57a2d4851a1d" />
    <TestEntry testId="33336566-3431-3838-3835-313537323138" executionId="609d52f4-0266-4cd2-a947-29dcacda5565" testListId="8c84fa94-04c1-424b-9868-57a2d4851a1d" />
    <TestEntry testId="35363431-3436-3336-6530-346432333264" executionId="19a54e3a-4eaf-43dc-8a2d-bb5f641aab27" testListId="8c84fa94-04c1-424b-9868-57a2d4851a1d" />
    <TestEntry testId="64353431-3463-6238-3930-333239346465" executionId="e721d399-0ce9-44ec-aefd-5bfaab49be44" testListId="8c84fa94-04c1-424b-9868-57a2d4851a1d" />
    <TestEntry testId="64313861-3164-3166-3830-333033636632" executionId="ecd9832c-5418-46e5-bf70-810cb2a23113" testListId="8c84fa94-04c1-424b-9868-57a2d4851a1d" />
    <TestEntry testId="65376461-6531-3765-3136-623937306220" executionId="bfa8c0a2-c27d-41d1-9a08-3b879a5c9a88" testListId="8c84fa94-04c1-424b-9868-57a2d4851a1d" />
    <TestEntry testId="31383131-6434-6336-6132-356562643620" executionId="8222b57a-35c9-4896-beb3-6315a752484c" testListId="8c84fa94-04c1-424b-9868-57a2d4851a1d" />
    <TestEntry testId="36633238-3061-6338-3433-396164666562" executionId="201f287b-1f70-466a-9602-0b4b4bc77e8b" testListId="8c84fa94-04c1-424b-9868-57a2d4851a1d" />
    <TestEntry testId="33623866-6564-6539-6265-363032626361" executionId="e8f4786d-83c0-48fa-abe3-9c634d1fcd4b" testListId="8c84fa94-04c1-424b-9868-57a2d4851a1d" />
    <TestEntry testId="37616236-3739-3439-6431-653832343735" executionId="66e9d65f-95e7-410d-b407-8d857512230d" testListId="8c84fa94-04c1-424b-9868-57a2d4851a1d" />
    <TestEntry testId="31353064-3539-3830-3262-653138616564" executionId="287dd959-3277-4146-93da-eaae7cafdc78" testListId="8c84fa94-04c1-424b-9868-57a2d4851a1d" />
    <TestEntry testId="63623333-3939-6137-3364-373830356263" executionId="85bbabb6-82d6-4457-8e8a-94ba9910efb9" testListId="8c84fa94-04c1-424b-9868-57a2d4851a1d" />
    <TestEntry testId="61303137-3261-3764-3636-623963383333" executionId="59337b9b-2f3d-4166-baa6-049d9d2d1f72" testListId="8c84fa94-04c1-424b-9868-57a2d4851a1d" />
    <TestEntry testId="33353039-3034-6132-6366-396233346461" executionId="306c58c1-9500-4ed3-a958-a784df99cab8" testListId="8c84fa94-04c1-424b-9868-57a2d4851a1d" />
    <TestEntry testId="36343739-3136-3735-3564-343338333535" executionId="08433c54-088b-4689-8785-5b7a21ad017d" testListId="8c84fa94-04c1-424b-9868-57a2d4851a1d" />
    <TestEntry testId="34363163-6635-6338-3461-396632306162" executionId="43b1e0e6-dcf8-4e72-a5e0-009a544a6839" testListId="8c84fa94-04c1-424b-9868-57a2d4851a1d" />
    <TestEntry testId="62666232-3932-3635-3761-386331653061" executionId="28d2f35e-b60e-4b6c-a873-32e1976097dc" testListId="8c84fa94-04c1-424b-9868-57a2d4851a1d" />
    <TestEntry testId="63386663-6232-3738-6538-366136653433" executionId="cc2a93a2-10b5-4896-b801-d11a56e23206" testListId="8c84fa94-04c1-424b-9868-57a2d4851a1d" />
    <TestEntry testId="66366662-3463-3336-6161-343639316166" executionId="f86de931-5fe7-4342-8edf-e1bc21e66c82" testListId="8c84fa94-04c1-424b-9868-57a2d4851a1d" />
    <TestEntry testId="32346538-3863-3936-6265-633965373836" executionId="bfc7a9af-5873-4523-a04b-4340f3a1673c" testListId="8c84fa94-04c1-424b-9868-57a2d4851a1d" />
    <TestEntry testId="38663233-6231-6630-6236-343038643665" executionId="d1066453-4f64-4a9a-a972-6d3e22e4c23c" testListId="8c84fa94-04c1-424b-9868-57a2d4851a1d" />
    <TestEntry testId="38313666-3734-3164-3562-616539643763" executionId="461a7358-5d85-4eb3-9454-29e6ba92b1b3" testListId="8c84fa94-04c1-424b-9868-57a2d4851a1d" />
    <TestEntry testId="33343637-3063-3233-3538-393961656635" executionId="c002e5b1-5c4c-4a9e-bcdb-0434d1bb17c8" testListId="8c84fa94-04c1-424b-9868-57a2d4851a1d" />
    <TestEntry testId="61663766-6231-3533-3761-613330353964" executionId="ac3ef0c9-cf2d-470a-9199-a336028e2228" testListId="8c84fa94-04c1-424b-9868-57a2d4851a1d" />
    <TestEntry testId="38313039-3038-3435-3236-353334363431" executionId="31b559d0-c008-4fb3-a178-6736908e1017" testListId="8c84fa94-04c1-424b-9868-57a2d4851a1d" />
    <TestEntry testId="34386331-3232-6339-3335-346165363064" executionId="fed4f912-8c5a-4593-8542-c820a0a12479" testListId="8c84fa94-04c1-424b-9868-57a2d4851a1d" />
    <TestEntry testId="32663937-3464-3961-6238-626636343737" executionId="22d2e96c-ba92-442b-b8de-690a348074f2" testListId="8c84fa94-04c1-424b-9868-57a2d4851a1d" />
    <TestEntry testId="38306437-6131-6164-3139-373336663133" executionId="3b22970b-5cb4-4f0a-a31f-5f25e1d5f4b5" testListId="8c84fa94-04c1-424b-9868-57a2d4851a1d" />
    <TestEntry testId="31306339-3232-6437-3563-323035646636" executionId="2095b90b-7c7d-4738-8814-2103ec73fda4" testListId="8c84fa94-04c1-424b-9868-57a2d4851a1d" />
    <TestEntry testId="30306362-3062-3564-3537-623039346139" executionId="15d8c211-081c-4316-b24c-420d517c56e8" testListId="8c84fa94-04c1-424b-9868-57a2d4851a1d" />
    <TestEntry testId="63373134-3833-3536-3465-393763363465" executionId="7327125a-d90f-455c-b6a7-c3ea17510225" testListId="8c84fa94-04c1-424b-9868-57a2d4851a1d" />
    <TestEntry testId="61623539-3234-3338-3436-643438356338" executionId="65b3b2c0-45ef-4690-81b3-293d7423686b" testListId="8c84fa94-04c1-424b-9868-57a2d4851a1d" />
    <TestEntry testId="32386261-6636-3937-3135-323835333065" executionId="ddf1300a-c322-45a6-a4f8-20bf50cdf456" testListId="8c84fa94-04c1-424b-9868-57a2d4851a1d" />
    <TestEntry testId="37623936-6338-3839-3137-313733363332" executionId="9b1d194d-4458-49f6-ad1a-d2e399913523" testListId="8c84fa94-04c1-424b-9868-57a2d4851a1d" />
    <TestEntry testId="65313962-3130-3534-3430-316364343920" executionId="38a0b18b-cc46-438a-b0b4-fb41f634f1ee" testListId="8c84fa94-04c1-424b-9868-57a2d4851a1d" />
    <TestEntry testId="33386539-3632-6261-3836-643734386435" executionId="00803585-47ed-45f2-a214-7f095d24faf9" testListId="8c84fa94-04c1-424b-9868-57a2d4851a1d" />
    <TestEntry testId="39633239-3661-3633-6139-356265616430" executionId="24f05b6a-98ea-4d91-8289-068884a70c78" testListId="8c84fa94-04c1-424b-9868-57a2d4851a1d" />
    <TestEntry testId="65343266-6563-3731-6162-666662373735" executionId="c6c9792a-fb70-48a2-9241-76c1970c5325" testListId="8c84fa94-04c1-424b-9868-57a2d4851a1d" />
    <TestEntry testId="65636263-6365-6164-3162-366362306634" executionId="6eba65a6-a2d9-4774-be32-aa5084fe6bdc" testListId="8c84fa94-04c1-424b-9868-57a2d4851a1d" />
    <TestEntry testId="37373336-3563-6537-3364-383363663039" executionId="77605bc9-0413-43a4-bff9-4e4372c8b60f" testListId="8c84fa94-04c1-424b-9868-57a2d4851a1d" />
    <TestEntry testId="36626263-6265-3532-3662-383735366136" executionId="ba308da8-0061-4be3-a050-66d85f401f87" testListId="8c84fa94-04c1-424b-9868-57a2d4851a1d" />
    <TestEntry testId="33303362-3962-6561-3866-313263326561" executionId="f98b001a-572c-4af4-956d-83ae58cb6240" testListId="8c84fa94-04c1-424b-9868-57a2d4851a1d" />
    <TestEntry testId="35316561-6133-6662-3932-333934613537" executionId="e160adff-1e8d-43c4-b382-b3d1cbe9c238" testListId="8c84fa94-04c1-424b-9868-57a2d4851a1d" />
    <TestEntry testId="39323662-3439-3132-6366-373663363266" executionId="03306437-0fff-4b13-bcd6-a3516f86b30f" testListId="8c84fa94-04c1-424b-9868-57a2d4851a1d" />
    <TestEntry testId="61663734-3230-3339-3265-346566653563" executionId="404f3bb3-ac4b-4ca8-8ad7-c36768c442ac" testListId="8c84fa94-04c1-424b-9868-57a2d4851a1d" />
    <TestEntry testId="33333236-6339-3963-3063-616464306631" executionId="ee9afb49-4685-4697-92ca-4d1d4ebaa29e" testListId="8c84fa94-04c1-424b-9868-57a2d4851a1d" />
    <TestEntry testId="63346137-6333-3636-3031-663231613931" executionId="a3f16f5d-d1b5-48a9-8abf-004e19d00304" testListId="8c84fa94-04c1-424b-9868-57a2d4851a1d" />
    <TestEntry testId="30313565-3666-3362-3163-346535333763" executionId="bf19cb2a-0f45-4004-a0e4-91c41ffef7b6" testListId="8c84fa94-04c1-424b-9868-57a2d4851a1d" />
    <TestEntry testId="37616363-3165-3234-6265-636461393739" executionId="0304a418-95d1-419d-b9b9-736ccf43e5e7" testListId="8c84fa94-04c1-424b-9868-57a2d4851a1d" />
    <TestEntry testId="33323834-3262-6162-6537-366566393263" executionId="43f21a91-4d1c-4513-ab75-54e3ef03e5bf" testListId="8c84fa94-04c1-424b-9868-57a2d4851a1d" />
    <TestEntry testId="64326436-6266-3138-6431-643865623039" executionId="e8cab3ff-c5b8-4d70-9e96-9d3c5b2c8a5a" testListId="8c84fa94-04c1-424b-9868-57a2d4851a1d" />
    <TestEntry testId="32633635-6563-3830-6335-663566363830" executionId="0b51c16d-f96d-424f-8bbf-f5ba117568a3" testListId="8c84fa94-04c1-424b-9868-57a2d4851a1d" />
    <TestEntry testId="64356637-3666-6265-6130-303661336230" executionId="b801821d-3041-4515-ab3f-235b2758f0dc" testListId="8c84fa94-04c1-424b-9868-57a2d4851a1d" />
    <TestEntry testId="35656664-6334-3062-6464-356639386136" executionId="3b07c32a-f325-467d-8662-f3411b427e92" testListId="8c84fa94-04c1-424b-9868-57a2d4851a1d" />
    <TestEntry testId="61333736-3266-3861-3639-373539353061" executionId="2c05678d-3dbe-47fd-8970-db6bcff04f79" testListId="8c84fa94-04c1-424b-9868-57a2d4851a1d" />
    <TestEntry testId="64356332-3361-6262-6636-623733306165" executionId="4a6fcced-0730-47f3-ab35-c933691b44e4" testListId="8c84fa94-04c1-424b-9868-57a2d4851a1d" />
    <TestEntry testId="36333137-3835-3437-6230-316133363139" executionId="e4f84e7e-db6e-4e8b-8468-dec23d1db1ed" testListId="8c84fa94-04c1-424b-9868-57a2d4851a1d" />
    <TestEntry testId="64316362-6365-6362-3966-646338356366" executionId="61b57aca-b068-4a6e-a7e6-43560ceb1fc7" testListId="8c84fa94-04c1-424b-9868-57a2d4851a1d" />
    <TestEntry testId="65616234-6236-3763-3131-626634383620" executionId="55c2ad01-aa90-4b0a-b5d5-dc0af0637d97" testListId="8c84fa94-04c1-424b-9868-57a2d4851a1d" />
    <TestEntry testId="64333465-3535-3236-3330-636538383134" executionId="ee1e1b18-b47c-46fa-857f-c99605766a68" testListId="8c84fa94-04c1-424b-9868-57a2d4851a1d" />
    <TestEntry testId="37303935-6530-3966-6139-363564333863" executionId="aa204840-7f3c-4683-8794-dc036cb984cb" testListId="8c84fa94-04c1-424b-9868-57a2d4851a1d" />
    <TestEntry testId="36396661-6130-6232-6332-663131373964" executionId="22491fad-60bc-4433-9c56-1e15b3267950" testListId="8c84fa94-04c1-424b-9868-57a2d4851a1d" />
    <TestEntry testId="32383836-6562-3538-6163-363462373563" executionId="8a17338a-fdb2-48f4-85c4-e028da2995dd" testListId="8c84fa94-04c1-424b-9868-57a2d4851a1d" />
    <TestEntry testId="37366439-3339-6462-6261-376361336634" executionId="880da355-b492-41bb-9b8e-f0208e290fe4" testListId="8c84fa94-04c1-424b-9868-57a2d4851a1d" />
    <TestEntry testId="33616134-6138-6334-3466-646433366134" executionId="a1beca39-d246-42c9-862e-459b7b94bb7d" testListId="8c84fa94-04c1-424b-9868-57a2d4851a1d" />
    <TestEntry testId="33343964-3534-6232-3333-666234643664" executionId="d9e3f8fc-917e-4f2c-bf7b-f21d78dbfa37" testListId="8c84fa94-04c1-424b-9868-57a2d4851a1d" />
    <TestEntry testId="33396636-3363-3161-6161-373531333434" executionId="5acc3a58-d73d-4657-b25a-abb806482acb" testListId="8c84fa94-04c1-424b-9868-57a2d4851a1d" />
    <TestEntry testId="66353239-3566-3633-6135-623866663464" executionId="2a11fb65-8b81-49e6-9c3a-11aa94fb705d" testListId="8c84fa94-04c1-424b-9868-57a2d4851a1d" />
    <TestEntry testId="35666161-6435-6538-6366-346133616361" executionId="cf939bc7-4fa6-4667-b846-a6569e4875d9" testListId="8c84fa94-04c1-424b-9868-57a2d4851a1d" />
    <TestEntry testId="30666432-6535-3363-6465-653531316639" executionId="4705de57-2f96-4777-a5a3-6aec96119c0b" testListId="8c84fa94-04c1-424b-9868-57a2d4851a1d" />
    <TestEntry testId="32646364-3839-6637-3834-303438333834" executionId="6a450cf4-c972-4351-ad2d-1d683d6c1362" testListId="8c84fa94-04c1-424b-9868-57a2d4851a1d" />
    <TestEntry testId="64396637-3737-6163-6431-356438363034" executionId="6ac00b4c-5176-4a1d-9f1c-34b26bc32be9" testListId="8c84fa94-04c1-424b-9868-57a2d4851a1d" />
    <TestEntry testId="38363534-6464-3461-6634-613566323831" executionId="e2cfd17a-cbb3-424a-8e44-d0937633cabd" testListId="8c84fa94-04c1-424b-9868-57a2d4851a1d" />
    <TestEntry testId="63363332-3163-3262-3536-363863386531" executionId="209d4e22-9518-4a20-a0a6-2c0420b8e9a9" testListId="8c84fa94-04c1-424b-9868-57a2d4851a1d" />
    <TestEntry testId="62613661-6561-6564-6262-356366613834" executionId="8c9e0bc9-0461-4afd-a343-50a21de4577b" testListId="8c84fa94-04c1-424b-9868-57a2d4851a1d" />
    <TestEntry testId="30643333-3264-6435-6665-636266366231" executionId="dc8262e7-e4c2-4ca2-af70-499d587dd2a3" testListId="8c84fa94-04c1-424b-9868-57a2d4851a1d" />
    <TestEntry testId="30373362-6165-3866-6335-323063323134" executionId="c82bc953-6107-49f0-a1ce-3c848b4861df" testListId="8c84fa94-04c1-424b-9868-57a2d4851a1d" />
    <TestEntry testId="30646566-6233-3135-3734-383130373561" executionId="0991f27f-8010-4f6a-a549-2fe9344c2c38" testListId="8c84fa94-04c1-424b-9868-57a2d4851a1d" />
    <TestEntry testId="37363532-3965-3338-3934-363036646632" executionId="e5f14110-31b3-4904-9667-833ea019beef" testListId="8c84fa94-04c1-424b-9868-57a2d4851a1d" />
    <TestEntry testId="64326433-6339-3932-3266-306465323232" executionId="93cd072b-1393-4420-8655-7b0683da8e58" testListId="8c84fa94-04c1-424b-9868-57a2d4851a1d" />
    <TestEntry testId="39633133-3462-6562-6530-313236616164" executionId="39af25e8-2b34-406f-9a5b-297cb1a67a46" testListId="8c84fa94-04c1-424b-9868-57a2d4851a1d" />
    <TestEntry testId="63633061-3465-3031-6537-303434323032" executionId="bff66439-c23b-4e09-a1dd-f1d8c4de53e1" testListId="8c84fa94-04c1-424b-9868-57a2d4851a1d" />
    <TestEntry testId="61626637-3436-6439-3163-373363323366" executionId="b3411a85-7413-4d9e-a917-5a7680fd7c63" testListId="8c84fa94-04c1-424b-9868-57a2d4851a1d" />
    <TestEntry testId="34323766-3864-6164-3534-636564623962" executionId="09054848-1860-4a27-9248-b42c1ed0827e" testListId="8c84fa94-04c1-424b-9868-57a2d4851a1d" />
    <TestEntry testId="34333337-3663-3336-6365-653438333863" executionId="320170e8-284e-41f4-b57b-1c185281fce2" testListId="8c84fa94-04c1-424b-9868-57a2d4851a1d" />
    <TestEntry testId="31383338-3138-6231-6165-333837303937" executionId="6280a485-e0eb-411a-8aa4-035e73369c9c" testListId="8c84fa94-04c1-424b-9868-57a2d4851a1d" />
    <TestEntry testId="63313533-6361-6538-3461-643562336531" executionId="b40a23a7-1243-4231-9a0b-9e6220a3250f" testListId="8c84fa94-04c1-424b-9868-57a2d4851a1d" />
    <TestEntry testId="66663738-3634-6136-3731-663066616320" executionId="fda52687-1b1b-46bf-877c-e6eb775041ac" testListId="8c84fa94-04c1-424b-9868-57a2d4851a1d" />
    <TestEntry testId="34343535-6436-3235-3433-386331346430" executionId="5176f258-305c-4843-a7d9-64d8a2b5e678" testListId="8c84fa94-04c1-424b-9868-57a2d4851a1d" />
    <TestEntry testId="38303964-3261-3238-3639-396434363530" executionId="b7ea98bd-48d5-4f76-99c8-f3d2edf1ab21" testListId="8c84fa94-04c1-424b-9868-57a2d4851a1d" />
    <TestEntry testId="33313464-3739-3136-3835-336637666364" executionId="c6c236c8-66b8-4dde-971f-c43ea51bf10a" testListId="8c84fa94-04c1-424b-9868-57a2d4851a1d" />
    <TestEntry testId="64346136-3733-3261-6430-663264383133" executionId="3459172a-6d63-4157-a64e-fd9c83fed076" testListId="8c84fa94-04c1-424b-9868-57a2d4851a1d" />
    <TestEntry testId="35343664-6231-3462-6661-626362633238" executionId="b5152c52-2b6d-4222-9af0-37c6aebc4d55" testListId="8c84fa94-04c1-424b-9868-57a2d4851a1d" />
    <TestEntry testId="62323331-3432-6163-3335-643137386336" executionId="5b95a225-308a-4651-8536-0e0b46a41d47" testListId="8c84fa94-04c1-424b-9868-57a2d4851a1d" />
    <TestEntry testId="35613566-6134-6566-6133-383662393731" executionId="b88be9dd-ed36-4027-8ffc-3924eb5b0fad" testListId="8c84fa94-04c1-424b-9868-57a2d4851a1d" />
    <TestEntry testId="36306336-6139-3737-6334-363030323636" executionId="dd3add89-1c94-41a9-a296-3bfa4ca48c32" testListId="8c84fa94-04c1-424b-9868-57a2d4851a1d" />
    <TestEntry testId="63363761-3263-6161-3739-303965656632" executionId="7faee992-da1f-40fe-ad23-5f84ff8d363f" testListId="8c84fa94-04c1-424b-9868-57a2d4851a1d" />
    <TestEntry testId="63613438-6361-3366-3466-383238366461" executionId="9e424bc4-84c6-41cc-97d6-cb499567b151" testListId="8c84fa94-04c1-424b-9868-57a2d4851a1d" />
    <TestEntry testId="38666233-6639-6231-3061-623439316639" executionId="073e38ce-b8ee-491a-8be4-bf2df9f8a339" testListId="8c84fa94-04c1-424b-9868-57a2d4851a1d" />
    <TestEntry testId="35316161-3666-3033-3062-653030343839" executionId="f6ae253e-862f-4102-bdf1-f0bcdea040a0" testListId="8c84fa94-04c1-424b-9868-57a2d4851a1d" />
    <TestEntry testId="39346363-3736-6163-3366-346132633032" executionId="bc16ca0f-2016-4f80-923d-2d1787d1601e" testListId="8c84fa94-04c1-424b-9868-57a2d4851a1d" />
    <TestEntry testId="34336462-3438-3630-6161-663161366330" executionId="f7295e6c-ea6e-4920-8d58-55b37d16f0a9" testListId="8c84fa94-04c1-424b-9868-57a2d4851a1d" />
    <TestEntry testId="33346664-6430-3561-6536-386432363330" executionId="ec76c61c-0712-4523-aaf1-6bf67fc4a9ec" testListId="8c84fa94-04c1-424b-9868-57a2d4851a1d" />
    <TestEntry testId="64326135-6137-3231-3531-306463363563" executionId="3ef08860-b333-4806-aaa8-f44aa9c18743" testListId="8c84fa94-04c1-424b-9868-57a2d4851a1d" />
    <TestEntry testId="64326236-6334-3932-6531-316632643461" executionId="9e174c03-dcfd-4b30-9791-2835e4748c5d" testListId="8c84fa94-04c1-424b-9868-57a2d4851a1d" />
    <TestEntry testId="32366538-3463-3039-3262-626666653561" executionId="10ccc703-312f-426f-aa35-e69ffbd9e26e" testListId="8c84fa94-04c1-424b-9868-57a2d4851a1d" />
    <TestEntry testId="33616639-6332-6434-3930-643139313339" executionId="7b0767cc-7844-48fe-9f7a-870621633394" testListId="8c84fa94-04c1-424b-9868-57a2d4851a1d" />
    <TestEntry testId="33363732-3061-3833-3533-633631353630" executionId="150512c9-b8a7-4b74-b75f-758eaa4e6e21" testListId="8c84fa94-04c1-424b-9868-57a2d4851a1d" />
    <TestEntry testId="35313865-3763-6234-3161-373232356432" executionId="0d1b6a96-0e06-479e-b1a4-c361546b95ea" testListId="8c84fa94-04c1-424b-9868-57a2d4851a1d" />
    <TestEntry testId="36386466-6532-6531-6662-356363653432" executionId="6b6745c9-0020-4e03-89dd-f0c22c6e9d39" testListId="8c84fa94-04c1-424b-9868-57a2d4851a1d" />
    <TestEntry testId="61313562-3231-3037-3663-376531323837" executionId="f8f750c7-27cb-4ad3-acb0-4af963d643d1" testListId="8c84fa94-04c1-424b-9868-57a2d4851a1d" />
    <TestEntry testId="65666138-3261-6361-6533-336432626335" executionId="cd13341c-8222-4ede-98bf-bd8e1cf5cdfd" testListId="8c84fa94-04c1-424b-9868-57a2d4851a1d" />
    <TestEntry testId="38313738-6631-3264-6537-326463316120" executionId="eddcb101-26ba-414b-bbd8-486d2c67c169" testListId="8c84fa94-04c1-424b-9868-57a2d4851a1d" />
    <TestEntry testId="39623436-3736-6431-3432-616336323236" executionId="295047da-dd41-4017-839e-c9a19fceaae3" testListId="8c84fa94-04c1-424b-9868-57a2d4851a1d" />
    <TestEntry testId="37316566-6237-3265-6362-333538653939" executionId="d4cbeedc-2d33-4573-a849-d08961537dc2" testListId="8c84fa94-04c1-424b-9868-57a2d4851a1d" />
    <TestEntry testId="65653131-3862-3061-3665-366330313638" executionId="03c4b0b0-a3e7-4132-b5fa-afb8b6c4255b" testListId="8c84fa94-04c1-424b-9868-57a2d4851a1d" />
    <TestEntry testId="64303733-6365-6330-6261-356331396461" executionId="9500122f-41bb-4956-b643-6f951ed42d90" testListId="8c84fa94-04c1-424b-9868-57a2d4851a1d" />
    <TestEntry testId="65323333-3864-3061-3536-343633333362" executionId="36b9d6f0-8234-48d7-ab84-b2040ccd39e9" testListId="8c84fa94-04c1-424b-9868-57a2d4851a1d" />
    <TestEntry testId="34386236-3432-3932-6464-396439356638" executionId="845fe7bc-ed33-4f7e-a5a1-94d0a2616a94" testListId="8c84fa94-04c1-424b-9868-57a2d4851a1d" />
    <TestEntry testId="32353765-6231-3463-3439-393632303965" executionId="3e0fdcee-7316-4f92-a74a-06c1a1f750da" testListId="8c84fa94-04c1-424b-9868-57a2d4851a1d" />
    <TestEntry testId="37333735-3233-6361-6262-363138316532" executionId="7a1cfc5d-6071-4e76-8b0c-85acb527a67c" testListId="8c84fa94-04c1-424b-9868-57a2d4851a1d" />
    <TestEntry testId="36336261-6137-6536-3166-643033313466" executionId="c945e7c0-8cd5-4bbd-945d-7a2b0c7b601e" testListId="8c84fa94-04c1-424b-9868-57a2d4851a1d" />
    <TestEntry testId="63633732-6263-3332-3161-306533353463" executionId="c4d00f9a-e13e-4814-ae4c-f7bbcb4063bb" testListId="8c84fa94-04c1-424b-9868-57a2d4851a1d" />
    <TestEntry testId="38333839-3261-3737-6139-393235656338" executionId="aad64ffa-9362-4d89-aa01-9e43065b7ee8" testListId="8c84fa94-04c1-424b-9868-57a2d4851a1d" />
    <TestEntry testId="66623762-6366-6333-3364-363462313964" executionId="b24ff179-b30e-4484-9854-ad1c28bee7ec" testListId="8c84fa94-04c1-424b-9868-57a2d4851a1d" />
    <TestEntry testId="62323438-3136-3134-3735-346265653764" executionId="58152aec-7f50-4c42-b9bf-cdd70dd1a7f2" testListId="8c84fa94-04c1-424b-9868-57a2d4851a1d" />
    <TestEntry testId="33366439-6666-3362-6665-643834303438" executionId="2c0dfdbc-3636-4ac0-a97a-c3336885b367" testListId="8c84fa94-04c1-424b-9868-57a2d4851a1d" />
    <TestEntry testId="62326661-6139-3839-6662-376339613061" executionId="a57335d4-06bc-41ca-87eb-772f436c2fe7" testListId="8c84fa94-04c1-424b-9868-57a2d4851a1d" />
    <TestEntry testId="37393663-3731-3462-6433-306432393261" executionId="ef1fa5b8-90c9-4f1f-aee1-50c4528be688" testListId="8c84fa94-04c1-424b-9868-57a2d4851a1d" />
    <TestEntry testId="66316439-6233-3234-3665-303833306430" executionId="7044132f-5e90-4991-bd92-514ec0f6a337" testListId="8c84fa94-04c1-424b-9868-57a2d4851a1d" />
    <TestEntry testId="30663364-3535-3030-3839-306465663034" executionId="9c7db4bc-6b79-40c6-b550-ac30dc956ee0" testListId="8c84fa94-04c1-424b-9868-57a2d4851a1d" />
    <TestEntry testId="32623664-3734-3930-3832-303533313833" executionId="66855b36-1ee7-4f48-9fbb-53cb3440c334" testListId="8c84fa94-04c1-424b-9868-57a2d4851a1d" />
    <TestEntry testId="62353634-6434-6134-6363-643338303036" executionId="90558edc-aa9a-45db-8d82-6cca00452b01" testListId="8c84fa94-04c1-424b-9868-57a2d4851a1d" />
    <TestEntry testId="36386562-3232-3833-3039-363139303366" executionId="49bf4b53-c0dd-4e9f-94f8-17ba84686cbb" testListId="8c84fa94-04c1-424b-9868-57a2d4851a1d" />
    <TestEntry testId="63313037-3864-3035-6661-363763366339" executionId="b5f33133-1d89-4220-8980-955695657f46" testListId="8c84fa94-04c1-424b-9868-57a2d4851a1d" />
    <TestEntry testId="38353035-3032-3561-3837-346164363438" executionId="77758d7e-2155-4e8e-b94e-c89158b3e0f1" testListId="8c84fa94-04c1-424b-9868-57a2d4851a1d" />
    <TestEntry testId="66383838-3033-3636-6564-326134626331" executionId="01b955b2-3e74-4154-81b3-4452c86eff7e" testListId="8c84fa94-04c1-424b-9868-57a2d4851a1d" />
    <TestEntry testId="31393134-3933-3434-3131-383438393639" executionId="9f9df6cd-a170-4e7a-bf9b-90f1c4f51e87" testListId="8c84fa94-04c1-424b-9868-57a2d4851a1d" />
    <TestEntry testId="63626134-6462-3533-3539-366637373162" executionId="67db07ef-e422-4256-a303-c23b97fc416d" testListId="8c84fa94-04c1-424b-9868-57a2d4851a1d" />
    <TestEntry testId="35646136-3965-3537-6165-653038646466" executionId="2982fe59-e778-4365-bf15-13233b36eaf8" testListId="8c84fa94-04c1-424b-9868-57a2d4851a1d" />
    <TestEntry testId="34616366-3861-3435-3333-396431376366" executionId="43aa4d09-3cb3-47d5-a5c2-d9ec0137b7f6" testListId="8c84fa94-04c1-424b-9868-57a2d4851a1d" />
    <TestEntry testId="65633137-6462-3838-3937-326131373064" executionId="b7e2a1fb-df82-4655-aeaa-23abd788db90" testListId="8c84fa94-04c1-424b-9868-57a2d4851a1d" />
    <TestEntry testId="36366462-3134-3737-3435-616563373831" executionId="1e7a968e-aa48-43e3-8879-db93fcf588a4" testListId="8c84fa94-04c1-424b-9868-57a2d4851a1d" />
    <TestEntry testId="63653937-6335-6339-3762-353031343164" executionId="ff35a983-8c55-4cfe-9164-089f38b29705" testListId="8c84fa94-04c1-424b-9868-57a2d4851a1d" />
    <TestEntry testId="39383931-6564-3631-6534-636461323662" executionId="3ce6c705-9a97-4a23-9291-d9cc93db8199" testListId="8c84fa94-04c1-424b-9868-57a2d4851a1d" />
    <TestEntry testId="34316366-3330-6262-6439-633231663236" executionId="aee33686-f3a3-4a31-9fa1-adfe16d70e57" testListId="8c84fa94-04c1-424b-9868-57a2d4851a1d" />
    <TestEntry testId="62643163-6432-6534-3732-373534663263" executionId="cc8df26d-3deb-4843-b30b-ae159105d52e" testListId="8c84fa94-04c1-424b-9868-57a2d4851a1d" />
    <TestEntry testId="38623836-6534-6631-3961-396332626338" executionId="4c51c0d2-a921-4ebf-9ae4-03e346cdce3f" testListId="8c84fa94-04c1-424b-9868-57a2d4851a1d" />
    <TestEntry testId="65396239-3663-6464-3863-663138363236" executionId="243a820a-a51a-4bb0-85b1-477f665b34dd" testListId="8c84fa94-04c1-424b-9868-57a2d4851a1d" />
    <TestEntry testId="35616362-3936-3163-3764-373162386365" executionId="b9fc664d-93a1-4351-a50e-0378291e7330" testListId="8c84fa94-04c1-424b-9868-57a2d4851a1d" />
    <TestEntry testId="66313439-3265-3065-6163-333132313165" executionId="f5fc8b3a-ad76-4e10-aaaa-508bb6828969" testListId="8c84fa94-04c1-424b-9868-57a2d4851a1d" />
    <TestEntry testId="64626635-3033-3864-6433-633733306434" executionId="ee1be037-caf9-4cb9-9392-f41bb825542e" testListId="8c84fa94-04c1-424b-9868-57a2d4851a1d" />
    <TestEntry testId="32656663-6139-3066-3038-373030393463" executionId="73c388c8-7232-4856-b371-abf89943bdf7" testListId="8c84fa94-04c1-424b-9868-57a2d4851a1d" />
  </TestEntries>
  <Results>
    <GallioTestResult executionId="276b48a5-88dd-4c5e-99bd-9dfb2da2632e" testId="34623037-3239-3161-3465-313033663332" testName="Query_ORDER_BY_Expression" computerName="ANAXIMANDER" duration="00:00:00" startTime="0001-01-01T09:30:00.0000000+09:30" endTime="2011-07-21T01:04:01.0616250+09:30" testType="f3589083-259c-4054-87f7-75cdad4b08e5" outcome="Error" testListId="8c84fa94-04c1-424b-9868-57a2d4851a1d">
    </GallioTestResult>
    <GallioTestResult executionId="b9aa187e-7e61-41d5-b9bb-04bc903de852" testId="61666333-3266-6234-3530-386163366266" testName="Query_ORDER_BY_DESC" computerName="ANAXIMANDER" duration="00:00:00" startTime="0001-01-01T09:30:00.0000000+09:30" endTime="2011-07-21T01:04:01.0616250+09:30" testType="f3589083-259c-4054-87f7-75cdad4b08e5" outcome="Error" testListId="8c84fa94-04c1-424b-9868-57a2d4851a1d">
    </GallioTestResult>
    <GallioTestResult executionId="c0359914-1ed5-4586-b0ed-ec7f27443861" testId="36623833-3762-6265-3433-663636363538" testName="Query_ORDER_BY_ExpressionDESC" computerName="ANAXIMANDER" duration="00:00:00" startTime="0001-01-01T09:30:00.0000000+09:30" endTime="2011-07-21T01:04:01.0772500+09:30" testType="f3589083-259c-4054-87f7-75cdad4b08e5" outcome="Error" testListId="8c84fa94-04c1-424b-9868-57a2d4851a1d">
    </GallioTestResult>
    <GallioTestResult executionId="8d5f9a8f-3adb-4697-b377-ce082f1c3a8d" testId="65376331-3533-6261-3266-646431396330" testName="QueryExecuteJoinedDataSet_ORDER_BY_DESC" computerName="ANAXIMANDER" duration="00:00:00" startTime="0001-01-01T09:30:00.0000000+09:30" endTime="2011-07-21T01:04:01.0928750+09:30" testType="f3589083-259c-4054-87f7-75cdad4b08e5" outcome="Error" testListId="8c84fa94-04c1-424b-9868-57a2d4851a1d">
    </GallioTestResult>
    <GallioTestResult executionId="8d4dd4b9-4e87-4316-91bf-921a1aa7a5a6" testId="64376133-3939-6362-3864-346632306662" testName="QueryExecuteJoinedDataSet_ORDER_BY" computerName="ANAXIMANDER" duration="00:00:00" startTime="0001-01-01T09:30:00.0000000+09:30" endTime="2011-07-21T01:04:01.1085000+09:30" testType="f3589083-259c-4054-87f7-75cdad4b08e5" outcome="Error" testListId="8c84fa94-04c1-424b-9868-57a2d4851a1d">
    </GallioTestResult>
    <GallioTestResult executionId="02b3852e-3582-49f3-876b-85d3834ef5e6" testId="62663937-6634-3166-6265-653033643764" testName="Query_ORDER_BY" computerName="ANAXIMANDER" duration="00:00:00" startTime="0001-01-01T09:30:00.0000000+09:30" endTime="2011-07-21T01:04:01.1085000+09:30" testType="f3589083-259c-4054-87f7-75cdad4b08e5" outcome="Error" testListId="8c84fa94-04c1-424b-9868-57a2d4851a1d">
    </GallioTestResult>
    <GallioTestResult executionId="b91c61fc-af05-4a78-9daf-4aa499830d39" testId="63313563-3364-3637-3364-386663643465" testName="QueryExecuteJoinedDataSet_NOT_IN_ArrayList" computerName="ANAXIMANDER" duration="00:00:00" startTime="0001-01-01T09:30:00.0000000+09:30" endTime="2011-07-21T01:04:01.1241250+09:30" testType="f3589083-259c-4054-87f7-75cdad4b08e5" outcome="Error" testListId="8c84fa94-04c1-424b-9868-57a2d4851a1d">
    </GallioTestResult>
    <GallioTestResult executionId="46ef16f2-45b4-478c-b339-eaf3a548143a" testId="37633038-3032-6437-6232-623762313132" testName="QueryExecuteJoinedDataSet_NOT_IN_ListCollection" computerName="ANAXIMANDER" duration="00:00:00" startTime="0001-01-01T09:30:00.0000000+09:30" endTime="2011-07-21T01:04:01.1397500+09:30" testType="f3589083-259c-4054-87f7-75cdad4b08e5" outcome="Error" testListId="8c84fa94-04c1-424b-9868-57a2d4851a1d">
    </GallioTestResult>
    <GallioTestResult executionId="17df240b-b6df-41e6-9932-ea539cca4313" testId="35323061-3337-6263-6636-306665386330" testName="Query_JoinedDataSet_OrderByCollection" computerName="ANAXIMANDER" duration="00:00:00" startTime="0001-01-01T09:30:00.0000000+09:30" endTime="2011-07-21T01:04:01.1397500+09:30" testType="f3589083-259c-4054-87f7-75cdad4b08e5" outcome="Error" testListId="8c84fa94-04c1-424b-9868-57a2d4851a1d">
    </GallioTestResult>
    <GallioTestResult executionId="8b0f797a-4b46-4c5d-b52b-b38261ced55a" testId="63346361-3535-6161-3937-623466373832" testName="Query_OrderBy" computerName="ANAXIMANDER" duration="00:00:00" startTime="0001-01-01T09:30:00.0000000+09:30" endTime="2011-07-21T01:04:01.1553750+09:30" testType="f3589083-259c-4054-87f7-75cdad4b08e5" outcome="Error" testListId="8c84fa94-04c1-424b-9868-57a2d4851a1d">
    </GallioTestResult>
    <GallioTestResult executionId="6a22db98-eca6-49c6-a2c2-26edcaef82c8" testId="64616637-6238-6366-6433-356639616562" testName="Query_OrderByCollection" computerName="ANAXIMANDER" duration="00:00:00" startTime="0001-01-01T09:30:00.0000000+09:30" endTime="2011-07-21T01:04:01.1553750+09:30" testType="f3589083-259c-4054-87f7-75cdad4b08e5" outcome="Error" testListId="8c84fa94-04c1-424b-9868-57a2d4851a1d">
    </GallioTestResult>
    <GallioTestResult executionId="127dc410-60c6-475a-8ca4-4fb753bde0c8" testId="38666134-6331-3237-6639-383161613237" testName="QueryExecuteJoinedDataSet_ORDER_BY_DESC_Collection" computerName="ANAXIMANDER" duration="00:00:00" startTime="0001-01-01T09:30:00.0000000+09:30" endTime="2011-07-21T01:04:01.1710000+09:30" testType="f3589083-259c-4054-87f7-75cdad4b08e5" outcome="Error" testListId="8c84fa94-04c1-424b-9868-57a2d4851a1d">
    </GallioTestResult>
    <GallioTestResult executionId="a64b5f26-e0ca-4991-ae90-04844dd509af" testId="38613566-3361-3662-3863-666434356565" testName="QueryExecuteJoinedDataSet_ORDER_BY_Collection" computerName="ANAXIMANDER" duration="00:00:00" startTime="0001-01-01T09:30:00.0000000+09:30" endTime="2011-07-21T01:04:01.1710000+09:30" testType="f3589083-259c-4054-87f7-75cdad4b08e5" outcome="Error" testListId="8c84fa94-04c1-424b-9868-57a2d4851a1d">
    </GallioTestResult>
    <GallioTestResult executionId="2409e732-8abb-4e38-b78f-48d68a2e8f1f" testId="36323535-3366-6438-6136-323234346365" testName="QueryExecuteJoinedDataSet_ORDER_BY_Expression_Collection" computerName="ANAXIMANDER" duration="00:00:00" startTime="0001-01-01T09:30:00.0000000+09:30" endTime="2011-07-21T01:04:01.1866250+09:30" testType="f3589083-259c-4054-87f7-75cdad4b08e5" outcome="Error" testListId="8c84fa94-04c1-424b-9868-57a2d4851a1d">
    </GallioTestResult>
    <GallioTestResult executionId="772df437-f731-42b2-ada3-4dbf58adecdc" testId="38633261-6638-3431-6434-303533653339" testName="Query_Select" computerName="ANAXIMANDER" duration="00:00:00" startTime="0001-01-01T09:30:00.0000000+09:30" endTime="2011-07-21T01:04:01.2022500+09:30" testType="f3589083-259c-4054-87f7-75cdad4b08e5" outcome="Error" testListId="8c84fa94-04c1-424b-9868-57a2d4851a1d">
    </GallioTestResult>
    <GallioTestResult executionId="1738f813-e4d5-42f3-98f7-80bac06cec57" testId="39636161-6239-3161-6437-396262613339" testName="QueryExecuteJoinedDataSet_ORDER_BY_ExpressionDESC_Collection" computerName="ANAXIMANDER" duration="00:00:00" startTime="0001-01-01T09:30:00.0000000+09:30" endTime="2011-07-21T01:04:01.2178750+09:30" testType="f3589083-259c-4054-87f7-75cdad4b08e5" outcome="Error" testListId="8c84fa94-04c1-424b-9868-57a2d4851a1d">
    </GallioTestResult>
    <GallioTestResult executionId="90644862-9130-4ee4-b5ad-e9c6994d46da" testId="33666463-3431-3861-6461-303663343430" testName="Query_ORDER_BY_ExpressionDESC_Collection" computerName="ANAXIMANDER" duration="00:00:00" startTime="0001-01-01T09:30:00.0000000+09:30" endTime="2011-07-21T01:04:01.2178750+09:30" testType="f3589083-259c-4054-87f7-75cdad4b08e5" outcome="Error" testListId="8c84fa94-04c1-424b-9868-57a2d4851a1d">
    </GallioTestResult>
    <GallioTestResult executionId="6196188d-fd49-46e2-ab32-32ab7a128e99" testId="34323861-3665-6233-6466-356665393136" testName="QueryExecuteJoinedDataSet_ORDER_BY_ExpressionDESC" computerName="ANAXIMANDER" duration="00:00:00" startTime="0001-01-01T09:30:00.0000000+09:30" endTime="2011-07-21T01:04:01.2335000+09:30" testType="f3589083-259c-4054-87f7-75cdad4b08e5" outcome="Error" testListId="8c84fa94-04c1-424b-9868-57a2d4851a1d">
    </GallioTestResult>
    <GallioTestResult executionId="a3892206-3eb3-432a-95b8-9236709d1039" testId="33386237-3530-3631-3134-343932323634" testName="QueryExecuteJoinedDataSet_ORDER_BY_Expression" computerName="ANAXIMANDER" duration="00:00:00" startTime="0001-01-01T09:30:00.0000000+09:30" endTime="2011-07-21T01:04:01.2335000+09:30" testType="f3589083-259c-4054-87f7-75cdad4b08e5" outcome="Error" testListId="8c84fa94-04c1-424b-9868-57a2d4851a1d">
    </GallioTestResult>
    <GallioTestResult executionId="33e9f0a9-8bc3-41ad-8f0c-14cf6cfebcdb" testId="32653336-3539-3865-3262-306530633730" testName="Query_ORDER_BY_Collection" computerName="ANAXIMANDER" duration="00:00:00" startTime="0001-01-01T09:30:00.0000000+09:30" endTime="2011-07-21T01:04:01.2491250+09:30" testType="f3589083-259c-4054-87f7-75cdad4b08e5" outcome="Error" testListId="8c84fa94-04c1-424b-9868-57a2d4851a1d">
    </GallioTestResult>
    <GallioTestResult executionId="e4949deb-dff2-4eed-80cd-fda6b8a8f327" testId="65313837-6233-3263-3734-653235356261" testName="Query_ORDER_BY_Expression_Collection" computerName="ANAXIMANDER" duration="00:00:00" startTime="0001-01-01T09:30:00.0000000+09:30" endTime="2011-07-21T01:04:01.2647500+09:30" testType="f3589083-259c-4054-87f7-75cdad4b08e5" outcome="Error" testListId="8c84fa94-04c1-424b-9868-57a2d4851a1d">
    </GallioTestResult>
    <GallioTestResult executionId="2cf80fee-00a1-48d6-b9dc-e15a59533f37" testId="30633231-3235-3233-3433-613462306261" testName="Query_ORDER_BY_DESC_Collection" computerName="ANAXIMANDER" duration="00:00:00" startTime="0001-01-01T09:30:00.0000000+09:30" endTime="2011-07-21T01:04:01.2803750+09:30" testType="f3589083-259c-4054-87f7-75cdad4b08e5" outcome="Error" testListId="8c84fa94-04c1-424b-9868-57a2d4851a1d">
    </GallioTestResult>
    <GallioTestResult executionId="0fac93fb-d101-47cf-a92c-350a9867d37d" testId="33636334-3865-6330-3561-633065323439" testName="Query_NOT_IN_ArrayList" computerName="ANAXIMANDER" duration="00:00:00" startTime="0001-01-01T09:30:00.0000000+09:30" endTime="2011-07-21T01:04:01.2803750+09:30" testType="f3589083-259c-4054-87f7-75cdad4b08e5" outcome="Error" testListId="8c84fa94-04c1-424b-9868-57a2d4851a1d">
    </GallioTestResult>
    <GallioTestResult executionId="cc8c5334-b021-4da3-914a-2390ccef9441" testId="36636231-3664-6163-6232-393761313033" testName="Query_NOT_IN_ListCollection" computerName="ANAXIMANDER" duration="00:00:00" startTime="0001-01-01T09:30:00.0000000+09:30" endTime="2011-07-21T01:04:01.2960000+09:30" testType="f3589083-259c-4054-87f7-75cdad4b08e5" outcome="Error" testListId="8c84fa94-04c1-424b-9868-57a2d4851a1d">
    </GallioTestResult>
    <GallioTestResult executionId="5c963cae-3134-4ce0-a6de-b171668eb244" testId="36666662-3765-6632-3564-393932356431" testName="Query_NOT_IN_ObjectArray" computerName="ANAXIMANDER" duration="00:00:00" startTime="0001-01-01T09:30:00.0000000+09:30" endTime="2011-07-21T01:04:01.2960000+09:30" testType="f3589083-259c-4054-87f7-75cdad4b08e5" outcome="Error" testListId="8c84fa94-04c1-424b-9868-57a2d4851a1d">
    </GallioTestResult>
    <GallioTestResult executionId="47d92f49-b7e1-4583-9a5f-1ffeeafb717e" testId="66306538-3137-3831-3738-326664323163" testName="Query_IsNotNull" computerName="ANAXIMANDER" duration="00:00:00" startTime="0001-01-01T09:30:00.0000000+09:30" endTime="2011-07-21T01:04:01.3116250+09:30" testType="f3589083-259c-4054-87f7-75cdad4b08e5" outcome="Error" testListId="8c84fa94-04c1-424b-9868-57a2d4851a1d">
    </GallioTestResult>
    <GallioTestResult executionId="0a8e387a-614c-4720-b55b-c84f46ad3408" testId="38346334-3139-3830-3133-646334656231" testName="Query_OR_ModerateWithExpressions" computerName="ANAXIMANDER" duration="00:00:00" startTime="0001-01-01T09:30:00.0000000+09:30" endTime="2011-07-21T01:04:01.3116250+09:30" testType="f3589083-259c-4054-87f7-75cdad4b08e5" outcome="Error" testListId="8c84fa94-04c1-424b-9868-57a2d4851a1d">
    </GallioTestResult>
    <GallioTestResult executionId="6a08ce7d-360b-4b8c-91be-d3fc55173e03" testId="39616238-3164-3166-3731-663263303938" testName="Query_OR_Moderate" computerName="ANAXIMANDER" duration="00:00:00" startTime="0001-01-01T09:30:00.0000000+09:30" endTime="2011-07-21T01:04:01.3272500+09:30" testType="f3589083-259c-4054-87f7-75cdad4b08e5" outcome="Error" testListId="8c84fa94-04c1-424b-9868-57a2d4851a1d">
    </GallioTestResult>
    <GallioTestResult executionId="57992379-7da1-49f0-b896-eb61b168f850" testId="63636332-3339-6337-3061-343836346165" testName="Query_OR_Simple" computerName="ANAXIMANDER" duration="00:00:00" startTime="0001-01-01T09:30:00.0000000+09:30" endTime="2011-07-21T01:04:01.3428750+09:30" testType="f3589083-259c-4054-87f7-75cdad4b08e5" outcome="Error" testListId="8c84fa94-04c1-424b-9868-57a2d4851a1d">
    </GallioTestResult>
    <GallioTestResult executionId="7c98ad0b-645c-4e51-b0d3-32c104116a88" testId="38666238-3831-3031-6134-636336396532" testName="Query_IN_ArrayList" computerName="ANAXIMANDER" duration="00:00:00" startTime="0001-01-01T09:30:00.0000000+09:30" endTime="2011-07-21T01:04:01.3585000+09:30" testType="f3589083-259c-4054-87f7-75cdad4b08e5" outcome="Error" testListId="8c84fa94-04c1-424b-9868-57a2d4851a1d">
    </GallioTestResult>
    <GallioTestResult executionId="a0a6a545-5a0c-4b67-8d5e-c06747e9018e" testId="38303864-3261-6333-3935-333730353165" testName="Query_BetweenAnd" computerName="ANAXIMANDER" duration="00:00:00" startTime="0001-01-01T09:30:00.0000000+09:30" endTime="2011-07-21T01:04:01.3741250+09:30" testType="f3589083-259c-4054-87f7-75cdad4b08e5" outcome="Error" testListId="8c84fa94-04c1-424b-9868-57a2d4851a1d">
    </GallioTestResult>
    <GallioTestResult executionId="14c74e70-470b-4eff-868e-b25345f02726" testId="37323732-3032-3838-3864-383533396432" testName="Query_Updates" computerName="ANAXIMANDER" duration="00:00:00" startTime="0001-01-01T09:30:00.0000000+09:30" endTime="2011-07-21T01:04:01.3897500+09:30" testType="f3589083-259c-4054-87f7-75cdad4b08e5" outcome="Error" testListId="8c84fa94-04c1-424b-9868-57a2d4851a1d">
    </GallioTestResult>
    <GallioTestResult executionId="78a630f3-c5a4-4846-814c-f65ca446c7f1" testId="34623063-3134-6264-6332-363331663432" testName="Query_SelectTop" computerName="ANAXIMANDER" duration="00:00:00" startTime="0001-01-01T09:30:00.0000000+09:30" endTime="2011-07-21T01:04:01.4210000+09:30" testType="f3589083-259c-4054-87f7-75cdad4b08e5" outcome="Error" testListId="8c84fa94-04c1-424b-9868-57a2d4851a1d">
    </GallioTestResult>
    <GallioTestResult executionId="01630eb2-0b99-4bb1-8a0b-69281d2e54ff" testId="39616233-6566-6164-3166-323034333035" testName="Query_View" computerName="ANAXIMANDER" duration="00:00:00" startTime="0001-01-01T09:30:00.0000000+09:30" endTime="2011-07-21T01:04:01.4366250+09:30" testType="f3589083-259c-4054-87f7-75cdad4b08e5" outcome="Error" testListId="8c84fa94-04c1-424b-9868-57a2d4851a1d">
    </GallioTestResult>
    <GallioTestResult executionId="e6522e0c-e0d0-4dfc-83a0-7931fee4287c" testId="36656134-6461-6638-3730-343165666239" testName="Query_IN_ListCollection" computerName="ANAXIMANDER" duration="00:00:00" startTime="0001-01-01T09:30:00.0000000+09:30" endTime="2011-07-21T01:04:01.4522500+09:30" testType="f3589083-259c-4054-87f7-75cdad4b08e5" outcome="Error" testListId="8c84fa94-04c1-424b-9868-57a2d4851a1d">
    </GallioTestResult>
    <GallioTestResult executionId="53fa6e4c-b1fe-4f53-9467-3518a1203865" testId="62306163-3831-3637-3237-323463366137" testName="Query_IN_ObjectArray" computerName="ANAXIMANDER" duration="00:00:00" startTime="0001-01-01T09:30:00.0000000+09:30" endTime="2011-07-21T01:04:01.4835000+09:30" testType="f3589083-259c-4054-87f7-75cdad4b08e5" outcome="Error" testListId="8c84fa94-04c1-424b-9868-57a2d4851a1d">
    </GallioTestResult>
    <GallioTestResult executionId="ad188639-ccab-4272-adca-989e3ab47e35" testId="61393538-6534-6663-6333-316664363533" testName="Query_BetweenNumbers" computerName="ANAXIMANDER" duration="00:00:00" startTime="0001-01-01T09:30:00.0000000+09:30" endTime="2011-07-21T01:04:01.4835000+09:30" testType="f3589083-259c-4054-87f7-75cdad4b08e5" outcome="Error" testListId="8c84fa94-04c1-424b-9868-57a2d4851a1d">
    </GallioTestResult>
    <GallioTestResult executionId="be2e62b5-1ee8-42c3-8ccc-e906dceebcf4" testId="33616262-3433-3332-6365-393165623662" testName="Query_OR_Between" computerName="ANAXIMANDER" duration="00:00:00" startTime="0001-01-01T09:30:00.0000000+09:30" endTime="2011-07-21T01:04:01.4991250+09:30" testType="f3589083-259c-4054-87f7-75cdad4b08e5" outcome="Error" testListId="8c84fa94-04c1-424b-9868-57a2d4851a1d">
    </GallioTestResult>
    <GallioTestResult executionId="a012ce07-4a72-4d73-9f3f-9efbed621184" testId="65316165-6439-3163-6334-633531613862" testName="QueryExecuteJoinedDataSet_BETWEEN_AND_WithExtraWhereCondition" computerName="ANAXIMANDER" duration="00:00:00" startTime="0001-01-01T09:30:00.0000000+09:30" endTime="2011-07-21T01:04:01.5147500+09:30" testType="f3589083-259c-4054-87f7-75cdad4b08e5" outcome="Error" testListId="8c84fa94-04c1-424b-9868-57a2d4851a1d">
    </GallioTestResult>
    <GallioTestResult executionId="cb0f9506-10bf-4c6d-b551-7446bc9380f6" testId="38356438-6537-6132-3330-376164386337" testName="QueryExecuteJoinedDataSet_BETWEEN_AND" computerName="ANAXIMANDER" duration="00:00:00" startTime="0001-01-01T09:30:00.0000000+09:30" endTime="2011-07-21T01:04:01.5147500+09:30" testType="f3589083-259c-4054-87f7-75cdad4b08e5" outcome="Error" testListId="8c84fa94-04c1-424b-9868-57a2d4851a1d">
    </GallioTestResult>
    <GallioTestResult executionId="a5344d6f-d5d1-4dde-bfa3-c64763ad87bf" testId="62306265-3362-6231-3064-666262373035" testName="QueryExecuteJoinedDataSet_AddBetweenAnd_WithExtraWhereCondition" computerName="ANAXIMANDER" duration="00:00:00" startTime="0001-01-01T09:30:00.0000000+09:30" endTime="2011-07-21T01:04:01.5303750+09:30" testType="f3589083-259c-4054-87f7-75cdad4b08e5" outcome="Error" testListId="8c84fa94-04c1-424b-9868-57a2d4851a1d">
    </GallioTestResult>
    <GallioTestResult executionId="828ecbf9-17bf-4660-8833-9ad1001ac90b" testId="36303738-3739-3761-6633-376365663932" testName="QueryExecuteJoinedDataSet_IN_ObjectArray" computerName="ANAXIMANDER" duration="00:00:00" startTime="0001-01-01T09:30:00.0000000+09:30" endTime="2011-07-21T01:04:01.5460000+09:30" testType="f3589083-259c-4054-87f7-75cdad4b08e5" outcome="Error" testListId="8c84fa94-04c1-424b-9868-57a2d4851a1d">
    </GallioTestResult>
    <GallioTestResult executionId="c542344f-8d94-44ef-997d-145c85c83e53" testId="39613463-3364-3533-3334-626339313138" testName="QueryExecuteJoinedDataSet_NOT_IN_ObjectArray" computerName="ANAXIMANDER" duration="00:00:00" startTime="0001-01-01T09:30:00.0000000+09:30" endTime="2011-07-21T01:04:01.5460000+09:30" testType="f3589083-259c-4054-87f7-75cdad4b08e5" outcome="Error" testListId="8c84fa94-04c1-424b-9868-57a2d4851a1d">
    </GallioTestResult>
    <GallioTestResult executionId="e37ccb24-37d7-4b99-8c19-1c503668051c" testId="35623063-3465-3033-3863-303739383161" testName="QueryExecuteJoinedDataSet_IN_ArrayList" computerName="ANAXIMANDER" duration="00:00:00" startTime="0001-01-01T09:30:00.0000000+09:30" endTime="2011-07-21T01:04:01.5616250+09:30" testType="f3589083-259c-4054-87f7-75cdad4b08e5" outcome="Error" testListId="8c84fa94-04c1-424b-9868-57a2d4851a1d">
    </GallioTestResult>
    <GallioTestResult executionId="5cd3fa6c-3bbd-4e62-bf19-2048b3fee0a6" testId="61326439-3964-3863-3232-373335653832" testName="QueryExecuteJoinedDataSet_IN_ListCollection" computerName="ANAXIMANDER" duration="00:00:00" startTime="0001-01-01T09:30:00.0000000+09:30" endTime="2011-07-21T01:04:01.5616250+09:30" testType="f3589083-259c-4054-87f7-75cdad4b08e5" outcome="Error" testListId="8c84fa94-04c1-424b-9868-57a2d4851a1d">
    </GallioTestResult>
    <GallioTestResult executionId="46769bfe-bae7-4e51-a667-ffe48d889131" testId="31333766-6463-3763-3231-636531353732" testName="QueryExecuteJoinedDataSet_AddBetweenAnd" computerName="ANAXIMANDER" duration="00:00:00" startTime="0001-01-01T09:30:00.0000000+09:30" endTime="2011-07-21T01:04:01.5772500+09:30" testType="f3589083-259c-4054-87f7-75cdad4b08e5" outcome="Error" testListId="8c84fa94-04c1-424b-9868-57a2d4851a1d">
    </GallioTestResult>
    <GallioTestResult executionId="48df0cc4-3621-48a2-8e89-0a9240aada01" testId="34636463-3037-3833-3231-313939653534" testName="Query_PagingTest_View" computerName="ANAXIMANDER" duration="00:00:00" startTime="0001-01-01T09:30:00.0000000+09:30" endTime="2011-07-21T01:04:01.5928750+09:30" testType="f3589083-259c-4054-87f7-75cdad4b08e5" outcome="Error" testListId="8c84fa94-04c1-424b-9868-57a2d4851a1d">
    </GallioTestResult>
    <GallioTestResult executionId="6e835e20-0f6c-4423-9b09-bc76cc332eea" testId="31386135-3663-3864-6463-363765666261" testName="Query_PagingTest_Table" computerName="ANAXIMANDER" duration="00:00:00" startTime="0001-01-01T09:30:00.0000000+09:30" endTime="2011-07-21T01:04:01.5928750+09:30" testType="f3589083-259c-4054-87f7-75cdad4b08e5" outcome="Error" testListId="8c84fa94-04c1-424b-9868-57a2d4851a1d">
    </GallioTestResult>
    <GallioTestResult executionId="a3671ac2-f5fb-4281-9ec1-f58d9e8395fe" testId="31396461-6263-3831-3530-386663336136" testName="Query_Expression" computerName="ANAXIMANDER" duration="00:00:00" startTime="0001-01-01T09:30:00.0000000+09:30" endTime="2011-07-21T01:04:01.6085000+09:30" testType="f3589083-259c-4054-87f7-75cdad4b08e5" outcome="Error" testListId="8c84fa94-04c1-424b-9868-57a2d4851a1d">
    </GallioTestResult>
    <GallioTestResult executionId="ddcadd35-d1d6-446f-804d-b6061b20cc8f" testId="35643139-3234-3939-6131-653933656563" testName="Query_JoinedDataSet" computerName="ANAXIMANDER" duration="00:00:00" startTime="0001-01-01T09:30:00.0000000+09:30" endTime="2011-07-21T01:04:01.6085000+09:30" testType="f3589083-259c-4054-87f7-75cdad4b08e5" outcome="Error" testListId="8c84fa94-04c1-424b-9868-57a2d4851a1d">
    </GallioTestResult>
    <GallioTestResult executionId="9ccad33b-1694-4ee5-9ac2-0102fd09cc1b" testId="64663966-3733-3330-3861-316538653237" testName="Query_JoinedDataSet_OrderByFK" computerName="ANAXIMANDER" duration="00:00:00" startTime="0001-01-01T09:30:00.0000000+09:30" endTime="2011-07-21T01:04:01.6241250+09:30" testType="f3589083-259c-4054-87f7-75cdad4b08e5" outcome="Error" testListId="8c84fa94-04c1-424b-9868-57a2d4851a1d">
    </GallioTestResult>
    <GallioTestResult executionId="f3a248f4-a446-431b-bb90-f24ee5b9439e" testId="34326365-3339-6662-6166-666536613536" testName="Query_ConstraintExpression" computerName="ANAXIMANDER" duration="00:00:00" startTime="0001-01-01T09:30:00.0000000+09:30" endTime="2011-07-21T01:04:01.6241250+09:30" testType="f3589083-259c-4054-87f7-75cdad4b08e5" outcome="Error" testListId="8c84fa94-04c1-424b-9868-57a2d4851a1d">
    </GallioTestResult>
    <GallioTestResult executionId="c978f73a-12b8-4a26-bed0-df4e8491a502" testId="34613564-3333-6630-6339-326535323720" testName="ExecuteJoinedDataSet_Should_Accept_Parameters" computerName="ANAXIMANDER" duration="00:00:00" startTime="0001-01-01T09:30:00.0000000+09:30" endTime="2011-07-21T01:04:01.6397500+09:30" testType="f3589083-259c-4054-87f7-75cdad4b08e5" outcome="Error" testListId="8c84fa94-04c1-424b-9868-57a2d4851a1d">
    </GallioTestResult>
    <GallioTestResult executionId="ceee78c1-1710-40e6-ae73-f902d4110afd" testId="36393532-3465-3736-6666-653534323636" testName="Delete_SimpleSqlCheck" computerName="ANAXIMANDER" duration="00:00:00" startTime="0001-01-01T09:30:00.0000000+09:30" endTime="2011-07-21T01:04:01.6553750+09:30" testType="f3589083-259c-4054-87f7-75cdad4b08e5" outcome="Error" testListId="8c84fa94-04c1-424b-9868-57a2d4851a1d">
    </GallioTestResult>
    <GallioTestResult executionId="ea3d6b56-4814-4a16-963c-629ddac39734" testId="34343862-3139-3036-6466-336266633136" testName="Delete_MultipleWithInsertBatch" computerName="ANAXIMANDER" duration="00:00:00" startTime="0001-01-01T09:30:00.0000000+09:30" endTime="2011-07-21T01:04:01.6553750+09:30" testType="f3589083-259c-4054-87f7-75cdad4b08e5" outcome="Error" testListId="8c84fa94-04c1-424b-9868-57a2d4851a1d">
    </GallioTestResult>
    <GallioTestResult executionId="5b5ec813-042b-4b74-a5a2-ff465eeeb336" testId="31383035-3336-6333-3866-326662363266" testName="Delete_Simple" computerName="ANAXIMANDER" duration="00:00:00" startTime="0001-01-01T09:30:00.0000000+09:30" endTime="2011-07-21T01:04:01.6710000+09:30" testType="f3589083-259c-4054-87f7-75cdad4b08e5" outcome="Error" testListId="8c84fa94-04c1-424b-9868-57a2d4851a1d">
    </GallioTestResult>
    <GallioTestResult executionId="fd05ff64-e2f2-478b-b662-bf0f40414544" testId="63633236-3134-3430-6332-633831373661" testName="SP_Should_Execute_Without_Parameter2" computerName="ANAXIMANDER" duration="00:00:00" startTime="0001-01-01T09:30:00.0000000+09:30" endTime="2011-07-21T01:04:01.6710000+09:30" testType="f3589083-259c-4054-87f7-75cdad4b08e5" outcome="Error" testListId="8c84fa94-04c1-424b-9868-57a2d4851a1d">
    </GallioTestResult>
    <GallioTestResult executionId="1d509bdb-2879-403b-8d2e-c7920260f042" testId="32636137-3861-6464-6364-313063303039" testName="SP_Can_Execute_JSON_Result" computerName="ANAXIMANDER" duration="00:00:00" startTime="0001-01-01T09:30:00.0000000+09:30" endTime="2011-07-21T01:04:01.6866250+09:30" testType="f3589083-259c-4054-87f7-75cdad4b08e5" outcome="Error" testListId="8c84fa94-04c1-424b-9868-57a2d4851a1d">
    </GallioTestResult>
    <GallioTestResult executionId="4ddeebae-16ab-40c9-8326-0196f73083b5" testId="32646132-3232-3436-6237-306264386436" testName="SP_Schema_Should_Load_10_SPs" computerName="ANAXIMANDER" duration="00:00:00" startTime="0001-01-01T09:30:00.0000000+09:30" endTime="2011-07-21T01:04:01.6866250+09:30" testType="f3589083-259c-4054-87f7-75cdad4b08e5" outcome="Error" testListId="8c84fa94-04c1-424b-9868-57a2d4851a1d">
    </GallioTestResult>
    <GallioTestResult executionId="ba337917-4e87-444c-9d04-c794ce7fbd3a" testId="37303961-3263-6162-3964-663366396261" testName="SP_CustOrderHist_TypedSP_Should_Have_Qualified_CommandSQL" computerName="ANAXIMANDER" duration="00:00:00" startTime="0001-01-01T09:30:00.0000000+09:30" endTime="2011-07-21T01:04:01.7022500+09:30" testType="f3589083-259c-4054-87f7-75cdad4b08e5" outcome="Error" testListId="8c84fa94-04c1-424b-9868-57a2d4851a1d">
    </GallioTestResult>
    <GallioTestResult executionId="08b769c4-2dec-4c05-9981-59d444db212f" testId="32383265-3161-3633-3036-376364303332" testName="SP_ReaderTest" computerName="ANAXIMANDER" duration="00:00:00" startTime="0001-01-01T09:30:00.0000000+09:30" endTime="2011-07-21T01:04:01.7178750+09:30" testType="f3589083-259c-4054-87f7-75cdad4b08e5" outcome="Error" testListId="8c84fa94-04c1-424b-9868-57a2d4851a1d">
    </GallioTestResult>
    <GallioTestResult executionId="6a62ccf5-977a-4461-8598-fe12df5e377d" testId="30653063-3138-6133-3865-323463356166" testName="SP_ScalarTest" computerName="ANAXIMANDER" duration="00:00:00" startTime="0001-01-01T09:30:00.0000000+09:30" endTime="2011-07-21T01:04:01.7178750+09:30" testType="f3589083-259c-4054-87f7-75cdad4b08e5" outcome="Error" testListId="8c84fa94-04c1-424b-9868-57a2d4851a1d">
    </GallioTestResult>
    <GallioTestResult executionId="11bd0bec-bfd7-460a-894c-9d8f95731577" testId="62336135-3036-6238-3232-653933386161" testName="SP_Schema_Should_Load_With_Schema_Name" computerName="ANAXIMANDER" duration="00:00:00" startTime="0001-01-01T09:30:00.0000000+09:30" endTime="2011-07-21T01:04:01.7335000+09:30" testType="f3589083-259c-4054-87f7-75cdad4b08e5" outcome="Error" testListId="8c84fa94-04c1-424b-9868-57a2d4851a1d">
    </GallioTestResult>
    <GallioTestResult executionId="ff485ab4-6737-4cef-b168-a4685c75d66d" testId="39633961-3237-3131-3932-653761373464" testName="SP_CustOrderHist_Should_Have_QualifiedName" computerName="ANAXIMANDER" duration="00:00:00" startTime="0001-01-01T09:30:00.0000000+09:30" endTime="2011-07-21T01:04:01.7335000+09:30" testType="f3589083-259c-4054-87f7-75cdad4b08e5" outcome="Error" testListId="8c84fa94-04c1-424b-9868-57a2d4851a1d">
    </GallioTestResult>
    <GallioTestResult executionId="f9dff22b-e3e6-4ceb-a7e7-73127a1d3b3b" testId="65396661-6165-3662-3732-653334663363" testName="SP_CustOrderHist_Should_Have_Qualified_CommandSQL" computerName="ANAXIMANDER" duration="00:00:00" startTime="0001-01-01T09:30:00.0000000+09:30" endTime="2011-07-21T01:04:01.7491250+09:30" testType="f3589083-259c-4054-87f7-75cdad4b08e5" outcome="Error" testListId="8c84fa94-04c1-424b-9868-57a2d4851a1d">
    </GallioTestResult>
    <GallioTestResult executionId="49379e3f-b0dc-437f-965c-1241c87e4548" testId="65333334-3937-3330-3035-303365373931" testName="SP_QuickReader" computerName="ANAXIMANDER" duration="00:00:00" startTime="0001-01-01T09:30:00.0000000+09:30" endTime="2011-07-21T01:04:01.7647500+09:30" testType="f3589083-259c-4054-87f7-75cdad4b08e5" outcome="Error" testListId="8c84fa94-04c1-424b-9868-57a2d4851a1d">
    </GallioTestResult>
    <GallioTestResult executionId="232120ee-b16d-4200-9d66-9a4735efc022" testId="34663538-3537-3438-3862-353532386466" testName="SP_QuickDataSet" computerName="ANAXIMANDER" duration="00:00:00" startTime="0001-01-01T09:30:00.0000000+09:30" endTime="2011-07-21T01:04:01.7647500+09:30" testType="f3589083-259c-4054-87f7-75cdad4b08e5" outcome="Error" testListId="8c84fa94-04c1-424b-9868-57a2d4851a1d">
    </GallioTestResult>
    <GallioTestResult executionId="068b64fa-401c-432d-be49-e2647cc83f78" testId="38646135-6366-3437-6466-366133353237" testName="SP_Should_Execute_Without_Parameter" computerName="ANAXIMANDER" duration="00:00:00" startTime="0001-01-01T09:30:00.0000000+09:30" endTime="2011-07-21T01:04:01.7803750+09:30" testType="f3589083-259c-4054-87f7-75cdad4b08e5" outcome="Error" testListId="8c84fa94-04c1-424b-9868-57a2d4851a1d">
    </GallioTestResult>
    <GallioTestResult executionId="9bd2db73-42b0-430e-b0b8-24ab9e4f939a" testId="30363137-3636-6231-6135-623466383720" testName="SP_DSTest" computerName="ANAXIMANDER" duration="00:00:00" startTime="0001-01-01T09:30:00.0000000+09:30" endTime="2011-07-21T01:04:01.7803750+09:30" testType="f3589083-259c-4054-87f7-75cdad4b08e5" outcome="Error" testListId="8c84fa94-04c1-424b-9868-57a2d4851a1d">
    </GallioTestResult>
    <GallioTestResult executionId="bac6b8a9-c809-4f96-a2f2-88e9310de5d6" testId="65336138-6337-6266-6630-363466646364" testName="SP_Outputs" computerName="ANAXIMANDER" duration="00:00:00" startTime="0001-01-01T09:30:00.0000000+09:30" endTime="2011-07-21T01:04:01.7960000+09:30" testType="f3589083-259c-4054-87f7-75cdad4b08e5" outcome="Error" testListId="8c84fa94-04c1-424b-9868-57a2d4851a1d">
    </GallioTestResult>
    <GallioTestResult executionId="e55363e0-5c51-4bd5-a252-32e6808ad32a" testId="33623435-3538-3966-3835-656133616461" testName="SP_Outputs_DefaultProvider" computerName="ANAXIMANDER" duration="00:00:00" startTime="0001-01-01T09:30:00.0000000+09:30" endTime="2011-07-21T01:04:01.8116250+09:30" testType="f3589083-259c-4054-87f7-75cdad4b08e5" outcome="Error" testListId="8c84fa94-04c1-424b-9868-57a2d4851a1d">
    </GallioTestResult>
    <GallioTestResult executionId="cddae1e4-7095-4488-bfac-201a89eae9d5" testId="34643432-6131-3166-6439-386364336362" testName="NameTransformation_ToPascalCase" computerName="ANAXIMANDER" duration="00:00:00" startTime="0001-01-01T09:30:00.0000000+09:30" endTime="2011-07-21T01:04:01.8428750+09:30" testType="f3589083-259c-4054-87f7-75cdad4b08e5" outcome="Error" testListId="8c84fa94-04c1-424b-9868-57a2d4851a1d">
    </GallioTestResult>
    <GallioTestResult executionId="c70ef963-a410-48f5-a95f-91eeb5826119" testId="62313035-6664-6166-3464-623430376533" testName="Repository_Should_UpdateProductName" computerName="ANAXIMANDER" duration="00:00:00" startTime="0001-01-01T09:30:00.0000000+09:30" endTime="2011-07-21T01:04:01.8585000+09:30" testType="f3589083-259c-4054-87f7-75cdad4b08e5" outcome="Error" testListId="8c84fa94-04c1-424b-9868-57a2d4851a1d">
    </GallioTestResult>
    <GallioTestResult executionId="88c917fa-d790-4f81-ba61-db01111fc990" testId="61393865-3066-6535-6335-363961393032" testName="Repository_FullCRUD" computerName="ANAXIMANDER" duration="00:00:00" startTime="0001-01-01T09:30:00.0000000+09:30" endTime="2011-07-21T01:04:01.8585000+09:30" testType="f3589083-259c-4054-87f7-75cdad4b08e5" outcome="Error" testListId="8c84fa94-04c1-424b-9868-57a2d4851a1d">
    </GallioTestResult>
    <GallioTestResult executionId="663eb22d-e3bc-42c6-8bf2-8124a7891c63" testId="34393161-6663-6632-3732-666130646133" testName="Repository_Simple_Select" computerName="ANAXIMANDER" duration="00:00:00" startTime="0001-01-01T09:30:00.0000000+09:30" endTime="2011-07-21T01:04:01.8741250+09:30" testType="f3589083-259c-4054-87f7-75cdad4b08e5" outcome="Error" testListId="8c84fa94-04c1-424b-9868-57a2d4851a1d">
    </GallioTestResult>
    <GallioTestResult executionId="6967c0d9-c84f-4bb9-81ee-7e60327056da" testId="64623865-6262-3639-3537-316236623731" testName="Repository_DeleteByKey" computerName="ANAXIMANDER" duration="00:00:00" startTime="0001-01-01T09:30:00.0000000+09:30" endTime="2011-07-21T01:04:01.8897500+09:30" testType="f3589083-259c-4054-87f7-75cdad4b08e5" outcome="Error" testListId="8c84fa94-04c1-424b-9868-57a2d4851a1d">
    </GallioTestResult>
    <GallioTestResult executionId="e43f7798-b10b-443f-bd34-3e385f6ba92e" testId="36363364-6363-6564-3438-323431393066" testName="Repository_DestroyByKey" computerName="ANAXIMANDER" duration="00:00:00" startTime="0001-01-01T09:30:00.0000000+09:30" endTime="2011-07-21T01:04:01.8897500+09:30" testType="f3589083-259c-4054-87f7-75cdad4b08e5" outcome="Error" testListId="8c84fa94-04c1-424b-9868-57a2d4851a1d">
    </GallioTestResult>
    <GallioTestResult executionId="2fd5d09f-306e-41bb-bca6-c70c0ee27c68" testId="37373262-3663-3537-3537-323039356636" testName="Repository_ShouldNot_ThrowWhenNoColumnsChanged" computerName="ANAXIMANDER" duration="00:00:00" startTime="0001-01-01T09:30:00.0000000+09:30" endTime="2011-07-21T01:04:01.9053750+09:30" testType="f3589083-259c-4054-87f7-75cdad4b08e5" outcome="Error" testListId="8c84fa94-04c1-424b-9868-57a2d4851a1d">
    </GallioTestResult>
    <GallioTestResult executionId="98eb5652-dce7-44d1-8340-0a11a0e43175" testId="62363334-6333-6161-3861-306464613235" testName="Respository_CollectionLoad" computerName="ANAXIMANDER" duration="00:00:00" startTime="0001-01-01T09:30:00.0000000+09:30" endTime="2011-07-21T01:04:01.9053750+09:30" testType="f3589083-259c-4054-87f7-75cdad4b08e5" outcome="Error" testListId="8c84fa94-04c1-424b-9868-57a2d4851a1d">
    </GallioTestResult>
    <GallioTestResult executionId="7bf834d6-cd6d-47a6-a584-2560d2815721" testId="65333663-3334-6164-3466-393832396536" testName="ListTHelper" computerName="ANAXIMANDER" duration="00:00:00" startTime="0001-01-01T09:30:00.0000000+09:30" endTime="2011-07-21T01:04:01.9210000+09:30" testType="f3589083-259c-4054-87f7-75cdad4b08e5" outcome="Error" testListId="8c84fa94-04c1-424b-9868-57a2d4851a1d">
    </GallioTestResult>
    <GallioTestResult executionId="c46c8f31-458a-4cca-acd9-0ce27643007e" testId="38303935-6531-6638-6533-336261643232" testName="BatchSaveInsert" computerName="ANAXIMANDER" duration="00:00:00" startTime="0001-01-01T09:30:00.0000000+09:30" endTime="2011-07-21T01:04:01.9366250+09:30" testType="f3589083-259c-4054-87f7-75cdad4b08e5" outcome="Error" testListId="8c84fa94-04c1-424b-9868-57a2d4851a1d">
    </GallioTestResult>
    <GallioTestResult executionId="c77b1cc2-c6cd-4172-8a43-5648efc304e8" testId="64383238-3464-3732-3037-623231626265" testName="DeferredDelete" computerName="ANAXIMANDER" duration="00:00:00" startTime="0001-01-01T09:30:00.0000000+09:30" endTime="2011-07-21T01:04:01.9366250+09:30" testType="f3589083-259c-4054-87f7-75cdad4b08e5" outcome="Error" testListId="8c84fa94-04c1-424b-9868-57a2d4851a1d">
    </GallioTestResult>
    <GallioTestResult executionId="8f059afb-6c2b-44f0-8b60-d5a1310734ee" testId="63303163-6233-3662-6133-313330326435" testName="BatchSaveUpdate" computerName="ANAXIMANDER" duration="00:00:00" startTime="0001-01-01T09:30:00.0000000+09:30" endTime="2011-07-21T01:04:01.9522500+09:30" testType="f3589083-259c-4054-87f7-75cdad4b08e5" outcome="Error" testListId="8c84fa94-04c1-424b-9868-57a2d4851a1d">
    </GallioTestResult>
    <GallioTestResult executionId="c08c3dc8-1cd3-4896-bfa7-1ce58850a081" testId="30303161-6133-6431-3132-393434366232" testName="BatchSaveUpdateNoChanges" computerName="ANAXIMANDER" duration="00:00:00" startTime="0001-01-01T09:30:00.0000000+09:30" endTime="2011-07-21T01:04:01.9678750+09:30" testType="f3589083-259c-4054-87f7-75cdad4b08e5" outcome="Error" testListId="8c84fa94-04c1-424b-9868-57a2d4851a1d">
    </GallioTestResult>
    <GallioTestResult executionId="e19f0c77-bc7b-489e-837c-9a5b83f0a13b" testId="36306364-6165-6533-6235-656366666320" testName="ListSerialization" computerName="ANAXIMANDER" duration="00:00:00" startTime="0001-01-01T09:30:00.0000000+09:30" endTime="2011-07-21T01:04:01.9678750+09:30" testType="f3589083-259c-4054-87f7-75cdad4b08e5" outcome="Error" testListId="8c84fa94-04c1-424b-9868-57a2d4851a1d">
    </GallioTestResult>
    <GallioTestResult executionId="a9981408-9b57-437f-8c91-279142251b53" testId="30343265-3635-6630-3538-333139356434" testName="Multi_QueryTest" computerName="ANAXIMANDER" duration="00:00:00" startTime="0001-01-01T09:30:00.0000000+09:30" endTime="2011-07-21T01:04:01.9835000+09:30" testType="f3589083-259c-4054-87f7-75cdad4b08e5" outcome="Error" testListId="8c84fa94-04c1-424b-9868-57a2d4851a1d">
    </GallioTestResult>
    <GallioTestResult executionId="62104102-153b-4060-9a38-0605fa5c90bb" testId="39353434-6138-3765-3539-393935353720" testName="Multiple_Providers_Should_Return_Correct_ProviderName" computerName="ANAXIMANDER" duration="00:00:00" startTime="0001-01-01T09:30:00.0000000+09:30" endTime="2011-07-21T01:04:01.9835000+09:30" testType="f3589083-259c-4054-87f7-75cdad4b08e5" outcome="Error" testListId="8c84fa94-04c1-424b-9868-57a2d4851a1d">
    </GallioTestResult>
    <GallioTestResult executionId="99a94fce-6d8b-4470-9e3b-5872d026bbd6" testId="65306563-3061-3464-6262-656261343435" testName="Transaction_Simple" computerName="ANAXIMANDER" duration="00:00:00" startTime="0001-01-01T09:30:00.0000000+09:30" endTime="2011-07-21T01:04:01.9991250+09:30" testType="f3589083-259c-4054-87f7-75cdad4b08e5" outcome="Error" testListId="8c84fa94-04c1-424b-9868-57a2d4851a1d">
    </GallioTestResult>
    <GallioTestResult executionId="a4b0ffd5-fb7b-417c-bff9-eeb40c1cacad" testId="36356262-3834-6161-3761-656361323764" testName="Objects_DeletedTest" computerName="ANAXIMANDER" duration="00:00:00" startTime="0001-01-01T09:30:00.0000000+09:30" endTime="2011-07-21T01:04:02.0147500+09:30" testType="f3589083-259c-4054-87f7-75cdad4b08e5" outcome="Error" testListId="8c84fa94-04c1-424b-9868-57a2d4851a1d">
    </GallioTestResult>
    <GallioTestResult executionId="a55e49b5-3e15-466a-b41c-0edd89280976" testId="62336333-6362-3963-3863-636434653266" testName="Object_Query" computerName="ANAXIMANDER" duration="00:00:00" startTime="0001-01-01T09:30:00.0000000+09:30" endTime="2011-07-21T01:04:02.0147500+09:30" testType="f3589083-259c-4054-87f7-75cdad4b08e5" outcome="Error" testListId="8c84fa94-04c1-424b-9868-57a2d4851a1d">
    </GallioTestResult>
    <GallioTestResult executionId="9fd08095-215a-44b8-ad33-fc58515c5592" testId="63613763-3263-3738-6131-626338323236" testName="Collections_DeletedTest" computerName="ANAXIMANDER" duration="00:00:00" startTime="0001-01-01T09:30:00.0000000+09:30" endTime="2011-07-21T01:04:02.0303750+09:30" testType="f3589083-259c-4054-87f7-75cdad4b08e5" outcome="Error" testListId="8c84fa94-04c1-424b-9868-57a2d4851a1d">
    </GallioTestResult>
    <GallioTestResult executionId="24e85299-ab5c-4bfd-84ab-62360e404e16" testId="36626561-3331-3964-3362-633030646539" testName="Objects_LoadListItems" computerName="ANAXIMANDER" duration="00:00:00" startTime="0001-01-01T09:30:00.0000000+09:30" endTime="2011-07-21T01:04:02.0460000+09:30" testType="f3589083-259c-4054-87f7-75cdad4b08e5" outcome="Error" testListId="8c84fa94-04c1-424b-9868-57a2d4851a1d">
    </GallioTestResult>
    <GallioTestResult executionId="62dc188d-e19e-42ba-81dd-995f08348eaf" testId="64353966-6638-3830-6537-383834306635" testName="Object_DefaultSettings" computerName="ANAXIMANDER" duration="00:00:00" startTime="0001-01-01T09:30:00.0000000+09:30" endTime="2011-07-21T01:04:02.0616250+09:30" testType="f3589083-259c-4054-87f7-75cdad4b08e5" outcome="Error" testListId="8c84fa94-04c1-424b-9868-57a2d4851a1d">
    </GallioTestResult>
    <GallioTestResult executionId="deb0d579-f6bc-43ef-814d-c762c3b03ddc" testId="34653932-3936-6266-6530-353363366363" testName="Object_SchemaDefinition" computerName="ANAXIMANDER" duration="00:00:00" startTime="0001-01-01T09:30:00.0000000+09:30" endTime="2011-07-21T01:04:02.0616250+09:30" testType="f3589083-259c-4054-87f7-75cdad4b08e5" outcome="Error" testListId="8c84fa94-04c1-424b-9868-57a2d4851a1d">
    </GallioTestResult>
    <GallioTestResult executionId="aff540c0-d6b4-46f3-b6e4-74c71127f7f9" testId="62623034-3032-6436-3835-613962373936" testName="Object_CRUD" computerName="ANAXIMANDER" duration="00:00:00" startTime="0001-01-01T09:30:00.0000000+09:30" endTime="2011-07-21T01:04:02.0772500+09:30" testType="f3589083-259c-4054-87f7-75cdad4b08e5" outcome="Error" testListId="8c84fa94-04c1-424b-9868-57a2d4851a1d">
    </GallioTestResult>
    <GallioTestResult executionId="83e6acca-66b9-4253-be1a-ffb543395ae7" testId="31633431-3337-3638-6635-666335342020" testName="Object_Validation" computerName="ANAXIMANDER" duration="00:00:00" startTime="0001-01-01T09:30:00.0000000+09:30" endTime="2011-07-21T01:04:02.0928750+09:30" testType="f3589083-259c-4054-87f7-75cdad4b08e5" outcome="Error" testListId="8c84fa94-04c1-424b-9868-57a2d4851a1d">
    </GallioTestResult>
    <GallioTestResult executionId="84b268ce-5a16-4941-a056-50bc7f6752e1" testId="39343462-3161-6432-3730-333661623630" testName="DataService_GetSchema" computerName="ANAXIMANDER" duration="00:00:00" startTime="0001-01-01T09:30:00.0000000+09:30" endTime="2011-07-21T01:04:02.0928750+09:30" testType="f3589083-259c-4054-87f7-75cdad4b08e5" outcome="Error" testListId="8c84fa94-04c1-424b-9868-57a2d4851a1d">
    </GallioTestResult>
    <GallioTestResult executionId="87da1d1b-0ab6-4c77-9762-edb5121b50d9" testId="37366565-6438-3266-6538-323661346530" testName="DataProvider_GetRecordCount" computerName="ANAXIMANDER" duration="00:00:00" startTime="0001-01-01T09:30:00.0000000+09:30" endTime="2011-07-21T01:04:02.1085000+09:30" testType="f3589083-259c-4054-87f7-75cdad4b08e5" outcome="Error" testListId="8c84fa94-04c1-424b-9868-57a2d4851a1d">
    </GallioTestResult>
    <GallioTestResult executionId="7ae45fc2-c593-4fd9-adaa-fe39f6a2fb96" testId="38623236-6235-3263-6166-666364303863" testName="DataService_GetTableNames" computerName="ANAXIMANDER" duration="00:00:00" startTime="0001-01-01T09:30:00.0000000+09:30" endTime="2011-07-21T01:04:02.1241250+09:30" testType="f3589083-259c-4054-87f7-75cdad4b08e5" outcome="Error" testListId="8c84fa94-04c1-424b-9868-57a2d4851a1d">
    </GallioTestResult>
    <GallioTestResult executionId="186f933f-422c-41c8-8dad-20d2f1c7f759" testId="39623638-3137-6531-6363-373736343834" testName="Drop_Table" computerName="ANAXIMANDER" duration="00:00:00" startTime="0001-01-01T09:30:00.0000000+09:30" endTime="2011-07-21T01:04:02.1241250+09:30" testType="f3589083-259c-4054-87f7-75cdad4b08e5" outcome="Error" testListId="8c84fa94-04c1-424b-9868-57a2d4851a1d">
    </GallioTestResult>
    <GallioTestResult executionId="2858b9ad-86c4-4591-bbc8-44cba6000c7a" testId="39363835-6630-6462-6365-663534363966" testName="Select_ColumnList_Specified" computerName="ANAXIMANDER" duration="00:00:00" startTime="0001-01-01T09:30:00.0000000+09:30" endTime="2011-07-21T01:04:02.1397500+09:30" testType="f3589083-259c-4054-87f7-75cdad4b08e5" outcome="Error" testListId="8c84fa94-04c1-424b-9868-57a2d4851a1d">
    </GallioTestResult>
    <GallioTestResult executionId="5f97247a-2983-4ee1-802c-60a6775fab31" testId="38663132-6237-3734-6165-373136303932" testName="Create_Table" computerName="ANAXIMANDER" duration="00:00:00" startTime="0001-01-01T09:30:00.0000000+09:30" endTime="2011-07-21T01:04:02.1397500+09:30" testType="f3589083-259c-4054-87f7-75cdad4b08e5" outcome="Error" testListId="8c84fa94-04c1-424b-9868-57a2d4851a1d">
    </GallioTestResult>
    <GallioTestResult executionId="e5e1f64b-8027-4677-ba49-d6f21a5dfd20" testId="34326234-3031-3361-6666-666133613135" testName="Remove_Column" computerName="ANAXIMANDER" duration="00:00:00" startTime="0001-01-01T09:30:00.0000000+09:30" endTime="2011-07-21T01:04:02.1553750+09:30" testType="f3589083-259c-4054-87f7-75cdad4b08e5" outcome="Error" testListId="8c84fa94-04c1-424b-9868-57a2d4851a1d">
    </GallioTestResult>
    <GallioTestResult executionId="901d13cd-fece-48f6-ad13-7c66d42f3e5f" testId="34336135-3961-6633-3461-373064313335" testName="Alter_Column" computerName="ANAXIMANDER" duration="00:00:00" startTime="0001-01-01T09:30:00.0000000+09:30" endTime="2011-07-21T01:04:02.1553750+09:30" testType="f3589083-259c-4054-87f7-75cdad4b08e5" outcome="Error" testListId="8c84fa94-04c1-424b-9868-57a2d4851a1d">
    </GallioTestResult>
    <GallioTestResult executionId="74c85849-fb73-4209-8858-52c3400d26e7" testId="34333866-3436-3466-3566-346262393830" testName="Add_Column" computerName="ANAXIMANDER" duration="00:00:00" startTime="0001-01-01T09:30:00.0000000+09:30" endTime="2011-07-21T01:04:02.1710000+09:30" testType="f3589083-259c-4054-87f7-75cdad4b08e5" outcome="Error" testListId="8c84fa94-04c1-424b-9868-57a2d4851a1d">
    </GallioTestResult>
    <GallioTestResult executionId="cba4b846-9bc4-4a6f-9af8-ce29b08c7f71" testId="38333062-3364-6661-6233-323634653166" testName="Add_Column" computerName="ANAXIMANDER" duration="00:00:00" startTime="0001-01-01T09:30:00.0000000+09:30" endTime="2011-07-21T01:04:02.1866250+09:30" testType="f3589083-259c-4054-87f7-75cdad4b08e5" outcome="Error" testListId="8c84fa94-04c1-424b-9868-57a2d4851a1d">
    </GallioTestResult>
    <GallioTestResult executionId="263b91e6-9fa6-44ec-97c1-6861db925fe5" testId="36333262-3638-3166-6232-313366376666" testName="Create_Table" computerName="ANAXIMANDER" duration="00:00:00" startTime="0001-01-01T09:30:00.0000000+09:30" endTime="2011-07-21T01:04:02.1866250+09:30" testType="f3589083-259c-4054-87f7-75cdad4b08e5" outcome="Error" testListId="8c84fa94-04c1-424b-9868-57a2d4851a1d">
    </GallioTestResult>
    <GallioTestResult executionId="d60eacb6-e54a-4a42-850a-662c8c5cf170" testId="62633637-6335-3163-3438-643135643132" testName="Drop_Table" computerName="ANAXIMANDER" duration="00:00:00" startTime="0001-01-01T09:30:00.0000000+09:30" endTime="2011-07-21T01:04:02.2022500+09:30" testType="f3589083-259c-4054-87f7-75cdad4b08e5" outcome="Error" testListId="8c84fa94-04c1-424b-9868-57a2d4851a1d">
    </GallioTestResult>
    <GallioTestResult executionId="752a44ed-24b7-4695-8c21-fd2c00faa299" testId="63303166-3831-3466-6536-653532613430" testName="Select_ColumnList_Specified" computerName="ANAXIMANDER" duration="00:00:00" startTime="0001-01-01T09:30:00.0000000+09:30" endTime="2011-07-21T01:04:02.2022500+09:30" testType="f3589083-259c-4054-87f7-75cdad4b08e5" outcome="Error" testListId="8c84fa94-04c1-424b-9868-57a2d4851a1d">
    </GallioTestResult>
    <GallioTestResult executionId="c6a183d1-604e-4d89-9c36-8f6a74344333" testId="30643535-3362-3961-6161-326663376235" testName="Remove_Column" computerName="ANAXIMANDER" duration="00:00:00" startTime="0001-01-01T09:30:00.0000000+09:30" endTime="2011-07-21T01:04:02.2178750+09:30" testType="f3589083-259c-4054-87f7-75cdad4b08e5" outcome="Error" testListId="8c84fa94-04c1-424b-9868-57a2d4851a1d">
    </GallioTestResult>
    <GallioTestResult executionId="5d65d194-05e1-4a8e-87c2-b78cfded2307" testId="62303332-6435-3134-6338-386364396433" testName="Alter_Column" computerName="ANAXIMANDER" duration="00:00:00" startTime="0001-01-01T09:30:00.0000000+09:30" endTime="2011-07-21T01:04:02.2178750+09:30" testType="f3589083-259c-4054-87f7-75cdad4b08e5" outcome="Error" testListId="8c84fa94-04c1-424b-9868-57a2d4851a1d">
    </GallioTestResult>
    <GallioTestResult executionId="17fb4bd1-9d45-41b8-ad6d-503dfec68062" testId="35633865-3330-3234-3165-643735636337" testName="Where_Simple" computerName="ANAXIMANDER" duration="00:00:00" startTime="0001-01-01T09:30:00.0000000+09:30" endTime="2011-07-21T01:04:02.2335000+09:30" testType="f3589083-259c-4054-87f7-75cdad4b08e5" outcome="Error" testListId="8c84fa94-04c1-424b-9868-57a2d4851a1d">
    </GallioTestResult>
    <GallioTestResult executionId="d51019de-af84-41bd-bbc2-bdb01be34b43" testId="31386538-3166-3962-3037-383035616336" testName="Where_And" computerName="ANAXIMANDER" duration="00:00:00" startTime="0001-01-01T09:30:00.0000000+09:30" endTime="2011-07-21T01:04:02.2335000+09:30" testType="f3589083-259c-4054-87f7-75cdad4b08e5" outcome="Error" testListId="8c84fa94-04c1-424b-9868-57a2d4851a1d">
    </GallioTestResult>
    <GallioTestResult executionId="75106c51-d3a9-4560-8b5a-7ffed748fe96" testId="33336463-3933-3838-3835-343137653638" testName="Select_BetweenAnd" computerName="ANAXIMANDER" duration="00:00:00" startTime="0001-01-01T09:30:00.0000000+09:30" endTime="2011-07-21T01:04:02.2491250+09:30" testType="f3589083-259c-4054-87f7-75cdad4b08e5" outcome="Error" testListId="8c84fa94-04c1-424b-9868-57a2d4851a1d">
    </GallioTestResult>
    <GallioTestResult executionId="758e8193-aa61-4ad8-b3e5-ca463dbb7a23" testId="63653339-6563-3462-3662-366166386566" testName="Join_CreateImplicit_Reversed" computerName="ANAXIMANDER" duration="00:00:00" startTime="0001-01-01T09:30:00.0000000+09:30" endTime="2011-07-21T01:04:02.2647500+09:30" testType="f3589083-259c-4054-87f7-75cdad4b08e5" outcome="Error" testListId="8c84fa94-04c1-424b-9868-57a2d4851a1d">
    </GallioTestResult>
    <GallioTestResult executionId="9e1ecf6f-73d0-4364-b7d9-38dad0014f82" testId="33353339-3361-3764-6636-663737396330" testName="Select_Generate_FromList" computerName="ANAXIMANDER" duration="00:00:00" startTime="0001-01-01T09:30:00.0000000+09:30" endTime="2011-07-21T01:04:02.2647500+09:30" testType="f3589083-259c-4054-87f7-75cdad4b08e5" outcome="Error" testListId="8c84fa94-04c1-424b-9868-57a2d4851a1d">
    </GallioTestResult>
    <GallioTestResult executionId="7188141f-f471-4d02-9809-d678dea1958c" testId="63363163-3661-3635-3635-613630646364" testName="Select_Generate_JoinList" computerName="ANAXIMANDER" duration="00:00:00" startTime="0001-01-01T09:30:00.0000000+09:30" endTime="2011-07-21T01:04:02.2803750+09:30" testType="f3589083-259c-4054-87f7-75cdad4b08e5" outcome="Error" testListId="8c84fa94-04c1-424b-9868-57a2d4851a1d">
    </GallioTestResult>
    <GallioTestResult executionId="9018c0c4-384a-4b56-9cfb-1f2f8902c510" testId="34306236-6661-3665-3464-333038616335" testName="Join_CreateImplicit" computerName="ANAXIMANDER" duration="00:00:00" startTime="0001-01-01T09:30:00.0000000+09:30" endTime="2011-07-21T01:04:02.2803750+09:30" testType="f3589083-259c-4054-87f7-75cdad4b08e5" outcome="Error" testListId="8c84fa94-04c1-424b-9868-57a2d4851a1d">
    </GallioTestResult>
    <GallioTestResult executionId="609d52f4-0266-4cd2-a947-29dcacda5565" testId="33336566-3431-3838-3835-313537323138" testName="Aggregate_Count" computerName="ANAXIMANDER" duration="00:00:00" startTime="0001-01-01T09:30:00.0000000+09:30" endTime="2011-07-21T01:04:02.2960000+09:30" testType="f3589083-259c-4054-87f7-75cdad4b08e5" outcome="Error" testListId="8c84fa94-04c1-424b-9868-57a2d4851a1d">
    </GallioTestResult>
    <GallioTestResult executionId="19a54e3a-4eaf-43dc-8a2d-bb5f641aab27" testId="35363431-3436-3336-6530-346432333264" testName="Join_RightOuter" computerName="ANAXIMANDER" duration="00:00:00" startTime="0001-01-01T09:30:00.0000000+09:30" endTime="2011-07-21T01:04:02.3116250+09:30" testType="f3589083-259c-4054-87f7-75cdad4b08e5" outcome="Error" testListId="8c84fa94-04c1-424b-9868-57a2d4851a1d">
    </GallioTestResult>
    <GallioTestResult executionId="e721d399-0ce9-44ec-aefd-5bfaab49be44" testId="64353431-3463-6238-3930-333239346465" testName="Join_Cross" computerName="ANAXIMANDER" duration="00:00:00" startTime="0001-01-01T09:30:00.0000000+09:30" endTime="2011-07-21T01:04:02.3116250+09:30" testType="f3589083-259c-4054-87f7-75cdad4b08e5" outcome="Error" testListId="8c84fa94-04c1-424b-9868-57a2d4851a1d">
    </GallioTestResult>
    <GallioTestResult executionId="ecd9832c-5418-46e5-bf70-810cb2a23113" testId="64313861-3164-3166-3830-333033636632" testName="Join_Unequal" computerName="ANAXIMANDER" duration="00:00:00" startTime="0001-01-01T09:30:00.0000000+09:30" endTime="2011-07-21T01:04:02.3272500+09:30" testType="f3589083-259c-4054-87f7-75cdad4b08e5" outcome="Error" testListId="8c84fa94-04c1-424b-9868-57a2d4851a1d">
    </GallioTestResult>
    <GallioTestResult executionId="bfa8c0a2-c27d-41d1-9a08-3b879a5c9a88" testId="65376461-6531-3765-3136-623937306220" testName="Select_IN" computerName="ANAXIMANDER" duration="00:00:00" startTime="0001-01-01T09:30:00.0000000+09:30" endTime="2011-07-21T01:04:02.3585000+09:30" testType="f3589083-259c-4054-87f7-75cdad4b08e5" outcome="Error" testListId="8c84fa94-04c1-424b-9868-57a2d4851a1d">
    </GallioTestResult>
    <GallioTestResult executionId="8222b57a-35c9-4896-beb3-6315a752484c" testId="31383131-6434-6336-6132-356562643620" testName="Where_Expression" computerName="ANAXIMANDER" duration="00:00:00" startTime="0001-01-01T09:30:00.0000000+09:30" endTime="2011-07-21T01:04:02.3741250+09:30" testType="f3589083-259c-4054-87f7-75cdad4b08e5" outcome="Error" testListId="8c84fa94-04c1-424b-9868-57a2d4851a1d">
    </GallioTestResult>
    <GallioTestResult executionId="201f287b-1f70-466a-9602-0b4b4bc77e8b" testId="36633238-3061-6338-3433-396164666562" testName="Select_Expression" computerName="ANAXIMANDER" duration="00:00:00" startTime="0001-01-01T09:30:00.0000000+09:30" endTime="2011-07-21T01:04:02.3897500+09:30" testType="f3589083-259c-4054-87f7-75cdad4b08e5" outcome="Error" testListId="8c84fa94-04c1-424b-9868-57a2d4851a1d">
    </GallioTestResult>
    <GallioTestResult executionId="e8f4786d-83c0-48fa-abe3-9c634d1fcd4b" testId="33623866-6564-6539-6265-363032626361" testName="Select_Paged" computerName="ANAXIMANDER" duration="00:00:00" startTime="0001-01-01T09:30:00.0000000+09:30" endTime="2011-07-21T01:04:02.3897500+09:30" testType="f3589083-259c-4054-87f7-75cdad4b08e5" outcome="Error" testListId="8c84fa94-04c1-424b-9868-57a2d4851a1d">
    </GallioTestResult>
    <GallioTestResult executionId="66e9d65f-95e7-410d-b407-8d857512230d" testId="37616236-3739-3439-6431-653832343735" testName="MultiThreadedTest" computerName="ANAXIMANDER" duration="00:00:00" startTime="0001-01-01T09:30:00.0000000+09:30" endTime="2011-07-21T01:04:02.4053750+09:30" testType="f3589083-259c-4054-87f7-75cdad4b08e5" outcome="Error" testListId="8c84fa94-04c1-424b-9868-57a2d4851a1d">
    </GallioTestResult>
    <GallioTestResult executionId="287dd959-3277-4146-93da-eaae7cafdc78" testId="31353064-3539-3830-3262-653138616564" testName="RetrieveMultipleProducts_FailsWithoutSharedConnection" computerName="ANAXIMANDER" duration="00:00:00" startTime="0001-01-01T09:30:00.0000000+09:30" endTime="2011-07-21T01:04:02.4053750+09:30" testType="f3589083-259c-4054-87f7-75cdad4b08e5" outcome="Error" testListId="8c84fa94-04c1-424b-9868-57a2d4851a1d">
    </GallioTestResult>
    <GallioTestResult executionId="85bbabb6-82d6-4457-8e8a-94ba9910efb9" testId="63623333-3939-6137-3364-373830356263" testName="CanRetrieveMultipleEntities_FailsWithoutSharedConnectionScope" computerName="ANAXIMANDER" duration="00:00:00" startTime="0001-01-01T09:30:00.0000000+09:30" endTime="2011-07-21T01:04:02.4210000+09:30" testType="f3589083-259c-4054-87f7-75cdad4b08e5" outcome="Error" testListId="8c84fa94-04c1-424b-9868-57a2d4851a1d">
    </GallioTestResult>
    <GallioTestResult executionId="59337b9b-2f3d-4166-baa6-049d9d2d1f72" testId="61303137-3261-3764-3636-623963383333" testName="CanRetrieveMultipleEntities_SucceedsWithSharedConnectionScope" computerName="ANAXIMANDER" duration="00:00:00" startTime="0001-01-01T09:30:00.0000000+09:30" endTime="2011-07-21T01:04:02.4210000+09:30" testType="f3589083-259c-4054-87f7-75cdad4b08e5" outcome="Error" testListId="8c84fa94-04c1-424b-9868-57a2d4851a1d">
    </GallioTestResult>
    <GallioTestResult executionId="306c58c1-9500-4ed3-a958-a784df99cab8" testId="33353039-3034-6132-6366-396233346461" testName="NoTransactionScope_CanRetrieveSingleProduct" computerName="ANAXIMANDER" duration="00:00:00" startTime="0001-01-01T09:30:00.0000000+09:30" endTime="2011-07-21T01:04:02.4366250+09:30" testType="f3589083-259c-4054-87f7-75cdad4b08e5" outcome="Error" testListId="8c84fa94-04c1-424b-9868-57a2d4851a1d">
    </GallioTestResult>
    <GallioTestResult executionId="08433c54-088b-4689-8785-5b7a21ad017d" testId="36343739-3136-3735-3564-343338333535" testName="NoTransactionScope_CanRetrieveMultipleProducts" computerName="ANAXIMANDER" duration="00:00:00" startTime="0001-01-01T09:30:00.0000000+09:30" endTime="2011-07-21T01:04:02.4522500+09:30" testType="f3589083-259c-4054-87f7-75cdad4b08e5" outcome="Error" testListId="8c84fa94-04c1-424b-9868-57a2d4851a1d">
    </GallioTestResult>
    <GallioTestResult executionId="43b1e0e6-dcf8-4e72-a5e0-009a544a6839" testId="34363163-6635-6338-3461-396632306162" testName="UpdateSingleProduct_SucceedsUsingSharedConnection" computerName="ANAXIMANDER" duration="00:00:00" startTime="0001-01-01T09:30:00.0000000+09:30" endTime="2011-07-21T01:04:02.4522500+09:30" testType="f3589083-259c-4054-87f7-75cdad4b08e5" outcome="Error" testListId="8c84fa94-04c1-424b-9868-57a2d4851a1d">
    </GallioTestResult>
    <GallioTestResult executionId="28d2f35e-b60e-4b6c-a873-32e1976097dc" testId="62666232-3932-3635-3761-386331653061" testName="UpdateMultipleProducts_FailsWithoutSharedConnection" computerName="ANAXIMANDER" duration="00:00:00" startTime="0001-01-01T09:30:00.0000000+09:30" endTime="2011-07-21T01:04:02.4678750+09:30" testType="f3589083-259c-4054-87f7-75cdad4b08e5" outcome="Error" testListId="8c84fa94-04c1-424b-9868-57a2d4851a1d">
    </GallioTestResult>
    <GallioTestResult executionId="cc2a93a2-10b5-4896-b801-d11a56e23206" testId="63386663-6232-3738-6538-366136653433" testName="UpdateMultipleProducts_SucceedsWithSharedConnection" computerName="ANAXIMANDER" duration="00:00:00" startTime="0001-01-01T09:30:00.0000000+09:30" endTime="2011-07-21T01:04:02.4678750+09:30" testType="f3589083-259c-4054-87f7-75cdad4b08e5" outcome="Error" testListId="8c84fa94-04c1-424b-9868-57a2d4851a1d">
    </GallioTestResult>
    <GallioTestResult executionId="f86de931-5fe7-4342-8edf-e1bc21e66c82" testId="66366662-3463-3336-6161-343639316166" testName="CanNestSharedConnections" computerName="ANAXIMANDER" duration="00:00:00" startTime="0001-01-01T09:30:00.0000000+09:30" endTime="2011-07-21T01:04:02.4835000+09:30" testType="f3589083-259c-4054-87f7-75cdad4b08e5" outcome="Error" testListId="8c84fa94-04c1-424b-9868-57a2d4851a1d">
    </GallioTestResult>
    <GallioTestResult executionId="bfc7a9af-5873-4523-a04b-4340f3a1673c" testId="32346538-3863-3936-6265-633965373836" testName="UpdateSingleProductRetrieveMultipleProducts_FailsWithoutSharedConnection" computerName="ANAXIMANDER" duration="00:00:00" startTime="0001-01-01T09:30:00.0000000+09:30" endTime="2011-07-21T01:04:02.4991250+09:30" testType="f3589083-259c-4054-87f7-75cdad4b08e5" outcome="Error" testListId="8c84fa94-04c1-424b-9868-57a2d4851a1d">
    </GallioTestResult>
    <GallioTestResult executionId="d1066453-4f64-4a9a-a972-6d3e22e4c23c" testId="38663233-6231-6630-6236-343038643665" testName="UpdateSingleProductRetrieveMultipleProducts_SucceedsWithSharedConnection" computerName="ANAXIMANDER" duration="00:00:00" startTime="0001-01-01T09:30:00.0000000+09:30" endTime="2011-07-21T01:04:02.4991250+09:30" testType="f3589083-259c-4054-87f7-75cdad4b08e5" outcome="Error" testListId="8c84fa94-04c1-424b-9868-57a2d4851a1d">
    </GallioTestResult>
    <GallioTestResult executionId="461a7358-5d85-4eb3-9454-29e6ba92b1b3" testId="38313666-3734-3164-3562-616539643763" testName="UpdateSingleProduct_CommitChangeToDatabase" computerName="ANAXIMANDER" duration="00:00:00" startTime="0001-01-01T09:30:00.0000000+09:30" endTime="2011-07-21T01:04:02.5147500+09:30" testType="f3589083-259c-4054-87f7-75cdad4b08e5" outcome="Error" testListId="8c84fa94-04c1-424b-9868-57a2d4851a1d">
    </GallioTestResult>
    <GallioTestResult executionId="c002e5b1-5c4c-4a9e-bcdb-0434d1bb17c8" testId="33343637-3063-3233-3538-393961656635" testName="Update_SimpleSqlCheck" computerName="ANAXIMANDER" duration="00:00:00" startTime="0001-01-01T09:30:00.0000000+09:30" endTime="2011-07-21T01:04:02.5147500+09:30" testType="f3589083-259c-4054-87f7-75cdad4b08e5" outcome="Error" testListId="8c84fa94-04c1-424b-9868-57a2d4851a1d">
    </GallioTestResult>
    <GallioTestResult executionId="ac3ef0c9-cf2d-470a-9199-a336028e2228" testId="61663766-6231-3533-3761-613330353964" testName="Update_Simple" computerName="ANAXIMANDER" duration="00:00:00" startTime="0001-01-01T09:30:00.0000000+09:30" endTime="2011-07-21T01:04:02.5303750+09:30" testType="f3589083-259c-4054-87f7-75cdad4b08e5" outcome="Error" testListId="8c84fa94-04c1-424b-9868-57a2d4851a1d">
    </GallioTestResult>
    <GallioTestResult executionId="31b559d0-c008-4fb3-a178-6736908e1017" testId="38313039-3038-3435-3236-353334363431" testName="Update_SimpleTyped" computerName="ANAXIMANDER" duration="00:00:00" startTime="0001-01-01T09:30:00.0000000+09:30" endTime="2011-07-21T01:04:02.5303750+09:30" testType="f3589083-259c-4054-87f7-75cdad4b08e5" outcome="Error" testListId="8c84fa94-04c1-424b-9868-57a2d4851a1d">
    </GallioTestResult>
    <GallioTestResult executionId="fed4f912-8c5a-4593-8542-c820a0a12479" testId="34386331-3232-6339-3335-346165363064" testName="Update_Expression" computerName="ANAXIMANDER" duration="00:00:00" startTime="0001-01-01T09:30:00.0000000+09:30" endTime="2011-07-21T01:04:02.5460000+09:30" testType="f3589083-259c-4054-87f7-75cdad4b08e5" outcome="Error" testListId="8c84fa94-04c1-424b-9868-57a2d4851a1d">
    </GallioTestResult>
    <GallioTestResult executionId="22d2e96c-ba92-442b-b8de-690a348074f2" testId="32663937-3464-3961-6238-626636343737" testName="Products_CollectionLoad" computerName="ANAXIMANDER" duration="00:00:00" startTime="0001-01-01T09:30:00.0000000+09:30" endTime="2011-07-21T01:04:02.5616250+09:30" testType="f3589083-259c-4054-87f7-75cdad4b08e5" outcome="Error" testListId="8c84fa94-04c1-424b-9868-57a2d4851a1d">
    </GallioTestResult>
    <GallioTestResult executionId="3b22970b-5cb4-4f0a-a31f-5f25e1d5f4b5" testId="38306437-6131-6164-3139-373336663133" testName="GetNewCommand" computerName="ANAXIMANDER" duration="00:00:00" startTime="0001-01-01T09:30:00.0000000+09:30" endTime="2011-07-21T01:04:02.5616250+09:30" testType="f3589083-259c-4054-87f7-75cdad4b08e5" outcome="Error" testListId="8c84fa94-04c1-424b-9868-57a2d4851a1d">
    </GallioTestResult>
    <GallioTestResult executionId="2095b90b-7c7d-4738-8814-2103ec73fda4" testId="31306339-3232-6437-3563-323035646636" testName="Products_Crud" computerName="ANAXIMANDER" duration="00:00:00" startTime="0001-01-01T09:30:00.0000000+09:30" endTime="2011-07-21T01:04:02.5772500+09:30" testType="f3589083-259c-4054-87f7-75cdad4b08e5" outcome="Error" testListId="8c84fa94-04c1-424b-9868-57a2d4851a1d">
    </GallioTestResult>
    <GallioTestResult executionId="15d8c211-081c-4316-b24c-420d517c56e8" testId="30306362-3062-3564-3537-623039346139" testName="Products_NullCrud" computerName="ANAXIMANDER" duration="00:00:00" startTime="0001-01-01T09:30:00.0000000+09:30" endTime="2011-07-21T01:04:02.5772500+09:30" testType="f3589083-259c-4054-87f7-75cdad4b08e5" outcome="Error" testListId="8c84fa94-04c1-424b-9868-57a2d4851a1d">
    </GallioTestResult>
    <GallioTestResult executionId="7327125a-d90f-455c-b6a7-c3ea17510225" testId="63373134-3833-3536-3465-393763363465" testName="GetUpdateCommand" computerName="ANAXIMANDER" duration="00:00:00" startTime="0001-01-01T09:30:00.0000000+09:30" endTime="2011-07-21T01:04:02.5928750+09:30" testType="f3589083-259c-4054-87f7-75cdad4b08e5" outcome="Error" testListId="8c84fa94-04c1-424b-9868-57a2d4851a1d">
    </GallioTestResult>
    <GallioTestResult executionId="65b3b2c0-45ef-4690-81b3-293d7423686b" testId="61623539-3234-3338-3436-643438356338" testName="DirtyColumnsExist" computerName="ANAXIMANDER" duration="00:00:00" startTime="0001-01-01T09:30:00.0000000+09:30" endTime="2011-07-21T01:04:02.6085000+09:30" testType="f3589083-259c-4054-87f7-75cdad4b08e5" outcome="Error" testListId="8c84fa94-04c1-424b-9868-57a2d4851a1d">
    </GallioTestResult>
    <GallioTestResult executionId="ddf1300a-c322-45a6-a4f8-20bf50cdf456" testId="32386261-6636-3937-3135-323835333065" testName="GetNoChangesCommand" computerName="ANAXIMANDER" duration="00:00:00" startTime="0001-01-01T09:30:00.0000000+09:30" endTime="2011-07-21T01:04:02.6085000+09:30" testType="f3589083-259c-4054-87f7-75cdad4b08e5" outcome="Error" testListId="8c84fa94-04c1-424b-9868-57a2d4851a1d">
    </GallioTestResult>
    <GallioTestResult executionId="9b1d194d-4458-49f6-ad1a-d2e399913523" testId="37623936-6338-3839-3137-313733363332" testName="SaveWhenNotDirty" computerName="ANAXIMANDER" duration="00:00:00" startTime="0001-01-01T09:30:00.0000000+09:30" endTime="2011-07-21T01:04:02.6241250+09:30" testType="f3589083-259c-4054-87f7-75cdad4b08e5" outcome="Error" testListId="8c84fa94-04c1-424b-9868-57a2d4851a1d">
    </GallioTestResult>
    <GallioTestResult executionId="38a0b18b-cc46-438a-b0b4-fb41f634f1ee" testId="65313962-3130-3534-3430-316364343920" testName="FK_LoadForeignKeys" computerName="ANAXIMANDER" duration="00:00:00" startTime="0001-01-01T09:30:00.0000000+09:30" endTime="2011-07-21T01:04:02.6241250+09:30" testType="f3589083-259c-4054-87f7-75cdad4b08e5" outcome="Error" testListId="8c84fa94-04c1-424b-9868-57a2d4851a1d">
    </GallioTestResult>
    <GallioTestResult executionId="00803585-47ed-45f2-a214-7f095d24faf9" testId="33386539-3632-6261-3836-643734386435" testName="FK_Properties" computerName="ANAXIMANDER" duration="00:00:00" startTime="0001-01-01T09:30:00.0000000+09:30" endTime="2011-07-21T01:04:02.6397500+09:30" testType="f3589083-259c-4054-87f7-75cdad4b08e5" outcome="Error" testListId="8c84fa94-04c1-424b-9868-57a2d4851a1d">
    </GallioTestResult>
    <GallioTestResult executionId="24f05b6a-98ea-4d91-8289-068884a70c78" testId="39633239-3661-3633-6139-356265616430" testName="FK_KeyCount" computerName="ANAXIMANDER" duration="00:00:00" startTime="0001-01-01T09:30:00.0000000+09:30" endTime="2011-07-21T01:04:02.6397500+09:30" testType="f3589083-259c-4054-87f7-75cdad4b08e5" outcome="Error" testListId="8c84fa94-04c1-424b-9868-57a2d4851a1d">
    </GallioTestResult>
    <GallioTestResult executionId="c6c9792a-fb70-48a2-9241-76c1970c5325" testId="65343266-6563-3731-6162-666662373735" testName="ETL_CloneInstance" computerName="ANAXIMANDER" duration="00:00:00" startTime="0001-01-01T09:30:00.0000000+09:30" endTime="2011-07-21T01:04:02.6553750+09:30" testType="f3589083-259c-4054-87f7-75cdad4b08e5" outcome="Error" testListId="8c84fa94-04c1-424b-9868-57a2d4851a1d">
    </GallioTestResult>
    <GallioTestResult executionId="6eba65a6-a2d9-4774-be32-aa5084fe6bdc" testId="65636263-6365-6164-3162-366362306634" testName="ETL_CloneCollection" computerName="ANAXIMANDER" duration="00:00:00" startTime="0001-01-01T09:30:00.0000000+09:30" endTime="2011-07-21T01:04:02.6710000+09:30" testType="f3589083-259c-4054-87f7-75cdad4b08e5" outcome="Error" testListId="8c84fa94-04c1-424b-9868-57a2d4851a1d">
    </GallioTestResult>
    <GallioTestResult executionId="77605bc9-0413-43a4-bff9-4e4372c8b60f" testId="37373336-3563-6537-3364-383363663039" testName="ETL_CollectionToTable" computerName="ANAXIMANDER" duration="00:00:00" startTime="0001-01-01T09:30:00.0000000+09:30" endTime="2011-07-21T01:04:02.6710000+09:30" testType="f3589083-259c-4054-87f7-75cdad4b08e5" outcome="Error" testListId="8c84fa94-04c1-424b-9868-57a2d4851a1d">
    </GallioTestResult>
    <GallioTestResult executionId="ba308da8-0061-4be3-a050-66d85f401f87" testId="36626263-6265-3532-3662-383735366136" testName="ETL_CopyCollection" computerName="ANAXIMANDER" duration="00:00:00" startTime="0001-01-01T09:30:00.0000000+09:30" endTime="2011-07-21T01:04:02.6866250+09:30" testType="f3589083-259c-4054-87f7-75cdad4b08e5" outcome="Error" testListId="8c84fa94-04c1-424b-9868-57a2d4851a1d">
    </GallioTestResult>
    <GallioTestResult executionId="f98b001a-572c-4af4-956d-83ae58cb6240" testId="33303362-3962-6561-3866-313263326561" testName="Insert_Simple" computerName="ANAXIMANDER" duration="00:00:00" startTime="0001-01-01T09:30:00.0000000+09:30" endTime="2011-07-21T01:04:02.6866250+09:30" testType="f3589083-259c-4054-87f7-75cdad4b08e5" outcome="Error" testListId="8c84fa94-04c1-424b-9868-57a2d4851a1d">
    </GallioTestResult>
    <GallioTestResult executionId="e160adff-1e8d-43c4-b382-b3d1cbe9c238" testId="35316561-6133-6662-3932-333934613537" testName="Insert_SimpleWithSelectAndSchema" computerName="ANAXIMANDER" duration="00:00:00" startTime="0001-01-01T09:30:00.0000000+09:30" endTime="2011-07-21T01:04:02.7022500+09:30" testType="f3589083-259c-4054-87f7-75cdad4b08e5" outcome="Error" testListId="8c84fa94-04c1-424b-9868-57a2d4851a1d">
    </GallioTestResult>
    <GallioTestResult executionId="03306437-0fff-4b13-bcd6-a3516f86b30f" testId="39323662-3439-3132-6366-373663363266" testName="Insert_SimpleWithSelect" computerName="ANAXIMANDER" duration="00:00:00" startTime="0001-01-01T09:30:00.0000000+09:30" endTime="2011-07-21T01:04:02.7178750+09:30" testType="f3589083-259c-4054-87f7-75cdad4b08e5" outcome="Error" testListId="8c84fa94-04c1-424b-9868-57a2d4851a1d">
    </GallioTestResult>
    <GallioTestResult executionId="404f3bb3-ac4b-4ca8-8ad7-c36768c442ac" testId="61663734-3230-3339-3265-346566653563" testName="AssemblyDirectiveIsStrippedFromTemplate" computerName="ANAXIMANDER" duration="00:00:00" startTime="0001-01-01T09:30:00.0000000+09:30" endTime="2011-07-21T01:04:02.7178750+09:30" testType="f3589083-259c-4054-87f7-75cdad4b08e5" outcome="Error" testListId="8c84fa94-04c1-424b-9868-57a2d4851a1d">
    </GallioTestResult>
    <GallioTestResult executionId="ee9afb49-4685-4697-92ca-4d1d4ebaa29e" testId="33333236-6339-3963-3063-616464306631" testName="Transaction_CommitProduct" computerName="ANAXIMANDER" duration="00:00:00" startTime="0001-01-01T09:30:00.0000000+09:30" endTime="2011-07-21T01:04:02.7335000+09:30" testType="f3589083-259c-4054-87f7-75cdad4b08e5" outcome="Error" testListId="8c84fa94-04c1-424b-9868-57a2d4851a1d">
    </GallioTestResult>
    <GallioTestResult executionId="a3f16f5d-d1b5-48a9-8abf-004e19d00304" testId="63346137-6333-3636-3031-663231613931" testName="Transaction_RollbackProduct" computerName="ANAXIMANDER" duration="00:00:00" startTime="0001-01-01T09:30:00.0000000+09:30" endTime="2011-07-21T01:04:02.7335000+09:30" testType="f3589083-259c-4054-87f7-75cdad4b08e5" outcome="Error" testListId="8c84fa94-04c1-424b-9868-57a2d4851a1d">
    </GallioTestResult>
    <GallioTestResult executionId="bf19cb2a-0f45-4004-a0e4-91c41ffef7b6" testId="30313565-3666-3362-3163-346535333763" testName="Script_Data" computerName="ANAXIMANDER" duration="00:00:00" startTime="0001-01-01T09:30:00.0000000+09:30" endTime="2011-07-21T01:04:02.7491250+09:30" testType="f3589083-259c-4054-87f7-75cdad4b08e5" outcome="Error" testListId="8c84fa94-04c1-424b-9868-57a2d4851a1d">
    </GallioTestResult>
    <GallioTestResult executionId="0304a418-95d1-419d-b9b9-736ccf43e5e7" testId="37616363-3165-3234-6265-636461393739" testName="Script_AllData" computerName="ANAXIMANDER" duration="00:00:00" startTime="0001-01-01T09:30:00.0000000+09:30" endTime="2011-07-21T01:04:02.7647500+09:30" testType="f3589083-259c-4054-87f7-75cdad4b08e5" outcome="Error" testListId="8c84fa94-04c1-424b-9868-57a2d4851a1d">
    </GallioTestResult>
    <GallioTestResult executionId="43f21a91-4d1c-4513-ab75-54e3ef03e5bf" testId="33323834-3262-6162-6537-366566393263" testName="Select_Using_StartsWith_C_ShouldReturn_9_Records" computerName="ANAXIMANDER" duration="00:00:00" startTime="0001-01-01T09:30:00.0000000+09:30" endTime="2011-07-21T01:04:02.7647500+09:30" testType="f3589083-259c-4054-87f7-75cdad4b08e5" outcome="Error" testListId="8c84fa94-04c1-424b-9868-57a2d4851a1d">
    </GallioTestResult>
    <GallioTestResult executionId="e8cab3ff-c5b8-4d70-9e96-9d3c5b2c8a5a" testId="64326436-6266-3138-6431-643865623039" testName="Select_Should_Work_With_SameColumn_Joins_UsingQualifiedColumns" computerName="ANAXIMANDER" duration="00:00:00" startTime="0001-01-01T09:30:00.0000000+09:30" endTime="2011-07-21T01:04:02.7803750+09:30" testType="f3589083-259c-4054-87f7-75cdad4b08e5" outcome="Error" testListId="8c84fa94-04c1-424b-9868-57a2d4851a1d">
    </GallioTestResult>
    <GallioTestResult executionId="0b51c16d-f96d-424f-8bbf-f5ba117568a3" testId="32633635-6563-3830-6335-663566363830" testName="StoredProc_TypedList" computerName="ANAXIMANDER" duration="00:00:00" startTime="0001-01-01T09:30:00.0000000+09:30" endTime="2011-07-21T01:04:02.7960000+09:30" testType="f3589083-259c-4054-87f7-75cdad4b08e5" outcome="Error" testListId="8c84fa94-04c1-424b-9868-57a2d4851a1d">
    </GallioTestResult>
    <GallioTestResult executionId="b801821d-3041-4515-ab3f-235b2758f0dc" testId="64356637-3666-6265-6130-303661336230" testName="SqlQuery_when_setting_distinct_it_should_set_IsDistinct" computerName="ANAXIMANDER" duration="00:00:00" startTime="0001-01-01T09:30:00.0000000+09:30" endTime="2011-07-21T01:04:02.7960000+09:30" testType="f3589083-259c-4054-87f7-75cdad4b08e5" outcome="Error" testListId="8c84fa94-04c1-424b-9868-57a2d4851a1d">
    </GallioTestResult>
    <GallioTestResult executionId="3b07c32a-f325-467d-8662-f3411b427e92" testId="35656664-6334-3062-6464-356639386136" testName="Select_Using_Contains_Ch_ShouldReturn_14_Records" computerName="ANAXIMANDER" duration="00:00:00" startTime="0001-01-01T09:30:00.0000000+09:30" endTime="2011-07-21T01:04:02.8116250+09:30" testType="f3589083-259c-4054-87f7-75cdad4b08e5" outcome="Error" testListId="8c84fa94-04c1-424b-9868-57a2d4851a1d">
    </GallioTestResult>
    <GallioTestResult executionId="2c05678d-3dbe-47fd-8970-db6bcff04f79" testId="61333736-3266-3861-3639-373539353061" testName="Select_Using_EndsWith_S_ShouldReturn_9_Records" computerName="ANAXIMANDER" duration="00:00:00" startTime="0001-01-01T09:30:00.0000000+09:30" endTime="2011-07-21T01:04:02.8272500+09:30" testType="f3589083-259c-4054-87f7-75cdad4b08e5" outcome="Error" testListId="8c84fa94-04c1-424b-9868-57a2d4851a1d">
    </GallioTestResult>
    <GallioTestResult executionId="4a6fcced-0730-47f3-ab35-c933691b44e4" testId="64356332-3361-6262-6636-623733306165" testName="Exec_NotInWithSelect" computerName="ANAXIMANDER" duration="00:00:00" startTime="0001-01-01T09:30:00.0000000+09:30" endTime="2011-07-21T01:04:02.8428750+09:30" testType="f3589083-259c-4054-87f7-75cdad4b08e5" outcome="Error" testListId="8c84fa94-04c1-424b-9868-57a2d4851a1d">
    </GallioTestResult>
    <GallioTestResult executionId="e4f84e7e-db6e-4e8b-8468-dec23d1db1ed" testId="36333137-3835-3437-6230-316133363139" testName="Collection_LoadTypedActiveRecord" computerName="ANAXIMANDER" duration="00:00:00" startTime="0001-01-01T09:30:00.0000000+09:30" endTime="2011-07-21T01:04:02.8585000+09:30" testType="f3589083-259c-4054-87f7-75cdad4b08e5" outcome="Error" testListId="8c84fa94-04c1-424b-9868-57a2d4851a1d">
    </GallioTestResult>
    <GallioTestResult executionId="61b57aca-b068-4a6e-a7e6-43560ceb1fc7" testId="64316362-6365-6362-3966-646338356366" testName="Collection_LoadTypedObject" computerName="ANAXIMANDER" duration="00:00:00" startTime="0001-01-01T09:30:00.0000000+09:30" endTime="2011-07-21T01:04:02.8741250+09:30" testType="f3589083-259c-4054-87f7-75cdad4b08e5" outcome="Error" testListId="8c84fa94-04c1-424b-9868-57a2d4851a1d">
    </GallioTestResult>
    <GallioTestResult executionId="55c2ad01-aa90-4b0a-b5d5-dc0af0637d97" testId="65616234-6236-3763-3131-626634383620" testName="Exec_SimpleOr3" computerName="ANAXIMANDER" duration="00:00:00" startTime="0001-01-01T09:30:00.0000000+09:30" endTime="2011-07-21T01:04:02.8741250+09:30" testType="f3589083-259c-4054-87f7-75cdad4b08e5" outcome="Error" testListId="8c84fa94-04c1-424b-9868-57a2d4851a1d">
    </GallioTestResult>
    <GallioTestResult executionId="ee1e1b18-b47c-46fa-857f-c99605766a68" testId="64333465-3535-3236-3330-636538383134" testName="Products_CollectionSample" computerName="ANAXIMANDER" duration="00:00:00" startTime="0001-01-01T09:30:00.0000000+09:30" endTime="2011-07-21T01:04:02.8897500+09:30" testType="f3589083-259c-4054-87f7-75cdad4b08e5" outcome="Error" testListId="8c84fa94-04c1-424b-9868-57a2d4851a1d">
    </GallioTestResult>
    <GallioTestResult executionId="aa204840-7f3c-4683-8794-dc036cb984cb" testId="37303935-6530-3966-6139-363564333863" testName="Products_CollectionLoad2" computerName="ANAXIMANDER" duration="00:00:00" startTime="0001-01-01T09:30:00.0000000+09:30" endTime="2011-07-21T01:04:02.8897500+09:30" testType="f3589083-259c-4054-87f7-75cdad4b08e5" outcome="Error" testListId="8c84fa94-04c1-424b-9868-57a2d4851a1d">
    </GallioTestResult>
    <GallioTestResult executionId="22491fad-60bc-4433-9c56-1e15b3267950" testId="36396661-6130-6232-6332-663131373964" testName="Products_Sample" computerName="ANAXIMANDER" duration="00:00:00" startTime="0001-01-01T09:30:00.0000000+09:30" endTime="2011-07-21T01:04:02.9053750+09:30" testType="f3589083-259c-4054-87f7-75cdad4b08e5" outcome="Error" testListId="8c84fa94-04c1-424b-9868-57a2d4851a1d">
    </GallioTestResult>
    <GallioTestResult executionId="8a17338a-fdb2-48f4-85c4-e028da2995dd" testId="32383836-6562-3538-6163-363462373563" testName="Select_With_ExecuteTypedList_Should_Work_With_List_of_Guid" computerName="ANAXIMANDER" duration="00:00:00" startTime="0001-01-01T09:30:00.0000000+09:30" endTime="2011-07-21T01:04:02.9053750+09:30" testType="f3589083-259c-4054-87f7-75cdad4b08e5" outcome="Error" testListId="8c84fa94-04c1-424b-9868-57a2d4851a1d">
    </GallioTestResult>
    <GallioTestResult executionId="880da355-b492-41bb-9b8e-f0208e290fe4" testId="37366439-3339-6462-6261-376361336634" testName="Select_Paged_Can_Covert_To_SqlQuery" computerName="ANAXIMANDER" duration="00:00:00" startTime="0001-01-01T09:30:00.0000000+09:30" endTime="2011-07-21T01:04:02.9210000+09:30" testType="f3589083-259c-4054-87f7-75cdad4b08e5" outcome="Error" testListId="8c84fa94-04c1-424b-9868-57a2d4851a1d">
    </GallioTestResult>
    <GallioTestResult executionId="a1beca39-d246-42c9-862e-459b7b94bb7d" testId="33616134-6138-6334-3466-646433366134" testName="SelectAllColumns_With_WhereExpression_And_QualifiedColumn_Formats_Where_Correctly_And_Executes" computerName="ANAXIMANDER" duration="00:00:00" startTime="0001-01-01T09:30:00.0000000+09:30" endTime="2011-07-21T01:04:02.9210000+09:30" testType="f3589083-259c-4054-87f7-75cdad4b08e5" outcome="Error" testListId="8c84fa94-04c1-424b-9868-57a2d4851a1d">
    </GallioTestResult>
    <GallioTestResult executionId="d9e3f8fc-917e-4f2c-bf7b-f21d78dbfa37" testId="33343964-3534-6232-3333-666234643664" testName="Exec_Simple" computerName="ANAXIMANDER" duration="00:00:00" startTime="0001-01-01T09:30:00.0000000+09:30" endTime="2011-07-21T01:04:02.9366250+09:30" testType="f3589083-259c-4054-87f7-75cdad4b08e5" outcome="Error" testListId="8c84fa94-04c1-424b-9868-57a2d4851a1d">
    </GallioTestResult>
    <GallioTestResult executionId="5acc3a58-d73d-4657-b25a-abb806482acb" testId="33396636-3363-3161-6161-373531333434" testName="MySql_Should_Set_Logical_Deletes" computerName="ANAXIMANDER" duration="00:00:00" startTime="0001-01-01T09:30:00.0000000+09:30" endTime="2011-07-21T01:04:02.9522500+09:30" testType="f3589083-259c-4054-87f7-75cdad4b08e5" outcome="Error" testListId="8c84fa94-04c1-424b-9868-57a2d4851a1d">
    </GallioTestResult>
    <GallioTestResult executionId="2a11fb65-8b81-49e6-9c3a-11aa94fb705d" testId="66353239-3566-3633-6135-623866663464" testName="Saving_String_Property_With_StringValue_Null_Results_In_NullValue_In_DB" computerName="ANAXIMANDER" duration="00:00:00" startTime="0001-01-01T09:30:00.0000000+09:30" endTime="2011-07-21T01:04:02.9522500+09:30" testType="f3589083-259c-4054-87f7-75cdad4b08e5" outcome="Error" testListId="8c84fa94-04c1-424b-9868-57a2d4851a1d">
    </GallioTestResult>
    <GallioTestResult executionId="cf939bc7-4fa6-4667-b846-a6569e4875d9" testId="35666161-6435-6538-6366-346133616361" testName="SelectAllColumns_With_WhereExpression_And_QualifiedColumn_Formats_Where_Correctly" computerName="ANAXIMANDER" duration="00:00:00" startTime="0001-01-01T09:30:00.0000000+09:30" endTime="2011-07-21T01:04:02.9678750+09:30" testType="f3589083-259c-4054-87f7-75cdad4b08e5" outcome="Error" testListId="8c84fa94-04c1-424b-9868-57a2d4851a1d">
    </GallioTestResult>
    <GallioTestResult executionId="4705de57-2f96-4777-a5a3-6aec96119c0b" testId="30666432-6535-3363-6465-653531316639" testName="SqlQuery_Can_Compare_Columns" computerName="ANAXIMANDER" duration="00:00:00" startTime="0001-01-01T09:30:00.0000000+09:30" endTime="2011-07-21T01:04:02.9678750+09:30" testType="f3589083-259c-4054-87f7-75cdad4b08e5" outcome="Error" testListId="8c84fa94-04c1-424b-9868-57a2d4851a1d">
    </GallioTestResult>
    <GallioTestResult executionId="6a450cf4-c972-4351-ad2d-1d683d6c1362" testId="32646364-3839-6637-3834-303438333834" testName="SqlQuery_GetRecordCount_should_handle_distinct" computerName="ANAXIMANDER" duration="00:00:00" startTime="0001-01-01T09:30:00.0000000+09:30" endTime="2011-07-21T01:04:02.9835000+09:30" testType="f3589083-259c-4054-87f7-75cdad4b08e5" outcome="Error" testListId="8c84fa94-04c1-424b-9868-57a2d4851a1d">
    </GallioTestResult>
    <GallioTestResult executionId="6ac00b4c-5176-4a1d-9f1c-34b26bc32be9" testId="64396637-3737-6163-6431-356438363034" testName="SqlQuery_should_handle_distinct" computerName="ANAXIMANDER" duration="00:00:00" startTime="0001-01-01T09:30:00.0000000+09:30" endTime="2011-07-21T01:04:02.9835000+09:30" testType="f3589083-259c-4054-87f7-75cdad4b08e5" outcome="Error" testListId="8c84fa94-04c1-424b-9868-57a2d4851a1d">
    </GallioTestResult>
    <GallioTestResult executionId="e2cfd17a-cbb3-424a-8e44-d0937633cabd" testId="38363534-6464-3461-6634-613566323831" testName="Constraints_Should_Be_Valid_When_Table_Not_In_From" computerName="ANAXIMANDER" duration="00:00:00" startTime="0001-01-01T09:30:00.0000000+09:30" endTime="2011-07-21T01:04:02.9991250+09:30" testType="f3589083-259c-4054-87f7-75cdad4b08e5" outcome="Error" testListId="8c84fa94-04c1-424b-9868-57a2d4851a1d">
    </GallioTestResult>
    <GallioTestResult executionId="209d4e22-9518-4a20-a0a6-2c0420b8e9a9" testId="63363332-3163-3262-3536-363863386531" testName="ActiveRecord_IsLoaded_ShouldBe_False_When_Record_Not_Present_Using_Key_Constructor" computerName="ANAXIMANDER" duration="00:00:00" startTime="0001-01-01T09:30:00.0000000+09:30" endTime="2011-07-21T01:04:02.9991250+09:30" testType="f3589083-259c-4054-87f7-75cdad4b08e5" outcome="Error" testListId="8c84fa94-04c1-424b-9868-57a2d4851a1d">
    </GallioTestResult>
    <GallioTestResult executionId="8c9e0bc9-0461-4afd-a343-50a21de4577b" testId="62613661-6561-6564-6262-356366613834" testName="ActiveRecord_IsLoaded_ShouldBe_False_When_Record_Not_Present_Using_PK_Constructor" computerName="ANAXIMANDER" duration="00:00:00" startTime="0001-01-01T09:30:00.0000000+09:30" endTime="2011-07-21T01:04:03.0147500+09:30" testType="f3589083-259c-4054-87f7-75cdad4b08e5" outcome="Error" testListId="8c84fa94-04c1-424b-9868-57a2d4851a1d">
    </GallioTestResult>
    <GallioTestResult executionId="dc8262e7-e4c2-4ca2-af70-499d587dd2a3" testId="30643333-3264-6435-6665-636266366231" testName="Exec_SimpleOr2" computerName="ANAXIMANDER" duration="00:00:00" startTime="0001-01-01T09:30:00.0000000+09:30" endTime="2011-07-21T01:04:03.0147500+09:30" testType="f3589083-259c-4054-87f7-75cdad4b08e5" outcome="Error" testListId="8c84fa94-04c1-424b-9868-57a2d4851a1d">
    </GallioTestResult>
    <GallioTestResult executionId="c82bc953-6107-49f0-a1ce-3c848b4861df" testId="30373362-6165-3866-6335-323063323134" testName="Exec_LeftOuterJoin_With_Generics" computerName="ANAXIMANDER" duration="00:00:00" startTime="0001-01-01T09:30:00.0000000+09:30" endTime="2011-07-21T01:04:03.0303750+09:30" testType="f3589083-259c-4054-87f7-75cdad4b08e5" outcome="Error" testListId="8c84fa94-04c1-424b-9868-57a2d4851a1d">
    </GallioTestResult>
    <GallioTestResult executionId="0991f27f-8010-4f6a-a549-2fe9344c2c38" testId="30646566-6233-3135-3734-383130373561" testName="Exec_LeftOuterJoin_With_String" computerName="ANAXIMANDER" duration="00:00:00" startTime="0001-01-01T09:30:00.0000000+09:30" endTime="2011-07-21T01:04:03.0460000+09:30" testType="f3589083-259c-4054-87f7-75cdad4b08e5" outcome="Error" testListId="8c84fa94-04c1-424b-9868-57a2d4851a1d">
    </GallioTestResult>
    <GallioTestResult executionId="e5f14110-31b3-4904-9667-833ea019beef" testId="37363532-3965-3338-3934-363036646632" testName="Exec_MultiJoin" computerName="ANAXIMANDER" duration="00:00:00" startTime="0001-01-01T09:30:00.0000000+09:30" endTime="2011-07-21T01:04:03.0460000+09:30" testType="f3589083-259c-4054-87f7-75cdad4b08e5" outcome="Error" testListId="8c84fa94-04c1-424b-9868-57a2d4851a1d">
    </GallioTestResult>
    <GallioTestResult executionId="93cd072b-1393-4420-8655-7b0683da8e58" testId="64326433-6339-3932-3266-306465323232" testName="Exec_LeftOuterJoin_With_TableColumn" computerName="ANAXIMANDER" duration="00:00:00" startTime="0001-01-01T09:30:00.0000000+09:30" endTime="2011-07-21T01:04:03.0616250+09:30" testType="f3589083-259c-4054-87f7-75cdad4b08e5" outcome="Error" testListId="8c84fa94-04c1-424b-9868-57a2d4851a1d">
    </GallioTestResult>
    <GallioTestResult executionId="39af25e8-2b34-406f-9a5b-297cb1a67a46" testId="39633133-3462-6562-6530-313236616164" testName="Exec_Collection_Joined" computerName="ANAXIMANDER" duration="00:00:00" startTime="0001-01-01T09:30:00.0000000+09:30" endTime="2011-07-21T01:04:03.0616250+09:30" testType="f3589083-259c-4054-87f7-75cdad4b08e5" outcome="Error" testListId="8c84fa94-04c1-424b-9868-57a2d4851a1d">
    </GallioTestResult>
    <GallioTestResult executionId="bff66439-c23b-4e09-a1dd-f1d8c4de53e1" testId="63633061-3465-3031-6537-303434323032" testName="Exec_Collection_JoinedWithLike" computerName="ANAXIMANDER" duration="00:00:00" startTime="0001-01-01T09:30:00.0000000+09:30" endTime="2011-07-21T01:04:03.0772500+09:30" testType="f3589083-259c-4054-87f7-75cdad4b08e5" outcome="Error" testListId="8c84fa94-04c1-424b-9868-57a2d4851a1d">
    </GallioTestResult>
    <GallioTestResult executionId="b3411a85-7413-4d9e-a917-5a7680fd7c63" testId="61626637-3436-6439-3163-373363323366" testName="Exec_Select_Top_Ten" computerName="ANAXIMANDER" duration="00:00:00" startTime="0001-01-01T09:30:00.0000000+09:30" endTime="2011-07-21T01:04:03.0772500+09:30" testType="f3589083-259c-4054-87f7-75cdad4b08e5" outcome="Error" testListId="8c84fa94-04c1-424b-9868-57a2d4851a1d">
    </GallioTestResult>
    <GallioTestResult executionId="09054848-1860-4a27-9248-b42c1ed0827e" testId="34323766-3864-6164-3534-636564623962" testName="Exec_Collection_Simple" computerName="ANAXIMANDER" duration="00:00:00" startTime="0001-01-01T09:30:00.0000000+09:30" endTime="2011-07-21T01:04:03.0928750+09:30" testType="f3589083-259c-4054-87f7-75cdad4b08e5" outcome="Error" testListId="8c84fa94-04c1-424b-9868-57a2d4851a1d">
    </GallioTestResult>
    <GallioTestResult executionId="320170e8-284e-41f4-b57b-1c185281fce2" testId="34333337-3663-3336-6365-653438333863" testName="Exec_SimpleJoin3" computerName="ANAXIMANDER" duration="00:00:00" startTime="0001-01-01T09:30:00.0000000+09:30" endTime="2011-07-21T01:04:03.0928750+09:30" testType="f3589083-259c-4054-87f7-75cdad4b08e5" outcome="Error" testListId="8c84fa94-04c1-424b-9868-57a2d4851a1d">
    </GallioTestResult>
    <GallioTestResult executionId="6280a485-e0eb-411a-8aa4-035e73369c9c" testId="31383338-3138-6231-6165-333837303937" testName="Exec_WithAllColumns" computerName="ANAXIMANDER" duration="00:00:00" startTime="0001-01-01T09:30:00.0000000+09:30" endTime="2011-07-21T01:04:03.1085000+09:30" testType="f3589083-259c-4054-87f7-75cdad4b08e5" outcome="Error" testListId="8c84fa94-04c1-424b-9868-57a2d4851a1d">
    </GallioTestResult>
    <GallioTestResult executionId="b40a23a7-1243-4231-9a0b-9e6220a3250f" testId="63313533-6361-6538-3461-643562336531" testName="Exec_SimpleWhere" computerName="ANAXIMANDER" duration="00:00:00" startTime="0001-01-01T09:30:00.0000000+09:30" endTime="2011-07-21T01:04:03.1241250+09:30" testType="f3589083-259c-4054-87f7-75cdad4b08e5" outcome="Error" testListId="8c84fa94-04c1-424b-9868-57a2d4851a1d">
    </GallioTestResult>
    <GallioTestResult executionId="fda52687-1b1b-46bf-877c-e6eb775041ac" testId="66663738-3634-6136-3731-663066616320" testName="Exec_SimpleWithTypedColumns" computerName="ANAXIMANDER" duration="00:00:00" startTime="0001-01-01T09:30:00.0000000+09:30" endTime="2011-07-21T01:04:03.1241250+09:30" testType="f3589083-259c-4054-87f7-75cdad4b08e5" outcome="Error" testListId="8c84fa94-04c1-424b-9868-57a2d4851a1d">
    </GallioTestResult>
    <GallioTestResult executionId="5176f258-305c-4843-a7d9-64d8a2b5e678" testId="34343535-6436-3235-3433-386331346430" testName="Exec_SimpleAsSingle" computerName="ANAXIMANDER" duration="00:00:00" startTime="0001-01-01T09:30:00.0000000+09:30" endTime="2011-07-21T01:04:03.1397500+09:30" testType="f3589083-259c-4054-87f7-75cdad4b08e5" outcome="Error" testListId="8c84fa94-04c1-424b-9868-57a2d4851a1d">
    </GallioTestResult>
    <GallioTestResult executionId="b7ea98bd-48d5-4f76-99c8-f3d2edf1ab21" testId="38303964-3261-3238-3639-396434363530" testName="Exec_SimpleJoin" computerName="ANAXIMANDER" duration="00:00:00" startTime="0001-01-01T09:30:00.0000000+09:30" endTime="2011-07-21T01:04:03.1397500+09:30" testType="f3589083-259c-4054-87f7-75cdad4b08e5" outcome="Error" testListId="8c84fa94-04c1-424b-9868-57a2d4851a1d">
    </GallioTestResult>
    <GallioTestResult executionId="c6c236c8-66b8-4dde-971f-c43ea51bf10a" testId="33313464-3739-3136-3835-336637666364" testName="Exec_SimpleJoin2" computerName="ANAXIMANDER" duration="00:00:00" startTime="0001-01-01T09:30:00.0000000+09:30" endTime="2011-07-21T01:04:03.1553750+09:30" testType="f3589083-259c-4054-87f7-75cdad4b08e5" outcome="Error" testListId="8c84fa94-04c1-424b-9868-57a2d4851a1d">
    </GallioTestResult>
    <GallioTestResult executionId="3459172a-6d63-4157-a64e-fd9c83fed076" testId="64346136-3733-3261-6430-663264383133" testName="Exec_SimpleWhere2" computerName="ANAXIMANDER" duration="00:00:00" startTime="0001-01-01T09:30:00.0000000+09:30" endTime="2011-07-21T01:04:03.1553750+09:30" testType="f3589083-259c-4054-87f7-75cdad4b08e5" outcome="Error" testListId="8c84fa94-04c1-424b-9868-57a2d4851a1d">
    </GallioTestResult>
    <GallioTestResult executionId="b5152c52-2b6d-4222-9af0-37c6aebc4d55" testId="35343664-6231-3462-6661-626362633238" testName="Exec_SimpleWhereAnd" computerName="ANAXIMANDER" duration="00:00:00" startTime="0001-01-01T09:30:00.0000000+09:30" endTime="2011-07-21T01:04:03.1710000+09:30" testType="f3589083-259c-4054-87f7-75cdad4b08e5" outcome="Error" testListId="8c84fa94-04c1-424b-9868-57a2d4851a1d">
    </GallioTestResult>
    <GallioTestResult executionId="5b95a225-308a-4651-8536-0e0b46a41d47" testId="62323331-3432-6163-3335-643137386336" testName="Exec_Collection_JoinedWithLike_Typed" computerName="ANAXIMANDER" duration="00:00:00" startTime="0001-01-01T09:30:00.0000000+09:30" endTime="2011-07-21T01:04:03.1710000+09:30" testType="f3589083-259c-4054-87f7-75cdad4b08e5" outcome="Error" testListId="8c84fa94-04c1-424b-9868-57a2d4851a1d">
    </GallioTestResult>
    <GallioTestResult executionId="b88be9dd-ed36-4027-8ffc-3924eb5b0fad" testId="35613566-6134-6566-6133-383662393731" testName="Exec_SimpleAnd2" computerName="ANAXIMANDER" duration="00:00:00" startTime="0001-01-01T09:30:00.0000000+09:30" endTime="2011-07-21T01:04:03.1866250+09:30" testType="f3589083-259c-4054-87f7-75cdad4b08e5" outcome="Error" testListId="8c84fa94-04c1-424b-9868-57a2d4851a1d">
    </GallioTestResult>
    <GallioTestResult executionId="dd3add89-1c94-41a9-a296-3bfa4ca48c32" testId="36306336-6139-3737-6334-363030323636" testName="Exec_SimpleAnd3" computerName="ANAXIMANDER" duration="00:00:00" startTime="0001-01-01T09:30:00.0000000+09:30" endTime="2011-07-21T01:04:03.2022500+09:30" testType="f3589083-259c-4054-87f7-75cdad4b08e5" outcome="Error" testListId="8c84fa94-04c1-424b-9868-57a2d4851a1d">
    </GallioTestResult>
    <GallioTestResult executionId="7faee992-da1f-40fe-ad23-5f84ff8d363f" testId="63363761-3263-6161-3739-303965656632" testName="Exec_PagedViewJoined" computerName="ANAXIMANDER" duration="00:00:00" startTime="0001-01-01T09:30:00.0000000+09:30" endTime="2011-07-21T01:04:03.2022500+09:30" testType="f3589083-259c-4054-87f7-75cdad4b08e5" outcome="Error" testListId="8c84fa94-04c1-424b-9868-57a2d4851a1d">
    </GallioTestResult>
    <GallioTestResult executionId="9e424bc4-84c6-41cc-97d6-cb499567b151" testId="63613438-6361-3366-3466-383238366461" testName="Exec_SimpleAnd" computerName="ANAXIMANDER" duration="00:00:00" startTime="0001-01-01T09:30:00.0000000+09:30" endTime="2011-07-21T01:04:03.2178750+09:30" testType="f3589083-259c-4054-87f7-75cdad4b08e5" outcome="Error" testListId="8c84fa94-04c1-424b-9868-57a2d4851a1d">
    </GallioTestResult>
    <GallioTestResult executionId="073e38ce-b8ee-491a-8be4-bf2df9f8a339" testId="38666233-6639-6231-3061-623439316639" testName="Exec_MultipleInWithAnd" computerName="ANAXIMANDER" duration="00:00:00" startTime="0001-01-01T09:30:00.0000000+09:30" endTime="2011-07-21T01:04:03.2178750+09:30" testType="f3589083-259c-4054-87f7-75cdad4b08e5" outcome="Error" testListId="8c84fa94-04c1-424b-9868-57a2d4851a1d">
    </GallioTestResult>
    <GallioTestResult executionId="f6ae253e-862f-4102-bdf1-f0bcdea040a0" testId="35316161-3666-3033-3062-653030343839" testName="Exec_SimpleOr" computerName="ANAXIMANDER" duration="00:00:00" startTime="0001-01-01T09:30:00.0000000+09:30" endTime="2011-07-21T01:04:03.2335000+09:30" testType="f3589083-259c-4054-87f7-75cdad4b08e5" outcome="Error" testListId="8c84fa94-04c1-424b-9868-57a2d4851a1d">
    </GallioTestResult>
    <GallioTestResult executionId="bc16ca0f-2016-4f80-923d-2d1787d1601e" testId="39346363-3736-6163-3366-346132633032" testName="Exec_SimpleIn" computerName="ANAXIMANDER" duration="00:00:00" startTime="0001-01-01T09:30:00.0000000+09:30" endTime="2011-07-21T01:04:03.2335000+09:30" testType="f3589083-259c-4054-87f7-75cdad4b08e5" outcome="Error" testListId="8c84fa94-04c1-424b-9868-57a2d4851a1d">
    </GallioTestResult>
    <GallioTestResult executionId="f7295e6c-ea6e-4920-8d58-55b37d16f0a9" testId="34336462-3438-3630-6161-663161366330" testName="Exec_InWithSelect" computerName="ANAXIMANDER" duration="00:00:00" startTime="0001-01-01T09:30:00.0000000+09:30" endTime="2011-07-21T01:04:03.2491250+09:30" testType="f3589083-259c-4054-87f7-75cdad4b08e5" outcome="Error" testListId="8c84fa94-04c1-424b-9868-57a2d4851a1d">
    </GallioTestResult>
    <GallioTestResult executionId="ec76c61c-0712-4523-aaf1-6bf67fc4a9ec" testId="33346664-6430-3561-6536-386432363330" testName="Exec_PagedView" computerName="ANAXIMANDER" duration="00:00:00" startTime="0001-01-01T09:30:00.0000000+09:30" endTime="2011-07-21T01:04:03.2491250+09:30" testType="f3589083-259c-4054-87f7-75cdad4b08e5" outcome="Error" testListId="8c84fa94-04c1-424b-9868-57a2d4851a1d">
    </GallioTestResult>
    <GallioTestResult executionId="3ef08860-b333-4806-aaa8-f44aa9c18743" testId="64326135-6137-3231-3531-306463363563" testName="Exec_DistinctTypedList" computerName="ANAXIMANDER" duration="00:00:00" startTime="0001-01-01T09:30:00.0000000+09:30" endTime="2011-07-21T01:04:03.2647500+09:30" testType="f3589083-259c-4054-87f7-75cdad4b08e5" outcome="Error" testListId="8c84fa94-04c1-424b-9868-57a2d4851a1d">
    </GallioTestResult>
    <GallioTestResult executionId="9e174c03-dcfd-4b30-9791-2835e4748c5d" testId="64326236-6334-3932-6531-316632643461" testName="Exec_DistinctWithWhere" computerName="ANAXIMANDER" duration="00:00:00" startTime="0001-01-01T09:30:00.0000000+09:30" endTime="2011-07-21T01:04:03.2803750+09:30" testType="f3589083-259c-4054-87f7-75cdad4b08e5" outcome="Error" testListId="8c84fa94-04c1-424b-9868-57a2d4851a1d">
    </GallioTestResult>
    <GallioTestResult executionId="10ccc703-312f-426f-aa35-e69ffbd9e26e" testId="32366538-3463-3039-3262-626666653561" testName="Exec_ExpressionSimpleOr" computerName="ANAXIMANDER" duration="00:00:00" startTime="0001-01-01T09:30:00.0000000+09:30" endTime="2011-07-21T01:04:03.2803750+09:30" testType="f3589083-259c-4054-87f7-75cdad4b08e5" outcome="Error" testListId="8c84fa94-04c1-424b-9868-57a2d4851a1d">
    </GallioTestResult>
    <GallioTestResult executionId="7b0767cc-7844-48fe-9f7a-870621633394" testId="33616639-6332-6434-3930-643139313339" testName="Exec_NestedExpression" computerName="ANAXIMANDER" duration="00:00:00" startTime="0001-01-01T09:30:00.0000000+09:30" endTime="2011-07-21T01:04:03.2960000+09:30" testType="f3589083-259c-4054-87f7-75cdad4b08e5" outcome="Error" testListId="8c84fa94-04c1-424b-9868-57a2d4851a1d">
    </GallioTestResult>
    <GallioTestResult executionId="150512c9-b8a7-4b74-b75f-758eaa4e6e21" testId="33363732-3061-3833-3533-633631353630" testName="Exec_PagedSimple" computerName="ANAXIMANDER" duration="00:00:00" startTime="0001-01-01T09:30:00.0000000+09:30" endTime="2011-07-21T01:04:03.2960000+09:30" testType="f3589083-259c-4054-87f7-75cdad4b08e5" outcome="Error" testListId="8c84fa94-04c1-424b-9868-57a2d4851a1d">
    </GallioTestResult>
    <GallioTestResult executionId="0d1b6a96-0e06-479e-b1a4-c361546b95ea" testId="35313865-3763-6234-3161-373232356432" testName="Exec_PagedJoined" computerName="ANAXIMANDER" duration="00:00:00" startTime="0001-01-01T09:30:00.0000000+09:30" endTime="2011-07-21T01:04:03.3116250+09:30" testType="f3589083-259c-4054-87f7-75cdad4b08e5" outcome="Error" testListId="8c84fa94-04c1-424b-9868-57a2d4851a1d">
    </GallioTestResult>
    <GallioTestResult executionId="6b6745c9-0020-4e03-89dd-f0c22c6e9d39" testId="36386466-6532-6531-6662-356363653432" testName="Exec_Distinct_JoinedWithLike" computerName="ANAXIMANDER" duration="00:00:00" startTime="0001-01-01T09:30:00.0000000+09:30" endTime="2011-07-21T01:04:03.3116250+09:30" testType="f3589083-259c-4054-87f7-75cdad4b08e5" outcome="Error" testListId="8c84fa94-04c1-424b-9868-57a2d4851a1d">
    </GallioTestResult>
    <GallioTestResult executionId="f8f750c7-27cb-4ad3-acb0-4af963d643d1" testId="61313562-3231-3037-3663-376531323837" testName="Exec_AggregateExpression" computerName="ANAXIMANDER" duration="00:00:00" startTime="0001-01-01T09:30:00.0000000+09:30" endTime="2011-07-21T01:04:03.3272500+09:30" testType="f3589083-259c-4054-87f7-75cdad4b08e5" outcome="Error" testListId="8c84fa94-04c1-424b-9868-57a2d4851a1d">
    </GallioTestResult>
    <GallioTestResult executionId="cd13341c-8222-4ede-98bf-bd8e1cf5cdfd" testId="65666138-3261-6361-6533-336432626335" testName="Exec_AggregateMax" computerName="ANAXIMANDER" duration="00:00:00" startTime="0001-01-01T09:30:00.0000000+09:30" endTime="2011-07-21T01:04:03.3272500+09:30" testType="f3589083-259c-4054-87f7-75cdad4b08e5" outcome="Error" testListId="8c84fa94-04c1-424b-9868-57a2d4851a1d">
    </GallioTestResult>
    <GallioTestResult executionId="eddcb101-26ba-414b-bbd8-486d2c67c169" testId="38313738-6631-3264-6537-326463316120" testName="Exec_AggregateAvg" computerName="ANAXIMANDER" duration="00:00:00" startTime="0001-01-01T09:30:00.0000000+09:30" endTime="2011-07-21T01:04:03.3428750+09:30" testType="f3589083-259c-4054-87f7-75cdad4b08e5" outcome="Error" testListId="8c84fa94-04c1-424b-9868-57a2d4851a1d">
    </GallioTestResult>
    <GallioTestResult executionId="295047da-dd41-4017-839e-c9a19fceaae3" testId="39623436-3736-6431-3432-616336323236" testName="Exec_AggregateExpression" computerName="ANAXIMANDER" duration="00:00:00" startTime="0001-01-01T09:30:00.0000000+09:30" endTime="2011-07-21T01:04:03.3585000+09:30" testType="f3589083-259c-4054-87f7-75cdad4b08e5" outcome="Error" testListId="8c84fa94-04c1-424b-9868-57a2d4851a1d">
    </GallioTestResult>
    <GallioTestResult executionId="d4cbeedc-2d33-4573-a849-d08961537dc2" testId="37316566-6237-3265-6362-333538653939" testName="Exec_AggregateMin" computerName="ANAXIMANDER" duration="00:00:00" startTime="0001-01-01T09:30:00.0000000+09:30" endTime="2011-07-21T01:04:03.3585000+09:30" testType="f3589083-259c-4054-87f7-75cdad4b08e5" outcome="Error" testListId="8c84fa94-04c1-424b-9868-57a2d4851a1d">
    </GallioTestResult>
    <GallioTestResult executionId="03c4b0b0-a3e7-4132-b5fa-afb8b6c4255b" testId="65653131-3862-3061-3665-366330313638" testName="Exec_AggregateWithWhereAndHaving" computerName="ANAXIMANDER" duration="00:00:00" startTime="0001-01-01T09:30:00.0000000+09:30" endTime="2011-07-21T01:04:03.3741250+09:30" testType="f3589083-259c-4054-87f7-75cdad4b08e5" outcome="Error" testListId="8c84fa94-04c1-424b-9868-57a2d4851a1d">
    </GallioTestResult>
    <GallioTestResult executionId="9500122f-41bb-4956-b643-6f951ed42d90" testId="64303733-6365-6330-6261-356331396461" testName="Exec_AggregateWithWhereNotHaving" computerName="ANAXIMANDER" duration="00:00:00" startTime="0001-01-01T09:30:00.0000000+09:30" endTime="2011-07-21T01:04:03.3741250+09:30" testType="f3589083-259c-4054-87f7-75cdad4b08e5" outcome="Error" testListId="8c84fa94-04c1-424b-9868-57a2d4851a1d">
    </GallioTestResult>
    <GallioTestResult executionId="36b9d6f0-8234-48d7-ab84-b2040ccd39e9" testId="65323333-3864-3061-3536-343633333362" testName="Exec_AggregateStandardDeviation" computerName="ANAXIMANDER" duration="00:00:00" startTime="0001-01-01T09:30:00.0000000+09:30" endTime="2011-07-21T01:04:03.3897500+09:30" testType="f3589083-259c-4054-87f7-75cdad4b08e5" outcome="Error" testListId="8c84fa94-04c1-424b-9868-57a2d4851a1d">
    </GallioTestResult>
    <GallioTestResult executionId="845fe7bc-ed33-4f7e-a5a1-94d0a2616a94" testId="34386236-3432-3932-6464-396439356638" testName="Exec_SingleAggregateWithWhere" computerName="ANAXIMANDER" duration="00:00:00" startTime="0001-01-01T09:30:00.0000000+09:30" endTime="2011-07-21T01:04:03.3897500+09:30" testType="f3589083-259c-4054-87f7-75cdad4b08e5" outcome="Error" testListId="8c84fa94-04c1-424b-9868-57a2d4851a1d">
    </GallioTestResult>
    <GallioTestResult executionId="3e0fdcee-7316-4f92-a74a-06c1a1f750da" testId="32353765-6231-3463-3439-393632303965" testName="CodeGen2_RunViewTemplate" computerName="ANAXIMANDER" duration="00:00:00" startTime="0001-01-01T09:30:00.0000000+09:30" endTime="2011-07-21T01:04:03.4053750+09:30" testType="f3589083-259c-4054-87f7-75cdad4b08e5" outcome="Error" testListId="8c84fa94-04c1-424b-9868-57a2d4851a1d">
    </GallioTestResult>
    <GallioTestResult executionId="7a1cfc5d-6071-4e76-8b0c-85acb527a67c" testId="37333735-3233-6361-6262-363138316532" testName="CodeGen2_RunSPTemplate" computerName="ANAXIMANDER" duration="00:00:00" startTime="0001-01-01T09:30:00.0000000+09:30" endTime="2011-07-21T01:04:03.4053750+09:30" testType="f3589083-259c-4054-87f7-75cdad4b08e5" outcome="Error" testListId="8c84fa94-04c1-424b-9868-57a2d4851a1d">
    </GallioTestResult>
    <GallioTestResult executionId="c945e7c0-8cd5-4bbd-945d-7a2b0c7b601e" testId="36336261-6137-6536-3166-643033313466" testName="CodeGen2_RunClassTemplate" computerName="ANAXIMANDER" duration="00:00:00" startTime="0001-01-01T09:30:00.0000000+09:30" endTime="2011-07-21T01:04:03.4210000+09:30" testType="f3589083-259c-4054-87f7-75cdad4b08e5" outcome="Error" testListId="8c84fa94-04c1-424b-9868-57a2d4851a1d">
    </GallioTestResult>
    <GallioTestResult executionId="c4d00f9a-e13e-4814-ae4c-f7bbcb4063bb" testId="63633732-6263-3332-3161-306533353463" testName="CodeGen2_RunStructTemplate" computerName="ANAXIMANDER" duration="00:00:00" startTime="0001-01-01T09:30:00.0000000+09:30" endTime="2011-07-21T01:04:03.4366250+09:30" testType="f3589083-259c-4054-87f7-75cdad4b08e5" outcome="Error" testListId="8c84fa94-04c1-424b-9868-57a2d4851a1d">
    </GallioTestResult>
    <GallioTestResult executionId="aad64ffa-9362-4d89-aa01-9e43065b7ee8" testId="38333839-3261-3737-6139-393235656338" testName="CodeGen2_VBRunViewTemplate" computerName="ANAXIMANDER" duration="00:00:00" startTime="0001-01-01T09:30:00.0000000+09:30" endTime="2011-07-21T01:04:03.4366250+09:30" testType="f3589083-259c-4054-87f7-75cdad4b08e5" outcome="Error" testListId="8c84fa94-04c1-424b-9868-57a2d4851a1d">
    </GallioTestResult>
    <GallioTestResult executionId="b24ff179-b30e-4484-9854-ad1c28bee7ec" testId="66623762-6366-6333-3364-363462313964" testName="CodeGen2_VBRunStructTemplate" computerName="ANAXIMANDER" duration="00:00:00" startTime="0001-01-01T09:30:00.0000000+09:30" endTime="2011-07-21T01:04:03.4522500+09:30" testType="f3589083-259c-4054-87f7-75cdad4b08e5" outcome="Error" testListId="8c84fa94-04c1-424b-9868-57a2d4851a1d">
    </GallioTestResult>
    <GallioTestResult executionId="58152aec-7f50-4c42-b9bf-cdd70dd1a7f2" testId="62323438-3136-3134-3735-346265653764" testName="CodeGen2_VBRunClassTemplate" computerName="ANAXIMANDER" duration="00:00:00" startTime="0001-01-01T09:30:00.0000000+09:30" endTime="2011-07-21T01:04:03.4522500+09:30" testType="f3589083-259c-4054-87f7-75cdad4b08e5" outcome="Error" testListId="8c84fa94-04c1-424b-9868-57a2d4851a1d">
    </GallioTestResult>
    <GallioTestResult executionId="2c0dfdbc-3636-4ac0-a97a-c3336885b367" testId="33366439-6666-3362-6665-643834303438" testName="CodeGen2_VBRunSPTemplate" computerName="ANAXIMANDER" duration="00:00:00" startTime="0001-01-01T09:30:00.0000000+09:30" endTime="2011-07-21T01:04:03.4678750+09:30" testType="f3589083-259c-4054-87f7-75cdad4b08e5" outcome="Error" testListId="8c84fa94-04c1-424b-9868-57a2d4851a1d">
    </GallioTestResult>
    <GallioTestResult executionId="a57335d4-06bc-41ca-87eb-772f436c2fe7" testId="62326661-6139-3839-6662-376339613061" testName="Numbers_IsNumeric" computerName="ANAXIMANDER" duration="00:00:00" startTime="0001-01-01T09:30:00.0000000+09:30" endTime="2011-07-21T01:04:03.4678750+09:30" testType="f3589083-259c-4054-87f7-75cdad4b08e5" outcome="Error" testListId="8c84fa94-04c1-424b-9868-57a2d4851a1d">
    </GallioTestResult>
    <GallioTestResult executionId="ef1fa5b8-90c9-4f1f-aee1-50c4528be688" testId="37393663-3731-3462-6433-306432393261" testName="Dates_DaysAgo" computerName="ANAXIMANDER" duration="00:00:00" startTime="0001-01-01T09:30:00.0000000+09:30" endTime="2011-07-21T01:04:03.4835000+09:30" testType="f3589083-259c-4054-87f7-75cdad4b08e5" outcome="Error" testListId="8c84fa94-04c1-424b-9868-57a2d4851a1d">
    </GallioTestResult>
    <GallioTestResult executionId="7044132f-5e90-4991-bd92-514ec0f6a337" testId="66316439-6233-3234-3665-303833306430" testName="Numbers_IsInteger" computerName="ANAXIMANDER" duration="00:00:00" startTime="0001-01-01T09:30:00.0000000+09:30" endTime="2011-07-21T01:04:03.4991250+09:30" testType="f3589083-259c-4054-87f7-75cdad4b08e5" outcome="Error" testListId="8c84fa94-04c1-424b-9868-57a2d4851a1d">
    </GallioTestResult>
    <GallioTestResult executionId="9c7db4bc-6b79-40c6-b550-ac30dc956ee0" testId="30663364-3535-3030-3839-306465663034" testName="Validation_IsCreditCardAny" computerName="ANAXIMANDER" duration="00:00:00" startTime="0001-01-01T09:30:00.0000000+09:30" endTime="2011-07-21T01:04:03.4991250+09:30" testType="f3589083-259c-4054-87f7-75cdad4b08e5" outcome="Error" testListId="8c84fa94-04c1-424b-9868-57a2d4851a1d">
    </GallioTestResult>
    <GallioTestResult executionId="66855b36-1ee7-4f48-9fbb-53cb3440c334" testId="32623664-3734-3930-3832-303533313833" testName="Dates_ReadableDiff" computerName="ANAXIMANDER" duration="00:00:00" startTime="0001-01-01T09:30:00.0000000+09:30" endTime="2011-07-21T01:04:03.5147500+09:30" testType="f3589083-259c-4054-87f7-75cdad4b08e5" outcome="Error" testListId="8c84fa94-04c1-424b-9868-57a2d4851a1d">
    </GallioTestResult>
    <GallioTestResult executionId="90558edc-aa9a-45db-8d82-6cca00452b01" testId="62353634-6434-6134-6363-643338303036" testName="Strings_IsAlpha" computerName="ANAXIMANDER" duration="00:00:00" startTime="0001-01-01T09:30:00.0000000+09:30" endTime="2011-07-21T01:04:03.5147500+09:30" testType="f3589083-259c-4054-87f7-75cdad4b08e5" outcome="Error" testListId="8c84fa94-04c1-424b-9868-57a2d4851a1d">
    </GallioTestResult>
    <GallioTestResult executionId="49bf4b53-c0dd-4e9f-94f8-17ba84686cbb" testId="36386562-3232-3833-3039-363139303366" testName="CorrectSchemaLoad" computerName="ANAXIMANDER" duration="00:00:00" startTime="0001-01-01T09:30:00.0000000+09:30" endTime="2011-07-21T01:04:03.5303750+09:30" testType="f3589083-259c-4054-87f7-75cdad4b08e5" outcome="Error" testListId="8c84fa94-04c1-424b-9868-57a2d4851a1d">
    </GallioTestResult>
    <GallioTestResult executionId="b5f33133-1d89-4220-8980-955695657f46" testId="63313037-3864-3035-6661-363763366339" testName="Inline_Simple" computerName="ANAXIMANDER" duration="00:00:00" startTime="0001-01-01T09:30:00.0000000+09:30" endTime="2011-07-21T01:04:03.5303750+09:30" testType="f3589083-259c-4054-87f7-75cdad4b08e5" outcome="Error" testListId="8c84fa94-04c1-424b-9868-57a2d4851a1d">
    </GallioTestResult>
    <GallioTestResult executionId="77758d7e-2155-4e8e-b94e-c89158b3e0f1" testId="38353035-3032-3561-3837-346164363438" testName="Inline_AsCollection" computerName="ANAXIMANDER" duration="00:00:00" startTime="0001-01-01T09:30:00.0000000+09:30" endTime="2011-07-21T01:04:03.5460000+09:30" testType="f3589083-259c-4054-87f7-75cdad4b08e5" outcome="Error" testListId="8c84fa94-04c1-424b-9868-57a2d4851a1d">
    </GallioTestResult>
    <GallioTestResult executionId="01b955b2-3e74-4154-81b3-4452c86eff7e" testId="66383838-3033-3636-6564-326134626331" testName="Inline_WithCommands" computerName="ANAXIMANDER" duration="00:00:00" startTime="0001-01-01T09:30:00.0000000+09:30" endTime="2011-07-21T01:04:03.5616250+09:30" testType="f3589083-259c-4054-87f7-75cdad4b08e5" outcome="Error" testListId="8c84fa94-04c1-424b-9868-57a2d4851a1d">
    </GallioTestResult>
    <GallioTestResult executionId="9f9df6cd-a170-4e7a-bf9b-90f1c4f51e87" testId="31393134-3933-3434-3131-383438393639" testName="CreateTable_Should_Allow_Char3_As_PrimaryKey" computerName="ANAXIMANDER" duration="00:00:00" startTime="0001-01-01T09:30:00.0000000+09:30" endTime="2011-07-21T01:04:03.5616250+09:30" testType="f3589083-259c-4054-87f7-75cdad4b08e5" outcome="Error" testListId="8c84fa94-04c1-424b-9868-57a2d4851a1d">
    </GallioTestResult>
    <GallioTestResult executionId="67db07ef-e422-4256-a303-c23b97fc416d" testId="63626134-6462-3533-3539-366637373162" testName="MigrationMySql" computerName="ANAXIMANDER" duration="00:00:00" startTime="0001-01-01T09:30:00.0000000+09:30" endTime="2011-07-21T01:04:03.5772500+09:30" testType="f3589083-259c-4054-87f7-75cdad4b08e5" outcome="Error" testListId="8c84fa94-04c1-424b-9868-57a2d4851a1d">
    </GallioTestResult>
    <GallioTestResult executionId="2982fe59-e778-4365-bf15-13233b36eaf8" testId="35646136-3965-3537-6165-653038646466" testName="MigrationGenerateCreateTablesSql" computerName="ANAXIMANDER" duration="00:00:00" startTime="0001-01-01T09:30:00.0000000+09:30" endTime="2011-07-21T01:04:03.5772500+09:30" testType="f3589083-259c-4054-87f7-75cdad4b08e5" outcome="Error" testListId="8c84fa94-04c1-424b-9868-57a2d4851a1d">
    </GallioTestResult>
    <GallioTestResult executionId="43aa4d09-3cb3-47d5-a5c2-d9ec0137b7f6" testId="34616366-3861-3435-3333-396431376366" testName="Dual_ForeignKey_Relationships_ShouldBe_Possible_From_One_To_Many" computerName="ANAXIMANDER" duration="00:00:00" startTime="0001-01-01T09:30:00.0000000+09:30" endTime="2011-07-21T01:04:03.5928750+09:30" testType="f3589083-259c-4054-87f7-75cdad4b08e5" outcome="Error" testListId="8c84fa94-04c1-424b-9868-57a2d4851a1d">
    </GallioTestResult>
    <GallioTestResult executionId="b7e2a1fb-df82-4655-aeaa-23abd788db90" testId="65633137-6462-3838-3937-326131373064" testName="MigrateDownFromZero" computerName="ANAXIMANDER" duration="00:00:00" startTime="0001-01-01T09:30:00.0000000+09:30" endTime="2011-07-21T01:04:03.5928750+09:30" testType="f3589083-259c-4054-87f7-75cdad4b08e5" outcome="Error" testListId="8c84fa94-04c1-424b-9868-57a2d4851a1d">
    </GallioTestResult>
    <GallioTestResult executionId="1e7a968e-aa48-43e3-8879-db93fcf588a4" testId="36366462-3134-3737-3435-616563373831" testName="MigrateUpDownNegative1" computerName="ANAXIMANDER" duration="00:00:00" startTime="0001-01-01T09:30:00.0000000+09:30" endTime="2011-07-21T01:04:03.6085000+09:30" testType="f3589083-259c-4054-87f7-75cdad4b08e5" outcome="Error" testListId="8c84fa94-04c1-424b-9868-57a2d4851a1d">
    </GallioTestResult>
    <GallioTestResult executionId="ff35a983-8c55-4cfe-9164-089f38b29705" testId="63653937-6335-6339-3762-353031343164" testName="MigrationUpDown" computerName="ANAXIMANDER" duration="00:00:00" startTime="0001-01-01T09:30:00.0000000+09:30" endTime="2011-07-21T01:04:03.6085000+09:30" testType="f3589083-259c-4054-87f7-75cdad4b08e5" outcome="Error" testListId="8c84fa94-04c1-424b-9868-57a2d4851a1d">
    </GallioTestResult>
    <GallioTestResult executionId="3ce6c705-9a97-4a23-9291-d9cc93db8199" testId="39383931-6564-3631-6534-636461323662" testName="MigrationGenerateDropTablesSql" computerName="ANAXIMANDER" duration="00:00:00" startTime="0001-01-01T09:30:00.0000000+09:30" endTime="2011-07-21T01:04:03.6241250+09:30" testType="f3589083-259c-4054-87f7-75cdad4b08e5" outcome="Error" testListId="8c84fa94-04c1-424b-9868-57a2d4851a1d">
    </GallioTestResult>
    <GallioTestResult executionId="aee33686-f3a3-4a31-9fa1-adfe16d70e57" testId="34316366-3330-6262-6439-633231663236" testName="Migration_SQL_Generation_AddRemoveColumns" computerName="ANAXIMANDER" duration="00:00:00" startTime="0001-01-01T09:30:00.0000000+09:30" endTime="2011-07-21T01:04:03.6241250+09:30" testType="f3589083-259c-4054-87f7-75cdad4b08e5" outcome="Error" testListId="8c84fa94-04c1-424b-9868-57a2d4851a1d">
    </GallioTestResult>
    <GallioTestResult executionId="cc8df26d-3deb-4843-b30b-ae159105d52e" testId="62643163-6432-6534-3732-373534663263" testName="MigrationUpwithErrors" computerName="ANAXIMANDER" duration="00:00:00" startTime="0001-01-01T09:30:00.0000000+09:30" endTime="2011-07-21T01:04:03.6397500+09:30" testType="f3589083-259c-4054-87f7-75cdad4b08e5" outcome="Error" testListId="8c84fa94-04c1-424b-9868-57a2d4851a1d">
    </GallioTestResult>
    <GallioTestResult executionId="4c51c0d2-a921-4ebf-9ae4-03e346cdce3f" testId="38623836-6534-6631-3961-396332626338" testName="MigrationShouldExecMultipleMigrations" computerName="ANAXIMANDER" duration="00:00:00" startTime="0001-01-01T09:30:00.0000000+09:30" endTime="2011-07-21T01:04:03.6553750+09:30" testType="f3589083-259c-4054-87f7-75cdad4b08e5" outcome="Error" testListId="8c84fa94-04c1-424b-9868-57a2d4851a1d">
    </GallioTestResult>
    <GallioTestResult executionId="243a820a-a51a-4bb0-85b1-477f665b34dd" testId="65396239-3663-6464-3863-663138363236" testName="MigrationOnDispose" computerName="ANAXIMANDER" duration="00:00:00" startTime="0001-01-01T09:30:00.0000000+09:30" endTime="2011-07-21T01:04:03.6553750+09:30" testType="f3589083-259c-4054-87f7-75cdad4b08e5" outcome="Error" testListId="8c84fa94-04c1-424b-9868-57a2d4851a1d">
    </GallioTestResult>
    <GallioTestResult executionId="b9fc664d-93a1-4351-a50e-0378291e7330" testId="35616362-3936-3163-3764-373162386365" testName="MigrationExecute" computerName="ANAXIMANDER" duration="00:00:00" startTime="0001-01-01T09:30:00.0000000+09:30" endTime="2011-07-21T01:04:03.6710000+09:30" testType="f3589083-259c-4054-87f7-75cdad4b08e5" outcome="Error" testListId="8c84fa94-04c1-424b-9868-57a2d4851a1d">
    </GallioTestResult>
    <GallioTestResult executionId="f5fc8b3a-ad76-4e10-aaaa-508bb6828969" testId="66313439-3265-3065-6163-333132313165" testName="MigrationAlterColumn" computerName="ANAXIMANDER" duration="00:00:00" startTime="0001-01-01T09:30:00.0000000+09:30" endTime="2011-07-21T01:04:03.6710000+09:30" testType="f3589083-259c-4054-87f7-75cdad4b08e5" outcome="Error" testListId="8c84fa94-04c1-424b-9868-57a2d4851a1d">
    </GallioTestResult>
    <GallioTestResult executionId="ee1be037-caf9-4cb9-9392-f41bb825542e" testId="64626635-3033-3864-6433-633733306434" testName="MigrationAddRemoveColumns" computerName="ANAXIMANDER" duration="00:00:00" startTime="0001-01-01T09:30:00.0000000+09:30" endTime="2011-07-21T01:04:03.6866250+09:30" testType="f3589083-259c-4054-87f7-75cdad4b08e5" outcome="Error" testListId="8c84fa94-04c1-424b-9868-57a2d4851a1d">
    </GallioTestResult>
    <GallioTestResult executionId="73c388c8-7232-4856-b371-abf89943bdf7" testId="32656663-6139-3066-3038-373030393463" testName="MigrationShouldCreateAndDropTestTable" computerName="ANAXIMANDER" duration="00:00:00" startTime="0001-01-01T09:30:00.0000000+09:30" endTime="2011-07-21T01:04:03.6866250+09:30" testType="f3589083-259c-4054-87f7-75cdad4b08e5" outcome="Error" testListId="8c84fa94-04c1-424b-9868-57a2d4851a1d">
    </GallioTestResult>
  </Results>
</TestRun>